==== LHAPDF6 USING DEFAULT-TYPE LHAGLUE INTERFACE ====
LHAPDF 6.2.1 loading /cvmfs/cms.cern.ch/slc6_amd64_gcc481/external/lhapdf/6.2.1/share/LHAPDF/NNPDF31_nnlo_hessian_pdfas/NNPDF31_nnlo_hessian_pdfas_0000.dat
NNPDF31_nnlo_hessian_pdfas PDF set, member #0, version 1; LHAPDF ID = 306000
 A PDF is used, so alpha_s(MZ) is going to be modified
 Old value of alpha_s from param_card:   0.11799999999999999     
 New value of alpha_s from PDF lhapdf :  0.11800208008122040     
 using LHAPDF
 *****************************************************
 *               MadGraph/MadEvent                   *
 *        --------------------------------           *
 *          http://madgraph.hep.uiuc.edu             *
 *          http://madgraph.phys.ucl.ac.be           *
 *          http://madgraph.roma2.infn.it            *
 *        --------------------------------           *
 *                                                   *
 *          PARAMETER AND COUPLING VALUES            *
 *                                                   *
 *****************************************************

  External Params
  ---------------------------------
  
 MU_R =    91.188000000000002     
 aEWM1 =    132.50700000000001     
 mdl_Gf =    1.1663900000000000E-005
 aS =   0.11799999999999999     
 mdl_lamWS =   0.22530000000000000     
 mdl_AWS =   0.80800000000000005     
 mdl_rhoWS =   0.13200000000000001     
 mdl_etaWS =   0.34100000000000003     
 mdl_ymt =    173.00000000000000     
 mdl_ymtau =    1.7769999999999999     
 mdl_MT =    173.00000000000000     
 mdl_MZ =    91.188000000000002     
 mdl_MH =    125.00000000000000     
 mdl_MTA =    1.7769999999999999     
 mdl_WT =    1.4915000000000000     
 mdl_WZ =    2.4414039999999999     
 mdl_WW =    2.0476000000000001     
 mdl_WH =    6.3823389999999999E-003
  Internal Params
  ---------------------------------
  
 mdl_CKM33 =    1.0000000000000000     
 mdl_conjg__CKM3x3 =    1.0000000000000000     
 mdl_I4x33 =    0.0000000000000000     
 mdl_I1x33 =    0.0000000000000000     
 mdl_lhv =    1.0000000000000000     
 mdl_CKM3x3 =    1.0000000000000000     
 mdl_conjg__CKM33 =    1.0000000000000000     
 mdl_Ncol =    3.0000000000000000     
 mdl_CA =    3.0000000000000000     
 mdl_TF =   0.50000000000000000     
 mdl_CF =    1.3333333333333333     
 mdl_lamWS__exp__2 =    5.0760090000000001E-002
 mdl_CKM11 =  ( 0.97461995499999998     ,  0.0000000000000000     )
 mdl_CKM12 =  ( 0.22530000000000000     ,  0.0000000000000000     )
 mdl_complexi =  (  0.0000000000000000     ,  1.0000000000000000     )
 mdl_lamWS__exp__3 =    1.1436248277000001E-002
 mdl_CKM13 =  (  1.2197444962317122E-003, -3.1510066152652563E-003)
 mdl_CKM21 =  (-0.22530000000000000     ,  0.0000000000000000     )
 mdl_CKM22 =  ( 0.97461995499999998     ,  0.0000000000000000     )
 mdl_CKM23 =  (  4.1014152720000002E-002,  0.0000000000000000     )
 mdl_CKM31 =  (  8.0207441115842885E-003, -3.1510066152652563E-003)
 mdl_CKM32 =  ( -4.1014152720000002E-002,  0.0000000000000000     )
 mdl_MZ__exp__2 =    8315.2513440000002     
 mdl_MZ__exp__4 =    69143404.913893804     
 mdl_sqrt__2 =    1.4142135623730951     
 mdl_MH__exp__2 =    15625.000000000000     
 mdl_CKM1x1 =  ( 0.97461995499999998     ,  0.0000000000000000     )
 mdl_CKM1x2 =  ( 0.22530000000000000     ,  0.0000000000000000     )
 mdl_CKM1x3 =  (  1.2197444962317122E-003, -3.1510066152652563E-003)
 mdl_CKM2x1 =  (-0.22530000000000000     ,  0.0000000000000000     )
 mdl_CKM2x2 =  ( 0.97461995499999998     ,  0.0000000000000000     )
 mdl_CKM2x3 =  (  4.1014152720000002E-002,  0.0000000000000000     )
 mdl_CKM3x1 =  (  8.0207441115842885E-003, -3.1510066152652563E-003)
 mdl_CKM3x2 =  ( -4.1014152720000002E-002,  0.0000000000000000     )
 mdl_conjg__CKM1x3 =  (  1.2197444962317122E-003,  3.1510066152652563E-003)
 mdl_conjg__CKM2x3 =  (  4.1014152720000002E-002, -0.0000000000000000     )
 mdl_conjg__CKM2x1 =  (-0.22530000000000000     , -0.0000000000000000     )
 mdl_conjg__CKM3x1 =  (  8.0207441115842885E-003,  3.1510066152652563E-003)
 mdl_conjg__CKM2x2 =  ( 0.97461995499999998     , -0.0000000000000000     )
 mdl_conjg__CKM3x2 =  ( -4.1014152720000002E-002, -0.0000000000000000     )
 mdl_Ncol__exp__2 =    9.0000000000000000     
 mdl_MT__exp__2 =    29929.000000000000     
 mdl_conjg__CKM11 =  ( 0.97461995499999998     , -0.0000000000000000     )
 mdl_conjg__CKM12 =  ( 0.22530000000000000     , -0.0000000000000000     )
 mdl_conjg__CKM13 =  (  1.2197444962317122E-003,  3.1510066152652563E-003)
 mdl_conjg__CKM21 =  (-0.22530000000000000     , -0.0000000000000000     )
 mdl_conjg__CKM22 =  ( 0.97461995499999998     , -0.0000000000000000     )
 mdl_conjg__CKM23 =  (  4.1014152720000002E-002, -0.0000000000000000     )
 mdl_conjg__CKM31 =  (  8.0207441115842885E-003,  3.1510066152652563E-003)
 mdl_conjg__CKM32 =  ( -4.1014152720000002E-002, -0.0000000000000000     )
 mdl_aEW =    7.5467711139788835E-003
 mdl_MW =    80.419002445756163     
 mdl_sqrt__aEW =    8.6872153846781555E-002
 mdl_ee =   0.30795376724436879     
 mdl_MW__exp__2 =    6467.2159543705357     
 mdl_sw2 =   0.22224648578577766     
 mdl_cw =   0.88190334743339216     
 mdl_sqrt__sw2 =   0.47143025548407230     
 mdl_sw =   0.47143025548407230     
 mdl_g1 =   0.34919219678733299     
 mdl_gw =   0.65323293034757990     
 mdl_v =    246.21845810181637     
 mdl_v__exp__2 =    60623.529110035903     
 mdl_lam =   0.12886910601690263     
 mdl_yt =   0.99366614581500623     
 mdl_ytau =    1.0206617000654717E-002
 mdl_muH =    88.388347648318430     
 mdl_AxialZUp =  -0.18517701861793787     
 mdl_AxialZDown =   0.18517701861793787     
 mdl_VectorZUp =    7.5430507588273299E-002
 mdl_VectorZDown =  -0.13030376310310560     
 mdl_VectorAUp =   0.20530251149624587     
 mdl_VectorADown =  -0.10265125574812294     
 mdl_VectorWmDxU =   0.23095271737156670     
 mdl_AxialWmDxU =  -0.23095271737156670     
 mdl_VectorWpUxD =   0.23095271737156670     
 mdl_AxialWpUxD =  -0.23095271737156670     
 mdl_I2x13 =  (  7.9699418879263656E-003,  3.1310485988282153E-003)
 mdl_I2x23 =  ( -4.0754375057150453E-002, -0.0000000000000000     )
 mdl_I2x33 =  ( 0.99366614581500623     ,  0.0000000000000000     )
 mdl_I3x31 =  (  7.9699418879263656E-003, -3.1310485988282153E-003)
 mdl_I3x32 =  ( -4.0754375057150453E-002,  0.0000000000000000     )
 mdl_I3x33 =  ( 0.99366614581500623     ,  0.0000000000000000     )
 mdl_Vector_tdGp =  ( -7.9699418879263656E-003, -3.1310485988282153E-003)
 mdl_Vector_tsGp =  (  4.0754375057150453E-002,  0.0000000000000000     )
 mdl_Vector_tbGp =  (-0.99366614581500623     ,  0.0000000000000000     )
 mdl_Axial_tdGp =  ( -7.9699418879263656E-003, -3.1310485988282153E-003)
 mdl_Axial_tsGp =  (  4.0754375057150453E-002,  0.0000000000000000     )
 mdl_Axial_tbGp =  (-0.99366614581500623     , -0.0000000000000000     )
 mdl_Vector_tdGm =  (  7.9699418879263656E-003, -3.1310485988282153E-003)
 mdl_Vector_tsGm =  ( -4.0754375057150453E-002,  0.0000000000000000     )
 mdl_Vector_tbGm =  ( 0.99366614581500623     ,  0.0000000000000000     )
 mdl_Axial_tdGm =  ( -7.9699418879263656E-003,  3.1310485988282153E-003)
 mdl_Axial_tsGm =  (  4.0754375057150453E-002, -0.0000000000000000     )
 mdl_Axial_tbGm =  (-0.99366614581500623     ,  0.0000000000000000     )
 mdl_gw__exp__2 =   0.42671326129048615     
 mdl_cw__exp__2 =   0.77775351421422245     
 mdl_ee__exp__2 =    9.4835522759998875E-002
 mdl_sw__exp__2 =   0.22224648578577769     
 mdl_yt__exp__2 =   0.98737240933884918     
  Internal Params evaluated point by point
  ----------------------------------------
  
 mdl_sqrt__aS =   0.34351128074635334     
 mdl_G__exp__4 =    2.1987899468922913     
 mdl_G__exp__2 =    1.4828317324943823     
 mdl_R2MixedFactor_FIN_ =   -2.5040377713124864E-002
 mdl_G_UVg_1EPS_ =   -5.1645779033320030E-002
 mdl_G_UVq_1EPS_ =    3.1300472141406080E-003
 mdl_G_UVb_1EPS_ =    3.1300472141406080E-003
 mdl_GWcft_UV_t_1EPS_ =   -3.1300472141406080E-003
 mdl_tWcft_UV_1EPS_ =   -1.8780283284843650E-002
 mdl_G__exp__3 =    1.8056676068262196     
 mdl_MU_R__exp__2 =    8315.2513440000002     
 mdl_G_UVt_FIN_ =   -4.0087659331150384E-003
 mdl_GWcft_UV_t_FIN_ =    4.0087659331150384E-003
 mdl_tWcft_UV_FIN_ =   -9.8778211443463623E-004
  Couplings of loop_sm-ckm_no_b_mass
  ---------------------------------
  
       UV_3Gt =   0.48815E-02   0.00000E+00
      UV_GQQt =   0.00000E+00  -0.48815E-02
   UVWfct_G_2 =   0.40088E-02   0.00000E+00
       R2_DDA =   0.00000E+00   0.25704E-02
       R2_UUA =  -0.00000E+00  -0.51409E-02
    R2_DDZ_V2 =   0.00000E+00   0.72127E-02
    R2_UUZ_V2 =  -0.00000E+00  -0.72127E-02
    R2_UUZ_V5 =   0.00000E+00   0.68702E-03
      R2_GGHt =   0.00000E+00  -0.45657E+01
     R2_GGZup =  -0.46369E-02   0.00000E+00
   R2_GGZdown =   0.46369E-02   0.00000E+00
 R2_GGGZvecUp =   0.00000E+00   0.28750E-03
 R2_GGGZvecDown  -0.00000E+00  -0.49665E-03
 R2_GGGZaxialUp  -0.00000E+00  -0.63522E-02
 R2_GGGZaxialDow  0.00000E+00   0.63522E-02
 R2_GGGAvecUp =   0.00000E+00   0.78251E-03
 R2_GGGAvecDown  -0.00000E+00  -0.39126E-03
         GC_4 =  -0.12177E+01   0.00000E+00
         GC_5 =   0.00000E+00   0.12177E+01
         GC_6 =   0.00000E+00   0.14828E+01
       R2_3Gq =   0.76230E-02   0.00000E+00
       R2_3Gg =   0.31445E-01   0.00000E+00
       R2_GQQ =  -0.00000E+00  -0.30492E-01
       R2_GGq =   0.00000E+00   0.62601E-02
       R2_GGt =  -0.00000E+00  -0.11242E+04
     R2_GGg_1 =   0.00000E+00   0.28170E-01
     R2_GGg_2 =  -0.00000E+00  -0.18780E-01
       R2_QQq =   0.00000E+00   0.12520E-01
  UV_3Gg_1eps =   0.62890E-01   0.00000E+00
  UV_3Gb_1eps =  -0.38115E-02   0.00000E+00
 UV_GQQg_1eps =   0.00000E+00  -0.62890E-01
 UV_GQQq_1eps =   0.00000E+00   0.38115E-02
 UVWfct_G_2_1eps -0.31300E-02   0.00000E+00
         GC_1 =  -0.00000E+00  -0.10265E+00
         GC_2 =   0.00000E+00   0.20530E+00
        GC_21 =  -0.00000E+00  -0.28804E+00
        GC_22 =   0.00000E+00   0.28804E+00
        GC_23 =  -0.00000E+00  -0.27437E-01
        GC_24 =   0.00000E+00   0.82310E-01
        GC_37 =  -0.00000E+00  -0.70263E+00
        GC_38 =  -0.00000E+00  -0.72172E-02
      GC_1003 =  -0.00000E+00  -0.30795E+00

 Collider parameters:
 --------------------

 Running at P P   machine @    13000.000000000000       GeV
 PDF set = lhapdf 
 alpha_s(Mz)= 0.1180 running at 3 loops.
 alpha_s(Mz)= 0.1180 running at 3 loops.
 Renormalization scale set on event-by-event basis
 Factorization   scale set on event-by-event basis


 ===============================================================
 INFO: MadFKS read these parameters from FKS_params.dat
 ===============================================================
  > IRPoleCheckThreshold      =    1.0000000000000001E-005
  > PrecisionVirtualAtRunTime =    1.0000000000000000E-003
  > NHelForMCoverHels         =            4
  > VirtualFraction           =    1.0000000000000000     
  > MinVirtualFraction        =    5.0000000000000001E-003
 ===============================================================
  Insert the number of points to test
 Insert the relative tolerance
  A negative number will mean use the default one:    1.0000000000000001E-005
Using random seed offsets:     0 ,     20 ,      0
  with seed                   32
 Ranmar initialization seeds       10729        9426
  ========================================================================================== 
 {                                                                                          }
 {       [32m                                                                            [0m       }
 {       [32m                               ,,                                           [0m       }
 {       [32m`7MMM.     ,MMF'             `7MM  `7MMF'                                   [0m       }
 {       [32m  MMMb    dPMM                 MM    MM                                     [0m       }
 {       [32m  M YM   ,M MM   ,6"Yb.   ,M""bMM    MM         ,pW"Wq.   ,pW"Wq.`7MMpdMAo. [0m       }
 {       [32m  M  Mb  M' MM  8)   MM ,AP    MM    MM        6W'   `Wb 6W'   `Wb MM   `Wb [0m       }
 {       [32m  M  YM.P'  MM   ,pm9MM 8MI    MM    MM      , 8M     M8 8M     M8 MM    M8 [0m       }
 {       [32m  M  `YM'   MM  8M   MM `Mb    MM    MM     ,M YA.   ,A9 YA.   ,A9 MM   ,AP [0m       }
 {       [32m.JML. `'  .JMML.`Moo9^Yo.`Wbmd"MML..JMMmmmmMMM  `Ybmd9'   `Ybmd9'  MMbmmd'  [0m       }
 {       [32m                                                                   MM       [0m       }
 {       [32m                                                                 .JMML.     [0m       }
 {       [32m[0mv2.4.2 (2016-06-10), Ref: arXiv:1103.0621v2, arXiv:1405.0301[32m                [0m       }
 {       [32m                                                                            [0m       }
 {                                                                                          }
  ========================================================================================== 
 ===============================================================
 INFO: MadLoop read these parameters from ./MadLoop5_resources/MadLoopParams.dat                                                                                                                                                                                                                                                                                                                                                                                                                                                                                          
 ===============================================================
  > MLReductionLib            = 6|1|2
  > IREGIMODE                 =            2
  > IREGIRECY                 =  T
  > CTModeRun                 =           -1
  > MLStabThres               =    1.0000000000000000E-003
  > NRotations_DP             =            1
  > NRotations_QP             =            0
  > CTStabThres               =    1.0000000000000000E-002
  > CTLoopLibrary             =            2
  > CTModeInit                =            1
  > CheckCycle                =            3
  > MaxAttempts               =           10
  > UseLoopFilter             =  F
  > HelicityFilterLevel       =            2
  > ImprovePSPoint            =            2
  > DoubleCheckHelicityFilter =  T
  > LoopInitStartOver         =  F
  > HelInitStartOver          =  F
  > ZeroThres                 =    1.0000000000000001E-009
  > OSThres                   =    1.0000000000000000E-008
  > WriteOutFilters           =  T
  > UseQPIntegrandForNinja    =  F
  > UseQPIntegrandForCutTools =  T
 ===============================================================
  
------------------------------------------------------------------------
|              You are using CutTools - Version 1.9.3                  |
|              Authors: G. Ossola, C. Papadopoulos, R. Pittau          |
|              Published in JHEP 0803:042,2008                         |
|              http://www.ugr.es/~pittau/CutTools                      |
|                                                                      |
|              Compiler with  34  significant digits detetected        |
 ---------------------------------------------------------------------- 
   
########################################################################
#                                                                      #
#                      You are using OneLOop-3.6                       #
#                                                                      #
# for the evaluation of 1-loop scalar 1-, 2-, 3- and 4-point functions #
#                                                                      #
# author: Andreas van Hameren <hamerenREMOVETHIS@ifj.edu.pl>           #
#   date: 18-02-2015                                                   #
#                                                                      #
# Please cite                                                          #
#    A. van Hameren,                                                   #
#      Comput.Phys.Commun. 182 (2011) 2427-2438, arXiv:1007.4716       #
#    A. van Hameren, C.G. Papadopoulos and R. Pittau,                  #
#      JHEP 0909:106,2009, arXiv:0903.4665                             #
# in publications with results obtained with the help of this program. #
#                                                                      #
########################################################################
 PASSED   1.0000000000000001E-005
 MU_R    =    325.00000000000000     
 ALPHA_S =   0.11799999999999999     
 BORN                    5.6055272206068695E-006
 SINGLE POLE (MadFKS)   -1.0803648366272423E-006
 DOUBLE POLE (MadFKS)   -5.9654920526209582E-007
 SINGLE POLE (MadLoop)  -1.0803648366272344E-006
 DOUBLE POLE (MadLoop)  -5.9654920526209011E-007
 FINITE PART (MadLoop)   3.8187250318779821E-007
   325.00000000000000        0.0000000000000000        0.0000000000000000        325.00000000000000        0.0000000000000000     
   325.00000000000000        0.0000000000000000        0.0000000000000000       -325.00000000000000        0.0000000000000000     
   208.28407079829609       -17.392506886012576        19.350783480795346        206.64497163543317        1.7769999999999999     
   135.79793999454881       -88.232889149304086       -69.853083097485140        75.983069376707746        1.7769999999999999     
   305.91798920715911        105.62539603531667        50.502299616689939       -282.62804101214050        0.0000000000000000     

 PASSED   1.0000000000000001E-005
 MU_R    =    325.00000000000000     
 ALPHA_S =   0.11799999999999999     
 BORN                    1.3790092722076283E-006
 SINGLE POLE (MadFKS)   -2.6329541834019091E-007
 DOUBLE POLE (MadFKS)   -1.4675638044541685E-007
 SINGLE POLE (MadLoop)  -2.6329541834018716E-007
 DOUBLE POLE (MadLoop)  -1.4675638044541431E-007
 FINITE PART (MadLoop)   1.6954776508918801E-007
   325.00000000000000        0.0000000000000000        0.0000000000000000        325.00000000000000        0.0000000000000000     
   325.00000000000000        0.0000000000000000        0.0000000000000000       -325.00000000000000        0.0000000000000000     
   241.22869533065926       -240.96066785077170       -10.939499119365141       -2.5317246808345262        1.7769999999999999     
   278.91231463804661        251.47367449150730       -107.55936697932390        54.597574492823320        1.7769999999999999     
   129.85899003129427       -10.513006640735588        118.49886609868905       -52.065849811988976        0.0000000000000000     

 PASSED   1.0000000000000001E-005
 MU_R    =    325.00000000000000     
 ALPHA_S =   0.11799999999999999     
 BORN                    2.6062758874191143E-006
 SINGLE POLE (MadFKS)   -5.2035292281490756E-007
 DOUBLE POLE (MadFKS)   -2.7736406374373332E-007
 SINGLE POLE (MadLoop)  -5.2035292281492535E-007
 DOUBLE POLE (MadLoop)  -2.7736406374373459E-007
 FINITE PART (MadLoop)   3.2617451034624178E-007
   325.00000000000000        0.0000000000000000        0.0000000000000000        325.00000000000000        0.0000000000000000     
   325.00000000000000        0.0000000000000000        0.0000000000000000       -325.00000000000000        0.0000000000000000     
   252.12342248430707       -235.37108829677510       -29.111382212614060       -85.533856781178613        1.7769999999999999     
   269.67331842363308        183.99741605692714        126.49356383915871        151.21134260450478        1.7769999999999999     
   128.20325909206005        51.373672239848055       -97.382181626544636       -65.677485823326165        0.0000000000000000     

 PASSED   1.0000000000000001E-005
 MU_R    =    325.00000000000000     
 ALPHA_S =   0.11799999999999999     
 BORN                    9.8950494365665387E-007
 SINGLE POLE (MadFKS)   -1.9129849863962841E-007
 DOUBLE POLE (MadFKS)   -1.0530470453720954E-007
 SINGLE POLE (MadLoop)  -1.9129849863963063E-007
 DOUBLE POLE (MadLoop)  -1.0530470453721083E-007
 FINITE PART (MadLoop)   1.0361230865389810E-007
   325.00000000000000        0.0000000000000000        0.0000000000000000        325.00000000000000        0.0000000000000000     
   325.00000000000000        0.0000000000000000        0.0000000000000000       -325.00000000000000        0.0000000000000000     
   299.71163606258739       -120.35103242943755        274.36359567123196        8.0095833745649099        1.7769999999999999     
   208.13254063036783        98.557507155105952       -159.96013304178473       -89.527483829701666        1.7769999999999999     
   142.15582330704513        21.793525274331603       -114.40346262944722        81.517900455136768        0.0000000000000000     

 PASSED   1.0000000000000001E-005
 MU_R    =    325.00000000000000     
 ALPHA_S =   0.11799999999999999     
 BORN                    1.6652982258514669E-006
 SINGLE POLE (MadFKS)   -1.3793188405149020E-007
 DOUBLE POLE (MadFKS)   -1.7722371046634916E-007
 SINGLE POLE (MadLoop)  -1.3793188405149057E-007
 DOUBLE POLE (MadLoop)  -1.7722371046635046E-007
 FINITE PART (MadLoop)   2.9595741969794479E-007
   325.00000000000000        0.0000000000000000        0.0000000000000000        325.00000000000000        0.0000000000000000     
   325.00000000000000        0.0000000000000000        0.0000000000000000       -325.00000000000000        0.0000000000000000     
   231.93842109704985        123.29928568477723       -191.82732395444029        42.330100237234433        1.7769999999999999     
   105.37987488885280       -24.136224104461157       -102.41619454998765       -5.4887232093248768        1.7769999999999999     
   312.68170401409731       -99.163061580315841        294.24351850442770       -36.841377027909573        0.0000000000000000     

 PASSED   1.0000000000000001E-005
 MU_R    =    325.00000000000000     
 ALPHA_S =   0.11799999999999999     
 BORN                    3.8549146107966980E-007
 SINGLE POLE (MadFKS)   -4.0911705352536282E-008
 DOUBLE POLE (MadFKS)   -4.1024620110132047E-008
 SINGLE POLE (MadLoop)  -4.0911705352552885E-008
 DOUBLE POLE (MadLoop)  -4.1024620110148492E-008
 FINITE PART (MadLoop)   6.0644510536340542E-008
   325.00000000000000        0.0000000000000000        0.0000000000000000        325.00000000000000        0.0000000000000000     
   325.00000000000000        0.0000000000000000        0.0000000000000000       -325.00000000000000        0.0000000000000000     
   236.63907110847859       -13.710554803661232       -235.97968497936643        10.977304318383693        1.7769999999999999     
   160.86251879926326        157.89529206890899        28.696774663829832       -10.916230659464443        1.7769999999999999     
   252.49841009225995       -144.18473726524778        207.28291031553658       -6.1073658919141495E-002   0.0000000000000000     

 PASSED   1.0000000000000001E-005
 MU_R    =    325.00000000000000     
 ALPHA_S =   0.11799999999999999     
 BORN                    5.2976212810874583E-005
 SINGLE POLE (MadFKS)   -1.8596849970883918E-005
 DOUBLE POLE (MadFKS)   -5.6378136090295311E-006
 SINGLE POLE (MadLoop)  -1.8596849970881241E-005
 DOUBLE POLE (MadLoop)  -5.6378136090290924E-006
 FINITE PART (MadLoop)  -1.3375688780662473E-005
   325.00000000000000        0.0000000000000000        0.0000000000000000        325.00000000000000        0.0000000000000000     
   325.00000000000000        0.0000000000000000        0.0000000000000000       -325.00000000000000        0.0000000000000000     
   266.21103673732802        183.40605725010658       -2.7270877329794927       -192.92469906217374        1.7769999999999999     
   177.49712724988314       -175.37184262515134       -24.855802081581633       -11.356864448500634        1.7769999999999999     
   206.29183601278973       -8.0342146249552648        27.582889814561234        204.28156351067432        0.0000000000000000     

 PASSED   1.0000000000000001E-005
 MU_R    =    325.00000000000000     
 ALPHA_S =   0.11799999999999999     
 BORN                    2.8527101488132255E-006
 SINGLE POLE (MadFKS)   -3.4925263872977031E-007
 DOUBLE POLE (MadFKS)   -3.0358999343747818E-007
 SINGLE POLE (MadLoop)  -3.4925263872977873E-007
 DOUBLE POLE (MadLoop)  -3.0358999343748538E-007
 FINITE PART (MadLoop)   2.3786907102490490E-007
   325.00000000000000        0.0000000000000000        0.0000000000000000        325.00000000000000        0.0000000000000000     
   325.00000000000000        0.0000000000000000        0.0000000000000000       -325.00000000000000        0.0000000000000000     
   252.72222006443664       -67.164747395863984        91.216407929724852       -225.90667634433808        1.7769999999999999     
   116.22191432424420       -57.197122641482274        88.430979742657627        49.120531587930422        1.7769999999999999     
   281.05586561132401        124.36187003734619       -179.64738767238273        176.78614475640748        0.0000000000000000     

 PASSED   1.0000000000000001E-005
 MU_R    =    325.00000000000000     
 ALPHA_S =   0.11799999999999999     
 BORN                    1.9605078038323218E-006
 SINGLE POLE (MadFKS)   -4.5803359051300607E-007
 DOUBLE POLE (MadFKS)   -2.0864038764933355E-007
 SINGLE POLE (MadLoop)  -4.5803359051300845E-007
 DOUBLE POLE (MadLoop)  -2.0864038764933468E-007
 FINITE PART (MadLoop)   1.5390729930957374E-007
   325.00000000000000        0.0000000000000000        0.0000000000000000        325.00000000000000        0.0000000000000000     
   325.00000000000000        0.0000000000000000        0.0000000000000000       -325.00000000000000        0.0000000000000000     
   305.05360966239067        286.46444994862259       -58.279148426497230        87.156220738221791        1.7769999999999999     
   211.71724040100526       -206.31586964579250        43.824133233359994        18.282216295135029        1.7769999999999999     
   133.22914993660430       -80.148580302830155        14.455015193137372       -105.43843703335682        0.0000000000000000     

 PASSED   1.0000000000000001E-005
 MU_R    =    325.00000000000000     
 ALPHA_S =   0.11799999999999999     
 BORN                    1.5895076003879299E-006
 SINGLE POLE (MadFKS)   -2.5047700477434300E-007
 DOUBLE POLE (MadFKS)   -1.6915795043928515E-007
 SINGLE POLE (MadLoop)  -2.5047700477434332E-007
 DOUBLE POLE (MadLoop)  -1.6915795043928573E-007
 FINITE PART (MadLoop)   2.2859897408224267E-007
   325.00000000000000        0.0000000000000000        0.0000000000000000        325.00000000000000        0.0000000000000000     
   325.00000000000000        0.0000000000000000        0.0000000000000000       -325.00000000000000        0.0000000000000000     
   144.99729778341083        12.788150676440424        126.51956045440926       -69.644257912557705        1.7769999999999999     
   324.96630107449613       -34.420568272340866       -284.98751069786528        152.30654067072535        1.7769999999999999     
   180.03640114209443        21.632417595900410        158.46795024345604       -82.662282758167791        0.0000000000000000     

 PASSED   1.0000000000000001E-005
 MU_R    =    325.00000000000000     
 ALPHA_S =   0.11799999999999999     
 BORN                    6.3365839079566051E-007
 SINGLE POLE (MadFKS)   -8.9467484136305520E-008
 DOUBLE POLE (MadFKS)   -6.7434943148110447E-008
 SINGLE POLE (MadLoop)  -8.9467484136303362E-008
 DOUBLE POLE (MadLoop)  -6.7434943148110024E-008
 FINITE PART (MadLoop)   9.8430514858054712E-008
   325.00000000000000        0.0000000000000000        0.0000000000000000        325.00000000000000        0.0000000000000000     
   325.00000000000000        0.0000000000000000        0.0000000000000000       -325.00000000000000        0.0000000000000000     
   317.92769805444630       -212.88014455853826        235.44273874617608       -17.989560462530513        1.7769999999999999     
   142.96188529489413        63.570840863573061       -126.24849851775301       -21.330910247377631        1.7769999999999999     
   189.11041665066108        149.30930369496537       -109.19424022842298        39.320470709908115        0.0000000000000000     

 PASSED   1.0000000000000001E-005
 MU_R    =    325.00000000000000     
 ALPHA_S =   0.11799999999999999     
 BORN                    4.8278764785721576E-006
 SINGLE POLE (MadFKS)   -1.1885926816475818E-006
 DOUBLE POLE (MadFKS)   -5.1379036494697155E-007
 SINGLE POLE (MadLoop)  -1.1885926816475960E-006
 DOUBLE POLE (MadLoop)  -5.1379036494697124E-007
 FINITE PART (MadLoop)   9.4541518562379067E-008
   325.00000000000000        0.0000000000000000        0.0000000000000000        325.00000000000000        0.0000000000000000     
   325.00000000000000        0.0000000000000000        0.0000000000000000       -325.00000000000000        0.0000000000000000     
   275.09158069794040        255.95947455942547        15.039573718101805       -99.653292206189121        1.7769999999999999     
   302.05818016445318       -280.18921158602200        53.662054959045250        99.249060668789213        1.7769999999999999     
   72.850239137606479        24.229737026596535       -68.701628677147085       0.40423153739988893        0.0000000000000000     

 PASSED   1.0000000000000001E-005
 MU_R    =    325.00000000000000     
 ALPHA_S =   0.11799999999999999     
 BORN                    3.0978248226880053E-006
 SINGLE POLE (MadFKS)   -2.5510759879302410E-007
 DOUBLE POLE (MadFKS)   -3.2967549050910732E-007
 SINGLE POLE (MadLoop)  -2.5510759879302108E-007
 DOUBLE POLE (MadLoop)  -3.2967549050910791E-007
 FINITE PART (MadLoop)   3.8964800430362522E-007
   325.00000000000000        0.0000000000000000        0.0000000000000000        325.00000000000000        0.0000000000000000     
   325.00000000000000        0.0000000000000000        0.0000000000000000       -325.00000000000000        0.0000000000000000     
   99.206567825836231        55.820259060500639        81.860247336699786        4.6673284837447602        1.7769999999999999     
   237.48790771517440       -53.423930342977158        229.95030293634619        25.808727750947714        1.7769999999999999     
   313.30552445898934       -2.3963287175234775       -311.81055027304603       -30.476056234692589        0.0000000000000000     

 PASSED   1.0000000000000001E-005
 MU_R    =    325.00000000000000     
 ALPHA_S =   0.11799999999999999     
 BORN                    2.7657686906253127E-006
 SINGLE POLE (MadFKS)   -5.5164669296452066E-007
 DOUBLE POLE (MadFKS)   -2.9433754389166863E-007
 SINGLE POLE (MadLoop)  -5.5164669296452479E-007
 DOUBLE POLE (MadLoop)  -2.9433754389167382E-007
 FINITE PART (MadLoop)   3.7042515211357585E-007
   325.00000000000000        0.0000000000000000        0.0000000000000000        325.00000000000000        0.0000000000000000     
   325.00000000000000        0.0000000000000000        0.0000000000000000       -325.00000000000000        0.0000000000000000     
   244.81349373638494       -188.83374499060585       -2.7097104462740877        155.77215158215921        1.7769999999999999     
   128.35654316290163        80.605901522397232       -18.553108126585396        98.136207703042288        1.7769999999999999     
   276.82996310071707        108.22784346820862        21.262818572859494       -253.90835928520150        0.0000000000000000     

 PASSED   1.0000000000000001E-005
 MU_R    =    325.00000000000000     
 ALPHA_S =   0.11799999999999999     
 BORN                    5.4075772849729214E-007
 SINGLE POLE (MadFKS)   -6.3351705768036549E-008
 DOUBLE POLE (MadFKS)   -5.7548305534670385E-008
 SINGLE POLE (MadLoop)  -6.3351705768041129E-008
 DOUBLE POLE (MadLoop)  -5.7548305534673085E-008
 FINITE PART (MadLoop)   7.4452122801724734E-008
   325.00000000000000        0.0000000000000000        0.0000000000000000        325.00000000000000        0.0000000000000000     
   325.00000000000000        0.0000000000000000        0.0000000000000000       -325.00000000000000        0.0000000000000000     
   196.50132780890578        105.89201069242952        156.96262353692106       -52.528382666748222        1.7769999999999999     
   220.24283618906907        121.52925469706864       -183.49546078991287        7.9878210969852024        1.7769999999999999     
   233.25583600202623       -227.42126538949819        26.532837252991840        44.540561569763007        0.0000000000000000     

 PASSED   1.0000000000000001E-005
 MU_R    =    325.00000000000000     
 ALPHA_S =   0.11799999999999999     
 BORN                    4.9491993221860830E-007
 SINGLE POLE (MadFKS)   -7.4242250384171784E-008
 DOUBLE POLE (MadFKS)   -5.2670173672159462E-008
 SINGLE POLE (MadLoop)  -7.4242250384171308E-008
 DOUBLE POLE (MadLoop)  -5.2670173672159435E-008
Thanks for using LHAPDF 6.2.1. Please make sure to cite the paper:
  Eur.Phys.J. C75 (2015) 3, 132  (http://arxiv.org/abs/1412.7420)
 FINITE PART (MadLoop)   5.2720037152110640E-008
   325.00000000000000        0.0000000000000000        0.0000000000000000        325.00000000000000        0.0000000000000000     
   325.00000000000000        0.0000000000000000        0.0000000000000000       -325.00000000000000        0.0000000000000000     
   305.47795924344030       -133.50320422123792       -17.174773275874504        274.21806556119122        1.7769999999999999     
   55.284176487348908       -36.951728051057785        2.8491237364966313       -40.983346969947981        1.7769999999999999     
   289.23786426921083        170.45493227229571        14.325649539377794       -233.23471859124328        0.0000000000000000     

 PASSED   1.0000000000000001E-005
 MU_R    =    325.00000000000000     
 ALPHA_S =   0.11799999999999999     
 BORN                    3.5164701089196056E-006
 SINGLE POLE (MadFKS)   -7.4741555157731184E-007
 DOUBLE POLE (MadFKS)   -3.7422839391310605E-007
 SINGLE POLE (MadLoop)  -7.4741555157732306E-007
 DOUBLE POLE (MadLoop)  -3.7422839391310684E-007
 FINITE PART (MadLoop)   3.2726870094123772E-007
   325.00000000000000        0.0000000000000000        0.0000000000000000        325.00000000000000        0.0000000000000000     
   325.00000000000000        0.0000000000000000        0.0000000000000000       -325.00000000000000        0.0000000000000000     
   298.92775031045898       -13.296979124693003       -247.98064060527858       -166.38339582970787        1.7769999999999999     
   239.35823480304282       -71.493985775050760        198.44886871607793        113.11880189576918        1.7769999999999999     
   111.71401488649829        84.790964899743756        49.531771889200634        53.264593933938698        0.0000000000000000     

 PASSED   1.0000000000000001E-005
 MU_R    =    325.00000000000000     
 ALPHA_S =   0.11799999999999999     
 BORN                    8.4630606253162168E-005
 SINGLE POLE (MadFKS)   -6.8225272141805173E-006
 DOUBLE POLE (MadFKS)   -9.0065249733471928E-006
 SINGLE POLE (MadLoop)  -6.8225272141807621E-006
 DOUBLE POLE (MadLoop)  -9.0065249733474012E-006
 FINITE PART (MadLoop)   1.0649983315203557E-005
   325.00000000000000        0.0000000000000000        0.0000000000000000        325.00000000000000        0.0000000000000000     
   325.00000000000000        0.0000000000000000        0.0000000000000000       -325.00000000000000        0.0000000000000000     
   137.01537292872098       -130.08158214042552       -19.560178222246392        38.291462567447077        1.7769999999999999     
   194.84971848363904       -183.14714564267285        66.040974288487519       -7.6790508607705235        1.7769999999999999     
   318.13490858764453        313.22872778309846       -46.480796066241147       -30.612411706676529        0.0000000000000000     

 PASSED   1.0000000000000001E-005
 MU_R    =    325.00000000000000     
 ALPHA_S =   0.11799999999999999     
 BORN                    1.1102037144305035E-006
 SINGLE POLE (MadFKS)   -2.4110587140412982E-007
 DOUBLE POLE (MadFKS)   -1.1814966147837960E-007
 SINGLE POLE (MadLoop)  -2.4110587140412114E-007
 DOUBLE POLE (MadLoop)  -1.1814966147837734E-007
 FINITE PART (MadLoop)   1.0346673347937411E-007
   325.00000000000000        0.0000000000000000        0.0000000000000000        325.00000000000000        0.0000000000000000     
   325.00000000000000        0.0000000000000000        0.0000000000000000       -325.00000000000000        0.0000000000000000     
   307.31862968442698        14.872541622882272        108.35147702580186        287.19391942399619        1.7769999999999999     
   88.064523382376635       -65.871665707871543       -29.092746386577225       -50.662987615436606        1.7769999999999999     
   254.61684693319631        50.999124084989226       -79.258730639224623       -236.53093180855950        0.0000000000000000     

 PASSED   1.0000000000000001E-005
 MU_R    =    325.00000000000000     
 ALPHA_S =   0.11799999999999999     
 BORN                    2.2914504913395993E-006
 SINGLE POLE (MadFKS)   -4.0424657699689775E-007
 DOUBLE POLE (MadFKS)   -2.4385983970979377E-007
 SINGLE POLE (MadLoop)  -4.0424657699690056E-007
 DOUBLE POLE (MadLoop)  -2.4385983970979499E-007
 FINITE PART (MadLoop)   3.6601444603781374E-007
   325.00000000000000        0.0000000000000000        0.0000000000000000        325.00000000000000        0.0000000000000000     
   325.00000000000000        0.0000000000000000        0.0000000000000000       -325.00000000000000        0.0000000000000000     
   244.41180397440667        156.87986631909490        54.001061436787971       -179.46187645410072        1.7769999999999999     
   199.54320987088769       -181.62454762712210        79.037503212755780        24.081770319349793        1.7769999999999999     
   206.04498615470635        24.744681308027207       -133.03856464954373        155.38010613475100        0.0000000000000000     

 NUMBER OF POINTS PASSING THE CHECK          20
 NUMBER OF POINTS FAILING THE CHECK           0
 TOLERANCE    1.0000000000000001E-005
