==== LHAPDF6 USING DEFAULT-TYPE LHAGLUE INTERFACE ====
LHAPDF 6.2.1 loading /cvmfs/cms.cern.ch/slc6_amd64_gcc481/external/lhapdf/6.2.1/share/LHAPDF/NNPDF31_nnlo_hessian_pdfas/NNPDF31_nnlo_hessian_pdfas_0000.dat
NNPDF31_nnlo_hessian_pdfas PDF set, member #0, version 1; LHAPDF ID = 306000
 A PDF is used, so alpha_s(MZ) is going to be modified
 Old value of alpha_s from param_card:   0.11799999999999999     
 New value of alpha_s from PDF lhapdf :  0.11800208008122040     
 using LHAPDF
 *****************************************************
 *               MadGraph/MadEvent                   *
 *        --------------------------------           *
 *          http://madgraph.hep.uiuc.edu             *
 *          http://madgraph.phys.ucl.ac.be           *
 *          http://madgraph.roma2.infn.it            *
 *        --------------------------------           *
 *                                                   *
 *          PARAMETER AND COUPLING VALUES            *
 *                                                   *
 *****************************************************

  External Params
  ---------------------------------
  
 MU_R =    91.188000000000002     
 aEWM1 =    132.50700000000001     
 mdl_Gf =    1.1663900000000000E-005
 aS =   0.11799999999999999     
 mdl_lamWS =   0.22530000000000000     
 mdl_AWS =   0.80800000000000005     
 mdl_rhoWS =   0.13200000000000001     
 mdl_etaWS =   0.34100000000000003     
 mdl_ymt =    173.00000000000000     
 mdl_ymtau =    1.7769999999999999     
 mdl_MT =    173.00000000000000     
 mdl_MZ =    91.188000000000002     
 mdl_MH =    125.00000000000000     
 mdl_MTA =    1.7769999999999999     
 mdl_WT =    1.4915000000000000     
 mdl_WZ =    2.4414039999999999     
 mdl_WW =    2.0476000000000001     
 mdl_WH =    6.3823389999999999E-003
  Internal Params
  ---------------------------------
  
 mdl_CKM33 =    1.0000000000000000     
 mdl_conjg__CKM3x3 =    1.0000000000000000     
 mdl_I4x33 =    0.0000000000000000     
 mdl_I1x33 =    0.0000000000000000     
 mdl_lhv =    1.0000000000000000     
 mdl_CKM3x3 =    1.0000000000000000     
 mdl_conjg__CKM33 =    1.0000000000000000     
 mdl_Ncol =    3.0000000000000000     
 mdl_CA =    3.0000000000000000     
 mdl_TF =   0.50000000000000000     
 mdl_CF =    1.3333333333333333     
 mdl_lamWS__exp__2 =    5.0760090000000001E-002
 mdl_CKM11 =  ( 0.97461995499999998     ,  0.0000000000000000     )
 mdl_CKM12 =  ( 0.22530000000000000     ,  0.0000000000000000     )
 mdl_complexi =  (  0.0000000000000000     ,  1.0000000000000000     )
 mdl_lamWS__exp__3 =    1.1436248277000001E-002
 mdl_CKM13 =  (  1.2197444962317122E-003, -3.1510066152652563E-003)
 mdl_CKM21 =  (-0.22530000000000000     ,  0.0000000000000000     )
 mdl_CKM22 =  ( 0.97461995499999998     ,  0.0000000000000000     )
 mdl_CKM23 =  (  4.1014152720000002E-002,  0.0000000000000000     )
 mdl_CKM31 =  (  8.0207441115842885E-003, -3.1510066152652563E-003)
 mdl_CKM32 =  ( -4.1014152720000002E-002,  0.0000000000000000     )
 mdl_MZ__exp__2 =    8315.2513440000002     
 mdl_MZ__exp__4 =    69143404.913893804     
 mdl_sqrt__2 =    1.4142135623730951     
 mdl_MH__exp__2 =    15625.000000000000     
 mdl_CKM1x1 =  ( 0.97461995499999998     ,  0.0000000000000000     )
 mdl_CKM1x2 =  ( 0.22530000000000000     ,  0.0000000000000000     )
 mdl_CKM1x3 =  (  1.2197444962317122E-003, -3.1510066152652563E-003)
 mdl_CKM2x1 =  (-0.22530000000000000     ,  0.0000000000000000     )
 mdl_CKM2x2 =  ( 0.97461995499999998     ,  0.0000000000000000     )
 mdl_CKM2x3 =  (  4.1014152720000002E-002,  0.0000000000000000     )
 mdl_CKM3x1 =  (  8.0207441115842885E-003, -3.1510066152652563E-003)
 mdl_CKM3x2 =  ( -4.1014152720000002E-002,  0.0000000000000000     )
 mdl_conjg__CKM1x3 =  (  1.2197444962317122E-003,  3.1510066152652563E-003)
 mdl_conjg__CKM2x3 =  (  4.1014152720000002E-002, -0.0000000000000000     )
 mdl_conjg__CKM2x1 =  (-0.22530000000000000     , -0.0000000000000000     )
 mdl_conjg__CKM3x1 =  (  8.0207441115842885E-003,  3.1510066152652563E-003)
 mdl_conjg__CKM2x2 =  ( 0.97461995499999998     , -0.0000000000000000     )
 mdl_conjg__CKM3x2 =  ( -4.1014152720000002E-002, -0.0000000000000000     )
 mdl_Ncol__exp__2 =    9.0000000000000000     
 mdl_MT__exp__2 =    29929.000000000000     
 mdl_conjg__CKM11 =  ( 0.97461995499999998     , -0.0000000000000000     )
 mdl_conjg__CKM12 =  ( 0.22530000000000000     , -0.0000000000000000     )
 mdl_conjg__CKM13 =  (  1.2197444962317122E-003,  3.1510066152652563E-003)
 mdl_conjg__CKM21 =  (-0.22530000000000000     , -0.0000000000000000     )
 mdl_conjg__CKM22 =  ( 0.97461995499999998     , -0.0000000000000000     )
 mdl_conjg__CKM23 =  (  4.1014152720000002E-002, -0.0000000000000000     )
 mdl_conjg__CKM31 =  (  8.0207441115842885E-003,  3.1510066152652563E-003)
 mdl_conjg__CKM32 =  ( -4.1014152720000002E-002, -0.0000000000000000     )
 mdl_aEW =    7.5467711139788835E-003
 mdl_MW =    80.419002445756163     
 mdl_sqrt__aEW =    8.6872153846781555E-002
 mdl_ee =   0.30795376724436879     
 mdl_MW__exp__2 =    6467.2159543705357     
 mdl_sw2 =   0.22224648578577766     
 mdl_cw =   0.88190334743339216     
 mdl_sqrt__sw2 =   0.47143025548407230     
 mdl_sw =   0.47143025548407230     
 mdl_g1 =   0.34919219678733299     
 mdl_gw =   0.65323293034757990     
 mdl_v =    246.21845810181637     
 mdl_v__exp__2 =    60623.529110035903     
 mdl_lam =   0.12886910601690263     
 mdl_yt =   0.99366614581500623     
 mdl_ytau =    1.0206617000654717E-002
 mdl_muH =    88.388347648318430     
 mdl_AxialZUp =  -0.18517701861793787     
 mdl_AxialZDown =   0.18517701861793787     
 mdl_VectorZUp =    7.5430507588273299E-002
 mdl_VectorZDown =  -0.13030376310310560     
 mdl_VectorAUp =   0.20530251149624587     
 mdl_VectorADown =  -0.10265125574812294     
 mdl_VectorWmDxU =   0.23095271737156670     
 mdl_AxialWmDxU =  -0.23095271737156670     
 mdl_VectorWpUxD =   0.23095271737156670     
 mdl_AxialWpUxD =  -0.23095271737156670     
 mdl_I2x13 =  (  7.9699418879263656E-003,  3.1310485988282153E-003)
 mdl_I2x23 =  ( -4.0754375057150453E-002, -0.0000000000000000     )
 mdl_I2x33 =  ( 0.99366614581500623     ,  0.0000000000000000     )
 mdl_I3x31 =  (  7.9699418879263656E-003, -3.1310485988282153E-003)
 mdl_I3x32 =  ( -4.0754375057150453E-002,  0.0000000000000000     )
 mdl_I3x33 =  ( 0.99366614581500623     ,  0.0000000000000000     )
 mdl_Vector_tdGp =  ( -7.9699418879263656E-003, -3.1310485988282153E-003)
 mdl_Vector_tsGp =  (  4.0754375057150453E-002,  0.0000000000000000     )
 mdl_Vector_tbGp =  (-0.99366614581500623     ,  0.0000000000000000     )
 mdl_Axial_tdGp =  ( -7.9699418879263656E-003, -3.1310485988282153E-003)
 mdl_Axial_tsGp =  (  4.0754375057150453E-002,  0.0000000000000000     )
 mdl_Axial_tbGp =  (-0.99366614581500623     , -0.0000000000000000     )
 mdl_Vector_tdGm =  (  7.9699418879263656E-003, -3.1310485988282153E-003)
 mdl_Vector_tsGm =  ( -4.0754375057150453E-002,  0.0000000000000000     )
 mdl_Vector_tbGm =  ( 0.99366614581500623     ,  0.0000000000000000     )
 mdl_Axial_tdGm =  ( -7.9699418879263656E-003,  3.1310485988282153E-003)
 mdl_Axial_tsGm =  (  4.0754375057150453E-002, -0.0000000000000000     )
 mdl_Axial_tbGm =  (-0.99366614581500623     ,  0.0000000000000000     )
 mdl_gw__exp__2 =   0.42671326129048615     
 mdl_cw__exp__2 =   0.77775351421422245     
 mdl_ee__exp__2 =    9.4835522759998875E-002
 mdl_sw__exp__2 =   0.22224648578577769     
 mdl_yt__exp__2 =   0.98737240933884918     
  Internal Params evaluated point by point
  ----------------------------------------
  
 mdl_sqrt__aS =   0.34351128074635334     
 mdl_G__exp__4 =    2.1987899468922913     
 mdl_G__exp__2 =    1.4828317324943823     
 mdl_R2MixedFactor_FIN_ =   -2.5040377713124864E-002
 mdl_G_UVg_1EPS_ =   -5.1645779033320030E-002
 mdl_G_UVq_1EPS_ =    3.1300472141406080E-003
 mdl_G_UVb_1EPS_ =    3.1300472141406080E-003
 mdl_GWcft_UV_t_1EPS_ =   -3.1300472141406080E-003
 mdl_tWcft_UV_1EPS_ =   -1.8780283284843650E-002
 mdl_G__exp__3 =    1.8056676068262196     
 mdl_MU_R__exp__2 =    8315.2513440000002     
 mdl_G_UVt_FIN_ =   -4.0087659331150384E-003
 mdl_GWcft_UV_t_FIN_ =    4.0087659331150384E-003
 mdl_tWcft_UV_FIN_ =   -9.8778211443463623E-004
  Couplings of loop_sm-ckm_no_b_mass
  ---------------------------------
  
       UV_3Gt =   0.48815E-02   0.00000E+00
      UV_GQQt =   0.00000E+00  -0.48815E-02
   UVWfct_G_2 =   0.40088E-02   0.00000E+00
       R2_DDA =   0.00000E+00   0.25704E-02
       R2_UUA =  -0.00000E+00  -0.51409E-02
    R2_DDZ_V2 =   0.00000E+00   0.72127E-02
    R2_UUZ_V2 =  -0.00000E+00  -0.72127E-02
    R2_UUZ_V5 =   0.00000E+00   0.68702E-03
      R2_GGHt =   0.00000E+00  -0.45657E+01
     R2_GGZup =  -0.46369E-02   0.00000E+00
   R2_GGZdown =   0.46369E-02   0.00000E+00
 R2_GGGZvecUp =   0.00000E+00   0.28750E-03
 R2_GGGZvecDown  -0.00000E+00  -0.49665E-03
 R2_GGGZaxialUp  -0.00000E+00  -0.63522E-02
 R2_GGGZaxialDow  0.00000E+00   0.63522E-02
 R2_GGGAvecUp =   0.00000E+00   0.78251E-03
 R2_GGGAvecDown  -0.00000E+00  -0.39126E-03
         GC_4 =  -0.12177E+01   0.00000E+00
         GC_5 =   0.00000E+00   0.12177E+01
         GC_6 =   0.00000E+00   0.14828E+01
       R2_3Gq =   0.76230E-02   0.00000E+00
       R2_3Gg =   0.31445E-01   0.00000E+00
       R2_GQQ =  -0.00000E+00  -0.30492E-01
       R2_GGq =   0.00000E+00   0.62601E-02
       R2_GGt =  -0.00000E+00  -0.11242E+04
     R2_GGg_1 =   0.00000E+00   0.28170E-01
     R2_GGg_2 =  -0.00000E+00  -0.18780E-01
       R2_QQq =   0.00000E+00   0.12520E-01
  UV_3Gg_1eps =   0.62890E-01   0.00000E+00
  UV_3Gb_1eps =  -0.38115E-02   0.00000E+00
 UV_GQQg_1eps =   0.00000E+00  -0.62890E-01
 UV_GQQq_1eps =   0.00000E+00   0.38115E-02
 UVWfct_G_2_1eps -0.31300E-02   0.00000E+00
         GC_1 =  -0.00000E+00  -0.10265E+00
         GC_2 =   0.00000E+00   0.20530E+00
        GC_21 =  -0.00000E+00  -0.28804E+00
        GC_22 =   0.00000E+00   0.28804E+00
        GC_23 =  -0.00000E+00  -0.27437E-01
        GC_24 =   0.00000E+00   0.82310E-01
        GC_37 =  -0.00000E+00  -0.70263E+00
        GC_38 =  -0.00000E+00  -0.72172E-02
      GC_1003 =  -0.00000E+00  -0.30795E+00

 Collider parameters:
 --------------------

 Running at P P   machine @    13000.000000000000       GeV
 PDF set = lhapdf 
 alpha_s(Mz)= 0.1180 running at 3 loops.
 alpha_s(Mz)= 0.1180 running at 3 loops.
 Renormalization scale set on event-by-event basis
 Factorization   scale set on event-by-event basis


 ===============================================================
 INFO: MadFKS read these parameters from FKS_params.dat
 ===============================================================
  > IRPoleCheckThreshold      =    1.0000000000000001E-005
  > PrecisionVirtualAtRunTime =    1.0000000000000000E-003
  > NHelForMCoverHels         =            4
  > VirtualFraction           =    1.0000000000000000     
  > MinVirtualFraction        =    5.0000000000000001E-003
 ===============================================================
  Insert the number of points to test
 Insert the relative tolerance
  A negative number will mean use the default one:    1.0000000000000001E-005
Using random seed offsets:     0 ,     46 ,      0
  with seed                   32
 Ranmar initialization seeds       10729        9452
  ========================================================================================== 
 {                                                                                          }
 {       [32m                                                                            [0m       }
 {       [32m                               ,,                                           [0m       }
 {       [32m`7MMM.     ,MMF'             `7MM  `7MMF'                                   [0m       }
 {       [32m  MMMb    dPMM                 MM    MM                                     [0m       }
 {       [32m  M YM   ,M MM   ,6"Yb.   ,M""bMM    MM         ,pW"Wq.   ,pW"Wq.`7MMpdMAo. [0m       }
 {       [32m  M  Mb  M' MM  8)   MM ,AP    MM    MM        6W'   `Wb 6W'   `Wb MM   `Wb [0m       }
 {       [32m  M  YM.P'  MM   ,pm9MM 8MI    MM    MM      , 8M     M8 8M     M8 MM    M8 [0m       }
 {       [32m  M  `YM'   MM  8M   MM `Mb    MM    MM     ,M YA.   ,A9 YA.   ,A9 MM   ,AP [0m       }
 {       [32m.JML. `'  .JMML.`Moo9^Yo.`Wbmd"MML..JMMmmmmMMM  `Ybmd9'   `Ybmd9'  MMbmmd'  [0m       }
 {       [32m                                                                   MM       [0m       }
 {       [32m                                                                 .JMML.     [0m       }
 {       [32m[0mv2.4.2 (2016-06-10), Ref: arXiv:1103.0621v2, arXiv:1405.0301[32m                [0m       }
 {       [32m                                                                            [0m       }
 {                                                                                          }
  ========================================================================================== 
 ===============================================================
 INFO: MadLoop read these parameters from ./MadLoop5_resources/MadLoopParams.dat                                                                                                                                                                                                                                                                                                                                                                                                                                                                                          
 ===============================================================
  > MLReductionLib            = 6|1|2
  > IREGIMODE                 =            2
  > IREGIRECY                 =  T
  > CTModeRun                 =           -1
  > MLStabThres               =    1.0000000000000000E-003
  > NRotations_DP             =            1
  > NRotations_QP             =            0
  > CTStabThres               =    1.0000000000000000E-002
  > CTLoopLibrary             =            2
  > CTModeInit                =            1
  > CheckCycle                =            3
  > MaxAttempts               =           10
  > UseLoopFilter             =  F
  > HelicityFilterLevel       =            2
  > ImprovePSPoint            =            2
  > DoubleCheckHelicityFilter =  T
  > LoopInitStartOver         =  F
  > HelInitStartOver          =  F
  > ZeroThres                 =    1.0000000000000001E-009
  > OSThres                   =    1.0000000000000000E-008
  > WriteOutFilters           =  T
  > UseQPIntegrandForNinja    =  F
  > UseQPIntegrandForCutTools =  T
 ===============================================================
  
------------------------------------------------------------------------
|              You are using CutTools - Version 1.9.3                  |
|              Authors: G. Ossola, C. Papadopoulos, R. Pittau          |
|              Published in JHEP 0803:042,2008                         |
|              http://www.ugr.es/~pittau/CutTools                      |
|                                                                      |
|              Compiler with  34  significant digits detetected        |
 ---------------------------------------------------------------------- 
   
########################################################################
#                                                                      #
#                      You are using OneLOop-3.6                       #
#                                                                      #
# for the evaluation of 1-loop scalar 1-, 2-, 3- and 4-point functions #
#                                                                      #
# author: Andreas van Hameren <hamerenREMOVETHIS@ifj.edu.pl>           #
#   date: 18-02-2015                                                   #
#                                                                      #
# Please cite                                                          #
#    A. van Hameren,                                                   #
#      Comput.Phys.Commun. 182 (2011) 2427-2438, arXiv:1007.4716       #
#    A. van Hameren, C.G. Papadopoulos and R. Pittau,                  #
#      JHEP 0909:106,2009, arXiv:0903.4665                             #
# in publications with results obtained with the help of this program. #
#                                                                      #
########################################################################
 PASSED   1.0000000000000001E-005
 MU_R    =    325.00000000000000     
 ALPHA_S =   0.11799999999999999     
 BORN                    1.5682802632174486E-008
 SINGLE POLE (MadFKS)   -8.5048763429572107E-009
 DOUBLE POLE (MadFKS)   -2.5525714598152466E-009
 SINGLE POLE (MadLoop)  -8.5048763429568435E-009
 DOUBLE POLE (MadLoop)  -2.5525714598152148E-009
 FINITE PART (MadLoop)  -9.1545366375756681E-009
   325.00000000000000        0.0000000000000000        0.0000000000000000        325.00000000000000        0.0000000000000000     
   325.00000000000000        0.0000000000000000        0.0000000000000000       -325.00000000000000        0.0000000000000000     
   295.98434161647265       -205.37537879652362        39.224406951022218       -209.48979076953074        1.7769999999999999     
   307.22671919954900        214.03538252298932       -30.717953803339498        218.24381229141883        1.7769999999999999     
   25.248673024626761       -25.087776126370926      -0.67031578436202743        2.7658010208334511        0.0000000000000000     
   21.540266159351695        16.427772399905216       -7.8361373633206952       -11.519822542721469        0.0000000000000000     

 PASSED   1.0000000000000001E-005
 MU_R    =    325.00000000000000     
 ALPHA_S =   0.11799999999999999     
 BORN                    8.4481386311368146E-010
 SINGLE POLE (MadFKS)   -2.9278091958713778E-010
 DOUBLE POLE (MadFKS)   -1.3750397849272988E-010
 SINGLE POLE (MadLoop)  -2.9278091958711503E-010
 DOUBLE POLE (MadLoop)  -1.3750397849271853E-010
 FINITE PART (MadLoop)   8.9935356032587397E-011
   325.00000000000000        0.0000000000000000        0.0000000000000000        325.00000000000000        0.0000000000000000     
   325.00000000000000        0.0000000000000000        0.0000000000000000       -325.00000000000000        0.0000000000000000     
   241.70121836269473       -16.934656043865324       -220.97161846647910        96.442119875041215        1.7769999999999999     
   108.98540742552302       -95.959241842303271        48.948972644806773        16.446376037764690        1.7769999999999999     
   166.90349053718606        118.00863206666281        117.77127319208097        7.7887818025531432        0.0000000000000000     
   132.40988367460255       -5.1147341804942243        54.251372629591373       -120.67727771535903        0.0000000000000000     

 PASSED   1.0000000000000001E-005
 MU_R    =    325.00000000000000     
 ALPHA_S =   0.11799999999999999     
 BORN                    1.4881347327139935E-009
 SINGLE POLE (MadFKS)   -1.8549875917900002E-010
 DOUBLE POLE (MadFKS)   -2.4221246266866036E-010
 SINGLE POLE (MadLoop)  -1.8549875917899994E-010
 DOUBLE POLE (MadLoop)  -2.4221246266866222E-010
 FINITE PART (MadLoop)   4.1555053781750293E-010
   325.00000000000000        0.0000000000000000        0.0000000000000000        325.00000000000000        0.0000000000000000     
   325.00000000000000        0.0000000000000000        0.0000000000000000       -325.00000000000000        0.0000000000000000     
   36.079699123476637        22.768629066502690        3.9071739068125306       -27.657015065522401        1.7769999999999999     
   123.30712265539255        25.289983921294709        67.541010961342536       -100.00058659894192        1.7769999999999999     
   258.83231707320033        145.22440413123562       -193.99026329802263        90.949538491259474        0.0000000000000000     
   231.78086114793049       -193.28301711903308        122.54207842986757        36.708063173204906        0.0000000000000000     

 PASSED   1.0000000000000001E-005
 MU_R    =    325.00000000000000     
 ALPHA_S =   0.11799999999999999     
 BORN                    8.0693164548798157E-010
 SINGLE POLE (MadFKS)   -3.4372274340261555E-010
 DOUBLE POLE (MadFKS)   -1.3133817574600079E-010
 SINGLE POLE (MadLoop)  -3.4372274340257031E-010
 DOUBLE POLE (MadLoop)  -1.3133817574599854E-010
 FINITE PART (MadLoop)  -2.5885620423710223E-013
   325.00000000000000        0.0000000000000000        0.0000000000000000        325.00000000000000        0.0000000000000000     
   325.00000000000000        0.0000000000000000        0.0000000000000000       -325.00000000000000        0.0000000000000000     
   301.81969110283876        260.62948510185731       -146.62066699008307        40.824254008333931        1.7769999999999999     
   198.45188615749032       -191.92465537619157        40.551942121511729        30.007666343273804        1.7769999999999999     
   4.0237532561251923       -2.8949064015265189       -2.7852186016341931       0.22948754582710529        0.0000000000000000     
   145.70466948354613       -65.809923324139334        108.85394347020562       -71.061407897434762        0.0000000000000000     

 PASSED   1.0000000000000001E-005
 MU_R    =    325.00000000000000     
 ALPHA_S =   0.11799999999999999     
 BORN                    1.0439402820867058E-009
 SINGLE POLE (MadFKS)   -4.3371427478541918E-010
 DOUBLE POLE (MadFKS)   -1.6991428332708203E-010
 SINGLE POLE (MadLoop)  -4.3371427479914262E-010
 DOUBLE POLE (MadLoop)  -1.6991428332708072E-010
 FINITE PART (MadLoop)  -1.3983444640000117E-010
   325.00000000000000        0.0000000000000000        0.0000000000000000        325.00000000000000        0.0000000000000000     
   325.00000000000000        0.0000000000000000        0.0000000000000000       -325.00000000000000        0.0000000000000000     
   220.87359410329907        157.92919090356258       -102.50914587498320        115.46528705908300        1.7769999999999999     
   127.03056021860120        15.025743773937766        99.269493574319142        77.803599980912523        1.7769999999999999     
   256.20725326094049       -155.52869969962526        45.369526585846792       -198.48069490667257        0.0000000000000000     
   45.888592417163679       -17.426234977875019       -42.129874285182723        5.2118078666770380        0.0000000000000000     

 PASSED   1.0000000000000001E-005
 MU_R    =    325.00000000000000     
 ALPHA_S =   0.11799999999999999     
 BORN                    1.6807795364873938E-010
 SINGLE POLE (MadFKS)   -4.4586215994988220E-011
 DOUBLE POLE (MadFKS)   -2.7356780389987931E-011
 SINGLE POLE (MadLoop)  -4.4586215994987981E-011
 DOUBLE POLE (MadLoop)  -2.7356780389987941E-011
 FINITE PART (MadLoop)   3.6445652824769496E-011
   325.00000000000000        0.0000000000000000        0.0000000000000000        325.00000000000000        0.0000000000000000     
   325.00000000000000        0.0000000000000000        0.0000000000000000       -325.00000000000000        0.0000000000000000     
   237.62904374553500       -166.85353652009093       -81.156640745725340       -148.45168141865324        1.7769999999999999     
   162.52442111446027       -58.629046688331265        17.648687095737717        150.53965742555889        1.7769999999999999     
   65.821265589410118        42.566304586724016        47.938486389925558       -14.914765846798327        0.0000000000000000     
   184.02526955059631        182.91627862169810        15.569467260062060        12.826789839892692        0.0000000000000000     

 PASSED   1.0000000000000001E-005
 MU_R    =    325.00000000000000     
 ALPHA_S =   0.11799999999999999     
 BORN                    1.7340060126682194E-010
 SINGLE POLE (MadFKS)   -5.6230620822805129E-011
 DOUBLE POLE (MadFKS)   -2.8223107584127168E-011
 SINGLE POLE (MadLoop)  -5.6230620822818429E-011
 DOUBLE POLE (MadLoop)  -2.8223107584127242E-011
 FINITE PART (MadLoop)   2.8233752474550516E-011
   325.00000000000000        0.0000000000000000        0.0000000000000000        325.00000000000000        0.0000000000000000     
   325.00000000000000        0.0000000000000000        0.0000000000000000       -325.00000000000000        0.0000000000000000     
   186.34769415341847       -145.92784111416515       -112.53860664278390       -27.612181912259764        1.7769999999999999     
   160.49130967227924       -39.168220378924580        119.71042936409377        99.446298901144402        1.7769999999999999     
   185.84485410843155        115.76368613753580        69.030721631347191       -127.95248431151997        0.0000000000000000     
   117.31614206587389        69.332375355553893       -76.202544352657085        56.118367322635329        0.0000000000000000     

 PASSED   1.0000000000000001E-005
 MU_R    =    325.00000000000000     
 ALPHA_S =   0.11799999999999999     
 BORN                    1.5690094148294677E-009
 SINGLE POLE (MadFKS)   -6.1011117985463258E-010
 DOUBLE POLE (MadFKS)   -2.5537582448806279E-010
 SINGLE POLE (MadLoop)  -6.1011117985468087E-010
 DOUBLE POLE (MadLoop)  -2.5537582448806021E-010
 FINITE PART (MadLoop)  -4.9051369106281655E-010
   325.00000000000000        0.0000000000000000        0.0000000000000000        325.00000000000000        0.0000000000000000     
   325.00000000000000        0.0000000000000000        0.0000000000000000       -325.00000000000000        0.0000000000000000     
   159.22397272131835       -76.290676756640892        21.030053360107519        138.15420824514862        1.7769999999999999     
   231.08143842309252       -60.217866118344510       -188.09738330169702       -119.95272589605086        1.7769999999999999     
   216.88670992798961        112.81411949242832        184.79936331381614        12.728499728727027        0.0000000000000000     
   42.807878927601479        23.694423382557048       -17.732033372226585       -30.929982077824786        0.0000000000000000     

 PASSED   1.0000000000000001E-005
 MU_R    =    325.00000000000000     
 ALPHA_S =   0.11799999999999999     
 BORN                    8.1205696463578525E-010
 SINGLE POLE (MadFKS)   -2.1381460934151041E-010
 DOUBLE POLE (MadFKS)   -1.3217238527384933E-010
 SINGLE POLE (MadLoop)  -2.1381460934150284E-010
 DOUBLE POLE (MadLoop)  -1.3217238527384892E-010
 FINITE PART (MadLoop)   5.1957168220115114E-011
   325.00000000000000        0.0000000000000000        0.0000000000000000        325.00000000000000        0.0000000000000000     
   325.00000000000000        0.0000000000000000        0.0000000000000000       -325.00000000000000        0.0000000000000000     
   208.17437602214662        90.610016791541710        63.470197596427603       -176.33709756406068        1.7769999999999999     
   19.192873133269440       -9.7357474428265007       -1.6686599867788212        16.359689657441436        1.7769999999999999     
   119.34193520309924        87.042908923961136        40.111996532839953       -71.112989237024607        0.0000000000000000     
   303.29081564148464       -167.91717827267632       -101.91353414248873        231.09039714364386        0.0000000000000000     

 PASSED   1.0000000000000001E-005
 MU_R    =    325.00000000000000     
 ALPHA_S =   0.11799999999999999     
 BORN                    9.8086414924694236E-010
 SINGLE POLE (MadFKS)   -3.1045347088636233E-010
 DOUBLE POLE (MadFKS)   -1.5964785708564107E-010
 SINGLE POLE (MadLoop)  -3.1045347088636750E-010
 DOUBLE POLE (MadLoop)  -1.5964785708564146E-010
 FINITE PART (MadLoop)  -6.9297912749598444E-011
   325.00000000000000        0.0000000000000000        0.0000000000000000        325.00000000000000        0.0000000000000000     
   325.00000000000000        0.0000000000000000        0.0000000000000000       -325.00000000000000        0.0000000000000000     
   215.36326528687346       -32.004441554710908        57.796639443303285       -204.97180902713453        1.7769999999999999     
   188.91761946984133        121.40591969522509        42.257219011453927        138.42557322086961        1.7769999999999999     
   165.04830969412976       -42.295393799637402       -90.559373642264362        131.34322990448999        0.0000000000000000     
   80.670805549156768       -47.106084340876734       -9.4944848124928622       -64.796994098225056        0.0000000000000000     

 PASSED   1.0000000000000001E-005
 MU_R    =    325.00000000000000     
 ALPHA_S =   0.11799999999999999     
 BORN                    5.1310892954512686E-009
 SINGLE POLE (MadFKS)   -1.6740489852682931E-009
 DOUBLE POLE (MadFKS)   -8.3514869124616477E-010
 SINGLE POLE (MadLoop)  -1.6740489852679374E-009
 DOUBLE POLE (MadLoop)  -8.3514869124616601E-010
 FINITE PART (MadLoop)  -1.1689013998666673E-010
   325.00000000000000        0.0000000000000000        0.0000000000000000        325.00000000000000        0.0000000000000000     
   325.00000000000000        0.0000000000000000        0.0000000000000000       -325.00000000000000        0.0000000000000000     
   50.431372224187292       -14.825709828512510       -36.411349475637266       -31.536923325814247        1.7769999999999999     
   142.77316956378920       -122.80997338810703       -72.678847785118492       -4.0639561181832935        1.7769999999999999     
   159.92258201228913       -58.140011815969878       -17.929162749246871       -147.89697896382890        0.0000000000000000     
   296.87287619973438        195.77569503258937        127.01936001000266        183.49785840782641        0.0000000000000000     

 PASSED   1.0000000000000001E-005
 MU_R    =    325.00000000000000     
 ALPHA_S =   0.11799999999999999     
 BORN                    3.1090104062765935E-009
 SINGLE POLE (MadFKS)   -7.0053692907324278E-010
 DOUBLE POLE (MadFKS)   -5.0603016676681102E-010
 SINGLE POLE (MadLoop)  -7.0053692907319894E-010
 DOUBLE POLE (MadLoop)  -5.0603016676681112E-010
 FINITE PART (MadLoop)   6.2806750888812507E-011
   325.00000000000000        0.0000000000000000        0.0000000000000000        325.00000000000000        0.0000000000000000     
   325.00000000000000        0.0000000000000000        0.0000000000000000       -325.00000000000000        0.0000000000000000     
   24.922608518350664        15.334592790270952       0.20951014168017415        19.564893452714440        1.7769999999999999     
   250.24761881732394        133.39059892463331        102.57024662418527       -185.22150420704958        1.7769999999999999     
   293.54833409195777       -168.72829107640678       -181.16251429044246        157.73880833379030        0.0000000000000000     
   81.281438572367563        20.003099361502489        78.382757524577016        7.9178024205449038        0.0000000000000000     

 PASSED   1.0000000000000001E-005
 MU_R    =    325.00000000000000     
 ALPHA_S =   0.11799999999999999     
 BORN                    2.3229298420732452E-010
 SINGLE POLE (MadFKS)   -5.5168936945631592E-011
 DOUBLE POLE (MadFKS)   -3.7808576420292313E-011
 SINGLE POLE (MadLoop)  -5.5168936945630183E-011
 DOUBLE POLE (MadLoop)  -3.7808576420292403E-011
 FINITE PART (MadLoop)   3.6408568462736907E-011
   325.00000000000000        0.0000000000000000        0.0000000000000000        325.00000000000000        0.0000000000000000     
   325.00000000000000        0.0000000000000000        0.0000000000000000       -325.00000000000000        0.0000000000000000     
   185.52253357836011        74.407169051291618        160.06958246614838       -57.067983136073508        1.7769999999999999     
   108.11630316502314       -67.556580423815291        42.342254855707601       -73.001501191729503        1.7769999999999999     
   228.22018804563947       -101.96647458414706       -199.32002934095351        44.258538114006193        0.0000000000000000     
   128.14097521097725        95.115885956670695       -3.0918079809024435        85.810946213796825        0.0000000000000000     

 PASSED   1.0000000000000001E-005
 MU_R    =    325.00000000000000     
 ALPHA_S =   0.11799999999999999     
 BORN                    7.1321517885045513E-009
 SINGLE POLE (MadFKS)   -1.2447230541243326E-009
 DOUBLE POLE (MadFKS)   -1.1608465354947044E-009
 SINGLE POLE (MadLoop)  -1.2447230541243068E-009
 DOUBLE POLE (MadLoop)  -1.1608465354947036E-009
 FINITE PART (MadLoop)   2.6150994923518492E-009
   325.00000000000000        0.0000000000000000        0.0000000000000000        325.00000000000000        0.0000000000000000     
   325.00000000000000        0.0000000000000000        0.0000000000000000       -325.00000000000000        0.0000000000000000     
Thanks for using LHAPDF 6.2.1. Please make sure to cite the paper:
  Eur.Phys.J. C75 (2015) 3, 132  (http://arxiv.org/abs/1412.7420)
   42.617537068617118        4.6400918709971037        26.004072508716696       -33.396923468862596        1.7769999999999999     
   163.41617949406944       -16.153495911035129       -5.6737640639756126        162.50711665227595        1.7769999999999999     
   181.58210813314790        135.31430938190198        99.771872909606998        68.612484626971209        0.0000000000000000     
   262.38417530416547       -123.80090534186400       -120.10218135434810       -197.72267781038457        0.0000000000000000     

 PASSED   1.0000000000000001E-005
 MU_R    =    325.00000000000000     
 ALPHA_S =   0.11799999999999999     
 BORN                    5.1448020743802867E-010
 SINGLE POLE (MadFKS)   -1.1283302927071350E-010
 DOUBLE POLE (MadFKS)   -8.3738061681137958E-011
 SINGLE POLE (MadLoop)  -1.1283302927049354E-010
 DOUBLE POLE (MadLoop)  -8.3738061681133835E-011
 FINITE PART (MadLoop)   9.3038974140154444E-011
   325.00000000000000        0.0000000000000000        0.0000000000000000        325.00000000000000        0.0000000000000000     
   325.00000000000000        0.0000000000000000        0.0000000000000000       -325.00000000000000        0.0000000000000000     
   137.27057645261155        9.4523671757215979        120.80542403246093       -64.472906788393942        1.7769999999999999     
   175.22455100568376        16.107545718958683        37.124043397915401       -170.47826230591639        1.7769999999999999     
   102.77257200987796        70.191915494699757       -60.936900336685035        43.840514755958331        0.0000000000000000     
   234.73230053183244       -95.751828389380080       -96.992567093691292        191.11065433835194        0.0000000000000000     

 PASSED   1.0000000000000001E-005
 MU_R    =    325.00000000000000     
 ALPHA_S =   0.11799999999999999     
 BORN                    3.3133448823447335E-009
 SINGLE POLE (MadFKS)   -8.0191217154139102E-010
 DOUBLE POLE (MadFKS)   -5.3928814776044906E-010
 SINGLE POLE (MadLoop)  -8.0191217151096680E-010
 DOUBLE POLE (MadLoop)  -5.3928814776044162E-010
 FINITE PART (MadLoop)   5.7082090057976466E-010
   325.00000000000000        0.0000000000000000        0.0000000000000000        325.00000000000000        0.0000000000000000     
   325.00000000000000        0.0000000000000000        0.0000000000000000       -325.00000000000000        0.0000000000000000     
   283.39137029439462       -153.54863165703958        4.4406990017603709       -238.13989362759295        1.7769999999999999     
   38.930767982246913      -0.97219602933870231       -35.409574572386340       -16.051910483512209        1.7769999999999999     
   204.39506817586721        126.08586420321339       -38.292173392196126        156.24790622484588        0.0000000000000000     
   123.28279354749122        28.434963483164889        69.261048962822116        97.943897886259293        0.0000000000000000     

 PASSED   1.0000000000000001E-005
 MU_R    =    325.00000000000000     
 ALPHA_S =   0.11799999999999999     
 BORN                    2.5393151797516150E-011
 SINGLE POLE (MadFKS)   -5.7381258579247077E-012
 DOUBLE POLE (MadFKS)   -4.1330517301873799E-012
 SINGLE POLE (MadLoop)  -5.7381258579248539E-012
 DOUBLE POLE (MadLoop)  -4.1330517301873718E-012
 FINITE PART (MadLoop)   6.5131863557079351E-012
   325.00000000000000        0.0000000000000000        0.0000000000000000        325.00000000000000        0.0000000000000000     
   325.00000000000000        0.0000000000000000        0.0000000000000000       -325.00000000000000        0.0000000000000000     
   194.40727093614333       -110.13968978007567       -10.311646302154500        159.85602256257653        1.7769999999999999     
   227.65872348770870        75.172527209019322        145.58371624752911       -158.05002172610142        1.7769999999999999     
   48.103172699530120       -25.735368868969331        31.823396841839799        25.276024734631129        0.0000000000000000     
   179.83083287661896        60.702531440025687       -167.09546678721446       -27.082025571106232        0.0000000000000000     

 PASSED   1.0000000000000001E-005
 MU_R    =    325.00000000000000     
 ALPHA_S =   0.11799999999999999     
 BORN                    3.8807864218298481E-010
 SINGLE POLE (MadFKS)   -6.0868128534640677E-011
 DOUBLE POLE (MadFKS)   -6.3164632587280725E-011
 SINGLE POLE (MadLoop)  -6.0868128534643146E-011
 DOUBLE POLE (MadLoop)  -6.3164632587280699E-011
 FINITE PART (MadLoop)   7.8637752483345407E-011
   325.00000000000000        0.0000000000000000        0.0000000000000000        325.00000000000000        0.0000000000000000     
   325.00000000000000        0.0000000000000000        0.0000000000000000       -325.00000000000000        0.0000000000000000     
   94.099474855223704        35.739733562915170        54.363536275490560        67.961980603158793        1.7769999999999999     
   216.45806618386658        149.78727132891063        126.73773449919261       -91.390681630627213        1.7769999999999999     
   87.244978587248099       -38.531525034954761        16.852647898401028        76.439493234731444        0.0000000000000000     
   252.19748037366159       -146.99547985687104       -197.95391867308413       -53.010792207263037        0.0000000000000000     

 PASSED   1.0000000000000001E-005
 MU_R    =    325.00000000000000     
 ALPHA_S =   0.11799999999999999     
 BORN                    1.2730897358756156E-010
 SINGLE POLE (MadFKS)   -2.4600589582088905E-011
 DOUBLE POLE (MadFKS)   -2.0721121101868063E-011
 SINGLE POLE (MadLoop)  -2.4600589582089610E-011
 DOUBLE POLE (MadLoop)  -2.0721121101868076E-011
 FINITE PART (MadLoop)   2.5831089738555944E-011
   325.00000000000000        0.0000000000000000        0.0000000000000000        325.00000000000000        0.0000000000000000     
   325.00000000000000        0.0000000000000000        0.0000000000000000       -325.00000000000000        0.0000000000000000     
   181.31430625605131       -24.977592580997513        154.01109686871840       -92.349454975463260        1.7769999999999999     
   78.864522289736840        40.771024259849270       -43.678050787763681       -51.443236748602040        1.7769999999999999     
   117.38220620870196       -6.1464920307820616        117.07100708349738       -5.9314644560572010        0.0000000000000000     
   272.43896524550991       -9.6469396480697043       -227.40405316445205        149.72415618012249        0.0000000000000000     

 PASSED   1.0000000000000001E-005
 MU_R    =    325.00000000000000     
 ALPHA_S =   0.11799999999999999     
 BORN                    5.6570019440233974E-010
 SINGLE POLE (MadFKS)   -2.9338115715225985E-010
 DOUBLE POLE (MadFKS)   -9.2074752511447894E-011
 SINGLE POLE (MadLoop)  -2.9338115715228435E-010
 DOUBLE POLE (MadLoop)  -9.2074752511452624E-011
 FINITE PART (MadLoop)  -2.4170108056748763E-010
   325.00000000000000        0.0000000000000000        0.0000000000000000        325.00000000000000        0.0000000000000000     
   325.00000000000000        0.0000000000000000        0.0000000000000000       -325.00000000000000        0.0000000000000000     
   219.11841999828303       -87.059932896955132        94.435483970624432        177.51684907285727        1.7769999999999999     
   205.61433800255395        83.251692929529852        7.7714506502822100       -187.83731908858266        1.7769999999999999     
   123.99090415189735        20.540944416888280       -84.852355488465363       -88.044827689798950        0.0000000000000000     
   101.27633784726660       -16.732704449462972       -17.354579132441234        98.365297705524398        0.0000000000000000     

 NUMBER OF POINTS PASSING THE CHECK          20
 NUMBER OF POINTS FAILING THE CHECK           0
 TOLERANCE    1.0000000000000001E-005
