==== LHAPDF6 USING DEFAULT-TYPE LHAGLUE INTERFACE ====
LHAPDF 6.2.1 loading /cvmfs/cms.cern.ch/slc6_amd64_gcc481/external/lhapdf/6.2.1/share/LHAPDF/NNPDF31_nnlo_hessian_pdfas/NNPDF31_nnlo_hessian_pdfas_0000.dat
NNPDF31_nnlo_hessian_pdfas PDF set, member #0, version 1; LHAPDF ID = 306000
 A PDF is used, so alpha_s(MZ) is going to be modified
 Old value of alpha_s from param_card:   0.11799999999999999     
 New value of alpha_s from PDF lhapdf :  0.11800208008122040     
 using LHAPDF
 *****************************************************
 *               MadGraph/MadEvent                   *
 *        --------------------------------           *
 *          http://madgraph.hep.uiuc.edu             *
 *          http://madgraph.phys.ucl.ac.be           *
 *          http://madgraph.roma2.infn.it            *
 *        --------------------------------           *
 *                                                   *
 *          PARAMETER AND COUPLING VALUES            *
 *                                                   *
 *****************************************************

  External Params
  ---------------------------------
  
 MU_R =    91.188000000000002     
 aEWM1 =    132.50700000000001     
 mdl_Gf =    1.1663900000000000E-005
 aS =   0.11799999999999999     
 mdl_lamWS =   0.22530000000000000     
 mdl_AWS =   0.80800000000000005     
 mdl_rhoWS =   0.13200000000000001     
 mdl_etaWS =   0.34100000000000003     
 mdl_ymt =    173.00000000000000     
 mdl_ymtau =    1.7769999999999999     
 mdl_MT =    173.00000000000000     
 mdl_MZ =    91.188000000000002     
 mdl_MH =    125.00000000000000     
 mdl_MTA =    1.7769999999999999     
 mdl_WT =    1.4915000000000000     
 mdl_WZ =    2.4414039999999999     
 mdl_WW =    2.0476000000000001     
 mdl_WH =    6.3823389999999999E-003
  Internal Params
  ---------------------------------
  
 mdl_CKM33 =    1.0000000000000000     
 mdl_conjg__CKM3x3 =    1.0000000000000000     
 mdl_I4x33 =    0.0000000000000000     
 mdl_I1x33 =    0.0000000000000000     
 mdl_lhv =    1.0000000000000000     
 mdl_CKM3x3 =    1.0000000000000000     
 mdl_conjg__CKM33 =    1.0000000000000000     
 mdl_Ncol =    3.0000000000000000     
 mdl_CA =    3.0000000000000000     
 mdl_TF =   0.50000000000000000     
 mdl_CF =    1.3333333333333333     
 mdl_lamWS__exp__2 =    5.0760090000000001E-002
 mdl_CKM11 =  ( 0.97461995499999998     ,  0.0000000000000000     )
 mdl_CKM12 =  ( 0.22530000000000000     ,  0.0000000000000000     )
 mdl_complexi =  (  0.0000000000000000     ,  1.0000000000000000     )
 mdl_lamWS__exp__3 =    1.1436248277000001E-002
 mdl_CKM13 =  (  1.2197444962317122E-003, -3.1510066152652563E-003)
 mdl_CKM21 =  (-0.22530000000000000     ,  0.0000000000000000     )
 mdl_CKM22 =  ( 0.97461995499999998     ,  0.0000000000000000     )
 mdl_CKM23 =  (  4.1014152720000002E-002,  0.0000000000000000     )
 mdl_CKM31 =  (  8.0207441115842885E-003, -3.1510066152652563E-003)
 mdl_CKM32 =  ( -4.1014152720000002E-002,  0.0000000000000000     )
 mdl_MZ__exp__2 =    8315.2513440000002     
 mdl_MZ__exp__4 =    69143404.913893804     
 mdl_sqrt__2 =    1.4142135623730951     
 mdl_MH__exp__2 =    15625.000000000000     
 mdl_CKM1x1 =  ( 0.97461995499999998     ,  0.0000000000000000     )
 mdl_CKM1x2 =  ( 0.22530000000000000     ,  0.0000000000000000     )
 mdl_CKM1x3 =  (  1.2197444962317122E-003, -3.1510066152652563E-003)
 mdl_CKM2x1 =  (-0.22530000000000000     ,  0.0000000000000000     )
 mdl_CKM2x2 =  ( 0.97461995499999998     ,  0.0000000000000000     )
 mdl_CKM2x3 =  (  4.1014152720000002E-002,  0.0000000000000000     )
 mdl_CKM3x1 =  (  8.0207441115842885E-003, -3.1510066152652563E-003)
 mdl_CKM3x2 =  ( -4.1014152720000002E-002,  0.0000000000000000     )
 mdl_conjg__CKM1x3 =  (  1.2197444962317122E-003,  3.1510066152652563E-003)
 mdl_conjg__CKM2x3 =  (  4.1014152720000002E-002, -0.0000000000000000     )
 mdl_conjg__CKM2x1 =  (-0.22530000000000000     , -0.0000000000000000     )
 mdl_conjg__CKM3x1 =  (  8.0207441115842885E-003,  3.1510066152652563E-003)
 mdl_conjg__CKM2x2 =  ( 0.97461995499999998     , -0.0000000000000000     )
 mdl_conjg__CKM3x2 =  ( -4.1014152720000002E-002, -0.0000000000000000     )
 mdl_Ncol__exp__2 =    9.0000000000000000     
 mdl_MT__exp__2 =    29929.000000000000     
 mdl_conjg__CKM11 =  ( 0.97461995499999998     , -0.0000000000000000     )
 mdl_conjg__CKM12 =  ( 0.22530000000000000     , -0.0000000000000000     )
 mdl_conjg__CKM13 =  (  1.2197444962317122E-003,  3.1510066152652563E-003)
 mdl_conjg__CKM21 =  (-0.22530000000000000     , -0.0000000000000000     )
 mdl_conjg__CKM22 =  ( 0.97461995499999998     , -0.0000000000000000     )
 mdl_conjg__CKM23 =  (  4.1014152720000002E-002, -0.0000000000000000     )
 mdl_conjg__CKM31 =  (  8.0207441115842885E-003,  3.1510066152652563E-003)
 mdl_conjg__CKM32 =  ( -4.1014152720000002E-002, -0.0000000000000000     )
 mdl_aEW =    7.5467711139788835E-003
 mdl_MW =    80.419002445756163     
 mdl_sqrt__aEW =    8.6872153846781555E-002
 mdl_ee =   0.30795376724436879     
 mdl_MW__exp__2 =    6467.2159543705357     
 mdl_sw2 =   0.22224648578577766     
 mdl_cw =   0.88190334743339216     
 mdl_sqrt__sw2 =   0.47143025548407230     
 mdl_sw =   0.47143025548407230     
 mdl_g1 =   0.34919219678733299     
 mdl_gw =   0.65323293034757990     
 mdl_v =    246.21845810181637     
 mdl_v__exp__2 =    60623.529110035903     
 mdl_lam =   0.12886910601690263     
 mdl_yt =   0.99366614581500623     
 mdl_ytau =    1.0206617000654717E-002
 mdl_muH =    88.388347648318430     
 mdl_AxialZUp =  -0.18517701861793787     
 mdl_AxialZDown =   0.18517701861793787     
 mdl_VectorZUp =    7.5430507588273299E-002
 mdl_VectorZDown =  -0.13030376310310560     
 mdl_VectorAUp =   0.20530251149624587     
 mdl_VectorADown =  -0.10265125574812294     
 mdl_VectorWmDxU =   0.23095271737156670     
 mdl_AxialWmDxU =  -0.23095271737156670     
 mdl_VectorWpUxD =   0.23095271737156670     
 mdl_AxialWpUxD =  -0.23095271737156670     
 mdl_I2x13 =  (  7.9699418879263656E-003,  3.1310485988282153E-003)
 mdl_I2x23 =  ( -4.0754375057150453E-002, -0.0000000000000000     )
 mdl_I2x33 =  ( 0.99366614581500623     ,  0.0000000000000000     )
 mdl_I3x31 =  (  7.9699418879263656E-003, -3.1310485988282153E-003)
 mdl_I3x32 =  ( -4.0754375057150453E-002,  0.0000000000000000     )
 mdl_I3x33 =  ( 0.99366614581500623     ,  0.0000000000000000     )
 mdl_Vector_tdGp =  ( -7.9699418879263656E-003, -3.1310485988282153E-003)
 mdl_Vector_tsGp =  (  4.0754375057150453E-002,  0.0000000000000000     )
 mdl_Vector_tbGp =  (-0.99366614581500623     ,  0.0000000000000000     )
 mdl_Axial_tdGp =  ( -7.9699418879263656E-003, -3.1310485988282153E-003)
 mdl_Axial_tsGp =  (  4.0754375057150453E-002,  0.0000000000000000     )
 mdl_Axial_tbGp =  (-0.99366614581500623     , -0.0000000000000000     )
 mdl_Vector_tdGm =  (  7.9699418879263656E-003, -3.1310485988282153E-003)
 mdl_Vector_tsGm =  ( -4.0754375057150453E-002,  0.0000000000000000     )
 mdl_Vector_tbGm =  ( 0.99366614581500623     ,  0.0000000000000000     )
 mdl_Axial_tdGm =  ( -7.9699418879263656E-003,  3.1310485988282153E-003)
 mdl_Axial_tsGm =  (  4.0754375057150453E-002, -0.0000000000000000     )
 mdl_Axial_tbGm =  (-0.99366614581500623     ,  0.0000000000000000     )
 mdl_gw__exp__2 =   0.42671326129048615     
 mdl_cw__exp__2 =   0.77775351421422245     
 mdl_ee__exp__2 =    9.4835522759998875E-002
 mdl_sw__exp__2 =   0.22224648578577769     
 mdl_yt__exp__2 =   0.98737240933884918     
  Internal Params evaluated point by point
  ----------------------------------------
  
 mdl_sqrt__aS =   0.34351128074635334     
 mdl_G__exp__4 =    2.1987899468922913     
 mdl_G__exp__2 =    1.4828317324943823     
 mdl_R2MixedFactor_FIN_ =   -2.5040377713124864E-002
 mdl_G_UVg_1EPS_ =   -5.1645779033320030E-002
 mdl_G_UVq_1EPS_ =    3.1300472141406080E-003
 mdl_G_UVb_1EPS_ =    3.1300472141406080E-003
 mdl_GWcft_UV_t_1EPS_ =   -3.1300472141406080E-003
 mdl_tWcft_UV_1EPS_ =   -1.8780283284843650E-002
 mdl_G__exp__3 =    1.8056676068262196     
 mdl_MU_R__exp__2 =    8315.2513440000002     
 mdl_G_UVt_FIN_ =   -4.0087659331150384E-003
 mdl_GWcft_UV_t_FIN_ =    4.0087659331150384E-003
 mdl_tWcft_UV_FIN_ =   -9.8778211443463623E-004
  Couplings of loop_sm-ckm_no_b_mass
  ---------------------------------
  
       UV_3Gt =   0.48815E-02   0.00000E+00
      UV_GQQt =   0.00000E+00  -0.48815E-02
   UVWfct_G_2 =   0.40088E-02   0.00000E+00
       R2_DDA =   0.00000E+00   0.25704E-02
       R2_UUA =  -0.00000E+00  -0.51409E-02
    R2_DDZ_V2 =   0.00000E+00   0.72127E-02
    R2_UUZ_V2 =  -0.00000E+00  -0.72127E-02
    R2_UUZ_V5 =   0.00000E+00   0.68702E-03
      R2_GGHt =   0.00000E+00  -0.45657E+01
     R2_GGZup =  -0.46369E-02   0.00000E+00
   R2_GGZdown =   0.46369E-02   0.00000E+00
 R2_GGGZvecUp =   0.00000E+00   0.28750E-03
 R2_GGGZvecDown  -0.00000E+00  -0.49665E-03
 R2_GGGZaxialUp  -0.00000E+00  -0.63522E-02
 R2_GGGZaxialDow  0.00000E+00   0.63522E-02
 R2_GGGAvecUp =   0.00000E+00   0.78251E-03
 R2_GGGAvecDown  -0.00000E+00  -0.39126E-03
         GC_4 =  -0.12177E+01   0.00000E+00
         GC_5 =   0.00000E+00   0.12177E+01
         GC_6 =   0.00000E+00   0.14828E+01
       R2_3Gq =   0.76230E-02   0.00000E+00
       R2_3Gg =   0.31445E-01   0.00000E+00
       R2_GQQ =  -0.00000E+00  -0.30492E-01
       R2_GGq =   0.00000E+00   0.62601E-02
       R2_GGt =  -0.00000E+00  -0.11242E+04
     R2_GGg_1 =   0.00000E+00   0.28170E-01
     R2_GGg_2 =  -0.00000E+00  -0.18780E-01
       R2_QQq =   0.00000E+00   0.12520E-01
  UV_3Gg_1eps =   0.62890E-01   0.00000E+00
  UV_3Gb_1eps =  -0.38115E-02   0.00000E+00
 UV_GQQg_1eps =   0.00000E+00  -0.62890E-01
 UV_GQQq_1eps =   0.00000E+00   0.38115E-02
 UVWfct_G_2_1eps -0.31300E-02   0.00000E+00
         GC_1 =  -0.00000E+00  -0.10265E+00
         GC_2 =   0.00000E+00   0.20530E+00
        GC_21 =  -0.00000E+00  -0.28804E+00
        GC_22 =   0.00000E+00   0.28804E+00
        GC_23 =  -0.00000E+00  -0.27437E-01
        GC_24 =   0.00000E+00   0.82310E-01
        GC_37 =  -0.00000E+00  -0.70263E+00
        GC_38 =  -0.00000E+00  -0.72172E-02
      GC_1003 =  -0.00000E+00  -0.30795E+00

 Collider parameters:
 --------------------

 Running at P P   machine @    13000.000000000000       GeV
 PDF set = lhapdf 
 alpha_s(Mz)= 0.1180 running at 3 loops.
 alpha_s(Mz)= 0.1180 running at 3 loops.
 Renormalization scale set on event-by-event basis
 Factorization   scale set on event-by-event basis


 ===============================================================
 INFO: MadFKS read these parameters from FKS_params.dat
 ===============================================================
  > IRPoleCheckThreshold      =    1.0000000000000001E-005
  > PrecisionVirtualAtRunTime =    1.0000000000000000E-003
  > NHelForMCoverHels         =            4
  > VirtualFraction           =    1.0000000000000000     
  > MinVirtualFraction        =    5.0000000000000001E-003
 ===============================================================
  Insert the number of points to test
 Insert the relative tolerance
  A negative number will mean use the default one:    1.0000000000000001E-005
Using random seed offsets:     0 ,     92 ,      0
  with seed                   32
 Ranmar initialization seeds       10729        9498
  ========================================================================================== 
 {                                                                                          }
 {       [32m                                                                            [0m       }
 {       [32m                               ,,                                           [0m       }
 {       [32m`7MMM.     ,MMF'             `7MM  `7MMF'                                   [0m       }
 {       [32m  MMMb    dPMM                 MM    MM                                     [0m       }
 {       [32m  M YM   ,M MM   ,6"Yb.   ,M""bMM    MM         ,pW"Wq.   ,pW"Wq.`7MMpdMAo. [0m       }
 {       [32m  M  Mb  M' MM  8)   MM ,AP    MM    MM        6W'   `Wb 6W'   `Wb MM   `Wb [0m       }
 {       [32m  M  YM.P'  MM   ,pm9MM 8MI    MM    MM      , 8M     M8 8M     M8 MM    M8 [0m       }
 {       [32m  M  `YM'   MM  8M   MM `Mb    MM    MM     ,M YA.   ,A9 YA.   ,A9 MM   ,AP [0m       }
 {       [32m.JML. `'  .JMML.`Moo9^Yo.`Wbmd"MML..JMMmmmmMMM  `Ybmd9'   `Ybmd9'  MMbmmd'  [0m       }
 {       [32m                                                                   MM       [0m       }
 {       [32m                                                                 .JMML.     [0m       }
 {       [32m[0mv2.4.2 (2016-06-10), Ref: arXiv:1103.0621v2, arXiv:1405.0301[32m                [0m       }
 {       [32m                                                                            [0m       }
 {                                                                                          }
  ========================================================================================== 
 ===============================================================
 INFO: MadLoop read these parameters from ./MadLoop5_resources/MadLoopParams.dat                                                                                                                                                                                                                                                                                                                                                                                                                                                                                          
 ===============================================================
  > MLReductionLib            = 6|1|2
  > IREGIMODE                 =            2
  > IREGIRECY                 =  T
  > CTModeRun                 =           -1
  > MLStabThres               =    1.0000000000000000E-003
  > NRotations_DP             =            1
  > NRotations_QP             =            0
  > CTStabThres               =    1.0000000000000000E-002
  > CTLoopLibrary             =            2
  > CTModeInit                =            1
  > CheckCycle                =            3
  > MaxAttempts               =           10
  > UseLoopFilter             =  F
  > HelicityFilterLevel       =            2
  > ImprovePSPoint            =            2
  > DoubleCheckHelicityFilter =  T
  > LoopInitStartOver         =  F
  > HelInitStartOver          =  F
  > ZeroThres                 =    1.0000000000000001E-009
  > OSThres                   =    1.0000000000000000E-008
  > WriteOutFilters           =  T
  > UseQPIntegrandForNinja    =  F
  > UseQPIntegrandForCutTools =  T
 ===============================================================
  
------------------------------------------------------------------------
|              You are using CutTools - Version 1.9.3                  |
|              Authors: G. Ossola, C. Papadopoulos, R. Pittau          |
|              Published in JHEP 0803:042,2008                         |
|              http://www.ugr.es/~pittau/CutTools                      |
|                                                                      |
|              Compiler with  34  significant digits detetected        |
 ---------------------------------------------------------------------- 
   
########################################################################
#                                                                      #
#                      You are using OneLOop-3.6                       #
#                                                                      #
# for the evaluation of 1-loop scalar 1-, 2-, 3- and 4-point functions #
#                                                                      #
# author: Andreas van Hameren <hamerenREMOVETHIS@ifj.edu.pl>           #
#   date: 18-02-2015                                                   #
#                                                                      #
# Please cite                                                          #
#    A. van Hameren,                                                   #
#      Comput.Phys.Commun. 182 (2011) 2427-2438, arXiv:1007.4716       #
#    A. van Hameren, C.G. Papadopoulos and R. Pittau,                  #
#      JHEP 0909:106,2009, arXiv:0903.4665                             #
# in publications with results obtained with the help of this program. #
#                                                                      #
########################################################################
 PASSED   1.0000000000000001E-005
 MU_R    =    325.00000000000000     
 ALPHA_S =   0.11799999999999999     
 BORN                    3.2012161101786587E-010
 SINGLE POLE (MadFKS)   -4.4467757396512433E-011
 DOUBLE POLE (MadFKS)   -3.2063864216085585E-011
 SINGLE POLE (MadLoop)  -4.4467757396512794E-011
 DOUBLE POLE (MadLoop)  -3.2063864216085650E-011
 FINITE PART (MadLoop)   7.9391003905169088E-011
   325.00000000000000        0.0000000000000000        0.0000000000000000        325.00000000000000        0.0000000000000000     
   325.00000000000000        0.0000000000000000        0.0000000000000000       -325.00000000000000        0.0000000000000000     
   181.44135749248218        28.720445944334152        178.38071031714290        16.530778905570312        1.7769999999999999     
   110.39856562128942       -21.092638608752644        85.110013367495398       -67.052753734231246        1.7769999999999999     
   150.26361980167965       -99.688749083732830       -79.375352128833043        79.629531057567036        0.0000000000000000     
   207.89645708454881        92.060941748151308       -184.11537155580524       -29.107556228906024        0.0000000000000000     

 PASSED   1.0000000000000001E-005
 MU_R    =    325.00000000000000     
 ALPHA_S =   0.11799999999999999     
 BORN                    3.2722108468984233E-010
 SINGLE POLE (MadFKS)   -2.3283344203267697E-011
 DOUBLE POLE (MadFKS)   -3.2774958225328289E-011
 SINGLE POLE (MadLoop)  -2.3283344203264967E-011
 DOUBLE POLE (MadLoop)  -3.2774958225328264E-011
 FINITE PART (MadLoop)   1.4270180760674535E-010
   325.00000000000000        0.0000000000000000        0.0000000000000000        325.00000000000000        0.0000000000000000     
   325.00000000000000        0.0000000000000000        0.0000000000000000       -325.00000000000000        0.0000000000000000     
   42.174928179951280       -21.629714082232049       -27.154139903635151       -23.882524841372003        1.7769999999999999     
   236.29767955779604        193.38080158441210       -18.488229924133346        134.51946538788161        1.7769999999999999     
   273.74903934272209       -200.65130206043912       -9.5839857418247476       -185.97241392156542        0.0000000000000000     
   97.778352919530647        28.900214558259073        55.226355569593245        75.335473375055756        0.0000000000000000     

 PASSED   1.0000000000000001E-005
 MU_R    =    325.00000000000000     
 ALPHA_S =   0.11799999999999999     
 BORN                    4.6754557687184990E-010
 SINGLE POLE (MadFKS)   -4.9887697865750969E-011
 DOUBLE POLE (MadFKS)   -4.6830071371887915E-011
 SINGLE POLE (MadLoop)  -4.9887697865753573E-011
 DOUBLE POLE (MadLoop)  -4.6830071371886694E-011
 FINITE PART (MadLoop)   2.2297829424396981E-010
   325.00000000000000        0.0000000000000000        0.0000000000000000        325.00000000000000        0.0000000000000000     
   325.00000000000000        0.0000000000000000        0.0000000000000000       -325.00000000000000        0.0000000000000000     
   150.36998987461791       -125.66480744808295        75.420432370208417        33.587061139964959        1.7769999999999999     
   182.36658640758085       -16.246152916368384        18.983060270836965       -180.63809135153471        1.7769999999999999     
   86.751470029153865        73.612971067673541        18.178572777668968       -42.148398956259676        0.0000000000000000     
   230.51195368865140        68.297989296777786       -112.58206541871438        189.19942916782944        0.0000000000000000     

 PASSED   1.0000000000000001E-005
 MU_R    =    325.00000000000000     
 ALPHA_S =   0.11799999999999999     
 BORN                    3.2120202058583660E-011
 SINGLE POLE (MadFKS)   -3.7757958886279365E-012
 DOUBLE POLE (MadFKS)   -3.2172079670753026E-012
 SINGLE POLE (MadLoop)  -3.7757958886276659E-012
 DOUBLE POLE (MadLoop)  -3.2172079670753030E-012
 FINITE PART (MadLoop)   7.6231704852531355E-012
   325.00000000000000        0.0000000000000000        0.0000000000000000        325.00000000000000        0.0000000000000000     
   325.00000000000000        0.0000000000000000        0.0000000000000000       -325.00000000000000        0.0000000000000000     
   100.13382931301346        42.179797401386558       -69.843044115972660       -58.021030012229140        1.7769999999999999     
   117.08276985688181        63.969056238444750        9.3836820978959317        97.596739815466563        1.7769999999999999     
   172.37720255888036        76.475772552927992        51.017081154307824        145.81705526087424        0.0000000000000000     
   260.40619827122447       -182.62462619275925        9.4422808637688913       -185.39276506411170        0.0000000000000000     

 PASSED   1.0000000000000001E-005
 MU_R    =    325.00000000000000     
 ALPHA_S =   0.11799999999999999     
 BORN                    1.0591498155405686E-009
 SINGLE POLE (MadFKS)   -2.2751342461606472E-010
 DOUBLE POLE (MadFKS)   -1.0608604574368948E-010
 SINGLE POLE (MadLoop)  -2.2751342461606562E-010
 DOUBLE POLE (MadLoop)  -1.0608604574368986E-010
 FINITE PART (MadLoop)  -1.7231656156509630E-011
   325.00000000000000        0.0000000000000000        0.0000000000000000        325.00000000000000        0.0000000000000000     
   325.00000000000000        0.0000000000000000        0.0000000000000000       -325.00000000000000        0.0000000000000000     
   42.044428539297620       -19.277781209185655        11.719686943999500        35.434338314430491        1.7769999999999999     
   310.42198169940099       -70.548367764833372       -214.98526656570741       -212.51567461853875        1.7769999999999999     
   271.75527716939001        99.570947182204108        179.42480048839067        178.16648988053808        0.0000000000000000     
   25.778312591911359       -9.7447982081847613        23.840779133317270       -1.0851535764296185        0.0000000000000000     

 PASSED   1.0000000000000001E-005
 MU_R    =    325.00000000000000     
 ALPHA_S =   0.11799999999999999     
 BORN                    2.6745959932537637E-009
 SINGLE POLE (MadFKS)   -4.1910361284597930E-010
 DOUBLE POLE (MadFKS)   -2.6789157560433844E-010
 SINGLE POLE (MadLoop)  -4.1910361284585129E-010
 DOUBLE POLE (MadLoop)  -2.6789157560431290E-010
 FINITE PART (MadLoop)   3.0020384084441500E-009
   325.00000000000000        0.0000000000000000        0.0000000000000000        325.00000000000000        0.0000000000000000     
   325.00000000000000        0.0000000000000000        0.0000000000000000       -325.00000000000000        0.0000000000000000     
   223.87682005607755        15.043066895842442       -148.08853203229054       -167.21592522337636        1.7769999999999999     
   168.00204238462311        42.194516670299357        153.88102225630897       -52.552661861392693        1.7769999999999999     
   21.601227543021967       -16.805660462600358        3.6199070817049712       -13.079720199645864        0.0000000000000000     
   236.51991001627917       -40.431923103541450       -9.4123973057233901        232.84830728441497        0.0000000000000000     

 PASSED   1.0000000000000001E-005
 MU_R    =    325.00000000000000     
 ALPHA_S =   0.11799999999999999     
 BORN                    3.0195292575901159E-011
 SINGLE POLE (MadFKS)   -8.9143253584267868E-012
 DOUBLE POLE (MadFKS)   -3.0244061250355205E-012
 SINGLE POLE (MadLoop)  -8.9143253584263489E-012
 DOUBLE POLE (MadLoop)  -3.0244061250355488E-012
 FINITE PART (MadLoop)  -6.1633198865008421E-012
   325.00000000000000        0.0000000000000000        0.0000000000000000        325.00000000000000        0.0000000000000000     
   325.00000000000000        0.0000000000000000        0.0000000000000000       -325.00000000000000        0.0000000000000000     
   296.51106006014385        155.88814372013445        136.27845311324123       -212.23270453335647        1.7769999999999999     
   229.21861196691785       -59.499949065678884       -85.235479043716651        204.28578882636504        1.7769999999999999     
   43.678756502413449       -30.204177060731524       -19.088830807728314       -25.122858039542930        0.0000000000000000     
   80.591571470525054       -66.184017593724036       -31.954143261796276        33.069773746534416        0.0000000000000000     

 PASSED   1.0000000000000001E-005
 MU_R    =    325.00000000000000     
 ALPHA_S =   0.11799999999999999     
 BORN                    1.0098898629885794E-007
 SINGLE POLE (MadFKS)   -2.2955129470494775E-009
 DOUBLE POLE (MadFKS)   -1.0115209447155979E-008
 SINGLE POLE (MadLoop)  -2.2955129470489502E-009
 DOUBLE POLE (MadLoop)  -1.0115209447156096E-008
 FINITE PART (MadLoop)   5.8997020287391015E-008
   325.00000000000000        0.0000000000000000        0.0000000000000000        325.00000000000000        0.0000000000000000     
   325.00000000000000        0.0000000000000000        0.0000000000000000       -325.00000000000000        0.0000000000000000     
   74.393412870977627        50.916172359920004        28.843248419168038        45.900245777520830        1.7769999999999999     
   92.143437550916900        76.961049552207186       -48.943200557267495        12.992895202129676        1.7769999999999999     
   294.54748698727622       -161.47944653476330        126.08954352765633       -211.62239354646144        0.0000000000000000     
   188.91566259082930        33.602224622636122       -105.98959138955688        152.72925256681094        0.0000000000000000     

 PASSED   1.0000000000000001E-005
 MU_R    =    325.00000000000000     
 ALPHA_S =   0.11799999999999999     
 BORN                    1.6207388280145983E-009
 SINGLE POLE (MadFKS)   -2.5218833123002325E-010
 DOUBLE POLE (MadFKS)   -1.6233564971125145E-010
 SINGLE POLE (MadLoop)  -2.5218833123000996E-010
 DOUBLE POLE (MadLoop)  -1.6233564971124990E-010
 FINITE PART (MadLoop)   3.6337369853167097E-010
   325.00000000000000        0.0000000000000000        0.0000000000000000        325.00000000000000        0.0000000000000000     
   325.00000000000000        0.0000000000000000        0.0000000000000000       -325.00000000000000        0.0000000000000000     
   174.37667845012038       -12.912732097885824       -158.64175476085310       -71.204797973607398        1.7769999999999999     
   94.040082282764971        51.756966951628073       -73.357391117979006       -27.933651517142174        1.7769999999999999     
   177.37738039817322        17.396033129559328        48.789489942324195        169.64580389576795        0.0000000000000000     
   204.20585886894153       -56.240267983301578        183.20965593650791       -70.507354405018361        0.0000000000000000     

 PASSED   1.0000000000000001E-005
 MU_R    =    325.00000000000000     
 ALPHA_S =   0.11799999999999999     
 BORN                    9.3846871497150684E-011
 SINGLE POLE (MadFKS)   -1.3416391322086905E-011
 DOUBLE POLE (MadFKS)   -9.3998444379349797E-012
 SINGLE POLE (MadLoop)  -1.3416391322085680E-011
 DOUBLE POLE (MadLoop)  -9.3998444379349991E-012
 FINITE PART (MadLoop)   3.0451378885055489E-011
   325.00000000000000        0.0000000000000000        0.0000000000000000        325.00000000000000        0.0000000000000000     
   325.00000000000000        0.0000000000000000        0.0000000000000000       -325.00000000000000        0.0000000000000000     
   100.55832546926655        88.790073902483869       -45.348125597284628        12.988047327727678        1.7769999999999999     
   199.31752975322723       -25.403743463725569        122.83208084088486        154.89108971227549        1.7769999999999999     
   90.447195870698010        80.162879024009129       -14.727659232365085        39.213570622806316        0.0000000000000000     
   259.67694890680832       -143.54920946276746       -62.756296011235158       -207.09270766280943        0.0000000000000000     

 PASSED   1.0000000000000001E-005
 MU_R    =    325.00000000000000     
 ALPHA_S =   0.11799999999999999     
 BORN                    9.0186037388806225E-011
 SINGLE POLE (MadFKS)   -1.8824003889810166E-011
 DOUBLE POLE (MadFKS)   -9.0331697626628373E-012
 SINGLE POLE (MadLoop)  -1.8824003889808150E-011
 DOUBLE POLE (MadLoop)  -9.0331697626627807E-012
 FINITE PART (MadLoop)   3.6470770421375998E-011
   325.00000000000000        0.0000000000000000        0.0000000000000000        325.00000000000000        0.0000000000000000     
   325.00000000000000        0.0000000000000000        0.0000000000000000       -325.00000000000000        0.0000000000000000     
   266.69395385254586        146.00706251208996        55.224258566062545       -216.22841222865048        1.7769999999999999     
   114.40187915967695       -110.16789759740412       -29.473095636470319        8.8883743641170270        1.7769999999999999     
   208.34776394983089       -84.897658429929038        5.3336080288371592        190.19130096143795        0.0000000000000000     
   60.556403037951029        49.058493515243214       -31.084770958429388        17.148736903095632        0.0000000000000000     

 PASSED   1.0000000000000001E-005
 MU_R    =    325.00000000000000     
 ALPHA_S =   0.11799999999999999     
 BORN                    7.6721813725951181E-011
 SINGLE POLE (MadFKS)   -1.1977804729513820E-011
 DOUBLE POLE (MadFKS)   -7.6845727781353023E-012
 SINGLE POLE (MadLoop)  -1.1977804729513742E-011
 DOUBLE POLE (MadLoop)  -7.6845727781353427E-012
 FINITE PART (MadLoop)   1.6594557047530446E-011
   325.00000000000000        0.0000000000000000        0.0000000000000000        325.00000000000000        0.0000000000000000     
   325.00000000000000        0.0000000000000000        0.0000000000000000       -325.00000000000000        0.0000000000000000     
   276.95757601862005        274.66013969470453        17.088253098814153       -31.179166987363441        1.7769999999999999     
   51.552229717930906       -17.747154180432553       -5.0902953327812011       -48.099917586325859        1.7769999999999999     
   188.39377155110429       -137.05753106223804       -56.531772577858298        116.23942974558433        0.0000000000000000     
   133.09642271234483       -119.85545445203400        44.533814811825359       -36.960345171895057        0.0000000000000000     

 PASSED   1.0000000000000001E-005
 MU_R    =    325.00000000000000     
 ALPHA_S =   0.11799999999999999     
 BORN                    1.0384397650409536E-008
 SINGLE POLE (MadFKS)   -8.8192031883567863E-010
 DOUBLE POLE (MadFKS)   -1.0401169579581647E-009
 SINGLE POLE (MadLoop)  -8.8192031883534218E-010
 DOUBLE POLE (MadLoop)  -1.0401169579581849E-009
 FINITE PART (MadLoop)   5.6857532004290829E-009
   325.00000000000000        0.0000000000000000        0.0000000000000000        325.00000000000000        0.0000000000000000     
   325.00000000000000        0.0000000000000000        0.0000000000000000       -325.00000000000000        0.0000000000000000     
   58.299627561076775        7.1679884252092911        17.353535047706174        55.164876579616880        1.7769999999999999     
   122.23677189981936       -50.047130617265921       -21.351441215600488        109.44437560004420        1.7769999999999999     
   190.99869943492865       -110.55325754772042       -155.69446404589635        4.2088355732600160        0.0000000000000000     
   278.46490110417517        153.43239973977705        159.69237021379067       -168.81808775292109        0.0000000000000000     

 PASSED   1.0000000000000001E-005
 MU_R    =    325.00000000000000     
 ALPHA_S =   0.11799999999999999     
 BORN                    2.0148304229765443E-010
 SINGLE POLE (MadFKS)   -3.0165355445126488E-011
 DOUBLE POLE (MadFKS)   -2.0180845927691124E-011
 SINGLE POLE (MadLoop)  -3.0165355445122300E-011
 DOUBLE POLE (MadLoop)  -2.0180845927691004E-011
 FINITE PART (MadLoop)   5.1085139309965824E-011
   325.00000000000000        0.0000000000000000        0.0000000000000000        325.00000000000000        0.0000000000000000     
   325.00000000000000        0.0000000000000000        0.0000000000000000       -325.00000000000000        0.0000000000000000     
Thanks for using LHAPDF 6.2.1. Please make sure to cite the paper:
  Eur.Phys.J. C75 (2015) 3, 132  (http://arxiv.org/abs/1412.7420)
   189.48806407015798        171.75479829091989       -39.870427129184144        69.377280147308539        1.7769999999999999     
   100.74586062970192        93.112456980481241       -36.200850043840489       -12.889511867434210        1.7769999999999999     
   132.41272389869204       -102.16446188962806        2.4219598963758471        84.200274864957180        0.0000000000000000     
   227.35335140144807       -162.70279338177303        73.649317276648802       -140.68804314483154        0.0000000000000000     

 PASSED   1.0000000000000001E-005
 MU_R    =    325.00000000000000     
 ALPHA_S =   0.11799999999999999     
 BORN                    1.2970646317217216E-010
 SINGLE POLE (MadFKS)   -2.8239075709814269E-011
 DOUBLE POLE (MadFKS)   -1.2991595318658844E-011
 SINGLE POLE (MadLoop)  -2.8239075709807451E-011
 DOUBLE POLE (MadLoop)  -1.2991595318658762E-011
 FINITE PART (MadLoop)  -2.7579573360599865E-011
   325.00000000000000        0.0000000000000000        0.0000000000000000        325.00000000000000        0.0000000000000000     
   325.00000000000000        0.0000000000000000        0.0000000000000000       -325.00000000000000        0.0000000000000000     
   32.028489112587991       -13.212151572693998       -4.9268782466980729       -28.702461695776893        1.7769999999999999     
   273.96160490952417       -219.56023402021333        40.720323910558498        158.70400780449941        1.7769999999999999     
   45.151749940685932       -8.4465594713169967       -6.1498805165825310        43.926246430072950        0.0000000000000000     
   298.85815603720187        241.21894506422433       -29.643565147277886       -173.92779253879550        0.0000000000000000     

 PASSED   1.0000000000000001E-005
 MU_R    =    325.00000000000000     
 ALPHA_S =   0.11799999999999999     
 BORN                    3.4787160286604036E-010
 SINGLE POLE (MadFKS)   -2.6378771768318086E-011
 DOUBLE POLE (MadFKS)   -3.4843345325743284E-011
 SINGLE POLE (MadLoop)  -2.6378771768316610E-011
 DOUBLE POLE (MadLoop)  -3.4843345325743148E-011
 FINITE PART (MadLoop)   1.9178964467177007E-010
   325.00000000000000        0.0000000000000000        0.0000000000000000        325.00000000000000        0.0000000000000000     
   325.00000000000000        0.0000000000000000        0.0000000000000000       -325.00000000000000        0.0000000000000000     
   219.64656863547285        191.83832412005927       -85.204326022519922        64.650890250581298        1.7769999999999999     
   79.034427105144303       -78.763022049341970       -4.4382945630003148        4.4688743398407373        1.7769999999999999     
   187.55906639847754        31.322395364811157        121.31250391421381       -139.57287462448710        0.0000000000000000     
   163.75993786090530       -144.39769743552847       -31.669883328693544        70.453110034065077        0.0000000000000000     

 PASSED   1.0000000000000001E-005
 MU_R    =    325.00000000000000     
 ALPHA_S =   0.11799999999999999     
 BORN                    2.4830490781316704E-009
 SINGLE POLE (MadFKS)   -1.7965625300212834E-010
 DOUBLE POLE (MadFKS)   -2.4870594718657408E-010
 SINGLE POLE (MadLoop)  -1.7965625300212526E-010
 DOUBLE POLE (MadLoop)  -2.4870594718657295E-010
 FINITE PART (MadLoop)   8.9227027007346566E-010
   325.00000000000000        0.0000000000000000        0.0000000000000000        325.00000000000000        0.0000000000000000     
   325.00000000000000        0.0000000000000000        0.0000000000000000       -325.00000000000000        0.0000000000000000     
   20.901672506814297        11.466751560013224       -11.730613579860956        12.830763745117929        1.7769999999999999     
   199.53246012217721       -130.73721246206929        120.94480484309221        89.945429970189920        1.7769999999999999     
   269.05090527259233        22.388627628622991       -234.11579929311887       -130.67873393269630        0.0000000000000000     
   160.51496209841611        96.881833273433060        124.90160802988764        27.902540217388474        0.0000000000000000     

 PASSED   1.0000000000000001E-005
 MU_R    =    325.00000000000000     
 ALPHA_S =   0.11799999999999999     
 BORN                    2.6609854341054401E-009
 SINGLE POLE (MadFKS)   -2.3005224106447293E-010
 DOUBLE POLE (MadFKS)   -2.6652832143649500E-010
 SINGLE POLE (MadLoop)  -2.3005224106448275E-010
 DOUBLE POLE (MadLoop)  -2.6652832143649475E-010
 FINITE PART (MadLoop)   1.1113590678542025E-009
   325.00000000000000        0.0000000000000000        0.0000000000000000        325.00000000000000        0.0000000000000000     
   325.00000000000000        0.0000000000000000        0.0000000000000000       -325.00000000000000        0.0000000000000000     
   161.05517687295725       -21.652492977494944        159.50238810926999        5.0764164406482104        1.7769999999999999     
   85.374684700366402       -24.616007943688317        49.829022776279636       -64.782711434180186        1.7769999999999999     
   249.37622959261634       -80.828387218445798       -234.70712482868791       -23.829420054733514        0.0000000000000000     
   154.19390883405993        127.09688813962914        25.375713943138113        83.535715048265473        0.0000000000000000     

 PASSED   1.0000000000000001E-005
 MU_R    =    325.00000000000000     
 ALPHA_S =   0.11799999999999999     
 BORN                    1.9196641528859775E-010
 SINGLE POLE (MadFKS)   -6.1219813033478725E-011
 DOUBLE POLE (MadFKS)   -1.9227646188244302E-011
 SINGLE POLE (MadLoop)  -6.1219813033494674E-011
 DOUBLE POLE (MadLoop)  -1.9227646188243511E-011
 FINITE PART (MadLoop)  -1.7389015877873082E-011
   325.00000000000000        0.0000000000000000        0.0000000000000000        325.00000000000000        0.0000000000000000     
   325.00000000000000        0.0000000000000000        0.0000000000000000       -325.00000000000000        0.0000000000000000     
   270.61032339931000       -41.779863430626975        117.00191235627905        240.39921987804146        1.7769999999999999     
   286.89730119222918        21.958582726032553       -45.258364856095227       -282.44717162259070        1.7769999999999999     
   41.627711938378887        12.255008727175769       -39.643849476774840        3.3236066229804169        0.0000000000000000     
   50.864663470081972        7.5662719774186620       -32.099698023409033        38.724345121568810        0.0000000000000000     

 PASSED   1.0000000000000001E-005
 MU_R    =    325.00000000000000     
 ALPHA_S =   0.11799999999999999     
 BORN                    1.0575675006206878E-008
 SINGLE POLE (MadFKS)   -4.7635253229239470E-010
 DOUBLE POLE (MadFKS)   -1.0592755869066974E-009
 SINGLE POLE (MadLoop)  -4.7635253229318745E-010
 DOUBLE POLE (MadLoop)  -1.0592755869066930E-009
 FINITE PART (MadLoop)   4.4110738555236509E-009
   325.00000000000000        0.0000000000000000        0.0000000000000000        325.00000000000000        0.0000000000000000     
   325.00000000000000        0.0000000000000000        0.0000000000000000       -325.00000000000000        0.0000000000000000     
   152.18944550962249        97.157415541693950        109.12719905378769        42.545982506694600        1.7769999999999999     
   24.799238060721663       -10.392311153410652        13.418340670938685        17.994234685634027        1.7769999999999999     
   311.52911257967037       -91.856669541522280       -258.97208821601470       -146.78623154251633        0.0000000000000000     
   161.48220384998550        5.0915651532389958        136.42654849128832        86.246014350187707        0.0000000000000000     

 NUMBER OF POINTS PASSING THE CHECK          20
 NUMBER OF POINTS FAILING THE CHECK           0
 TOLERANCE    1.0000000000000001E-005
