==== LHAPDF6 USING DEFAULT-TYPE LHAGLUE INTERFACE ====
LHAPDF 6.2.1 loading /cvmfs/cms.cern.ch/slc6_amd64_gcc481/external/lhapdf/6.2.1/share/LHAPDF/NNPDF31_nnlo_hessian_pdfas/NNPDF31_nnlo_hessian_pdfas_0000.dat
NNPDF31_nnlo_hessian_pdfas PDF set, member #0, version 1; LHAPDF ID = 306000
 A PDF is used, so alpha_s(MZ) is going to be modified
 Old value of alpha_s from param_card:   0.11799999999999999     
 New value of alpha_s from PDF lhapdf :  0.11800208008122040     
 using LHAPDF
 *****************************************************
 *               MadGraph/MadEvent                   *
 *        --------------------------------           *
 *          http://madgraph.hep.uiuc.edu             *
 *          http://madgraph.phys.ucl.ac.be           *
 *          http://madgraph.roma2.infn.it            *
 *        --------------------------------           *
 *                                                   *
 *          PARAMETER AND COUPLING VALUES            *
 *                                                   *
 *****************************************************

  External Params
  ---------------------------------
  
 MU_R =    91.188000000000002     
 aEWM1 =    132.50700000000001     
 mdl_Gf =    1.1663900000000000E-005
 aS =   0.11799999999999999     
 mdl_lamWS =   0.22530000000000000     
 mdl_AWS =   0.80800000000000005     
 mdl_rhoWS =   0.13200000000000001     
 mdl_etaWS =   0.34100000000000003     
 mdl_ymt =    173.00000000000000     
 mdl_ymtau =    1.7769999999999999     
 mdl_MT =    173.00000000000000     
 mdl_MZ =    91.188000000000002     
 mdl_MH =    125.00000000000000     
 mdl_MTA =    1.7769999999999999     
 mdl_WT =    1.4915000000000000     
 mdl_WZ =    2.4414039999999999     
 mdl_WW =    2.0476000000000001     
 mdl_WH =    6.3823389999999999E-003
  Internal Params
  ---------------------------------
  
 mdl_CKM33 =    1.0000000000000000     
 mdl_conjg__CKM3x3 =    1.0000000000000000     
 mdl_I4x33 =    0.0000000000000000     
 mdl_I1x33 =    0.0000000000000000     
 mdl_lhv =    1.0000000000000000     
 mdl_CKM3x3 =    1.0000000000000000     
 mdl_conjg__CKM33 =    1.0000000000000000     
 mdl_Ncol =    3.0000000000000000     
 mdl_CA =    3.0000000000000000     
 mdl_TF =   0.50000000000000000     
 mdl_CF =    1.3333333333333333     
 mdl_lamWS__exp__2 =    5.0760090000000001E-002
 mdl_CKM11 =  ( 0.97461995499999998     ,  0.0000000000000000     )
 mdl_CKM12 =  ( 0.22530000000000000     ,  0.0000000000000000     )
 mdl_complexi =  (  0.0000000000000000     ,  1.0000000000000000     )
 mdl_lamWS__exp__3 =    1.1436248277000001E-002
 mdl_CKM13 =  (  1.2197444962317122E-003, -3.1510066152652563E-003)
 mdl_CKM21 =  (-0.22530000000000000     ,  0.0000000000000000     )
 mdl_CKM22 =  ( 0.97461995499999998     ,  0.0000000000000000     )
 mdl_CKM23 =  (  4.1014152720000002E-002,  0.0000000000000000     )
 mdl_CKM31 =  (  8.0207441115842885E-003, -3.1510066152652563E-003)
 mdl_CKM32 =  ( -4.1014152720000002E-002,  0.0000000000000000     )
 mdl_MZ__exp__2 =    8315.2513440000002     
 mdl_MZ__exp__4 =    69143404.913893804     
 mdl_sqrt__2 =    1.4142135623730951     
 mdl_MH__exp__2 =    15625.000000000000     
 mdl_CKM1x1 =  ( 0.97461995499999998     ,  0.0000000000000000     )
 mdl_CKM1x2 =  ( 0.22530000000000000     ,  0.0000000000000000     )
 mdl_CKM1x3 =  (  1.2197444962317122E-003, -3.1510066152652563E-003)
 mdl_CKM2x1 =  (-0.22530000000000000     ,  0.0000000000000000     )
 mdl_CKM2x2 =  ( 0.97461995499999998     ,  0.0000000000000000     )
 mdl_CKM2x3 =  (  4.1014152720000002E-002,  0.0000000000000000     )
 mdl_CKM3x1 =  (  8.0207441115842885E-003, -3.1510066152652563E-003)
 mdl_CKM3x2 =  ( -4.1014152720000002E-002,  0.0000000000000000     )
 mdl_conjg__CKM1x3 =  (  1.2197444962317122E-003,  3.1510066152652563E-003)
 mdl_conjg__CKM2x3 =  (  4.1014152720000002E-002, -0.0000000000000000     )
 mdl_conjg__CKM2x1 =  (-0.22530000000000000     , -0.0000000000000000     )
 mdl_conjg__CKM3x1 =  (  8.0207441115842885E-003,  3.1510066152652563E-003)
 mdl_conjg__CKM2x2 =  ( 0.97461995499999998     , -0.0000000000000000     )
 mdl_conjg__CKM3x2 =  ( -4.1014152720000002E-002, -0.0000000000000000     )
 mdl_Ncol__exp__2 =    9.0000000000000000     
 mdl_MT__exp__2 =    29929.000000000000     
 mdl_conjg__CKM11 =  ( 0.97461995499999998     , -0.0000000000000000     )
 mdl_conjg__CKM12 =  ( 0.22530000000000000     , -0.0000000000000000     )
 mdl_conjg__CKM13 =  (  1.2197444962317122E-003,  3.1510066152652563E-003)
 mdl_conjg__CKM21 =  (-0.22530000000000000     , -0.0000000000000000     )
 mdl_conjg__CKM22 =  ( 0.97461995499999998     , -0.0000000000000000     )
 mdl_conjg__CKM23 =  (  4.1014152720000002E-002, -0.0000000000000000     )
 mdl_conjg__CKM31 =  (  8.0207441115842885E-003,  3.1510066152652563E-003)
 mdl_conjg__CKM32 =  ( -4.1014152720000002E-002, -0.0000000000000000     )
 mdl_aEW =    7.5467711139788835E-003
 mdl_MW =    80.419002445756163     
 mdl_sqrt__aEW =    8.6872153846781555E-002
 mdl_ee =   0.30795376724436879     
 mdl_MW__exp__2 =    6467.2159543705357     
 mdl_sw2 =   0.22224648578577766     
 mdl_cw =   0.88190334743339216     
 mdl_sqrt__sw2 =   0.47143025548407230     
 mdl_sw =   0.47143025548407230     
 mdl_g1 =   0.34919219678733299     
 mdl_gw =   0.65323293034757990     
 mdl_v =    246.21845810181637     
 mdl_v__exp__2 =    60623.529110035903     
 mdl_lam =   0.12886910601690263     
 mdl_yt =   0.99366614581500623     
 mdl_ytau =    1.0206617000654717E-002
 mdl_muH =    88.388347648318430     
 mdl_AxialZUp =  -0.18517701861793787     
 mdl_AxialZDown =   0.18517701861793787     
 mdl_VectorZUp =    7.5430507588273299E-002
 mdl_VectorZDown =  -0.13030376310310560     
 mdl_VectorAUp =   0.20530251149624587     
 mdl_VectorADown =  -0.10265125574812294     
 mdl_VectorWmDxU =   0.23095271737156670     
 mdl_AxialWmDxU =  -0.23095271737156670     
 mdl_VectorWpUxD =   0.23095271737156670     
 mdl_AxialWpUxD =  -0.23095271737156670     
 mdl_I2x13 =  (  7.9699418879263656E-003,  3.1310485988282153E-003)
 mdl_I2x23 =  ( -4.0754375057150453E-002, -0.0000000000000000     )
 mdl_I2x33 =  ( 0.99366614581500623     ,  0.0000000000000000     )
 mdl_I3x31 =  (  7.9699418879263656E-003, -3.1310485988282153E-003)
 mdl_I3x32 =  ( -4.0754375057150453E-002,  0.0000000000000000     )
 mdl_I3x33 =  ( 0.99366614581500623     ,  0.0000000000000000     )
 mdl_Vector_tdGp =  ( -7.9699418879263656E-003, -3.1310485988282153E-003)
 mdl_Vector_tsGp =  (  4.0754375057150453E-002,  0.0000000000000000     )
 mdl_Vector_tbGp =  (-0.99366614581500623     ,  0.0000000000000000     )
 mdl_Axial_tdGp =  ( -7.9699418879263656E-003, -3.1310485988282153E-003)
 mdl_Axial_tsGp =  (  4.0754375057150453E-002,  0.0000000000000000     )
 mdl_Axial_tbGp =  (-0.99366614581500623     , -0.0000000000000000     )
 mdl_Vector_tdGm =  (  7.9699418879263656E-003, -3.1310485988282153E-003)
 mdl_Vector_tsGm =  ( -4.0754375057150453E-002,  0.0000000000000000     )
 mdl_Vector_tbGm =  ( 0.99366614581500623     ,  0.0000000000000000     )
 mdl_Axial_tdGm =  ( -7.9699418879263656E-003,  3.1310485988282153E-003)
 mdl_Axial_tsGm =  (  4.0754375057150453E-002, -0.0000000000000000     )
 mdl_Axial_tbGm =  (-0.99366614581500623     ,  0.0000000000000000     )
 mdl_gw__exp__2 =   0.42671326129048615     
 mdl_cw__exp__2 =   0.77775351421422245     
 mdl_ee__exp__2 =    9.4835522759998875E-002
 mdl_sw__exp__2 =   0.22224648578577769     
 mdl_yt__exp__2 =   0.98737240933884918     
  Internal Params evaluated point by point
  ----------------------------------------
  
 mdl_sqrt__aS =   0.34351128074635334     
 mdl_G__exp__4 =    2.1987899468922913     
 mdl_G__exp__2 =    1.4828317324943823     
 mdl_R2MixedFactor_FIN_ =   -2.5040377713124864E-002
 mdl_G_UVg_1EPS_ =   -5.1645779033320030E-002
 mdl_G_UVq_1EPS_ =    3.1300472141406080E-003
 mdl_G_UVb_1EPS_ =    3.1300472141406080E-003
 mdl_GWcft_UV_t_1EPS_ =   -3.1300472141406080E-003
 mdl_tWcft_UV_1EPS_ =   -1.8780283284843650E-002
 mdl_G__exp__3 =    1.8056676068262196     
 mdl_MU_R__exp__2 =    8315.2513440000002     
 mdl_G_UVt_FIN_ =   -4.0087659331150384E-003
 mdl_GWcft_UV_t_FIN_ =    4.0087659331150384E-003
 mdl_tWcft_UV_FIN_ =   -9.8778211443463623E-004
  Couplings of loop_sm-ckm_no_b_mass
  ---------------------------------
  
       UV_3Gt =   0.48815E-02   0.00000E+00
      UV_GQQt =   0.00000E+00  -0.48815E-02
   UVWfct_G_2 =   0.40088E-02   0.00000E+00
       R2_DDA =   0.00000E+00   0.25704E-02
       R2_UUA =  -0.00000E+00  -0.51409E-02
    R2_DDZ_V2 =   0.00000E+00   0.72127E-02
    R2_UUZ_V2 =  -0.00000E+00  -0.72127E-02
    R2_UUZ_V5 =   0.00000E+00   0.68702E-03
      R2_GGHt =   0.00000E+00  -0.45657E+01
     R2_GGZup =  -0.46369E-02   0.00000E+00
   R2_GGZdown =   0.46369E-02   0.00000E+00
 R2_GGGZvecUp =   0.00000E+00   0.28750E-03
 R2_GGGZvecDown  -0.00000E+00  -0.49665E-03
 R2_GGGZaxialUp  -0.00000E+00  -0.63522E-02
 R2_GGGZaxialDow  0.00000E+00   0.63522E-02
 R2_GGGAvecUp =   0.00000E+00   0.78251E-03
 R2_GGGAvecDown  -0.00000E+00  -0.39126E-03
         GC_4 =  -0.12177E+01   0.00000E+00
         GC_5 =   0.00000E+00   0.12177E+01
         GC_6 =   0.00000E+00   0.14828E+01
       R2_3Gq =   0.76230E-02   0.00000E+00
       R2_3Gg =   0.31445E-01   0.00000E+00
       R2_GQQ =  -0.00000E+00  -0.30492E-01
       R2_GGq =   0.00000E+00   0.62601E-02
       R2_GGt =  -0.00000E+00  -0.11242E+04
     R2_GGg_1 =   0.00000E+00   0.28170E-01
     R2_GGg_2 =  -0.00000E+00  -0.18780E-01
       R2_QQq =   0.00000E+00   0.12520E-01
  UV_3Gg_1eps =   0.62890E-01   0.00000E+00
  UV_3Gb_1eps =  -0.38115E-02   0.00000E+00
 UV_GQQg_1eps =   0.00000E+00  -0.62890E-01
 UV_GQQq_1eps =   0.00000E+00   0.38115E-02
 UVWfct_G_2_1eps -0.31300E-02   0.00000E+00
         GC_1 =  -0.00000E+00  -0.10265E+00
         GC_2 =   0.00000E+00   0.20530E+00
        GC_21 =  -0.00000E+00  -0.28804E+00
        GC_22 =   0.00000E+00   0.28804E+00
        GC_23 =  -0.00000E+00  -0.27437E-01
        GC_24 =   0.00000E+00   0.82310E-01
        GC_37 =  -0.00000E+00  -0.70263E+00
        GC_38 =  -0.00000E+00  -0.72172E-02
      GC_1003 =  -0.00000E+00  -0.30795E+00

 Collider parameters:
 --------------------

 Running at P P   machine @    13000.000000000000       GeV
 PDF set = lhapdf 
 alpha_s(Mz)= 0.1180 running at 3 loops.
 alpha_s(Mz)= 0.1180 running at 3 loops.
 Renormalization scale set on event-by-event basis
 Factorization   scale set on event-by-event basis


 ===============================================================
 INFO: MadFKS read these parameters from FKS_params.dat
 ===============================================================
  > IRPoleCheckThreshold      =    1.0000000000000001E-005
  > PrecisionVirtualAtRunTime =    1.0000000000000000E-003
  > NHelForMCoverHels         =            4
  > VirtualFraction           =    1.0000000000000000     
  > MinVirtualFraction        =    5.0000000000000001E-003
 ===============================================================
  Insert the number of points to test
 Insert the relative tolerance
  A negative number will mean use the default one:    1.0000000000000001E-005
Using random seed offsets:     0 ,     56 ,      0
  with seed                   32
 Ranmar initialization seeds       10729        9462
  ========================================================================================== 
 {                                                                                          }
 {       [32m                                                                            [0m       }
 {       [32m                               ,,                                           [0m       }
 {       [32m`7MMM.     ,MMF'             `7MM  `7MMF'                                   [0m       }
 {       [32m  MMMb    dPMM                 MM    MM                                     [0m       }
 {       [32m  M YM   ,M MM   ,6"Yb.   ,M""bMM    MM         ,pW"Wq.   ,pW"Wq.`7MMpdMAo. [0m       }
 {       [32m  M  Mb  M' MM  8)   MM ,AP    MM    MM        6W'   `Wb 6W'   `Wb MM   `Wb [0m       }
 {       [32m  M  YM.P'  MM   ,pm9MM 8MI    MM    MM      , 8M     M8 8M     M8 MM    M8 [0m       }
 {       [32m  M  `YM'   MM  8M   MM `Mb    MM    MM     ,M YA.   ,A9 YA.   ,A9 MM   ,AP [0m       }
 {       [32m.JML. `'  .JMML.`Moo9^Yo.`Wbmd"MML..JMMmmmmMMM  `Ybmd9'   `Ybmd9'  MMbmmd'  [0m       }
 {       [32m                                                                   MM       [0m       }
 {       [32m                                                                 .JMML.     [0m       }
 {       [32m[0mv2.4.2 (2016-06-10), Ref: arXiv:1103.0621v2, arXiv:1405.0301[32m                [0m       }
 {       [32m                                                                            [0m       }
 {                                                                                          }
  ========================================================================================== 
 ===============================================================
 INFO: MadLoop read these parameters from ./MadLoop5_resources/MadLoopParams.dat                                                                                                                                                                                                                                                                                                                                                                                                                                                                                          
 ===============================================================
  > MLReductionLib            = 6|1|2
  > IREGIMODE                 =            2
  > IREGIRECY                 =  T
  > CTModeRun                 =           -1
  > MLStabThres               =    1.0000000000000000E-003
  > NRotations_DP             =            1
  > NRotations_QP             =            0
  > CTStabThres               =    1.0000000000000000E-002
  > CTLoopLibrary             =            2
  > CTModeInit                =            1
  > CheckCycle                =            3
  > MaxAttempts               =           10
  > UseLoopFilter             =  F
  > HelicityFilterLevel       =            2
  > ImprovePSPoint            =            2
  > DoubleCheckHelicityFilter =  T
  > LoopInitStartOver         =  F
  > HelInitStartOver          =  F
  > ZeroThres                 =    1.0000000000000001E-009
  > OSThres                   =    1.0000000000000000E-008
  > WriteOutFilters           =  T
  > UseQPIntegrandForNinja    =  F
  > UseQPIntegrandForCutTools =  T
 ===============================================================
  
------------------------------------------------------------------------
|              You are using CutTools - Version 1.9.3                  |
|              Authors: G. Ossola, C. Papadopoulos, R. Pittau          |
|              Published in JHEP 0803:042,2008                         |
|              http://www.ugr.es/~pittau/CutTools                      |
|                                                                      |
|              Compiler with  34  significant digits detetected        |
 ---------------------------------------------------------------------- 
   
########################################################################
#                                                                      #
#                      You are using OneLOop-3.6                       #
#                                                                      #
# for the evaluation of 1-loop scalar 1-, 2-, 3- and 4-point functions #
#                                                                      #
# author: Andreas van Hameren <hamerenREMOVETHIS@ifj.edu.pl>           #
#   date: 18-02-2015                                                   #
#                                                                      #
# Please cite                                                          #
#    A. van Hameren,                                                   #
#      Comput.Phys.Commun. 182 (2011) 2427-2438, arXiv:1007.4716       #
#    A. van Hameren, C.G. Papadopoulos and R. Pittau,                  #
#      JHEP 0909:106,2009, arXiv:0903.4665                             #
# in publications with results obtained with the help of this program. #
#                                                                      #
########################################################################
 PASSED   1.0000000000000001E-005
 MU_R    =    325.00000000000000     
 ALPHA_S =   0.11799999999999999     
 BORN                    6.5195693899418496E-011
 SINGLE POLE (MadFKS)   -1.0880139999880012E-011
 DOUBLE POLE (MadFKS)   -6.5300992020428386E-012
 SINGLE POLE (MadLoop)  -1.0880139999880037E-011
 DOUBLE POLE (MadLoop)  -6.5300992020428224E-012
 FINITE PART (MadLoop)   6.9851533192731260E-012
   325.00000000000000        0.0000000000000000        0.0000000000000000        325.00000000000000        0.0000000000000000     
   325.00000000000000        0.0000000000000000        0.0000000000000000       -325.00000000000000        0.0000000000000000     
   114.84660656531220       -1.9556896943282838       -66.073498259172013        93.915979179170066        0.0000000000000000     
   171.47509692364150        9.4438450087520689        149.54821092582247        83.365791937152736        0.0000000000000000     
   140.21540978568666        104.60985327638478        70.827699159059677       -60.832366144142547        0.0000000000000000     
   223.46288672535957       -112.09800859080858       -154.30241182571015       -116.44940497218023        0.0000000000000000     

 PASSED   1.0000000000000001E-005
 MU_R    =    325.00000000000000     
 ALPHA_S =   0.11799999999999999     
 BORN                    4.9567914444541809E-011
 SINGLE POLE (MadFKS)   -1.0456922599461579E-011
 DOUBLE POLE (MadFKS)   -4.9647972005727394E-012
 SINGLE POLE (MadLoop)  -1.0456922599461056E-011
 DOUBLE POLE (MadLoop)  -4.9647972005727499E-012
 FINITE PART (MadLoop)   2.9282857680677820E-012
   325.00000000000000        0.0000000000000000        0.0000000000000000        325.00000000000000        0.0000000000000000     
   325.00000000000000        0.0000000000000000        0.0000000000000000       -325.00000000000000        0.0000000000000000     
   158.17494170484312       -140.48563129868327       -52.902485505696440       -49.844022803747720        0.0000000000000000     
   260.71592884020521        235.25310163971957       -24.715629740920541        109.62623484555333        0.0000000000000000     
   53.467259677560335        38.170471358020706       -32.666912288821294       -18.293053743119174        0.0000000000000000     
   177.64186977739152       -132.93794169905701        110.28502753543826       -41.489158298686412        0.0000000000000000     

 PASSED   1.0000000000000001E-005
 MU_R    =    325.00000000000000     
 ALPHA_S =   0.11799999999999999     
 BORN                    2.7828645872677473E-010
 SINGLE POLE (MadFKS)   -7.4686439203166204E-011
 DOUBLE POLE (MadFKS)   -2.7873592155865490E-011
 SINGLE POLE (MadLoop)  -7.4686439203168285E-011
 DOUBLE POLE (MadLoop)  -2.7873592155865855E-011
 FINITE PART (MadLoop)  -3.3278754708078888E-011
   325.00000000000000        0.0000000000000000        0.0000000000000000        325.00000000000000        0.0000000000000000     
   325.00000000000000        0.0000000000000000        0.0000000000000000       -325.00000000000000        0.0000000000000000     
   110.65790397437317       -43.189560116286529        97.639617181775563       -29.091902061563136        0.0000000000000000     
   256.87994320095760       -98.328538500811860       -55.575345466299993        230.71667627530306        0.0000000000000000     
   233.68791164468058        162.49785144957150       -53.645340699135069       -159.14353817984167        0.0000000000000000     
   48.774241179988756       -20.979752832473189        11.581068983659478       -42.481236033898192        0.0000000000000000     

 PASSED   1.0000000000000001E-005
 MU_R    =    325.00000000000000     
 ALPHA_S =   0.11799999999999999     
 BORN                    1.0495996030429322E-011
 SINGLE POLE (MadFKS)   -1.6539948361225850E-012
 DOUBLE POLE (MadFKS)   -1.0512948203096377E-012
 SINGLE POLE (MadLoop)  -1.6539948361231145E-012
 DOUBLE POLE (MadLoop)  -1.0512948203096266E-012
 FINITE PART (MadLoop)   1.0887183647983741E-012
   325.00000000000000        0.0000000000000000        0.0000000000000000        325.00000000000000        0.0000000000000000     
   325.00000000000000        0.0000000000000000        0.0000000000000000       -325.00000000000000        0.0000000000000000     
   185.49144308085732        85.289937751588852       -15.254095659183006        164.01223899505041        0.0000000000000000     
   174.11571082325989       -55.293644750419510       -157.80020103522511       -48.559140838219349        0.0000000000000000     
   190.09522969973722        38.384367928491329        108.87927421628933       -151.02364152496176        0.0000000000000000     
   100.29761639614543       -68.380660929660664        64.175022478118819        35.570543368130700        0.0000000000000000     

 PASSED   1.0000000000000001E-005
 MU_R    =    325.00000000000000     
 ALPHA_S =   0.11799999999999999     
 BORN                    7.4314322453908046E-010
 SINGLE POLE (MadFKS)   -2.1417841409184394E-010
 DOUBLE POLE (MadFKS)   -7.4434348149632563E-011
 SINGLE POLE (MadLoop)  -2.1417841409184257E-010
 DOUBLE POLE (MadLoop)  -7.4434348149632033E-011
 FINITE PART (MadLoop)  -1.4793595074585605E-010
   325.00000000000000        0.0000000000000000        0.0000000000000000        325.00000000000000        0.0000000000000000     
   325.00000000000000        0.0000000000000000        0.0000000000000000       -325.00000000000000        0.0000000000000000     
   88.572248715437809       -46.391794832872229        73.439144972966318       -17.307125709767593        0.0000000000000000     
   88.082069670943767       -75.564029675750234        45.182343630355781        2.6616237051424143        0.0000000000000000     
   197.85465430846477        2.5849106032102340        58.002886783276729        189.14398640586447        0.0000000000000000     
   275.49102730515398        119.37091390541218       -176.62437538659876       -174.49848440123932        0.0000000000000000     

 PASSED   1.0000000000000001E-005
 MU_R    =    325.00000000000000     
 ALPHA_S =   0.11799999999999999     
 BORN                    3.9031543827330142E-010
 SINGLE POLE (MadFKS)   -1.0002191357364400E-010
 DOUBLE POLE (MadFKS)   -3.9094584006509363E-011
 SINGLE POLE (MadLoop)  -1.0002191357363724E-010
 DOUBLE POLE (MadLoop)  -3.9094584006509899E-011
 FINITE PART (MadLoop)  -2.9354614078040286E-011
   325.00000000000000        0.0000000000000000        0.0000000000000000        325.00000000000000        0.0000000000000000     
   325.00000000000000        0.0000000000000000        0.0000000000000000       -325.00000000000000        0.0000000000000000     
   246.04202996845851        198.67420442840316        119.00707002798558       -83.081636292835739        0.0000000000000000     
   30.851691810535044        16.092948124120632        13.129390224985723       -22.813658640530381        0.0000000000000000     
   266.61305166672537       -148.98704938604200       -116.18785715186733        188.11103179968569        0.0000000000000000     
   106.49322655428105       -65.780103166481794       -15.948603101103961       -82.215736866319560        0.0000000000000000     

 PASSED   1.0000000000000001E-005
 MU_R    =    325.00000000000000     
 ALPHA_S =   0.11799999999999999     
 BORN                    3.7767750880375353E-011
 SINGLE POLE (MadFKS)   -8.9590723278978292E-012
 DOUBLE POLE (MadFKS)   -3.7828749896792126E-012
 SINGLE POLE (MadLoop)  -8.9590723278979827E-012
 DOUBLE POLE (MadLoop)  -3.7828749896792086E-012
 FINITE PART (MadLoop)   3.8835343991568366E-013
   325.00000000000000        0.0000000000000000        0.0000000000000000        325.00000000000000        0.0000000000000000     
   325.00000000000000        0.0000000000000000        0.0000000000000000       -325.00000000000000        0.0000000000000000     
   195.62835418450990        86.255139553702165       -161.91031102391040        67.937876369901332        0.0000000000000000     
   259.69921090785539       -217.61385954803026        81.210097527944328       -116.15854827895659        0.0000000000000000     
   162.90219581474184        117.79042290779154        106.64912516802568        35.895762610131165        0.0000000000000000     
   31.770239092892730        13.568297086536477       -25.948911672059602        12.324909298924053        0.0000000000000000     

 PASSED   1.0000000000000001E-005
 MU_R    =    325.00000000000000     
 ALPHA_S =   0.11799999999999999     
 BORN                    1.7981161457659132E-011
 SINGLE POLE (MadFKS)   -3.2391236492474318E-012
 DOUBLE POLE (MadFKS)   -1.8010202984818702E-012
 SINGLE POLE (MadLoop)  -3.2391236492472133E-012
 DOUBLE POLE (MadLoop)  -1.8010202984818712E-012
 FINITE PART (MadLoop)   1.3027139798689207E-012
   325.00000000000000        0.0000000000000000        0.0000000000000000        325.00000000000000        0.0000000000000000     
   325.00000000000000        0.0000000000000000        0.0000000000000000       -325.00000000000000        0.0000000000000000     
   171.69447779907208        133.95824483502719        106.43445261906048       -14.348855114466073        0.0000000000000000     
   137.07881879644654       -2.3656216929924407       -136.91269591185872       -6.3182351002143005        0.0000000000000000     
   107.81666233445060        86.354210745153168       -50.851905988136203        39.767657976003164        0.0000000000000000     
   233.41004107003073       -217.94683388718792        81.330149280934421       -19.100567761322811        0.0000000000000000     

 PASSED   1.0000000000000001E-005
 MU_R    =    325.00000000000000     
 ALPHA_S =   0.11799999999999999     
 BORN                    2.6302282828211850E-011
 SINGLE POLE (MadFKS)   -4.6536544691162823E-012
 DOUBLE POLE (MadFKS)   -2.6344763869434515E-012
 SINGLE POLE (MadLoop)  -4.6536544691161934E-012
 DOUBLE POLE (MadLoop)  -2.6344763869434507E-012
 FINITE PART (MadLoop)  -2.7666089187690924E-013
   325.00000000000000        0.0000000000000000        0.0000000000000000        325.00000000000000        0.0000000000000000     
   325.00000000000000        0.0000000000000000        0.0000000000000000       -325.00000000000000        0.0000000000000000     
   99.386124217044582        36.988811617268702        65.977529382275577       -64.470110273203233        0.0000000000000000     
   175.00564360852408        70.647139588649011        79.941190510926830        138.72765774160314        0.0000000000000000     
   137.82010436491638       -116.32307229062810        66.577810521947455        32.104815310626094        0.0000000000000000     
   237.78812780951500        8.6871210847103804       -212.49653041514989       -106.36236277902601        0.0000000000000000     

 PASSED   1.0000000000000001E-005
 MU_R    =    325.00000000000000     
 ALPHA_S =   0.11799999999999999     
 BORN                    5.2785370651281129E-011
 SINGLE POLE (MadFKS)   -1.1599659972254346E-011
 DOUBLE POLE (MadFKS)   -5.2870624753415013E-012
 SINGLE POLE (MadLoop)  -1.1599659972254532E-011
 DOUBLE POLE (MadLoop)  -5.2870624753414044E-012
 FINITE PART (MadLoop)  -8.8730669209998954E-013
   325.00000000000000        0.0000000000000000        0.0000000000000000        325.00000000000000        0.0000000000000000     
   325.00000000000000        0.0000000000000000        0.0000000000000000       -325.00000000000000        0.0000000000000000     
   172.72055944447803        52.234988592790820        134.36688631262859       -95.128531388714421        0.0000000000000000     
   239.59278586132118        109.97107266361188       -194.53660232903974        86.409354634070468        0.0000000000000000     
   197.53437091334803       -170.42290994265781        99.471100491768397        9.0199570822381681        0.0000000000000000     
   40.152283780852770        8.2168486862550907       -39.301384475357246      -0.30078032759419882        0.0000000000000000     

 PASSED   1.0000000000000001E-005
 MU_R    =    325.00000000000000     
 ALPHA_S =   0.11799999999999999     
 BORN                    2.1904389259698614E-011
 SINGLE POLE (MadFKS)   -3.4140061003574584E-012
 DOUBLE POLE (MadFKS)   -2.1939767225526751E-012
 SINGLE POLE (MadLoop)  -3.4140061003574394E-012
 DOUBLE POLE (MadLoop)  -2.1939767225526739E-012
 FINITE PART (MadLoop)   1.7184914748437979E-012
   325.00000000000000        0.0000000000000000        0.0000000000000000        325.00000000000000        0.0000000000000000     
   325.00000000000000        0.0000000000000000        0.0000000000000000       -325.00000000000000        0.0000000000000000     
   216.97024953479283        129.86809560679063       -173.65037326237353       -7.4776194403105949        0.0000000000000000     
   91.669835597026363       -78.495213675973005       -41.797140644934515       -22.245431491808421        0.0000000000000000     
   212.79636490023734       -25.985302696156349        189.34264436571354       -93.575744630449094        0.0000000000000000     
   128.56354996794332       -25.387579234661274        26.104869541594493        123.29879556256817        0.0000000000000000     

 PASSED   1.0000000000000001E-005
 MU_R    =    325.00000000000000     
 ALPHA_S =   0.11799999999999999     
 BORN                    2.8213143844522396E-011
 SINGLE POLE (MadFKS)   -3.8471606830103483E-012
 DOUBLE POLE (MadFKS)   -2.8258711133662586E-012
 SINGLE POLE (MadLoop)  -3.8471606830106003E-012
 DOUBLE POLE (MadLoop)  -2.8258711133662659E-012
 FINITE PART (MadLoop)   1.2577077036216455E-012
   325.00000000000000        0.0000000000000000        0.0000000000000000        325.00000000000000        0.0000000000000000     
   325.00000000000000        0.0000000000000000        0.0000000000000000       -325.00000000000000        0.0000000000000000     
   115.84986818521470        87.779898963161884       -50.090834155456427        56.628523114763169        0.0000000000000000     
   153.57179754410657       -101.40697299387610       -115.30400633140201       -2.4308338230633537        0.0000000000000000     
   269.97085939277810       -15.555852728435616        231.59413666107648       -137.86383220909318        0.0000000000000000     
   110.60747487790069        29.182926759149787       -66.199296174218048        83.666142917393358        0.0000000000000000     

 PASSED   1.0000000000000001E-005
 MU_R    =    325.00000000000000     
 ALPHA_S =   0.11799999999999999     
 BORN                    8.4984226877746167E-012
 SINGLE POLE (MadFKS)   -1.1847609939366989E-012
 DOUBLE POLE (MadFKS)   -8.5121485627066502E-013
 SINGLE POLE (MadLoop)  -1.1847609939366943E-012
 DOUBLE POLE (MadLoop)  -8.5121485627066411E-013
 FINITE PART (MadLoop)   5.8645552046735311E-013
   325.00000000000000        0.0000000000000000        0.0000000000000000        325.00000000000000        0.0000000000000000     
   325.00000000000000        0.0000000000000000        0.0000000000000000       -325.00000000000000        0.0000000000000000     
   129.23138279568610       0.90608090231063099       -67.789760431907126        110.02035128678818        0.0000000000000000     
   174.53043393561785       -114.05713596722022        88.164333668583026       -98.381361921274859        0.0000000000000000     
   215.10425835457926        181.14049704965942        28.956582065849773       -112.33645288124255        0.0000000000000000     
   131.13392491411662       -67.989441984749774       -49.331155302525659        100.69746351572924        0.0000000000000000     

 PASSED   1.0000000000000001E-005
 MU_R    =    325.00000000000000     
 ALPHA_S =   0.11799999999999999     
 BORN                    5.5822531666672247E-010
 SINGLE POLE (MadFKS)   -8.9328315897728307E-011
 DOUBLE POLE (MadFKS)   -5.5912691113453876E-011
 SINGLE POLE (MadLoop)  -8.9328315897725632E-011
 DOUBLE POLE (MadLoop)  -5.5912691113454942E-011
 FINITE PART (MadLoop)   2.0167151571513868E-011
   325.00000000000000        0.0000000000000000        0.0000000000000000        325.00000000000000        0.0000000000000000     
   325.00000000000000        0.0000000000000000        0.0000000000000000       -325.00000000000000        0.0000000000000000     
Thanks for using LHAPDF 6.2.1. Please make sure to cite the paper:
  Eur.Phys.J. C75 (2015) 3, 132  (http://arxiv.org/abs/1412.7420)
   240.79393286402629       -164.14809709083204        59.081769465986106       -165.97127716069431        0.0000000000000000     
   89.903103604315035       -77.751303805498679        40.983989606597532        18.910721566337870        0.0000000000000000     
   144.24440337052894        129.01360990603857        5.0776176839368601        64.312939299865036        0.0000000000000000     
   175.05856016112992        112.88579099029215       -105.14337675652058        82.747616294491380        0.0000000000000000     

 PASSED   1.0000000000000001E-005
 MU_R    =    325.00000000000000     
 ALPHA_S =   0.11799999999999999     
 BORN                    1.1598971176874015E-010
 SINGLE POLE (MadFKS)   -2.4187292092287471E-011
 DOUBLE POLE (MadFKS)   -1.1617704774102950E-011
 SINGLE POLE (MadLoop)  -2.4187292092287549E-011
 DOUBLE POLE (MadLoop)  -1.1617704774103091E-011
 FINITE PART (MadLoop)  -1.1201464592200976E-011
   325.00000000000000        0.0000000000000000        0.0000000000000000        325.00000000000000        0.0000000000000000     
   325.00000000000000        0.0000000000000000        0.0000000000000000       -325.00000000000000        0.0000000000000000     
   132.17371161507006       -49.453484308886644       -122.29035535076412       -8.3253780693878010        0.0000000000000000     
   215.31821951391768       -169.65161210931001       -16.423184063207877       -131.56954506488898        0.0000000000000000     
   55.334510646476268        41.694933801033905        1.2342883986681079        36.358177841598575        0.0000000000000000     
   247.17355822453592        177.41016261716283        137.47925101530387        103.53674529267823        0.0000000000000000     

 PASSED   1.0000000000000001E-005
 MU_R    =    325.00000000000000     
 ALPHA_S =   0.11799999999999999     
 BORN                    2.5479062309133414E-010
 SINGLE POLE (MadFKS)   -3.3702243365998120E-011
 DOUBLE POLE (MadFKS)   -2.5520213759877766E-011
 SINGLE POLE (MadLoop)  -3.3702243366000596E-011
 DOUBLE POLE (MadLoop)  -2.5520213759879298E-011
 FINITE PART (MadLoop)   5.3917295864944495E-012
   325.00000000000000        0.0000000000000000        0.0000000000000000        325.00000000000000        0.0000000000000000     
   325.00000000000000        0.0000000000000000        0.0000000000000000       -325.00000000000000        0.0000000000000000     
   121.29170938783771       -23.428231970066747       -117.81829908521662       -16.782285709844530        0.0000000000000000     
   169.46469836612604        86.994973764340855       -145.42197581986497       -1.6147695533208526        0.0000000000000000     
   197.90190551273943        66.603103197637097        183.31273855489812       -33.550420765196250        0.0000000000000000     
   161.34168673329683       -130.16984499191119        79.927536350183487        51.947476028361628        0.0000000000000000     

 PASSED   1.0000000000000001E-005
 MU_R    =    325.00000000000000     
 ALPHA_S =   0.11799999999999999     
 BORN                    2.2279641427274794E-011
 SINGLE POLE (MadFKS)   -3.5769640820761360E-012
 DOUBLE POLE (MadFKS)   -2.2315625466077809E-012
 SINGLE POLE (MadLoop)  -3.5769640820764139E-012
 DOUBLE POLE (MadLoop)  -2.2315625466079610E-012
 FINITE PART (MadLoop)   1.9783930273165605E-013
   325.00000000000000        0.0000000000000000        0.0000000000000000        325.00000000000000        0.0000000000000000     
   325.00000000000000        0.0000000000000000        0.0000000000000000       -325.00000000000000        0.0000000000000000     
   104.96057398521623        49.442332711567452        56.336707123279560        73.473486768020891        0.0000000000000000     
   182.33192812713787        172.93187113281707       -57.764519957501157       -1.6613835023840893        0.0000000000000000     
   114.40732296417028        21.873033874779285       -21.351968133100662       -110.24835324749199        0.0000000000000000     
   248.30017492347548       -244.24723771916376        22.779780967322218        38.436249981855191        0.0000000000000000     

 PASSED   1.0000000000000001E-005
 MU_R    =    325.00000000000000     
 ALPHA_S =   0.11799999999999999     
 BORN                    1.0059090631960105E-009
 SINGLE POLE (MadFKS)   -1.9112595701542488E-010
 DOUBLE POLE (MadFKS)   -1.0075337154993477E-010
 SINGLE POLE (MadLoop)  -1.9112595701543390E-010
 DOUBLE POLE (MadLoop)  -1.0075337154994715E-010
 FINITE PART (MadLoop)   1.7900068298784020E-010
   325.00000000000000        0.0000000000000000        0.0000000000000000        325.00000000000000        0.0000000000000000     
   325.00000000000000        0.0000000000000000        0.0000000000000000       -325.00000000000000        0.0000000000000000     
   263.62227751298167        109.23023418472981       -185.50861791857781        152.15785822303013        0.0000000000000000     
   125.11586318395929        48.312140851119317        108.38483558088240        39.656571747365106        0.0000000000000000     
   135.82804447982497       -80.236767789724638        28.516837957164661       -105.82111658263629        0.0000000000000000     
   125.43381482323414       -77.305607246124495        48.606944380530749       -85.993313387758974        0.0000000000000000     

 PASSED   1.0000000000000001E-005
 MU_R    =    325.00000000000000     
 ALPHA_S =   0.11799999999999999     
 BORN                    1.5635967143018341E-010
 SINGLE POLE (MadFKS)   -3.3471145515046972E-011
 DOUBLE POLE (MadFKS)   -1.5661220926847566E-011
 SINGLE POLE (MadLoop)  -3.3471145515046552E-011
 DOUBLE POLE (MadLoop)  -1.5661220926847508E-011
 FINITE PART (MadLoop)   2.4571589271683222E-011
   325.00000000000000        0.0000000000000000        0.0000000000000000        325.00000000000000        0.0000000000000000     
   325.00000000000000        0.0000000000000000        0.0000000000000000       -325.00000000000000        0.0000000000000000     
   230.75409298667296       -126.78864487256668       -189.93341182910487       -33.126877794865131        0.0000000000000000     
   243.49092442810056        27.445143845968790        212.45998676127616        115.73827536093420        0.0000000000000000     
   93.375992014947627        25.624476187587131       -56.870545531407210       -69.485272942167256        0.0000000000000000     
   82.378990570278674        73.719024839010757        34.343970599235902       -13.126124623901879        0.0000000000000000     

 PASSED   1.0000000000000001E-005
 MU_R    =    325.00000000000000     
 ALPHA_S =   0.11799999999999999     
 BORN                    3.4802059726347449E-011
 SINGLE POLE (MadFKS)   -1.0572780882505658E-011
 DOUBLE POLE (MadFKS)   -3.4858268829698849E-012
 SINGLE POLE (MadLoop)  -1.0572780882505594E-011
 DOUBLE POLE (MadLoop)  -3.4858268829698195E-012
 FINITE PART (MadLoop)  -2.6167782791251589E-012
   325.00000000000000        0.0000000000000000        0.0000000000000000        325.00000000000000        0.0000000000000000     
   325.00000000000000        0.0000000000000000        0.0000000000000000       -325.00000000000000        0.0000000000000000     
   208.97814119733306       -191.36341048413317       -41.188854397157264       -73.180509014514243        0.0000000000000000     
   98.364648099198732        86.729584130586304        46.404825924007405      -0.41876386822065509        0.0000000000000000     
   210.19607728022828        73.743816514841171       -74.481167751319973        182.19987947367278        0.0000000000000000     
   132.46113342323980        30.890009838705758        69.265196224469932       -108.60060659093789        0.0000000000000000     

 NUMBER OF POINTS PASSING THE CHECK          20
 NUMBER OF POINTS FAILING THE CHECK           0
 TOLERANCE    1.0000000000000001E-005
