==== LHAPDF6 USING DEFAULT-TYPE LHAGLUE INTERFACE ====
LHAPDF 6.2.1 loading /cvmfs/cms.cern.ch/slc6_amd64_gcc481/external/lhapdf/6.2.1/share/LHAPDF/NNPDF31_nnlo_hessian_pdfas/NNPDF31_nnlo_hessian_pdfas_0000.dat
NNPDF31_nnlo_hessian_pdfas PDF set, member #0, version 1; LHAPDF ID = 306000
 A PDF is used, so alpha_s(MZ) is going to be modified
 Old value of alpha_s from param_card:   0.11799999999999999     
 New value of alpha_s from PDF lhapdf :  0.11800208008122040     
 using LHAPDF
 *****************************************************
 *               MadGraph/MadEvent                   *
 *        --------------------------------           *
 *          http://madgraph.hep.uiuc.edu             *
 *          http://madgraph.phys.ucl.ac.be           *
 *          http://madgraph.roma2.infn.it            *
 *        --------------------------------           *
 *                                                   *
 *          PARAMETER AND COUPLING VALUES            *
 *                                                   *
 *****************************************************

  External Params
  ---------------------------------
  
 MU_R =    91.188000000000002     
 aEWM1 =    132.50700000000001     
 mdl_Gf =    1.1663900000000000E-005
 aS =   0.11799999999999999     
 mdl_lamWS =   0.22530000000000000     
 mdl_AWS =   0.80800000000000005     
 mdl_rhoWS =   0.13200000000000001     
 mdl_etaWS =   0.34100000000000003     
 mdl_ymt =    173.00000000000000     
 mdl_ymtau =    1.7769999999999999     
 mdl_MT =    173.00000000000000     
 mdl_MZ =    91.188000000000002     
 mdl_MH =    125.00000000000000     
 mdl_MTA =    1.7769999999999999     
 mdl_WT =    1.4915000000000000     
 mdl_WZ =    2.4414039999999999     
 mdl_WW =    2.0476000000000001     
 mdl_WH =    6.3823389999999999E-003
  Internal Params
  ---------------------------------
  
 mdl_CKM33 =    1.0000000000000000     
 mdl_conjg__CKM3x3 =    1.0000000000000000     
 mdl_I4x33 =    0.0000000000000000     
 mdl_I1x33 =    0.0000000000000000     
 mdl_lhv =    1.0000000000000000     
 mdl_CKM3x3 =    1.0000000000000000     
 mdl_conjg__CKM33 =    1.0000000000000000     
 mdl_Ncol =    3.0000000000000000     
 mdl_CA =    3.0000000000000000     
 mdl_TF =   0.50000000000000000     
 mdl_CF =    1.3333333333333333     
 mdl_lamWS__exp__2 =    5.0760090000000001E-002
 mdl_CKM11 =  ( 0.97461995499999998     ,  0.0000000000000000     )
 mdl_CKM12 =  ( 0.22530000000000000     ,  0.0000000000000000     )
 mdl_complexi =  (  0.0000000000000000     ,  1.0000000000000000     )
 mdl_lamWS__exp__3 =    1.1436248277000001E-002
 mdl_CKM13 =  (  1.2197444962317122E-003, -3.1510066152652563E-003)
 mdl_CKM21 =  (-0.22530000000000000     ,  0.0000000000000000     )
 mdl_CKM22 =  ( 0.97461995499999998     ,  0.0000000000000000     )
 mdl_CKM23 =  (  4.1014152720000002E-002,  0.0000000000000000     )
 mdl_CKM31 =  (  8.0207441115842885E-003, -3.1510066152652563E-003)
 mdl_CKM32 =  ( -4.1014152720000002E-002,  0.0000000000000000     )
 mdl_MZ__exp__2 =    8315.2513440000002     
 mdl_MZ__exp__4 =    69143404.913893804     
 mdl_sqrt__2 =    1.4142135623730951     
 mdl_MH__exp__2 =    15625.000000000000     
 mdl_CKM1x1 =  ( 0.97461995499999998     ,  0.0000000000000000     )
 mdl_CKM1x2 =  ( 0.22530000000000000     ,  0.0000000000000000     )
 mdl_CKM1x3 =  (  1.2197444962317122E-003, -3.1510066152652563E-003)
 mdl_CKM2x1 =  (-0.22530000000000000     ,  0.0000000000000000     )
 mdl_CKM2x2 =  ( 0.97461995499999998     ,  0.0000000000000000     )
 mdl_CKM2x3 =  (  4.1014152720000002E-002,  0.0000000000000000     )
 mdl_CKM3x1 =  (  8.0207441115842885E-003, -3.1510066152652563E-003)
 mdl_CKM3x2 =  ( -4.1014152720000002E-002,  0.0000000000000000     )
 mdl_conjg__CKM1x3 =  (  1.2197444962317122E-003,  3.1510066152652563E-003)
 mdl_conjg__CKM2x3 =  (  4.1014152720000002E-002, -0.0000000000000000     )
 mdl_conjg__CKM2x1 =  (-0.22530000000000000     , -0.0000000000000000     )
 mdl_conjg__CKM3x1 =  (  8.0207441115842885E-003,  3.1510066152652563E-003)
 mdl_conjg__CKM2x2 =  ( 0.97461995499999998     , -0.0000000000000000     )
 mdl_conjg__CKM3x2 =  ( -4.1014152720000002E-002, -0.0000000000000000     )
 mdl_Ncol__exp__2 =    9.0000000000000000     
 mdl_MT__exp__2 =    29929.000000000000     
 mdl_conjg__CKM11 =  ( 0.97461995499999998     , -0.0000000000000000     )
 mdl_conjg__CKM12 =  ( 0.22530000000000000     , -0.0000000000000000     )
 mdl_conjg__CKM13 =  (  1.2197444962317122E-003,  3.1510066152652563E-003)
 mdl_conjg__CKM21 =  (-0.22530000000000000     , -0.0000000000000000     )
 mdl_conjg__CKM22 =  ( 0.97461995499999998     , -0.0000000000000000     )
 mdl_conjg__CKM23 =  (  4.1014152720000002E-002, -0.0000000000000000     )
 mdl_conjg__CKM31 =  (  8.0207441115842885E-003,  3.1510066152652563E-003)
 mdl_conjg__CKM32 =  ( -4.1014152720000002E-002, -0.0000000000000000     )
 mdl_aEW =    7.5467711139788835E-003
 mdl_MW =    80.419002445756163     
 mdl_sqrt__aEW =    8.6872153846781555E-002
 mdl_ee =   0.30795376724436879     
 mdl_MW__exp__2 =    6467.2159543705357     
 mdl_sw2 =   0.22224648578577766     
 mdl_cw =   0.88190334743339216     
 mdl_sqrt__sw2 =   0.47143025548407230     
 mdl_sw =   0.47143025548407230     
 mdl_g1 =   0.34919219678733299     
 mdl_gw =   0.65323293034757990     
 mdl_v =    246.21845810181637     
 mdl_v__exp__2 =    60623.529110035903     
 mdl_lam =   0.12886910601690263     
 mdl_yt =   0.99366614581500623     
 mdl_ytau =    1.0206617000654717E-002
 mdl_muH =    88.388347648318430     
 mdl_AxialZUp =  -0.18517701861793787     
 mdl_AxialZDown =   0.18517701861793787     
 mdl_VectorZUp =    7.5430507588273299E-002
 mdl_VectorZDown =  -0.13030376310310560     
 mdl_VectorAUp =   0.20530251149624587     
 mdl_VectorADown =  -0.10265125574812294     
 mdl_VectorWmDxU =   0.23095271737156670     
 mdl_AxialWmDxU =  -0.23095271737156670     
 mdl_VectorWpUxD =   0.23095271737156670     
 mdl_AxialWpUxD =  -0.23095271737156670     
 mdl_I2x13 =  (  7.9699418879263656E-003,  3.1310485988282153E-003)
 mdl_I2x23 =  ( -4.0754375057150453E-002, -0.0000000000000000     )
 mdl_I2x33 =  ( 0.99366614581500623     ,  0.0000000000000000     )
 mdl_I3x31 =  (  7.9699418879263656E-003, -3.1310485988282153E-003)
 mdl_I3x32 =  ( -4.0754375057150453E-002,  0.0000000000000000     )
 mdl_I3x33 =  ( 0.99366614581500623     ,  0.0000000000000000     )
 mdl_Vector_tdGp =  ( -7.9699418879263656E-003, -3.1310485988282153E-003)
 mdl_Vector_tsGp =  (  4.0754375057150453E-002,  0.0000000000000000     )
 mdl_Vector_tbGp =  (-0.99366614581500623     ,  0.0000000000000000     )
 mdl_Axial_tdGp =  ( -7.9699418879263656E-003, -3.1310485988282153E-003)
 mdl_Axial_tsGp =  (  4.0754375057150453E-002,  0.0000000000000000     )
 mdl_Axial_tbGp =  (-0.99366614581500623     , -0.0000000000000000     )
 mdl_Vector_tdGm =  (  7.9699418879263656E-003, -3.1310485988282153E-003)
 mdl_Vector_tsGm =  ( -4.0754375057150453E-002,  0.0000000000000000     )
 mdl_Vector_tbGm =  ( 0.99366614581500623     ,  0.0000000000000000     )
 mdl_Axial_tdGm =  ( -7.9699418879263656E-003,  3.1310485988282153E-003)
 mdl_Axial_tsGm =  (  4.0754375057150453E-002, -0.0000000000000000     )
 mdl_Axial_tbGm =  (-0.99366614581500623     ,  0.0000000000000000     )
 mdl_gw__exp__2 =   0.42671326129048615     
 mdl_cw__exp__2 =   0.77775351421422245     
 mdl_ee__exp__2 =    9.4835522759998875E-002
 mdl_sw__exp__2 =   0.22224648578577769     
 mdl_yt__exp__2 =   0.98737240933884918     
  Internal Params evaluated point by point
  ----------------------------------------
  
 mdl_sqrt__aS =   0.34351128074635334     
 mdl_G__exp__4 =    2.1987899468922913     
 mdl_G__exp__2 =    1.4828317324943823     
 mdl_R2MixedFactor_FIN_ =   -2.5040377713124864E-002
 mdl_G_UVg_1EPS_ =   -5.1645779033320030E-002
 mdl_G_UVq_1EPS_ =    3.1300472141406080E-003
 mdl_G_UVb_1EPS_ =    3.1300472141406080E-003
 mdl_GWcft_UV_t_1EPS_ =   -3.1300472141406080E-003
 mdl_tWcft_UV_1EPS_ =   -1.8780283284843650E-002
 mdl_G__exp__3 =    1.8056676068262196     
 mdl_MU_R__exp__2 =    8315.2513440000002     
 mdl_G_UVt_FIN_ =   -4.0087659331150384E-003
 mdl_GWcft_UV_t_FIN_ =    4.0087659331150384E-003
 mdl_tWcft_UV_FIN_ =   -9.8778211443463623E-004
  Couplings of loop_sm-ckm_no_b_mass
  ---------------------------------
  
       UV_3Gt =   0.48815E-02   0.00000E+00
      UV_GQQt =   0.00000E+00  -0.48815E-02
   UVWfct_G_2 =   0.40088E-02   0.00000E+00
       R2_DDA =   0.00000E+00   0.25704E-02
       R2_UUA =  -0.00000E+00  -0.51409E-02
    R2_DDZ_V2 =   0.00000E+00   0.72127E-02
    R2_UUZ_V2 =  -0.00000E+00  -0.72127E-02
    R2_UUZ_V5 =   0.00000E+00   0.68702E-03
      R2_GGHt =   0.00000E+00  -0.45657E+01
     R2_GGZup =  -0.46369E-02   0.00000E+00
   R2_GGZdown =   0.46369E-02   0.00000E+00
 R2_GGGZvecUp =   0.00000E+00   0.28750E-03
 R2_GGGZvecDown  -0.00000E+00  -0.49665E-03
 R2_GGGZaxialUp  -0.00000E+00  -0.63522E-02
 R2_GGGZaxialDow  0.00000E+00   0.63522E-02
 R2_GGGAvecUp =   0.00000E+00   0.78251E-03
 R2_GGGAvecDown  -0.00000E+00  -0.39126E-03
         GC_4 =  -0.12177E+01   0.00000E+00
         GC_5 =   0.00000E+00   0.12177E+01
         GC_6 =   0.00000E+00   0.14828E+01
       R2_3Gq =   0.76230E-02   0.00000E+00
       R2_3Gg =   0.31445E-01   0.00000E+00
       R2_GQQ =  -0.00000E+00  -0.30492E-01
       R2_GGq =   0.00000E+00   0.62601E-02
       R2_GGt =  -0.00000E+00  -0.11242E+04
     R2_GGg_1 =   0.00000E+00   0.28170E-01
     R2_GGg_2 =  -0.00000E+00  -0.18780E-01
       R2_QQq =   0.00000E+00   0.12520E-01
  UV_3Gg_1eps =   0.62890E-01   0.00000E+00
  UV_3Gb_1eps =  -0.38115E-02   0.00000E+00
 UV_GQQg_1eps =   0.00000E+00  -0.62890E-01
 UV_GQQq_1eps =   0.00000E+00   0.38115E-02
 UVWfct_G_2_1eps -0.31300E-02   0.00000E+00
         GC_1 =  -0.00000E+00  -0.10265E+00
         GC_2 =   0.00000E+00   0.20530E+00
        GC_21 =  -0.00000E+00  -0.28804E+00
        GC_22 =   0.00000E+00   0.28804E+00
        GC_23 =  -0.00000E+00  -0.27437E-01
        GC_24 =   0.00000E+00   0.82310E-01
        GC_37 =  -0.00000E+00  -0.70263E+00
        GC_38 =  -0.00000E+00  -0.72172E-02
      GC_1003 =  -0.00000E+00  -0.30795E+00

 Collider parameters:
 --------------------

 Running at P P   machine @    13000.000000000000       GeV
 PDF set = lhapdf 
 alpha_s(Mz)= 0.1180 running at 3 loops.
 alpha_s(Mz)= 0.1180 running at 3 loops.
 Renormalization scale set on event-by-event basis
 Factorization   scale set on event-by-event basis


 ===============================================================
 INFO: MadFKS read these parameters from FKS_params.dat
 ===============================================================
  > IRPoleCheckThreshold      =    1.0000000000000001E-005
  > PrecisionVirtualAtRunTime =    1.0000000000000000E-003
  > NHelForMCoverHels         =            4
  > VirtualFraction           =    1.0000000000000000     
  > MinVirtualFraction        =    5.0000000000000001E-003
 ===============================================================
  Insert the number of points to test
 Insert the relative tolerance
  A negative number will mean use the default one:    1.0000000000000001E-005
Using random seed offsets:     0 ,     88 ,      0
  with seed                   32
 Ranmar initialization seeds       10729        9494
  ========================================================================================== 
 {                                                                                          }
 {       [32m                                                                            [0m       }
 {       [32m                               ,,                                           [0m       }
 {       [32m`7MMM.     ,MMF'             `7MM  `7MMF'                                   [0m       }
 {       [32m  MMMb    dPMM                 MM    MM                                     [0m       }
 {       [32m  M YM   ,M MM   ,6"Yb.   ,M""bMM    MM         ,pW"Wq.   ,pW"Wq.`7MMpdMAo. [0m       }
 {       [32m  M  Mb  M' MM  8)   MM ,AP    MM    MM        6W'   `Wb 6W'   `Wb MM   `Wb [0m       }
 {       [32m  M  YM.P'  MM   ,pm9MM 8MI    MM    MM      , 8M     M8 8M     M8 MM    M8 [0m       }
 {       [32m  M  `YM'   MM  8M   MM `Mb    MM    MM     ,M YA.   ,A9 YA.   ,A9 MM   ,AP [0m       }
 {       [32m.JML. `'  .JMML.`Moo9^Yo.`Wbmd"MML..JMMmmmmMMM  `Ybmd9'   `Ybmd9'  MMbmmd'  [0m       }
 {       [32m                                                                   MM       [0m       }
 {       [32m                                                                 .JMML.     [0m       }
 {       [32m[0mv2.4.2 (2016-06-10), Ref: arXiv:1103.0621v2, arXiv:1405.0301[32m                [0m       }
 {       [32m                                                                            [0m       }
 {                                                                                          }
  ========================================================================================== 
 ===============================================================
 INFO: MadLoop read these parameters from ./MadLoop5_resources/MadLoopParams.dat                                                                                                                                                                                                                                                                                                                                                                                                                                                                                          
 ===============================================================
  > MLReductionLib            = 6|1|2
  > IREGIMODE                 =            2
  > IREGIRECY                 =  T
  > CTModeRun                 =           -1
  > MLStabThres               =    1.0000000000000000E-003
  > NRotations_DP             =            1
  > NRotations_QP             =            0
  > CTStabThres               =    1.0000000000000000E-002
  > CTLoopLibrary             =            2
  > CTModeInit                =            1
  > CheckCycle                =            3
  > MaxAttempts               =           10
  > UseLoopFilter             =  F
  > HelicityFilterLevel       =            2
  > ImprovePSPoint            =            2
  > DoubleCheckHelicityFilter =  T
  > LoopInitStartOver         =  F
  > HelInitStartOver          =  F
  > ZeroThres                 =    1.0000000000000001E-009
  > OSThres                   =    1.0000000000000000E-008
  > WriteOutFilters           =  T
  > UseQPIntegrandForNinja    =  F
  > UseQPIntegrandForCutTools =  T
 ===============================================================
  
------------------------------------------------------------------------
|              You are using CutTools - Version 1.9.3                  |
|              Authors: G. Ossola, C. Papadopoulos, R. Pittau          |
|              Published in JHEP 0803:042,2008                         |
|              http://www.ugr.es/~pittau/CutTools                      |
|                                                                      |
|              Compiler with  34  significant digits detetected        |
 ---------------------------------------------------------------------- 
   
########################################################################
#                                                                      #
#                      You are using OneLOop-3.6                       #
#                                                                      #
# for the evaluation of 1-loop scalar 1-, 2-, 3- and 4-point functions #
#                                                                      #
# author: Andreas van Hameren <hamerenREMOVETHIS@ifj.edu.pl>           #
#   date: 18-02-2015                                                   #
#                                                                      #
# Please cite                                                          #
#    A. van Hameren,                                                   #
#      Comput.Phys.Commun. 182 (2011) 2427-2438, arXiv:1007.4716       #
#    A. van Hameren, C.G. Papadopoulos and R. Pittau,                  #
#      JHEP 0909:106,2009, arXiv:0903.4665                             #
# in publications with results obtained with the help of this program. #
#                                                                      #
########################################################################
 PASSED   1.0000000000000001E-005
 MU_R    =    325.00000000000000     
 ALPHA_S =   0.11799999999999999     
 BORN                    6.2174753991612807E-010
 SINGLE POLE (MadFKS)   -3.6809003496008501E-011
 DOUBLE POLE (MadFKS)   -6.2275172966824115E-011
 SINGLE POLE (MadLoop)  -3.6809003496006504E-011
 DOUBLE POLE (MadLoop)  -6.2275172966823404E-011
 FINITE PART (MadLoop)   4.4884712138537372E-010
   325.00000000000000        0.0000000000000000        0.0000000000000000        325.00000000000000        0.0000000000000000     
   325.00000000000000        0.0000000000000000        0.0000000000000000       -325.00000000000000        0.0000000000000000     
   120.91266288198543        105.84403048704488        25.775900805235768       -52.464427883555672        0.0000000000000000     
   187.95045432600469       -166.84035215662925       -85.071662237406485       -15.889696591444199        0.0000000000000000     
   163.69987831409316        40.740226660943300        127.55227681089315       -94.171655884460080        0.0000000000000000     
   177.43700447791684        20.256095008641072       -68.256515378722398        162.52578035945993        0.0000000000000000     

 PASSED   1.0000000000000001E-005
 MU_R    =    325.00000000000000     
 ALPHA_S =   0.11799999999999999     
 BORN                    1.8762959494873048E-008
 SINGLE POLE (MadFKS)   -2.7954482074722221E-009
 DOUBLE POLE (MadFKS)   -1.8793263710707346E-009
 SINGLE POLE (MadLoop)  -2.7954482074720740E-009
 DOUBLE POLE (MadLoop)  -1.8793263710706721E-009
 FINITE PART (MadLoop)   4.2343003082945931E-009
   325.00000000000000        0.0000000000000000        0.0000000000000000        325.00000000000000        0.0000000000000000     
   325.00000000000000        0.0000000000000000        0.0000000000000000       -325.00000000000000        0.0000000000000000     
   10.321009098086515       -4.5526706887076696        8.2967760595068984        4.1182430017375058        0.0000000000000000     
   151.43744814766487        22.982261547158025       -36.269444459503219        145.22273842017208        0.0000000000000000     
   171.90178461190129        37.531549544802360        45.279554703473629        161.52822746312083        0.0000000000000000     
   316.33975814234714       -55.961140403252678       -17.306886303477366       -310.86920888503045        0.0000000000000000     

 PASSED   1.0000000000000001E-005
 MU_R    =    325.00000000000000     
 ALPHA_S =   0.11799999999999999     
 BORN                    7.7359893948080750E-011
 SINGLE POLE (MadFKS)   -1.0832412836458958E-011
 DOUBLE POLE (MadFKS)   -7.7484838572288973E-012
 SINGLE POLE (MadLoop)  -1.0832412836457549E-011
 DOUBLE POLE (MadLoop)  -7.7484838572289199E-012
 FINITE PART (MadLoop)   1.7960819272699456E-011
   325.00000000000000        0.0000000000000000        0.0000000000000000        325.00000000000000        0.0000000000000000     
   325.00000000000000        0.0000000000000000        0.0000000000000000       -325.00000000000000        0.0000000000000000     
   147.37267295036452        120.55927804040131       -3.2244916010827898       -84.698098354253773        0.0000000000000000     
   170.29000868073530        43.322886500769329       -160.16900827241807       -38.310616684627121        0.0000000000000000     
   131.86881166924894       -122.07844434423713       -17.244439872679241        46.785320465167182        0.0000000000000000     
   200.46850669965136       -41.803720196933490        180.63793974618011        76.223394573713790        0.0000000000000000     

 PASSED   1.0000000000000001E-005
 MU_R    =    325.00000000000000     
 ALPHA_S =   0.11799999999999999     
 BORN                    1.8518340815643495E-010
 SINGLE POLE (MadFKS)   -2.1423825066275378E-011
 DOUBLE POLE (MadFKS)   -1.8548249945763597E-011
 SINGLE POLE (MadLoop)  -2.1423825066233350E-011
 DOUBLE POLE (MadLoop)  -1.8548249945763426E-011
 FINITE PART (MadLoop)   4.7363425838650194E-011
   325.00000000000000        0.0000000000000000        0.0000000000000000        325.00000000000000        0.0000000000000000     
   325.00000000000000        0.0000000000000000        0.0000000000000000       -325.00000000000000        0.0000000000000000     
   66.214402168488618       -4.3701266747458529       -65.176520905075819       -10.829135241894580        0.0000000000000000     
   177.29687923223449       -160.61369703461489        74.444675700670871       -9.7680074828209946        0.0000000000000000     
   133.51388600029529       -96.401749592827187        35.639536110827173        85.220208261578094        0.0000000000000000     
   272.97483259898127        261.38557330218794       -44.907690906422197       -64.623065536862555        0.0000000000000000     

 PASSED   1.0000000000000001E-005
 MU_R    =    325.00000000000000     
 ALPHA_S =   0.11799999999999999     
 BORN                    2.9135245672562367E-010
 SINGLE POLE (MadFKS)   -4.7920537173713183E-011
 DOUBLE POLE (MadFKS)   -2.9182302256225935E-011
 SINGLE POLE (MadLoop)  -4.7920537173712893E-011
 DOUBLE POLE (MadLoop)  -2.9182302256225819E-011
 FINITE PART (MadLoop)   8.3301546292542828E-011
   325.00000000000000        0.0000000000000000        0.0000000000000000        325.00000000000000        0.0000000000000000     
   325.00000000000000        0.0000000000000000        0.0000000000000000       -325.00000000000000        0.0000000000000000     
   73.229099889471414        6.9466351807266786       -24.634122803435535        68.610533622712268        0.0000000000000000     
   298.03289921489107       -62.502163082522365        217.43556908027384       -194.00737595044350        0.0000000000000000     
   149.17839063389619       -10.108825266369722       -146.96030425691552        23.551493722652676        0.0000000000000000     
   129.55961026174108        65.664353168165448       -45.841142019922778        101.84534860507848        0.0000000000000000     

 PASSED   1.0000000000000001E-005
 MU_R    =    325.00000000000000     
 ALPHA_S =   0.11799999999999999     
 BORN                    1.7732159384850385E-009
 SINGLE POLE (MadFKS)   -9.4496186924039681E-011
 DOUBLE POLE (MadFKS)   -1.7760798746639421E-010
 SINGLE POLE (MadLoop)  -9.4496186924035493E-011
 DOUBLE POLE (MadLoop)  -1.7760798746639374E-010
 FINITE PART (MadLoop)   7.5279568369858520E-010
   325.00000000000000        0.0000000000000000        0.0000000000000000        325.00000000000000        0.0000000000000000     
   325.00000000000000        0.0000000000000000        0.0000000000000000       -325.00000000000000        0.0000000000000000     
   70.542556763624603       -53.282307304361474        2.4722696951751528        46.164227770288832        0.0000000000000000     
   106.26625115072179       -65.419443849582976       -15.475963337657607       -82.300103637911775        0.0000000000000000     
   272.37861787970894        208.97797680273231        163.55527993230416       -61.383931902109467        0.0000000000000000     
   200.81257420594474       -90.276225648787928       -150.55158628982173        97.519807769732395        0.0000000000000000     

 PASSED   1.0000000000000001E-005
 MU_R    =    325.00000000000000     
 ALPHA_S =   0.11799999999999999     
 BORN                    6.0515800659680942E-009
 SINGLE POLE (MadFKS)   -1.7652084978127292E-009
 DOUBLE POLE (MadFKS)   -6.0613540245223268E-010
 SINGLE POLE (MadLoop)  -1.7652084978126012E-009
 DOUBLE POLE (MadLoop)  -6.0613540245225108E-010
 FINITE PART (MadLoop)   1.1515718927311787E-009
   325.00000000000000        0.0000000000000000        0.0000000000000000        325.00000000000000        0.0000000000000000     
   325.00000000000000        0.0000000000000000        0.0000000000000000       -325.00000000000000        0.0000000000000000     
   295.41116209067968        120.31692355277114       -71.484491380702565        260.15679903974194        0.0000000000000000     
   225.68051822119878       -134.02281149656969        98.973380468621983       -152.22960376272798        0.0000000000000000     
   102.78104777456326        28.525029498250259       -8.1934091044932469       -98.402919270758474        0.0000000000000000     
   26.127271913558374       -14.819141554451820       -19.295479983426212       -9.5242760062554837        0.0000000000000000     

 PASSED   1.0000000000000001E-005
 MU_R    =    325.00000000000000     
 ALPHA_S =   0.11799999999999999     
 BORN                    7.9944020635506398E-009
 SINGLE POLE (MadFKS)   -1.2985156122160287E-009
 DOUBLE POLE (MadFKS)   -8.0073138904757150E-010
 SINGLE POLE (MadLoop)  -1.2985156122162442E-009
 DOUBLE POLE (MadLoop)  -8.0073138904768513E-010
 FINITE PART (MadLoop)   1.1562254249594308E-009
   325.00000000000000        0.0000000000000000        0.0000000000000000        325.00000000000000        0.0000000000000000     
   325.00000000000000        0.0000000000000000        0.0000000000000000       -325.00000000000000        0.0000000000000000     
   232.32529532066150       -182.74942511971119        140.76582844646688        27.616516906146455        0.0000000000000000     
   75.717298706095676       -59.427157547953854        46.818587881451556       -3.0890286346334079        0.0000000000000000     
   259.82797258957817        163.94464137997852       -201.54007771913106       -3.7850991753746484        0.0000000000000000     
   82.129433383664761        78.231941287686567        13.955661391212587       -20.742389096138378        0.0000000000000000     

 PASSED   1.0000000000000001E-005
 MU_R    =    325.00000000000000     
 ALPHA_S =   0.11799999999999999     
 BORN                    1.3369551336505328E-009
 SINGLE POLE (MadFKS)   -2.1726831358237901E-010
 DOUBLE POLE (MadFKS)   -1.3391144612844272E-010
 SINGLE POLE (MadLoop)  -2.1726831358237611E-010
 DOUBLE POLE (MadLoop)  -1.3391144612844432E-010
 FINITE PART (MadLoop)   7.8686035097572138E-010
   325.00000000000000        0.0000000000000000        0.0000000000000000        325.00000000000000        0.0000000000000000     
   325.00000000000000        0.0000000000000000        0.0000000000000000       -325.00000000000000        0.0000000000000000     
   34.590468959297354       -32.691962563002562        6.4317569205470617       -9.2934724144610072        0.0000000000000000     
   287.76975525508630        6.3749443866582176        69.089781134706598        279.28013582494100        0.0000000000000000     
   245.72955064839385        28.222897777673300       -128.49871324887425       -207.54411771061135        0.0000000000000000     
   81.910225137222753       -1.9058796013290400        52.977175193620582       -62.442545699868674        0.0000000000000000     

 PASSED   1.0000000000000001E-005
 MU_R    =    325.00000000000000     
 ALPHA_S =   0.11799999999999999     
 BORN                    1.3168555261828792E-011
 SINGLE POLE (MadFKS)   -2.1674638201552439E-012
 DOUBLE POLE (MadFKS)   -1.3189823907694034E-012
 SINGLE POLE (MadLoop)  -2.1674638201552980E-012
 DOUBLE POLE (MadLoop)  -1.3189823907694026E-012
 FINITE PART (MadLoop)   3.0098335584463456E-012
   325.00000000000000        0.0000000000000000        0.0000000000000000        325.00000000000000        0.0000000000000000     
   325.00000000000000        0.0000000000000000        0.0000000000000000       -325.00000000000000        0.0000000000000000     
   138.43079800901563        60.238116627738201        13.347174538923207       -123.92057163515433        0.0000000000000000     
   238.01134266060538        130.38554349198731       -93.631253921016324        175.73331378137030        0.0000000000000000     
   115.22085361416336       -108.07288976108353       -29.525524356043611        26.913547104865803        0.0000000000000000     
   158.33700571621509       -82.550770358641671        109.80960373813664       -78.726289251081454        0.0000000000000000     

 PASSED   1.0000000000000001E-005
 MU_R    =    325.00000000000000     
 ALPHA_S =   0.11799999999999999     
 BORN                    8.9341401806345969E-010
 SINGLE POLE (MadFKS)   -1.2801824177034128E-010
 DOUBLE POLE (MadFKS)   -8.9485697866038362E-011
 SINGLE POLE (MadLoop)  -1.2801824177294372E-010
 DOUBLE POLE (MadLoop)  -8.9485697866036863E-011
 FINITE PART (MadLoop)   1.2177636509164697E-010
   325.00000000000000        0.0000000000000000        0.0000000000000000        325.00000000000000        0.0000000000000000     
   325.00000000000000        0.0000000000000000        0.0000000000000000       -325.00000000000000        0.0000000000000000     
   113.12912797261775        97.311329431140834        56.434589752528574        11.993408175022983        0.0000000000000000     
   129.50602889764519        54.168141516500583        115.88224371303227       -20.222006762917232        0.0000000000000000     
   291.24093684503373       -156.45203069498004       -216.88706906444773        115.34316043191916        0.0000000000000000     
   116.12390628470338        4.9725597473386456        44.570235598886896       -107.11456184402492        0.0000000000000000     

 PASSED   1.0000000000000001E-005
 MU_R    =    325.00000000000000     
 ALPHA_S =   0.11799999999999999     
 BORN                    7.0342415537178810E-011
 SINGLE POLE (MadFKS)   -1.1141924927818802E-011
 DOUBLE POLE (MadFKS)   -7.0456026172181624E-012
 SINGLE POLE (MadLoop)  -1.1141924927817838E-011
 DOUBLE POLE (MadLoop)  -7.0456026172181527E-012
 FINITE PART (MadLoop)   1.7107583184107728E-011
   325.00000000000000        0.0000000000000000        0.0000000000000000        325.00000000000000        0.0000000000000000     
   325.00000000000000        0.0000000000000000        0.0000000000000000       -325.00000000000000        0.0000000000000000     
   220.67523832054150       -207.89306032093563       -39.354257009119472        62.683959140148481        0.0000000000000000     
   112.44875433524135        44.790422090459884        19.607274202048526       -101.26250658003475        0.0000000000000000     
   242.00308140385718        230.33537158442306        19.869096632928422        71.528504842608129        0.0000000000000000     
   74.872925940359991       -67.232733353947310      -0.12211382585754509       -32.949957402721907        0.0000000000000000     

 PASSED   1.0000000000000001E-005
 MU_R    =    325.00000000000000     
 ALPHA_S =   0.11799999999999999     
 BORN                    4.8012220010908017E-011
 SINGLE POLE (MadFKS)   -6.9454560889243375E-012
 DOUBLE POLE (MadFKS)   -4.8089764956751552E-012
 SINGLE POLE (MadLoop)  -6.9454560889243633E-012
 DOUBLE POLE (MadLoop)  -4.8089764956751617E-012
 FINITE PART (MadLoop)   1.3050367433039065E-011
   325.00000000000000        0.0000000000000000        0.0000000000000000        325.00000000000000        0.0000000000000000     
   325.00000000000000        0.0000000000000000        0.0000000000000000       -325.00000000000000        0.0000000000000000     
   166.79611075673094       -22.258318230296538        160.01493405001730        41.481691311940367        0.0000000000000000     
   196.58724924230128        117.66177065013218       -140.04696336278079       -72.035424236928861        0.0000000000000000     
   143.14842088486623       -78.106795151681638        119.90383852907121        3.7240379910060253        0.0000000000000000     
   143.46821911610164       -17.296657268154032       -139.87180921630775        26.829694933982474        0.0000000000000000     

 PASSED   1.0000000000000001E-005
 MU_R    =    325.00000000000000     
 ALPHA_S =   0.11799999999999999     
 BORN                    1.1769490666759647E-007
 SINGLE POLE (MadFKS)   -3.5434543233474978E-009
 DOUBLE POLE (MadFKS)   -1.1788499671470375E-008
 SINGLE POLE (MadLoop)  -3.5434543233888304E-009
 DOUBLE POLE (MadLoop)  -1.1788499671477128E-008
 FINITE PART (MadLoop)   1.4984256858742176E-007
   325.00000000000000        0.0000000000000000        0.0000000000000000        325.00000000000000        0.0000000000000000     
   325.00000000000000        0.0000000000000000        0.0000000000000000       -325.00000000000000        0.0000000000000000     
Thanks for using LHAPDF 6.2.1. Please make sure to cite the paper:
  Eur.Phys.J. C75 (2015) 3, 132  (http://arxiv.org/abs/1412.7420)
   232.62303925699882       -191.21933468921375        112.80664079750262        69.450026826207022        0.0000000000000000     
   33.446103840489720        32.668459823805037        4.5271954092278355        5.5604043536351053        0.0000000000000000     
   169.89784422515962        8.3110737328291950        2.1468839386495047       -169.68086048555395        0.0000000000000000     
   214.03301267735182        150.23980113257952       -119.48072014537993        94.670429305711920        0.0000000000000000     

 PASSED   1.0000000000000001E-005
 MU_R    =    325.00000000000000     
 ALPHA_S =   0.11799999999999999     
 BORN                    6.7516195730768005E-011
 SINGLE POLE (MadFKS)   -7.8759221114767734E-012
 DOUBLE POLE (MadFKS)   -6.7625241714067978E-012
 SINGLE POLE (MadLoop)  -7.8759221114766425E-012
 DOUBLE POLE (MadLoop)  -6.7625241714067938E-012
 FINITE PART (MadLoop)   3.0826799478200795E-011
   325.00000000000000        0.0000000000000000        0.0000000000000000        325.00000000000000        0.0000000000000000     
   325.00000000000000        0.0000000000000000        0.0000000000000000       -325.00000000000000        0.0000000000000000     
   120.19582479461282        66.316083505397387       -99.462145156907482       -12.509798053873061        0.0000000000000000     
   194.22668735279530       -96.884009089001950        110.73965847656724        126.78415872409251        0.0000000000000000     
   163.74247603373868        36.121648769622155        149.92713765827637       -55.033429308192161        0.0000000000000000     
   171.83501181885347       -5.5537231860175158       -161.20465097793607       -59.240931362027325        0.0000000000000000     

 PASSED   1.0000000000000001E-005
 MU_R    =    325.00000000000000     
 ALPHA_S =   0.11799999999999999     
 BORN                    1.0674413080652175E-010
 SINGLE POLE (MadFKS)   -1.1723791663841254E-011
 DOUBLE POLE (MadFKS)   -1.0691653416218051E-011
 SINGLE POLE (MadLoop)  -1.1723791663841975E-011
 DOUBLE POLE (MadLoop)  -1.0691653416218080E-011
 FINITE PART (MadLoop)   3.8530907137479145E-011
   325.00000000000000        0.0000000000000000        0.0000000000000000        325.00000000000000        0.0000000000000000     
   325.00000000000000        0.0000000000000000        0.0000000000000000       -325.00000000000000        0.0000000000000000     
   159.01206517630334       -40.733433293945467        148.35515755729551       -40.204123045661255        0.0000000000000000     
   128.42782282188992        3.5530191268622278        58.844417953288428        114.09827433223352        0.0000000000000000     
   85.674789624593117        54.977385286365077        63.313653296335126       -17.579476401882154        0.0000000000000000     
   276.88532237721341       -17.796971119281835       -270.51322880691907       -56.314674884690085        0.0000000000000000     

 PASSED   1.0000000000000001E-005
 MU_R    =    325.00000000000000     
 ALPHA_S =   0.11799999999999999     
 BORN                    7.0419468097130175E-011
 SINGLE POLE (MadFKS)   -1.1814096229803688E-011
 DOUBLE POLE (MadFKS)   -7.0533203180379446E-012
 SINGLE POLE (MadLoop)  -1.1814096229803216E-011
 DOUBLE POLE (MadLoop)  -7.0533203180379737E-012
 FINITE PART (MadLoop)   1.3202251240777291E-011
   325.00000000000000        0.0000000000000000        0.0000000000000000        325.00000000000000        0.0000000000000000     
   325.00000000000000        0.0000000000000000        0.0000000000000000       -325.00000000000000        0.0000000000000000     
   62.627888001454643       -58.497702654912160        12.013136900558761       -18.866787787767709        0.0000000000000000     
   293.30992341472933        254.65451669261748       -145.40860211455151       -6.1746848256267510        0.0000000000000000     
   89.983214185083057       -70.673803417741013       -25.689328160421315        49.419133584222379        0.0000000000000000     
   204.07897439873307       -125.48301061996430        159.08479337441409       -24.377660970827893        0.0000000000000000     

 PASSED   1.0000000000000001E-005
 MU_R    =    325.00000000000000     
 ALPHA_S =   0.11799999999999999     
 BORN                    2.6932621713905453E-008
 SINGLE POLE (MadFKS)   -1.8988121553152329E-009
 DOUBLE POLE (MadFKS)   -2.6976120820836038E-009
 SINGLE POLE (MadLoop)  -1.8988121553152466E-009
 DOUBLE POLE (MadLoop)  -2.6976120820835988E-009
 FINITE PART (MadLoop)   9.4254922205635460E-009
   325.00000000000000        0.0000000000000000        0.0000000000000000        325.00000000000000        0.0000000000000000     
   325.00000000000000        0.0000000000000000        0.0000000000000000       -325.00000000000000        0.0000000000000000     
   89.372710983664476       -58.270523974405286        45.708798214156495        50.027325234669505        0.0000000000000000     
   32.959957323137210        26.786084600909504        11.468734852550519       -15.405602207568435        0.0000000000000000     
   284.81373269119752       -31.772437853506187       -280.72176206354044        36.120172013418994        0.0000000000000000     
   242.85359900200095        63.256877227001965        223.54422899683340       -70.741895040520077        0.0000000000000000     

 PASSED   1.0000000000000001E-005
 MU_R    =    325.00000000000000     
 ALPHA_S =   0.11799999999999999     
 BORN                    5.3979485237074415E-010
 SINGLE POLE (MadFKS)   -8.2719383277221723E-011
 DOUBLE POLE (MadFKS)   -5.4066667963855635E-011
 SINGLE POLE (MadLoop)  -8.2719383277222718E-011
 DOUBLE POLE (MadLoop)  -5.4066667963855919E-011
 FINITE PART (MadLoop)   1.3424598220118578E-010
   325.00000000000000        0.0000000000000000        0.0000000000000000        325.00000000000000        0.0000000000000000     
   325.00000000000000        0.0000000000000000        0.0000000000000000       -325.00000000000000        0.0000000000000000     
   263.02626850312697       -252.75499089921044        19.140406952965620        70.223766061739695        0.0000000000000000     
   39.322229488072708        4.6706749822451510       -19.764729196882655        33.671620200055379        0.0000000000000000     
   42.973927451402673       -33.119846492462294        25.172717476816800        10.778149365569027        0.0000000000000000     
   304.67757455739786        281.20416240942757       -24.548395232899821       -114.67353562736407        0.0000000000000000     

 PASSED   1.0000000000000001E-005
 MU_R    =    325.00000000000000     
 ALPHA_S =   0.11799999999999999     
 BORN                    3.3720027228503840E-011
 SINGLE POLE (MadFKS)   -7.4502916802036918E-012
 DOUBLE POLE (MadFKS)   -3.3774488731943650E-012
 SINGLE POLE (MadLoop)  -7.4502916802035173E-012
 DOUBLE POLE (MadLoop)  -3.3774488731942830E-012
 FINITE PART (MadLoop)   8.6519292646868432E-012
   325.00000000000000        0.0000000000000000        0.0000000000000000        325.00000000000000        0.0000000000000000     
   325.00000000000000        0.0000000000000000        0.0000000000000000       -325.00000000000000        0.0000000000000000     
   154.38258046105571        141.44572821199878        61.459198322566706        7.0607408916599246        0.0000000000000000     
   248.44545438151886       -142.91098191083080       -127.23425301570890        158.47094343019526        0.0000000000000000     
   43.608168113370120       -31.231895162851465        11.871615205965531        28.023308211952667        0.0000000000000000     
   203.56379704405498        32.697148861683523        53.903439487176691       -193.55499253380790        0.0000000000000000     

 NUMBER OF POINTS PASSING THE CHECK          20
 NUMBER OF POINTS FAILING THE CHECK           0
 TOLERANCE    1.0000000000000001E-005
