==== LHAPDF6 USING DEFAULT-TYPE LHAGLUE INTERFACE ====
LHAPDF 6.2.1 loading /cvmfs/cms.cern.ch/slc6_amd64_gcc481/external/lhapdf/6.2.1/share/LHAPDF/NNPDF31_nnlo_hessian_pdfas/NNPDF31_nnlo_hessian_pdfas_0000.dat
NNPDF31_nnlo_hessian_pdfas PDF set, member #0, version 1; LHAPDF ID = 306000
 A PDF is used, so alpha_s(MZ) is going to be modified
 Old value of alpha_s from param_card:   0.11799999999999999     
 New value of alpha_s from PDF lhapdf :  0.11800208008122040     
 using LHAPDF
 *****************************************************
 *               MadGraph/MadEvent                   *
 *        --------------------------------           *
 *          http://madgraph.hep.uiuc.edu             *
 *          http://madgraph.phys.ucl.ac.be           *
 *          http://madgraph.roma2.infn.it            *
 *        --------------------------------           *
 *                                                   *
 *          PARAMETER AND COUPLING VALUES            *
 *                                                   *
 *****************************************************

  External Params
  ---------------------------------
  
 MU_R =    91.188000000000002     
 aEWM1 =    132.50700000000001     
 mdl_Gf =    1.1663900000000000E-005
 aS =   0.11799999999999999     
 mdl_lamWS =   0.22530000000000000     
 mdl_AWS =   0.80800000000000005     
 mdl_rhoWS =   0.13200000000000001     
 mdl_etaWS =   0.34100000000000003     
 mdl_ymt =    173.00000000000000     
 mdl_ymtau =    1.7769999999999999     
 mdl_MT =    173.00000000000000     
 mdl_MZ =    91.188000000000002     
 mdl_MH =    125.00000000000000     
 mdl_MTA =    1.7769999999999999     
 mdl_WT =    1.4915000000000000     
 mdl_WZ =    2.4414039999999999     
 mdl_WW =    2.0476000000000001     
 mdl_WH =    6.3823389999999999E-003
  Internal Params
  ---------------------------------
  
 mdl_CKM33 =    1.0000000000000000     
 mdl_conjg__CKM3x3 =    1.0000000000000000     
 mdl_I4x33 =    0.0000000000000000     
 mdl_I1x33 =    0.0000000000000000     
 mdl_lhv =    1.0000000000000000     
 mdl_CKM3x3 =    1.0000000000000000     
 mdl_conjg__CKM33 =    1.0000000000000000     
 mdl_Ncol =    3.0000000000000000     
 mdl_CA =    3.0000000000000000     
 mdl_TF =   0.50000000000000000     
 mdl_CF =    1.3333333333333333     
 mdl_lamWS__exp__2 =    5.0760090000000001E-002
 mdl_CKM11 =  ( 0.97461995499999998     ,  0.0000000000000000     )
 mdl_CKM12 =  ( 0.22530000000000000     ,  0.0000000000000000     )
 mdl_complexi =  (  0.0000000000000000     ,  1.0000000000000000     )
 mdl_lamWS__exp__3 =    1.1436248277000001E-002
 mdl_CKM13 =  (  1.2197444962317122E-003, -3.1510066152652563E-003)
 mdl_CKM21 =  (-0.22530000000000000     ,  0.0000000000000000     )
 mdl_CKM22 =  ( 0.97461995499999998     ,  0.0000000000000000     )
 mdl_CKM23 =  (  4.1014152720000002E-002,  0.0000000000000000     )
 mdl_CKM31 =  (  8.0207441115842885E-003, -3.1510066152652563E-003)
 mdl_CKM32 =  ( -4.1014152720000002E-002,  0.0000000000000000     )
 mdl_MZ__exp__2 =    8315.2513440000002     
 mdl_MZ__exp__4 =    69143404.913893804     
 mdl_sqrt__2 =    1.4142135623730951     
 mdl_MH__exp__2 =    15625.000000000000     
 mdl_CKM1x1 =  ( 0.97461995499999998     ,  0.0000000000000000     )
 mdl_CKM1x2 =  ( 0.22530000000000000     ,  0.0000000000000000     )
 mdl_CKM1x3 =  (  1.2197444962317122E-003, -3.1510066152652563E-003)
 mdl_CKM2x1 =  (-0.22530000000000000     ,  0.0000000000000000     )
 mdl_CKM2x2 =  ( 0.97461995499999998     ,  0.0000000000000000     )
 mdl_CKM2x3 =  (  4.1014152720000002E-002,  0.0000000000000000     )
 mdl_CKM3x1 =  (  8.0207441115842885E-003, -3.1510066152652563E-003)
 mdl_CKM3x2 =  ( -4.1014152720000002E-002,  0.0000000000000000     )
 mdl_conjg__CKM1x3 =  (  1.2197444962317122E-003,  3.1510066152652563E-003)
 mdl_conjg__CKM2x3 =  (  4.1014152720000002E-002, -0.0000000000000000     )
 mdl_conjg__CKM2x1 =  (-0.22530000000000000     , -0.0000000000000000     )
 mdl_conjg__CKM3x1 =  (  8.0207441115842885E-003,  3.1510066152652563E-003)
 mdl_conjg__CKM2x2 =  ( 0.97461995499999998     , -0.0000000000000000     )
 mdl_conjg__CKM3x2 =  ( -4.1014152720000002E-002, -0.0000000000000000     )
 mdl_Ncol__exp__2 =    9.0000000000000000     
 mdl_MT__exp__2 =    29929.000000000000     
 mdl_conjg__CKM11 =  ( 0.97461995499999998     , -0.0000000000000000     )
 mdl_conjg__CKM12 =  ( 0.22530000000000000     , -0.0000000000000000     )
 mdl_conjg__CKM13 =  (  1.2197444962317122E-003,  3.1510066152652563E-003)
 mdl_conjg__CKM21 =  (-0.22530000000000000     , -0.0000000000000000     )
 mdl_conjg__CKM22 =  ( 0.97461995499999998     , -0.0000000000000000     )
 mdl_conjg__CKM23 =  (  4.1014152720000002E-002, -0.0000000000000000     )
 mdl_conjg__CKM31 =  (  8.0207441115842885E-003,  3.1510066152652563E-003)
 mdl_conjg__CKM32 =  ( -4.1014152720000002E-002, -0.0000000000000000     )
 mdl_aEW =    7.5467711139788835E-003
 mdl_MW =    80.419002445756163     
 mdl_sqrt__aEW =    8.6872153846781555E-002
 mdl_ee =   0.30795376724436879     
 mdl_MW__exp__2 =    6467.2159543705357     
 mdl_sw2 =   0.22224648578577766     
 mdl_cw =   0.88190334743339216     
 mdl_sqrt__sw2 =   0.47143025548407230     
 mdl_sw =   0.47143025548407230     
 mdl_g1 =   0.34919219678733299     
 mdl_gw =   0.65323293034757990     
 mdl_v =    246.21845810181637     
 mdl_v__exp__2 =    60623.529110035903     
 mdl_lam =   0.12886910601690263     
 mdl_yt =   0.99366614581500623     
 mdl_ytau =    1.0206617000654717E-002
 mdl_muH =    88.388347648318430     
 mdl_AxialZUp =  -0.18517701861793787     
 mdl_AxialZDown =   0.18517701861793787     
 mdl_VectorZUp =    7.5430507588273299E-002
 mdl_VectorZDown =  -0.13030376310310560     
 mdl_VectorAUp =   0.20530251149624587     
 mdl_VectorADown =  -0.10265125574812294     
 mdl_VectorWmDxU =   0.23095271737156670     
 mdl_AxialWmDxU =  -0.23095271737156670     
 mdl_VectorWpUxD =   0.23095271737156670     
 mdl_AxialWpUxD =  -0.23095271737156670     
 mdl_I2x13 =  (  7.9699418879263656E-003,  3.1310485988282153E-003)
 mdl_I2x23 =  ( -4.0754375057150453E-002, -0.0000000000000000     )
 mdl_I2x33 =  ( 0.99366614581500623     ,  0.0000000000000000     )
 mdl_I3x31 =  (  7.9699418879263656E-003, -3.1310485988282153E-003)
 mdl_I3x32 =  ( -4.0754375057150453E-002,  0.0000000000000000     )
 mdl_I3x33 =  ( 0.99366614581500623     ,  0.0000000000000000     )
 mdl_Vector_tdGp =  ( -7.9699418879263656E-003, -3.1310485988282153E-003)
 mdl_Vector_tsGp =  (  4.0754375057150453E-002,  0.0000000000000000     )
 mdl_Vector_tbGp =  (-0.99366614581500623     ,  0.0000000000000000     )
 mdl_Axial_tdGp =  ( -7.9699418879263656E-003, -3.1310485988282153E-003)
 mdl_Axial_tsGp =  (  4.0754375057150453E-002,  0.0000000000000000     )
 mdl_Axial_tbGp =  (-0.99366614581500623     , -0.0000000000000000     )
 mdl_Vector_tdGm =  (  7.9699418879263656E-003, -3.1310485988282153E-003)
 mdl_Vector_tsGm =  ( -4.0754375057150453E-002,  0.0000000000000000     )
 mdl_Vector_tbGm =  ( 0.99366614581500623     ,  0.0000000000000000     )
 mdl_Axial_tdGm =  ( -7.9699418879263656E-003,  3.1310485988282153E-003)
 mdl_Axial_tsGm =  (  4.0754375057150453E-002, -0.0000000000000000     )
 mdl_Axial_tbGm =  (-0.99366614581500623     ,  0.0000000000000000     )
 mdl_gw__exp__2 =   0.42671326129048615     
 mdl_cw__exp__2 =   0.77775351421422245     
 mdl_ee__exp__2 =    9.4835522759998875E-002
 mdl_sw__exp__2 =   0.22224648578577769     
 mdl_yt__exp__2 =   0.98737240933884918     
  Internal Params evaluated point by point
  ----------------------------------------
  
 mdl_sqrt__aS =   0.34351128074635334     
 mdl_G__exp__4 =    2.1987899468922913     
 mdl_G__exp__2 =    1.4828317324943823     
 mdl_R2MixedFactor_FIN_ =   -2.5040377713124864E-002
 mdl_G_UVg_1EPS_ =   -5.1645779033320030E-002
 mdl_G_UVq_1EPS_ =    3.1300472141406080E-003
 mdl_G_UVb_1EPS_ =    3.1300472141406080E-003
 mdl_GWcft_UV_t_1EPS_ =   -3.1300472141406080E-003
 mdl_tWcft_UV_1EPS_ =   -1.8780283284843650E-002
 mdl_G__exp__3 =    1.8056676068262196     
 mdl_MU_R__exp__2 =    8315.2513440000002     
 mdl_G_UVt_FIN_ =   -4.0087659331150384E-003
 mdl_GWcft_UV_t_FIN_ =    4.0087659331150384E-003
 mdl_tWcft_UV_FIN_ =   -9.8778211443463623E-004
  Couplings of loop_sm-ckm_no_b_mass
  ---------------------------------
  
       UV_3Gt =   0.48815E-02   0.00000E+00
      UV_GQQt =   0.00000E+00  -0.48815E-02
   UVWfct_G_2 =   0.40088E-02   0.00000E+00
       R2_DDA =   0.00000E+00   0.25704E-02
       R2_UUA =  -0.00000E+00  -0.51409E-02
    R2_DDZ_V2 =   0.00000E+00   0.72127E-02
    R2_UUZ_V2 =  -0.00000E+00  -0.72127E-02
    R2_UUZ_V5 =   0.00000E+00   0.68702E-03
      R2_GGHt =   0.00000E+00  -0.45657E+01
     R2_GGZup =  -0.46369E-02   0.00000E+00
   R2_GGZdown =   0.46369E-02   0.00000E+00
 R2_GGGZvecUp =   0.00000E+00   0.28750E-03
 R2_GGGZvecDown  -0.00000E+00  -0.49665E-03
 R2_GGGZaxialUp  -0.00000E+00  -0.63522E-02
 R2_GGGZaxialDow  0.00000E+00   0.63522E-02
 R2_GGGAvecUp =   0.00000E+00   0.78251E-03
 R2_GGGAvecDown  -0.00000E+00  -0.39126E-03
         GC_4 =  -0.12177E+01   0.00000E+00
         GC_5 =   0.00000E+00   0.12177E+01
         GC_6 =   0.00000E+00   0.14828E+01
       R2_3Gq =   0.76230E-02   0.00000E+00
       R2_3Gg =   0.31445E-01   0.00000E+00
       R2_GQQ =  -0.00000E+00  -0.30492E-01
       R2_GGq =   0.00000E+00   0.62601E-02
       R2_GGt =  -0.00000E+00  -0.11242E+04
     R2_GGg_1 =   0.00000E+00   0.28170E-01
     R2_GGg_2 =  -0.00000E+00  -0.18780E-01
       R2_QQq =   0.00000E+00   0.12520E-01
  UV_3Gg_1eps =   0.62890E-01   0.00000E+00
  UV_3Gb_1eps =  -0.38115E-02   0.00000E+00
 UV_GQQg_1eps =   0.00000E+00  -0.62890E-01
 UV_GQQq_1eps =   0.00000E+00   0.38115E-02
 UVWfct_G_2_1eps -0.31300E-02   0.00000E+00
         GC_1 =  -0.00000E+00  -0.10265E+00
         GC_2 =   0.00000E+00   0.20530E+00
        GC_21 =  -0.00000E+00  -0.28804E+00
        GC_22 =   0.00000E+00   0.28804E+00
        GC_23 =  -0.00000E+00  -0.27437E-01
        GC_24 =   0.00000E+00   0.82310E-01
        GC_37 =  -0.00000E+00  -0.70263E+00
        GC_38 =  -0.00000E+00  -0.72172E-02
      GC_1003 =  -0.00000E+00  -0.30795E+00

 Collider parameters:
 --------------------

 Running at P P   machine @    13000.000000000000       GeV
 PDF set = lhapdf 
 alpha_s(Mz)= 0.1180 running at 3 loops.
 alpha_s(Mz)= 0.1180 running at 3 loops.
 Renormalization scale set on event-by-event basis
 Factorization   scale set on event-by-event basis


 ===============================================================
 INFO: MadFKS read these parameters from FKS_params.dat
 ===============================================================
  > IRPoleCheckThreshold      =    1.0000000000000001E-005
  > PrecisionVirtualAtRunTime =    1.0000000000000000E-003
  > NHelForMCoverHels         =            4
  > VirtualFraction           =    1.0000000000000000     
  > MinVirtualFraction        =    5.0000000000000001E-003
 ===============================================================
  Insert the number of points to test
 Insert the relative tolerance
  A negative number will mean use the default one:    1.0000000000000001E-005
Using random seed offsets:     0 ,     89 ,      0
  with seed                   32
 Ranmar initialization seeds       10729        9495
  ========================================================================================== 
 {                                                                                          }
 {       [32m                                                                            [0m       }
 {       [32m                               ,,                                           [0m       }
 {       [32m`7MMM.     ,MMF'             `7MM  `7MMF'                                   [0m       }
 {       [32m  MMMb    dPMM                 MM    MM                                     [0m       }
 {       [32m  M YM   ,M MM   ,6"Yb.   ,M""bMM    MM         ,pW"Wq.   ,pW"Wq.`7MMpdMAo. [0m       }
 {       [32m  M  Mb  M' MM  8)   MM ,AP    MM    MM        6W'   `Wb 6W'   `Wb MM   `Wb [0m       }
 {       [32m  M  YM.P'  MM   ,pm9MM 8MI    MM    MM      , 8M     M8 8M     M8 MM    M8 [0m       }
 {       [32m  M  `YM'   MM  8M   MM `Mb    MM    MM     ,M YA.   ,A9 YA.   ,A9 MM   ,AP [0m       }
 {       [32m.JML. `'  .JMML.`Moo9^Yo.`Wbmd"MML..JMMmmmmMMM  `Ybmd9'   `Ybmd9'  MMbmmd'  [0m       }
 {       [32m                                                                   MM       [0m       }
 {       [32m                                                                 .JMML.     [0m       }
 {       [32m[0mv2.4.2 (2016-06-10), Ref: arXiv:1103.0621v2, arXiv:1405.0301[32m                [0m       }
 {       [32m                                                                            [0m       }
 {                                                                                          }
  ========================================================================================== 
 ===============================================================
 INFO: MadLoop read these parameters from ./MadLoop5_resources/MadLoopParams.dat                                                                                                                                                                                                                                                                                                                                                                                                                                                                                          
 ===============================================================
  > MLReductionLib            = 6|1|2
  > IREGIMODE                 =            2
  > IREGIRECY                 =  T
  > CTModeRun                 =           -1
  > MLStabThres               =    1.0000000000000000E-003
  > NRotations_DP             =            1
  > NRotations_QP             =            0
  > CTStabThres               =    1.0000000000000000E-002
  > CTLoopLibrary             =            2
  > CTModeInit                =            1
  > CheckCycle                =            3
  > MaxAttempts               =           10
  > UseLoopFilter             =  F
  > HelicityFilterLevel       =            2
  > ImprovePSPoint            =            2
  > DoubleCheckHelicityFilter =  T
  > LoopInitStartOver         =  F
  > HelInitStartOver          =  F
  > ZeroThres                 =    1.0000000000000001E-009
  > OSThres                   =    1.0000000000000000E-008
  > WriteOutFilters           =  T
  > UseQPIntegrandForNinja    =  F
  > UseQPIntegrandForCutTools =  T
 ===============================================================
  
------------------------------------------------------------------------
|              You are using CutTools - Version 1.9.3                  |
|              Authors: G. Ossola, C. Papadopoulos, R. Pittau          |
|              Published in JHEP 0803:042,2008                         |
|              http://www.ugr.es/~pittau/CutTools                      |
|                                                                      |
|              Compiler with  34  significant digits detetected        |
 ---------------------------------------------------------------------- 
   
########################################################################
#                                                                      #
#                      You are using OneLOop-3.6                       #
#                                                                      #
# for the evaluation of 1-loop scalar 1-, 2-, 3- and 4-point functions #
#                                                                      #
# author: Andreas van Hameren <hamerenREMOVETHIS@ifj.edu.pl>           #
#   date: 18-02-2015                                                   #
#                                                                      #
# Please cite                                                          #
#    A. van Hameren,                                                   #
#      Comput.Phys.Commun. 182 (2011) 2427-2438, arXiv:1007.4716       #
#    A. van Hameren, C.G. Papadopoulos and R. Pittau,                  #
#      JHEP 0909:106,2009, arXiv:0903.4665                             #
# in publications with results obtained with the help of this program. #
#                                                                      #
########################################################################
 PASSED   1.0000000000000001E-005
 MU_R    =    325.00000000000000     
 ALPHA_S =   0.11799999999999999     
 BORN                    7.9638600806935175E-011
 SINGLE POLE (MadFKS)   -1.9255063285038051E-011
 DOUBLE POLE (MadFKS)   -7.9767225790017094E-012
 SINGLE POLE (MadLoop)  -1.9255063285038232E-011
 DOUBLE POLE (MadLoop)  -7.9767225790017159E-012
 FINITE PART (MadLoop)   6.3631915687766091E-012
   325.00000000000000        0.0000000000000000        0.0000000000000000        325.00000000000000        0.0000000000000000     
   325.00000000000000        0.0000000000000000        0.0000000000000000       -325.00000000000000        0.0000000000000000     
   204.79913576233639        99.077862037356951       -74.317857686258691        163.10462682594678        0.0000000000000000     
   232.65657098365202        7.3695237944049454        149.62913006243841       -178.00531895893644        0.0000000000000000     
   83.786284691936956       -66.003245375701979        34.863646060954771       -38.055739195155070        0.0000000000000000     
   128.75800856207451       -40.444140456059927       -110.17491843713449        52.956431328144760        0.0000000000000000     

 PASSED   1.0000000000000001E-005
 MU_R    =    325.00000000000000     
 ALPHA_S =   0.11799999999999999     
 BORN                    8.0583691227853956E-012
 SINGLE POLE (MadFKS)   -1.4719717852798008E-012
 DOUBLE POLE (MadFKS)   -8.0713842634531590E-013
 SINGLE POLE (MadLoop)  -1.4719717852798029E-012
 DOUBLE POLE (MadLoop)  -8.0713842634531256E-013
 FINITE PART (MadLoop)   7.3375629476835175E-014
   325.00000000000000        0.0000000000000000        0.0000000000000000        325.00000000000000        0.0000000000000000     
   325.00000000000000        0.0000000000000000        0.0000000000000000       -325.00000000000000        0.0000000000000000     
   125.59315982078682        30.492744783208281       -82.434091013761289       -89.713181573784084        0.0000000000000000     
   209.04578399418486        164.73457845086838       -59.070077869894867        114.33890138007557        0.0000000000000000     
   45.308847114291893        3.5977222920267264       -32.433220860156425        31.433011401582970        0.0000000000000000     
   270.05220907073635       -198.82504552610337        173.93738974381256       -56.058731207874466        0.0000000000000000     

 PASSED   1.0000000000000001E-005
 MU_R    =    325.00000000000000     
 ALPHA_S =   0.11799999999999999     
 BORN                    2.4564361148946730E-011
 SINGLE POLE (MadFKS)   -6.0999856672720943E-012
 DOUBLE POLE (MadFKS)   -2.4604035258049440E-012
 SINGLE POLE (MadLoop)  -6.0999856672718479E-012
 DOUBLE POLE (MadLoop)  -2.4604035258049121E-012
 FINITE PART (MadLoop)  -7.4532396894301634E-012
   325.00000000000000        0.0000000000000000        0.0000000000000000        325.00000000000000        0.0000000000000000     
   325.00000000000000        0.0000000000000000        0.0000000000000000       -325.00000000000000        0.0000000000000000     
   254.88513387611593       -220.51753034018728       -69.055244255535982       -107.56311414475863        0.0000000000000000     
   76.991282474265773       -50.325598148782092       -11.004255430680102        57.217987647380887        0.0000000000000000     
   284.20947900112628        263.49237176791831        103.14357132277567        26.612058713903515        0.0000000000000000     
   33.914104648492099        7.3507567210510230       -23.084071636559560        23.733067783474237        0.0000000000000000     

 PASSED   1.0000000000000001E-005
 MU_R    =    325.00000000000000     
 ALPHA_S =   0.11799999999999999     
 BORN                    5.2652936508897440E-012
 SINGLE POLE (MadFKS)   -1.4925964952217255E-012
 DOUBLE POLE (MadFKS)   -5.2737976715518961E-013
 SINGLE POLE (MadLoop)  -1.4925964952217055E-012
 DOUBLE POLE (MadLoop)  -5.2737976715518890E-013
 FINITE PART (MadLoop)   9.1675826145813354E-014
   325.00000000000000        0.0000000000000000        0.0000000000000000        325.00000000000000        0.0000000000000000     
   325.00000000000000        0.0000000000000000        0.0000000000000000       -325.00000000000000        0.0000000000000000     
   263.95465246279116        140.83992935762447       -13.943720467415210       -222.80427624895088        0.0000000000000000     
   105.22840912852078       -2.7924980516308904        38.993975686662480        97.696928828387286        0.0000000000000000     
   82.599680172662303       -39.293964542646691       -58.164679588760507       -43.538047309039428        0.0000000000000000     
   198.21725823602557       -98.753466763346893        33.114424369513230        168.64539472960297        0.0000000000000000     

 PASSED   1.0000000000000001E-005
 MU_R    =    325.00000000000000     
 ALPHA_S =   0.11799999999999999     
 BORN                    4.7715110554594294E-010
 SINGLE POLE (MadFKS)   -5.2665339536734023E-011
 DOUBLE POLE (MadFKS)   -4.7792175636422080E-011
 SINGLE POLE (MadLoop)  -5.2665339536733099E-011
 DOUBLE POLE (MadLoop)  -4.7792175636422048E-011
 FINITE PART (MadLoop)   7.6687399965032562E-012
   325.00000000000000        0.0000000000000000        0.0000000000000000        325.00000000000000        0.0000000000000000     
   325.00000000000000        0.0000000000000000        0.0000000000000000       -325.00000000000000        0.0000000000000000     
   63.234762063582373       -52.840964138960011        33.850341681997797       -7.7860137499893360        0.0000000000000000     
   105.32478426431008        2.6465484617301334        105.24418784720831        3.1570375266546180        0.0000000000000000     
   246.34226433885595       -180.98841540271027       -162.10045272606453        40.634319430940366        0.0000000000000000     
   235.09818933325150        231.18283107994014        23.005923196858433       -36.005343207605627        0.0000000000000000     

 PASSED   1.0000000000000001E-005
 MU_R    =    325.00000000000000     
 ALPHA_S =   0.11799999999999999     
 BORN                    1.0636606772354127E-010
 SINGLE POLE (MadFKS)   -3.1366975251542408E-011
 DOUBLE POLE (MadFKS)   -1.0653786046629171E-011
 SINGLE POLE (MadLoop)  -3.1366975251540748E-011
 DOUBLE POLE (MadLoop)  -1.0653786046629168E-011
 FINITE PART (MadLoop)  -1.9220335014592761E-011
   325.00000000000000        0.0000000000000000        0.0000000000000000        325.00000000000000        0.0000000000000000     
   325.00000000000000        0.0000000000000000        0.0000000000000000       -325.00000000000000        0.0000000000000000     
   129.46732992619582        47.469416589921344        117.94452847827999       -24.444471949034458        0.0000000000000000     
   257.48600331687754        89.586067453633163       -73.600854277673179        229.90496443506572        0.0000000000000000     
   241.21286517996577       -133.43088075155316       -23.639384686066105       -199.55206308594589        0.0000000000000000     
   21.833801576960948       -3.6246032920013458       -20.704289514540726       -5.9084294000854811        0.0000000000000000     

 PASSED   1.0000000000000001E-005
 MU_R    =    325.00000000000000     
 ALPHA_S =   0.11799999999999999     
 BORN                    2.0057737645831000E-010
 SINGLE POLE (MadFKS)   -2.6415405198174995E-011
 DOUBLE POLE (MadFKS)   -2.0090133068894889E-011
 SINGLE POLE (MadLoop)  -2.6415405198174543E-011
 DOUBLE POLE (MadLoop)  -2.0090133068894847E-011
 FINITE PART (MadLoop)  -2.2314503317791477E-012
   325.00000000000000        0.0000000000000000        0.0000000000000000        325.00000000000000        0.0000000000000000     
   325.00000000000000        0.0000000000000000        0.0000000000000000       -325.00000000000000        0.0000000000000000     
   37.897477979494937        25.259690976713454        15.905348977707048        23.349233881748624        0.0000000000000000     
   181.05324204648537        117.51300073505271        14.071405317704851       -137.01447611902762        0.0000000000000000     
   235.74250527654101       -13.929949976744135        63.918007670670832        226.48393669997313        0.0000000000000000     
   195.30677469747855       -128.84274173502200       -93.894761966082740       -112.81869446269413        0.0000000000000000     

 PASSED   1.0000000000000001E-005
 MU_R    =    325.00000000000000     
 ALPHA_S =   0.11799999999999999     
 BORN                    8.4893403310858504E-011
 SINGLE POLE (MadFKS)   -2.1281599779165950E-011
 DOUBLE POLE (MadFKS)   -8.5030515370261684E-012
 SINGLE POLE (MadLoop)  -2.1281599779165998E-011
 DOUBLE POLE (MadLoop)  -8.5030515370261651E-012
 FINITE PART (MadLoop)  -5.5230301102664603E-013
   325.00000000000000        0.0000000000000000        0.0000000000000000        325.00000000000000        0.0000000000000000     
   325.00000000000000        0.0000000000000000        0.0000000000000000       -325.00000000000000        0.0000000000000000     
   202.98387217700241       -45.591690421608874       -55.396962417352540        189.88161228354960        0.0000000000000000     
   244.92060654542036        59.252200059625601        218.53988525133184       -93.357371712176075        0.0000000000000000     
   148.90696011100960       -3.6856664881582146       -110.96796922428477       -99.226047176525512        0.0000000000000000     
   53.188561166567560       -9.9748431498585202       -52.174953609694519        2.7018066051520120        0.0000000000000000     

 PASSED   1.0000000000000001E-005
 MU_R    =    325.00000000000000     
 ALPHA_S =   0.11799999999999999     
 BORN                    4.8591304373193016E-011
 SINGLE POLE (MadFKS)   -8.5290244316471782E-012
 DOUBLE POLE (MadFKS)   -4.8669784603126762E-012
 SINGLE POLE (MadLoop)  -8.5290244316469052E-012
 DOUBLE POLE (MadLoop)  -4.8669784603125550E-012
 FINITE PART (MadLoop)   1.9558472885915303E-012
   325.00000000000000        0.0000000000000000        0.0000000000000000        325.00000000000000        0.0000000000000000     
   325.00000000000000        0.0000000000000000        0.0000000000000000       -325.00000000000000        0.0000000000000000     
   102.94048543399350        65.953634770003816        78.394957068679048        10.054467077430958        0.0000000000000000     
   215.14317660422776       -90.485768380871235        194.44111158372894       -17.075312177678935        0.0000000000000000     
   77.744268708436422       -67.724641202000029       -36.659228222301813       -10.660453893484904        0.0000000000000000     
   254.17206925334210        92.256774812867420       -236.17684043010621        17.681298993732867        0.0000000000000000     

 PASSED   1.0000000000000001E-005
 MU_R    =    325.00000000000000     
 ALPHA_S =   0.11799999999999999     
 BORN                    2.0386172778885866E-010
 SINGLE POLE (MadFKS)   -7.9525752543503467E-011
 DOUBLE POLE (MadFKS)   -2.0419098660333057E-011
 SINGLE POLE (MadLoop)  -7.9525752543519429E-011
 DOUBLE POLE (MadLoop)  -2.0419098660336346E-011
 FINITE PART (MadLoop)  -2.4120608139916013E-010
   325.00000000000000        0.0000000000000000        0.0000000000000000        325.00000000000000        0.0000000000000000     
   325.00000000000000        0.0000000000000000        0.0000000000000000       -325.00000000000000        0.0000000000000000     
   143.08453886631688       -97.861164411299356        83.949077074711980       -62.039747105829164        0.0000000000000000     
   254.63306473613400       -44.376484497629860       -9.2882219296723978        250.56427162293699        0.0000000000000000     
   246.98908947039553        138.60618935957305       -72.017596287853351       -191.32537838340471        0.0000000000000000     
   5.2933069271537407        3.6314595493561623       -2.6432588571862574        2.8008538662968676        0.0000000000000000     

 PASSED   1.0000000000000001E-005
 MU_R    =    325.00000000000000     
 ALPHA_S =   0.11799999999999999     
 BORN                    1.3269789215591379E-010
 SINGLE POLE (MadFKS)   -3.3202995729439707E-011
 DOUBLE POLE (MadFKS)   -1.3291221365278363E-011
 SINGLE POLE (MadLoop)  -3.3202995729439674E-011
 DOUBLE POLE (MadLoop)  -1.3291221365278316E-011
 FINITE PART (MadLoop)  -1.1516073060747747E-011
   325.00000000000000        0.0000000000000000        0.0000000000000000        325.00000000000000        0.0000000000000000     
   325.00000000000000        0.0000000000000000        0.0000000000000000       -325.00000000000000        0.0000000000000000     
   265.60274753073708        134.04854983485248       -49.809523990911075        223.81871481815040        0.0000000000000000     
   131.63246765658158        35.322501594797274        68.783650901940462       -106.52810329226052        0.0000000000000000     
   204.60956610558478       -157.24385392111586        26.323556844395334       -128.24396789327102        0.0000000000000000     
   48.155218707096850       -12.127197508533961       -45.297683755424991        10.953356367380998        0.0000000000000000     

 PASSED   1.0000000000000001E-005
 MU_R    =    325.00000000000000     
 ALPHA_S =   0.11799999999999999     
 BORN                    2.9629408709061366E-011
 SINGLE POLE (MadFKS)   -5.0950915336601504E-012
 DOUBLE POLE (MadFKS)   -2.9677263419657920E-012
 SINGLE POLE (MadLoop)  -5.0950915336609881E-012
 DOUBLE POLE (MadLoop)  -2.9677263419658248E-012
 FINITE PART (MadLoop)   3.9868564293913090E-012
   325.00000000000000        0.0000000000000000        0.0000000000000000        325.00000000000000        0.0000000000000000     
   325.00000000000000        0.0000000000000000        0.0000000000000000       -325.00000000000000        0.0000000000000000     
   181.45784148172538       -162.65685391561965       -4.5383647050571563        80.306284656206401        0.0000000000000000     
   174.88648082580343        148.86397988380890       -3.8153670589204824        91.707358717786519        0.0000000000000000     
   104.92129755471252        101.48510292564816        25.987710068288482       -5.8216398155249287        0.0000000000000000     
   188.73438013775836       -87.692228893837409       -17.633978304310805       -166.19200355846789        0.0000000000000000     

 PASSED   1.0000000000000001E-005
 MU_R    =    325.00000000000000     
 ALPHA_S =   0.11799999999999999     
 BORN                    1.3432858694267105E-011
 SINGLE POLE (MadFKS)   -2.6612899997707125E-012
 DOUBLE POLE (MadFKS)   -1.3454554218859263E-012
 SINGLE POLE (MadLoop)  -2.6612899997707412E-012
 DOUBLE POLE (MadLoop)  -1.3454554218859158E-012
 FINITE PART (MadLoop)  -2.2350134587061422E-013
   325.00000000000000        0.0000000000000000        0.0000000000000000        325.00000000000000        0.0000000000000000     
   325.00000000000000        0.0000000000000000        0.0000000000000000       -325.00000000000000        0.0000000000000000     
   148.23225179809901       -27.962228866048687       -102.78741665938387       -103.08084791302387        0.0000000000000000     
   174.29775157753835        174.25334690404344       -1.0550657921817543        3.7900044720984805        0.0000000000000000     
   249.78686740287102       -195.11497064851503        145.67732712547166        55.693300470944600        0.0000000000000000     
   77.683129221491654        48.823852610520248       -41.834844673906034        43.597542969980793        0.0000000000000000     

 PASSED   1.0000000000000001E-005
 MU_R    =    325.00000000000000     
 ALPHA_S =   0.11799999999999999     
 BORN                    5.5157106585343449E-011
 SINGLE POLE (MadFKS)   -1.4904067699090099E-011
 DOUBLE POLE (MadFKS)   -5.5246191298403474E-012
 SINGLE POLE (MadLoop)  -1.4904067699090270E-011
 DOUBLE POLE (MadLoop)  -5.5246191298403554E-012
 FINITE PART (MadLoop)  -2.6561535217908629E-012
   325.00000000000000        0.0000000000000000        0.0000000000000000        325.00000000000000        0.0000000000000000     
   325.00000000000000        0.0000000000000000        0.0000000000000000       -325.00000000000000        0.0000000000000000     
Thanks for using LHAPDF 6.2.1. Please make sure to cite the paper:
  Eur.Phys.J. C75 (2015) 3, 132  (http://arxiv.org/abs/1412.7420)
   119.96960464688897       -29.648604458618490        111.35208917574502        33.382308622744524        0.0000000000000000     
   277.70430918756659        71.748656327019972       -230.81202986709084       -136.73924281362645        0.0000000000000000     
   65.011775024407740        49.224692937398856        27.810937754207078       -32.093803736463236        0.0000000000000000     
   187.31431114113676       -91.324744805800378        91.649002937138746        135.45073792734522        0.0000000000000000     

 PASSED   1.0000000000000001E-005
 MU_R    =    325.00000000000000     
 ALPHA_S =   0.11799999999999999     
 BORN                    1.6692719284014995E-011
 SINGLE POLE (MadFKS)   -2.8515925944492451E-012
 DOUBLE POLE (MadFKS)   -1.6719679837235950E-012
 SINGLE POLE (MadLoop)  -2.8515925944491038E-012
 DOUBLE POLE (MadLoop)  -1.6719679837235879E-012
 FINITE PART (MadLoop)  -1.3197309135011096E-013
   325.00000000000000        0.0000000000000000        0.0000000000000000        325.00000000000000        0.0000000000000000     
   325.00000000000000        0.0000000000000000        0.0000000000000000       -325.00000000000000        0.0000000000000000     
   140.49182530126606       -65.323521926629667       -81.955025300730938       -93.563691074792061        0.0000000000000000     
   166.81284317609652        14.934951760207309        166.12491279266033        2.4464697104707942        0.0000000000000000     
   125.76938331397707       -124.36727647246985        15.693673295218929        10.218950068440039        0.0000000000000000     
   216.92594820866060        174.75584663889222       -99.863560787148273        80.898271295881273        0.0000000000000000     

 PASSED   1.0000000000000001E-005
 MU_R    =    325.00000000000000     
 ALPHA_S =   0.11799999999999999     
 BORN                    2.8884635655688974E-009
 SINGLE POLE (MadFKS)   -4.6875337980913140E-010
 DOUBLE POLE (MadFKS)   -2.8931287476977841E-010
 SINGLE POLE (MadLoop)  -4.6875337980920047E-010
 DOUBLE POLE (MadLoop)  -2.8931287476982251E-010
 FINITE PART (MadLoop)  -1.0801684145828772E-010
   325.00000000000000        0.0000000000000000        0.0000000000000000        325.00000000000000        0.0000000000000000     
   325.00000000000000        0.0000000000000000        0.0000000000000000       -325.00000000000000        0.0000000000000000     
   59.655760303074651        32.368441665070364       -50.102709203181576       0.90125025062902586        0.0000000000000000     
   224.97960488467476        153.23328795264177       -80.465387284563690       -143.73831613885116        0.0000000000000000     
   149.07545288935236        5.7867513345920178        29.861417065722321        145.93937074684163        0.0000000000000000     
   216.28918192289780       -191.38848095230406        100.70667942202311       -3.1023048586196671        0.0000000000000000     

 PASSED   1.0000000000000001E-005
 MU_R    =    325.00000000000000     
 ALPHA_S =   0.11799999999999999     
 BORN                    1.7100493809453936E-011
 SINGLE POLE (MadFKS)   -3.4297234239241696E-012
 DOUBLE POLE (MadFKS)   -1.7128112962787204E-012
 SINGLE POLE (MadLoop)  -3.4297234239239988E-012
 DOUBLE POLE (MadLoop)  -1.7128112962787162E-012
 FINITE PART (MadLoop)  -2.3393637152635850E-013
   325.00000000000000        0.0000000000000000        0.0000000000000000        325.00000000000000        0.0000000000000000     
   325.00000000000000        0.0000000000000000        0.0000000000000000       -325.00000000000000        0.0000000000000000     
   60.102732221014215        22.440800912070141       -4.1741087436684960       -55.599691465437147        0.0000000000000000     
   281.17208559860836        108.25132389065139        165.72598104287030        199.68548220431708        0.0000000000000000     
   256.20945255599270       -122.91833485509210       -197.77366662172997       -106.86413489328280        0.0000000000000000     
   52.515729624384704       -7.7737899476294068        36.221794322528190       -37.221655845597155        0.0000000000000000     

 PASSED   1.0000000000000001E-005
 MU_R    =    325.00000000000000     
 ALPHA_S =   0.11799999999999999     
 BORN                    2.4255847879178988E-011
 SINGLE POLE (MadFKS)   -6.3941458450922023E-012
 DOUBLE POLE (MadFKS)   -2.4295023705869626E-012
 SINGLE POLE (MadLoop)  -6.3941458450923405E-012
 DOUBLE POLE (MadLoop)  -2.4295023705868895E-012
 FINITE PART (MadLoop)  -8.5222976784721415E-012
   325.00000000000000        0.0000000000000000        0.0000000000000000        325.00000000000000        0.0000000000000000     
   325.00000000000000        0.0000000000000000        0.0000000000000000       -325.00000000000000        0.0000000000000000     
   207.00160417565795       -57.014794352861507        198.57178357002743       -12.970124363895565        0.0000000000000000     
   71.682110207700546       -8.4777116293200478        7.9761992553220127       -70.730711680276627        0.0000000000000000     
   85.416869701310929        34.100698210026124        31.313640640941699       -71.781891316469327        0.0000000000000000     
   285.89941591533062        31.391807772155531       -237.86162346629118        155.48272736064149        0.0000000000000000     

 PASSED   1.0000000000000001E-005
 MU_R    =    325.00000000000000     
 ALPHA_S =   0.11799999999999999     
 BORN                    1.1309262824731457E-010
 SINGLE POLE (MadFKS)   -2.0122940597221993E-011
 DOUBLE POLE (MadFKS)   -1.1327528511531086E-011
 SINGLE POLE (MadLoop)  -2.0122940597222423E-011
 DOUBLE POLE (MadLoop)  -1.1327528511531207E-011
 FINITE PART (MadLoop)   1.2299952380323093E-011
   325.00000000000000        0.0000000000000000        0.0000000000000000        325.00000000000000        0.0000000000000000     
   325.00000000000000        0.0000000000000000        0.0000000000000000       -325.00000000000000        0.0000000000000000     
   70.410500938436456       -11.036898060546458       -67.102232430781939        18.251463678510373        0.0000000000000000     
   306.18569940446821       -114.96604268327529        257.73822401211447       -118.75815522578496        0.0000000000000000     
   126.98488413548573        105.30312232197682       -59.628837454932452        38.481358758738807        0.0000000000000000     
   146.41891552160990        20.699818421844959       -131.00715412640014        62.025332788535863        0.0000000000000000     

 PASSED   1.0000000000000001E-005
 MU_R    =    325.00000000000000     
 ALPHA_S =   0.11799999999999999     
 BORN                    1.5629861584210680E-009
 SINGLE POLE (MadFKS)   -6.2183170719950640E-010
 DOUBLE POLE (MadFKS)   -1.5655105506899822E-010
 SINGLE POLE (MadLoop)  -6.2183170719957309E-010
 DOUBLE POLE (MadLoop)  -1.5655105506899044E-010
 FINITE PART (MadLoop)  -1.4634604773132660E-009
   325.00000000000000        0.0000000000000000        0.0000000000000000        325.00000000000000        0.0000000000000000     
   325.00000000000000        0.0000000000000000        0.0000000000000000       -325.00000000000000        0.0000000000000000     
   148.21352292313321       -1.7967400873966195        122.87331087489861        82.862353194831456        0.0000000000000000     
   205.48605451275421       -81.817354941663083       -42.637109279320654        183.60968368218437        0.0000000000000000     
   289.76969863383283        77.260066338507968       -79.429057937636827       -267.74686767701172        0.0000000000000000     
   6.5307239302796525        6.3540286905517336      -0.80714365794110876        1.2748307999958965        0.0000000000000000     

 NUMBER OF POINTS PASSING THE CHECK          20
 NUMBER OF POINTS FAILING THE CHECK           0
 TOLERANCE    1.0000000000000001E-005
