==== LHAPDF6 USING DEFAULT-TYPE LHAGLUE INTERFACE ====
LHAPDF 6.2.1 loading /cvmfs/cms.cern.ch/slc6_amd64_gcc481/external/lhapdf/6.2.1/share/LHAPDF/NNPDF31_nnlo_hessian_pdfas/NNPDF31_nnlo_hessian_pdfas_0000.dat
NNPDF31_nnlo_hessian_pdfas PDF set, member #0, version 1; LHAPDF ID = 306000
 A PDF is used, so alpha_s(MZ) is going to be modified
 Old value of alpha_s from param_card:   0.11799999999999999     
 New value of alpha_s from PDF lhapdf :  0.11800208008122040     
 using LHAPDF
 *****************************************************
 *               MadGraph/MadEvent                   *
 *        --------------------------------           *
 *          http://madgraph.hep.uiuc.edu             *
 *          http://madgraph.phys.ucl.ac.be           *
 *          http://madgraph.roma2.infn.it            *
 *        --------------------------------           *
 *                                                   *
 *          PARAMETER AND COUPLING VALUES            *
 *                                                   *
 *****************************************************

  External Params
  ---------------------------------
  
 MU_R =    91.188000000000002     
 aEWM1 =    132.50700000000001     
 mdl_Gf =    1.1663900000000000E-005
 aS =   0.11799999999999999     
 mdl_lamWS =   0.22530000000000000     
 mdl_AWS =   0.80800000000000005     
 mdl_rhoWS =   0.13200000000000001     
 mdl_etaWS =   0.34100000000000003     
 mdl_ymt =    173.00000000000000     
 mdl_ymtau =    1.7769999999999999     
 mdl_MT =    173.00000000000000     
 mdl_MZ =    91.188000000000002     
 mdl_MH =    125.00000000000000     
 mdl_MTA =    1.7769999999999999     
 mdl_WT =    1.4915000000000000     
 mdl_WZ =    2.4414039999999999     
 mdl_WW =    2.0476000000000001     
 mdl_WH =    6.3823389999999999E-003
  Internal Params
  ---------------------------------
  
 mdl_CKM33 =    1.0000000000000000     
 mdl_conjg__CKM3x3 =    1.0000000000000000     
 mdl_I4x33 =    0.0000000000000000     
 mdl_I1x33 =    0.0000000000000000     
 mdl_lhv =    1.0000000000000000     
 mdl_CKM3x3 =    1.0000000000000000     
 mdl_conjg__CKM33 =    1.0000000000000000     
 mdl_Ncol =    3.0000000000000000     
 mdl_CA =    3.0000000000000000     
 mdl_TF =   0.50000000000000000     
 mdl_CF =    1.3333333333333333     
 mdl_lamWS__exp__2 =    5.0760090000000001E-002
 mdl_CKM11 =  ( 0.97461995499999998     ,  0.0000000000000000     )
 mdl_CKM12 =  ( 0.22530000000000000     ,  0.0000000000000000     )
 mdl_complexi =  (  0.0000000000000000     ,  1.0000000000000000     )
 mdl_lamWS__exp__3 =    1.1436248277000001E-002
 mdl_CKM13 =  (  1.2197444962317122E-003, -3.1510066152652563E-003)
 mdl_CKM21 =  (-0.22530000000000000     ,  0.0000000000000000     )
 mdl_CKM22 =  ( 0.97461995499999998     ,  0.0000000000000000     )
 mdl_CKM23 =  (  4.1014152720000002E-002,  0.0000000000000000     )
 mdl_CKM31 =  (  8.0207441115842885E-003, -3.1510066152652563E-003)
 mdl_CKM32 =  ( -4.1014152720000002E-002,  0.0000000000000000     )
 mdl_MZ__exp__2 =    8315.2513440000002     
 mdl_MZ__exp__4 =    69143404.913893804     
 mdl_sqrt__2 =    1.4142135623730951     
 mdl_MH__exp__2 =    15625.000000000000     
 mdl_CKM1x1 =  ( 0.97461995499999998     ,  0.0000000000000000     )
 mdl_CKM1x2 =  ( 0.22530000000000000     ,  0.0000000000000000     )
 mdl_CKM1x3 =  (  1.2197444962317122E-003, -3.1510066152652563E-003)
 mdl_CKM2x1 =  (-0.22530000000000000     ,  0.0000000000000000     )
 mdl_CKM2x2 =  ( 0.97461995499999998     ,  0.0000000000000000     )
 mdl_CKM2x3 =  (  4.1014152720000002E-002,  0.0000000000000000     )
 mdl_CKM3x1 =  (  8.0207441115842885E-003, -3.1510066152652563E-003)
 mdl_CKM3x2 =  ( -4.1014152720000002E-002,  0.0000000000000000     )
 mdl_conjg__CKM1x3 =  (  1.2197444962317122E-003,  3.1510066152652563E-003)
 mdl_conjg__CKM2x3 =  (  4.1014152720000002E-002, -0.0000000000000000     )
 mdl_conjg__CKM2x1 =  (-0.22530000000000000     , -0.0000000000000000     )
 mdl_conjg__CKM3x1 =  (  8.0207441115842885E-003,  3.1510066152652563E-003)
 mdl_conjg__CKM2x2 =  ( 0.97461995499999998     , -0.0000000000000000     )
 mdl_conjg__CKM3x2 =  ( -4.1014152720000002E-002, -0.0000000000000000     )
 mdl_Ncol__exp__2 =    9.0000000000000000     
 mdl_MT__exp__2 =    29929.000000000000     
 mdl_conjg__CKM11 =  ( 0.97461995499999998     , -0.0000000000000000     )
 mdl_conjg__CKM12 =  ( 0.22530000000000000     , -0.0000000000000000     )
 mdl_conjg__CKM13 =  (  1.2197444962317122E-003,  3.1510066152652563E-003)
 mdl_conjg__CKM21 =  (-0.22530000000000000     , -0.0000000000000000     )
 mdl_conjg__CKM22 =  ( 0.97461995499999998     , -0.0000000000000000     )
 mdl_conjg__CKM23 =  (  4.1014152720000002E-002, -0.0000000000000000     )
 mdl_conjg__CKM31 =  (  8.0207441115842885E-003,  3.1510066152652563E-003)
 mdl_conjg__CKM32 =  ( -4.1014152720000002E-002, -0.0000000000000000     )
 mdl_aEW =    7.5467711139788835E-003
 mdl_MW =    80.419002445756163     
 mdl_sqrt__aEW =    8.6872153846781555E-002
 mdl_ee =   0.30795376724436879     
 mdl_MW__exp__2 =    6467.2159543705357     
 mdl_sw2 =   0.22224648578577766     
 mdl_cw =   0.88190334743339216     
 mdl_sqrt__sw2 =   0.47143025548407230     
 mdl_sw =   0.47143025548407230     
 mdl_g1 =   0.34919219678733299     
 mdl_gw =   0.65323293034757990     
 mdl_v =    246.21845810181637     
 mdl_v__exp__2 =    60623.529110035903     
 mdl_lam =   0.12886910601690263     
 mdl_yt =   0.99366614581500623     
 mdl_ytau =    1.0206617000654717E-002
 mdl_muH =    88.388347648318430     
 mdl_AxialZUp =  -0.18517701861793787     
 mdl_AxialZDown =   0.18517701861793787     
 mdl_VectorZUp =    7.5430507588273299E-002
 mdl_VectorZDown =  -0.13030376310310560     
 mdl_VectorAUp =   0.20530251149624587     
 mdl_VectorADown =  -0.10265125574812294     
 mdl_VectorWmDxU =   0.23095271737156670     
 mdl_AxialWmDxU =  -0.23095271737156670     
 mdl_VectorWpUxD =   0.23095271737156670     
 mdl_AxialWpUxD =  -0.23095271737156670     
 mdl_I2x13 =  (  7.9699418879263656E-003,  3.1310485988282153E-003)
 mdl_I2x23 =  ( -4.0754375057150453E-002, -0.0000000000000000     )
 mdl_I2x33 =  ( 0.99366614581500623     ,  0.0000000000000000     )
 mdl_I3x31 =  (  7.9699418879263656E-003, -3.1310485988282153E-003)
 mdl_I3x32 =  ( -4.0754375057150453E-002,  0.0000000000000000     )
 mdl_I3x33 =  ( 0.99366614581500623     ,  0.0000000000000000     )
 mdl_Vector_tdGp =  ( -7.9699418879263656E-003, -3.1310485988282153E-003)
 mdl_Vector_tsGp =  (  4.0754375057150453E-002,  0.0000000000000000     )
 mdl_Vector_tbGp =  (-0.99366614581500623     ,  0.0000000000000000     )
 mdl_Axial_tdGp =  ( -7.9699418879263656E-003, -3.1310485988282153E-003)
 mdl_Axial_tsGp =  (  4.0754375057150453E-002,  0.0000000000000000     )
 mdl_Axial_tbGp =  (-0.99366614581500623     , -0.0000000000000000     )
 mdl_Vector_tdGm =  (  7.9699418879263656E-003, -3.1310485988282153E-003)
 mdl_Vector_tsGm =  ( -4.0754375057150453E-002,  0.0000000000000000     )
 mdl_Vector_tbGm =  ( 0.99366614581500623     ,  0.0000000000000000     )
 mdl_Axial_tdGm =  ( -7.9699418879263656E-003,  3.1310485988282153E-003)
 mdl_Axial_tsGm =  (  4.0754375057150453E-002, -0.0000000000000000     )
 mdl_Axial_tbGm =  (-0.99366614581500623     ,  0.0000000000000000     )
 mdl_gw__exp__2 =   0.42671326129048615     
 mdl_cw__exp__2 =   0.77775351421422245     
 mdl_ee__exp__2 =    9.4835522759998875E-002
 mdl_sw__exp__2 =   0.22224648578577769     
 mdl_yt__exp__2 =   0.98737240933884918     
  Internal Params evaluated point by point
  ----------------------------------------
  
 mdl_sqrt__aS =   0.34351128074635334     
 mdl_G__exp__4 =    2.1987899468922913     
 mdl_G__exp__2 =    1.4828317324943823     
 mdl_R2MixedFactor_FIN_ =   -2.5040377713124864E-002
 mdl_G_UVg_1EPS_ =   -5.1645779033320030E-002
 mdl_G_UVq_1EPS_ =    3.1300472141406080E-003
 mdl_G_UVb_1EPS_ =    3.1300472141406080E-003
 mdl_GWcft_UV_t_1EPS_ =   -3.1300472141406080E-003
 mdl_tWcft_UV_1EPS_ =   -1.8780283284843650E-002
 mdl_G__exp__3 =    1.8056676068262196     
 mdl_MU_R__exp__2 =    8315.2513440000002     
 mdl_G_UVt_FIN_ =   -4.0087659331150384E-003
 mdl_GWcft_UV_t_FIN_ =    4.0087659331150384E-003
 mdl_tWcft_UV_FIN_ =   -9.8778211443463623E-004
  Couplings of loop_sm-ckm_no_b_mass
  ---------------------------------
  
       UV_3Gt =   0.48815E-02   0.00000E+00
      UV_GQQt =   0.00000E+00  -0.48815E-02
   UVWfct_G_2 =   0.40088E-02   0.00000E+00
       R2_DDA =   0.00000E+00   0.25704E-02
       R2_UUA =  -0.00000E+00  -0.51409E-02
    R2_DDZ_V2 =   0.00000E+00   0.72127E-02
    R2_UUZ_V2 =  -0.00000E+00  -0.72127E-02
    R2_UUZ_V5 =   0.00000E+00   0.68702E-03
      R2_GGHt =   0.00000E+00  -0.45657E+01
     R2_GGZup =  -0.46369E-02   0.00000E+00
   R2_GGZdown =   0.46369E-02   0.00000E+00
 R2_GGGZvecUp =   0.00000E+00   0.28750E-03
 R2_GGGZvecDown  -0.00000E+00  -0.49665E-03
 R2_GGGZaxialUp  -0.00000E+00  -0.63522E-02
 R2_GGGZaxialDow  0.00000E+00   0.63522E-02
 R2_GGGAvecUp =   0.00000E+00   0.78251E-03
 R2_GGGAvecDown  -0.00000E+00  -0.39126E-03
         GC_4 =  -0.12177E+01   0.00000E+00
         GC_5 =   0.00000E+00   0.12177E+01
         GC_6 =   0.00000E+00   0.14828E+01
       R2_3Gq =   0.76230E-02   0.00000E+00
       R2_3Gg =   0.31445E-01   0.00000E+00
       R2_GQQ =  -0.00000E+00  -0.30492E-01
       R2_GGq =   0.00000E+00   0.62601E-02
       R2_GGt =  -0.00000E+00  -0.11242E+04
     R2_GGg_1 =   0.00000E+00   0.28170E-01
     R2_GGg_2 =  -0.00000E+00  -0.18780E-01
       R2_QQq =   0.00000E+00   0.12520E-01
  UV_3Gg_1eps =   0.62890E-01   0.00000E+00
  UV_3Gb_1eps =  -0.38115E-02   0.00000E+00
 UV_GQQg_1eps =   0.00000E+00  -0.62890E-01
 UV_GQQq_1eps =   0.00000E+00   0.38115E-02
 UVWfct_G_2_1eps -0.31300E-02   0.00000E+00
         GC_1 =  -0.00000E+00  -0.10265E+00
         GC_2 =   0.00000E+00   0.20530E+00
        GC_21 =  -0.00000E+00  -0.28804E+00
        GC_22 =   0.00000E+00   0.28804E+00
        GC_23 =  -0.00000E+00  -0.27437E-01
        GC_24 =   0.00000E+00   0.82310E-01
        GC_37 =  -0.00000E+00  -0.70263E+00
        GC_38 =  -0.00000E+00  -0.72172E-02
      GC_1003 =  -0.00000E+00  -0.30795E+00

 Collider parameters:
 --------------------

 Running at P P   machine @    13000.000000000000       GeV
 PDF set = lhapdf 
 alpha_s(Mz)= 0.1180 running at 3 loops.
 alpha_s(Mz)= 0.1180 running at 3 loops.
 Renormalization scale set on event-by-event basis
 Factorization   scale set on event-by-event basis


 ===============================================================
 INFO: MadFKS read these parameters from FKS_params.dat
 ===============================================================
  > IRPoleCheckThreshold      =    1.0000000000000001E-005
  > PrecisionVirtualAtRunTime =    1.0000000000000000E-003
  > NHelForMCoverHels         =            4
  > VirtualFraction           =    1.0000000000000000     
  > MinVirtualFraction        =    5.0000000000000001E-003
 ===============================================================
  Insert the number of points to test
 Insert the relative tolerance
  A negative number will mean use the default one:    1.0000000000000001E-005
Using random seed offsets:     0 ,     14 ,      0
  with seed                   32
 Ranmar initialization seeds       10729        9420
  ========================================================================================== 
 {                                                                                          }
 {       [32m                                                                            [0m       }
 {       [32m                               ,,                                           [0m       }
 {       [32m`7MMM.     ,MMF'             `7MM  `7MMF'                                   [0m       }
 {       [32m  MMMb    dPMM                 MM    MM                                     [0m       }
 {       [32m  M YM   ,M MM   ,6"Yb.   ,M""bMM    MM         ,pW"Wq.   ,pW"Wq.`7MMpdMAo. [0m       }
 {       [32m  M  Mb  M' MM  8)   MM ,AP    MM    MM        6W'   `Wb 6W'   `Wb MM   `Wb [0m       }
 {       [32m  M  YM.P'  MM   ,pm9MM 8MI    MM    MM      , 8M     M8 8M     M8 MM    M8 [0m       }
 {       [32m  M  `YM'   MM  8M   MM `Mb    MM    MM     ,M YA.   ,A9 YA.   ,A9 MM   ,AP [0m       }
 {       [32m.JML. `'  .JMML.`Moo9^Yo.`Wbmd"MML..JMMmmmmMMM  `Ybmd9'   `Ybmd9'  MMbmmd'  [0m       }
 {       [32m                                                                   MM       [0m       }
 {       [32m                                                                 .JMML.     [0m       }
 {       [32m[0mv2.4.2 (2016-06-10), Ref: arXiv:1103.0621v2, arXiv:1405.0301[32m                [0m       }
 {       [32m                                                                            [0m       }
 {                                                                                          }
  ========================================================================================== 
 ===============================================================
 INFO: MadLoop read these parameters from ./MadLoop5_resources/MadLoopParams.dat                                                                                                                                                                                                                                                                                                                                                                                                                                                                                          
 ===============================================================
  > MLReductionLib            = 6|1|2
  > IREGIMODE                 =            2
  > IREGIRECY                 =  T
  > CTModeRun                 =           -1
  > MLStabThres               =    1.0000000000000000E-003
  > NRotations_DP             =            1
  > NRotations_QP             =            0
  > CTStabThres               =    1.0000000000000000E-002
  > CTLoopLibrary             =            2
  > CTModeInit                =            1
  > CheckCycle                =            3
  > MaxAttempts               =           10
  > UseLoopFilter             =  F
  > HelicityFilterLevel       =            2
  > ImprovePSPoint            =            2
  > DoubleCheckHelicityFilter =  T
  > LoopInitStartOver         =  F
  > HelInitStartOver          =  F
  > ZeroThres                 =    1.0000000000000001E-009
  > OSThres                   =    1.0000000000000000E-008
  > WriteOutFilters           =  T
  > UseQPIntegrandForNinja    =  F
  > UseQPIntegrandForCutTools =  T
 ===============================================================
  
------------------------------------------------------------------------
|              You are using CutTools - Version 1.9.3                  |
|              Authors: G. Ossola, C. Papadopoulos, R. Pittau          |
|              Published in JHEP 0803:042,2008                         |
|              http://www.ugr.es/~pittau/CutTools                      |
|                                                                      |
|              Compiler with  34  significant digits detetected        |
 ---------------------------------------------------------------------- 
   
########################################################################
#                                                                      #
#                      You are using OneLOop-3.6                       #
#                                                                      #
# for the evaluation of 1-loop scalar 1-, 2-, 3- and 4-point functions #
#                                                                      #
# author: Andreas van Hameren <hamerenREMOVETHIS@ifj.edu.pl>           #
#   date: 18-02-2015                                                   #
#                                                                      #
# Please cite                                                          #
#    A. van Hameren,                                                   #
#      Comput.Phys.Commun. 182 (2011) 2427-2438, arXiv:1007.4716       #
#    A. van Hameren, C.G. Papadopoulos and R. Pittau,                  #
#      JHEP 0909:106,2009, arXiv:0903.4665                             #
# in publications with results obtained with the help of this program. #
#                                                                      #
########################################################################
 PASSED   1.0000000000000001E-005
 MU_R    =    325.00000000000000     
 ALPHA_S =   0.11799999999999999     
 BORN                    1.2007157354638125E-007
 SINGLE POLE (MadFKS)   -5.1050403664327114E-010
 DOUBLE POLE (MadFKS)   -1.2778209605395212E-008
 SINGLE POLE (MadLoop)  -5.1050403664369714E-010
 DOUBLE POLE (MadLoop)  -1.2778209605395224E-008
 FINITE PART (MadLoop)   9.8125456491082710E-009
   325.00000000000000        0.0000000000000000        0.0000000000000000        325.00000000000000        0.0000000000000000     
   325.00000000000000        0.0000000000000000        0.0000000000000000       -325.00000000000000        0.0000000000000000     
   83.778706644868791       -46.411678166235973        52.946393932714891       -45.369036328783636        1.7769999999999999     
   322.12013197105642        163.67684757085559       -129.83827793878388        245.17367893639974        1.7769999999999999     
   244.10116138407477       -117.26516940461966        76.891884006068949       -199.80464260761605        0.0000000000000000     

 PASSED   1.0000000000000001E-005
 MU_R    =    325.00000000000000     
 ALPHA_S =   0.11799999999999999     
 BORN                    1.2646158946683104E-007
 SINGLE POLE (MadFKS)    8.9058955255482775E-010
 DOUBLE POLE (MadFKS)   -1.3458245357419225E-008
 SINGLE POLE (MadLoop)   8.9058955255475930E-010
 DOUBLE POLE (MadLoop)  -1.3458245357419253E-008
 FINITE PART (MadLoop)   6.2430856195544786E-009
   325.00000000000000        0.0000000000000000        0.0000000000000000        325.00000000000000        0.0000000000000000     
   325.00000000000000        0.0000000000000000        0.0000000000000000       -325.00000000000000        0.0000000000000000     
   131.91433699697268        127.20010390246526       -34.406874513787066       -5.8766597438867780        1.7769999999999999     
   250.20866208026715       -13.219592995661079        28.495125530781479        248.22265616379863        1.7769999999999999     
   267.87700092276327       -113.98051090680417        5.9117489830055634       -242.34599641991190        0.0000000000000000     

 PASSED   1.0000000000000001E-005
 MU_R    =    325.00000000000000     
 ALPHA_S =   0.11799999999999999     
 BORN                    2.4364055818259583E-007
 SINGLE POLE (MadFKS)   -5.9914870464877484E-009
 DOUBLE POLE (MadFKS)   -2.5928619313297292E-008
 SINGLE POLE (MadLoop)  -5.9914870464877376E-009
 DOUBLE POLE (MadLoop)  -2.5928619313297259E-008
 FINITE PART (MadLoop)   1.7438780704754548E-008
   325.00000000000000        0.0000000000000000        0.0000000000000000        325.00000000000000        0.0000000000000000     
   325.00000000000000        0.0000000000000000        0.0000000000000000       -325.00000000000000        0.0000000000000000     
   287.40833156635637        271.36315556510226       -33.373911473417323        88.592387706118956        1.7769999999999999     
   77.283640299249143       -19.964740836221271       -74.282119416137363       -7.2924061387825976        1.7769999999999999     
   285.30802813439442       -251.39841472888091        107.65603088955480       -81.299981567336260        0.0000000000000000     

 PASSED   1.0000000000000001E-005
 MU_R    =    325.00000000000000     
 ALPHA_S =   0.11799999999999999     
 BORN                    4.1570266341594143E-007
 SINGLE POLE (MadFKS)   -7.7323762321548631E-009
 DOUBLE POLE (MadFKS)   -4.4239744760220543E-008
 SINGLE POLE (MadLoop)  -7.7323762321552254E-009
 DOUBLE POLE (MadLoop)  -4.4239744760220470E-008
 FINITE PART (MadLoop)   2.4685191237174516E-008
   325.00000000000000        0.0000000000000000        0.0000000000000000        325.00000000000000        0.0000000000000000     
   325.00000000000000        0.0000000000000000        0.0000000000000000       -325.00000000000000        0.0000000000000000     
   289.93889349720246        76.681063507508611       -251.26483839187969        122.66784305857063        1.7769999999999999     
   60.845229053606786        58.184735487436896        6.1243385266905612       -16.613645098333194        1.7769999999999999     
   299.21587744919077       -134.86579899494549        245.14049986518918       -106.05419796023743        0.0000000000000000     

 PASSED   1.0000000000000001E-005
 MU_R    =    325.00000000000000     
 ALPHA_S =   0.11799999999999999     
 BORN                    2.7103885433588519E-007
 SINGLE POLE (MadFKS)   -3.1868919333097265E-008
 DOUBLE POLE (MadFKS)   -2.8844389971888583E-008
 SINGLE POLE (MadLoop)  -3.1868919333097165E-008
 DOUBLE POLE (MadLoop)  -2.8844389971888557E-008
 FINITE PART (MadLoop)   3.5481143074012642E-008
   325.00000000000000        0.0000000000000000        0.0000000000000000        325.00000000000000        0.0000000000000000     
   325.00000000000000        0.0000000000000000        0.0000000000000000       -325.00000000000000        0.0000000000000000     
   296.52463526817655        37.615506301116994        62.432635784345337       -287.42119140149538        1.7769999999999999     
   304.29618028598782        10.523686117409582       -65.770926908503270        296.91151006948343        1.7769999999999999     
   49.179184445835638       -48.139192418526584        3.3382911241579527       -9.4903186679880456        0.0000000000000000     

 PASSED   1.0000000000000001E-005
 MU_R    =    325.00000000000000     
 ALPHA_S =   0.11799999999999999     
 BORN                    6.1318902868744243E-007
 SINGLE POLE (MadFKS)   -7.9017917603490451E-008
 DOUBLE POLE (MadFKS)   -6.5256560773480304E-008
 SINGLE POLE (MadLoop)  -7.9017917603491510E-008
 DOUBLE POLE (MadLoop)  -6.5256560773480052E-008
 FINITE PART (MadLoop)   2.9330969717128222E-008
   325.00000000000000        0.0000000000000000        0.0000000000000000        325.00000000000000        0.0000000000000000     
   325.00000000000000        0.0000000000000000        0.0000000000000000       -325.00000000000000        0.0000000000000000     
   120.72940000069214        27.952866368745685       -59.269343193235308       -101.38151959179085        1.7769999999999999     
   225.82613379193694       -166.15217537886312       -66.227101298916267       -137.84669254221677        1.7769999999999999     
   303.44446620737597        138.19930901011745        125.49644449215160        239.22821213400761        0.0000000000000000     

 PASSED   1.0000000000000001E-005
 MU_R    =    325.00000000000000     
 ALPHA_S =   0.11799999999999999     
 BORN                    2.9981806653213122E-008
 SINGLE POLE (MadFKS)   -5.1794223074740254E-010
 DOUBLE POLE (MadFKS)   -3.1907119932529308E-009
 SINGLE POLE (MadLoop)  -5.1794223074734060E-010
 DOUBLE POLE (MadLoop)  -3.1907119932528857E-009
 FINITE PART (MadLoop)   5.4511652155327066E-009
   325.00000000000000        0.0000000000000000        0.0000000000000000        325.00000000000000        0.0000000000000000     
   325.00000000000000        0.0000000000000000        0.0000000000000000       -325.00000000000000        0.0000000000000000     
   305.99764581866361        85.203538857810713       -29.925411342635549        292.36317866592435        1.7769999999999999     
   176.34836494474189       -94.449137458202429       -44.114322477095754       -142.22824992058472        1.7769999999999999     
   167.65398923659512        9.2455986003911512        74.039733819731353       -150.13492874533966        0.0000000000000000     

 PASSED   1.0000000000000001E-005
 MU_R    =    325.00000000000000     
 ALPHA_S =   0.11799999999999999     
 BORN                    7.0282917264390533E-008
 SINGLE POLE (MadFKS)   -6.8767737254286032E-009
 DOUBLE POLE (MadFKS)   -7.4796208790927351E-009
 SINGLE POLE (MadLoop)  -6.8767737254289324E-009
 DOUBLE POLE (MadLoop)  -7.4796208790927417E-009
 FINITE PART (MadLoop)   8.5272945067365808E-009
   325.00000000000000        0.0000000000000000        0.0000000000000000        325.00000000000000        0.0000000000000000     
   325.00000000000000        0.0000000000000000        0.0000000000000000       -325.00000000000000        0.0000000000000000     
   321.55807141852222       -133.50088870941823        288.92572400072385       -45.780719630128949        1.7769999999999999     
   258.70924693697384        112.82070978512668       -224.36560511862982        62.119879306284886        1.7769999999999999     
   69.732681644503998        20.680178924291543       -64.560118882094017       -16.339159676155948        0.0000000000000000     

 PASSED   1.0000000000000001E-005
 MU_R    =    325.00000000000000     
 ALPHA_S =   0.11799999999999999     
 BORN                    1.2109083273147466E-007
 SINGLE POLE (MadFKS)   -5.0111725272727021E-009
 DOUBLE POLE (MadFKS)   -1.2886680804070034E-008
 SINGLE POLE (MadLoop)  -5.0111725272728112E-009
 DOUBLE POLE (MadLoop)  -1.2886680804070050E-008
 FINITE PART (MadLoop)   1.8408617945241736E-008
   325.00000000000000        0.0000000000000000        0.0000000000000000        325.00000000000000        0.0000000000000000     
   325.00000000000000        0.0000000000000000        0.0000000000000000       -325.00000000000000        0.0000000000000000     
   94.782334703181419        34.181997250574447        51.790057564855026       -71.623419662681812        1.7769999999999999     
   293.81786397568260       -276.87765401691638        43.929320982546407        87.947478226119713        1.7769999999999999     
   261.39980132113595        242.69565676634195       -95.719378547401448       -16.324058563437923        0.0000000000000000     

 PASSED   1.0000000000000001E-005
 MU_R    =    325.00000000000000     
 ALPHA_S =   0.11799999999999999     
 BORN                    2.5132881395102180E-008
 SINGLE POLE (MadFKS)   -1.7053145997420983E-009
 DOUBLE POLE (MadFKS)   -2.6746815833982405E-009
 SINGLE POLE (MadLoop)  -1.7053145997420102E-009
 DOUBLE POLE (MadLoop)  -2.6746815833982446E-009
 FINITE PART (MadLoop)   2.5001894452268747E-009
   325.00000000000000        0.0000000000000000        0.0000000000000000        325.00000000000000        0.0000000000000000     
   325.00000000000000        0.0000000000000000        0.0000000000000000       -325.00000000000000        0.0000000000000000     
   185.04594394568895        123.98085081746889        23.402268292258874        135.35112157313179        1.7769999999999999     
   258.61138822349238       -15.186372391261502       -195.56724595157959       -168.52156774250031        1.7769999999999999     
   206.34266783081949       -108.79447842620736        172.16497765932084        33.170446169368724        0.0000000000000000     

 PASSED   1.0000000000000001E-005
 MU_R    =    325.00000000000000     
 ALPHA_S =   0.11799999999999999     
 BORN                    8.5071609546257775E-008
 SINGLE POLE (MadFKS)   -6.3139884027848366E-009
 DOUBLE POLE (MadFKS)   -9.0534572517325375E-009
 SINGLE POLE (MadLoop)  -6.3139884027847854E-009
 DOUBLE POLE (MadLoop)  -9.0534572517325309E-009
 FINITE PART (MadLoop)   7.7385388804511737E-009
   325.00000000000000        0.0000000000000000        0.0000000000000000        325.00000000000000        0.0000000000000000     
   325.00000000000000        0.0000000000000000        0.0000000000000000       -325.00000000000000        0.0000000000000000     
   259.29965656797071        169.06074277981671        169.05328986499944        100.36236647182383        1.7769999999999999     
   168.45083813955085       -4.3807419501513749       -34.442722558628709       -164.82425520424079        1.7769999999999999     
   222.24950529247968       -164.68000082966523       -134.61056730637051        64.461888732416895        0.0000000000000000     

 PASSED   1.0000000000000001E-005
 MU_R    =    325.00000000000000     
 ALPHA_S =   0.11799999999999999     
 BORN                    1.1530562295769917E-007
 SINGLE POLE (MadFKS)   -1.1676054223096683E-008
 DOUBLE POLE (MadFKS)   -1.2271009493058784E-008
 SINGLE POLE (MadLoop)  -1.1676054223096655E-008
 DOUBLE POLE (MadLoop)  -1.2271009493058783E-008
 FINITE PART (MadLoop)   1.2741727547239990E-008
   325.00000000000000        0.0000000000000000        0.0000000000000000        325.00000000000000        0.0000000000000000     
   325.00000000000000        0.0000000000000000        0.0000000000000000       -325.00000000000000        0.0000000000000000     
   296.47679162364915        144.14634784652981       -205.43828034138716       -157.83622402773571        1.7769999999999999     
   201.33438756552513       -161.89047852882675        65.803174297262359        99.968960690289649        1.7769999999999999     
   152.18882081082612        17.744130682296948        139.63510604412480        57.867263337446090        0.0000000000000000     

 PASSED   1.0000000000000001E-005
 MU_R    =    325.00000000000000     
 ALPHA_S =   0.11799999999999999     
 BORN                    1.1584969371885056E-007
 SINGLE POLE (MadFKS)   -4.0420752369150068E-009
 DOUBLE POLE (MadFKS)   -1.2328910376846851E-008
 SINGLE POLE (MadLoop)  -4.0420752369149075E-009
 DOUBLE POLE (MadLoop)  -1.2328910376846846E-008
 FINITE PART (MadLoop)   1.0466553654609672E-008
   325.00000000000000        0.0000000000000000        0.0000000000000000        325.00000000000000        0.0000000000000000     
   325.00000000000000        0.0000000000000000        0.0000000000000000       -325.00000000000000        0.0000000000000000     
   308.98534354659580       -242.10719432202936        172.11375060699692        85.027925454614390        1.7769999999999999     
   97.325538008765506        19.678843890938758       -91.508669921337201       -26.608439488994009        1.7769999999999999     
   243.68911844463864        222.42835043109056       -80.605080685659658       -58.419485965620332        0.0000000000000000     

 PASSED   1.0000000000000001E-005
 MU_R    =    325.00000000000000     
 ALPHA_S =   0.11799999999999999     
 BORN                    3.2737857553498486E-008
 SINGLE POLE (MadFKS)   -6.5853241783591574E-010
 DOUBLE POLE (MadFKS)   -3.4840153542968400E-009
 SINGLE POLE (MadLoop)  -6.5853241783581844E-010
 DOUBLE POLE (MadLoop)  -3.4840153542968351E-009
 FINITE PART (MadLoop)   4.0319139299882817E-009
   325.00000000000000        0.0000000000000000        0.0000000000000000        325.00000000000000        0.0000000000000000     
   325.00000000000000        0.0000000000000000        0.0000000000000000       -325.00000000000000        0.0000000000000000     
   291.71286359433958       -13.473535408619323       -266.95374216007099        116.82208886908708        1.7769999999999999     
   194.65595022852224       -12.186578754022211        192.43895535554898        26.580387324227885        1.7769999999999999     
   163.63118617713869        25.660114162641559        74.514786804522004       -143.40247619331495        0.0000000000000000     

 PASSED   1.0000000000000001E-005
 MU_R    =    325.00000000000000     
 ALPHA_S =   0.11799999999999999     
 BORN                    8.1251958536523492E-008
 SINGLE POLE (MadFKS)   -2.4149566428074485E-009
 DOUBLE POLE (MadFKS)   -8.6469638596642610E-009
 SINGLE POLE (MadLoop)  -2.4149566428074775E-009
 DOUBLE POLE (MadLoop)  -8.6469638596642858E-009
 FINITE PART (MadLoop)   8.0599735650605168E-009
   325.00000000000000        0.0000000000000000        0.0000000000000000        325.00000000000000        0.0000000000000000     
   325.00000000000000        0.0000000000000000        0.0000000000000000       -325.00000000000000        0.0000000000000000     
   191.49618073448420       -144.04091524732405       -68.331772675934189       -106.06890724699626        1.7769999999999999     
   252.11148882151099       -20.082803476400535        138.35263610642801        209.79102495990966        1.7769999999999999     
   206.39233044400564        164.12371872372452       -70.020863430493804       -103.72211771291340        0.0000000000000000     

 PASSED   1.0000000000000001E-005
 MU_R    =    325.00000000000000     
 ALPHA_S =   0.11799999999999999     
 BORN                    9.7728167070080790E-008
 SINGLE POLE (MadFKS)   -2.9311194812823730E-009
 DOUBLE POLE (MadFKS)   -1.0400388420746325E-008
 SINGLE POLE (MadLoop)  -2.9311194812822328E-009
 DOUBLE POLE (MadLoop)  -1.0400388420746300E-008
Thanks for using LHAPDF 6.2.1. Please make sure to cite the paper:
  Eur.Phys.J. C75 (2015) 3, 132  (http://arxiv.org/abs/1412.7420)
 FINITE PART (MadLoop)   8.0952493274628537E-009
   325.00000000000000        0.0000000000000000        0.0000000000000000        325.00000000000000        0.0000000000000000     
   325.00000000000000        0.0000000000000000        0.0000000000000000       -325.00000000000000        0.0000000000000000     
   263.93650636144201        108.76245751204488        151.60460798680930        186.67108060540608        1.7769999999999999     
   129.06572036823627        34.642236346368371        48.992106848592933       -114.25625310078291        1.7769999999999999     
   256.99777327032479       -143.40469385841328       -200.59671483540220       -72.414827504623176        0.0000000000000000     

 PASSED   1.0000000000000001E-005
 MU_R    =    325.00000000000000     
 ALPHA_S =   0.11799999999999999     
 BORN                    5.6314646191430138E-007
 SINGLE POLE (MadFKS)   -4.4791094242409385E-008
 DOUBLE POLE (MadFKS)   -5.9930950485111968E-008
 SINGLE POLE (MadLoop)  -4.4791094242409756E-008
 DOUBLE POLE (MadLoop)  -5.9930950485112061E-008
 FINITE PART (MadLoop)   7.6047258454021904E-008
   325.00000000000000        0.0000000000000000        0.0000000000000000        325.00000000000000        0.0000000000000000     
   325.00000000000000        0.0000000000000000        0.0000000000000000       -325.00000000000000        0.0000000000000000     
   157.96487926886354       0.11068792701972545       -130.37982181975025       -89.167455744007967        1.7769999999999999     
   185.97518320001572        151.31772054228267       -85.968017214289432       -65.544324723126778        1.7769999999999999     
   306.05993753112404       -151.42840846930235        216.34783903403959        154.71178046713482        0.0000000000000000     

 PASSED   1.0000000000000001E-005
 MU_R    =    325.00000000000000     
 ALPHA_S =   0.11799999999999999     
 BORN                    2.1760064390436823E-007
 SINGLE POLE (MadFKS)   -3.3961047659496318E-009
 DOUBLE POLE (MadFKS)   -2.3157409834434389E-008
 SINGLE POLE (MadLoop)  -3.3961047659505615E-009
 DOUBLE POLE (MadLoop)  -2.3157409834434154E-008
 FINITE PART (MadLoop)   7.8696586907574138E-009
   325.00000000000000        0.0000000000000000        0.0000000000000000        325.00000000000000        0.0000000000000000     
   325.00000000000000        0.0000000000000000        0.0000000000000000       -325.00000000000000        0.0000000000000000     
   238.54730164067865       -133.34040858594901       -91.475825126067519        175.36865810824418        1.7769999999999999     
   116.27885080135606       -85.887871570658106       -60.833254817925855       -49.398401188737573        1.7769999999999999     
   295.17384755797048        219.22828015660710        152.30907994399337       -125.97025691950658        0.0000000000000000     

 PASSED   1.0000000000000001E-005
 MU_R    =    325.00000000000000     
 ALPHA_S =   0.11799999999999999     
 BORN                    3.1347161384233508E-007
 SINGLE POLE (MadFKS)   -6.0004188642412875E-008
 DOUBLE POLE (MadFKS)   -3.3360152355058289E-008
 SINGLE POLE (MadLoop)  -6.0004188642411763E-008
 DOUBLE POLE (MadLoop)  -3.3360152355058064E-008
 FINITE PART (MadLoop)   1.1118546983671090E-008
   325.00000000000000        0.0000000000000000        0.0000000000000000        325.00000000000000        0.0000000000000000     
   325.00000000000000        0.0000000000000000        0.0000000000000000       -325.00000000000000        0.0000000000000000     
   305.98277306927980       -269.12172042799381        136.70838777429412       -50.066116208433598        1.7769999999999999     
   309.00889355747660        286.10433635283067       -112.43014693726843        31.418296395356087        1.7769999999999999     
   35.008333373243559       -16.982615924836871       -24.278240837025837        18.647819813077525        0.0000000000000000     

 PASSED   1.0000000000000001E-005
 MU_R    =    325.00000000000000     
 ALPHA_S =   0.11799999999999999     
 BORN                    1.3441162224854765E-006
 SINGLE POLE (MadFKS)   -5.4986178090421664E-008
 DOUBLE POLE (MadFKS)   -1.4304300608084335E-007
 SINGLE POLE (MadLoop)  -5.4986178090418157E-008
 DOUBLE POLE (MadLoop)  -1.4304300608083637E-007
 FINITE PART (MadLoop)   6.2924773459850296E-008
   325.00000000000000        0.0000000000000000        0.0000000000000000        325.00000000000000        0.0000000000000000     
   325.00000000000000        0.0000000000000000        0.0000000000000000       -325.00000000000000        0.0000000000000000     
   195.87137971830185        178.71751693598083        70.782186171200294       -37.581523715971301        1.7769999999999999     
   132.88705050908325        98.409190577864408        88.939878004498169        7.8191926922299855        1.7769999999999999     
   321.24156977261981       -277.12670751384513       -159.72206417569848        29.762331023741304        0.0000000000000000     

 NUMBER OF POINTS PASSING THE CHECK          20
 NUMBER OF POINTS FAILING THE CHECK           0
 TOLERANCE    1.0000000000000001E-005
