==== LHAPDF6 USING DEFAULT-TYPE LHAGLUE INTERFACE ====
LHAPDF 6.2.1 loading /cvmfs/cms.cern.ch/slc6_amd64_gcc481/external/lhapdf/6.2.1/share/LHAPDF/NNPDF31_nnlo_hessian_pdfas/NNPDF31_nnlo_hessian_pdfas_0000.dat
NNPDF31_nnlo_hessian_pdfas PDF set, member #0, version 1; LHAPDF ID = 306000
 A PDF is used, so alpha_s(MZ) is going to be modified
 Old value of alpha_s from param_card:   0.11799999999999999     
 New value of alpha_s from PDF lhapdf :  0.11800208008122040     
 using LHAPDF
 *****************************************************
 *               MadGraph/MadEvent                   *
 *        --------------------------------           *
 *          http://madgraph.hep.uiuc.edu             *
 *          http://madgraph.phys.ucl.ac.be           *
 *          http://madgraph.roma2.infn.it            *
 *        --------------------------------           *
 *                                                   *
 *          PARAMETER AND COUPLING VALUES            *
 *                                                   *
 *****************************************************

  External Params
  ---------------------------------
  
 MU_R =    91.188000000000002     
 aEWM1 =    132.50700000000001     
 mdl_Gf =    1.1663900000000000E-005
 aS =   0.11799999999999999     
 mdl_lamWS =   0.22530000000000000     
 mdl_AWS =   0.80800000000000005     
 mdl_rhoWS =   0.13200000000000001     
 mdl_etaWS =   0.34100000000000003     
 mdl_ymt =    173.00000000000000     
 mdl_ymtau =    1.7769999999999999     
 mdl_MT =    173.00000000000000     
 mdl_MZ =    91.188000000000002     
 mdl_MH =    125.00000000000000     
 mdl_MTA =    1.7769999999999999     
 mdl_WT =    1.4915000000000000     
 mdl_WZ =    2.4414039999999999     
 mdl_WW =    2.0476000000000001     
 mdl_WH =    6.3823389999999999E-003
  Internal Params
  ---------------------------------
  
 mdl_CKM33 =    1.0000000000000000     
 mdl_conjg__CKM3x3 =    1.0000000000000000     
 mdl_I4x33 =    0.0000000000000000     
 mdl_I1x33 =    0.0000000000000000     
 mdl_lhv =    1.0000000000000000     
 mdl_CKM3x3 =    1.0000000000000000     
 mdl_conjg__CKM33 =    1.0000000000000000     
 mdl_Ncol =    3.0000000000000000     
 mdl_CA =    3.0000000000000000     
 mdl_TF =   0.50000000000000000     
 mdl_CF =    1.3333333333333333     
 mdl_lamWS__exp__2 =    5.0760090000000001E-002
 mdl_CKM11 =  ( 0.97461995499999998     ,  0.0000000000000000     )
 mdl_CKM12 =  ( 0.22530000000000000     ,  0.0000000000000000     )
 mdl_complexi =  (  0.0000000000000000     ,  1.0000000000000000     )
 mdl_lamWS__exp__3 =    1.1436248277000001E-002
 mdl_CKM13 =  (  1.2197444962317122E-003, -3.1510066152652563E-003)
 mdl_CKM21 =  (-0.22530000000000000     ,  0.0000000000000000     )
 mdl_CKM22 =  ( 0.97461995499999998     ,  0.0000000000000000     )
 mdl_CKM23 =  (  4.1014152720000002E-002,  0.0000000000000000     )
 mdl_CKM31 =  (  8.0207441115842885E-003, -3.1510066152652563E-003)
 mdl_CKM32 =  ( -4.1014152720000002E-002,  0.0000000000000000     )
 mdl_MZ__exp__2 =    8315.2513440000002     
 mdl_MZ__exp__4 =    69143404.913893804     
 mdl_sqrt__2 =    1.4142135623730951     
 mdl_MH__exp__2 =    15625.000000000000     
 mdl_CKM1x1 =  ( 0.97461995499999998     ,  0.0000000000000000     )
 mdl_CKM1x2 =  ( 0.22530000000000000     ,  0.0000000000000000     )
 mdl_CKM1x3 =  (  1.2197444962317122E-003, -3.1510066152652563E-003)
 mdl_CKM2x1 =  (-0.22530000000000000     ,  0.0000000000000000     )
 mdl_CKM2x2 =  ( 0.97461995499999998     ,  0.0000000000000000     )
 mdl_CKM2x3 =  (  4.1014152720000002E-002,  0.0000000000000000     )
 mdl_CKM3x1 =  (  8.0207441115842885E-003, -3.1510066152652563E-003)
 mdl_CKM3x2 =  ( -4.1014152720000002E-002,  0.0000000000000000     )
 mdl_conjg__CKM1x3 =  (  1.2197444962317122E-003,  3.1510066152652563E-003)
 mdl_conjg__CKM2x3 =  (  4.1014152720000002E-002, -0.0000000000000000     )
 mdl_conjg__CKM2x1 =  (-0.22530000000000000     , -0.0000000000000000     )
 mdl_conjg__CKM3x1 =  (  8.0207441115842885E-003,  3.1510066152652563E-003)
 mdl_conjg__CKM2x2 =  ( 0.97461995499999998     , -0.0000000000000000     )
 mdl_conjg__CKM3x2 =  ( -4.1014152720000002E-002, -0.0000000000000000     )
 mdl_Ncol__exp__2 =    9.0000000000000000     
 mdl_MT__exp__2 =    29929.000000000000     
 mdl_conjg__CKM11 =  ( 0.97461995499999998     , -0.0000000000000000     )
 mdl_conjg__CKM12 =  ( 0.22530000000000000     , -0.0000000000000000     )
 mdl_conjg__CKM13 =  (  1.2197444962317122E-003,  3.1510066152652563E-003)
 mdl_conjg__CKM21 =  (-0.22530000000000000     , -0.0000000000000000     )
 mdl_conjg__CKM22 =  ( 0.97461995499999998     , -0.0000000000000000     )
 mdl_conjg__CKM23 =  (  4.1014152720000002E-002, -0.0000000000000000     )
 mdl_conjg__CKM31 =  (  8.0207441115842885E-003,  3.1510066152652563E-003)
 mdl_conjg__CKM32 =  ( -4.1014152720000002E-002, -0.0000000000000000     )
 mdl_aEW =    7.5467711139788835E-003
 mdl_MW =    80.419002445756163     
 mdl_sqrt__aEW =    8.6872153846781555E-002
 mdl_ee =   0.30795376724436879     
 mdl_MW__exp__2 =    6467.2159543705357     
 mdl_sw2 =   0.22224648578577766     
 mdl_cw =   0.88190334743339216     
 mdl_sqrt__sw2 =   0.47143025548407230     
 mdl_sw =   0.47143025548407230     
 mdl_g1 =   0.34919219678733299     
 mdl_gw =   0.65323293034757990     
 mdl_v =    246.21845810181637     
 mdl_v__exp__2 =    60623.529110035903     
 mdl_lam =   0.12886910601690263     
 mdl_yt =   0.99366614581500623     
 mdl_ytau =    1.0206617000654717E-002
 mdl_muH =    88.388347648318430     
 mdl_AxialZUp =  -0.18517701861793787     
 mdl_AxialZDown =   0.18517701861793787     
 mdl_VectorZUp =    7.5430507588273299E-002
 mdl_VectorZDown =  -0.13030376310310560     
 mdl_VectorAUp =   0.20530251149624587     
 mdl_VectorADown =  -0.10265125574812294     
 mdl_VectorWmDxU =   0.23095271737156670     
 mdl_AxialWmDxU =  -0.23095271737156670     
 mdl_VectorWpUxD =   0.23095271737156670     
 mdl_AxialWpUxD =  -0.23095271737156670     
 mdl_I2x13 =  (  7.9699418879263656E-003,  3.1310485988282153E-003)
 mdl_I2x23 =  ( -4.0754375057150453E-002, -0.0000000000000000     )
 mdl_I2x33 =  ( 0.99366614581500623     ,  0.0000000000000000     )
 mdl_I3x31 =  (  7.9699418879263656E-003, -3.1310485988282153E-003)
 mdl_I3x32 =  ( -4.0754375057150453E-002,  0.0000000000000000     )
 mdl_I3x33 =  ( 0.99366614581500623     ,  0.0000000000000000     )
 mdl_Vector_tdGp =  ( -7.9699418879263656E-003, -3.1310485988282153E-003)
 mdl_Vector_tsGp =  (  4.0754375057150453E-002,  0.0000000000000000     )
 mdl_Vector_tbGp =  (-0.99366614581500623     ,  0.0000000000000000     )
 mdl_Axial_tdGp =  ( -7.9699418879263656E-003, -3.1310485988282153E-003)
 mdl_Axial_tsGp =  (  4.0754375057150453E-002,  0.0000000000000000     )
 mdl_Axial_tbGp =  (-0.99366614581500623     , -0.0000000000000000     )
 mdl_Vector_tdGm =  (  7.9699418879263656E-003, -3.1310485988282153E-003)
 mdl_Vector_tsGm =  ( -4.0754375057150453E-002,  0.0000000000000000     )
 mdl_Vector_tbGm =  ( 0.99366614581500623     ,  0.0000000000000000     )
 mdl_Axial_tdGm =  ( -7.9699418879263656E-003,  3.1310485988282153E-003)
 mdl_Axial_tsGm =  (  4.0754375057150453E-002, -0.0000000000000000     )
 mdl_Axial_tbGm =  (-0.99366614581500623     ,  0.0000000000000000     )
 mdl_gw__exp__2 =   0.42671326129048615     
 mdl_cw__exp__2 =   0.77775351421422245     
 mdl_ee__exp__2 =    9.4835522759998875E-002
 mdl_sw__exp__2 =   0.22224648578577769     
 mdl_yt__exp__2 =   0.98737240933884918     
  Internal Params evaluated point by point
  ----------------------------------------
  
 mdl_sqrt__aS =   0.34351128074635334     
 mdl_G__exp__4 =    2.1987899468922913     
 mdl_G__exp__2 =    1.4828317324943823     
 mdl_R2MixedFactor_FIN_ =   -2.5040377713124864E-002
 mdl_G_UVg_1EPS_ =   -5.1645779033320030E-002
 mdl_G_UVq_1EPS_ =    3.1300472141406080E-003
 mdl_G_UVb_1EPS_ =    3.1300472141406080E-003
 mdl_GWcft_UV_t_1EPS_ =   -3.1300472141406080E-003
 mdl_tWcft_UV_1EPS_ =   -1.8780283284843650E-002
 mdl_G__exp__3 =    1.8056676068262196     
 mdl_MU_R__exp__2 =    8315.2513440000002     
 mdl_G_UVt_FIN_ =   -4.0087659331150384E-003
 mdl_GWcft_UV_t_FIN_ =    4.0087659331150384E-003
 mdl_tWcft_UV_FIN_ =   -9.8778211443463623E-004
  Couplings of loop_sm-ckm_no_b_mass
  ---------------------------------
  
       UV_3Gt =   0.48815E-02   0.00000E+00
      UV_GQQt =   0.00000E+00  -0.48815E-02
   UVWfct_G_2 =   0.40088E-02   0.00000E+00
       R2_DDA =   0.00000E+00   0.25704E-02
       R2_UUA =  -0.00000E+00  -0.51409E-02
    R2_DDZ_V2 =   0.00000E+00   0.72127E-02
    R2_UUZ_V2 =  -0.00000E+00  -0.72127E-02
    R2_UUZ_V5 =   0.00000E+00   0.68702E-03
      R2_GGHt =   0.00000E+00  -0.45657E+01
     R2_GGZup =  -0.46369E-02   0.00000E+00
   R2_GGZdown =   0.46369E-02   0.00000E+00
 R2_GGGZvecUp =   0.00000E+00   0.28750E-03
 R2_GGGZvecDown  -0.00000E+00  -0.49665E-03
 R2_GGGZaxialUp  -0.00000E+00  -0.63522E-02
 R2_GGGZaxialDow  0.00000E+00   0.63522E-02
 R2_GGGAvecUp =   0.00000E+00   0.78251E-03
 R2_GGGAvecDown  -0.00000E+00  -0.39126E-03
         GC_4 =  -0.12177E+01   0.00000E+00
         GC_5 =   0.00000E+00   0.12177E+01
         GC_6 =   0.00000E+00   0.14828E+01
       R2_3Gq =   0.76230E-02   0.00000E+00
       R2_3Gg =   0.31445E-01   0.00000E+00
       R2_GQQ =  -0.00000E+00  -0.30492E-01
       R2_GGq =   0.00000E+00   0.62601E-02
       R2_GGt =  -0.00000E+00  -0.11242E+04
     R2_GGg_1 =   0.00000E+00   0.28170E-01
     R2_GGg_2 =  -0.00000E+00  -0.18780E-01
       R2_QQq =   0.00000E+00   0.12520E-01
  UV_3Gg_1eps =   0.62890E-01   0.00000E+00
  UV_3Gb_1eps =  -0.38115E-02   0.00000E+00
 UV_GQQg_1eps =   0.00000E+00  -0.62890E-01
 UV_GQQq_1eps =   0.00000E+00   0.38115E-02
 UVWfct_G_2_1eps -0.31300E-02   0.00000E+00
         GC_1 =  -0.00000E+00  -0.10265E+00
         GC_2 =   0.00000E+00   0.20530E+00
        GC_21 =  -0.00000E+00  -0.28804E+00
        GC_22 =   0.00000E+00   0.28804E+00
        GC_23 =  -0.00000E+00  -0.27437E-01
        GC_24 =   0.00000E+00   0.82310E-01
        GC_37 =  -0.00000E+00  -0.70263E+00
        GC_38 =  -0.00000E+00  -0.72172E-02
      GC_1003 =  -0.00000E+00  -0.30795E+00

 Collider parameters:
 --------------------

 Running at P P   machine @    13000.000000000000       GeV
 PDF set = lhapdf 
 alpha_s(Mz)= 0.1180 running at 3 loops.
 alpha_s(Mz)= 0.1180 running at 3 loops.
 Renormalization scale set on event-by-event basis
 Factorization   scale set on event-by-event basis


 ===============================================================
 INFO: MadFKS read these parameters from FKS_params.dat
 ===============================================================
  > IRPoleCheckThreshold      =    1.0000000000000001E-005
  > PrecisionVirtualAtRunTime =    1.0000000000000000E-003
  > NHelForMCoverHels         =            4
  > VirtualFraction           =    1.0000000000000000     
  > MinVirtualFraction        =    5.0000000000000001E-003
 ===============================================================
  Insert the number of points to test
 Insert the relative tolerance
  A negative number will mean use the default one:    1.0000000000000001E-005
Using random seed offsets:     0 ,     69 ,      0
  with seed                   32
 Ranmar initialization seeds       10729        9475
  ========================================================================================== 
 {                                                                                          }
 {       [32m                                                                            [0m       }
 {       [32m                               ,,                                           [0m       }
 {       [32m`7MMM.     ,MMF'             `7MM  `7MMF'                                   [0m       }
 {       [32m  MMMb    dPMM                 MM    MM                                     [0m       }
 {       [32m  M YM   ,M MM   ,6"Yb.   ,M""bMM    MM         ,pW"Wq.   ,pW"Wq.`7MMpdMAo. [0m       }
 {       [32m  M  Mb  M' MM  8)   MM ,AP    MM    MM        6W'   `Wb 6W'   `Wb MM   `Wb [0m       }
 {       [32m  M  YM.P'  MM   ,pm9MM 8MI    MM    MM      , 8M     M8 8M     M8 MM    M8 [0m       }
 {       [32m  M  `YM'   MM  8M   MM `Mb    MM    MM     ,M YA.   ,A9 YA.   ,A9 MM   ,AP [0m       }
 {       [32m.JML. `'  .JMML.`Moo9^Yo.`Wbmd"MML..JMMmmmmMMM  `Ybmd9'   `Ybmd9'  MMbmmd'  [0m       }
 {       [32m                                                                   MM       [0m       }
 {       [32m                                                                 .JMML.     [0m       }
 {       [32m[0mv2.4.2 (2016-06-10), Ref: arXiv:1103.0621v2, arXiv:1405.0301[32m                [0m       }
 {       [32m                                                                            [0m       }
 {                                                                                          }
  ========================================================================================== 
 ===============================================================
 INFO: MadLoop read these parameters from ./MadLoop5_resources/MadLoopParams.dat                                                                                                                                                                                                                                                                                                                                                                                                                                                                                          
 ===============================================================
  > MLReductionLib            = 6|1|2
  > IREGIMODE                 =            2
  > IREGIRECY                 =  T
  > CTModeRun                 =           -1
  > MLStabThres               =    1.0000000000000000E-003
  > NRotations_DP             =            1
  > NRotations_QP             =            0
  > CTStabThres               =    1.0000000000000000E-002
  > CTLoopLibrary             =            2
  > CTModeInit                =            1
  > CheckCycle                =            3
  > MaxAttempts               =           10
  > UseLoopFilter             =  F
  > HelicityFilterLevel       =            2
  > ImprovePSPoint            =            2
  > DoubleCheckHelicityFilter =  T
  > LoopInitStartOver         =  F
  > HelInitStartOver          =  F
  > ZeroThres                 =    1.0000000000000001E-009
  > OSThres                   =    1.0000000000000000E-008
  > WriteOutFilters           =  T
  > UseQPIntegrandForNinja    =  F
  > UseQPIntegrandForCutTools =  T
 ===============================================================
  
------------------------------------------------------------------------
|              You are using CutTools - Version 1.9.3                  |
|              Authors: G. Ossola, C. Papadopoulos, R. Pittau          |
|              Published in JHEP 0803:042,2008                         |
|              http://www.ugr.es/~pittau/CutTools                      |
|                                                                      |
|              Compiler with  34  significant digits detetected        |
 ---------------------------------------------------------------------- 
   
########################################################################
#                                                                      #
#                      You are using OneLOop-3.6                       #
#                                                                      #
# for the evaluation of 1-loop scalar 1-, 2-, 3- and 4-point functions #
#                                                                      #
# author: Andreas van Hameren <hamerenREMOVETHIS@ifj.edu.pl>           #
#   date: 18-02-2015                                                   #
#                                                                      #
# Please cite                                                          #
#    A. van Hameren,                                                   #
#      Comput.Phys.Commun. 182 (2011) 2427-2438, arXiv:1007.4716       #
#    A. van Hameren, C.G. Papadopoulos and R. Pittau,                  #
#      JHEP 0909:106,2009, arXiv:0903.4665                             #
# in publications with results obtained with the help of this program. #
#                                                                      #
########################################################################
 PASSED   1.0000000000000001E-005
 MU_R    =    325.00000000000000     
 ALPHA_S =   0.11799999999999999     
 BORN                    2.1490595904345134E-011
 SINGLE POLE (MadFKS)   -4.9248708599816667E-012
 DOUBLE POLE (MadFKS)   -2.1525305548997456E-012
 SINGLE POLE (MadLoop)  -4.9248708599814833E-012
 DOUBLE POLE (MadLoop)  -2.1525305548997339E-012
 FINITE PART (MadLoop)   3.5297676142615175E-012
   325.00000000000000        0.0000000000000000        0.0000000000000000        325.00000000000000        0.0000000000000000     
   325.00000000000000        0.0000000000000000        0.0000000000000000       -325.00000000000000        0.0000000000000000     
   92.743377363186610       -76.615299363506182        32.607719491775065        40.843194998879234        0.0000000000000000     
   298.39252675012966        235.15996435587283       -26.122033595035365       -181.81179979674391        0.0000000000000000     
   37.122346245339095       0.28604230949118881        36.307735389354718       -7.7288499437252058        0.0000000000000000     
   221.74174964134460       -158.83070730185779       -42.793421286094407        148.69745474158987        0.0000000000000000     

 PASSED   1.0000000000000001E-005
 MU_R    =    325.00000000000000     
 ALPHA_S =   0.11799999999999999     
 BORN                    2.0688631855379910E-011
 SINGLE POLE (MadFKS)   -2.6661410610802216E-012
 DOUBLE POLE (MadFKS)   -2.0722046241060010E-012
 SINGLE POLE (MadLoop)  -2.6661410610802289E-012
 DOUBLE POLE (MadLoop)  -2.0722046241060143E-012
 FINITE PART (MadLoop)   1.0734762409893016E-011
   325.00000000000000        0.0000000000000000        0.0000000000000000        325.00000000000000        0.0000000000000000     
   325.00000000000000        0.0000000000000000        0.0000000000000000       -325.00000000000000        0.0000000000000000     
   194.16791085674805        88.064618090587700       -132.95728175659906        110.76173470530946        0.0000000000000000     
   79.768161230235322       -60.667248194662555        51.745058617636410       -2.2121146438204886        0.0000000000000000     
   218.56151008541491        95.317446117631519        177.18614864510315       -85.374392441438602        0.0000000000000000     
   157.50241782760170       -122.71481601355670       -95.973925506140517       -23.175227620050343        0.0000000000000000     

 PASSED   1.0000000000000001E-005
 MU_R    =    325.00000000000000     
 ALPHA_S =   0.11799999999999999     
 BORN                    2.8562648183119193E-010
 SINGLE POLE (MadFKS)   -4.6545799273661960E-011
 DOUBLE POLE (MadFKS)   -2.8608779959696170E-011
 SINGLE POLE (MadLoop)  -4.6545799273659434E-011
 DOUBLE POLE (MadLoop)  -2.8608779959695863E-011
 FINITE PART (MadLoop)   1.4114248345901708E-010
   325.00000000000000        0.0000000000000000        0.0000000000000000        325.00000000000000        0.0000000000000000     
   325.00000000000000        0.0000000000000000        0.0000000000000000       -325.00000000000000        0.0000000000000000     
   168.91674336173227        51.791519182827614       -75.620409638352427       -141.88748491250348        0.0000000000000000     
   174.10332503257763       -121.76602675685115       -99.496378986092779       -74.736022665813394        0.0000000000000000     
   137.25187777844442        33.184390385841162        118.42396314435611        60.931429833980822        0.0000000000000000     
   169.72805382724573        36.790117188182393        56.692825480089098        155.69207774433607        0.0000000000000000     

 PASSED   1.0000000000000001E-005
 MU_R    =    325.00000000000000     
 ALPHA_S =   0.11799999999999999     
 BORN                    1.0122614414368954E-009
 SINGLE POLE (MadFKS)   -9.8507287945399077E-011
 DOUBLE POLE (MadFKS)   -1.0138963535204834E-010
 SINGLE POLE (MadLoop)  -9.8507287945397035E-011
 DOUBLE POLE (MadLoop)  -1.0138963535204896E-010
 FINITE PART (MadLoop)   4.5233714221079719E-010
   325.00000000000000        0.0000000000000000        0.0000000000000000        325.00000000000000        0.0000000000000000     
   325.00000000000000        0.0000000000000000        0.0000000000000000       -325.00000000000000        0.0000000000000000     
   127.03365401197391        72.394200584548614        101.77169647343408       -23.219620373237102        0.0000000000000000     
   119.70395064193508        75.616501044550816        51.956339993470557        76.887705802352926        0.0000000000000000     
   119.47209752481376        33.659622633514445        59.776141632711614       -97.813213742592126        0.0000000000000000     
   283.79029782127719       -181.67032426261392       -213.50417809961618        44.145128313476292        0.0000000000000000     

 PASSED   1.0000000000000001E-005
 MU_R    =    325.00000000000000     
 ALPHA_S =   0.11799999999999999     
 BORN                    5.8101931203323827E-012
 SINGLE POLE (MadFKS)   -9.5259296356083084E-013
 DOUBLE POLE (MadFKS)   -5.8195772127728968E-013
 SINGLE POLE (MadLoop)  -9.5259296356131572E-013
 DOUBLE POLE (MadLoop)  -5.8195772127728877E-013
 FINITE PART (MadLoop)   2.2075846415192650E-012
   325.00000000000000        0.0000000000000000        0.0000000000000000        325.00000000000000        0.0000000000000000     
   325.00000000000000        0.0000000000000000        0.0000000000000000       -325.00000000000000        0.0000000000000000     
   254.42239129348968       -68.113499155412143       -111.43553942104027       -218.34244886930489        0.0000000000000000     
   146.30489615972181        96.244266363729110       -56.823404850850650        94.410086821117090        0.0000000000000000     
   59.692439734804360       -50.705068193469209        31.102319425817967       -4.9828854415162933        0.0000000000000000     
   189.58027281198403        22.574300985152238        137.15662484607293        128.91524748970406        0.0000000000000000     

 PASSED   1.0000000000000001E-005
 MU_R    =    325.00000000000000     
 ALPHA_S =   0.11799999999999999     
 BORN                    1.1212132291424361E-011
 SINGLE POLE (MadFKS)   -2.4100403182086427E-012
 DOUBLE POLE (MadFKS)   -1.1230241101871607E-012
 SINGLE POLE (MadLoop)  -2.4100403182091593E-012
 DOUBLE POLE (MadLoop)  -1.1230241101871733E-012
 FINITE PART (MadLoop)   2.1669568600637541E-012
   325.00000000000000        0.0000000000000000        0.0000000000000000        325.00000000000000        0.0000000000000000     
   325.00000000000000        0.0000000000000000        0.0000000000000000       -325.00000000000000        0.0000000000000000     
   284.99667027130198        115.20348822961729        260.41051108451398       -11.731329087528163        0.0000000000000000     
   235.48008297662065       -56.350700911745122       -227.56774339187265       -22.099550967429543        0.0000000000000000     
   102.15243922470776       -75.934019867323386       -44.973399134277791        51.444521930478551        0.0000000000000000     
   27.370807527369980        17.081232549450959        12.130631441636615       -17.613641875520472        0.0000000000000000     

 PASSED   1.0000000000000001E-005
 MU_R    =    325.00000000000000     
 ALPHA_S =   0.11799999999999999     
 BORN                    8.5712499956379141E-009
 SINGLE POLE (MadFKS)   -8.9222790449578182E-010
 DOUBLE POLE (MadFKS)   -8.5850934945757297E-010
 SINGLE POLE (MadLoop)  -8.9222790449425795E-010
 DOUBLE POLE (MadLoop)  -8.5850934945732668E-010
 FINITE PART (MadLoop)   1.0968202641228410E-008
   325.00000000000000        0.0000000000000000        0.0000000000000000        325.00000000000000        0.0000000000000000     
   325.00000000000000        0.0000000000000000        0.0000000000000000       -325.00000000000000        0.0000000000000000     
   55.363225153141528      -0.66725177748318576       -55.152089610337207        4.7841912625041765        0.0000000000000000     
   273.07336618409278       -74.302383987362319        110.90882320886449       -238.21723696519319        0.0000000000000000     
   117.94981896681539        91.743932286868656       -67.407091091573349        30.846308586592702        0.0000000000000000     
   203.61358969595045       -16.774296522023160        11.650357493046076        202.58673711609634        0.0000000000000000     

 PASSED   1.0000000000000001E-005
 MU_R    =    325.00000000000000     
 ALPHA_S =   0.11799999999999999     
 BORN                    7.9372347911300174E-011
 SINGLE POLE (MadFKS)   -1.1294588187556368E-011
 DOUBLE POLE (MadFKS)   -7.9500542867060553E-012
 SINGLE POLE (MadLoop)  -1.1294588187555810E-011
 DOUBLE POLE (MadLoop)  -7.9500542867059842E-012
 FINITE PART (MadLoop)   4.4594533967024617E-011
   325.00000000000000        0.0000000000000000        0.0000000000000000        325.00000000000000        0.0000000000000000     
   325.00000000000000        0.0000000000000000        0.0000000000000000       -325.00000000000000        0.0000000000000000     
   119.39145668113511       -102.58988528576897        56.268867918944430        23.737098993274291        0.0000000000000000     
   252.01577384402412        6.1804969246667296       -189.66233139458555       -165.83712423319727        0.0000000000000000     
   121.75214878737438       -31.252338091107983        49.395849000209246        106.80321717874679        0.0000000000000000     
   156.84062068746655        127.66172645221022        83.997614475431845        35.296808061176137        0.0000000000000000     

 PASSED   1.0000000000000001E-005
 MU_R    =    325.00000000000000     
 ALPHA_S =   0.11799999999999999     
 BORN                    1.1003905073851066E-011
 SINGLE POLE (MadFKS)   -1.2916580883801760E-012
 DOUBLE POLE (MadFKS)   -1.1021677574744073E-012
 SINGLE POLE (MadLoop)  -1.2916580883801148E-012
 DOUBLE POLE (MadLoop)  -1.1021677574744077E-012
 FINITE PART (MadLoop)   5.7292046983971071E-012
   325.00000000000000        0.0000000000000000        0.0000000000000000        325.00000000000000        0.0000000000000000     
   325.00000000000000        0.0000000000000000        0.0000000000000000       -325.00000000000000        0.0000000000000000     
   87.189295244779146       0.14766849847100302        1.8649054383292423        87.169223508081785        0.0000000000000000     
   175.78669408967130        20.791324976492447       -167.93322737745510       -47.614218121161493        0.0000000000000000     
   186.90925853406219        162.77449994213021        90.647582148807942       -14.918074437322021        0.0000000000000000     
   200.11475213148734       -183.71349341709364        75.420739790317867       -24.636930949598291        0.0000000000000000     

 PASSED   1.0000000000000001E-005
 MU_R    =    325.00000000000000     
 ALPHA_S =   0.11799999999999999     
 BORN                    7.0140553476541807E-011
 SINGLE POLE (MadFKS)   -5.7942426250027676E-012
 DOUBLE POLE (MadFKS)   -7.0253838082409612E-012
 SINGLE POLE (MadLoop)  -5.7942426250062839E-012
 DOUBLE POLE (MadLoop)  -7.0253838082409547E-012
 FINITE PART (MadLoop)   3.8210071589019674E-011
   325.00000000000000        0.0000000000000000        0.0000000000000000        325.00000000000000        0.0000000000000000     
   325.00000000000000        0.0000000000000000        0.0000000000000000       -325.00000000000000        0.0000000000000000     
   74.316185583627359        35.836111725796925       -62.022541074471214        19.795780730799020        0.0000000000000000     
   94.501493005762185       -1.5835796960578963        93.609341203793562        12.857515119808697        0.0000000000000000     
   265.60761558834702       -101.40923728586661       -227.80857256620098       -91.470357586356172        0.0000000000000000     
   215.57470582226338        67.156705256127580        196.22177243687861        58.817061735748382        0.0000000000000000     

 PASSED   1.0000000000000001E-005
 MU_R    =    325.00000000000000     
 ALPHA_S =   0.11799999999999999     
 BORN                    1.4661646373740749E-010
 SINGLE POLE (MadFKS)   -1.8060348220650765E-011
 DOUBLE POLE (MadFKS)   -1.4685326523789433E-011
 SINGLE POLE (MadLoop)  -1.8060348220650823E-011
 DOUBLE POLE (MadLoop)  -1.4685326523789640E-011
 FINITE PART (MadLoop)   6.8817947590763435E-011
   325.00000000000000        0.0000000000000000        0.0000000000000000        325.00000000000000        0.0000000000000000     
   325.00000000000000        0.0000000000000000        0.0000000000000000       -325.00000000000000        0.0000000000000000     
   163.39498154741418        151.51716602851522        48.527050786887735       -37.223564250270265        0.0000000000000000     
   117.42962008141798        108.05763639564184       -30.680579986237987       -34.233972903557095        0.0000000000000000     
   145.74418550357973       -79.683545774109120       -121.52940288174049       -11.068169504255279        0.0000000000000000     
   223.43121286758787       -179.89125665004792        103.68293208109077        82.525706658082626        0.0000000000000000     

 PASSED   1.0000000000000001E-005
 MU_R    =    325.00000000000000     
 ALPHA_S =   0.11799999999999999     
 BORN                    3.4629383611089565E-011
 SINGLE POLE (MadFKS)   -3.2566947005793187E-012
 DOUBLE POLE (MadFKS)   -3.4685313823775144E-012
 SINGLE POLE (MadLoop)  -3.2566947005797642E-012
 DOUBLE POLE (MadLoop)  -3.4685313823775172E-012
 FINITE PART (MadLoop)   1.8636122081139184E-011
   325.00000000000000        0.0000000000000000        0.0000000000000000        325.00000000000000        0.0000000000000000     
   325.00000000000000        0.0000000000000000        0.0000000000000000       -325.00000000000000        0.0000000000000000     
   51.116386717553944        18.957691951349599       -13.069923733738216        45.636257521082143        0.0000000000000000     
   234.96959661077136        118.84166114056799        202.09762516828476       -15.617964339775792        0.0000000000000000     
   139.86174247203365        46.648000486793123       -111.31244179477528        70.673979367107876        0.0000000000000000     
   224.05227419964106       -184.44735357871076       -77.715259639771261       -100.69227254841424        0.0000000000000000     

 PASSED   1.0000000000000001E-005
 MU_R    =    325.00000000000000     
 ALPHA_S =   0.11799999999999999     
 BORN                    7.5316514082972053E-012
 SINGLE POLE (MadFKS)   -9.6265745718077913E-013
 DOUBLE POLE (MadFKS)   -7.5438158426940338E-013
 SINGLE POLE (MadLoop)  -9.6265745718075409E-013
 DOUBLE POLE (MadLoop)  -7.5438158426940519E-013
 FINITE PART (MadLoop)   3.8381660181687872E-012
   325.00000000000000        0.0000000000000000        0.0000000000000000        325.00000000000000        0.0000000000000000     
   325.00000000000000        0.0000000000000000        0.0000000000000000       -325.00000000000000        0.0000000000000000     
   274.06048854362473       -191.77860541140515        179.18288983151385        78.889859163611021        0.0000000000000000     
   93.027862484246654        82.278795522931659        34.719674320086099       -26.056231899310799        0.0000000000000000     
   92.288960234271102        35.107242262960021       -70.415809223414328        48.232225049487667        0.0000000000000000     
   190.62268873785771        74.392567625513493       -143.48675492818560       -101.06585231378786        0.0000000000000000     

 PASSED   1.0000000000000001E-005
 MU_R    =    325.00000000000000     
 ALPHA_S =   0.11799999999999999     
 BORN                    5.4965924106087398E-011
 SINGLE POLE (MadFKS)   -3.3657237941092152E-012
 DOUBLE POLE (MadFKS)   -5.5054700038695351E-012
 SINGLE POLE (MadLoop)  -3.3657237941092633E-012
 DOUBLE POLE (MadLoop)  -5.5054700038695464E-012
 FINITE PART (MadLoop)   3.4209674866544364E-011
   325.00000000000000        0.0000000000000000        0.0000000000000000        325.00000000000000        0.0000000000000000     
   325.00000000000000        0.0000000000000000        0.0000000000000000       -325.00000000000000        0.0000000000000000     
Thanks for using LHAPDF 6.2.1. Please make sure to cite the paper:
  Eur.Phys.J. C75 (2015) 3, 132  (http://arxiv.org/abs/1412.7420)
   162.79612910242949        60.349070157951708        127.77303188002750       -80.837007032614579        0.0000000000000000     
   96.956875023237700       -92.338639259943335       -28.244734726156004        8.7433560000070063        0.0000000000000000     
   199.10060432466520       -107.15622664378631       -9.7042231006488393        167.52439162081802        0.0000000000000000     
   191.14639154966781        139.14579574577792       -89.824074053222716       -95.430740588210483        0.0000000000000000     

 PASSED   1.0000000000000001E-005
 MU_R    =    325.00000000000000     
 ALPHA_S =   0.11799999999999999     
 BORN                    7.6373867860398887E-011
 SINGLE POLE (MadFKS)   -9.3086974909451033E-012
 DOUBLE POLE (MadFKS)   -7.6497219945467021E-012
 SINGLE POLE (MadLoop)  -9.3086974909444442E-012
 DOUBLE POLE (MadLoop)  -7.6497219945466844E-012
 FINITE PART (MadLoop)   3.2184879001629253E-011
   325.00000000000000        0.0000000000000000        0.0000000000000000        325.00000000000000        0.0000000000000000     
   325.00000000000000        0.0000000000000000        0.0000000000000000       -325.00000000000000        0.0000000000000000     
   66.207419566711138       -50.347976138759066        9.3026573148977203       -41.975758138419039        0.0000000000000000     
   219.73950321253821        7.6891007114215215       -217.66375325650034       -29.134473062611782        0.0000000000000000     
   270.24618614252853       -4.6106492900048410        269.60290905811951        18.055870654892477        0.0000000000000000     
   93.806891078222378        47.269524717342385       -61.241813116517058        53.054360546138305        0.0000000000000000     

 PASSED   1.0000000000000001E-005
 MU_R    =    325.00000000000000     
 ALPHA_S =   0.11799999999999999     
 BORN                    2.3728662149605537E-012
 SINGLE POLE (MadFKS)   -4.2291903203519562E-013
 DOUBLE POLE (MadFKS)   -2.3766986514130084E-013
 SINGLE POLE (MadLoop)  -4.2291903203517790E-013
 DOUBLE POLE (MadLoop)  -2.3766986514130090E-013
 FINITE PART (MadLoop)   1.1449603079099043E-012
   325.00000000000000        0.0000000000000000        0.0000000000000000        325.00000000000000        0.0000000000000000     
   325.00000000000000        0.0000000000000000        0.0000000000000000       -325.00000000000000        0.0000000000000000     
   227.22283421683224        117.04554898804832       -152.64364612660268       -120.95649279304071        0.0000000000000000     
   226.31399909383035       -118.05930674315154        167.40339068250228        96.208788918529748        0.0000000000000000     
   102.25811945809843        47.003086725327336       -90.532789252554608       -7.1586942629657786        0.0000000000000000     
   94.205047231238908       -45.989328970224129        75.773044696655006        31.906398137476742        0.0000000000000000     

 PASSED   1.0000000000000001E-005
 MU_R    =    325.00000000000000     
 ALPHA_S =   0.11799999999999999     
 BORN                    1.0743773742533090E-011
 SINGLE POLE (MadFKS)   -2.0358021805573668E-012
 DOUBLE POLE (MadFKS)   -1.0761126103095268E-012
 SINGLE POLE (MadLoop)  -2.0358021805576168E-012
 DOUBLE POLE (MadLoop)  -1.0761126103095294E-012
 FINITE PART (MadLoop)   5.2005189264910548E-012
   325.00000000000000        0.0000000000000000        0.0000000000000000        325.00000000000000        0.0000000000000000     
   325.00000000000000        0.0000000000000000        0.0000000000000000       -325.00000000000000        0.0000000000000000     
   238.95944764912613       -193.71742833293544       -79.308441179296679        115.26207849314324        0.0000000000000000     
   257.24370300328275        198.39237432449679        28.688292162676877       -161.21963415638521        0.0000000000000000     
   55.250247081348441        52.974200215359488      -0.24479306859602876       -15.692800592838918        0.0000000000000000     
   98.546602266242388       -57.649146206920733        50.864942085215873        61.650356256080812        0.0000000000000000     

 PASSED   1.0000000000000001E-005
 MU_R    =    325.00000000000000     
 ALPHA_S =   0.11799999999999999     
 BORN                    7.0400842430506375E-011
 SINGLE POLE (MadFKS)   -1.4044440475219892E-011
 DOUBLE POLE (MadFKS)   -7.0514547431282687E-012
 SINGLE POLE (MadLoop)  -1.4044440475219803E-011
 DOUBLE POLE (MadLoop)  -7.0514547431283745E-012
 FINITE PART (MadLoop)   7.8942490621864288E-012
   325.00000000000000        0.0000000000000000        0.0000000000000000        325.00000000000000        0.0000000000000000     
   325.00000000000000        0.0000000000000000        0.0000000000000000       -325.00000000000000        0.0000000000000000     
   254.66714033220796       -208.46014468899131       -143.00174929635895       -30.825640940790812        0.0000000000000000     
   72.940001648526163       -57.971531069775338       -32.529511578512846        30.022929610157497        0.0000000000000000     
   256.35876131459719        203.50643685754557        155.87167516402499       -2.9942514692463811        0.0000000000000000     
   66.034096704668713        62.925238901221043        19.659585710846770        3.7969627998796942        0.0000000000000000     

 PASSED   1.0000000000000001E-005
 MU_R    =    325.00000000000000     
 ALPHA_S =   0.11799999999999999     
 BORN                    1.2864019145524573E-011
 SINGLE POLE (MadFKS)   -1.2422491396445530E-012
 DOUBLE POLE (MadFKS)   -1.2884795932512205E-012
 SINGLE POLE (MadLoop)  -1.2422491396444698E-012
 DOUBLE POLE (MadLoop)  -1.2884795932512181E-012
 FINITE PART (MadLoop)   7.2016498437938570E-012
   325.00000000000000        0.0000000000000000        0.0000000000000000        325.00000000000000        0.0000000000000000     
   325.00000000000000        0.0000000000000000        0.0000000000000000       -325.00000000000000        0.0000000000000000     
   147.37051432002070       -88.062450812681931        81.056805910371324        85.981785649170433        0.0000000000000000     
   168.83634554617265        111.39935585549964        126.40971690532618       -10.792523536306716        0.0000000000000000     
   143.80245034693547        67.670320301704123       -111.24440419024214        61.029132489374575        0.0000000000000000     
   189.99068978687052       -91.007225344521828       -96.222118625455323       -136.21839460223828        0.0000000000000000     

 PASSED   1.0000000000000001E-005
 MU_R    =    325.00000000000000     
 ALPHA_S =   0.11799999999999999     
 BORN                    9.1080035312639043E-012
 SINGLE POLE (MadFKS)   -1.5673507966611972E-012
 DOUBLE POLE (MadFKS)   -9.1227139454129308E-013
 SINGLE POLE (MadLoop)  -1.5673507966612194E-012
 DOUBLE POLE (MadLoop)  -9.1227139454130964E-013
 FINITE PART (MadLoop)   2.1324210652143323E-012
   325.00000000000000        0.0000000000000000        0.0000000000000000        325.00000000000000        0.0000000000000000     
   325.00000000000000        0.0000000000000000        0.0000000000000000       -325.00000000000000        0.0000000000000000     
   196.57086937037514        195.01591534333321        2.9401287185603011       -24.500103896621596        0.0000000000000000     
   245.04275876239836       -189.10144316439678        149.00386272017656        45.655741254478428        0.0000000000000000     
   48.108922009903623        35.777033186175998        2.4306470304523815       -32.071236776332782        0.0000000000000000     
   160.27744985732306       -41.691505365112384       -154.37463846918916        10.915599418476004        0.0000000000000000     

 NUMBER OF POINTS PASSING THE CHECK          20
 NUMBER OF POINTS FAILING THE CHECK           0
 TOLERANCE    1.0000000000000001E-005
