==== LHAPDF6 USING DEFAULT-TYPE LHAGLUE INTERFACE ====
LHAPDF 6.2.1 loading /cvmfs/cms.cern.ch/slc6_amd64_gcc481/external/lhapdf/6.2.1/share/LHAPDF/NNPDF31_nnlo_hessian_pdfas/NNPDF31_nnlo_hessian_pdfas_0000.dat
NNPDF31_nnlo_hessian_pdfas PDF set, member #0, version 1; LHAPDF ID = 306000
 A PDF is used, so alpha_s(MZ) is going to be modified
 Old value of alpha_s from param_card:   0.11799999999999999     
 New value of alpha_s from PDF lhapdf :  0.11800208008122040     
 using LHAPDF
 *****************************************************
 *               MadGraph/MadEvent                   *
 *        --------------------------------           *
 *          http://madgraph.hep.uiuc.edu             *
 *          http://madgraph.phys.ucl.ac.be           *
 *          http://madgraph.roma2.infn.it            *
 *        --------------------------------           *
 *                                                   *
 *          PARAMETER AND COUPLING VALUES            *
 *                                                   *
 *****************************************************

  External Params
  ---------------------------------
  
 MU_R =    91.188000000000002     
 aEWM1 =    132.50700000000001     
 mdl_Gf =    1.1663900000000000E-005
 aS =   0.11799999999999999     
 mdl_lamWS =   0.22530000000000000     
 mdl_AWS =   0.80800000000000005     
 mdl_rhoWS =   0.13200000000000001     
 mdl_etaWS =   0.34100000000000003     
 mdl_ymt =    173.00000000000000     
 mdl_ymtau =    1.7769999999999999     
 mdl_MT =    173.00000000000000     
 mdl_MZ =    91.188000000000002     
 mdl_MH =    125.00000000000000     
 mdl_MTA =    1.7769999999999999     
 mdl_WT =    1.4915000000000000     
 mdl_WZ =    2.4414039999999999     
 mdl_WW =    2.0476000000000001     
 mdl_WH =    6.3823389999999999E-003
  Internal Params
  ---------------------------------
  
 mdl_CKM33 =    1.0000000000000000     
 mdl_conjg__CKM3x3 =    1.0000000000000000     
 mdl_I4x33 =    0.0000000000000000     
 mdl_I1x33 =    0.0000000000000000     
 mdl_lhv =    1.0000000000000000     
 mdl_CKM3x3 =    1.0000000000000000     
 mdl_conjg__CKM33 =    1.0000000000000000     
 mdl_Ncol =    3.0000000000000000     
 mdl_CA =    3.0000000000000000     
 mdl_TF =   0.50000000000000000     
 mdl_CF =    1.3333333333333333     
 mdl_lamWS__exp__2 =    5.0760090000000001E-002
 mdl_CKM11 =  ( 0.97461995499999998     ,  0.0000000000000000     )
 mdl_CKM12 =  ( 0.22530000000000000     ,  0.0000000000000000     )
 mdl_complexi =  (  0.0000000000000000     ,  1.0000000000000000     )
 mdl_lamWS__exp__3 =    1.1436248277000001E-002
 mdl_CKM13 =  (  1.2197444962317122E-003, -3.1510066152652563E-003)
 mdl_CKM21 =  (-0.22530000000000000     ,  0.0000000000000000     )
 mdl_CKM22 =  ( 0.97461995499999998     ,  0.0000000000000000     )
 mdl_CKM23 =  (  4.1014152720000002E-002,  0.0000000000000000     )
 mdl_CKM31 =  (  8.0207441115842885E-003, -3.1510066152652563E-003)
 mdl_CKM32 =  ( -4.1014152720000002E-002,  0.0000000000000000     )
 mdl_MZ__exp__2 =    8315.2513440000002     
 mdl_MZ__exp__4 =    69143404.913893804     
 mdl_sqrt__2 =    1.4142135623730951     
 mdl_MH__exp__2 =    15625.000000000000     
 mdl_CKM1x1 =  ( 0.97461995499999998     ,  0.0000000000000000     )
 mdl_CKM1x2 =  ( 0.22530000000000000     ,  0.0000000000000000     )
 mdl_CKM1x3 =  (  1.2197444962317122E-003, -3.1510066152652563E-003)
 mdl_CKM2x1 =  (-0.22530000000000000     ,  0.0000000000000000     )
 mdl_CKM2x2 =  ( 0.97461995499999998     ,  0.0000000000000000     )
 mdl_CKM2x3 =  (  4.1014152720000002E-002,  0.0000000000000000     )
 mdl_CKM3x1 =  (  8.0207441115842885E-003, -3.1510066152652563E-003)
 mdl_CKM3x2 =  ( -4.1014152720000002E-002,  0.0000000000000000     )
 mdl_conjg__CKM1x3 =  (  1.2197444962317122E-003,  3.1510066152652563E-003)
 mdl_conjg__CKM2x3 =  (  4.1014152720000002E-002, -0.0000000000000000     )
 mdl_conjg__CKM2x1 =  (-0.22530000000000000     , -0.0000000000000000     )
 mdl_conjg__CKM3x1 =  (  8.0207441115842885E-003,  3.1510066152652563E-003)
 mdl_conjg__CKM2x2 =  ( 0.97461995499999998     , -0.0000000000000000     )
 mdl_conjg__CKM3x2 =  ( -4.1014152720000002E-002, -0.0000000000000000     )
 mdl_Ncol__exp__2 =    9.0000000000000000     
 mdl_MT__exp__2 =    29929.000000000000     
 mdl_conjg__CKM11 =  ( 0.97461995499999998     , -0.0000000000000000     )
 mdl_conjg__CKM12 =  ( 0.22530000000000000     , -0.0000000000000000     )
 mdl_conjg__CKM13 =  (  1.2197444962317122E-003,  3.1510066152652563E-003)
 mdl_conjg__CKM21 =  (-0.22530000000000000     , -0.0000000000000000     )
 mdl_conjg__CKM22 =  ( 0.97461995499999998     , -0.0000000000000000     )
 mdl_conjg__CKM23 =  (  4.1014152720000002E-002, -0.0000000000000000     )
 mdl_conjg__CKM31 =  (  8.0207441115842885E-003,  3.1510066152652563E-003)
 mdl_conjg__CKM32 =  ( -4.1014152720000002E-002, -0.0000000000000000     )
 mdl_aEW =    7.5467711139788835E-003
 mdl_MW =    80.419002445756163     
 mdl_sqrt__aEW =    8.6872153846781555E-002
 mdl_ee =   0.30795376724436879     
 mdl_MW__exp__2 =    6467.2159543705357     
 mdl_sw2 =   0.22224648578577766     
 mdl_cw =   0.88190334743339216     
 mdl_sqrt__sw2 =   0.47143025548407230     
 mdl_sw =   0.47143025548407230     
 mdl_g1 =   0.34919219678733299     
 mdl_gw =   0.65323293034757990     
 mdl_v =    246.21845810181637     
 mdl_v__exp__2 =    60623.529110035903     
 mdl_lam =   0.12886910601690263     
 mdl_yt =   0.99366614581500623     
 mdl_ytau =    1.0206617000654717E-002
 mdl_muH =    88.388347648318430     
 mdl_AxialZUp =  -0.18517701861793787     
 mdl_AxialZDown =   0.18517701861793787     
 mdl_VectorZUp =    7.5430507588273299E-002
 mdl_VectorZDown =  -0.13030376310310560     
 mdl_VectorAUp =   0.20530251149624587     
 mdl_VectorADown =  -0.10265125574812294     
 mdl_VectorWmDxU =   0.23095271737156670     
 mdl_AxialWmDxU =  -0.23095271737156670     
 mdl_VectorWpUxD =   0.23095271737156670     
 mdl_AxialWpUxD =  -0.23095271737156670     
 mdl_I2x13 =  (  7.9699418879263656E-003,  3.1310485988282153E-003)
 mdl_I2x23 =  ( -4.0754375057150453E-002, -0.0000000000000000     )
 mdl_I2x33 =  ( 0.99366614581500623     ,  0.0000000000000000     )
 mdl_I3x31 =  (  7.9699418879263656E-003, -3.1310485988282153E-003)
 mdl_I3x32 =  ( -4.0754375057150453E-002,  0.0000000000000000     )
 mdl_I3x33 =  ( 0.99366614581500623     ,  0.0000000000000000     )
 mdl_Vector_tdGp =  ( -7.9699418879263656E-003, -3.1310485988282153E-003)
 mdl_Vector_tsGp =  (  4.0754375057150453E-002,  0.0000000000000000     )
 mdl_Vector_tbGp =  (-0.99366614581500623     ,  0.0000000000000000     )
 mdl_Axial_tdGp =  ( -7.9699418879263656E-003, -3.1310485988282153E-003)
 mdl_Axial_tsGp =  (  4.0754375057150453E-002,  0.0000000000000000     )
 mdl_Axial_tbGp =  (-0.99366614581500623     , -0.0000000000000000     )
 mdl_Vector_tdGm =  (  7.9699418879263656E-003, -3.1310485988282153E-003)
 mdl_Vector_tsGm =  ( -4.0754375057150453E-002,  0.0000000000000000     )
 mdl_Vector_tbGm =  ( 0.99366614581500623     ,  0.0000000000000000     )
 mdl_Axial_tdGm =  ( -7.9699418879263656E-003,  3.1310485988282153E-003)
 mdl_Axial_tsGm =  (  4.0754375057150453E-002, -0.0000000000000000     )
 mdl_Axial_tbGm =  (-0.99366614581500623     ,  0.0000000000000000     )
 mdl_gw__exp__2 =   0.42671326129048615     
 mdl_cw__exp__2 =   0.77775351421422245     
 mdl_ee__exp__2 =    9.4835522759998875E-002
 mdl_sw__exp__2 =   0.22224648578577769     
 mdl_yt__exp__2 =   0.98737240933884918     
  Internal Params evaluated point by point
  ----------------------------------------
  
 mdl_sqrt__aS =   0.34351128074635334     
 mdl_G__exp__4 =    2.1987899468922913     
 mdl_G__exp__2 =    1.4828317324943823     
 mdl_R2MixedFactor_FIN_ =   -2.5040377713124864E-002
 mdl_G_UVg_1EPS_ =   -5.1645779033320030E-002
 mdl_G_UVq_1EPS_ =    3.1300472141406080E-003
 mdl_G_UVb_1EPS_ =    3.1300472141406080E-003
 mdl_GWcft_UV_t_1EPS_ =   -3.1300472141406080E-003
 mdl_tWcft_UV_1EPS_ =   -1.8780283284843650E-002
 mdl_G__exp__3 =    1.8056676068262196     
 mdl_MU_R__exp__2 =    8315.2513440000002     
 mdl_G_UVt_FIN_ =   -4.0087659331150384E-003
 mdl_GWcft_UV_t_FIN_ =    4.0087659331150384E-003
 mdl_tWcft_UV_FIN_ =   -9.8778211443463623E-004
  Couplings of loop_sm-ckm_no_b_mass
  ---------------------------------
  
       UV_3Gt =   0.48815E-02   0.00000E+00
      UV_GQQt =   0.00000E+00  -0.48815E-02
   UVWfct_G_2 =   0.40088E-02   0.00000E+00
       R2_DDA =   0.00000E+00   0.25704E-02
       R2_UUA =  -0.00000E+00  -0.51409E-02
    R2_DDZ_V2 =   0.00000E+00   0.72127E-02
    R2_UUZ_V2 =  -0.00000E+00  -0.72127E-02
    R2_UUZ_V5 =   0.00000E+00   0.68702E-03
      R2_GGHt =   0.00000E+00  -0.45657E+01
     R2_GGZup =  -0.46369E-02   0.00000E+00
   R2_GGZdown =   0.46369E-02   0.00000E+00
 R2_GGGZvecUp =   0.00000E+00   0.28750E-03
 R2_GGGZvecDown  -0.00000E+00  -0.49665E-03
 R2_GGGZaxialUp  -0.00000E+00  -0.63522E-02
 R2_GGGZaxialDow  0.00000E+00   0.63522E-02
 R2_GGGAvecUp =   0.00000E+00   0.78251E-03
 R2_GGGAvecDown  -0.00000E+00  -0.39126E-03
         GC_4 =  -0.12177E+01   0.00000E+00
         GC_5 =   0.00000E+00   0.12177E+01
         GC_6 =   0.00000E+00   0.14828E+01
       R2_3Gq =   0.76230E-02   0.00000E+00
       R2_3Gg =   0.31445E-01   0.00000E+00
       R2_GQQ =  -0.00000E+00  -0.30492E-01
       R2_GGq =   0.00000E+00   0.62601E-02
       R2_GGt =  -0.00000E+00  -0.11242E+04
     R2_GGg_1 =   0.00000E+00   0.28170E-01
     R2_GGg_2 =  -0.00000E+00  -0.18780E-01
       R2_QQq =   0.00000E+00   0.12520E-01
  UV_3Gg_1eps =   0.62890E-01   0.00000E+00
  UV_3Gb_1eps =  -0.38115E-02   0.00000E+00
 UV_GQQg_1eps =   0.00000E+00  -0.62890E-01
 UV_GQQq_1eps =   0.00000E+00   0.38115E-02
 UVWfct_G_2_1eps -0.31300E-02   0.00000E+00
         GC_1 =  -0.00000E+00  -0.10265E+00
         GC_2 =   0.00000E+00   0.20530E+00
        GC_21 =  -0.00000E+00  -0.28804E+00
        GC_22 =   0.00000E+00   0.28804E+00
        GC_23 =  -0.00000E+00  -0.27437E-01
        GC_24 =   0.00000E+00   0.82310E-01
        GC_37 =  -0.00000E+00  -0.70263E+00
        GC_38 =  -0.00000E+00  -0.72172E-02
      GC_1003 =  -0.00000E+00  -0.30795E+00

 Collider parameters:
 --------------------

 Running at P P   machine @    13000.000000000000       GeV
 PDF set = lhapdf 
 alpha_s(Mz)= 0.1180 running at 3 loops.
 alpha_s(Mz)= 0.1180 running at 3 loops.
 Renormalization scale set on event-by-event basis
 Factorization   scale set on event-by-event basis


 ===============================================================
 INFO: MadFKS read these parameters from FKS_params.dat
 ===============================================================
  > IRPoleCheckThreshold      =    1.0000000000000001E-005
  > PrecisionVirtualAtRunTime =    1.0000000000000000E-003
  > NHelForMCoverHels         =            4
  > VirtualFraction           =    1.0000000000000000     
  > MinVirtualFraction        =    5.0000000000000001E-003
 ===============================================================
  Insert the number of points to test
 Insert the relative tolerance
  A negative number will mean use the default one:    1.0000000000000001E-005
Using random seed offsets:     0 ,     23 ,      0
  with seed                   32
 Ranmar initialization seeds       10729        9429
  ========================================================================================== 
 {                                                                                          }
 {       [32m                                                                            [0m       }
 {       [32m                               ,,                                           [0m       }
 {       [32m`7MMM.     ,MMF'             `7MM  `7MMF'                                   [0m       }
 {       [32m  MMMb    dPMM                 MM    MM                                     [0m       }
 {       [32m  M YM   ,M MM   ,6"Yb.   ,M""bMM    MM         ,pW"Wq.   ,pW"Wq.`7MMpdMAo. [0m       }
 {       [32m  M  Mb  M' MM  8)   MM ,AP    MM    MM        6W'   `Wb 6W'   `Wb MM   `Wb [0m       }
 {       [32m  M  YM.P'  MM   ,pm9MM 8MI    MM    MM      , 8M     M8 8M     M8 MM    M8 [0m       }
 {       [32m  M  `YM'   MM  8M   MM `Mb    MM    MM     ,M YA.   ,A9 YA.   ,A9 MM   ,AP [0m       }
 {       [32m.JML. `'  .JMML.`Moo9^Yo.`Wbmd"MML..JMMmmmmMMM  `Ybmd9'   `Ybmd9'  MMbmmd'  [0m       }
 {       [32m                                                                   MM       [0m       }
 {       [32m                                                                 .JMML.     [0m       }
 {       [32m[0mv2.4.2 (2016-06-10), Ref: arXiv:1103.0621v2, arXiv:1405.0301[32m                [0m       }
 {       [32m                                                                            [0m       }
 {                                                                                          }
  ========================================================================================== 
 ===============================================================
 INFO: MadLoop read these parameters from ./MadLoop5_resources/MadLoopParams.dat                                                                                                                                                                                                                                                                                                                                                                                                                                                                                          
 ===============================================================
  > MLReductionLib            = 6|1|2
  > IREGIMODE                 =            2
  > IREGIRECY                 =  T
  > CTModeRun                 =           -1
  > MLStabThres               =    1.0000000000000000E-003
  > NRotations_DP             =            1
  > NRotations_QP             =            0
  > CTStabThres               =    1.0000000000000000E-002
  > CTLoopLibrary             =            2
  > CTModeInit                =            1
  > CheckCycle                =            3
  > MaxAttempts               =           10
  > UseLoopFilter             =  F
  > HelicityFilterLevel       =            2
  > ImprovePSPoint            =            2
  > DoubleCheckHelicityFilter =  T
  > LoopInitStartOver         =  F
  > HelInitStartOver          =  F
  > ZeroThres                 =    1.0000000000000001E-009
  > OSThres                   =    1.0000000000000000E-008
  > WriteOutFilters           =  T
  > UseQPIntegrandForNinja    =  F
  > UseQPIntegrandForCutTools =  T
 ===============================================================
  
------------------------------------------------------------------------
|              You are using CutTools - Version 1.9.3                  |
|              Authors: G. Ossola, C. Papadopoulos, R. Pittau          |
|              Published in JHEP 0803:042,2008                         |
|              http://www.ugr.es/~pittau/CutTools                      |
|                                                                      |
|              Compiler with  34  significant digits detetected        |
 ---------------------------------------------------------------------- 
   
########################################################################
#                                                                      #
#                      You are using OneLOop-3.6                       #
#                                                                      #
# for the evaluation of 1-loop scalar 1-, 2-, 3- and 4-point functions #
#                                                                      #
# author: Andreas van Hameren <hamerenREMOVETHIS@ifj.edu.pl>           #
#   date: 18-02-2015                                                   #
#                                                                      #
# Please cite                                                          #
#    A. van Hameren,                                                   #
#      Comput.Phys.Commun. 182 (2011) 2427-2438, arXiv:1007.4716       #
#    A. van Hameren, C.G. Papadopoulos and R. Pittau,                  #
#      JHEP 0909:106,2009, arXiv:0903.4665                             #
# in publications with results obtained with the help of this program. #
#                                                                      #
########################################################################
 PASSED   1.0000000000000001E-005
 MU_R    =    325.00000000000000     
 ALPHA_S =   0.11799999999999999     
 BORN                    5.5721349467290041E-007
 SINGLE POLE (MadFKS)   -7.3592465682064844E-008
 DOUBLE POLE (MadFKS)   -5.9299554587203796E-008
 SINGLE POLE (MadLoop)  -7.3592465682077179E-008
 DOUBLE POLE (MadLoop)  -5.9299554587203690E-008
 FINITE PART (MadLoop)   7.4711013100623921E-008
   325.00000000000000        0.0000000000000000        0.0000000000000000        325.00000000000000        0.0000000000000000     
   325.00000000000000        0.0000000000000000        0.0000000000000000       -325.00000000000000        0.0000000000000000     
   259.62084732750833       -178.18214126011637        188.38082925468493        12.914026185917846        0.0000000000000000     
   143.73464623242219        32.822526325291975       -50.180963927349843        130.63001627691500        0.0000000000000000     
   246.64450644006951        145.35961493482435       -138.19986532733512       -143.54404246283283        0.0000000000000000     

 PASSED   1.0000000000000001E-005
 MU_R    =    325.00000000000000     
 ALPHA_S =   0.11799999999999999     
 BORN                    6.4316315849085561E-007
 SINGLE POLE (MadFKS)   -7.5512284630646105E-008
 DOUBLE POLE (MadFKS)   -6.8446455784054022E-008
 SINGLE POLE (MadLoop)  -7.5512284630645867E-008
 DOUBLE POLE (MadLoop)  -6.8446455784054207E-008
 FINITE PART (MadLoop)   8.5506696820564791E-008
   325.00000000000000        0.0000000000000000        0.0000000000000000        325.00000000000000        0.0000000000000000     
   325.00000000000000        0.0000000000000000        0.0000000000000000       -325.00000000000000        0.0000000000000000     
   185.49893110820832        60.492632800828623        48.836372861605717       -168.42061484519684        0.0000000000000000     
   233.05953459360586       -69.865369014741404        179.41937876825952        131.31741468607271        0.0000000000000000     
   231.44153429818590        9.3727362139128410       -228.25575162986519        37.103200159124121        0.0000000000000000     

 PASSED   1.0000000000000001E-005
 MU_R    =    325.00000000000000     
 ALPHA_S =   0.11799999999999999     
 BORN                    8.9020450057829394E-007
 SINGLE POLE (MadFKS)   -9.7970806027657103E-008
 DOUBLE POLE (MadFKS)   -9.4736991979717697E-008
 SINGLE POLE (MadLoop)  -9.7970806027658414E-008
 DOUBLE POLE (MadLoop)  -9.4736991979717697E-008
 FINITE PART (MadLoop)   8.3337056417349205E-008
   325.00000000000000        0.0000000000000000        0.0000000000000000        325.00000000000000        0.0000000000000000     
   325.00000000000000        0.0000000000000000        0.0000000000000000       -325.00000000000000        0.0000000000000000     
   301.88936885943508        195.39299838814176       -198.11612162300699       -117.08445483623171        0.0000000000000000     
   69.143130003202856       -66.086331619490224       -8.6307331554274374       -18.408683954003390        0.0000000000000000     
   278.96750113736204       -129.30666676865155        206.74685477843445        135.49313879023524        0.0000000000000000     

 PASSED   1.0000000000000001E-005
 MU_R    =    325.00000000000000     
 ALPHA_S =   0.11799999999999999     
 BORN                    3.1458385889981662E-007
 SINGLE POLE (MadFKS)   -4.3054786538302496E-008
 DOUBLE POLE (MadFKS)   -3.3478519259541086E-008
 SINGLE POLE (MadLoop)  -4.3054786538303039E-008
 DOUBLE POLE (MadLoop)  -3.3478519259540643E-008
 FINITE PART (MadLoop)   4.8442918535831454E-008
   325.00000000000000        0.0000000000000000        0.0000000000000000        325.00000000000000        0.0000000000000000     
   325.00000000000000        0.0000000000000000        0.0000000000000000       -325.00000000000000        0.0000000000000000     
   133.62440402393378       -63.354868354037684       -111.96007812232885        36.146686064369206        0.0000000000000000     
   319.47369925225468        123.88238509075519        294.40454427363636        6.5240699857102022        0.0000000000000000     
   196.90189672381157       -60.527516736717494       -182.44446615130747       -42.670756050079397        0.0000000000000000     

 PASSED   1.0000000000000001E-005
 MU_R    =    325.00000000000000     
 ALPHA_S =   0.11799999999999999     
 BORN                    1.3877048637764177E-006
 SINGLE POLE (MadFKS)   -1.2150131394964249E-007
 DOUBLE POLE (MadFKS)   -1.4768177925903345E-007
 SINGLE POLE (MadLoop)  -1.2150131394964190E-007
 DOUBLE POLE (MadLoop)  -1.4768177925903332E-007
 FINITE PART (MadLoop)   2.3345594309886240E-007
   325.00000000000000        0.0000000000000000        0.0000000000000000        325.00000000000000        0.0000000000000000     
   325.00000000000000        0.0000000000000000        0.0000000000000000       -325.00000000000000        0.0000000000000000     
   217.98065390814261        65.693135465198267       -194.68360359809515        72.789229430131343        0.0000000000000000     
   120.12423341617267        108.93189858849875       -46.474847115605272        20.093817688763878        0.0000000000000000     
   311.89511267568463       -174.62503405369699        241.15845071370040       -92.883047118895291        0.0000000000000000     

 PASSED   1.0000000000000001E-005
 MU_R    =    325.00000000000000     
 ALPHA_S =   0.11799999999999999     
 BORN                    1.1982402011963044E-005
 SINGLE POLE (MadFKS)   -3.9508246357166975E-006
 DOUBLE POLE (MadFKS)   -1.2751864572327634E-006
 SINGLE POLE (MadLoop)  -3.9508246357167653E-006
 DOUBLE POLE (MadLoop)  -1.2751864572327651E-006
 FINITE PART (MadLoop)  -3.3148120746178415E-006
   325.00000000000000        0.0000000000000000        0.0000000000000000        325.00000000000000        0.0000000000000000     
   325.00000000000000        0.0000000000000000        0.0000000000000000       -325.00000000000000        0.0000000000000000     
   312.92842290242453       -271.39849798992742        93.661221543862496       -124.47742256297515        0.0000000000000000     
   298.53518693728427        250.54556159928828       -121.41391531809208        107.74432964062491        0.0000000000000000     
   38.536390160291518        20.852936390639158        27.752693774229595        16.733092922350227        0.0000000000000000     

 PASSED   1.0000000000000001E-005
 MU_R    =    325.00000000000000     
 ALPHA_S =   0.11799999999999999     
 BORN                    2.7896780331872819E-006
 SINGLE POLE (MadFKS)   -6.8723253293805047E-007
 DOUBLE POLE (MadFKS)   -2.9688201450832151E-007
 SINGLE POLE (MadLoop)  -6.8723253293804729E-007
 DOUBLE POLE (MadLoop)  -2.9688201450832294E-007
 FINITE PART (MadLoop)   8.9300450593364940E-008
   325.00000000000000        0.0000000000000000        0.0000000000000000        325.00000000000000        0.0000000000000000     
   325.00000000000000        0.0000000000000000        0.0000000000000000       -325.00000000000000        0.0000000000000000     
   257.88817358445215       -251.63912668894704       -7.0199236685026758       -55.989112027581456        0.0000000000000000     
   285.31311286850234        239.17988661024549        78.694283791736908        134.17810519727291        0.0000000000000000     
   106.79871354704542        12.459240078701537       -71.674360123234237       -78.188993169691486        0.0000000000000000     

 PASSED   1.0000000000000001E-005
 MU_R    =    325.00000000000000     
 ALPHA_S =   0.11799999999999999     
 BORN                    2.5033676804156235E-007
 SINGLE POLE (MadFKS)   -2.5550529303685267E-008
 DOUBLE POLE (MadFKS)   -2.6641240715785500E-008
 SINGLE POLE (MadLoop)  -2.5550529303685148E-008
 DOUBLE POLE (MadLoop)  -2.6641240715785580E-008
 FINITE PART (MadLoop)   3.8282466453698251E-008
   325.00000000000000        0.0000000000000000        0.0000000000000000        325.00000000000000        0.0000000000000000     
   325.00000000000000        0.0000000000000000        0.0000000000000000       -325.00000000000000        0.0000000000000000     
   176.18165696154674       -34.870851922082842        171.99345982314250       -15.564373228928122        0.0000000000000000     
   210.87994657781718       -201.86983618767971       -60.287931375615095       -9.1807644927608081        0.0000000000000000     
   262.93839646063594        236.74068810976257       -111.70552844752743        24.745137721688909        0.0000000000000000     

 PASSED   1.0000000000000001E-005
 MU_R    =    325.00000000000000     
 ALPHA_S =   0.11799999999999999     
 BORN                    6.1295850146798414E-004
 SINGLE POLE (MadFKS)   -2.6751158659779210E-004
 DOUBLE POLE (MadFKS)   -6.5232027696724635E-005
 SINGLE POLE (MadLoop)  -2.6751158659779660E-004
 DOUBLE POLE (MadLoop)  -6.5232027696731141E-005
 FINITE PART (MadLoop)  -2.7569203962710045E-004
   325.00000000000000        0.0000000000000000        0.0000000000000000        325.00000000000000        0.0000000000000000     
   325.00000000000000        0.0000000000000000        0.0000000000000000       -325.00000000000000        0.0000000000000000     
   53.575418195288194        17.959577401777214       -23.484808841553193       -44.679332672112459        0.0000000000000000     
   321.30494402166261       -29.773893661869632        17.023354569798599        319.46922810838345        0.0000000000000000     
   275.11963778304926        11.814316260092433        6.4614542717546000       -274.78989543627097        0.0000000000000000     

 PASSED   1.0000000000000001E-005
 MU_R    =    325.00000000000000     
 ALPHA_S =   0.11799999999999999     
 BORN                    1.1447837253307037E-006
 SINGLE POLE (MadFKS)   -2.4648317712461290E-007
 DOUBLE POLE (MadFKS)   -1.2182972174900579E-007
 SINGLE POLE (MadLoop)  -2.4648317712461226E-007
 DOUBLE POLE (MadLoop)  -1.2182972174900611E-007
 FINITE PART (MadLoop)   9.6711688778284450E-008
   325.00000000000000        0.0000000000000000        0.0000000000000000        325.00000000000000        0.0000000000000000     
   325.00000000000000        0.0000000000000000        0.0000000000000000       -325.00000000000000        0.0000000000000000     
   229.18281083257756        198.49504352314270        111.96735889022372       -24.244360602304138        0.0000000000000000     
   323.18946032933241       -292.48214267145511       -130.61914238944223        42.944884767877625        0.0000000000000000     
   97.627728838090022        93.987099148312439        18.651783499218521       -18.700524165573462        0.0000000000000000     

 PASSED   1.0000000000000001E-005
 MU_R    =    325.00000000000000     
 ALPHA_S =   0.11799999999999999     
 BORN                    8.3802616091590984E-007
 SINGLE POLE (MadFKS)   -8.0676738563794756E-008
 DOUBLE POLE (MadFKS)   -8.9184089311960942E-008
 SINGLE POLE (MadLoop)  -8.0676738563796410E-008
 DOUBLE POLE (MadLoop)  -8.9184089311961326E-008
 FINITE PART (MadLoop)   5.7031426337085906E-008
   325.00000000000000        0.0000000000000000        0.0000000000000000        325.00000000000000        0.0000000000000000     
   325.00000000000000        0.0000000000000000        0.0000000000000000       -325.00000000000000        0.0000000000000000     
   207.05792653226163        109.25439565872279       -90.237587483187511       -150.97562642460133        0.0000000000000000     
   158.20087955392387        126.18653649914543       -52.992212451700794        79.349238921736173        0.0000000000000000     
   284.74119391381487       -235.44093215786810        143.22979993488866        71.626387502865470        0.0000000000000000     

 PASSED   1.0000000000000001E-005
 MU_R    =    325.00000000000000     
 ALPHA_S =   0.11799999999999999     
 BORN                    3.1845766810904529E-006
 SINGLE POLE (MadFKS)   -7.4443877111503602E-007
 DOUBLE POLE (MadFKS)   -3.3890776254138671E-007
 SINGLE POLE (MadLoop)  -7.4443877111488388E-007
 DOUBLE POLE (MadLoop)  -3.3890776254138655E-007
 FINITE PART (MadLoop)   1.8721586756255920E-007
   325.00000000000000        0.0000000000000000        0.0000000000000000        325.00000000000000        0.0000000000000000     
   325.00000000000000        0.0000000000000000        0.0000000000000000       -325.00000000000000        0.0000000000000000     
   264.83443220867264        49.295247901874482        161.70260055909046       -203.86153141289313        0.0000000000000000     
   292.45168609957415       -103.64482312281822       -222.22649104443030        159.37730710613496        0.0000000000000000     
   92.713881691753258        54.349575220943777        60.523890485339955        44.484224306758129        0.0000000000000000     

 PASSED   1.0000000000000001E-005
 MU_R    =    325.00000000000000     
 ALPHA_S =   0.11799999999999999     
 BORN                    5.4395052546860975E-007
 SINGLE POLE (MadFKS)   -5.0244662844779114E-008
 DOUBLE POLE (MadFKS)   -5.7888088113693623E-008
 SINGLE POLE (MadLoop)  -5.0244662844788048E-008
 DOUBLE POLE (MadLoop)  -5.7888088113693603E-008
 FINITE PART (MadLoop)   6.7776321091102798E-008
   325.00000000000000        0.0000000000000000        0.0000000000000000        325.00000000000000        0.0000000000000000     
   325.00000000000000        0.0000000000000000        0.0000000000000000       -325.00000000000000        0.0000000000000000     
   36.676982445491511        10.005074120760536        19.819885836315283        29.193692102582872        0.0000000000000000     
   310.04297481685717       -223.86910265261042        168.99974040464738       -132.09223616080962        0.0000000000000000     
   303.28004273765123        213.86402853184990       -188.81962624096263        102.89854405822673        0.0000000000000000     

 PASSED   1.0000000000000001E-005
 MU_R    =    325.00000000000000     
 ALPHA_S =   0.11799999999999999     
 BORN                    2.8241525938667188E-007
 SINGLE POLE (MadFKS)   -5.8269497046670530E-008
 DOUBLE POLE (MadFKS)   -3.0055085259717683E-008
 SINGLE POLE (MadLoop)  -5.8269497046668266E-008
 DOUBLE POLE (MadLoop)  -3.0055085259717736E-008
 FINITE PART (MadLoop)   3.2253392392180923E-008
   325.00000000000000        0.0000000000000000        0.0000000000000000        325.00000000000000        0.0000000000000000     
   325.00000000000000        0.0000000000000000        0.0000000000000000       -325.00000000000000        0.0000000000000000     
   317.65633358105430        255.52018433323889        14.443512291557880        188.16579555049128        0.0000000000000000     
   207.79348022076775       -160.55984036309422       -56.291870516412210       -119.28911684893878        0.0000000000000000     
   124.55018619817797       -94.960343970144592        41.848358224854266       -68.876678701552493        0.0000000000000000     

 PASSED   1.0000000000000001E-005
 MU_R    =    325.00000000000000     
 ALPHA_S =   0.11799999999999999     
 BORN                    9.6972363956434554E-007
 SINGLE POLE (MadFKS)   -2.6840049725776091E-007
 DOUBLE POLE (MadFKS)   -1.0319954640115881E-007
 SINGLE POLE (MadLoop)  -2.6840049725776022E-007
 DOUBLE POLE (MadLoop)  -1.0319954640115922E-007
 FINITE PART (MadLoop)  -7.2368536218585721E-008
   325.00000000000000        0.0000000000000000        0.0000000000000000        325.00000000000000        0.0000000000000000     
   325.00000000000000        0.0000000000000000        0.0000000000000000       -325.00000000000000        0.0000000000000000     
   280.84222755129724        230.05483406515512       -40.608994754603188        155.87828471037636        0.0000000000000000     
   313.17448606806926       -251.10390777881659        91.996367857744929       -162.97777309556403        0.0000000000000000     
   55.983286380633949        21.049073713661581       -51.387373103141790        7.0994883851876898        0.0000000000000000     

 PASSED   1.0000000000000001E-005
 MU_R    =    325.00000000000000     
 ALPHA_S =   0.11799999999999999     
 BORN                    9.1317208599674217E-008
 SINGLE POLE (MadFKS)   -1.3923387311043688E-008
 DOUBLE POLE (MadFKS)   -9.7181239289372390E-009
 SINGLE POLE (MadLoop)  -1.3923387311043716E-008
 DOUBLE POLE (MadLoop)  -9.7181239289372440E-009
Thanks for using LHAPDF 6.2.1. Please make sure to cite the paper:
  Eur.Phys.J. C75 (2015) 3, 132  (http://arxiv.org/abs/1412.7420)
 FINITE PART (MadLoop)   1.4891731097986428E-008
   325.00000000000000        0.0000000000000000        0.0000000000000000        325.00000000000000        0.0000000000000000     
   325.00000000000000        0.0000000000000000        0.0000000000000000       -325.00000000000000        0.0000000000000000     
   253.57984983131689        123.80259577169053        105.41164486091769        194.58685117032033        0.0000000000000000     
   228.89005508520751       -116.71875811740983        61.794132958019048       -186.94617929341467        0.0000000000000000     
   167.53009508347557       -7.0838376542807087       -167.20577781893670       -7.6406718769056523        0.0000000000000000     

 PASSED   1.0000000000000001E-005
 MU_R    =    325.00000000000000     
 ALPHA_S =   0.11799999999999999     
 BORN                    1.4556572247407214E-006
 SINGLE POLE (MadFKS)   -2.5708782763541880E-007
 DOUBLE POLE (MadFKS)   -1.5491337859547369E-007
 SINGLE POLE (MadLoop)  -2.5708782763543315E-007
 DOUBLE POLE (MadLoop)  -1.5491337859547306E-007
 FINITE PART (MadLoop)   2.1028920583767994E-007
   325.00000000000000        0.0000000000000000        0.0000000000000000        325.00000000000000        0.0000000000000000     
   325.00000000000000        0.0000000000000000        0.0000000000000000       -325.00000000000000        0.0000000000000000     
   218.71622687994753        45.314417196935132       -100.80199256350203       -188.73884017321524        0.0000000000000000     
   293.08429416741876        58.708632710063682        186.97976273854007        217.92261988873057        0.0000000000000000     
   138.19947895263346       -104.02304990699884       -86.177770175038219       -29.183779715515350        0.0000000000000000     

 PASSED   1.0000000000000001E-005
 MU_R    =    325.00000000000000     
 ALPHA_S =   0.11799999999999999     
 BORN                    2.9772139242076617E-007
 SINGLE POLE (MadFKS)   -3.2327110999113363E-008
 DOUBLE POLE (MadFKS)   -3.1683988507847184E-008
 SINGLE POLE (MadLoop)  -3.2327110999112291E-008
 DOUBLE POLE (MadLoop)  -3.1683988507847184E-008
 FINITE PART (MadLoop)   5.0356109165336718E-008
   325.00000000000000        0.0000000000000000        0.0000000000000000        325.00000000000000        0.0000000000000000     
   325.00000000000000        0.0000000000000000        0.0000000000000000       -325.00000000000000        0.0000000000000000     
   149.41226869731179       -48.958226193410873        131.24307449685318       -51.984358434878857        0.0000000000000000     
   233.89932977287285       -197.59486646831408       -115.40987276789799       -48.432700536578224        0.0000000000000000     
   266.68840152981534        246.55309266172492       -15.833201728955201        100.41705897145710        0.0000000000000000     

 PASSED   1.0000000000000001E-005
 MU_R    =    325.00000000000000     
 ALPHA_S =   0.11799999999999999     
 BORN                    2.4172680390920673E-007
 SINGLE POLE (MadFKS)   -3.6055598309674471E-008
 DOUBLE POLE (MadFKS)   -2.5724954511410269E-008
 SINGLE POLE (MadLoop)  -3.6055598309674398E-008
 DOUBLE POLE (MadLoop)  -2.5724954511410415E-008
 FINITE PART (MadLoop)   4.7327317331853668E-008
   325.00000000000000        0.0000000000000000        0.0000000000000000        325.00000000000000        0.0000000000000000     
   325.00000000000000        0.0000000000000000        0.0000000000000000       -325.00000000000000        0.0000000000000000     
   148.97926810735666       -108.52727632519419        101.98474298337143        3.9704934018679916        0.0000000000000000     
   249.78027772016753       -54.985482587348116       -156.46914087757779       -186.77310244152716        0.0000000000000000     
   251.24045417247569        163.51275891254232        54.484397894206367        182.80260903965919        0.0000000000000000     

 PASSED   1.0000000000000001E-005
 MU_R    =    325.00000000000000     
 ALPHA_S =   0.11799999999999999     
 BORN                    2.4205165672972620E-006
 SINGLE POLE (MadFKS)   -3.5231107781659249E-007
 DOUBLE POLE (MadFKS)   -2.5759525870049940E-007
 SINGLE POLE (MadLoop)  -3.5231107781659492E-007
 DOUBLE POLE (MadLoop)  -2.5759525870049999E-007
 FINITE PART (MadLoop)   3.4208465106930957E-007
   325.00000000000000        0.0000000000000000        0.0000000000000000        325.00000000000000        0.0000000000000000     
   325.00000000000000        0.0000000000000000        0.0000000000000000       -325.00000000000000        0.0000000000000000     
   182.01659957711598        80.863716856733504        134.88441448235636        91.636764169639406        0.0000000000000000     
   167.90509521084641        66.678838379139435       -35.386718402267675        149.97944416116036        0.0000000000000000     
   300.07830521203755       -147.54255523587298       -99.497696080088716       -241.61620833079976        0.0000000000000000     

 NUMBER OF POINTS PASSING THE CHECK          20
 NUMBER OF POINTS FAILING THE CHECK           0
 TOLERANCE    1.0000000000000001E-005
