==== LHAPDF6 USING DEFAULT-TYPE LHAGLUE INTERFACE ====
LHAPDF 6.2.1 loading /cvmfs/cms.cern.ch/slc6_amd64_gcc481/external/lhapdf/6.2.1/share/LHAPDF/NNPDF31_nnlo_hessian_pdfas/NNPDF31_nnlo_hessian_pdfas_0000.dat
NNPDF31_nnlo_hessian_pdfas PDF set, member #0, version 1; LHAPDF ID = 306000
 A PDF is used, so alpha_s(MZ) is going to be modified
 Old value of alpha_s from param_card:   0.11799999999999999     
 New value of alpha_s from PDF lhapdf :  0.11800208008122040     
 using LHAPDF
 *****************************************************
 *               MadGraph/MadEvent                   *
 *        --------------------------------           *
 *          http://madgraph.hep.uiuc.edu             *
 *          http://madgraph.phys.ucl.ac.be           *
 *          http://madgraph.roma2.infn.it            *
 *        --------------------------------           *
 *                                                   *
 *          PARAMETER AND COUPLING VALUES            *
 *                                                   *
 *****************************************************

  External Params
  ---------------------------------
  
 MU_R =    91.188000000000002     
 aEWM1 =    132.50700000000001     
 mdl_Gf =    1.1663900000000000E-005
 aS =   0.11799999999999999     
 mdl_lamWS =   0.22530000000000000     
 mdl_AWS =   0.80800000000000005     
 mdl_rhoWS =   0.13200000000000001     
 mdl_etaWS =   0.34100000000000003     
 mdl_ymt =    173.00000000000000     
 mdl_ymtau =    1.7769999999999999     
 mdl_MT =    173.00000000000000     
 mdl_MZ =    91.188000000000002     
 mdl_MH =    125.00000000000000     
 mdl_MTA =    1.7769999999999999     
 mdl_WT =    1.4915000000000000     
 mdl_WZ =    2.4414039999999999     
 mdl_WW =    2.0476000000000001     
 mdl_WH =    6.3823389999999999E-003
  Internal Params
  ---------------------------------
  
 mdl_CKM33 =    1.0000000000000000     
 mdl_conjg__CKM3x3 =    1.0000000000000000     
 mdl_I4x33 =    0.0000000000000000     
 mdl_I1x33 =    0.0000000000000000     
 mdl_lhv =    1.0000000000000000     
 mdl_CKM3x3 =    1.0000000000000000     
 mdl_conjg__CKM33 =    1.0000000000000000     
 mdl_Ncol =    3.0000000000000000     
 mdl_CA =    3.0000000000000000     
 mdl_TF =   0.50000000000000000     
 mdl_CF =    1.3333333333333333     
 mdl_lamWS__exp__2 =    5.0760090000000001E-002
 mdl_CKM11 =  ( 0.97461995499999998     ,  0.0000000000000000     )
 mdl_CKM12 =  ( 0.22530000000000000     ,  0.0000000000000000     )
 mdl_complexi =  (  0.0000000000000000     ,  1.0000000000000000     )
 mdl_lamWS__exp__3 =    1.1436248277000001E-002
 mdl_CKM13 =  (  1.2197444962317122E-003, -3.1510066152652563E-003)
 mdl_CKM21 =  (-0.22530000000000000     ,  0.0000000000000000     )
 mdl_CKM22 =  ( 0.97461995499999998     ,  0.0000000000000000     )
 mdl_CKM23 =  (  4.1014152720000002E-002,  0.0000000000000000     )
 mdl_CKM31 =  (  8.0207441115842885E-003, -3.1510066152652563E-003)
 mdl_CKM32 =  ( -4.1014152720000002E-002,  0.0000000000000000     )
 mdl_MZ__exp__2 =    8315.2513440000002     
 mdl_MZ__exp__4 =    69143404.913893804     
 mdl_sqrt__2 =    1.4142135623730951     
 mdl_MH__exp__2 =    15625.000000000000     
 mdl_CKM1x1 =  ( 0.97461995499999998     ,  0.0000000000000000     )
 mdl_CKM1x2 =  ( 0.22530000000000000     ,  0.0000000000000000     )
 mdl_CKM1x3 =  (  1.2197444962317122E-003, -3.1510066152652563E-003)
 mdl_CKM2x1 =  (-0.22530000000000000     ,  0.0000000000000000     )
 mdl_CKM2x2 =  ( 0.97461995499999998     ,  0.0000000000000000     )
 mdl_CKM2x3 =  (  4.1014152720000002E-002,  0.0000000000000000     )
 mdl_CKM3x1 =  (  8.0207441115842885E-003, -3.1510066152652563E-003)
 mdl_CKM3x2 =  ( -4.1014152720000002E-002,  0.0000000000000000     )
 mdl_conjg__CKM1x3 =  (  1.2197444962317122E-003,  3.1510066152652563E-003)
 mdl_conjg__CKM2x3 =  (  4.1014152720000002E-002, -0.0000000000000000     )
 mdl_conjg__CKM2x1 =  (-0.22530000000000000     , -0.0000000000000000     )
 mdl_conjg__CKM3x1 =  (  8.0207441115842885E-003,  3.1510066152652563E-003)
 mdl_conjg__CKM2x2 =  ( 0.97461995499999998     , -0.0000000000000000     )
 mdl_conjg__CKM3x2 =  ( -4.1014152720000002E-002, -0.0000000000000000     )
 mdl_Ncol__exp__2 =    9.0000000000000000     
 mdl_MT__exp__2 =    29929.000000000000     
 mdl_conjg__CKM11 =  ( 0.97461995499999998     , -0.0000000000000000     )
 mdl_conjg__CKM12 =  ( 0.22530000000000000     , -0.0000000000000000     )
 mdl_conjg__CKM13 =  (  1.2197444962317122E-003,  3.1510066152652563E-003)
 mdl_conjg__CKM21 =  (-0.22530000000000000     , -0.0000000000000000     )
 mdl_conjg__CKM22 =  ( 0.97461995499999998     , -0.0000000000000000     )
 mdl_conjg__CKM23 =  (  4.1014152720000002E-002, -0.0000000000000000     )
 mdl_conjg__CKM31 =  (  8.0207441115842885E-003,  3.1510066152652563E-003)
 mdl_conjg__CKM32 =  ( -4.1014152720000002E-002, -0.0000000000000000     )
 mdl_aEW =    7.5467711139788835E-003
 mdl_MW =    80.419002445756163     
 mdl_sqrt__aEW =    8.6872153846781555E-002
 mdl_ee =   0.30795376724436879     
 mdl_MW__exp__2 =    6467.2159543705357     
 mdl_sw2 =   0.22224648578577766     
 mdl_cw =   0.88190334743339216     
 mdl_sqrt__sw2 =   0.47143025548407230     
 mdl_sw =   0.47143025548407230     
 mdl_g1 =   0.34919219678733299     
 mdl_gw =   0.65323293034757990     
 mdl_v =    246.21845810181637     
 mdl_v__exp__2 =    60623.529110035903     
 mdl_lam =   0.12886910601690263     
 mdl_yt =   0.99366614581500623     
 mdl_ytau =    1.0206617000654717E-002
 mdl_muH =    88.388347648318430     
 mdl_AxialZUp =  -0.18517701861793787     
 mdl_AxialZDown =   0.18517701861793787     
 mdl_VectorZUp =    7.5430507588273299E-002
 mdl_VectorZDown =  -0.13030376310310560     
 mdl_VectorAUp =   0.20530251149624587     
 mdl_VectorADown =  -0.10265125574812294     
 mdl_VectorWmDxU =   0.23095271737156670     
 mdl_AxialWmDxU =  -0.23095271737156670     
 mdl_VectorWpUxD =   0.23095271737156670     
 mdl_AxialWpUxD =  -0.23095271737156670     
 mdl_I2x13 =  (  7.9699418879263656E-003,  3.1310485988282153E-003)
 mdl_I2x23 =  ( -4.0754375057150453E-002, -0.0000000000000000     )
 mdl_I2x33 =  ( 0.99366614581500623     ,  0.0000000000000000     )
 mdl_I3x31 =  (  7.9699418879263656E-003, -3.1310485988282153E-003)
 mdl_I3x32 =  ( -4.0754375057150453E-002,  0.0000000000000000     )
 mdl_I3x33 =  ( 0.99366614581500623     ,  0.0000000000000000     )
 mdl_Vector_tdGp =  ( -7.9699418879263656E-003, -3.1310485988282153E-003)
 mdl_Vector_tsGp =  (  4.0754375057150453E-002,  0.0000000000000000     )
 mdl_Vector_tbGp =  (-0.99366614581500623     ,  0.0000000000000000     )
 mdl_Axial_tdGp =  ( -7.9699418879263656E-003, -3.1310485988282153E-003)
 mdl_Axial_tsGp =  (  4.0754375057150453E-002,  0.0000000000000000     )
 mdl_Axial_tbGp =  (-0.99366614581500623     , -0.0000000000000000     )
 mdl_Vector_tdGm =  (  7.9699418879263656E-003, -3.1310485988282153E-003)
 mdl_Vector_tsGm =  ( -4.0754375057150453E-002,  0.0000000000000000     )
 mdl_Vector_tbGm =  ( 0.99366614581500623     ,  0.0000000000000000     )
 mdl_Axial_tdGm =  ( -7.9699418879263656E-003,  3.1310485988282153E-003)
 mdl_Axial_tsGm =  (  4.0754375057150453E-002, -0.0000000000000000     )
 mdl_Axial_tbGm =  (-0.99366614581500623     ,  0.0000000000000000     )
 mdl_gw__exp__2 =   0.42671326129048615     
 mdl_cw__exp__2 =   0.77775351421422245     
 mdl_ee__exp__2 =    9.4835522759998875E-002
 mdl_sw__exp__2 =   0.22224648578577769     
 mdl_yt__exp__2 =   0.98737240933884918     
  Internal Params evaluated point by point
  ----------------------------------------
  
 mdl_sqrt__aS =   0.34351128074635334     
 mdl_G__exp__4 =    2.1987899468922913     
 mdl_G__exp__2 =    1.4828317324943823     
 mdl_R2MixedFactor_FIN_ =   -2.5040377713124864E-002
 mdl_G_UVg_1EPS_ =   -5.1645779033320030E-002
 mdl_G_UVq_1EPS_ =    3.1300472141406080E-003
 mdl_G_UVb_1EPS_ =    3.1300472141406080E-003
 mdl_GWcft_UV_t_1EPS_ =   -3.1300472141406080E-003
 mdl_tWcft_UV_1EPS_ =   -1.8780283284843650E-002
 mdl_G__exp__3 =    1.8056676068262196     
 mdl_MU_R__exp__2 =    8315.2513440000002     
 mdl_G_UVt_FIN_ =   -4.0087659331150384E-003
 mdl_GWcft_UV_t_FIN_ =    4.0087659331150384E-003
 mdl_tWcft_UV_FIN_ =   -9.8778211443463623E-004
  Couplings of loop_sm-ckm_no_b_mass
  ---------------------------------
  
       UV_3Gt =   0.48815E-02   0.00000E+00
      UV_GQQt =   0.00000E+00  -0.48815E-02
   UVWfct_G_2 =   0.40088E-02   0.00000E+00
       R2_DDA =   0.00000E+00   0.25704E-02
       R2_UUA =  -0.00000E+00  -0.51409E-02
    R2_DDZ_V2 =   0.00000E+00   0.72127E-02
    R2_UUZ_V2 =  -0.00000E+00  -0.72127E-02
    R2_UUZ_V5 =   0.00000E+00   0.68702E-03
      R2_GGHt =   0.00000E+00  -0.45657E+01
     R2_GGZup =  -0.46369E-02   0.00000E+00
   R2_GGZdown =   0.46369E-02   0.00000E+00
 R2_GGGZvecUp =   0.00000E+00   0.28750E-03
 R2_GGGZvecDown  -0.00000E+00  -0.49665E-03
 R2_GGGZaxialUp  -0.00000E+00  -0.63522E-02
 R2_GGGZaxialDow  0.00000E+00   0.63522E-02
 R2_GGGAvecUp =   0.00000E+00   0.78251E-03
 R2_GGGAvecDown  -0.00000E+00  -0.39126E-03
         GC_4 =  -0.12177E+01   0.00000E+00
         GC_5 =   0.00000E+00   0.12177E+01
         GC_6 =   0.00000E+00   0.14828E+01
       R2_3Gq =   0.76230E-02   0.00000E+00
       R2_3Gg =   0.31445E-01   0.00000E+00
       R2_GQQ =  -0.00000E+00  -0.30492E-01
       R2_GGq =   0.00000E+00   0.62601E-02
       R2_GGt =  -0.00000E+00  -0.11242E+04
     R2_GGg_1 =   0.00000E+00   0.28170E-01
     R2_GGg_2 =  -0.00000E+00  -0.18780E-01
       R2_QQq =   0.00000E+00   0.12520E-01
  UV_3Gg_1eps =   0.62890E-01   0.00000E+00
  UV_3Gb_1eps =  -0.38115E-02   0.00000E+00
 UV_GQQg_1eps =   0.00000E+00  -0.62890E-01
 UV_GQQq_1eps =   0.00000E+00   0.38115E-02
 UVWfct_G_2_1eps -0.31300E-02   0.00000E+00
         GC_1 =  -0.00000E+00  -0.10265E+00
         GC_2 =   0.00000E+00   0.20530E+00
        GC_21 =  -0.00000E+00  -0.28804E+00
        GC_22 =   0.00000E+00   0.28804E+00
        GC_23 =  -0.00000E+00  -0.27437E-01
        GC_24 =   0.00000E+00   0.82310E-01
        GC_37 =  -0.00000E+00  -0.70263E+00
        GC_38 =  -0.00000E+00  -0.72172E-02
      GC_1003 =  -0.00000E+00  -0.30795E+00

 Collider parameters:
 --------------------

 Running at P P   machine @    13000.000000000000       GeV
 PDF set = lhapdf 
 alpha_s(Mz)= 0.1180 running at 3 loops.
 alpha_s(Mz)= 0.1180 running at 3 loops.
 Renormalization scale set on event-by-event basis
 Factorization   scale set on event-by-event basis


 ===============================================================
 INFO: MadFKS read these parameters from FKS_params.dat
 ===============================================================
  > IRPoleCheckThreshold      =    1.0000000000000001E-005
  > PrecisionVirtualAtRunTime =    1.0000000000000000E-003
  > NHelForMCoverHels         =            4
  > VirtualFraction           =    1.0000000000000000     
  > MinVirtualFraction        =    5.0000000000000001E-003
 ===============================================================
  Insert the number of points to test
 Insert the relative tolerance
  A negative number will mean use the default one:    1.0000000000000001E-005
Using random seed offsets:     0 ,     12 ,      0
  with seed                   32
 Ranmar initialization seeds       10729        9418
  ========================================================================================== 
 {                                                                                          }
 {       [32m                                                                            [0m       }
 {       [32m                               ,,                                           [0m       }
 {       [32m`7MMM.     ,MMF'             `7MM  `7MMF'                                   [0m       }
 {       [32m  MMMb    dPMM                 MM    MM                                     [0m       }
 {       [32m  M YM   ,M MM   ,6"Yb.   ,M""bMM    MM         ,pW"Wq.   ,pW"Wq.`7MMpdMAo. [0m       }
 {       [32m  M  Mb  M' MM  8)   MM ,AP    MM    MM        6W'   `Wb 6W'   `Wb MM   `Wb [0m       }
 {       [32m  M  YM.P'  MM   ,pm9MM 8MI    MM    MM      , 8M     M8 8M     M8 MM    M8 [0m       }
 {       [32m  M  `YM'   MM  8M   MM `Mb    MM    MM     ,M YA.   ,A9 YA.   ,A9 MM   ,AP [0m       }
 {       [32m.JML. `'  .JMML.`Moo9^Yo.`Wbmd"MML..JMMmmmmMMM  `Ybmd9'   `Ybmd9'  MMbmmd'  [0m       }
 {       [32m                                                                   MM       [0m       }
 {       [32m                                                                 .JMML.     [0m       }
 {       [32m[0mv2.4.2 (2016-06-10), Ref: arXiv:1103.0621v2, arXiv:1405.0301[32m                [0m       }
 {       [32m                                                                            [0m       }
 {                                                                                          }
  ========================================================================================== 
 ===============================================================
 INFO: MadLoop read these parameters from ./MadLoop5_resources/MadLoopParams.dat                                                                                                                                                                                                                                                                                                                                                                                                                                                                                          
 ===============================================================
  > MLReductionLib            = 6|1|2
  > IREGIMODE                 =            2
  > IREGIRECY                 =  T
  > CTModeRun                 =           -1
  > MLStabThres               =    1.0000000000000000E-003
  > NRotations_DP             =            1
  > NRotations_QP             =            0
  > CTStabThres               =    1.0000000000000000E-002
  > CTLoopLibrary             =            2
  > CTModeInit                =            1
  > CheckCycle                =            3
  > MaxAttempts               =           10
  > UseLoopFilter             =  F
  > HelicityFilterLevel       =            2
  > ImprovePSPoint            =            2
  > DoubleCheckHelicityFilter =  T
  > LoopInitStartOver         =  F
  > HelInitStartOver          =  F
  > ZeroThres                 =    1.0000000000000001E-009
  > OSThres                   =    1.0000000000000000E-008
  > WriteOutFilters           =  T
  > UseQPIntegrandForNinja    =  F
  > UseQPIntegrandForCutTools =  T
 ===============================================================
  
------------------------------------------------------------------------
|              You are using CutTools - Version 1.9.3                  |
|              Authors: G. Ossola, C. Papadopoulos, R. Pittau          |
|              Published in JHEP 0803:042,2008                         |
|              http://www.ugr.es/~pittau/CutTools                      |
|                                                                      |
|              Compiler with  34  significant digits detetected        |
 ---------------------------------------------------------------------- 
   
########################################################################
#                                                                      #
#                      You are using OneLOop-3.6                       #
#                                                                      #
# for the evaluation of 1-loop scalar 1-, 2-, 3- and 4-point functions #
#                                                                      #
# author: Andreas van Hameren <hamerenREMOVETHIS@ifj.edu.pl>           #
#   date: 18-02-2015                                                   #
#                                                                      #
# Please cite                                                          #
#    A. van Hameren,                                                   #
#      Comput.Phys.Commun. 182 (2011) 2427-2438, arXiv:1007.4716       #
#    A. van Hameren, C.G. Papadopoulos and R. Pittau,                  #
#      JHEP 0909:106,2009, arXiv:0903.4665                             #
# in publications with results obtained with the help of this program. #
#                                                                      #
########################################################################
 PASSED   1.0000000000000001E-005
 MU_R    =    325.00000000000000     
 ALPHA_S =   0.11799999999999999     
 BORN                    8.1328267775483189E-007
 SINGLE POLE (MadFKS)   -9.0228171696592303E-008
 DOUBLE POLE (MadFKS)   -8.6550848113721065E-008
 SINGLE POLE (MadLoop)  -9.0228171696591998E-008
 DOUBLE POLE (MadLoop)  -8.6550848113720919E-008
 FINITE PART (MadLoop)   5.4773770596914584E-008
   325.00000000000000        0.0000000000000000        0.0000000000000000        325.00000000000000        0.0000000000000000     
   325.00000000000000        0.0000000000000000        0.0000000000000000       -325.00000000000000        0.0000000000000000     
   52.203303540006701        32.643823666416459       -36.681113445174923        17.632466201532623        1.7769999999999999     
   308.07283662160455       -194.74940858965184       -92.510844971694098       -220.04573695412935        1.7769999999999999     
   289.72385983838876        162.10558492323543        129.19195841686903        202.41327075259673        0.0000000000000000     

 PASSED   1.0000000000000001E-005
 MU_R    =    325.00000000000000     
 ALPHA_S =   0.11799999999999999     
 BORN                    1.3567370772526510E-008
 SINGLE POLE (MadFKS)   -8.2031665731870762E-010
 DOUBLE POLE (MadFKS)   -1.4438613770518166E-009
 SINGLE POLE (MadLoop)  -8.2031665731862573E-010
 DOUBLE POLE (MadLoop)  -1.4438613770518174E-009
 FINITE PART (MadLoop)   1.6575431516387592E-009
   325.00000000000000        0.0000000000000000        0.0000000000000000        325.00000000000000        0.0000000000000000     
   325.00000000000000        0.0000000000000000        0.0000000000000000       -325.00000000000000        0.0000000000000000     
   274.71727633314202       -235.51062885258821        65.044201454860868       -125.58033182571947        1.7769999999999999     
   170.54403680110045        93.991424399821611        82.590518235931611        115.87290104346212        1.7769999999999999     
   204.73868686575852        141.51920445276650       -147.63471969079245        9.7074307822573367        0.0000000000000000     

 PASSED   1.0000000000000001E-005
 MU_R    =    325.00000000000000     
 ALPHA_S =   0.11799999999999999     
 BORN                    6.4927678590235633E-008
 SINGLE POLE (MadFKS)   -9.2281840453589734E-010
 DOUBLE POLE (MadFKS)   -6.9097077827274512E-009
 SINGLE POLE (MadLoop)  -9.2281840453577068E-010
 DOUBLE POLE (MadLoop)  -6.9097077827274868E-009
 FINITE PART (MadLoop)   5.6744987871168409E-009
   325.00000000000000        0.0000000000000000        0.0000000000000000        325.00000000000000        0.0000000000000000     
   325.00000000000000        0.0000000000000000        0.0000000000000000       -325.00000000000000        0.0000000000000000     
   258.70156604324131        63.702385846709653       -66.313880133830054        241.80119495829319        1.7769999999999999     
   142.36617230796080        111.60459090270449       -18.055997859711994       -86.506447848412051        1.7769999999999999     
   248.93226164880019       -175.30697674941416        84.369877993542019       -155.29474710988117        0.0000000000000000     

 PASSED   1.0000000000000001E-005
 MU_R    =    325.00000000000000     
 ALPHA_S =   0.11799999999999999     
 BORN                    4.0974196573345488E-006
 SINGLE POLE (MadFKS)   -1.0462833149739848E-006
 DOUBLE POLE (MadFKS)   -4.3605397744256901E-007
 SINGLE POLE (MadLoop)  -1.0462833149740196E-006
 DOUBLE POLE (MadLoop)  -4.3605397744257542E-007
 FINITE PART (MadLoop)   9.4575775416102967E-008
   325.00000000000000        0.0000000000000000        0.0000000000000000        325.00000000000000        0.0000000000000000     
   325.00000000000000        0.0000000000000000        0.0000000000000000       -325.00000000000000        0.0000000000000000     
   79.188409046232010       -22.107705715185805       -68.815024275916983        32.301519781413653        1.7769999999999999     
   312.55510575917128        37.781641446345787        125.36282460007970       -283.80318212633938        1.7769999999999999     
   258.25648519459673       -15.673935731159984       -56.547800324162750        251.50166234492573        0.0000000000000000     

 PASSED   1.0000000000000001E-005
 MU_R    =    325.00000000000000     
 ALPHA_S =   0.11799999999999999     
 BORN                    3.6393033046406276E-008
 SINGLE POLE (MadFKS)   -2.4370356098477075E-009
 DOUBLE POLE (MadFKS)   -3.8730049978350559E-009
 SINGLE POLE (MadLoop)  -2.4370356098477063E-009
 DOUBLE POLE (MadLoop)  -3.8730049978350550E-009
 FINITE PART (MadLoop)   5.5122993789854363E-009
   325.00000000000000        0.0000000000000000        0.0000000000000000        325.00000000000000        0.0000000000000000     
   325.00000000000000        0.0000000000000000        0.0000000000000000       -325.00000000000000        0.0000000000000000     
   192.80930346876232       -72.667161923916524        178.25153339041105        10.869415669655551        1.7769999999999999     
   257.77020760003234       -119.45539711694747       -225.61362460563174       -35.654209977297690        1.7769999999999999     
   199.42048893120605        192.12255904086396        47.362091215220687        24.784794307642127        0.0000000000000000     

 PASSED   1.0000000000000001E-005
 MU_R    =    325.00000000000000     
 ALPHA_S =   0.11799999999999999     
 BORN                    8.1247836990281453E-008
 SINGLE POLE (MadFKS)   -4.1650936279638800E-009
 DOUBLE POLE (MadFKS)   -8.6465252380969451E-009
 SINGLE POLE (MadLoop)  -4.1650936279638031E-009
 DOUBLE POLE (MadLoop)  -8.6465252380969931E-009
 FINITE PART (MadLoop)   8.3663890350502285E-009
   325.00000000000000        0.0000000000000000        0.0000000000000000        325.00000000000000        0.0000000000000000     
   325.00000000000000        0.0000000000000000        0.0000000000000000       -325.00000000000000        0.0000000000000000     
   230.75486763870757       -85.281650890296788       -177.31602138025895        120.54343529723474        1.7769999999999999     
   158.11741215238658       -18.586800412942775       -61.048357590414156       -144.65679100094133        1.7769999999999999     
   261.12772020890776        103.86845130323954        238.36437897067316        24.113355703706581        0.0000000000000000     

 PASSED   1.0000000000000001E-005
 MU_R    =    325.00000000000000     
 ALPHA_S =   0.11799999999999999     
 BORN                    5.0948036514235481E-008
 SINGLE POLE (MadFKS)   -3.6425235177651374E-009
 DOUBLE POLE (MadFKS)   -5.4219718317487700E-009
 SINGLE POLE (MadLoop)  -3.6425235177651577E-009
 DOUBLE POLE (MadLoop)  -5.4219718317487799E-009
 FINITE PART (MadLoop)   7.3866900346252815E-009
   325.00000000000000        0.0000000000000000        0.0000000000000000        325.00000000000000        0.0000000000000000     
   325.00000000000000        0.0000000000000000        0.0000000000000000       -325.00000000000000        0.0000000000000000     
   295.93418391388826       -234.31341697919700       -63.323238766071931        169.29640733189532        1.7769999999999999     
   226.23431219978875        121.45062891092638        119.69161660050263       -148.66898782264659        1.7769999999999999     
   127.83150388632322        112.86278806827067       -56.368377834430845       -20.627419509248707        0.0000000000000000     

 PASSED   1.0000000000000001E-005
 MU_R    =    325.00000000000000     
 ALPHA_S =   0.11799999999999999     
 BORN                    3.2500116045856296E-008
 SINGLE POLE (MadFKS)   -9.0109472576091827E-010
 DOUBLE POLE (MadFKS)   -3.4587145214116853E-009
 SINGLE POLE (MadLoop)  -9.0109472576088963E-010
 DOUBLE POLE (MadLoop)  -3.4587145214116807E-009
 FINITE PART (MadLoop)   4.0706628734271229E-009
   325.00000000000000        0.0000000000000000        0.0000000000000000        325.00000000000000        0.0000000000000000     
   325.00000000000000        0.0000000000000000        0.0000000000000000       -325.00000000000000        0.0000000000000000     
   283.12337801071953       -219.80683914371488        177.80673504166731        15.013590066076306        1.7769999999999999     
   115.70860681678090        88.592082074705644        17.774999046201401        72.255216870870754        1.7769999999999999     
   251.16801517250366        131.21475706900924       -195.58173408786871       -87.268806936946987        0.0000000000000000     

 PASSED   1.0000000000000001E-005
 MU_R    =    325.00000000000000     
 ALPHA_S =   0.11799999999999999     
 BORN                    7.2503063288770897E-008
 SINGLE POLE (MadFKS)   -4.0042555864961444E-009
 DOUBLE POLE (MadFKS)   -7.7158923829650357E-009
 SINGLE POLE (MadLoop)  -4.0042555864960443E-009
 DOUBLE POLE (MadLoop)  -7.7158923829650820E-009
 FINITE PART (MadLoop)   8.7462979315549204E-009
   325.00000000000000        0.0000000000000000        0.0000000000000000        325.00000000000000        0.0000000000000000     
   325.00000000000000        0.0000000000000000        0.0000000000000000       -325.00000000000000        0.0000000000000000     
   230.52437441466483        200.30956153103887        49.868913588769409        102.60360854761103        1.7769999999999999     
   164.38891460042618        9.5438298766606255        91.142567504975005       -136.46430014620177        1.7769999999999999     
   255.08671098491081       -209.85339140769946       -141.01148109374441        33.860691598590726        0.0000000000000000     

 PASSED   1.0000000000000001E-005
 MU_R    =    325.00000000000000     
 ALPHA_S =   0.11799999999999999     
 BORN                    5.9175681919032740E-008
 SINGLE POLE (MadFKS)   -1.0321238193955396E-009
 DOUBLE POLE (MadFKS)   -6.2975710634083323E-009
 SINGLE POLE (MadLoop)  -1.0321238193956211E-009
 DOUBLE POLE (MadLoop)  -6.2975710634083555E-009
 FINITE PART (MadLoop)   6.7256999715515122E-009
   325.00000000000000        0.0000000000000000        0.0000000000000000        325.00000000000000        0.0000000000000000     
   325.00000000000000        0.0000000000000000        0.0000000000000000       -325.00000000000000        0.0000000000000000     
   285.47846513941016        118.31991846881539       -8.7998161550802720        259.64929512425624        1.7769999999999999     
   138.49759308164198        29.742886131179439       -76.372201887159633       -111.62917657988305        1.7769999999999999     
   226.02394177894993       -148.06280459999473        85.172018042239898       -148.02011854437319        0.0000000000000000     

 PASSED   1.0000000000000001E-005
 MU_R    =    325.00000000000000     
 ALPHA_S =   0.11799999999999999     
 BORN                    3.3910848383393128E-008
 SINGLE POLE (MadFKS)   -1.5062447380542801E-009
 DOUBLE POLE (MadFKS)   -3.6088469213938630E-009
 SINGLE POLE (MadLoop)  -1.5062447380544162E-009
 DOUBLE POLE (MadLoop)  -3.6088469213938807E-009
 FINITE PART (MadLoop)   3.9131323619523984E-009
   325.00000000000000        0.0000000000000000        0.0000000000000000        325.00000000000000        0.0000000000000000     
   325.00000000000000        0.0000000000000000        0.0000000000000000       -325.00000000000000        0.0000000000000000     
   157.27959318771221       -149.35410360325182        5.9076121483978952        48.909759351948011        1.7769999999999999     
   300.02605746676392        255.36974350347921       -157.38459975194800        5.3720846918436091        1.7769999999999999     
   192.69434934552504       -106.01563990022727        151.47698760355021       -54.281844043791700        0.0000000000000000     

 PASSED   1.0000000000000001E-005
 MU_R    =    325.00000000000000     
 ALPHA_S =   0.11799999999999999     
 BORN                    3.2930685954483399E-008
 SINGLE POLE (MadFKS)   -1.7536622204968565E-009
 DOUBLE POLE (MadFKS)   -3.5045364622733805E-009
 SINGLE POLE (MadLoop)  -1.7536622204968931E-009
 DOUBLE POLE (MadLoop)  -3.5045364622733876E-009
 FINITE PART (MadLoop)   4.3755302764577100E-009
   325.00000000000000        0.0000000000000000        0.0000000000000000        325.00000000000000        0.0000000000000000     
   325.00000000000000        0.0000000000000000        0.0000000000000000       -325.00000000000000        0.0000000000000000     
   187.18395746601027       -160.56980541521114        67.069905034736252        68.946657868165232        1.7769999999999999     
   279.51073517109143        128.74183450898860       -245.04616283659823       -38.742889324410861        1.7769999999999999     
   183.30530736289899        31.827970906222536        177.97625780186200       -30.203768543754343        0.0000000000000000     

 PASSED   1.0000000000000001E-005
 MU_R    =    325.00000000000000     
 ALPHA_S =   0.11799999999999999     
 BORN                    1.0799919977638371E-006
 SINGLE POLE (MadFKS)   -3.9296365464499101E-008
 DOUBLE POLE (MadFKS)   -1.1493448209242484E-007
 SINGLE POLE (MadLoop)  -3.9296365464497301E-008
 DOUBLE POLE (MadLoop)  -1.1493448209242320E-007
 FINITE PART (MadLoop)   9.5340767981239900E-008
   325.00000000000000        0.0000000000000000        0.0000000000000000        325.00000000000000        0.0000000000000000     
   325.00000000000000        0.0000000000000000        0.0000000000000000       -325.00000000000000        0.0000000000000000     
   244.18362073567766       -212.94617746461790        119.08429943664122       -9.7641199028434063        1.7769999999999999     
   83.355559872960526       -82.836182086457157        9.0516863189466950        1.1070432951858720        1.7769999999999999     
   322.46081939136178        295.78235955107516       -128.13598575558794        8.6570766076573680        0.0000000000000000     

 PASSED   1.0000000000000001E-005
 MU_R    =    325.00000000000000     
 ALPHA_S =   0.11799999999999999     
 BORN                    8.1213186984960815E-008
 SINGLE POLE (MadFKS)    1.3237701191063351E-009
 DOUBLE POLE (MadFKS)   -8.6428377289077336E-009
 SINGLE POLE (MadLoop)   1.3237701191061743E-009
 DOUBLE POLE (MadLoop)  -8.6428377289077981E-009
 FINITE PART (MadLoop)   7.5871687322504037E-010
   325.00000000000000        0.0000000000000000        0.0000000000000000        325.00000000000000        0.0000000000000000     
   325.00000000000000        0.0000000000000000        0.0000000000000000       -325.00000000000000        0.0000000000000000     
   76.318183155315680       -65.599302374708969       -38.327463427452805        7.0031725879830704        1.7769999999999999     
   297.54063890059217        139.12746270380180        45.268365630856408        259.07836317046207        1.7769999999999999     
   276.14117794409214       -73.528160329092856       -6.9409022034035983       -266.08153575844517        0.0000000000000000     

 PASSED   1.0000000000000001E-005
 MU_R    =    325.00000000000000     
 ALPHA_S =   0.11799999999999999     
 BORN                    5.2161945045979681E-008
 SINGLE POLE (MadFKS)    8.7618007145000250E-010
 DOUBLE POLE (MadFKS)   -5.5511579263610221E-009
 SINGLE POLE (MadLoop)   8.7618007144976458E-010
 DOUBLE POLE (MadLoop)  -5.5511579263610561E-009
 FINITE PART (MadLoop)   3.0695618740617953E-009
   325.00000000000000        0.0000000000000000        0.0000000000000000        325.00000000000000        0.0000000000000000     
   325.00000000000000        0.0000000000000000        0.0000000000000000       -325.00000000000000        0.0000000000000000     
   139.73432968203522       -95.306489090194276        55.363670947899962        85.872360158324781        1.7769999999999999     
   240.62638837321120        115.78517853246447       -116.25329748395443        176.00245540573567        1.7769999999999999     
   269.63928194475648       -20.478689442270177        60.889626536054472       -261.87481556406050        0.0000000000000000     

 PASSED   1.0000000000000001E-005
 MU_R    =    325.00000000000000     
 ALPHA_S =   0.11799999999999999     
 BORN                    3.0334291294561647E-006
 SINGLE POLE (MadFKS)   -5.5634395015821998E-007
 DOUBLE POLE (MadFKS)   -3.2282239746220612E-007
 SINGLE POLE (MadLoop)  -5.5634395015821120E-007
 DOUBLE POLE (MadLoop)  -3.2282239746220395E-007
Thanks for using LHAPDF 6.2.1. Please make sure to cite the paper:
  Eur.Phys.J. C75 (2015) 3, 132  (http://arxiv.org/abs/1412.7420)
 FINITE PART (MadLoop)   3.8737175076073633E-007
   325.00000000000000        0.0000000000000000        0.0000000000000000        325.00000000000000        0.0000000000000000     
   325.00000000000000        0.0000000000000000        0.0000000000000000       -325.00000000000000        0.0000000000000000     
   105.31272281550478        60.354988436693461        16.232684611869836       -84.743065668605041        1.7769999999999999     
   244.51996201847260       -130.23207482349230        79.963993910448821       -190.87226215868384        1.7769999999999999     
   300.16731516602255        69.877086386798752       -96.196678522318663        275.61532782728898        0.0000000000000000     

 PASSED   1.0000000000000001E-005
 MU_R    =    325.00000000000000     
 ALPHA_S =   0.11799999999999999     
 BORN                    3.8645430562105799E-008
 SINGLE POLE (MadFKS)   -7.7980503807216237E-009
 DOUBLE POLE (MadFKS)   -4.1127087571862416E-009
 SINGLE POLE (MadLoop)  -7.7980503807215509E-009
 DOUBLE POLE (MadLoop)  -4.1127087571862151E-009
 FINITE PART (MadLoop)   7.3036704287989101E-010
   325.00000000000000        0.0000000000000000        0.0000000000000000        325.00000000000000        0.0000000000000000     
   325.00000000000000        0.0000000000000000        0.0000000000000000       -325.00000000000000        0.0000000000000000     
   317.87393349512888        125.62795554283655       -76.245089843277100       -281.85986398844250        1.7769999999999999     
   277.78192382430996       -95.375723069775788        97.450817392972638        242.00506009770484        1.7769999999999999     
   54.344142680561170       -30.252232473060765       -21.205727549695528        39.854803890737728        0.0000000000000000     

 PASSED   1.0000000000000001E-005
 MU_R    =    325.00000000000000     
 ALPHA_S =   0.11799999999999999     
 BORN                    1.2153879033121240E-007
 SINGLE POLE (MadFKS)   -9.4180936955546078E-009
 DOUBLE POLE (MadFKS)   -1.2934353170931848E-008
 SINGLE POLE (MadLoop)  -9.4180936955545863E-009
 DOUBLE POLE (MadLoop)  -1.2934353170931807E-008
 FINITE PART (MadLoop)   2.0456900025820708E-008
   325.00000000000000        0.0000000000000000        0.0000000000000000        325.00000000000000        0.0000000000000000     
   325.00000000000000        0.0000000000000000        0.0000000000000000       -325.00000000000000        0.0000000000000000     
   213.43686277187274        9.5031261384980965       -186.57175008264028       -103.21244753224217        1.7769999999999999     
   145.05434569902991        139.24603167891667       -24.119927083583526       -32.655432263720492        1.7769999999999999     
   291.50879152910056       -148.74915781741478        210.69167716622380        135.86787979596261        0.0000000000000000     

 PASSED   1.0000000000000001E-005
 MU_R    =    325.00000000000000     
 ALPHA_S =   0.11799999999999999     
 BORN                    1.3180047583892378E-007
 SINGLE POLE (MadFKS)   -1.3341424592120628E-009
 DOUBLE POLE (MadFKS)   -1.4026418215549017E-008
 SINGLE POLE (MadLoop)  -1.3341424592121389E-009
 DOUBLE POLE (MadLoop)  -1.4026418215549097E-008
 FINITE PART (MadLoop)   3.1378968489329762E-009
   325.00000000000000        0.0000000000000000        0.0000000000000000        325.00000000000000        0.0000000000000000     
   325.00000000000000        0.0000000000000000        0.0000000000000000       -325.00000000000000        0.0000000000000000     
   182.90879489716443       -95.130603103065340       -4.2279896612621730        156.15621018199784        1.7769999999999999     
   172.31169845680881       -126.33545089488165        117.14254710162218        2.2674218401931383        1.7769999999999999     
   294.77950664602946        221.46605399794700       -112.91455744036000       -158.42363202219099        0.0000000000000000     

 PASSED   1.0000000000000001E-005
 MU_R    =    325.00000000000000     
 ALPHA_S =   0.11799999999999999     
 BORN                    1.2663861553649381E-007
 SINGLE POLE (MadFKS)    6.0701739007364368E-010
 DOUBLE POLE (MadFKS)   -1.3477084755929284E-008
 SINGLE POLE (MadLoop)   6.0701739007360128E-010
 DOUBLE POLE (MadLoop)  -1.3477084755929262E-008
 FINITE PART (MadLoop)   1.5781937614220640E-008
   325.00000000000000        0.0000000000000000        0.0000000000000000        325.00000000000000        0.0000000000000000     
   325.00000000000000        0.0000000000000000        0.0000000000000000       -325.00000000000000        0.0000000000000000     
   79.366101858414751        51.508761585499983        20.763966529260284        56.670323530928847        1.7769999999999999     
   280.37584774031592       -212.40398495492221        12.941928902418345        182.55002579746397        1.7769999999999999     
   290.25805040126932        160.89522336942221       -33.705895431678591       -239.22034932839284        0.0000000000000000     

 NUMBER OF POINTS PASSING THE CHECK          20
 NUMBER OF POINTS FAILING THE CHECK           0
 TOLERANCE    1.0000000000000001E-005
