==== LHAPDF6 USING DEFAULT-TYPE LHAGLUE INTERFACE ====
LHAPDF 6.2.1 loading /cvmfs/cms.cern.ch/slc6_amd64_gcc481/external/lhapdf/6.2.1/share/LHAPDF/NNPDF31_nnlo_hessian_pdfas/NNPDF31_nnlo_hessian_pdfas_0000.dat
NNPDF31_nnlo_hessian_pdfas PDF set, member #0, version 1; LHAPDF ID = 306000
 A PDF is used, so alpha_s(MZ) is going to be modified
 Old value of alpha_s from param_card:   0.11799999999999999     
 New value of alpha_s from PDF lhapdf :  0.11800208008122040     
 using LHAPDF
 *****************************************************
 *               MadGraph/MadEvent                   *
 *        --------------------------------           *
 *          http://madgraph.hep.uiuc.edu             *
 *          http://madgraph.phys.ucl.ac.be           *
 *          http://madgraph.roma2.infn.it            *
 *        --------------------------------           *
 *                                                   *
 *          PARAMETER AND COUPLING VALUES            *
 *                                                   *
 *****************************************************

  External Params
  ---------------------------------
  
 MU_R =    91.188000000000002     
 aEWM1 =    132.50700000000001     
 mdl_Gf =    1.1663900000000000E-005
 aS =   0.11799999999999999     
 mdl_lamWS =   0.22530000000000000     
 mdl_AWS =   0.80800000000000005     
 mdl_rhoWS =   0.13200000000000001     
 mdl_etaWS =   0.34100000000000003     
 mdl_ymt =    173.00000000000000     
 mdl_ymtau =    1.7769999999999999     
 mdl_MT =    173.00000000000000     
 mdl_MZ =    91.188000000000002     
 mdl_MH =    125.00000000000000     
 mdl_MTA =    1.7769999999999999     
 mdl_WT =    1.4915000000000000     
 mdl_WZ =    2.4414039999999999     
 mdl_WW =    2.0476000000000001     
 mdl_WH =    6.3823389999999999E-003
  Internal Params
  ---------------------------------
  
 mdl_CKM33 =    1.0000000000000000     
 mdl_conjg__CKM3x3 =    1.0000000000000000     
 mdl_I4x33 =    0.0000000000000000     
 mdl_I1x33 =    0.0000000000000000     
 mdl_lhv =    1.0000000000000000     
 mdl_CKM3x3 =    1.0000000000000000     
 mdl_conjg__CKM33 =    1.0000000000000000     
 mdl_Ncol =    3.0000000000000000     
 mdl_CA =    3.0000000000000000     
 mdl_TF =   0.50000000000000000     
 mdl_CF =    1.3333333333333333     
 mdl_lamWS__exp__2 =    5.0760090000000001E-002
 mdl_CKM11 =  ( 0.97461995499999998     ,  0.0000000000000000     )
 mdl_CKM12 =  ( 0.22530000000000000     ,  0.0000000000000000     )
 mdl_complexi =  (  0.0000000000000000     ,  1.0000000000000000     )
 mdl_lamWS__exp__3 =    1.1436248277000001E-002
 mdl_CKM13 =  (  1.2197444962317122E-003, -3.1510066152652563E-003)
 mdl_CKM21 =  (-0.22530000000000000     ,  0.0000000000000000     )
 mdl_CKM22 =  ( 0.97461995499999998     ,  0.0000000000000000     )
 mdl_CKM23 =  (  4.1014152720000002E-002,  0.0000000000000000     )
 mdl_CKM31 =  (  8.0207441115842885E-003, -3.1510066152652563E-003)
 mdl_CKM32 =  ( -4.1014152720000002E-002,  0.0000000000000000     )
 mdl_MZ__exp__2 =    8315.2513440000002     
 mdl_MZ__exp__4 =    69143404.913893804     
 mdl_sqrt__2 =    1.4142135623730951     
 mdl_MH__exp__2 =    15625.000000000000     
 mdl_CKM1x1 =  ( 0.97461995499999998     ,  0.0000000000000000     )
 mdl_CKM1x2 =  ( 0.22530000000000000     ,  0.0000000000000000     )
 mdl_CKM1x3 =  (  1.2197444962317122E-003, -3.1510066152652563E-003)
 mdl_CKM2x1 =  (-0.22530000000000000     ,  0.0000000000000000     )
 mdl_CKM2x2 =  ( 0.97461995499999998     ,  0.0000000000000000     )
 mdl_CKM2x3 =  (  4.1014152720000002E-002,  0.0000000000000000     )
 mdl_CKM3x1 =  (  8.0207441115842885E-003, -3.1510066152652563E-003)
 mdl_CKM3x2 =  ( -4.1014152720000002E-002,  0.0000000000000000     )
 mdl_conjg__CKM1x3 =  (  1.2197444962317122E-003,  3.1510066152652563E-003)
 mdl_conjg__CKM2x3 =  (  4.1014152720000002E-002, -0.0000000000000000     )
 mdl_conjg__CKM2x1 =  (-0.22530000000000000     , -0.0000000000000000     )
 mdl_conjg__CKM3x1 =  (  8.0207441115842885E-003,  3.1510066152652563E-003)
 mdl_conjg__CKM2x2 =  ( 0.97461995499999998     , -0.0000000000000000     )
 mdl_conjg__CKM3x2 =  ( -4.1014152720000002E-002, -0.0000000000000000     )
 mdl_Ncol__exp__2 =    9.0000000000000000     
 mdl_MT__exp__2 =    29929.000000000000     
 mdl_conjg__CKM11 =  ( 0.97461995499999998     , -0.0000000000000000     )
 mdl_conjg__CKM12 =  ( 0.22530000000000000     , -0.0000000000000000     )
 mdl_conjg__CKM13 =  (  1.2197444962317122E-003,  3.1510066152652563E-003)
 mdl_conjg__CKM21 =  (-0.22530000000000000     , -0.0000000000000000     )
 mdl_conjg__CKM22 =  ( 0.97461995499999998     , -0.0000000000000000     )
 mdl_conjg__CKM23 =  (  4.1014152720000002E-002, -0.0000000000000000     )
 mdl_conjg__CKM31 =  (  8.0207441115842885E-003,  3.1510066152652563E-003)
 mdl_conjg__CKM32 =  ( -4.1014152720000002E-002, -0.0000000000000000     )
 mdl_aEW =    7.5467711139788835E-003
 mdl_MW =    80.419002445756163     
 mdl_sqrt__aEW =    8.6872153846781555E-002
 mdl_ee =   0.30795376724436879     
 mdl_MW__exp__2 =    6467.2159543705357     
 mdl_sw2 =   0.22224648578577766     
 mdl_cw =   0.88190334743339216     
 mdl_sqrt__sw2 =   0.47143025548407230     
 mdl_sw =   0.47143025548407230     
 mdl_g1 =   0.34919219678733299     
 mdl_gw =   0.65323293034757990     
 mdl_v =    246.21845810181637     
 mdl_v__exp__2 =    60623.529110035903     
 mdl_lam =   0.12886910601690263     
 mdl_yt =   0.99366614581500623     
 mdl_ytau =    1.0206617000654717E-002
 mdl_muH =    88.388347648318430     
 mdl_AxialZUp =  -0.18517701861793787     
 mdl_AxialZDown =   0.18517701861793787     
 mdl_VectorZUp =    7.5430507588273299E-002
 mdl_VectorZDown =  -0.13030376310310560     
 mdl_VectorAUp =   0.20530251149624587     
 mdl_VectorADown =  -0.10265125574812294     
 mdl_VectorWmDxU =   0.23095271737156670     
 mdl_AxialWmDxU =  -0.23095271737156670     
 mdl_VectorWpUxD =   0.23095271737156670     
 mdl_AxialWpUxD =  -0.23095271737156670     
 mdl_I2x13 =  (  7.9699418879263656E-003,  3.1310485988282153E-003)
 mdl_I2x23 =  ( -4.0754375057150453E-002, -0.0000000000000000     )
 mdl_I2x33 =  ( 0.99366614581500623     ,  0.0000000000000000     )
 mdl_I3x31 =  (  7.9699418879263656E-003, -3.1310485988282153E-003)
 mdl_I3x32 =  ( -4.0754375057150453E-002,  0.0000000000000000     )
 mdl_I3x33 =  ( 0.99366614581500623     ,  0.0000000000000000     )
 mdl_Vector_tdGp =  ( -7.9699418879263656E-003, -3.1310485988282153E-003)
 mdl_Vector_tsGp =  (  4.0754375057150453E-002,  0.0000000000000000     )
 mdl_Vector_tbGp =  (-0.99366614581500623     ,  0.0000000000000000     )
 mdl_Axial_tdGp =  ( -7.9699418879263656E-003, -3.1310485988282153E-003)
 mdl_Axial_tsGp =  (  4.0754375057150453E-002,  0.0000000000000000     )
 mdl_Axial_tbGp =  (-0.99366614581500623     , -0.0000000000000000     )
 mdl_Vector_tdGm =  (  7.9699418879263656E-003, -3.1310485988282153E-003)
 mdl_Vector_tsGm =  ( -4.0754375057150453E-002,  0.0000000000000000     )
 mdl_Vector_tbGm =  ( 0.99366614581500623     ,  0.0000000000000000     )
 mdl_Axial_tdGm =  ( -7.9699418879263656E-003,  3.1310485988282153E-003)
 mdl_Axial_tsGm =  (  4.0754375057150453E-002, -0.0000000000000000     )
 mdl_Axial_tbGm =  (-0.99366614581500623     ,  0.0000000000000000     )
 mdl_gw__exp__2 =   0.42671326129048615     
 mdl_cw__exp__2 =   0.77775351421422245     
 mdl_ee__exp__2 =    9.4835522759998875E-002
 mdl_sw__exp__2 =   0.22224648578577769     
 mdl_yt__exp__2 =   0.98737240933884918     
  Internal Params evaluated point by point
  ----------------------------------------
  
 mdl_sqrt__aS =   0.34351128074635334     
 mdl_G__exp__4 =    2.1987899468922913     
 mdl_G__exp__2 =    1.4828317324943823     
 mdl_R2MixedFactor_FIN_ =   -2.5040377713124864E-002
 mdl_G_UVg_1EPS_ =   -5.1645779033320030E-002
 mdl_G_UVq_1EPS_ =    3.1300472141406080E-003
 mdl_G_UVb_1EPS_ =    3.1300472141406080E-003
 mdl_GWcft_UV_t_1EPS_ =   -3.1300472141406080E-003
 mdl_tWcft_UV_1EPS_ =   -1.8780283284843650E-002
 mdl_G__exp__3 =    1.8056676068262196     
 mdl_MU_R__exp__2 =    8315.2513440000002     
 mdl_G_UVt_FIN_ =   -4.0087659331150384E-003
 mdl_GWcft_UV_t_FIN_ =    4.0087659331150384E-003
 mdl_tWcft_UV_FIN_ =   -9.8778211443463623E-004
  Couplings of loop_sm-ckm_no_b_mass
  ---------------------------------
  
       UV_3Gt =   0.48815E-02   0.00000E+00
      UV_GQQt =   0.00000E+00  -0.48815E-02
   UVWfct_G_2 =   0.40088E-02   0.00000E+00
       R2_DDA =   0.00000E+00   0.25704E-02
       R2_UUA =  -0.00000E+00  -0.51409E-02
    R2_DDZ_V2 =   0.00000E+00   0.72127E-02
    R2_UUZ_V2 =  -0.00000E+00  -0.72127E-02
    R2_UUZ_V5 =   0.00000E+00   0.68702E-03
      R2_GGHt =   0.00000E+00  -0.45657E+01
     R2_GGZup =  -0.46369E-02   0.00000E+00
   R2_GGZdown =   0.46369E-02   0.00000E+00
 R2_GGGZvecUp =   0.00000E+00   0.28750E-03
 R2_GGGZvecDown  -0.00000E+00  -0.49665E-03
 R2_GGGZaxialUp  -0.00000E+00  -0.63522E-02
 R2_GGGZaxialDow  0.00000E+00   0.63522E-02
 R2_GGGAvecUp =   0.00000E+00   0.78251E-03
 R2_GGGAvecDown  -0.00000E+00  -0.39126E-03
         GC_4 =  -0.12177E+01   0.00000E+00
         GC_5 =   0.00000E+00   0.12177E+01
         GC_6 =   0.00000E+00   0.14828E+01
       R2_3Gq =   0.76230E-02   0.00000E+00
       R2_3Gg =   0.31445E-01   0.00000E+00
       R2_GQQ =  -0.00000E+00  -0.30492E-01
       R2_GGq =   0.00000E+00   0.62601E-02
       R2_GGt =  -0.00000E+00  -0.11242E+04
     R2_GGg_1 =   0.00000E+00   0.28170E-01
     R2_GGg_2 =  -0.00000E+00  -0.18780E-01
       R2_QQq =   0.00000E+00   0.12520E-01
  UV_3Gg_1eps =   0.62890E-01   0.00000E+00
  UV_3Gb_1eps =  -0.38115E-02   0.00000E+00
 UV_GQQg_1eps =   0.00000E+00  -0.62890E-01
 UV_GQQq_1eps =   0.00000E+00   0.38115E-02
 UVWfct_G_2_1eps -0.31300E-02   0.00000E+00
         GC_1 =  -0.00000E+00  -0.10265E+00
         GC_2 =   0.00000E+00   0.20530E+00
        GC_21 =  -0.00000E+00  -0.28804E+00
        GC_22 =   0.00000E+00   0.28804E+00
        GC_23 =  -0.00000E+00  -0.27437E-01
        GC_24 =   0.00000E+00   0.82310E-01
        GC_37 =  -0.00000E+00  -0.70263E+00
        GC_38 =  -0.00000E+00  -0.72172E-02
      GC_1003 =  -0.00000E+00  -0.30795E+00

 Collider parameters:
 --------------------

 Running at P P   machine @    13000.000000000000       GeV
 PDF set = lhapdf 
 alpha_s(Mz)= 0.1180 running at 3 loops.
 alpha_s(Mz)= 0.1180 running at 3 loops.
 Renormalization scale set on event-by-event basis
 Factorization   scale set on event-by-event basis


 ===============================================================
 INFO: MadFKS read these parameters from FKS_params.dat
 ===============================================================
  > IRPoleCheckThreshold      =    1.0000000000000001E-005
  > PrecisionVirtualAtRunTime =    1.0000000000000000E-003
  > NHelForMCoverHels         =            4
  > VirtualFraction           =    1.0000000000000000     
  > MinVirtualFraction        =    5.0000000000000001E-003
 ===============================================================
  Insert the number of points to test
 Insert the relative tolerance
  A negative number will mean use the default one:    1.0000000000000001E-005
Using random seed offsets:     0 ,     15 ,      0
  with seed                   32
 Ranmar initialization seeds       10729        9421
  ========================================================================================== 
 {                                                                                          }
 {       [32m                                                                            [0m       }
 {       [32m                               ,,                                           [0m       }
 {       [32m`7MMM.     ,MMF'             `7MM  `7MMF'                                   [0m       }
 {       [32m  MMMb    dPMM                 MM    MM                                     [0m       }
 {       [32m  M YM   ,M MM   ,6"Yb.   ,M""bMM    MM         ,pW"Wq.   ,pW"Wq.`7MMpdMAo. [0m       }
 {       [32m  M  Mb  M' MM  8)   MM ,AP    MM    MM        6W'   `Wb 6W'   `Wb MM   `Wb [0m       }
 {       [32m  M  YM.P'  MM   ,pm9MM 8MI    MM    MM      , 8M     M8 8M     M8 MM    M8 [0m       }
 {       [32m  M  `YM'   MM  8M   MM `Mb    MM    MM     ,M YA.   ,A9 YA.   ,A9 MM   ,AP [0m       }
 {       [32m.JML. `'  .JMML.`Moo9^Yo.`Wbmd"MML..JMMmmmmMMM  `Ybmd9'   `Ybmd9'  MMbmmd'  [0m       }
 {       [32m                                                                   MM       [0m       }
 {       [32m                                                                 .JMML.     [0m       }
 {       [32m[0mv2.4.2 (2016-06-10), Ref: arXiv:1103.0621v2, arXiv:1405.0301[32m                [0m       }
 {       [32m                                                                            [0m       }
 {                                                                                          }
  ========================================================================================== 
 ===============================================================
 INFO: MadLoop read these parameters from ./MadLoop5_resources/MadLoopParams.dat                                                                                                                                                                                                                                                                                                                                                                                                                                                                                          
 ===============================================================
  > MLReductionLib            = 6|1|2
  > IREGIMODE                 =            2
  > IREGIRECY                 =  T
  > CTModeRun                 =           -1
  > MLStabThres               =    1.0000000000000000E-003
  > NRotations_DP             =            1
  > NRotations_QP             =            0
  > CTStabThres               =    1.0000000000000000E-002
  > CTLoopLibrary             =            2
  > CTModeInit                =            1
  > CheckCycle                =            3
  > MaxAttempts               =           10
  > UseLoopFilter             =  F
  > HelicityFilterLevel       =            2
  > ImprovePSPoint            =            2
  > DoubleCheckHelicityFilter =  T
  > LoopInitStartOver         =  F
  > HelInitStartOver          =  F
  > ZeroThres                 =    1.0000000000000001E-009
  > OSThres                   =    1.0000000000000000E-008
  > WriteOutFilters           =  T
  > UseQPIntegrandForNinja    =  F
  > UseQPIntegrandForCutTools =  T
 ===============================================================
  
------------------------------------------------------------------------
|              You are using CutTools - Version 1.9.3                  |
|              Authors: G. Ossola, C. Papadopoulos, R. Pittau          |
|              Published in JHEP 0803:042,2008                         |
|              http://www.ugr.es/~pittau/CutTools                      |
|                                                                      |
|              Compiler with  34  significant digits detetected        |
 ---------------------------------------------------------------------- 
   
########################################################################
#                                                                      #
#                      You are using OneLOop-3.6                       #
#                                                                      #
# for the evaluation of 1-loop scalar 1-, 2-, 3- and 4-point functions #
#                                                                      #
# author: Andreas van Hameren <hamerenREMOVETHIS@ifj.edu.pl>           #
#   date: 18-02-2015                                                   #
#                                                                      #
# Please cite                                                          #
#    A. van Hameren,                                                   #
#      Comput.Phys.Commun. 182 (2011) 2427-2438, arXiv:1007.4716       #
#    A. van Hameren, C.G. Papadopoulos and R. Pittau,                  #
#      JHEP 0909:106,2009, arXiv:0903.4665                             #
# in publications with results obtained with the help of this program. #
#                                                                      #
########################################################################
 PASSED   1.0000000000000001E-005
 MU_R    =    325.00000000000000     
 ALPHA_S =   0.11799999999999999     
 BORN                    2.2064273442209537E-008
 SINGLE POLE (MadFKS)   -8.7101353045203741E-011
 DOUBLE POLE (MadFKS)   -2.3481153990740351E-009
 SINGLE POLE (MadLoop)  -8.7101353044972531E-011
 DOUBLE POLE (MadLoop)  -2.3481153990740273E-009
 FINITE PART (MadLoop)   2.0785690338173701E-009
   325.00000000000000        0.0000000000000000        0.0000000000000000        325.00000000000000        0.0000000000000000     
   325.00000000000000        0.0000000000000000        0.0000000000000000       -325.00000000000000        0.0000000000000000     
   194.13905786787257       -81.131828847388093       -57.091819902822003        166.87757260305244        0.0000000000000000     
   221.44408000962002        198.49288602534995        92.484312123967328        32.934886967941097        0.0000000000000000     
   234.41686212250727       -117.36105717796183       -35.392492221145353       -199.81245957099352        0.0000000000000000     

 PASSED   1.0000000000000001E-005
 MU_R    =    325.00000000000000     
 ALPHA_S =   0.11799999999999999     
 BORN                    3.4430607733994306E-008
 SINGLE POLE (MadFKS)   -1.9542419113554522E-009
 DOUBLE POLE (MadFKS)   -3.6641605458445362E-009
 SINGLE POLE (MadLoop)  -1.9542419113554278E-009
 DOUBLE POLE (MadLoop)  -3.6641605458445437E-009
 FINITE PART (MadLoop)   5.2612121114269043E-009
   325.00000000000000        0.0000000000000000        0.0000000000000000        325.00000000000000        0.0000000000000000     
   325.00000000000000        0.0000000000000000        0.0000000000000000       -325.00000000000000        0.0000000000000000     
   223.76855225576247       -63.430345283033532        206.75762222128290       -57.447732151202274        0.0000000000000000     
   312.20989108363642        149.76573273456114       -245.85028681800955        120.84236782039076        0.0000000000000000     
   114.02155666060123       -86.335387451527609        39.092664596726593       -63.394635669188439        0.0000000000000000     

 PASSED   1.0000000000000001E-005
 MU_R    =    325.00000000000000     
 ALPHA_S =   0.11799999999999999     
 BORN                    4.0850495013712849E-008
 SINGLE POLE (MadFKS)   -6.9207312712989561E-010
 DOUBLE POLE (MadFKS)   -4.3473752558738481E-009
 SINGLE POLE (MadLoop)  -6.9207312712984897E-010
 DOUBLE POLE (MadLoop)  -4.3473752558739291E-009
 FINITE PART (MadLoop)   5.2520652837658416E-009
   325.00000000000000        0.0000000000000000        0.0000000000000000        325.00000000000000        0.0000000000000000     
   325.00000000000000        0.0000000000000000        0.0000000000000000       -325.00000000000000        0.0000000000000000     
   121.59180596685243       -16.239146714411241        47.243174962431027        110.85549067023086        0.0000000000000000     
   255.62161047611667       -188.41137277237752       -171.61861539632906        19.763936902310444        0.0000000000000000     
   272.78658355703084        204.65051948678874        124.37544043389802       -130.61942757254127        0.0000000000000000     

 PASSED   1.0000000000000001E-005
 MU_R    =    325.00000000000000     
 ALPHA_S =   0.11799999999999999     
 BORN                    1.6217948910353018E-005
 SINGLE POLE (MadFKS)   -8.1464285284471103E-007
 DOUBLE POLE (MadFKS)   -1.7259401574014559E-006
 SINGLE POLE (MadLoop)  -8.1464285284453951E-007
 DOUBLE POLE (MadLoop)  -1.7259401574006705E-006
 FINITE PART (MadLoop)   1.5083194747217550E-006
   325.00000000000000        0.0000000000000000        0.0000000000000000        325.00000000000000        0.0000000000000000     
   325.00000000000000        0.0000000000000000        0.0000000000000000       -325.00000000000000        0.0000000000000000     
   215.11190952786492       -208.92828354587223       -20.795143925133836       -46.793887896101737        0.0000000000000000     
   109.96429395112607       -106.36410160948488       -4.5184373831081368       -27.539200362243115        0.0000000000000000     
   324.92379652100891        315.29238515535718        25.313581308241965        74.333088258344844        0.0000000000000000     

 PASSED   1.0000000000000001E-005
 MU_R    =    325.00000000000000     
 ALPHA_S =   0.11799999999999999     
 BORN                    4.3243406138759980E-008
 SINGLE POLE (MadFKS)   -2.4403219362567092E-009
 DOUBLE POLE (MadFKS)   -4.6020326990956030E-009
 SINGLE POLE (MadLoop)  -2.4403219362568341E-009
 DOUBLE POLE (MadLoop)  -4.6020326990956038E-009
 FINITE PART (MadLoop)   4.8169605893142675E-009
   325.00000000000000        0.0000000000000000        0.0000000000000000        325.00000000000000        0.0000000000000000     
   325.00000000000000        0.0000000000000000        0.0000000000000000       -325.00000000000000        0.0000000000000000     
   252.87744714103923       -177.90449729995012        116.73504958377849       -136.63792047485904        0.0000000000000000     
   222.68902868742822        142.30805112080833        51.946306460694245        163.21888165601203        0.0000000000000000     
   174.43352417153267        35.596446179141857       -168.68135604447272       -26.580961181152993        0.0000000000000000     

 PASSED   1.0000000000000001E-005
 MU_R    =    325.00000000000000     
 ALPHA_S =   0.11799999999999999     
 BORN                    5.7093554094408702E-008
 SINGLE POLE (MadFKS)   -4.7667293506742990E-009
 DOUBLE POLE (MadFKS)   -6.0759876779120620E-009
 SINGLE POLE (MadLoop)  -4.7667293506743114E-009
 DOUBLE POLE (MadLoop)  -6.0759876779121025E-009
 FINITE PART (MadLoop)   7.4541547335238929E-009
   325.00000000000000        0.0000000000000000        0.0000000000000000        325.00000000000000        0.0000000000000000     
   325.00000000000000        0.0000000000000000        0.0000000000000000       -325.00000000000000        0.0000000000000000     
   303.75540781318017       -264.00967678092763       -71.251696635267564       -132.24762405569786        0.0000000000000000     
   170.69096181561409        140.11743055494208       -44.498443022177597        86.731762744811675        0.0000000000000000     
   175.55363037120640        123.89224622598549        115.75013965744527        45.515861310886187        0.0000000000000000     

 PASSED   1.0000000000000001E-005
 MU_R    =    325.00000000000000     
 ALPHA_S =   0.11799999999999999     
 BORN                    4.0014164988805749E-007
 SINGLE POLE (MadFKS)   -8.0944434472900307E-008
 DOUBLE POLE (MadFKS)   -4.2583716720787194E-008
 SINGLE POLE (MadLoop)  -8.0944434472900400E-008
 DOUBLE POLE (MadLoop)  -4.2583716720787380E-008
 FINITE PART (MadLoop)   2.1044559842457079E-008
   325.00000000000000        0.0000000000000000        0.0000000000000000        325.00000000000000        0.0000000000000000     
   325.00000000000000        0.0000000000000000        0.0000000000000000       -325.00000000000000        0.0000000000000000     
   291.27715549839809       -71.961833430265415        146.45425369565766       -241.27790495410190        0.0000000000000000     
   188.75271978275296        131.07672885153249       -103.64156975152116        87.777590525195379        0.0000000000000000     
   169.97012471884889       -59.114895421267065       -42.812683944136516        153.50031442890653        0.0000000000000000     

 PASSED   1.0000000000000001E-005
 MU_R    =    325.00000000000000     
 ALPHA_S =   0.11799999999999999     
 BORN                    1.1181557020856815E-005
 SINGLE POLE (MadFKS)   -2.2906193892785842E-007
 DOUBLE POLE (MadFKS)   -1.1899592476981658E-006
 SINGLE POLE (MadLoop)  -2.2906193892781906E-007
 DOUBLE POLE (MadLoop)  -1.1899592476980146E-006
 FINITE PART (MadLoop)   1.1066956213700082E-006
   325.00000000000000        0.0000000000000000        0.0000000000000000        325.00000000000000        0.0000000000000000     
   325.00000000000000        0.0000000000000000        0.0000000000000000       -325.00000000000000        0.0000000000000000     
   25.424487721821897        13.474382179463763       -12.137224916089137        17.819466101291777        0.0000000000000000     
   307.18965516729713        260.46656269921948        149.22142882263185        65.235106634302255        0.0000000000000000     
   317.38585711088092       -273.94094487868341       -137.08420390654271       -83.054572735594164        0.0000000000000000     

 PASSED   1.0000000000000001E-005
 MU_R    =    325.00000000000000     
 ALPHA_S =   0.11799999999999999     
 BORN                    3.8056001411440640E-008
 SINGLE POLE (MadFKS)   -4.8464067524993459E-009
 DOUBLE POLE (MadFKS)   -4.0499807607731684E-009
 SINGLE POLE (MadLoop)  -4.8464067524993269E-009
 DOUBLE POLE (MadLoop)  -4.0499807607731634E-009
 FINITE PART (MadLoop)   3.8334520637527798E-009
   325.00000000000000        0.0000000000000000        0.0000000000000000        325.00000000000000        0.0000000000000000     
   325.00000000000000        0.0000000000000000        0.0000000000000000       -325.00000000000000        0.0000000000000000     
   252.03551176500642        176.99414198915886        165.56390790333202        69.163323314797140        0.0000000000000000     
   224.11664930015800       -123.75579280796124       -44.100602163503090       -181.57068356102928        0.0000000000000000     
   173.84783893483541       -53.238349181197684       -121.46330573982893        112.40736024623212        0.0000000000000000     

 PASSED   1.0000000000000001E-005
 MU_R    =    325.00000000000000     
 ALPHA_S =   0.11799999999999999     
 BORN                    5.9263074632456344E-008
 SINGLE POLE (MadFKS)   -2.9522648257894618E-009
 DOUBLE POLE (MadFKS)   -6.3068715362607156E-009
 SINGLE POLE (MadLoop)  -2.9522648257895648E-009
 DOUBLE POLE (MadLoop)  -6.3068715362606800E-009
 FINITE PART (MadLoop)   7.8166827464361556E-009
   325.00000000000000        0.0000000000000000        0.0000000000000000        325.00000000000000        0.0000000000000000     
   325.00000000000000        0.0000000000000000        0.0000000000000000       -325.00000000000000        0.0000000000000000     
   157.12478203269484       -19.018443675652264        36.480300336695805       -151.64327751774024        0.0000000000000000     
   275.37447328596028       -179.32249764410983       -124.21804039058483        168.06076525388460        0.0000000000000000     
   217.50074468134486        198.34094131976212        87.737740053889013       -16.417487736144352        0.0000000000000000     

 PASSED   1.0000000000000001E-005
 MU_R    =    325.00000000000000     
 ALPHA_S =   0.11799999999999999     
 BORN                    6.2864950429189746E-008
 SINGLE POLE (MadFKS)   -4.1886862385842975E-010
 DOUBLE POLE (MadFKS)   -6.6901889405710746E-009
 SINGLE POLE (MadLoop)  -4.1886862385837531E-010
 DOUBLE POLE (MadLoop)  -6.6901889405710614E-009
 FINITE PART (MadLoop)   5.7630520947564857E-009
   325.00000000000000        0.0000000000000000        0.0000000000000000        325.00000000000000        0.0000000000000000     
   325.00000000000000        0.0000000000000000        0.0000000000000000       -325.00000000000000        0.0000000000000000     
   111.18084549101033        17.416481868115838        71.206648886185931        83.591026538935068        0.0000000000000000     
   258.08678477330159       -229.73750186299677       -62.135189585421941        99.843311881936998        0.0000000000000000     
   280.73236973568800        212.32101999488091       -9.0714593007640083       -183.43433842087205        0.0000000000000000     

 PASSED   1.0000000000000001E-005
 MU_R    =    325.00000000000000     
 ALPHA_S =   0.11799999999999999     
 BORN                    2.6528792856900602E-008
 SINGLE POLE (MadFKS)   -2.3504565204819725E-009
 DOUBLE POLE (MadFKS)   -2.8232367219926695E-009
 SINGLE POLE (MadLoop)  -2.3504565204819113E-009
 DOUBLE POLE (MadLoop)  -2.8232367219926700E-009
 FINITE PART (MadLoop)   4.2298221487019245E-009
   325.00000000000000        0.0000000000000000        0.0000000000000000        325.00000000000000        0.0000000000000000     
   325.00000000000000        0.0000000000000000        0.0000000000000000       -325.00000000000000        0.0000000000000000     
   177.18749092664945        141.14841869615645       -104.66509545562738        22.754090483260345        0.0000000000000000     
   322.05119907464774       -219.00210945913722        229.12327308143628       -57.075183839529110        0.0000000000000000     
   150.76130999870276        77.853690762980719       -124.45817762580894        34.321093356268761        0.0000000000000000     

 PASSED   1.0000000000000001E-005
 MU_R    =    325.00000000000000     
 ALPHA_S =   0.11799999999999999     
 BORN                    2.8896216945517007E-008
 SINGLE POLE (MadFKS)   -3.1263175435838639E-010
 DOUBLE POLE (MadFKS)   -3.0751817938836167E-009
 SINGLE POLE (MadLoop)  -3.1263175435872269E-010
 DOUBLE POLE (MadLoop)  -3.0751817938836234E-009
 FINITE PART (MadLoop)   2.1576749444670608E-009
   325.00000000000000        0.0000000000000000        0.0000000000000000        325.00000000000000        0.0000000000000000     
   325.00000000000000        0.0000000000000000        0.0000000000000000       -325.00000000000000        0.0000000000000000     
   228.48251725527703        195.15952059183465       -75.373657190300037        91.846796435326709        0.0000000000000000     
   190.92192993392464       -157.01875574531064       -70.153734652926701        82.914095231966996        0.0000000000000000     
   230.59555281079815       -38.140764846524100        145.52739184322687       -174.76089166729369        0.0000000000000000     

 PASSED   1.0000000000000001E-005
 MU_R    =    325.00000000000000     
 ALPHA_S =   0.11799999999999999     
 BORN                    9.2688614861303765E-008
 SINGLE POLE (MadFKS)   -6.7041574387012784E-009
 DOUBLE POLE (MadFKS)   -9.8640711847919695E-009
 SINGLE POLE (MadLoop)  -6.7041574387013214E-009
 DOUBLE POLE (MadLoop)  -9.8640711847919745E-009
 FINITE PART (MadLoop)   1.0324441938064104E-008
   325.00000000000000        0.0000000000000000        0.0000000000000000        325.00000000000000        0.0000000000000000     
   325.00000000000000        0.0000000000000000        0.0000000000000000       -325.00000000000000        0.0000000000000000     
   217.35041363142335        61.729588356024223       -63.140592836467931       -198.60494899021523        0.0000000000000000     
   187.99154632255022        126.01058600552334       -72.243662183609800        119.34406972107422        0.0000000000000000     
   244.65804004602637       -187.74017436154756        135.38425502007775        79.260879269140958        0.0000000000000000     

 PASSED   1.0000000000000001E-005
 MU_R    =    325.00000000000000     
 ALPHA_S =   0.11799999999999999     
 BORN                    1.1698650529374960E-007
 SINGLE POLE (MadFKS)   -1.5418167228099808E-008
 DOUBLE POLE (MadFKS)   -1.2449891689549379E-008
 SINGLE POLE (MadLoop)  -1.5418167228099825E-008
 DOUBLE POLE (MadLoop)  -1.2449891689549353E-008
 FINITE PART (MadLoop)   1.4421394152874452E-008
   325.00000000000000        0.0000000000000000        0.0000000000000000        325.00000000000000        0.0000000000000000     
   325.00000000000000        0.0000000000000000        0.0000000000000000       -325.00000000000000        0.0000000000000000     
   276.33074933718888        261.14920223601899       -28.760017395021276       -85.630827394001571        0.0000000000000000     
   165.43359700905017       -127.49786586786355        83.463883060941214       -64.392153581648486        0.0000000000000000     
   208.23565365376095       -133.65133636815537       -54.703865665919956        150.02298097565000        0.0000000000000000     

 PASSED   1.0000000000000001E-005
 MU_R    =    325.00000000000000     
 ALPHA_S =   0.11799999999999999     
 BORN                    1.9550486763847149E-007
 SINGLE POLE (MadFKS)    1.0661840095181503E-009
 DOUBLE POLE (MadFKS)   -2.0805941854292684E-008
 SINGLE POLE (MadLoop)   1.0661840095181309E-009
 DOUBLE POLE (MadLoop)  -2.0805941854292538E-008
Thanks for using LHAPDF 6.2.1. Please make sure to cite the paper:
  Eur.Phys.J. C75 (2015) 3, 132  (http://arxiv.org/abs/1412.7420)
 FINITE PART (MadLoop)   3.3811777707716479E-008
   325.00000000000000        0.0000000000000000        0.0000000000000000        325.00000000000000        0.0000000000000000     
   325.00000000000000        0.0000000000000000        0.0000000000000000       -325.00000000000000        0.0000000000000000     
   263.90759159251485        53.594319702194177        101.86753301760636        237.48236042436386        0.0000000000000000     
   85.145141142080277        84.323345598534587        10.586317360318780        5.2152020019828322        0.0000000000000000     
   300.94726726540495       -137.91766530072877       -112.45385037792502       -242.69756242634676        0.0000000000000000     

 PASSED   1.0000000000000001E-005
 MU_R    =    325.00000000000000     
 ALPHA_S =   0.11799999999999999     
 BORN                    1.3172736682627411E-007
 SINGLE POLE (MadFKS)   -6.6395991344348041E-009
 DOUBLE POLE (MadFKS)   -1.4018637837062347E-008
 SINGLE POLE (MadLoop)  -6.6395991344347015E-009
 DOUBLE POLE (MadLoop)  -1.4018637837062345E-008
 FINITE PART (MadLoop)   2.2055966553778420E-008
   325.00000000000000        0.0000000000000000        0.0000000000000000        325.00000000000000        0.0000000000000000     
   325.00000000000000        0.0000000000000000        0.0000000000000000       -325.00000000000000        0.0000000000000000     
   178.54428630628868        129.73510197043933       -105.57096572867012        62.463082572489618        0.0000000000000000     
   175.67040626844252        133.58768643832846       -19.557686214685468       -112.39180833362541        0.0000000000000000     
   295.78530742526891       -263.32278840876774        125.12865194335556        49.928725761135794        0.0000000000000000     

 PASSED   1.0000000000000001E-005
 MU_R    =    325.00000000000000     
 ALPHA_S =   0.11799999999999999     
 BORN                    1.1302896024745510E-003
 SINGLE POLE (MadFKS)   -1.3562234412935621E-004
 DOUBLE POLE (MadFKS)   -1.2028723392751716E-004
 SINGLE POLE (MadLoop)  -1.3562234412936439E-004
 DOUBLE POLE (MadLoop)  -1.2028723392752563E-004
 FINITE PART (MadLoop)   7.4344055176416108E-005
   325.00000000000000        0.0000000000000000        0.0000000000000000        325.00000000000000        0.0000000000000000     
   325.00000000000000        0.0000000000000000        0.0000000000000000       -325.00000000000000        0.0000000000000000     
   136.12841585161092        42.731234578736597        106.26555510422018       -73.570503546177079        0.0000000000000000     
   195.22860141772239       -6.6342005176833228        96.449567118143875       -169.61036288426999        0.0000000000000000     
   318.64298273066629       -36.097034061053229       -202.71512222236419        243.18086643044708        0.0000000000000000     

 PASSED   1.0000000000000001E-005
 MU_R    =    325.00000000000000     
 ALPHA_S =   0.11799999999999999     
 BORN                    7.9714908862760370E-008
 SINGLE POLE (MadFKS)   -1.1409657980225170E-008
 DOUBLE POLE (MadFKS)   -8.4833885659860888E-009
 SINGLE POLE (MadLoop)  -1.1409657980224945E-008
 DOUBLE POLE (MadLoop)  -8.4833885659859283E-009
 FINITE PART (MadLoop)   1.2760361777923627E-008
   325.00000000000000        0.0000000000000000        0.0000000000000000        325.00000000000000        0.0000000000000000     
   325.00000000000000        0.0000000000000000        0.0000000000000000       -325.00000000000000        0.0000000000000000     
   247.19402281807353        217.56102395054455       -2.4655714620908507       -117.32862707770072        0.0000000000000000     
   246.85321133431700       -219.29404774733808        113.09938900479159        7.4267607606663377        0.0000000000000000     
   155.95276584760867        1.7330237967928812       -110.63381754269973        109.90186631703504        0.0000000000000000     

 PASSED   1.0000000000000001E-005
 MU_R    =    325.00000000000000     
 ALPHA_S =   0.11799999999999999     
 BORN                    5.7595143439790706E-008
 SINGLE POLE (MadFKS)   -5.2378737497038548E-010
 DOUBLE POLE (MadFKS)   -6.1293676212393507E-009
 SINGLE POLE (MadLoop)  -5.2378737497031859E-010
 DOUBLE POLE (MadLoop)  -6.1293676212393242E-009
 FINITE PART (MadLoop)   5.4141254803802850E-009
   325.00000000000000        0.0000000000000000        0.0000000000000000        325.00000000000000        0.0000000000000000     
   325.00000000000000        0.0000000000000000        0.0000000000000000       -325.00000000000000        0.0000000000000000     
   130.81549788214969       -68.824080822040855       -110.29697586581891       -14.509221206214477        0.0000000000000000     
   262.52085500212581       -114.37288578488315        137.44347695606174        192.21168786136252        0.0000000000000000     
   256.66364711572407        183.19696660692401       -27.146501090242769       -177.70246665514796        0.0000000000000000     

 NUMBER OF POINTS PASSING THE CHECK          20
 NUMBER OF POINTS FAILING THE CHECK           0
 TOLERANCE    1.0000000000000001E-005
