==== LHAPDF6 USING DEFAULT-TYPE LHAGLUE INTERFACE ====
LHAPDF 6.2.1 loading /cvmfs/cms.cern.ch/slc6_amd64_gcc481/external/lhapdf/6.2.1/share/LHAPDF/NNPDF31_nnlo_hessian_pdfas/NNPDF31_nnlo_hessian_pdfas_0000.dat
NNPDF31_nnlo_hessian_pdfas PDF set, member #0, version 1; LHAPDF ID = 306000
 A PDF is used, so alpha_s(MZ) is going to be modified
 Old value of alpha_s from param_card:   0.11799999999999999     
 New value of alpha_s from PDF lhapdf :  0.11800208008122040     
 using LHAPDF
 *****************************************************
 *               MadGraph/MadEvent                   *
 *        --------------------------------           *
 *          http://madgraph.hep.uiuc.edu             *
 *          http://madgraph.phys.ucl.ac.be           *
 *          http://madgraph.roma2.infn.it            *
 *        --------------------------------           *
 *                                                   *
 *          PARAMETER AND COUPLING VALUES            *
 *                                                   *
 *****************************************************

  External Params
  ---------------------------------
  
 MU_R =    91.188000000000002     
 aEWM1 =    132.50700000000001     
 mdl_Gf =    1.1663900000000000E-005
 aS =   0.11799999999999999     
 mdl_lamWS =   0.22530000000000000     
 mdl_AWS =   0.80800000000000005     
 mdl_rhoWS =   0.13200000000000001     
 mdl_etaWS =   0.34100000000000003     
 mdl_ymt =    173.00000000000000     
 mdl_ymtau =    1.7769999999999999     
 mdl_MT =    173.00000000000000     
 mdl_MZ =    91.188000000000002     
 mdl_MH =    125.00000000000000     
 mdl_MTA =    1.7769999999999999     
 mdl_WT =    1.4915000000000000     
 mdl_WZ =    2.4414039999999999     
 mdl_WW =    2.0476000000000001     
 mdl_WH =    6.3823389999999999E-003
  Internal Params
  ---------------------------------
  
 mdl_CKM33 =    1.0000000000000000     
 mdl_conjg__CKM3x3 =    1.0000000000000000     
 mdl_I4x33 =    0.0000000000000000     
 mdl_I1x33 =    0.0000000000000000     
 mdl_lhv =    1.0000000000000000     
 mdl_CKM3x3 =    1.0000000000000000     
 mdl_conjg__CKM33 =    1.0000000000000000     
 mdl_Ncol =    3.0000000000000000     
 mdl_CA =    3.0000000000000000     
 mdl_TF =   0.50000000000000000     
 mdl_CF =    1.3333333333333333     
 mdl_lamWS__exp__2 =    5.0760090000000001E-002
 mdl_CKM11 =  ( 0.97461995499999998     ,  0.0000000000000000     )
 mdl_CKM12 =  ( 0.22530000000000000     ,  0.0000000000000000     )
 mdl_complexi =  (  0.0000000000000000     ,  1.0000000000000000     )
 mdl_lamWS__exp__3 =    1.1436248277000001E-002
 mdl_CKM13 =  (  1.2197444962317122E-003, -3.1510066152652563E-003)
 mdl_CKM21 =  (-0.22530000000000000     ,  0.0000000000000000     )
 mdl_CKM22 =  ( 0.97461995499999998     ,  0.0000000000000000     )
 mdl_CKM23 =  (  4.1014152720000002E-002,  0.0000000000000000     )
 mdl_CKM31 =  (  8.0207441115842885E-003, -3.1510066152652563E-003)
 mdl_CKM32 =  ( -4.1014152720000002E-002,  0.0000000000000000     )
 mdl_MZ__exp__2 =    8315.2513440000002     
 mdl_MZ__exp__4 =    69143404.913893804     
 mdl_sqrt__2 =    1.4142135623730951     
 mdl_MH__exp__2 =    15625.000000000000     
 mdl_CKM1x1 =  ( 0.97461995499999998     ,  0.0000000000000000     )
 mdl_CKM1x2 =  ( 0.22530000000000000     ,  0.0000000000000000     )
 mdl_CKM1x3 =  (  1.2197444962317122E-003, -3.1510066152652563E-003)
 mdl_CKM2x1 =  (-0.22530000000000000     ,  0.0000000000000000     )
 mdl_CKM2x2 =  ( 0.97461995499999998     ,  0.0000000000000000     )
 mdl_CKM2x3 =  (  4.1014152720000002E-002,  0.0000000000000000     )
 mdl_CKM3x1 =  (  8.0207441115842885E-003, -3.1510066152652563E-003)
 mdl_CKM3x2 =  ( -4.1014152720000002E-002,  0.0000000000000000     )
 mdl_conjg__CKM1x3 =  (  1.2197444962317122E-003,  3.1510066152652563E-003)
 mdl_conjg__CKM2x3 =  (  4.1014152720000002E-002, -0.0000000000000000     )
 mdl_conjg__CKM2x1 =  (-0.22530000000000000     , -0.0000000000000000     )
 mdl_conjg__CKM3x1 =  (  8.0207441115842885E-003,  3.1510066152652563E-003)
 mdl_conjg__CKM2x2 =  ( 0.97461995499999998     , -0.0000000000000000     )
 mdl_conjg__CKM3x2 =  ( -4.1014152720000002E-002, -0.0000000000000000     )
 mdl_Ncol__exp__2 =    9.0000000000000000     
 mdl_MT__exp__2 =    29929.000000000000     
 mdl_conjg__CKM11 =  ( 0.97461995499999998     , -0.0000000000000000     )
 mdl_conjg__CKM12 =  ( 0.22530000000000000     , -0.0000000000000000     )
 mdl_conjg__CKM13 =  (  1.2197444962317122E-003,  3.1510066152652563E-003)
 mdl_conjg__CKM21 =  (-0.22530000000000000     , -0.0000000000000000     )
 mdl_conjg__CKM22 =  ( 0.97461995499999998     , -0.0000000000000000     )
 mdl_conjg__CKM23 =  (  4.1014152720000002E-002, -0.0000000000000000     )
 mdl_conjg__CKM31 =  (  8.0207441115842885E-003,  3.1510066152652563E-003)
 mdl_conjg__CKM32 =  ( -4.1014152720000002E-002, -0.0000000000000000     )
 mdl_aEW =    7.5467711139788835E-003
 mdl_MW =    80.419002445756163     
 mdl_sqrt__aEW =    8.6872153846781555E-002
 mdl_ee =   0.30795376724436879     
 mdl_MW__exp__2 =    6467.2159543705357     
 mdl_sw2 =   0.22224648578577766     
 mdl_cw =   0.88190334743339216     
 mdl_sqrt__sw2 =   0.47143025548407230     
 mdl_sw =   0.47143025548407230     
 mdl_g1 =   0.34919219678733299     
 mdl_gw =   0.65323293034757990     
 mdl_v =    246.21845810181637     
 mdl_v__exp__2 =    60623.529110035903     
 mdl_lam =   0.12886910601690263     
 mdl_yt =   0.99366614581500623     
 mdl_ytau =    1.0206617000654717E-002
 mdl_muH =    88.388347648318430     
 mdl_AxialZUp =  -0.18517701861793787     
 mdl_AxialZDown =   0.18517701861793787     
 mdl_VectorZUp =    7.5430507588273299E-002
 mdl_VectorZDown =  -0.13030376310310560     
 mdl_VectorAUp =   0.20530251149624587     
 mdl_VectorADown =  -0.10265125574812294     
 mdl_VectorWmDxU =   0.23095271737156670     
 mdl_AxialWmDxU =  -0.23095271737156670     
 mdl_VectorWpUxD =   0.23095271737156670     
 mdl_AxialWpUxD =  -0.23095271737156670     
 mdl_I2x13 =  (  7.9699418879263656E-003,  3.1310485988282153E-003)
 mdl_I2x23 =  ( -4.0754375057150453E-002, -0.0000000000000000     )
 mdl_I2x33 =  ( 0.99366614581500623     ,  0.0000000000000000     )
 mdl_I3x31 =  (  7.9699418879263656E-003, -3.1310485988282153E-003)
 mdl_I3x32 =  ( -4.0754375057150453E-002,  0.0000000000000000     )
 mdl_I3x33 =  ( 0.99366614581500623     ,  0.0000000000000000     )
 mdl_Vector_tdGp =  ( -7.9699418879263656E-003, -3.1310485988282153E-003)
 mdl_Vector_tsGp =  (  4.0754375057150453E-002,  0.0000000000000000     )
 mdl_Vector_tbGp =  (-0.99366614581500623     ,  0.0000000000000000     )
 mdl_Axial_tdGp =  ( -7.9699418879263656E-003, -3.1310485988282153E-003)
 mdl_Axial_tsGp =  (  4.0754375057150453E-002,  0.0000000000000000     )
 mdl_Axial_tbGp =  (-0.99366614581500623     , -0.0000000000000000     )
 mdl_Vector_tdGm =  (  7.9699418879263656E-003, -3.1310485988282153E-003)
 mdl_Vector_tsGm =  ( -4.0754375057150453E-002,  0.0000000000000000     )
 mdl_Vector_tbGm =  ( 0.99366614581500623     ,  0.0000000000000000     )
 mdl_Axial_tdGm =  ( -7.9699418879263656E-003,  3.1310485988282153E-003)
 mdl_Axial_tsGm =  (  4.0754375057150453E-002, -0.0000000000000000     )
 mdl_Axial_tbGm =  (-0.99366614581500623     ,  0.0000000000000000     )
 mdl_gw__exp__2 =   0.42671326129048615     
 mdl_cw__exp__2 =   0.77775351421422245     
 mdl_ee__exp__2 =    9.4835522759998875E-002
 mdl_sw__exp__2 =   0.22224648578577769     
 mdl_yt__exp__2 =   0.98737240933884918     
  Internal Params evaluated point by point
  ----------------------------------------
  
 mdl_sqrt__aS =   0.34351128074635334     
 mdl_G__exp__4 =    2.1987899468922913     
 mdl_G__exp__2 =    1.4828317324943823     
 mdl_R2MixedFactor_FIN_ =   -2.5040377713124864E-002
 mdl_G_UVg_1EPS_ =   -5.1645779033320030E-002
 mdl_G_UVq_1EPS_ =    3.1300472141406080E-003
 mdl_G_UVb_1EPS_ =    3.1300472141406080E-003
 mdl_GWcft_UV_t_1EPS_ =   -3.1300472141406080E-003
 mdl_tWcft_UV_1EPS_ =   -1.8780283284843650E-002
 mdl_G__exp__3 =    1.8056676068262196     
 mdl_MU_R__exp__2 =    8315.2513440000002     
 mdl_G_UVt_FIN_ =   -4.0087659331150384E-003
 mdl_GWcft_UV_t_FIN_ =    4.0087659331150384E-003
 mdl_tWcft_UV_FIN_ =   -9.8778211443463623E-004
  Couplings of loop_sm-ckm_no_b_mass
  ---------------------------------
  
       UV_3Gt =   0.48815E-02   0.00000E+00
      UV_GQQt =   0.00000E+00  -0.48815E-02
   UVWfct_G_2 =   0.40088E-02   0.00000E+00
       R2_DDA =   0.00000E+00   0.25704E-02
       R2_UUA =  -0.00000E+00  -0.51409E-02
    R2_DDZ_V2 =   0.00000E+00   0.72127E-02
    R2_UUZ_V2 =  -0.00000E+00  -0.72127E-02
    R2_UUZ_V5 =   0.00000E+00   0.68702E-03
      R2_GGHt =   0.00000E+00  -0.45657E+01
     R2_GGZup =  -0.46369E-02   0.00000E+00
   R2_GGZdown =   0.46369E-02   0.00000E+00
 R2_GGGZvecUp =   0.00000E+00   0.28750E-03
 R2_GGGZvecDown  -0.00000E+00  -0.49665E-03
 R2_GGGZaxialUp  -0.00000E+00  -0.63522E-02
 R2_GGGZaxialDow  0.00000E+00   0.63522E-02
 R2_GGGAvecUp =   0.00000E+00   0.78251E-03
 R2_GGGAvecDown  -0.00000E+00  -0.39126E-03
         GC_4 =  -0.12177E+01   0.00000E+00
         GC_5 =   0.00000E+00   0.12177E+01
         GC_6 =   0.00000E+00   0.14828E+01
       R2_3Gq =   0.76230E-02   0.00000E+00
       R2_3Gg =   0.31445E-01   0.00000E+00
       R2_GQQ =  -0.00000E+00  -0.30492E-01
       R2_GGq =   0.00000E+00   0.62601E-02
       R2_GGt =  -0.00000E+00  -0.11242E+04
     R2_GGg_1 =   0.00000E+00   0.28170E-01
     R2_GGg_2 =  -0.00000E+00  -0.18780E-01
       R2_QQq =   0.00000E+00   0.12520E-01
  UV_3Gg_1eps =   0.62890E-01   0.00000E+00
  UV_3Gb_1eps =  -0.38115E-02   0.00000E+00
 UV_GQQg_1eps =   0.00000E+00  -0.62890E-01
 UV_GQQq_1eps =   0.00000E+00   0.38115E-02
 UVWfct_G_2_1eps -0.31300E-02   0.00000E+00
         GC_1 =  -0.00000E+00  -0.10265E+00
         GC_2 =   0.00000E+00   0.20530E+00
        GC_21 =  -0.00000E+00  -0.28804E+00
        GC_22 =   0.00000E+00   0.28804E+00
        GC_23 =  -0.00000E+00  -0.27437E-01
        GC_24 =   0.00000E+00   0.82310E-01
        GC_37 =  -0.00000E+00  -0.70263E+00
        GC_38 =  -0.00000E+00  -0.72172E-02
      GC_1003 =  -0.00000E+00  -0.30795E+00

 Collider parameters:
 --------------------

 Running at P P   machine @    13000.000000000000       GeV
 PDF set = lhapdf 
 alpha_s(Mz)= 0.1180 running at 3 loops.
 alpha_s(Mz)= 0.1180 running at 3 loops.
 Renormalization scale set on event-by-event basis
 Factorization   scale set on event-by-event basis


 ===============================================================
 INFO: MadFKS read these parameters from FKS_params.dat
 ===============================================================
  > IRPoleCheckThreshold      =    1.0000000000000001E-005
  > PrecisionVirtualAtRunTime =    1.0000000000000000E-003
  > NHelForMCoverHels         =            4
  > VirtualFraction           =    1.0000000000000000     
  > MinVirtualFraction        =    5.0000000000000001E-003
 ===============================================================
  Insert the number of points to test
 Insert the relative tolerance
  A negative number will mean use the default one:    1.0000000000000001E-005
Using random seed offsets:     0 ,    103 ,      0
  with seed                   32
 Ranmar initialization seeds       10729        9509
  ========================================================================================== 
 {                                                                                          }
 {       [32m                                                                            [0m       }
 {       [32m                               ,,                                           [0m       }
 {       [32m`7MMM.     ,MMF'             `7MM  `7MMF'                                   [0m       }
 {       [32m  MMMb    dPMM                 MM    MM                                     [0m       }
 {       [32m  M YM   ,M MM   ,6"Yb.   ,M""bMM    MM         ,pW"Wq.   ,pW"Wq.`7MMpdMAo. [0m       }
 {       [32m  M  Mb  M' MM  8)   MM ,AP    MM    MM        6W'   `Wb 6W'   `Wb MM   `Wb [0m       }
 {       [32m  M  YM.P'  MM   ,pm9MM 8MI    MM    MM      , 8M     M8 8M     M8 MM    M8 [0m       }
 {       [32m  M  `YM'   MM  8M   MM `Mb    MM    MM     ,M YA.   ,A9 YA.   ,A9 MM   ,AP [0m       }
 {       [32m.JML. `'  .JMML.`Moo9^Yo.`Wbmd"MML..JMMmmmmMMM  `Ybmd9'   `Ybmd9'  MMbmmd'  [0m       }
 {       [32m                                                                   MM       [0m       }
 {       [32m                                                                 .JMML.     [0m       }
 {       [32m[0mv2.4.2 (2016-06-10), Ref: arXiv:1103.0621v2, arXiv:1405.0301[32m                [0m       }
 {       [32m                                                                            [0m       }
 {                                                                                          }
  ========================================================================================== 
 ===============================================================
 INFO: MadLoop read these parameters from ./MadLoop5_resources/MadLoopParams.dat                                                                                                                                                                                                                                                                                                                                                                                                                                                                                          
 ===============================================================
  > MLReductionLib            = 6|1|2
  > IREGIMODE                 =            2
  > IREGIRECY                 =  T
  > CTModeRun                 =           -1
  > MLStabThres               =    1.0000000000000000E-003
  > NRotations_DP             =            1
  > NRotations_QP             =            0
  > CTStabThres               =    1.0000000000000000E-002
  > CTLoopLibrary             =            2
  > CTModeInit                =            1
  > CheckCycle                =            3
  > MaxAttempts               =           10
  > UseLoopFilter             =  F
  > HelicityFilterLevel       =            2
  > ImprovePSPoint            =            2
  > DoubleCheckHelicityFilter =  T
  > LoopInitStartOver         =  F
  > HelInitStartOver          =  F
  > ZeroThres                 =    1.0000000000000001E-009
  > OSThres                   =    1.0000000000000000E-008
  > WriteOutFilters           =  T
  > UseQPIntegrandForNinja    =  F
  > UseQPIntegrandForCutTools =  T
 ===============================================================
  
------------------------------------------------------------------------
|              You are using CutTools - Version 1.9.3                  |
|              Authors: G. Ossola, C. Papadopoulos, R. Pittau          |
|              Published in JHEP 0803:042,2008                         |
|              http://www.ugr.es/~pittau/CutTools                      |
|                                                                      |
|              Compiler with  34  significant digits detetected        |
 ---------------------------------------------------------------------- 
   
########################################################################
#                                                                      #
#                      You are using OneLOop-3.6                       #
#                                                                      #
# for the evaluation of 1-loop scalar 1-, 2-, 3- and 4-point functions #
#                                                                      #
# author: Andreas van Hameren <hamerenREMOVETHIS@ifj.edu.pl>           #
#   date: 18-02-2015                                                   #
#                                                                      #
# Please cite                                                          #
#    A. van Hameren,                                                   #
#      Comput.Phys.Commun. 182 (2011) 2427-2438, arXiv:1007.4716       #
#    A. van Hameren, C.G. Papadopoulos and R. Pittau,                  #
#      JHEP 0909:106,2009, arXiv:0903.4665                             #
# in publications with results obtained with the help of this program. #
#                                                                      #
########################################################################
 PASSED   1.0000000000000001E-005
 MU_R    =    325.00000000000000     
 ALPHA_S =   0.11799999999999999     
 BORN                    6.5634221648800887E-010
 SINGLE POLE (MadFKS)   -4.5639064692491950E-011
 DOUBLE POLE (MadFKS)   -6.5740228039717258E-011
 SINGLE POLE (MadLoop)  -4.5639064692494089E-011
 DOUBLE POLE (MadLoop)  -6.5740228039716831E-011
 FINITE PART (MadLoop)   3.1705144517229932E-010
   325.00000000000000        0.0000000000000000        0.0000000000000000        325.00000000000000        0.0000000000000000     
   325.00000000000000        0.0000000000000000        0.0000000000000000       -325.00000000000000        0.0000000000000000     
   25.238089515739226       -14.342599625670768       -11.394722534336015       -17.361200901656250        0.0000000000000000     
   248.94085518319997      -0.79034106140879501        248.54102635197967        14.081298244627479        0.0000000000000000     
   252.33402111063856        71.547781942965898       -215.07543682578128        110.88701268906718        0.0000000000000000     
   123.48703419042242       -56.414841255886309       -22.070866991862374       -107.60711003203839        0.0000000000000000     

 PASSED   1.0000000000000001E-005
 MU_R    =    325.00000000000000     
 ALPHA_S =   0.11799999999999999     
 BORN                    5.4567064043283452E-008
 SINGLE POLE (MadFKS)   -3.7299680649512291E-009
 DOUBLE POLE (MadFKS)   -5.4655195773603692E-009
 SINGLE POLE (MadLoop)  -3.7299680649513110E-009
 DOUBLE POLE (MadLoop)  -5.4655195773603609E-009
 FINITE PART (MadLoop)   2.4311010155215097E-008
   325.00000000000000        0.0000000000000000        0.0000000000000000        325.00000000000000        0.0000000000000000     
   325.00000000000000        0.0000000000000000        0.0000000000000000       -325.00000000000000        0.0000000000000000     
   27.997653546584008       -20.356087716832270        16.008876839132814        10.640214252009001        0.0000000000000000     
   220.28621839384769       -23.552163272575392        192.04456781510066       -105.31000708458393        0.0000000000000000     
   255.89725932336319        142.11986053633041       -129.71360056092200        168.70013159409274        0.0000000000000000     
   145.81886873620516       -98.211609546922730       -78.339844093311456       -74.030338761517797        0.0000000000000000     

 PASSED   1.0000000000000001E-005
 MU_R    =    325.00000000000000     
 ALPHA_S =   0.11799999999999999     
 BORN                    2.1490757658933040E-009
 SINGLE POLE (MadFKS)   -3.1911553049990585E-010
 DOUBLE POLE (MadFKS)   -2.1525467564836577E-010
 SINGLE POLE (MadLoop)  -3.1911553049993160E-010
 DOUBLE POLE (MadLoop)  -2.1525467564836417E-010
 FINITE PART (MadLoop)   2.3667243328843847E-010
   325.00000000000000        0.0000000000000000        0.0000000000000000        325.00000000000000        0.0000000000000000     
   325.00000000000000        0.0000000000000000        0.0000000000000000       -325.00000000000000        0.0000000000000000     
   215.34702995495465        190.98288605663109       -45.564666199033802       -88.451917661917491        0.0000000000000000     
   85.077908481030889        71.094078352005809       -40.627459579534523       -23.093117219180623        0.0000000000000000     
   308.07840127288625       -279.79389450028930        49.435253949800341        119.09590084523185        0.0000000000000000     
   41.496660291128123        17.716930091652376        36.756871828767999       -7.5508659641337612        0.0000000000000000     

 PASSED   1.0000000000000001E-005
 MU_R    =    325.00000000000000     
 ALPHA_S =   0.11799999999999999     
 BORN                    2.9612733642855881E-010
 SINGLE POLE (MadFKS)   -2.7336658604819810E-011
 DOUBLE POLE (MadFKS)   -2.9660561421410851E-011
 SINGLE POLE (MadLoop)  -2.7336658604819700E-011
 DOUBLE POLE (MadLoop)  -2.9660561421410690E-011
 FINITE PART (MadLoop)   1.6085516419498537E-010
   325.00000000000000        0.0000000000000000        0.0000000000000000        325.00000000000000        0.0000000000000000     
   325.00000000000000        0.0000000000000000        0.0000000000000000       -325.00000000000000        0.0000000000000000     
   218.29286331541371        36.639593677683692       -98.530622186994748        191.31395882428393        0.0000000000000000     
   87.427560397503157       -16.337853781203279        27.396989693555952       -81.400600775511947        0.0000000000000000     
   163.72279600723388        88.048797854312554        136.75106665133421        18.753903555235347        0.0000000000000000     
   180.55678027984936       -108.35053775079292       -65.617434157895389       -128.66726160400734        0.0000000000000000     

 PASSED   1.0000000000000001E-005
 MU_R    =    325.00000000000000     
 ALPHA_S =   0.11799999999999999     
 BORN                    1.4047649233249371E-010
 SINGLE POLE (MadFKS)   -1.2509024866675696E-011
 DOUBLE POLE (MadFKS)   -1.4070337711282127E-011
 SINGLE POLE (MadLoop)  -1.2509024866675677E-011
 DOUBLE POLE (MadLoop)  -1.4070337711282056E-011
 FINITE PART (MadLoop)   4.7219985123551539E-011
   325.00000000000000        0.0000000000000000        0.0000000000000000        325.00000000000000        0.0000000000000000     
   325.00000000000000        0.0000000000000000        0.0000000000000000       -325.00000000000000        0.0000000000000000     
   117.55182790941979       -29.923045894491519        18.684400538187212       -112.13356654352252        0.0000000000000000     
   176.61714210688950        70.268752040020971        158.22192035681579        34.953416018247601        0.0000000000000000     
   237.95715398948164        64.460330213907199       -188.72442206142443        129.81357972519376        0.0000000000000000     
   117.87387599420916       -104.80603635943665        11.818101166421435       -52.633429199918851        0.0000000000000000     

 PASSED   1.0000000000000001E-005
 MU_R    =    325.00000000000000     
 ALPHA_S =   0.11799999999999999     
 BORN                    1.6547167658092674E-009
 SINGLE POLE (MadFKS)   -1.4757657558259653E-010
 DOUBLE POLE (MadFKS)   -1.6573893129641777E-010
 SINGLE POLE (MadLoop)  -1.4757657558259009E-010
 DOUBLE POLE (MadLoop)  -1.6573893129641839E-010
 FINITE PART (MadLoop)   1.0668296491795785E-009
   325.00000000000000        0.0000000000000000        0.0000000000000000        325.00000000000000        0.0000000000000000     
   325.00000000000000        0.0000000000000000        0.0000000000000000       -325.00000000000000        0.0000000000000000     
   210.56630465979245        196.63016424248798       -71.725366911269333        23.026482786055993        0.0000000000000000     
   64.478581887202608        42.367305724788565        18.506763988178843       -44.944394694920973        0.0000000000000000     
   294.25012779474844       -278.83035060737296        31.362141671108247        88.618222489489312        0.0000000000000000     
   80.704985658256163        39.832880640096327        21.856461251982424       -66.700310580624503        0.0000000000000000     

 PASSED   1.0000000000000001E-005
 MU_R    =    325.00000000000000     
 ALPHA_S =   0.11799999999999999     
 BORN                    1.8053804121716471E-011
 SINGLE POLE (MadFKS)   -6.7811942882713667E-012
 DOUBLE POLE (MadFKS)   -1.8082962974662038E-012
 SINGLE POLE (MadLoop)  -6.7811942882713004E-012
 DOUBLE POLE (MadLoop)  -1.8082962974662169E-012
 FINITE PART (MadLoop)   2.1872343733446919E-012
   325.00000000000000        0.0000000000000000        0.0000000000000000        325.00000000000000        0.0000000000000000     
   325.00000000000000        0.0000000000000000        0.0000000000000000       -325.00000000000000        0.0000000000000000     
   119.18105760224749        45.290872332424698        108.92576958884464       -16.971685067669661        0.0000000000000000     
   211.58318571452128       -120.17644447022585       -41.689875994323707        169.07696741773611        0.0000000000000000     
   242.12754724934118        47.466308083329928       -83.140507297080120       -222.39684076061985        0.0000000000000000     
   77.108209433890366        27.419264054471267        15.904613702559203        70.291558410553407        0.0000000000000000     

 PASSED   1.0000000000000001E-005
 MU_R    =    325.00000000000000     
 ALPHA_S =   0.11799999999999999     
 BORN                    1.6166401446378829E-011
 SINGLE POLE (MadFKS)   -2.7393580577656227E-012
 DOUBLE POLE (MadFKS)   -1.6192511939173359E-012
 SINGLE POLE (MadLoop)  -2.7393580577656437E-012
 DOUBLE POLE (MadLoop)  -1.6192511939173381E-012
 FINITE PART (MadLoop)   7.3315339399532297E-012
   325.00000000000000        0.0000000000000000        0.0000000000000000        325.00000000000000        0.0000000000000000     
   325.00000000000000        0.0000000000000000        0.0000000000000000       -325.00000000000000        0.0000000000000000     
   241.54183677089225       -228.42449515063387        71.824369880451087       -31.717011478235833        0.0000000000000000     
   247.83338059945950        239.59171657499519       -19.867387858775746        60.187048338265384        0.0000000000000000     
   73.683362417482783        60.167394924625313       -37.946025532849653        19.215140680999671        0.0000000000000000     
   86.941420212165596       -71.334616348986629       -14.010956488825734       -47.685177541029226        0.0000000000000000     

 PASSED   1.0000000000000001E-005
 MU_R    =    325.00000000000000     
 ALPHA_S =   0.11799999999999999     
 BORN                    1.0928981946086222E-011
 SINGLE POLE (MadFKS)   -1.5084238803489989E-012
 DOUBLE POLE (MadFKS)   -1.0946633437996858E-012
 SINGLE POLE (MadLoop)  -1.5084238803491128E-012
 DOUBLE POLE (MadLoop)  -1.0946633437996864E-012
 FINITE PART (MadLoop)   5.0383322509000320E-012
   325.00000000000000        0.0000000000000000        0.0000000000000000        325.00000000000000        0.0000000000000000     
   325.00000000000000        0.0000000000000000        0.0000000000000000       -325.00000000000000        0.0000000000000000     
   136.23750933419305        80.398176347878888       -61.318963463396749        91.305952211749712        0.0000000000000000     
   232.38140363790720       -17.959125810535600        96.476589558160526       -210.64390383790257        0.0000000000000000     
   171.12056530124377       -131.91984117140595        47.748953043631502        97.976736307989626        0.0000000000000000     
   110.26052172665598        69.480790634062657       -82.906579138395287        21.361215318163165        0.0000000000000000     

 PASSED   1.0000000000000001E-005
 MU_R    =    325.00000000000000     
 ALPHA_S =   0.11799999999999999     
 BORN                    2.5174752040408071E-009
 SINGLE POLE (MadFKS)   -5.0643916411156725E-010
 DOUBLE POLE (MadFKS)   -2.5215411997043160E-010
 SINGLE POLE (MadLoop)  -5.0643916411150490E-010
 DOUBLE POLE (MadLoop)  -2.5215411997043812E-010
 FINITE PART (MadLoop)   9.1885255267597599E-010
   325.00000000000000        0.0000000000000000        0.0000000000000000        325.00000000000000        0.0000000000000000     
   325.00000000000000        0.0000000000000000        0.0000000000000000       -325.00000000000000        0.0000000000000000     
   61.527897963964051       -16.078747914205028        56.311135863982670       -18.873581299888539        0.0000000000000000     
   217.31401382121763       -197.11539174874261        83.741788501620135       -36.853979396776346        0.0000000000000000     
   172.97596434083823        60.742280627443655       -145.67748707403319       -70.775202886425632        0.0000000000000000     
   198.18212387398012        152.45185903550404        5.6245627084303988        126.50276358309054        0.0000000000000000     

 PASSED   1.0000000000000001E-005
 MU_R    =    325.00000000000000     
 ALPHA_S =   0.11799999999999999     
 BORN                    2.3105969065059882E-009
 SINGLE POLE (MadFKS)   -2.7239246856954961E-010
 DOUBLE POLE (MadFKS)   -2.3143287712675121E-010
 SINGLE POLE (MadLoop)  -2.7239246856954444E-010
 DOUBLE POLE (MadLoop)  -2.3143287712674679E-010
 FINITE PART (MadLoop)   8.5291403199590479E-010
   325.00000000000000        0.0000000000000000        0.0000000000000000        325.00000000000000        0.0000000000000000     
   325.00000000000000        0.0000000000000000        0.0000000000000000       -325.00000000000000        0.0000000000000000     
   61.574523774441971        50.005412913297931        30.505338911028577        18.981700538760634        0.0000000000000000     
   218.01340985195475        91.743721597284804        197.06030179140811       -16.738395402053968        0.0000000000000000     
   249.78260410114004       -26.160519974207638       -247.01708895439523        26.258984571424961        0.0000000000000000     
   120.62946227246303       -115.58861453637508        19.451448251958592       -28.502289708131631        0.0000000000000000     

 PASSED   1.0000000000000001E-005
 MU_R    =    325.00000000000000     
 ALPHA_S =   0.11799999999999999     
 BORN                    7.4663829691231189E-011
 SINGLE POLE (MadFKS)   -1.1236809424252061E-011
 DOUBLE POLE (MadFKS)   -7.4784419879074241E-012
 SINGLE POLE (MadLoop)  -1.1236809424251421E-011
 DOUBLE POLE (MadLoop)  -7.4784419879074904E-012
 FINITE PART (MadLoop)   5.0432173010560298E-012
   325.00000000000000        0.0000000000000000        0.0000000000000000        325.00000000000000        0.0000000000000000     
   325.00000000000000        0.0000000000000000        0.0000000000000000       -325.00000000000000        0.0000000000000000     
   213.04771536509847       -193.28361271718828        88.901631050254309       -11.281581178384039        0.0000000000000000     
   112.68521594134346       -39.837629920083103       -90.375864754510289        54.250568697223528        0.0000000000000000     
   44.873807728612036       -40.525978471232442       -16.094916224140910        10.595157419856093        0.0000000000000000     
   279.39326096494614        273.64722110850386        17.569149928396900       -53.564144938695584        0.0000000000000000     

 PASSED   1.0000000000000001E-005
 MU_R    =    325.00000000000000     
 ALPHA_S =   0.11799999999999999     
 BORN                    2.8344688020222136E-010
 SINGLE POLE (MadFKS)   -4.0001193291958652E-011
 DOUBLE POLE (MadFKS)   -2.8390467767481912E-011
 SINGLE POLE (MadLoop)  -4.0001193291958135E-011
 DOUBLE POLE (MadLoop)  -2.8390467767481821E-011
 FINITE PART (MadLoop)   7.9773395461134284E-011
   325.00000000000000        0.0000000000000000        0.0000000000000000        325.00000000000000        0.0000000000000000     
   325.00000000000000        0.0000000000000000        0.0000000000000000       -325.00000000000000        0.0000000000000000     
   285.68501399769298        277.13082663122572       -67.326807374845671       -16.778949975071974        0.0000000000000000     
   64.740385674531439       -33.576810693036286        33.292838602035147       -44.221060805796114        0.0000000000000000     
   53.390242733539154        2.0640745168782857        27.869729689945462        45.492150779495759        0.0000000000000000     
   246.18435759423608       -245.61809045506786        6.1642390828649862        15.507860001372613        0.0000000000000000     

 PASSED   1.0000000000000001E-005
 MU_R    =    325.00000000000000     
 ALPHA_S =   0.11799999999999999     
 BORN                    2.4208706302386882E-009
 SINGLE POLE (MadFKS)   -1.4643914676917369E-010
 DOUBLE POLE (MadFKS)   -2.4247805990314957E-010
 SINGLE POLE (MadLoop)  -1.4643914676917486E-010
 DOUBLE POLE (MadLoop)  -2.4247805990315004E-010
 FINITE PART (MadLoop)   1.7898447901489272E-009
   325.00000000000000        0.0000000000000000        0.0000000000000000        325.00000000000000        0.0000000000000000     
   325.00000000000000        0.0000000000000000        0.0000000000000000       -325.00000000000000        0.0000000000000000     
Thanks for using LHAPDF 6.2.1. Please make sure to cite the paper:
  Eur.Phys.J. C75 (2015) 3, 132  (http://arxiv.org/abs/1412.7420)
   192.11276138710159        33.866765497791263        149.06044327448103       -116.36726143254492        0.0000000000000000     
   58.845793198917278       -50.039154679197956       -25.169860670429703       -18.038527934180085        0.0000000000000000     
   207.24605208173074       -85.849095056314027        30.031738131611608        186.22286026766349        0.0000000000000000     
   191.79539333225051        102.02148423772071       -153.92232073566294       -51.817070900938425        0.0000000000000000     

 PASSED   1.0000000000000001E-005
 MU_R    =    325.00000000000000     
 ALPHA_S =   0.11799999999999999     
 BORN                    3.6060432412764463E-011
 SINGLE POLE (MadFKS)   -1.1462181213528968E-011
 DOUBLE POLE (MadFKS)   -3.6118673924569313E-012
 SINGLE POLE (MadLoop)  -1.1462181213529168E-011
 DOUBLE POLE (MadLoop)  -3.6118673924569785E-012
 FINITE PART (MadLoop)  -9.4586501720488676E-012
   325.00000000000000        0.0000000000000000        0.0000000000000000        325.00000000000000        0.0000000000000000     
   325.00000000000000        0.0000000000000000        0.0000000000000000       -325.00000000000000        0.0000000000000000     
   296.53538686338629        158.32789949981210       -248.42120799004257       -33.947243230689388        0.0000000000000000     
   86.197177134528474       -36.557511803202402        56.878865376920807       -53.463037232784622        0.0000000000000000     
   212.98072371506072       -112.24408262172081        177.41361026010409        35.867331725056772        0.0000000000000000     
   54.286712287024415       -9.5263050748888816        14.128732353017671        51.542948738417238        0.0000000000000000     

 PASSED   1.0000000000000001E-005
 MU_R    =    325.00000000000000     
 ALPHA_S =   0.11799999999999999     
 BORN                    3.6026548590099839E-011
 SINGLE POLE (MadFKS)   -1.0164216200036597E-011
 DOUBLE POLE (MadFKS)   -3.6084735375853845E-012
 SINGLE POLE (MadLoop)  -1.0164216200036565E-011
 DOUBLE POLE (MadLoop)  -3.6084735375853691E-012
 FINITE PART (MadLoop)   8.2337607267289277E-012
   325.00000000000000        0.0000000000000000        0.0000000000000000        325.00000000000000        0.0000000000000000     
   325.00000000000000        0.0000000000000000        0.0000000000000000       -325.00000000000000        0.0000000000000000     
   238.84211733025140        181.59497855038134        126.58246566143163        89.697826970092223        0.0000000000000000     
   111.91874178006304       -99.880310593468209        47.951265940865980        15.824171765154439        0.0000000000000000     
   148.96787865250582       -45.066607388017651       -32.514123547626006       -138.21454894001462        0.0000000000000000     
   150.27126223717977       -36.648060568895460       -142.01960805467161        32.692550204767940        0.0000000000000000     

 PASSED   1.0000000000000001E-005
 MU_R    =    325.00000000000000     
 ALPHA_S =   0.11799999999999999     
 BORN                    2.8453777633052401E-011
 SINGLE POLE (MadFKS)   -5.4039036120095139E-012
 DOUBLE POLE (MadFKS)   -2.8499733571875845E-012
 SINGLE POLE (MadLoop)  -5.4039036120095704E-012
 DOUBLE POLE (MadLoop)  -2.8499733571874807E-012
 FINITE PART (MadLoop)   6.4575682735570373E-012
   325.00000000000000        0.0000000000000000        0.0000000000000000        325.00000000000000        0.0000000000000000     
   325.00000000000000        0.0000000000000000        0.0000000000000000       -325.00000000000000        0.0000000000000000     
   245.22098674762321        205.09179144094810       -129.83989240699094        34.817980480803890        0.0000000000000000     
   136.39625112357652        58.585020937584709        121.80145271953590       -18.334087316231042        0.0000000000000000     
   149.85020988215882       -148.91358890264254       -16.727174924284476      -0.17338083575628113        0.0000000000000000     
   118.53255224664170       -114.76322347589043        24.765614611739455       -16.310512328816493        0.0000000000000000     

 PASSED   1.0000000000000001E-005
 MU_R    =    325.00000000000000     
 ALPHA_S =   0.11799999999999999     
 BORN                    2.2254330633171850E-010
 SINGLE POLE (MadFKS)   -1.6553345524543744E-011
 DOUBLE POLE (MadFKS)   -2.2290273792295534E-011
 SINGLE POLE (MadLoop)  -1.6553345524544878E-011
 DOUBLE POLE (MadLoop)  -2.2290273792295786E-011
 FINITE PART (MadLoop)   1.1916087135445715E-010
   325.00000000000000        0.0000000000000000        0.0000000000000000        325.00000000000000        0.0000000000000000     
   325.00000000000000        0.0000000000000000        0.0000000000000000       -325.00000000000000        0.0000000000000000     
   241.69069239646120        67.574657200376464        230.18290707705000       -29.391934010721204        0.0000000000000000     
   108.41319361370935        5.5725295869009859       -77.236747836915143        75.873923367014100        0.0000000000000000     
   96.521766955635300        11.675446697117865       -29.552477525461832        91.141574008614796        0.0000000000000000     
   203.37434703419430       -84.822633484395368       -123.39368171467305       -137.62356336490777        0.0000000000000000     

 PASSED   1.0000000000000001E-005
 MU_R    =    325.00000000000000     
 ALPHA_S =   0.11799999999999999     
 BORN                    8.0154766489289431E-011
 SINGLE POLE (MadFKS)   -1.1309721675739433E-011
 DOUBLE POLE (MadFKS)   -8.0284225135965237E-012
 SINGLE POLE (MadLoop)  -1.1309721675739389E-011
 DOUBLE POLE (MadLoop)  -8.0284225135964041E-012
 FINITE PART (MadLoop)   4.4803499630255605E-011
   325.00000000000000        0.0000000000000000        0.0000000000000000        325.00000000000000        0.0000000000000000     
   325.00000000000000        0.0000000000000000        0.0000000000000000       -325.00000000000000        0.0000000000000000     
   178.96894926790472       -3.3951008140457950        178.52234269995165       -12.170918183987920        0.0000000000000000     
   211.64192444015239        20.290408874059860       -129.49939800236913        166.16410384158985        0.0000000000000000     
   79.686837976932964       -56.806810611257646        54.446323215983526       -12.592708334561209        0.0000000000000000     
   179.70228831500998        39.911502551243579       -103.46926791356610       -141.40047732304069        0.0000000000000000     

 PASSED   1.0000000000000001E-005
 MU_R    =    325.00000000000000     
 ALPHA_S =   0.11799999999999999     
 BORN                    4.4719269136793792E-012
 SINGLE POLE (MadFKS)   -1.1087554009853199E-012
 DOUBLE POLE (MadFKS)   -4.4791495609608159E-013
 SINGLE POLE (MadLoop)  -1.1087554009853296E-012
 DOUBLE POLE (MadLoop)  -4.4791495609608028E-013
 FINITE PART (MadLoop)   1.8610465225031949E-012
   325.00000000000000        0.0000000000000000        0.0000000000000000        325.00000000000000        0.0000000000000000     
   325.00000000000000        0.0000000000000000        0.0000000000000000       -325.00000000000000        0.0000000000000000     
   107.15445965848828        86.485572196544538       -24.033026267446260       -58.521258316675990        0.0000000000000000     
   244.84595428932741       -223.20206001847595        95.171955732282782       -32.751802659586239        0.0000000000000000     
   108.32330438165727        15.401790727881146       -93.298315154618436       -52.840775011776884        0.0000000000000000     
   189.67628167052706        121.31469709405022        22.159385689781924        144.11383598803911        0.0000000000000000     

 NUMBER OF POINTS PASSING THE CHECK          20
 NUMBER OF POINTS FAILING THE CHECK           0
 TOLERANCE    1.0000000000000001E-005
