==== LHAPDF6 USING DEFAULT-TYPE LHAGLUE INTERFACE ====
LHAPDF 6.2.1 loading /cvmfs/cms.cern.ch/slc6_amd64_gcc481/external/lhapdf/6.2.1/share/LHAPDF/NNPDF31_nnlo_hessian_pdfas/NNPDF31_nnlo_hessian_pdfas_0000.dat
NNPDF31_nnlo_hessian_pdfas PDF set, member #0, version 1; LHAPDF ID = 306000
 A PDF is used, so alpha_s(MZ) is going to be modified
 Old value of alpha_s from param_card:   0.11799999999999999     
 New value of alpha_s from PDF lhapdf :  0.11800208008122040     
 using LHAPDF
 *****************************************************
 *               MadGraph/MadEvent                   *
 *        --------------------------------           *
 *          http://madgraph.hep.uiuc.edu             *
 *          http://madgraph.phys.ucl.ac.be           *
 *          http://madgraph.roma2.infn.it            *
 *        --------------------------------           *
 *                                                   *
 *          PARAMETER AND COUPLING VALUES            *
 *                                                   *
 *****************************************************

  External Params
  ---------------------------------
  
 MU_R =    91.188000000000002     
 aEWM1 =    132.50700000000001     
 mdl_Gf =    1.1663900000000000E-005
 aS =   0.11799999999999999     
 mdl_lamWS =   0.22530000000000000     
 mdl_AWS =   0.80800000000000005     
 mdl_rhoWS =   0.13200000000000001     
 mdl_etaWS =   0.34100000000000003     
 mdl_ymt =    173.00000000000000     
 mdl_ymtau =    1.7769999999999999     
 mdl_MT =    173.00000000000000     
 mdl_MZ =    91.188000000000002     
 mdl_MH =    125.00000000000000     
 mdl_MTA =    1.7769999999999999     
 mdl_WT =    1.4915000000000000     
 mdl_WZ =    2.4414039999999999     
 mdl_WW =    2.0476000000000001     
 mdl_WH =    6.3823389999999999E-003
  Internal Params
  ---------------------------------
  
 mdl_CKM33 =    1.0000000000000000     
 mdl_conjg__CKM3x3 =    1.0000000000000000     
 mdl_I4x33 =    0.0000000000000000     
 mdl_I1x33 =    0.0000000000000000     
 mdl_lhv =    1.0000000000000000     
 mdl_CKM3x3 =    1.0000000000000000     
 mdl_conjg__CKM33 =    1.0000000000000000     
 mdl_Ncol =    3.0000000000000000     
 mdl_CA =    3.0000000000000000     
 mdl_TF =   0.50000000000000000     
 mdl_CF =    1.3333333333333333     
 mdl_lamWS__exp__2 =    5.0760090000000001E-002
 mdl_CKM11 =  ( 0.97461995499999998     ,  0.0000000000000000     )
 mdl_CKM12 =  ( 0.22530000000000000     ,  0.0000000000000000     )
 mdl_complexi =  (  0.0000000000000000     ,  1.0000000000000000     )
 mdl_lamWS__exp__3 =    1.1436248277000001E-002
 mdl_CKM13 =  (  1.2197444962317122E-003, -3.1510066152652563E-003)
 mdl_CKM21 =  (-0.22530000000000000     ,  0.0000000000000000     )
 mdl_CKM22 =  ( 0.97461995499999998     ,  0.0000000000000000     )
 mdl_CKM23 =  (  4.1014152720000002E-002,  0.0000000000000000     )
 mdl_CKM31 =  (  8.0207441115842885E-003, -3.1510066152652563E-003)
 mdl_CKM32 =  ( -4.1014152720000002E-002,  0.0000000000000000     )
 mdl_MZ__exp__2 =    8315.2513440000002     
 mdl_MZ__exp__4 =    69143404.913893804     
 mdl_sqrt__2 =    1.4142135623730951     
 mdl_MH__exp__2 =    15625.000000000000     
 mdl_CKM1x1 =  ( 0.97461995499999998     ,  0.0000000000000000     )
 mdl_CKM1x2 =  ( 0.22530000000000000     ,  0.0000000000000000     )
 mdl_CKM1x3 =  (  1.2197444962317122E-003, -3.1510066152652563E-003)
 mdl_CKM2x1 =  (-0.22530000000000000     ,  0.0000000000000000     )
 mdl_CKM2x2 =  ( 0.97461995499999998     ,  0.0000000000000000     )
 mdl_CKM2x3 =  (  4.1014152720000002E-002,  0.0000000000000000     )
 mdl_CKM3x1 =  (  8.0207441115842885E-003, -3.1510066152652563E-003)
 mdl_CKM3x2 =  ( -4.1014152720000002E-002,  0.0000000000000000     )
 mdl_conjg__CKM1x3 =  (  1.2197444962317122E-003,  3.1510066152652563E-003)
 mdl_conjg__CKM2x3 =  (  4.1014152720000002E-002, -0.0000000000000000     )
 mdl_conjg__CKM2x1 =  (-0.22530000000000000     , -0.0000000000000000     )
 mdl_conjg__CKM3x1 =  (  8.0207441115842885E-003,  3.1510066152652563E-003)
 mdl_conjg__CKM2x2 =  ( 0.97461995499999998     , -0.0000000000000000     )
 mdl_conjg__CKM3x2 =  ( -4.1014152720000002E-002, -0.0000000000000000     )
 mdl_Ncol__exp__2 =    9.0000000000000000     
 mdl_MT__exp__2 =    29929.000000000000     
 mdl_conjg__CKM11 =  ( 0.97461995499999998     , -0.0000000000000000     )
 mdl_conjg__CKM12 =  ( 0.22530000000000000     , -0.0000000000000000     )
 mdl_conjg__CKM13 =  (  1.2197444962317122E-003,  3.1510066152652563E-003)
 mdl_conjg__CKM21 =  (-0.22530000000000000     , -0.0000000000000000     )
 mdl_conjg__CKM22 =  ( 0.97461995499999998     , -0.0000000000000000     )
 mdl_conjg__CKM23 =  (  4.1014152720000002E-002, -0.0000000000000000     )
 mdl_conjg__CKM31 =  (  8.0207441115842885E-003,  3.1510066152652563E-003)
 mdl_conjg__CKM32 =  ( -4.1014152720000002E-002, -0.0000000000000000     )
 mdl_aEW =    7.5467711139788835E-003
 mdl_MW =    80.419002445756163     
 mdl_sqrt__aEW =    8.6872153846781555E-002
 mdl_ee =   0.30795376724436879     
 mdl_MW__exp__2 =    6467.2159543705357     
 mdl_sw2 =   0.22224648578577766     
 mdl_cw =   0.88190334743339216     
 mdl_sqrt__sw2 =   0.47143025548407230     
 mdl_sw =   0.47143025548407230     
 mdl_g1 =   0.34919219678733299     
 mdl_gw =   0.65323293034757990     
 mdl_v =    246.21845810181637     
 mdl_v__exp__2 =    60623.529110035903     
 mdl_lam =   0.12886910601690263     
 mdl_yt =   0.99366614581500623     
 mdl_ytau =    1.0206617000654717E-002
 mdl_muH =    88.388347648318430     
 mdl_AxialZUp =  -0.18517701861793787     
 mdl_AxialZDown =   0.18517701861793787     
 mdl_VectorZUp =    7.5430507588273299E-002
 mdl_VectorZDown =  -0.13030376310310560     
 mdl_VectorAUp =   0.20530251149624587     
 mdl_VectorADown =  -0.10265125574812294     
 mdl_VectorWmDxU =   0.23095271737156670     
 mdl_AxialWmDxU =  -0.23095271737156670     
 mdl_VectorWpUxD =   0.23095271737156670     
 mdl_AxialWpUxD =  -0.23095271737156670     
 mdl_I2x13 =  (  7.9699418879263656E-003,  3.1310485988282153E-003)
 mdl_I2x23 =  ( -4.0754375057150453E-002, -0.0000000000000000     )
 mdl_I2x33 =  ( 0.99366614581500623     ,  0.0000000000000000     )
 mdl_I3x31 =  (  7.9699418879263656E-003, -3.1310485988282153E-003)
 mdl_I3x32 =  ( -4.0754375057150453E-002,  0.0000000000000000     )
 mdl_I3x33 =  ( 0.99366614581500623     ,  0.0000000000000000     )
 mdl_Vector_tdGp =  ( -7.9699418879263656E-003, -3.1310485988282153E-003)
 mdl_Vector_tsGp =  (  4.0754375057150453E-002,  0.0000000000000000     )
 mdl_Vector_tbGp =  (-0.99366614581500623     ,  0.0000000000000000     )
 mdl_Axial_tdGp =  ( -7.9699418879263656E-003, -3.1310485988282153E-003)
 mdl_Axial_tsGp =  (  4.0754375057150453E-002,  0.0000000000000000     )
 mdl_Axial_tbGp =  (-0.99366614581500623     , -0.0000000000000000     )
 mdl_Vector_tdGm =  (  7.9699418879263656E-003, -3.1310485988282153E-003)
 mdl_Vector_tsGm =  ( -4.0754375057150453E-002,  0.0000000000000000     )
 mdl_Vector_tbGm =  ( 0.99366614581500623     ,  0.0000000000000000     )
 mdl_Axial_tdGm =  ( -7.9699418879263656E-003,  3.1310485988282153E-003)
 mdl_Axial_tsGm =  (  4.0754375057150453E-002, -0.0000000000000000     )
 mdl_Axial_tbGm =  (-0.99366614581500623     ,  0.0000000000000000     )
 mdl_gw__exp__2 =   0.42671326129048615     
 mdl_cw__exp__2 =   0.77775351421422245     
 mdl_ee__exp__2 =    9.4835522759998875E-002
 mdl_sw__exp__2 =   0.22224648578577769     
 mdl_yt__exp__2 =   0.98737240933884918     
  Internal Params evaluated point by point
  ----------------------------------------
  
 mdl_sqrt__aS =   0.34351128074635334     
 mdl_G__exp__4 =    2.1987899468922913     
 mdl_G__exp__2 =    1.4828317324943823     
 mdl_R2MixedFactor_FIN_ =   -2.5040377713124864E-002
 mdl_G_UVg_1EPS_ =   -5.1645779033320030E-002
 mdl_G_UVq_1EPS_ =    3.1300472141406080E-003
 mdl_G_UVb_1EPS_ =    3.1300472141406080E-003
 mdl_GWcft_UV_t_1EPS_ =   -3.1300472141406080E-003
 mdl_tWcft_UV_1EPS_ =   -1.8780283284843650E-002
 mdl_G__exp__3 =    1.8056676068262196     
 mdl_MU_R__exp__2 =    8315.2513440000002     
 mdl_G_UVt_FIN_ =   -4.0087659331150384E-003
 mdl_GWcft_UV_t_FIN_ =    4.0087659331150384E-003
 mdl_tWcft_UV_FIN_ =   -9.8778211443463623E-004
  Couplings of loop_sm-ckm_no_b_mass
  ---------------------------------
  
       UV_3Gt =   0.48815E-02   0.00000E+00
      UV_GQQt =   0.00000E+00  -0.48815E-02
   UVWfct_G_2 =   0.40088E-02   0.00000E+00
       R2_DDA =   0.00000E+00   0.25704E-02
       R2_UUA =  -0.00000E+00  -0.51409E-02
    R2_DDZ_V2 =   0.00000E+00   0.72127E-02
    R2_UUZ_V2 =  -0.00000E+00  -0.72127E-02
    R2_UUZ_V5 =   0.00000E+00   0.68702E-03
      R2_GGHt =   0.00000E+00  -0.45657E+01
     R2_GGZup =  -0.46369E-02   0.00000E+00
   R2_GGZdown =   0.46369E-02   0.00000E+00
 R2_GGGZvecUp =   0.00000E+00   0.28750E-03
 R2_GGGZvecDown  -0.00000E+00  -0.49665E-03
 R2_GGGZaxialUp  -0.00000E+00  -0.63522E-02
 R2_GGGZaxialDow  0.00000E+00   0.63522E-02
 R2_GGGAvecUp =   0.00000E+00   0.78251E-03
 R2_GGGAvecDown  -0.00000E+00  -0.39126E-03
         GC_4 =  -0.12177E+01   0.00000E+00
         GC_5 =   0.00000E+00   0.12177E+01
         GC_6 =   0.00000E+00   0.14828E+01
       R2_3Gq =   0.76230E-02   0.00000E+00
       R2_3Gg =   0.31445E-01   0.00000E+00
       R2_GQQ =  -0.00000E+00  -0.30492E-01
       R2_GGq =   0.00000E+00   0.62601E-02
       R2_GGt =  -0.00000E+00  -0.11242E+04
     R2_GGg_1 =   0.00000E+00   0.28170E-01
     R2_GGg_2 =  -0.00000E+00  -0.18780E-01
       R2_QQq =   0.00000E+00   0.12520E-01
  UV_3Gg_1eps =   0.62890E-01   0.00000E+00
  UV_3Gb_1eps =  -0.38115E-02   0.00000E+00
 UV_GQQg_1eps =   0.00000E+00  -0.62890E-01
 UV_GQQq_1eps =   0.00000E+00   0.38115E-02
 UVWfct_G_2_1eps -0.31300E-02   0.00000E+00
         GC_1 =  -0.00000E+00  -0.10265E+00
         GC_2 =   0.00000E+00   0.20530E+00
        GC_21 =  -0.00000E+00  -0.28804E+00
        GC_22 =   0.00000E+00   0.28804E+00
        GC_23 =  -0.00000E+00  -0.27437E-01
        GC_24 =   0.00000E+00   0.82310E-01
        GC_37 =  -0.00000E+00  -0.70263E+00
        GC_38 =  -0.00000E+00  -0.72172E-02
      GC_1003 =  -0.00000E+00  -0.30795E+00

 Collider parameters:
 --------------------

 Running at P P   machine @    13000.000000000000       GeV
 PDF set = lhapdf 
 alpha_s(Mz)= 0.1180 running at 3 loops.
 alpha_s(Mz)= 0.1180 running at 3 loops.
 Renormalization scale set on event-by-event basis
 Factorization   scale set on event-by-event basis


 ===============================================================
 INFO: MadFKS read these parameters from FKS_params.dat
 ===============================================================
  > IRPoleCheckThreshold      =    1.0000000000000001E-005
  > PrecisionVirtualAtRunTime =    1.0000000000000000E-003
  > NHelForMCoverHels         =            4
  > VirtualFraction           =    1.0000000000000000     
  > MinVirtualFraction        =    5.0000000000000001E-003
 ===============================================================
  Insert the number of points to test
 Insert the relative tolerance
  A negative number will mean use the default one:    1.0000000000000001E-005
Using random seed offsets:     0 ,     42 ,      0
  with seed                   32
 Ranmar initialization seeds       10729        9448
  ========================================================================================== 
 {                                                                                          }
 {       [32m                                                                            [0m       }
 {       [32m                               ,,                                           [0m       }
 {       [32m`7MMM.     ,MMF'             `7MM  `7MMF'                                   [0m       }
 {       [32m  MMMb    dPMM                 MM    MM                                     [0m       }
 {       [32m  M YM   ,M MM   ,6"Yb.   ,M""bMM    MM         ,pW"Wq.   ,pW"Wq.`7MMpdMAo. [0m       }
 {       [32m  M  Mb  M' MM  8)   MM ,AP    MM    MM        6W'   `Wb 6W'   `Wb MM   `Wb [0m       }
 {       [32m  M  YM.P'  MM   ,pm9MM 8MI    MM    MM      , 8M     M8 8M     M8 MM    M8 [0m       }
 {       [32m  M  `YM'   MM  8M   MM `Mb    MM    MM     ,M YA.   ,A9 YA.   ,A9 MM   ,AP [0m       }
 {       [32m.JML. `'  .JMML.`Moo9^Yo.`Wbmd"MML..JMMmmmmMMM  `Ybmd9'   `Ybmd9'  MMbmmd'  [0m       }
 {       [32m                                                                   MM       [0m       }
 {       [32m                                                                 .JMML.     [0m       }
 {       [32m[0mv2.4.2 (2016-06-10), Ref: arXiv:1103.0621v2, arXiv:1405.0301[32m                [0m       }
 {       [32m                                                                            [0m       }
 {                                                                                          }
  ========================================================================================== 
 ===============================================================
 INFO: MadLoop read these parameters from ./MadLoop5_resources/MadLoopParams.dat                                                                                                                                                                                                                                                                                                                                                                                                                                                                                          
 ===============================================================
  > MLReductionLib            = 6|1|2
  > IREGIMODE                 =            2
  > IREGIRECY                 =  T
  > CTModeRun                 =           -1
  > MLStabThres               =    1.0000000000000000E-003
  > NRotations_DP             =            1
  > NRotations_QP             =            0
  > CTStabThres               =    1.0000000000000000E-002
  > CTLoopLibrary             =            2
  > CTModeInit                =            1
  > CheckCycle                =            3
  > MaxAttempts               =           10
  > UseLoopFilter             =  F
  > HelicityFilterLevel       =            2
  > ImprovePSPoint            =            2
  > DoubleCheckHelicityFilter =  T
  > LoopInitStartOver         =  F
  > HelInitStartOver          =  F
  > ZeroThres                 =    1.0000000000000001E-009
  > OSThres                   =    1.0000000000000000E-008
  > WriteOutFilters           =  T
  > UseQPIntegrandForNinja    =  F
  > UseQPIntegrandForCutTools =  T
 ===============================================================
  
------------------------------------------------------------------------
|              You are using CutTools - Version 1.9.3                  |
|              Authors: G. Ossola, C. Papadopoulos, R. Pittau          |
|              Published in JHEP 0803:042,2008                         |
|              http://www.ugr.es/~pittau/CutTools                      |
|                                                                      |
|              Compiler with  34  significant digits detetected        |
 ---------------------------------------------------------------------- 
   
########################################################################
#                                                                      #
#                      You are using OneLOop-3.6                       #
#                                                                      #
# for the evaluation of 1-loop scalar 1-, 2-, 3- and 4-point functions #
#                                                                      #
# author: Andreas van Hameren <hamerenREMOVETHIS@ifj.edu.pl>           #
#   date: 18-02-2015                                                   #
#                                                                      #
# Please cite                                                          #
#    A. van Hameren,                                                   #
#      Comput.Phys.Commun. 182 (2011) 2427-2438, arXiv:1007.4716       #
#    A. van Hameren, C.G. Papadopoulos and R. Pittau,                  #
#      JHEP 0909:106,2009, arXiv:0903.4665                             #
# in publications with results obtained with the help of this program. #
#                                                                      #
########################################################################
 PASSED   1.0000000000000001E-005
 MU_R    =    325.00000000000000     
 ALPHA_S =   0.11799999999999999     
 BORN                    1.5170288019544374E-010
 SINGLE POLE (MadFKS)   -3.8687435072144622E-011
 DOUBLE POLE (MadFKS)   -2.4691533231708467E-011
 SINGLE POLE (MadLoop)  -3.8687435072136971E-011
 DOUBLE POLE (MadLoop)  -2.4691533231708166E-011
 FINITE PART (MadLoop)   3.8463181448033470E-011
   325.00000000000000        0.0000000000000000        0.0000000000000000        325.00000000000000        0.0000000000000000     
   325.00000000000000        0.0000000000000000        0.0000000000000000       -325.00000000000000        0.0000000000000000     
   186.66813701966302        81.446830622705193        167.53045766771007        11.907778321570396        1.7769999999999999     
   192.03907487959611       -122.31334745999330       -34.954804816910475       -143.85219916620591        1.7769999999999999     
   53.897780541859930       -52.577345362474745        1.0810926945368893       -11.807825395023809        0.0000000000000000     
   217.39500755888290        93.443862199762819       -133.65674554533649        143.75224623965937        0.0000000000000000     

 PASSED   1.0000000000000001E-005
 MU_R    =    325.00000000000000     
 ALPHA_S =   0.11799999999999999     
 BORN                    9.6286895829276839E-011
 SINGLE POLE (MadFKS)   -1.4996742209586370E-011
 DOUBLE POLE (MadFKS)   -1.5671891562531095E-011
 SINGLE POLE (MadLoop)  -1.4996742209587146E-011
 DOUBLE POLE (MadLoop)  -1.5671891562530675E-011
 FINITE PART (MadLoop)   2.5899345651084535E-011
   325.00000000000000        0.0000000000000000        0.0000000000000000        325.00000000000000        0.0000000000000000     
   325.00000000000000        0.0000000000000000        0.0000000000000000       -325.00000000000000        0.0000000000000000     
   168.49859694184710        69.529918498196849       -86.793523424470294        126.57446096101336        1.7769999999999999     
   150.95862441720649        138.03434679040154       -4.5476822618518256       -60.919506310603190        1.7769999999999999     
   87.587421175492594        31.004840049801984        45.451525791550097       -68.149945303568515        0.0000000000000000     
   242.95535746545860       -238.56910533840039        45.889679894772037        2.4949906531583208        0.0000000000000000     

 PASSED   1.0000000000000001E-005
 MU_R    =    325.00000000000000     
 ALPHA_S =   0.11799999999999999     
 BORN                    8.2345826564677169E-010
 SINGLE POLE (MadFKS)   -1.9688960050609883E-010
 DOUBLE POLE (MadFKS)   -1.3402808901813418E-010
 SINGLE POLE (MadLoop)  -1.9688960050608560E-010
 DOUBLE POLE (MadLoop)  -1.3402808901813297E-010
 FINITE PART (MadLoop)   1.0307358052884147E-010
   325.00000000000000        0.0000000000000000        0.0000000000000000        325.00000000000000        0.0000000000000000     
   325.00000000000000        0.0000000000000000        0.0000000000000000       -325.00000000000000        0.0000000000000000     
   57.705546413097956       -6.1183582325932441E-002   31.713958690269557        48.176689784535142        1.7769999999999999     
   231.62749745823032       -180.02153180211755       -111.26957143374017        94.124759815542220        1.7769999999999999     
   285.88518233755548        187.71325268373678        153.36787205475102       -151.56638172255225        0.0000000000000000     
   74.781773791116223       -7.6305372992933229       -73.812259311280428        9.2649321224748906        0.0000000000000000     

 PASSED   1.0000000000000001E-005
 MU_R    =    325.00000000000000     
 ALPHA_S =   0.11799999999999999     
 BORN                    9.4360150053006457E-010
 SINGLE POLE (MadFKS)   -2.4327911558854847E-010
 DOUBLE POLE (MadFKS)   -1.5358289689563737E-010
 SINGLE POLE (MadLoop)  -2.4327911558856030E-010
 DOUBLE POLE (MadLoop)  -1.5358289689563727E-010
 FINITE PART (MadLoop)   5.2562175796477458E-011
   325.00000000000000        0.0000000000000000        0.0000000000000000        325.00000000000000        0.0000000000000000     
   325.00000000000000        0.0000000000000000        0.0000000000000000       -325.00000000000000        0.0000000000000000     
   281.64406636601586        153.01139838443947       -206.98725472210930        114.29790346820781        1.7769999999999999     
   44.250580173082362       -5.9310325915891786        29.176958759856600       -32.687674230166991        1.7769999999999999     
   250.08453663947651       -84.911519071128467        216.81933813266104       -91.223264614515230        0.0000000000000000     
   74.020816821425285       -62.168846721721877       -39.009042170408364        9.6130353764744054        0.0000000000000000     

 PASSED   1.0000000000000001E-005
 MU_R    =    325.00000000000000     
 ALPHA_S =   0.11799999999999999     
 BORN                    2.0748326323164407E-010
 SINGLE POLE (MadFKS)   -5.3088928159359540E-011
 DOUBLE POLE (MadFKS)   -3.3770485323068519E-011
 SINGLE POLE (MadLoop)  -5.3088928159353853E-011
 DOUBLE POLE (MadLoop)  -3.3770485323068105E-011
 FINITE PART (MadLoop)   4.3033512203773828E-011
   325.00000000000000        0.0000000000000000        0.0000000000000000        325.00000000000000        0.0000000000000000     
   325.00000000000000        0.0000000000000000        0.0000000000000000       -325.00000000000000        0.0000000000000000     
   160.42226494058926       -108.81916438227684       -117.21912194701179       -12.256111650242447        1.7769999999999999     
   240.92622932724987        127.36085539661950       -18.820282784591100        203.63521237103362        1.7769999999999999     
   31.802447783183961       -13.328594282104252       -6.5823369190170942       -28.114357544673584        0.0000000000000000     
   216.84905794897867       -5.2130967322384905        142.62174165061998       -163.26474317611769        0.0000000000000000     

 PASSED   1.0000000000000001E-005
 MU_R    =    325.00000000000000     
 ALPHA_S =   0.11799999999999999     
 BORN                    5.2610260581042482E-009
 SINGLE POLE (MadFKS)   -2.0663156294948426E-009
 DOUBLE POLE (MadFKS)   -8.5629751774789805E-010
 SINGLE POLE (MadLoop)  -2.0663156294946275E-009
 DOUBLE POLE (MadLoop)  -8.5629751774789175E-010
 FINITE PART (MadLoop)  -2.5570513317495576E-009
   325.00000000000000        0.0000000000000000        0.0000000000000000        325.00000000000000        0.0000000000000000     
   325.00000000000000        0.0000000000000000        0.0000000000000000       -325.00000000000000        0.0000000000000000     
   231.34759854892957        125.96136196676741        3.9538530783834047        194.00169061806707        1.7769999999999999     
   108.81581257773261        54.663438128874020        35.178148543625028       -87.247519935672912        1.7769999999999999     
   247.10583540844530       -182.26273437621501       -18.190368484509122       -165.86349822974523        0.0000000000000000     
   62.730753464892523        1.6379342805735648       -20.941633137499309        59.109327547351086        0.0000000000000000     

 PASSED   1.0000000000000001E-005
 MU_R    =    325.00000000000000     
 ALPHA_S =   0.11799999999999999     
 BORN                    1.4303202487079740E-009
 SINGLE POLE (MadFKS)   -3.8922297357047866E-010
 DOUBLE POLE (MadFKS)   -2.3280243530945939E-010
 SINGLE POLE (MadLoop)  -3.8922297357050146E-010
 DOUBLE POLE (MadLoop)  -2.3280243530946577E-010
 FINITE PART (MadLoop)   2.5404563590906111E-010
   325.00000000000000        0.0000000000000000        0.0000000000000000        325.00000000000000        0.0000000000000000     
   325.00000000000000        0.0000000000000000        0.0000000000000000       -325.00000000000000        0.0000000000000000     
   103.08497990472856       -55.596073270138653       -86.508756098916308       -6.9761814854454274        1.7769999999999999     
   161.10231472957491       -131.44052342480487        85.058640611742902       -37.936981183572051        1.7769999999999999     
   259.02170004337171        250.42403822219305       -22.410956774925957       -62.271913334025868        0.0000000000000000     
   126.79100532232478       -63.387441527249564        23.861072262099398        107.18507600304333        0.0000000000000000     

 PASSED   1.0000000000000001E-005
 MU_R    =    325.00000000000000     
 ALPHA_S =   0.11799999999999999     
 BORN                    4.5488479051305598E-009
 SINGLE POLE (MadFKS)   -1.1670177469529835E-009
 DOUBLE POLE (MadFKS)   -7.4038165307616909E-010
 SINGLE POLE (MadLoop)  -1.1670177469528195E-009
 DOUBLE POLE (MadLoop)  -7.4038165307617116E-010
 FINITE PART (MadLoop)   1.6861791367533632E-010
   325.00000000000000        0.0000000000000000        0.0000000000000000        325.00000000000000        0.0000000000000000     
   325.00000000000000        0.0000000000000000        0.0000000000000000       -325.00000000000000        0.0000000000000000     
   245.75056906891294        43.930215258625942        14.266771909911377        241.36441302581440        1.7769999999999999     
   60.557594569647435        7.3221343997710511       -46.229458809277624        38.383434149314766        1.7769999999999999     
   138.08633844603094       -11.472063526200946        103.20173539965208       -91.025438391599181        0.0000000000000000     
   205.60549791540868       -39.780286132195769       -71.239048500285890       -188.72240878352972        0.0000000000000000     

 PASSED   1.0000000000000001E-005
 MU_R    =    325.00000000000000     
 ALPHA_S =   0.11799999999999999     
 BORN                    1.6379424491210686E-010
 SINGLE POLE (MadFKS)   -4.8996430704325860E-011
 DOUBLE POLE (MadFKS)   -2.6659553438929038E-011
 SINGLE POLE (MadLoop)  -4.8996430704324833E-011
 DOUBLE POLE (MadLoop)  -2.6659553438928405E-011
 FINITE PART (MadLoop)   2.6974206732319349E-011
   325.00000000000000        0.0000000000000000        0.0000000000000000        325.00000000000000        0.0000000000000000     
   325.00000000000000        0.0000000000000000        0.0000000000000000       -325.00000000000000        0.0000000000000000     
   145.45444074027608       -122.38182085490192       -76.587643797721725       -17.631203697379675        1.7769999999999999     
   170.97342358984466        131.66060778152718        47.504639353592033       -98.171011217754440        1.7769999999999999     
   208.34442376184055       -62.449002165745604        139.48863859754883        141.59957889541371        0.0000000000000000     
   125.22771190804383        53.170215239120331       -110.40563415341897       -25.797363980279695        0.0000000000000000     

 PASSED   1.0000000000000001E-005
 MU_R    =    325.00000000000000     
 ALPHA_S =   0.11799999999999999     
 BORN                    5.9377900080022710E-009
 SINGLE POLE (MadFKS)   -1.9437499782884818E-009
 DOUBLE POLE (MadFKS)   -9.6644927978037135E-010
 SINGLE POLE (MadLoop)  -1.9437499782879958E-009
 DOUBLE POLE (MadLoop)  -9.6644927978035832E-010
 FINITE PART (MadLoop)   4.7876597097943182E-010
   325.00000000000000        0.0000000000000000        0.0000000000000000        325.00000000000000        0.0000000000000000     
   325.00000000000000        0.0000000000000000        0.0000000000000000       -325.00000000000000        0.0000000000000000     
   107.09013530620139       -6.1491429480141839       -53.984782771069533        92.265760827437305        1.7769999999999999     
   85.394236715809129        25.269418662753569        62.954233980037607        51.838584468606086        1.7769999999999999     
   162.81014325436922        63.691728536039328        87.120990803932258        121.90340201955344        0.0000000000000000     
   294.70548472362020       -82.812004250778784       -96.090442012900482       -266.00774731559687        0.0000000000000000     

 PASSED   1.0000000000000001E-005
 MU_R    =    325.00000000000000     
 ALPHA_S =   0.11799999999999999     
 BORN                    5.2728290038067850E-010
 SINGLE POLE (MadFKS)   -1.5633317688318543E-010
 DOUBLE POLE (MadFKS)   -8.5821859416827181E-011
 SINGLE POLE (MadLoop)  -1.5633317688319820E-010
 DOUBLE POLE (MadLoop)  -8.5821859416829870E-011
 FINITE PART (MadLoop)  -5.5205587837708191E-012
   325.00000000000000        0.0000000000000000        0.0000000000000000        325.00000000000000        0.0000000000000000     
   325.00000000000000        0.0000000000000000        0.0000000000000000       -325.00000000000000        0.0000000000000000     
   102.46749692394940       -43.571781479379702        47.953305690556874        79.362525973665726        1.7769999999999999     
   242.41856882834441       -127.39200301671453       -206.23315075917910       -1.6642953805943612        1.7769999999999999     
   233.49176582592901        113.46759182928180        165.16751854710850       -119.84657329254131        0.0000000000000000     
   71.622168421777204        57.496192666812327       -6.8876734784862403        42.148342699469964        0.0000000000000000     

 PASSED   1.0000000000000001E-005
 MU_R    =    325.00000000000000     
 ALPHA_S =   0.11799999999999999     
 BORN                    3.4321496060692689E-009
 SINGLE POLE (MadFKS)   -4.3489358393808914E-010
 DOUBLE POLE (MadFKS)   -5.5862509627552691E-010
 SINGLE POLE (MadLoop)  -4.3489358394106249E-010
 DOUBLE POLE (MadLoop)  -5.5862509627553022E-010
 FINITE PART (MadLoop)   7.4295742504230708E-010
   325.00000000000000        0.0000000000000000        0.0000000000000000        325.00000000000000        0.0000000000000000     
   325.00000000000000        0.0000000000000000        0.0000000000000000       -325.00000000000000        0.0000000000000000     
   165.05242563416496       -18.785269596936963        3.8324771593422242        163.92550516534968        1.7769999999999999     
   20.932690802876824        15.195621660916016       -9.9082996317048160       -10.292642809089509        1.7769999999999999     
   249.66261250178050        162.29520225210138        146.34820845374620       -120.72236449615527        0.0000000000000000     
   214.35227106117770       -158.70555431608042       -140.27238598138368       -32.910497860104790        0.0000000000000000     

 PASSED   1.0000000000000001E-005
 MU_R    =    325.00000000000000     
 ALPHA_S =   0.11799999999999999     
 BORN                    1.3160878754236117E-009
 SINGLE POLE (MadFKS)   -4.9225317830128187E-010
 DOUBLE POLE (MadFKS)   -2.1420969377776321E-010
 SINGLE POLE (MadLoop)  -4.9225317830121125E-010
 DOUBLE POLE (MadLoop)  -2.1420969377776290E-010
 FINITE PART (MadLoop)  -5.5243517015855788E-011
   325.00000000000000        0.0000000000000000        0.0000000000000000        325.00000000000000        0.0000000000000000     
   325.00000000000000        0.0000000000000000        0.0000000000000000       -325.00000000000000        0.0000000000000000     
   55.501222994267486        53.414728586612050       -6.5220345533773783        13.474340806233444        1.7769999999999999     
   230.79356272611452       -162.47619597657143       -75.219269720678795        145.62299979908224        1.7769999999999999     
   78.989267738032368       -14.502751892799759       -34.249705360677346        69.684519715882686        0.0000000000000000     
   284.71594654158554        123.56421928275925        115.99100963473359       -228.78186032119831        0.0000000000000000     

 PASSED   1.0000000000000001E-005
 MU_R    =    325.00000000000000     
 ALPHA_S =   0.11799999999999999     
 BORN                    1.0314275877018481E-009
 SINGLE POLE (MadFKS)   -3.3105888419785431E-010
 DOUBLE POLE (MadFKS)   -1.6787768646864472E-010
 SINGLE POLE (MadLoop)  -3.3105888419775334E-010
 DOUBLE POLE (MadLoop)  -1.6787768646864746E-010
 FINITE PART (MadLoop)  -2.6099723534187721E-011
   325.00000000000000        0.0000000000000000        0.0000000000000000        325.00000000000000        0.0000000000000000     
   325.00000000000000        0.0000000000000000        0.0000000000000000       -325.00000000000000        0.0000000000000000     
Thanks for using LHAPDF 6.2.1. Please make sure to cite the paper:
  Eur.Phys.J. C75 (2015) 3, 132  (http://arxiv.org/abs/1412.7420)
   107.88627278647901       -20.415123206382820        102.63320553283415       -26.190417966916701        1.7769999999999999     
   211.72189378135454        210.72903062059873        18.035670695868859        9.5390153378686620        1.7769999999999999     
   271.14482624179846       -229.80808585429477       -142.22677255305970       -21.893050103180784        0.0000000000000000     
   59.247007190367974        39.494178440078841        21.557896324356751        38.544452732228677        0.0000000000000000     

 PASSED   1.0000000000000001E-005
 MU_R    =    325.00000000000000     
 ALPHA_S =   0.11799999999999999     
 BORN                    3.4262110191481195E-007
 SINGLE POLE (MadFKS)   -1.3129641225281768E-007
 DOUBLE POLE (MadFKS)   -5.5765851728820612E-008
 SINGLE POLE (MadLoop)  -1.3129641225282231E-007
 DOUBLE POLE (MadLoop)  -5.5765851728822439E-008
 FINITE PART (MadLoop)  -8.3542679184129077E-008
   325.00000000000000        0.0000000000000000        0.0000000000000000        325.00000000000000        0.0000000000000000     
   325.00000000000000        0.0000000000000000        0.0000000000000000       -325.00000000000000        0.0000000000000000     
   16.278159669553236       -11.976742231788398       -3.5250292588290684        10.293326355710517        1.7769999999999999     
   246.56790700655222       -117.33679014588698        207.50402686643633       -62.981993847965356        1.7769999999999999     
   113.14903258538826       -8.7528449217725957        25.693621815614033        109.84502300414368        0.0000000000000000     
   274.00490073850636        138.06637729944796       -229.67261942322128       -57.156355511888862        0.0000000000000000     

 PASSED   1.0000000000000001E-005
 MU_R    =    325.00000000000000     
 ALPHA_S =   0.11799999999999999     
 BORN                    1.0420130881496197E-006
 SINGLE POLE (MadFKS)   -1.8221649202618622E-007
 DOUBLE POLE (MadFKS)   -1.6960060851036000E-007
 SINGLE POLE (MadLoop)  -1.8221649202618055E-007
 DOUBLE POLE (MadLoop)  -1.6960060851036363E-007
 FINITE PART (MadLoop)   3.8351903371618163E-007
   325.00000000000000        0.0000000000000000        0.0000000000000000        325.00000000000000        0.0000000000000000     
   325.00000000000000        0.0000000000000000        0.0000000000000000       -325.00000000000000        0.0000000000000000     
   106.50851576524357        44.931793886221037        37.626086095242975       -88.917477161886737        1.7769999999999999     
   84.246654149007554        37.648143742347806       -3.5568126721102802       -75.261592878928113        1.7769999999999999     
   138.71858321868240        52.842487370328811        71.526669861665553       -106.46338505427798        0.0000000000000000     
   320.52624686706645       -135.42242499889767       -105.59594328479830        270.64245509509266        0.0000000000000000     

 PASSED   1.0000000000000001E-005
 MU_R    =    325.00000000000000     
 ALPHA_S =   0.11799999999999999     
 BORN                    5.2954385091910684E-008
 SINGLE POLE (MadFKS)   -1.9698131110041267E-008
 DOUBLE POLE (MadFKS)   -8.6189857277401269E-009
 SINGLE POLE (MadLoop)  -1.9698131110040420E-008
 DOUBLE POLE (MadLoop)  -8.6189857277401517E-009
 FINITE PART (MadLoop)   9.8993444729901381E-009
   325.00000000000000        0.0000000000000000        0.0000000000000000        325.00000000000000        0.0000000000000000     
   325.00000000000000        0.0000000000000000        0.0000000000000000       -325.00000000000000        0.0000000000000000     
   68.798786219630188        12.082420839441079        9.0471188059775365       -67.099031321350282        1.7769999999999999     
   221.80048314540707       -97.688832939610649        29.645199442420683       -196.90188080222075        1.7769999999999999     
   215.18157871539680        29.157156692909055        76.920516180630415        198.83713491835738        0.0000000000000000     
   144.21915191956603        56.449255407260544       -115.61283442902874        65.163777205213648        0.0000000000000000     

 PASSED   1.0000000000000001E-005
 MU_R    =    325.00000000000000     
 ALPHA_S =   0.11799999999999999     
 BORN                    3.2706064980478988E-010
 SINGLE POLE (MadFKS)   -1.1895112741205503E-010
 DOUBLE POLE (MadFKS)   -5.3233194340377980E-011
 SINGLE POLE (MadLoop)  -1.1895112741205131E-010
 DOUBLE POLE (MadLoop)  -5.3233194340377108E-011
 FINITE PART (MadLoop)  -2.3644068353682930E-013
   325.00000000000000        0.0000000000000000        0.0000000000000000        325.00000000000000        0.0000000000000000     
   325.00000000000000        0.0000000000000000        0.0000000000000000       -325.00000000000000        0.0000000000000000     
   152.26345999538793       -148.00506810493519        14.402384210442616        32.681411613872932        1.7769999999999999     
   278.77198366474209        258.47621783763731       -15.176423349300942       -103.29754176188436        1.7769999999999999     
   160.04055590723641       -155.98312242925769        10.070490925205528        34.363210921592014        0.0000000000000000     
   58.924000432635154        45.511972696555546       -9.2964517863471894        36.252919226419429        0.0000000000000000     

 PASSED   1.0000000000000001E-005
 MU_R    =    325.00000000000000     
 ALPHA_S =   0.11799999999999999     
 BORN                    5.0077873539251742E-010
 SINGLE POLE (MadFKS)   -1.1048890537007206E-010
 DOUBLE POLE (MadFKS)   -8.1507976452042708E-011
 SINGLE POLE (MadLoop)  -1.1048890537010173E-010
 DOUBLE POLE (MadLoop)  -8.1507976452042268E-011
 FINITE PART (MadLoop)   8.5710877798430686E-011
   325.00000000000000        0.0000000000000000        0.0000000000000000        325.00000000000000        0.0000000000000000     
   325.00000000000000        0.0000000000000000        0.0000000000000000       -325.00000000000000        0.0000000000000000     
   185.51589179691183       -152.63155797546577       -75.625062524596274       -73.467311154937761        1.7769999999999999     
   92.594790361255860        17.755437397390693       -79.882424928073249       -43.291801804533463        1.7769999999999999     
   156.54145477485940       -72.626698559845707        117.72805929323073        73.285017393572602        0.0000000000000000     
   215.34786306697299        207.50281913792080        37.779428159438837        43.474095565898629        0.0000000000000000     

 PASSED   1.0000000000000001E-005
 MU_R    =    325.00000000000000     
 ALPHA_S =   0.11799999999999999     
 BORN                    1.1990344025124289E-010
 SINGLE POLE (MadFKS)   -3.0171623490548403E-011
 DOUBLE POLE (MadFKS)   -1.9515778314462439E-011
 SINGLE POLE (MadLoop)  -3.0171623490548752E-011
 DOUBLE POLE (MadLoop)  -1.9515778314462571E-011
 FINITE PART (MadLoop)   1.7010069837486355E-011
   325.00000000000000        0.0000000000000000        0.0000000000000000        325.00000000000000        0.0000000000000000     
   325.00000000000000        0.0000000000000000        0.0000000000000000       -325.00000000000000        0.0000000000000000     
   115.15937973689225        93.757072107566231       -23.077450946468730        62.734103165787808        1.7769999999999999     
   264.63302196428344       -165.82513259838015       -200.91225980202964        46.516318049907795        1.7769999999999999     
   67.544452288236329        30.728219538119095        34.978304453530612       -48.934116692662492        0.0000000000000000     
   202.66314601059258        41.339840952694864        189.01140629496780       -60.316304523033146        0.0000000000000000     

 NUMBER OF POINTS PASSING THE CHECK          20
 NUMBER OF POINTS FAILING THE CHECK           0
 TOLERANCE    1.0000000000000001E-005
