==== LHAPDF6 USING DEFAULT-TYPE LHAGLUE INTERFACE ====
LHAPDF 6.2.1 loading /cvmfs/cms.cern.ch/slc6_amd64_gcc481/external/lhapdf/6.2.1/share/LHAPDF/NNPDF31_nnlo_hessian_pdfas/NNPDF31_nnlo_hessian_pdfas_0000.dat
NNPDF31_nnlo_hessian_pdfas PDF set, member #0, version 1; LHAPDF ID = 306000
 A PDF is used, so alpha_s(MZ) is going to be modified
 Old value of alpha_s from param_card:   0.11799999999999999     
 New value of alpha_s from PDF lhapdf :  0.11800208008122040     
 using LHAPDF
 *****************************************************
 *               MadGraph/MadEvent                   *
 *        --------------------------------           *
 *          http://madgraph.hep.uiuc.edu             *
 *          http://madgraph.phys.ucl.ac.be           *
 *          http://madgraph.roma2.infn.it            *
 *        --------------------------------           *
 *                                                   *
 *          PARAMETER AND COUPLING VALUES            *
 *                                                   *
 *****************************************************

  External Params
  ---------------------------------
  
 MU_R =    91.188000000000002     
 aEWM1 =    132.50700000000001     
 mdl_Gf =    1.1663900000000000E-005
 aS =   0.11799999999999999     
 mdl_lamWS =   0.22530000000000000     
 mdl_AWS =   0.80800000000000005     
 mdl_rhoWS =   0.13200000000000001     
 mdl_etaWS =   0.34100000000000003     
 mdl_ymt =    173.00000000000000     
 mdl_ymtau =    1.7769999999999999     
 mdl_MT =    173.00000000000000     
 mdl_MZ =    91.188000000000002     
 mdl_MH =    125.00000000000000     
 mdl_MTA =    1.7769999999999999     
 mdl_WT =    1.4915000000000000     
 mdl_WZ =    2.4414039999999999     
 mdl_WW =    2.0476000000000001     
 mdl_WH =    6.3823389999999999E-003
  Internal Params
  ---------------------------------
  
 mdl_CKM33 =    1.0000000000000000     
 mdl_conjg__CKM3x3 =    1.0000000000000000     
 mdl_I4x33 =    0.0000000000000000     
 mdl_I1x33 =    0.0000000000000000     
 mdl_lhv =    1.0000000000000000     
 mdl_CKM3x3 =    1.0000000000000000     
 mdl_conjg__CKM33 =    1.0000000000000000     
 mdl_Ncol =    3.0000000000000000     
 mdl_CA =    3.0000000000000000     
 mdl_TF =   0.50000000000000000     
 mdl_CF =    1.3333333333333333     
 mdl_lamWS__exp__2 =    5.0760090000000001E-002
 mdl_CKM11 =  ( 0.97461995499999998     ,  0.0000000000000000     )
 mdl_CKM12 =  ( 0.22530000000000000     ,  0.0000000000000000     )
 mdl_complexi =  (  0.0000000000000000     ,  1.0000000000000000     )
 mdl_lamWS__exp__3 =    1.1436248277000001E-002
 mdl_CKM13 =  (  1.2197444962317122E-003, -3.1510066152652563E-003)
 mdl_CKM21 =  (-0.22530000000000000     ,  0.0000000000000000     )
 mdl_CKM22 =  ( 0.97461995499999998     ,  0.0000000000000000     )
 mdl_CKM23 =  (  4.1014152720000002E-002,  0.0000000000000000     )
 mdl_CKM31 =  (  8.0207441115842885E-003, -3.1510066152652563E-003)
 mdl_CKM32 =  ( -4.1014152720000002E-002,  0.0000000000000000     )
 mdl_MZ__exp__2 =    8315.2513440000002     
 mdl_MZ__exp__4 =    69143404.913893804     
 mdl_sqrt__2 =    1.4142135623730951     
 mdl_MH__exp__2 =    15625.000000000000     
 mdl_CKM1x1 =  ( 0.97461995499999998     ,  0.0000000000000000     )
 mdl_CKM1x2 =  ( 0.22530000000000000     ,  0.0000000000000000     )
 mdl_CKM1x3 =  (  1.2197444962317122E-003, -3.1510066152652563E-003)
 mdl_CKM2x1 =  (-0.22530000000000000     ,  0.0000000000000000     )
 mdl_CKM2x2 =  ( 0.97461995499999998     ,  0.0000000000000000     )
 mdl_CKM2x3 =  (  4.1014152720000002E-002,  0.0000000000000000     )
 mdl_CKM3x1 =  (  8.0207441115842885E-003, -3.1510066152652563E-003)
 mdl_CKM3x2 =  ( -4.1014152720000002E-002,  0.0000000000000000     )
 mdl_conjg__CKM1x3 =  (  1.2197444962317122E-003,  3.1510066152652563E-003)
 mdl_conjg__CKM2x3 =  (  4.1014152720000002E-002, -0.0000000000000000     )
 mdl_conjg__CKM2x1 =  (-0.22530000000000000     , -0.0000000000000000     )
 mdl_conjg__CKM3x1 =  (  8.0207441115842885E-003,  3.1510066152652563E-003)
 mdl_conjg__CKM2x2 =  ( 0.97461995499999998     , -0.0000000000000000     )
 mdl_conjg__CKM3x2 =  ( -4.1014152720000002E-002, -0.0000000000000000     )
 mdl_Ncol__exp__2 =    9.0000000000000000     
 mdl_MT__exp__2 =    29929.000000000000     
 mdl_conjg__CKM11 =  ( 0.97461995499999998     , -0.0000000000000000     )
 mdl_conjg__CKM12 =  ( 0.22530000000000000     , -0.0000000000000000     )
 mdl_conjg__CKM13 =  (  1.2197444962317122E-003,  3.1510066152652563E-003)
 mdl_conjg__CKM21 =  (-0.22530000000000000     , -0.0000000000000000     )
 mdl_conjg__CKM22 =  ( 0.97461995499999998     , -0.0000000000000000     )
 mdl_conjg__CKM23 =  (  4.1014152720000002E-002, -0.0000000000000000     )
 mdl_conjg__CKM31 =  (  8.0207441115842885E-003,  3.1510066152652563E-003)
 mdl_conjg__CKM32 =  ( -4.1014152720000002E-002, -0.0000000000000000     )
 mdl_aEW =    7.5467711139788835E-003
 mdl_MW =    80.419002445756163     
 mdl_sqrt__aEW =    8.6872153846781555E-002
 mdl_ee =   0.30795376724436879     
 mdl_MW__exp__2 =    6467.2159543705357     
 mdl_sw2 =   0.22224648578577766     
 mdl_cw =   0.88190334743339216     
 mdl_sqrt__sw2 =   0.47143025548407230     
 mdl_sw =   0.47143025548407230     
 mdl_g1 =   0.34919219678733299     
 mdl_gw =   0.65323293034757990     
 mdl_v =    246.21845810181637     
 mdl_v__exp__2 =    60623.529110035903     
 mdl_lam =   0.12886910601690263     
 mdl_yt =   0.99366614581500623     
 mdl_ytau =    1.0206617000654717E-002
 mdl_muH =    88.388347648318430     
 mdl_AxialZUp =  -0.18517701861793787     
 mdl_AxialZDown =   0.18517701861793787     
 mdl_VectorZUp =    7.5430507588273299E-002
 mdl_VectorZDown =  -0.13030376310310560     
 mdl_VectorAUp =   0.20530251149624587     
 mdl_VectorADown =  -0.10265125574812294     
 mdl_VectorWmDxU =   0.23095271737156670     
 mdl_AxialWmDxU =  -0.23095271737156670     
 mdl_VectorWpUxD =   0.23095271737156670     
 mdl_AxialWpUxD =  -0.23095271737156670     
 mdl_I2x13 =  (  7.9699418879263656E-003,  3.1310485988282153E-003)
 mdl_I2x23 =  ( -4.0754375057150453E-002, -0.0000000000000000     )
 mdl_I2x33 =  ( 0.99366614581500623     ,  0.0000000000000000     )
 mdl_I3x31 =  (  7.9699418879263656E-003, -3.1310485988282153E-003)
 mdl_I3x32 =  ( -4.0754375057150453E-002,  0.0000000000000000     )
 mdl_I3x33 =  ( 0.99366614581500623     ,  0.0000000000000000     )
 mdl_Vector_tdGp =  ( -7.9699418879263656E-003, -3.1310485988282153E-003)
 mdl_Vector_tsGp =  (  4.0754375057150453E-002,  0.0000000000000000     )
 mdl_Vector_tbGp =  (-0.99366614581500623     ,  0.0000000000000000     )
 mdl_Axial_tdGp =  ( -7.9699418879263656E-003, -3.1310485988282153E-003)
 mdl_Axial_tsGp =  (  4.0754375057150453E-002,  0.0000000000000000     )
 mdl_Axial_tbGp =  (-0.99366614581500623     , -0.0000000000000000     )
 mdl_Vector_tdGm =  (  7.9699418879263656E-003, -3.1310485988282153E-003)
 mdl_Vector_tsGm =  ( -4.0754375057150453E-002,  0.0000000000000000     )
 mdl_Vector_tbGm =  ( 0.99366614581500623     ,  0.0000000000000000     )
 mdl_Axial_tdGm =  ( -7.9699418879263656E-003,  3.1310485988282153E-003)
 mdl_Axial_tsGm =  (  4.0754375057150453E-002, -0.0000000000000000     )
 mdl_Axial_tbGm =  (-0.99366614581500623     ,  0.0000000000000000     )
 mdl_gw__exp__2 =   0.42671326129048615     
 mdl_cw__exp__2 =   0.77775351421422245     
 mdl_ee__exp__2 =    9.4835522759998875E-002
 mdl_sw__exp__2 =   0.22224648578577769     
 mdl_yt__exp__2 =   0.98737240933884918     
  Internal Params evaluated point by point
  ----------------------------------------
  
 mdl_sqrt__aS =   0.34351128074635334     
 mdl_G__exp__4 =    2.1987899468922913     
 mdl_G__exp__2 =    1.4828317324943823     
 mdl_R2MixedFactor_FIN_ =   -2.5040377713124864E-002
 mdl_G_UVg_1EPS_ =   -5.1645779033320030E-002
 mdl_G_UVq_1EPS_ =    3.1300472141406080E-003
 mdl_G_UVb_1EPS_ =    3.1300472141406080E-003
 mdl_GWcft_UV_t_1EPS_ =   -3.1300472141406080E-003
 mdl_tWcft_UV_1EPS_ =   -1.8780283284843650E-002
 mdl_G__exp__3 =    1.8056676068262196     
 mdl_MU_R__exp__2 =    8315.2513440000002     
 mdl_G_UVt_FIN_ =   -4.0087659331150384E-003
 mdl_GWcft_UV_t_FIN_ =    4.0087659331150384E-003
 mdl_tWcft_UV_FIN_ =   -9.8778211443463623E-004
  Couplings of loop_sm-ckm_no_b_mass
  ---------------------------------
  
       UV_3Gt =   0.48815E-02   0.00000E+00
      UV_GQQt =   0.00000E+00  -0.48815E-02
   UVWfct_G_2 =   0.40088E-02   0.00000E+00
       R2_DDA =   0.00000E+00   0.25704E-02
       R2_UUA =  -0.00000E+00  -0.51409E-02
    R2_DDZ_V2 =   0.00000E+00   0.72127E-02
    R2_UUZ_V2 =  -0.00000E+00  -0.72127E-02
    R2_UUZ_V5 =   0.00000E+00   0.68702E-03
      R2_GGHt =   0.00000E+00  -0.45657E+01
     R2_GGZup =  -0.46369E-02   0.00000E+00
   R2_GGZdown =   0.46369E-02   0.00000E+00
 R2_GGGZvecUp =   0.00000E+00   0.28750E-03
 R2_GGGZvecDown  -0.00000E+00  -0.49665E-03
 R2_GGGZaxialUp  -0.00000E+00  -0.63522E-02
 R2_GGGZaxialDow  0.00000E+00   0.63522E-02
 R2_GGGAvecUp =   0.00000E+00   0.78251E-03
 R2_GGGAvecDown  -0.00000E+00  -0.39126E-03
         GC_4 =  -0.12177E+01   0.00000E+00
         GC_5 =   0.00000E+00   0.12177E+01
         GC_6 =   0.00000E+00   0.14828E+01
       R2_3Gq =   0.76230E-02   0.00000E+00
       R2_3Gg =   0.31445E-01   0.00000E+00
       R2_GQQ =  -0.00000E+00  -0.30492E-01
       R2_GGq =   0.00000E+00   0.62601E-02
       R2_GGt =  -0.00000E+00  -0.11242E+04
     R2_GGg_1 =   0.00000E+00   0.28170E-01
     R2_GGg_2 =  -0.00000E+00  -0.18780E-01
       R2_QQq =   0.00000E+00   0.12520E-01
  UV_3Gg_1eps =   0.62890E-01   0.00000E+00
  UV_3Gb_1eps =  -0.38115E-02   0.00000E+00
 UV_GQQg_1eps =   0.00000E+00  -0.62890E-01
 UV_GQQq_1eps =   0.00000E+00   0.38115E-02
 UVWfct_G_2_1eps -0.31300E-02   0.00000E+00
         GC_1 =  -0.00000E+00  -0.10265E+00
         GC_2 =   0.00000E+00   0.20530E+00
        GC_21 =  -0.00000E+00  -0.28804E+00
        GC_22 =   0.00000E+00   0.28804E+00
        GC_23 =  -0.00000E+00  -0.27437E-01
        GC_24 =   0.00000E+00   0.82310E-01
        GC_37 =  -0.00000E+00  -0.70263E+00
        GC_38 =  -0.00000E+00  -0.72172E-02
      GC_1003 =  -0.00000E+00  -0.30795E+00

 Collider parameters:
 --------------------

 Running at P P   machine @    13000.000000000000       GeV
 PDF set = lhapdf 
 alpha_s(Mz)= 0.1180 running at 3 loops.
 alpha_s(Mz)= 0.1180 running at 3 loops.
 Renormalization scale set on event-by-event basis
 Factorization   scale set on event-by-event basis


 ===============================================================
 INFO: MadFKS read these parameters from FKS_params.dat
 ===============================================================
  > IRPoleCheckThreshold      =    1.0000000000000001E-005
  > PrecisionVirtualAtRunTime =    1.0000000000000000E-003
  > NHelForMCoverHels         =            4
  > VirtualFraction           =    1.0000000000000000     
  > MinVirtualFraction        =    5.0000000000000001E-003
 ===============================================================
  Insert the number of points to test
 Insert the relative tolerance
  A negative number will mean use the default one:    1.0000000000000001E-005
Using random seed offsets:     0 ,     38 ,      0
  with seed                   32
 Ranmar initialization seeds       10729        9444
  ========================================================================================== 
 {                                                                                          }
 {       [32m                                                                            [0m       }
 {       [32m                               ,,                                           [0m       }
 {       [32m`7MMM.     ,MMF'             `7MM  `7MMF'                                   [0m       }
 {       [32m  MMMb    dPMM                 MM    MM                                     [0m       }
 {       [32m  M YM   ,M MM   ,6"Yb.   ,M""bMM    MM         ,pW"Wq.   ,pW"Wq.`7MMpdMAo. [0m       }
 {       [32m  M  Mb  M' MM  8)   MM ,AP    MM    MM        6W'   `Wb 6W'   `Wb MM   `Wb [0m       }
 {       [32m  M  YM.P'  MM   ,pm9MM 8MI    MM    MM      , 8M     M8 8M     M8 MM    M8 [0m       }
 {       [32m  M  `YM'   MM  8M   MM `Mb    MM    MM     ,M YA.   ,A9 YA.   ,A9 MM   ,AP [0m       }
 {       [32m.JML. `'  .JMML.`Moo9^Yo.`Wbmd"MML..JMMmmmmMMM  `Ybmd9'   `Ybmd9'  MMbmmd'  [0m       }
 {       [32m                                                                   MM       [0m       }
 {       [32m                                                                 .JMML.     [0m       }
 {       [32m[0mv2.4.2 (2016-06-10), Ref: arXiv:1103.0621v2, arXiv:1405.0301[32m                [0m       }
 {       [32m                                                                            [0m       }
 {                                                                                          }
  ========================================================================================== 
 ===============================================================
 INFO: MadLoop read these parameters from ./MadLoop5_resources/MadLoopParams.dat                                                                                                                                                                                                                                                                                                                                                                                                                                                                                          
 ===============================================================
  > MLReductionLib            = 6|1|2
  > IREGIMODE                 =            2
  > IREGIRECY                 =  T
  > CTModeRun                 =           -1
  > MLStabThres               =    1.0000000000000000E-003
  > NRotations_DP             =            1
  > NRotations_QP             =            0
  > CTStabThres               =    1.0000000000000000E-002
  > CTLoopLibrary             =            2
  > CTModeInit                =            1
  > CheckCycle                =            3
  > MaxAttempts               =           10
  > UseLoopFilter             =  F
  > HelicityFilterLevel       =            2
  > ImprovePSPoint            =            2
  > DoubleCheckHelicityFilter =  T
  > LoopInitStartOver         =  F
  > HelInitStartOver          =  F
  > ZeroThres                 =    1.0000000000000001E-009
  > OSThres                   =    1.0000000000000000E-008
  > WriteOutFilters           =  T
  > UseQPIntegrandForNinja    =  F
  > UseQPIntegrandForCutTools =  T
 ===============================================================
  
------------------------------------------------------------------------
|              You are using CutTools - Version 1.9.3                  |
|              Authors: G. Ossola, C. Papadopoulos, R. Pittau          |
|              Published in JHEP 0803:042,2008                         |
|              http://www.ugr.es/~pittau/CutTools                      |
|                                                                      |
|              Compiler with  34  significant digits detetected        |
 ---------------------------------------------------------------------- 
   
########################################################################
#                                                                      #
#                      You are using OneLOop-3.6                       #
#                                                                      #
# for the evaluation of 1-loop scalar 1-, 2-, 3- and 4-point functions #
#                                                                      #
# author: Andreas van Hameren <hamerenREMOVETHIS@ifj.edu.pl>           #
#   date: 18-02-2015                                                   #
#                                                                      #
# Please cite                                                          #
#    A. van Hameren,                                                   #
#      Comput.Phys.Commun. 182 (2011) 2427-2438, arXiv:1007.4716       #
#    A. van Hameren, C.G. Papadopoulos and R. Pittau,                  #
#      JHEP 0909:106,2009, arXiv:0903.4665                             #
# in publications with results obtained with the help of this program. #
#                                                                      #
########################################################################
 PASSED   1.0000000000000001E-005
 MU_R    =    325.00000000000000     
 ALPHA_S =   0.11799999999999999     
 BORN                    4.0302628513136460E-010
 SINGLE POLE (MadFKS)   -1.1359497004112576E-010
 DOUBLE POLE (MadFKS)   -6.5597547652045045E-011
 SINGLE POLE (MadLoop)  -1.1359497004112277E-010
 DOUBLE POLE (MadLoop)  -6.5597547652046829E-011
 FINITE PART (MadLoop)   3.1048983336763896E-012
   325.00000000000000        0.0000000000000000        0.0000000000000000        325.00000000000000        0.0000000000000000     
   325.00000000000000        0.0000000000000000        0.0000000000000000       -325.00000000000000        0.0000000000000000     
   171.18906677751932        15.070329347392136        57.253012642804279        160.61605328186215        1.7769999999999999     
   212.00131313851330       -81.433037777439395       -188.69586170869823        51.999338224672883        1.7769999999999999     
   134.24147426470242        65.089454667904079        61.230609672236582       -100.17459130419157        0.0000000000000000     
   132.56814581926690        1.2732537621431368        70.212239393657256       -112.44080020234357        0.0000000000000000     

 PASSED   1.0000000000000001E-005
 MU_R    =    325.00000000000000     
 ALPHA_S =   0.11799999999999999     
 BORN                    9.2787445582003745E-009
 SINGLE POLE (MadFKS)   -3.0200951501875901E-009
 DOUBLE POLE (MadFKS)   -1.5102312448661054E-009
 SINGLE POLE (MadLoop)  -3.0200951501876931E-009
 DOUBLE POLE (MadLoop)  -1.5102312448661011E-009
 FINITE PART (MadLoop)   1.2270328609247027E-009
   325.00000000000000        0.0000000000000000        0.0000000000000000        325.00000000000000        0.0000000000000000     
   325.00000000000000        0.0000000000000000        0.0000000000000000       -325.00000000000000        0.0000000000000000     
   50.651725661387104        2.8724515452581851        12.969030434670499        48.846625832099761        1.7769999999999999     
   117.06526650955048        65.334548732206983        94.363696570718375       -22.978433484908294        1.7769999999999999     
   230.03080058980299        63.192029006564432       -114.32187643085052        189.34477880139340        0.0000000000000000     
   252.25220723925943       -131.39902928402961        6.9891494254617381       -215.21297114858493        0.0000000000000000     

 PASSED   1.0000000000000001E-005
 MU_R    =    325.00000000000000     
 ALPHA_S =   0.11799999999999999     
 BORN                    1.2392296603428091E-010
 SINGLE POLE (MadFKS)   -2.5279500219636872E-011
 DOUBLE POLE (MadFKS)   -2.0170006199389392E-011
 SINGLE POLE (MadLoop)  -2.5279500219627663E-011
 DOUBLE POLE (MadLoop)  -2.0170006199389334E-011
 FINITE PART (MadLoop)   3.7450348007689359E-011
   325.00000000000000        0.0000000000000000        0.0000000000000000        325.00000000000000        0.0000000000000000     
   325.00000000000000        0.0000000000000000        0.0000000000000000       -325.00000000000000        0.0000000000000000     
   204.89071238890176       -196.80590473021419        39.219757779017954       -41.307296659412131        1.7769999999999999     
   94.708424300077027        73.184662862917449        54.417298369989801        25.481182550188670        1.7769999999999999     
   161.18707279159651       -4.9087830517355506       -104.52270023584438       -122.60579684289911        0.0000000000000000     
   189.21379051942469        128.53002491903229        10.885644086836674        138.43191095212262        0.0000000000000000     

 PASSED   1.0000000000000001E-005
 MU_R    =    325.00000000000000     
 ALPHA_S =   0.11799999999999999     
 BORN                    8.9017702662213926E-011
 SINGLE POLE (MadFKS)   -1.7251317742650411E-011
 DOUBLE POLE (MadFKS)   -1.4488739835807104E-011
 SINGLE POLE (MadLoop)  -1.7251317742612177E-011
 DOUBLE POLE (MadLoop)  -1.4488739835806771E-011
 FINITE PART (MadLoop)   1.5083210288946337E-011
   325.00000000000000        0.0000000000000000        0.0000000000000000        325.00000000000000        0.0000000000000000     
   325.00000000000000        0.0000000000000000        0.0000000000000000       -325.00000000000000        0.0000000000000000     
   94.002656873169272       -44.968945597812088       -72.460660945839734       -39.504282265696965        1.7769999999999999     
   164.05141764821016        127.86597697665813       -39.881932387562387        94.707092153788125        1.7769999999999999     
   120.97628582319103        60.206253236594094       -93.655198394833178        47.319896622984473        0.0000000000000000     
   270.96963965542943       -143.10328461544000        205.99779172823540       -102.52270651107568        0.0000000000000000     

 PASSED   1.0000000000000001E-005
 MU_R    =    325.00000000000000     
 ALPHA_S =   0.11799999999999999     
 BORN                    6.1936080217776512E-009
 SINGLE POLE (MadFKS)   -1.8471654041067076E-009
 DOUBLE POLE (MadFKS)   -1.0080868477702910E-009
 SINGLE POLE (MadLoop)  -1.8471654041067955E-009
 DOUBLE POLE (MadLoop)  -1.0080868477703078E-009
 FINITE PART (MadLoop)   1.2523540233298144E-009
   325.00000000000000        0.0000000000000000        0.0000000000000000        325.00000000000000        0.0000000000000000     
   325.00000000000000        0.0000000000000000        0.0000000000000000       -325.00000000000000        0.0000000000000000     
   154.31675611591692       -92.744964672390310        122.20558035890905        16.573205670559734        1.7769999999999999     
   74.180301457167985        72.837404801778675        4.2701557101224701       -13.267917215202113        1.7769999999999999     
   244.61546398595439        44.780711953194690       -166.11259238105134       -173.89082698772657        0.0000000000000000     
   176.88747844096073       -24.873152082583101        39.636856312019852        170.58553853236901        0.0000000000000000     

 PASSED   1.0000000000000001E-005
 MU_R    =    325.00000000000000     
 ALPHA_S =   0.11799999999999999     
 BORN                    9.8084264394462465E-010
 SINGLE POLE (MadFKS)   -1.9231658631038822E-010
 DOUBLE POLE (MadFKS)   -1.5964435682983740E-010
 SINGLE POLE (MadLoop)  -1.9231658631037496E-010
 DOUBLE POLE (MadLoop)  -1.5964435682983698E-010
 FINITE PART (MadLoop)   1.1514153958599508E-010
   325.00000000000000        0.0000000000000000        0.0000000000000000        325.00000000000000        0.0000000000000000     
   325.00000000000000        0.0000000000000000        0.0000000000000000       -325.00000000000000        0.0000000000000000     
   29.197618549659246       -12.404137447091012       -17.468416233986954       -19.756897743351832        1.7769999999999999     
   226.08951950216601       -115.85478126177611        73.667477600588683        179.62206296129963        1.7769999999999999     
   277.28761675167681        238.03785724089599       -73.319724206781501       -121.86311569227639        0.0000000000000000     
   117.42524519649797       -109.77893853202887        17.120662840179786       -38.002049525671360        0.0000000000000000     

 PASSED   1.0000000000000001E-005
 MU_R    =    325.00000000000000     
 ALPHA_S =   0.11799999999999999     
 BORN                    3.6552367086931353E-010
 SINGLE POLE (MadFKS)   -1.1313460667803162E-010
 DOUBLE POLE (MadFKS)   -5.9493530080761057E-011
 SINGLE POLE (MadLoop)  -1.1313460667803036E-010
 DOUBLE POLE (MadLoop)  -5.9493530080760605E-011
 FINITE PART (MadLoop)   2.4568192255557901E-011
   325.00000000000000        0.0000000000000000        0.0000000000000000        325.00000000000000        0.0000000000000000     
   325.00000000000000        0.0000000000000000        0.0000000000000000       -325.00000000000000        0.0000000000000000     
   195.49515057970154        150.44988218011738       -23.892794233642871       -122.51189128765330        1.7769999999999999     
   139.46806610597363        121.80912468184533        27.170412676470523        62.229330332032148        1.7769999999999999     
   234.93494411880602       -208.82707029554649        10.972222842284481        107.07610847329393        0.0000000000000000     
   80.101839195523098       -63.431936566416240       -14.249841285112113       -46.793547517672771        0.0000000000000000     

 PASSED   1.0000000000000001E-005
 MU_R    =    325.00000000000000     
 ALPHA_S =   0.11799999999999999     
 BORN                    4.7376601144757211E-009
 SINGLE POLE (MadFKS)   -1.2478529350654930E-009
 DOUBLE POLE (MadFKS)   -7.7111319182870979E-010
 SINGLE POLE (MadLoop)  -1.2478529350655999E-009
 DOUBLE POLE (MadLoop)  -7.7111319182876004E-010
 FINITE PART (MadLoop)   7.9334206478781273E-010
   325.00000000000000        0.0000000000000000        0.0000000000000000        325.00000000000000        0.0000000000000000     
   325.00000000000000        0.0000000000000000        0.0000000000000000       -325.00000000000000        0.0000000000000000     
   77.264194403135662        74.478435285244842      -0.50738879612796506        20.476895317325333        1.7769999999999999     
   233.45734969095696        154.08136659614416        53.569949127367082        166.99811200753658        1.7769999999999999     
   52.212001459051969       -43.747739028130681        20.920191026702724        19.353915203204565        0.0000000000000000     
   287.06645444685540       -184.81206285325806       -73.982751357941837       -206.82892252806656        0.0000000000000000     

 PASSED   1.0000000000000001E-005
 MU_R    =    325.00000000000000     
 ALPHA_S =   0.11799999999999999     
 BORN                    2.6262216415413772E-010
 SINGLE POLE (MadFKS)   -5.4882924290329755E-011
 DOUBLE POLE (MadFKS)   -4.2745028210676285E-011
 SINGLE POLE (MadLoop)  -5.4882924290313030E-011
 DOUBLE POLE (MadLoop)  -4.2745028210675916E-011
 FINITE PART (MadLoop)   5.3692254559883860E-011
   325.00000000000000        0.0000000000000000        0.0000000000000000        325.00000000000000        0.0000000000000000     
   325.00000000000000        0.0000000000000000        0.0000000000000000       -325.00000000000000        0.0000000000000000     
   112.12938406811071       -35.484509011582283        2.2242813181466525        106.32846860233884        1.7769999999999999     
   188.87033902943227       -26.394639836993779        187.00384592916785        1.3159907553338357        1.7769999999999999     
   225.59666088380999       -53.835326888827225       -207.91261426414027       -69.050386027513952        0.0000000000000000     
   123.40361601864713        115.71447573740332        18.684487016825805       -38.594073330158736        0.0000000000000000     

 PASSED   1.0000000000000001E-005
 MU_R    =    325.00000000000000     
 ALPHA_S =   0.11799999999999999     
 BORN                    1.8326258803176585E-010
 SINGLE POLE (MadFKS)   -6.6808441795766359E-011
 DOUBLE POLE (MadFKS)   -2.9828268762501387E-011
 SINGLE POLE (MadLoop)  -6.6808441795763257E-011
 DOUBLE POLE (MadLoop)  -2.9828268762499726E-011
 FINITE PART (MadLoop)   4.0805009236594686E-012
   325.00000000000000        0.0000000000000000        0.0000000000000000        325.00000000000000        0.0000000000000000     
   325.00000000000000        0.0000000000000000        0.0000000000000000       -325.00000000000000        0.0000000000000000     
   159.99935990758979        48.877204049466336        32.347452729391030       -148.86671443967953        1.7769999999999999     
   213.97942674589902       -197.30500186118337       -82.752901211565728       -2.5944022685119021        1.7769999999999999     
   80.583886144453643       -7.3509930572721327       -36.410053340160601        71.512471800245208        0.0000000000000000     
   195.43732720205992        155.77879086898915        86.815501822335307        79.948644907946218        0.0000000000000000     

 PASSED   1.0000000000000001E-005
 MU_R    =    325.00000000000000     
 ALPHA_S =   0.11799999999999999     
 BORN                    3.7372646290121355E-009
 SINGLE POLE (MadFKS)   -8.5898779708456230E-010
 DOUBLE POLE (MadFKS)   -6.0828636650837472E-010
 SINGLE POLE (MadLoop)  -8.5898779708441010E-010
 DOUBLE POLE (MadLoop)  -6.0828636650837834E-010
 FINITE PART (MadLoop)   1.1543566216733371E-009
   325.00000000000000        0.0000000000000000        0.0000000000000000        325.00000000000000        0.0000000000000000     
   325.00000000000000        0.0000000000000000        0.0000000000000000       -325.00000000000000        0.0000000000000000     
   84.695788855074824       -76.243247886578985        21.696971712273118       -29.772932186902654        1.7769999999999999     
   161.06129671146155       -10.044980554476936        122.23851728429965       -104.37637101937207        1.7769999999999999     
   254.08984144871977        20.292030321933073       -248.50041790325969        48.963489813886540        0.0000000000000000     
   150.15307298474380        65.996198119122838        104.56492890668690        85.185813392388226        0.0000000000000000     

 PASSED   1.0000000000000001E-005
 MU_R    =    325.00000000000000     
 ALPHA_S =   0.11799999999999999     
 BORN                    3.6525361606062371E-009
 SINGLE POLE (MadFKS)   -1.5414315090655130E-009
 DOUBLE POLE (MadFKS)   -5.9449575297077611E-010
 SINGLE POLE (MadLoop)  -1.5414315090655945E-009
 DOUBLE POLE (MadLoop)  -5.9449575297079958E-010
 FINITE PART (MadLoop)  -1.7369693249823151E-009
   325.00000000000000        0.0000000000000000        0.0000000000000000        325.00000000000000        0.0000000000000000     
   325.00000000000000        0.0000000000000000        0.0000000000000000       -325.00000000000000        0.0000000000000000     
   280.96259102643836       -122.14199097807291       -234.06853264781665        96.073283962294497        1.7769999999999999     
   100.17217204747485       -23.977468540723148        12.503682210949412       -96.436742257581045        1.7769999999999999     
   228.27937218266953        113.45229154900524        198.01687017845202        5.4192648139069002        0.0000000000000000     
   40.585864743417275        32.667167969790697        23.547980258415279       -5.0558065186204413        0.0000000000000000     

 PASSED   1.0000000000000001E-005
 MU_R    =    325.00000000000000     
 ALPHA_S =   0.11799999999999999     
 BORN                    9.6200966357579426E-010
 SINGLE POLE (MadFKS)   -3.4674882046667373E-010
 DOUBLE POLE (MadFKS)   -1.5657905470749146E-010
 SINGLE POLE (MadLoop)  -3.4674882046665506E-010
 DOUBLE POLE (MadLoop)  -1.5657905470748952E-010
 FINITE PART (MadLoop)   1.2369268371078016E-010
   325.00000000000000        0.0000000000000000        0.0000000000000000        325.00000000000000        0.0000000000000000     
   325.00000000000000        0.0000000000000000        0.0000000000000000       -325.00000000000000        0.0000000000000000     
   162.50742144243023        30.626338937551516       -62.592467324739104       -146.79821079410783        1.7769999999999999     
   203.57354820438351       -89.954572874310088        170.45706810940283       -65.510262936957574        1.7769999999999999     
   153.35190648503749        96.269124824736082       -27.675241685913416        116.11694030459699        0.0000000000000000     
   130.56712386815133       -36.940890887977517       -80.189359098750288        96.191533426468411        0.0000000000000000     

 PASSED   1.0000000000000001E-005
 MU_R    =    325.00000000000000     
 ALPHA_S =   0.11799999999999999     
 BORN                    1.1335531656850172E-009
 SINGLE POLE (MadFKS)   -4.4808763655998101E-010
 DOUBLE POLE (MadFKS)   -1.8449989627329810E-010
 SINGLE POLE (MadLoop)  -4.4808763656000004E-010
 DOUBLE POLE (MadLoop)  -1.8449989627329735E-010
 FINITE PART (MadLoop)   1.6004050815195784E-010
   325.00000000000000        0.0000000000000000        0.0000000000000000        325.00000000000000        0.0000000000000000     
   325.00000000000000        0.0000000000000000        0.0000000000000000       -325.00000000000000        0.0000000000000000     
Thanks for using LHAPDF 6.2.1. Please make sure to cite the paper:
  Eur.Phys.J. C75 (2015) 3, 132  (http://arxiv.org/abs/1412.7420)
   70.769429834349552       -6.9177066824207127        44.510457272257682        54.553817444331436        1.7769999999999999     
   140.96890136985976       -35.155101394642088       -53.677365076316633       -125.50670399951353        1.7769999999999999     
   246.60283239159142        2.3071308709036731       -92.070952599462629        228.75876765301774        0.0000000000000000     
   191.65883640419926        39.765677206159168        101.23786040352155       -157.80588109783562        0.0000000000000000     

 PASSED   1.0000000000000001E-005
 MU_R    =    325.00000000000000     
 ALPHA_S =   0.11799999999999999     
 BORN                    3.0471509285870234E-010
 SINGLE POLE (MadFKS)   -1.0200892704547175E-010
 DOUBLE POLE (MadFKS)   -4.9596176630466857E-011
 SINGLE POLE (MadLoop)  -1.0200892704546285E-010
 DOUBLE POLE (MadLoop)  -4.9596176630460782E-011
 FINITE PART (MadLoop)   4.0069871526510994E-012
   325.00000000000000        0.0000000000000000        0.0000000000000000        325.00000000000000        0.0000000000000000     
   325.00000000000000        0.0000000000000000        0.0000000000000000       -325.00000000000000        0.0000000000000000     
   122.91885448207792        75.508974553215580        96.945373011233499        2.4241435231656059        1.7769999999999999     
   200.46429425896653       -38.076210372691200        10.059892721764360        196.54967897665642        1.7769999999999999     
   138.33265461176146       -90.949290160575785       -102.57455765021801       -18.509729173772307        0.0000000000000000     
   188.28419664719996        53.516525980051512       -4.4307080827799110       -180.46409332604986        0.0000000000000000     

 PASSED   1.0000000000000001E-005
 MU_R    =    325.00000000000000     
 ALPHA_S =   0.11799999999999999     
 BORN                    1.7049587797964671E-009
 SINGLE POLE (MadFKS)   -5.8796599365647436E-010
 DOUBLE POLE (MadFKS)   -2.7750327690417813E-010
 SINGLE POLE (MadLoop)  -5.8796599365646795E-010
 DOUBLE POLE (MadLoop)  -2.7750327690417746E-010
 FINITE PART (MadLoop)  -2.4745822752920889E-010
   325.00000000000000        0.0000000000000000        0.0000000000000000        325.00000000000000        0.0000000000000000     
   325.00000000000000        0.0000000000000000        0.0000000000000000       -325.00000000000000        0.0000000000000000     
   130.69053895805655       -38.397234915836222       -48.779633322069451        114.99156042044930        1.7769999999999999     
   180.91420652186517       -177.59465685211009        32.530358850154940        11.344866817088967        1.7769999999999999     
   232.43950123071187        223.84236276004449        55.838499012567496       -28.368651614171554        0.0000000000000000     
   105.95575328937237       -7.8504709920982680       -39.589224540653007       -97.967775623366734        0.0000000000000000     

 PASSED   1.0000000000000001E-005
 MU_R    =    325.00000000000000     
 ALPHA_S =   0.11799999999999999     
 BORN                    1.1484261090269039E-006
 SINGLE POLE (MadFKS)   -6.8373517270882567E-007
 DOUBLE POLE (MadFKS)   -1.8692065304671193E-007
 SINGLE POLE (MadLoop)  -6.8373517271089677E-007
 DOUBLE POLE (MadLoop)  -1.8692065304673475E-007
 FINITE PART (MadLoop)  -5.7178861271621205E-007
   325.00000000000000        0.0000000000000000        0.0000000000000000        325.00000000000000        0.0000000000000000     
   325.00000000000000        0.0000000000000000        0.0000000000000000       -325.00000000000000        0.0000000000000000     
   40.024724953251457       -5.7487443155179658       -5.3685514134459282       -39.203972669863660        1.7769999999999999     
   183.43275958443232        51.316095446791174        24.877130938588145       -174.33360623849984        1.7769999999999999     
   322.82740034398444       -71.389964897507909       -25.176349441212032        313.82663168316617        0.0000000000000000     
   103.71511511833174        25.822613766234650        5.6677699160697861       -100.28905277480273        0.0000000000000000     

 PASSED   1.0000000000000001E-005
 MU_R    =    325.00000000000000     
 ALPHA_S =   0.11799999999999999     
 BORN                    2.6803398509281345E-009
 SINGLE POLE (MadFKS)   -9.9805919669173035E-010
 DOUBLE POLE (MadFKS)   -4.3625869473407837E-010
 SINGLE POLE (MadLoop)  -9.9805919669247853E-010
 DOUBLE POLE (MadLoop)  -4.3625869473383714E-010
 FINITE PART (MadLoop)  -1.3372145131308329E-009
   325.00000000000000        0.0000000000000000        0.0000000000000000        325.00000000000000        0.0000000000000000     
   325.00000000000000        0.0000000000000000        0.0000000000000000       -325.00000000000000        0.0000000000000000     
   279.76028253111275        139.45413175830745        61.688469701245879        234.54154385597269        1.7769999999999999     
   194.48242190348108       -164.01173992537733       -63.854300412353943       -82.722621972123576        1.7769999999999999     
   153.70626787607961        4.6747879867260940        11.601055299949280       -153.19653604961118        0.0000000000000000     
   22.051027689327068        19.882820180343810       -9.4352245888412103        1.3776141657620444        0.0000000000000000     

 PASSED   1.0000000000000001E-005
 MU_R    =    325.00000000000000     
 ALPHA_S =   0.11799999999999999     
 BORN                    1.3261595742145452E-006
 SINGLE POLE (MadFKS)   -1.0078302957254094E-006
 DOUBLE POLE (MadFKS)   -2.1584898820035889E-007
 SINGLE POLE (MadLoop)  -1.0078301358557858E-006
 DOUBLE POLE (MadLoop)  -2.1584898824111788E-007
 FINITE PART (MadLoop)  -3.7531090954292646E-006
   325.00000000000000        0.0000000000000000        0.0000000000000000        325.00000000000000        0.0000000000000000     
   325.00000000000000        0.0000000000000000        0.0000000000000000       -325.00000000000000        0.0000000000000000     
   265.36795816148572       -21.723137878501923       -263.91637662491075       -17.124453850733044        1.7769999999999999     
   110.13689004346183        13.994801105372225        49.172923575613417       -97.535357427414766        1.7769999999999999     
   225.14921212028906        9.0106923837953108        215.27313932429473        65.333380645840819        0.0000000000000000     
   49.345939674768779       -1.2823556106655984      -0.52968627499731979        49.326430632306987        0.0000000000000000     

 PASSED   1.0000000000000001E-005
 MU_R    =    325.00000000000000     
 ALPHA_S =   0.11799999999999999     
 BORN                    2.7157297216340246E-010
 SINGLE POLE (MadFKS)   -9.8194246388261694E-011
 DOUBLE POLE (MadFKS)   -4.4201883697709025E-011
 SINGLE POLE (MadLoop)  -9.8194246388258864E-011
 DOUBLE POLE (MadLoop)  -4.4201883697709367E-011
 FINITE PART (MadLoop)   1.0164939601945712E-011
   325.00000000000000        0.0000000000000000        0.0000000000000000        325.00000000000000        0.0000000000000000     
   325.00000000000000        0.0000000000000000        0.0000000000000000       -325.00000000000000        0.0000000000000000     
   264.37289828562797       -183.59401283969780        189.50794844898914        16.427036951779378        1.7769999999999999     
   256.83586923663796        116.98791492222283       -227.64357721424076       -21.301068348656635        1.7769999999999999     
   66.061909124643464        61.516336609025238       -23.801760637457139       -3.6595570708690022        0.0000000000000000     
   62.729323353090784        5.0897613084497761        61.937389402708732        8.5335884677462523        0.0000000000000000     

 NUMBER OF POINTS PASSING THE CHECK          20
 NUMBER OF POINTS FAILING THE CHECK           0
 TOLERANCE    1.0000000000000001E-005
