==== LHAPDF6 USING DEFAULT-TYPE LHAGLUE INTERFACE ====
LHAPDF 6.2.1 loading /cvmfs/cms.cern.ch/slc6_amd64_gcc481/external/lhapdf/6.2.1/share/LHAPDF/NNPDF31_nnlo_hessian_pdfas/NNPDF31_nnlo_hessian_pdfas_0000.dat
NNPDF31_nnlo_hessian_pdfas PDF set, member #0, version 1; LHAPDF ID = 306000
 A PDF is used, so alpha_s(MZ) is going to be modified
 Old value of alpha_s from param_card:   0.11799999999999999     
 New value of alpha_s from PDF lhapdf :  0.11800208008122040     
 using LHAPDF
 *****************************************************
 *               MadGraph/MadEvent                   *
 *        --------------------------------           *
 *          http://madgraph.hep.uiuc.edu             *
 *          http://madgraph.phys.ucl.ac.be           *
 *          http://madgraph.roma2.infn.it            *
 *        --------------------------------           *
 *                                                   *
 *          PARAMETER AND COUPLING VALUES            *
 *                                                   *
 *****************************************************

  External Params
  ---------------------------------
  
 MU_R =    91.188000000000002     
 aEWM1 =    132.50700000000001     
 mdl_Gf =    1.1663900000000000E-005
 aS =   0.11799999999999999     
 mdl_lamWS =   0.22530000000000000     
 mdl_AWS =   0.80800000000000005     
 mdl_rhoWS =   0.13200000000000001     
 mdl_etaWS =   0.34100000000000003     
 mdl_ymt =    173.00000000000000     
 mdl_ymtau =    1.7769999999999999     
 mdl_MT =    173.00000000000000     
 mdl_MZ =    91.188000000000002     
 mdl_MH =    125.00000000000000     
 mdl_MTA =    1.7769999999999999     
 mdl_WT =    1.4915000000000000     
 mdl_WZ =    2.4414039999999999     
 mdl_WW =    2.0476000000000001     
 mdl_WH =    6.3823389999999999E-003
  Internal Params
  ---------------------------------
  
 mdl_CKM33 =    1.0000000000000000     
 mdl_conjg__CKM3x3 =    1.0000000000000000     
 mdl_I4x33 =    0.0000000000000000     
 mdl_I1x33 =    0.0000000000000000     
 mdl_lhv =    1.0000000000000000     
 mdl_CKM3x3 =    1.0000000000000000     
 mdl_conjg__CKM33 =    1.0000000000000000     
 mdl_Ncol =    3.0000000000000000     
 mdl_CA =    3.0000000000000000     
 mdl_TF =   0.50000000000000000     
 mdl_CF =    1.3333333333333333     
 mdl_lamWS__exp__2 =    5.0760090000000001E-002
 mdl_CKM11 =  ( 0.97461995499999998     ,  0.0000000000000000     )
 mdl_CKM12 =  ( 0.22530000000000000     ,  0.0000000000000000     )
 mdl_complexi =  (  0.0000000000000000     ,  1.0000000000000000     )
 mdl_lamWS__exp__3 =    1.1436248277000001E-002
 mdl_CKM13 =  (  1.2197444962317122E-003, -3.1510066152652563E-003)
 mdl_CKM21 =  (-0.22530000000000000     ,  0.0000000000000000     )
 mdl_CKM22 =  ( 0.97461995499999998     ,  0.0000000000000000     )
 mdl_CKM23 =  (  4.1014152720000002E-002,  0.0000000000000000     )
 mdl_CKM31 =  (  8.0207441115842885E-003, -3.1510066152652563E-003)
 mdl_CKM32 =  ( -4.1014152720000002E-002,  0.0000000000000000     )
 mdl_MZ__exp__2 =    8315.2513440000002     
 mdl_MZ__exp__4 =    69143404.913893804     
 mdl_sqrt__2 =    1.4142135623730951     
 mdl_MH__exp__2 =    15625.000000000000     
 mdl_CKM1x1 =  ( 0.97461995499999998     ,  0.0000000000000000     )
 mdl_CKM1x2 =  ( 0.22530000000000000     ,  0.0000000000000000     )
 mdl_CKM1x3 =  (  1.2197444962317122E-003, -3.1510066152652563E-003)
 mdl_CKM2x1 =  (-0.22530000000000000     ,  0.0000000000000000     )
 mdl_CKM2x2 =  ( 0.97461995499999998     ,  0.0000000000000000     )
 mdl_CKM2x3 =  (  4.1014152720000002E-002,  0.0000000000000000     )
 mdl_CKM3x1 =  (  8.0207441115842885E-003, -3.1510066152652563E-003)
 mdl_CKM3x2 =  ( -4.1014152720000002E-002,  0.0000000000000000     )
 mdl_conjg__CKM1x3 =  (  1.2197444962317122E-003,  3.1510066152652563E-003)
 mdl_conjg__CKM2x3 =  (  4.1014152720000002E-002, -0.0000000000000000     )
 mdl_conjg__CKM2x1 =  (-0.22530000000000000     , -0.0000000000000000     )
 mdl_conjg__CKM3x1 =  (  8.0207441115842885E-003,  3.1510066152652563E-003)
 mdl_conjg__CKM2x2 =  ( 0.97461995499999998     , -0.0000000000000000     )
 mdl_conjg__CKM3x2 =  ( -4.1014152720000002E-002, -0.0000000000000000     )
 mdl_Ncol__exp__2 =    9.0000000000000000     
 mdl_MT__exp__2 =    29929.000000000000     
 mdl_conjg__CKM11 =  ( 0.97461995499999998     , -0.0000000000000000     )
 mdl_conjg__CKM12 =  ( 0.22530000000000000     , -0.0000000000000000     )
 mdl_conjg__CKM13 =  (  1.2197444962317122E-003,  3.1510066152652563E-003)
 mdl_conjg__CKM21 =  (-0.22530000000000000     , -0.0000000000000000     )
 mdl_conjg__CKM22 =  ( 0.97461995499999998     , -0.0000000000000000     )
 mdl_conjg__CKM23 =  (  4.1014152720000002E-002, -0.0000000000000000     )
 mdl_conjg__CKM31 =  (  8.0207441115842885E-003,  3.1510066152652563E-003)
 mdl_conjg__CKM32 =  ( -4.1014152720000002E-002, -0.0000000000000000     )
 mdl_aEW =    7.5467711139788835E-003
 mdl_MW =    80.419002445756163     
 mdl_sqrt__aEW =    8.6872153846781555E-002
 mdl_ee =   0.30795376724436879     
 mdl_MW__exp__2 =    6467.2159543705357     
 mdl_sw2 =   0.22224648578577766     
 mdl_cw =   0.88190334743339216     
 mdl_sqrt__sw2 =   0.47143025548407230     
 mdl_sw =   0.47143025548407230     
 mdl_g1 =   0.34919219678733299     
 mdl_gw =   0.65323293034757990     
 mdl_v =    246.21845810181637     
 mdl_v__exp__2 =    60623.529110035903     
 mdl_lam =   0.12886910601690263     
 mdl_yt =   0.99366614581500623     
 mdl_ytau =    1.0206617000654717E-002
 mdl_muH =    88.388347648318430     
 mdl_AxialZUp =  -0.18517701861793787     
 mdl_AxialZDown =   0.18517701861793787     
 mdl_VectorZUp =    7.5430507588273299E-002
 mdl_VectorZDown =  -0.13030376310310560     
 mdl_VectorAUp =   0.20530251149624587     
 mdl_VectorADown =  -0.10265125574812294     
 mdl_VectorWmDxU =   0.23095271737156670     
 mdl_AxialWmDxU =  -0.23095271737156670     
 mdl_VectorWpUxD =   0.23095271737156670     
 mdl_AxialWpUxD =  -0.23095271737156670     
 mdl_I2x13 =  (  7.9699418879263656E-003,  3.1310485988282153E-003)
 mdl_I2x23 =  ( -4.0754375057150453E-002, -0.0000000000000000     )
 mdl_I2x33 =  ( 0.99366614581500623     ,  0.0000000000000000     )
 mdl_I3x31 =  (  7.9699418879263656E-003, -3.1310485988282153E-003)
 mdl_I3x32 =  ( -4.0754375057150453E-002,  0.0000000000000000     )
 mdl_I3x33 =  ( 0.99366614581500623     ,  0.0000000000000000     )
 mdl_Vector_tdGp =  ( -7.9699418879263656E-003, -3.1310485988282153E-003)
 mdl_Vector_tsGp =  (  4.0754375057150453E-002,  0.0000000000000000     )
 mdl_Vector_tbGp =  (-0.99366614581500623     ,  0.0000000000000000     )
 mdl_Axial_tdGp =  ( -7.9699418879263656E-003, -3.1310485988282153E-003)
 mdl_Axial_tsGp =  (  4.0754375057150453E-002,  0.0000000000000000     )
 mdl_Axial_tbGp =  (-0.99366614581500623     , -0.0000000000000000     )
 mdl_Vector_tdGm =  (  7.9699418879263656E-003, -3.1310485988282153E-003)
 mdl_Vector_tsGm =  ( -4.0754375057150453E-002,  0.0000000000000000     )
 mdl_Vector_tbGm =  ( 0.99366614581500623     ,  0.0000000000000000     )
 mdl_Axial_tdGm =  ( -7.9699418879263656E-003,  3.1310485988282153E-003)
 mdl_Axial_tsGm =  (  4.0754375057150453E-002, -0.0000000000000000     )
 mdl_Axial_tbGm =  (-0.99366614581500623     ,  0.0000000000000000     )
 mdl_gw__exp__2 =   0.42671326129048615     
 mdl_cw__exp__2 =   0.77775351421422245     
 mdl_ee__exp__2 =    9.4835522759998875E-002
 mdl_sw__exp__2 =   0.22224648578577769     
 mdl_yt__exp__2 =   0.98737240933884918     
  Internal Params evaluated point by point
  ----------------------------------------
  
 mdl_sqrt__aS =   0.34351128074635334     
 mdl_G__exp__4 =    2.1987899468922913     
 mdl_G__exp__2 =    1.4828317324943823     
 mdl_R2MixedFactor_FIN_ =   -2.5040377713124864E-002
 mdl_G_UVg_1EPS_ =   -5.1645779033320030E-002
 mdl_G_UVq_1EPS_ =    3.1300472141406080E-003
 mdl_G_UVb_1EPS_ =    3.1300472141406080E-003
 mdl_GWcft_UV_t_1EPS_ =   -3.1300472141406080E-003
 mdl_tWcft_UV_1EPS_ =   -1.8780283284843650E-002
 mdl_G__exp__3 =    1.8056676068262196     
 mdl_MU_R__exp__2 =    8315.2513440000002     
 mdl_G_UVt_FIN_ =   -4.0087659331150384E-003
 mdl_GWcft_UV_t_FIN_ =    4.0087659331150384E-003
 mdl_tWcft_UV_FIN_ =   -9.8778211443463623E-004
  Couplings of loop_sm-ckm_no_b_mass
  ---------------------------------
  
       UV_3Gt =   0.48815E-02   0.00000E+00
      UV_GQQt =   0.00000E+00  -0.48815E-02
   UVWfct_G_2 =   0.40088E-02   0.00000E+00
       R2_DDA =   0.00000E+00   0.25704E-02
       R2_UUA =  -0.00000E+00  -0.51409E-02
    R2_DDZ_V2 =   0.00000E+00   0.72127E-02
    R2_UUZ_V2 =  -0.00000E+00  -0.72127E-02
    R2_UUZ_V5 =   0.00000E+00   0.68702E-03
      R2_GGHt =   0.00000E+00  -0.45657E+01
     R2_GGZup =  -0.46369E-02   0.00000E+00
   R2_GGZdown =   0.46369E-02   0.00000E+00
 R2_GGGZvecUp =   0.00000E+00   0.28750E-03
 R2_GGGZvecDown  -0.00000E+00  -0.49665E-03
 R2_GGGZaxialUp  -0.00000E+00  -0.63522E-02
 R2_GGGZaxialDow  0.00000E+00   0.63522E-02
 R2_GGGAvecUp =   0.00000E+00   0.78251E-03
 R2_GGGAvecDown  -0.00000E+00  -0.39126E-03
         GC_4 =  -0.12177E+01   0.00000E+00
         GC_5 =   0.00000E+00   0.12177E+01
         GC_6 =   0.00000E+00   0.14828E+01
       R2_3Gq =   0.76230E-02   0.00000E+00
       R2_3Gg =   0.31445E-01   0.00000E+00
       R2_GQQ =  -0.00000E+00  -0.30492E-01
       R2_GGq =   0.00000E+00   0.62601E-02
       R2_GGt =  -0.00000E+00  -0.11242E+04
     R2_GGg_1 =   0.00000E+00   0.28170E-01
     R2_GGg_2 =  -0.00000E+00  -0.18780E-01
       R2_QQq =   0.00000E+00   0.12520E-01
  UV_3Gg_1eps =   0.62890E-01   0.00000E+00
  UV_3Gb_1eps =  -0.38115E-02   0.00000E+00
 UV_GQQg_1eps =   0.00000E+00  -0.62890E-01
 UV_GQQq_1eps =   0.00000E+00   0.38115E-02
 UVWfct_G_2_1eps -0.31300E-02   0.00000E+00
         GC_1 =  -0.00000E+00  -0.10265E+00
         GC_2 =   0.00000E+00   0.20530E+00
        GC_21 =  -0.00000E+00  -0.28804E+00
        GC_22 =   0.00000E+00   0.28804E+00
        GC_23 =  -0.00000E+00  -0.27437E-01
        GC_24 =   0.00000E+00   0.82310E-01
        GC_37 =  -0.00000E+00  -0.70263E+00
        GC_38 =  -0.00000E+00  -0.72172E-02
      GC_1003 =  -0.00000E+00  -0.30795E+00

 Collider parameters:
 --------------------

 Running at P P   machine @    13000.000000000000       GeV
 PDF set = lhapdf 
 alpha_s(Mz)= 0.1180 running at 3 loops.
 alpha_s(Mz)= 0.1180 running at 3 loops.
 Renormalization scale set on event-by-event basis
 Factorization   scale set on event-by-event basis


 ===============================================================
 INFO: MadFKS read these parameters from FKS_params.dat
 ===============================================================
  > IRPoleCheckThreshold      =    1.0000000000000001E-005
  > PrecisionVirtualAtRunTime =    1.0000000000000000E-003
  > NHelForMCoverHels         =            4
  > VirtualFraction           =    1.0000000000000000     
  > MinVirtualFraction        =    5.0000000000000001E-003
 ===============================================================
  Insert the number of points to test
 Insert the relative tolerance
  A negative number will mean use the default one:    1.0000000000000001E-005
Using random seed offsets:     0 ,    108 ,      0
  with seed                   32
 Ranmar initialization seeds       10729        9514
  ========================================================================================== 
 {                                                                                          }
 {       [32m                                                                            [0m       }
 {       [32m                               ,,                                           [0m       }
 {       [32m`7MMM.     ,MMF'             `7MM  `7MMF'                                   [0m       }
 {       [32m  MMMb    dPMM                 MM    MM                                     [0m       }
 {       [32m  M YM   ,M MM   ,6"Yb.   ,M""bMM    MM         ,pW"Wq.   ,pW"Wq.`7MMpdMAo. [0m       }
 {       [32m  M  Mb  M' MM  8)   MM ,AP    MM    MM        6W'   `Wb 6W'   `Wb MM   `Wb [0m       }
 {       [32m  M  YM.P'  MM   ,pm9MM 8MI    MM    MM      , 8M     M8 8M     M8 MM    M8 [0m       }
 {       [32m  M  `YM'   MM  8M   MM `Mb    MM    MM     ,M YA.   ,A9 YA.   ,A9 MM   ,AP [0m       }
 {       [32m.JML. `'  .JMML.`Moo9^Yo.`Wbmd"MML..JMMmmmmMMM  `Ybmd9'   `Ybmd9'  MMbmmd'  [0m       }
 {       [32m                                                                   MM       [0m       }
 {       [32m                                                                 .JMML.     [0m       }
 {       [32m[0mv2.4.2 (2016-06-10), Ref: arXiv:1103.0621v2, arXiv:1405.0301[32m                [0m       }
 {       [32m                                                                            [0m       }
 {                                                                                          }
  ========================================================================================== 
 ===============================================================
 INFO: MadLoop read these parameters from ./MadLoop5_resources/MadLoopParams.dat                                                                                                                                                                                                                                                                                                                                                                                                                                                                                          
 ===============================================================
  > MLReductionLib            = 6|1|2
  > IREGIMODE                 =            2
  > IREGIRECY                 =  T
  > CTModeRun                 =           -1
  > MLStabThres               =    1.0000000000000000E-003
  > NRotations_DP             =            1
  > NRotations_QP             =            0
  > CTStabThres               =    1.0000000000000000E-002
  > CTLoopLibrary             =            2
  > CTModeInit                =            1
  > CheckCycle                =            3
  > MaxAttempts               =           10
  > UseLoopFilter             =  F
  > HelicityFilterLevel       =            2
  > ImprovePSPoint            =            2
  > DoubleCheckHelicityFilter =  T
  > LoopInitStartOver         =  F
  > HelInitStartOver          =  F
  > ZeroThres                 =    1.0000000000000001E-009
  > OSThres                   =    1.0000000000000000E-008
  > WriteOutFilters           =  T
  > UseQPIntegrandForNinja    =  F
  > UseQPIntegrandForCutTools =  T
 ===============================================================
  
------------------------------------------------------------------------
|              You are using CutTools - Version 1.9.3                  |
|              Authors: G. Ossola, C. Papadopoulos, R. Pittau          |
|              Published in JHEP 0803:042,2008                         |
|              http://www.ugr.es/~pittau/CutTools                      |
|                                                                      |
|              Compiler with  34  significant digits detetected        |
 ---------------------------------------------------------------------- 
   
########################################################################
#                                                                      #
#                      You are using OneLOop-3.6                       #
#                                                                      #
# for the evaluation of 1-loop scalar 1-, 2-, 3- and 4-point functions #
#                                                                      #
# author: Andreas van Hameren <hamerenREMOVETHIS@ifj.edu.pl>           #
#   date: 18-02-2015                                                   #
#                                                                      #
# Please cite                                                          #
#    A. van Hameren,                                                   #
#      Comput.Phys.Commun. 182 (2011) 2427-2438, arXiv:1007.4716       #
#    A. van Hameren, C.G. Papadopoulos and R. Pittau,                  #
#      JHEP 0909:106,2009, arXiv:0903.4665                             #
# in publications with results obtained with the help of this program. #
#                                                                      #
########################################################################
 PASSED   1.0000000000000001E-005
 MU_R    =    325.00000000000000     
 ALPHA_S =   0.11799999999999999     
 BORN                    1.1574477855468886E-008
 SINGLE POLE (MadFKS)   -4.3201323640763623E-010
 DOUBLE POLE (MadFKS)   -1.1593171893325616E-009
 SINGLE POLE (MadLoop)  -4.3201323640762274E-010
 DOUBLE POLE (MadLoop)  -1.1593171893325705E-009
 FINITE PART (MadLoop)   6.6216536850798986E-009
   325.00000000000000        0.0000000000000000        0.0000000000000000        325.00000000000000        0.0000000000000000     
   325.00000000000000        0.0000000000000000        0.0000000000000000       -325.00000000000000        0.0000000000000000     
   90.194221726861130        6.9609967038793652        69.123028065561101       -57.492533600898255        1.7769999999999999     
   21.457163967983590        14.609961708442958        2.8873653632991472       -15.344845932285676        1.7769999999999999     
   251.21569627270807       -175.50915228283151        169.94665406683328        58.514940743637986        0.0000000000000000     
   287.13291803244726        153.93819387050920       -241.95704749569353        14.322438789545972        0.0000000000000000     

 PASSED   1.0000000000000001E-005
 MU_R    =    325.00000000000000     
 ALPHA_S =   0.11799999999999999     
 BORN                    4.4740980487528729E-010
 SINGLE POLE (MadFKS)   -5.1684764081886867E-011
 DOUBLE POLE (MadFKS)   -4.4813242026530754E-011
 SINGLE POLE (MadLoop)  -5.1684764081885549E-011
 DOUBLE POLE (MadLoop)  -4.4813242026530780E-011
 FINITE PART (MadLoop)   2.1311172492708099E-010
   325.00000000000000        0.0000000000000000        0.0000000000000000        325.00000000000000        0.0000000000000000     
   325.00000000000000        0.0000000000000000        0.0000000000000000       -325.00000000000000        0.0000000000000000     
   33.527379925748654        8.6247007824246893        27.121364999174158        17.634442794732895        1.7769999999999999     
   143.10096071867551        61.547081429678556       -86.449727517859728       -95.985043674440391        1.7769999999999999     
   209.43553854293782        1.0605333933963628        126.82783317450138       -166.66379572646457        0.0000000000000000     
   263.93612081263802       -71.232315605499508       -67.499470655815827        245.01439660617206        0.0000000000000000     

 PASSED   1.0000000000000001E-005
 MU_R    =    325.00000000000000     
 ALPHA_S =   0.11799999999999999     
 BORN                    8.0538610516601822E-012
 SINGLE POLE (MadFKS)   -1.1356211284793767E-012
 DOUBLE POLE (MadFKS)   -8.0668689113038412E-013
 SINGLE POLE (MadLoop)  -1.1356211284793802E-012
 DOUBLE POLE (MadLoop)  -8.0668689113038432E-013
 FINITE PART (MadLoop)   3.3584719819395359E-012
   325.00000000000000        0.0000000000000000        0.0000000000000000        325.00000000000000        0.0000000000000000     
   325.00000000000000        0.0000000000000000        0.0000000000000000       -325.00000000000000        0.0000000000000000     
   104.81835739872743       -71.676371991624251       -26.022202142003032       -71.896265637141326        1.7769999999999999     
   220.98759128517577        15.539307354922645        197.19354429340532        98.516972085818551        1.7769999999999999     
   167.31815957625079        100.11187698132494       -54.895616749742807       -122.30882990579684        0.0000000000000000     
   156.87589173984614       -43.974812344623317       -116.27572540165946        95.688123457119659        0.0000000000000000     

 PASSED   1.0000000000000001E-005
 MU_R    =    325.00000000000000     
 ALPHA_S =   0.11799999999999999     
 BORN                    6.4370051402488014E-012
 SINGLE POLE (MadFKS)   -1.5076908671380624E-012
 DOUBLE POLE (MadFKS)   -6.4474016021262511E-013
 SINGLE POLE (MadLoop)  -1.5076908671380699E-012
 DOUBLE POLE (MadLoop)  -6.4474016021261925E-013
 FINITE PART (MadLoop)   1.2578224618069456E-012
   325.00000000000000        0.0000000000000000        0.0000000000000000        325.00000000000000        0.0000000000000000     
   325.00000000000000        0.0000000000000000        0.0000000000000000       -325.00000000000000        0.0000000000000000     
   224.03691140277496       -54.316173876511016        135.01555058189942        170.32302926609196        1.7769999999999999     
   206.32174482211352       -141.03125216917493       -110.62811913444307       -102.16217414391383        1.7769999999999999     
   128.23203879844954        108.56411572574856       -46.547670405824768       -49.905940837580154        0.0000000000000000     
   91.409304976662838        86.783310319937414        22.160238958368360       -18.254914284597948        0.0000000000000000     

 PASSED   1.0000000000000001E-005
 MU_R    =    325.00000000000000     
 ALPHA_S =   0.11799999999999999     
 BORN                    1.3842507498408701E-011
 SINGLE POLE (MadFKS)   -1.6747462782900402E-012
 DOUBLE POLE (MadFKS)   -1.3864864650276683E-012
 SINGLE POLE (MadLoop)  -1.6747462782925845E-012
 DOUBLE POLE (MadLoop)  -1.3864864650276835E-012
 FINITE PART (MadLoop)   7.8852372104794462E-012
   325.00000000000000        0.0000000000000000        0.0000000000000000        325.00000000000000        0.0000000000000000     
   325.00000000000000        0.0000000000000000        0.0000000000000000       -325.00000000000000        0.0000000000000000     
   198.97397065566892        170.73582251821810        7.5034399769166953        101.88454528054461        1.7769999999999999     
   182.78755689521486       -175.76202068070936       -49.890936067432193        5.1710551409432446        1.7769999999999999     
   156.37564542274464        81.067293185884580        114.82425490574519       -68.533400194607594        0.0000000000000000     
   111.86282702637347       -76.041095023393339       -72.436758815229695       -38.522200226880301        0.0000000000000000     

 PASSED   1.0000000000000001E-005
 MU_R    =    325.00000000000000     
 ALPHA_S =   0.11799999999999999     
 BORN                    1.8034975827581490E-009
 SINGLE POLE (MadFKS)   -2.4618427654179181E-010
 DOUBLE POLE (MadFKS)   -1.8064104270788690E-010
 SINGLE POLE (MadLoop)  -2.4618427654180272E-010
 DOUBLE POLE (MadLoop)  -1.8064104270788995E-010
 FINITE PART (MadLoop)   4.8002618465656403E-010
   325.00000000000000        0.0000000000000000        0.0000000000000000        325.00000000000000        0.0000000000000000     
   325.00000000000000        0.0000000000000000        0.0000000000000000       -325.00000000000000        0.0000000000000000     
   109.83079264076110       -81.608697429162277       -73.331679270693641       -4.7043174163130912        1.7769999999999999     
   192.34208120060111       -64.018394499443858       -166.37963458088930       -72.192664682929916        1.7769999999999999     
   56.318539004854991        44.795912377819235       -27.783610009661395        19.828643037564603        0.0000000000000000     
   291.50858715378274        100.83117955078690        267.49492386124427        57.068339061678465        0.0000000000000000     

 PASSED   1.0000000000000001E-005
 MU_R    =    325.00000000000000     
 ALPHA_S =   0.11799999999999999     
 BORN                    3.4782129181502995E-007
 SINGLE POLE (MadFKS)   -2.6505833040196272E-008
 DOUBLE POLE (MadFKS)   -3.4838306094861505E-008
 SINGLE POLE (MadLoop)  -2.6505833040196103E-008
 DOUBLE POLE (MadLoop)  -3.4838306094862021E-008
 FINITE PART (MadLoop)   1.6390972503865628E-007
   325.00000000000000        0.0000000000000000        0.0000000000000000        325.00000000000000        0.0000000000000000     
   325.00000000000000        0.0000000000000000        0.0000000000000000       -325.00000000000000        0.0000000000000000     
   164.27549096326464        134.93591148925967        2.6233337623827269       -93.641321609402070        1.7769999999999999     
   43.716484672982766        11.194408407189165       -38.417128535963798       -17.515215060838578        1.7769999999999999     
   266.60928242663590       -191.69784080834239        183.20251735972994        27.735986344872749        0.0000000000000000     
   175.39874193711665        45.567520911893553       -147.40872258614883        83.420550325367884        0.0000000000000000     

 PASSED   1.0000000000000001E-005
 MU_R    =    325.00000000000000     
 ALPHA_S =   0.11799999999999999     
 BORN                    4.0763017042420145E-012
 SINGLE POLE (MadFKS)   -7.5586165237994556E-013
 DOUBLE POLE (MadFKS)   -4.0828853738749857E-013
 SINGLE POLE (MadLoop)  -7.5586165238035450E-013
 DOUBLE POLE (MadLoop)  -4.0828853738749973E-013
 FINITE PART (MadLoop)   1.9346608019384774E-012
   325.00000000000000        0.0000000000000000        0.0000000000000000        325.00000000000000        0.0000000000000000     
   325.00000000000000        0.0000000000000000        0.0000000000000000       -325.00000000000000        0.0000000000000000     
   260.84679158039660        250.62996612729671       -71.513002026101546       -10.411607418249101        1.7769999999999999     
   195.90597353024879       -186.14953932502729        31.452119717672954       -52.298240029467678        1.7769999999999999     
   48.892648704448675        40.058522823969177      -0.90734505770824558       -28.017540424605791        0.0000000000000000     
   144.35458618490654       -104.53894962623866        40.968227366136794        90.727387872322552        0.0000000000000000     

 PASSED   1.0000000000000001E-005
 MU_R    =    325.00000000000000     
 ALPHA_S =   0.11799999999999999     
 BORN                    1.8555229649882598E-011
 SINGLE POLE (MadFKS)   -2.0367033440955318E-012
 DOUBLE POLE (MadFKS)   -1.8585198359473355E-012
 SINGLE POLE (MadLoop)  -2.0367033440976272E-012
 DOUBLE POLE (MadLoop)  -1.8585198359473266E-012
 FINITE PART (MadLoop)   9.8215688994351963E-012
   325.00000000000000        0.0000000000000000        0.0000000000000000        325.00000000000000        0.0000000000000000     
   325.00000000000000        0.0000000000000000        0.0000000000000000       -325.00000000000000        0.0000000000000000     
   151.85906739847684        72.353390475135598       -121.58938062760052        55.127380016505278        1.7769999999999999     
   126.53157008857588       -123.65766569964485       -15.932361034251713        21.494699013229688        1.7769999999999999     
   164.17006252834139       -111.12774942335189        15.933018495928504       -119.78552358389832        0.0000000000000000     
   207.43929998460587        162.43202464786111        121.58872316592368        43.163444554163348        0.0000000000000000     

 PASSED   1.0000000000000001E-005
 MU_R    =    325.00000000000000     
 ALPHA_S =   0.11799999999999999     
 BORN                    3.5351023081756515E-010
 SINGLE POLE (MadFKS)   -3.5492499729410701E-011
 DOUBLE POLE (MadFKS)   -3.5408118820503142E-011
 SINGLE POLE (MadLoop)  -3.5492499729411787E-011
 DOUBLE POLE (MadLoop)  -3.5408118820503038E-011
 FINITE PART (MadLoop)   1.2893820655601624E-010
   325.00000000000000        0.0000000000000000        0.0000000000000000        325.00000000000000        0.0000000000000000     
   325.00000000000000        0.0000000000000000        0.0000000000000000       -325.00000000000000        0.0000000000000000     
   27.405068393781026        10.588004464191531        21.659311143380435       -12.909238820639741        1.7769999999999999     
   247.57564923722737        144.48494335024429       -120.55714715758191        160.87454671431550        1.7769999999999999     
   89.082293091147122        51.598338032842435       -63.450979677768288       -35.316279993184573        0.0000000000000000     
   285.93698927784453       -206.67128584727828        162.34881569196975       -112.64902790049122        0.0000000000000000     

 PASSED   1.0000000000000001E-005
 MU_R    =    325.00000000000000     
 ALPHA_S =   0.11799999999999999     
 BORN                    4.0934606129630101E-011
 SINGLE POLE (MadFKS)   -4.6716079033794602E-012
 DOUBLE POLE (MadFKS)   -4.1000719960957369E-012
 SINGLE POLE (MadLoop)  -4.6716079033792858E-012
 DOUBLE POLE (MadLoop)  -4.1000719960955721E-012
 FINITE PART (MadLoop)   2.5613457656561830E-011
   325.00000000000000        0.0000000000000000        0.0000000000000000        325.00000000000000        0.0000000000000000     
   325.00000000000000        0.0000000000000000        0.0000000000000000       -325.00000000000000        0.0000000000000000     
   122.57095186137703        103.28895604706348        50.031130474549528       -42.997186574826024        1.7769999999999999     
   225.18830038731755       -205.00428546150863       -47.883320309762190       -79.918980729597550        1.7769999999999999     
   94.687746321513345       -85.879443831117513       -18.074033927292618        35.550242310007881        0.0000000000000000     
   207.55300142979704        187.59477324556264        15.926223762505286        87.365924994415693        0.0000000000000000     

 PASSED   1.0000000000000001E-005
 MU_R    =    325.00000000000000     
 ALPHA_S =   0.11799999999999999     
 BORN                    9.0467296719070848E-012
 SINGLE POLE (MadFKS)   -2.0667136524065498E-012
 DOUBLE POLE (MadFKS)   -9.0613411221235031E-013
 SINGLE POLE (MadLoop)  -2.0667136524064957E-012
 DOUBLE POLE (MadLoop)  -9.0613411221234456E-013
 FINITE PART (MadLoop)   2.3528868414480800E-012
   325.00000000000000        0.0000000000000000        0.0000000000000000        325.00000000000000        0.0000000000000000     
   325.00000000000000        0.0000000000000000        0.0000000000000000       -325.00000000000000        0.0000000000000000     
   205.59070605992332       -168.90182596758660        109.88426195543596        40.767669157581466        1.7769999999999999     
   186.27282117266822        63.937191990512794        78.050162439416113       -156.57143354448132        1.7769999999999999     
   92.003661861369608        38.263759711656817       -83.511442371070999        5.1378479671080139        0.0000000000000000     
   166.13281090604045        66.700874265416957       -104.42298202378102        110.66591641979178        0.0000000000000000     

 PASSED   1.0000000000000001E-005
 MU_R    =    325.00000000000000     
 ALPHA_S =   0.11799999999999999     
 BORN                    1.3480562905713837E-009
 SINGLE POLE (MadFKS)   -1.9116610949710959E-010
 DOUBLE POLE (MadFKS)   -1.3502335477784583E-010
 SINGLE POLE (MadLoop)  -1.9116610949710540E-010
 DOUBLE POLE (MadLoop)  -1.3502335477784640E-010
 FINITE PART (MadLoop)   4.3166185123086265E-010
   325.00000000000000        0.0000000000000000        0.0000000000000000        325.00000000000000        0.0000000000000000     
   325.00000000000000        0.0000000000000000        0.0000000000000000       -325.00000000000000        0.0000000000000000     
   203.71827239589231       -155.58289400683859       -106.07547061961237        77.717014895398322        1.7769999999999999     
   110.53871919575076       -30.591171631729782       -24.821124161605585        103.26539946172312        1.7769999999999999     
   70.609269477331878        60.021636607053004       -33.681209838799340       -15.768582020210703        0.0000000000000000     
   265.13373893102505        126.15242903151535        164.57780462001730       -165.21383233691074        0.0000000000000000     

 PASSED   1.0000000000000001E-005
 MU_R    =    325.00000000000000     
 ALPHA_S =   0.11799999999999999     
 BORN                    2.4818210662990675E-010
 SINGLE POLE (MadFKS)   -5.5835429117848314E-011
 DOUBLE POLE (MadFKS)   -2.4858294766607584E-011
 SINGLE POLE (MadLoop)  -5.5835429117844411E-011
 DOUBLE POLE (MadLoop)  -2.4858294766606712E-011
 FINITE PART (MadLoop)   2.2113878075425370E-011
   325.00000000000000        0.0000000000000000        0.0000000000000000        325.00000000000000        0.0000000000000000     
   325.00000000000000        0.0000000000000000        0.0000000000000000       -325.00000000000000        0.0000000000000000     
Thanks for using LHAPDF 6.2.1. Please make sure to cite the paper:
  Eur.Phys.J. C75 (2015) 3, 132  (http://arxiv.org/abs/1412.7420)
   128.77875387429631        44.975226773339521        115.14765473108424       -36.042423711985343        1.7769999999999999     
   193.36089580303397        53.909448847711602        139.25396470094051       -122.83070844360108        1.7769999999999999     
   36.521945821173063       -27.241416315168642       -23.939198265953340       -4.3211746194456113        0.0000000000000000     
   291.33840450150211       -71.643259305882466       -230.46242116607138        163.19430677503200        0.0000000000000000     

 PASSED   1.0000000000000001E-005
 MU_R    =    325.00000000000000     
 ALPHA_S =   0.11799999999999999     
 BORN                    1.8930394807907677E-011
 SINGLE POLE (MadFKS)   -1.5783389672670034E-012
 DOUBLE POLE (MadFKS)   -1.8960969449943442E-012
 SINGLE POLE (MadLoop)  -1.5783389672669800E-012
 DOUBLE POLE (MadLoop)  -1.8960969449943458E-012
 FINITE PART (MadLoop)   1.1926420087553157E-011
   325.00000000000000        0.0000000000000000        0.0000000000000000        325.00000000000000        0.0000000000000000     
   325.00000000000000        0.0000000000000000        0.0000000000000000       -325.00000000000000        0.0000000000000000     
   183.98931631809774        159.76971935497207       -89.944843883085568        15.247053035975837        1.7769999999999999     
   114.29371940171352       -103.86466721715604       -25.848079600407221        40.048773395924044        1.7769999999999999     
   197.77062411399862       -188.97090932888639        58.230047684867664       -3.5322424141558586        0.0000000000000000     
   153.94634016619017        133.06585719107039        57.562875798625129       -51.763584017744016        0.0000000000000000     

 PASSED   1.0000000000000001E-005
 MU_R    =    325.00000000000000     
 ALPHA_S =   0.11799999999999999     
 BORN                    4.6573711713586345E-011
 SINGLE POLE (MadFKS)   -4.8514984851473158E-012
 DOUBLE POLE (MadFKS)   -4.6648933312415606E-012
 SINGLE POLE (MadLoop)  -4.8514984851473812E-012
 DOUBLE POLE (MadLoop)  -4.6648933312415331E-012
 FINITE PART (MadLoop)   2.9632011353385681E-011
   325.00000000000000        0.0000000000000000        0.0000000000000000        325.00000000000000        0.0000000000000000     
   325.00000000000000        0.0000000000000000        0.0000000000000000       -325.00000000000000        0.0000000000000000     
   221.28527812750653        139.82353436556610       -134.31574592698317        106.64275043605799        1.7769999999999999     
   179.83335889120787       -75.411220055722254        163.01948436574898        8.6414609833477858        1.7769999999999999     
   63.295447312987179        6.6490040976929583        51.445343622205840        36.269560441962355        0.0000000000000000     
   185.58591566829989       -71.061318407536859       -80.149082060971637       -151.55377186136809        0.0000000000000000     

 PASSED   1.0000000000000001E-005
 MU_R    =    325.00000000000000     
 ALPHA_S =   0.11799999999999999     
 BORN                    4.1981173763954641E-011
 SINGLE POLE (MadFKS)   -6.9882462062882614E-012
 DOUBLE POLE (MadFKS)   -4.2048977915590087E-012
 SINGLE POLE (MadLoop)  -6.9882462062881855E-012
 DOUBLE POLE (MadLoop)  -4.2048977915590136E-012
 FINITE PART (MadLoop)   1.6016384490693045E-011
   325.00000000000000        0.0000000000000000        0.0000000000000000        325.00000000000000        0.0000000000000000     
   325.00000000000000        0.0000000000000000        0.0000000000000000       -325.00000000000000        0.0000000000000000     
   175.59417607291303       -70.231741936142186        36.771081514494384        156.67018519997580        1.7769999999999999     
   291.16878341047249        197.18713361082106       -92.060646860069482       -193.43777899311297        1.7769999999999999     
   118.56174778354621       -73.132829547211358        58.810495231173363        72.455523809933823        0.0000000000000000     
   64.675292733069028       -53.822562127467478       -3.5209298855982660       -35.687930016796649        0.0000000000000000     

 PASSED   1.0000000000000001E-005
 MU_R    =    325.00000000000000     
 ALPHA_S =   0.11799999999999999     
 BORN                    2.7299110458081898E-011
 SINGLE POLE (MadFKS)   -6.0280001467212417E-012
 DOUBLE POLE (MadFKS)   -2.7343201484107515E-012
 SINGLE POLE (MadLoop)  -6.0280001467191333E-012
 DOUBLE POLE (MadLoop)  -2.7343201484105370E-012
 FINITE PART (MadLoop)  -2.3427230194038159E-012
   325.00000000000000        0.0000000000000000        0.0000000000000000        325.00000000000000        0.0000000000000000     
   325.00000000000000        0.0000000000000000        0.0000000000000000       -325.00000000000000        0.0000000000000000     
   235.87130458671348       -29.067503365635623        183.56198385218428        145.23151493659140        1.7769999999999999     
   124.50060886024487       -123.64941274634478       -14.378734772726578        1.1482993474433292        1.7769999999999999     
   41.382758052704190       -9.0865400027962160       -15.854239197304064       -37.129645221856144        0.0000000000000000     
   248.24532850034174        161.80345611477659       -153.32900988215360       -109.25016906217860        0.0000000000000000     

 PASSED   1.0000000000000001E-005
 MU_R    =    325.00000000000000     
 ALPHA_S =   0.11799999999999999     
 BORN                    5.9497984222317793E-011
 SINGLE POLE (MadFKS)   -1.0435314408005838E-011
 DOUBLE POLE (MadFKS)   -5.9594079923855258E-012
 SINGLE POLE (MadLoop)  -1.0435314408006677E-011
 DOUBLE POLE (MadLoop)  -5.9594079923858368E-012
 FINITE PART (MadLoop)   2.4619543066943432E-011
   325.00000000000000        0.0000000000000000        0.0000000000000000        325.00000000000000        0.0000000000000000     
   325.00000000000000        0.0000000000000000        0.0000000000000000       -325.00000000000000        0.0000000000000000     
   62.039541844320219        55.448613410524928        4.1047703161714528       -27.465417432742477        1.7769999999999999     
   253.99268751770353        238.62779714297352        80.937857034233986       -31.858520255397071        1.7769999999999999     
   133.33120306748577       -95.406485399597628       -87.677154737685953        31.424970838862624        0.0000000000000000     
   200.63656757049043       -198.66992515390081        2.6345273872805191        27.898966849277013        0.0000000000000000     

 PASSED   1.0000000000000001E-005
 MU_R    =    325.00000000000000     
 ALPHA_S =   0.11799999999999999     
 BORN                    7.1288375756896762E-011
 SINGLE POLE (MadFKS)   -1.3974077615052430E-011
 DOUBLE POLE (MadFKS)   -7.1403514220314749E-012
 SINGLE POLE (MadLoop)  -1.3974077615052084E-011
 DOUBLE POLE (MadLoop)  -7.1403514220313845E-012
 FINITE PART (MadLoop)   4.7661779827630067E-012
   325.00000000000000        0.0000000000000000        0.0000000000000000        325.00000000000000        0.0000000000000000     
   325.00000000000000        0.0000000000000000        0.0000000000000000       -325.00000000000000        0.0000000000000000     
   168.96292264084977        66.868507015390747       -153.06505057930340        25.396939953973252        1.7769999999999999     
   166.15339787748403        80.289950931819220       -89.640327860685545       -114.55098994608635        1.7769999999999999     
   240.20430308459180       -83.197861144025921        217.10992579355272        60.328295544726508        0.0000000000000000     
   74.679376397078045       -63.960596803184025        25.595452646436250        28.825754447386508        0.0000000000000000     

 NUMBER OF POINTS PASSING THE CHECK          20
 NUMBER OF POINTS FAILING THE CHECK           0
 TOLERANCE    1.0000000000000001E-005
