==== LHAPDF6 USING DEFAULT-TYPE LHAGLUE INTERFACE ====
LHAPDF 6.2.1 loading /cvmfs/cms.cern.ch/slc6_amd64_gcc481/external/lhapdf/6.2.1/share/LHAPDF/NNPDF31_nnlo_hessian_pdfas/NNPDF31_nnlo_hessian_pdfas_0000.dat
NNPDF31_nnlo_hessian_pdfas PDF set, member #0, version 1; LHAPDF ID = 306000
 A PDF is used, so alpha_s(MZ) is going to be modified
 Old value of alpha_s from param_card:   0.11799999999999999     
 New value of alpha_s from PDF lhapdf :  0.11800208008122040     
 using LHAPDF
 *****************************************************
 *               MadGraph/MadEvent                   *
 *        --------------------------------           *
 *          http://madgraph.hep.uiuc.edu             *
 *          http://madgraph.phys.ucl.ac.be           *
 *          http://madgraph.roma2.infn.it            *
 *        --------------------------------           *
 *                                                   *
 *          PARAMETER AND COUPLING VALUES            *
 *                                                   *
 *****************************************************

  External Params
  ---------------------------------
  
 MU_R =    91.188000000000002     
 aEWM1 =    132.50700000000001     
 mdl_Gf =    1.1663900000000000E-005
 aS =   0.11799999999999999     
 mdl_lamWS =   0.22530000000000000     
 mdl_AWS =   0.80800000000000005     
 mdl_rhoWS =   0.13200000000000001     
 mdl_etaWS =   0.34100000000000003     
 mdl_ymt =    173.00000000000000     
 mdl_ymtau =    1.7769999999999999     
 mdl_MT =    173.00000000000000     
 mdl_MZ =    91.188000000000002     
 mdl_MH =    125.00000000000000     
 mdl_MTA =    1.7769999999999999     
 mdl_WT =    1.4915000000000000     
 mdl_WZ =    2.4414039999999999     
 mdl_WW =    2.0476000000000001     
 mdl_WH =    6.3823389999999999E-003
  Internal Params
  ---------------------------------
  
 mdl_CKM33 =    1.0000000000000000     
 mdl_conjg__CKM3x3 =    1.0000000000000000     
 mdl_I4x33 =    0.0000000000000000     
 mdl_I1x33 =    0.0000000000000000     
 mdl_lhv =    1.0000000000000000     
 mdl_CKM3x3 =    1.0000000000000000     
 mdl_conjg__CKM33 =    1.0000000000000000     
 mdl_Ncol =    3.0000000000000000     
 mdl_CA =    3.0000000000000000     
 mdl_TF =   0.50000000000000000     
 mdl_CF =    1.3333333333333333     
 mdl_lamWS__exp__2 =    5.0760090000000001E-002
 mdl_CKM11 =  ( 0.97461995499999998     ,  0.0000000000000000     )
 mdl_CKM12 =  ( 0.22530000000000000     ,  0.0000000000000000     )
 mdl_complexi =  (  0.0000000000000000     ,  1.0000000000000000     )
 mdl_lamWS__exp__3 =    1.1436248277000001E-002
 mdl_CKM13 =  (  1.2197444962317122E-003, -3.1510066152652563E-003)
 mdl_CKM21 =  (-0.22530000000000000     ,  0.0000000000000000     )
 mdl_CKM22 =  ( 0.97461995499999998     ,  0.0000000000000000     )
 mdl_CKM23 =  (  4.1014152720000002E-002,  0.0000000000000000     )
 mdl_CKM31 =  (  8.0207441115842885E-003, -3.1510066152652563E-003)
 mdl_CKM32 =  ( -4.1014152720000002E-002,  0.0000000000000000     )
 mdl_MZ__exp__2 =    8315.2513440000002     
 mdl_MZ__exp__4 =    69143404.913893804     
 mdl_sqrt__2 =    1.4142135623730951     
 mdl_MH__exp__2 =    15625.000000000000     
 mdl_CKM1x1 =  ( 0.97461995499999998     ,  0.0000000000000000     )
 mdl_CKM1x2 =  ( 0.22530000000000000     ,  0.0000000000000000     )
 mdl_CKM1x3 =  (  1.2197444962317122E-003, -3.1510066152652563E-003)
 mdl_CKM2x1 =  (-0.22530000000000000     ,  0.0000000000000000     )
 mdl_CKM2x2 =  ( 0.97461995499999998     ,  0.0000000000000000     )
 mdl_CKM2x3 =  (  4.1014152720000002E-002,  0.0000000000000000     )
 mdl_CKM3x1 =  (  8.0207441115842885E-003, -3.1510066152652563E-003)
 mdl_CKM3x2 =  ( -4.1014152720000002E-002,  0.0000000000000000     )
 mdl_conjg__CKM1x3 =  (  1.2197444962317122E-003,  3.1510066152652563E-003)
 mdl_conjg__CKM2x3 =  (  4.1014152720000002E-002, -0.0000000000000000     )
 mdl_conjg__CKM2x1 =  (-0.22530000000000000     , -0.0000000000000000     )
 mdl_conjg__CKM3x1 =  (  8.0207441115842885E-003,  3.1510066152652563E-003)
 mdl_conjg__CKM2x2 =  ( 0.97461995499999998     , -0.0000000000000000     )
 mdl_conjg__CKM3x2 =  ( -4.1014152720000002E-002, -0.0000000000000000     )
 mdl_Ncol__exp__2 =    9.0000000000000000     
 mdl_MT__exp__2 =    29929.000000000000     
 mdl_conjg__CKM11 =  ( 0.97461995499999998     , -0.0000000000000000     )
 mdl_conjg__CKM12 =  ( 0.22530000000000000     , -0.0000000000000000     )
 mdl_conjg__CKM13 =  (  1.2197444962317122E-003,  3.1510066152652563E-003)
 mdl_conjg__CKM21 =  (-0.22530000000000000     , -0.0000000000000000     )
 mdl_conjg__CKM22 =  ( 0.97461995499999998     , -0.0000000000000000     )
 mdl_conjg__CKM23 =  (  4.1014152720000002E-002, -0.0000000000000000     )
 mdl_conjg__CKM31 =  (  8.0207441115842885E-003,  3.1510066152652563E-003)
 mdl_conjg__CKM32 =  ( -4.1014152720000002E-002, -0.0000000000000000     )
 mdl_aEW =    7.5467711139788835E-003
 mdl_MW =    80.419002445756163     
 mdl_sqrt__aEW =    8.6872153846781555E-002
 mdl_ee =   0.30795376724436879     
 mdl_MW__exp__2 =    6467.2159543705357     
 mdl_sw2 =   0.22224648578577766     
 mdl_cw =   0.88190334743339216     
 mdl_sqrt__sw2 =   0.47143025548407230     
 mdl_sw =   0.47143025548407230     
 mdl_g1 =   0.34919219678733299     
 mdl_gw =   0.65323293034757990     
 mdl_v =    246.21845810181637     
 mdl_v__exp__2 =    60623.529110035903     
 mdl_lam =   0.12886910601690263     
 mdl_yt =   0.99366614581500623     
 mdl_ytau =    1.0206617000654717E-002
 mdl_muH =    88.388347648318430     
 mdl_AxialZUp =  -0.18517701861793787     
 mdl_AxialZDown =   0.18517701861793787     
 mdl_VectorZUp =    7.5430507588273299E-002
 mdl_VectorZDown =  -0.13030376310310560     
 mdl_VectorAUp =   0.20530251149624587     
 mdl_VectorADown =  -0.10265125574812294     
 mdl_VectorWmDxU =   0.23095271737156670     
 mdl_AxialWmDxU =  -0.23095271737156670     
 mdl_VectorWpUxD =   0.23095271737156670     
 mdl_AxialWpUxD =  -0.23095271737156670     
 mdl_I2x13 =  (  7.9699418879263656E-003,  3.1310485988282153E-003)
 mdl_I2x23 =  ( -4.0754375057150453E-002, -0.0000000000000000     )
 mdl_I2x33 =  ( 0.99366614581500623     ,  0.0000000000000000     )
 mdl_I3x31 =  (  7.9699418879263656E-003, -3.1310485988282153E-003)
 mdl_I3x32 =  ( -4.0754375057150453E-002,  0.0000000000000000     )
 mdl_I3x33 =  ( 0.99366614581500623     ,  0.0000000000000000     )
 mdl_Vector_tdGp =  ( -7.9699418879263656E-003, -3.1310485988282153E-003)
 mdl_Vector_tsGp =  (  4.0754375057150453E-002,  0.0000000000000000     )
 mdl_Vector_tbGp =  (-0.99366614581500623     ,  0.0000000000000000     )
 mdl_Axial_tdGp =  ( -7.9699418879263656E-003, -3.1310485988282153E-003)
 mdl_Axial_tsGp =  (  4.0754375057150453E-002,  0.0000000000000000     )
 mdl_Axial_tbGp =  (-0.99366614581500623     , -0.0000000000000000     )
 mdl_Vector_tdGm =  (  7.9699418879263656E-003, -3.1310485988282153E-003)
 mdl_Vector_tsGm =  ( -4.0754375057150453E-002,  0.0000000000000000     )
 mdl_Vector_tbGm =  ( 0.99366614581500623     ,  0.0000000000000000     )
 mdl_Axial_tdGm =  ( -7.9699418879263656E-003,  3.1310485988282153E-003)
 mdl_Axial_tsGm =  (  4.0754375057150453E-002, -0.0000000000000000     )
 mdl_Axial_tbGm =  (-0.99366614581500623     ,  0.0000000000000000     )
 mdl_gw__exp__2 =   0.42671326129048615     
 mdl_cw__exp__2 =   0.77775351421422245     
 mdl_ee__exp__2 =    9.4835522759998875E-002
 mdl_sw__exp__2 =   0.22224648578577769     
 mdl_yt__exp__2 =   0.98737240933884918     
  Internal Params evaluated point by point
  ----------------------------------------
  
 mdl_sqrt__aS =   0.34351128074635334     
 mdl_G__exp__4 =    2.1987899468922913     
 mdl_G__exp__2 =    1.4828317324943823     
 mdl_R2MixedFactor_FIN_ =   -2.5040377713124864E-002
 mdl_G_UVg_1EPS_ =   -5.1645779033320030E-002
 mdl_G_UVq_1EPS_ =    3.1300472141406080E-003
 mdl_G_UVb_1EPS_ =    3.1300472141406080E-003
 mdl_GWcft_UV_t_1EPS_ =   -3.1300472141406080E-003
 mdl_tWcft_UV_1EPS_ =   -1.8780283284843650E-002
 mdl_G__exp__3 =    1.8056676068262196     
 mdl_MU_R__exp__2 =    8315.2513440000002     
 mdl_G_UVt_FIN_ =   -4.0087659331150384E-003
 mdl_GWcft_UV_t_FIN_ =    4.0087659331150384E-003
 mdl_tWcft_UV_FIN_ =   -9.8778211443463623E-004
  Couplings of loop_sm-ckm_no_b_mass
  ---------------------------------
  
       UV_3Gt =   0.48815E-02   0.00000E+00
      UV_GQQt =   0.00000E+00  -0.48815E-02
   UVWfct_G_2 =   0.40088E-02   0.00000E+00
       R2_DDA =   0.00000E+00   0.25704E-02
       R2_UUA =  -0.00000E+00  -0.51409E-02
    R2_DDZ_V2 =   0.00000E+00   0.72127E-02
    R2_UUZ_V2 =  -0.00000E+00  -0.72127E-02
    R2_UUZ_V5 =   0.00000E+00   0.68702E-03
      R2_GGHt =   0.00000E+00  -0.45657E+01
     R2_GGZup =  -0.46369E-02   0.00000E+00
   R2_GGZdown =   0.46369E-02   0.00000E+00
 R2_GGGZvecUp =   0.00000E+00   0.28750E-03
 R2_GGGZvecDown  -0.00000E+00  -0.49665E-03
 R2_GGGZaxialUp  -0.00000E+00  -0.63522E-02
 R2_GGGZaxialDow  0.00000E+00   0.63522E-02
 R2_GGGAvecUp =   0.00000E+00   0.78251E-03
 R2_GGGAvecDown  -0.00000E+00  -0.39126E-03
         GC_4 =  -0.12177E+01   0.00000E+00
         GC_5 =   0.00000E+00   0.12177E+01
         GC_6 =   0.00000E+00   0.14828E+01
       R2_3Gq =   0.76230E-02   0.00000E+00
       R2_3Gg =   0.31445E-01   0.00000E+00
       R2_GQQ =  -0.00000E+00  -0.30492E-01
       R2_GGq =   0.00000E+00   0.62601E-02
       R2_GGt =  -0.00000E+00  -0.11242E+04
     R2_GGg_1 =   0.00000E+00   0.28170E-01
     R2_GGg_2 =  -0.00000E+00  -0.18780E-01
       R2_QQq =   0.00000E+00   0.12520E-01
  UV_3Gg_1eps =   0.62890E-01   0.00000E+00
  UV_3Gb_1eps =  -0.38115E-02   0.00000E+00
 UV_GQQg_1eps =   0.00000E+00  -0.62890E-01
 UV_GQQq_1eps =   0.00000E+00   0.38115E-02
 UVWfct_G_2_1eps -0.31300E-02   0.00000E+00
         GC_1 =  -0.00000E+00  -0.10265E+00
         GC_2 =   0.00000E+00   0.20530E+00
        GC_21 =  -0.00000E+00  -0.28804E+00
        GC_22 =   0.00000E+00   0.28804E+00
        GC_23 =  -0.00000E+00  -0.27437E-01
        GC_24 =   0.00000E+00   0.82310E-01
        GC_37 =  -0.00000E+00  -0.70263E+00
        GC_38 =  -0.00000E+00  -0.72172E-02
      GC_1003 =  -0.00000E+00  -0.30795E+00

 Collider parameters:
 --------------------

 Running at P P   machine @    13000.000000000000       GeV
 PDF set = lhapdf 
 alpha_s(Mz)= 0.1180 running at 3 loops.
 alpha_s(Mz)= 0.1180 running at 3 loops.
 Renormalization scale set on event-by-event basis
 Factorization   scale set on event-by-event basis


 ===============================================================
 INFO: MadFKS read these parameters from FKS_params.dat
 ===============================================================
  > IRPoleCheckThreshold      =    1.0000000000000001E-005
  > PrecisionVirtualAtRunTime =    1.0000000000000000E-003
  > NHelForMCoverHels         =            4
  > VirtualFraction           =    1.0000000000000000     
  > MinVirtualFraction        =    5.0000000000000001E-003
 ===============================================================
  Insert the number of points to test
 Insert the relative tolerance
  A negative number will mean use the default one:    1.0000000000000001E-005
Using random seed offsets:     0 ,     66 ,      0
  with seed                   32
 Ranmar initialization seeds       10729        9472
  ========================================================================================== 
 {                                                                                          }
 {       [32m                                                                            [0m       }
 {       [32m                               ,,                                           [0m       }
 {       [32m`7MMM.     ,MMF'             `7MM  `7MMF'                                   [0m       }
 {       [32m  MMMb    dPMM                 MM    MM                                     [0m       }
 {       [32m  M YM   ,M MM   ,6"Yb.   ,M""bMM    MM         ,pW"Wq.   ,pW"Wq.`7MMpdMAo. [0m       }
 {       [32m  M  Mb  M' MM  8)   MM ,AP    MM    MM        6W'   `Wb 6W'   `Wb MM   `Wb [0m       }
 {       [32m  M  YM.P'  MM   ,pm9MM 8MI    MM    MM      , 8M     M8 8M     M8 MM    M8 [0m       }
 {       [32m  M  `YM'   MM  8M   MM `Mb    MM    MM     ,M YA.   ,A9 YA.   ,A9 MM   ,AP [0m       }
 {       [32m.JML. `'  .JMML.`Moo9^Yo.`Wbmd"MML..JMMmmmmMMM  `Ybmd9'   `Ybmd9'  MMbmmd'  [0m       }
 {       [32m                                                                   MM       [0m       }
 {       [32m                                                                 .JMML.     [0m       }
 {       [32m[0mv2.4.2 (2016-06-10), Ref: arXiv:1103.0621v2, arXiv:1405.0301[32m                [0m       }
 {       [32m                                                                            [0m       }
 {                                                                                          }
  ========================================================================================== 
 ===============================================================
 INFO: MadLoop read these parameters from ./MadLoop5_resources/MadLoopParams.dat                                                                                                                                                                                                                                                                                                                                                                                                                                                                                          
 ===============================================================
  > MLReductionLib            = 6|1|2
  > IREGIMODE                 =            2
  > IREGIRECY                 =  T
  > CTModeRun                 =           -1
  > MLStabThres               =    1.0000000000000000E-003
  > NRotations_DP             =            1
  > NRotations_QP             =            0
  > CTStabThres               =    1.0000000000000000E-002
  > CTLoopLibrary             =            2
  > CTModeInit                =            1
  > CheckCycle                =            3
  > MaxAttempts               =           10
  > UseLoopFilter             =  F
  > HelicityFilterLevel       =            2
  > ImprovePSPoint            =            2
  > DoubleCheckHelicityFilter =  T
  > LoopInitStartOver         =  F
  > HelInitStartOver          =  F
  > ZeroThres                 =    1.0000000000000001E-009
  > OSThres                   =    1.0000000000000000E-008
  > WriteOutFilters           =  T
  > UseQPIntegrandForNinja    =  F
  > UseQPIntegrandForCutTools =  T
 ===============================================================
  
------------------------------------------------------------------------
|              You are using CutTools - Version 1.9.3                  |
|              Authors: G. Ossola, C. Papadopoulos, R. Pittau          |
|              Published in JHEP 0803:042,2008                         |
|              http://www.ugr.es/~pittau/CutTools                      |
|                                                                      |
|              Compiler with  34  significant digits detetected        |
 ---------------------------------------------------------------------- 
   
########################################################################
#                                                                      #
#                      You are using OneLOop-3.6                       #
#                                                                      #
# for the evaluation of 1-loop scalar 1-, 2-, 3- and 4-point functions #
#                                                                      #
# author: Andreas van Hameren <hamerenREMOVETHIS@ifj.edu.pl>           #
#   date: 18-02-2015                                                   #
#                                                                      #
# Please cite                                                          #
#    A. van Hameren,                                                   #
#      Comput.Phys.Commun. 182 (2011) 2427-2438, arXiv:1007.4716       #
#    A. van Hameren, C.G. Papadopoulos and R. Pittau,                  #
#      JHEP 0909:106,2009, arXiv:0903.4665                             #
# in publications with results obtained with the help of this program. #
#                                                                      #
########################################################################
 PASSED   1.0000000000000001E-005
 MU_R    =    325.00000000000000     
 ALPHA_S =   0.11799999999999999     
 BORN                    1.3112830828304998E-010
 SINGLE POLE (MadFKS)   -3.6557207953406368E-011
 DOUBLE POLE (MadFKS)   -2.1342765393889233E-011
 SINGLE POLE (MadLoop)  -3.6557207953404817E-011
 DOUBLE POLE (MadLoop)  -2.1342765393889262E-011
 FINITE PART (MadLoop)   1.7405315437378613E-011
   325.00000000000000        0.0000000000000000        0.0000000000000000        325.00000000000000        0.0000000000000000     
   325.00000000000000        0.0000000000000000        0.0000000000000000       -325.00000000000000        0.0000000000000000     
   270.23564425877674        250.62888328837548        74.180439054559983        68.604453370394808        1.7769999999999999     
   71.037877359245130       -17.572098383885418        42.667003776331192       -53.981204486790993        1.7769999999999999     
   229.46876051529642       -224.40127088161299       -39.155259027876696       -27.692009129047950        0.0000000000000000     
   79.257717866681659       -8.6555140228770160       -77.692183803014473        13.068760245444103        0.0000000000000000     

 PASSED   1.0000000000000001E-005
 MU_R    =    325.00000000000000     
 ALPHA_S =   0.11799999999999999     
 BORN                    2.3224484261386002E-010
 SINGLE POLE (MadFKS)   -8.4645378209637211E-011
 DOUBLE POLE (MadFKS)   -3.7800740776345900E-011
 SINGLE POLE (MadLoop)  -8.4645378209641036E-011
 DOUBLE POLE (MadLoop)  -3.7800740776345803E-011
 FINITE PART (MadLoop)   1.7115437727642865E-011
   325.00000000000000        0.0000000000000000        0.0000000000000000        325.00000000000000        0.0000000000000000     
   325.00000000000000        0.0000000000000000        0.0000000000000000       -325.00000000000000        0.0000000000000000     
   273.13143315429238       -181.63234371148619        143.33888596428650        145.12504103809067        1.7769999999999999     
   68.727531442141569        45.277619024260360       -7.2815086172682024        51.158896556524205        1.7769999999999999     
   207.12892213382361        81.930117138607912       -52.005764876519791       -182.98974482080052        0.0000000000000000     
   101.01211326974241        54.424607548617907       -84.051612470498483       -13.294192773814324        0.0000000000000000     

 PASSED   1.0000000000000001E-005
 MU_R    =    325.00000000000000     
 ALPHA_S =   0.11799999999999999     
 BORN                    1.8071356834009382E-011
 SINGLE POLE (MadFKS)   -4.7414948840290292E-012
 DOUBLE POLE (MadFKS)   -2.9413384059296591E-012
 SINGLE POLE (MadLoop)  -4.7414948840439992E-012
 DOUBLE POLE (MadLoop)  -2.9413384059296535E-012
 FINITE PART (MadLoop)   3.9682186032853379E-012
   325.00000000000000        0.0000000000000000        0.0000000000000000        325.00000000000000        0.0000000000000000     
   325.00000000000000        0.0000000000000000        0.0000000000000000       -325.00000000000000        0.0000000000000000     
   173.01023953950016        116.07669386568843       -111.53391502990036        63.370120686561968        1.7769999999999999     
   150.24809278305116       -100.59808788433841        56.796727989886676       -96.049404264691276        1.7769999999999999     
   178.00515571572612       -113.31480098852047        126.48360271334401       -53.361873870440725        0.0000000000000000     
   148.73651196172716        97.836195007170474       -71.746415673330361        86.041157448570019        0.0000000000000000     

 PASSED   1.0000000000000001E-005
 MU_R    =    325.00000000000000     
 ALPHA_S =   0.11799999999999999     
 BORN                    1.2280759251352690E-010
 SINGLE POLE (MadFKS)   -3.8668789621212123E-011
 DOUBLE POLE (MadFKS)   -1.9988465266758554E-011
 SINGLE POLE (MadLoop)  -3.8668789621212950E-011
 DOUBLE POLE (MadLoop)  -1.9988465266758464E-011
 FINITE PART (MadLoop)   2.2170323957505618E-011
   325.00000000000000        0.0000000000000000        0.0000000000000000        325.00000000000000        0.0000000000000000     
   325.00000000000000        0.0000000000000000        0.0000000000000000       -325.00000000000000        0.0000000000000000     
   269.43725044958779        221.13930339609553        130.25317031090322       -82.004843261128798        1.7769999999999999     
   176.47153724898138       -158.68705472382067        55.769552630054356        53.359360870810420        1.7769999999999999     
   27.613283755768567        3.6334664629102287       -26.382100915651623       -7.2990487404779056        0.0000000000000000     
   176.47792854566316       -66.085715135185083       -159.64062202530593        35.944531130796122        0.0000000000000000     

 PASSED   1.0000000000000001E-005
 MU_R    =    325.00000000000000     
 ALPHA_S =   0.11799999999999999     
 BORN                    1.4331612660101989E-009
 SINGLE POLE (MadFKS)   -4.7959155004740156E-010
 DOUBLE POLE (MadFKS)   -2.3326484626065143E-010
 SINGLE POLE (MadLoop)  -4.7959155004737560E-010
 DOUBLE POLE (MadLoop)  -2.3326484626064419E-010
 FINITE PART (MadLoop)   4.3618099954471477E-010
   325.00000000000000        0.0000000000000000        0.0000000000000000        325.00000000000000        0.0000000000000000     
   325.00000000000000        0.0000000000000000        0.0000000000000000       -325.00000000000000        0.0000000000000000     
   194.70213339069954        71.365604251085415        118.76401446170135        136.77654190945162        1.7769999999999999     
   167.39279458506510       -23.355654487655666       -149.48594218904040        71.593689954533801        1.7769999999999999     
   69.684285776610750       -40.825192661788449       -55.875091073728143       -8.1961897139338955        0.0000000000000000     
   218.22078624762716       -7.1847571016413081        86.597018801067179       -200.17404215005155        0.0000000000000000     

 PASSED   1.0000000000000001E-005
 MU_R    =    325.00000000000000     
 ALPHA_S =   0.11799999999999999     
 BORN                    4.8926237036099039E-008
 SINGLE POLE (MadFKS)   -6.3425142386355980E-009
 DOUBLE POLE (MadFKS)   -7.9633544605276927E-009
 SINGLE POLE (MadLoop)  -6.3425142386359214E-009
 DOUBLE POLE (MadLoop)  -7.9633544605282502E-009
 FINITE PART (MadLoop)   1.7496410514872582E-008
   325.00000000000000        0.0000000000000000        0.0000000000000000        325.00000000000000        0.0000000000000000     
   325.00000000000000        0.0000000000000000        0.0000000000000000       -325.00000000000000        0.0000000000000000     
   197.23971887140189        94.053004632355893       -54.497910439285093       -164.57326346903193        1.7769999999999999     
   21.858969977787755       -1.2186469913446174       -21.457722924812163        3.5690146934839091        1.7769999999999999     
   240.58610408376501        85.710504437375718        46.491897623423625        219.94064281680159        0.0000000000000000     
   190.31520706704532       -178.54486207838684        29.463735740673613       -58.936394041253607        0.0000000000000000     

 PASSED   1.0000000000000001E-005
 MU_R    =    325.00000000000000     
 ALPHA_S =   0.11799999999999999     
 BORN                    2.1126398404003885E-010
 SINGLE POLE (MadFKS)   -5.2555531292777078E-011
 DOUBLE POLE (MadFKS)   -3.4385844724024019E-011
 SINGLE POLE (MadLoop)  -5.2555531292758007E-011
 DOUBLE POLE (MadLoop)  -3.4385844724024148E-011
 FINITE PART (MadLoop)   2.7870291489509515E-011
   325.00000000000000        0.0000000000000000        0.0000000000000000        325.00000000000000        0.0000000000000000     
   325.00000000000000        0.0000000000000000        0.0000000000000000       -325.00000000000000        0.0000000000000000     
   93.665986961167320       -87.137142600392565        33.692396389618054       -6.4884658720903872        1.7769999999999999     
   108.80212620298167        92.413274682512522        41.549975026408212        39.599636046924630        1.7769999999999999     
   253.12091427779563        124.12766839784335       -162.97139649261823       -148.67024957330256        0.0000000000000000     
   194.41097255805533       -129.40380047996334        87.729025076591881        115.55907939846831        0.0000000000000000     

 PASSED   1.0000000000000001E-005
 MU_R    =    325.00000000000000     
 ALPHA_S =   0.11799999999999999     
 BORN                    2.6093310730431517E-009
 SINGLE POLE (MadFKS)   -1.2088216093343941E-009
 DOUBLE POLE (MadFKS)   -4.2470113170936053E-010
 SINGLE POLE (MadLoop)  -1.2088216093345015E-009
 DOUBLE POLE (MadLoop)  -4.2470113170936006E-010
 FINITE PART (MadLoop)  -2.1018952729180022E-009
   325.00000000000000        0.0000000000000000        0.0000000000000000        325.00000000000000        0.0000000000000000     
   325.00000000000000        0.0000000000000000        0.0000000000000000       -325.00000000000000        0.0000000000000000     
   291.84111601681053       -174.70998340414417        204.61418408248272       -113.03776643282120        1.7769999999999999     
   116.39988858218715       -32.273311719080283       -101.91975667651255        46.006226563685189        1.7769999999999999     
   195.55626539428047        170.66731134964289       -83.937932135053131        45.490057381075545        0.0000000000000000     
   46.202730006725680        36.315983773581593       -18.756495270917036        21.541482488060460        0.0000000000000000     

 PASSED   1.0000000000000001E-005
 MU_R    =    325.00000000000000     
 ALPHA_S =   0.11799999999999999     
 BORN                    7.5794652395979431E-010
 SINGLE POLE (MadFKS)   -2.2088799612482970E-010
 DOUBLE POLE (MadFKS)   -1.2336523710097142E-010
 SINGLE POLE (MadLoop)  -2.2088799612483262E-010
 DOUBLE POLE (MadLoop)  -1.2336523710097142E-010
 FINITE PART (MadLoop)   4.5200310738636041E-011
   325.00000000000000        0.0000000000000000        0.0000000000000000        325.00000000000000        0.0000000000000000     
   325.00000000000000        0.0000000000000000        0.0000000000000000       -325.00000000000000        0.0000000000000000     
   119.80830832185936        59.318536829359594       -101.77271202966685        21.783004579169454        1.7769999999999999     
   206.41354599723616       -46.905465990669391       -149.87811149298491       -133.93962519601001        1.7769999999999999     
   255.82812561345477        39.797277928930072        242.95594476519656        69.545779365766222        0.0000000000000000     
   67.950020067455853       -52.210348767620246        8.6948787574551876        42.610841251074376        0.0000000000000000     

 PASSED   1.0000000000000001E-005
 MU_R    =    325.00000000000000     
 ALPHA_S =   0.11799999999999999     
 BORN                    7.2809311053459892E-009
 SINGLE POLE (MadFKS)   -3.8365401839784542E-009
 DOUBLE POLE (MadFKS)   -1.1850622223771715E-009
 SINGLE POLE (MadLoop)  -3.8365401839764980E-009
 DOUBLE POLE (MadLoop)  -1.1850622223771434E-009
 FINITE PART (MadLoop)  -9.3960850998529662E-009
   325.00000000000000        0.0000000000000000        0.0000000000000000        325.00000000000000        0.0000000000000000     
   325.00000000000000        0.0000000000000000        0.0000000000000000       -325.00000000000000        0.0000000000000000     
   215.61849111308308       -8.8869259167202426       -207.50002842647046        57.904548453876899        1.7769999999999999     
   184.06781808148642        131.66855336802101        14.431068802317657       -127.80039214131760        1.7769999999999999     
   241.54770312951294       -117.08543292911354        197.59346841876555        74.787134730431177        0.0000000000000000     
   8.7659876759189643       -5.6961945221872305       -4.5245087946127835       -4.8912910429904839        0.0000000000000000     

 PASSED   1.0000000000000001E-005
 MU_R    =    325.00000000000000     
 ALPHA_S =   0.11799999999999999     
 BORN                    6.9036318523258166E-011
 SINGLE POLE (MadFKS)   -1.1786339043234513E-011
 DOUBLE POLE (MadFKS)   -1.1236520696348890E-011
 SINGLE POLE (MadLoop)  -1.1786339051679322E-011
 DOUBLE POLE (MadLoop)  -1.1236520696348742E-011
 FINITE PART (MadLoop)   1.8231944393338607E-011
   325.00000000000000        0.0000000000000000        0.0000000000000000        325.00000000000000        0.0000000000000000     
   325.00000000000000        0.0000000000000000        0.0000000000000000       -325.00000000000000        0.0000000000000000     
   174.75384795528112        61.919365344746588        63.504543824679040       -150.56199638388415        1.7769999999999999     
   140.21562429036268        64.311661825280552       -58.310267253158784        110.09625993771132        1.7769999999999999     
   144.02747230807367        24.965922016117457       -112.47357829717912        86.430953381102924        0.0000000000000000     
   191.00305544628793       -151.19694918614465        107.27930172565887       -45.965216934930112        0.0000000000000000     

 PASSED   1.0000000000000001E-005
 MU_R    =    325.00000000000000     
 ALPHA_S =   0.11799999999999999     
 BORN                    6.5654162905348360E-010
 SINGLE POLE (MadFKS)   -9.4122135927355511E-011
 DOUBLE POLE (MadFKS)   -1.0686032744328204E-010
 SINGLE POLE (MadLoop)  -9.4122135927348946E-011
 DOUBLE POLE (MadLoop)  -1.0686032744328265E-010
 FINITE PART (MadLoop)   1.9753802902934926E-010
   325.00000000000000        0.0000000000000000        0.0000000000000000        325.00000000000000        0.0000000000000000     
   325.00000000000000        0.0000000000000000        0.0000000000000000       -325.00000000000000        0.0000000000000000     
   68.146146260206962       -33.342899341479601        58.724383546911277        8.9686878447592573        1.7769999999999999     
   79.407870769910360        39.695117371522088       -67.989802947961053       -10.204732390871243        1.7769999999999999     
   255.50376591714098        18.242649834550097        254.11714127177976       -19.335424399621061        0.0000000000000000     
   246.94221705274165       -24.594867864592540       -244.85172187073005        20.571468945732978        0.0000000000000000     

 PASSED   1.0000000000000001E-005
 MU_R    =    325.00000000000000     
 ALPHA_S =   0.11799999999999999     
 BORN                    3.8502363262685392E-011
 SINGLE POLE (MadFKS)   -9.4545903586224328E-012
 DOUBLE POLE (MadFKS)   -6.2667391731463015E-012
 SINGLE POLE (MadLoop)  -9.4545903586207849E-012
 DOUBLE POLE (MadLoop)  -6.2667391731462272E-012
 FINITE PART (MadLoop)   6.1002085370453607E-012
   325.00000000000000        0.0000000000000000        0.0000000000000000        325.00000000000000        0.0000000000000000     
   325.00000000000000        0.0000000000000000        0.0000000000000000       -325.00000000000000        0.0000000000000000     
   128.76549275572722        39.303244592567282        82.761751765444629        90.460719678968928        1.7769999999999999     
   266.79459938248817        30.349617197373956       -70.121594672916700       -255.61311239285513        1.7769999999999999     
   102.20932099107789       -29.246064474408488        82.242117170322643        53.175625746754129        0.0000000000000000     
   152.23058687070989       -40.406797315532764       -94.882274262850572        111.97676696713212        0.0000000000000000     

 PASSED   1.0000000000000001E-005
 MU_R    =    325.00000000000000     
 ALPHA_S =   0.11799999999999999     
 BORN                    4.6288448320227967E-010
 SINGLE POLE (MadFKS)   -1.5409413664539797E-010
 DOUBLE POLE (MadFKS)   -7.5340214930042954E-011
 SINGLE POLE (MadLoop)  -1.5409413664539919E-010
 DOUBLE POLE (MadLoop)  -7.5340214930042230E-011
 FINITE PART (MadLoop)   2.3048603603031836E-011
   325.00000000000000        0.0000000000000000        0.0000000000000000        325.00000000000000        0.0000000000000000     
   325.00000000000000        0.0000000000000000        0.0000000000000000       -325.00000000000000        0.0000000000000000     
Thanks for using LHAPDF 6.2.1. Please make sure to cite the paper:
  Eur.Phys.J. C75 (2015) 3, 132  (http://arxiv.org/abs/1412.7420)
   76.535981658373615       -3.6589323247635641       -65.100495270107473       -40.039186920321150        1.7769999999999999     
   310.65543217618904        17.755414040071059        274.21489201482962        144.89505885686961        1.7769999999999999     
   192.01338673187368       -53.547724246527274       -150.36059695928586       -106.74021170256850        0.0000000000000000     
   70.795199433563681        39.451242531219577       -58.753799785436335        1.8843397660199865        0.0000000000000000     

 PASSED   1.0000000000000001E-005
 MU_R    =    325.00000000000000     
 ALPHA_S =   0.11799999999999999     
 BORN                    6.7442650534081272E-009
 SINGLE POLE (MadFKS)   -1.4443615509808044E-009
 DOUBLE POLE (MadFKS)   -1.0977131381759903E-009
 SINGLE POLE (MadLoop)  -1.4443615509804227E-009
 DOUBLE POLE (MadLoop)  -1.0977131381758631E-009
 FINITE PART (MadLoop)   6.1047487281021538E-010
   325.00000000000000        0.0000000000000000        0.0000000000000000        325.00000000000000        0.0000000000000000     
   325.00000000000000        0.0000000000000000        0.0000000000000000       -325.00000000000000        0.0000000000000000     
   242.42800875700320        223.58636515506370        22.705545583821877        90.894318949939105        1.7769999999999999     
   75.817000590453759        68.456016991273870       -28.784934457790801       -15.174357827729676        1.7769999999999999     
   51.097585933998872       -30.750988844300451        33.767902907293944        22.914377727175570        0.0000000000000000     
   280.65740471854423       -261.29139330203702       -27.688514033324811       -98.634338849385003        0.0000000000000000     

 PASSED   1.0000000000000001E-005
 MU_R    =    325.00000000000000     
 ALPHA_S =   0.11799999999999999     
 BORN                    1.8545119121869508E-009
 SINGLE POLE (MadFKS)   -4.7948336661586463E-010
 DOUBLE POLE (MadFKS)   -3.0184491190522956E-010
 SINGLE POLE (MadLoop)  -4.7948336661587156E-010
 DOUBLE POLE (MadLoop)  -3.0184491190523266E-010
 FINITE PART (MadLoop)   5.1748982211831625E-010
   325.00000000000000        0.0000000000000000        0.0000000000000000        325.00000000000000        0.0000000000000000     
   325.00000000000000        0.0000000000000000        0.0000000000000000       -325.00000000000000        0.0000000000000000     
   66.147001700202452        56.907298738192004        11.464965152919396        31.660417389717153        1.7769999999999999     
   219.02407750527308       -135.13156923969638        120.05966587195431        123.66699003197077        1.7769999999999999     
   196.42874396982279       -3.4535833153729349       -195.10600061580516       -22.493837901777169        0.0000000000000000     
   168.40017682470162        81.677853816877345        63.581369590931253       -132.83356951991075        0.0000000000000000     

 PASSED   1.0000000000000001E-005
 MU_R    =    325.00000000000000     
 ALPHA_S =   0.11799999999999999     
 BORN                    4.6916508962655741E-010
 SINGLE POLE (MadFKS)   -1.1967546716234543E-010
 DOUBLE POLE (MadFKS)   -7.6362461851397011E-011
 SINGLE POLE (MadLoop)  -1.1967546716234624E-010
 DOUBLE POLE (MadLoop)  -7.6362461851397747E-011
 FINITE PART (MadLoop)   8.6100298566361333E-011
   325.00000000000000        0.0000000000000000        0.0000000000000000        325.00000000000000        0.0000000000000000     
   325.00000000000000        0.0000000000000000        0.0000000000000000       -325.00000000000000        0.0000000000000000     
   72.330088332275025        4.3760273795268789       -65.517215914612351        30.279180179232146        1.7769999999999999     
   261.07653702452114        108.43092670879297        206.20105004013550        117.82046321048850        1.7769999999999999     
   114.74691573646680       -114.61703078550829       -5.2358248757530781        1.5417726214010556        0.0000000000000000     
   201.84645890673704        1.8100766971884636       -135.44800924977005       -149.64141601112175        0.0000000000000000     

 PASSED   1.0000000000000001E-005
 MU_R    =    325.00000000000000     
 ALPHA_S =   0.11799999999999999     
 BORN                    4.0259401664411917E-011
 SINGLE POLE (MadFKS)   -6.3192475114939662E-012
 DOUBLE POLE (MadFKS)   -6.5527190571783342E-012
 SINGLE POLE (MadLoop)  -6.3192475114946302E-012
 DOUBLE POLE (MadLoop)  -6.5527190571783786E-012
 FINITE PART (MadLoop)   1.1654521172205335E-011
   325.00000000000000        0.0000000000000000        0.0000000000000000        325.00000000000000        0.0000000000000000     
   325.00000000000000        0.0000000000000000        0.0000000000000000       -325.00000000000000        0.0000000000000000     
   258.15856883130664        64.877314682287547       -200.94700090417277       -148.50564231456761        1.7769999999999999     
   76.335389343709508       -33.018135073315818        53.736242818950608        42.966881446513760        1.7769999999999999     
   117.77383464344506        51.477653099224121       -32.043472897375068        100.96505931604591        0.0000000000000000     
   197.73220718153868       -83.336832708195914        179.25423098259716        4.5737015520079316        0.0000000000000000     

 PASSED   1.0000000000000001E-005
 MU_R    =    325.00000000000000     
 ALPHA_S =   0.11799999999999999     
 BORN                    9.1743976849748445E-011
 SINGLE POLE (MadFKS)   -2.0379499002733926E-011
 DOUBLE POLE (MadFKS)   -1.4932474915942250E-011
 SINGLE POLE (MadLoop)  -2.0379499002732947E-011
 DOUBLE POLE (MadLoop)  -1.4932474915942059E-011
 FINITE PART (MadLoop)   1.9874873847545722E-011
   325.00000000000000        0.0000000000000000        0.0000000000000000        325.00000000000000        0.0000000000000000     
   325.00000000000000        0.0000000000000000        0.0000000000000000       -325.00000000000000        0.0000000000000000     
   123.50937873813704       -28.033074301129787        17.712731149876486       -118.96140049495088        1.7769999999999999     
   227.79949621945110       -46.271499640012692       -168.82181986618284        145.76554533554943        1.7769999999999999     
   149.77687277877317       -67.591249765419491        132.86651114199651        14.526692379588374        0.0000000000000000     
   148.91425226364336        141.89582370656191        18.242577574309852       -41.330837220186901        0.0000000000000000     

 PASSED   1.0000000000000001E-005
 MU_R    =    325.00000000000000     
 ALPHA_S =   0.11799999999999999     
 BORN                    1.0195687636160578E-009
 SINGLE POLE (MadFKS)   -1.3333816903319892E-010
 DOUBLE POLE (MadFKS)   -1.6594751514542375E-010
 SINGLE POLE (MadLoop)  -1.3333816903319719E-010
 DOUBLE POLE (MadLoop)  -1.6594751514542287E-010
 FINITE PART (MadLoop)   4.6204534816789207E-010
   325.00000000000000        0.0000000000000000        0.0000000000000000        325.00000000000000        0.0000000000000000     
   325.00000000000000        0.0000000000000000        0.0000000000000000       -325.00000000000000        0.0000000000000000     
   143.99090095191832       -56.990195250827135       -124.13682049588817       -45.523502395898674        1.7769999999999999     
   37.458940807478257        7.3947379462435832       -34.784035265133106       -11.636290594451564        1.7769999999999999     
   234.88072360923906       -130.91702928723450        75.440579508160738        179.82882063028165        0.0000000000000000     
   233.66943463136440        180.51248659181806        83.480276252860563       -122.66902763993140        0.0000000000000000     

 NUMBER OF POINTS PASSING THE CHECK          20
 NUMBER OF POINTS FAILING THE CHECK           0
 TOLERANCE    1.0000000000000001E-005
