==== LHAPDF6 USING DEFAULT-TYPE LHAGLUE INTERFACE ====
LHAPDF 6.2.1 loading /cvmfs/cms.cern.ch/slc6_amd64_gcc481/external/lhapdf/6.2.1/share/LHAPDF/NNPDF31_nnlo_hessian_pdfas/NNPDF31_nnlo_hessian_pdfas_0000.dat
NNPDF31_nnlo_hessian_pdfas PDF set, member #0, version 1; LHAPDF ID = 306000
 A PDF is used, so alpha_s(MZ) is going to be modified
 Old value of alpha_s from param_card:   0.11799999999999999     
 New value of alpha_s from PDF lhapdf :  0.11800208008122040     
 using LHAPDF
 *****************************************************
 *               MadGraph/MadEvent                   *
 *        --------------------------------           *
 *          http://madgraph.hep.uiuc.edu             *
 *          http://madgraph.phys.ucl.ac.be           *
 *          http://madgraph.roma2.infn.it            *
 *        --------------------------------           *
 *                                                   *
 *          PARAMETER AND COUPLING VALUES            *
 *                                                   *
 *****************************************************

  External Params
  ---------------------------------
  
 MU_R =    91.188000000000002     
 aEWM1 =    132.50700000000001     
 mdl_Gf =    1.1663900000000000E-005
 aS =   0.11799999999999999     
 mdl_lamWS =   0.22530000000000000     
 mdl_AWS =   0.80800000000000005     
 mdl_rhoWS =   0.13200000000000001     
 mdl_etaWS =   0.34100000000000003     
 mdl_ymt =    173.00000000000000     
 mdl_ymtau =    1.7769999999999999     
 mdl_MT =    173.00000000000000     
 mdl_MZ =    91.188000000000002     
 mdl_MH =    125.00000000000000     
 mdl_MTA =    1.7769999999999999     
 mdl_WT =    1.4915000000000000     
 mdl_WZ =    2.4414039999999999     
 mdl_WW =    2.0476000000000001     
 mdl_WH =    6.3823389999999999E-003
  Internal Params
  ---------------------------------
  
 mdl_CKM33 =    1.0000000000000000     
 mdl_conjg__CKM3x3 =    1.0000000000000000     
 mdl_I4x33 =    0.0000000000000000     
 mdl_I1x33 =    0.0000000000000000     
 mdl_lhv =    1.0000000000000000     
 mdl_CKM3x3 =    1.0000000000000000     
 mdl_conjg__CKM33 =    1.0000000000000000     
 mdl_Ncol =    3.0000000000000000     
 mdl_CA =    3.0000000000000000     
 mdl_TF =   0.50000000000000000     
 mdl_CF =    1.3333333333333333     
 mdl_lamWS__exp__2 =    5.0760090000000001E-002
 mdl_CKM11 =  ( 0.97461995499999998     ,  0.0000000000000000     )
 mdl_CKM12 =  ( 0.22530000000000000     ,  0.0000000000000000     )
 mdl_complexi =  (  0.0000000000000000     ,  1.0000000000000000     )
 mdl_lamWS__exp__3 =    1.1436248277000001E-002
 mdl_CKM13 =  (  1.2197444962317122E-003, -3.1510066152652563E-003)
 mdl_CKM21 =  (-0.22530000000000000     ,  0.0000000000000000     )
 mdl_CKM22 =  ( 0.97461995499999998     ,  0.0000000000000000     )
 mdl_CKM23 =  (  4.1014152720000002E-002,  0.0000000000000000     )
 mdl_CKM31 =  (  8.0207441115842885E-003, -3.1510066152652563E-003)
 mdl_CKM32 =  ( -4.1014152720000002E-002,  0.0000000000000000     )
 mdl_MZ__exp__2 =    8315.2513440000002     
 mdl_MZ__exp__4 =    69143404.913893804     
 mdl_sqrt__2 =    1.4142135623730951     
 mdl_MH__exp__2 =    15625.000000000000     
 mdl_CKM1x1 =  ( 0.97461995499999998     ,  0.0000000000000000     )
 mdl_CKM1x2 =  ( 0.22530000000000000     ,  0.0000000000000000     )
 mdl_CKM1x3 =  (  1.2197444962317122E-003, -3.1510066152652563E-003)
 mdl_CKM2x1 =  (-0.22530000000000000     ,  0.0000000000000000     )
 mdl_CKM2x2 =  ( 0.97461995499999998     ,  0.0000000000000000     )
 mdl_CKM2x3 =  (  4.1014152720000002E-002,  0.0000000000000000     )
 mdl_CKM3x1 =  (  8.0207441115842885E-003, -3.1510066152652563E-003)
 mdl_CKM3x2 =  ( -4.1014152720000002E-002,  0.0000000000000000     )
 mdl_conjg__CKM1x3 =  (  1.2197444962317122E-003,  3.1510066152652563E-003)
 mdl_conjg__CKM2x3 =  (  4.1014152720000002E-002, -0.0000000000000000     )
 mdl_conjg__CKM2x1 =  (-0.22530000000000000     , -0.0000000000000000     )
 mdl_conjg__CKM3x1 =  (  8.0207441115842885E-003,  3.1510066152652563E-003)
 mdl_conjg__CKM2x2 =  ( 0.97461995499999998     , -0.0000000000000000     )
 mdl_conjg__CKM3x2 =  ( -4.1014152720000002E-002, -0.0000000000000000     )
 mdl_Ncol__exp__2 =    9.0000000000000000     
 mdl_MT__exp__2 =    29929.000000000000     
 mdl_conjg__CKM11 =  ( 0.97461995499999998     , -0.0000000000000000     )
 mdl_conjg__CKM12 =  ( 0.22530000000000000     , -0.0000000000000000     )
 mdl_conjg__CKM13 =  (  1.2197444962317122E-003,  3.1510066152652563E-003)
 mdl_conjg__CKM21 =  (-0.22530000000000000     , -0.0000000000000000     )
 mdl_conjg__CKM22 =  ( 0.97461995499999998     , -0.0000000000000000     )
 mdl_conjg__CKM23 =  (  4.1014152720000002E-002, -0.0000000000000000     )
 mdl_conjg__CKM31 =  (  8.0207441115842885E-003,  3.1510066152652563E-003)
 mdl_conjg__CKM32 =  ( -4.1014152720000002E-002, -0.0000000000000000     )
 mdl_aEW =    7.5467711139788835E-003
 mdl_MW =    80.419002445756163     
 mdl_sqrt__aEW =    8.6872153846781555E-002
 mdl_ee =   0.30795376724436879     
 mdl_MW__exp__2 =    6467.2159543705357     
 mdl_sw2 =   0.22224648578577766     
 mdl_cw =   0.88190334743339216     
 mdl_sqrt__sw2 =   0.47143025548407230     
 mdl_sw =   0.47143025548407230     
 mdl_g1 =   0.34919219678733299     
 mdl_gw =   0.65323293034757990     
 mdl_v =    246.21845810181637     
 mdl_v__exp__2 =    60623.529110035903     
 mdl_lam =   0.12886910601690263     
 mdl_yt =   0.99366614581500623     
 mdl_ytau =    1.0206617000654717E-002
 mdl_muH =    88.388347648318430     
 mdl_AxialZUp =  -0.18517701861793787     
 mdl_AxialZDown =   0.18517701861793787     
 mdl_VectorZUp =    7.5430507588273299E-002
 mdl_VectorZDown =  -0.13030376310310560     
 mdl_VectorAUp =   0.20530251149624587     
 mdl_VectorADown =  -0.10265125574812294     
 mdl_VectorWmDxU =   0.23095271737156670     
 mdl_AxialWmDxU =  -0.23095271737156670     
 mdl_VectorWpUxD =   0.23095271737156670     
 mdl_AxialWpUxD =  -0.23095271737156670     
 mdl_I2x13 =  (  7.9699418879263656E-003,  3.1310485988282153E-003)
 mdl_I2x23 =  ( -4.0754375057150453E-002, -0.0000000000000000     )
 mdl_I2x33 =  ( 0.99366614581500623     ,  0.0000000000000000     )
 mdl_I3x31 =  (  7.9699418879263656E-003, -3.1310485988282153E-003)
 mdl_I3x32 =  ( -4.0754375057150453E-002,  0.0000000000000000     )
 mdl_I3x33 =  ( 0.99366614581500623     ,  0.0000000000000000     )
 mdl_Vector_tdGp =  ( -7.9699418879263656E-003, -3.1310485988282153E-003)
 mdl_Vector_tsGp =  (  4.0754375057150453E-002,  0.0000000000000000     )
 mdl_Vector_tbGp =  (-0.99366614581500623     ,  0.0000000000000000     )
 mdl_Axial_tdGp =  ( -7.9699418879263656E-003, -3.1310485988282153E-003)
 mdl_Axial_tsGp =  (  4.0754375057150453E-002,  0.0000000000000000     )
 mdl_Axial_tbGp =  (-0.99366614581500623     , -0.0000000000000000     )
 mdl_Vector_tdGm =  (  7.9699418879263656E-003, -3.1310485988282153E-003)
 mdl_Vector_tsGm =  ( -4.0754375057150453E-002,  0.0000000000000000     )
 mdl_Vector_tbGm =  ( 0.99366614581500623     ,  0.0000000000000000     )
 mdl_Axial_tdGm =  ( -7.9699418879263656E-003,  3.1310485988282153E-003)
 mdl_Axial_tsGm =  (  4.0754375057150453E-002, -0.0000000000000000     )
 mdl_Axial_tbGm =  (-0.99366614581500623     ,  0.0000000000000000     )
 mdl_gw__exp__2 =   0.42671326129048615     
 mdl_cw__exp__2 =   0.77775351421422245     
 mdl_ee__exp__2 =    9.4835522759998875E-002
 mdl_sw__exp__2 =   0.22224648578577769     
 mdl_yt__exp__2 =   0.98737240933884918     
  Internal Params evaluated point by point
  ----------------------------------------
  
 mdl_sqrt__aS =   0.34351128074635334     
 mdl_G__exp__4 =    2.1987899468922913     
 mdl_G__exp__2 =    1.4828317324943823     
 mdl_R2MixedFactor_FIN_ =   -2.5040377713124864E-002
 mdl_G_UVg_1EPS_ =   -5.1645779033320030E-002
 mdl_G_UVq_1EPS_ =    3.1300472141406080E-003
 mdl_G_UVb_1EPS_ =    3.1300472141406080E-003
 mdl_GWcft_UV_t_1EPS_ =   -3.1300472141406080E-003
 mdl_tWcft_UV_1EPS_ =   -1.8780283284843650E-002
 mdl_G__exp__3 =    1.8056676068262196     
 mdl_MU_R__exp__2 =    8315.2513440000002     
 mdl_G_UVt_FIN_ =   -4.0087659331150384E-003
 mdl_GWcft_UV_t_FIN_ =    4.0087659331150384E-003
 mdl_tWcft_UV_FIN_ =   -9.8778211443463623E-004
  Couplings of loop_sm-ckm_no_b_mass
  ---------------------------------
  
       UV_3Gt =   0.48815E-02   0.00000E+00
      UV_GQQt =   0.00000E+00  -0.48815E-02
   UVWfct_G_2 =   0.40088E-02   0.00000E+00
       R2_DDA =   0.00000E+00   0.25704E-02
       R2_UUA =  -0.00000E+00  -0.51409E-02
    R2_DDZ_V2 =   0.00000E+00   0.72127E-02
    R2_UUZ_V2 =  -0.00000E+00  -0.72127E-02
    R2_UUZ_V5 =   0.00000E+00   0.68702E-03
      R2_GGHt =   0.00000E+00  -0.45657E+01
     R2_GGZup =  -0.46369E-02   0.00000E+00
   R2_GGZdown =   0.46369E-02   0.00000E+00
 R2_GGGZvecUp =   0.00000E+00   0.28750E-03
 R2_GGGZvecDown  -0.00000E+00  -0.49665E-03
 R2_GGGZaxialUp  -0.00000E+00  -0.63522E-02
 R2_GGGZaxialDow  0.00000E+00   0.63522E-02
 R2_GGGAvecUp =   0.00000E+00   0.78251E-03
 R2_GGGAvecDown  -0.00000E+00  -0.39126E-03
         GC_4 =  -0.12177E+01   0.00000E+00
         GC_5 =   0.00000E+00   0.12177E+01
         GC_6 =   0.00000E+00   0.14828E+01
       R2_3Gq =   0.76230E-02   0.00000E+00
       R2_3Gg =   0.31445E-01   0.00000E+00
       R2_GQQ =  -0.00000E+00  -0.30492E-01
       R2_GGq =   0.00000E+00   0.62601E-02
       R2_GGt =  -0.00000E+00  -0.11242E+04
     R2_GGg_1 =   0.00000E+00   0.28170E-01
     R2_GGg_2 =  -0.00000E+00  -0.18780E-01
       R2_QQq =   0.00000E+00   0.12520E-01
  UV_3Gg_1eps =   0.62890E-01   0.00000E+00
  UV_3Gb_1eps =  -0.38115E-02   0.00000E+00
 UV_GQQg_1eps =   0.00000E+00  -0.62890E-01
 UV_GQQq_1eps =   0.00000E+00   0.38115E-02
 UVWfct_G_2_1eps -0.31300E-02   0.00000E+00
         GC_1 =  -0.00000E+00  -0.10265E+00
         GC_2 =   0.00000E+00   0.20530E+00
        GC_21 =  -0.00000E+00  -0.28804E+00
        GC_22 =   0.00000E+00   0.28804E+00
        GC_23 =  -0.00000E+00  -0.27437E-01
        GC_24 =   0.00000E+00   0.82310E-01
        GC_37 =  -0.00000E+00  -0.70263E+00
        GC_38 =  -0.00000E+00  -0.72172E-02
      GC_1003 =  -0.00000E+00  -0.30795E+00

 Collider parameters:
 --------------------

 Running at P P   machine @    13000.000000000000       GeV
 PDF set = lhapdf 
 alpha_s(Mz)= 0.1180 running at 3 loops.
 alpha_s(Mz)= 0.1180 running at 3 loops.
 Renormalization scale set on event-by-event basis
 Factorization   scale set on event-by-event basis


 ===============================================================
 INFO: MadFKS read these parameters from FKS_params.dat
 ===============================================================
  > IRPoleCheckThreshold      =    1.0000000000000001E-005
  > PrecisionVirtualAtRunTime =    1.0000000000000000E-003
  > NHelForMCoverHels         =            4
  > VirtualFraction           =    1.0000000000000000     
  > MinVirtualFraction        =    5.0000000000000001E-003
 ===============================================================
  Insert the number of points to test
 Insert the relative tolerance
  A negative number will mean use the default one:    1.0000000000000001E-005
Using random seed offsets:     0 ,     13 ,      0
  with seed                   32
 Ranmar initialization seeds       10729        9419
  ========================================================================================== 
 {                                                                                          }
 {       [32m                                                                            [0m       }
 {       [32m                               ,,                                           [0m       }
 {       [32m`7MMM.     ,MMF'             `7MM  `7MMF'                                   [0m       }
 {       [32m  MMMb    dPMM                 MM    MM                                     [0m       }
 {       [32m  M YM   ,M MM   ,6"Yb.   ,M""bMM    MM         ,pW"Wq.   ,pW"Wq.`7MMpdMAo. [0m       }
 {       [32m  M  Mb  M' MM  8)   MM ,AP    MM    MM        6W'   `Wb 6W'   `Wb MM   `Wb [0m       }
 {       [32m  M  YM.P'  MM   ,pm9MM 8MI    MM    MM      , 8M     M8 8M     M8 MM    M8 [0m       }
 {       [32m  M  `YM'   MM  8M   MM `Mb    MM    MM     ,M YA.   ,A9 YA.   ,A9 MM   ,AP [0m       }
 {       [32m.JML. `'  .JMML.`Moo9^Yo.`Wbmd"MML..JMMmmmmMMM  `Ybmd9'   `Ybmd9'  MMbmmd'  [0m       }
 {       [32m                                                                   MM       [0m       }
 {       [32m                                                                 .JMML.     [0m       }
 {       [32m[0mv2.4.2 (2016-06-10), Ref: arXiv:1103.0621v2, arXiv:1405.0301[32m                [0m       }
 {       [32m                                                                            [0m       }
 {                                                                                          }
  ========================================================================================== 
 ===============================================================
 INFO: MadLoop read these parameters from ./MadLoop5_resources/MadLoopParams.dat                                                                                                                                                                                                                                                                                                                                                                                                                                                                                          
 ===============================================================
  > MLReductionLib            = 6|1|2
  > IREGIMODE                 =            2
  > IREGIRECY                 =  T
  > CTModeRun                 =           -1
  > MLStabThres               =    1.0000000000000000E-003
  > NRotations_DP             =            1
  > NRotations_QP             =            0
  > CTStabThres               =    1.0000000000000000E-002
  > CTLoopLibrary             =            2
  > CTModeInit                =            1
  > CheckCycle                =            3
  > MaxAttempts               =           10
  > UseLoopFilter             =  F
  > HelicityFilterLevel       =            2
  > ImprovePSPoint            =            2
  > DoubleCheckHelicityFilter =  T
  > LoopInitStartOver         =  F
  > HelInitStartOver          =  F
  > ZeroThres                 =    1.0000000000000001E-009
  > OSThres                   =    1.0000000000000000E-008
  > WriteOutFilters           =  T
  > UseQPIntegrandForNinja    =  F
  > UseQPIntegrandForCutTools =  T
 ===============================================================
  
------------------------------------------------------------------------
|              You are using CutTools - Version 1.9.3                  |
|              Authors: G. Ossola, C. Papadopoulos, R. Pittau          |
|              Published in JHEP 0803:042,2008                         |
|              http://www.ugr.es/~pittau/CutTools                      |
|                                                                      |
|              Compiler with  34  significant digits detetected        |
 ---------------------------------------------------------------------- 
   
########################################################################
#                                                                      #
#                      You are using OneLOop-3.6                       #
#                                                                      #
# for the evaluation of 1-loop scalar 1-, 2-, 3- and 4-point functions #
#                                                                      #
# author: Andreas van Hameren <hamerenREMOVETHIS@ifj.edu.pl>           #
#   date: 18-02-2015                                                   #
#                                                                      #
# Please cite                                                          #
#    A. van Hameren,                                                   #
#      Comput.Phys.Commun. 182 (2011) 2427-2438, arXiv:1007.4716       #
#    A. van Hameren, C.G. Papadopoulos and R. Pittau,                  #
#      JHEP 0909:106,2009, arXiv:0903.4665                             #
# in publications with results obtained with the help of this program. #
#                                                                      #
########################################################################
 PASSED   1.0000000000000001E-005
 MU_R    =    325.00000000000000     
 ALPHA_S =   0.11799999999999999     
 BORN                    7.4494552327374617E-008
 SINGLE POLE (MadFKS)   -1.3666648174487753E-011
 DOUBLE POLE (MadFKS)   -7.9278298433523228E-009
 SINGLE POLE (MadLoop)  -1.3666648174514627E-011
 DOUBLE POLE (MadLoop)  -7.9278298433523327E-009
 FINITE PART (MadLoop)   2.9637504157497670E-009
   325.00000000000000        0.0000000000000000        0.0000000000000000        325.00000000000000        0.0000000000000000     
   325.00000000000000        0.0000000000000000        0.0000000000000000       -325.00000000000000        0.0000000000000000     
   167.90484095547265       -43.652398445739735        161.70852945460743       -11.698513916104321        0.0000000000000000     
   255.73262499147140        97.175344076939197       -88.857657125293514        219.22692525956020        0.0000000000000000     
   226.36253405305601       -53.522945631199455       -72.850872329313944       -207.52841134345584        0.0000000000000000     

 PASSED   1.0000000000000001E-005
 MU_R    =    325.00000000000000     
 ALPHA_S =   0.11799999999999999     
 BORN                    6.0285052610003520E-007
 SINGLE POLE (MadFKS)   -9.5796970277478376E-008
 DOUBLE POLE (MadFKS)   -6.4156320731928917E-008
 SINGLE POLE (MadLoop)  -9.5796970277479144E-008
 DOUBLE POLE (MadLoop)  -6.4156320731929235E-008
 FINITE PART (MadLoop)   9.6672268600124285E-008
   325.00000000000000        0.0000000000000000        0.0000000000000000        325.00000000000000        0.0000000000000000     
   325.00000000000000        0.0000000000000000        0.0000000000000000       -325.00000000000000        0.0000000000000000     
   190.21704167568569       -95.735908697444458       -43.412112290003435       -158.53248006715933        0.0000000000000000     
   188.63050651241070        152.45973772418833       -81.705304312192752       -75.244532076771449        0.0000000000000000     
   271.15245181190357       -56.723829026743871        125.11741660219614        233.77701214393085        0.0000000000000000     

 PASSED   1.0000000000000001E-005
 MU_R    =    325.00000000000000     
 ALPHA_S =   0.11799999999999999     
 BORN                    1.6871972853543066E-007
 SINGLE POLE (MadFKS)   -1.2825193445244562E-008
 DOUBLE POLE (MadFKS)   -1.7955424353278070E-008
 SINGLE POLE (MadLoop)  -1.2825193445244443E-008
 DOUBLE POLE (MadLoop)  -1.7955424353278074E-008
 FINITE PART (MadLoop)   1.5105734071108811E-008
   325.00000000000000        0.0000000000000000        0.0000000000000000        325.00000000000000        0.0000000000000000     
   325.00000000000000        0.0000000000000000        0.0000000000000000       -325.00000000000000        0.0000000000000000     
   323.86953421053835       -260.18682149253351        177.17548123062383       -76.178356257275752        0.0000000000000000     
   103.91968897124984        87.626656154445016       -55.414597072651766        7.0776633395226156        0.0000000000000000     
   222.21077681821183        172.56016533808855       -121.76088415797206        69.100692917753122        0.0000000000000000     

 PASSED   1.0000000000000001E-005
 MU_R    =    325.00000000000000     
 ALPHA_S =   0.11799999999999999     
 BORN                    2.4875821560227340E-008
 SINGLE POLE (MadFKS)   -9.4422874469031045E-010
 DOUBLE POLE (MadFKS)   -2.6473248631176475E-009
 SINGLE POLE (MadLoop)  -9.4422874469039234E-010
 DOUBLE POLE (MadLoop)  -2.6473248631176516E-009
 FINITE PART (MadLoop)   3.3279591219404433E-009
   325.00000000000000        0.0000000000000000        0.0000000000000000        325.00000000000000        0.0000000000000000     
   325.00000000000000        0.0000000000000000        0.0000000000000000       -325.00000000000000        0.0000000000000000     
   283.43417201577262        11.796348837145352        34.899577274001736        281.02988368939509        0.0000000000000000     
   207.34086616628289        49.992124108858171        76.884938894662767       -185.95625421273928        0.0000000000000000     
   159.22496181794440       -61.788472946003459       -111.78451616866451       -95.073629476655810        0.0000000000000000     

 PASSED   1.0000000000000001E-005
 MU_R    =    325.00000000000000     
 ALPHA_S =   0.11799999999999999     
 BORN                    8.6615224199439523E-008
 SINGLE POLE (MadFKS)   -1.2505136634995185E-008
 DOUBLE POLE (MadFKS)   -9.2177312010590746E-009
 SINGLE POLE (MadLoop)  -1.2505136634994475E-008
 DOUBLE POLE (MadLoop)  -9.2177312010591772E-009
 FINITE PART (MadLoop)   1.0702856113412186E-008
   325.00000000000000        0.0000000000000000        0.0000000000000000        325.00000000000000        0.0000000000000000     
   325.00000000000000        0.0000000000000000        0.0000000000000000       -325.00000000000000        0.0000000000000000     
   245.97956944954285       -104.17933492657811       -221.96277654585870        19.624999080040883        0.0000000000000000     
   314.33467125932185        173.18402627879755        253.50416305633476       -67.447890335265981        0.0000000000000000     
   89.685759291134872       -69.004691352219481       -31.541386510476009        47.822891255224995        0.0000000000000000     

 PASSED   1.0000000000000001E-005
 MU_R    =    325.00000000000000     
 ALPHA_S =   0.11799999999999999     
 BORN                    4.5424653188499304E-008
 SINGLE POLE (MadFKS)   -2.7949140511471968E-009
 DOUBLE POLE (MadFKS)   -4.8341645116428277E-009
 SINGLE POLE (MadLoop)  -2.7949140511471029E-009
 DOUBLE POLE (MadLoop)  -4.8341645116428343E-009
 FINITE PART (MadLoop)   5.6057480307297496E-009
   325.00000000000000        0.0000000000000000        0.0000000000000000        325.00000000000000        0.0000000000000000     
   325.00000000000000        0.0000000000000000        0.0000000000000000       -325.00000000000000        0.0000000000000000     
   301.27254421212228        165.94706742388209        251.02948442784506       -14.522901134036234        0.0000000000000000     
   239.74767410006712       -167.21894372592760       -157.04293371857790        69.672728270388518        0.0000000000000000     
   108.97978168781073        1.2718763020454946       -93.986550709267135       -55.149827136352272        0.0000000000000000     

 PASSED   1.0000000000000001E-005
 MU_R    =    325.00000000000000     
 ALPHA_S =   0.11799999999999999     
 BORN                    1.0010406391720350E-007
 SINGLE POLE (MadFKS)   -4.0786220211864802E-009
 DOUBLE POLE (MadFKS)   -1.0653235177198670E-008
 SINGLE POLE (MadLoop)  -4.0786220211867027E-009
 DOUBLE POLE (MadLoop)  -1.0653235177198761E-008
 FINITE PART (MadLoop)   1.2383300843200511E-008
   325.00000000000000        0.0000000000000000        0.0000000000000000        325.00000000000000        0.0000000000000000     
   325.00000000000000        0.0000000000000000        0.0000000000000000       -325.00000000000000        0.0000000000000000     
   155.56554227312307       -47.723578875956029        4.3975238604349611       -147.99918832851122        0.0000000000000000     
   302.32131322150633        139.11898425921424       -158.97389974413437        216.26692730697991        0.0000000000000000     
   192.11314450537026       -91.395405383258066        154.57637588369940       -68.267738978469339        0.0000000000000000     

 PASSED   1.0000000000000001E-005
 MU_R    =    325.00000000000000     
 ALPHA_S =   0.11799999999999999     
 BORN                    5.4061534189602955E-005
 SINGLE POLE (MadFKS)   -2.3308584306490288E-005
 DOUBLE POLE (MadFKS)   -5.7533152523993543E-006
 SINGLE POLE (MadLoop)  -2.3308584306475899E-005
 DOUBLE POLE (MadLoop)  -5.7533152523976450E-006
 FINITE PART (MadLoop)  -2.9698666627275380E-005
   325.00000000000000        0.0000000000000000        0.0000000000000000        325.00000000000000        0.0000000000000000     
   325.00000000000000        0.0000000000000000        0.0000000000000000       -325.00000000000000        0.0000000000000000     
   205.87931503880895        45.329741740482049       -145.99161781351043       -137.90559960634033        0.0000000000000000     
   187.06430597039522       -51.188061643083081        135.08132274553245       -118.85231658965195        0.0000000000000000     
   257.05637899079596        5.8583199026009032        10.910295067978039        256.75791619599227        0.0000000000000000     

 PASSED   1.0000000000000001E-005
 MU_R    =    325.00000000000000     
 ALPHA_S =   0.11799999999999999     
 BORN                    3.3045032387047162E-007
 SINGLE POLE (MadFKS)   -2.5824731539912441E-008
 DOUBLE POLE (MadFKS)   -3.5167053931849467E-008
 SINGLE POLE (MadLoop)  -2.5824731539924372E-008
 DOUBLE POLE (MadLoop)  -3.5167053931864627E-008
 FINITE PART (MadLoop)   3.8586748502533483E-008
   325.00000000000000        0.0000000000000000        0.0000000000000000        325.00000000000000        0.0000000000000000     
   325.00000000000000        0.0000000000000000        0.0000000000000000       -325.00000000000000        0.0000000000000000     
   156.14420173959527        57.336494946962588        38.344608076537696       -140.08293656098547        0.0000000000000000     
   199.52079453064258        70.574709241831016        186.62191417414311      -0.13789687686645832        0.0000000000000000     
   294.33500372976232       -127.91120418879353       -224.96652225068075        140.22083343785189        0.0000000000000000     

 PASSED   1.0000000000000001E-005
 MU_R    =    325.00000000000000     
 ALPHA_S =   0.11799999999999999     
 BORN                    3.4304029946329673E-008
 SINGLE POLE (MadFKS)   -4.9831772747557217E-009
 DOUBLE POLE (MadFKS)   -3.6506899344883765E-009
 SINGLE POLE (MadLoop)  -4.9831772747557341E-009
 DOUBLE POLE (MadLoop)  -3.6506899344883794E-009
 FINITE PART (MadLoop)   3.6602628366248663E-009
   325.00000000000000        0.0000000000000000        0.0000000000000000        325.00000000000000        0.0000000000000000     
   325.00000000000000        0.0000000000000000        0.0000000000000000       -325.00000000000000        0.0000000000000000     
   269.35124438553242       -67.469621816845148       -117.62411213768392        232.72840657673962        0.0000000000000000     
   316.63591880436041        56.060531904514079        175.54093642254134       -257.48961431397913        0.0000000000000000     
   64.012836810107373        11.409089912331071       -57.916824284857427        24.761207737239520        0.0000000000000000     

 PASSED   1.0000000000000001E-005
 MU_R    =    325.00000000000000     
 ALPHA_S =   0.11799999999999999     
 BORN                    2.9734493699297873E-008
 SINGLE POLE (MadFKS)   -2.1219652841185558E-009
 DOUBLE POLE (MadFKS)   -3.1643925516905380E-009
 SINGLE POLE (MadLoop)  -2.1219652841185496E-009
 DOUBLE POLE (MadLoop)  -3.1643925516905508E-009
 FINITE PART (MadLoop)   4.4622055994344019E-009
   325.00000000000000        0.0000000000000000        0.0000000000000000        325.00000000000000        0.0000000000000000     
   325.00000000000000        0.0000000000000000        0.0000000000000000       -325.00000000000000        0.0000000000000000     
   122.45273834971688        5.6475104769449578        61.537654389950781        105.71610968504275        0.0000000000000000     
   303.73655650633395       -195.39152096262688       -165.02478134072857       -163.84404425453283        0.0000000000000000     
   223.81070514394960        189.74401048568188        103.48712695077792        58.127934569490172        0.0000000000000000     

 PASSED   1.0000000000000001E-005
 MU_R    =    325.00000000000000     
 ALPHA_S =   0.11799999999999999     
 BORN                    1.6065619744012616E-007
 SINGLE POLE (MadFKS)   -2.8072420210914033E-008
 DOUBLE POLE (MadFKS)   -1.7097290429884273E-008
 SINGLE POLE (MadLoop)  -2.8072420210913913E-008
 DOUBLE POLE (MadLoop)  -1.7097290429884240E-008
 FINITE PART (MadLoop)   1.2600341713095254E-008
   325.00000000000000        0.0000000000000000        0.0000000000000000        325.00000000000000        0.0000000000000000     
   325.00000000000000        0.0000000000000000        0.0000000000000000       -325.00000000000000        0.0000000000000000     
   225.57325553168042        217.25888074066376        21.361613344979499       -56.793959412726721        0.0000000000000000     
   254.13057864051615       -210.57555070081392       -112.77189410330666       -86.734009174977544        0.0000000000000000     
   170.29616582780358       -6.6833300398498263        91.410280758327261        143.52796858770421        0.0000000000000000     

 PASSED   1.0000000000000001E-005
 MU_R    =    325.00000000000000     
 ALPHA_S =   0.11799999999999999     
 BORN                    9.3713514610429314E-008
 SINGLE POLE (MadFKS)   -3.0166179694686156E-009
 DOUBLE POLE (MadFKS)   -9.9731426613457823E-009
 SINGLE POLE (MadLoop)  -3.0166179694685895E-009
 DOUBLE POLE (MadLoop)  -9.9731426613457774E-009
 FINITE PART (MadLoop)   9.9337931212474410E-009
   325.00000000000000        0.0000000000000000        0.0000000000000000        325.00000000000000        0.0000000000000000     
   325.00000000000000        0.0000000000000000        0.0000000000000000       -325.00000000000000        0.0000000000000000     
   184.79410610160068       -80.487476814666977       -40.629021720591261       -161.30688243198372        0.0000000000000000     
   310.06361110551194        134.65946362619439       -50.312788421389520        274.72694645585869        0.0000000000000000     
   155.14228279288744       -54.171986811527390        90.941810141980781       -113.42006402387497        0.0000000000000000     

 PASSED   1.0000000000000001E-005
 MU_R    =    325.00000000000000     
 ALPHA_S =   0.11799999999999999     
 BORN                    6.6321828640297538E-008
 SINGLE POLE (MadFKS)   -2.4922763597112125E-012
 DOUBLE POLE (MadFKS)   -7.0580754690573201E-009
 SINGLE POLE (MadLoop)  -2.4922763597434128E-012
 DOUBLE POLE (MadLoop)  -7.0580754690573201E-009
 FINITE PART (MadLoop)   8.4262175601541312E-009
   325.00000000000000        0.0000000000000000        0.0000000000000000        325.00000000000000        0.0000000000000000     
   325.00000000000000        0.0000000000000000        0.0000000000000000       -325.00000000000000        0.0000000000000000     
   259.82677152576400       -35.117136935099893       -77.023891854604386        245.65027575509291        0.0000000000000000     
   136.81596742997849        133.02235495217099       -12.076442458446722       -29.628053670928136        0.0000000000000000     
   253.35726104425723       -97.905218017071221        89.100334313050979       -216.02222208416484        0.0000000000000000     

 PASSED   1.0000000000000001E-005
 MU_R    =    325.00000000000000     
 ALPHA_S =   0.11799999999999999     
 BORN                    2.3744348694733504E-008
 SINGLE POLE (MadFKS)   -1.2397988349557058E-009
 DOUBLE POLE (MadFKS)   -2.5269117044401488E-009
 SINGLE POLE (MadLoop)  -1.2397988349560040E-009
 DOUBLE POLE (MadLoop)  -2.5269117044401484E-009
 FINITE PART (MadLoop)   5.1422971559794498E-009
   325.00000000000000        0.0000000000000000        0.0000000000000000        325.00000000000000        0.0000000000000000     
   325.00000000000000        0.0000000000000000        0.0000000000000000       -325.00000000000000        0.0000000000000000     
   299.79508360051784        261.76255357267110       -22.869430541431040        144.34142456296721        0.0000000000000000     
   281.36975807220045       -267.61353236646556        38.972969642782019       -77.672683030613229        0.0000000000000000     
   68.835158327282045        5.8509787937944298       -16.103539101350979       -66.668741532353934        0.0000000000000000     

 PASSED   1.0000000000000001E-005
 MU_R    =    325.00000000000000     
 ALPHA_S =   0.11799999999999999     
 BORN                    8.2037178140691993E-008
 SINGLE POLE (MadFKS)   -1.9123532835012732E-009
 DOUBLE POLE (MadFKS)   -8.7305281904378127E-009
 SINGLE POLE (MadLoop)  -1.9123532834999075E-009
 DOUBLE POLE (MadLoop)  -8.7305281904377994E-009
Thanks for using LHAPDF 6.2.1. Please make sure to cite the paper:
  Eur.Phys.J. C75 (2015) 3, 132  (http://arxiv.org/abs/1412.7420)
 FINITE PART (MadLoop)   7.0242657694516104E-009
   325.00000000000000        0.0000000000000000        0.0000000000000000        325.00000000000000        0.0000000000000000     
   325.00000000000000        0.0000000000000000        0.0000000000000000       -325.00000000000000        0.0000000000000000     
   268.77777113009046       -206.05437669629586       -172.45128756782574        6.6058696747198589        0.0000000000000000     
   144.11256480293898        16.051413943594596        91.699549036333593        110.00898213794042        0.0000000000000000     
   237.10966406697051        190.00296275270125        80.751738531492194       -116.61485181266038        0.0000000000000000     

 PASSED   1.0000000000000001E-005
 MU_R    =    325.00000000000000     
 ALPHA_S =   0.11799999999999999     
 BORN                    9.8288880650202014E-008
 SINGLE POLE (MadFKS)   -1.5497674577006058E-009
 DOUBLE POLE (MadFKS)   -1.0460060460045560E-008
 SINGLE POLE (MadLoop)  -1.5497674577006219E-009
 DOUBLE POLE (MadLoop)  -1.0460060460045600E-008
 FINITE PART (MadLoop)   8.0291819883391311E-009
   325.00000000000000        0.0000000000000000        0.0000000000000000        325.00000000000000        0.0000000000000000     
   325.00000000000000        0.0000000000000000        0.0000000000000000       -325.00000000000000        0.0000000000000000     
   134.07854274761581       -18.766657086923157       -62.307123179973345       -117.22922250079839        0.0000000000000000     
   324.83998155223532        43.786743320757331        165.97064824439198        275.78520381912256        0.0000000000000000     
   191.08147570014896       -25.020086233834167       -103.66352506441859       -158.55598131832417        0.0000000000000000     

 PASSED   1.0000000000000001E-005
 MU_R    =    325.00000000000000     
 ALPHA_S =   0.11799999999999999     
 BORN                    1.2849443008560892E-006
 SINGLE POLE (MadFKS)   -1.3331711118628018E-007
 DOUBLE POLE (MadFKS)   -1.3674583519349542E-007
 SINGLE POLE (MadLoop)  -1.3331711118628174E-007
 DOUBLE POLE (MadLoop)  -1.3674583519349394E-007
 FINITE PART (MadLoop)   9.4651360814947816E-008
   325.00000000000000        0.0000000000000000        0.0000000000000000        325.00000000000000        0.0000000000000000     
   325.00000000000000        0.0000000000000000        0.0000000000000000       -325.00000000000000        0.0000000000000000     
   181.59794475885161       -149.66425826465175        59.316048644771044       -84.023982956663730        0.0000000000000000     
   159.66416012135412       -13.950200586828512        98.403917311123806       -124.95881316926061        0.0000000000000000     
   308.73789511979408        163.61445885148026       -157.71996595589482        208.98279612592435        0.0000000000000000     

 PASSED   1.0000000000000001E-005
 MU_R    =    325.00000000000000     
 ALPHA_S =   0.11799999999999999     
 BORN                    3.8448594073459242E-008
 SINGLE POLE (MadFKS)   -2.3697617550401968E-009
 DOUBLE POLE (MadFKS)   -4.0917611020866428E-009
 SINGLE POLE (MadLoop)  -2.3697617550374166E-009
 DOUBLE POLE (MadLoop)  -4.0917611020866436E-009
 FINITE PART (MadLoop)   4.0594647850327544E-009
   325.00000000000000        0.0000000000000000        0.0000000000000000        325.00000000000000        0.0000000000000000     
   325.00000000000000        0.0000000000000000        0.0000000000000000       -325.00000000000000        0.0000000000000000     
   324.39455639757409       -61.271233254453485        299.15398359698361        109.47400738948458        0.0000000000000000     
   190.21118056531049        23.444986266428849       -175.23932854081809       -70.155566875190615        0.0000000000000000     
   135.39426303711545        37.826246988024643       -123.91465505616551       -39.318440514293954        0.0000000000000000     

 PASSED   1.0000000000000001E-005
 MU_R    =    325.00000000000000     
 ALPHA_S =   0.11799999999999999     
 BORN                    1.1619132644047880E-006
 SINGLE POLE (MadFKS)   -3.3015915371397591E-007
 DOUBLE POLE (MadFKS)   -1.2365267479498969E-007
 SINGLE POLE (MadLoop)  -3.3015915371398460E-007
 DOUBLE POLE (MadLoop)  -1.2365267479499059E-007
 FINITE PART (MadLoop)  -9.3315291452245094E-010
   325.00000000000000        0.0000000000000000        0.0000000000000000        325.00000000000000        0.0000000000000000     
   325.00000000000000        0.0000000000000000        0.0000000000000000       -325.00000000000000        0.0000000000000000     
   67.691758270407774       -54.348427132696351       -18.516154357119593        35.854910873751116        0.0000000000000000     
   315.69573906973699        100.57489097942864        22.505487523928377       -298.39905161138461        0.0000000000000000     
   266.61250265985518       -46.226463846732216       -3.9893331668088003        262.54414073763343        0.0000000000000000     

 NUMBER OF POINTS PASSING THE CHECK          20
 NUMBER OF POINTS FAILING THE CHECK           0
 TOLERANCE    1.0000000000000001E-005
