==== LHAPDF6 USING DEFAULT-TYPE LHAGLUE INTERFACE ====
LHAPDF 6.2.1 loading /cvmfs/cms.cern.ch/slc6_amd64_gcc481/external/lhapdf/6.2.1/share/LHAPDF/NNPDF31_nnlo_hessian_pdfas/NNPDF31_nnlo_hessian_pdfas_0000.dat
NNPDF31_nnlo_hessian_pdfas PDF set, member #0, version 1; LHAPDF ID = 306000
 A PDF is used, so alpha_s(MZ) is going to be modified
 Old value of alpha_s from param_card:   0.11799999999999999     
 New value of alpha_s from PDF lhapdf :  0.11800208008122040     
 using LHAPDF
 *****************************************************
 *               MadGraph/MadEvent                   *
 *        --------------------------------           *
 *          http://madgraph.hep.uiuc.edu             *
 *          http://madgraph.phys.ucl.ac.be           *
 *          http://madgraph.roma2.infn.it            *
 *        --------------------------------           *
 *                                                   *
 *          PARAMETER AND COUPLING VALUES            *
 *                                                   *
 *****************************************************

  External Params
  ---------------------------------
  
 MU_R =    91.188000000000002     
 aEWM1 =    132.50700000000001     
 mdl_Gf =    1.1663900000000000E-005
 aS =   0.11799999999999999     
 mdl_lamWS =   0.22530000000000000     
 mdl_AWS =   0.80800000000000005     
 mdl_rhoWS =   0.13200000000000001     
 mdl_etaWS =   0.34100000000000003     
 mdl_ymt =    173.00000000000000     
 mdl_ymtau =    1.7769999999999999     
 mdl_MT =    173.00000000000000     
 mdl_MZ =    91.188000000000002     
 mdl_MH =    125.00000000000000     
 mdl_MTA =    1.7769999999999999     
 mdl_WT =    1.4915000000000000     
 mdl_WZ =    2.4414039999999999     
 mdl_WW =    2.0476000000000001     
 mdl_WH =    6.3823389999999999E-003
  Internal Params
  ---------------------------------
  
 mdl_CKM33 =    1.0000000000000000     
 mdl_conjg__CKM3x3 =    1.0000000000000000     
 mdl_I4x33 =    0.0000000000000000     
 mdl_I1x33 =    0.0000000000000000     
 mdl_lhv =    1.0000000000000000     
 mdl_CKM3x3 =    1.0000000000000000     
 mdl_conjg__CKM33 =    1.0000000000000000     
 mdl_Ncol =    3.0000000000000000     
 mdl_CA =    3.0000000000000000     
 mdl_TF =   0.50000000000000000     
 mdl_CF =    1.3333333333333333     
 mdl_lamWS__exp__2 =    5.0760090000000001E-002
 mdl_CKM11 =  ( 0.97461995499999998     ,  0.0000000000000000     )
 mdl_CKM12 =  ( 0.22530000000000000     ,  0.0000000000000000     )
 mdl_complexi =  (  0.0000000000000000     ,  1.0000000000000000     )
 mdl_lamWS__exp__3 =    1.1436248277000001E-002
 mdl_CKM13 =  (  1.2197444962317122E-003, -3.1510066152652563E-003)
 mdl_CKM21 =  (-0.22530000000000000     ,  0.0000000000000000     )
 mdl_CKM22 =  ( 0.97461995499999998     ,  0.0000000000000000     )
 mdl_CKM23 =  (  4.1014152720000002E-002,  0.0000000000000000     )
 mdl_CKM31 =  (  8.0207441115842885E-003, -3.1510066152652563E-003)
 mdl_CKM32 =  ( -4.1014152720000002E-002,  0.0000000000000000     )
 mdl_MZ__exp__2 =    8315.2513440000002     
 mdl_MZ__exp__4 =    69143404.913893804     
 mdl_sqrt__2 =    1.4142135623730951     
 mdl_MH__exp__2 =    15625.000000000000     
 mdl_CKM1x1 =  ( 0.97461995499999998     ,  0.0000000000000000     )
 mdl_CKM1x2 =  ( 0.22530000000000000     ,  0.0000000000000000     )
 mdl_CKM1x3 =  (  1.2197444962317122E-003, -3.1510066152652563E-003)
 mdl_CKM2x1 =  (-0.22530000000000000     ,  0.0000000000000000     )
 mdl_CKM2x2 =  ( 0.97461995499999998     ,  0.0000000000000000     )
 mdl_CKM2x3 =  (  4.1014152720000002E-002,  0.0000000000000000     )
 mdl_CKM3x1 =  (  8.0207441115842885E-003, -3.1510066152652563E-003)
 mdl_CKM3x2 =  ( -4.1014152720000002E-002,  0.0000000000000000     )
 mdl_conjg__CKM1x3 =  (  1.2197444962317122E-003,  3.1510066152652563E-003)
 mdl_conjg__CKM2x3 =  (  4.1014152720000002E-002, -0.0000000000000000     )
 mdl_conjg__CKM2x1 =  (-0.22530000000000000     , -0.0000000000000000     )
 mdl_conjg__CKM3x1 =  (  8.0207441115842885E-003,  3.1510066152652563E-003)
 mdl_conjg__CKM2x2 =  ( 0.97461995499999998     , -0.0000000000000000     )
 mdl_conjg__CKM3x2 =  ( -4.1014152720000002E-002, -0.0000000000000000     )
 mdl_Ncol__exp__2 =    9.0000000000000000     
 mdl_MT__exp__2 =    29929.000000000000     
 mdl_conjg__CKM11 =  ( 0.97461995499999998     , -0.0000000000000000     )
 mdl_conjg__CKM12 =  ( 0.22530000000000000     , -0.0000000000000000     )
 mdl_conjg__CKM13 =  (  1.2197444962317122E-003,  3.1510066152652563E-003)
 mdl_conjg__CKM21 =  (-0.22530000000000000     , -0.0000000000000000     )
 mdl_conjg__CKM22 =  ( 0.97461995499999998     , -0.0000000000000000     )
 mdl_conjg__CKM23 =  (  4.1014152720000002E-002, -0.0000000000000000     )
 mdl_conjg__CKM31 =  (  8.0207441115842885E-003,  3.1510066152652563E-003)
 mdl_conjg__CKM32 =  ( -4.1014152720000002E-002, -0.0000000000000000     )
 mdl_aEW =    7.5467711139788835E-003
 mdl_MW =    80.419002445756163     
 mdl_sqrt__aEW =    8.6872153846781555E-002
 mdl_ee =   0.30795376724436879     
 mdl_MW__exp__2 =    6467.2159543705357     
 mdl_sw2 =   0.22224648578577766     
 mdl_cw =   0.88190334743339216     
 mdl_sqrt__sw2 =   0.47143025548407230     
 mdl_sw =   0.47143025548407230     
 mdl_g1 =   0.34919219678733299     
 mdl_gw =   0.65323293034757990     
 mdl_v =    246.21845810181637     
 mdl_v__exp__2 =    60623.529110035903     
 mdl_lam =   0.12886910601690263     
 mdl_yt =   0.99366614581500623     
 mdl_ytau =    1.0206617000654717E-002
 mdl_muH =    88.388347648318430     
 mdl_AxialZUp =  -0.18517701861793787     
 mdl_AxialZDown =   0.18517701861793787     
 mdl_VectorZUp =    7.5430507588273299E-002
 mdl_VectorZDown =  -0.13030376310310560     
 mdl_VectorAUp =   0.20530251149624587     
 mdl_VectorADown =  -0.10265125574812294     
 mdl_VectorWmDxU =   0.23095271737156670     
 mdl_AxialWmDxU =  -0.23095271737156670     
 mdl_VectorWpUxD =   0.23095271737156670     
 mdl_AxialWpUxD =  -0.23095271737156670     
 mdl_I2x13 =  (  7.9699418879263656E-003,  3.1310485988282153E-003)
 mdl_I2x23 =  ( -4.0754375057150453E-002, -0.0000000000000000     )
 mdl_I2x33 =  ( 0.99366614581500623     ,  0.0000000000000000     )
 mdl_I3x31 =  (  7.9699418879263656E-003, -3.1310485988282153E-003)
 mdl_I3x32 =  ( -4.0754375057150453E-002,  0.0000000000000000     )
 mdl_I3x33 =  ( 0.99366614581500623     ,  0.0000000000000000     )
 mdl_Vector_tdGp =  ( -7.9699418879263656E-003, -3.1310485988282153E-003)
 mdl_Vector_tsGp =  (  4.0754375057150453E-002,  0.0000000000000000     )
 mdl_Vector_tbGp =  (-0.99366614581500623     ,  0.0000000000000000     )
 mdl_Axial_tdGp =  ( -7.9699418879263656E-003, -3.1310485988282153E-003)
 mdl_Axial_tsGp =  (  4.0754375057150453E-002,  0.0000000000000000     )
 mdl_Axial_tbGp =  (-0.99366614581500623     , -0.0000000000000000     )
 mdl_Vector_tdGm =  (  7.9699418879263656E-003, -3.1310485988282153E-003)
 mdl_Vector_tsGm =  ( -4.0754375057150453E-002,  0.0000000000000000     )
 mdl_Vector_tbGm =  ( 0.99366614581500623     ,  0.0000000000000000     )
 mdl_Axial_tdGm =  ( -7.9699418879263656E-003,  3.1310485988282153E-003)
 mdl_Axial_tsGm =  (  4.0754375057150453E-002, -0.0000000000000000     )
 mdl_Axial_tbGm =  (-0.99366614581500623     ,  0.0000000000000000     )
 mdl_gw__exp__2 =   0.42671326129048615     
 mdl_cw__exp__2 =   0.77775351421422245     
 mdl_ee__exp__2 =    9.4835522759998875E-002
 mdl_sw__exp__2 =   0.22224648578577769     
 mdl_yt__exp__2 =   0.98737240933884918     
  Internal Params evaluated point by point
  ----------------------------------------
  
 mdl_sqrt__aS =   0.34351128074635334     
 mdl_G__exp__4 =    2.1987899468922913     
 mdl_G__exp__2 =    1.4828317324943823     
 mdl_R2MixedFactor_FIN_ =   -2.5040377713124864E-002
 mdl_G_UVg_1EPS_ =   -5.1645779033320030E-002
 mdl_G_UVq_1EPS_ =    3.1300472141406080E-003
 mdl_G_UVb_1EPS_ =    3.1300472141406080E-003
 mdl_GWcft_UV_t_1EPS_ =   -3.1300472141406080E-003
 mdl_tWcft_UV_1EPS_ =   -1.8780283284843650E-002
 mdl_G__exp__3 =    1.8056676068262196     
 mdl_MU_R__exp__2 =    8315.2513440000002     
 mdl_G_UVt_FIN_ =   -4.0087659331150384E-003
 mdl_GWcft_UV_t_FIN_ =    4.0087659331150384E-003
 mdl_tWcft_UV_FIN_ =   -9.8778211443463623E-004
  Couplings of loop_sm-ckm_no_b_mass
  ---------------------------------
  
       UV_3Gt =   0.48815E-02   0.00000E+00
      UV_GQQt =   0.00000E+00  -0.48815E-02
   UVWfct_G_2 =   0.40088E-02   0.00000E+00
       R2_DDA =   0.00000E+00   0.25704E-02
       R2_UUA =  -0.00000E+00  -0.51409E-02
    R2_DDZ_V2 =   0.00000E+00   0.72127E-02
    R2_UUZ_V2 =  -0.00000E+00  -0.72127E-02
    R2_UUZ_V5 =   0.00000E+00   0.68702E-03
      R2_GGHt =   0.00000E+00  -0.45657E+01
     R2_GGZup =  -0.46369E-02   0.00000E+00
   R2_GGZdown =   0.46369E-02   0.00000E+00
 R2_GGGZvecUp =   0.00000E+00   0.28750E-03
 R2_GGGZvecDown  -0.00000E+00  -0.49665E-03
 R2_GGGZaxialUp  -0.00000E+00  -0.63522E-02
 R2_GGGZaxialDow  0.00000E+00   0.63522E-02
 R2_GGGAvecUp =   0.00000E+00   0.78251E-03
 R2_GGGAvecDown  -0.00000E+00  -0.39126E-03
         GC_4 =  -0.12177E+01   0.00000E+00
         GC_5 =   0.00000E+00   0.12177E+01
         GC_6 =   0.00000E+00   0.14828E+01
       R2_3Gq =   0.76230E-02   0.00000E+00
       R2_3Gg =   0.31445E-01   0.00000E+00
       R2_GQQ =  -0.00000E+00  -0.30492E-01
       R2_GGq =   0.00000E+00   0.62601E-02
       R2_GGt =  -0.00000E+00  -0.11242E+04
     R2_GGg_1 =   0.00000E+00   0.28170E-01
     R2_GGg_2 =  -0.00000E+00  -0.18780E-01
       R2_QQq =   0.00000E+00   0.12520E-01
  UV_3Gg_1eps =   0.62890E-01   0.00000E+00
  UV_3Gb_1eps =  -0.38115E-02   0.00000E+00
 UV_GQQg_1eps =   0.00000E+00  -0.62890E-01
 UV_GQQq_1eps =   0.00000E+00   0.38115E-02
 UVWfct_G_2_1eps -0.31300E-02   0.00000E+00
         GC_1 =  -0.00000E+00  -0.10265E+00
         GC_2 =   0.00000E+00   0.20530E+00
        GC_21 =  -0.00000E+00  -0.28804E+00
        GC_22 =   0.00000E+00   0.28804E+00
        GC_23 =  -0.00000E+00  -0.27437E-01
        GC_24 =   0.00000E+00   0.82310E-01
        GC_37 =  -0.00000E+00  -0.70263E+00
        GC_38 =  -0.00000E+00  -0.72172E-02
      GC_1003 =  -0.00000E+00  -0.30795E+00

 Collider parameters:
 --------------------

 Running at P P   machine @    13000.000000000000       GeV
 PDF set = lhapdf 
 alpha_s(Mz)= 0.1180 running at 3 loops.
 alpha_s(Mz)= 0.1180 running at 3 loops.
 Renormalization scale set on event-by-event basis
 Factorization   scale set on event-by-event basis


 ===============================================================
 INFO: MadFKS read these parameters from FKS_params.dat
 ===============================================================
  > IRPoleCheckThreshold      =    1.0000000000000001E-005
  > PrecisionVirtualAtRunTime =    1.0000000000000000E-003
  > NHelForMCoverHels         =            4
  > VirtualFraction           =    1.0000000000000000     
  > MinVirtualFraction        =    5.0000000000000001E-003
 ===============================================================
  Insert the number of points to test
 Insert the relative tolerance
  A negative number will mean use the default one:    1.0000000000000001E-005
Using random seed offsets:     0 ,     35 ,      0
  with seed                   32
 Ranmar initialization seeds       10729        9441
  ========================================================================================== 
 {                                                                                          }
 {       [32m                                                                            [0m       }
 {       [32m                               ,,                                           [0m       }
 {       [32m`7MMM.     ,MMF'             `7MM  `7MMF'                                   [0m       }
 {       [32m  MMMb    dPMM                 MM    MM                                     [0m       }
 {       [32m  M YM   ,M MM   ,6"Yb.   ,M""bMM    MM         ,pW"Wq.   ,pW"Wq.`7MMpdMAo. [0m       }
 {       [32m  M  Mb  M' MM  8)   MM ,AP    MM    MM        6W'   `Wb 6W'   `Wb MM   `Wb [0m       }
 {       [32m  M  YM.P'  MM   ,pm9MM 8MI    MM    MM      , 8M     M8 8M     M8 MM    M8 [0m       }
 {       [32m  M  `YM'   MM  8M   MM `Mb    MM    MM     ,M YA.   ,A9 YA.   ,A9 MM   ,AP [0m       }
 {       [32m.JML. `'  .JMML.`Moo9^Yo.`Wbmd"MML..JMMmmmmMMM  `Ybmd9'   `Ybmd9'  MMbmmd'  [0m       }
 {       [32m                                                                   MM       [0m       }
 {       [32m                                                                 .JMML.     [0m       }
 {       [32m[0mv2.4.2 (2016-06-10), Ref: arXiv:1103.0621v2, arXiv:1405.0301[32m                [0m       }
 {       [32m                                                                            [0m       }
 {                                                                                          }
  ========================================================================================== 
 ===============================================================
 INFO: MadLoop read these parameters from ./MadLoop5_resources/MadLoopParams.dat                                                                                                                                                                                                                                                                                                                                                                                                                                                                                          
 ===============================================================
  > MLReductionLib            = 6|1|2
  > IREGIMODE                 =            2
  > IREGIRECY                 =  T
  > CTModeRun                 =           -1
  > MLStabThres               =    1.0000000000000000E-003
  > NRotations_DP             =            1
  > NRotations_QP             =            0
  > CTStabThres               =    1.0000000000000000E-002
  > CTLoopLibrary             =            2
  > CTModeInit                =            1
  > CheckCycle                =            3
  > MaxAttempts               =           10
  > UseLoopFilter             =  F
  > HelicityFilterLevel       =            2
  > ImprovePSPoint            =            2
  > DoubleCheckHelicityFilter =  T
  > LoopInitStartOver         =  F
  > HelInitStartOver          =  F
  > ZeroThres                 =    1.0000000000000001E-009
  > OSThres                   =    1.0000000000000000E-008
  > WriteOutFilters           =  T
  > UseQPIntegrandForNinja    =  F
  > UseQPIntegrandForCutTools =  T
 ===============================================================
  
------------------------------------------------------------------------
|              You are using CutTools - Version 1.9.3                  |
|              Authors: G. Ossola, C. Papadopoulos, R. Pittau          |
|              Published in JHEP 0803:042,2008                         |
|              http://www.ugr.es/~pittau/CutTools                      |
|                                                                      |
|              Compiler with  34  significant digits detetected        |
 ---------------------------------------------------------------------- 
   
########################################################################
#                                                                      #
#                      You are using OneLOop-3.6                       #
#                                                                      #
# for the evaluation of 1-loop scalar 1-, 2-, 3- and 4-point functions #
#                                                                      #
# author: Andreas van Hameren <hamerenREMOVETHIS@ifj.edu.pl>           #
#   date: 18-02-2015                                                   #
#                                                                      #
# Please cite                                                          #
#    A. van Hameren,                                                   #
#      Comput.Phys.Commun. 182 (2011) 2427-2438, arXiv:1007.4716       #
#    A. van Hameren, C.G. Papadopoulos and R. Pittau,                  #
#      JHEP 0909:106,2009, arXiv:0903.4665                             #
# in publications with results obtained with the help of this program. #
#                                                                      #
########################################################################
 PASSED   1.0000000000000001E-005
 MU_R    =    325.00000000000000     
 ALPHA_S =   0.11799999999999999     
 BORN                    3.1158324547348715E-009
 SINGLE POLE (MadFKS)   -7.7176452606828259E-010
 DOUBLE POLE (MadFKS)   -5.0714054012293237E-010
 SINGLE POLE (MadLoop)  -7.7176452606822975E-010
 DOUBLE POLE (MadLoop)  -5.0714054012294695E-010
 FINITE PART (MadLoop)  -2.8523010117542188E-010
   325.00000000000000        0.0000000000000000        0.0000000000000000        325.00000000000000        0.0000000000000000     
   325.00000000000000        0.0000000000000000        0.0000000000000000       -325.00000000000000        0.0000000000000000     
   60.786387731392260        48.622433571135780       -12.186467674081234       -34.339134579663146        1.7769999999999999     
   213.86322929940695        176.93147102115051       -74.633887413363851       -94.124176114491519        1.7769999999999999     
   61.503039580538001        32.904963745304826        32.007402022468369       -40.931814696364057        0.0000000000000000     
   313.84734338866281       -258.45886833759107        54.812953064976725        169.39512539051884        0.0000000000000000     

 PASSED   1.0000000000000001E-005
 MU_R    =    325.00000000000000     
 ALPHA_S =   0.11799999999999999     
 BORN                    3.3315455664007696E-011
 SINGLE POLE (MadFKS)   -6.6460699216303599E-012
 DOUBLE POLE (MadFKS)   -5.4225053578255166E-012
 SINGLE POLE (MadLoop)  -6.6460699216309933E-012
 DOUBLE POLE (MadLoop)  -5.4225053578255287E-012
 FINITE PART (MadLoop)   2.0150590112540426E-012
   325.00000000000000        0.0000000000000000        0.0000000000000000        325.00000000000000        0.0000000000000000     
   325.00000000000000        0.0000000000000000        0.0000000000000000       -325.00000000000000        0.0000000000000000     
   173.13941887237496       -43.325547767525002       -78.039474648112488       -148.34701866149595        1.7769999999999999     
   118.81173730697131        97.110349545619002       -34.559751579620794       -59.061618457195571        1.7769999999999999     
   148.40617997177213        46.346130624353215       -54.533256109698684        130.00982427508475        0.0000000000000000     
   209.64266384888157       -100.13093240244724        167.13248233743198        77.398812843606805        0.0000000000000000     

 PASSED   1.0000000000000001E-005
 MU_R    =    325.00000000000000     
 ALPHA_S =   0.11799999999999999     
 BORN                    3.8198906013001570E-011
 SINGLE POLE (MadFKS)   -5.9426988767488867E-012
 DOUBLE POLE (MadFKS)   -6.2173477261591533E-012
 SINGLE POLE (MadLoop)  -5.9426988768038506E-012
 DOUBLE POLE (MadLoop)  -6.2173477261592196E-012
 FINITE PART (MadLoop)   3.4219465813569230E-012
   325.00000000000000        0.0000000000000000        0.0000000000000000        325.00000000000000        0.0000000000000000     
   325.00000000000000        0.0000000000000000        0.0000000000000000       -325.00000000000000        0.0000000000000000     
   42.702382921896287        40.150172338159642      -0.86536308921551686       -14.406616054721617        1.7769999999999999     
   138.72669527340861       -55.534741630729705       -16.643247678134891        126.01917723590137        1.7769999999999999     
   248.95839588630290       -178.99479528388954       -74.463617588861581       -156.19320023336277        0.0000000000000000     
   219.61252591839212        194.37936457645964        91.972228356211986        44.580639052182995        0.0000000000000000     

 PASSED   1.0000000000000001E-005
 MU_R    =    325.00000000000000     
 ALPHA_S =   0.11799999999999999     
 BORN                    1.3112396408286753E-011
 SINGLE POLE (MadFKS)   -3.0309762915844615E-012
 DOUBLE POLE (MadFKS)   -2.1342058321201939E-012
 SINGLE POLE (MadLoop)  -3.0309762915844886E-012
 DOUBLE POLE (MadLoop)  -2.1342058321201959E-012
 FINITE PART (MadLoop)   5.6706935757620979E-013
   325.00000000000000        0.0000000000000000        0.0000000000000000        325.00000000000000        0.0000000000000000     
   325.00000000000000        0.0000000000000000        0.0000000000000000       -325.00000000000000        0.0000000000000000     
   236.07334417941081        132.11617235458718       -105.84054779480127       -164.53133910571546        1.7769999999999999     
   181.35006508306151       -173.30139456890458       -35.939336234028559        39.492773113076211        1.7769999999999999     
   43.330136761419027        12.868969025251648       -22.201656186010482        34.913848979861456        0.0000000000000000     
   189.24645397610979        28.316253189065829        163.98154021484029        90.124717012777822        0.0000000000000000     

 PASSED   1.0000000000000001E-005
 MU_R    =    325.00000000000000     
 ALPHA_S =   0.11799999999999999     
 BORN                    3.7669575988757519E-012
 SINGLE POLE (MadFKS)   -5.0989377537750821E-013
 DOUBLE POLE (MadFKS)   -6.1311926718363577E-013
 SINGLE POLE (MadLoop)  -5.0989377537757455E-013
 DOUBLE POLE (MadLoop)  -6.1311926718363173E-013
 FINITE PART (MadLoop)   3.2861543222769790E-013
   325.00000000000000        0.0000000000000000        0.0000000000000000        325.00000000000000        0.0000000000000000     
   325.00000000000000        0.0000000000000000        0.0000000000000000       -325.00000000000000        0.0000000000000000     
   161.65166954127460        37.266475760739247       -90.566318231857764        128.59648643248991        1.7769999999999999     
   193.39622662512372       -70.924440568427428        165.97803579063702       -69.425918135620151        1.7769999999999999     
   191.80150186659003        62.333449201625214       -174.13970233026950       -50.771264522691155        0.0000000000000000     
   103.15060196701451       -28.675484393937069        98.727984771490199       -8.3993037741785948        0.0000000000000000     

 PASSED   1.0000000000000001E-005
 MU_R    =    325.00000000000000     
 ALPHA_S =   0.11799999999999999     
 BORN                    4.5565572948577426E-012
 SINGLE POLE (MadFKS)   -7.2345118368899291E-013
 DOUBLE POLE (MadFKS)   -7.4163645227576019E-013
 SINGLE POLE (MadLoop)  -7.2345118368880662E-013
 DOUBLE POLE (MadLoop)  -7.4163645227575686E-013
 FINITE PART (MadLoop)   6.8860702470571306E-013
   325.00000000000000        0.0000000000000000        0.0000000000000000        325.00000000000000        0.0000000000000000     
   325.00000000000000        0.0000000000000000        0.0000000000000000       -325.00000000000000        0.0000000000000000     
   138.70559691922955       -25.953877169451044       -31.217332526487187       -132.61960374516107        1.7769999999999999     
   175.63211868042862        158.82776883723051       -55.490926786976004        50.378371090041107        1.7769999999999999     
   202.74002033669998       -27.870290863914370        150.61577053202893        132.82188223455321        0.0000000000000000     
   132.92226406364722       -105.00360080386510       -63.907511218565887       -50.580649579433071        0.0000000000000000     

 PASSED   1.0000000000000001E-005
 MU_R    =    325.00000000000000     
 ALPHA_S =   0.11799999999999999     
 BORN                    1.9727822962315488E-010
 SINGLE POLE (MadFKS)   -6.6949716757623424E-011
 DOUBLE POLE (MadFKS)   -3.2109488998212452E-011
 SINGLE POLE (MadLoop)  -6.6949716757622274E-011
 DOUBLE POLE (MadLoop)  -3.2109488998212917E-011
 FINITE PART (MadLoop)   5.5807898436423662E-012
   325.00000000000000        0.0000000000000000        0.0000000000000000        325.00000000000000        0.0000000000000000     
   325.00000000000000        0.0000000000000000        0.0000000000000000       -325.00000000000000        0.0000000000000000     
   123.45889288934676       -25.885923260972167        107.47804704639012        54.930218318191642        1.7769999999999999     
   83.255478662072051       -33.883629457116484       -73.825219820682776        18.167376571520389        1.7769999999999999     
   203.72196788860145        136.33093151741886        8.1623108144540060E-002   151.38200239680211        0.0000000000000000     
   239.56366055997972       -76.561378799330157       -33.734450333851896       -224.47959728651412        0.0000000000000000     

 PASSED   1.0000000000000001E-005
 MU_R    =    325.00000000000000     
 ALPHA_S =   0.11799999999999999     
 BORN                    1.0935450544783830E-011
 SINGLE POLE (MadFKS)   -2.6576343338034885E-012
 DOUBLE POLE (MadFKS)   -1.7798807786797971E-012
 SINGLE POLE (MadLoop)  -2.6576343337859109E-012
 DOUBLE POLE (MadLoop)  -1.7798807786798385E-012
 FINITE PART (MadLoop)   9.9854701067717294E-013
   325.00000000000000        0.0000000000000000        0.0000000000000000        325.00000000000000        0.0000000000000000     
   325.00000000000000        0.0000000000000000        0.0000000000000000       -325.00000000000000        0.0000000000000000     
   172.85704998588386        168.04123478888300       -31.674632413513827        25.204425661351738        1.7769999999999999     
   217.37126017867206       -142.82663866904448        16.767617246372474        162.99234743093098        1.7769999999999999     
   67.431188813839086      -0.65355126079696624       -65.672754330065089       -15.284875998844091        0.0000000000000000     
   192.34050102160671       -24.561044859041608        80.579769497206357       -172.91189709343860        0.0000000000000000     

 PASSED   1.0000000000000001E-005
 MU_R    =    325.00000000000000     
 ALPHA_S =   0.11799999999999999     
 BORN                    1.5740296397528035E-010
 SINGLE POLE (MadFKS)   -7.1256804313006680E-011
 DOUBLE POLE (MadFKS)   -2.5619292862191642E-011
 SINGLE POLE (MadLoop)  -7.1256804313002053E-011
 DOUBLE POLE (MadLoop)  -2.5619292862191707E-011
 FINITE PART (MadLoop)  -7.6942804633025850E-011
   325.00000000000000        0.0000000000000000        0.0000000000000000        325.00000000000000        0.0000000000000000     
   325.00000000000000        0.0000000000000000        0.0000000000000000       -325.00000000000000        0.0000000000000000     
   225.22111724786311       -46.110484863577433        220.27949883519457       -8.4946750342209096        1.7769999999999999     
   231.14016611431313       -99.842909579790785       -205.91069695170376       -32.477637688994463        1.7769999999999999     
   28.835150615210225       -3.4693402242779245       -5.8426017342162622       -28.023090378924994        0.0000000000000000     
   164.80356602261406        149.42273466764615       -8.5262001492745316        68.995403102140386        0.0000000000000000     

 PASSED   1.0000000000000001E-005
 MU_R    =    325.00000000000000     
 ALPHA_S =   0.11799999999999999     
 BORN                    2.6156193232650108E-011
 SINGLE POLE (MadFKS)   -5.6472632667024065E-012
 DOUBLE POLE (MadFKS)   -4.2572462275397548E-012
 SINGLE POLE (MadLoop)  -5.6472632667009242E-012
 DOUBLE POLE (MadLoop)  -4.2572462275396910E-012
 FINITE PART (MadLoop)   1.4522397677410201E-012
   325.00000000000000        0.0000000000000000        0.0000000000000000        325.00000000000000        0.0000000000000000     
   325.00000000000000        0.0000000000000000        0.0000000000000000       -325.00000000000000        0.0000000000000000     
   152.87930395649747        28.431095572984727       -17.433457612280161       -149.18669917061570        1.7769999999999999     
   165.65456206431091        129.35031805570847       -98.256358983294689       -32.441629767192921        1.7769999999999999     
   125.48429337891325        25.095237945109705        52.034609189796313        111.39540548760824        0.0000000000000000     
   205.98184060028325       -182.87665157380289        63.655207405778519        70.232923450200403        0.0000000000000000     

 PASSED   1.0000000000000001E-005
 MU_R    =    325.00000000000000     
 ALPHA_S =   0.11799999999999999     
 BORN                    1.8930323599583698E-011
 SINGLE POLE (MadFKS)   -5.1652478578390703E-012
 DOUBLE POLE (MadFKS)   -3.0811459455741723E-012
 SINGLE POLE (MadLoop)  -5.1652478578393312E-012
 DOUBLE POLE (MadLoop)  -3.0811459455741464E-012
 FINITE PART (MadLoop)   1.7397484594046900E-012
   325.00000000000000        0.0000000000000000        0.0000000000000000        325.00000000000000        0.0000000000000000     
   325.00000000000000        0.0000000000000000        0.0000000000000000       -325.00000000000000        0.0000000000000000     
   158.44232565578156        3.0171072195066033       -127.65746615039951       -93.783160696888089        1.7769999999999999     
   166.41980710566176       -134.12687338740051        73.971322683588355       -65.043214279787406        1.7769999999999999     
   238.34490184896129        75.024075650188493        105.45474347601898        200.14738916266879        0.0000000000000000     
   86.792965389599701        56.085690517705451       -51.768600009207852       -41.321014185993292        0.0000000000000000     

 PASSED   1.0000000000000001E-005
 MU_R    =    325.00000000000000     
 ALPHA_S =   0.11799999999999999     
 BORN                    2.6331640613789965E-011
 SINGLE POLE (MadFKS)   -6.5527580605600811E-012
 DOUBLE POLE (MadFKS)   -4.2858024740411385E-012
 SINGLE POLE (MadLoop)  -6.5527580605603606E-012
 DOUBLE POLE (MadLoop)  -4.2858024740411369E-012
 FINITE PART (MadLoop)   2.5096632492193522E-012
   325.00000000000000        0.0000000000000000        0.0000000000000000        325.00000000000000        0.0000000000000000     
   325.00000000000000        0.0000000000000000        0.0000000000000000       -325.00000000000000        0.0000000000000000     
   115.22503316470987        16.146823027059494       -42.600135876858708       -105.82135449999913        1.7769999999999999     
   211.11590259926714       -142.60163956419802        148.86306065281138       -45.511846457633517        1.7769999999999999     
   244.50035501639852        66.212847204845843       -143.95945892869145        186.20407260081885        0.0000000000000000     
   79.158709219624498        60.241969332292719        37.696534152738778       -34.870871643186192        0.0000000000000000     

 PASSED   1.0000000000000001E-005
 MU_R    =    325.00000000000000     
 ALPHA_S =   0.11799999999999999     
 BORN                    3.2424205962670180E-011
 SINGLE POLE (MadFKS)   -1.1957688374573756E-011
 DOUBLE POLE (MadFKS)   -5.2774433682972086E-012
 SINGLE POLE (MadLoop)  -1.1957688374573822E-011
 DOUBLE POLE (MadLoop)  -5.2774433682971633E-012
 FINITE PART (MadLoop)  -3.7150005586941510E-012
   325.00000000000000        0.0000000000000000        0.0000000000000000        325.00000000000000        0.0000000000000000     
   325.00000000000000        0.0000000000000000        0.0000000000000000       -325.00000000000000        0.0000000000000000     
   182.28016090856531        103.66558373721199       -67.730830058915032        133.74932052091299        1.7769999999999999     
   227.81606958306858       -214.79961075093576      -0.33101870647754245       -75.881628073862373        1.7769999999999999     
   174.08968071817270        120.78848620591560        42.759332249191026       -117.85159327833432        0.0000000000000000     
   65.814088790194660       -9.6544591921918794        25.302516516201539        59.983900831283684        0.0000000000000000     

 PASSED   1.0000000000000001E-005
 MU_R    =    325.00000000000000     
 ALPHA_S =   0.11799999999999999     
 BORN                    1.8229533154052682E-009
 SINGLE POLE (MadFKS)   -4.6679079229013307E-010
 DOUBLE POLE (MadFKS)   -2.9670835721241756E-010
 SINGLE POLE (MadLoop)  -4.6679079229127851E-010
 DOUBLE POLE (MadLoop)  -2.9670835721242298E-010
 FINITE PART (MadLoop)  -1.7444893666241420E-010
   325.00000000000000        0.0000000000000000        0.0000000000000000        325.00000000000000        0.0000000000000000     
   325.00000000000000        0.0000000000000000        0.0000000000000000       -325.00000000000000        0.0000000000000000     
Thanks for using LHAPDF 6.2.1. Please make sure to cite the paper:
  Eur.Phys.J. C75 (2015) 3, 132  (http://arxiv.org/abs/1412.7420)
   211.89404791555435        26.124358895164484       -100.67988784773176       -184.59958794191289        1.7769999999999999     
   108.94587920913655        13.550814836550179        20.917750810335818       -106.04183130234028        1.7769999999999999     
   218.69613553804305       -62.699484787923666        99.444180949269992        184.41157550959716        0.0000000000000000     
   110.46393733726605        23.024311056208983       -19.682043911874075        106.22984373465600        0.0000000000000000     

 PASSED   1.0000000000000001E-005
 MU_R    =    325.00000000000000     
 ALPHA_S =   0.11799999999999999     
 BORN                    4.8055542018676428E-012
 SINGLE POLE (MadFKS)   -8.0118869157304217E-013
 DOUBLE POLE (MadFKS)   -7.8216380018179045E-013
 SINGLE POLE (MadLoop)  -8.0118869157298422E-013
 DOUBLE POLE (MadLoop)  -7.8216380018179116E-013
 FINITE PART (MadLoop)   5.1314683602729265E-013
   325.00000000000000        0.0000000000000000        0.0000000000000000        325.00000000000000        0.0000000000000000     
   325.00000000000000        0.0000000000000000        0.0000000000000000       -325.00000000000000        0.0000000000000000     
   218.30437764190216       -79.480632921270114        153.47736594420428        133.34605619170500        1.7769999999999999     
   169.23643920118630        103.28108885464201       -15.788363458632908       -133.12234556525237        1.7769999999999999     
   84.697305929742811       -77.095295416366568        31.096999356108423        16.214983424777390        0.0000000000000000     
   177.76187722717057        53.294839482994682       -168.78600184167982       -16.438694051229955        0.0000000000000000     

 PASSED   1.0000000000000001E-005
 MU_R    =    325.00000000000000     
 ALPHA_S =   0.11799999999999999     
 BORN                    6.4926770516043573E-012
 SINGLE POLE (MadFKS)   -8.2214802444563446E-013
 DOUBLE POLE (MadFKS)   -1.0567640573198216E-012
 SINGLE POLE (MadLoop)  -8.2214802444619951E-013
 DOUBLE POLE (MadLoop)  -1.0567640573198203E-012
 FINITE PART (MadLoop)   5.4612332122193162E-013
   325.00000000000000        0.0000000000000000        0.0000000000000000        325.00000000000000        0.0000000000000000     
   325.00000000000000        0.0000000000000000        0.0000000000000000       -325.00000000000000        0.0000000000000000     
   181.77090330367494        17.501085752941176       -150.53463441736395        100.35207719391134        1.7769999999999999     
   120.40703998396125       -113.24866257596132        23.791176538947312        33.217734605899103        1.7769999999999999     
   172.26062937078268        155.02300593884485       -25.987796635873256       -70.471458668850644        0.0000000000000000     
   175.56142734158112       -59.275429115824750        152.73125451428987       -63.098353130959794        0.0000000000000000     

 PASSED   1.0000000000000001E-005
 MU_R    =    325.00000000000000     
 ALPHA_S =   0.11799999999999999     
 BORN                    1.4806068290740957E-011
 SINGLE POLE (MadFKS)   -5.2092136377580459E-012
 DOUBLE POLE (MadFKS)   -2.4098720259020854E-012
 SINGLE POLE (MadLoop)  -5.2092136377582042E-012
 DOUBLE POLE (MadLoop)  -2.4098720259020837E-012
 FINITE PART (MadLoop)   3.7503970168540661E-013
   325.00000000000000        0.0000000000000000        0.0000000000000000        325.00000000000000        0.0000000000000000     
   325.00000000000000        0.0000000000000000        0.0000000000000000       -325.00000000000000        0.0000000000000000     
   199.03418113043705       -13.677739362727101       -183.87278699139929       -74.934405844074277        1.7769999999999999     
   187.36529849940791       -36.430307712156441        168.59259211045025        73.157145367005668        1.7769999999999999     
   142.62417488112101        59.586758284515845        68.426673602033546        110.04028279418424        0.0000000000000000     
   120.97634548903582       -9.4787112096322677       -53.146478721084392       -108.26302231711560        0.0000000000000000     

 PASSED   1.0000000000000001E-005
 MU_R    =    325.00000000000000     
 ALPHA_S =   0.11799999999999999     
 BORN                    5.5530527737537579E-012
 SINGLE POLE (MadFKS)   -9.2147589103251346E-013
 DOUBLE POLE (MadFKS)   -9.0382850295211384E-013
 SINGLE POLE (MadLoop)  -9.2147589103254617E-013
 DOUBLE POLE (MadLoop)  -9.0382850295210788E-013
 FINITE PART (MadLoop)   5.3557923186167279E-013
   325.00000000000000        0.0000000000000000        0.0000000000000000        325.00000000000000        0.0000000000000000     
   325.00000000000000        0.0000000000000000        0.0000000000000000       -325.00000000000000        0.0000000000000000     
   121.89697474567998       -63.787370365730887       -49.795379675536935        91.144425325650928        1.7769999999999999     
   273.94636069128364        198.55762093731980        121.81525502038967       -144.15049642310615        1.7769999999999999     
   174.93154895958645       -105.81099704737987       -137.88231472361892        19.838019349130832        0.0000000000000000     
   79.225115603453588       -28.959253524209025        65.862439378766183        33.168051748324395        0.0000000000000000     

 PASSED   1.0000000000000001E-005
 MU_R    =    325.00000000000000     
 ALPHA_S =   0.11799999999999999     
 BORN                    4.9659443410800694E-012
 SINGLE POLE (MadFKS)   -8.8792975974518200E-013
 DOUBLE POLE (MadFKS)   -8.0826929301949950E-013
 SINGLE POLE (MadLoop)  -8.8792975974526147E-013
 DOUBLE POLE (MadLoop)  -8.0826929301949899E-013
 FINITE PART (MadLoop)   7.5965481589196664E-013
   325.00000000000000        0.0000000000000000        0.0000000000000000        325.00000000000000        0.0000000000000000     
   325.00000000000000        0.0000000000000000        0.0000000000000000       -325.00000000000000        0.0000000000000000     
   264.06642217768081        112.00135244783212        82.419598545405421       -224.47856115493929        1.7769999999999999     
   197.31553163606273       -83.716010289232656       -38.339825567723331        174.50486724590723        1.7769999999999999     
   101.78587954140144        48.507288957291834       -82.032498843353537        35.750207349687905        0.0000000000000000     
   86.832166644855675       -76.792631115891211        37.952725865671411        14.223486559344154        0.0000000000000000     

 PASSED   1.0000000000000001E-005
 MU_R    =    325.00000000000000     
 ALPHA_S =   0.11799999999999999     
 BORN                    7.8473391064018911E-012
 SINGLE POLE (MadFKS)   -1.3897500942500685E-012
 DOUBLE POLE (MadFKS)   -1.2772521792373142E-012
 SINGLE POLE (MadLoop)  -1.3897500942501473E-012
 DOUBLE POLE (MadLoop)  -1.2772521792373107E-012
 FINITE PART (MadLoop)   7.1274859862211467E-013
   325.00000000000000        0.0000000000000000        0.0000000000000000        325.00000000000000        0.0000000000000000     
   325.00000000000000        0.0000000000000000        0.0000000000000000       -325.00000000000000        0.0000000000000000     
   213.05453540714601       -24.895518575347225        209.11578669467914        32.247143105782392        1.7769999999999999     
   132.93304697181694        131.75406019836501       -17.420714033171951        2.3288606723770591        1.7769999999999999     
   243.42339751539251       -160.46856555700140       -182.87870575308139       -7.7568620003838102        0.0000000000000000     
   60.589020105648785        53.610023933983584       -8.8163669084259908       -26.819141777775638        0.0000000000000000     

 NUMBER OF POINTS PASSING THE CHECK          20
 NUMBER OF POINTS FAILING THE CHECK           0
 TOLERANCE    1.0000000000000001E-005
