==== LHAPDF6 USING DEFAULT-TYPE LHAGLUE INTERFACE ====
LHAPDF 6.2.1 loading /cvmfs/cms.cern.ch/slc6_amd64_gcc481/external/lhapdf/6.2.1/share/LHAPDF/NNPDF31_nnlo_hessian_pdfas/NNPDF31_nnlo_hessian_pdfas_0000.dat
NNPDF31_nnlo_hessian_pdfas PDF set, member #0, version 1; LHAPDF ID = 306000
 A PDF is used, so alpha_s(MZ) is going to be modified
 Old value of alpha_s from param_card:   0.11799999999999999     
 New value of alpha_s from PDF lhapdf :  0.11800208008122040     
 using LHAPDF
 *****************************************************
 *               MadGraph/MadEvent                   *
 *        --------------------------------           *
 *          http://madgraph.hep.uiuc.edu             *
 *          http://madgraph.phys.ucl.ac.be           *
 *          http://madgraph.roma2.infn.it            *
 *        --------------------------------           *
 *                                                   *
 *          PARAMETER AND COUPLING VALUES            *
 *                                                   *
 *****************************************************

  External Params
  ---------------------------------
  
 MU_R =    91.188000000000002     
 aEWM1 =    132.50700000000001     
 mdl_Gf =    1.1663900000000000E-005
 aS =   0.11799999999999999     
 mdl_lamWS =   0.22530000000000000     
 mdl_AWS =   0.80800000000000005     
 mdl_rhoWS =   0.13200000000000001     
 mdl_etaWS =   0.34100000000000003     
 mdl_ymt =    173.00000000000000     
 mdl_ymtau =    1.7769999999999999     
 mdl_MT =    173.00000000000000     
 mdl_MZ =    91.188000000000002     
 mdl_MH =    125.00000000000000     
 mdl_MTA =    1.7769999999999999     
 mdl_WT =    1.4915000000000000     
 mdl_WZ =    2.4414039999999999     
 mdl_WW =    2.0476000000000001     
 mdl_WH =    6.3823389999999999E-003
  Internal Params
  ---------------------------------
  
 mdl_CKM33 =    1.0000000000000000     
 mdl_conjg__CKM3x3 =    1.0000000000000000     
 mdl_I4x33 =    0.0000000000000000     
 mdl_I1x33 =    0.0000000000000000     
 mdl_lhv =    1.0000000000000000     
 mdl_CKM3x3 =    1.0000000000000000     
 mdl_conjg__CKM33 =    1.0000000000000000     
 mdl_Ncol =    3.0000000000000000     
 mdl_CA =    3.0000000000000000     
 mdl_TF =   0.50000000000000000     
 mdl_CF =    1.3333333333333333     
 mdl_lamWS__exp__2 =    5.0760090000000001E-002
 mdl_CKM11 =  ( 0.97461995499999998     ,  0.0000000000000000     )
 mdl_CKM12 =  ( 0.22530000000000000     ,  0.0000000000000000     )
 mdl_complexi =  (  0.0000000000000000     ,  1.0000000000000000     )
 mdl_lamWS__exp__3 =    1.1436248277000001E-002
 mdl_CKM13 =  (  1.2197444962317122E-003, -3.1510066152652563E-003)
 mdl_CKM21 =  (-0.22530000000000000     ,  0.0000000000000000     )
 mdl_CKM22 =  ( 0.97461995499999998     ,  0.0000000000000000     )
 mdl_CKM23 =  (  4.1014152720000002E-002,  0.0000000000000000     )
 mdl_CKM31 =  (  8.0207441115842885E-003, -3.1510066152652563E-003)
 mdl_CKM32 =  ( -4.1014152720000002E-002,  0.0000000000000000     )
 mdl_MZ__exp__2 =    8315.2513440000002     
 mdl_MZ__exp__4 =    69143404.913893804     
 mdl_sqrt__2 =    1.4142135623730951     
 mdl_MH__exp__2 =    15625.000000000000     
 mdl_CKM1x1 =  ( 0.97461995499999998     ,  0.0000000000000000     )
 mdl_CKM1x2 =  ( 0.22530000000000000     ,  0.0000000000000000     )
 mdl_CKM1x3 =  (  1.2197444962317122E-003, -3.1510066152652563E-003)
 mdl_CKM2x1 =  (-0.22530000000000000     ,  0.0000000000000000     )
 mdl_CKM2x2 =  ( 0.97461995499999998     ,  0.0000000000000000     )
 mdl_CKM2x3 =  (  4.1014152720000002E-002,  0.0000000000000000     )
 mdl_CKM3x1 =  (  8.0207441115842885E-003, -3.1510066152652563E-003)
 mdl_CKM3x2 =  ( -4.1014152720000002E-002,  0.0000000000000000     )
 mdl_conjg__CKM1x3 =  (  1.2197444962317122E-003,  3.1510066152652563E-003)
 mdl_conjg__CKM2x3 =  (  4.1014152720000002E-002, -0.0000000000000000     )
 mdl_conjg__CKM2x1 =  (-0.22530000000000000     , -0.0000000000000000     )
 mdl_conjg__CKM3x1 =  (  8.0207441115842885E-003,  3.1510066152652563E-003)
 mdl_conjg__CKM2x2 =  ( 0.97461995499999998     , -0.0000000000000000     )
 mdl_conjg__CKM3x2 =  ( -4.1014152720000002E-002, -0.0000000000000000     )
 mdl_Ncol__exp__2 =    9.0000000000000000     
 mdl_MT__exp__2 =    29929.000000000000     
 mdl_conjg__CKM11 =  ( 0.97461995499999998     , -0.0000000000000000     )
 mdl_conjg__CKM12 =  ( 0.22530000000000000     , -0.0000000000000000     )
 mdl_conjg__CKM13 =  (  1.2197444962317122E-003,  3.1510066152652563E-003)
 mdl_conjg__CKM21 =  (-0.22530000000000000     , -0.0000000000000000     )
 mdl_conjg__CKM22 =  ( 0.97461995499999998     , -0.0000000000000000     )
 mdl_conjg__CKM23 =  (  4.1014152720000002E-002, -0.0000000000000000     )
 mdl_conjg__CKM31 =  (  8.0207441115842885E-003,  3.1510066152652563E-003)
 mdl_conjg__CKM32 =  ( -4.1014152720000002E-002, -0.0000000000000000     )
 mdl_aEW =    7.5467711139788835E-003
 mdl_MW =    80.419002445756163     
 mdl_sqrt__aEW =    8.6872153846781555E-002
 mdl_ee =   0.30795376724436879     
 mdl_MW__exp__2 =    6467.2159543705357     
 mdl_sw2 =   0.22224648578577766     
 mdl_cw =   0.88190334743339216     
 mdl_sqrt__sw2 =   0.47143025548407230     
 mdl_sw =   0.47143025548407230     
 mdl_g1 =   0.34919219678733299     
 mdl_gw =   0.65323293034757990     
 mdl_v =    246.21845810181637     
 mdl_v__exp__2 =    60623.529110035903     
 mdl_lam =   0.12886910601690263     
 mdl_yt =   0.99366614581500623     
 mdl_ytau =    1.0206617000654717E-002
 mdl_muH =    88.388347648318430     
 mdl_AxialZUp =  -0.18517701861793787     
 mdl_AxialZDown =   0.18517701861793787     
 mdl_VectorZUp =    7.5430507588273299E-002
 mdl_VectorZDown =  -0.13030376310310560     
 mdl_VectorAUp =   0.20530251149624587     
 mdl_VectorADown =  -0.10265125574812294     
 mdl_VectorWmDxU =   0.23095271737156670     
 mdl_AxialWmDxU =  -0.23095271737156670     
 mdl_VectorWpUxD =   0.23095271737156670     
 mdl_AxialWpUxD =  -0.23095271737156670     
 mdl_I2x13 =  (  7.9699418879263656E-003,  3.1310485988282153E-003)
 mdl_I2x23 =  ( -4.0754375057150453E-002, -0.0000000000000000     )
 mdl_I2x33 =  ( 0.99366614581500623     ,  0.0000000000000000     )
 mdl_I3x31 =  (  7.9699418879263656E-003, -3.1310485988282153E-003)
 mdl_I3x32 =  ( -4.0754375057150453E-002,  0.0000000000000000     )
 mdl_I3x33 =  ( 0.99366614581500623     ,  0.0000000000000000     )
 mdl_Vector_tdGp =  ( -7.9699418879263656E-003, -3.1310485988282153E-003)
 mdl_Vector_tsGp =  (  4.0754375057150453E-002,  0.0000000000000000     )
 mdl_Vector_tbGp =  (-0.99366614581500623     ,  0.0000000000000000     )
 mdl_Axial_tdGp =  ( -7.9699418879263656E-003, -3.1310485988282153E-003)
 mdl_Axial_tsGp =  (  4.0754375057150453E-002,  0.0000000000000000     )
 mdl_Axial_tbGp =  (-0.99366614581500623     , -0.0000000000000000     )
 mdl_Vector_tdGm =  (  7.9699418879263656E-003, -3.1310485988282153E-003)
 mdl_Vector_tsGm =  ( -4.0754375057150453E-002,  0.0000000000000000     )
 mdl_Vector_tbGm =  ( 0.99366614581500623     ,  0.0000000000000000     )
 mdl_Axial_tdGm =  ( -7.9699418879263656E-003,  3.1310485988282153E-003)
 mdl_Axial_tsGm =  (  4.0754375057150453E-002, -0.0000000000000000     )
 mdl_Axial_tbGm =  (-0.99366614581500623     ,  0.0000000000000000     )
 mdl_gw__exp__2 =   0.42671326129048615     
 mdl_cw__exp__2 =   0.77775351421422245     
 mdl_ee__exp__2 =    9.4835522759998875E-002
 mdl_sw__exp__2 =   0.22224648578577769     
 mdl_yt__exp__2 =   0.98737240933884918     
  Internal Params evaluated point by point
  ----------------------------------------
  
 mdl_sqrt__aS =   0.34351128074635334     
 mdl_G__exp__4 =    2.1987899468922913     
 mdl_G__exp__2 =    1.4828317324943823     
 mdl_R2MixedFactor_FIN_ =   -2.5040377713124864E-002
 mdl_G_UVg_1EPS_ =   -5.1645779033320030E-002
 mdl_G_UVq_1EPS_ =    3.1300472141406080E-003
 mdl_G_UVb_1EPS_ =    3.1300472141406080E-003
 mdl_GWcft_UV_t_1EPS_ =   -3.1300472141406080E-003
 mdl_tWcft_UV_1EPS_ =   -1.8780283284843650E-002
 mdl_G__exp__3 =    1.8056676068262196     
 mdl_MU_R__exp__2 =    8315.2513440000002     
 mdl_G_UVt_FIN_ =   -4.0087659331150384E-003
 mdl_GWcft_UV_t_FIN_ =    4.0087659331150384E-003
 mdl_tWcft_UV_FIN_ =   -9.8778211443463623E-004
  Couplings of loop_sm-ckm_no_b_mass
  ---------------------------------
  
       UV_3Gt =   0.48815E-02   0.00000E+00
      UV_GQQt =   0.00000E+00  -0.48815E-02
   UVWfct_G_2 =   0.40088E-02   0.00000E+00
       R2_DDA =   0.00000E+00   0.25704E-02
       R2_UUA =  -0.00000E+00  -0.51409E-02
    R2_DDZ_V2 =   0.00000E+00   0.72127E-02
    R2_UUZ_V2 =  -0.00000E+00  -0.72127E-02
    R2_UUZ_V5 =   0.00000E+00   0.68702E-03
      R2_GGHt =   0.00000E+00  -0.45657E+01
     R2_GGZup =  -0.46369E-02   0.00000E+00
   R2_GGZdown =   0.46369E-02   0.00000E+00
 R2_GGGZvecUp =   0.00000E+00   0.28750E-03
 R2_GGGZvecDown  -0.00000E+00  -0.49665E-03
 R2_GGGZaxialUp  -0.00000E+00  -0.63522E-02
 R2_GGGZaxialDow  0.00000E+00   0.63522E-02
 R2_GGGAvecUp =   0.00000E+00   0.78251E-03
 R2_GGGAvecDown  -0.00000E+00  -0.39126E-03
         GC_4 =  -0.12177E+01   0.00000E+00
         GC_5 =   0.00000E+00   0.12177E+01
         GC_6 =   0.00000E+00   0.14828E+01
       R2_3Gq =   0.76230E-02   0.00000E+00
       R2_3Gg =   0.31445E-01   0.00000E+00
       R2_GQQ =  -0.00000E+00  -0.30492E-01
       R2_GGq =   0.00000E+00   0.62601E-02
       R2_GGt =  -0.00000E+00  -0.11242E+04
     R2_GGg_1 =   0.00000E+00   0.28170E-01
     R2_GGg_2 =  -0.00000E+00  -0.18780E-01
       R2_QQq =   0.00000E+00   0.12520E-01
  UV_3Gg_1eps =   0.62890E-01   0.00000E+00
  UV_3Gb_1eps =  -0.38115E-02   0.00000E+00
 UV_GQQg_1eps =   0.00000E+00  -0.62890E-01
 UV_GQQq_1eps =   0.00000E+00   0.38115E-02
 UVWfct_G_2_1eps -0.31300E-02   0.00000E+00
         GC_1 =  -0.00000E+00  -0.10265E+00
         GC_2 =   0.00000E+00   0.20530E+00
        GC_21 =  -0.00000E+00  -0.28804E+00
        GC_22 =   0.00000E+00   0.28804E+00
        GC_23 =  -0.00000E+00  -0.27437E-01
        GC_24 =   0.00000E+00   0.82310E-01
        GC_37 =  -0.00000E+00  -0.70263E+00
        GC_38 =  -0.00000E+00  -0.72172E-02
      GC_1003 =  -0.00000E+00  -0.30795E+00

 Collider parameters:
 --------------------

 Running at P P   machine @    13000.000000000000       GeV
 PDF set = lhapdf 
 alpha_s(Mz)= 0.1180 running at 3 loops.
 alpha_s(Mz)= 0.1180 running at 3 loops.
 Renormalization scale set on event-by-event basis
 Factorization   scale set on event-by-event basis


 ===============================================================
 INFO: MadFKS read these parameters from FKS_params.dat
 ===============================================================
  > IRPoleCheckThreshold      =    1.0000000000000001E-005
  > PrecisionVirtualAtRunTime =    1.0000000000000000E-003
  > NHelForMCoverHels         =            4
  > VirtualFraction           =    1.0000000000000000     
  > MinVirtualFraction        =    5.0000000000000001E-003
 ===============================================================
  Insert the number of points to test
 Insert the relative tolerance
  A negative number will mean use the default one:    1.0000000000000001E-005
Using random seed offsets:     0 ,     18 ,      0
  with seed                   32
 Ranmar initialization seeds       10729        9424
  ========================================================================================== 
 {                                                                                          }
 {       [32m                                                                            [0m       }
 {       [32m                               ,,                                           [0m       }
 {       [32m`7MMM.     ,MMF'             `7MM  `7MMF'                                   [0m       }
 {       [32m  MMMb    dPMM                 MM    MM                                     [0m       }
 {       [32m  M YM   ,M MM   ,6"Yb.   ,M""bMM    MM         ,pW"Wq.   ,pW"Wq.`7MMpdMAo. [0m       }
 {       [32m  M  Mb  M' MM  8)   MM ,AP    MM    MM        6W'   `Wb 6W'   `Wb MM   `Wb [0m       }
 {       [32m  M  YM.P'  MM   ,pm9MM 8MI    MM    MM      , 8M     M8 8M     M8 MM    M8 [0m       }
 {       [32m  M  `YM'   MM  8M   MM `Mb    MM    MM     ,M YA.   ,A9 YA.   ,A9 MM   ,AP [0m       }
 {       [32m.JML. `'  .JMML.`Moo9^Yo.`Wbmd"MML..JMMmmmmMMM  `Ybmd9'   `Ybmd9'  MMbmmd'  [0m       }
 {       [32m                                                                   MM       [0m       }
 {       [32m                                                                 .JMML.     [0m       }
 {       [32m[0mv2.4.2 (2016-06-10), Ref: arXiv:1103.0621v2, arXiv:1405.0301[32m                [0m       }
 {       [32m                                                                            [0m       }
 {                                                                                          }
  ========================================================================================== 
 ===============================================================
 INFO: MadLoop read these parameters from ./MadLoop5_resources/MadLoopParams.dat                                                                                                                                                                                                                                                                                                                                                                                                                                                                                          
 ===============================================================
  > MLReductionLib            = 6|1|2
  > IREGIMODE                 =            2
  > IREGIRECY                 =  T
  > CTModeRun                 =           -1
  > MLStabThres               =    1.0000000000000000E-003
  > NRotations_DP             =            1
  > NRotations_QP             =            0
  > CTStabThres               =    1.0000000000000000E-002
  > CTLoopLibrary             =            2
  > CTModeInit                =            1
  > CheckCycle                =            3
  > MaxAttempts               =           10
  > UseLoopFilter             =  F
  > HelicityFilterLevel       =            2
  > ImprovePSPoint            =            2
  > DoubleCheckHelicityFilter =  T
  > LoopInitStartOver         =  F
  > HelInitStartOver          =  F
  > ZeroThres                 =    1.0000000000000001E-009
  > OSThres                   =    1.0000000000000000E-008
  > WriteOutFilters           =  T
  > UseQPIntegrandForNinja    =  F
  > UseQPIntegrandForCutTools =  T
 ===============================================================
  
------------------------------------------------------------------------
|              You are using CutTools - Version 1.9.3                  |
|              Authors: G. Ossola, C. Papadopoulos, R. Pittau          |
|              Published in JHEP 0803:042,2008                         |
|              http://www.ugr.es/~pittau/CutTools                      |
|                                                                      |
|              Compiler with  34  significant digits detetected        |
 ---------------------------------------------------------------------- 
   
########################################################################
#                                                                      #
#                      You are using OneLOop-3.6                       #
#                                                                      #
# for the evaluation of 1-loop scalar 1-, 2-, 3- and 4-point functions #
#                                                                      #
# author: Andreas van Hameren <hamerenREMOVETHIS@ifj.edu.pl>           #
#   date: 18-02-2015                                                   #
#                                                                      #
# Please cite                                                          #
#    A. van Hameren,                                                   #
#      Comput.Phys.Commun. 182 (2011) 2427-2438, arXiv:1007.4716       #
#    A. van Hameren, C.G. Papadopoulos and R. Pittau,                  #
#      JHEP 0909:106,2009, arXiv:0903.4665                             #
# in publications with results obtained with the help of this program. #
#                                                                      #
########################################################################
 PASSED   1.0000000000000001E-005
 MU_R    =    325.00000000000000     
 ALPHA_S =   0.11799999999999999     
 BORN                    5.4439880442032933E-007
 SINGLE POLE (MadFKS)   -4.4073292048127114E-009
 DOUBLE POLE (MadFKS)   -5.7935794679349207E-008
 SINGLE POLE (MadLoop)  -4.4073292048132301E-009
 DOUBLE POLE (MadLoop)  -5.7935794679349068E-008
 FINITE PART (MadLoop)   3.4810104489320186E-008
   325.00000000000000        0.0000000000000000        0.0000000000000000        325.00000000000000        0.0000000000000000     
   325.00000000000000        0.0000000000000000        0.0000000000000000       -325.00000000000000        0.0000000000000000     
   83.608125444442280       -72.022171662520933       -19.356675024442758       -37.752971172426619        1.7769999999999999     
   258.78791486425592       -16.487306841799679       -224.92074600481374       -126.91278060357753        1.7769999999999999     
   307.60395969130184        88.509478504320640        244.27742102925652        164.66575177600419        0.0000000000000000     

 PASSED   1.0000000000000001E-005
 MU_R    =    325.00000000000000     
 ALPHA_S =   0.11799999999999999     
 BORN                    7.3485397480395990E-008
 SINGLE POLE (MadFKS)   -1.1361280614508291E-008
 DOUBLE POLE (MadFKS)   -7.8204339645599770E-009
 SINGLE POLE (MadLoop)  -1.1361280614508164E-008
 DOUBLE POLE (MadLoop)  -7.8204339645599654E-009
 FINITE PART (MadLoop)   7.8098944238523431E-009
   325.00000000000000        0.0000000000000000        0.0000000000000000        325.00000000000000        0.0000000000000000     
   325.00000000000000        0.0000000000000000        0.0000000000000000       -325.00000000000000        0.0000000000000000     
   259.25939436086742        73.070390743904994        117.85337790471606        219.05153537089157        1.7769999999999999     
   199.79322482024696        18.762317166107135       -187.36720129114028       -66.750897297020813        1.7769999999999999     
   190.94738081888622       -91.832707910012118        69.513823386424221       -152.30063807387074        0.0000000000000000     

 PASSED   1.0000000000000001E-005
 MU_R    =    325.00000000000000     
 ALPHA_S =   0.11799999999999999     
 BORN                    5.5440886136453555E-007
 SINGLE POLE (MadFKS)   -4.3563835184675982E-008
 DOUBLE POLE (MadFKS)   -5.9001081008303659E-008
 SINGLE POLE (MadLoop)  -4.3563835184675155E-008
 DOUBLE POLE (MadLoop)  -5.9001081008303599E-008
 FINITE PART (MadLoop)   8.0606567159594844E-008
   325.00000000000000        0.0000000000000000        0.0000000000000000        325.00000000000000        0.0000000000000000     
   325.00000000000000        0.0000000000000000        0.0000000000000000       -325.00000000000000        0.0000000000000000     
   300.38454992903701       -232.95664441089642       -80.205011726817318        171.83153967123260        1.7769999999999999     
   35.376253505309293       -14.123805680130648       -30.069283643066377       -12.028211728043283        1.7769999999999999     
   314.23919656565369        247.08045009102693        110.27429536988372       -159.80332794318932        0.0000000000000000     

 PASSED   1.0000000000000001E-005
 MU_R    =    325.00000000000000     
 ALPHA_S =   0.11799999999999999     
 BORN                    7.8261715998492030E-007
 SINGLE POLE (MadFKS)   -5.9028980586791443E-008
 DOUBLE POLE (MadFKS)   -8.3287374485880760E-008
 SINGLE POLE (MadLoop)  -5.9028980586792251E-008
 DOUBLE POLE (MadLoop)  -8.3287374485882282E-008
 FINITE PART (MadLoop)   8.6541349682154943E-008
   325.00000000000000        0.0000000000000000        0.0000000000000000        325.00000000000000        0.0000000000000000     
   325.00000000000000        0.0000000000000000        0.0000000000000000       -325.00000000000000        0.0000000000000000     
   190.21106903957988       -41.906704385082293        183.36438185514655        28.256409018860399        1.7769999999999999     
   150.15095692305394        24.385777014697009        88.594391825825397        118.73718773960582        1.7769999999999999     
   309.63797403736993        17.520927370385269       -271.95877368097194       -146.99359675846623        0.0000000000000000     

 PASSED   1.0000000000000001E-005
 MU_R    =    325.00000000000000     
 ALPHA_S =   0.11799999999999999     
 BORN                    3.8481418374365935E-007
 SINGLE POLE (MadFKS)   -1.9819806021651071E-008
 DOUBLE POLE (MadFKS)   -4.0952543168813527E-008
 SINGLE POLE (MadLoop)  -1.9819806021650595E-008
 DOUBLE POLE (MadLoop)  -4.0952543168813924E-008
 FINITE PART (MadLoop)   3.1753023417652065E-008
   325.00000000000000        0.0000000000000000        0.0000000000000000        325.00000000000000        0.0000000000000000     
   325.00000000000000        0.0000000000000000        0.0000000000000000       -325.00000000000000        0.0000000000000000     
   143.19023491354682       -30.594387397450483       -139.87196956200151      -0.31817639442493034        1.7769999999999999     
   207.16634023895000        152.43128915510164       -127.74231819208686        57.977038803528274        1.7769999999999999     
   299.64342484750671       -121.83690175765098        267.61428775408831       -57.658862409103314        0.0000000000000000     

 PASSED   1.0000000000000001E-005
 MU_R    =    325.00000000000000     
 ALPHA_S =   0.11799999999999999     
 BORN                    3.1836524715218818E-007
 SINGLE POLE (MadFKS)   -9.7127424404422081E-010
 DOUBLE POLE (MadFKS)   -3.3880940667548358E-008
 SINGLE POLE (MadLoop)  -9.7127424404426672E-010
 DOUBLE POLE (MadLoop)  -3.3880940667548437E-008
 FINITE PART (MadLoop)   5.0572950413452746E-008
   325.00000000000000        0.0000000000000000        0.0000000000000000        325.00000000000000        0.0000000000000000     
   325.00000000000000        0.0000000000000000        0.0000000000000000       -325.00000000000000        0.0000000000000000     
   303.53074353972005       -29.712729524900990        233.13154082673626       -192.07965254213465        1.7769999999999999     
   46.469366855585484        45.394734102207167       -8.0143696956658381       -5.5975281267796291        1.7769999999999999     
   299.99988960469449       -15.682004577306166       -225.11717113107036        197.67718066891425        0.0000000000000000     

 PASSED   1.0000000000000001E-005
 MU_R    =    325.00000000000000     
 ALPHA_S =   0.11799999999999999     
 BORN                    4.4009673259098002E-008
 SINGLE POLE (MadFKS)   -2.3285262266865386E-009
 DOUBLE POLE (MadFKS)   -4.6835800761158556E-009
 SINGLE POLE (MadLoop)  -2.3285262266864513E-009
 DOUBLE POLE (MadLoop)  -4.6835800761158870E-009
 FINITE PART (MadLoop)   6.0312866797893736E-009
   325.00000000000000        0.0000000000000000        0.0000000000000000        325.00000000000000        0.0000000000000000     
   325.00000000000000        0.0000000000000000        0.0000000000000000       -325.00000000000000        0.0000000000000000     
   317.04578695411863        227.90478882792948        218.39226054091364       -29.649638471370299        1.7769999999999999     
   188.80502141469589       -118.34045261287066       -144.44394300852241       -27.850726847525888        1.7769999999999999     
   144.14919163118594       -109.56433621505906       -73.948317532391457        57.500365318896094        0.0000000000000000     

 PASSED   1.0000000000000001E-005
 MU_R    =    325.00000000000000     
 ALPHA_S =   0.11799999999999999     
 BORN                    9.0909856972394259E-005
 SINGLE POLE (MadFKS)   -1.7847781793097874E-005
 DOUBLE POLE (MadFKS)   -9.6747729148483695E-006
 SINGLE POLE (MadLoop)  -1.7847781793099446E-005
 DOUBLE POLE (MadLoop)  -9.6747729148491674E-006
 FINITE PART (MadLoop)   3.3618445651109341E-006
   325.00000000000000        0.0000000000000000        0.0000000000000000        325.00000000000000        0.0000000000000000     
   325.00000000000000        0.0000000000000000        0.0000000000000000       -325.00000000000000        0.0000000000000000     
   298.18333673340175        83.473979949791300        39.961273405933241        283.45252843392183        1.7769999999999999     
   27.971648228456289        16.284933957775177        9.2891444710589308        20.682555369276766        1.7769999999999999     
   323.84501503814204       -99.758913907566409       -49.250417876992692       -304.13508380319871        0.0000000000000000     

 PASSED   1.0000000000000001E-005
 MU_R    =    325.00000000000000     
 ALPHA_S =   0.11799999999999999     
 BORN                    1.7497103895797247E-008
 SINGLE POLE (MadFKS)   -8.9482324194977356E-010
 DOUBLE POLE (MadFKS)   -1.8620698843553446E-009
 SINGLE POLE (MadLoop)  -8.9482324194978772E-010
 DOUBLE POLE (MadLoop)  -1.8620698843553421E-009
 FINITE PART (MadLoop)   2.4914455540759101E-009
   325.00000000000000        0.0000000000000000        0.0000000000000000        325.00000000000000        0.0000000000000000     
   325.00000000000000        0.0000000000000000        0.0000000000000000       -325.00000000000000        0.0000000000000000     
   283.73463226981079       -261.05173894577922        3.9599823853250982        111.07876463652919        1.7769999999999999     
   234.08493374284552        149.31476565872683        11.972555934852450       -179.87316958640247        1.7769999999999999     
   132.18043398734386        111.73697328705225       -15.932538320177565        68.794404949873424        0.0000000000000000     

 PASSED   1.0000000000000001E-005
 MU_R    =    325.00000000000000     
 ALPHA_S =   0.11799999999999999     
 BORN                    9.7116492356325935E-008
 SINGLE POLE (MadFKS)   -2.0161459325706579E-009
 DOUBLE POLE (MadFKS)   -1.0335293015798872E-008
 SINGLE POLE (MadLoop)  -2.0161459325704776E-009
 DOUBLE POLE (MadLoop)  -1.0335293015798912E-008
 FINITE PART (MadLoop)   9.7678199114520036E-009
   325.00000000000000        0.0000000000000000        0.0000000000000000        325.00000000000000        0.0000000000000000     
   325.00000000000000        0.0000000000000000        0.0000000000000000       -325.00000000000000        0.0000000000000000     
   317.78603724739440       -175.39647446661891        122.16422301567025       -235.15268890671999        1.7769999999999999     
   124.75678956802231        80.303103777189250       -1.8456952372015385        95.441624814129895        1.7769999999999999     
   207.45717318458588        95.093370689429662       -120.31852777846869        139.71106409259008        0.0000000000000000     

 PASSED   1.0000000000000001E-005
 MU_R    =    325.00000000000000     
 ALPHA_S =   0.11799999999999999     
 BORN                    5.3851089585468785E-008
 SINGLE POLE (MadFKS)   -3.4391849897990523E-010
 DOUBLE POLE (MadFKS)   -5.7309193998047185E-009
 SINGLE POLE (MadLoop)  -3.4391849898019562E-010
 DOUBLE POLE (MadLoop)  -5.7309193998047218E-009
 FINITE PART (MadLoop)   4.5922804593312491E-009
   325.00000000000000        0.0000000000000000        0.0000000000000000        325.00000000000000        0.0000000000000000     
   325.00000000000000        0.0000000000000000        0.0000000000000000       -325.00000000000000        0.0000000000000000     
   280.76927290946401       -4.4522608829498322        216.01994885567316       -179.28688170229179        1.7769999999999999     
   199.19957677514685       -31.184983988117867       -196.22113064072070        14.215425499635733        1.7769999999999999     
   170.03115031538954        35.637244871067708       -19.798818214952583        165.07145620265609        0.0000000000000000     

 PASSED   1.0000000000000001E-005
 MU_R    =    325.00000000000000     
 ALPHA_S =   0.11799999999999999     
 BORN                    2.8627898499561562E-007
 SINGLE POLE (MadFKS)   -3.5069167229534008E-009
 DOUBLE POLE (MadFKS)   -3.0466269141385938E-008
 SINGLE POLE (MadLoop)  -3.5069167229532449E-009
 DOUBLE POLE (MadLoop)  -3.0466269141383377E-008
 FINITE PART (MadLoop)   4.3487920211231726E-008
   325.00000000000000        0.0000000000000000        0.0000000000000000        325.00000000000000        0.0000000000000000     
   325.00000000000000        0.0000000000000000        0.0000000000000000       -325.00000000000000        0.0000000000000000     
   167.51747326221857       -50.239687835734820       -74.481239545098177       -141.37703081176855        1.7769999999999999     
   181.59656374678411       -22.573164827982076       -180.17404063998279       -1.3861979477809208        1.7769999999999999     
   300.88596299100044        72.812852663716853        254.65528018508104        142.76322875954946        0.0000000000000000     

 PASSED   1.0000000000000001E-005
 MU_R    =    325.00000000000000     
 ALPHA_S =   0.11799999999999999     
 BORN                    6.5547845462788183E-008
 SINGLE POLE (MadFKS)   -3.8876947351540321E-009
 DOUBLE POLE (MadFKS)   -6.9757069368464551E-009
 SINGLE POLE (MadLoop)  -3.8876947351539436E-009
 DOUBLE POLE (MadLoop)  -6.9757069368464113E-009
 FINITE PART (MadLoop)   6.6211049831865860E-009
   325.00000000000000        0.0000000000000000        0.0000000000000000        325.00000000000000        0.0000000000000000     
   325.00000000000000        0.0000000000000000        0.0000000000000000       -325.00000000000000        0.0000000000000000     
   178.26497083845038       -147.64165670558751        26.622461978176851       -96.272674329134333        1.7769999999999999     
   311.97132316890554        289.81851478794005       -93.604642326254179        67.574759872637557        1.7769999999999999     
   159.76370599264467       -142.17685808235265        66.982180348077335        28.697914456496779        0.0000000000000000     

 PASSED   1.0000000000000001E-005
 MU_R    =    325.00000000000000     
 ALPHA_S =   0.11799999999999999     
 BORN                    1.6844807815326274E-007
 SINGLE POLE (MadFKS)   -3.0176193194330748E-009
 DOUBLE POLE (MadFKS)   -1.7926514883532622E-008
 SINGLE POLE (MadLoop)  -3.0176193194329156E-009
 DOUBLE POLE (MadLoop)  -1.7926514883532887E-008
 FINITE PART (MadLoop)   2.2577582539676962E-008
   325.00000000000000        0.0000000000000000        0.0000000000000000        325.00000000000000        0.0000000000000000     
   325.00000000000000        0.0000000000000000        0.0000000000000000       -325.00000000000000        0.0000000000000000     
   251.38641839919603       -167.69734262366606        74.861777922468278       -171.65456332362220        1.7769999999999999     
   115.94332991781670       -87.577469042001013       -55.555171791370299        51.802585136847959        1.7769999999999999     
   282.67025168299222        255.27481166566704       -19.306606131097944        119.85197818677426        0.0000000000000000     

 PASSED   1.0000000000000001E-005
 MU_R    =    325.00000000000000     
 ALPHA_S =   0.11799999999999999     
 BORN                    8.3676764315881933E-007
 SINGLE POLE (MadFKS)   -1.3440418994702494E-009
 DOUBLE POLE (MadFKS)   -8.9050155831977016E-008
 SINGLE POLE (MadLoop)  -1.3440418994702618E-009
 DOUBLE POLE (MadLoop)  -8.9050155831977175E-008
 FINITE PART (MadLoop)   1.7528527165470509E-007
   325.00000000000000        0.0000000000000000        0.0000000000000000        325.00000000000000        0.0000000000000000     
   325.00000000000000        0.0000000000000000        0.0000000000000000       -325.00000000000000        0.0000000000000000     
   294.29961625928848        33.381707974128780        206.24681290363409       -207.26075398200152        1.7769999999999999     
   43.992836947657331        39.230837330783821        19.264650560323549        4.6932520513357527        1.7769999999999999     
   311.70754679305423       -72.612545304912572       -225.51146346395771        202.56750193066560        0.0000000000000000     

 PASSED   1.0000000000000001E-005
 MU_R    =    325.00000000000000     
 ALPHA_S =   0.11799999999999999     
 BORN                    3.7747161099406746E-007
 SINGLE POLE (MadFKS)   -4.8519482831995766E-009
 DOUBLE POLE (MadFKS)   -4.0171134789911043E-008
 SINGLE POLE (MadLoop)  -4.8519482831986708E-009
 DOUBLE POLE (MadLoop)  -4.0171134789911248E-008
Thanks for using LHAPDF 6.2.1. Please make sure to cite the paper:
  Eur.Phys.J. C75 (2015) 3, 132  (http://arxiv.org/abs/1412.7420)
 FINITE PART (MadLoop)   6.0841759090398872E-008
   325.00000000000000        0.0000000000000000        0.0000000000000000        325.00000000000000        0.0000000000000000     
   325.00000000000000        0.0000000000000000        0.0000000000000000       -325.00000000000000        0.0000000000000000     
   289.92427072337017       -209.00482653551143       -109.62430481182031       -168.38176654514547        1.7769999999999999     
   56.696405612361943       -11.823428946278664       -46.216705243215024        30.586718764449770        1.7769999999999999     
   303.37932366426782        220.82825548179008        155.84101005503533        137.79504778069574        0.0000000000000000     

 PASSED   1.0000000000000001E-005
 MU_R    =    325.00000000000000     
 ALPHA_S =   0.11799999999999999     
 BORN                    1.4518759435954974E-007
 SINGLE POLE (MadFKS)    1.7432306233371037E-009
 DOUBLE POLE (MadFKS)   -1.5451096858598102E-008
 SINGLE POLE (MadLoop)   1.7432306233372629E-009
 DOUBLE POLE (MadLoop)  -1.5451096858598016E-008
 FINITE PART (MadLoop)   1.0184462869839401E-008
   325.00000000000000        0.0000000000000000        0.0000000000000000        325.00000000000000        0.0000000000000000     
   325.00000000000000        0.0000000000000000        0.0000000000000000       -325.00000000000000        0.0000000000000000     
   139.22380915493099        55.797368365814179       -117.12405693372204       -50.484851960212048        1.7769999999999999     
   218.42729647369350       -33.940051402690543       -1.6335834553096948       -215.76081764695849        1.7769999999999999     
   292.34889437137889       -21.857316963123591        118.75764038903179        266.24566960717061        0.0000000000000000     

 PASSED   1.0000000000000001E-005
 MU_R    =    325.00000000000000     
 ALPHA_S =   0.11799999999999999     
 BORN                    3.9673422727362137E-008
 SINGLE POLE (MadFKS)   -5.3342237425070433E-009
 DOUBLE POLE (MadFKS)   -4.2221093336288861E-009
 SINGLE POLE (MadLoop)  -5.3342237425070532E-009
 DOUBLE POLE (MadLoop)  -4.2221093336288795E-009
 FINITE PART (MadLoop)   3.2810463704186879E-009
   325.00000000000000        0.0000000000000000        0.0000000000000000        325.00000000000000        0.0000000000000000     
   325.00000000000000        0.0000000000000000        0.0000000000000000       -325.00000000000000        0.0000000000000000     
   264.16404537887570        39.312402505389301       -138.99229854902725        221.16772163958518        1.7769999999999999     
   288.08939685277056       -62.805741185824402        221.11788448517657       -173.65098008618466        1.7769999999999999     
   97.746557768353853        23.493338680435116       -82.125585936149363       -47.516741553400493        0.0000000000000000     

 PASSED   1.0000000000000001E-005
 MU_R    =    325.00000000000000     
 ALPHA_S =   0.11799999999999999     
 BORN                    7.2974134313606972E-007
 SINGLE POLE (MadFKS)   -8.0602165864419899E-008
 DOUBLE POLE (MadFKS)   -7.7660245176293534E-008
 SINGLE POLE (MadLoop)  -8.0602165864419356E-008
 DOUBLE POLE (MadLoop)  -7.7660245176293375E-008
 FINITE PART (MadLoop)   8.7735588528725774E-008
   325.00000000000000        0.0000000000000000        0.0000000000000000        325.00000000000000        0.0000000000000000     
   325.00000000000000        0.0000000000000000        0.0000000000000000       -325.00000000000000        0.0000000000000000     
   147.85806318788826        78.807178815022752        118.37775865934712        40.434934681287103        1.7769999999999999     
   208.28232946066490        118.21582691223281       -45.939512221239731        165.20578234702478        1.7769999999999999     
   293.85960735145005       -197.02300572725557       -72.438246438107413       -205.64071702831188        0.0000000000000000     

 PASSED   1.0000000000000001E-005
 MU_R    =    325.00000000000000     
 ALPHA_S =   0.11799999999999999     
 BORN                    2.6550993580914112E-005
 SINGLE POLE (MadFKS)   -1.0823578078231859E-005
 DOUBLE POLE (MadFKS)   -2.8255993586805830E-006
 SINGLE POLE (MadLoop)  -1.0823578078233377E-005
 DOUBLE POLE (MadLoop)  -2.8255993586810036E-006
 FINITE PART (MadLoop)  -1.6438678152976843E-005
   325.00000000000000        0.0000000000000000        0.0000000000000000        325.00000000000000        0.0000000000000000     
   325.00000000000000        0.0000000000000000        0.0000000000000000       -325.00000000000000        0.0000000000000000     
   182.29998824207524        135.83038326638987       -100.95880272965393       -67.731492801806937        1.7769999999999999     
   296.77189989129334       -136.10338262196507        113.11172118621106        238.22680496795417        1.7769999999999999     
   170.92811186663198       0.27299935557518928       -12.152918456557114       -170.49531216614722        0.0000000000000000     

 NUMBER OF POINTS PASSING THE CHECK          20
 NUMBER OF POINTS FAILING THE CHECK           0
 TOLERANCE    1.0000000000000001E-005
