==== LHAPDF6 USING DEFAULT-TYPE LHAGLUE INTERFACE ====
LHAPDF 6.2.1 loading /cvmfs/cms.cern.ch/slc6_amd64_gcc481/external/lhapdf/6.2.1/share/LHAPDF/NNPDF31_nnlo_hessian_pdfas/NNPDF31_nnlo_hessian_pdfas_0000.dat
NNPDF31_nnlo_hessian_pdfas PDF set, member #0, version 1; LHAPDF ID = 306000
 A PDF is used, so alpha_s(MZ) is going to be modified
 Old value of alpha_s from param_card:   0.11799999999999999     
 New value of alpha_s from PDF lhapdf :  0.11800208008122040     
 using LHAPDF
 *****************************************************
 *               MadGraph/MadEvent                   *
 *        --------------------------------           *
 *          http://madgraph.hep.uiuc.edu             *
 *          http://madgraph.phys.ucl.ac.be           *
 *          http://madgraph.roma2.infn.it            *
 *        --------------------------------           *
 *                                                   *
 *          PARAMETER AND COUPLING VALUES            *
 *                                                   *
 *****************************************************

  External Params
  ---------------------------------
  
 MU_R =    91.188000000000002     
 aEWM1 =    132.50700000000001     
 mdl_Gf =    1.1663900000000000E-005
 aS =   0.11799999999999999     
 mdl_lamWS =   0.22530000000000000     
 mdl_AWS =   0.80800000000000005     
 mdl_rhoWS =   0.13200000000000001     
 mdl_etaWS =   0.34100000000000003     
 mdl_ymt =    173.00000000000000     
 mdl_ymtau =    1.7769999999999999     
 mdl_MT =    173.00000000000000     
 mdl_MZ =    91.188000000000002     
 mdl_MH =    125.00000000000000     
 mdl_MTA =    1.7769999999999999     
 mdl_WT =    1.4915000000000000     
 mdl_WZ =    2.4414039999999999     
 mdl_WW =    2.0476000000000001     
 mdl_WH =    6.3823389999999999E-003
  Internal Params
  ---------------------------------
  
 mdl_CKM33 =    1.0000000000000000     
 mdl_conjg__CKM3x3 =    1.0000000000000000     
 mdl_I4x33 =    0.0000000000000000     
 mdl_I1x33 =    0.0000000000000000     
 mdl_lhv =    1.0000000000000000     
 mdl_CKM3x3 =    1.0000000000000000     
 mdl_conjg__CKM33 =    1.0000000000000000     
 mdl_Ncol =    3.0000000000000000     
 mdl_CA =    3.0000000000000000     
 mdl_TF =   0.50000000000000000     
 mdl_CF =    1.3333333333333333     
 mdl_lamWS__exp__2 =    5.0760090000000001E-002
 mdl_CKM11 =  ( 0.97461995499999998     ,  0.0000000000000000     )
 mdl_CKM12 =  ( 0.22530000000000000     ,  0.0000000000000000     )
 mdl_complexi =  (  0.0000000000000000     ,  1.0000000000000000     )
 mdl_lamWS__exp__3 =    1.1436248277000001E-002
 mdl_CKM13 =  (  1.2197444962317122E-003, -3.1510066152652563E-003)
 mdl_CKM21 =  (-0.22530000000000000     ,  0.0000000000000000     )
 mdl_CKM22 =  ( 0.97461995499999998     ,  0.0000000000000000     )
 mdl_CKM23 =  (  4.1014152720000002E-002,  0.0000000000000000     )
 mdl_CKM31 =  (  8.0207441115842885E-003, -3.1510066152652563E-003)
 mdl_CKM32 =  ( -4.1014152720000002E-002,  0.0000000000000000     )
 mdl_MZ__exp__2 =    8315.2513440000002     
 mdl_MZ__exp__4 =    69143404.913893804     
 mdl_sqrt__2 =    1.4142135623730951     
 mdl_MH__exp__2 =    15625.000000000000     
 mdl_CKM1x1 =  ( 0.97461995499999998     ,  0.0000000000000000     )
 mdl_CKM1x2 =  ( 0.22530000000000000     ,  0.0000000000000000     )
 mdl_CKM1x3 =  (  1.2197444962317122E-003, -3.1510066152652563E-003)
 mdl_CKM2x1 =  (-0.22530000000000000     ,  0.0000000000000000     )
 mdl_CKM2x2 =  ( 0.97461995499999998     ,  0.0000000000000000     )
 mdl_CKM2x3 =  (  4.1014152720000002E-002,  0.0000000000000000     )
 mdl_CKM3x1 =  (  8.0207441115842885E-003, -3.1510066152652563E-003)
 mdl_CKM3x2 =  ( -4.1014152720000002E-002,  0.0000000000000000     )
 mdl_conjg__CKM1x3 =  (  1.2197444962317122E-003,  3.1510066152652563E-003)
 mdl_conjg__CKM2x3 =  (  4.1014152720000002E-002, -0.0000000000000000     )
 mdl_conjg__CKM2x1 =  (-0.22530000000000000     , -0.0000000000000000     )
 mdl_conjg__CKM3x1 =  (  8.0207441115842885E-003,  3.1510066152652563E-003)
 mdl_conjg__CKM2x2 =  ( 0.97461995499999998     , -0.0000000000000000     )
 mdl_conjg__CKM3x2 =  ( -4.1014152720000002E-002, -0.0000000000000000     )
 mdl_Ncol__exp__2 =    9.0000000000000000     
 mdl_MT__exp__2 =    29929.000000000000     
 mdl_conjg__CKM11 =  ( 0.97461995499999998     , -0.0000000000000000     )
 mdl_conjg__CKM12 =  ( 0.22530000000000000     , -0.0000000000000000     )
 mdl_conjg__CKM13 =  (  1.2197444962317122E-003,  3.1510066152652563E-003)
 mdl_conjg__CKM21 =  (-0.22530000000000000     , -0.0000000000000000     )
 mdl_conjg__CKM22 =  ( 0.97461995499999998     , -0.0000000000000000     )
 mdl_conjg__CKM23 =  (  4.1014152720000002E-002, -0.0000000000000000     )
 mdl_conjg__CKM31 =  (  8.0207441115842885E-003,  3.1510066152652563E-003)
 mdl_conjg__CKM32 =  ( -4.1014152720000002E-002, -0.0000000000000000     )
 mdl_aEW =    7.5467711139788835E-003
 mdl_MW =    80.419002445756163     
 mdl_sqrt__aEW =    8.6872153846781555E-002
 mdl_ee =   0.30795376724436879     
 mdl_MW__exp__2 =    6467.2159543705357     
 mdl_sw2 =   0.22224648578577766     
 mdl_cw =   0.88190334743339216     
 mdl_sqrt__sw2 =   0.47143025548407230     
 mdl_sw =   0.47143025548407230     
 mdl_g1 =   0.34919219678733299     
 mdl_gw =   0.65323293034757990     
 mdl_v =    246.21845810181637     
 mdl_v__exp__2 =    60623.529110035903     
 mdl_lam =   0.12886910601690263     
 mdl_yt =   0.99366614581500623     
 mdl_ytau =    1.0206617000654717E-002
 mdl_muH =    88.388347648318430     
 mdl_AxialZUp =  -0.18517701861793787     
 mdl_AxialZDown =   0.18517701861793787     
 mdl_VectorZUp =    7.5430507588273299E-002
 mdl_VectorZDown =  -0.13030376310310560     
 mdl_VectorAUp =   0.20530251149624587     
 mdl_VectorADown =  -0.10265125574812294     
 mdl_VectorWmDxU =   0.23095271737156670     
 mdl_AxialWmDxU =  -0.23095271737156670     
 mdl_VectorWpUxD =   0.23095271737156670     
 mdl_AxialWpUxD =  -0.23095271737156670     
 mdl_I2x13 =  (  7.9699418879263656E-003,  3.1310485988282153E-003)
 mdl_I2x23 =  ( -4.0754375057150453E-002, -0.0000000000000000     )
 mdl_I2x33 =  ( 0.99366614581500623     ,  0.0000000000000000     )
 mdl_I3x31 =  (  7.9699418879263656E-003, -3.1310485988282153E-003)
 mdl_I3x32 =  ( -4.0754375057150453E-002,  0.0000000000000000     )
 mdl_I3x33 =  ( 0.99366614581500623     ,  0.0000000000000000     )
 mdl_Vector_tdGp =  ( -7.9699418879263656E-003, -3.1310485988282153E-003)
 mdl_Vector_tsGp =  (  4.0754375057150453E-002,  0.0000000000000000     )
 mdl_Vector_tbGp =  (-0.99366614581500623     ,  0.0000000000000000     )
 mdl_Axial_tdGp =  ( -7.9699418879263656E-003, -3.1310485988282153E-003)
 mdl_Axial_tsGp =  (  4.0754375057150453E-002,  0.0000000000000000     )
 mdl_Axial_tbGp =  (-0.99366614581500623     , -0.0000000000000000     )
 mdl_Vector_tdGm =  (  7.9699418879263656E-003, -3.1310485988282153E-003)
 mdl_Vector_tsGm =  ( -4.0754375057150453E-002,  0.0000000000000000     )
 mdl_Vector_tbGm =  ( 0.99366614581500623     ,  0.0000000000000000     )
 mdl_Axial_tdGm =  ( -7.9699418879263656E-003,  3.1310485988282153E-003)
 mdl_Axial_tsGm =  (  4.0754375057150453E-002, -0.0000000000000000     )
 mdl_Axial_tbGm =  (-0.99366614581500623     ,  0.0000000000000000     )
 mdl_gw__exp__2 =   0.42671326129048615     
 mdl_cw__exp__2 =   0.77775351421422245     
 mdl_ee__exp__2 =    9.4835522759998875E-002
 mdl_sw__exp__2 =   0.22224648578577769     
 mdl_yt__exp__2 =   0.98737240933884918     
  Internal Params evaluated point by point
  ----------------------------------------
  
 mdl_sqrt__aS =   0.34351128074635334     
 mdl_G__exp__4 =    2.1987899468922913     
 mdl_G__exp__2 =    1.4828317324943823     
 mdl_R2MixedFactor_FIN_ =   -2.5040377713124864E-002
 mdl_G_UVg_1EPS_ =   -5.1645779033320030E-002
 mdl_G_UVq_1EPS_ =    3.1300472141406080E-003
 mdl_G_UVb_1EPS_ =    3.1300472141406080E-003
 mdl_GWcft_UV_t_1EPS_ =   -3.1300472141406080E-003
 mdl_tWcft_UV_1EPS_ =   -1.8780283284843650E-002
 mdl_G__exp__3 =    1.8056676068262196     
 mdl_MU_R__exp__2 =    8315.2513440000002     
 mdl_G_UVt_FIN_ =   -4.0087659331150384E-003
 mdl_GWcft_UV_t_FIN_ =    4.0087659331150384E-003
 mdl_tWcft_UV_FIN_ =   -9.8778211443463623E-004
  Couplings of loop_sm-ckm_no_b_mass
  ---------------------------------
  
       UV_3Gt =   0.48815E-02   0.00000E+00
      UV_GQQt =   0.00000E+00  -0.48815E-02
   UVWfct_G_2 =   0.40088E-02   0.00000E+00
       R2_DDA =   0.00000E+00   0.25704E-02
       R2_UUA =  -0.00000E+00  -0.51409E-02
    R2_DDZ_V2 =   0.00000E+00   0.72127E-02
    R2_UUZ_V2 =  -0.00000E+00  -0.72127E-02
    R2_UUZ_V5 =   0.00000E+00   0.68702E-03
      R2_GGHt =   0.00000E+00  -0.45657E+01
     R2_GGZup =  -0.46369E-02   0.00000E+00
   R2_GGZdown =   0.46369E-02   0.00000E+00
 R2_GGGZvecUp =   0.00000E+00   0.28750E-03
 R2_GGGZvecDown  -0.00000E+00  -0.49665E-03
 R2_GGGZaxialUp  -0.00000E+00  -0.63522E-02
 R2_GGGZaxialDow  0.00000E+00   0.63522E-02
 R2_GGGAvecUp =   0.00000E+00   0.78251E-03
 R2_GGGAvecDown  -0.00000E+00  -0.39126E-03
         GC_4 =  -0.12177E+01   0.00000E+00
         GC_5 =   0.00000E+00   0.12177E+01
         GC_6 =   0.00000E+00   0.14828E+01
       R2_3Gq =   0.76230E-02   0.00000E+00
       R2_3Gg =   0.31445E-01   0.00000E+00
       R2_GQQ =  -0.00000E+00  -0.30492E-01
       R2_GGq =   0.00000E+00   0.62601E-02
       R2_GGt =  -0.00000E+00  -0.11242E+04
     R2_GGg_1 =   0.00000E+00   0.28170E-01
     R2_GGg_2 =  -0.00000E+00  -0.18780E-01
       R2_QQq =   0.00000E+00   0.12520E-01
  UV_3Gg_1eps =   0.62890E-01   0.00000E+00
  UV_3Gb_1eps =  -0.38115E-02   0.00000E+00
 UV_GQQg_1eps =   0.00000E+00  -0.62890E-01
 UV_GQQq_1eps =   0.00000E+00   0.38115E-02
 UVWfct_G_2_1eps -0.31300E-02   0.00000E+00
         GC_1 =  -0.00000E+00  -0.10265E+00
         GC_2 =   0.00000E+00   0.20530E+00
        GC_21 =  -0.00000E+00  -0.28804E+00
        GC_22 =   0.00000E+00   0.28804E+00
        GC_23 =  -0.00000E+00  -0.27437E-01
        GC_24 =   0.00000E+00   0.82310E-01
        GC_37 =  -0.00000E+00  -0.70263E+00
        GC_38 =  -0.00000E+00  -0.72172E-02
      GC_1003 =  -0.00000E+00  -0.30795E+00

 Collider parameters:
 --------------------

 Running at P P   machine @    13000.000000000000       GeV
 PDF set = lhapdf 
 alpha_s(Mz)= 0.1180 running at 3 loops.
 alpha_s(Mz)= 0.1180 running at 3 loops.
 Renormalization scale set on event-by-event basis
 Factorization   scale set on event-by-event basis


 ===============================================================
 INFO: MadFKS read these parameters from FKS_params.dat
 ===============================================================
  > IRPoleCheckThreshold      =    1.0000000000000001E-005
  > PrecisionVirtualAtRunTime =    1.0000000000000000E-003
  > NHelForMCoverHels         =            4
  > VirtualFraction           =    1.0000000000000000     
  > MinVirtualFraction        =    5.0000000000000001E-003
 ===============================================================
  Insert the number of points to test
 Insert the relative tolerance
  A negative number will mean use the default one:    1.0000000000000001E-005
Using random seed offsets:     0 ,    113 ,      0
  with seed                   32
 Ranmar initialization seeds       10729        9519
  ========================================================================================== 
 {                                                                                          }
 {       [32m                                                                            [0m       }
 {       [32m                               ,,                                           [0m       }
 {       [32m`7MMM.     ,MMF'             `7MM  `7MMF'                                   [0m       }
 {       [32m  MMMb    dPMM                 MM    MM                                     [0m       }
 {       [32m  M YM   ,M MM   ,6"Yb.   ,M""bMM    MM         ,pW"Wq.   ,pW"Wq.`7MMpdMAo. [0m       }
 {       [32m  M  Mb  M' MM  8)   MM ,AP    MM    MM        6W'   `Wb 6W'   `Wb MM   `Wb [0m       }
 {       [32m  M  YM.P'  MM   ,pm9MM 8MI    MM    MM      , 8M     M8 8M     M8 MM    M8 [0m       }
 {       [32m  M  `YM'   MM  8M   MM `Mb    MM    MM     ,M YA.   ,A9 YA.   ,A9 MM   ,AP [0m       }
 {       [32m.JML. `'  .JMML.`Moo9^Yo.`Wbmd"MML..JMMmmmmMMM  `Ybmd9'   `Ybmd9'  MMbmmd'  [0m       }
 {       [32m                                                                   MM       [0m       }
 {       [32m                                                                 .JMML.     [0m       }
 {       [32m[0mv2.4.2 (2016-06-10), Ref: arXiv:1103.0621v2, arXiv:1405.0301[32m                [0m       }
 {       [32m                                                                            [0m       }
 {                                                                                          }
  ========================================================================================== 
 ===============================================================
 INFO: MadLoop read these parameters from ./MadLoop5_resources/MadLoopParams.dat                                                                                                                                                                                                                                                                                                                                                                                                                                                                                          
 ===============================================================
  > MLReductionLib            = 6|1|2
  > IREGIMODE                 =            2
  > IREGIRECY                 =  T
  > CTModeRun                 =           -1
  > MLStabThres               =    1.0000000000000000E-003
  > NRotations_DP             =            1
  > NRotations_QP             =            0
  > CTStabThres               =    1.0000000000000000E-002
  > CTLoopLibrary             =            2
  > CTModeInit                =            1
  > CheckCycle                =            3
  > MaxAttempts               =           10
  > UseLoopFilter             =  F
  > HelicityFilterLevel       =            2
  > ImprovePSPoint            =            2
  > DoubleCheckHelicityFilter =  T
  > LoopInitStartOver         =  F
  > HelInitStartOver          =  F
  > ZeroThres                 =    1.0000000000000001E-009
  > OSThres                   =    1.0000000000000000E-008
  > WriteOutFilters           =  T
  > UseQPIntegrandForNinja    =  F
  > UseQPIntegrandForCutTools =  T
 ===============================================================
  
------------------------------------------------------------------------
|              You are using CutTools - Version 1.9.3                  |
|              Authors: G. Ossola, C. Papadopoulos, R. Pittau          |
|              Published in JHEP 0803:042,2008                         |
|              http://www.ugr.es/~pittau/CutTools                      |
|                                                                      |
|              Compiler with  34  significant digits detetected        |
 ---------------------------------------------------------------------- 
   
########################################################################
#                                                                      #
#                      You are using OneLOop-3.6                       #
#                                                                      #
# for the evaluation of 1-loop scalar 1-, 2-, 3- and 4-point functions #
#                                                                      #
# author: Andreas van Hameren <hamerenREMOVETHIS@ifj.edu.pl>           #
#   date: 18-02-2015                                                   #
#                                                                      #
# Please cite                                                          #
#    A. van Hameren,                                                   #
#      Comput.Phys.Commun. 182 (2011) 2427-2438, arXiv:1007.4716       #
#    A. van Hameren, C.G. Papadopoulos and R. Pittau,                  #
#      JHEP 0909:106,2009, arXiv:0903.4665                             #
# in publications with results obtained with the help of this program. #
#                                                                      #
########################################################################
 PASSED   1.0000000000000001E-005
 MU_R    =    325.00000000000000     
 ALPHA_S =   0.11799999999999999     
 BORN                    3.8040517544775415E-009
 SINGLE POLE (MadFKS)   -1.3123857506585304E-009
 DOUBLE POLE (MadFKS)   -6.1915680302055431E-010
 SINGLE POLE (MadLoop)  -1.3123857506581720E-009
 DOUBLE POLE (MadLoop)  -6.1915680302055234E-010
 FINITE PART (MadLoop)   2.5452377489871078E-010
   325.00000000000000        0.0000000000000000        0.0000000000000000        325.00000000000000        0.0000000000000000     
   325.00000000000000        0.0000000000000000        0.0000000000000000       -325.00000000000000        0.0000000000000000     
   278.00062422547489       -7.4284813444662845        247.59382733710231        126.18757335900320        1.7769999999999999     
   47.995994673650713        44.576859233750675        16.973739278097767       -5.0252931741984534        1.7769999999999999     
   104.94289048395760        50.709887085712218       -76.744941172360697       -50.514667368330997        0.0000000000000000     
   219.06049061691675       -87.858264974996587       -187.82262544283944       -70.647612816473725        0.0000000000000000     

 PASSED   1.0000000000000001E-005
 MU_R    =    325.00000000000000     
 ALPHA_S =   0.11799999999999999     
 BORN                    1.0860617788947478E-008
 SINGLE POLE (MadFKS)   -4.5684498998155348E-009
 DOUBLE POLE (MadFKS)   -1.7677008156153314E-009
 SINGLE POLE (MadLoop)  -4.5684498998158988E-009
 DOUBLE POLE (MadLoop)  -1.7677008156153324E-009
 FINITE PART (MadLoop)  -3.0278836787022537E-009
   325.00000000000000        0.0000000000000000        0.0000000000000000        325.00000000000000        0.0000000000000000     
   325.00000000000000        0.0000000000000000        0.0000000000000000       -325.00000000000000        0.0000000000000000     
   271.22325115753574        118.97164817238948       -183.14733504968586        160.81571700181232        1.7769999999999999     
   64.333164228685945        33.998318035155762       -37.179521397846720       -39.967434869935438        1.7769999999999999     
   260.70316951679484       -103.87341792419330        200.56921309997787       -130.18619896634272        0.0000000000000000     
   53.740415096983419       -49.096548283351943        19.757643347554726        9.3379168344658812        0.0000000000000000     

 PASSED   1.0000000000000001E-005
 MU_R    =    325.00000000000000     
 ALPHA_S =   0.11799999999999999     
 BORN                    4.0421135906525117E-010
 SINGLE POLE (MadFKS)   -1.1423932110674989E-010
 DOUBLE POLE (MadFKS)   -6.5790433195041276E-011
 SINGLE POLE (MadLoop)  -1.1423932110674960E-010
 DOUBLE POLE (MadLoop)  -6.5790433195041354E-011
 FINITE PART (MadLoop)   7.6585516469559389E-011
   325.00000000000000        0.0000000000000000        0.0000000000000000        325.00000000000000        0.0000000000000000     
   325.00000000000000        0.0000000000000000        0.0000000000000000       -325.00000000000000        0.0000000000000000     
   150.67186805975015        81.567030107564193       -124.87958878594773       -21.231156343898263        1.7769999999999999     
   113.17564954805053       -4.2636853507617651        42.860224432178768       -104.64412105071224        1.7769999999999999     
   204.76149258152702       -89.487999213597305       -96.263507115244678        157.01115896277940        0.0000000000000000     
   181.39098981067221        12.184654456794858        178.28287146901363       -31.135881568169122        0.0000000000000000     

 PASSED   1.0000000000000001E-005
 MU_R    =    325.00000000000000     
 ALPHA_S =   0.11799999999999999     
 BORN                    2.4733886525692708E-009
 SINGLE POLE (MadFKS)   -1.1064513877874304E-009
 DOUBLE POLE (MadFKS)   -4.0257480959599481E-010
 SINGLE POLE (MadLoop)  -1.1064513877874042E-009
 DOUBLE POLE (MadLoop)  -4.0257480959599683E-010
 FINITE PART (MadLoop)  -1.0857998262610194E-010
   325.00000000000000        0.0000000000000000        0.0000000000000000        325.00000000000000        0.0000000000000000     
   325.00000000000000        0.0000000000000000        0.0000000000000000       -325.00000000000000        0.0000000000000000     
   178.44024551075316       -58.300587616240385       -5.2828392104252293        168.55532202341089        1.7769999999999999     
   178.35339700249909       -75.369091631532584       -112.92261559581526       -115.64929488314421        1.7769999999999999     
   129.77289358252324        85.387415735393304        46.649430028828114        85.870971933462386        0.0000000000000000     
   163.43346390422712        48.282263512379650        71.556024777412375       -138.77699907372906        0.0000000000000000     

 PASSED   1.0000000000000001E-005
 MU_R    =    325.00000000000000     
 ALPHA_S =   0.11799999999999999     
 BORN                    6.7729745967503869E-009
 SINGLE POLE (MadFKS)   -3.5449749545960441E-009
 DOUBLE POLE (MadFKS)   -1.1023859739361902E-009
 SINGLE POLE (MadLoop)  -3.5449749545964391E-009
 DOUBLE POLE (MadLoop)  -1.1023859739361828E-009
 FINITE PART (MadLoop)  -9.1609378857045387E-010
   325.00000000000000        0.0000000000000000        0.0000000000000000        325.00000000000000        0.0000000000000000     
   325.00000000000000        0.0000000000000000        0.0000000000000000       -325.00000000000000        0.0000000000000000     
   71.725537136204920       -4.6112548139172791        70.017248539831357       -14.755208721997869        1.7769999999999999     
   164.32011014657417       -6.9427640116226002       -33.797007467042540        160.64713251015050        1.7769999999999999     
   131.94372322055315       -27.874482531705343        35.602456140301641        123.95412231010910        0.0000000000000000     
   282.01062949666772        39.428501357245239       -71.822697213090393       -269.84604609826181        0.0000000000000000     

 PASSED   1.0000000000000001E-005
 MU_R    =    325.00000000000000     
 ALPHA_S =   0.11799999999999999     
 BORN                    1.4112428522639198E-009
 SINGLE POLE (MadFKS)   -5.8727010179600930E-010
 DOUBLE POLE (MadFKS)   -2.2969735142663546E-010
 SINGLE POLE (MadLoop)  -5.8727010179598738E-010
 DOUBLE POLE (MadLoop)  -2.2969735142663734E-010
 FINITE PART (MadLoop)  -1.3106810549692788E-010
   325.00000000000000        0.0000000000000000        0.0000000000000000        325.00000000000000        0.0000000000000000     
   325.00000000000000        0.0000000000000000        0.0000000000000000       -325.00000000000000        0.0000000000000000     
   103.27683306564784        64.136223789059770        9.1298880805019653       -80.412290483400866        1.7769999999999999     
   266.97394152516847       -157.96956684935245       -203.27666027437451       -70.683400184261913        1.7769999999999999     
   146.32038094588631        92.238010333386356        95.983191280345409        60.737388168475206        0.0000000000000000     
   133.42884446329745        1.5953327269063429        98.163580913527127        90.358302499187587        0.0000000000000000     

 PASSED   1.0000000000000001E-005
 MU_R    =    325.00000000000000     
 ALPHA_S =   0.11799999999999999     
 BORN                    5.8558194541343564E-011
 SINGLE POLE (MadFKS)   -1.8526295933161028E-011
 DOUBLE POLE (MadFKS)   -9.5310755118402815E-012
 SINGLE POLE (MadLoop)  -1.8526295933160514E-011
 DOUBLE POLE (MadLoop)  -9.5310755118404011E-012
 FINITE PART (MadLoop)   1.4733468588478217E-011
   325.00000000000000        0.0000000000000000        0.0000000000000000        325.00000000000000        0.0000000000000000     
   325.00000000000000        0.0000000000000000        0.0000000000000000       -325.00000000000000        0.0000000000000000     
   251.59494091593334        100.21086739298016       -189.49327162255665       -131.70777741507334        1.7769999999999999     
   120.86475144441735        63.785850719265959        56.775209047592760        85.516497229145514        1.7769999999999999     
   109.49647657209394      -0.92910605053271067        108.65716852178056        13.499439709831123        0.0000000000000000     
   168.04383106755964       -163.06761206171333        24.060894053183301        32.691840476096772        0.0000000000000000     

 PASSED   1.0000000000000001E-005
 MU_R    =    325.00000000000000     
 ALPHA_S =   0.11799999999999999     
 BORN                    4.7475442353390274E-008
 SINGLE POLE (MadFKS)   -1.6825937203587553E-008
 DOUBLE POLE (MadFKS)   -7.7272195560727580E-009
 SINGLE POLE (MadLoop)  -1.6825937203587444E-008
 DOUBLE POLE (MadLoop)  -7.7272195560727498E-009
 FINITE PART (MadLoop)  -4.3937478016391845E-010
   325.00000000000000        0.0000000000000000        0.0000000000000000        325.00000000000000        0.0000000000000000     
   325.00000000000000        0.0000000000000000        0.0000000000000000       -325.00000000000000        0.0000000000000000     
   51.079774994037052        6.2052854753932687       -47.002594995677541        18.927128157294110        1.7769999999999999     
   253.50375485869665        71.957224537750918       -209.88739068174075       -122.59868297862012        1.7769999999999999     
   168.92194665772553        19.106305693529922        111.26772703225032        125.65455052029549        0.0000000000000000     
   176.49452348954071       -97.268815706674118        145.62225864516802       -21.982995698969475        0.0000000000000000     

 PASSED   1.0000000000000001E-005
 MU_R    =    325.00000000000000     
 ALPHA_S =   0.11799999999999999     
 BORN                    3.0650666600149909E-008
 SINGLE POLE (MadFKS)   -8.4785413559712576E-009
 DOUBLE POLE (MadFKS)   -4.9887777473742941E-009
 SINGLE POLE (MadLoop)  -8.4785413559708721E-009
 DOUBLE POLE (MadLoop)  -4.9887777473741370E-009
 FINITE PART (MadLoop)   4.8844195553050201E-009
   325.00000000000000        0.0000000000000000        0.0000000000000000        325.00000000000000        0.0000000000000000     
   325.00000000000000        0.0000000000000000        0.0000000000000000       -325.00000000000000        0.0000000000000000     
   149.45889498668598       -49.716683107110150        15.322716039485181       -140.10092560594211        1.7769999999999999     
   97.991684443178841       -65.108757657078556       -50.478221617004479       -53.028400972949719        1.7769999999999999     
   283.13451764352214        181.88289192586771       -62.562316017370343        207.77325458406699        0.0000000000000000     
   119.41490292661291       -67.057451161678927        97.717821594889600       -14.643928005174732        0.0000000000000000     

 PASSED   1.0000000000000001E-005
 MU_R    =    325.00000000000000     
 ALPHA_S =   0.11799999999999999     
 BORN                    3.6793289559082860E-010
 SINGLE POLE (MadFKS)   -1.2569586105482393E-010
 DOUBLE POLE (MadFKS)   -5.9885661411407540E-011
 SINGLE POLE (MadLoop)  -1.2569586105483595E-010
 DOUBLE POLE (MadLoop)  -5.9885661411407178E-011
 FINITE PART (MadLoop)   7.0508229291548598E-011
   325.00000000000000        0.0000000000000000        0.0000000000000000        325.00000000000000        0.0000000000000000     
   325.00000000000000        0.0000000000000000        0.0000000000000000       -325.00000000000000        0.0000000000000000     
   176.17564614145641        28.120686795387744        152.03152716005556        84.441354133485191        1.7769999999999999     
   204.68189511229815       -119.02920783426147       -151.66225933189324        68.717735952631301        1.7769999999999999     
   193.84261048153544        123.43658068578189       -65.607190437962487       -134.29097046985558        0.0000000000000000     
   75.299848264711827       -32.528059646908183        65.237922609800179       -18.868119616260948        0.0000000000000000     

 PASSED   1.0000000000000001E-005
 MU_R    =    325.00000000000000     
 ALPHA_S =   0.11799999999999999     
 BORN                    5.1012259181551128E-009
 SINGLE POLE (MadFKS)   -1.9489019632935968E-009
 DOUBLE POLE (MadFKS)   -8.3028805463881040E-010
 SINGLE POLE (MadLoop)  -1.9489019632936047E-009
 DOUBLE POLE (MadLoop)  -8.3028805463880906E-010
 FINITE PART (MadLoop)  -4.8022531683033544E-010
   325.00000000000000        0.0000000000000000        0.0000000000000000        325.00000000000000        0.0000000000000000     
   325.00000000000000        0.0000000000000000        0.0000000000000000       -325.00000000000000        0.0000000000000000     
   265.44850900212259        223.31969600834938        69.772303198941245        125.37899458642744        1.7769999999999999     
   45.389304034883367        19.406985956105494        29.661471705181295       -28.294826102192843        1.7769999999999999     
   155.13422908756687       -136.47477319920756       -56.845054574655663        47.009627580134612        0.0000000000000000     
   184.02795787542723       -106.25190876524735       -42.588720329466959       -144.09379606436920        0.0000000000000000     

 PASSED   1.0000000000000001E-005
 MU_R    =    325.00000000000000     
 ALPHA_S =   0.11799999999999999     
 BORN                    4.7254184787539712E-010
 SINGLE POLE (MadFKS)   -1.3485461570891476E-010
 DOUBLE POLE (MadFKS)   -7.6912071314376566E-011
 SINGLE POLE (MadLoop)  -1.3485461570890685E-010
 DOUBLE POLE (MadLoop)  -7.6912071314376825E-011
 FINITE PART (MadLoop)   1.0695591512577250E-010
   325.00000000000000        0.0000000000000000        0.0000000000000000        325.00000000000000        0.0000000000000000     
   325.00000000000000        0.0000000000000000        0.0000000000000000       -325.00000000000000        0.0000000000000000     
   166.44206234423729        41.847675993038820        133.66309257239737        89.904127193179193        1.7769999999999999     
   98.196424825395582        46.272034778519185       -66.538749890226129        55.415464267576141        1.7769999999999999     
   155.35191690370002       -133.65150913463111        72.608105707143039        31.615742555095615        0.0000000000000000     
   230.00959592666706        45.531798363073129       -139.73244838931433       -176.93533401585091        0.0000000000000000     

 PASSED   1.0000000000000001E-005
 MU_R    =    325.00000000000000     
 ALPHA_S =   0.11799999999999999     
 BORN                    5.3810667259413112E-010
 SINGLE POLE (MadFKS)   -2.2943326249345166E-010
 DOUBLE POLE (MadFKS)   -8.7583563156114099E-011
 SINGLE POLE (MadLoop)  -2.2943326249358158E-010
 DOUBLE POLE (MadLoop)  -8.7583563156113944E-011
 FINITE PART (MadLoop)  -3.8809017393576155E-011
   325.00000000000000        0.0000000000000000        0.0000000000000000        325.00000000000000        0.0000000000000000     
   325.00000000000000        0.0000000000000000        0.0000000000000000       -325.00000000000000        0.0000000000000000     
   140.52097876933686        84.382268399728389       -108.52738717299844       -29.059021979597247        1.7769999999999999     
   231.71691208926748        91.637263838930920        40.845025120247648        208.86326967235240        1.7769999999999999     
   204.25746267950706       -151.88117290339051        13.927370011470796       -135.86481789751238        0.0000000000000000     
   73.504646461891639       -24.138359335268806        53.754992041279820       -43.939429795242731        0.0000000000000000     

 PASSED   1.0000000000000001E-005
 MU_R    =    325.00000000000000     
 ALPHA_S =   0.11799999999999999     
 BORN                    3.1897012771080485E-009
 SINGLE POLE (MadFKS)   -9.7514323466965099E-010
 DOUBLE POLE (MadFKS)   -5.1916361101034492E-010
 SINGLE POLE (MadLoop)  -9.7514323466966050E-010
 DOUBLE POLE (MadLoop)  -5.1916361101034347E-010
 FINITE PART (MadLoop)   4.2323838683965384E-010
   325.00000000000000        0.0000000000000000        0.0000000000000000        325.00000000000000        0.0000000000000000     
   325.00000000000000        0.0000000000000000        0.0000000000000000       -325.00000000000000        0.0000000000000000     
Thanks for using LHAPDF 6.2.1. Please make sure to cite the paper:
  Eur.Phys.J. C75 (2015) 3, 132  (http://arxiv.org/abs/1412.7420)
   35.624125012669950        33.289844006354848       0.79024383339277915        12.533249962985712        1.7769999999999999     
   259.44850208772169        240.13538788857755       -83.061973430287225        52.402972816732330        1.7769999999999999     
   82.180919625398587       -2.0311065990506414        71.812253693563889       -39.907121869545236        0.0000000000000000     
   272.74645327420984       -271.39412529588174        10.459475903330492       -25.029100910172822        0.0000000000000000     

 PASSED   1.0000000000000001E-005
 MU_R    =    325.00000000000000     
 ALPHA_S =   0.11799999999999999     
 BORN                    9.6608334151578046E-009
 SINGLE POLE (MadFKS)   -4.1275943103465467E-009
 DOUBLE POLE (MadFKS)   -1.5724209653043413E-009
 SINGLE POLE (MadLoop)  -4.1275943103465599E-009
 DOUBLE POLE (MadLoop)  -1.5724209653043354E-009
 FINITE PART (MadLoop)  -2.9168752635742916E-009
   325.00000000000000        0.0000000000000000        0.0000000000000000        325.00000000000000        0.0000000000000000     
   325.00000000000000        0.0000000000000000        0.0000000000000000       -325.00000000000000        0.0000000000000000     
   246.13684064246408        66.319271670711913        198.91874342330220        128.89249129570948        1.7769999999999999     
   93.300997987964450        72.011961376489083        50.755611890924712       -30.660459501432943        1.7769999999999999     
   201.99543510725550       -73.612977128469353       -162.58164050474556       -94.607058791818531        0.0000000000000000     
   108.56672626231595       -64.718255918731643       -87.092714809481365       -3.6249730024579989        0.0000000000000000     

 PASSED   1.0000000000000001E-005
 MU_R    =    325.00000000000000     
 ALPHA_S =   0.11799999999999999     
 BORN                    1.7036687693392232E-009
 SINGLE POLE (MadFKS)   -7.6693400167090400E-010
 DOUBLE POLE (MadFKS)   -2.7729331163500690E-010
 SINGLE POLE (MadLoop)  -7.6693400167091827E-010
 DOUBLE POLE (MadLoop)  -2.7729331163500710E-010
 FINITE PART (MadLoop)  -1.1038324226187711E-010
   325.00000000000000        0.0000000000000000        0.0000000000000000        325.00000000000000        0.0000000000000000     
   325.00000000000000        0.0000000000000000        0.0000000000000000       -325.00000000000000        0.0000000000000000     
   245.37667225177444       -1.3294638448352663       -241.77678728744505        41.818311912386093        1.7769999999999999     
   185.08777898906732        87.097128945727263        106.49789294053507       -123.80071538865808        1.7769999999999999     
   169.89264931859333       -37.791998642250988        135.87598553279611        94.725887098543481        0.0000000000000000     
   49.642899440565877       -47.975666458641001      -0.59709118588617138       -12.743483622271492        0.0000000000000000     

 PASSED   1.0000000000000001E-005
 MU_R    =    325.00000000000000     
 ALPHA_S =   0.11799999999999999     
 BORN                    8.0401453010728836E-011
 SINGLE POLE (MadFKS)   -1.8804563008410039E-011
 DOUBLE POLE (MadFKS)   -1.3086337888472617E-011
 SINGLE POLE (MadLoop)  -1.8804563008306890E-011
 DOUBLE POLE (MadLoop)  -1.3086337888472653E-011
 FINITE PART (MadLoop)   2.5320353894313195E-011
   325.00000000000000        0.0000000000000000        0.0000000000000000        325.00000000000000        0.0000000000000000     
   325.00000000000000        0.0000000000000000        0.0000000000000000       -325.00000000000000        0.0000000000000000     
   80.504267887557774       -39.777734735995395        53.676184783923382        44.881827340545755        1.7769999999999999     
   222.86972293405429        82.078286514383962       -184.31895409988559        94.643719887212114        1.7769999999999999     
   160.97609244600386       -139.69735141374184       -15.165572129497990       -78.536346802960480        0.0000000000000000     
   185.64991673238416        97.396799635353318        145.80834144546020       -60.989200424797360        0.0000000000000000     

 PASSED   1.0000000000000001E-005
 MU_R    =    325.00000000000000     
 ALPHA_S =   0.11799999999999999     
 BORN                    1.7598100162647725E-009
 SINGLE POLE (MadFKS)   -7.7079990344136203E-010
 DOUBLE POLE (MadFKS)   -2.8643099881896705E-010
 SINGLE POLE (MadLoop)  -7.7079990344132884E-010
 DOUBLE POLE (MadLoop)  -2.8643099881896788E-010
 FINITE PART (MadLoop)  -1.8494799283550412E-012
   325.00000000000000        0.0000000000000000        0.0000000000000000        325.00000000000000        0.0000000000000000     
   325.00000000000000        0.0000000000000000        0.0000000000000000       -325.00000000000000        0.0000000000000000     
   210.13204062258637       -1.4090141035364940        124.55473090121022        169.22307897150256        1.7769999999999999     
   176.24681581722831       -141.44266233671570       -42.412694049232385       -96.202489631506026        1.7769999999999999     
   93.484900949601069        30.430758185705386       -69.908459548874006        54.094389222019082        0.0000000000000000     
   170.13624261058604        112.42091825454683       -12.233577303103838       -127.11497856201561        0.0000000000000000     

 PASSED   1.0000000000000001E-005
 MU_R    =    325.00000000000000     
 ALPHA_S =   0.11799999999999999     
 BORN                    1.5903896930009042E-010
 SINGLE POLE (MadFKS)   -5.6893939480080140E-011
 DOUBLE POLE (MadFKS)   -2.5885573105472172E-011
 SINGLE POLE (MadLoop)  -5.6893939480083759E-011
 DOUBLE POLE (MadLoop)  -2.5885573105472079E-011
 FINITE PART (MadLoop)   2.1349256002837843E-011
   325.00000000000000        0.0000000000000000        0.0000000000000000        325.00000000000000        0.0000000000000000     
   325.00000000000000        0.0000000000000000        0.0000000000000000       -325.00000000000000        0.0000000000000000     
   195.05864025752885        116.20547501754447        118.01060589562039       -103.02669499800275        1.7769999999999999     
   104.71030186091271        83.419406249405867       -54.318506679230083        32.431344097007134        1.7769999999999999     
   190.17727314386488       -108.43229699281666        40.481543993119011        150.90088397763270        0.0000000000000000     
   160.05378473769360       -91.192584274133665       -104.17364320950932       -80.305533076637076        0.0000000000000000     

 PASSED   1.0000000000000001E-005
 MU_R    =    325.00000000000000     
 ALPHA_S =   0.11799999999999999     
 BORN                    7.3197628585251613E-011
 SINGLE POLE (MadFKS)   -1.9881562934121621E-011
 DOUBLE POLE (MadFKS)   -1.1913825738618220E-011
 SINGLE POLE (MadLoop)  -1.9881562934123166E-011
 DOUBLE POLE (MadLoop)  -1.1913825738618304E-011
 FINITE PART (MadLoop)   2.3475069296822566E-011
   325.00000000000000        0.0000000000000000        0.0000000000000000        325.00000000000000        0.0000000000000000     
   325.00000000000000        0.0000000000000000        0.0000000000000000       -325.00000000000000        0.0000000000000000     
   160.24759432399350       -92.497575208755237       -82.666031904846818       -101.42317046530695        1.7769999999999999     
   197.92495675210398        77.017987373430202        180.66601053426720        24.477602719637954        1.7769999999999999     
   103.58724199490536        12.563124571449247        88.584419571553610        52.204264330457569        0.0000000000000000     
   188.24020692899992        2.9164632638757837       -186.58439820097399        24.741303415211430        0.0000000000000000     

 NUMBER OF POINTS PASSING THE CHECK          20
 NUMBER OF POINTS FAILING THE CHECK           0
 TOLERANCE    1.0000000000000001E-005
