==== LHAPDF6 USING DEFAULT-TYPE LHAGLUE INTERFACE ====
LHAPDF 6.2.1 loading /cvmfs/cms.cern.ch/slc6_amd64_gcc481/external/lhapdf/6.2.1/share/LHAPDF/NNPDF31_nnlo_hessian_pdfas/NNPDF31_nnlo_hessian_pdfas_0000.dat
NNPDF31_nnlo_hessian_pdfas PDF set, member #0, version 1; LHAPDF ID = 306000
 A PDF is used, so alpha_s(MZ) is going to be modified
 Old value of alpha_s from param_card:   0.11799999999999999     
 New value of alpha_s from PDF lhapdf :  0.11800208008122040     
 using LHAPDF
 *****************************************************
 *               MadGraph/MadEvent                   *
 *        --------------------------------           *
 *          http://madgraph.hep.uiuc.edu             *
 *          http://madgraph.phys.ucl.ac.be           *
 *          http://madgraph.roma2.infn.it            *
 *        --------------------------------           *
 *                                                   *
 *          PARAMETER AND COUPLING VALUES            *
 *                                                   *
 *****************************************************

  External Params
  ---------------------------------
  
 MU_R =    91.188000000000002     
 aEWM1 =    132.50700000000001     
 mdl_Gf =    1.1663900000000000E-005
 aS =   0.11799999999999999     
 mdl_lamWS =   0.22530000000000000     
 mdl_AWS =   0.80800000000000005     
 mdl_rhoWS =   0.13200000000000001     
 mdl_etaWS =   0.34100000000000003     
 mdl_ymt =    173.00000000000000     
 mdl_ymtau =    1.7769999999999999     
 mdl_MT =    173.00000000000000     
 mdl_MZ =    91.188000000000002     
 mdl_MH =    125.00000000000000     
 mdl_MTA =    1.7769999999999999     
 mdl_WT =    1.4915000000000000     
 mdl_WZ =    2.4414039999999999     
 mdl_WW =    2.0476000000000001     
 mdl_WH =    6.3823389999999999E-003
  Internal Params
  ---------------------------------
  
 mdl_CKM33 =    1.0000000000000000     
 mdl_conjg__CKM3x3 =    1.0000000000000000     
 mdl_I4x33 =    0.0000000000000000     
 mdl_I1x33 =    0.0000000000000000     
 mdl_lhv =    1.0000000000000000     
 mdl_CKM3x3 =    1.0000000000000000     
 mdl_conjg__CKM33 =    1.0000000000000000     
 mdl_Ncol =    3.0000000000000000     
 mdl_CA =    3.0000000000000000     
 mdl_TF =   0.50000000000000000     
 mdl_CF =    1.3333333333333333     
 mdl_lamWS__exp__2 =    5.0760090000000001E-002
 mdl_CKM11 =  ( 0.97461995499999998     ,  0.0000000000000000     )
 mdl_CKM12 =  ( 0.22530000000000000     ,  0.0000000000000000     )
 mdl_complexi =  (  0.0000000000000000     ,  1.0000000000000000     )
 mdl_lamWS__exp__3 =    1.1436248277000001E-002
 mdl_CKM13 =  (  1.2197444962317122E-003, -3.1510066152652563E-003)
 mdl_CKM21 =  (-0.22530000000000000     ,  0.0000000000000000     )
 mdl_CKM22 =  ( 0.97461995499999998     ,  0.0000000000000000     )
 mdl_CKM23 =  (  4.1014152720000002E-002,  0.0000000000000000     )
 mdl_CKM31 =  (  8.0207441115842885E-003, -3.1510066152652563E-003)
 mdl_CKM32 =  ( -4.1014152720000002E-002,  0.0000000000000000     )
 mdl_MZ__exp__2 =    8315.2513440000002     
 mdl_MZ__exp__4 =    69143404.913893804     
 mdl_sqrt__2 =    1.4142135623730951     
 mdl_MH__exp__2 =    15625.000000000000     
 mdl_CKM1x1 =  ( 0.97461995499999998     ,  0.0000000000000000     )
 mdl_CKM1x2 =  ( 0.22530000000000000     ,  0.0000000000000000     )
 mdl_CKM1x3 =  (  1.2197444962317122E-003, -3.1510066152652563E-003)
 mdl_CKM2x1 =  (-0.22530000000000000     ,  0.0000000000000000     )
 mdl_CKM2x2 =  ( 0.97461995499999998     ,  0.0000000000000000     )
 mdl_CKM2x3 =  (  4.1014152720000002E-002,  0.0000000000000000     )
 mdl_CKM3x1 =  (  8.0207441115842885E-003, -3.1510066152652563E-003)
 mdl_CKM3x2 =  ( -4.1014152720000002E-002,  0.0000000000000000     )
 mdl_conjg__CKM1x3 =  (  1.2197444962317122E-003,  3.1510066152652563E-003)
 mdl_conjg__CKM2x3 =  (  4.1014152720000002E-002, -0.0000000000000000     )
 mdl_conjg__CKM2x1 =  (-0.22530000000000000     , -0.0000000000000000     )
 mdl_conjg__CKM3x1 =  (  8.0207441115842885E-003,  3.1510066152652563E-003)
 mdl_conjg__CKM2x2 =  ( 0.97461995499999998     , -0.0000000000000000     )
 mdl_conjg__CKM3x2 =  ( -4.1014152720000002E-002, -0.0000000000000000     )
 mdl_Ncol__exp__2 =    9.0000000000000000     
 mdl_MT__exp__2 =    29929.000000000000     
 mdl_conjg__CKM11 =  ( 0.97461995499999998     , -0.0000000000000000     )
 mdl_conjg__CKM12 =  ( 0.22530000000000000     , -0.0000000000000000     )
 mdl_conjg__CKM13 =  (  1.2197444962317122E-003,  3.1510066152652563E-003)
 mdl_conjg__CKM21 =  (-0.22530000000000000     , -0.0000000000000000     )
 mdl_conjg__CKM22 =  ( 0.97461995499999998     , -0.0000000000000000     )
 mdl_conjg__CKM23 =  (  4.1014152720000002E-002, -0.0000000000000000     )
 mdl_conjg__CKM31 =  (  8.0207441115842885E-003,  3.1510066152652563E-003)
 mdl_conjg__CKM32 =  ( -4.1014152720000002E-002, -0.0000000000000000     )
 mdl_aEW =    7.5467711139788835E-003
 mdl_MW =    80.419002445756163     
 mdl_sqrt__aEW =    8.6872153846781555E-002
 mdl_ee =   0.30795376724436879     
 mdl_MW__exp__2 =    6467.2159543705357     
 mdl_sw2 =   0.22224648578577766     
 mdl_cw =   0.88190334743339216     
 mdl_sqrt__sw2 =   0.47143025548407230     
 mdl_sw =   0.47143025548407230     
 mdl_g1 =   0.34919219678733299     
 mdl_gw =   0.65323293034757990     
 mdl_v =    246.21845810181637     
 mdl_v__exp__2 =    60623.529110035903     
 mdl_lam =   0.12886910601690263     
 mdl_yt =   0.99366614581500623     
 mdl_ytau =    1.0206617000654717E-002
 mdl_muH =    88.388347648318430     
 mdl_AxialZUp =  -0.18517701861793787     
 mdl_AxialZDown =   0.18517701861793787     
 mdl_VectorZUp =    7.5430507588273299E-002
 mdl_VectorZDown =  -0.13030376310310560     
 mdl_VectorAUp =   0.20530251149624587     
 mdl_VectorADown =  -0.10265125574812294     
 mdl_VectorWmDxU =   0.23095271737156670     
 mdl_AxialWmDxU =  -0.23095271737156670     
 mdl_VectorWpUxD =   0.23095271737156670     
 mdl_AxialWpUxD =  -0.23095271737156670     
 mdl_I2x13 =  (  7.9699418879263656E-003,  3.1310485988282153E-003)
 mdl_I2x23 =  ( -4.0754375057150453E-002, -0.0000000000000000     )
 mdl_I2x33 =  ( 0.99366614581500623     ,  0.0000000000000000     )
 mdl_I3x31 =  (  7.9699418879263656E-003, -3.1310485988282153E-003)
 mdl_I3x32 =  ( -4.0754375057150453E-002,  0.0000000000000000     )
 mdl_I3x33 =  ( 0.99366614581500623     ,  0.0000000000000000     )
 mdl_Vector_tdGp =  ( -7.9699418879263656E-003, -3.1310485988282153E-003)
 mdl_Vector_tsGp =  (  4.0754375057150453E-002,  0.0000000000000000     )
 mdl_Vector_tbGp =  (-0.99366614581500623     ,  0.0000000000000000     )
 mdl_Axial_tdGp =  ( -7.9699418879263656E-003, -3.1310485988282153E-003)
 mdl_Axial_tsGp =  (  4.0754375057150453E-002,  0.0000000000000000     )
 mdl_Axial_tbGp =  (-0.99366614581500623     , -0.0000000000000000     )
 mdl_Vector_tdGm =  (  7.9699418879263656E-003, -3.1310485988282153E-003)
 mdl_Vector_tsGm =  ( -4.0754375057150453E-002,  0.0000000000000000     )
 mdl_Vector_tbGm =  ( 0.99366614581500623     ,  0.0000000000000000     )
 mdl_Axial_tdGm =  ( -7.9699418879263656E-003,  3.1310485988282153E-003)
 mdl_Axial_tsGm =  (  4.0754375057150453E-002, -0.0000000000000000     )
 mdl_Axial_tbGm =  (-0.99366614581500623     ,  0.0000000000000000     )
 mdl_gw__exp__2 =   0.42671326129048615     
 mdl_cw__exp__2 =   0.77775351421422245     
 mdl_ee__exp__2 =    9.4835522759998875E-002
 mdl_sw__exp__2 =   0.22224648578577769     
 mdl_yt__exp__2 =   0.98737240933884918     
  Internal Params evaluated point by point
  ----------------------------------------
  
 mdl_sqrt__aS =   0.34351128074635334     
 mdl_G__exp__4 =    2.1987899468922913     
 mdl_G__exp__2 =    1.4828317324943823     
 mdl_R2MixedFactor_FIN_ =   -2.5040377713124864E-002
 mdl_G_UVg_1EPS_ =   -5.1645779033320030E-002
 mdl_G_UVq_1EPS_ =    3.1300472141406080E-003
 mdl_G_UVb_1EPS_ =    3.1300472141406080E-003
 mdl_GWcft_UV_t_1EPS_ =   -3.1300472141406080E-003
 mdl_tWcft_UV_1EPS_ =   -1.8780283284843650E-002
 mdl_G__exp__3 =    1.8056676068262196     
 mdl_MU_R__exp__2 =    8315.2513440000002     
 mdl_G_UVt_FIN_ =   -4.0087659331150384E-003
 mdl_GWcft_UV_t_FIN_ =    4.0087659331150384E-003
 mdl_tWcft_UV_FIN_ =   -9.8778211443463623E-004
  Couplings of loop_sm-ckm_no_b_mass
  ---------------------------------
  
       UV_3Gt =   0.48815E-02   0.00000E+00
      UV_GQQt =   0.00000E+00  -0.48815E-02
   UVWfct_G_2 =   0.40088E-02   0.00000E+00
       R2_DDA =   0.00000E+00   0.25704E-02
       R2_UUA =  -0.00000E+00  -0.51409E-02
    R2_DDZ_V2 =   0.00000E+00   0.72127E-02
    R2_UUZ_V2 =  -0.00000E+00  -0.72127E-02
    R2_UUZ_V5 =   0.00000E+00   0.68702E-03
      R2_GGHt =   0.00000E+00  -0.45657E+01
     R2_GGZup =  -0.46369E-02   0.00000E+00
   R2_GGZdown =   0.46369E-02   0.00000E+00
 R2_GGGZvecUp =   0.00000E+00   0.28750E-03
 R2_GGGZvecDown  -0.00000E+00  -0.49665E-03
 R2_GGGZaxialUp  -0.00000E+00  -0.63522E-02
 R2_GGGZaxialDow  0.00000E+00   0.63522E-02
 R2_GGGAvecUp =   0.00000E+00   0.78251E-03
 R2_GGGAvecDown  -0.00000E+00  -0.39126E-03
         GC_4 =  -0.12177E+01   0.00000E+00
         GC_5 =   0.00000E+00   0.12177E+01
         GC_6 =   0.00000E+00   0.14828E+01
       R2_3Gq =   0.76230E-02   0.00000E+00
       R2_3Gg =   0.31445E-01   0.00000E+00
       R2_GQQ =  -0.00000E+00  -0.30492E-01
       R2_GGq =   0.00000E+00   0.62601E-02
       R2_GGt =  -0.00000E+00  -0.11242E+04
     R2_GGg_1 =   0.00000E+00   0.28170E-01
     R2_GGg_2 =  -0.00000E+00  -0.18780E-01
       R2_QQq =   0.00000E+00   0.12520E-01
  UV_3Gg_1eps =   0.62890E-01   0.00000E+00
  UV_3Gb_1eps =  -0.38115E-02   0.00000E+00
 UV_GQQg_1eps =   0.00000E+00  -0.62890E-01
 UV_GQQq_1eps =   0.00000E+00   0.38115E-02
 UVWfct_G_2_1eps -0.31300E-02   0.00000E+00
         GC_1 =  -0.00000E+00  -0.10265E+00
         GC_2 =   0.00000E+00   0.20530E+00
        GC_21 =  -0.00000E+00  -0.28804E+00
        GC_22 =   0.00000E+00   0.28804E+00
        GC_23 =  -0.00000E+00  -0.27437E-01
        GC_24 =   0.00000E+00   0.82310E-01
        GC_37 =  -0.00000E+00  -0.70263E+00
        GC_38 =  -0.00000E+00  -0.72172E-02
      GC_1003 =  -0.00000E+00  -0.30795E+00

 Collider parameters:
 --------------------

 Running at P P   machine @    13000.000000000000       GeV
 PDF set = lhapdf 
 alpha_s(Mz)= 0.1180 running at 3 loops.
 alpha_s(Mz)= 0.1180 running at 3 loops.
 Renormalization scale set on event-by-event basis
 Factorization   scale set on event-by-event basis


 ===============================================================
 INFO: MadFKS read these parameters from FKS_params.dat
 ===============================================================
  > IRPoleCheckThreshold      =    1.0000000000000001E-005
  > PrecisionVirtualAtRunTime =    1.0000000000000000E-003
  > NHelForMCoverHels         =            4
  > VirtualFraction           =    1.0000000000000000     
  > MinVirtualFraction        =    5.0000000000000001E-003
 ===============================================================
  Insert the number of points to test
 Insert the relative tolerance
  A negative number will mean use the default one:    1.0000000000000001E-005
Using random seed offsets:     0 ,     61 ,      0
  with seed                   32
 Ranmar initialization seeds       10729        9467
  ========================================================================================== 
 {                                                                                          }
 {       [32m                                                                            [0m       }
 {       [32m                               ,,                                           [0m       }
 {       [32m`7MMM.     ,MMF'             `7MM  `7MMF'                                   [0m       }
 {       [32m  MMMb    dPMM                 MM    MM                                     [0m       }
 {       [32m  M YM   ,M MM   ,6"Yb.   ,M""bMM    MM         ,pW"Wq.   ,pW"Wq.`7MMpdMAo. [0m       }
 {       [32m  M  Mb  M' MM  8)   MM ,AP    MM    MM        6W'   `Wb 6W'   `Wb MM   `Wb [0m       }
 {       [32m  M  YM.P'  MM   ,pm9MM 8MI    MM    MM      , 8M     M8 8M     M8 MM    M8 [0m       }
 {       [32m  M  `YM'   MM  8M   MM `Mb    MM    MM     ,M YA.   ,A9 YA.   ,A9 MM   ,AP [0m       }
 {       [32m.JML. `'  .JMML.`Moo9^Yo.`Wbmd"MML..JMMmmmmMMM  `Ybmd9'   `Ybmd9'  MMbmmd'  [0m       }
 {       [32m                                                                   MM       [0m       }
 {       [32m                                                                 .JMML.     [0m       }
 {       [32m[0mv2.4.2 (2016-06-10), Ref: arXiv:1103.0621v2, arXiv:1405.0301[32m                [0m       }
 {       [32m                                                                            [0m       }
 {                                                                                          }
  ========================================================================================== 
 ===============================================================
 INFO: MadLoop read these parameters from ./MadLoop5_resources/MadLoopParams.dat                                                                                                                                                                                                                                                                                                                                                                                                                                                                                          
 ===============================================================
  > MLReductionLib            = 6|1|2
  > IREGIMODE                 =            2
  > IREGIRECY                 =  T
  > CTModeRun                 =           -1
  > MLStabThres               =    1.0000000000000000E-003
  > NRotations_DP             =            1
  > NRotations_QP             =            0
  > CTStabThres               =    1.0000000000000000E-002
  > CTLoopLibrary             =            2
  > CTModeInit                =            1
  > CheckCycle                =            3
  > MaxAttempts               =           10
  > UseLoopFilter             =  F
  > HelicityFilterLevel       =            2
  > ImprovePSPoint            =            2
  > DoubleCheckHelicityFilter =  T
  > LoopInitStartOver         =  F
  > HelInitStartOver          =  F
  > ZeroThres                 =    1.0000000000000001E-009
  > OSThres                   =    1.0000000000000000E-008
  > WriteOutFilters           =  T
  > UseQPIntegrandForNinja    =  F
  > UseQPIntegrandForCutTools =  T
 ===============================================================
  
------------------------------------------------------------------------
|              You are using CutTools - Version 1.9.3                  |
|              Authors: G. Ossola, C. Papadopoulos, R. Pittau          |
|              Published in JHEP 0803:042,2008                         |
|              http://www.ugr.es/~pittau/CutTools                      |
|                                                                      |
|              Compiler with  34  significant digits detetected        |
 ---------------------------------------------------------------------- 
   
########################################################################
#                                                                      #
#                      You are using OneLOop-3.6                       #
#                                                                      #
# for the evaluation of 1-loop scalar 1-, 2-, 3- and 4-point functions #
#                                                                      #
# author: Andreas van Hameren <hamerenREMOVETHIS@ifj.edu.pl>           #
#   date: 18-02-2015                                                   #
#                                                                      #
# Please cite                                                          #
#    A. van Hameren,                                                   #
#      Comput.Phys.Commun. 182 (2011) 2427-2438, arXiv:1007.4716       #
#    A. van Hameren, C.G. Papadopoulos and R. Pittau,                  #
#      JHEP 0909:106,2009, arXiv:0903.4665                             #
# in publications with results obtained with the help of this program. #
#                                                                      #
########################################################################
 PASSED   1.0000000000000001E-005
 MU_R    =    325.00000000000000     
 ALPHA_S =   0.11799999999999999     
 BORN                    6.0505415488668995E-011
 SINGLE POLE (MadFKS)   -7.0283946800469080E-012
 DOUBLE POLE (MadFKS)   -6.0603138301033084E-012
 SINGLE POLE (MadLoop)  -7.0283946800469112E-012
 DOUBLE POLE (MadLoop)  -6.0603138301033221E-012
 FINITE PART (MadLoop)   3.3865395891458329E-011
   325.00000000000000        0.0000000000000000        0.0000000000000000        325.00000000000000        0.0000000000000000     
   325.00000000000000        0.0000000000000000        0.0000000000000000       -325.00000000000000        0.0000000000000000     
   204.85475585647902       -106.82332208956754       -168.05845555634744       -48.068746299246442        0.0000000000000000     
   192.20504956588059        120.74006508410910        140.04991141376311       -52.446544930098234        0.0000000000000000     
   129.52270099121066        105.53723704245668        11.595255754392479        74.186061450201692        0.0000000000000000     
   123.41749358642981       -119.45398003699826        16.413288388191820        26.329229779143013        0.0000000000000000     

 PASSED   1.0000000000000001E-005
 MU_R    =    325.00000000000000     
 ALPHA_S =   0.11799999999999999     
 BORN                    3.4834865002940732E-011
 SINGLE POLE (MadFKS)   -7.6484418239129251E-012
 DOUBLE POLE (MadFKS)   -3.4891127090374016E-012
 SINGLE POLE (MadLoop)  -7.6484418239129477E-012
 DOUBLE POLE (MadLoop)  -3.4891127090373915E-012
 FINITE PART (MadLoop)   5.4910348358865877E-012
   325.00000000000000        0.0000000000000000        0.0000000000000000        325.00000000000000        0.0000000000000000     
   325.00000000000000        0.0000000000000000        0.0000000000000000       -325.00000000000000        0.0000000000000000     
   305.21343732871270        144.35504042177135       -226.63414814307961       -144.75436962764695        0.0000000000000000     
   87.378025527660768       -54.574134385309257        53.711438982282992        42.091145430591887        0.0000000000000000     
   179.84283207436891       -81.136804266235757        158.21319417757471        26.997193004482327        0.0000000000000000     
   77.565705069257561       -8.6441017702263210        14.709514983221986        75.666031192572717        0.0000000000000000     

 PASSED   1.0000000000000001E-005
 MU_R    =    325.00000000000000     
 ALPHA_S =   0.11799999999999999     
 BORN                    3.0961969715587901E-011
 SINGLE POLE (MadFKS)   -3.9034875936895080E-012
 DOUBLE POLE (MadFKS)   -3.1011976656826174E-012
 SINGLE POLE (MadLoop)  -3.9034875936896275E-012
 DOUBLE POLE (MadLoop)  -3.1011976656826105E-012
 FINITE PART (MadLoop)   1.7423611098562506E-011
   325.00000000000000        0.0000000000000000        0.0000000000000000        325.00000000000000        0.0000000000000000     
   325.00000000000000        0.0000000000000000        0.0000000000000000       -325.00000000000000        0.0000000000000000     
   111.26578992277921        4.3696539188343122       -111.10858398878922       -3.9830510636722689        0.0000000000000000     
   137.37052745543420       -54.487592868076803        59.770640798353249        111.03708630624784        0.0000000000000000     
   236.55382091477421        60.536016577591930       -70.514691714806276       -217.53339775460324        0.0000000000000000     
   164.80986170701254       -10.418077628349442        121.85263490524224        110.47936251202763        0.0000000000000000     

 PASSED   1.0000000000000001E-005
 MU_R    =    325.00000000000000     
 ALPHA_S =   0.11799999999999999     
 BORN                    7.5007036769358672E-009
 SINGLE POLE (MadFKS)   -3.5152466135845925E-010
 DOUBLE POLE (MadFKS)   -7.5128181273879450E-010
 SINGLE POLE (MadLoop)  -3.5152466121060263E-010
 DOUBLE POLE (MadLoop)  -7.5128181273880474E-010
 FINITE PART (MadLoop)   4.3574294326789945E-009
   325.00000000000000        0.0000000000000000        0.0000000000000000        325.00000000000000        0.0000000000000000     
   325.00000000000000        0.0000000000000000        0.0000000000000000       -325.00000000000000        0.0000000000000000     
   56.293337239712677       -15.468400439791154        38.082613443954251       -38.462747674817145        0.0000000000000000     
   132.11583770489312       -126.53635855545522        26.936402765504084       -26.787585595672372        0.0000000000000000     
   231.55152840836979       -40.207886103167510       -195.19240198284081        117.89555721712281        0.0000000000000000     
   230.03929664702432        182.21264509841387        130.17338577338259       -52.645223946633322        0.0000000000000000     

 PASSED   1.0000000000000001E-005
 MU_R    =    325.00000000000000     
 ALPHA_S =   0.11799999999999999     
 BORN                    9.4155116359939306E-011
 SINGLE POLE (MadFKS)   -1.7397494960975788E-011
 DOUBLE POLE (MadFKS)   -9.4307187091044116E-012
 SINGLE POLE (MadLoop)  -1.7397494960975545E-011
 DOUBLE POLE (MadLoop)  -9.4307187091043792E-012
 FINITE PART (MadLoop)   4.0067766319463014E-011
   325.00000000000000        0.0000000000000000        0.0000000000000000        325.00000000000000        0.0000000000000000     
   325.00000000000000        0.0000000000000000        0.0000000000000000       -325.00000000000000        0.0000000000000000     
   120.84015223329725        110.35873180033528       -24.118432210484922       -42.913796556542984        0.0000000000000000     
   236.04906700146600        7.0865217048784519        192.33840196108133       -136.65607331343287        0.0000000000000000     
   96.704192100164789        9.3142757109379559       -61.970401817408309        73.651981211065561        0.0000000000000000     
   196.40658866507238       -126.75952921615180       -106.24956793318802        105.91788865891030        0.0000000000000000     

 PASSED   1.0000000000000001E-005
 MU_R    =    325.00000000000000     
 ALPHA_S =   0.11799999999999999     
 BORN                    1.4915732670808723E-009
 SINGLE POLE (MadFKS)   -1.2440125372088772E-010
 DOUBLE POLE (MadFKS)   -1.4939823197801887E-010
 SINGLE POLE (MadLoop)  -1.2440125372088870E-010
 DOUBLE POLE (MadLoop)  -1.4939823197801805E-010
 FINITE PART (MadLoop)   6.3970368286210781E-010
   325.00000000000000        0.0000000000000000        0.0000000000000000        325.00000000000000        0.0000000000000000     
   325.00000000000000        0.0000000000000000        0.0000000000000000       -325.00000000000000        0.0000000000000000     
   118.57822472463988       -108.57742927195369       -21.785716387421122       -42.392449717230662        0.0000000000000000     
   66.622959764048588       -23.771265870657928       -58.351637916042236       -21.647910733916849        0.0000000000000000     
   276.83197594054963        168.36565955760338        208.95442544848206       -68.022023421660720        0.0000000000000000     
   187.96683957076183       -36.016964414991762       -128.81707114501864        132.06238387280817        0.0000000000000000     

 PASSED   1.0000000000000001E-005
 MU_R    =    325.00000000000000     
 ALPHA_S =   0.11799999999999999     
 BORN                    2.2501697214091549E-010
 SINGLE POLE (MadFKS)   -1.9506071415116182E-011
 DOUBLE POLE (MadFKS)   -2.2538039897088873E-011
 SINGLE POLE (MadLoop)  -1.9506071415116796E-011
 DOUBLE POLE (MadLoop)  -2.2538039897088903E-011
 FINITE PART (MadLoop)   9.9235142305562675E-011
   325.00000000000000        0.0000000000000000        0.0000000000000000        325.00000000000000        0.0000000000000000     
   325.00000000000000        0.0000000000000000        0.0000000000000000       -325.00000000000000        0.0000000000000000     
   52.213063910827536        1.6025775625802356       -23.383186962595616       -46.656857540820013        0.0000000000000000     
   231.15813118501814       -191.33174467211833        129.06292503763368        13.000249013134725        0.0000000000000000     
   126.43367031914646       -48.970141521946402       -100.04413709271599        59.821140603176417        0.0000000000000000     
   240.19513458500791        238.69930863148451       -5.6356009823220923       -26.164532075491131        0.0000000000000000     

 PASSED   1.0000000000000001E-005
 MU_R    =    325.00000000000000     
 ALPHA_S =   0.11799999999999999     
 BORN                    4.1636569810732004E-011
 SINGLE POLE (MadFKS)   -4.4979299365397442E-012
 DOUBLE POLE (MadFKS)   -4.1703817389584855E-012
 SINGLE POLE (MadLoop)  -4.4979299365347085E-012
 DOUBLE POLE (MadLoop)  -4.1703817389584838E-012
 FINITE PART (MadLoop)   2.3471910664083099E-011
   325.00000000000000        0.0000000000000000        0.0000000000000000        325.00000000000000        0.0000000000000000     
   325.00000000000000        0.0000000000000000        0.0000000000000000       -325.00000000000000        0.0000000000000000     
   182.70595639830651        77.237544867719706       -29.051426322707197        163.00871999633392        0.0000000000000000     
   157.27584723097192       -152.14368851751269        2.5178059282688214       -39.769973847284255        0.0000000000000000     
   193.70861200876990        175.30189885788332       -14.414193079111902       -81.144942301185381        0.0000000000000000     
   116.30958436195158       -100.39575520809032        40.947813473550219       -42.093803847864287        0.0000000000000000     

 PASSED   1.0000000000000001E-005
 MU_R    =    325.00000000000000     
 ALPHA_S =   0.11799999999999999     
 BORN                    7.0225705005681356E-010
 SINGLE POLE (MadFKS)   -4.4309559554463989E-011
 DOUBLE POLE (MadFKS)   -7.0339127140509791E-011
 SINGLE POLE (MadLoop)  -4.4309559554464422E-011
 DOUBLE POLE (MadLoop)  -7.0339127140510075E-011
 FINITE PART (MadLoop)   4.1948808325607933E-010
   325.00000000000000        0.0000000000000000        0.0000000000000000        325.00000000000000        0.0000000000000000     
   325.00000000000000        0.0000000000000000        0.0000000000000000       -325.00000000000000        0.0000000000000000     
   100.48556314389432        81.972048076520196        57.861891943396500        5.4711237618008006        0.0000000000000000     
   185.18685964819619       -86.941064216481450        161.64264552374621       -24.638983082726760        0.0000000000000000     
   159.92019532386033        29.229568112231323       -60.387986344460323        145.16677417940835        0.0000000000000000     
   204.40738188404916       -24.260551972270058       -159.11655112268238       -125.99891485848242        0.0000000000000000     

 PASSED   1.0000000000000001E-005
 MU_R    =    325.00000000000000     
 ALPHA_S =   0.11799999999999999     
 BORN                    2.3948764710178360E-010
 SINGLE POLE (MadFKS)   -3.2931519311517292E-011
 DOUBLE POLE (MadFKS)   -2.3987444564224859E-011
 SINGLE POLE (MadLoop)  -3.2931519311517654E-011
 DOUBLE POLE (MadLoop)  -2.3987444564224905E-011
 FINITE PART (MadLoop)   4.3404295230133244E-011
   325.00000000000000        0.0000000000000000        0.0000000000000000        325.00000000000000        0.0000000000000000     
   325.00000000000000        0.0000000000000000        0.0000000000000000       -325.00000000000000        0.0000000000000000     
   49.370605853951844        33.544835927504799        5.9666406838774364       -35.729538255238417        0.0000000000000000     
   277.91522996758556       -169.45172441975225       -173.69209760958842       -135.47709535965669        0.0000000000000000     
   277.35364076033295        97.251991800412640        190.95609199449518        176.07629898442937        0.0000000000000000     
   45.360523418129652        38.654896691834807       -23.230635068784185       -4.8696653695342924        0.0000000000000000     

 PASSED   1.0000000000000001E-005
 MU_R    =    325.00000000000000     
 ALPHA_S =   0.11799999999999999     
 BORN                    1.1766162505152059E-010
 SINGLE POLE (MadFKS)   -4.9594642495270498E-012
 DOUBLE POLE (MadFKS)   -1.1785166134520603E-011
 SINGLE POLE (MadLoop)  -4.9594642495273139E-012
 DOUBLE POLE (MadLoop)  -1.1785166134520490E-011
 FINITE PART (MadLoop)   5.7473255981310425E-011
   325.00000000000000        0.0000000000000000        0.0000000000000000        325.00000000000000        0.0000000000000000     
   325.00000000000000        0.0000000000000000        0.0000000000000000       -325.00000000000000        0.0000000000000000     
   122.39671366126464       -23.193414328915381        92.091557827774750        77.215063450718546        0.0000000000000000     
   118.44912826302085        5.1812910006763380       -37.249641467541522       -112.32014254075487        0.0000000000000000     
   237.83302591187896        43.444538638022159       -179.63041748386749        149.69981092673908        0.0000000000000000     
   171.32113216383547       -25.432415309783114        124.78850112363426       -114.59473183670279        0.0000000000000000     

 PASSED   1.0000000000000001E-005
 MU_R    =    325.00000000000000     
 ALPHA_S =   0.11799999999999999     
 BORN                    1.7614407081820611E-011
 SINGLE POLE (MadFKS)   -2.2080802248963283E-012
 DOUBLE POLE (MadFKS)   -1.7642856260861187E-012
 SINGLE POLE (MadLoop)  -2.2080802248963800E-012
 DOUBLE POLE (MadLoop)  -1.7642856260861235E-012
 FINITE PART (MadLoop)   7.4341465231534734E-012
   325.00000000000000        0.0000000000000000        0.0000000000000000        325.00000000000000        0.0000000000000000     
   325.00000000000000        0.0000000000000000        0.0000000000000000       -325.00000000000000        0.0000000000000000     
   169.91642297731738        35.568623002509042       -136.56574762515660        94.637521262414950        0.0000000000000000     
   210.02786884918893       -156.08447149695013        22.929110077997205       -138.64919531638461        0.0000000000000000     
   96.625011859150661        72.756784527272728       -52.862474222589533        35.332733280897806        0.0000000000000000     
   173.43069631434312        47.759063967168373        166.49911176974894        8.6789407730717976        0.0000000000000000     

 PASSED   1.0000000000000001E-005
 MU_R    =    325.00000000000000     
 ALPHA_S =   0.11799999999999999     
 BORN                    1.9779628163481511E-011
 SINGLE POLE (MadFKS)   -5.9661929730550828E-012
 DOUBLE POLE (MadFKS)   -1.9811574409549575E-012
 SINGLE POLE (MadLoop)  -5.9661929730552210E-012
 DOUBLE POLE (MadLoop)  -1.9811574409549886E-012
 FINITE PART (MadLoop)  -1.3163398515898214E-011
   325.00000000000000        0.0000000000000000        0.0000000000000000        325.00000000000000        0.0000000000000000     
   325.00000000000000        0.0000000000000000        0.0000000000000000       -325.00000000000000        0.0000000000000000     
   289.04051573974198       -89.997309241641091        31.655284005631902        272.84216511177891        0.0000000000000000     
   137.30296717458396       -62.201599580959147        20.380545716584251       -120.69672390255303        0.0000000000000000     
   22.449097475312300        19.324066461738095        2.3498513127357481       -11.181262524707851        0.0000000000000000     
   201.20741961036185        132.87484236086217       -54.385681034951894       -140.96417868451800        0.0000000000000000     

 PASSED   1.0000000000000001E-005
 MU_R    =    325.00000000000000     
 ALPHA_S =   0.11799999999999999     
 BORN                    2.9559698908162079E-010
 SINGLE POLE (MadFKS)   -1.9813895035370809E-011
 DOUBLE POLE (MadFKS)   -2.9607441029864927E-011
 SINGLE POLE (MadLoop)  -1.9813895035371216E-011
 DOUBLE POLE (MadLoop)  -2.9607441029864934E-011
 FINITE PART (MadLoop)   1.6032828153567450E-010
   325.00000000000000        0.0000000000000000        0.0000000000000000        325.00000000000000        0.0000000000000000     
   325.00000000000000        0.0000000000000000        0.0000000000000000       -325.00000000000000        0.0000000000000000     
Thanks for using LHAPDF 6.2.1. Please make sure to cite the paper:
  Eur.Phys.J. C75 (2015) 3, 132  (http://arxiv.org/abs/1412.7420)
   81.642704995793139       -66.944134054899493       -5.9174932916014118        46.357280634368578        0.0000000000000000     
   214.06474209190134        50.779276056541789       -123.79720400848623       -167.09108656576211        0.0000000000000000     
   255.64950861926630        86.848268373335046        153.01234998344108        185.47579435163624        0.0000000000000000     
   98.643044293038997       -70.683410374977342       -23.297652683353419       -64.741988420242677        0.0000000000000000     

 PASSED   1.0000000000000001E-005
 MU_R    =    325.00000000000000     
 ALPHA_S =   0.11799999999999999     
 BORN                    4.6035105291667631E-010
 SINGLE POLE (MadFKS)   -5.1608100103574036E-011
 DOUBLE POLE (MadFKS)   -4.6109456982673228E-011
 SINGLE POLE (MadLoop)  -5.1608100103573991E-011
 DOUBLE POLE (MadLoop)  -4.6109456982673454E-011
 FINITE PART (MadLoop)   2.9520699341410494E-010
   325.00000000000000        0.0000000000000000        0.0000000000000000        325.00000000000000        0.0000000000000000     
   325.00000000000000        0.0000000000000000        0.0000000000000000       -325.00000000000000        0.0000000000000000     
   250.11696898928901       -1.7512378945897309        127.68761698874403       -215.06116295129002        0.0000000000000000     
   125.42910119420787        61.628951612442847       -87.819359598509024        64.977625604863263        0.0000000000000000     
   178.40213714567474        5.0193668161207308       -110.00894043241468        140.35726386563258        0.0000000000000000     
   96.051792670828348       -64.897080533973835        70.140683042179674        9.7262734807941644        0.0000000000000000     

 PASSED   1.0000000000000001E-005
 MU_R    =    325.00000000000000     
 ALPHA_S =   0.11799999999999999     
 BORN                    1.7742642397199027E-010
 SINGLE POLE (MadFKS)   -4.3204814357824669E-011
 DOUBLE POLE (MadFKS)   -1.7771298690190672E-011
 SINGLE POLE (MadLoop)  -4.3204814357824177E-011
 DOUBLE POLE (MadLoop)  -1.7771298690191122E-011
 FINITE PART (MadLoop)  -1.2907653586291402E-011
   325.00000000000000        0.0000000000000000        0.0000000000000000        325.00000000000000        0.0000000000000000     
   325.00000000000000        0.0000000000000000        0.0000000000000000       -325.00000000000000        0.0000000000000000     
   110.10509832957172       -67.622306520438912        63.308999890437917       -59.517450146095769        0.0000000000000000     
   223.06192858280824       -178.29771668108947        127.69180440116033        40.759677356029158        0.0000000000000000     
   122.08056157106721        109.54791801241157       -52.048334238752716        13.924369846573452        0.0000000000000000     
   194.75241151655246        136.37210518911678       -138.95247005284551        4.8334029434929198        0.0000000000000000     

 PASSED   1.0000000000000001E-005
 MU_R    =    325.00000000000000     
 ALPHA_S =   0.11799999999999999     
 BORN                    6.2120348484702659E-010
 SINGLE POLE (MadFKS)   -1.0407027122409237E-010
 DOUBLE POLE (MadFKS)   -6.2220679589115942E-011
 SINGLE POLE (MadLoop)  -1.0407027122408884E-010
 DOUBLE POLE (MadLoop)  -6.2220679589115154E-011
 FINITE PART (MadLoop)   3.9217192857550267E-010
   325.00000000000000        0.0000000000000000        0.0000000000000000        325.00000000000000        0.0000000000000000     
   325.00000000000000        0.0000000000000000        0.0000000000000000       -325.00000000000000        0.0000000000000000     
   185.10633970973984       -108.65959718190372        18.523780336442869        148.70883801257833        0.0000000000000000     
   121.48661991608088        16.661089915532745        67.685387443438074        99.499222248681491        0.0000000000000000     
   304.32065127292503        117.36436615395196       -114.84820709750747       -256.21583416125242        0.0000000000000000     
   39.086389101254021       -25.365858887580981        28.639039317626498        8.0077738999925732        0.0000000000000000     

 PASSED   1.0000000000000001E-005
 MU_R    =    325.00000000000000     
 ALPHA_S =   0.11799999999999999     
 BORN                    1.5447998421557429E-010
 SINGLE POLE (MadFKS)   -3.1914559881454987E-011
 DOUBLE POLE (MadFKS)   -1.5472948615502190E-011
 SINGLE POLE (MadLoop)  -3.1914559881463330E-011
 DOUBLE POLE (MadLoop)  -1.5472948615502239E-011
 FINITE PART (MadLoop)   9.7274657009660879E-012
   325.00000000000000        0.0000000000000000        0.0000000000000000        325.00000000000000        0.0000000000000000     
   325.00000000000000        0.0000000000000000        0.0000000000000000       -325.00000000000000        0.0000000000000000     
   263.25789990514363        105.53001508872717        224.54196751238632       -88.028646493661853        0.0000000000000000     
   95.931930711728782        14.676078611360984       -49.317767344178137       -80.964843425147194        0.0000000000000000     
   238.43776420877902       -136.95312535298129       -147.48047276289435        127.85115959804615        0.0000000000000000     
   52.372405174348629        16.747031652893138       -27.743727405313852        41.142330320762966        0.0000000000000000     

 PASSED   1.0000000000000001E-005
 MU_R    =    325.00000000000000     
 ALPHA_S =   0.11799999999999999     
 BORN                    6.1992283602224687E-011
 SINGLE POLE (MadFKS)   -1.5841798136980891E-011
 DOUBLE POLE (MadFKS)   -6.2092407867954525E-012
 SINGLE POLE (MadLoop)  -1.5841798136981088E-011
 DOUBLE POLE (MadLoop)  -6.2092407867954921E-012
 FINITE PART (MadLoop)  -5.1115222572901226E-012
   325.00000000000000        0.0000000000000000        0.0000000000000000        325.00000000000000        0.0000000000000000     
   325.00000000000000        0.0000000000000000        0.0000000000000000       -325.00000000000000        0.0000000000000000     
   242.17105397902569        32.178152405160297       -73.162584508832865       -228.60144820427178        0.0000000000000000     
   282.52240328907874       -136.91151997144340        107.19884467422780        222.67139861207292        0.0000000000000000     
   112.02228558083736        109.74110929124137       -21.732787961456594        5.7937315872306714        0.0000000000000000     
   13.284257151058400       -5.0077417249582368       -12.303472203938206       0.13631800496810786        0.0000000000000000     

 PASSED   1.0000000000000001E-005
 MU_R    =    325.00000000000000     
 ALPHA_S =   0.11799999999999999     
 BORN                    2.3960487569805725E-008
 SINGLE POLE (MadFKS)   -2.8770553056536800E-009
 DOUBLE POLE (MadFKS)   -2.3999186357542745E-009
 SINGLE POLE (MadLoop)  -2.8770553056536299E-009
 DOUBLE POLE (MadLoop)  -2.3999186357542389E-009
 FINITE PART (MadLoop)   1.4125080967371968E-008
   325.00000000000000        0.0000000000000000        0.0000000000000000        325.00000000000000        0.0000000000000000     
   325.00000000000000        0.0000000000000000        0.0000000000000000       -325.00000000000000        0.0000000000000000     
   65.867252825437035        55.125617557684890       -4.9071537723508349        35.715278600459065        0.0000000000000000     
   226.43648732903640        33.265082626824110       -95.575299180567910        202.56425957776551        0.0000000000000000     
   125.11392576207894       -71.992313166920439       -66.794335543650035       -77.518501041734254        0.0000000000000000     
   232.58233408344762       -16.398387017588469        167.27678849656883       -160.76103713649033        0.0000000000000000     

 NUMBER OF POINTS PASSING THE CHECK          20
 NUMBER OF POINTS FAILING THE CHECK           0
 TOLERANCE    1.0000000000000001E-005
