==== LHAPDF6 USING DEFAULT-TYPE LHAGLUE INTERFACE ====
LHAPDF 6.2.1 loading /cvmfs/cms.cern.ch/slc6_amd64_gcc481/external/lhapdf/6.2.1/share/LHAPDF/NNPDF31_nnlo_hessian_pdfas/NNPDF31_nnlo_hessian_pdfas_0000.dat
NNPDF31_nnlo_hessian_pdfas PDF set, member #0, version 1; LHAPDF ID = 306000
 A PDF is used, so alpha_s(MZ) is going to be modified
 Old value of alpha_s from param_card:   0.11799999999999999     
 New value of alpha_s from PDF lhapdf :  0.11800208008122040     
 using LHAPDF
 *****************************************************
 *               MadGraph/MadEvent                   *
 *        --------------------------------           *
 *          http://madgraph.hep.uiuc.edu             *
 *          http://madgraph.phys.ucl.ac.be           *
 *          http://madgraph.roma2.infn.it            *
 *        --------------------------------           *
 *                                                   *
 *          PARAMETER AND COUPLING VALUES            *
 *                                                   *
 *****************************************************

  External Params
  ---------------------------------
  
 MU_R =    91.188000000000002     
 aEWM1 =    132.50700000000001     
 mdl_Gf =    1.1663900000000000E-005
 aS =   0.11799999999999999     
 mdl_lamWS =   0.22530000000000000     
 mdl_AWS =   0.80800000000000005     
 mdl_rhoWS =   0.13200000000000001     
 mdl_etaWS =   0.34100000000000003     
 mdl_ymt =    173.00000000000000     
 mdl_ymtau =    1.7769999999999999     
 mdl_MT =    173.00000000000000     
 mdl_MZ =    91.188000000000002     
 mdl_MH =    125.00000000000000     
 mdl_MTA =    1.7769999999999999     
 mdl_WT =    1.4915000000000000     
 mdl_WZ =    2.4414039999999999     
 mdl_WW =    2.0476000000000001     
 mdl_WH =    6.3823389999999999E-003
  Internal Params
  ---------------------------------
  
 mdl_CKM33 =    1.0000000000000000     
 mdl_conjg__CKM3x3 =    1.0000000000000000     
 mdl_I4x33 =    0.0000000000000000     
 mdl_I1x33 =    0.0000000000000000     
 mdl_lhv =    1.0000000000000000     
 mdl_CKM3x3 =    1.0000000000000000     
 mdl_conjg__CKM33 =    1.0000000000000000     
 mdl_Ncol =    3.0000000000000000     
 mdl_CA =    3.0000000000000000     
 mdl_TF =   0.50000000000000000     
 mdl_CF =    1.3333333333333333     
 mdl_lamWS__exp__2 =    5.0760090000000001E-002
 mdl_CKM11 =  ( 0.97461995499999998     ,  0.0000000000000000     )
 mdl_CKM12 =  ( 0.22530000000000000     ,  0.0000000000000000     )
 mdl_complexi =  (  0.0000000000000000     ,  1.0000000000000000     )
 mdl_lamWS__exp__3 =    1.1436248277000001E-002
 mdl_CKM13 =  (  1.2197444962317122E-003, -3.1510066152652563E-003)
 mdl_CKM21 =  (-0.22530000000000000     ,  0.0000000000000000     )
 mdl_CKM22 =  ( 0.97461995499999998     ,  0.0000000000000000     )
 mdl_CKM23 =  (  4.1014152720000002E-002,  0.0000000000000000     )
 mdl_CKM31 =  (  8.0207441115842885E-003, -3.1510066152652563E-003)
 mdl_CKM32 =  ( -4.1014152720000002E-002,  0.0000000000000000     )
 mdl_MZ__exp__2 =    8315.2513440000002     
 mdl_MZ__exp__4 =    69143404.913893804     
 mdl_sqrt__2 =    1.4142135623730951     
 mdl_MH__exp__2 =    15625.000000000000     
 mdl_CKM1x1 =  ( 0.97461995499999998     ,  0.0000000000000000     )
 mdl_CKM1x2 =  ( 0.22530000000000000     ,  0.0000000000000000     )
 mdl_CKM1x3 =  (  1.2197444962317122E-003, -3.1510066152652563E-003)
 mdl_CKM2x1 =  (-0.22530000000000000     ,  0.0000000000000000     )
 mdl_CKM2x2 =  ( 0.97461995499999998     ,  0.0000000000000000     )
 mdl_CKM2x3 =  (  4.1014152720000002E-002,  0.0000000000000000     )
 mdl_CKM3x1 =  (  8.0207441115842885E-003, -3.1510066152652563E-003)
 mdl_CKM3x2 =  ( -4.1014152720000002E-002,  0.0000000000000000     )
 mdl_conjg__CKM1x3 =  (  1.2197444962317122E-003,  3.1510066152652563E-003)
 mdl_conjg__CKM2x3 =  (  4.1014152720000002E-002, -0.0000000000000000     )
 mdl_conjg__CKM2x1 =  (-0.22530000000000000     , -0.0000000000000000     )
 mdl_conjg__CKM3x1 =  (  8.0207441115842885E-003,  3.1510066152652563E-003)
 mdl_conjg__CKM2x2 =  ( 0.97461995499999998     , -0.0000000000000000     )
 mdl_conjg__CKM3x2 =  ( -4.1014152720000002E-002, -0.0000000000000000     )
 mdl_Ncol__exp__2 =    9.0000000000000000     
 mdl_MT__exp__2 =    29929.000000000000     
 mdl_conjg__CKM11 =  ( 0.97461995499999998     , -0.0000000000000000     )
 mdl_conjg__CKM12 =  ( 0.22530000000000000     , -0.0000000000000000     )
 mdl_conjg__CKM13 =  (  1.2197444962317122E-003,  3.1510066152652563E-003)
 mdl_conjg__CKM21 =  (-0.22530000000000000     , -0.0000000000000000     )
 mdl_conjg__CKM22 =  ( 0.97461995499999998     , -0.0000000000000000     )
 mdl_conjg__CKM23 =  (  4.1014152720000002E-002, -0.0000000000000000     )
 mdl_conjg__CKM31 =  (  8.0207441115842885E-003,  3.1510066152652563E-003)
 mdl_conjg__CKM32 =  ( -4.1014152720000002E-002, -0.0000000000000000     )
 mdl_aEW =    7.5467711139788835E-003
 mdl_MW =    80.419002445756163     
 mdl_sqrt__aEW =    8.6872153846781555E-002
 mdl_ee =   0.30795376724436879     
 mdl_MW__exp__2 =    6467.2159543705357     
 mdl_sw2 =   0.22224648578577766     
 mdl_cw =   0.88190334743339216     
 mdl_sqrt__sw2 =   0.47143025548407230     
 mdl_sw =   0.47143025548407230     
 mdl_g1 =   0.34919219678733299     
 mdl_gw =   0.65323293034757990     
 mdl_v =    246.21845810181637     
 mdl_v__exp__2 =    60623.529110035903     
 mdl_lam =   0.12886910601690263     
 mdl_yt =   0.99366614581500623     
 mdl_ytau =    1.0206617000654717E-002
 mdl_muH =    88.388347648318430     
 mdl_AxialZUp =  -0.18517701861793787     
 mdl_AxialZDown =   0.18517701861793787     
 mdl_VectorZUp =    7.5430507588273299E-002
 mdl_VectorZDown =  -0.13030376310310560     
 mdl_VectorAUp =   0.20530251149624587     
 mdl_VectorADown =  -0.10265125574812294     
 mdl_VectorWmDxU =   0.23095271737156670     
 mdl_AxialWmDxU =  -0.23095271737156670     
 mdl_VectorWpUxD =   0.23095271737156670     
 mdl_AxialWpUxD =  -0.23095271737156670     
 mdl_I2x13 =  (  7.9699418879263656E-003,  3.1310485988282153E-003)
 mdl_I2x23 =  ( -4.0754375057150453E-002, -0.0000000000000000     )
 mdl_I2x33 =  ( 0.99366614581500623     ,  0.0000000000000000     )
 mdl_I3x31 =  (  7.9699418879263656E-003, -3.1310485988282153E-003)
 mdl_I3x32 =  ( -4.0754375057150453E-002,  0.0000000000000000     )
 mdl_I3x33 =  ( 0.99366614581500623     ,  0.0000000000000000     )
 mdl_Vector_tdGp =  ( -7.9699418879263656E-003, -3.1310485988282153E-003)
 mdl_Vector_tsGp =  (  4.0754375057150453E-002,  0.0000000000000000     )
 mdl_Vector_tbGp =  (-0.99366614581500623     ,  0.0000000000000000     )
 mdl_Axial_tdGp =  ( -7.9699418879263656E-003, -3.1310485988282153E-003)
 mdl_Axial_tsGp =  (  4.0754375057150453E-002,  0.0000000000000000     )
 mdl_Axial_tbGp =  (-0.99366614581500623     , -0.0000000000000000     )
 mdl_Vector_tdGm =  (  7.9699418879263656E-003, -3.1310485988282153E-003)
 mdl_Vector_tsGm =  ( -4.0754375057150453E-002,  0.0000000000000000     )
 mdl_Vector_tbGm =  ( 0.99366614581500623     ,  0.0000000000000000     )
 mdl_Axial_tdGm =  ( -7.9699418879263656E-003,  3.1310485988282153E-003)
 mdl_Axial_tsGm =  (  4.0754375057150453E-002, -0.0000000000000000     )
 mdl_Axial_tbGm =  (-0.99366614581500623     ,  0.0000000000000000     )
 mdl_gw__exp__2 =   0.42671326129048615     
 mdl_cw__exp__2 =   0.77775351421422245     
 mdl_ee__exp__2 =    9.4835522759998875E-002
 mdl_sw__exp__2 =   0.22224648578577769     
 mdl_yt__exp__2 =   0.98737240933884918     
  Internal Params evaluated point by point
  ----------------------------------------
  
 mdl_sqrt__aS =   0.34351128074635334     
 mdl_G__exp__4 =    2.1987899468922913     
 mdl_G__exp__2 =    1.4828317324943823     
 mdl_R2MixedFactor_FIN_ =   -2.5040377713124864E-002
 mdl_G_UVg_1EPS_ =   -5.1645779033320030E-002
 mdl_G_UVq_1EPS_ =    3.1300472141406080E-003
 mdl_G_UVb_1EPS_ =    3.1300472141406080E-003
 mdl_GWcft_UV_t_1EPS_ =   -3.1300472141406080E-003
 mdl_tWcft_UV_1EPS_ =   -1.8780283284843650E-002
 mdl_G__exp__3 =    1.8056676068262196     
 mdl_MU_R__exp__2 =    8315.2513440000002     
 mdl_G_UVt_FIN_ =   -4.0087659331150384E-003
 mdl_GWcft_UV_t_FIN_ =    4.0087659331150384E-003
 mdl_tWcft_UV_FIN_ =   -9.8778211443463623E-004
  Couplings of loop_sm-ckm_no_b_mass
  ---------------------------------
  
       UV_3Gt =   0.48815E-02   0.00000E+00
      UV_GQQt =   0.00000E+00  -0.48815E-02
   UVWfct_G_2 =   0.40088E-02   0.00000E+00
       R2_DDA =   0.00000E+00   0.25704E-02
       R2_UUA =  -0.00000E+00  -0.51409E-02
    R2_DDZ_V2 =   0.00000E+00   0.72127E-02
    R2_UUZ_V2 =  -0.00000E+00  -0.72127E-02
    R2_UUZ_V5 =   0.00000E+00   0.68702E-03
      R2_GGHt =   0.00000E+00  -0.45657E+01
     R2_GGZup =  -0.46369E-02   0.00000E+00
   R2_GGZdown =   0.46369E-02   0.00000E+00
 R2_GGGZvecUp =   0.00000E+00   0.28750E-03
 R2_GGGZvecDown  -0.00000E+00  -0.49665E-03
 R2_GGGZaxialUp  -0.00000E+00  -0.63522E-02
 R2_GGGZaxialDow  0.00000E+00   0.63522E-02
 R2_GGGAvecUp =   0.00000E+00   0.78251E-03
 R2_GGGAvecDown  -0.00000E+00  -0.39126E-03
         GC_4 =  -0.12177E+01   0.00000E+00
         GC_5 =   0.00000E+00   0.12177E+01
         GC_6 =   0.00000E+00   0.14828E+01
       R2_3Gq =   0.76230E-02   0.00000E+00
       R2_3Gg =   0.31445E-01   0.00000E+00
       R2_GQQ =  -0.00000E+00  -0.30492E-01
       R2_GGq =   0.00000E+00   0.62601E-02
       R2_GGt =  -0.00000E+00  -0.11242E+04
     R2_GGg_1 =   0.00000E+00   0.28170E-01
     R2_GGg_2 =  -0.00000E+00  -0.18780E-01
       R2_QQq =   0.00000E+00   0.12520E-01
  UV_3Gg_1eps =   0.62890E-01   0.00000E+00
  UV_3Gb_1eps =  -0.38115E-02   0.00000E+00
 UV_GQQg_1eps =   0.00000E+00  -0.62890E-01
 UV_GQQq_1eps =   0.00000E+00   0.38115E-02
 UVWfct_G_2_1eps -0.31300E-02   0.00000E+00
         GC_1 =  -0.00000E+00  -0.10265E+00
         GC_2 =   0.00000E+00   0.20530E+00
        GC_21 =  -0.00000E+00  -0.28804E+00
        GC_22 =   0.00000E+00   0.28804E+00
        GC_23 =  -0.00000E+00  -0.27437E-01
        GC_24 =   0.00000E+00   0.82310E-01
        GC_37 =  -0.00000E+00  -0.70263E+00
        GC_38 =  -0.00000E+00  -0.72172E-02
      GC_1003 =  -0.00000E+00  -0.30795E+00

 Collider parameters:
 --------------------

 Running at P P   machine @    13000.000000000000       GeV
 PDF set = lhapdf 
 alpha_s(Mz)= 0.1180 running at 3 loops.
 alpha_s(Mz)= 0.1180 running at 3 loops.
 Renormalization scale set on event-by-event basis
 Factorization   scale set on event-by-event basis


 ===============================================================
 INFO: MadFKS read these parameters from FKS_params.dat
 ===============================================================
  > IRPoleCheckThreshold      =    1.0000000000000001E-005
  > PrecisionVirtualAtRunTime =    1.0000000000000000E-003
  > NHelForMCoverHels         =            4
  > VirtualFraction           =    1.0000000000000000     
  > MinVirtualFraction        =    5.0000000000000001E-003
 ===============================================================
  Insert the number of points to test
 Insert the relative tolerance
  A negative number will mean use the default one:    1.0000000000000001E-005
Using random seed offsets:     0 ,      9 ,      0
  with seed                   32
 Ranmar initialization seeds       10729        9415
  ========================================================================================== 
 {                                                                                          }
 {       [32m                                                                            [0m       }
 {       [32m                               ,,                                           [0m       }
 {       [32m`7MMM.     ,MMF'             `7MM  `7MMF'                                   [0m       }
 {       [32m  MMMb    dPMM                 MM    MM                                     [0m       }
 {       [32m  M YM   ,M MM   ,6"Yb.   ,M""bMM    MM         ,pW"Wq.   ,pW"Wq.`7MMpdMAo. [0m       }
 {       [32m  M  Mb  M' MM  8)   MM ,AP    MM    MM        6W'   `Wb 6W'   `Wb MM   `Wb [0m       }
 {       [32m  M  YM.P'  MM   ,pm9MM 8MI    MM    MM      , 8M     M8 8M     M8 MM    M8 [0m       }
 {       [32m  M  `YM'   MM  8M   MM `Mb    MM    MM     ,M YA.   ,A9 YA.   ,A9 MM   ,AP [0m       }
 {       [32m.JML. `'  .JMML.`Moo9^Yo.`Wbmd"MML..JMMmmmmMMM  `Ybmd9'   `Ybmd9'  MMbmmd'  [0m       }
 {       [32m                                                                   MM       [0m       }
 {       [32m                                                                 .JMML.     [0m       }
 {       [32m[0mv2.4.2 (2016-06-10), Ref: arXiv:1103.0621v2, arXiv:1405.0301[32m                [0m       }
 {       [32m                                                                            [0m       }
 {                                                                                          }
  ========================================================================================== 
 ===============================================================
 INFO: MadLoop read these parameters from ./MadLoop5_resources/MadLoopParams.dat                                                                                                                                                                                                                                                                                                                                                                                                                                                                                          
 ===============================================================
  > MLReductionLib            = 6|1|2
  > IREGIMODE                 =            2
  > IREGIRECY                 =  T
  > CTModeRun                 =           -1
  > MLStabThres               =    1.0000000000000000E-003
  > NRotations_DP             =            1
  > NRotations_QP             =            0
  > CTStabThres               =    1.0000000000000000E-002
  > CTLoopLibrary             =            2
  > CTModeInit                =            1
  > CheckCycle                =            3
  > MaxAttempts               =           10
  > UseLoopFilter             =  F
  > HelicityFilterLevel       =            2
  > ImprovePSPoint            =            2
  > DoubleCheckHelicityFilter =  T
  > LoopInitStartOver         =  F
  > HelInitStartOver          =  F
  > ZeroThres                 =    1.0000000000000001E-009
  > OSThres                   =    1.0000000000000000E-008
  > WriteOutFilters           =  T
  > UseQPIntegrandForNinja    =  F
  > UseQPIntegrandForCutTools =  T
 ===============================================================
  
------------------------------------------------------------------------
|              You are using CutTools - Version 1.9.3                  |
|              Authors: G. Ossola, C. Papadopoulos, R. Pittau          |
|              Published in JHEP 0803:042,2008                         |
|              http://www.ugr.es/~pittau/CutTools                      |
|                                                                      |
|              Compiler with  34  significant digits detetected        |
 ---------------------------------------------------------------------- 
   
########################################################################
#                                                                      #
#                      You are using OneLOop-3.6                       #
#                                                                      #
# for the evaluation of 1-loop scalar 1-, 2-, 3- and 4-point functions #
#                                                                      #
# author: Andreas van Hameren <hamerenREMOVETHIS@ifj.edu.pl>           #
#   date: 18-02-2015                                                   #
#                                                                      #
# Please cite                                                          #
#    A. van Hameren,                                                   #
#      Comput.Phys.Commun. 182 (2011) 2427-2438, arXiv:1007.4716       #
#    A. van Hameren, C.G. Papadopoulos and R. Pittau,                  #
#      JHEP 0909:106,2009, arXiv:0903.4665                             #
# in publications with results obtained with the help of this program. #
#                                                                      #
########################################################################
 PASSED   1.0000000000000001E-005
 MU_R    =    325.00000000000000     
 ALPHA_S =   0.11799999999999999     
 BORN                    6.4126186107581010E-006
 SINGLE POLE (MadFKS)   -1.0245547914467111E-006
 DOUBLE POLE (MadFKS)   -6.8244116661028677E-007
 SINGLE POLE (MadLoop)  -1.0245547914467175E-006
 DOUBLE POLE (MadLoop)  -6.8244116661029302E-007
 FINITE PART (MadLoop)   6.7997932439708133E-007
   325.00000000000000        0.0000000000000000        0.0000000000000000        325.00000000000000        0.0000000000000000     
   325.00000000000000        0.0000000000000000        0.0000000000000000       -325.00000000000000        0.0000000000000000     
   84.693287310670456        45.998691481368468       -59.274970591798635       -39.288053640146906        0.0000000000000000     
   257.63743364121200        100.83118610427238        53.296989705396015       -231.01850577470714        0.0000000000000000     
   307.66927904811769       -146.82987758564087        5.9779808864026442        270.30655941485401        0.0000000000000000     

 PASSED   1.0000000000000001E-005
 MU_R    =    325.00000000000000     
 ALPHA_S =   0.11799999999999999     
 BORN                    9.4243887603889963E-008
 SINGLE POLE (MadFKS)   -5.2862538293464309E-009
 DOUBLE POLE (MadFKS)   -1.0029585806707437E-008
 SINGLE POLE (MadLoop)  -5.2862538293463523E-009
 DOUBLE POLE (MadLoop)  -1.0029585806707422E-008
 FINITE PART (MadLoop)   9.3621429976587751E-009
   325.00000000000000        0.0000000000000000        0.0000000000000000        325.00000000000000        0.0000000000000000     
   325.00000000000000        0.0000000000000000        0.0000000000000000       -325.00000000000000        0.0000000000000000     
   125.84313684543523        105.68715412435060        59.361609347911397       -33.807098068610678        0.0000000000000000     
   309.78977770913275       -308.07553057113392        11.218734390477241        30.550185516034592        0.0000000000000000     
   214.36708544543191        202.38837644678335       -70.580343738388621        3.2569125525760936        0.0000000000000000     

 PASSED   1.0000000000000001E-005
 MU_R    =    325.00000000000000     
 ALPHA_S =   0.11799999999999999     
 BORN                    1.2201149301642481E-006
 SINGLE POLE (MadFKS)   -1.0792954340990077E-007
 DOUBLE POLE (MadFKS)   -1.2984658949512689E-007
 SINGLE POLE (MadLoop)  -1.0792954340989676E-007
 DOUBLE POLE (MadLoop)  -1.2984658949512287E-007
 FINITE PART (MadLoop)   1.2320849053277820E-007
   325.00000000000000        0.0000000000000000        0.0000000000000000        325.00000000000000        0.0000000000000000     
   325.00000000000000        0.0000000000000000        0.0000000000000000       -325.00000000000000        0.0000000000000000     
   78.522408101890903        61.693902242857781        37.124527271890898       -31.327311965874912        0.0000000000000000     
   270.46531251366065       -103.99434049087378        206.63338937632525       -140.14030403075537        0.0000000000000000     
   301.01227938444703        42.300438248015631       -243.75791664821602        171.46761599662972        0.0000000000000000     

 PASSED   1.0000000000000001E-005
 MU_R    =    325.00000000000000     
 ALPHA_S =   0.11799999999999999     
 BORN                    1.9496691977953996E-007
 SINGLE POLE (MadFKS)   -9.1787887956467630E-009
 DOUBLE POLE (MadFKS)   -2.0748692579587830E-008
 SINGLE POLE (MadLoop)  -9.1787887956465926E-009
 DOUBLE POLE (MadLoop)  -2.0748692579587810E-008
 FINITE PART (MadLoop)   2.5200900107818608E-008
   325.00000000000000        0.0000000000000000        0.0000000000000000        325.00000000000000        0.0000000000000000     
   325.00000000000000        0.0000000000000000        0.0000000000000000       -325.00000000000000        0.0000000000000000     
   185.63685382037715        100.69399841322836       -150.13145190739044        42.217381823885383        0.0000000000000000     
   176.54157064435589        158.70361780847779        28.951816329942275       -71.706904767072544        0.0000000000000000     
   287.82157553526702       -259.39761622170619        121.17963557744815        29.489522943187186        0.0000000000000000     

 PASSED   1.0000000000000001E-005
 MU_R    =    325.00000000000000     
 ALPHA_S =   0.11799999999999999     
 BORN                    2.0642946734460628E-007
 SINGLE POLE (MadFKS)   -5.3766462031574415E-009
 DOUBLE POLE (MadFKS)   -2.1968555292069490E-008
 SINGLE POLE (MadLoop)  -5.3766462031573572E-009
 DOUBLE POLE (MadLoop)  -2.1968555292069560E-008
 FINITE PART (MadLoop)   1.6156355168771728E-008
   325.00000000000000        0.0000000000000000        0.0000000000000000        325.00000000000000        0.0000000000000000     
   325.00000000000000        0.0000000000000000        0.0000000000000000       -325.00000000000000        0.0000000000000000     
   57.671617214929633        22.011033922289386       -51.228352979304297       -14.737220527799707        0.0000000000000000     
   321.18970046188559        25.957869600681267        304.87431384934996        97.676330006188181        0.0000000000000000     
   271.13868232318481       -47.968903522970756       -253.64596087004566       -82.939109478388559        0.0000000000000000     

 PASSED   1.0000000000000001E-005
 MU_R    =    325.00000000000000     
 ALPHA_S =   0.11799999999999999     
 BORN                    3.6689612818188585E-008
 SINGLE POLE (MadFKS)   -1.2483209708790451E-009
 DOUBLE POLE (MadFKS)   -3.9045674932419364E-009
 SINGLE POLE (MadLoop)  -1.2483209708789560E-009
 DOUBLE POLE (MadLoop)  -3.9045674932419298E-009
 FINITE PART (MadLoop)   4.7095987751694310E-009
   325.00000000000000        0.0000000000000000        0.0000000000000000        325.00000000000000        0.0000000000000000     
   325.00000000000000        0.0000000000000000        0.0000000000000000       -325.00000000000000        0.0000000000000000     
   166.07288296976461       -87.803822301905157       -9.5154658144007076       -140.64191109836204        0.0000000000000000     
   322.38693720638668        197.77980691151029        61.010997834398744        247.17229497379273        0.0000000000000000     
   161.54017982384866       -109.97598460960508       -51.495532019997981       -106.53038387543069        0.0000000000000000     

 PASSED   1.0000000000000001E-005
 MU_R    =    325.00000000000000     
 ALPHA_S =   0.11799999999999999     
 BORN                    6.9141875306592292E-008
 SINGLE POLE (MadFKS)   -2.7105381977022853E-009
 DOUBLE POLE (MadFKS)   -7.3581893622511218E-009
 SINGLE POLE (MadLoop)  -2.7105381977022489E-009
 DOUBLE POLE (MadLoop)  -7.3581893622511127E-009
 FINITE PART (MadLoop)   7.9811388607228457E-009
   325.00000000000000        0.0000000000000000        0.0000000000000000        325.00000000000000        0.0000000000000000     
   325.00000000000000        0.0000000000000000        0.0000000000000000       -325.00000000000000        0.0000000000000000     
   283.42017293979296       -131.60795240836921        149.65360115219988        201.51957958043894        0.0000000000000000     
   222.87391149774189        34.722951467246354       -193.55859002473679       -104.89122601696688        0.0000000000000000     
   143.70591556246498        96.885000941122868        43.904988872536862       -96.628353563472018        0.0000000000000000     

 PASSED   1.0000000000000001E-005
 MU_R    =    325.00000000000000     
 ALPHA_S =   0.11799999999999999     
 BORN                    5.1625755811542697E-008
 SINGLE POLE (MadFKS)   -2.3155696081757783E-009
 DOUBLE POLE (MadFKS)   -5.4940958072979658E-009
 SINGLE POLE (MadLoop)  -2.3155696081758333E-009
 DOUBLE POLE (MadLoop)  -5.4940958072979724E-009
 FINITE PART (MadLoop)   5.1989897316963724E-009
   325.00000000000000        0.0000000000000000        0.0000000000000000        325.00000000000000        0.0000000000000000     
   325.00000000000000        0.0000000000000000        0.0000000000000000       -325.00000000000000        0.0000000000000000     
   220.01042610597662       -55.005086208294536        205.74077668896260        55.224640279262189        0.0000000000000000     
   227.78393467129300        210.91719540702837       -85.540906874607984       -9.0670186411479659        0.0000000000000000     
   202.20563922273041       -155.91210919873387       -120.19986981435459       -46.157621638114229        0.0000000000000000     

 PASSED   1.0000000000000001E-005
 MU_R    =    325.00000000000000     
 ALPHA_S =   0.11799999999999999     
 BORN                    6.4453703110586819E-008
 SINGLE POLE (MadFKS)   -1.0372730248585738E-009
 DOUBLE POLE (MadFKS)   -6.8592665513194964E-009
 SINGLE POLE (MadLoop)  -1.0372730248585780E-009
 DOUBLE POLE (MadLoop)  -6.8592665513194955E-009
 FINITE PART (MadLoop)   5.0311233586401076E-009
   325.00000000000000        0.0000000000000000        0.0000000000000000        325.00000000000000        0.0000000000000000     
   325.00000000000000        0.0000000000000000        0.0000000000000000       -325.00000000000000        0.0000000000000000     
   219.04474012939500       -73.796629460253115       -55.469395888272075        198.63987962755743        0.0000000000000000     
   225.33568252496613        199.59081017508410        96.153827983261323       -41.159685091254595        0.0000000000000000     
   205.61957734563870       -125.79418071483096       -40.684432094989283       -157.48019453630269        0.0000000000000000     

 PASSED   1.0000000000000001E-005
 MU_R    =    325.00000000000000     
 ALPHA_S =   0.11799999999999999     
 BORN                    6.4133494649438519E-008
 SINGLE POLE (MadFKS)   -2.2728911623529978E-009
 DOUBLE POLE (MadFKS)   -6.8251894528596055E-009
 SINGLE POLE (MadLoop)  -2.2728911623528848E-009
 DOUBLE POLE (MadLoop)  -6.8251894528596013E-009
 FINITE PART (MadLoop)   6.2856901806667506E-009
   325.00000000000000        0.0000000000000000        0.0000000000000000        325.00000000000000        0.0000000000000000     
   325.00000000000000        0.0000000000000000        0.0000000000000000       -325.00000000000000        0.0000000000000000     
   141.79181938136537        36.971565733296870       -22.066174547609315       -135.09665914278077        0.0000000000000000     
   286.67622163705073       -76.891758229549296       -183.99821763515115        205.95040537845887        0.0000000000000000     
   221.53195898158401        39.920192496252412        206.06439218276043       -70.853746235678116        0.0000000000000000     

 PASSED   1.0000000000000001E-005
 MU_R    =    325.00000000000000     
 ALPHA_S =   0.11799999999999999     
 BORN                    5.7442665910914670E-005
 SINGLE POLE (MadFKS)   -2.2212088283304858E-006
 DOUBLE POLE (MadFKS)   -6.1131407178471161E-006
 SINGLE POLE (MadLoop)  -2.2212088283286635E-006
 DOUBLE POLE (MadLoop)  -6.1131407178422609E-006
 FINITE PART (MadLoop)   5.7508261333689344E-006
   325.00000000000000        0.0000000000000000        0.0000000000000000        325.00000000000000        0.0000000000000000     
   325.00000000000000        0.0000000000000000        0.0000000000000000       -325.00000000000000        0.0000000000000000     
   19.262647733344565        11.002828500602163       -15.783113549817955      -0.93845050951777320        0.0000000000000000     
   305.85839131954651        131.66206504154096       -275.26697097617381       -21.036892811920200        0.0000000000000000     
   324.87896094710885       -142.66489354214312        291.05008452599179        21.975343321437951        0.0000000000000000     

 PASSED   1.0000000000000001E-005
 MU_R    =    325.00000000000000     
 ALPHA_S =   0.11799999999999999     
 BORN                    2.4915137597083622E-007
 SINGLE POLE (MadFKS)   -8.6664499269556812E-009
 DOUBLE POLE (MadFKS)   -2.6515089388731714E-008
 SINGLE POLE (MadLoop)  -8.6664499269554132E-009
 DOUBLE POLE (MadLoop)  -2.6515089388731737E-008
 FINITE PART (MadLoop)   2.2565143183997757E-008
   325.00000000000000        0.0000000000000000        0.0000000000000000        325.00000000000000        0.0000000000000000     
   325.00000000000000        0.0000000000000000        0.0000000000000000       -325.00000000000000        0.0000000000000000     
   91.744432464795167        21.681859655313765       -26.153680854020863        85.222783502773822        0.0000000000000000     
   276.90808250864109        236.09445456990181        134.37653166936906       -53.669753273738252        0.0000000000000000     
   281.34748502656407       -257.77631422521563       -108.22285081534818       -31.553030229035482        0.0000000000000000     

 PASSED   1.0000000000000001E-005
 MU_R    =    325.00000000000000     
 ALPHA_S =   0.11799999999999999     
 BORN                    9.0812563721293100E-008
 SINGLE POLE (MadFKS)   -8.9036187934773739E-009
 DOUBLE POLE (MadFKS)   -9.6644188108831963E-009
 SINGLE POLE (MadLoop)  -8.9036187934773094E-009
 DOUBLE POLE (MadLoop)  -9.6644188108831980E-009
 FINITE PART (MadLoop)   8.0834298597420361E-009
   325.00000000000000        0.0000000000000000        0.0000000000000000        325.00000000000000        0.0000000000000000     
   325.00000000000000        0.0000000000000000        0.0000000000000000       -325.00000000000000        0.0000000000000000     
   190.56119808098117        42.477169874580781        185.73518299326605        3.4208262105684235        0.0000000000000000     
   286.64380841139047        96.695110618923366       -259.30445788369434       -74.672127361040708        0.0000000000000000     
   172.79499350762828       -139.17228049350416        73.569274890428403        71.251301150472273        0.0000000000000000     

 PASSED   1.0000000000000001E-005
 MU_R    =    325.00000000000000     
 ALPHA_S =   0.11799999999999999     
 BORN                    8.4701899296223016E-008
 SINGLE POLE (MadFKS)   -4.7723553299313332E-009
 DOUBLE POLE (MadFKS)   -9.0141120934350793E-009
 SINGLE POLE (MadLoop)  -4.7723553299309758E-009
 DOUBLE POLE (MadLoop)  -9.0141120934350875E-009
 FINITE PART (MadLoop)   1.0353819199966267E-008
   325.00000000000000        0.0000000000000000        0.0000000000000000        325.00000000000000        0.0000000000000000     
   325.00000000000000        0.0000000000000000        0.0000000000000000       -325.00000000000000        0.0000000000000000     
   255.28028607565426        128.65209473097156        218.37331271586160       -30.491954245365079        0.0000000000000000     
   127.54900673676062        96.028680018691418       -82.067422140779243       -17.668615015589424        0.0000000000000000     
   267.17070718758498       -224.68077474966293       -136.30589057508234        48.160569260954475        0.0000000000000000     

 PASSED   1.0000000000000001E-005
 MU_R    =    325.00000000000000     
 ALPHA_S =   0.11799999999999999     
 BORN                    4.4056013701638727E-007
 SINGLE POLE (MadFKS)   -3.1141375708356287E-008
 DOUBLE POLE (MadFKS)   -4.6885117004004613E-008
 SINGLE POLE (MadLoop)  -3.1141375708356036E-008
 DOUBLE POLE (MadLoop)  -4.6885117004004401E-008
 FINITE PART (MadLoop)   3.3721622765075344E-008
   325.00000000000000        0.0000000000000000        0.0000000000000000        325.00000000000000        0.0000000000000000     
   325.00000000000000        0.0000000000000000        0.0000000000000000       -325.00000000000000        0.0000000000000000     
   152.91518854575619       -56.760393141143496       -138.10763458124870       -32.978689010014939        0.0000000000000000     
   198.43972347153937       -176.69938877909959       -1.4943087082674722       -90.296272891177722        0.0000000000000000     
   298.64508798270424        233.45978192024307        139.60194328951619        123.27496190119267        0.0000000000000000     

 PASSED   1.0000000000000001E-005
 MU_R    =    325.00000000000000     
 ALPHA_S =   0.11799999999999999     
 BORN                    1.0721133183758510E-007
 SINGLE POLE (MadFKS)    1.2320116308655246E-009
 DOUBLE POLE (MadFKS)   -1.1409602038446278E-008
 SINGLE POLE (MadLoop)   1.2320116308663933E-009
 DOUBLE POLE (MadLoop)  -1.1409602038446336E-008
Thanks for using LHAPDF 6.2.1. Please make sure to cite the paper:
  Eur.Phys.J. C75 (2015) 3, 132  (http://arxiv.org/abs/1412.7420)
 FINITE PART (MadLoop)   6.7639011265583476E-009
   325.00000000000000        0.0000000000000000        0.0000000000000000        325.00000000000000        0.0000000000000000     
   325.00000000000000        0.0000000000000000        0.0000000000000000       -325.00000000000000        0.0000000000000000     
   245.67119553814095        141.40591377364416       -110.70790346712830        167.63789540820767        0.0000000000000000     
   128.01551047476647       -87.326558129426900        26.276842605228445        89.841920672272536        0.0000000000000000     
   276.31329398709266       -54.079355644217259        84.431060861899851       -257.47981608048019        0.0000000000000000     

 PASSED   1.0000000000000001E-005
 MU_R    =    325.00000000000000     
 ALPHA_S =   0.11799999999999999     
 BORN                    8.2280368631019817E-008
 SINGLE POLE (MadFKS)   -6.0642212986649462E-009
 DOUBLE POLE (MadFKS)   -8.7564089128075191E-009
 SINGLE POLE (MadLoop)  -6.0642212986649238E-009
 DOUBLE POLE (MadLoop)  -8.7564089128075241E-009
 FINITE PART (MadLoop)   9.4217019210610334E-009
   325.00000000000000        0.0000000000000000        0.0000000000000000        325.00000000000000        0.0000000000000000     
   325.00000000000000        0.0000000000000000        0.0000000000000000       -325.00000000000000        0.0000000000000000     
   173.35163215856113        127.88247861567663       -61.203762669392006       -99.754495990190080        0.0000000000000000     
   252.78596247880168       -24.691880317743216        249.09689907322576        35.239023039970562        0.0000000000000000     
   223.86240536263708       -103.19059829793341       -187.89313640383375        64.515472950219518        0.0000000000000000     

 PASSED   1.0000000000000001E-005
 MU_R    =    325.00000000000000     
 ALPHA_S =   0.11799999999999999     
 BORN                    1.5709678419152016E-007
 SINGLE POLE (MadFKS)   -1.7036378050200277E-008
 DOUBLE POLE (MadFKS)   -1.6718491958109945E-008
 SINGLE POLE (MadLoop)  -1.7036378050199635E-008
 DOUBLE POLE (MadLoop)  -1.6718491958109895E-008
 FINITE PART (MadLoop)   2.6340397159309176E-008
   325.00000000000000        0.0000000000000000        0.0000000000000000        325.00000000000000        0.0000000000000000     
   325.00000000000000        0.0000000000000000        0.0000000000000000       -325.00000000000000        0.0000000000000000     
   232.25026660859143       -111.69080365800880        201.54960409990017        29.036318726096241        0.0000000000000000     
   190.79781490569485       -26.744643466114361       -87.008899542516602       -167.68417223774728        0.0000000000000000     
   226.95191848571343        138.43544712412324       -114.54070455738348        138.64785351165088        0.0000000000000000     

 PASSED   1.0000000000000001E-005
 MU_R    =    325.00000000000000     
 ALPHA_S =   0.11799999999999999     
 BORN                    6.3861219648174273E-008
 SINGLE POLE (MadFKS)   -6.1421230248705574E-009
 DOUBLE POLE (MadFKS)   -6.7962135101472383E-009
 SINGLE POLE (MadLoop)  -6.1421230248706112E-009
 DOUBLE POLE (MadLoop)  -6.7962135101472433E-009
 FINITE PART (MadLoop)   1.1431454544034517E-008
   325.00000000000000        0.0000000000000000        0.0000000000000000        325.00000000000000        0.0000000000000000     
   325.00000000000000        0.0000000000000000        0.0000000000000000       -325.00000000000000        0.0000000000000000     
   265.29418320414453        150.90091529770899       -200.62325714331845       -85.791760079122966        0.0000000000000000     
   162.27816044970982        35.005807759061184        155.98634060802146       -27.875730049556068        0.0000000000000000     
   222.42765634614562       -185.90672305677018        44.636916535296997        113.66749012867903        0.0000000000000000     

 PASSED   1.0000000000000001E-005
 MU_R    =    325.00000000000000     
 ALPHA_S =   0.11799999999999999     
 BORN                    1.1500998421791015E-007
 SINGLE POLE (MadFKS)   -2.1816486166575719E-009
 DOUBLE POLE (MadFKS)   -1.2239547143787249E-008
 SINGLE POLE (MadLoop)  -2.1816486166575686E-009
 DOUBLE POLE (MadLoop)  -1.2239547143787230E-008
 FINITE PART (MadLoop)   1.2589968456891529E-008
   325.00000000000000        0.0000000000000000        0.0000000000000000        325.00000000000000        0.0000000000000000     
   325.00000000000000        0.0000000000000000        0.0000000000000000       -325.00000000000000        0.0000000000000000     
   224.19828845745423        139.42989609445061       -137.28458243737029        109.44002945604255        0.0000000000000000     
   148.37072425862564       -98.287443216082892       -110.88993279203501        7.5414274810789879        0.0000000000000000     
   277.43098728392027       -41.142452878367678        248.17451522940539       -116.98145693712148        0.0000000000000000     

 NUMBER OF POINTS PASSING THE CHECK          20
 NUMBER OF POINTS FAILING THE CHECK           0
 TOLERANCE    1.0000000000000001E-005
