==== LHAPDF6 USING DEFAULT-TYPE LHAGLUE INTERFACE ====
LHAPDF 6.2.1 loading /cvmfs/cms.cern.ch/slc6_amd64_gcc481/external/lhapdf/6.2.1/share/LHAPDF/NNPDF31_nnlo_hessian_pdfas/NNPDF31_nnlo_hessian_pdfas_0000.dat
NNPDF31_nnlo_hessian_pdfas PDF set, member #0, version 1; LHAPDF ID = 306000
 A PDF is used, so alpha_s(MZ) is going to be modified
 Old value of alpha_s from param_card:   0.11799999999999999     
 New value of alpha_s from PDF lhapdf :  0.11800208008122040     
 using LHAPDF
 *****************************************************
 *               MadGraph/MadEvent                   *
 *        --------------------------------           *
 *          http://madgraph.hep.uiuc.edu             *
 *          http://madgraph.phys.ucl.ac.be           *
 *          http://madgraph.roma2.infn.it            *
 *        --------------------------------           *
 *                                                   *
 *          PARAMETER AND COUPLING VALUES            *
 *                                                   *
 *****************************************************

  External Params
  ---------------------------------
  
 MU_R =    91.188000000000002     
 aEWM1 =    132.50700000000001     
 mdl_Gf =    1.1663900000000000E-005
 aS =   0.11799999999999999     
 mdl_lamWS =   0.22530000000000000     
 mdl_AWS =   0.80800000000000005     
 mdl_rhoWS =   0.13200000000000001     
 mdl_etaWS =   0.34100000000000003     
 mdl_ymt =    173.00000000000000     
 mdl_ymtau =    1.7769999999999999     
 mdl_MT =    173.00000000000000     
 mdl_MZ =    91.188000000000002     
 mdl_MH =    125.00000000000000     
 mdl_MTA =    1.7769999999999999     
 mdl_WT =    1.4915000000000000     
 mdl_WZ =    2.4414039999999999     
 mdl_WW =    2.0476000000000001     
 mdl_WH =    6.3823389999999999E-003
  Internal Params
  ---------------------------------
  
 mdl_CKM33 =    1.0000000000000000     
 mdl_conjg__CKM3x3 =    1.0000000000000000     
 mdl_I4x33 =    0.0000000000000000     
 mdl_I1x33 =    0.0000000000000000     
 mdl_lhv =    1.0000000000000000     
 mdl_CKM3x3 =    1.0000000000000000     
 mdl_conjg__CKM33 =    1.0000000000000000     
 mdl_Ncol =    3.0000000000000000     
 mdl_CA =    3.0000000000000000     
 mdl_TF =   0.50000000000000000     
 mdl_CF =    1.3333333333333333     
 mdl_lamWS__exp__2 =    5.0760090000000001E-002
 mdl_CKM11 =  ( 0.97461995499999998     ,  0.0000000000000000     )
 mdl_CKM12 =  ( 0.22530000000000000     ,  0.0000000000000000     )
 mdl_complexi =  (  0.0000000000000000     ,  1.0000000000000000     )
 mdl_lamWS__exp__3 =    1.1436248277000001E-002
 mdl_CKM13 =  (  1.2197444962317122E-003, -3.1510066152652563E-003)
 mdl_CKM21 =  (-0.22530000000000000     ,  0.0000000000000000     )
 mdl_CKM22 =  ( 0.97461995499999998     ,  0.0000000000000000     )
 mdl_CKM23 =  (  4.1014152720000002E-002,  0.0000000000000000     )
 mdl_CKM31 =  (  8.0207441115842885E-003, -3.1510066152652563E-003)
 mdl_CKM32 =  ( -4.1014152720000002E-002,  0.0000000000000000     )
 mdl_MZ__exp__2 =    8315.2513440000002     
 mdl_MZ__exp__4 =    69143404.913893804     
 mdl_sqrt__2 =    1.4142135623730951     
 mdl_MH__exp__2 =    15625.000000000000     
 mdl_CKM1x1 =  ( 0.97461995499999998     ,  0.0000000000000000     )
 mdl_CKM1x2 =  ( 0.22530000000000000     ,  0.0000000000000000     )
 mdl_CKM1x3 =  (  1.2197444962317122E-003, -3.1510066152652563E-003)
 mdl_CKM2x1 =  (-0.22530000000000000     ,  0.0000000000000000     )
 mdl_CKM2x2 =  ( 0.97461995499999998     ,  0.0000000000000000     )
 mdl_CKM2x3 =  (  4.1014152720000002E-002,  0.0000000000000000     )
 mdl_CKM3x1 =  (  8.0207441115842885E-003, -3.1510066152652563E-003)
 mdl_CKM3x2 =  ( -4.1014152720000002E-002,  0.0000000000000000     )
 mdl_conjg__CKM1x3 =  (  1.2197444962317122E-003,  3.1510066152652563E-003)
 mdl_conjg__CKM2x3 =  (  4.1014152720000002E-002, -0.0000000000000000     )
 mdl_conjg__CKM2x1 =  (-0.22530000000000000     , -0.0000000000000000     )
 mdl_conjg__CKM3x1 =  (  8.0207441115842885E-003,  3.1510066152652563E-003)
 mdl_conjg__CKM2x2 =  ( 0.97461995499999998     , -0.0000000000000000     )
 mdl_conjg__CKM3x2 =  ( -4.1014152720000002E-002, -0.0000000000000000     )
 mdl_Ncol__exp__2 =    9.0000000000000000     
 mdl_MT__exp__2 =    29929.000000000000     
 mdl_conjg__CKM11 =  ( 0.97461995499999998     , -0.0000000000000000     )
 mdl_conjg__CKM12 =  ( 0.22530000000000000     , -0.0000000000000000     )
 mdl_conjg__CKM13 =  (  1.2197444962317122E-003,  3.1510066152652563E-003)
 mdl_conjg__CKM21 =  (-0.22530000000000000     , -0.0000000000000000     )
 mdl_conjg__CKM22 =  ( 0.97461995499999998     , -0.0000000000000000     )
 mdl_conjg__CKM23 =  (  4.1014152720000002E-002, -0.0000000000000000     )
 mdl_conjg__CKM31 =  (  8.0207441115842885E-003,  3.1510066152652563E-003)
 mdl_conjg__CKM32 =  ( -4.1014152720000002E-002, -0.0000000000000000     )
 mdl_aEW =    7.5467711139788835E-003
 mdl_MW =    80.419002445756163     
 mdl_sqrt__aEW =    8.6872153846781555E-002
 mdl_ee =   0.30795376724436879     
 mdl_MW__exp__2 =    6467.2159543705357     
 mdl_sw2 =   0.22224648578577766     
 mdl_cw =   0.88190334743339216     
 mdl_sqrt__sw2 =   0.47143025548407230     
 mdl_sw =   0.47143025548407230     
 mdl_g1 =   0.34919219678733299     
 mdl_gw =   0.65323293034757990     
 mdl_v =    246.21845810181637     
 mdl_v__exp__2 =    60623.529110035903     
 mdl_lam =   0.12886910601690263     
 mdl_yt =   0.99366614581500623     
 mdl_ytau =    1.0206617000654717E-002
 mdl_muH =    88.388347648318430     
 mdl_AxialZUp =  -0.18517701861793787     
 mdl_AxialZDown =   0.18517701861793787     
 mdl_VectorZUp =    7.5430507588273299E-002
 mdl_VectorZDown =  -0.13030376310310560     
 mdl_VectorAUp =   0.20530251149624587     
 mdl_VectorADown =  -0.10265125574812294     
 mdl_VectorWmDxU =   0.23095271737156670     
 mdl_AxialWmDxU =  -0.23095271737156670     
 mdl_VectorWpUxD =   0.23095271737156670     
 mdl_AxialWpUxD =  -0.23095271737156670     
 mdl_I2x13 =  (  7.9699418879263656E-003,  3.1310485988282153E-003)
 mdl_I2x23 =  ( -4.0754375057150453E-002, -0.0000000000000000     )
 mdl_I2x33 =  ( 0.99366614581500623     ,  0.0000000000000000     )
 mdl_I3x31 =  (  7.9699418879263656E-003, -3.1310485988282153E-003)
 mdl_I3x32 =  ( -4.0754375057150453E-002,  0.0000000000000000     )
 mdl_I3x33 =  ( 0.99366614581500623     ,  0.0000000000000000     )
 mdl_Vector_tdGp =  ( -7.9699418879263656E-003, -3.1310485988282153E-003)
 mdl_Vector_tsGp =  (  4.0754375057150453E-002,  0.0000000000000000     )
 mdl_Vector_tbGp =  (-0.99366614581500623     ,  0.0000000000000000     )
 mdl_Axial_tdGp =  ( -7.9699418879263656E-003, -3.1310485988282153E-003)
 mdl_Axial_tsGp =  (  4.0754375057150453E-002,  0.0000000000000000     )
 mdl_Axial_tbGp =  (-0.99366614581500623     , -0.0000000000000000     )
 mdl_Vector_tdGm =  (  7.9699418879263656E-003, -3.1310485988282153E-003)
 mdl_Vector_tsGm =  ( -4.0754375057150453E-002,  0.0000000000000000     )
 mdl_Vector_tbGm =  ( 0.99366614581500623     ,  0.0000000000000000     )
 mdl_Axial_tdGm =  ( -7.9699418879263656E-003,  3.1310485988282153E-003)
 mdl_Axial_tsGm =  (  4.0754375057150453E-002, -0.0000000000000000     )
 mdl_Axial_tbGm =  (-0.99366614581500623     ,  0.0000000000000000     )
 mdl_gw__exp__2 =   0.42671326129048615     
 mdl_cw__exp__2 =   0.77775351421422245     
 mdl_ee__exp__2 =    9.4835522759998875E-002
 mdl_sw__exp__2 =   0.22224648578577769     
 mdl_yt__exp__2 =   0.98737240933884918     
  Internal Params evaluated point by point
  ----------------------------------------
  
 mdl_sqrt__aS =   0.34351128074635334     
 mdl_G__exp__4 =    2.1987899468922913     
 mdl_G__exp__2 =    1.4828317324943823     
 mdl_R2MixedFactor_FIN_ =   -2.5040377713124864E-002
 mdl_G_UVg_1EPS_ =   -5.1645779033320030E-002
 mdl_G_UVq_1EPS_ =    3.1300472141406080E-003
 mdl_G_UVb_1EPS_ =    3.1300472141406080E-003
 mdl_GWcft_UV_t_1EPS_ =   -3.1300472141406080E-003
 mdl_tWcft_UV_1EPS_ =   -1.8780283284843650E-002
 mdl_G__exp__3 =    1.8056676068262196     
 mdl_MU_R__exp__2 =    8315.2513440000002     
 mdl_G_UVt_FIN_ =   -4.0087659331150384E-003
 mdl_GWcft_UV_t_FIN_ =    4.0087659331150384E-003
 mdl_tWcft_UV_FIN_ =   -9.8778211443463623E-004
  Couplings of loop_sm-ckm_no_b_mass
  ---------------------------------
  
       UV_3Gt =   0.48815E-02   0.00000E+00
      UV_GQQt =   0.00000E+00  -0.48815E-02
   UVWfct_G_2 =   0.40088E-02   0.00000E+00
       R2_DDA =   0.00000E+00   0.25704E-02
       R2_UUA =  -0.00000E+00  -0.51409E-02
    R2_DDZ_V2 =   0.00000E+00   0.72127E-02
    R2_UUZ_V2 =  -0.00000E+00  -0.72127E-02
    R2_UUZ_V5 =   0.00000E+00   0.68702E-03
      R2_GGHt =   0.00000E+00  -0.45657E+01
     R2_GGZup =  -0.46369E-02   0.00000E+00
   R2_GGZdown =   0.46369E-02   0.00000E+00
 R2_GGGZvecUp =   0.00000E+00   0.28750E-03
 R2_GGGZvecDown  -0.00000E+00  -0.49665E-03
 R2_GGGZaxialUp  -0.00000E+00  -0.63522E-02
 R2_GGGZaxialDow  0.00000E+00   0.63522E-02
 R2_GGGAvecUp =   0.00000E+00   0.78251E-03
 R2_GGGAvecDown  -0.00000E+00  -0.39126E-03
         GC_4 =  -0.12177E+01   0.00000E+00
         GC_5 =   0.00000E+00   0.12177E+01
         GC_6 =   0.00000E+00   0.14828E+01
       R2_3Gq =   0.76230E-02   0.00000E+00
       R2_3Gg =   0.31445E-01   0.00000E+00
       R2_GQQ =  -0.00000E+00  -0.30492E-01
       R2_GGq =   0.00000E+00   0.62601E-02
       R2_GGt =  -0.00000E+00  -0.11242E+04
     R2_GGg_1 =   0.00000E+00   0.28170E-01
     R2_GGg_2 =  -0.00000E+00  -0.18780E-01
       R2_QQq =   0.00000E+00   0.12520E-01
  UV_3Gg_1eps =   0.62890E-01   0.00000E+00
  UV_3Gb_1eps =  -0.38115E-02   0.00000E+00
 UV_GQQg_1eps =   0.00000E+00  -0.62890E-01
 UV_GQQq_1eps =   0.00000E+00   0.38115E-02
 UVWfct_G_2_1eps -0.31300E-02   0.00000E+00
         GC_1 =  -0.00000E+00  -0.10265E+00
         GC_2 =   0.00000E+00   0.20530E+00
        GC_21 =  -0.00000E+00  -0.28804E+00
        GC_22 =   0.00000E+00   0.28804E+00
        GC_23 =  -0.00000E+00  -0.27437E-01
        GC_24 =   0.00000E+00   0.82310E-01
        GC_37 =  -0.00000E+00  -0.70263E+00
        GC_38 =  -0.00000E+00  -0.72172E-02
      GC_1003 =  -0.00000E+00  -0.30795E+00

 Collider parameters:
 --------------------

 Running at P P   machine @    13000.000000000000       GeV
 PDF set = lhapdf 
 alpha_s(Mz)= 0.1180 running at 3 loops.
 alpha_s(Mz)= 0.1180 running at 3 loops.
 Renormalization scale set on event-by-event basis
 Factorization   scale set on event-by-event basis


 ===============================================================
 INFO: MadFKS read these parameters from FKS_params.dat
 ===============================================================
  > IRPoleCheckThreshold      =    1.0000000000000001E-005
  > PrecisionVirtualAtRunTime =    1.0000000000000000E-003
  > NHelForMCoverHels         =            4
  > VirtualFraction           =    1.0000000000000000     
  > MinVirtualFraction        =    5.0000000000000001E-003
 ===============================================================
  Insert the number of points to test
 Insert the relative tolerance
  A negative number will mean use the default one:    1.0000000000000001E-005
Using random seed offsets:     0 ,     86 ,      0
  with seed                   32
 Ranmar initialization seeds       10729        9492
  ========================================================================================== 
 {                                                                                          }
 {       [32m                                                                            [0m       }
 {       [32m                               ,,                                           [0m       }
 {       [32m`7MMM.     ,MMF'             `7MM  `7MMF'                                   [0m       }
 {       [32m  MMMb    dPMM                 MM    MM                                     [0m       }
 {       [32m  M YM   ,M MM   ,6"Yb.   ,M""bMM    MM         ,pW"Wq.   ,pW"Wq.`7MMpdMAo. [0m       }
 {       [32m  M  Mb  M' MM  8)   MM ,AP    MM    MM        6W'   `Wb 6W'   `Wb MM   `Wb [0m       }
 {       [32m  M  YM.P'  MM   ,pm9MM 8MI    MM    MM      , 8M     M8 8M     M8 MM    M8 [0m       }
 {       [32m  M  `YM'   MM  8M   MM `Mb    MM    MM     ,M YA.   ,A9 YA.   ,A9 MM   ,AP [0m       }
 {       [32m.JML. `'  .JMML.`Moo9^Yo.`Wbmd"MML..JMMmmmmMMM  `Ybmd9'   `Ybmd9'  MMbmmd'  [0m       }
 {       [32m                                                                   MM       [0m       }
 {       [32m                                                                 .JMML.     [0m       }
 {       [32m[0mv2.4.2 (2016-06-10), Ref: arXiv:1103.0621v2, arXiv:1405.0301[32m                [0m       }
 {       [32m                                                                            [0m       }
 {                                                                                          }
  ========================================================================================== 
 ===============================================================
 INFO: MadLoop read these parameters from ./MadLoop5_resources/MadLoopParams.dat                                                                                                                                                                                                                                                                                                                                                                                                                                                                                          
 ===============================================================
  > MLReductionLib            = 6|1|2
  > IREGIMODE                 =            2
  > IREGIRECY                 =  T
  > CTModeRun                 =           -1
  > MLStabThres               =    1.0000000000000000E-003
  > NRotations_DP             =            1
  > NRotations_QP             =            0
  > CTStabThres               =    1.0000000000000000E-002
  > CTLoopLibrary             =            2
  > CTModeInit                =            1
  > CheckCycle                =            3
  > MaxAttempts               =           10
  > UseLoopFilter             =  F
  > HelicityFilterLevel       =            2
  > ImprovePSPoint            =            2
  > DoubleCheckHelicityFilter =  T
  > LoopInitStartOver         =  F
  > HelInitStartOver          =  F
  > ZeroThres                 =    1.0000000000000001E-009
  > OSThres                   =    1.0000000000000000E-008
  > WriteOutFilters           =  T
  > UseQPIntegrandForNinja    =  F
  > UseQPIntegrandForCutTools =  T
 ===============================================================
  
------------------------------------------------------------------------
|              You are using CutTools - Version 1.9.3                  |
|              Authors: G. Ossola, C. Papadopoulos, R. Pittau          |
|              Published in JHEP 0803:042,2008                         |
|              http://www.ugr.es/~pittau/CutTools                      |
|                                                                      |
|              Compiler with  34  significant digits detetected        |
 ---------------------------------------------------------------------- 
   
########################################################################
#                                                                      #
#                      You are using OneLOop-3.6                       #
#                                                                      #
# for the evaluation of 1-loop scalar 1-, 2-, 3- and 4-point functions #
#                                                                      #
# author: Andreas van Hameren <hamerenREMOVETHIS@ifj.edu.pl>           #
#   date: 18-02-2015                                                   #
#                                                                      #
# Please cite                                                          #
#    A. van Hameren,                                                   #
#      Comput.Phys.Commun. 182 (2011) 2427-2438, arXiv:1007.4716       #
#    A. van Hameren, C.G. Papadopoulos and R. Pittau,                  #
#      JHEP 0909:106,2009, arXiv:0903.4665                             #
# in publications with results obtained with the help of this program. #
#                                                                      #
########################################################################
 PASSED   1.0000000000000001E-005
 MU_R    =    325.00000000000000     
 ALPHA_S =   0.11799999999999999     
 BORN                    2.9135820937539102E-008
 SINGLE POLE (MadFKS)   -3.4470428814458138E-009
 DOUBLE POLE (MadFKS)   -4.7422177481766808E-009
 SINGLE POLE (MadLoop)  -3.4470428814453576E-009
 DOUBLE POLE (MadLoop)  -4.7422177481766692E-009
 FINITE PART (MadLoop)   4.0856004327797575E-009
   325.00000000000000        0.0000000000000000        0.0000000000000000        325.00000000000000        0.0000000000000000     
   325.00000000000000        0.0000000000000000        0.0000000000000000       -325.00000000000000        0.0000000000000000     
   20.346285771467208        1.6247523643843969        14.597704387502919        13.967133638070276        1.7769999999999999     
   154.96302005844419        26.770278969943590        152.60102668264625        2.5804410296420182        1.7769999999999999     
   160.01421637133322       -66.345521263059283        140.03831232209453        39.901031706514615        0.0000000000000000     
   314.67647779875534        37.950489928731280       -307.23704339224372       -56.448606374226912        0.0000000000000000     

 PASSED   1.0000000000000001E-005
 MU_R    =    325.00000000000000     
 ALPHA_S =   0.11799999999999999     
 BORN                    8.4788850095618273E-011
 SINGLE POLE (MadFKS)   -2.5858868192927791E-011
 DOUBLE POLE (MadFKS)   -1.3800441409662733E-011
 SINGLE POLE (MadLoop)  -2.5858868196431298E-011
 DOUBLE POLE (MadLoop)  -1.3800441409662888E-011
 FINITE PART (MadLoop)   2.8351542688909022E-012
   325.00000000000000        0.0000000000000000        0.0000000000000000        325.00000000000000        0.0000000000000000     
   325.00000000000000        0.0000000000000000        0.0000000000000000       -325.00000000000000        0.0000000000000000     
   211.27087181115928        182.70200537012744        2.4663415559819710       -106.04771539222540        1.7769999999999999     
   71.302553020850056        11.479323774487233        5.9391527377572793        70.098843989963314        1.7769999999999999     
   99.906945141998719        42.590435191195944       -20.744383490550874       -87.960917863718436        0.0000000000000000     
   267.51963002599194       -236.77176433581059        12.338889196811582        123.90978926598054        0.0000000000000000     

 PASSED   1.0000000000000001E-005
 MU_R    =    325.00000000000000     
 ALPHA_S =   0.11799999999999999     
 BORN                    1.8118449559898188E-010
 SINGLE POLE (MadFKS)   -4.2313445188453617E-011
 DOUBLE POLE (MadFKS)   -2.9490033336143356E-011
 SINGLE POLE (MadLoop)  -4.2313445358240161E-011
 DOUBLE POLE (MadLoop)  -2.9490033336143214E-011
 FINITE PART (MadLoop)   4.3377887105881831E-011
   325.00000000000000        0.0000000000000000        0.0000000000000000        325.00000000000000        0.0000000000000000     
   325.00000000000000        0.0000000000000000        0.0000000000000000       -325.00000000000000        0.0000000000000000     
   196.86986375860971        37.796393094220171       -120.37360052142292        151.11655929748287        1.7769999999999999     
   102.54333822841920       -27.756016816943667        68.955529592814443       -70.616690343430946        1.7769999999999999     
   180.99463682916257        158.42190767216579        31.900408627537598       -81.510254936592929        0.0000000000000000     
   169.59216118380849       -168.46228394944228        19.517662301070839        1.0103859825410373        0.0000000000000000     

 PASSED   1.0000000000000001E-005
 MU_R    =    325.00000000000000     
 ALPHA_S =   0.11799999999999999     
 BORN                    2.0084295824226938E-010
 SINGLE POLE (MadFKS)   -5.0794268978177427E-011
 DOUBLE POLE (MadFKS)   -3.2689692980150634E-011
 SINGLE POLE (MadLoop)  -5.0794268974718416E-011
 DOUBLE POLE (MadLoop)  -3.2689692980151003E-011
 FINITE PART (MadLoop)   4.1339238663509663E-011
   325.00000000000000        0.0000000000000000        0.0000000000000000        325.00000000000000        0.0000000000000000     
   325.00000000000000        0.0000000000000000        0.0000000000000000       -325.00000000000000        0.0000000000000000     
   39.662911020949828       -20.760678198815036        22.394464806744132       -25.248187428021993        1.7769999999999999     
   262.16231110023369       -150.90071510669901       -213.85202046525851       -14.906614492539619        1.7769999999999999     
   144.12128715623635        22.244938005029422        118.89148659047251       -78.364038697799586        0.0000000000000000     
   204.05349072258011        149.41645530048467        72.566069068042012        118.51884061836120        0.0000000000000000     

 PASSED   1.0000000000000001E-005
 MU_R    =    325.00000000000000     
 ALPHA_S =   0.11799999999999999     
 BORN                    4.2805910093935855E-010
 SINGLE POLE (MadFKS)   -9.8103837972895057E-011
 DOUBLE POLE (MadFKS)   -6.9671950211904174E-011
 SINGLE POLE (MadLoop)  -9.8103837972893015E-011
 DOUBLE POLE (MadLoop)  -6.9671950211903696E-011
 FINITE PART (MadLoop)  -1.3463410170097693E-011
   325.00000000000000        0.0000000000000000        0.0000000000000000        325.00000000000000        0.0000000000000000     
   325.00000000000000        0.0000000000000000        0.0000000000000000       -325.00000000000000        0.0000000000000000     
   271.76216268687079       -83.707293289149831       -258.01647078666963        16.495611302438910        1.7769999999999999     
   35.927840175367059       -14.161627801276509        18.098869084197272        27.559593729914020        1.7769999999999999     
   56.917630006869771        34.517251091818387       -37.703543553923623       -25.032354786169609        0.0000000000000000     
   285.39236713089247        63.351669998607946        277.62114525639595       -19.022850246183289        0.0000000000000000     

 PASSED   1.0000000000000001E-005
 MU_R    =    325.00000000000000     
 ALPHA_S =   0.11799999999999999     
 BORN                    3.3065818485792257E-011
 SINGLE POLE (MadFKS)   -6.5503185706663869E-012
 DOUBLE POLE (MadFKS)   -5.3818737978061201E-012
 SINGLE POLE (MadLoop)  -6.5503185706669096E-012
 DOUBLE POLE (MadLoop)  -5.3818737978061096E-012
 FINITE PART (MadLoop)   8.5297803783937688E-012
   325.00000000000000        0.0000000000000000        0.0000000000000000        325.00000000000000        0.0000000000000000     
   325.00000000000000        0.0000000000000000        0.0000000000000000       -325.00000000000000        0.0000000000000000     
   145.81517646429248       -39.618182269314282        6.0950841038589516       -140.18615317411002        1.7769999999999999     
   233.45102536973314        231.38655825053715       -24.544360247288331        18.816443824535391        1.7769999999999999     
   51.334029396152069        11.764756466874493        29.648559477826335        40.221088998309511        0.0000000000000000     
   219.39976876982499       -203.53313244809743       -11.199283334396975        81.148620351265222        0.0000000000000000     

 PASSED   1.0000000000000001E-005
 MU_R    =    325.00000000000000     
 ALPHA_S =   0.11799999999999999     
 BORN                    9.8288867447196473E-011
 SINGLE POLE (MadFKS)   -1.4596878620373476E-011
 DOUBLE POLE (MadFKS)   -1.5997737378174910E-011
 SINGLE POLE (MadLoop)  -1.4596878620284008E-011
 DOUBLE POLE (MadLoop)  -1.5997737378174919E-011
 FINITE PART (MadLoop)   2.6615353746020436E-011
   325.00000000000000        0.0000000000000000        0.0000000000000000        325.00000000000000        0.0000000000000000     
   325.00000000000000        0.0000000000000000        0.0000000000000000       -325.00000000000000        0.0000000000000000     
   85.285557240920966       -19.194811107377554        69.898245962525920       -44.902817092123911        1.7769999999999999     
   147.81263081055491       -46.368300767119230       -139.94336197304244        10.547616877257035        1.7769999999999999     
   205.81728168777556       -128.46221076446895        148.81522382191096        60.928179077376562        0.0000000000000000     
   211.08453026074852        194.02532263896575       -78.770107811394496       -26.572978862509704        0.0000000000000000     

 PASSED   1.0000000000000001E-005
 MU_R    =    325.00000000000000     
 ALPHA_S =   0.11799999999999999     
 BORN                    2.2285117673531937E-009
 SINGLE POLE (MadFKS)   -3.5386099026983451E-010
 DOUBLE POLE (MadFKS)   -3.6271804655233821E-010
 SINGLE POLE (MadLoop)  -3.5386099026987550E-010
 DOUBLE POLE (MadLoop)  -3.6271804655239833E-010
 FINITE PART (MadLoop)   4.8435178500783162E-010
   325.00000000000000        0.0000000000000000        0.0000000000000000        325.00000000000000        0.0000000000000000     
   325.00000000000000        0.0000000000000000        0.0000000000000000       -325.00000000000000        0.0000000000000000     
   86.622866157240679        85.726736466971758        12.277662215869947      -0.74086269349278711        1.7769999999999999     
   129.91284058532469        61.114379962051132       -26.733806319884742        111.46535148400562        1.7769999999999999     
   138.73860516973795        132.27181378866152       -31.261209637785942       -27.844292296348407        0.0000000000000000     
   294.72568808769665       -279.11293021768444        45.717353741800743       -82.880196494164437        0.0000000000000000     

 PASSED   1.0000000000000001E-005
 MU_R    =    325.00000000000000     
 ALPHA_S =   0.11799999999999999     
 BORN                    1.7897032338932914E-010
 SINGLE POLE (MadFKS)   -4.5959798945039764E-011
 DOUBLE POLE (MadFKS)   -2.9129649231207894E-011
 SINGLE POLE (MadLoop)  -4.5959798945028623E-011
 DOUBLE POLE (MadLoop)  -2.9129649231208024E-011
 FINITE PART (MadLoop)   3.2467809154492530E-011
   325.00000000000000        0.0000000000000000        0.0000000000000000        325.00000000000000        0.0000000000000000     
   325.00000000000000        0.0000000000000000        0.0000000000000000       -325.00000000000000        0.0000000000000000     
   70.375611158654110        8.6357066773492122        65.628352686513750       -23.830921316462664        1.7769999999999999     
   275.83026360827319       -103.93082934911443       -152.11744885623196        205.27503758978202        1.7769999999999999     
   45.096015441211371       -39.181198576519499       -17.896292249282769        13.349419856667266        0.0000000000000000     
   258.69810979186133        134.47632124828471        104.38538841900099       -194.79353612998659        0.0000000000000000     

 PASSED   1.0000000000000001E-005
 MU_R    =    325.00000000000000     
 ALPHA_S =   0.11799999999999999     
 BORN                    1.0215670811864030E-010
 SINGLE POLE (MadFKS)   -1.8482389759228152E-011
 DOUBLE POLE (MadFKS)   -1.6627276621931317E-011
 SINGLE POLE (MadLoop)  -1.8482389759198735E-011
 DOUBLE POLE (MadLoop)  -1.6627276621934610E-011
 FINITE PART (MadLoop)   2.5374340279852252E-011
   325.00000000000000        0.0000000000000000        0.0000000000000000        325.00000000000000        0.0000000000000000     
   325.00000000000000        0.0000000000000000        0.0000000000000000       -325.00000000000000        0.0000000000000000     
   103.71797350612358       -49.458239903997480       -60.146968111038582        68.487115809218380        1.7769999999999999     
   202.61225216318499        161.31465545148384        122.58091112034074      -0.26298881015380410        1.7769999999999999     
   108.19536184815468        102.99130154778661       -25.738269111287980        20.894248828348172        0.0000000000000000     
   235.47441248253674       -214.84771709527297       -36.695673898014171       -89.118375827412777        0.0000000000000000     

 PASSED   1.0000000000000001E-005
 MU_R    =    325.00000000000000     
 ALPHA_S =   0.11799999999999999     
 BORN                    2.1904100667821169E-010
 SINGLE POLE (MadFKS)   -4.4443183309592551E-011
 DOUBLE POLE (MadFKS)   -3.5651652022255926E-011
 SINGLE POLE (MadLoop)  -4.4443183309530623E-011
 DOUBLE POLE (MadLoop)  -3.5651652022255926E-011
 FINITE PART (MadLoop)   1.5032052655722923E-011
   325.00000000000000        0.0000000000000000        0.0000000000000000        325.00000000000000        0.0000000000000000     
   325.00000000000000        0.0000000000000000        0.0000000000000000       -325.00000000000000        0.0000000000000000     
   212.14303134832716       -4.1555804621370234       -211.68258551038494        13.218251144481963        1.7769999999999999     
   61.562299926549478       -37.567935078877326        9.6587495928750595       -47.771517177684785        1.7769999999999999     
   83.663713282133330       -20.781449820300601       -78.831415408638449       -18.797771362372256        0.0000000000000000     
   292.63095544299011        62.504965361314952        280.85525132614822        53.351037395575169        0.0000000000000000     

 PASSED   1.0000000000000001E-005
 MU_R    =    325.00000000000000     
 ALPHA_S =   0.11799999999999999     
 BORN                    6.7333700333623060E-010
 SINGLE POLE (MadFKS)   -1.8395695515250973E-010
 DOUBLE POLE (MadFKS)   -1.0959398379645841E-010
 SINGLE POLE (MadLoop)  -1.8395695515250846E-010
 DOUBLE POLE (MadLoop)  -1.0959398379645810E-010
 FINITE PART (MadLoop)   1.4247813443014945E-012
   325.00000000000000        0.0000000000000000        0.0000000000000000        325.00000000000000        0.0000000000000000     
   325.00000000000000        0.0000000000000000        0.0000000000000000       -325.00000000000000        0.0000000000000000     
   277.84823146838892       -217.03374989007008       -156.24240790281976       -75.373359899203237        1.7769999999999999     
   77.936457371820083        11.054027043978438        30.157872058867497       -70.987639048368862        1.7769999999999999     
   163.67457686427844        118.47541936199643        37.840375509997550        106.40041400277570        0.0000000000000000     
   130.54073429551258        87.504303484095203        88.244160333954625        39.960584944796381        0.0000000000000000     

 PASSED   1.0000000000000001E-005
 MU_R    =    325.00000000000000     
 ALPHA_S =   0.11799999999999999     
 BORN                    1.1416710045200337E-009
 SINGLE POLE (MadFKS)   -3.7555828310014770E-010
 DOUBLE POLE (MadFKS)   -1.8582117565247815E-010
 SINGLE POLE (MadLoop)  -3.7555828310013649E-010
 DOUBLE POLE (MadLoop)  -1.8582117565247779E-010
 FINITE PART (MadLoop)   2.9730969480369294E-010
   325.00000000000000        0.0000000000000000        0.0000000000000000        325.00000000000000        0.0000000000000000     
   325.00000000000000        0.0000000000000000        0.0000000000000000       -325.00000000000000        0.0000000000000000     
   174.03004202591731       -112.97321382060174       -26.729423406848245        129.63752806160949        1.7769999999999999     
   116.66458024057377        48.835517133771546        82.474520073993105        66.486933743036246        1.7769999999999999     
   188.51779558634874       -39.818699905291915        76.709765125916846       -167.53818169275729        0.0000000000000000     
   170.78758214716024        103.95639659212213       -132.45486179306175       -28.586280111888456        0.0000000000000000     

 PASSED   1.0000000000000001E-005
 MU_R    =    325.00000000000000     
 ALPHA_S =   0.11799999999999999     
 BORN                    4.1426345716721415E-010
 SINGLE POLE (MadFKS)   -1.1867890588421268E-010
 DOUBLE POLE (MadFKS)   -6.7426537361377779E-011
 SINGLE POLE (MadLoop)  -1.1867890588406707E-010
 DOUBLE POLE (MadLoop)  -6.7426537361377598E-011
 FINITE PART (MadLoop)  -5.7676523755489718E-012
   325.00000000000000        0.0000000000000000        0.0000000000000000        325.00000000000000        0.0000000000000000     
   325.00000000000000        0.0000000000000000        0.0000000000000000       -325.00000000000000        0.0000000000000000     
Thanks for using LHAPDF 6.2.1. Please make sure to cite the paper:
  Eur.Phys.J. C75 (2015) 3, 132  (http://arxiv.org/abs/1412.7420)
   259.11159380568057       -28.240726935450386        197.00270965921140       -165.91580408329355        1.7769999999999999     
   134.57216064699494       -52.373889964676202       -123.12436348426645        14.278496376118950        1.7769999999999999     
   194.12364362919010        40.317538484684263       -40.723560991377440        185.47257664299156        0.0000000000000000     
   62.192601918137164        40.297078415442321       -33.154785183567590       -33.835268935816963        0.0000000000000000     

 PASSED   1.0000000000000001E-005
 MU_R    =    325.00000000000000     
 ALPHA_S =   0.11799999999999999     
 BORN                    1.5497527247247931E-009
 SINGLE POLE (MadFKS)   -6.1053384772936962E-010
 DOUBLE POLE (MadFKS)   -2.5224155832884610E-010
 SINGLE POLE (MadLoop)  -6.1053384772934615E-010
 DOUBLE POLE (MadLoop)  -2.5224155832884832E-010
 FINITE PART (MadLoop)  -4.9426007362163595E-011
   325.00000000000000        0.0000000000000000        0.0000000000000000        325.00000000000000        0.0000000000000000     
   325.00000000000000        0.0000000000000000        0.0000000000000000       -325.00000000000000        0.0000000000000000     
   57.509207107288994       -24.512738864320298        47.169105432718958        21.871266519242607        1.7769999999999999     
   180.55025301346376        144.74105148557911       -105.07948887746424        24.567563296459841        1.7769999999999999     
   186.58865572563158        39.078850677360400       -28.829369129775412       -180.15836741826331        0.0000000000000000     
   225.35188415361571       -159.30716329861920        86.739752574520622        133.71953760256079        0.0000000000000000     

 PASSED   1.0000000000000001E-005
 MU_R    =    325.00000000000000     
 ALPHA_S =   0.11799999999999999     
 BORN                    1.1376125239216002E-008
 SINGLE POLE (MadFKS)   -5.5024518685475900E-009
 DOUBLE POLE (MadFKS)   -1.8516060738615807E-009
 SINGLE POLE (MadLoop)  -5.5024518685561645E-009
 DOUBLE POLE (MadLoop)  -1.8516060738628028E-009
 FINITE PART (MadLoop)  -7.7688359050020560E-009
   325.00000000000000        0.0000000000000000        0.0000000000000000        325.00000000000000        0.0000000000000000     
   325.00000000000000        0.0000000000000000        0.0000000000000000       -325.00000000000000        0.0000000000000000     
   222.15220663697505        123.11591611375633        90.457201136445434        161.27123471564428        1.7769999999999999     
   200.84141339804975        27.396503327102167       -146.93810357029705       -134.13702297031585        1.7769999999999999     
   153.83553504699401       -139.30000859578152        47.635094806609771        44.629331063499180        0.0000000000000000     
   73.170844917982180       -11.212410845076946        8.8458076272418378       -71.763542808827594        0.0000000000000000     

 PASSED   1.0000000000000001E-005
 MU_R    =    325.00000000000000     
 ALPHA_S =   0.11799999999999999     
 BORN                    2.1435295117740853E-009
 SINGLE POLE (MadFKS)   -2.8809961478852064E-010
 DOUBLE POLE (MadFKS)   -3.4888612599134596E-010
 SINGLE POLE (MadLoop)  -2.8809961478846439E-010
 DOUBLE POLE (MadLoop)  -3.4888612599132833E-010
 FINITE PART (MadLoop)   5.7013782859885583E-010
   325.00000000000000        0.0000000000000000        0.0000000000000000        325.00000000000000        0.0000000000000000     
   325.00000000000000        0.0000000000000000        0.0000000000000000       -325.00000000000000        0.0000000000000000     
   203.71621965879052        31.639834886496573       -129.84340665167440       -153.74248280976786        1.7769999999999999     
   55.786142330744646        20.048753121430920       -22.292245902985336       -47.011054210928386        1.7769999999999999     
   121.76089533538115        23.070827678223072       -80.329768339493000        88.547054505719004        0.0000000000000000     
   268.73674267508363       -74.759415686150575        232.46542089415271        112.20648251497725        0.0000000000000000     

 PASSED   1.0000000000000001E-005
 MU_R    =    325.00000000000000     
 ALPHA_S =   0.11799999999999999     
 BORN                    1.8759664793938889E-010
 SINGLE POLE (MadFKS)   -4.2918753969009449E-011
 DOUBLE POLE (MadFKS)   -3.0533690993769632E-011
 SINGLE POLE (MadLoop)  -4.2918753969010490E-011
 DOUBLE POLE (MadLoop)  -3.0533690993769225E-011
 FINITE PART (MadLoop)   4.9926434763831062E-011
   325.00000000000000        0.0000000000000000        0.0000000000000000        325.00000000000000        0.0000000000000000     
   325.00000000000000        0.0000000000000000        0.0000000000000000       -325.00000000000000        0.0000000000000000     
   236.33192306067522       -114.92330540580154       -99.159292279070954        181.13444939567833        1.7769999999999999     
   136.59293290620909       -10.259797772056293        80.470437945162445       -109.88046576853593        1.7769999999999999     
   68.443694491684084       -65.824039206112204        13.948674971346787        12.536731823203167        0.0000000000000000     
   208.63144954143476        191.00714238397003        4.7401793625617445       -83.790715450345587        0.0000000000000000     

 PASSED   1.0000000000000001E-005
 MU_R    =    325.00000000000000     
 ALPHA_S =   0.11799999999999999     
 BORN                    2.4217622698991345E-009
 SINGLE POLE (MadFKS)   -1.1074256057304122E-009
 DOUBLE POLE (MadFKS)   -3.9417197280284829E-010
 SINGLE POLE (MadLoop)  -1.1074256052647101E-009
 DOUBLE POLE (MadLoop)  -3.9417197280285449E-010
 FINITE PART (MadLoop)  -7.3362743167585924E-010
   325.00000000000000        0.0000000000000000        0.0000000000000000        325.00000000000000        0.0000000000000000     
   325.00000000000000        0.0000000000000000        0.0000000000000000       -325.00000000000000        0.0000000000000000     
   171.97192881884646        36.986135216468924        162.94161026789189        40.660103513516603        1.7769999999999999     
   187.63155928427153       -112.04508105622675        1.2204156229588634        150.48871953491368        1.7769999999999999     
   253.72853178963734        61.716880631710829       -133.71097267475645       -206.61696512045344        0.0000000000000000     
   36.667980107247267        13.342065208047005       -30.451053216094309        15.468142072023223        0.0000000000000000     

 PASSED   1.0000000000000001E-005
 MU_R    =    325.00000000000000     
 ALPHA_S =   0.11799999999999999     
 BORN                    8.4939042127521972E-011
 SINGLE POLE (MadFKS)   -1.2693763205649191E-011
 DOUBLE POLE (MadFKS)   -1.3824887033517138E-011
 SINGLE POLE (MadLoop)  -1.2693763205649958E-011
 DOUBLE POLE (MadLoop)  -1.3824887033517117E-011
 FINITE PART (MadLoop)   2.4707911047773723E-011
   325.00000000000000        0.0000000000000000        0.0000000000000000        325.00000000000000        0.0000000000000000     
   325.00000000000000        0.0000000000000000        0.0000000000000000       -325.00000000000000        0.0000000000000000     
   120.05902119618024        91.898134415941414       -58.999789626030477       -49.847452859083624        1.7769999999999999     
   124.55922277562514       -85.766944039077543        81.085069046175562       -39.762861283394756        1.7769999999999999     
   216.86240416119927       -150.15431566539326        94.348323730436960        124.82538858296986        0.0000000000000000     
   188.51935186699532        144.02312528852934       -116.43360315058199       -35.215074440491492        0.0000000000000000     

 NUMBER OF POINTS PASSING THE CHECK          20
 NUMBER OF POINTS FAILING THE CHECK           0
 TOLERANCE    1.0000000000000001E-005
