==== LHAPDF6 USING DEFAULT-TYPE LHAGLUE INTERFACE ====
LHAPDF 6.2.1 loading /cvmfs/cms.cern.ch/slc6_amd64_gcc481/external/lhapdf/6.2.1/share/LHAPDF/NNPDF31_nnlo_hessian_pdfas/NNPDF31_nnlo_hessian_pdfas_0000.dat
NNPDF31_nnlo_hessian_pdfas PDF set, member #0, version 1; LHAPDF ID = 306000
 A PDF is used, so alpha_s(MZ) is going to be modified
 Old value of alpha_s from param_card:   0.11799999999999999     
 New value of alpha_s from PDF lhapdf :  0.11800208008122040     
 using LHAPDF
 *****************************************************
 *               MadGraph/MadEvent                   *
 *        --------------------------------           *
 *          http://madgraph.hep.uiuc.edu             *
 *          http://madgraph.phys.ucl.ac.be           *
 *          http://madgraph.roma2.infn.it            *
 *        --------------------------------           *
 *                                                   *
 *          PARAMETER AND COUPLING VALUES            *
 *                                                   *
 *****************************************************

  External Params
  ---------------------------------
  
 MU_R =    91.188000000000002     
 aEWM1 =    132.50700000000001     
 mdl_Gf =    1.1663900000000000E-005
 aS =   0.11799999999999999     
 mdl_lamWS =   0.22530000000000000     
 mdl_AWS =   0.80800000000000005     
 mdl_rhoWS =   0.13200000000000001     
 mdl_etaWS =   0.34100000000000003     
 mdl_ymt =    173.00000000000000     
 mdl_ymtau =    1.7769999999999999     
 mdl_MT =    173.00000000000000     
 mdl_MZ =    91.188000000000002     
 mdl_MH =    125.00000000000000     
 mdl_MTA =    1.7769999999999999     
 mdl_WT =    1.4915000000000000     
 mdl_WZ =    2.4414039999999999     
 mdl_WW =    2.0476000000000001     
 mdl_WH =    6.3823389999999999E-003
  Internal Params
  ---------------------------------
  
 mdl_CKM33 =    1.0000000000000000     
 mdl_conjg__CKM3x3 =    1.0000000000000000     
 mdl_I4x33 =    0.0000000000000000     
 mdl_I1x33 =    0.0000000000000000     
 mdl_lhv =    1.0000000000000000     
 mdl_CKM3x3 =    1.0000000000000000     
 mdl_conjg__CKM33 =    1.0000000000000000     
 mdl_Ncol =    3.0000000000000000     
 mdl_CA =    3.0000000000000000     
 mdl_TF =   0.50000000000000000     
 mdl_CF =    1.3333333333333333     
 mdl_lamWS__exp__2 =    5.0760090000000001E-002
 mdl_CKM11 =  ( 0.97461995499999998     ,  0.0000000000000000     )
 mdl_CKM12 =  ( 0.22530000000000000     ,  0.0000000000000000     )
 mdl_complexi =  (  0.0000000000000000     ,  1.0000000000000000     )
 mdl_lamWS__exp__3 =    1.1436248277000001E-002
 mdl_CKM13 =  (  1.2197444962317122E-003, -3.1510066152652563E-003)
 mdl_CKM21 =  (-0.22530000000000000     ,  0.0000000000000000     )
 mdl_CKM22 =  ( 0.97461995499999998     ,  0.0000000000000000     )
 mdl_CKM23 =  (  4.1014152720000002E-002,  0.0000000000000000     )
 mdl_CKM31 =  (  8.0207441115842885E-003, -3.1510066152652563E-003)
 mdl_CKM32 =  ( -4.1014152720000002E-002,  0.0000000000000000     )
 mdl_MZ__exp__2 =    8315.2513440000002     
 mdl_MZ__exp__4 =    69143404.913893804     
 mdl_sqrt__2 =    1.4142135623730951     
 mdl_MH__exp__2 =    15625.000000000000     
 mdl_CKM1x1 =  ( 0.97461995499999998     ,  0.0000000000000000     )
 mdl_CKM1x2 =  ( 0.22530000000000000     ,  0.0000000000000000     )
 mdl_CKM1x3 =  (  1.2197444962317122E-003, -3.1510066152652563E-003)
 mdl_CKM2x1 =  (-0.22530000000000000     ,  0.0000000000000000     )
 mdl_CKM2x2 =  ( 0.97461995499999998     ,  0.0000000000000000     )
 mdl_CKM2x3 =  (  4.1014152720000002E-002,  0.0000000000000000     )
 mdl_CKM3x1 =  (  8.0207441115842885E-003, -3.1510066152652563E-003)
 mdl_CKM3x2 =  ( -4.1014152720000002E-002,  0.0000000000000000     )
 mdl_conjg__CKM1x3 =  (  1.2197444962317122E-003,  3.1510066152652563E-003)
 mdl_conjg__CKM2x3 =  (  4.1014152720000002E-002, -0.0000000000000000     )
 mdl_conjg__CKM2x1 =  (-0.22530000000000000     , -0.0000000000000000     )
 mdl_conjg__CKM3x1 =  (  8.0207441115842885E-003,  3.1510066152652563E-003)
 mdl_conjg__CKM2x2 =  ( 0.97461995499999998     , -0.0000000000000000     )
 mdl_conjg__CKM3x2 =  ( -4.1014152720000002E-002, -0.0000000000000000     )
 mdl_Ncol__exp__2 =    9.0000000000000000     
 mdl_MT__exp__2 =    29929.000000000000     
 mdl_conjg__CKM11 =  ( 0.97461995499999998     , -0.0000000000000000     )
 mdl_conjg__CKM12 =  ( 0.22530000000000000     , -0.0000000000000000     )
 mdl_conjg__CKM13 =  (  1.2197444962317122E-003,  3.1510066152652563E-003)
 mdl_conjg__CKM21 =  (-0.22530000000000000     , -0.0000000000000000     )
 mdl_conjg__CKM22 =  ( 0.97461995499999998     , -0.0000000000000000     )
 mdl_conjg__CKM23 =  (  4.1014152720000002E-002, -0.0000000000000000     )
 mdl_conjg__CKM31 =  (  8.0207441115842885E-003,  3.1510066152652563E-003)
 mdl_conjg__CKM32 =  ( -4.1014152720000002E-002, -0.0000000000000000     )
 mdl_aEW =    7.5467711139788835E-003
 mdl_MW =    80.419002445756163     
 mdl_sqrt__aEW =    8.6872153846781555E-002
 mdl_ee =   0.30795376724436879     
 mdl_MW__exp__2 =    6467.2159543705357     
 mdl_sw2 =   0.22224648578577766     
 mdl_cw =   0.88190334743339216     
 mdl_sqrt__sw2 =   0.47143025548407230     
 mdl_sw =   0.47143025548407230     
 mdl_g1 =   0.34919219678733299     
 mdl_gw =   0.65323293034757990     
 mdl_v =    246.21845810181637     
 mdl_v__exp__2 =    60623.529110035903     
 mdl_lam =   0.12886910601690263     
 mdl_yt =   0.99366614581500623     
 mdl_ytau =    1.0206617000654717E-002
 mdl_muH =    88.388347648318430     
 mdl_AxialZUp =  -0.18517701861793787     
 mdl_AxialZDown =   0.18517701861793787     
 mdl_VectorZUp =    7.5430507588273299E-002
 mdl_VectorZDown =  -0.13030376310310560     
 mdl_VectorAUp =   0.20530251149624587     
 mdl_VectorADown =  -0.10265125574812294     
 mdl_VectorWmDxU =   0.23095271737156670     
 mdl_AxialWmDxU =  -0.23095271737156670     
 mdl_VectorWpUxD =   0.23095271737156670     
 mdl_AxialWpUxD =  -0.23095271737156670     
 mdl_I2x13 =  (  7.9699418879263656E-003,  3.1310485988282153E-003)
 mdl_I2x23 =  ( -4.0754375057150453E-002, -0.0000000000000000     )
 mdl_I2x33 =  ( 0.99366614581500623     ,  0.0000000000000000     )
 mdl_I3x31 =  (  7.9699418879263656E-003, -3.1310485988282153E-003)
 mdl_I3x32 =  ( -4.0754375057150453E-002,  0.0000000000000000     )
 mdl_I3x33 =  ( 0.99366614581500623     ,  0.0000000000000000     )
 mdl_Vector_tdGp =  ( -7.9699418879263656E-003, -3.1310485988282153E-003)
 mdl_Vector_tsGp =  (  4.0754375057150453E-002,  0.0000000000000000     )
 mdl_Vector_tbGp =  (-0.99366614581500623     ,  0.0000000000000000     )
 mdl_Axial_tdGp =  ( -7.9699418879263656E-003, -3.1310485988282153E-003)
 mdl_Axial_tsGp =  (  4.0754375057150453E-002,  0.0000000000000000     )
 mdl_Axial_tbGp =  (-0.99366614581500623     , -0.0000000000000000     )
 mdl_Vector_tdGm =  (  7.9699418879263656E-003, -3.1310485988282153E-003)
 mdl_Vector_tsGm =  ( -4.0754375057150453E-002,  0.0000000000000000     )
 mdl_Vector_tbGm =  ( 0.99366614581500623     ,  0.0000000000000000     )
 mdl_Axial_tdGm =  ( -7.9699418879263656E-003,  3.1310485988282153E-003)
 mdl_Axial_tsGm =  (  4.0754375057150453E-002, -0.0000000000000000     )
 mdl_Axial_tbGm =  (-0.99366614581500623     ,  0.0000000000000000     )
 mdl_gw__exp__2 =   0.42671326129048615     
 mdl_cw__exp__2 =   0.77775351421422245     
 mdl_ee__exp__2 =    9.4835522759998875E-002
 mdl_sw__exp__2 =   0.22224648578577769     
 mdl_yt__exp__2 =   0.98737240933884918     
  Internal Params evaluated point by point
  ----------------------------------------
  
 mdl_sqrt__aS =   0.34351128074635334     
 mdl_G__exp__4 =    2.1987899468922913     
 mdl_G__exp__2 =    1.4828317324943823     
 mdl_R2MixedFactor_FIN_ =   -2.5040377713124864E-002
 mdl_G_UVg_1EPS_ =   -5.1645779033320030E-002
 mdl_G_UVq_1EPS_ =    3.1300472141406080E-003
 mdl_G_UVb_1EPS_ =    3.1300472141406080E-003
 mdl_GWcft_UV_t_1EPS_ =   -3.1300472141406080E-003
 mdl_tWcft_UV_1EPS_ =   -1.8780283284843650E-002
 mdl_G__exp__3 =    1.8056676068262196     
 mdl_MU_R__exp__2 =    8315.2513440000002     
 mdl_G_UVt_FIN_ =   -4.0087659331150384E-003
 mdl_GWcft_UV_t_FIN_ =    4.0087659331150384E-003
 mdl_tWcft_UV_FIN_ =   -9.8778211443463623E-004
  Couplings of loop_sm-ckm_no_b_mass
  ---------------------------------
  
       UV_3Gt =   0.48815E-02   0.00000E+00
      UV_GQQt =   0.00000E+00  -0.48815E-02
   UVWfct_G_2 =   0.40088E-02   0.00000E+00
       R2_DDA =   0.00000E+00   0.25704E-02
       R2_UUA =  -0.00000E+00  -0.51409E-02
    R2_DDZ_V2 =   0.00000E+00   0.72127E-02
    R2_UUZ_V2 =  -0.00000E+00  -0.72127E-02
    R2_UUZ_V5 =   0.00000E+00   0.68702E-03
      R2_GGHt =   0.00000E+00  -0.45657E+01
     R2_GGZup =  -0.46369E-02   0.00000E+00
   R2_GGZdown =   0.46369E-02   0.00000E+00
 R2_GGGZvecUp =   0.00000E+00   0.28750E-03
 R2_GGGZvecDown  -0.00000E+00  -0.49665E-03
 R2_GGGZaxialUp  -0.00000E+00  -0.63522E-02
 R2_GGGZaxialDow  0.00000E+00   0.63522E-02
 R2_GGGAvecUp =   0.00000E+00   0.78251E-03
 R2_GGGAvecDown  -0.00000E+00  -0.39126E-03
         GC_4 =  -0.12177E+01   0.00000E+00
         GC_5 =   0.00000E+00   0.12177E+01
         GC_6 =   0.00000E+00   0.14828E+01
       R2_3Gq =   0.76230E-02   0.00000E+00
       R2_3Gg =   0.31445E-01   0.00000E+00
       R2_GQQ =  -0.00000E+00  -0.30492E-01
       R2_GGq =   0.00000E+00   0.62601E-02
       R2_GGt =  -0.00000E+00  -0.11242E+04
     R2_GGg_1 =   0.00000E+00   0.28170E-01
     R2_GGg_2 =  -0.00000E+00  -0.18780E-01
       R2_QQq =   0.00000E+00   0.12520E-01
  UV_3Gg_1eps =   0.62890E-01   0.00000E+00
  UV_3Gb_1eps =  -0.38115E-02   0.00000E+00
 UV_GQQg_1eps =   0.00000E+00  -0.62890E-01
 UV_GQQq_1eps =   0.00000E+00   0.38115E-02
 UVWfct_G_2_1eps -0.31300E-02   0.00000E+00
         GC_1 =  -0.00000E+00  -0.10265E+00
         GC_2 =   0.00000E+00   0.20530E+00
        GC_21 =  -0.00000E+00  -0.28804E+00
        GC_22 =   0.00000E+00   0.28804E+00
        GC_23 =  -0.00000E+00  -0.27437E-01
        GC_24 =   0.00000E+00   0.82310E-01
        GC_37 =  -0.00000E+00  -0.70263E+00
        GC_38 =  -0.00000E+00  -0.72172E-02
      GC_1003 =  -0.00000E+00  -0.30795E+00

 Collider parameters:
 --------------------

 Running at P P   machine @    13000.000000000000       GeV
 PDF set = lhapdf 
 alpha_s(Mz)= 0.1180 running at 3 loops.
 alpha_s(Mz)= 0.1180 running at 3 loops.
 Renormalization scale set on event-by-event basis
 Factorization   scale set on event-by-event basis


 ===============================================================
 INFO: MadFKS read these parameters from FKS_params.dat
 ===============================================================
  > IRPoleCheckThreshold      =    1.0000000000000001E-005
  > PrecisionVirtualAtRunTime =    1.0000000000000000E-003
  > NHelForMCoverHels         =            4
  > VirtualFraction           =    1.0000000000000000     
  > MinVirtualFraction        =    5.0000000000000001E-003
 ===============================================================
  Insert the number of points to test
 Insert the relative tolerance
  A negative number will mean use the default one:    1.0000000000000001E-005
Using random seed offsets:     0 ,    102 ,      0
  with seed                   32
 Ranmar initialization seeds       10729        9508
  ========================================================================================== 
 {                                                                                          }
 {       [32m                                                                            [0m       }
 {       [32m                               ,,                                           [0m       }
 {       [32m`7MMM.     ,MMF'             `7MM  `7MMF'                                   [0m       }
 {       [32m  MMMb    dPMM                 MM    MM                                     [0m       }
 {       [32m  M YM   ,M MM   ,6"Yb.   ,M""bMM    MM         ,pW"Wq.   ,pW"Wq.`7MMpdMAo. [0m       }
 {       [32m  M  Mb  M' MM  8)   MM ,AP    MM    MM        6W'   `Wb 6W'   `Wb MM   `Wb [0m       }
 {       [32m  M  YM.P'  MM   ,pm9MM 8MI    MM    MM      , 8M     M8 8M     M8 MM    M8 [0m       }
 {       [32m  M  `YM'   MM  8M   MM `Mb    MM    MM     ,M YA.   ,A9 YA.   ,A9 MM   ,AP [0m       }
 {       [32m.JML. `'  .JMML.`Moo9^Yo.`Wbmd"MML..JMMmmmmMMM  `Ybmd9'   `Ybmd9'  MMbmmd'  [0m       }
 {       [32m                                                                   MM       [0m       }
 {       [32m                                                                 .JMML.     [0m       }
 {       [32m[0mv2.4.2 (2016-06-10), Ref: arXiv:1103.0621v2, arXiv:1405.0301[32m                [0m       }
 {       [32m                                                                            [0m       }
 {                                                                                          }
  ========================================================================================== 
 ===============================================================
 INFO: MadLoop read these parameters from ./MadLoop5_resources/MadLoopParams.dat                                                                                                                                                                                                                                                                                                                                                                                                                                                                                          
 ===============================================================
  > MLReductionLib            = 6|1|2
  > IREGIMODE                 =            2
  > IREGIRECY                 =  T
  > CTModeRun                 =           -1
  > MLStabThres               =    1.0000000000000000E-003
  > NRotations_DP             =            1
  > NRotations_QP             =            0
  > CTStabThres               =    1.0000000000000000E-002
  > CTLoopLibrary             =            2
  > CTModeInit                =            1
  > CheckCycle                =            3
  > MaxAttempts               =           10
  > UseLoopFilter             =  F
  > HelicityFilterLevel       =            2
  > ImprovePSPoint            =            2
  > DoubleCheckHelicityFilter =  T
  > LoopInitStartOver         =  F
  > HelInitStartOver          =  F
  > ZeroThres                 =    1.0000000000000001E-009
  > OSThres                   =    1.0000000000000000E-008
  > WriteOutFilters           =  T
  > UseQPIntegrandForNinja    =  F
  > UseQPIntegrandForCutTools =  T
 ===============================================================
  
------------------------------------------------------------------------
|              You are using CutTools - Version 1.9.3                  |
|              Authors: G. Ossola, C. Papadopoulos, R. Pittau          |
|              Published in JHEP 0803:042,2008                         |
|              http://www.ugr.es/~pittau/CutTools                      |
|                                                                      |
|              Compiler with  34  significant digits detetected        |
 ---------------------------------------------------------------------- 
   
########################################################################
#                                                                      #
#                      You are using OneLOop-3.6                       #
#                                                                      #
# for the evaluation of 1-loop scalar 1-, 2-, 3- and 4-point functions #
#                                                                      #
# author: Andreas van Hameren <hamerenREMOVETHIS@ifj.edu.pl>           #
#   date: 18-02-2015                                                   #
#                                                                      #
# Please cite                                                          #
#    A. van Hameren,                                                   #
#      Comput.Phys.Commun. 182 (2011) 2427-2438, arXiv:1007.4716       #
#    A. van Hameren, C.G. Papadopoulos and R. Pittau,                  #
#      JHEP 0909:106,2009, arXiv:0903.4665                             #
# in publications with results obtained with the help of this program. #
#                                                                      #
########################################################################
 PASSED   1.0000000000000001E-005
 MU_R    =    325.00000000000000     
 ALPHA_S =   0.11799999999999999     
 BORN                    3.1402423995311570E-010
 SINGLE POLE (MadFKS)   -8.1077925473400548E-011
 DOUBLE POLE (MadFKS)   -3.1453142318011897E-011
 SINGLE POLE (MadLoop)  -8.1077925473393788E-011
 DOUBLE POLE (MadLoop)  -3.1453142318009751E-011
 FINITE PART (MadLoop)   1.9061999622612299E-010
   325.00000000000000        0.0000000000000000        0.0000000000000000        325.00000000000000        0.0000000000000000     
   325.00000000000000        0.0000000000000000        0.0000000000000000       -325.00000000000000        0.0000000000000000     
   275.35283914403209       -39.476620465983082        129.47116135221881        239.78082306634039        1.7769999999999999     
   132.66482659420313        77.429374831199056       -99.381052433898333       -41.531877114457750        1.7769999999999999     
   142.32962998688447        31.290846035867162       -50.188822996359278       -129.45921586663201        0.0000000000000000     
   99.652704274882922       -69.243600401083143        20.098714078038768       -68.789730085250611        0.0000000000000000     

 PASSED   1.0000000000000001E-005
 MU_R    =    325.00000000000000     
 ALPHA_S =   0.11799999999999999     
 BORN                    2.8953955849116246E-011
 SINGLE POLE (MadFKS)   -3.7878578550849352E-012
 DOUBLE POLE (MadFKS)   -2.9000719630040471E-012
 SINGLE POLE (MadLoop)  -3.7878578550850516E-012
 DOUBLE POLE (MadLoop)  -2.9000719630040221E-012
 FINITE PART (MadLoop)   1.3896791316943817E-011
   325.00000000000000        0.0000000000000000        0.0000000000000000        325.00000000000000        0.0000000000000000     
   325.00000000000000        0.0000000000000000        0.0000000000000000       -325.00000000000000        0.0000000000000000     
   193.65194230361524       -165.47094128094372        73.603957294386120        68.554664984721256        1.7769999999999999     
   173.31115479274709        16.867971340800072       -109.28050878169550       -133.44227437306083        1.7769999999999999     
   79.747578477528791       -40.138510302121247       -39.381144490126943        56.548224750241801        0.0000000000000000     
   203.28932442611116        188.74148024226491        75.057695977436367        8.3393846380977887        0.0000000000000000     

 PASSED   1.0000000000000001E-005
 MU_R    =    325.00000000000000     
 ALPHA_S =   0.11799999999999999     
 BORN                    1.2851918600366375E-009
 SINGLE POLE (MadFKS)   -4.4382714412080814E-010
 DOUBLE POLE (MadFKS)   -1.2872675843660364E-010
 SINGLE POLE (MadLoop)  -4.4382714412082417E-010
 DOUBLE POLE (MadLoop)  -1.2872675843659951E-010
 FINITE PART (MadLoop)  -7.0411747554288222E-010
   325.00000000000000        0.0000000000000000        0.0000000000000000        325.00000000000000        0.0000000000000000     
   325.00000000000000        0.0000000000000000        0.0000000000000000       -325.00000000000000        0.0000000000000000     
   130.66456042492513       -16.519306957173850        57.707231469783885       -116.04765209079572        1.7769999999999999     
   208.90685969327166        147.34738602732318       -5.8641368490860222       -147.96377268721716        1.7769999999999999     
   262.29947445108422       -139.05888010883334       -50.424618371360950        216.61255739752198        0.0000000000000000     
   48.129105430723570        8.2308010386839854       -1.4184762493368699        47.398867380490969        0.0000000000000000     

 PASSED   1.0000000000000001E-005
 MU_R    =    325.00000000000000     
 ALPHA_S =   0.11799999999999999     
 BORN                    1.1476976845663594E-010
 SINGLE POLE (MadFKS)   -7.6305754062391485E-012
 DOUBLE POLE (MadFKS)   -1.1495513408808190E-011
 SINGLE POLE (MadLoop)  -7.6305754062400225E-012
 DOUBLE POLE (MadLoop)  -1.1495513408808194E-011
 FINITE PART (MadLoop)   5.3796064639885041E-011
   325.00000000000000        0.0000000000000000        0.0000000000000000        325.00000000000000        0.0000000000000000     
   325.00000000000000        0.0000000000000000        0.0000000000000000       -325.00000000000000        0.0000000000000000     
   106.17192726257846       -84.745624134392500        59.834312475472416       -22.524534408285749        1.7769999999999999     
   77.183666222788332        22.258338275376733        50.460175616542401        53.967561150726382        1.7769999999999999     
   226.86665116747895       -152.41948621768387       -154.92380067488580        65.079901794118285        0.0000000000000000     
   239.77775534715437        214.90677207669967        44.629312582871087       -96.522928536558879        0.0000000000000000     

 PASSED   1.0000000000000001E-005
 MU_R    =    325.00000000000000     
 ALPHA_S =   0.11799999999999999     
 BORN                    1.2741304607983207E-009
 SINGLE POLE (MadFKS)   -9.9724399907962404E-011
 DOUBLE POLE (MadFKS)   -1.2761883197675115E-010
 SINGLE POLE (MadLoop)  -9.9724399908016171E-011
 DOUBLE POLE (MadLoop)  -1.2761883197675924E-010
 FINITE PART (MadLoop)   1.2134878214003164E-009
   325.00000000000000        0.0000000000000000        0.0000000000000000        325.00000000000000        0.0000000000000000     
   325.00000000000000        0.0000000000000000        0.0000000000000000       -325.00000000000000        0.0000000000000000     
   145.10222189812444        31.536568777236802        126.07660323566964        64.510712421168066        1.7769999999999999     
   221.64076820535414        15.854173501301171       -215.09568762539740        51.029038293971560        1.7769999999999999     
   119.02677375454425       -74.583614194972071        80.439848864046283        46.196191171572025        0.0000000000000000     
   164.23023614197999        27.192871916434104        8.5792355256816109       -161.73594188671169        0.0000000000000000     

 PASSED   1.0000000000000001E-005
 MU_R    =    325.00000000000000     
 ALPHA_S =   0.11799999999999999     
 BORN                    5.6618224564144268E-009
 SINGLE POLE (MadFKS)   -5.0910030212604910E-010
 DOUBLE POLE (MadFKS)   -5.6709669141307882E-010
 SINGLE POLE (MadLoop)  -5.0910030212604714E-010
 DOUBLE POLE (MadLoop)  -5.6709669141307882E-010
 FINITE PART (MadLoop)   3.0187898435368049E-009
   325.00000000000000        0.0000000000000000        0.0000000000000000        325.00000000000000        0.0000000000000000     
   325.00000000000000        0.0000000000000000        0.0000000000000000       -325.00000000000000        0.0000000000000000     
   148.86438522214067       -1.1336724827945308        58.011225966891494        137.07975746654176        1.7769999999999999     
   37.093388584314212       -24.222457933549112        20.978874637718533        18.598954224882160        1.7769999999999999     
   176.59050626247887       -54.469368873565486        165.68743446446308       -27.658069656761043        0.0000000000000000     
   287.45171993106624        79.825499289909260       -244.67753506907317       -128.02064203466287        0.0000000000000000     

 PASSED   1.0000000000000001E-005
 MU_R    =    325.00000000000000     
 ALPHA_S =   0.11799999999999999     
 BORN                    6.4764591671775731E-012
 SINGLE POLE (MadFKS)   -1.0896154224054066E-012
 DOUBLE POLE (MadFKS)   -6.4869193515902610E-013
 SINGLE POLE (MadLoop)  -1.0896154224051988E-012
 DOUBLE POLE (MadLoop)  -6.4869193515901590E-013
 FINITE PART (MadLoop)   2.8769505279009988E-012
   325.00000000000000        0.0000000000000000        0.0000000000000000        325.00000000000000        0.0000000000000000     
   325.00000000000000        0.0000000000000000        0.0000000000000000       -325.00000000000000        0.0000000000000000     
   130.88129877446005        99.969190310303347       -82.424409988339690        18.415598460705109        1.7769999999999999     
   250.14994565661706       -214.54904856704906        25.598082832973475       -126.03682595677644        1.7769999999999999     
   183.11221998004365        99.228142787998308        134.58982394227661        74.628681323278840        0.0000000000000000     
   85.856535588882480        15.351715468747408       -77.763496786910409        32.992546172792458        0.0000000000000000     

 PASSED   1.0000000000000001E-005
 MU_R    =    325.00000000000000     
 ALPHA_S =   0.11799999999999999     
 BORN                    1.0179047626168448E-010
 SINGLE POLE (MadFKS)   -1.0772415437995928E-011
 DOUBLE POLE (MadFKS)   -1.0195487892765797E-011
 SINGLE POLE (MadLoop)  -1.0772415437995285E-011
 DOUBLE POLE (MadLoop)  -1.0195487892765658E-011
 FINITE PART (MadLoop)   5.0878892983510501E-011
   325.00000000000000        0.0000000000000000        0.0000000000000000        325.00000000000000        0.0000000000000000     
   325.00000000000000        0.0000000000000000        0.0000000000000000       -325.00000000000000        0.0000000000000000     
   37.452359636557695        8.5079816525624281        4.0906226549785432       -36.199482977527360        1.7769999999999999     
   251.55736437430102       -172.79648842150687       -124.89072937377546        133.49767468996336        1.7769999999999999     
   248.70932701521664        233.14481411145528        85.088740036948451       -16.116181812746440        0.0000000000000000     
   112.28094897392454       -68.856307342510874        35.711366681848467       -81.182009899689547        0.0000000000000000     

 PASSED   1.0000000000000001E-005
 MU_R    =    325.00000000000000     
 ALPHA_S =   0.11799999999999999     
 BORN                    4.5463733301858037E-012
 SINGLE POLE (MadFKS)   -1.1442749998430507E-012
 DOUBLE POLE (MadFKS)   -4.5537162165091951E-013
 SINGLE POLE (MadLoop)  -1.1442749998430530E-012
 DOUBLE POLE (MadLoop)  -4.5537162165091234E-013
 FINITE PART (MadLoop)   1.8107133058871813E-012
   325.00000000000000        0.0000000000000000        0.0000000000000000        325.00000000000000        0.0000000000000000     
   325.00000000000000        0.0000000000000000        0.0000000000000000       -325.00000000000000        0.0000000000000000     
   149.54329671218173        23.101880527542395        147.71838586398152       -2.3709610664541749        1.7769999999999999     
   101.77356519371642       -20.309697507575102       -59.980743501548623        79.652541951854104        1.7769999999999999     
   211.42206681247646       -94.304820573878388        34.102523586481759       -186.12605684541140        0.0000000000000000     
   187.26107128162548        91.512637553910935       -121.84016594891452        108.84447596001149        0.0000000000000000     

 PASSED   1.0000000000000001E-005
 MU_R    =    325.00000000000000     
 ALPHA_S =   0.11799999999999999     
 BORN                    2.5638107689448180E-012
 SINGLE POLE (MadFKS)   -5.1143675664969468E-013
 DOUBLE POLE (MadFKS)   -2.5679516015742139E-013
 SINGLE POLE (MadLoop)  -5.1143675664969316E-013
 DOUBLE POLE (MadLoop)  -2.5679516015742320E-013
 FINITE PART (MadLoop)   1.1581417457642805E-012
   325.00000000000000        0.0000000000000000        0.0000000000000000        325.00000000000000        0.0000000000000000     
   325.00000000000000        0.0000000000000000        0.0000000000000000       -325.00000000000000        0.0000000000000000     
   92.801298624204804       -48.210683731912873        78.050330246836992       -13.885215871565945        1.7769999999999999     
   251.14954413740597       -230.06516871492016       -86.042171062063048       -52.342131543612702        1.7769999999999999     
   158.24824029623852        155.34480667997036       -29.394540771122792       -6.8159788199127469        0.0000000000000000     
   147.80091694215076        122.93104576686262        37.386381586348854        73.043326235091371        0.0000000000000000     

 PASSED   1.0000000000000001E-005
 MU_R    =    325.00000000000000     
 ALPHA_S =   0.11799999999999999     
 BORN                    9.4165177385185077E-011
 SINGLE POLE (MadFKS)   -1.6838567198160887E-011
 DOUBLE POLE (MadFKS)   -9.4317264365937528E-012
 SINGLE POLE (MadLoop)  -1.6838567198159520E-011
 DOUBLE POLE (MadLoop)  -9.4317264365937576E-012
 FINITE PART (MadLoop)  -8.5205315041723571E-012
   325.00000000000000        0.0000000000000000        0.0000000000000000        325.00000000000000        0.0000000000000000     
   325.00000000000000        0.0000000000000000        0.0000000000000000       -325.00000000000000        0.0000000000000000     
   61.714418216118396      -0.32451079319106191        11.382689275083411        60.628712375952460        1.7769999999999999     
   286.35329900004132       -239.06907849818063       -156.32738840268883        20.069316391764236        1.7769999999999999     
   22.770670888050546        16.893855300391586        5.5948590249305070        14.205585460391866        0.0000000000000000     
   279.16161189578980        222.49973399098005        139.34984010267485       -94.903614228108665        0.0000000000000000     

 PASSED   1.0000000000000001E-005
 MU_R    =    325.00000000000000     
 ALPHA_S =   0.11799999999999999     
 BORN                    9.4345446908750312E-011
 SINGLE POLE (MadFKS)   -1.2648319522923969E-011
 DOUBLE POLE (MadFKS)   -9.4497825044347051E-012
 SINGLE POLE (MadLoop)  -1.2648319522922208E-011
 DOUBLE POLE (MadLoop)  -9.4497825044347422E-012
 FINITE PART (MadLoop)   2.2450744663364808E-011
   325.00000000000000        0.0000000000000000        0.0000000000000000        325.00000000000000        0.0000000000000000     
   325.00000000000000        0.0000000000000000        0.0000000000000000       -325.00000000000000        0.0000000000000000     
   183.00645889225314        41.519714241920177       -133.44959890154891       -118.13350138536880        1.7769999999999999     
   85.901568896976769        64.012491990255072       -10.160430059921426        56.347922234604397        1.7769999999999999     
   276.28962408353050       -196.76716686954447        189.95893888394096        39.169375236766662        0.0000000000000000     
   104.80234812723964        91.234960637369213       -46.348909922470632        22.616203913997733        0.0000000000000000     

 PASSED   1.0000000000000001E-005
 MU_R    =    325.00000000000000     
 ALPHA_S =   0.11799999999999999     
 BORN                    1.4021068187435508E-010
 SINGLE POLE (MadFKS)   -5.3607683015484061E-011
 DOUBLE POLE (MadFKS)   -1.4043713734194568E-011
 SINGLE POLE (MadLoop)  -5.3607683015526461E-011
 DOUBLE POLE (MadLoop)  -1.4043713734197849E-011
 FINITE PART (MadLoop)  -2.2180514943796762E-011
   325.00000000000000        0.0000000000000000        0.0000000000000000        325.00000000000000        0.0000000000000000     
   325.00000000000000        0.0000000000000000        0.0000000000000000       -325.00000000000000        0.0000000000000000     
   250.00148723222406        135.80423425461839        134.56551384414163       -161.08047160255876        1.7769999999999999     
   315.71646175188482       -122.70610117866180       -172.12102157604937        234.50222420539740        1.7769999999999999     
   58.093064342509422       -3.9352608003293699        27.203348565872432       -51.179055031721489        0.0000000000000000     
   26.188986673381713       -9.1628722756271710        10.352159166035321       -22.242697571117105        0.0000000000000000     

 PASSED   1.0000000000000001E-005
 MU_R    =    325.00000000000000     
 ALPHA_S =   0.11799999999999999     
 BORN                    2.1169576952178929E-011
 SINGLE POLE (MadFKS)   -2.6519409442422028E-012
 DOUBLE POLE (MadFKS)   -2.1203768116384923E-012
 SINGLE POLE (MadLoop)  -2.6519409441994576E-012
 DOUBLE POLE (MadLoop)  -2.1203768116384757E-012
 FINITE PART (MadLoop)   1.1813371903740602E-011
   325.00000000000000        0.0000000000000000        0.0000000000000000        325.00000000000000        0.0000000000000000     
   325.00000000000000        0.0000000000000000        0.0000000000000000       -325.00000000000000        0.0000000000000000     
Thanks for using LHAPDF 6.2.1. Please make sure to cite the paper:
  Eur.Phys.J. C75 (2015) 3, 132  (http://arxiv.org/abs/1412.7420)
   188.44783710505857        29.154139040999564        42.844704810955740       -181.17338940091292        1.7769999999999999     
   174.03527649922194       -128.90414022578057        19.689860530146717        115.24387949959110        1.7769999999999999     
   209.36383598433062        173.00862370604938       -78.455827224115879        88.010880668199093        0.0000000000000000     
   78.153050411391305       -73.258622521268322        15.921261883013434       -22.081370766877281        0.0000000000000000     

 PASSED   1.0000000000000001E-005
 MU_R    =    325.00000000000000     
 ALPHA_S =   0.11799999999999999     
 BORN                    1.2944453327187113E-010
 SINGLE POLE (MadFKS)   -9.6417513317943005E-012
 DOUBLE POLE (MadFKS)   -1.2965360024107248E-011
 SINGLE POLE (MadLoop)  -9.6417513317942618E-012
 DOUBLE POLE (MadLoop)  -1.2965360024107403E-011
 FINITE PART (MadLoop)   7.0195540405313160E-011
   325.00000000000000        0.0000000000000000        0.0000000000000000        325.00000000000000        0.0000000000000000     
   325.00000000000000        0.0000000000000000        0.0000000000000000       -325.00000000000000        0.0000000000000000     
   60.358295249616795        41.554650747734108       -31.318168392332630        30.534397099390258        1.7769999999999999     
   123.90335486915566       -1.1686177818856405       -7.3615157975005667       -123.66618792731879        1.7769999999999999     
   254.78281493109577       -216.55440452291722       -76.042733024507442        110.61634336797270        0.0000000000000000     
   210.95553495013169        176.16837155706872        114.72241721434064       -17.484552540044056        0.0000000000000000     

 PASSED   1.0000000000000001E-005
 MU_R    =    325.00000000000000     
 ALPHA_S =   0.11799999999999999     
 BORN                    2.5295838961922724E-010
 SINGLE POLE (MadFKS)   -1.4745252965065633E-011
 DOUBLE POLE (MadFKS)   -2.5336694487077017E-011
 SINGLE POLE (MadLoop)  -1.4745252965066800E-011
 DOUBLE POLE (MadLoop)  -2.5336694487076888E-011
 FINITE PART (MadLoop)   1.4824187248062972E-010
   325.00000000000000        0.0000000000000000        0.0000000000000000        325.00000000000000        0.0000000000000000     
   325.00000000000000        0.0000000000000000        0.0000000000000000       -325.00000000000000        0.0000000000000000     
   166.43176491964823        12.458933002924484        137.74053317399995       -92.567246662304370        1.7769999999999999     
   70.881723211898873        51.789986114102511       -32.736772331300728        35.597219443629292        1.7769999999999999     
   178.88768552821725       -12.217112001080745        105.76361937775427        143.75535824487699        0.0000000000000000     
   233.79882634023565       -52.031807115946251       -210.76738022045350       -86.785331026201945        0.0000000000000000     

 PASSED   1.0000000000000001E-005
 MU_R    =    325.00000000000000     
 ALPHA_S =   0.11799999999999999     
 BORN                    1.2065185413617375E-012
 SINGLE POLE (MadFKS)   -2.2046076526608888E-013
 DOUBLE POLE (MadFKS)   -1.2084671997434551E-013
 SINGLE POLE (MadLoop)  -2.2046076526608825E-013
 DOUBLE POLE (MadLoop)  -1.2084671997434561E-013
 FINITE PART (MadLoop)   4.0832009338976958E-013
   325.00000000000000        0.0000000000000000        0.0000000000000000        325.00000000000000        0.0000000000000000     
   325.00000000000000        0.0000000000000000        0.0000000000000000       -325.00000000000000        0.0000000000000000     
   261.77238155493188        105.13542814448009       -236.41004935413210        39.729741116631430        1.7769999999999999     
   75.882389981530252       -58.427899102298809       -32.268149265151429       -36.054493891920629        1.7769999999999999     
   164.57285695606262        39.561703705978566        154.51226594518135       -40.559296333227536        0.0000000000000000     
   147.77237150747530       -86.269232748159908        114.16593267410222        36.884049108516720        0.0000000000000000     

 PASSED   1.0000000000000001E-005
 MU_R    =    325.00000000000000     
 ALPHA_S =   0.11799999999999999     
 BORN                    3.8635972704644361E-010
 SINGLE POLE (MadFKS)   -5.7481196201193910E-011
 DOUBLE POLE (MadFKS)   -3.8698373993531090E-011
 SINGLE POLE (MadLoop)  -5.7481196201195655E-011
 DOUBLE POLE (MadLoop)  -3.8698373993531213E-011
 FINITE PART (MadLoop)  -2.7074350920098748E-011
   325.00000000000000        0.0000000000000000        0.0000000000000000        325.00000000000000        0.0000000000000000     
   325.00000000000000        0.0000000000000000        0.0000000000000000       -325.00000000000000        0.0000000000000000     
   227.54229768251270        213.81034057772973        39.876209041462680       -66.838355157454259        1.7769999999999999     
   47.602123515616931        26.276272881784411        9.2253072068792061        38.564953320038533        1.7769999999999999     
   300.88383067268273       -279.30625936581822       -110.68283042633799        16.383042701417033        0.0000000000000000     
   73.971748129187546        39.219645906304017        61.581314177996120        11.890359135998548        0.0000000000000000     

 PASSED   1.0000000000000001E-005
 MU_R    =    325.00000000000000     
 ALPHA_S =   0.11799999999999999     
 BORN                    1.9522074044844872E-011
 SINGLE POLE (MadFKS)   -3.8847491998848235E-012
 DOUBLE POLE (MadFKS)   -1.9553604313060277E-012
 SINGLE POLE (MadLoop)  -3.8847491998848590E-012
 DOUBLE POLE (MadLoop)  -1.9553604313060131E-012
 FINITE PART (MadLoop)   1.1007330230741715E-011
   325.00000000000000        0.0000000000000000        0.0000000000000000        325.00000000000000        0.0000000000000000     
   325.00000000000000        0.0000000000000000        0.0000000000000000       -325.00000000000000        0.0000000000000000     
   108.83479665089568        49.595356987981923       -71.897818455616772        64.906544351086978        1.7769999999999999     
   127.26454721805999        55.830184258925712        106.81971174305787        40.812338310396548        1.7769999999999999     
   235.80694396778162       -90.666088100416260        128.03011692689958       -176.04790385482158        0.0000000000000000     
   178.09371216326269       -14.759453146491357       -162.95201021434070        70.329021193338136        0.0000000000000000     

 PASSED   1.0000000000000001E-005
 MU_R    =    325.00000000000000     
 ALPHA_S =   0.11799999999999999     
 BORN                    3.8078410064044269E-010
 SINGLE POLE (MadFKS)   -6.7417263159526668E-011
 DOUBLE POLE (MadFKS)   -3.8139910828756951E-011
 SINGLE POLE (MadLoop)  -6.7417263159522972E-011
 DOUBLE POLE (MadLoop)  -3.8139910828754967E-011
 FINITE PART (MadLoop)   1.3645583462043222E-010
   325.00000000000000        0.0000000000000000        0.0000000000000000        325.00000000000000        0.0000000000000000     
   325.00000000000000        0.0000000000000000        0.0000000000000000       -325.00000000000000        0.0000000000000000     
   187.32551036279693        46.266770349753799        18.601627169133764        180.55762108464441        1.7769999999999999     
   125.41651780963508        119.66401355783131       -35.075085147622893        13.281847447274920        1.7769999999999999     
   89.301842770704837        27.993409159625251       -60.224305763857124       -59.701098491794475        0.0000000000000000     
   247.95612905686949       -193.92419306721041        76.697763742346240       -134.13837004012487        0.0000000000000000     

 NUMBER OF POINTS PASSING THE CHECK          20
 NUMBER OF POINTS FAILING THE CHECK           0
 TOLERANCE    1.0000000000000001E-005
