==== LHAPDF6 USING DEFAULT-TYPE LHAGLUE INTERFACE ====
LHAPDF 6.2.1 loading /cvmfs/cms.cern.ch/slc6_amd64_gcc481/external/lhapdf/6.2.1/share/LHAPDF/NNPDF31_nnlo_hessian_pdfas/NNPDF31_nnlo_hessian_pdfas_0000.dat
NNPDF31_nnlo_hessian_pdfas PDF set, member #0, version 1; LHAPDF ID = 306000
 A PDF is used, so alpha_s(MZ) is going to be modified
 Old value of alpha_s from param_card:   0.11799999999999999     
 New value of alpha_s from PDF lhapdf :  0.11800208008122040     
 using LHAPDF
 *****************************************************
 *               MadGraph/MadEvent                   *
 *        --------------------------------           *
 *          http://madgraph.hep.uiuc.edu             *
 *          http://madgraph.phys.ucl.ac.be           *
 *          http://madgraph.roma2.infn.it            *
 *        --------------------------------           *
 *                                                   *
 *          PARAMETER AND COUPLING VALUES            *
 *                                                   *
 *****************************************************

  External Params
  ---------------------------------
  
 MU_R =    91.188000000000002     
 aEWM1 =    132.50700000000001     
 mdl_Gf =    1.1663900000000000E-005
 aS =   0.11799999999999999     
 mdl_lamWS =   0.22530000000000000     
 mdl_AWS =   0.80800000000000005     
 mdl_rhoWS =   0.13200000000000001     
 mdl_etaWS =   0.34100000000000003     
 mdl_ymt =    173.00000000000000     
 mdl_ymtau =    1.7769999999999999     
 mdl_MT =    173.00000000000000     
 mdl_MZ =    91.188000000000002     
 mdl_MH =    125.00000000000000     
 mdl_MTA =    1.7769999999999999     
 mdl_WT =    1.4915000000000000     
 mdl_WZ =    2.4414039999999999     
 mdl_WW =    2.0476000000000001     
 mdl_WH =    6.3823389999999999E-003
  Internal Params
  ---------------------------------
  
 mdl_CKM33 =    1.0000000000000000     
 mdl_conjg__CKM3x3 =    1.0000000000000000     
 mdl_I4x33 =    0.0000000000000000     
 mdl_I1x33 =    0.0000000000000000     
 mdl_lhv =    1.0000000000000000     
 mdl_CKM3x3 =    1.0000000000000000     
 mdl_conjg__CKM33 =    1.0000000000000000     
 mdl_Ncol =    3.0000000000000000     
 mdl_CA =    3.0000000000000000     
 mdl_TF =   0.50000000000000000     
 mdl_CF =    1.3333333333333333     
 mdl_lamWS__exp__2 =    5.0760090000000001E-002
 mdl_CKM11 =  ( 0.97461995499999998     ,  0.0000000000000000     )
 mdl_CKM12 =  ( 0.22530000000000000     ,  0.0000000000000000     )
 mdl_complexi =  (  0.0000000000000000     ,  1.0000000000000000     )
 mdl_lamWS__exp__3 =    1.1436248277000001E-002
 mdl_CKM13 =  (  1.2197444962317122E-003, -3.1510066152652563E-003)
 mdl_CKM21 =  (-0.22530000000000000     ,  0.0000000000000000     )
 mdl_CKM22 =  ( 0.97461995499999998     ,  0.0000000000000000     )
 mdl_CKM23 =  (  4.1014152720000002E-002,  0.0000000000000000     )
 mdl_CKM31 =  (  8.0207441115842885E-003, -3.1510066152652563E-003)
 mdl_CKM32 =  ( -4.1014152720000002E-002,  0.0000000000000000     )
 mdl_MZ__exp__2 =    8315.2513440000002     
 mdl_MZ__exp__4 =    69143404.913893804     
 mdl_sqrt__2 =    1.4142135623730951     
 mdl_MH__exp__2 =    15625.000000000000     
 mdl_CKM1x1 =  ( 0.97461995499999998     ,  0.0000000000000000     )
 mdl_CKM1x2 =  ( 0.22530000000000000     ,  0.0000000000000000     )
 mdl_CKM1x3 =  (  1.2197444962317122E-003, -3.1510066152652563E-003)
 mdl_CKM2x1 =  (-0.22530000000000000     ,  0.0000000000000000     )
 mdl_CKM2x2 =  ( 0.97461995499999998     ,  0.0000000000000000     )
 mdl_CKM2x3 =  (  4.1014152720000002E-002,  0.0000000000000000     )
 mdl_CKM3x1 =  (  8.0207441115842885E-003, -3.1510066152652563E-003)
 mdl_CKM3x2 =  ( -4.1014152720000002E-002,  0.0000000000000000     )
 mdl_conjg__CKM1x3 =  (  1.2197444962317122E-003,  3.1510066152652563E-003)
 mdl_conjg__CKM2x3 =  (  4.1014152720000002E-002, -0.0000000000000000     )
 mdl_conjg__CKM2x1 =  (-0.22530000000000000     , -0.0000000000000000     )
 mdl_conjg__CKM3x1 =  (  8.0207441115842885E-003,  3.1510066152652563E-003)
 mdl_conjg__CKM2x2 =  ( 0.97461995499999998     , -0.0000000000000000     )
 mdl_conjg__CKM3x2 =  ( -4.1014152720000002E-002, -0.0000000000000000     )
 mdl_Ncol__exp__2 =    9.0000000000000000     
 mdl_MT__exp__2 =    29929.000000000000     
 mdl_conjg__CKM11 =  ( 0.97461995499999998     , -0.0000000000000000     )
 mdl_conjg__CKM12 =  ( 0.22530000000000000     , -0.0000000000000000     )
 mdl_conjg__CKM13 =  (  1.2197444962317122E-003,  3.1510066152652563E-003)
 mdl_conjg__CKM21 =  (-0.22530000000000000     , -0.0000000000000000     )
 mdl_conjg__CKM22 =  ( 0.97461995499999998     , -0.0000000000000000     )
 mdl_conjg__CKM23 =  (  4.1014152720000002E-002, -0.0000000000000000     )
 mdl_conjg__CKM31 =  (  8.0207441115842885E-003,  3.1510066152652563E-003)
 mdl_conjg__CKM32 =  ( -4.1014152720000002E-002, -0.0000000000000000     )
 mdl_aEW =    7.5467711139788835E-003
 mdl_MW =    80.419002445756163     
 mdl_sqrt__aEW =    8.6872153846781555E-002
 mdl_ee =   0.30795376724436879     
 mdl_MW__exp__2 =    6467.2159543705357     
 mdl_sw2 =   0.22224648578577766     
 mdl_cw =   0.88190334743339216     
 mdl_sqrt__sw2 =   0.47143025548407230     
 mdl_sw =   0.47143025548407230     
 mdl_g1 =   0.34919219678733299     
 mdl_gw =   0.65323293034757990     
 mdl_v =    246.21845810181637     
 mdl_v__exp__2 =    60623.529110035903     
 mdl_lam =   0.12886910601690263     
 mdl_yt =   0.99366614581500623     
 mdl_ytau =    1.0206617000654717E-002
 mdl_muH =    88.388347648318430     
 mdl_AxialZUp =  -0.18517701861793787     
 mdl_AxialZDown =   0.18517701861793787     
 mdl_VectorZUp =    7.5430507588273299E-002
 mdl_VectorZDown =  -0.13030376310310560     
 mdl_VectorAUp =   0.20530251149624587     
 mdl_VectorADown =  -0.10265125574812294     
 mdl_VectorWmDxU =   0.23095271737156670     
 mdl_AxialWmDxU =  -0.23095271737156670     
 mdl_VectorWpUxD =   0.23095271737156670     
 mdl_AxialWpUxD =  -0.23095271737156670     
 mdl_I2x13 =  (  7.9699418879263656E-003,  3.1310485988282153E-003)
 mdl_I2x23 =  ( -4.0754375057150453E-002, -0.0000000000000000     )
 mdl_I2x33 =  ( 0.99366614581500623     ,  0.0000000000000000     )
 mdl_I3x31 =  (  7.9699418879263656E-003, -3.1310485988282153E-003)
 mdl_I3x32 =  ( -4.0754375057150453E-002,  0.0000000000000000     )
 mdl_I3x33 =  ( 0.99366614581500623     ,  0.0000000000000000     )
 mdl_Vector_tdGp =  ( -7.9699418879263656E-003, -3.1310485988282153E-003)
 mdl_Vector_tsGp =  (  4.0754375057150453E-002,  0.0000000000000000     )
 mdl_Vector_tbGp =  (-0.99366614581500623     ,  0.0000000000000000     )
 mdl_Axial_tdGp =  ( -7.9699418879263656E-003, -3.1310485988282153E-003)
 mdl_Axial_tsGp =  (  4.0754375057150453E-002,  0.0000000000000000     )
 mdl_Axial_tbGp =  (-0.99366614581500623     , -0.0000000000000000     )
 mdl_Vector_tdGm =  (  7.9699418879263656E-003, -3.1310485988282153E-003)
 mdl_Vector_tsGm =  ( -4.0754375057150453E-002,  0.0000000000000000     )
 mdl_Vector_tbGm =  ( 0.99366614581500623     ,  0.0000000000000000     )
 mdl_Axial_tdGm =  ( -7.9699418879263656E-003,  3.1310485988282153E-003)
 mdl_Axial_tsGm =  (  4.0754375057150453E-002, -0.0000000000000000     )
 mdl_Axial_tbGm =  (-0.99366614581500623     ,  0.0000000000000000     )
 mdl_gw__exp__2 =   0.42671326129048615     
 mdl_cw__exp__2 =   0.77775351421422245     
 mdl_ee__exp__2 =    9.4835522759998875E-002
 mdl_sw__exp__2 =   0.22224648578577769     
 mdl_yt__exp__2 =   0.98737240933884918     
  Internal Params evaluated point by point
  ----------------------------------------
  
 mdl_sqrt__aS =   0.34351128074635334     
 mdl_G__exp__4 =    2.1987899468922913     
 mdl_G__exp__2 =    1.4828317324943823     
 mdl_R2MixedFactor_FIN_ =   -2.5040377713124864E-002
 mdl_G_UVg_1EPS_ =   -5.1645779033320030E-002
 mdl_G_UVq_1EPS_ =    3.1300472141406080E-003
 mdl_G_UVb_1EPS_ =    3.1300472141406080E-003
 mdl_GWcft_UV_t_1EPS_ =   -3.1300472141406080E-003
 mdl_tWcft_UV_1EPS_ =   -1.8780283284843650E-002
 mdl_G__exp__3 =    1.8056676068262196     
 mdl_MU_R__exp__2 =    8315.2513440000002     
 mdl_G_UVt_FIN_ =   -4.0087659331150384E-003
 mdl_GWcft_UV_t_FIN_ =    4.0087659331150384E-003
 mdl_tWcft_UV_FIN_ =   -9.8778211443463623E-004
  Couplings of loop_sm-ckm_no_b_mass
  ---------------------------------
  
       UV_3Gt =   0.48815E-02   0.00000E+00
      UV_GQQt =   0.00000E+00  -0.48815E-02
   UVWfct_G_2 =   0.40088E-02   0.00000E+00
       R2_DDA =   0.00000E+00   0.25704E-02
       R2_UUA =  -0.00000E+00  -0.51409E-02
    R2_DDZ_V2 =   0.00000E+00   0.72127E-02
    R2_UUZ_V2 =  -0.00000E+00  -0.72127E-02
    R2_UUZ_V5 =   0.00000E+00   0.68702E-03
      R2_GGHt =   0.00000E+00  -0.45657E+01
     R2_GGZup =  -0.46369E-02   0.00000E+00
   R2_GGZdown =   0.46369E-02   0.00000E+00
 R2_GGGZvecUp =   0.00000E+00   0.28750E-03
 R2_GGGZvecDown  -0.00000E+00  -0.49665E-03
 R2_GGGZaxialUp  -0.00000E+00  -0.63522E-02
 R2_GGGZaxialDow  0.00000E+00   0.63522E-02
 R2_GGGAvecUp =   0.00000E+00   0.78251E-03
 R2_GGGAvecDown  -0.00000E+00  -0.39126E-03
         GC_4 =  -0.12177E+01   0.00000E+00
         GC_5 =   0.00000E+00   0.12177E+01
         GC_6 =   0.00000E+00   0.14828E+01
       R2_3Gq =   0.76230E-02   0.00000E+00
       R2_3Gg =   0.31445E-01   0.00000E+00
       R2_GQQ =  -0.00000E+00  -0.30492E-01
       R2_GGq =   0.00000E+00   0.62601E-02
       R2_GGt =  -0.00000E+00  -0.11242E+04
     R2_GGg_1 =   0.00000E+00   0.28170E-01
     R2_GGg_2 =  -0.00000E+00  -0.18780E-01
       R2_QQq =   0.00000E+00   0.12520E-01
  UV_3Gg_1eps =   0.62890E-01   0.00000E+00
  UV_3Gb_1eps =  -0.38115E-02   0.00000E+00
 UV_GQQg_1eps =   0.00000E+00  -0.62890E-01
 UV_GQQq_1eps =   0.00000E+00   0.38115E-02
 UVWfct_G_2_1eps -0.31300E-02   0.00000E+00
         GC_1 =  -0.00000E+00  -0.10265E+00
         GC_2 =   0.00000E+00   0.20530E+00
        GC_21 =  -0.00000E+00  -0.28804E+00
        GC_22 =   0.00000E+00   0.28804E+00
        GC_23 =  -0.00000E+00  -0.27437E-01
        GC_24 =   0.00000E+00   0.82310E-01
        GC_37 =  -0.00000E+00  -0.70263E+00
        GC_38 =  -0.00000E+00  -0.72172E-02
      GC_1003 =  -0.00000E+00  -0.30795E+00

 Collider parameters:
 --------------------

 Running at P P   machine @    13000.000000000000       GeV
 PDF set = lhapdf 
 alpha_s(Mz)= 0.1180 running at 3 loops.
 alpha_s(Mz)= 0.1180 running at 3 loops.
 Renormalization scale set on event-by-event basis
 Factorization   scale set on event-by-event basis


 ===============================================================
 INFO: MadFKS read these parameters from FKS_params.dat
 ===============================================================
  > IRPoleCheckThreshold      =    1.0000000000000001E-005
  > PrecisionVirtualAtRunTime =    1.0000000000000000E-003
  > NHelForMCoverHels         =            4
  > VirtualFraction           =    1.0000000000000000     
  > MinVirtualFraction        =    5.0000000000000001E-003
 ===============================================================
  Insert the number of points to test
 Insert the relative tolerance
  A negative number will mean use the default one:    1.0000000000000001E-005
Using random seed offsets:     0 ,     70 ,      0
  with seed                   32
 Ranmar initialization seeds       10729        9476
  ========================================================================================== 
 {                                                                                          }
 {       [32m                                                                            [0m       }
 {       [32m                               ,,                                           [0m       }
 {       [32m`7MMM.     ,MMF'             `7MM  `7MMF'                                   [0m       }
 {       [32m  MMMb    dPMM                 MM    MM                                     [0m       }
 {       [32m  M YM   ,M MM   ,6"Yb.   ,M""bMM    MM         ,pW"Wq.   ,pW"Wq.`7MMpdMAo. [0m       }
 {       [32m  M  Mb  M' MM  8)   MM ,AP    MM    MM        6W'   `Wb 6W'   `Wb MM   `Wb [0m       }
 {       [32m  M  YM.P'  MM   ,pm9MM 8MI    MM    MM      , 8M     M8 8M     M8 MM    M8 [0m       }
 {       [32m  M  `YM'   MM  8M   MM `Mb    MM    MM     ,M YA.   ,A9 YA.   ,A9 MM   ,AP [0m       }
 {       [32m.JML. `'  .JMML.`Moo9^Yo.`Wbmd"MML..JMMmmmmMMM  `Ybmd9'   `Ybmd9'  MMbmmd'  [0m       }
 {       [32m                                                                   MM       [0m       }
 {       [32m                                                                 .JMML.     [0m       }
 {       [32m[0mv2.4.2 (2016-06-10), Ref: arXiv:1103.0621v2, arXiv:1405.0301[32m                [0m       }
 {       [32m                                                                            [0m       }
 {                                                                                          }
  ========================================================================================== 
 ===============================================================
 INFO: MadLoop read these parameters from ./MadLoop5_resources/MadLoopParams.dat                                                                                                                                                                                                                                                                                                                                                                                                                                                                                          
 ===============================================================
  > MLReductionLib            = 6|1|2
  > IREGIMODE                 =            2
  > IREGIRECY                 =  T
  > CTModeRun                 =           -1
  > MLStabThres               =    1.0000000000000000E-003
  > NRotations_DP             =            1
  > NRotations_QP             =            0
  > CTStabThres               =    1.0000000000000000E-002
  > CTLoopLibrary             =            2
  > CTModeInit                =            1
  > CheckCycle                =            3
  > MaxAttempts               =           10
  > UseLoopFilter             =  F
  > HelicityFilterLevel       =            2
  > ImprovePSPoint            =            2
  > DoubleCheckHelicityFilter =  T
  > LoopInitStartOver         =  F
  > HelInitStartOver          =  F
  > ZeroThres                 =    1.0000000000000001E-009
  > OSThres                   =    1.0000000000000000E-008
  > WriteOutFilters           =  T
  > UseQPIntegrandForNinja    =  F
  > UseQPIntegrandForCutTools =  T
 ===============================================================
  
------------------------------------------------------------------------
|              You are using CutTools - Version 1.9.3                  |
|              Authors: G. Ossola, C. Papadopoulos, R. Pittau          |
|              Published in JHEP 0803:042,2008                         |
|              http://www.ugr.es/~pittau/CutTools                      |
|                                                                      |
|              Compiler with  34  significant digits detetected        |
 ---------------------------------------------------------------------- 
   
########################################################################
#                                                                      #
#                      You are using OneLOop-3.6                       #
#                                                                      #
# for the evaluation of 1-loop scalar 1-, 2-, 3- and 4-point functions #
#                                                                      #
# author: Andreas van Hameren <hamerenREMOVETHIS@ifj.edu.pl>           #
#   date: 18-02-2015                                                   #
#                                                                      #
# Please cite                                                          #
#    A. van Hameren,                                                   #
#      Comput.Phys.Commun. 182 (2011) 2427-2438, arXiv:1007.4716       #
#    A. van Hameren, C.G. Papadopoulos and R. Pittau,                  #
#      JHEP 0909:106,2009, arXiv:0903.4665                             #
# in publications with results obtained with the help of this program. #
#                                                                      #
########################################################################
 PASSED   1.0000000000000001E-005
 MU_R    =    325.00000000000000     
 ALPHA_S =   0.11799999999999999     
 BORN                    6.8851499361815638E-008
 SINGLE POLE (MadFKS)   -2.3002560712725199E-009
 DOUBLE POLE (MadFKS)   -6.8962702005393568E-009
 SINGLE POLE (MadLoop)  -2.3002560712717614E-009
 DOUBLE POLE (MadLoop)  -6.8962702005392600E-009
 FINITE PART (MadLoop)   6.5366643611184413E-008
   325.00000000000000        0.0000000000000000        0.0000000000000000        325.00000000000000        0.0000000000000000     
   325.00000000000000        0.0000000000000000        0.0000000000000000       -325.00000000000000        0.0000000000000000     
   51.913166836841654        50.443894249370523        10.677047032440470       -5.7648383893335184        1.7769999999999999     
   193.71726467058923        47.166319498673985       -47.734653455157236       -181.71395672022601        1.7769999999999999     
   107.68719210238244       -12.434048427260153        45.994872739333822       -96.573275103915009        0.0000000000000000     
   296.68237639018668       -85.176165320784378       -8.9372663166170501        284.05207021347451        0.0000000000000000     

 PASSED   1.0000000000000001E-005
 MU_R    =    325.00000000000000     
 ALPHA_S =   0.11799999999999999     
 BORN                    2.6809065322976141E-012
 SINGLE POLE (MadFKS)   -5.3874271521824013E-013
 DOUBLE POLE (MadFKS)   -2.6852364872926417E-013
 SINGLE POLE (MadLoop)  -5.3874271521823135E-013
 DOUBLE POLE (MadLoop)  -2.6852364872926129E-013
 FINITE PART (MadLoop)   7.6546213737403083E-013
   325.00000000000000        0.0000000000000000        0.0000000000000000        325.00000000000000        0.0000000000000000     
   325.00000000000000        0.0000000000000000        0.0000000000000000       -325.00000000000000        0.0000000000000000     
   251.11083127626455        114.65768973417421        162.85210847814702        152.92578855216109        1.7769999999999999     
   120.33995029438421       -47.686199061682366        88.355627758220265       -66.316328082571658        1.7769999999999999     
   153.04039408990732       -19.020521124468612       -148.12747845538465       -33.433996557356380        0.0000000000000000     
   125.50882433944821       -47.950969548023266       -103.08025778098259       -53.175463912232992        0.0000000000000000     

 PASSED   1.0000000000000001E-005
 MU_R    =    325.00000000000000     
 ALPHA_S =   0.11799999999999999     
 BORN                    2.4287281758725389E-011
 SINGLE POLE (MadFKS)   -3.0419391163524161E-012
 DOUBLE POLE (MadFKS)   -2.4326508354542852E-012
 SINGLE POLE (MadLoop)  -3.0419391163523002E-012
 DOUBLE POLE (MadLoop)  -2.4326508354542570E-012
 FINITE PART (MadLoop)   1.3084753817923333E-011
   325.00000000000000        0.0000000000000000        0.0000000000000000        325.00000000000000        0.0000000000000000     
   325.00000000000000        0.0000000000000000        0.0000000000000000       -325.00000000000000        0.0000000000000000     
   238.30752631700446        221.81216502064856        63.089051468946110        60.053762612604089        1.7769999999999999     
   198.06838047915792       -137.60712286927756       -31.955314385397884       -138.82025513161395        1.7769999999999999     
   152.07311974308135       -60.231438034965322       -67.560601140130828        122.20463491299276        0.0000000000000000     
   61.550973460757099       -23.973604116405731        36.426864056582581       -43.438142393982858        0.0000000000000000     

 PASSED   1.0000000000000001E-005
 MU_R    =    325.00000000000000     
 ALPHA_S =   0.11799999999999999     
 BORN                    8.1227147302101560E-011
 SINGLE POLE (MadFKS)   -1.0776448846423333E-011
 DOUBLE POLE (MadFKS)   -8.1358337960170182E-012
 SINGLE POLE (MadLoop)  -1.0776448846422545E-011
 DOUBLE POLE (MadLoop)  -8.1358337960166950E-012
 FINITE PART (MadLoop)   6.0670021546219878E-011
   325.00000000000000        0.0000000000000000        0.0000000000000000        325.00000000000000        0.0000000000000000     
   325.00000000000000        0.0000000000000000        0.0000000000000000       -325.00000000000000        0.0000000000000000     
   209.87599273551820        134.73703629545102       -2.4539000508868982       -160.88717793092724        1.7769999999999999     
   136.09725411214322       -34.801893942222115        124.74546717192285       -41.793557469523023        1.7769999999999999     
   66.031535656288284       -57.521320108876068       -29.913864728258869       -12.514876390892287        0.0000000000000000     
   237.99521749605432       -42.413822244352765       -92.377702392777238        215.19561179134243        0.0000000000000000     

 PASSED   1.0000000000000001E-005
 MU_R    =    325.00000000000000     
 ALPHA_S =   0.11799999999999999     
 BORN                    2.5256166063205631E-010
 SINGLE POLE (MadFKS)   -2.0074568519995433E-011
 DOUBLE POLE (MadFKS)   -2.5296957512322995E-011
 SINGLE POLE (MadLoop)  -2.0074568519994085E-011
 DOUBLE POLE (MadLoop)  -2.5296957512322442E-011
 FINITE PART (MadLoop)   1.6891960037811953E-010
   325.00000000000000        0.0000000000000000        0.0000000000000000        325.00000000000000        0.0000000000000000     
   325.00000000000000        0.0000000000000000        0.0000000000000000       -325.00000000000000        0.0000000000000000     
   219.63405217377613        200.27275608103764        56.973822729148431        69.862478059440505        1.7769999999999999     
   69.796905748057497       -23.069264579744413        46.996629541405589        46.125656271763283        1.7769999999999999     
   203.36682925785402       -194.74559307536546       -49.959535011883787        30.598465345727153        0.0000000000000000     
   157.20221282031244        17.542101574072280       -54.010917258670247       -146.58659967693094        0.0000000000000000     

 PASSED   1.0000000000000001E-005
 MU_R    =    325.00000000000000     
 ALPHA_S =   0.11799999999999999     
 BORN                    1.1361981465008928E-010
 SINGLE POLE (MadFKS)   -1.2764628520214171E-011
 DOUBLE POLE (MadFKS)   -1.1380332298133895E-011
 SINGLE POLE (MadLoop)  -1.2764628520214256E-011
 DOUBLE POLE (MadLoop)  -1.1380332298133905E-011
 FINITE PART (MadLoop)   7.1457620802176339E-011
   325.00000000000000        0.0000000000000000        0.0000000000000000        325.00000000000000        0.0000000000000000     
   325.00000000000000        0.0000000000000000        0.0000000000000000       -325.00000000000000        0.0000000000000000     
   151.60161981337859        80.267934531929924       -67.010126855732068        109.75698149000219        1.7769999999999999     
   120.76769207284512        51.933880033763430        98.653469788166731        46.390114496468819        1.7769999999999999     
   182.87963321801311       -6.0468774405674584        115.97658126500642       -141.27217743510263        0.0000000000000000     
   194.75105489576319       -126.15493712512590       -147.61992419744109       -14.874918551368358        0.0000000000000000     

 PASSED   1.0000000000000001E-005
 MU_R    =    325.00000000000000     
 ALPHA_S =   0.11799999999999999     
 BORN                    4.3537105460436325E-011
 SINGLE POLE (MadFKS)   -7.1705613016678704E-012
 DOUBLE POLE (MadFKS)   -4.3607422610619069E-012
 SINGLE POLE (MadLoop)  -7.1705613016678510E-012
 DOUBLE POLE (MadLoop)  -4.3607422610617170E-012
 FINITE PART (MadLoop)   1.8741297759393433E-011
   325.00000000000000        0.0000000000000000        0.0000000000000000        325.00000000000000        0.0000000000000000     
   325.00000000000000        0.0000000000000000        0.0000000000000000       -325.00000000000000        0.0000000000000000     
   143.05304183328346       -129.38031782488221        9.5226052129035992        60.258347125081244        1.7769999999999999     
   186.58942847286141       -83.800287301561383        156.58181732051031        57.202302590115650        1.7769999999999999     
   251.23288303502585        144.55267154480183       -162.99182650903427       -125.12454259097403        0.0000000000000000     
   69.124646658833669        68.627933581641742       -3.1125960243796964        7.6638928757771039        0.0000000000000000     

 PASSED   1.0000000000000001E-005
 MU_R    =    325.00000000000000     
 ALPHA_S =   0.11799999999999999     
 BORN                    1.6004097148188977E-011
 SINGLE POLE (MadFKS)   -2.5179249862992733E-012
 DOUBLE POLE (MadFKS)   -1.6029945501927860E-012
 SINGLE POLE (MadLoop)  -2.5179249862996053E-012
 DOUBLE POLE (MadLoop)  -1.6029945501927860E-012
 FINITE PART (MadLoop)   8.2525500775209994E-012
   325.00000000000000        0.0000000000000000        0.0000000000000000        325.00000000000000        0.0000000000000000     
   325.00000000000000        0.0000000000000000        0.0000000000000000       -325.00000000000000        0.0000000000000000     
   217.92804318862025       -132.63560051145026        48.065075963727246        166.09340814309653        1.7769999999999999     
   95.868560943267752        92.187467920668666       -19.140923859203625       -17.964382553399989        1.7769999999999999     
   140.35594289261687       -94.166249551520963        83.936516324838266       -61.539981946100532        0.0000000000000000     
   195.84745297549512        134.61438214230250       -112.86066842936191       -86.589043643595943        0.0000000000000000     

 PASSED   1.0000000000000001E-005
 MU_R    =    325.00000000000000     
 ALPHA_S =   0.11799999999999999     
 BORN                    1.9155612650779075E-011
 SINGLE POLE (MadFKS)   -2.5122370392958468E-012
 DOUBLE POLE (MadFKS)   -1.9186551044072844E-012
 SINGLE POLE (MadLoop)  -2.5122370392958783E-012
 DOUBLE POLE (MadLoop)  -1.9186551044072315E-012
 FINITE PART (MadLoop)   1.2320644500878764E-011
   325.00000000000000        0.0000000000000000        0.0000000000000000        325.00000000000000        0.0000000000000000     
   325.00000000000000        0.0000000000000000        0.0000000000000000       -325.00000000000000        0.0000000000000000     
   239.84161561821946        216.46194902780650        79.132759103657278        66.355662253372074        1.7769999999999999     
   111.04013056406644       -54.416137621094805        72.021575658049656        64.641546027449166        1.7769999999999999     
   143.97039127121272       -31.782613755015074       -67.233271126788537       -123.27621943942539        0.0000000000000000     
   155.14786254650738       -130.26319765169660       -83.921063634918383       -7.7209888413959185        0.0000000000000000     

 PASSED   1.0000000000000001E-005
 MU_R    =    325.00000000000000     
 ALPHA_S =   0.11799999999999999     
 BORN                    2.7870710895067295E-009
 SINGLE POLE (MadFKS)   -4.7744070645940323E-010
 DOUBLE POLE (MadFKS)   -2.7915725117831578E-010
 SINGLE POLE (MadLoop)  -4.7744070645941595E-010
 DOUBLE POLE (MadLoop)  -2.7915725117831682E-010
 FINITE PART (MadLoop)   1.4916327063274678E-009
   325.00000000000000        0.0000000000000000        0.0000000000000000        325.00000000000000        0.0000000000000000     
   325.00000000000000        0.0000000000000000        0.0000000000000000       -325.00000000000000        0.0000000000000000     
   233.33296208266685        48.895103468294025        113.37219747411322        197.98264358773156        1.7769999999999999     
   72.315817408684069        41.304902634427016        15.831464996264916        57.181198421497591        1.7769999999999999     
   189.40911871227649       -9.5430311626302409       -143.19461996401733       -123.61248165517489        0.0000000000000000     
   154.94210179637258       -80.656974940090763        13.990957493639224       -131.55136035405425        0.0000000000000000     

 PASSED   1.0000000000000001E-005
 MU_R    =    325.00000000000000     
 ALPHA_S =   0.11799999999999999     
 BORN                    6.9813859394341628E-012
 SINGLE POLE (MadFKS)   -8.2308024653919961E-013
 DOUBLE POLE (MadFKS)   -6.9926616353812198E-013
 SINGLE POLE (MadLoop)  -8.2308024653915922E-013
 DOUBLE POLE (MadLoop)  -6.9926616353812410E-013
 FINITE PART (MadLoop)   4.2492703641667640E-012
   325.00000000000000        0.0000000000000000        0.0000000000000000        325.00000000000000        0.0000000000000000     
   325.00000000000000        0.0000000000000000        0.0000000000000000       -325.00000000000000        0.0000000000000000     
   135.69178901492765        37.396131851298065       -130.26698143735928        6.4145730045473641        1.7769999999999999     
   186.24635720470067        106.54485441277500        144.32861630140124       -50.019919609135059        1.7769999999999999     
   171.17008666422171       -83.230515088742081        125.65585166314210        81.132526581576840        0.0000000000000000     
   156.89176711615519       -60.710471175330945       -139.71748652718404       -37.527179976989160        0.0000000000000000     

 PASSED   1.0000000000000001E-005
 MU_R    =    325.00000000000000     
 ALPHA_S =   0.11799999999999999     
 BORN                    1.6937821759613425E-009
 SINGLE POLE (MadFKS)   -5.6398634593398628E-011
 DOUBLE POLE (MadFKS)   -1.6965178179932217E-010
 SINGLE POLE (MadLoop)  -5.6398634593370639E-011
 DOUBLE POLE (MadLoop)  -1.6965178179932010E-010
 FINITE PART (MadLoop)   1.4280124884528518E-009
   325.00000000000000        0.0000000000000000        0.0000000000000000        325.00000000000000        0.0000000000000000     
   325.00000000000000        0.0000000000000000        0.0000000000000000       -325.00000000000000        0.0000000000000000     
   133.30346341679063        129.34629967880301       -18.924194273477490        26.039686257952084        1.7769999999999999     
   77.409612391491493       -18.915200719669336        44.236904188565177        60.616844615562762        1.7769999999999999     
   212.21725901787008       -168.26341188207340        33.203038689878611        124.98458892447462        0.0000000000000000     
   227.06966517384782        57.832312922939700       -58.515748604966305       -211.64111979798943        0.0000000000000000     

 PASSED   1.0000000000000001E-005
 MU_R    =    325.00000000000000     
 ALPHA_S =   0.11799999999999999     
 BORN                    1.3938636214132420E-010
 SINGLE POLE (MadFKS)   -7.7634856658329962E-012
 DOUBLE POLE (MadFKS)   -1.3961148624308664E-011
 SINGLE POLE (MadLoop)  -7.7634856658336893E-012
 DOUBLE POLE (MadLoop)  -1.3961148624308685E-011
 FINITE PART (MadLoop)   7.4462962480029451E-011
   325.00000000000000        0.0000000000000000        0.0000000000000000        325.00000000000000        0.0000000000000000     
   325.00000000000000        0.0000000000000000        0.0000000000000000       -325.00000000000000        0.0000000000000000     
   117.32234876703822       -89.745724017804079        39.321745411050792        64.504892446722252        1.7769999999999999     
   104.20090641324904       -52.290131106136656       -73.260133742215530       -52.472527681810973        1.7769999999999999     
   174.43252620816477       -58.209084213708664        102.86024588617347        128.28943265366567        0.0000000000000000     
   254.04421861154790        200.24493933764941       -68.921857555008714       -140.32179741857703        0.0000000000000000     

 PASSED   1.0000000000000001E-005
 MU_R    =    325.00000000000000     
 ALPHA_S =   0.11799999999999999     
 BORN                    4.0120729216400459E-011
 SINGLE POLE (MadFKS)   -4.5495409981319133E-012
 DOUBLE POLE (MadFKS)   -4.0185528548186866E-012
 SINGLE POLE (MadLoop)  -4.5495409981319287E-012
 DOUBLE POLE (MadLoop)  -4.0185528548187141E-012
 FINITE PART (MadLoop)   1.8140162197575739E-011
   325.00000000000000        0.0000000000000000        0.0000000000000000        325.00000000000000        0.0000000000000000     
   325.00000000000000        0.0000000000000000        0.0000000000000000       -325.00000000000000        0.0000000000000000     
Thanks for using LHAPDF 6.2.1. Please make sure to cite the paper:
  Eur.Phys.J. C75 (2015) 3, 132  (http://arxiv.org/abs/1412.7420)
   205.44951729357348        159.32766630934989       -122.53955301514341        42.486458106409280        1.7769999999999999     
   108.50129544349031        27.331216203752241       -5.6802420644208338       -104.83373910544691        1.7769999999999999     
   226.06535437976322       -132.98026127274304        182.00892538227015       -17.162332122183972        0.0000000000000000     
   109.98383288317304       -53.678621240359092       -53.789130302705900        79.509613121221591        0.0000000000000000     

 PASSED   1.0000000000000001E-005
 MU_R    =    325.00000000000000     
 ALPHA_S =   0.11799999999999999     
 BORN                    1.7332852764940617E-011
 SINGLE POLE (MadFKS)   -1.6700962278915703E-012
 DOUBLE POLE (MadFKS)   -1.7360847203203748E-012
 SINGLE POLE (MadLoop)  -1.6700962278915855E-012
 DOUBLE POLE (MadLoop)  -1.7360847203203714E-012
 FINITE PART (MadLoop)   9.0864453889443184E-012
   325.00000000000000        0.0000000000000000        0.0000000000000000        325.00000000000000        0.0000000000000000     
   325.00000000000000        0.0000000000000000        0.0000000000000000       -325.00000000000000        0.0000000000000000     
   204.54517399986923       -147.11782607375173       -118.59664425629934       -78.273569613982147        1.7769999999999999     
   66.675971226869379       -4.7906604557177639        38.950437846497962        53.874301610419359        1.7769999999999999     
   212.67014919578108        64.948319595608297        193.53442551423777       -59.621592410270694        0.0000000000000000     
   166.10870557748026        86.960166933861174       -113.88821910443637        84.020860413833589        0.0000000000000000     

 PASSED   1.0000000000000001E-005
 MU_R    =    325.00000000000000     
 ALPHA_S =   0.11799999999999999     
 BORN                    1.7972835584250526E-009
 SINGLE POLE (MadFKS)   -1.4072121855776706E-010
 DOUBLE POLE (MadFKS)   -1.8001863664220977E-010
 SINGLE POLE (MadLoop)  -1.4072121855784996E-010
 DOUBLE POLE (MadLoop)  -1.8001863664221292E-010
 FINITE PART (MadLoop)   2.3038239767405096E-009
   325.00000000000000        0.0000000000000000        0.0000000000000000        325.00000000000000        0.0000000000000000     
   325.00000000000000        0.0000000000000000        0.0000000000000000       -325.00000000000000        0.0000000000000000     
   273.44396374900668       -116.23114275187358        100.31119294525777        226.26628031207150        1.7769999999999999     
   67.282020399948706        49.351033063521633       -31.067601340329293       -33.511076118511582        1.7769999999999999     
   219.01320774868941       -6.0630818434915366       -22.342093430785702       -217.78626005342889        0.0000000000000000     
   90.260808102355242        72.943191531843468       -46.901498174142745        25.031055859868953        0.0000000000000000     

 PASSED   1.0000000000000001E-005
 MU_R    =    325.00000000000000     
 ALPHA_S =   0.11799999999999999     
 BORN                    3.2628232706604318E-010
 SINGLE POLE (MadFKS)   -5.2987020671003602E-011
 DOUBLE POLE (MadFKS)   -3.2680930843404265E-011
 SINGLE POLE (MadLoop)  -5.2987020671004455E-011
 DOUBLE POLE (MadLoop)  -3.2680930843404317E-011
 FINITE PART (MadLoop)   1.2246610431265834E-010
   325.00000000000000        0.0000000000000000        0.0000000000000000        325.00000000000000        0.0000000000000000     
   325.00000000000000        0.0000000000000000        0.0000000000000000       -325.00000000000000        0.0000000000000000     
   89.070640253828984       -5.2941796629727715       -87.880042374582956        13.397426624717529        1.7769999999999999     
   194.95765780086535       -118.46390073039031       -25.839718534480163        152.65629294594561        1.7769999999999999     
   264.95370539311591        151.52120165081362        189.87832902213890       -105.77339750426790        0.0000000000000000     
   101.01799655218983       -27.763121257450493       -76.158568113075788       -60.280322066395229        0.0000000000000000     

 PASSED   1.0000000000000001E-005
 MU_R    =    325.00000000000000     
 ALPHA_S =   0.11799999999999999     
 BORN                    3.8983626468412549E-008
 SINGLE POLE (MadFKS)   -7.9649703049104129E-010
 DOUBLE POLE (MadFKS)   -3.9046589255856887E-009
 SINGLE POLE (MadLoop)  -7.9649703049098887E-010
 DOUBLE POLE (MadLoop)  -3.9046589255856986E-009
 FINITE PART (MadLoop)   3.0284284005059916E-008
   325.00000000000000        0.0000000000000000        0.0000000000000000        325.00000000000000        0.0000000000000000     
   325.00000000000000        0.0000000000000000        0.0000000000000000       -325.00000000000000        0.0000000000000000     
   42.891898901342870       -7.3866671601367191        38.706212926136025       -16.847061807478372        1.7769999999999999     
   89.401900519340458       -35.301341948520985       -26.304816848527015       -77.790834644378847        1.7769999999999999     
   287.21149076582861       -111.78205239234789       -76.368352203576791        253.30433863752603        0.0000000000000000     
   230.49470981348821        154.47006150100555        63.966956125967762       -158.66644218566887        0.0000000000000000     

 PASSED   1.0000000000000001E-005
 MU_R    =    325.00000000000000     
 ALPHA_S =   0.11799999999999999     
 BORN                    5.2820482884431268E-010
 SINGLE POLE (MadFKS)   -2.1341840264040032E-011
 DOUBLE POLE (MadFKS)   -5.2905793696632250E-011
 SINGLE POLE (MadLoop)  -2.1341840264038866E-011
 DOUBLE POLE (MadLoop)  -5.2905793696632108E-011
 FINITE PART (MadLoop)   3.2543446955997346E-010
   325.00000000000000        0.0000000000000000        0.0000000000000000        325.00000000000000        0.0000000000000000     
   325.00000000000000        0.0000000000000000        0.0000000000000000       -325.00000000000000        0.0000000000000000     
   119.52329250302107       -73.043645048124446        65.564473377427134       -68.180535863155185        1.7769999999999999     
   49.767817115300488        12.566082884138105        22.261121444043294        42.663965174659090        1.7769999999999999     
   211.66999789139211       -145.13856595938759       -53.375650023453538       -144.53381840651784        0.0000000000000000     
   269.03889249028629        205.61612812337395       -34.449944798016887        170.05038909501394        0.0000000000000000     

 PASSED   1.0000000000000001E-005
 MU_R    =    325.00000000000000     
 ALPHA_S =   0.11799999999999999     
 BORN                    8.5512694771764853E-009
 SINGLE POLE (MadFKS)   -1.4427962387411007E-010
 DOUBLE POLE (MadFKS)   -8.5650807054085996E-010
 SINGLE POLE (MadLoop)  -1.4427962387407060E-010
 DOUBLE POLE (MadLoop)  -8.5650807054086006E-010
 FINITE PART (MadLoop)   6.5038399108068468E-009
   325.00000000000000        0.0000000000000000        0.0000000000000000        325.00000000000000        0.0000000000000000     
   325.00000000000000        0.0000000000000000        0.0000000000000000       -325.00000000000000        0.0000000000000000     
   33.683393045206905        7.2363673965440540       -31.876441235015363        7.9335187105558358        1.7769999999999999     
   89.240258639625111       -75.156164622448031       -33.319447137565838        34.670324410908385        1.7769999999999999     
   251.74493741836179       -55.622396704111857       -101.56971245935601       -223.52909432910303        0.0000000000000000     
   275.33141089680606        123.54219393001576        166.76560083193718        180.92525120763878        0.0000000000000000     

 NUMBER OF POINTS PASSING THE CHECK          20
 NUMBER OF POINTS FAILING THE CHECK           0
 TOLERANCE    1.0000000000000001E-005
