==== LHAPDF6 USING DEFAULT-TYPE LHAGLUE INTERFACE ====
LHAPDF 6.2.1 loading /cvmfs/cms.cern.ch/slc6_amd64_gcc481/external/lhapdf/6.2.1/share/LHAPDF/NNPDF31_nnlo_hessian_pdfas/NNPDF31_nnlo_hessian_pdfas_0000.dat
NNPDF31_nnlo_hessian_pdfas PDF set, member #0, version 1; LHAPDF ID = 306000
 A PDF is used, so alpha_s(MZ) is going to be modified
 Old value of alpha_s from param_card:   0.11799999999999999     
 New value of alpha_s from PDF lhapdf :  0.11800208008122040     
 using LHAPDF
 *****************************************************
 *               MadGraph/MadEvent                   *
 *        --------------------------------           *
 *          http://madgraph.hep.uiuc.edu             *
 *          http://madgraph.phys.ucl.ac.be           *
 *          http://madgraph.roma2.infn.it            *
 *        --------------------------------           *
 *                                                   *
 *          PARAMETER AND COUPLING VALUES            *
 *                                                   *
 *****************************************************

  External Params
  ---------------------------------
  
 MU_R =    91.188000000000002     
 aEWM1 =    132.50700000000001     
 mdl_Gf =    1.1663900000000000E-005
 aS =   0.11799999999999999     
 mdl_lamWS =   0.22530000000000000     
 mdl_AWS =   0.80800000000000005     
 mdl_rhoWS =   0.13200000000000001     
 mdl_etaWS =   0.34100000000000003     
 mdl_ymt =    173.00000000000000     
 mdl_ymtau =    1.7769999999999999     
 mdl_MT =    173.00000000000000     
 mdl_MZ =    91.188000000000002     
 mdl_MH =    125.00000000000000     
 mdl_MTA =    1.7769999999999999     
 mdl_WT =    1.4915000000000000     
 mdl_WZ =    2.4414039999999999     
 mdl_WW =    2.0476000000000001     
 mdl_WH =    6.3823389999999999E-003
  Internal Params
  ---------------------------------
  
 mdl_CKM33 =    1.0000000000000000     
 mdl_conjg__CKM3x3 =    1.0000000000000000     
 mdl_I4x33 =    0.0000000000000000     
 mdl_I1x33 =    0.0000000000000000     
 mdl_lhv =    1.0000000000000000     
 mdl_CKM3x3 =    1.0000000000000000     
 mdl_conjg__CKM33 =    1.0000000000000000     
 mdl_Ncol =    3.0000000000000000     
 mdl_CA =    3.0000000000000000     
 mdl_TF =   0.50000000000000000     
 mdl_CF =    1.3333333333333333     
 mdl_lamWS__exp__2 =    5.0760090000000001E-002
 mdl_CKM11 =  ( 0.97461995499999998     ,  0.0000000000000000     )
 mdl_CKM12 =  ( 0.22530000000000000     ,  0.0000000000000000     )
 mdl_complexi =  (  0.0000000000000000     ,  1.0000000000000000     )
 mdl_lamWS__exp__3 =    1.1436248277000001E-002
 mdl_CKM13 =  (  1.2197444962317122E-003, -3.1510066152652563E-003)
 mdl_CKM21 =  (-0.22530000000000000     ,  0.0000000000000000     )
 mdl_CKM22 =  ( 0.97461995499999998     ,  0.0000000000000000     )
 mdl_CKM23 =  (  4.1014152720000002E-002,  0.0000000000000000     )
 mdl_CKM31 =  (  8.0207441115842885E-003, -3.1510066152652563E-003)
 mdl_CKM32 =  ( -4.1014152720000002E-002,  0.0000000000000000     )
 mdl_MZ__exp__2 =    8315.2513440000002     
 mdl_MZ__exp__4 =    69143404.913893804     
 mdl_sqrt__2 =    1.4142135623730951     
 mdl_MH__exp__2 =    15625.000000000000     
 mdl_CKM1x1 =  ( 0.97461995499999998     ,  0.0000000000000000     )
 mdl_CKM1x2 =  ( 0.22530000000000000     ,  0.0000000000000000     )
 mdl_CKM1x3 =  (  1.2197444962317122E-003, -3.1510066152652563E-003)
 mdl_CKM2x1 =  (-0.22530000000000000     ,  0.0000000000000000     )
 mdl_CKM2x2 =  ( 0.97461995499999998     ,  0.0000000000000000     )
 mdl_CKM2x3 =  (  4.1014152720000002E-002,  0.0000000000000000     )
 mdl_CKM3x1 =  (  8.0207441115842885E-003, -3.1510066152652563E-003)
 mdl_CKM3x2 =  ( -4.1014152720000002E-002,  0.0000000000000000     )
 mdl_conjg__CKM1x3 =  (  1.2197444962317122E-003,  3.1510066152652563E-003)
 mdl_conjg__CKM2x3 =  (  4.1014152720000002E-002, -0.0000000000000000     )
 mdl_conjg__CKM2x1 =  (-0.22530000000000000     , -0.0000000000000000     )
 mdl_conjg__CKM3x1 =  (  8.0207441115842885E-003,  3.1510066152652563E-003)
 mdl_conjg__CKM2x2 =  ( 0.97461995499999998     , -0.0000000000000000     )
 mdl_conjg__CKM3x2 =  ( -4.1014152720000002E-002, -0.0000000000000000     )
 mdl_Ncol__exp__2 =    9.0000000000000000     
 mdl_MT__exp__2 =    29929.000000000000     
 mdl_conjg__CKM11 =  ( 0.97461995499999998     , -0.0000000000000000     )
 mdl_conjg__CKM12 =  ( 0.22530000000000000     , -0.0000000000000000     )
 mdl_conjg__CKM13 =  (  1.2197444962317122E-003,  3.1510066152652563E-003)
 mdl_conjg__CKM21 =  (-0.22530000000000000     , -0.0000000000000000     )
 mdl_conjg__CKM22 =  ( 0.97461995499999998     , -0.0000000000000000     )
 mdl_conjg__CKM23 =  (  4.1014152720000002E-002, -0.0000000000000000     )
 mdl_conjg__CKM31 =  (  8.0207441115842885E-003,  3.1510066152652563E-003)
 mdl_conjg__CKM32 =  ( -4.1014152720000002E-002, -0.0000000000000000     )
 mdl_aEW =    7.5467711139788835E-003
 mdl_MW =    80.419002445756163     
 mdl_sqrt__aEW =    8.6872153846781555E-002
 mdl_ee =   0.30795376724436879     
 mdl_MW__exp__2 =    6467.2159543705357     
 mdl_sw2 =   0.22224648578577766     
 mdl_cw =   0.88190334743339216     
 mdl_sqrt__sw2 =   0.47143025548407230     
 mdl_sw =   0.47143025548407230     
 mdl_g1 =   0.34919219678733299     
 mdl_gw =   0.65323293034757990     
 mdl_v =    246.21845810181637     
 mdl_v__exp__2 =    60623.529110035903     
 mdl_lam =   0.12886910601690263     
 mdl_yt =   0.99366614581500623     
 mdl_ytau =    1.0206617000654717E-002
 mdl_muH =    88.388347648318430     
 mdl_AxialZUp =  -0.18517701861793787     
 mdl_AxialZDown =   0.18517701861793787     
 mdl_VectorZUp =    7.5430507588273299E-002
 mdl_VectorZDown =  -0.13030376310310560     
 mdl_VectorAUp =   0.20530251149624587     
 mdl_VectorADown =  -0.10265125574812294     
 mdl_VectorWmDxU =   0.23095271737156670     
 mdl_AxialWmDxU =  -0.23095271737156670     
 mdl_VectorWpUxD =   0.23095271737156670     
 mdl_AxialWpUxD =  -0.23095271737156670     
 mdl_I2x13 =  (  7.9699418879263656E-003,  3.1310485988282153E-003)
 mdl_I2x23 =  ( -4.0754375057150453E-002, -0.0000000000000000     )
 mdl_I2x33 =  ( 0.99366614581500623     ,  0.0000000000000000     )
 mdl_I3x31 =  (  7.9699418879263656E-003, -3.1310485988282153E-003)
 mdl_I3x32 =  ( -4.0754375057150453E-002,  0.0000000000000000     )
 mdl_I3x33 =  ( 0.99366614581500623     ,  0.0000000000000000     )
 mdl_Vector_tdGp =  ( -7.9699418879263656E-003, -3.1310485988282153E-003)
 mdl_Vector_tsGp =  (  4.0754375057150453E-002,  0.0000000000000000     )
 mdl_Vector_tbGp =  (-0.99366614581500623     ,  0.0000000000000000     )
 mdl_Axial_tdGp =  ( -7.9699418879263656E-003, -3.1310485988282153E-003)
 mdl_Axial_tsGp =  (  4.0754375057150453E-002,  0.0000000000000000     )
 mdl_Axial_tbGp =  (-0.99366614581500623     , -0.0000000000000000     )
 mdl_Vector_tdGm =  (  7.9699418879263656E-003, -3.1310485988282153E-003)
 mdl_Vector_tsGm =  ( -4.0754375057150453E-002,  0.0000000000000000     )
 mdl_Vector_tbGm =  ( 0.99366614581500623     ,  0.0000000000000000     )
 mdl_Axial_tdGm =  ( -7.9699418879263656E-003,  3.1310485988282153E-003)
 mdl_Axial_tsGm =  (  4.0754375057150453E-002, -0.0000000000000000     )
 mdl_Axial_tbGm =  (-0.99366614581500623     ,  0.0000000000000000     )
 mdl_gw__exp__2 =   0.42671326129048615     
 mdl_cw__exp__2 =   0.77775351421422245     
 mdl_ee__exp__2 =    9.4835522759998875E-002
 mdl_sw__exp__2 =   0.22224648578577769     
 mdl_yt__exp__2 =   0.98737240933884918     
  Internal Params evaluated point by point
  ----------------------------------------
  
 mdl_sqrt__aS =   0.34351128074635334     
 mdl_G__exp__4 =    2.1987899468922913     
 mdl_G__exp__2 =    1.4828317324943823     
 mdl_R2MixedFactor_FIN_ =   -2.5040377713124864E-002
 mdl_G_UVg_1EPS_ =   -5.1645779033320030E-002
 mdl_G_UVq_1EPS_ =    3.1300472141406080E-003
 mdl_G_UVb_1EPS_ =    3.1300472141406080E-003
 mdl_GWcft_UV_t_1EPS_ =   -3.1300472141406080E-003
 mdl_tWcft_UV_1EPS_ =   -1.8780283284843650E-002
 mdl_G__exp__3 =    1.8056676068262196     
 mdl_MU_R__exp__2 =    8315.2513440000002     
 mdl_G_UVt_FIN_ =   -4.0087659331150384E-003
 mdl_GWcft_UV_t_FIN_ =    4.0087659331150384E-003
 mdl_tWcft_UV_FIN_ =   -9.8778211443463623E-004
  Couplings of loop_sm-ckm_no_b_mass
  ---------------------------------
  
       UV_3Gt =   0.48815E-02   0.00000E+00
      UV_GQQt =   0.00000E+00  -0.48815E-02
   UVWfct_G_2 =   0.40088E-02   0.00000E+00
       R2_DDA =   0.00000E+00   0.25704E-02
       R2_UUA =  -0.00000E+00  -0.51409E-02
    R2_DDZ_V2 =   0.00000E+00   0.72127E-02
    R2_UUZ_V2 =  -0.00000E+00  -0.72127E-02
    R2_UUZ_V5 =   0.00000E+00   0.68702E-03
      R2_GGHt =   0.00000E+00  -0.45657E+01
     R2_GGZup =  -0.46369E-02   0.00000E+00
   R2_GGZdown =   0.46369E-02   0.00000E+00
 R2_GGGZvecUp =   0.00000E+00   0.28750E-03
 R2_GGGZvecDown  -0.00000E+00  -0.49665E-03
 R2_GGGZaxialUp  -0.00000E+00  -0.63522E-02
 R2_GGGZaxialDow  0.00000E+00   0.63522E-02
 R2_GGGAvecUp =   0.00000E+00   0.78251E-03
 R2_GGGAvecDown  -0.00000E+00  -0.39126E-03
         GC_4 =  -0.12177E+01   0.00000E+00
         GC_5 =   0.00000E+00   0.12177E+01
         GC_6 =   0.00000E+00   0.14828E+01
       R2_3Gq =   0.76230E-02   0.00000E+00
       R2_3Gg =   0.31445E-01   0.00000E+00
       R2_GQQ =  -0.00000E+00  -0.30492E-01
       R2_GGq =   0.00000E+00   0.62601E-02
       R2_GGt =  -0.00000E+00  -0.11242E+04
     R2_GGg_1 =   0.00000E+00   0.28170E-01
     R2_GGg_2 =  -0.00000E+00  -0.18780E-01
       R2_QQq =   0.00000E+00   0.12520E-01
  UV_3Gg_1eps =   0.62890E-01   0.00000E+00
  UV_3Gb_1eps =  -0.38115E-02   0.00000E+00
 UV_GQQg_1eps =   0.00000E+00  -0.62890E-01
 UV_GQQq_1eps =   0.00000E+00   0.38115E-02
 UVWfct_G_2_1eps -0.31300E-02   0.00000E+00
         GC_1 =  -0.00000E+00  -0.10265E+00
         GC_2 =   0.00000E+00   0.20530E+00
        GC_21 =  -0.00000E+00  -0.28804E+00
        GC_22 =   0.00000E+00   0.28804E+00
        GC_23 =  -0.00000E+00  -0.27437E-01
        GC_24 =   0.00000E+00   0.82310E-01
        GC_37 =  -0.00000E+00  -0.70263E+00
        GC_38 =  -0.00000E+00  -0.72172E-02
      GC_1003 =  -0.00000E+00  -0.30795E+00

 Collider parameters:
 --------------------

 Running at P P   machine @    13000.000000000000       GeV
 PDF set = lhapdf 
 alpha_s(Mz)= 0.1180 running at 3 loops.
 alpha_s(Mz)= 0.1180 running at 3 loops.
 Renormalization scale set on event-by-event basis
 Factorization   scale set on event-by-event basis


 ===============================================================
 INFO: MadFKS read these parameters from FKS_params.dat
 ===============================================================
  > IRPoleCheckThreshold      =    1.0000000000000001E-005
  > PrecisionVirtualAtRunTime =    1.0000000000000000E-003
  > NHelForMCoverHels         =            4
  > VirtualFraction           =    1.0000000000000000     
  > MinVirtualFraction        =    5.0000000000000001E-003
 ===============================================================
  Insert the number of points to test
 Insert the relative tolerance
  A negative number will mean use the default one:    1.0000000000000001E-005
Using random seed offsets:     0 ,     37 ,      0
  with seed                   32
 Ranmar initialization seeds       10729        9443
  ========================================================================================== 
 {                                                                                          }
 {       [32m                                                                            [0m       }
 {       [32m                               ,,                                           [0m       }
 {       [32m`7MMM.     ,MMF'             `7MM  `7MMF'                                   [0m       }
 {       [32m  MMMb    dPMM                 MM    MM                                     [0m       }
 {       [32m  M YM   ,M MM   ,6"Yb.   ,M""bMM    MM         ,pW"Wq.   ,pW"Wq.`7MMpdMAo. [0m       }
 {       [32m  M  Mb  M' MM  8)   MM ,AP    MM    MM        6W'   `Wb 6W'   `Wb MM   `Wb [0m       }
 {       [32m  M  YM.P'  MM   ,pm9MM 8MI    MM    MM      , 8M     M8 8M     M8 MM    M8 [0m       }
 {       [32m  M  `YM'   MM  8M   MM `Mb    MM    MM     ,M YA.   ,A9 YA.   ,A9 MM   ,AP [0m       }
 {       [32m.JML. `'  .JMML.`Moo9^Yo.`Wbmd"MML..JMMmmmmMMM  `Ybmd9'   `Ybmd9'  MMbmmd'  [0m       }
 {       [32m                                                                   MM       [0m       }
 {       [32m                                                                 .JMML.     [0m       }
 {       [32m[0mv2.4.2 (2016-06-10), Ref: arXiv:1103.0621v2, arXiv:1405.0301[32m                [0m       }
 {       [32m                                                                            [0m       }
 {                                                                                          }
  ========================================================================================== 
 ===============================================================
 INFO: MadLoop read these parameters from ./MadLoop5_resources/MadLoopParams.dat                                                                                                                                                                                                                                                                                                                                                                                                                                                                                          
 ===============================================================
  > MLReductionLib            = 6|1|2
  > IREGIMODE                 =            2
  > IREGIRECY                 =  T
  > CTModeRun                 =           -1
  > MLStabThres               =    1.0000000000000000E-003
  > NRotations_DP             =            1
  > NRotations_QP             =            0
  > CTStabThres               =    1.0000000000000000E-002
  > CTLoopLibrary             =            2
  > CTModeInit                =            1
  > CheckCycle                =            3
  > MaxAttempts               =           10
  > UseLoopFilter             =  F
  > HelicityFilterLevel       =            2
  > ImprovePSPoint            =            2
  > DoubleCheckHelicityFilter =  T
  > LoopInitStartOver         =  F
  > HelInitStartOver          =  F
  > ZeroThres                 =    1.0000000000000001E-009
  > OSThres                   =    1.0000000000000000E-008
  > WriteOutFilters           =  T
  > UseQPIntegrandForNinja    =  F
  > UseQPIntegrandForCutTools =  T
 ===============================================================
  
------------------------------------------------------------------------
|              You are using CutTools - Version 1.9.3                  |
|              Authors: G. Ossola, C. Papadopoulos, R. Pittau          |
|              Published in JHEP 0803:042,2008                         |
|              http://www.ugr.es/~pittau/CutTools                      |
|                                                                      |
|              Compiler with  34  significant digits detetected        |
 ---------------------------------------------------------------------- 
   
########################################################################
#                                                                      #
#                      You are using OneLOop-3.6                       #
#                                                                      #
# for the evaluation of 1-loop scalar 1-, 2-, 3- and 4-point functions #
#                                                                      #
# author: Andreas van Hameren <hamerenREMOVETHIS@ifj.edu.pl>           #
#   date: 18-02-2015                                                   #
#                                                                      #
# Please cite                                                          #
#    A. van Hameren,                                                   #
#      Comput.Phys.Commun. 182 (2011) 2427-2438, arXiv:1007.4716       #
#    A. van Hameren, C.G. Papadopoulos and R. Pittau,                  #
#      JHEP 0909:106,2009, arXiv:0903.4665                             #
# in publications with results obtained with the help of this program. #
#                                                                      #
########################################################################
 PASSED   1.0000000000000001E-005
 MU_R    =    325.00000000000000     
 ALPHA_S =   0.11799999999999999     
 BORN                    1.0021143494539572E-010
 SINGLE POLE (MadFKS)   -2.7008517593537383E-011
 DOUBLE POLE (MadFKS)   -1.6310659184345170E-011
 SINGLE POLE (MadLoop)  -2.7008517593535567E-011
 DOUBLE POLE (MadLoop)  -1.6310659184345141E-011
 FINITE PART (MadLoop)   4.9248332168841982E-012
   325.00000000000000        0.0000000000000000        0.0000000000000000        325.00000000000000        0.0000000000000000     
   325.00000000000000        0.0000000000000000        0.0000000000000000       -325.00000000000000        0.0000000000000000     
   70.966396993784826       -36.094091921713812        13.649035085926560       -59.557953892402075        0.0000000000000000     
   226.84882315916181       -188.21138427539677        34.248548664781886        121.91759640097781        0.0000000000000000     
   73.588910928160644       -25.904065652677005       -34.777313709183723        59.454567910527999        0.0000000000000000     
   278.59586891889273        250.20954184978766       -13.120270041524730       -121.81421041910374        0.0000000000000000     

 PASSED   1.0000000000000001E-005
 MU_R    =    325.00000000000000     
 ALPHA_S =   0.11799999999999999     
 BORN                    1.7561620107163042E-009
 SINGLE POLE (MadFKS)   -6.2300053478130867E-010
 DOUBLE POLE (MadFKS)   -2.8583724047955111E-010
 SINGLE POLE (MadLoop)  -6.2300053471343044E-010
 DOUBLE POLE (MadLoop)  -2.8583724047955132E-010
 FINITE PART (MadLoop)  -3.1967581167445476E-010
   325.00000000000000        0.0000000000000000        0.0000000000000000        325.00000000000000        0.0000000000000000     
   325.00000000000000        0.0000000000000000        0.0000000000000000       -325.00000000000000        0.0000000000000000     
   116.70511444914419       -64.326533886661849       -34.975210035383242        90.878575361285286        0.0000000000000000     
   239.09676538088272       -88.120433522560845        192.18693007638484       -111.65230100276287        0.0000000000000000     
   254.44695601251743        173.43782727607149       -186.14802772166593        3.3889923466228438        0.0000000000000000     
   39.751164157455662       -20.990859866848794        28.936307680664317        17.384733294854762        0.0000000000000000     

 PASSED   1.0000000000000001E-005
 MU_R    =    325.00000000000000     
 ALPHA_S =   0.11799999999999999     
 BORN                    1.8731872629107706E-010
 SINGLE POLE (MadFKS)   -3.6614613050327443E-011
 DOUBLE POLE (MadFKS)   -3.0488455783955148E-011
 SINGLE POLE (MadLoop)  -3.6614613007965940E-011
 DOUBLE POLE (MadLoop)  -3.0488455783955136E-011
 FINITE PART (MadLoop)   4.4904202394228829E-011
   325.00000000000000        0.0000000000000000        0.0000000000000000        325.00000000000000        0.0000000000000000     
   325.00000000000000        0.0000000000000000        0.0000000000000000       -325.00000000000000        0.0000000000000000     
   118.81188990469968        2.9002945919800229        79.377324599115738       -88.357760346745025        0.0000000000000000     
   140.65485612132909       -131.79458660244708       -18.305319805009709        45.594854530288636        0.0000000000000000     
   179.08273015699336        85.284781661608704        144.98723225038322        61.447805020095373        0.0000000000000000     
   211.45052381697795        43.609510348858329       -206.05923704448929       -18.684899203638984        0.0000000000000000     

 PASSED   1.0000000000000001E-005
 MU_R    =    325.00000000000000     
 ALPHA_S =   0.11799999999999999     
 BORN                    6.0735703109188478E-010
 SINGLE POLE (MadFKS)   -1.6172465214334457E-010
 DOUBLE POLE (MadFKS)   -9.8854921524208966E-011
 SINGLE POLE (MadLoop)  -1.6172465214340852E-010
 DOUBLE POLE (MadLoop)  -9.8854921524209290E-011
 FINITE PART (MadLoop)   1.1893511508448175E-010
   325.00000000000000        0.0000000000000000        0.0000000000000000        325.00000000000000        0.0000000000000000     
   325.00000000000000        0.0000000000000000        0.0000000000000000       -325.00000000000000        0.0000000000000000     
   238.62149689232359       -149.94864925476531        183.30726668609239       -29.224430633946547        0.0000000000000000     
   39.021876077985844       -7.9357755209955005       -20.051619401431509       -32.521728719522088        0.0000000000000000     
   286.09655774590999        130.59909805995977       -244.63228687596913        70.357374580191248        0.0000000000000000     
   86.260069283780595        27.285326715801109        81.376639591308233       -8.6112152267226261        0.0000000000000000     

 PASSED   1.0000000000000001E-005
 MU_R    =    325.00000000000000     
 ALPHA_S =   0.11799999999999999     
 BORN                    5.5073248848095543E-011
 SINGLE POLE (MadFKS)   -1.7191874719149587E-011
 DOUBLE POLE (MadFKS)   -8.9638571947940024E-012
 SINGLE POLE (MadLoop)  -1.7191874719151687E-011
 DOUBLE POLE (MadLoop)  -8.9638571947941995E-012
 FINITE PART (MadLoop)   8.8193474106415086E-012
   325.00000000000000        0.0000000000000000        0.0000000000000000        325.00000000000000        0.0000000000000000     
   325.00000000000000        0.0000000000000000        0.0000000000000000       -325.00000000000000        0.0000000000000000     
   265.39248777416293        125.92199606918986        2.6722516265547784       -233.60154653630681        0.0000000000000000     
   158.76456816094287        34.840884596860384        81.238880142309981        131.88079927367107        0.0000000000000000     
   42.611613440084334       -41.874492135338187        6.5926794995580815       -4.3374053754269291        0.0000000000000000     
   183.23133062481017       -118.88838853071208       -90.503811268422908        106.05815263806275        0.0000000000000000     

 PASSED   1.0000000000000001E-005
 MU_R    =    325.00000000000000     
 ALPHA_S =   0.11799999999999999     
 BORN                    7.4837219128515547E-010
 SINGLE POLE (MadFKS)   -1.3059540580283387E-010
 DOUBLE POLE (MadFKS)   -1.2180689520856497E-010
 SINGLE POLE (MadLoop)  -1.3059540580283226E-010
 DOUBLE POLE (MadLoop)  -1.2180689520856446E-010
 FINITE PART (MadLoop)   1.9864433171258849E-010
   325.00000000000000        0.0000000000000000        0.0000000000000000        325.00000000000000        0.0000000000000000     
   325.00000000000000        0.0000000000000000        0.0000000000000000       -325.00000000000000        0.0000000000000000     
   195.00793395817300       -106.78657926812227       -39.115943755603446        158.41295319182922        0.0000000000000000     
   54.359232783822229        13.033095250366422        45.111130469306659        27.387050312544464        0.0000000000000000     
   274.68043376662825        122.09392864497383        112.14864783024299       -219.00934699712539        0.0000000000000000     
   125.95239949137660       -28.340444627218048       -118.14383454394620        33.209343492751749        0.0000000000000000     

 PASSED   1.0000000000000001E-005
 MU_R    =    325.00000000000000     
 ALPHA_S =   0.11799999999999999     
 BORN                    1.1062447265453172E-010
 SINGLE POLE (MadFKS)   -3.0310989710575578E-011
 DOUBLE POLE (MadFKS)   -1.8005510767300727E-011
 SINGLE POLE (MadLoop)  -3.0310989710577445E-011
 DOUBLE POLE (MadLoop)  -1.8005510767300391E-011
 FINITE PART (MadLoop)   2.4266441338950217E-011
   325.00000000000000        0.0000000000000000        0.0000000000000000        325.00000000000000        0.0000000000000000     
   325.00000000000000        0.0000000000000000        0.0000000000000000       -325.00000000000000        0.0000000000000000     
   193.48357159888150        3.1675350213868887        191.42666033976840        27.958771641661272        0.0000000000000000     
   187.63286813163924       -109.96357580100857       -129.75188758299876       -79.237319925713265        0.0000000000000000     
   155.03285926993249        30.231345281640483       -145.60480768488225        43.823432030380438        0.0000000000000000     
   113.85070099954727        76.564695497980850        83.930034928111823        7.4551162536714584        0.0000000000000000     

 PASSED   1.0000000000000001E-005
 MU_R    =    325.00000000000000     
 ALPHA_S =   0.11799999999999999     
 BORN                    4.2105970291043800E-011
 SINGLE POLE (MadFKS)   -1.2352589269821512E-011
 DOUBLE POLE (MadFKS)   -6.8532711004247812E-012
 SINGLE POLE (MadLoop)  -1.2352589269821230E-011
 DOUBLE POLE (MadLoop)  -6.8532711004247966E-012
 FINITE PART (MadLoop)   7.7497709354152978E-012
   325.00000000000000        0.0000000000000000        0.0000000000000000        325.00000000000000        0.0000000000000000     
   325.00000000000000        0.0000000000000000        0.0000000000000000       -325.00000000000000        0.0000000000000000     
   171.27917597220537        47.298015715442865        31.511035658814592       -161.57508614513662        0.0000000000000000     
   275.57710077125546       -182.29327110623709       -81.815568576315528        189.78438955144031        0.0000000000000000     
   76.179749841601080        60.970644097645739       -36.776293985322290        27.082079775236718        0.0000000000000000     
   126.96397341493811        74.024611293148496        87.080826902823219       -55.291383181540390        0.0000000000000000     

 PASSED   1.0000000000000001E-005
 MU_R    =    325.00000000000000     
 ALPHA_S =   0.11799999999999999     
 BORN                    2.3486713724324532E-009
 SINGLE POLE (MadFKS)   -6.3965245889287030E-010
 DOUBLE POLE (MadFKS)   -3.8227551888312791E-010
 SINGLE POLE (MadLoop)  -6.3965245888667265E-010
 DOUBLE POLE (MadLoop)  -3.8227551888312972E-010
 FINITE PART (MadLoop)   1.4576829089847798E-010
   325.00000000000000        0.0000000000000000        0.0000000000000000        325.00000000000000        0.0000000000000000     
   325.00000000000000        0.0000000000000000        0.0000000000000000       -325.00000000000000        0.0000000000000000     
   37.155155997178902       -5.7367694712654949        30.848459562947586        19.898935544431605        0.0000000000000000     
   235.98197912196801       -205.17926579381864       -113.56985323231649       -26.284059721066196        0.0000000000000000     
   300.72964145380655        280.64599460322643        104.37957884725826        27.947208836838772        0.0000000000000000     
   76.133223427046104       -69.729959338142208       -21.658185177889212       -21.562084660204281        0.0000000000000000     

 PASSED   1.0000000000000001E-005
 MU_R    =    325.00000000000000     
 ALPHA_S =   0.11799999999999999     
 BORN                    2.4176906677036752E-010
 SINGLE POLE (MadFKS)   -7.8686358581488215E-011
 DOUBLE POLE (MadFKS)   -3.9350926883318107E-011
 SINGLE POLE (MadLoop)  -7.8686358580711130E-011
 DOUBLE POLE (MadLoop)  -3.9350926883317939E-011
 FINITE PART (MadLoop)   2.3489773495197515E-011
   325.00000000000000        0.0000000000000000        0.0000000000000000        325.00000000000000        0.0000000000000000     
   325.00000000000000        0.0000000000000000        0.0000000000000000       -325.00000000000000        0.0000000000000000     
   217.47243667091786        39.724541830936417        129.43605965049747        170.18380636847164        0.0000000000000000     
   218.81967928341572       -182.36230829857158       -95.240671494259288       -74.533583350300887        0.0000000000000000     
   85.540533523135920        83.908122124557210        15.051869843240274        7.0746824080866455        0.0000000000000000     
   128.16735052253026        58.729644343077958       -49.247257999478386       -102.72490542625739        0.0000000000000000     

 PASSED   1.0000000000000001E-005
 MU_R    =    325.00000000000000     
 ALPHA_S =   0.11799999999999999     
 BORN                    2.9726844016345847E-010
 SINGLE POLE (MadFKS)   -1.0524618953926571E-010
 DOUBLE POLE (MadFKS)   -4.8384141155248978E-011
 SINGLE POLE (MadLoop)  -1.0524618953923099E-010
 DOUBLE POLE (MadLoop)  -4.8384141155248991E-011
 FINITE PART (MadLoop)   4.3137673635968663E-011
   325.00000000000000        0.0000000000000000        0.0000000000000000        325.00000000000000        0.0000000000000000     
   325.00000000000000        0.0000000000000000        0.0000000000000000       -325.00000000000000        0.0000000000000000     
   277.52675726833746       -238.73897859077903       -139.62769586459066        22.997992278797760        0.0000000000000000     
   269.62240729981562        259.39981780451842        69.635972911130523       -23.639126841966672        0.0000000000000000     
   19.577611519460572        7.3486217201325958       -6.4265231979531094       -16.969986187604320        0.0000000000000000     
   83.273223912386186       -28.009460933872099        76.418246151413229        17.611120750773232        0.0000000000000000     

 PASSED   1.0000000000000001E-005
 MU_R    =    325.00000000000000     
 ALPHA_S =   0.11799999999999999     
 BORN                    1.6547781798908195E-008
 SINGLE POLE (MadFKS)   -5.8967355841755145E-009
 DOUBLE POLE (MadFKS)   -2.6933575926337217E-009
 SINGLE POLE (MadLoop)  -5.8967355841755666E-009
 DOUBLE POLE (MadLoop)  -2.6933575926337453E-009
 FINITE PART (MadLoop)   2.3606663501353920E-009
   325.00000000000000        0.0000000000000000        0.0000000000000000        325.00000000000000        0.0000000000000000     
   325.00000000000000        0.0000000000000000        0.0000000000000000       -325.00000000000000        0.0000000000000000     
   58.138054348942624       -27.385031460236871       -45.849062912179811       -22.977311537197291        0.0000000000000000     
   264.58167152555467        73.770628937374141       -102.71731264748688       -232.40161121627187        0.0000000000000000     
   155.18719893967753       -71.164790279161195        28.087540485005484        135.01751519254546        0.0000000000000000     
   172.09307518582520        24.779192802023925        120.47883507466122        120.36140756092371        0.0000000000000000     

 PASSED   1.0000000000000001E-005
 MU_R    =    325.00000000000000     
 ALPHA_S =   0.11799999999999999     
 BORN                    7.3547417556464748E-010
 SINGLE POLE (MadFKS)   -3.1726341155281528E-010
 DOUBLE POLE (MadFKS)   -1.1970758250352126E-010
 SINGLE POLE (MadLoop)  -3.1726341155254831E-010
 DOUBLE POLE (MadLoop)  -1.1970758250352227E-010
 FINITE PART (MadLoop)  -1.7299940040425666E-011
   325.00000000000000        0.0000000000000000        0.0000000000000000        325.00000000000000        0.0000000000000000     
   325.00000000000000        0.0000000000000000        0.0000000000000000       -325.00000000000000        0.0000000000000000     
   260.83542730857022       -148.56343727566454       -143.46880630794340       -159.31329781489660        0.0000000000000000     
   61.415004789849625        34.323269504884870        24.349315467863249       -44.730602724295679        0.0000000000000000     
   232.35275759086034        47.847072018808049        52.790345780258363        221.15976363639217        0.0000000000000000     
   95.396810310719772        66.393095751971643        66.329145059821812       -17.115863097199906        0.0000000000000000     

 PASSED   1.0000000000000001E-005
 MU_R    =    325.00000000000000     
 ALPHA_S =   0.11799999999999999     
 BORN                    5.2934828321083868E-010
 SINGLE POLE (MadFKS)   -8.3165698318043882E-011
 DOUBLE POLE (MadFKS)   -8.6158026197058372E-011
 SINGLE POLE (MadLoop)  -8.3165698317954547E-011
 DOUBLE POLE (MadLoop)  -8.6158026197058165E-011
 FINITE PART (MadLoop)   1.8618129874299173E-010
   325.00000000000000        0.0000000000000000        0.0000000000000000        325.00000000000000        0.0000000000000000     
   325.00000000000000        0.0000000000000000        0.0000000000000000       -325.00000000000000        0.0000000000000000     
Thanks for using LHAPDF 6.2.1. Please make sure to cite the paper:
  Eur.Phys.J. C75 (2015) 3, 132  (http://arxiv.org/abs/1412.7420)
   230.83473762021228        39.431362169348851       -225.44023604525913       -30.108864832799235        0.0000000000000000     
   60.763456147545391        25.119444779438496        3.0956457394025292       -55.241543012695900        0.0000000000000000     
   79.977208892071530        13.098438132203242        10.787522347539969       -78.156344734539729        0.0000000000000000     
   278.42459734017075       -77.649245080990596        211.55706795831657        163.50675258003480        0.0000000000000000     

 PASSED   1.0000000000000001E-005
 MU_R    =    325.00000000000000     
 ALPHA_S =   0.11799999999999999     
 BORN                    3.6709097589600211E-010
 SINGLE POLE (MadFKS)   -1.5506283795829658E-010
 DOUBLE POLE (MadFKS)   -5.9748628494850808E-011
 SINGLE POLE (MadLoop)  -1.5506283795829467E-010
 DOUBLE POLE (MadLoop)  -5.9748628494850717E-011
 FINITE PART (MadLoop)  -8.3461692931995262E-011
   325.00000000000000        0.0000000000000000        0.0000000000000000        325.00000000000000        0.0000000000000000     
   325.00000000000000        0.0000000000000000        0.0000000000000000       -325.00000000000000        0.0000000000000000     
   278.66397717069179       -174.54417649004776       -187.80424904775691       -109.16733332644374        0.0000000000000000     
   262.07359295072604        112.14434897434865        208.03389667260171        113.26125087793986        0.0000000000000000     
   76.700172285433311        75.891258438511827        9.3441689354322417       -6.0099773826742773        0.0000000000000000     
   32.562257593149070       -13.491430922812716       -29.573816560276967        1.9160598311782153        0.0000000000000000     

 PASSED   1.0000000000000001E-005
 MU_R    =    325.00000000000000     
 ALPHA_S =   0.11799999999999999     
 BORN                    2.7639933792606284E-010
 SINGLE POLE (MadFKS)   -7.8533207122134532E-011
 DOUBLE POLE (MadFKS)   -4.4987434838620640E-011
 SINGLE POLE (MadLoop)  -7.8533207122182288E-011
 DOUBLE POLE (MadLoop)  -4.4987434838620478E-011
 FINITE PART (MadLoop)   3.1071432136476053E-011
   325.00000000000000        0.0000000000000000        0.0000000000000000        325.00000000000000        0.0000000000000000     
   325.00000000000000        0.0000000000000000        0.0000000000000000       -325.00000000000000        0.0000000000000000     
   244.37413807846434        123.77116457391388        152.25443514949916        145.66401463270347        0.0000000000000000     
   191.36762703891736       -66.308665549261505       -141.82920695345993       -110.04183571049259        0.0000000000000000     
   137.68962906493758       -119.09163612441576        24.586093610287779       -64.584364657679018        0.0000000000000000     
   76.568605817680833        61.629137099763390       -35.011321806327039        28.962185735468310        0.0000000000000000     

 PASSED   1.0000000000000001E-005
 MU_R    =    325.00000000000000     
 ALPHA_S =   0.11799999999999999     
 BORN                    1.6907317720434048E-010
 SINGLE POLE (MadFKS)   -4.7041305437692246E-011
 DOUBLE POLE (MadFKS)   -2.7518765419306060E-011
 SINGLE POLE (MadLoop)  -4.7041305437692886E-011
 DOUBLE POLE (MadLoop)  -2.7518765419306296E-011
 FINITE PART (MadLoop)   4.8733557803759964E-011
   325.00000000000000        0.0000000000000000        0.0000000000000000        325.00000000000000        0.0000000000000000     
   325.00000000000000        0.0000000000000000        0.0000000000000000       -325.00000000000000        0.0000000000000000     
   236.49787284314647        159.58652087682643        13.983030099765383       -173.97661073544444        0.0000000000000000     
   131.86033610148274       -128.58377562239264        17.584490261946993        23.326949773034219        0.0000000000000000     
   97.274580480327003        87.841124314556978       -40.577793387442156        9.9861689643332756        0.0000000000000000     
   184.36721057504386       -118.84386956899080        9.0102730257297647        140.66349199807692        0.0000000000000000     

 PASSED   1.0000000000000001E-005
 MU_R    =    325.00000000000000     
 ALPHA_S =   0.11799999999999999     
 BORN                    3.3814509843291784E-006
 SINGLE POLE (MadFKS)   -1.1923834351160162E-006
 DOUBLE POLE (MadFKS)   -5.5037326412913320E-007
 SINGLE POLE (MadLoop)  -1.1923834351159484E-006
 DOUBLE POLE (MadLoop)  -5.5037326412912473E-007
 FINITE PART (MadLoop)  -4.2884396104192452E-007
   325.00000000000000        0.0000000000000000        0.0000000000000000        325.00000000000000        0.0000000000000000     
   325.00000000000000        0.0000000000000000        0.0000000000000000       -325.00000000000000        0.0000000000000000     
   123.57634594796141        120.05253221300593       -12.670969490477862        26.418730462813546        0.0000000000000000     
   130.41293197495000        112.66652642747643        60.460978531639213       -25.656514261808102        0.0000000000000000     
   284.58443847929294       -261.02834054533128       -35.135576463279570       -107.78682351437070        0.0000000000000000     
   111.42628359779567        28.309281904848849       -12.654432577881764        107.02460731336524        0.0000000000000000     

 PASSED   1.0000000000000001E-005
 MU_R    =    325.00000000000000     
 ALPHA_S =   0.11799999999999999     
 BORN                    1.5388952177256902E-009
 SINGLE POLE (MadFKS)   -6.1482279435834907E-010
 DOUBLE POLE (MadFKS)   -2.5047436383302328E-010
 SINGLE POLE (MadLoop)  -6.1482279435838236E-010
 DOUBLE POLE (MadLoop)  -2.5047436383303176E-010
 FINITE PART (MadLoop)  -4.2295439643734843E-010
   325.00000000000000        0.0000000000000000        0.0000000000000000        325.00000000000000        0.0000000000000000     
   325.00000000000000        0.0000000000000000        0.0000000000000000       -325.00000000000000        0.0000000000000000     
   149.81222660576620        61.347578382511379        84.452402960122910       -107.46147915155500        0.0000000000000000     
   271.91035903085776       -231.36739416480907       -127.25222213647305        64.894100093965235        0.0000000000000000     
   176.34856033547365        160.93580860614401        72.097412421628860       0.66585492887855458        0.0000000000000000     
   51.928854027902261        9.0840071761536780       -29.297593245278755        41.901524128711188        0.0000000000000000     

 PASSED   1.0000000000000001E-005
 MU_R    =    325.00000000000000     
 ALPHA_S =   0.11799999999999999     
 BORN                    8.8575685485276663E-011
 SINGLE POLE (MadFKS)   -1.9197390782517317E-011
 DOUBLE POLE (MadFKS)   -1.4416796034876817E-011
 SINGLE POLE (MadLoop)  -1.9197390782537117E-011
 DOUBLE POLE (MadLoop)  -1.4416796034876743E-011
 FINITE PART (MadLoop)   3.1942494243008591E-011
   325.00000000000000        0.0000000000000000        0.0000000000000000        325.00000000000000        0.0000000000000000     
   325.00000000000000        0.0000000000000000        0.0000000000000000       -325.00000000000000        0.0000000000000000     
   291.67239897884605       -168.25888932223668       -237.39525453839232        20.130266088017542        0.0000000000000000     
   99.481891267179265        67.943798489574775        41.330479473325454       -59.766867103838997        0.0000000000000000     
   35.565167151906358      -0.86661109997027219        11.064450728094050       -33.789170303960226        0.0000000000000000     
   223.28054260206827        101.18170193263219        185.00032433697280        73.425771319781674        0.0000000000000000     

 NUMBER OF POINTS PASSING THE CHECK          20
 NUMBER OF POINTS FAILING THE CHECK           0
 TOLERANCE    1.0000000000000001E-005
