==== LHAPDF6 USING DEFAULT-TYPE LHAGLUE INTERFACE ====
LHAPDF 6.2.1 loading /cvmfs/cms.cern.ch/slc6_amd64_gcc481/external/lhapdf/6.2.1/share/LHAPDF/NNPDF31_nnlo_hessian_pdfas/NNPDF31_nnlo_hessian_pdfas_0000.dat
NNPDF31_nnlo_hessian_pdfas PDF set, member #0, version 1; LHAPDF ID = 306000
 A PDF is used, so alpha_s(MZ) is going to be modified
 Old value of alpha_s from param_card:   0.11799999999999999     
 New value of alpha_s from PDF lhapdf :  0.11800208008122040     
 using LHAPDF
 *****************************************************
 *               MadGraph/MadEvent                   *
 *        --------------------------------           *
 *          http://madgraph.hep.uiuc.edu             *
 *          http://madgraph.phys.ucl.ac.be           *
 *          http://madgraph.roma2.infn.it            *
 *        --------------------------------           *
 *                                                   *
 *          PARAMETER AND COUPLING VALUES            *
 *                                                   *
 *****************************************************

  External Params
  ---------------------------------
  
 MU_R =    91.188000000000002     
 aEWM1 =    132.50700000000001     
 mdl_Gf =    1.1663900000000000E-005
 aS =   0.11799999999999999     
 mdl_lamWS =   0.22530000000000000     
 mdl_AWS =   0.80800000000000005     
 mdl_rhoWS =   0.13200000000000001     
 mdl_etaWS =   0.34100000000000003     
 mdl_ymt =    173.00000000000000     
 mdl_ymtau =    1.7769999999999999     
 mdl_MT =    173.00000000000000     
 mdl_MZ =    91.188000000000002     
 mdl_MH =    125.00000000000000     
 mdl_MTA =    1.7769999999999999     
 mdl_WT =    1.4915000000000000     
 mdl_WZ =    2.4414039999999999     
 mdl_WW =    2.0476000000000001     
 mdl_WH =    6.3823389999999999E-003
  Internal Params
  ---------------------------------
  
 mdl_CKM33 =    1.0000000000000000     
 mdl_conjg__CKM3x3 =    1.0000000000000000     
 mdl_I4x33 =    0.0000000000000000     
 mdl_I1x33 =    0.0000000000000000     
 mdl_lhv =    1.0000000000000000     
 mdl_CKM3x3 =    1.0000000000000000     
 mdl_conjg__CKM33 =    1.0000000000000000     
 mdl_Ncol =    3.0000000000000000     
 mdl_CA =    3.0000000000000000     
 mdl_TF =   0.50000000000000000     
 mdl_CF =    1.3333333333333333     
 mdl_lamWS__exp__2 =    5.0760090000000001E-002
 mdl_CKM11 =  ( 0.97461995499999998     ,  0.0000000000000000     )
 mdl_CKM12 =  ( 0.22530000000000000     ,  0.0000000000000000     )
 mdl_complexi =  (  0.0000000000000000     ,  1.0000000000000000     )
 mdl_lamWS__exp__3 =    1.1436248277000001E-002
 mdl_CKM13 =  (  1.2197444962317122E-003, -3.1510066152652563E-003)
 mdl_CKM21 =  (-0.22530000000000000     ,  0.0000000000000000     )
 mdl_CKM22 =  ( 0.97461995499999998     ,  0.0000000000000000     )
 mdl_CKM23 =  (  4.1014152720000002E-002,  0.0000000000000000     )
 mdl_CKM31 =  (  8.0207441115842885E-003, -3.1510066152652563E-003)
 mdl_CKM32 =  ( -4.1014152720000002E-002,  0.0000000000000000     )
 mdl_MZ__exp__2 =    8315.2513440000002     
 mdl_MZ__exp__4 =    69143404.913893804     
 mdl_sqrt__2 =    1.4142135623730951     
 mdl_MH__exp__2 =    15625.000000000000     
 mdl_CKM1x1 =  ( 0.97461995499999998     ,  0.0000000000000000     )
 mdl_CKM1x2 =  ( 0.22530000000000000     ,  0.0000000000000000     )
 mdl_CKM1x3 =  (  1.2197444962317122E-003, -3.1510066152652563E-003)
 mdl_CKM2x1 =  (-0.22530000000000000     ,  0.0000000000000000     )
 mdl_CKM2x2 =  ( 0.97461995499999998     ,  0.0000000000000000     )
 mdl_CKM2x3 =  (  4.1014152720000002E-002,  0.0000000000000000     )
 mdl_CKM3x1 =  (  8.0207441115842885E-003, -3.1510066152652563E-003)
 mdl_CKM3x2 =  ( -4.1014152720000002E-002,  0.0000000000000000     )
 mdl_conjg__CKM1x3 =  (  1.2197444962317122E-003,  3.1510066152652563E-003)
 mdl_conjg__CKM2x3 =  (  4.1014152720000002E-002, -0.0000000000000000     )
 mdl_conjg__CKM2x1 =  (-0.22530000000000000     , -0.0000000000000000     )
 mdl_conjg__CKM3x1 =  (  8.0207441115842885E-003,  3.1510066152652563E-003)
 mdl_conjg__CKM2x2 =  ( 0.97461995499999998     , -0.0000000000000000     )
 mdl_conjg__CKM3x2 =  ( -4.1014152720000002E-002, -0.0000000000000000     )
 mdl_Ncol__exp__2 =    9.0000000000000000     
 mdl_MT__exp__2 =    29929.000000000000     
 mdl_conjg__CKM11 =  ( 0.97461995499999998     , -0.0000000000000000     )
 mdl_conjg__CKM12 =  ( 0.22530000000000000     , -0.0000000000000000     )
 mdl_conjg__CKM13 =  (  1.2197444962317122E-003,  3.1510066152652563E-003)
 mdl_conjg__CKM21 =  (-0.22530000000000000     , -0.0000000000000000     )
 mdl_conjg__CKM22 =  ( 0.97461995499999998     , -0.0000000000000000     )
 mdl_conjg__CKM23 =  (  4.1014152720000002E-002, -0.0000000000000000     )
 mdl_conjg__CKM31 =  (  8.0207441115842885E-003,  3.1510066152652563E-003)
 mdl_conjg__CKM32 =  ( -4.1014152720000002E-002, -0.0000000000000000     )
 mdl_aEW =    7.5467711139788835E-003
 mdl_MW =    80.419002445756163     
 mdl_sqrt__aEW =    8.6872153846781555E-002
 mdl_ee =   0.30795376724436879     
 mdl_MW__exp__2 =    6467.2159543705357     
 mdl_sw2 =   0.22224648578577766     
 mdl_cw =   0.88190334743339216     
 mdl_sqrt__sw2 =   0.47143025548407230     
 mdl_sw =   0.47143025548407230     
 mdl_g1 =   0.34919219678733299     
 mdl_gw =   0.65323293034757990     
 mdl_v =    246.21845810181637     
 mdl_v__exp__2 =    60623.529110035903     
 mdl_lam =   0.12886910601690263     
 mdl_yt =   0.99366614581500623     
 mdl_ytau =    1.0206617000654717E-002
 mdl_muH =    88.388347648318430     
 mdl_AxialZUp =  -0.18517701861793787     
 mdl_AxialZDown =   0.18517701861793787     
 mdl_VectorZUp =    7.5430507588273299E-002
 mdl_VectorZDown =  -0.13030376310310560     
 mdl_VectorAUp =   0.20530251149624587     
 mdl_VectorADown =  -0.10265125574812294     
 mdl_VectorWmDxU =   0.23095271737156670     
 mdl_AxialWmDxU =  -0.23095271737156670     
 mdl_VectorWpUxD =   0.23095271737156670     
 mdl_AxialWpUxD =  -0.23095271737156670     
 mdl_I2x13 =  (  7.9699418879263656E-003,  3.1310485988282153E-003)
 mdl_I2x23 =  ( -4.0754375057150453E-002, -0.0000000000000000     )
 mdl_I2x33 =  ( 0.99366614581500623     ,  0.0000000000000000     )
 mdl_I3x31 =  (  7.9699418879263656E-003, -3.1310485988282153E-003)
 mdl_I3x32 =  ( -4.0754375057150453E-002,  0.0000000000000000     )
 mdl_I3x33 =  ( 0.99366614581500623     ,  0.0000000000000000     )
 mdl_Vector_tdGp =  ( -7.9699418879263656E-003, -3.1310485988282153E-003)
 mdl_Vector_tsGp =  (  4.0754375057150453E-002,  0.0000000000000000     )
 mdl_Vector_tbGp =  (-0.99366614581500623     ,  0.0000000000000000     )
 mdl_Axial_tdGp =  ( -7.9699418879263656E-003, -3.1310485988282153E-003)
 mdl_Axial_tsGp =  (  4.0754375057150453E-002,  0.0000000000000000     )
 mdl_Axial_tbGp =  (-0.99366614581500623     , -0.0000000000000000     )
 mdl_Vector_tdGm =  (  7.9699418879263656E-003, -3.1310485988282153E-003)
 mdl_Vector_tsGm =  ( -4.0754375057150453E-002,  0.0000000000000000     )
 mdl_Vector_tbGm =  ( 0.99366614581500623     ,  0.0000000000000000     )
 mdl_Axial_tdGm =  ( -7.9699418879263656E-003,  3.1310485988282153E-003)
 mdl_Axial_tsGm =  (  4.0754375057150453E-002, -0.0000000000000000     )
 mdl_Axial_tbGm =  (-0.99366614581500623     ,  0.0000000000000000     )
 mdl_gw__exp__2 =   0.42671326129048615     
 mdl_cw__exp__2 =   0.77775351421422245     
 mdl_ee__exp__2 =    9.4835522759998875E-002
 mdl_sw__exp__2 =   0.22224648578577769     
 mdl_yt__exp__2 =   0.98737240933884918     
  Internal Params evaluated point by point
  ----------------------------------------
  
 mdl_sqrt__aS =   0.34351128074635334     
 mdl_G__exp__4 =    2.1987899468922913     
 mdl_G__exp__2 =    1.4828317324943823     
 mdl_R2MixedFactor_FIN_ =   -2.5040377713124864E-002
 mdl_G_UVg_1EPS_ =   -5.1645779033320030E-002
 mdl_G_UVq_1EPS_ =    3.1300472141406080E-003
 mdl_G_UVb_1EPS_ =    3.1300472141406080E-003
 mdl_GWcft_UV_t_1EPS_ =   -3.1300472141406080E-003
 mdl_tWcft_UV_1EPS_ =   -1.8780283284843650E-002
 mdl_G__exp__3 =    1.8056676068262196     
 mdl_MU_R__exp__2 =    8315.2513440000002     
 mdl_G_UVt_FIN_ =   -4.0087659331150384E-003
 mdl_GWcft_UV_t_FIN_ =    4.0087659331150384E-003
 mdl_tWcft_UV_FIN_ =   -9.8778211443463623E-004
  Couplings of loop_sm-ckm_no_b_mass
  ---------------------------------
  
       UV_3Gt =   0.48815E-02   0.00000E+00
      UV_GQQt =   0.00000E+00  -0.48815E-02
   UVWfct_G_2 =   0.40088E-02   0.00000E+00
       R2_DDA =   0.00000E+00   0.25704E-02
       R2_UUA =  -0.00000E+00  -0.51409E-02
    R2_DDZ_V2 =   0.00000E+00   0.72127E-02
    R2_UUZ_V2 =  -0.00000E+00  -0.72127E-02
    R2_UUZ_V5 =   0.00000E+00   0.68702E-03
      R2_GGHt =   0.00000E+00  -0.45657E+01
     R2_GGZup =  -0.46369E-02   0.00000E+00
   R2_GGZdown =   0.46369E-02   0.00000E+00
 R2_GGGZvecUp =   0.00000E+00   0.28750E-03
 R2_GGGZvecDown  -0.00000E+00  -0.49665E-03
 R2_GGGZaxialUp  -0.00000E+00  -0.63522E-02
 R2_GGGZaxialDow  0.00000E+00   0.63522E-02
 R2_GGGAvecUp =   0.00000E+00   0.78251E-03
 R2_GGGAvecDown  -0.00000E+00  -0.39126E-03
         GC_4 =  -0.12177E+01   0.00000E+00
         GC_5 =   0.00000E+00   0.12177E+01
         GC_6 =   0.00000E+00   0.14828E+01
       R2_3Gq =   0.76230E-02   0.00000E+00
       R2_3Gg =   0.31445E-01   0.00000E+00
       R2_GQQ =  -0.00000E+00  -0.30492E-01
       R2_GGq =   0.00000E+00   0.62601E-02
       R2_GGt =  -0.00000E+00  -0.11242E+04
     R2_GGg_1 =   0.00000E+00   0.28170E-01
     R2_GGg_2 =  -0.00000E+00  -0.18780E-01
       R2_QQq =   0.00000E+00   0.12520E-01
  UV_3Gg_1eps =   0.62890E-01   0.00000E+00
  UV_3Gb_1eps =  -0.38115E-02   0.00000E+00
 UV_GQQg_1eps =   0.00000E+00  -0.62890E-01
 UV_GQQq_1eps =   0.00000E+00   0.38115E-02
 UVWfct_G_2_1eps -0.31300E-02   0.00000E+00
         GC_1 =  -0.00000E+00  -0.10265E+00
         GC_2 =   0.00000E+00   0.20530E+00
        GC_21 =  -0.00000E+00  -0.28804E+00
        GC_22 =   0.00000E+00   0.28804E+00
        GC_23 =  -0.00000E+00  -0.27437E-01
        GC_24 =   0.00000E+00   0.82310E-01
        GC_37 =  -0.00000E+00  -0.70263E+00
        GC_38 =  -0.00000E+00  -0.72172E-02
      GC_1003 =  -0.00000E+00  -0.30795E+00

 Collider parameters:
 --------------------

 Running at P P   machine @    13000.000000000000       GeV
 PDF set = lhapdf 
 alpha_s(Mz)= 0.1180 running at 3 loops.
 alpha_s(Mz)= 0.1180 running at 3 loops.
 Renormalization scale set on event-by-event basis
 Factorization   scale set on event-by-event basis


 ===============================================================
 INFO: MadFKS read these parameters from FKS_params.dat
 ===============================================================
  > IRPoleCheckThreshold      =    1.0000000000000001E-005
  > PrecisionVirtualAtRunTime =    1.0000000000000000E-003
  > NHelForMCoverHels         =            4
  > VirtualFraction           =    1.0000000000000000     
  > MinVirtualFraction        =    5.0000000000000001E-003
 ===============================================================
  Insert the number of points to test
 Insert the relative tolerance
  A negative number will mean use the default one:    1.0000000000000001E-005
Using random seed offsets:     0 ,    114 ,      0
  with seed                   32
 Ranmar initialization seeds       10729        9520
  ========================================================================================== 
 {                                                                                          }
 {       [32m                                                                            [0m       }
 {       [32m                               ,,                                           [0m       }
 {       [32m`7MMM.     ,MMF'             `7MM  `7MMF'                                   [0m       }
 {       [32m  MMMb    dPMM                 MM    MM                                     [0m       }
 {       [32m  M YM   ,M MM   ,6"Yb.   ,M""bMM    MM         ,pW"Wq.   ,pW"Wq.`7MMpdMAo. [0m       }
 {       [32m  M  Mb  M' MM  8)   MM ,AP    MM    MM        6W'   `Wb 6W'   `Wb MM   `Wb [0m       }
 {       [32m  M  YM.P'  MM   ,pm9MM 8MI    MM    MM      , 8M     M8 8M     M8 MM    M8 [0m       }
 {       [32m  M  `YM'   MM  8M   MM `Mb    MM    MM     ,M YA.   ,A9 YA.   ,A9 MM   ,AP [0m       }
 {       [32m.JML. `'  .JMML.`Moo9^Yo.`Wbmd"MML..JMMmmmmMMM  `Ybmd9'   `Ybmd9'  MMbmmd'  [0m       }
 {       [32m                                                                   MM       [0m       }
 {       [32m                                                                 .JMML.     [0m       }
 {       [32m[0mv2.4.2 (2016-06-10), Ref: arXiv:1103.0621v2, arXiv:1405.0301[32m                [0m       }
 {       [32m                                                                            [0m       }
 {                                                                                          }
  ========================================================================================== 
 ===============================================================
 INFO: MadLoop read these parameters from ./MadLoop5_resources/MadLoopParams.dat                                                                                                                                                                                                                                                                                                                                                                                                                                                                                          
 ===============================================================
  > MLReductionLib            = 6|1|2
  > IREGIMODE                 =            2
  > IREGIRECY                 =  T
  > CTModeRun                 =           -1
  > MLStabThres               =    1.0000000000000000E-003
  > NRotations_DP             =            1
  > NRotations_QP             =            0
  > CTStabThres               =    1.0000000000000000E-002
  > CTLoopLibrary             =            2
  > CTModeInit                =            1
  > CheckCycle                =            3
  > MaxAttempts               =           10
  > UseLoopFilter             =  F
  > HelicityFilterLevel       =            2
  > ImprovePSPoint            =            2
  > DoubleCheckHelicityFilter =  T
  > LoopInitStartOver         =  F
  > HelInitStartOver          =  F
  > ZeroThres                 =    1.0000000000000001E-009
  > OSThres                   =    1.0000000000000000E-008
  > WriteOutFilters           =  T
  > UseQPIntegrandForNinja    =  F
  > UseQPIntegrandForCutTools =  T
 ===============================================================
  
------------------------------------------------------------------------
|              You are using CutTools - Version 1.9.3                  |
|              Authors: G. Ossola, C. Papadopoulos, R. Pittau          |
|              Published in JHEP 0803:042,2008                         |
|              http://www.ugr.es/~pittau/CutTools                      |
|                                                                      |
|              Compiler with  34  significant digits detetected        |
 ---------------------------------------------------------------------- 
   
########################################################################
#                                                                      #
#                      You are using OneLOop-3.6                       #
#                                                                      #
# for the evaluation of 1-loop scalar 1-, 2-, 3- and 4-point functions #
#                                                                      #
# author: Andreas van Hameren <hamerenREMOVETHIS@ifj.edu.pl>           #
#   date: 18-02-2015                                                   #
#                                                                      #
# Please cite                                                          #
#    A. van Hameren,                                                   #
#      Comput.Phys.Commun. 182 (2011) 2427-2438, arXiv:1007.4716       #
#    A. van Hameren, C.G. Papadopoulos and R. Pittau,                  #
#      JHEP 0909:106,2009, arXiv:0903.4665                             #
# in publications with results obtained with the help of this program. #
#                                                                      #
########################################################################
 PASSED   1.0000000000000001E-005
 MU_R    =    325.00000000000000     
 ALPHA_S =   0.11799999999999999     
 BORN                    7.1129132162200886E-012
 SINGLE POLE (MadFKS)   -1.3749152587255676E-012
 DOUBLE POLE (MadFKS)   -7.1244013429931531E-013
 SINGLE POLE (MadLoop)  -1.3749152587252486E-012
 DOUBLE POLE (MadLoop)  -7.1244013429931390E-013
 FINITE PART (MadLoop)   8.2347229584071691E-013
   325.00000000000000        0.0000000000000000        0.0000000000000000        325.00000000000000        0.0000000000000000     
   325.00000000000000        0.0000000000000000        0.0000000000000000       -325.00000000000000        0.0000000000000000     
   253.78865599973307       -177.90502416264104       -173.88999252938433       -50.175662038199597        1.7769999999999999     
   194.29413126691099        136.17753485598666        126.35990617859031        56.885014079703247        1.7769999999999999     
   125.12407338983058        85.386093107974631        77.180506358848262        49.075638392299851        0.0000000000000000     
   76.793139343526136       -43.658603801320240       -29.650420008054201       -55.784990433803436        0.0000000000000000     

 PASSED   1.0000000000000001E-005
 MU_R    =    325.00000000000000     
 ALPHA_S =   0.11799999999999999     
 BORN                    8.4729534823639301E-011
 SINGLE POLE (MadFKS)   -1.6701918235834094E-011
 DOUBLE POLE (MadFKS)   -8.4866382217651794E-012
 SINGLE POLE (MadLoop)  -1.6701918235834291E-011
 DOUBLE POLE (MadLoop)  -8.4866382217652796E-012
 FINITE PART (MadLoop)  -1.5947647185114010E-013
   325.00000000000000        0.0000000000000000        0.0000000000000000        325.00000000000000        0.0000000000000000     
   325.00000000000000        0.0000000000000000        0.0000000000000000       -325.00000000000000        0.0000000000000000     
   116.21359160570843       -89.313094774203691       -41.623704190802648       -61.587981751223609        1.7769999999999999     
   223.09359812959829        43.934775117638580       -203.86139138802932       -79.232975673705241        1.7769999999999999     
   258.89922219529365        1.5007281600867974        230.60951376909327        117.66820822762601        0.0000000000000000     
   51.793588069405466        43.877591496478296        14.875581809738668        23.152749197302811        0.0000000000000000     

 PASSED   1.0000000000000001E-005
 MU_R    =    325.00000000000000     
 ALPHA_S =   0.11799999999999999     
 BORN                    2.6148168689157194E-009
 SINGLE POLE (MadFKS)   -9.0610162186688397E-010
 DOUBLE POLE (MadFKS)   -2.6190400819320053E-010
 SINGLE POLE (MadLoop)  -9.0610162186731772E-010
 DOUBLE POLE (MadLoop)  -2.6190400819322968E-010
 FINITE PART (MadLoop)  -2.0447184542504054E-009
   325.00000000000000        0.0000000000000000        0.0000000000000000        325.00000000000000        0.0000000000000000     
   325.00000000000000        0.0000000000000000        0.0000000000000000       -325.00000000000000        0.0000000000000000     
   289.27044972986641        8.2943809912701614        127.12306357756219        259.70207028159376        1.7769999999999999     
   190.66656188919004       -89.000270530853996       -12.378016159445043       -168.15563224297802        1.7769999999999999     
   8.7393769959639638        5.3186291939199029        7.1526516426663897E-002  -6.9342467314492504        0.0000000000000000     
   161.32361138498013        75.387260345663918       -114.81657393454384       -84.612191307166768        0.0000000000000000     

 PASSED   1.0000000000000001E-005
 MU_R    =    325.00000000000000     
 ALPHA_S =   0.11799999999999999     
 BORN                    6.5063434820464098E-011
 SINGLE POLE (MadFKS)   -8.8697290479880490E-012
 DOUBLE POLE (MadFKS)   -6.5168519328708068E-012
 SINGLE POLE (MadLoop)  -8.8697290479883980E-012
 DOUBLE POLE (MadLoop)  -6.5168519328709434E-012
 FINITE PART (MadLoop)   4.4994171943058068E-012
   325.00000000000000        0.0000000000000000        0.0000000000000000        325.00000000000000        0.0000000000000000     
   325.00000000000000        0.0000000000000000        0.0000000000000000       -325.00000000000000        0.0000000000000000     
   183.74595934433967       -137.88617569839533        82.429814585657837        89.174817437531090        1.7769999999999999     
   69.096017302601837        24.996558705777247        3.5826226203211622        64.291824877743551        1.7769999999999999     
   228.76884678593925        197.00400402393021       -115.80521558046168       -10.665819362365616        0.0000000000000000     
   168.38917656711922       -84.114387031311722        29.792778374482545       -142.80082295290896        0.0000000000000000     

 PASSED   1.0000000000000001E-005
 MU_R    =    325.00000000000000     
 ALPHA_S =   0.11799999999999999     
 BORN                    6.8076808524133539E-011
 SINGLE POLE (MadFKS)   -2.0561572843170021E-011
 DOUBLE POLE (MadFKS)   -6.8186759957935292E-012
 SINGLE POLE (MadLoop)  -2.0561572843171336E-011
 DOUBLE POLE (MadLoop)  -6.8186759957936172E-012
 FINITE PART (MadLoop)  -2.1378425725481416E-011
   325.00000000000000        0.0000000000000000        0.0000000000000000        325.00000000000000        0.0000000000000000     
   325.00000000000000        0.0000000000000000        0.0000000000000000       -325.00000000000000        0.0000000000000000     
   165.34953336656110        11.779172312275776       -69.673924247377030        149.47944954122619        1.7769999999999999     
   222.52213767537560       -110.85330833418672        191.88180152985933        20.146024412777557        1.7769999999999999     
   49.625864960392100       -15.639502484641756        7.5437326244914225       -46.488972167495170        0.0000000000000000     
   212.50246399767306        114.71363850655263       -129.75160990697370       -123.13650178650853        0.0000000000000000     

 PASSED   1.0000000000000001E-005
 MU_R    =    325.00000000000000     
 ALPHA_S =   0.11799999999999999     
 BORN                    8.7802976015424559E-012
 SINGLE POLE (MadFKS)   -1.2847527574615136E-012
 DOUBLE POLE (MadFKS)   -8.7944787350506970E-013
 SINGLE POLE (MadLoop)  -1.2847527574615671E-012
 DOUBLE POLE (MadLoop)  -8.7944787350506839E-013
 FINITE PART (MadLoop)   6.5725402553599340E-013
   325.00000000000000        0.0000000000000000        0.0000000000000000        325.00000000000000        0.0000000000000000     
   325.00000000000000        0.0000000000000000        0.0000000000000000       -325.00000000000000        0.0000000000000000     
   241.02042870716832       -78.219011563178299       -223.74290054468059       -43.687412501998040        1.7769999999999999     
   96.053946386706869       -64.116918147045581        50.881711290219478        50.232212284192343        1.7769999999999999     
   186.09134274850530        119.85450333021667        103.78994125141323        97.429636006899514        0.0000000000000000     
   126.83428215761947        22.481426380007164        69.071248003047884       -103.97443578909385        0.0000000000000000     

 PASSED   1.0000000000000001E-005
 MU_R    =    325.00000000000000     
 ALPHA_S =   0.11799999999999999     
 BORN                    1.1180760163285331E-010
 SINGLE POLE (MadFKS)   -2.6611608495643482E-011
 DOUBLE POLE (MadFKS)   -1.1198818304340975E-011
 SINGLE POLE (MadLoop)  -2.6611608495644145E-011
 DOUBLE POLE (MadLoop)  -1.1198818304341089E-011
 FINITE PART (MadLoop)  -4.5265842275679542E-012
   325.00000000000000        0.0000000000000000        0.0000000000000000        325.00000000000000        0.0000000000000000     
   325.00000000000000        0.0000000000000000        0.0000000000000000       -325.00000000000000        0.0000000000000000     
   100.96888673575708        11.209008222056699       -17.473392705219872        98.795733924624372        1.7769999999999999     
   296.77508776943165       -157.73037424942623        63.933135468193157       -243.11721086730060        1.7769999999999999     
   41.610509289526874        3.4286905668108427        38.572473019109637        15.226387934139991        0.0000000000000000     
   210.64551620529062        143.09267546055867       -85.032215782082929        129.09508900853621        0.0000000000000000     

 PASSED   1.0000000000000001E-005
 MU_R    =    325.00000000000000     
 ALPHA_S =   0.11799999999999999     
 BORN                    7.7830701866033314E-012
 SINGLE POLE (MadFKS)   -1.3134945403303464E-012
 DOUBLE POLE (MadFKS)   -7.7956406896123457E-013
 SINGLE POLE (MadLoop)  -1.3134945403303015E-012
 DOUBLE POLE (MadLoop)  -7.7956406896124457E-013
 FINITE PART (MadLoop)   3.3524379063307113E-013
   325.00000000000000        0.0000000000000000        0.0000000000000000        325.00000000000000        0.0000000000000000     
   325.00000000000000        0.0000000000000000        0.0000000000000000       -325.00000000000000        0.0000000000000000     
   115.65974124692742       -83.262322919059898        47.185743699677886        64.922331981658715        1.7769999999999999     
   215.18296529757581        54.839278102227482       -44.399034343831360       -203.27796277958791        1.7769999999999999     
   215.87784162207450       -29.809639125155815       -53.357109244544510        207.04503570889881        0.0000000000000000     
   103.27945183342845        58.232683941988235        50.570399888698013       -68.689404910969671        0.0000000000000000     

 PASSED   1.0000000000000001E-005
 MU_R    =    325.00000000000000     
 ALPHA_S =   0.11799999999999999     
 BORN                    2.8836454976542262E-010
 SINGLE POLE (MadFKS)   -5.5284311128323659E-011
 DOUBLE POLE (MadFKS)   -2.8883028980805499E-011
 SINGLE POLE (MadLoop)  -5.5284311128336667E-011
 DOUBLE POLE (MadLoop)  -2.8883028980805573E-011
 FINITE PART (MadLoop)   2.8650217675744756E-011
   325.00000000000000        0.0000000000000000        0.0000000000000000        325.00000000000000        0.0000000000000000     
   325.00000000000000        0.0000000000000000        0.0000000000000000       -325.00000000000000        0.0000000000000000     
   84.850952379746815       -12.141866830236960       -21.102465475969243       -81.263690609412890        1.7769999999999999     
   203.94389765664877        95.118783026182129        110.20900407548585       -142.81578413709479        1.7769999999999999     
   245.67019993250767       -146.08578977568899       -138.47675429450226        140.84380597154959        0.0000000000000000     
   115.53495003109674        63.108873579743801        49.370215694985674        83.235668774958086        0.0000000000000000     

 PASSED   1.0000000000000001E-005
 MU_R    =    325.00000000000000     
 ALPHA_S =   0.11799999999999999     
 BORN                    2.6094921112746867E-011
 SINGLE POLE (MadFKS)   -7.3139919380472974E-012
 DOUBLE POLE (MadFKS)   -2.6137067242295127E-012
 SINGLE POLE (MadLoop)  -7.3139919380504963E-012
 DOUBLE POLE (MadLoop)  -2.6137067242290074E-012
 FINITE PART (MadLoop)   8.4464170263277563E-013
   325.00000000000000        0.0000000000000000        0.0000000000000000        325.00000000000000        0.0000000000000000     
   325.00000000000000        0.0000000000000000        0.0000000000000000       -325.00000000000000        0.0000000000000000     
   267.79533361830431       -200.71858018043577        96.775008849107778       -148.51879413509903        1.7769999999999999     
   257.30467541849430        194.13583835313577       -97.392582670303213        137.94382686785954        1.7769999999999999     
   59.346038813333834       -29.466458516673505        49.613963952732227       -13.861267121582783        0.0000000000000000     
   65.553952149867783        36.049200343973546       -48.996390131536735        24.436234388822296        0.0000000000000000     

 PASSED   1.0000000000000001E-005
 MU_R    =    325.00000000000000     
 ALPHA_S =   0.11799999999999999     
 BORN                    1.8150094766149339E-011
 SINGLE POLE (MadFKS)   -6.8839074095941949E-012
 DOUBLE POLE (MadFKS)   -1.8179409138935608E-012
 SINGLE POLE (MadLoop)  -6.8839074095940802E-012
 DOUBLE POLE (MadLoop)  -1.8179409138935648E-012
 FINITE PART (MadLoop)   2.9569843783258209E-013
   325.00000000000000        0.0000000000000000        0.0000000000000000        325.00000000000000        0.0000000000000000     
   325.00000000000000        0.0000000000000000        0.0000000000000000       -325.00000000000000        0.0000000000000000     
   117.22030657226394       -89.642899451427709       -50.852493063446680        55.817712879236382        1.7769999999999999     
   174.94195494287175        114.53101619822654        115.89545898652572       -63.658611241039907        1.7769999999999999     
   182.12297438763360        16.623431069540949       -81.288229975578389       -162.12545453047261        0.0000000000000000     
   175.71476409723076       -41.511547816339800        16.245264052499408        169.96635289227612        0.0000000000000000     

 PASSED   1.0000000000000001E-005
 MU_R    =    325.00000000000000     
 ALPHA_S =   0.11799999999999999     
 BORN                    5.6728667561239716E-009
 SINGLE POLE (MadFKS)   -2.2334128492545073E-009
 DOUBLE POLE (MadFKS)   -5.6820290515829453E-010
 SINGLE POLE (MadLoop)  -2.2334128492532893E-009
 DOUBLE POLE (MadLoop)  -5.6820290515823084E-010
 FINITE PART (MadLoop)  -1.8133630043866277E-009
   325.00000000000000        0.0000000000000000        0.0000000000000000        325.00000000000000        0.0000000000000000     
   325.00000000000000        0.0000000000000000        0.0000000000000000       -325.00000000000000        0.0000000000000000     
   230.38752153663660       -138.86538822261696       -71.471591338042487       -169.36194358882378        1.7769999999999999     
   318.05874503634169        156.81691649719127        76.483295237657060        265.92662111002517        1.7769999999999999     
   64.996768669424299       -20.557311904601043       -11.213458286706631       -60.631965315136334        0.0000000000000000     
   36.556964757597555        2.6057836300267545        6.2017543870920395       -35.932712206065091        0.0000000000000000     

 PASSED   1.0000000000000001E-005
 MU_R    =    325.00000000000000     
 ALPHA_S =   0.11799999999999999     
 BORN                    2.1097629042741624E-010
 SINGLE POLE (MadFKS)   -2.8045565122903466E-011
 DOUBLE POLE (MadFKS)   -2.1131704003265732E-011
 SINGLE POLE (MadLoop)  -2.8045565122903518E-011
 DOUBLE POLE (MadLoop)  -2.1131704003265848E-011
 FINITE PART (MadLoop)  -1.5415700710616155E-011
   325.00000000000000        0.0000000000000000        0.0000000000000000        325.00000000000000        0.0000000000000000     
   325.00000000000000        0.0000000000000000        0.0000000000000000       -325.00000000000000        0.0000000000000000     
   107.08030936797324       -48.235307331044453       -80.892662301044339        50.919222675427243        1.7769999999999999     
   95.883363604066616        73.303058316591631       -6.5579780378768051        61.433836381254359        1.7769999999999999     
   162.22080306348661       -65.956019032949158       -25.098442382899282        146.06663099366676        0.0000000000000000     
   284.81552396447347        40.888268047401979        112.54908272182043       -258.41969005034844        0.0000000000000000     

 PASSED   1.0000000000000001E-005
 MU_R    =    325.00000000000000     
 ALPHA_S =   0.11799999999999999     
 BORN                    3.2904826741435456E-011
 SINGLE POLE (MadFKS)   -5.9157365084379878E-012
 DOUBLE POLE (MadFKS)   -3.2957971607619018E-012
 SINGLE POLE (MadLoop)  -5.9157365084383303E-012
 DOUBLE POLE (MadLoop)  -3.2957971607618917E-012
 FINITE PART (MadLoop)   7.1845890703697231E-013
   325.00000000000000        0.0000000000000000        0.0000000000000000        325.00000000000000        0.0000000000000000     
   325.00000000000000        0.0000000000000000        0.0000000000000000       -325.00000000000000        0.0000000000000000     
Thanks for using LHAPDF 6.2.1. Please make sure to cite the paper:
  Eur.Phys.J. C75 (2015) 3, 132  (http://arxiv.org/abs/1412.7420)
   77.783753252990451        33.793995217679694        5.1220957329009265       -69.849012617592123        1.7769999999999999     
   291.00799816176158       -150.79180313164790        234.26834692196837        84.039698975367855        1.7769999999999999     
   232.88867447352752        118.41918751418818       -200.05636319012694        13.837712009441917        0.0000000000000000     
   48.319574111720414       -1.4213796002199532       -39.334079464742423       -28.028398367217651        0.0000000000000000     

 PASSED   1.0000000000000001E-005
 MU_R    =    325.00000000000000     
 ALPHA_S =   0.11799999999999999     
 BORN                    9.7730684927684574E-008
 SINGLE POLE (MadFKS)   -2.6544993473573866E-008
 DOUBLE POLE (MadFKS)   -9.7888530590064843E-009
 SINGLE POLE (MadLoop)  -2.6544993473575914E-008
 DOUBLE POLE (MadLoop)  -9.7888530590071824E-009
 FINITE PART (MadLoop)   1.1920284069707647E-008
   325.00000000000000        0.0000000000000000        0.0000000000000000        325.00000000000000        0.0000000000000000     
   325.00000000000000        0.0000000000000000        0.0000000000000000       -325.00000000000000        0.0000000000000000     
   272.59941599008283       0.77020109154549721       -69.724565631423445        263.52452562697488        1.7769999999999999     
   25.972433643800660        24.097086913575570      -0.61160690779594573        9.5060990764639755        1.7769999999999999     
   230.04606809268716       -56.754160220740140       -34.236059071241051       -220.29083276844344        0.0000000000000000     
   121.38208227342942        31.886872215619071        104.57223161046039       -52.739791934995409        0.0000000000000000     

 PASSED   1.0000000000000001E-005
 MU_R    =    325.00000000000000     
 ALPHA_S =   0.11799999999999999     
 BORN                    3.9850156942620882E-011
 SINGLE POLE (MadFKS)   -8.6006963165844488E-012
 DOUBLE POLE (MadFKS)   -3.9914519270821285E-012
 SINGLE POLE (MadLoop)  -8.6006963165842566E-012
 DOUBLE POLE (MadLoop)  -3.9914519270820817E-012
 FINITE PART (MadLoop)   1.9746995055894195E-012
   325.00000000000000        0.0000000000000000        0.0000000000000000        325.00000000000000        0.0000000000000000     
   325.00000000000000        0.0000000000000000        0.0000000000000000       -325.00000000000000        0.0000000000000000     
   271.20432665832163       -176.03690587301841       -11.919487814035062        205.95524428889581        1.7769999999999999     
   123.75634788831914        49.240823574022087       -53.431088716781410       -100.16454445534177        1.7769999999999999     
   166.74431870593293        58.541903640286677        120.92061036688702       -98.765982642692308        0.0000000000000000     
   88.295006747429767        68.254178658709648       -55.570033836070550       -7.0247171908617023        0.0000000000000000     

 PASSED   1.0000000000000001E-005
 MU_R    =    325.00000000000000     
 ALPHA_S =   0.11799999999999999     
 BORN                    2.4600510746111221E-010
 SINGLE POLE (MadFKS)   -4.4189491732639919E-011
 DOUBLE POLE (MadFKS)   -2.4640243240736487E-011
 SINGLE POLE (MadLoop)  -4.4189491732642530E-011
 DOUBLE POLE (MadLoop)  -2.4640243240736432E-011
 FINITE PART (MadLoop)  -4.4884756589541339E-011
   325.00000000000000        0.0000000000000000        0.0000000000000000        325.00000000000000        0.0000000000000000     
   325.00000000000000        0.0000000000000000        0.0000000000000000       -325.00000000000000        0.0000000000000000     
   205.36246651553611        15.544011920989657        204.40130769101899       -12.209587705824168        1.7769999999999999     
   37.808335130038820       -5.1542562237550875        6.0058938394786381        36.927975279916474        1.7769999999999999     
   292.52003644444068       -95.418255378033891       -265.34816958125720       -77.805380032139212        0.0000000000000000     
   114.30916190998430        85.028499680799342        54.940968050759608        53.086992458046893        0.0000000000000000     

 PASSED   1.0000000000000001E-005
 MU_R    =    325.00000000000000     
 ALPHA_S =   0.11799999999999999     
 BORN                    1.4260211422466799E-011
 SINGLE POLE (MadFKS)   -2.5869552692909826E-012
 DOUBLE POLE (MadFKS)   -1.4283243211503452E-012
 SINGLE POLE (MadLoop)  -2.5869552692908473E-012
 DOUBLE POLE (MadLoop)  -1.4283243211503586E-012
 FINITE PART (MadLoop)   1.0451486162053217E-012
   325.00000000000000        0.0000000000000000        0.0000000000000000        325.00000000000000        0.0000000000000000     
   325.00000000000000        0.0000000000000000        0.0000000000000000       -325.00000000000000        0.0000000000000000     
   127.58769374552277       -88.762066872289878       -89.699350537370961        18.729224864748151        1.7769999999999999     
   202.91456381688781       -56.789032170851456        148.54178628149270        126.02184744479499        1.7769999999999999     
   67.093102442489794       -45.882380461632984        45.643138822944103       -17.691677052270688        0.0000000000000000     
   252.40463999510487        191.43347950477437       -104.48557456706584       -127.05939525727231        0.0000000000000000     

 PASSED   1.0000000000000001E-005
 MU_R    =    325.00000000000000     
 ALPHA_S =   0.11799999999999999     
 BORN                    1.0142868879375221E-011
 SINGLE POLE (MadFKS)   -1.7710733434413527E-012
 DOUBLE POLE (MadFKS)   -1.0159250713370202E-012
 SINGLE POLE (MadLoop)  -1.7710733434414095E-012
 DOUBLE POLE (MadLoop)  -1.0159250713370438E-012
 FINITE PART (MadLoop)   3.3111259649556808E-013
   325.00000000000000        0.0000000000000000        0.0000000000000000        325.00000000000000        0.0000000000000000     
   325.00000000000000        0.0000000000000000        0.0000000000000000       -325.00000000000000        0.0000000000000000     
   130.20152683601663       -24.155075673120855        121.01725043909379       -41.480565049398876        1.7769999999999999     
   195.68343903669626        150.30951591761573        98.963471751636604        76.825329597102638        1.7769999999999999     
   225.44955776711882       -174.42373221230031       -134.76899328644117       -47.341136309559936        0.0000000000000000     
   98.665476360173628        48.269291967805415       -85.211728904289174        11.996371761856162        0.0000000000000000     

 PASSED   1.0000000000000001E-005
 MU_R    =    325.00000000000000     
 ALPHA_S =   0.11799999999999999     
 BORN                    4.3351771454196854E-011
 SINGLE POLE (MadFKS)   -1.7489268532126173E-011
 DOUBLE POLE (MadFKS)   -4.3421789269846145E-012
 SINGLE POLE (MadLoop)  -1.7489268532124254E-011
 DOUBLE POLE (MadLoop)  -4.3421789269843447E-012
 FINITE PART (MadLoop)  -2.1612312916214382E-011
   325.00000000000000        0.0000000000000000        0.0000000000000000        325.00000000000000        0.0000000000000000     
   325.00000000000000        0.0000000000000000        0.0000000000000000       -325.00000000000000        0.0000000000000000     
   55.093157738987927        15.629151528257577       -49.045465695385197        19.554288989440710        1.7769999999999999     
   278.04238098394541       -113.07477218102647        122.83005479602770        222.33146747420889        1.7769999999999999     
   190.22431125730557        12.371049382054929        4.2185280282041102       -189.77473422923899        0.0000000000000000     
   126.64015001976107        85.074571270713918       -78.003117128846611       -52.111022234410633        0.0000000000000000     

 NUMBER OF POINTS PASSING THE CHECK          20
 NUMBER OF POINTS FAILING THE CHECK           0
 TOLERANCE    1.0000000000000001E-005
