==== LHAPDF6 USING DEFAULT-TYPE LHAGLUE INTERFACE ====
LHAPDF 6.2.1 loading /cvmfs/cms.cern.ch/slc6_amd64_gcc481/external/lhapdf/6.2.1/share/LHAPDF/NNPDF31_nnlo_hessian_pdfas/NNPDF31_nnlo_hessian_pdfas_0000.dat
NNPDF31_nnlo_hessian_pdfas PDF set, member #0, version 1; LHAPDF ID = 306000
 A PDF is used, so alpha_s(MZ) is going to be modified
 Old value of alpha_s from param_card:   0.11799999999999999     
 New value of alpha_s from PDF lhapdf :  0.11800208008122040     
 using LHAPDF
 *****************************************************
 *               MadGraph/MadEvent                   *
 *        --------------------------------           *
 *          http://madgraph.hep.uiuc.edu             *
 *          http://madgraph.phys.ucl.ac.be           *
 *          http://madgraph.roma2.infn.it            *
 *        --------------------------------           *
 *                                                   *
 *          PARAMETER AND COUPLING VALUES            *
 *                                                   *
 *****************************************************

  External Params
  ---------------------------------
  
 MU_R =    91.188000000000002     
 aEWM1 =    132.50700000000001     
 mdl_Gf =    1.1663900000000000E-005
 aS =   0.11799999999999999     
 mdl_lamWS =   0.22530000000000000     
 mdl_AWS =   0.80800000000000005     
 mdl_rhoWS =   0.13200000000000001     
 mdl_etaWS =   0.34100000000000003     
 mdl_ymt =    173.00000000000000     
 mdl_ymtau =    1.7769999999999999     
 mdl_MT =    173.00000000000000     
 mdl_MZ =    91.188000000000002     
 mdl_MH =    125.00000000000000     
 mdl_MTA =    1.7769999999999999     
 mdl_WT =    1.4915000000000000     
 mdl_WZ =    2.4414039999999999     
 mdl_WW =    2.0476000000000001     
 mdl_WH =    6.3823389999999999E-003
  Internal Params
  ---------------------------------
  
 mdl_CKM33 =    1.0000000000000000     
 mdl_conjg__CKM3x3 =    1.0000000000000000     
 mdl_I4x33 =    0.0000000000000000     
 mdl_I1x33 =    0.0000000000000000     
 mdl_lhv =    1.0000000000000000     
 mdl_CKM3x3 =    1.0000000000000000     
 mdl_conjg__CKM33 =    1.0000000000000000     
 mdl_Ncol =    3.0000000000000000     
 mdl_CA =    3.0000000000000000     
 mdl_TF =   0.50000000000000000     
 mdl_CF =    1.3333333333333333     
 mdl_lamWS__exp__2 =    5.0760090000000001E-002
 mdl_CKM11 =  ( 0.97461995499999998     ,  0.0000000000000000     )
 mdl_CKM12 =  ( 0.22530000000000000     ,  0.0000000000000000     )
 mdl_complexi =  (  0.0000000000000000     ,  1.0000000000000000     )
 mdl_lamWS__exp__3 =    1.1436248277000001E-002
 mdl_CKM13 =  (  1.2197444962317122E-003, -3.1510066152652563E-003)
 mdl_CKM21 =  (-0.22530000000000000     ,  0.0000000000000000     )
 mdl_CKM22 =  ( 0.97461995499999998     ,  0.0000000000000000     )
 mdl_CKM23 =  (  4.1014152720000002E-002,  0.0000000000000000     )
 mdl_CKM31 =  (  8.0207441115842885E-003, -3.1510066152652563E-003)
 mdl_CKM32 =  ( -4.1014152720000002E-002,  0.0000000000000000     )
 mdl_MZ__exp__2 =    8315.2513440000002     
 mdl_MZ__exp__4 =    69143404.913893804     
 mdl_sqrt__2 =    1.4142135623730951     
 mdl_MH__exp__2 =    15625.000000000000     
 mdl_CKM1x1 =  ( 0.97461995499999998     ,  0.0000000000000000     )
 mdl_CKM1x2 =  ( 0.22530000000000000     ,  0.0000000000000000     )
 mdl_CKM1x3 =  (  1.2197444962317122E-003, -3.1510066152652563E-003)
 mdl_CKM2x1 =  (-0.22530000000000000     ,  0.0000000000000000     )
 mdl_CKM2x2 =  ( 0.97461995499999998     ,  0.0000000000000000     )
 mdl_CKM2x3 =  (  4.1014152720000002E-002,  0.0000000000000000     )
 mdl_CKM3x1 =  (  8.0207441115842885E-003, -3.1510066152652563E-003)
 mdl_CKM3x2 =  ( -4.1014152720000002E-002,  0.0000000000000000     )
 mdl_conjg__CKM1x3 =  (  1.2197444962317122E-003,  3.1510066152652563E-003)
 mdl_conjg__CKM2x3 =  (  4.1014152720000002E-002, -0.0000000000000000     )
 mdl_conjg__CKM2x1 =  (-0.22530000000000000     , -0.0000000000000000     )
 mdl_conjg__CKM3x1 =  (  8.0207441115842885E-003,  3.1510066152652563E-003)
 mdl_conjg__CKM2x2 =  ( 0.97461995499999998     , -0.0000000000000000     )
 mdl_conjg__CKM3x2 =  ( -4.1014152720000002E-002, -0.0000000000000000     )
 mdl_Ncol__exp__2 =    9.0000000000000000     
 mdl_MT__exp__2 =    29929.000000000000     
 mdl_conjg__CKM11 =  ( 0.97461995499999998     , -0.0000000000000000     )
 mdl_conjg__CKM12 =  ( 0.22530000000000000     , -0.0000000000000000     )
 mdl_conjg__CKM13 =  (  1.2197444962317122E-003,  3.1510066152652563E-003)
 mdl_conjg__CKM21 =  (-0.22530000000000000     , -0.0000000000000000     )
 mdl_conjg__CKM22 =  ( 0.97461995499999998     , -0.0000000000000000     )
 mdl_conjg__CKM23 =  (  4.1014152720000002E-002, -0.0000000000000000     )
 mdl_conjg__CKM31 =  (  8.0207441115842885E-003,  3.1510066152652563E-003)
 mdl_conjg__CKM32 =  ( -4.1014152720000002E-002, -0.0000000000000000     )
 mdl_aEW =    7.5467711139788835E-003
 mdl_MW =    80.419002445756163     
 mdl_sqrt__aEW =    8.6872153846781555E-002
 mdl_ee =   0.30795376724436879     
 mdl_MW__exp__2 =    6467.2159543705357     
 mdl_sw2 =   0.22224648578577766     
 mdl_cw =   0.88190334743339216     
 mdl_sqrt__sw2 =   0.47143025548407230     
 mdl_sw =   0.47143025548407230     
 mdl_g1 =   0.34919219678733299     
 mdl_gw =   0.65323293034757990     
 mdl_v =    246.21845810181637     
 mdl_v__exp__2 =    60623.529110035903     
 mdl_lam =   0.12886910601690263     
 mdl_yt =   0.99366614581500623     
 mdl_ytau =    1.0206617000654717E-002
 mdl_muH =    88.388347648318430     
 mdl_AxialZUp =  -0.18517701861793787     
 mdl_AxialZDown =   0.18517701861793787     
 mdl_VectorZUp =    7.5430507588273299E-002
 mdl_VectorZDown =  -0.13030376310310560     
 mdl_VectorAUp =   0.20530251149624587     
 mdl_VectorADown =  -0.10265125574812294     
 mdl_VectorWmDxU =   0.23095271737156670     
 mdl_AxialWmDxU =  -0.23095271737156670     
 mdl_VectorWpUxD =   0.23095271737156670     
 mdl_AxialWpUxD =  -0.23095271737156670     
 mdl_I2x13 =  (  7.9699418879263656E-003,  3.1310485988282153E-003)
 mdl_I2x23 =  ( -4.0754375057150453E-002, -0.0000000000000000     )
 mdl_I2x33 =  ( 0.99366614581500623     ,  0.0000000000000000     )
 mdl_I3x31 =  (  7.9699418879263656E-003, -3.1310485988282153E-003)
 mdl_I3x32 =  ( -4.0754375057150453E-002,  0.0000000000000000     )
 mdl_I3x33 =  ( 0.99366614581500623     ,  0.0000000000000000     )
 mdl_Vector_tdGp =  ( -7.9699418879263656E-003, -3.1310485988282153E-003)
 mdl_Vector_tsGp =  (  4.0754375057150453E-002,  0.0000000000000000     )
 mdl_Vector_tbGp =  (-0.99366614581500623     ,  0.0000000000000000     )
 mdl_Axial_tdGp =  ( -7.9699418879263656E-003, -3.1310485988282153E-003)
 mdl_Axial_tsGp =  (  4.0754375057150453E-002,  0.0000000000000000     )
 mdl_Axial_tbGp =  (-0.99366614581500623     , -0.0000000000000000     )
 mdl_Vector_tdGm =  (  7.9699418879263656E-003, -3.1310485988282153E-003)
 mdl_Vector_tsGm =  ( -4.0754375057150453E-002,  0.0000000000000000     )
 mdl_Vector_tbGm =  ( 0.99366614581500623     ,  0.0000000000000000     )
 mdl_Axial_tdGm =  ( -7.9699418879263656E-003,  3.1310485988282153E-003)
 mdl_Axial_tsGm =  (  4.0754375057150453E-002, -0.0000000000000000     )
 mdl_Axial_tbGm =  (-0.99366614581500623     ,  0.0000000000000000     )
 mdl_gw__exp__2 =   0.42671326129048615     
 mdl_cw__exp__2 =   0.77775351421422245     
 mdl_ee__exp__2 =    9.4835522759998875E-002
 mdl_sw__exp__2 =   0.22224648578577769     
 mdl_yt__exp__2 =   0.98737240933884918     
  Internal Params evaluated point by point
  ----------------------------------------
  
 mdl_sqrt__aS =   0.34351128074635334     
 mdl_G__exp__4 =    2.1987899468922913     
 mdl_G__exp__2 =    1.4828317324943823     
 mdl_R2MixedFactor_FIN_ =   -2.5040377713124864E-002
 mdl_G_UVg_1EPS_ =   -5.1645779033320030E-002
 mdl_G_UVq_1EPS_ =    3.1300472141406080E-003
 mdl_G_UVb_1EPS_ =    3.1300472141406080E-003
 mdl_GWcft_UV_t_1EPS_ =   -3.1300472141406080E-003
 mdl_tWcft_UV_1EPS_ =   -1.8780283284843650E-002
 mdl_G__exp__3 =    1.8056676068262196     
 mdl_MU_R__exp__2 =    8315.2513440000002     
 mdl_G_UVt_FIN_ =   -4.0087659331150384E-003
 mdl_GWcft_UV_t_FIN_ =    4.0087659331150384E-003
 mdl_tWcft_UV_FIN_ =   -9.8778211443463623E-004
  Couplings of loop_sm-ckm_no_b_mass
  ---------------------------------
  
       UV_3Gt =   0.48815E-02   0.00000E+00
      UV_GQQt =   0.00000E+00  -0.48815E-02
   UVWfct_G_2 =   0.40088E-02   0.00000E+00
       R2_DDA =   0.00000E+00   0.25704E-02
       R2_UUA =  -0.00000E+00  -0.51409E-02
    R2_DDZ_V2 =   0.00000E+00   0.72127E-02
    R2_UUZ_V2 =  -0.00000E+00  -0.72127E-02
    R2_UUZ_V5 =   0.00000E+00   0.68702E-03
      R2_GGHt =   0.00000E+00  -0.45657E+01
     R2_GGZup =  -0.46369E-02   0.00000E+00
   R2_GGZdown =   0.46369E-02   0.00000E+00
 R2_GGGZvecUp =   0.00000E+00   0.28750E-03
 R2_GGGZvecDown  -0.00000E+00  -0.49665E-03
 R2_GGGZaxialUp  -0.00000E+00  -0.63522E-02
 R2_GGGZaxialDow  0.00000E+00   0.63522E-02
 R2_GGGAvecUp =   0.00000E+00   0.78251E-03
 R2_GGGAvecDown  -0.00000E+00  -0.39126E-03
         GC_4 =  -0.12177E+01   0.00000E+00
         GC_5 =   0.00000E+00   0.12177E+01
         GC_6 =   0.00000E+00   0.14828E+01
       R2_3Gq =   0.76230E-02   0.00000E+00
       R2_3Gg =   0.31445E-01   0.00000E+00
       R2_GQQ =  -0.00000E+00  -0.30492E-01
       R2_GGq =   0.00000E+00   0.62601E-02
       R2_GGt =  -0.00000E+00  -0.11242E+04
     R2_GGg_1 =   0.00000E+00   0.28170E-01
     R2_GGg_2 =  -0.00000E+00  -0.18780E-01
       R2_QQq =   0.00000E+00   0.12520E-01
  UV_3Gg_1eps =   0.62890E-01   0.00000E+00
  UV_3Gb_1eps =  -0.38115E-02   0.00000E+00
 UV_GQQg_1eps =   0.00000E+00  -0.62890E-01
 UV_GQQq_1eps =   0.00000E+00   0.38115E-02
 UVWfct_G_2_1eps -0.31300E-02   0.00000E+00
         GC_1 =  -0.00000E+00  -0.10265E+00
         GC_2 =   0.00000E+00   0.20530E+00
        GC_21 =  -0.00000E+00  -0.28804E+00
        GC_22 =   0.00000E+00   0.28804E+00
        GC_23 =  -0.00000E+00  -0.27437E-01
        GC_24 =   0.00000E+00   0.82310E-01
        GC_37 =  -0.00000E+00  -0.70263E+00
        GC_38 =  -0.00000E+00  -0.72172E-02
      GC_1003 =  -0.00000E+00  -0.30795E+00

 Collider parameters:
 --------------------

 Running at P P   machine @    13000.000000000000       GeV
 PDF set = lhapdf 
 alpha_s(Mz)= 0.1180 running at 3 loops.
 alpha_s(Mz)= 0.1180 running at 3 loops.
 Renormalization scale set on event-by-event basis
 Factorization   scale set on event-by-event basis


 ===============================================================
 INFO: MadFKS read these parameters from FKS_params.dat
 ===============================================================
  > IRPoleCheckThreshold      =    1.0000000000000001E-005
  > PrecisionVirtualAtRunTime =    1.0000000000000000E-003
  > NHelForMCoverHels         =            4
  > VirtualFraction           =    1.0000000000000000     
  > MinVirtualFraction        =    5.0000000000000001E-003
 ===============================================================
  Insert the number of points to test
 Insert the relative tolerance
  A negative number will mean use the default one:    1.0000000000000001E-005
Using random seed offsets:     0 ,     72 ,      0
  with seed                   32
 Ranmar initialization seeds       10729        9478
  ========================================================================================== 
 {                                                                                          }
 {       [32m                                                                            [0m       }
 {       [32m                               ,,                                           [0m       }
 {       [32m`7MMM.     ,MMF'             `7MM  `7MMF'                                   [0m       }
 {       [32m  MMMb    dPMM                 MM    MM                                     [0m       }
 {       [32m  M YM   ,M MM   ,6"Yb.   ,M""bMM    MM         ,pW"Wq.   ,pW"Wq.`7MMpdMAo. [0m       }
 {       [32m  M  Mb  M' MM  8)   MM ,AP    MM    MM        6W'   `Wb 6W'   `Wb MM   `Wb [0m       }
 {       [32m  M  YM.P'  MM   ,pm9MM 8MI    MM    MM      , 8M     M8 8M     M8 MM    M8 [0m       }
 {       [32m  M  `YM'   MM  8M   MM `Mb    MM    MM     ,M YA.   ,A9 YA.   ,A9 MM   ,AP [0m       }
 {       [32m.JML. `'  .JMML.`Moo9^Yo.`Wbmd"MML..JMMmmmmMMM  `Ybmd9'   `Ybmd9'  MMbmmd'  [0m       }
 {       [32m                                                                   MM       [0m       }
 {       [32m                                                                 .JMML.     [0m       }
 {       [32m[0mv2.4.2 (2016-06-10), Ref: arXiv:1103.0621v2, arXiv:1405.0301[32m                [0m       }
 {       [32m                                                                            [0m       }
 {                                                                                          }
  ========================================================================================== 
 ===============================================================
 INFO: MadLoop read these parameters from ./MadLoop5_resources/MadLoopParams.dat                                                                                                                                                                                                                                                                                                                                                                                                                                                                                          
 ===============================================================
  > MLReductionLib            = 6|1|2
  > IREGIMODE                 =            2
  > IREGIRECY                 =  T
  > CTModeRun                 =           -1
  > MLStabThres               =    1.0000000000000000E-003
  > NRotations_DP             =            1
  > NRotations_QP             =            0
  > CTStabThres               =    1.0000000000000000E-002
  > CTLoopLibrary             =            2
  > CTModeInit                =            1
  > CheckCycle                =            3
  > MaxAttempts               =           10
  > UseLoopFilter             =  F
  > HelicityFilterLevel       =            2
  > ImprovePSPoint            =            2
  > DoubleCheckHelicityFilter =  T
  > LoopInitStartOver         =  F
  > HelInitStartOver          =  F
  > ZeroThres                 =    1.0000000000000001E-009
  > OSThres                   =    1.0000000000000000E-008
  > WriteOutFilters           =  T
  > UseQPIntegrandForNinja    =  F
  > UseQPIntegrandForCutTools =  T
 ===============================================================
  
------------------------------------------------------------------------
|              You are using CutTools - Version 1.9.3                  |
|              Authors: G. Ossola, C. Papadopoulos, R. Pittau          |
|              Published in JHEP 0803:042,2008                         |
|              http://www.ugr.es/~pittau/CutTools                      |
|                                                                      |
|              Compiler with  34  significant digits detetected        |
 ---------------------------------------------------------------------- 
   
########################################################################
#                                                                      #
#                      You are using OneLOop-3.6                       #
#                                                                      #
# for the evaluation of 1-loop scalar 1-, 2-, 3- and 4-point functions #
#                                                                      #
# author: Andreas van Hameren <hamerenREMOVETHIS@ifj.edu.pl>           #
#   date: 18-02-2015                                                   #
#                                                                      #
# Please cite                                                          #
#    A. van Hameren,                                                   #
#      Comput.Phys.Commun. 182 (2011) 2427-2438, arXiv:1007.4716       #
#    A. van Hameren, C.G. Papadopoulos and R. Pittau,                  #
#      JHEP 0909:106,2009, arXiv:0903.4665                             #
# in publications with results obtained with the help of this program. #
#                                                                      #
########################################################################
 PASSED   1.0000000000000001E-005
 MU_R    =    325.00000000000000     
 ALPHA_S =   0.11799999999999999     
 BORN                    7.9269526443758122E-012
 SINGLE POLE (MadFKS)   -9.0637389120878961E-013
 DOUBLE POLE (MadFKS)   -7.9397555331689719E-013
 SINGLE POLE (MadLoop)  -9.0637389120890755E-013
 DOUBLE POLE (MadLoop)  -7.9397555331689901E-013
 FINITE PART (MadLoop)   4.5328406191119703E-012
   325.00000000000000        0.0000000000000000        0.0000000000000000        325.00000000000000        0.0000000000000000     
   325.00000000000000        0.0000000000000000        0.0000000000000000       -325.00000000000000        0.0000000000000000     
   140.48815844288788       -113.44668690693453       -64.307924679296505        52.231264458711557        1.7769999999999999     
   149.72671874233902        130.79085101071561       -62.425160312913683       -37.573730559358943        1.7769999999999999     
   131.06223944908635        117.64848417151174       -55.131435054988550        17.224100857019266        0.0000000000000000     
   228.72288336568681       -134.99264827529282        181.86452004719874       -31.881634756371799        0.0000000000000000     

 PASSED   1.0000000000000001E-005
 MU_R    =    325.00000000000000     
 ALPHA_S =   0.11799999999999999     
 BORN                    1.2115174234276218E-011
 SINGLE POLE (MadFKS)   -1.5391814163035902E-012
 DOUBLE POLE (MadFKS)   -1.2134741555463793E-012
 SINGLE POLE (MadLoop)  -1.5391814163035595E-012
 DOUBLE POLE (MadLoop)  -1.2134741555463765E-012
 FINITE PART (MadLoop)   5.4887979388684902E-012
   325.00000000000000        0.0000000000000000        0.0000000000000000        325.00000000000000        0.0000000000000000     
   325.00000000000000        0.0000000000000000        0.0000000000000000       -325.00000000000000        0.0000000000000000     
   248.13208628955789        145.77439067212521       -119.86290741419742       -161.08719678420982        1.7769999999999999     
   174.45016053042406       -129.70046726576831        44.232001153282042        107.93988903601920        1.7769999999999999     
   93.862491194795780        9.5441811277893187       -53.318903819096960        76.656182760576812        0.0000000000000000     
   133.55526198522352       -25.618104534146195        128.94981008001230       -23.508875012386188        0.0000000000000000     

 PASSED   1.0000000000000001E-005
 MU_R    =    325.00000000000000     
 ALPHA_S =   0.11799999999999999     
 BORN                    5.3362374069548782E-008
 SINGLE POLE (MadFKS)   -6.9877788863431812E-009
 DOUBLE POLE (MadFKS)   -5.3448560094822465E-009
 SINGLE POLE (MadLoop)  -6.9877788863419264E-009
 DOUBLE POLE (MadLoop)  -5.3448560094818982E-009
 FINITE PART (MadLoop)   4.3560542178118768E-008
   325.00000000000000        0.0000000000000000        0.0000000000000000        325.00000000000000        0.0000000000000000     
   325.00000000000000        0.0000000000000000        0.0000000000000000       -325.00000000000000        0.0000000000000000     
   149.33290791557565        38.849579413361383        43.490214781573869       -137.46443560128307        1.7769999999999999     
   163.70024873418197       -7.3123028515349136        99.144336260482731       -130.04439442401508        1.7769999999999999     
   205.11477923397715        13.169319105563181       -37.825411556718926        201.16629920308191        0.0000000000000000     
   131.85206411627061       -44.706595667389657       -104.80913948533770        66.342530822216318        0.0000000000000000     

 PASSED   1.0000000000000001E-005
 MU_R    =    325.00000000000000     
 ALPHA_S =   0.11799999999999999     
 BORN                    4.2112678193792408E-008
 SINGLE POLE (MadFKS)   -4.9883095573301065E-009
 DOUBLE POLE (MadFKS)   -4.2180694739353560E-009
 SINGLE POLE (MadLoop)  -4.9883095573305076E-009
 DOUBLE POLE (MadLoop)  -4.2180694739354966E-009
 FINITE PART (MadLoop)   3.1961836809552003E-008
   325.00000000000000        0.0000000000000000        0.0000000000000000        325.00000000000000        0.0000000000000000     
   325.00000000000000        0.0000000000000000        0.0000000000000000       -325.00000000000000        0.0000000000000000     
   119.08898984641915       -79.226605602814729       -24.506168357774285       -85.449531600336996        1.7769999999999999     
   179.82760722981615       -39.379342362328650       -20.547700228797680       -174.24657816846508        1.7769999999999999     
   240.75482535983224        22.511494642394325        85.715160669589068        223.85046297561078        0.0000000000000000     
   110.32857756393243        96.094453322749089       -40.661292083017109        35.845646793191236        0.0000000000000000     

 PASSED   1.0000000000000001E-005
 MU_R    =    325.00000000000000     
 ALPHA_S =   0.11799999999999999     
 BORN                    1.0791817712498444E-011
 SINGLE POLE (MadFKS)   -1.5855201813893815E-012
 DOUBLE POLE (MadFKS)   -1.0809247669286088E-012
 SINGLE POLE (MadLoop)  -1.5855201813894128E-012
 DOUBLE POLE (MadLoop)  -1.0809247669286040E-012
 FINITE PART (MadLoop)   4.8001527956732701E-012
   325.00000000000000        0.0000000000000000        0.0000000000000000        325.00000000000000        0.0000000000000000     
   325.00000000000000        0.0000000000000000        0.0000000000000000       -325.00000000000000        0.0000000000000000     
   157.57749435342586       -52.846948292588813        1.4229925117048792       -148.43410708518448        1.7769999999999999     
   191.37857800354649       -103.07311614179766        148.43491269288390        62.973103880426052        1.7769999999999999     
   85.033525793181141       -37.188407839777369       -62.091739194911284        44.635622040172095        0.0000000000000000     
   216.01040184984973        193.10847227416386       -87.766166009677434        40.825381164586368        0.0000000000000000     

 PASSED   1.0000000000000001E-005
 MU_R    =    325.00000000000000     
 ALPHA_S =   0.11799999999999999     
 BORN                    4.8892146774577596E-011
 SINGLE POLE (MadFKS)   -5.6403849341317648E-012
 DOUBLE POLE (MadFKS)   -4.8971112897638502E-012
 SINGLE POLE (MadLoop)  -5.6403849341318125E-012
 DOUBLE POLE (MadLoop)  -4.8971112897638438E-012
 FINITE PART (MadLoop)   2.3630909629772129E-011
   325.00000000000000        0.0000000000000000        0.0000000000000000        325.00000000000000        0.0000000000000000     
   325.00000000000000        0.0000000000000000        0.0000000000000000       -325.00000000000000        0.0000000000000000     
   161.54379996501413        129.64948914905273       -89.747084211961734       -35.067255623690080        1.7769999999999999     
   231.06374537442636       -196.18400939469859        100.95795801258951       -68.604823949973024        1.7769999999999999     
   136.18694718285229       -26.544626279201900        65.357144292966368        116.49339504259837        0.0000000000000000     
   121.20550747770906        93.079146524847772       -76.568018093594091       -12.821315468935291        0.0000000000000000     

 PASSED   1.0000000000000001E-005
 MU_R    =    325.00000000000000     
 ALPHA_S =   0.11799999999999999     
 BORN                    4.7221226141275873E-010
 SINGLE POLE (MadFKS)   -3.1063279057708178E-011
 DOUBLE POLE (MadFKS)   -4.7297493546177343E-011
 SINGLE POLE (MadLoop)  -3.1063279057707771E-011
 DOUBLE POLE (MadLoop)  -4.7297493546177162E-011
 FINITE PART (MadLoop)   3.4529328606118371E-010
   325.00000000000000        0.0000000000000000        0.0000000000000000        325.00000000000000        0.0000000000000000     
   325.00000000000000        0.0000000000000000        0.0000000000000000       -325.00000000000000        0.0000000000000000     
   98.854439278724726       -70.573748819462438       -32.438786096914932       -61.123756185603433        1.7769999999999999     
   200.91480756580398        25.656315436114756        70.041301192417166        186.54643329669886        1.7769999999999999     
   108.83516369121386       -75.772012198987625        23.477419094187731        74.515138164574708        0.0000000000000000     
   241.39558946425745        120.68944558233525       -61.079934189690043       -199.93781527567032        0.0000000000000000     

 PASSED   1.0000000000000001E-005
 MU_R    =    325.00000000000000     
 ALPHA_S =   0.11799999999999999     
 BORN                    1.4368592063043898E-010
 SINGLE POLE (MadFKS)   -1.9913990135392821E-011
 DOUBLE POLE (MadFKS)   -1.4391798898577091E-011
 SINGLE POLE (MadLoop)  -1.9913990135392792E-011
 DOUBLE POLE (MadLoop)  -1.4391798898576913E-011
 FINITE PART (MadLoop)   7.6396987849015494E-011
   325.00000000000000        0.0000000000000000        0.0000000000000000        325.00000000000000        0.0000000000000000     
   325.00000000000000        0.0000000000000000        0.0000000000000000       -325.00000000000000        0.0000000000000000     
   171.60733685373324        158.64863160791577       -11.261549278002688       -64.418239108389670        1.7769999999999999     
   199.08818601779709       -102.37349441982381       -137.00174784832228       -101.89767813662887        1.7769999999999999     
   120.06678230380089        34.608594079013869        29.761469467341943        111.05193543476329        0.0000000000000000     
   159.23769482467091       -90.883731267105802        118.50182765898305        55.263981810255139        0.0000000000000000     

 PASSED   1.0000000000000001E-005
 MU_R    =    325.00000000000000     
 ALPHA_S =   0.11799999999999999     
 BORN                    5.1125332902773930E-011
 SINGLE POLE (MadFKS)   -1.3076947593608662E-011
 DOUBLE POLE (MadFKS)   -5.1207905863788386E-012
 SINGLE POLE (MadLoop)  -1.3076947593607704E-011
 DOUBLE POLE (MadLoop)  -5.1207905863786730E-012
 FINITE PART (MadLoop)   5.6938187103432143E-012
   325.00000000000000        0.0000000000000000        0.0000000000000000        325.00000000000000        0.0000000000000000     
   325.00000000000000        0.0000000000000000        0.0000000000000000       -325.00000000000000        0.0000000000000000     
   117.79419994130861        78.385511422004399       -64.764896976456455        59.443549099568287        1.7769999999999999     
   264.48498829217681        69.427148768085658       -18.241383050285467       -254.55112307994199        1.7769999999999999     
   162.25285410731823       -118.60385830258832        41.622989972854739        102.59941601895146        0.0000000000000000     
   105.46795765920061       -29.208801887501757        41.383290053887130        92.508157961422242        0.0000000000000000     

 PASSED   1.0000000000000001E-005
 MU_R    =    325.00000000000000     
 ALPHA_S =   0.11799999999999999     
 BORN                    1.2028312652229020E-011
 SINGLE POLE (MadFKS)   -3.2528277915077805E-012
 DOUBLE POLE (MadFKS)   -1.2047739682534935E-012
 SINGLE POLE (MadLoop)  -3.2528277915076031E-012
 DOUBLE POLE (MadLoop)  -1.2047739682534535E-012
 FINITE PART (MadLoop)   4.2606476734747419E-012
   325.00000000000000        0.0000000000000000        0.0000000000000000        325.00000000000000        0.0000000000000000     
   325.00000000000000        0.0000000000000000        0.0000000000000000       -325.00000000000000        0.0000000000000000     
   246.18885918989585        157.61231700294698        144.93098459472944       -121.48729930979295        1.7769999999999999     
   139.43519356254905       -79.662097801767288       -92.956160211873822       -66.724192968604939        1.7769999999999999     
   155.51701691902494       -113.52536221620532       -62.624042257270858        85.882268347029793        0.0000000000000000     
   108.85893032853288        35.575143015025709        10.649217874415211        102.32922393136808        0.0000000000000000     

 PASSED   1.0000000000000001E-005
 MU_R    =    325.00000000000000     
 ALPHA_S =   0.11799999999999999     
 BORN                    4.7284743246759855E-009
 SINGLE POLE (MadFKS)   -8.6312174779622361E-010
 DOUBLE POLE (MadFKS)   -4.7361113238679879E-010
 SINGLE POLE (MadLoop)  -8.6312174779621895E-010
 DOUBLE POLE (MadLoop)  -4.7361113238678566E-010
 FINITE PART (MadLoop)   2.2117527356674444E-009
   325.00000000000000        0.0000000000000000        0.0000000000000000        325.00000000000000        0.0000000000000000     
   325.00000000000000        0.0000000000000000        0.0000000000000000       -325.00000000000000        0.0000000000000000     
   49.566270964118935        22.287825462537722        3.7659790412032552        44.076385131963036        1.7769999999999999     
   139.31823794751438        17.700323526526553        25.506233846589051        135.80332940623970        1.7769999999999999     
   295.41115997102673       -43.340984004020243       -189.34844861200790       -222.56791671131941        0.0000000000000000     
   165.70433111733990        3.3528350149560202        160.07623572421556        42.688202173116650        0.0000000000000000     

 PASSED   1.0000000000000001E-005
 MU_R    =    325.00000000000000     
 ALPHA_S =   0.11799999999999999     
 BORN                    1.0618957304294776E-009
 SINGLE POLE (MadFKS)   -2.9697385645097087E-010
 DOUBLE POLE (MadFKS)   -1.0636108072763497E-010
 SINGLE POLE (MadLoop)  -2.9697385645097857E-010
 DOUBLE POLE (MadLoop)  -1.0636108072763652E-010
 FINITE PART (MadLoop)   5.6705936812472726E-010
   325.00000000000000        0.0000000000000000        0.0000000000000000        325.00000000000000        0.0000000000000000     
   325.00000000000000        0.0000000000000000        0.0000000000000000       -325.00000000000000        0.0000000000000000     
   296.31873913042625        110.86974594152716        3.5056838865722750       -274.76762372265443        1.7769999999999999     
   53.833417569380252       -53.486309825551402        5.5701733437029226       -1.7512705003747560        1.7769999999999999     
   196.00778660759906       -84.925143484842636       -9.4991823680435257        176.39880370690622        0.0000000000000000     
   103.84005669259440        27.541707368866881       0.42332513776832015        100.12009051612297        0.0000000000000000     

 PASSED   1.0000000000000001E-005
 MU_R    =    325.00000000000000     
 ALPHA_S =   0.11799999999999999     
 BORN                    9.1480996936324044E-012
 SINGLE POLE (MadFKS)   -1.5327586374072625E-012
 DOUBLE POLE (MadFKS)   -9.1628748674350909E-013
 SINGLE POLE (MadLoop)  -1.5327586374073029E-012
 DOUBLE POLE (MadLoop)  -9.1628748674349415E-013
 FINITE PART (MadLoop)   4.5592569083897156E-012
   325.00000000000000        0.0000000000000000        0.0000000000000000        325.00000000000000        0.0000000000000000     
   325.00000000000000        0.0000000000000000        0.0000000000000000       -325.00000000000000        0.0000000000000000     
   190.92598722988922        169.99362991311730       -5.0054849993192301       -86.756473992386020        1.7769999999999999     
   197.46995789223934       -96.575000083886678       -34.561562175648575        168.73053760282650        1.7769999999999999     
   104.61550049575720       -9.9758094263039432       -97.053481095063646       -37.755899904491315        0.0000000000000000     
   156.98855438211595       -63.442820402926692        136.62052827003149       -44.218163705949188        0.0000000000000000     

 PASSED   1.0000000000000001E-005
 MU_R    =    325.00000000000000     
 ALPHA_S =   0.11799999999999999     
 BORN                    1.5382694157937939E-010
 SINGLE POLE (MadFKS)   -2.3147532003445546E-011
 DOUBLE POLE (MadFKS)   -1.5407538878409810E-011
 SINGLE POLE (MadLoop)  -2.3147532003446308E-011
 DOUBLE POLE (MadLoop)  -1.5407538878409522E-011
 FINITE PART (MadLoop)   1.0133440887825962E-010
   325.00000000000000        0.0000000000000000        0.0000000000000000        325.00000000000000        0.0000000000000000     
   325.00000000000000        0.0000000000000000        0.0000000000000000       -325.00000000000000        0.0000000000000000     
Thanks for using LHAPDF 6.2.1. Please make sure to cite the paper:
  Eur.Phys.J. C75 (2015) 3, 132  (http://arxiv.org/abs/1412.7420)
   152.44341904620151        49.415690024134662        139.88784272114577        35.004561413598736        1.7769999999999999     
   233.51017914040543       -78.749491349363822       -173.74004148811767        134.67279468811773        1.7769999999999999     
   78.310874274812889       -12.326601394195437       -73.527328619288227       -23.966223604593260        0.0000000000000000     
   185.73552753858237        41.660402719424667        107.37952738626026       -145.71113249712334        0.0000000000000000     

 PASSED   1.0000000000000001E-005
 MU_R    =    325.00000000000000     
 ALPHA_S =   0.11799999999999999     
 BORN                    1.8468075956523154E-012
 SINGLE POLE (MadFKS)   -3.6329895228597575E-013
 DOUBLE POLE (MadFKS)   -1.8497903903440783E-013
 SINGLE POLE (MadLoop)  -3.6329895228597120E-013
 DOUBLE POLE (MadLoop)  -1.8497903903440402E-013
 FINITE PART (MadLoop)   9.2809344402412445E-013
   325.00000000000000        0.0000000000000000        0.0000000000000000        325.00000000000000        0.0000000000000000     
   325.00000000000000        0.0000000000000000        0.0000000000000000       -325.00000000000000        0.0000000000000000     
   216.55631821091239        134.67740097198489        37.330289568779570       -165.41441405212612        1.7769999999999999     
   116.67958684407743        44.886103459480907       -19.154275262762514        105.96848452482332        1.7769999999999999     
   172.19025714342229       -144.06845903392482        89.194931272529033       -30.627242807621766        0.0000000000000000     
   144.57383780159395       -35.495045397540920       -107.37094557854608        90.073172334924550        0.0000000000000000     

 PASSED   1.0000000000000001E-005
 MU_R    =    325.00000000000000     
 ALPHA_S =   0.11799999999999999     
 BORN                    4.5737680494143746E-011
 SINGLE POLE (MadFKS)   -4.0999406495994737E-012
 DOUBLE POLE (MadFKS)   -4.5811551811823324E-012
 SINGLE POLE (MadLoop)  -4.0999406495995311E-012
 DOUBLE POLE (MadLoop)  -4.5811551811822743E-012
 FINITE PART (MadLoop)   2.2173126452007903E-011
   325.00000000000000        0.0000000000000000        0.0000000000000000        325.00000000000000        0.0000000000000000     
   325.00000000000000        0.0000000000000000        0.0000000000000000       -325.00000000000000        0.0000000000000000     
   177.48973851727652        121.11670512929801        74.344409602926234       -106.31604793889879        1.7769999999999999     
   148.11109684275291        44.861234275160307        28.504893486872110        138.23414912956420        1.7769999999999999     
   171.45166659084813       -62.182128245109730       -141.91804658381707        73.405210697344984        0.0000000000000000     
   152.94749804912692       -103.79581115934860        39.068743494018719       -105.32331188801034        0.0000000000000000     

 PASSED   1.0000000000000001E-005
 MU_R    =    325.00000000000000     
 ALPHA_S =   0.11799999999999999     
 BORN                    1.2297325394783898E-009
 SINGLE POLE (MadFKS)   -3.6858234419949098E-010
 DOUBLE POLE (MadFKS)   -1.2317186909863647E-010
 SINGLE POLE (MadLoop)  -3.6858234419948711E-010
 DOUBLE POLE (MadLoop)  -1.2317186909864104E-010
 FINITE PART (MadLoop)   6.2087005250088053E-011
   325.00000000000000        0.0000000000000000        0.0000000000000000        325.00000000000000        0.0000000000000000     
   325.00000000000000        0.0000000000000000        0.0000000000000000       -325.00000000000000        0.0000000000000000     
   44.293517805044331        31.366938766856837       -1.6167246597598057        31.181073495256008        1.7769999999999999     
   140.25749003583138        56.819493119575647       -127.99715993902277       -7.5682251109534304        1.7769999999999999     
   276.19260365543994       -56.305489934661310        177.60084610900390       -203.88718836296357        0.0000000000000000     
   189.25638850368432       -31.880941951771156       -47.986961510221363        180.27433997866100        0.0000000000000000     

 PASSED   1.0000000000000001E-005
 MU_R    =    325.00000000000000     
 ALPHA_S =   0.11799999999999999     
 BORN                    5.0539664452021934E-012
 SINGLE POLE (MadFKS)   -8.8824018017807355E-013
 DOUBLE POLE (MadFKS)   -5.0621291494928764E-013
 SINGLE POLE (MadLoop)  -8.8824018017797187E-013
 DOUBLE POLE (MadLoop)  -5.0621291494928945E-013
 FINITE PART (MadLoop)   1.9284256857721821E-012
   325.00000000000000        0.0000000000000000        0.0000000000000000        325.00000000000000        0.0000000000000000     
   325.00000000000000        0.0000000000000000        0.0000000000000000       -325.00000000000000        0.0000000000000000     
   243.59149892607266        108.62766361724201        199.03361318061897       -88.990517142996211        1.7769999999999999     
   225.01232537231775       -191.55049259941777       -106.28401352762532        51.376123772018310        1.7769999999999999     
   63.430815665480573        45.762950562872469        19.194079963265821        39.507062990458081        0.0000000000000000     
   117.96536003612952        37.159878419303318       -111.94367961625950       -1.8926696194801935        0.0000000000000000     

 PASSED   1.0000000000000001E-005
 MU_R    =    325.00000000000000     
 ALPHA_S =   0.11799999999999999     
 BORN                    3.5461101471639123E-011
 SINGLE POLE (MadFKS)   -3.5925901590269548E-012
 DOUBLE POLE (MadFKS)   -3.5518374998931666E-012
 SINGLE POLE (MadLoop)  -3.5925901590267565E-012
 DOUBLE POLE (MadLoop)  -3.5518374998931323E-012
 FINITE PART (MadLoop)   1.5542123148476687E-011
   325.00000000000000        0.0000000000000000        0.0000000000000000        325.00000000000000        0.0000000000000000     
   325.00000000000000        0.0000000000000000        0.0000000000000000       -325.00000000000000        0.0000000000000000     
   121.41797932843143       -39.589116742960044       -107.12131634100118        41.193365923202172        1.7769999999999999     
   230.67660965893825        160.61989097459056        61.278665702057353       -153.80089813726161        1.7769999999999999     
   221.07355519188508       -157.15925380187318       -6.8116090907198137        155.33218511053371        0.0000000000000000     
   76.831855820750050        36.128479570242639        52.654259729663600       -42.724652896474296        0.0000000000000000     

 PASSED   1.0000000000000001E-005
 MU_R    =    325.00000000000000     
 ALPHA_S =   0.11799999999999999     
 BORN                    6.7558729388993065E-013
 SINGLE POLE (MadFKS)   -1.5589793550878915E-013
 DOUBLE POLE (MadFKS)   -6.7667844068767038E-014
 SINGLE POLE (MadLoop)  -1.5589793550878658E-013
 DOUBLE POLE (MadLoop)  -6.7667844068766545E-014
 FINITE PART (MadLoop)   4.4109043944208764E-013
   325.00000000000000        0.0000000000000000        0.0000000000000000        325.00000000000000        0.0000000000000000     
   325.00000000000000        0.0000000000000000        0.0000000000000000       -325.00000000000000        0.0000000000000000     
   161.57391607301827        107.86823724278368        4.2755923622173801        120.20455619591726        1.7769999999999999     
   237.08220090772446       -202.56880436864927       -58.900914077341227       -108.17288974489024        1.7769999999999999     
   169.64624544143643        155.35705088487563        30.282470890447424       -61.049220220240720        0.0000000000000000     
   81.697637577822590       -60.656483759009994        24.342850824676432        49.017553769213649        0.0000000000000000     

 NUMBER OF POINTS PASSING THE CHECK          20
 NUMBER OF POINTS FAILING THE CHECK           0
 TOLERANCE    1.0000000000000001E-005
