==== LHAPDF6 USING DEFAULT-TYPE LHAGLUE INTERFACE ====
LHAPDF 6.2.1 loading /cvmfs/cms.cern.ch/slc6_amd64_gcc481/external/lhapdf/6.2.1/share/LHAPDF/NNPDF31_nnlo_hessian_pdfas/NNPDF31_nnlo_hessian_pdfas_0000.dat
NNPDF31_nnlo_hessian_pdfas PDF set, member #0, version 1; LHAPDF ID = 306000
 A PDF is used, so alpha_s(MZ) is going to be modified
 Old value of alpha_s from param_card:   0.11799999999999999     
 New value of alpha_s from PDF lhapdf :  0.11800208008122040     
 using LHAPDF
 *****************************************************
 *               MadGraph/MadEvent                   *
 *        --------------------------------           *
 *          http://madgraph.hep.uiuc.edu             *
 *          http://madgraph.phys.ucl.ac.be           *
 *          http://madgraph.roma2.infn.it            *
 *        --------------------------------           *
 *                                                   *
 *          PARAMETER AND COUPLING VALUES            *
 *                                                   *
 *****************************************************

  External Params
  ---------------------------------
  
 MU_R =    91.188000000000002     
 aEWM1 =    132.50700000000001     
 mdl_Gf =    1.1663900000000000E-005
 aS =   0.11799999999999999     
 mdl_lamWS =   0.22530000000000000     
 mdl_AWS =   0.80800000000000005     
 mdl_rhoWS =   0.13200000000000001     
 mdl_etaWS =   0.34100000000000003     
 mdl_ymt =    173.00000000000000     
 mdl_ymtau =    1.7769999999999999     
 mdl_MT =    173.00000000000000     
 mdl_MZ =    91.188000000000002     
 mdl_MH =    125.00000000000000     
 mdl_MTA =    1.7769999999999999     
 mdl_WT =    1.4915000000000000     
 mdl_WZ =    2.4414039999999999     
 mdl_WW =    2.0476000000000001     
 mdl_WH =    6.3823389999999999E-003
  Internal Params
  ---------------------------------
  
 mdl_CKM33 =    1.0000000000000000     
 mdl_conjg__CKM3x3 =    1.0000000000000000     
 mdl_I4x33 =    0.0000000000000000     
 mdl_I1x33 =    0.0000000000000000     
 mdl_lhv =    1.0000000000000000     
 mdl_CKM3x3 =    1.0000000000000000     
 mdl_conjg__CKM33 =    1.0000000000000000     
 mdl_Ncol =    3.0000000000000000     
 mdl_CA =    3.0000000000000000     
 mdl_TF =   0.50000000000000000     
 mdl_CF =    1.3333333333333333     
 mdl_lamWS__exp__2 =    5.0760090000000001E-002
 mdl_CKM11 =  ( 0.97461995499999998     ,  0.0000000000000000     )
 mdl_CKM12 =  ( 0.22530000000000000     ,  0.0000000000000000     )
 mdl_complexi =  (  0.0000000000000000     ,  1.0000000000000000     )
 mdl_lamWS__exp__3 =    1.1436248277000001E-002
 mdl_CKM13 =  (  1.2197444962317122E-003, -3.1510066152652563E-003)
 mdl_CKM21 =  (-0.22530000000000000     ,  0.0000000000000000     )
 mdl_CKM22 =  ( 0.97461995499999998     ,  0.0000000000000000     )
 mdl_CKM23 =  (  4.1014152720000002E-002,  0.0000000000000000     )
 mdl_CKM31 =  (  8.0207441115842885E-003, -3.1510066152652563E-003)
 mdl_CKM32 =  ( -4.1014152720000002E-002,  0.0000000000000000     )
 mdl_MZ__exp__2 =    8315.2513440000002     
 mdl_MZ__exp__4 =    69143404.913893804     
 mdl_sqrt__2 =    1.4142135623730951     
 mdl_MH__exp__2 =    15625.000000000000     
 mdl_CKM1x1 =  ( 0.97461995499999998     ,  0.0000000000000000     )
 mdl_CKM1x2 =  ( 0.22530000000000000     ,  0.0000000000000000     )
 mdl_CKM1x3 =  (  1.2197444962317122E-003, -3.1510066152652563E-003)
 mdl_CKM2x1 =  (-0.22530000000000000     ,  0.0000000000000000     )
 mdl_CKM2x2 =  ( 0.97461995499999998     ,  0.0000000000000000     )
 mdl_CKM2x3 =  (  4.1014152720000002E-002,  0.0000000000000000     )
 mdl_CKM3x1 =  (  8.0207441115842885E-003, -3.1510066152652563E-003)
 mdl_CKM3x2 =  ( -4.1014152720000002E-002,  0.0000000000000000     )
 mdl_conjg__CKM1x3 =  (  1.2197444962317122E-003,  3.1510066152652563E-003)
 mdl_conjg__CKM2x3 =  (  4.1014152720000002E-002, -0.0000000000000000     )
 mdl_conjg__CKM2x1 =  (-0.22530000000000000     , -0.0000000000000000     )
 mdl_conjg__CKM3x1 =  (  8.0207441115842885E-003,  3.1510066152652563E-003)
 mdl_conjg__CKM2x2 =  ( 0.97461995499999998     , -0.0000000000000000     )
 mdl_conjg__CKM3x2 =  ( -4.1014152720000002E-002, -0.0000000000000000     )
 mdl_Ncol__exp__2 =    9.0000000000000000     
 mdl_MT__exp__2 =    29929.000000000000     
 mdl_conjg__CKM11 =  ( 0.97461995499999998     , -0.0000000000000000     )
 mdl_conjg__CKM12 =  ( 0.22530000000000000     , -0.0000000000000000     )
 mdl_conjg__CKM13 =  (  1.2197444962317122E-003,  3.1510066152652563E-003)
 mdl_conjg__CKM21 =  (-0.22530000000000000     , -0.0000000000000000     )
 mdl_conjg__CKM22 =  ( 0.97461995499999998     , -0.0000000000000000     )
 mdl_conjg__CKM23 =  (  4.1014152720000002E-002, -0.0000000000000000     )
 mdl_conjg__CKM31 =  (  8.0207441115842885E-003,  3.1510066152652563E-003)
 mdl_conjg__CKM32 =  ( -4.1014152720000002E-002, -0.0000000000000000     )
 mdl_aEW =    7.5467711139788835E-003
 mdl_MW =    80.419002445756163     
 mdl_sqrt__aEW =    8.6872153846781555E-002
 mdl_ee =   0.30795376724436879     
 mdl_MW__exp__2 =    6467.2159543705357     
 mdl_sw2 =   0.22224648578577766     
 mdl_cw =   0.88190334743339216     
 mdl_sqrt__sw2 =   0.47143025548407230     
 mdl_sw =   0.47143025548407230     
 mdl_g1 =   0.34919219678733299     
 mdl_gw =   0.65323293034757990     
 mdl_v =    246.21845810181637     
 mdl_v__exp__2 =    60623.529110035903     
 mdl_lam =   0.12886910601690263     
 mdl_yt =   0.99366614581500623     
 mdl_ytau =    1.0206617000654717E-002
 mdl_muH =    88.388347648318430     
 mdl_AxialZUp =  -0.18517701861793787     
 mdl_AxialZDown =   0.18517701861793787     
 mdl_VectorZUp =    7.5430507588273299E-002
 mdl_VectorZDown =  -0.13030376310310560     
 mdl_VectorAUp =   0.20530251149624587     
 mdl_VectorADown =  -0.10265125574812294     
 mdl_VectorWmDxU =   0.23095271737156670     
 mdl_AxialWmDxU =  -0.23095271737156670     
 mdl_VectorWpUxD =   0.23095271737156670     
 mdl_AxialWpUxD =  -0.23095271737156670     
 mdl_I2x13 =  (  7.9699418879263656E-003,  3.1310485988282153E-003)
 mdl_I2x23 =  ( -4.0754375057150453E-002, -0.0000000000000000     )
 mdl_I2x33 =  ( 0.99366614581500623     ,  0.0000000000000000     )
 mdl_I3x31 =  (  7.9699418879263656E-003, -3.1310485988282153E-003)
 mdl_I3x32 =  ( -4.0754375057150453E-002,  0.0000000000000000     )
 mdl_I3x33 =  ( 0.99366614581500623     ,  0.0000000000000000     )
 mdl_Vector_tdGp =  ( -7.9699418879263656E-003, -3.1310485988282153E-003)
 mdl_Vector_tsGp =  (  4.0754375057150453E-002,  0.0000000000000000     )
 mdl_Vector_tbGp =  (-0.99366614581500623     ,  0.0000000000000000     )
 mdl_Axial_tdGp =  ( -7.9699418879263656E-003, -3.1310485988282153E-003)
 mdl_Axial_tsGp =  (  4.0754375057150453E-002,  0.0000000000000000     )
 mdl_Axial_tbGp =  (-0.99366614581500623     , -0.0000000000000000     )
 mdl_Vector_tdGm =  (  7.9699418879263656E-003, -3.1310485988282153E-003)
 mdl_Vector_tsGm =  ( -4.0754375057150453E-002,  0.0000000000000000     )
 mdl_Vector_tbGm =  ( 0.99366614581500623     ,  0.0000000000000000     )
 mdl_Axial_tdGm =  ( -7.9699418879263656E-003,  3.1310485988282153E-003)
 mdl_Axial_tsGm =  (  4.0754375057150453E-002, -0.0000000000000000     )
 mdl_Axial_tbGm =  (-0.99366614581500623     ,  0.0000000000000000     )
 mdl_gw__exp__2 =   0.42671326129048615     
 mdl_cw__exp__2 =   0.77775351421422245     
 mdl_ee__exp__2 =    9.4835522759998875E-002
 mdl_sw__exp__2 =   0.22224648578577769     
 mdl_yt__exp__2 =   0.98737240933884918     
  Internal Params evaluated point by point
  ----------------------------------------
  
 mdl_sqrt__aS =   0.34351128074635334     
 mdl_G__exp__4 =    2.1987899468922913     
 mdl_G__exp__2 =    1.4828317324943823     
 mdl_R2MixedFactor_FIN_ =   -2.5040377713124864E-002
 mdl_G_UVg_1EPS_ =   -5.1645779033320030E-002
 mdl_G_UVq_1EPS_ =    3.1300472141406080E-003
 mdl_G_UVb_1EPS_ =    3.1300472141406080E-003
 mdl_GWcft_UV_t_1EPS_ =   -3.1300472141406080E-003
 mdl_tWcft_UV_1EPS_ =   -1.8780283284843650E-002
 mdl_G__exp__3 =    1.8056676068262196     
 mdl_MU_R__exp__2 =    8315.2513440000002     
 mdl_G_UVt_FIN_ =   -4.0087659331150384E-003
 mdl_GWcft_UV_t_FIN_ =    4.0087659331150384E-003
 mdl_tWcft_UV_FIN_ =   -9.8778211443463623E-004
  Couplings of loop_sm-ckm_no_b_mass
  ---------------------------------
  
       UV_3Gt =   0.48815E-02   0.00000E+00
      UV_GQQt =   0.00000E+00  -0.48815E-02
   UVWfct_G_2 =   0.40088E-02   0.00000E+00
       R2_DDA =   0.00000E+00   0.25704E-02
       R2_UUA =  -0.00000E+00  -0.51409E-02
    R2_DDZ_V2 =   0.00000E+00   0.72127E-02
    R2_UUZ_V2 =  -0.00000E+00  -0.72127E-02
    R2_UUZ_V5 =   0.00000E+00   0.68702E-03
      R2_GGHt =   0.00000E+00  -0.45657E+01
     R2_GGZup =  -0.46369E-02   0.00000E+00
   R2_GGZdown =   0.46369E-02   0.00000E+00
 R2_GGGZvecUp =   0.00000E+00   0.28750E-03
 R2_GGGZvecDown  -0.00000E+00  -0.49665E-03
 R2_GGGZaxialUp  -0.00000E+00  -0.63522E-02
 R2_GGGZaxialDow  0.00000E+00   0.63522E-02
 R2_GGGAvecUp =   0.00000E+00   0.78251E-03
 R2_GGGAvecDown  -0.00000E+00  -0.39126E-03
         GC_4 =  -0.12177E+01   0.00000E+00
         GC_5 =   0.00000E+00   0.12177E+01
         GC_6 =   0.00000E+00   0.14828E+01
       R2_3Gq =   0.76230E-02   0.00000E+00
       R2_3Gg =   0.31445E-01   0.00000E+00
       R2_GQQ =  -0.00000E+00  -0.30492E-01
       R2_GGq =   0.00000E+00   0.62601E-02
       R2_GGt =  -0.00000E+00  -0.11242E+04
     R2_GGg_1 =   0.00000E+00   0.28170E-01
     R2_GGg_2 =  -0.00000E+00  -0.18780E-01
       R2_QQq =   0.00000E+00   0.12520E-01
  UV_3Gg_1eps =   0.62890E-01   0.00000E+00
  UV_3Gb_1eps =  -0.38115E-02   0.00000E+00
 UV_GQQg_1eps =   0.00000E+00  -0.62890E-01
 UV_GQQq_1eps =   0.00000E+00   0.38115E-02
 UVWfct_G_2_1eps -0.31300E-02   0.00000E+00
         GC_1 =  -0.00000E+00  -0.10265E+00
         GC_2 =   0.00000E+00   0.20530E+00
        GC_21 =  -0.00000E+00  -0.28804E+00
        GC_22 =   0.00000E+00   0.28804E+00
        GC_23 =  -0.00000E+00  -0.27437E-01
        GC_24 =   0.00000E+00   0.82310E-01
        GC_37 =  -0.00000E+00  -0.70263E+00
        GC_38 =  -0.00000E+00  -0.72172E-02
      GC_1003 =  -0.00000E+00  -0.30795E+00

 Collider parameters:
 --------------------

 Running at P P   machine @    13000.000000000000       GeV
 PDF set = lhapdf 
 alpha_s(Mz)= 0.1180 running at 3 loops.
 alpha_s(Mz)= 0.1180 running at 3 loops.
 Renormalization scale set on event-by-event basis
 Factorization   scale set on event-by-event basis


 ===============================================================
 INFO: MadFKS read these parameters from FKS_params.dat
 ===============================================================
  > IRPoleCheckThreshold      =    1.0000000000000001E-005
  > PrecisionVirtualAtRunTime =    1.0000000000000000E-003
  > NHelForMCoverHels         =            4
  > VirtualFraction           =    1.0000000000000000     
  > MinVirtualFraction        =    5.0000000000000001E-003
 ===============================================================
  Insert the number of points to test
 Insert the relative tolerance
  A negative number will mean use the default one:    1.0000000000000001E-005
Using random seed offsets:     0 ,     77 ,      0
  with seed                   32
 Ranmar initialization seeds       10729        9483
  ========================================================================================== 
 {                                                                                          }
 {       [32m                                                                            [0m       }
 {       [32m                               ,,                                           [0m       }
 {       [32m`7MMM.     ,MMF'             `7MM  `7MMF'                                   [0m       }
 {       [32m  MMMb    dPMM                 MM    MM                                     [0m       }
 {       [32m  M YM   ,M MM   ,6"Yb.   ,M""bMM    MM         ,pW"Wq.   ,pW"Wq.`7MMpdMAo. [0m       }
 {       [32m  M  Mb  M' MM  8)   MM ,AP    MM    MM        6W'   `Wb 6W'   `Wb MM   `Wb [0m       }
 {       [32m  M  YM.P'  MM   ,pm9MM 8MI    MM    MM      , 8M     M8 8M     M8 MM    M8 [0m       }
 {       [32m  M  `YM'   MM  8M   MM `Mb    MM    MM     ,M YA.   ,A9 YA.   ,A9 MM   ,AP [0m       }
 {       [32m.JML. `'  .JMML.`Moo9^Yo.`Wbmd"MML..JMMmmmmMMM  `Ybmd9'   `Ybmd9'  MMbmmd'  [0m       }
 {       [32m                                                                   MM       [0m       }
 {       [32m                                                                 .JMML.     [0m       }
 {       [32m[0mv2.4.2 (2016-06-10), Ref: arXiv:1103.0621v2, arXiv:1405.0301[32m                [0m       }
 {       [32m                                                                            [0m       }
 {                                                                                          }
  ========================================================================================== 
 ===============================================================
 INFO: MadLoop read these parameters from ./MadLoop5_resources/MadLoopParams.dat                                                                                                                                                                                                                                                                                                                                                                                                                                                                                          
 ===============================================================
  > MLReductionLib            = 6|1|2
  > IREGIMODE                 =            2
  > IREGIRECY                 =  T
  > CTModeRun                 =           -1
  > MLStabThres               =    1.0000000000000000E-003
  > NRotations_DP             =            1
  > NRotations_QP             =            0
  > CTStabThres               =    1.0000000000000000E-002
  > CTLoopLibrary             =            2
  > CTModeInit                =            1
  > CheckCycle                =            3
  > MaxAttempts               =           10
  > UseLoopFilter             =  F
  > HelicityFilterLevel       =            2
  > ImprovePSPoint            =            2
  > DoubleCheckHelicityFilter =  T
  > LoopInitStartOver         =  F
  > HelInitStartOver          =  F
  > ZeroThres                 =    1.0000000000000001E-009
  > OSThres                   =    1.0000000000000000E-008
  > WriteOutFilters           =  T
  > UseQPIntegrandForNinja    =  F
  > UseQPIntegrandForCutTools =  T
 ===============================================================
  
------------------------------------------------------------------------
|              You are using CutTools - Version 1.9.3                  |
|              Authors: G. Ossola, C. Papadopoulos, R. Pittau          |
|              Published in JHEP 0803:042,2008                         |
|              http://www.ugr.es/~pittau/CutTools                      |
|                                                                      |
|              Compiler with  34  significant digits detetected        |
 ---------------------------------------------------------------------- 
   
########################################################################
#                                                                      #
#                      You are using OneLOop-3.6                       #
#                                                                      #
# for the evaluation of 1-loop scalar 1-, 2-, 3- and 4-point functions #
#                                                                      #
# author: Andreas van Hameren <hamerenREMOVETHIS@ifj.edu.pl>           #
#   date: 18-02-2015                                                   #
#                                                                      #
# Please cite                                                          #
#    A. van Hameren,                                                   #
#      Comput.Phys.Commun. 182 (2011) 2427-2438, arXiv:1007.4716       #
#    A. van Hameren, C.G. Papadopoulos and R. Pittau,                  #
#      JHEP 0909:106,2009, arXiv:0903.4665                             #
# in publications with results obtained with the help of this program. #
#                                                                      #
########################################################################
 PASSED   1.0000000000000001E-005
 MU_R    =    325.00000000000000     
 ALPHA_S =   0.11799999999999999     
 BORN                    5.9047572583677304E-008
 SINGLE POLE (MadFKS)   -1.6635425596853339E-008
 DOUBLE POLE (MadFKS)   -5.9142940821537440E-009
 SINGLE POLE (MadLoop)  -1.6635425596638169E-008
 DOUBLE POLE (MadLoop)  -5.9142940821217785E-009
 FINITE PART (MadLoop)   2.5196324253306619E-008
   325.00000000000000        0.0000000000000000        0.0000000000000000        325.00000000000000        0.0000000000000000     
   325.00000000000000        0.0000000000000000        0.0000000000000000       -325.00000000000000        0.0000000000000000     
   260.08037447318219       -219.76553433745178        24.311004996855360       -136.94482881630779        0.0000000000000000     
   217.65749037904928        215.57837864697825        14.397117731342282       -26.333795379243632        0.0000000000000000     
   71.184608794190140        2.9218432852815512        2.6846353793864255        71.073933997478221        0.0000000000000000     
   101.07752635357848        1.2653124051920352       -41.392758107584051        92.204690198073180        0.0000000000000000     

 PASSED   1.0000000000000001E-005
 MU_R    =    325.00000000000000     
 ALPHA_S =   0.11799999999999999     
 BORN                    4.7913450075710743E-011
 SINGLE POLE (MadFKS)   -1.1857226049525759E-011
 DOUBLE POLE (MadFKS)   -4.7990835497389928E-012
 SINGLE POLE (MadLoop)  -1.1857226049522744E-011
 DOUBLE POLE (MadLoop)  -4.7990835497390066E-012
 FINITE PART (MadLoop)   2.9766782201406907E-012
   325.00000000000000        0.0000000000000000        0.0000000000000000        325.00000000000000        0.0000000000000000     
   325.00000000000000        0.0000000000000000        0.0000000000000000       -325.00000000000000        0.0000000000000000     
   272.50016194756631        152.70888139721961       -199.45984932966832        105.60352413270050        0.0000000000000000     
   241.51361384166501       -92.048347451994502        194.92443743505430       -108.90542269715206        0.0000000000000000     
   44.708262018727567        24.997662513184661        26.310046388957819        26.109902731013875        0.0000000000000000     
   91.277962192041244       -85.658196458409734       -21.774634494343875       -22.808004166562291        0.0000000000000000     

 PASSED   1.0000000000000001E-005
 MU_R    =    325.00000000000000     
 ALPHA_S =   0.11799999999999999     
 BORN                    6.9944781813661283E-010
 SINGLE POLE (MadFKS)   -1.0626606302374655E-010
 DOUBLE POLE (MadFKS)   -7.0057750227047425E-011
 SINGLE POLE (MadLoop)  -1.0626606302374688E-010
 DOUBLE POLE (MadLoop)  -7.0057750227047968E-011
 FINITE PART (MadLoop)   3.0638297179944594E-010
   325.00000000000000        0.0000000000000000        0.0000000000000000        325.00000000000000        0.0000000000000000     
   325.00000000000000        0.0000000000000000        0.0000000000000000       -325.00000000000000        0.0000000000000000     
   123.89533876049727       -6.1588601257616844        80.553181822842333        93.932466734062615        0.0000000000000000     
   168.36310955194855       -82.457072110955977       -50.184775698709423        137.94367040556901        0.0000000000000000     
   288.56372012269230        157.09519757105687       -25.996514383905673       -240.65390233911739        0.0000000000000000     
   69.177831564861904       -68.479265334339217       -4.3718917402272419        8.7777651994858132        0.0000000000000000     

 PASSED   1.0000000000000001E-005
 MU_R    =    325.00000000000000     
 ALPHA_S =   0.11799999999999999     
 BORN                    3.1782136248708607E-010
 SINGLE POLE (MadFKS)   -8.9878335348558174E-011
 DOUBLE POLE (MadFKS)   -3.1833467847906437E-011
 SINGLE POLE (MadLoop)  -8.9878335348564713E-011
 DOUBLE POLE (MadLoop)  -3.1833467847905545E-011
 FINITE PART (MadLoop)  -1.8651762763351889E-010
   325.00000000000000        0.0000000000000000        0.0000000000000000        325.00000000000000        0.0000000000000000     
   325.00000000000000        0.0000000000000000        0.0000000000000000       -325.00000000000000        0.0000000000000000     
   121.12090170298269        120.59030457519108        5.6590321999061368       -9.8095171321872350        0.0000000000000000     
   235.30187880253939        59.545782314916039       -207.18770243655393       -94.310815581096477        0.0000000000000000     
   6.6227616812176819       -6.0181506047882323       -2.2369129899278986        1.6245171158790934        0.0000000000000000     
   286.95445781326003       -174.11793628531888        203.76558322657567        102.49581559740464        0.0000000000000000     

 PASSED   1.0000000000000001E-005
 MU_R    =    325.00000000000000     
 ALPHA_S =   0.11799999999999999     
 BORN                    1.7259491388153241E-010
 SINGLE POLE (MadFKS)   -4.1034743856671363E-011
 DOUBLE POLE (MadFKS)   -1.7287367339831320E-011
 SINGLE POLE (MadLoop)  -4.1034743856683176E-011
 DOUBLE POLE (MadLoop)  -1.7287367339831326E-011
 FINITE PART (MadLoop)  -2.1919009167048450E-011
   325.00000000000000        0.0000000000000000        0.0000000000000000        325.00000000000000        0.0000000000000000     
   325.00000000000000        0.0000000000000000        0.0000000000000000       -325.00000000000000        0.0000000000000000     
   114.11030686753766        76.365657983264242       -22.789824166491769       -81.670510765190571        0.0000000000000000     
   305.34554596739144       -163.36428055003236        195.33287305630020        168.50247175061250        0.0000000000000000     
   26.937908147789273       -18.355745573896357       -14.628581123631099       -13.218249283262141        0.0000000000000000     
   203.60623901728164        105.35436814066445       -157.91446776617735       -73.613711702159790        0.0000000000000000     

 PASSED   1.0000000000000001E-005
 MU_R    =    325.00000000000000     
 ALPHA_S =   0.11799999999999999     
 BORN                    4.0373177503091013E-011
 SINGLE POLE (MadFKS)   -9.6785182053765480E-012
 DOUBLE POLE (MadFKS)   -4.0438384566257383E-012
 SINGLE POLE (MadLoop)  -9.6785182053765948E-012
 DOUBLE POLE (MadLoop)  -4.0438384566256866E-012
 FINITE PART (MadLoop)   3.4414307575035939E-012
   325.00000000000000        0.0000000000000000        0.0000000000000000        325.00000000000000        0.0000000000000000     
   325.00000000000000        0.0000000000000000        0.0000000000000000       -325.00000000000000        0.0000000000000000     
   304.69129805135731        40.758202086288961       -219.45784304565871       -207.39771261193155        0.0000000000000000     
   160.36680957698772       -8.2864140365370247        92.037468357050827        131.06469156390591        0.0000000000000000     
   106.39015132923276       -24.758244840219046        103.45135603511304        1.9262779615361845        0.0000000000000000     
   78.551741042422208       -7.7135432095329008        23.969018653494846        74.406743086489442        0.0000000000000000     

 PASSED   1.0000000000000001E-005
 MU_R    =    325.00000000000000     
 ALPHA_S =   0.11799999999999999     
 BORN                    7.5806594239999236E-011
 SINGLE POLE (MadFKS)   -1.5057649791878244E-011
 DOUBLE POLE (MadFKS)   -7.5929030116607071E-012
 SINGLE POLE (MadLoop)  -1.5057649791877343E-011
 DOUBLE POLE (MadLoop)  -7.5929030116607023E-012
 FINITE PART (MadLoop)   5.2417889593109306E-012
   325.00000000000000        0.0000000000000000        0.0000000000000000        325.00000000000000        0.0000000000000000     
   325.00000000000000        0.0000000000000000        0.0000000000000000       -325.00000000000000        0.0000000000000000     
   131.38070779678290        36.845183717937012        13.426926585951158       -125.39154860049619        0.0000000000000000     
   207.29926543481881        20.405983700937156       -200.92295886535047       -46.760516248275607        0.0000000000000000     
   37.268519254311080        30.611307914630611        10.994316870616792       -18.193827297001043        0.0000000000000000     
   274.05150751408718       -87.862475333504776        176.50171540878250        190.34589214577284        0.0000000000000000     

 PASSED   1.0000000000000001E-005
 MU_R    =    325.00000000000000     
 ALPHA_S =   0.11799999999999999     
 BORN                    2.1629226278252640E-007
 SINGLE POLE (MadFKS)   -1.7881345082118697E-008
 DOUBLE POLE (MadFKS)   -2.1664159826003682E-008
 SINGLE POLE (MadLoop)  -1.7881345082117979E-008
 DOUBLE POLE (MadLoop)  -2.1664159826001545E-008
 FINITE PART (MadLoop)   1.1080257092386357E-007
   325.00000000000000        0.0000000000000000        0.0000000000000000        325.00000000000000        0.0000000000000000     
   325.00000000000000        0.0000000000000000        0.0000000000000000       -325.00000000000000        0.0000000000000000     
   96.872049427737068       -48.443339096117505       -36.706209624983451        75.432692067268022        0.0000000000000000     
   152.57411072276668       -112.59648770259417       -100.85389396674650        20.721541729004610        0.0000000000000000     
   253.87534862911156        104.42893229473417        231.39902764372641        1.3344462794757566        0.0000000000000000     
   146.67849122038461        56.610894503977505       -93.838924051996472       -97.488680075748377        0.0000000000000000     

 PASSED   1.0000000000000001E-005
 MU_R    =    325.00000000000000     
 ALPHA_S =   0.11799999999999999     
 BORN                    2.0704510099867241E-010
 SINGLE POLE (MadFKS)   -2.1047387238685442E-011
 DOUBLE POLE (MadFKS)   -2.0737950130635374E-011
 SINGLE POLE (MadLoop)  -2.1047387238687678E-011
 DOUBLE POLE (MadLoop)  -2.0737950130635313E-011
 FINITE PART (MadLoop)   5.0919263902943072E-011
   325.00000000000000        0.0000000000000000        0.0000000000000000        325.00000000000000        0.0000000000000000     
   325.00000000000000        0.0000000000000000        0.0000000000000000       -325.00000000000000        0.0000000000000000     
   103.80541554086695        62.858203628682070       -74.810783737995393       -35.039365985903395        0.0000000000000000     
   79.439029123793347       -33.097538566183736       -7.0823220368369233        71.867607470663714        0.0000000000000000     
   276.63976234734417       -3.4085016923386084        232.73936095717437       -149.50026785612954        0.0000000000000000     
   190.11579298799558       -26.352163370159726       -150.84625518234208        112.67202637136926        0.0000000000000000     

 PASSED   1.0000000000000001E-005
 MU_R    =    325.00000000000000     
 ALPHA_S =   0.11799999999999999     
 BORN                    1.5921656400988303E-010
 SINGLE POLE (MadFKS)   -1.9575118860637045E-011
 DOUBLE POLE (MadFKS)   -1.5947371603973574E-011
 SINGLE POLE (MadLoop)  -1.9575118860637630E-011
 DOUBLE POLE (MadLoop)  -1.5947371603973558E-011
 FINITE PART (MadLoop)   3.5607952989582217E-011
   325.00000000000000        0.0000000000000000        0.0000000000000000        325.00000000000000        0.0000000000000000     
   325.00000000000000        0.0000000000000000        0.0000000000000000       -325.00000000000000        0.0000000000000000     
   91.576505488314183        32.909165661153814       -13.660552213913078       -84.360135645629015        0.0000000000000000     
   156.62288351829977        119.03696251903507       -96.789718226574948        31.506818967470689        0.0000000000000000     
   120.01199344869529       -7.6129317803354910       -103.51976593591577       -60.237695024053309        0.0000000000000000     
   281.78861754469074       -144.33319639985339        213.97003637640381        113.09101170221163        0.0000000000000000     

 PASSED   1.0000000000000001E-005
 MU_R    =    325.00000000000000     
 ALPHA_S =   0.11799999999999999     
 BORN                    8.4637033460983368E-010
 SINGLE POLE (MadFKS)   -1.5316111778695431E-010
 DOUBLE POLE (MadFKS)   -8.4773731455256464E-011
 SINGLE POLE (MadLoop)  -1.5316111778682778E-010
 DOUBLE POLE (MadLoop)  -8.4773731455222291E-011
 FINITE PART (MadLoop)   1.2732982915391992E-010
   325.00000000000000        0.0000000000000000        0.0000000000000000        325.00000000000000        0.0000000000000000     
   325.00000000000000        0.0000000000000000        0.0000000000000000       -325.00000000000000        0.0000000000000000     
   237.97162078914161        30.653713750908700       -80.405010838029284       -221.86905229532292        0.0000000000000000     
   240.54075232977567       -89.926163847983517       -27.642157690334621        221.37987646844232        0.0000000000000000     
   35.839981053432041       -2.6579788003742864       -7.6225946164272358        34.918983976065839        0.0000000000000000     
   135.64764582765082        61.930428897449083        115.66976314479116       -34.429808149185263        0.0000000000000000     

 PASSED   1.0000000000000001E-005
 MU_R    =    325.00000000000000     
 ALPHA_S =   0.11799999999999999     
 BORN                    1.9351106512423405E-011
 SINGLE POLE (MadFKS)   -3.8211704851512912E-012
 DOUBLE POLE (MadFKS)   -1.9382360649519699E-012
 SINGLE POLE (MadLoop)  -3.8211704851513695E-012
 DOUBLE POLE (MadLoop)  -1.9382360649519800E-012
 FINITE PART (MadLoop)   1.6514473597455494E-012
   325.00000000000000        0.0000000000000000        0.0000000000000000        325.00000000000000        0.0000000000000000     
   325.00000000000000        0.0000000000000000        0.0000000000000000       -325.00000000000000        0.0000000000000000     
   245.32190729183424       -47.071638548802625       -161.56050667099180        178.50854804699580        0.0000000000000000     
   175.54697515385826        10.762108439561791       -29.988840340213578       -172.63136146903787        0.0000000000000000     
   42.175955731135929        36.237570921178907        6.4763199399544789        20.584143790855514        0.0000000000000000     
   186.95516182317141        7.1959188061948454E-002   185.07302707125089       -26.461330368813446        0.0000000000000000     

 PASSED   1.0000000000000001E-005
 MU_R    =    325.00000000000000     
 ALPHA_S =   0.11799999999999999     
 BORN                    3.3654354874468345E-011
 SINGLE POLE (MadFKS)   -4.7113654217581933E-012
 DOUBLE POLE (MadFKS)   -3.3708710309929295E-012
 SINGLE POLE (MadLoop)  -4.7113654217581392E-012
 DOUBLE POLE (MadLoop)  -3.3708710309929344E-012
 FINITE PART (MadLoop)   8.1743633583167189E-012
   325.00000000000000        0.0000000000000000        0.0000000000000000        325.00000000000000        0.0000000000000000     
   325.00000000000000        0.0000000000000000        0.0000000000000000       -325.00000000000000        0.0000000000000000     
   56.823107543032833       -13.496504017727435       -48.013483115201780       -27.228943594873005        0.0000000000000000     
   251.36111956283045        113.96986955312205        221.29901208944040       -34.928906512537480        0.0000000000000000     
   212.21018630877614       -173.75280971547303       -118.21529673040598       -29.466386071695077        0.0000000000000000     
   129.60558658536064        73.279444180078414       -55.070232243832642        91.624236179105580        0.0000000000000000     

 PASSED   1.0000000000000001E-005
 MU_R    =    325.00000000000000     
 ALPHA_S =   0.11799999999999999     
 BORN                    2.9164418496427614E-011
 SINGLE POLE (MadFKS)   -3.9197684915077340E-012
 DOUBLE POLE (MadFKS)   -2.9211522197367705E-012
 SINGLE POLE (MadLoop)  -3.9197684915076823E-012
 DOUBLE POLE (MadLoop)  -2.9211522197367649E-012
 FINITE PART (MadLoop)   1.0234705134939151E-011
   325.00000000000000        0.0000000000000000        0.0000000000000000        325.00000000000000        0.0000000000000000     
   325.00000000000000        0.0000000000000000        0.0000000000000000       -325.00000000000000        0.0000000000000000     
Thanks for using LHAPDF 6.2.1. Please make sure to cite the paper:
  Eur.Phys.J. C75 (2015) 3, 132  (http://arxiv.org/abs/1412.7420)
   158.27987174722807       -39.334006789748919        153.03382933548238       -9.2736610408948277        0.0000000000000000     
   175.92691863126009       -112.94484824216008       -115.87768706494400       -69.036972667725962        0.0000000000000000     
   95.201638319857381       -62.444869711480429       -62.871808504428444        34.801233898866997        0.0000000000000000     
   220.59157130165437        214.72372474338965        25.715666233890122        43.509399809753681        0.0000000000000000     

 PASSED   1.0000000000000001E-005
 MU_R    =    325.00000000000000     
 ALPHA_S =   0.11799999999999999     
 BORN                    1.2583032640147217E-011
 SINGLE POLE (MadFKS)   -2.0896399343943536E-012
 DOUBLE POLE (MadFKS)   -1.2603355603434603E-012
 SINGLE POLE (MadLoop)  -2.0896399343943786E-012
 DOUBLE POLE (MadLoop)  -1.2603355603434595E-012
 FINITE PART (MadLoop)   3.0795589602910167E-012
   325.00000000000000        0.0000000000000000        0.0000000000000000        325.00000000000000        0.0000000000000000     
   325.00000000000000        0.0000000000000000        0.0000000000000000       -325.00000000000000        0.0000000000000000     
   247.33085845747442        83.271323194277286       -197.27224617887450        123.78247519874127        0.0000000000000000     
   147.72084657231525       -131.17458294783859        14.343084383338768       -66.399949027650351        0.0000000000000000     
   137.83492221998077        96.682039408475347        98.001888223033902        6.8321990549266651        0.0000000000000000     
   117.11337275022939       -48.778779654914104        84.927273572501875       -64.214725226017606        0.0000000000000000     

 PASSED   1.0000000000000001E-005
 MU_R    =    325.00000000000000     
 ALPHA_S =   0.11799999999999999     
 BORN                    1.7431639396330680E-011
 SINGLE POLE (MadFKS)   -2.2227467952175359E-012
 DOUBLE POLE (MadFKS)   -1.7459793385724326E-012
 SINGLE POLE (MadLoop)  -2.2227467952179564E-012
 DOUBLE POLE (MadLoop)  -1.7459793385723765E-012
 FINITE PART (MadLoop)   4.4434081757702232E-012
   325.00000000000000        0.0000000000000000        0.0000000000000000        325.00000000000000        0.0000000000000000     
   325.00000000000000        0.0000000000000000        0.0000000000000000       -325.00000000000000        0.0000000000000000     
   134.69572194431211        75.629286275961149       -7.1498321422794922        111.22962046067316        0.0000000000000000     
   167.78662768453626       -19.413169894245332        155.96187441999624       -58.748404163923205        0.0000000000000000     
   96.191784462460589        22.421850172587337        88.781745859342521       -29.460509755902660        0.0000000000000000     
   251.32586590869096       -78.637966554303176       -237.59378813705931       -23.020706540847275        0.0000000000000000     

 PASSED   1.0000000000000001E-005
 MU_R    =    325.00000000000000     
 ALPHA_S =   0.11799999999999999     
 BORN                    2.4689795501462061E-010
 SINGLE POLE (MadFKS)   -7.8989755461554165E-011
 DOUBLE POLE (MadFKS)   -2.4729672200656846E-011
 SINGLE POLE (MadLoop)  -7.8989755461555380E-011
 DOUBLE POLE (MadLoop)  -2.4729672200656723E-011
 FINITE PART (MadLoop)  -1.2453241314921268E-010
   325.00000000000000        0.0000000000000000        0.0000000000000000        325.00000000000000        0.0000000000000000     
   325.00000000000000        0.0000000000000000        0.0000000000000000       -325.00000000000000        0.0000000000000000     
   238.91939911486745       -86.035496437114247       -16.662137147829995        222.26728461898190        0.0000000000000000     
   218.60429459981222        178.60396870511605       -85.027791562679212       -93.052322067947117        0.0000000000000000     
   187.48161186447064       -88.344463492244117        104.22237572259053       -128.38343723513066        0.0000000000000000     
   4.9946944208497666       -4.2240087757577811       -2.5324470120813136      -0.83152531590413148        0.0000000000000000     

 PASSED   1.0000000000000001E-005
 MU_R    =    325.00000000000000     
 ALPHA_S =   0.11799999999999999     
 BORN                    3.0144687707204265E-011
 SINGLE POLE (MadFKS)   -3.5855070799291851E-012
 DOUBLE POLE (MadFKS)   -3.0193374649303472E-012
 SINGLE POLE (MadLoop)  -3.5855070799289706E-012
 DOUBLE POLE (MadLoop)  -3.0193374649303468E-012
 FINITE PART (MadLoop)   1.2323142259045030E-011
   325.00000000000000        0.0000000000000000        0.0000000000000000        325.00000000000000        0.0000000000000000     
   325.00000000000000        0.0000000000000000        0.0000000000000000       -325.00000000000000        0.0000000000000000     
   135.78853411095605        27.999993732870404       -15.533685998901134        131.95920182484070        0.0000000000000000     
   203.58277771559816       -191.91135975326617       -24.848411751024425       -63.233960918976599        0.0000000000000000     
   192.60781758488235        132.56871804186218        139.18411042902983       -12.291858916705600        0.0000000000000000     
   118.02087058856341        31.342647978533567       -98.802012679104280       -56.433381989158477        0.0000000000000000     

 PASSED   1.0000000000000001E-005
 MU_R    =    325.00000000000000     
 ALPHA_S =   0.11799999999999999     
 BORN                    8.4272075214289729E-010
 SINGLE POLE (MadFKS)   -1.3855261165040066E-010
 DOUBLE POLE (MadFKS)   -8.4408183761387313E-011
 SINGLE POLE (MadLoop)  -1.3855261165036299E-010
 DOUBLE POLE (MadLoop)  -8.4408183761385620E-011
 FINITE PART (MadLoop)   5.7820504267559518E-011
   325.00000000000000        0.0000000000000000        0.0000000000000000        325.00000000000000        0.0000000000000000     
   325.00000000000000        0.0000000000000000        0.0000000000000000       -325.00000000000000        0.0000000000000000     
   238.11873035986147       -181.95376119254936        148.71203428645808        38.445928190907765        0.0000000000000000     
   124.05793417754509        35.783685756932819        49.204596789377938        108.11478400683197        0.0000000000000000     
   150.76038780602684        66.448114685401677       -113.41311147517669       -73.829592520197821        0.0000000000000000     
   137.06294765656668        79.721960750214848       -84.503519600659345       -72.731119677541912        0.0000000000000000     

 PASSED   1.0000000000000001E-005
 MU_R    =    325.00000000000000     
 ALPHA_S =   0.11799999999999999     
 BORN                    1.4683969980595143E-011
 SINGLE POLE (MadFKS)   -2.6838974596235720E-012
 DOUBLE POLE (MadFKS)   -1.4707686185691568E-012
 SINGLE POLE (MadLoop)  -2.6838974596236051E-012
 DOUBLE POLE (MadLoop)  -1.4707686185691597E-012
 FINITE PART (MadLoop)   2.9976962567097049E-012
   325.00000000000000        0.0000000000000000        0.0000000000000000        325.00000000000000        0.0000000000000000     
   325.00000000000000        0.0000000000000000        0.0000000000000000       -325.00000000000000        0.0000000000000000     
   291.04388598538054       -54.938159905005200        257.37845510261531       -124.27659878156595        0.0000000000000000     
   114.38235315347256        22.240982050284554       -43.768953673164198        103.30992268277545        0.0000000000000000     
   132.92294845521769        18.348843403356550       -124.03625678175189       -44.122977861414448        0.0000000000000000     
   111.65081240592920        14.348334451364082       -89.573244647699184        65.089653960204956        0.0000000000000000     

 NUMBER OF POINTS PASSING THE CHECK          20
 NUMBER OF POINTS FAILING THE CHECK           0
 TOLERANCE    1.0000000000000001E-005
