==== LHAPDF6 USING DEFAULT-TYPE LHAGLUE INTERFACE ====
LHAPDF 6.2.1 loading /cvmfs/cms.cern.ch/slc6_amd64_gcc481/external/lhapdf/6.2.1/share/LHAPDF/NNPDF31_nnlo_hessian_pdfas/NNPDF31_nnlo_hessian_pdfas_0000.dat
NNPDF31_nnlo_hessian_pdfas PDF set, member #0, version 1; LHAPDF ID = 306000
 A PDF is used, so alpha_s(MZ) is going to be modified
 Old value of alpha_s from param_card:   0.11799999999999999     
 New value of alpha_s from PDF lhapdf :  0.11800208008122040     
 using LHAPDF
 *****************************************************
 *               MadGraph/MadEvent                   *
 *        --------------------------------           *
 *          http://madgraph.hep.uiuc.edu             *
 *          http://madgraph.phys.ucl.ac.be           *
 *          http://madgraph.roma2.infn.it            *
 *        --------------------------------           *
 *                                                   *
 *          PARAMETER AND COUPLING VALUES            *
 *                                                   *
 *****************************************************

  External Params
  ---------------------------------
  
 MU_R =    91.188000000000002     
 aEWM1 =    132.50700000000001     
 mdl_Gf =    1.1663900000000000E-005
 aS =   0.11799999999999999     
 mdl_lamWS =   0.22530000000000000     
 mdl_AWS =   0.80800000000000005     
 mdl_rhoWS =   0.13200000000000001     
 mdl_etaWS =   0.34100000000000003     
 mdl_ymt =    173.00000000000000     
 mdl_ymtau =    1.7769999999999999     
 mdl_MT =    173.00000000000000     
 mdl_MZ =    91.188000000000002     
 mdl_MH =    125.00000000000000     
 mdl_MTA =    1.7769999999999999     
 mdl_WT =    1.4915000000000000     
 mdl_WZ =    2.4414039999999999     
 mdl_WW =    2.0476000000000001     
 mdl_WH =    6.3823389999999999E-003
  Internal Params
  ---------------------------------
  
 mdl_CKM33 =    1.0000000000000000     
 mdl_conjg__CKM3x3 =    1.0000000000000000     
 mdl_I4x33 =    0.0000000000000000     
 mdl_I1x33 =    0.0000000000000000     
 mdl_lhv =    1.0000000000000000     
 mdl_CKM3x3 =    1.0000000000000000     
 mdl_conjg__CKM33 =    1.0000000000000000     
 mdl_Ncol =    3.0000000000000000     
 mdl_CA =    3.0000000000000000     
 mdl_TF =   0.50000000000000000     
 mdl_CF =    1.3333333333333333     
 mdl_lamWS__exp__2 =    5.0760090000000001E-002
 mdl_CKM11 =  ( 0.97461995499999998     ,  0.0000000000000000     )
 mdl_CKM12 =  ( 0.22530000000000000     ,  0.0000000000000000     )
 mdl_complexi =  (  0.0000000000000000     ,  1.0000000000000000     )
 mdl_lamWS__exp__3 =    1.1436248277000001E-002
 mdl_CKM13 =  (  1.2197444962317122E-003, -3.1510066152652563E-003)
 mdl_CKM21 =  (-0.22530000000000000     ,  0.0000000000000000     )
 mdl_CKM22 =  ( 0.97461995499999998     ,  0.0000000000000000     )
 mdl_CKM23 =  (  4.1014152720000002E-002,  0.0000000000000000     )
 mdl_CKM31 =  (  8.0207441115842885E-003, -3.1510066152652563E-003)
 mdl_CKM32 =  ( -4.1014152720000002E-002,  0.0000000000000000     )
 mdl_MZ__exp__2 =    8315.2513440000002     
 mdl_MZ__exp__4 =    69143404.913893804     
 mdl_sqrt__2 =    1.4142135623730951     
 mdl_MH__exp__2 =    15625.000000000000     
 mdl_CKM1x1 =  ( 0.97461995499999998     ,  0.0000000000000000     )
 mdl_CKM1x2 =  ( 0.22530000000000000     ,  0.0000000000000000     )
 mdl_CKM1x3 =  (  1.2197444962317122E-003, -3.1510066152652563E-003)
 mdl_CKM2x1 =  (-0.22530000000000000     ,  0.0000000000000000     )
 mdl_CKM2x2 =  ( 0.97461995499999998     ,  0.0000000000000000     )
 mdl_CKM2x3 =  (  4.1014152720000002E-002,  0.0000000000000000     )
 mdl_CKM3x1 =  (  8.0207441115842885E-003, -3.1510066152652563E-003)
 mdl_CKM3x2 =  ( -4.1014152720000002E-002,  0.0000000000000000     )
 mdl_conjg__CKM1x3 =  (  1.2197444962317122E-003,  3.1510066152652563E-003)
 mdl_conjg__CKM2x3 =  (  4.1014152720000002E-002, -0.0000000000000000     )
 mdl_conjg__CKM2x1 =  (-0.22530000000000000     , -0.0000000000000000     )
 mdl_conjg__CKM3x1 =  (  8.0207441115842885E-003,  3.1510066152652563E-003)
 mdl_conjg__CKM2x2 =  ( 0.97461995499999998     , -0.0000000000000000     )
 mdl_conjg__CKM3x2 =  ( -4.1014152720000002E-002, -0.0000000000000000     )
 mdl_Ncol__exp__2 =    9.0000000000000000     
 mdl_MT__exp__2 =    29929.000000000000     
 mdl_conjg__CKM11 =  ( 0.97461995499999998     , -0.0000000000000000     )
 mdl_conjg__CKM12 =  ( 0.22530000000000000     , -0.0000000000000000     )
 mdl_conjg__CKM13 =  (  1.2197444962317122E-003,  3.1510066152652563E-003)
 mdl_conjg__CKM21 =  (-0.22530000000000000     , -0.0000000000000000     )
 mdl_conjg__CKM22 =  ( 0.97461995499999998     , -0.0000000000000000     )
 mdl_conjg__CKM23 =  (  4.1014152720000002E-002, -0.0000000000000000     )
 mdl_conjg__CKM31 =  (  8.0207441115842885E-003,  3.1510066152652563E-003)
 mdl_conjg__CKM32 =  ( -4.1014152720000002E-002, -0.0000000000000000     )
 mdl_aEW =    7.5467711139788835E-003
 mdl_MW =    80.419002445756163     
 mdl_sqrt__aEW =    8.6872153846781555E-002
 mdl_ee =   0.30795376724436879     
 mdl_MW__exp__2 =    6467.2159543705357     
 mdl_sw2 =   0.22224648578577766     
 mdl_cw =   0.88190334743339216     
 mdl_sqrt__sw2 =   0.47143025548407230     
 mdl_sw =   0.47143025548407230     
 mdl_g1 =   0.34919219678733299     
 mdl_gw =   0.65323293034757990     
 mdl_v =    246.21845810181637     
 mdl_v__exp__2 =    60623.529110035903     
 mdl_lam =   0.12886910601690263     
 mdl_yt =   0.99366614581500623     
 mdl_ytau =    1.0206617000654717E-002
 mdl_muH =    88.388347648318430     
 mdl_AxialZUp =  -0.18517701861793787     
 mdl_AxialZDown =   0.18517701861793787     
 mdl_VectorZUp =    7.5430507588273299E-002
 mdl_VectorZDown =  -0.13030376310310560     
 mdl_VectorAUp =   0.20530251149624587     
 mdl_VectorADown =  -0.10265125574812294     
 mdl_VectorWmDxU =   0.23095271737156670     
 mdl_AxialWmDxU =  -0.23095271737156670     
 mdl_VectorWpUxD =   0.23095271737156670     
 mdl_AxialWpUxD =  -0.23095271737156670     
 mdl_I2x13 =  (  7.9699418879263656E-003,  3.1310485988282153E-003)
 mdl_I2x23 =  ( -4.0754375057150453E-002, -0.0000000000000000     )
 mdl_I2x33 =  ( 0.99366614581500623     ,  0.0000000000000000     )
 mdl_I3x31 =  (  7.9699418879263656E-003, -3.1310485988282153E-003)
 mdl_I3x32 =  ( -4.0754375057150453E-002,  0.0000000000000000     )
 mdl_I3x33 =  ( 0.99366614581500623     ,  0.0000000000000000     )
 mdl_Vector_tdGp =  ( -7.9699418879263656E-003, -3.1310485988282153E-003)
 mdl_Vector_tsGp =  (  4.0754375057150453E-002,  0.0000000000000000     )
 mdl_Vector_tbGp =  (-0.99366614581500623     ,  0.0000000000000000     )
 mdl_Axial_tdGp =  ( -7.9699418879263656E-003, -3.1310485988282153E-003)
 mdl_Axial_tsGp =  (  4.0754375057150453E-002,  0.0000000000000000     )
 mdl_Axial_tbGp =  (-0.99366614581500623     , -0.0000000000000000     )
 mdl_Vector_tdGm =  (  7.9699418879263656E-003, -3.1310485988282153E-003)
 mdl_Vector_tsGm =  ( -4.0754375057150453E-002,  0.0000000000000000     )
 mdl_Vector_tbGm =  ( 0.99366614581500623     ,  0.0000000000000000     )
 mdl_Axial_tdGm =  ( -7.9699418879263656E-003,  3.1310485988282153E-003)
 mdl_Axial_tsGm =  (  4.0754375057150453E-002, -0.0000000000000000     )
 mdl_Axial_tbGm =  (-0.99366614581500623     ,  0.0000000000000000     )
 mdl_gw__exp__2 =   0.42671326129048615     
 mdl_cw__exp__2 =   0.77775351421422245     
 mdl_ee__exp__2 =    9.4835522759998875E-002
 mdl_sw__exp__2 =   0.22224648578577769     
 mdl_yt__exp__2 =   0.98737240933884918     
  Internal Params evaluated point by point
  ----------------------------------------
  
 mdl_sqrt__aS =   0.34351128074635334     
 mdl_G__exp__4 =    2.1987899468922913     
 mdl_G__exp__2 =    1.4828317324943823     
 mdl_R2MixedFactor_FIN_ =   -2.5040377713124864E-002
 mdl_G_UVg_1EPS_ =   -5.1645779033320030E-002
 mdl_G_UVq_1EPS_ =    3.1300472141406080E-003
 mdl_G_UVb_1EPS_ =    3.1300472141406080E-003
 mdl_GWcft_UV_t_1EPS_ =   -3.1300472141406080E-003
 mdl_tWcft_UV_1EPS_ =   -1.8780283284843650E-002
 mdl_G__exp__3 =    1.8056676068262196     
 mdl_MU_R__exp__2 =    8315.2513440000002     
 mdl_G_UVt_FIN_ =   -4.0087659331150384E-003
 mdl_GWcft_UV_t_FIN_ =    4.0087659331150384E-003
 mdl_tWcft_UV_FIN_ =   -9.8778211443463623E-004
  Couplings of loop_sm-ckm_no_b_mass
  ---------------------------------
  
       UV_3Gt =   0.48815E-02   0.00000E+00
      UV_GQQt =   0.00000E+00  -0.48815E-02
   UVWfct_G_2 =   0.40088E-02   0.00000E+00
       R2_DDA =   0.00000E+00   0.25704E-02
       R2_UUA =  -0.00000E+00  -0.51409E-02
    R2_DDZ_V2 =   0.00000E+00   0.72127E-02
    R2_UUZ_V2 =  -0.00000E+00  -0.72127E-02
    R2_UUZ_V5 =   0.00000E+00   0.68702E-03
      R2_GGHt =   0.00000E+00  -0.45657E+01
     R2_GGZup =  -0.46369E-02   0.00000E+00
   R2_GGZdown =   0.46369E-02   0.00000E+00
 R2_GGGZvecUp =   0.00000E+00   0.28750E-03
 R2_GGGZvecDown  -0.00000E+00  -0.49665E-03
 R2_GGGZaxialUp  -0.00000E+00  -0.63522E-02
 R2_GGGZaxialDow  0.00000E+00   0.63522E-02
 R2_GGGAvecUp =   0.00000E+00   0.78251E-03
 R2_GGGAvecDown  -0.00000E+00  -0.39126E-03
         GC_4 =  -0.12177E+01   0.00000E+00
         GC_5 =   0.00000E+00   0.12177E+01
         GC_6 =   0.00000E+00   0.14828E+01
       R2_3Gq =   0.76230E-02   0.00000E+00
       R2_3Gg =   0.31445E-01   0.00000E+00
       R2_GQQ =  -0.00000E+00  -0.30492E-01
       R2_GGq =   0.00000E+00   0.62601E-02
       R2_GGt =  -0.00000E+00  -0.11242E+04
     R2_GGg_1 =   0.00000E+00   0.28170E-01
     R2_GGg_2 =  -0.00000E+00  -0.18780E-01
       R2_QQq =   0.00000E+00   0.12520E-01
  UV_3Gg_1eps =   0.62890E-01   0.00000E+00
  UV_3Gb_1eps =  -0.38115E-02   0.00000E+00
 UV_GQQg_1eps =   0.00000E+00  -0.62890E-01
 UV_GQQq_1eps =   0.00000E+00   0.38115E-02
 UVWfct_G_2_1eps -0.31300E-02   0.00000E+00
         GC_1 =  -0.00000E+00  -0.10265E+00
         GC_2 =   0.00000E+00   0.20530E+00
        GC_21 =  -0.00000E+00  -0.28804E+00
        GC_22 =   0.00000E+00   0.28804E+00
        GC_23 =  -0.00000E+00  -0.27437E-01
        GC_24 =   0.00000E+00   0.82310E-01
        GC_37 =  -0.00000E+00  -0.70263E+00
        GC_38 =  -0.00000E+00  -0.72172E-02
      GC_1003 =  -0.00000E+00  -0.30795E+00

 Collider parameters:
 --------------------

 Running at P P   machine @    13000.000000000000       GeV
 PDF set = lhapdf 
 alpha_s(Mz)= 0.1180 running at 3 loops.
 alpha_s(Mz)= 0.1180 running at 3 loops.
 Renormalization scale set on event-by-event basis
 Factorization   scale set on event-by-event basis


 ===============================================================
 INFO: MadFKS read these parameters from FKS_params.dat
 ===============================================================
  > IRPoleCheckThreshold      =    1.0000000000000001E-005
  > PrecisionVirtualAtRunTime =    1.0000000000000000E-003
  > NHelForMCoverHels         =            4
  > VirtualFraction           =    1.0000000000000000     
  > MinVirtualFraction        =    5.0000000000000001E-003
 ===============================================================
  Insert the number of points to test
 Insert the relative tolerance
  A negative number will mean use the default one:    1.0000000000000001E-005
Using random seed offsets:     0 ,     93 ,      0
  with seed                   32
 Ranmar initialization seeds       10729        9499
  ========================================================================================== 
 {                                                                                          }
 {       [32m                                                                            [0m       }
 {       [32m                               ,,                                           [0m       }
 {       [32m`7MMM.     ,MMF'             `7MM  `7MMF'                                   [0m       }
 {       [32m  MMMb    dPMM                 MM    MM                                     [0m       }
 {       [32m  M YM   ,M MM   ,6"Yb.   ,M""bMM    MM         ,pW"Wq.   ,pW"Wq.`7MMpdMAo. [0m       }
 {       [32m  M  Mb  M' MM  8)   MM ,AP    MM    MM        6W'   `Wb 6W'   `Wb MM   `Wb [0m       }
 {       [32m  M  YM.P'  MM   ,pm9MM 8MI    MM    MM      , 8M     M8 8M     M8 MM    M8 [0m       }
 {       [32m  M  `YM'   MM  8M   MM `Mb    MM    MM     ,M YA.   ,A9 YA.   ,A9 MM   ,AP [0m       }
 {       [32m.JML. `'  .JMML.`Moo9^Yo.`Wbmd"MML..JMMmmmmMMM  `Ybmd9'   `Ybmd9'  MMbmmd'  [0m       }
 {       [32m                                                                   MM       [0m       }
 {       [32m                                                                 .JMML.     [0m       }
 {       [32m[0mv2.4.2 (2016-06-10), Ref: arXiv:1103.0621v2, arXiv:1405.0301[32m                [0m       }
 {       [32m                                                                            [0m       }
 {                                                                                          }
  ========================================================================================== 
 ===============================================================
 INFO: MadLoop read these parameters from ./MadLoop5_resources/MadLoopParams.dat                                                                                                                                                                                                                                                                                                                                                                                                                                                                                          
 ===============================================================
  > MLReductionLib            = 6|1|2
  > IREGIMODE                 =            2
  > IREGIRECY                 =  T
  > CTModeRun                 =           -1
  > MLStabThres               =    1.0000000000000000E-003
  > NRotations_DP             =            1
  > NRotations_QP             =            0
  > CTStabThres               =    1.0000000000000000E-002
  > CTLoopLibrary             =            2
  > CTModeInit                =            1
  > CheckCycle                =            3
  > MaxAttempts               =           10
  > UseLoopFilter             =  F
  > HelicityFilterLevel       =            2
  > ImprovePSPoint            =            2
  > DoubleCheckHelicityFilter =  T
  > LoopInitStartOver         =  F
  > HelInitStartOver          =  F
  > ZeroThres                 =    1.0000000000000001E-009
  > OSThres                   =    1.0000000000000000E-008
  > WriteOutFilters           =  T
  > UseQPIntegrandForNinja    =  F
  > UseQPIntegrandForCutTools =  T
 ===============================================================
  
------------------------------------------------------------------------
|              You are using CutTools - Version 1.9.3                  |
|              Authors: G. Ossola, C. Papadopoulos, R. Pittau          |
|              Published in JHEP 0803:042,2008                         |
|              http://www.ugr.es/~pittau/CutTools                      |
|                                                                      |
|              Compiler with  34  significant digits detetected        |
 ---------------------------------------------------------------------- 
   
########################################################################
#                                                                      #
#                      You are using OneLOop-3.6                       #
#                                                                      #
# for the evaluation of 1-loop scalar 1-, 2-, 3- and 4-point functions #
#                                                                      #
# author: Andreas van Hameren <hamerenREMOVETHIS@ifj.edu.pl>           #
#   date: 18-02-2015                                                   #
#                                                                      #
# Please cite                                                          #
#    A. van Hameren,                                                   #
#      Comput.Phys.Commun. 182 (2011) 2427-2438, arXiv:1007.4716       #
#    A. van Hameren, C.G. Papadopoulos and R. Pittau,                  #
#      JHEP 0909:106,2009, arXiv:0903.4665                             #
# in publications with results obtained with the help of this program. #
#                                                                      #
########################################################################
 PASSED   1.0000000000000001E-005
 MU_R    =    325.00000000000000     
 ALPHA_S =   0.11799999999999999     
 BORN                    2.4769072457142050E-011
 SINGLE POLE (MadFKS)   -5.7427360557804815E-012
 DOUBLE POLE (MadFKS)   -2.4809077197223790E-012
 SINGLE POLE (MadLoop)  -5.7427360557804710E-012
 DOUBLE POLE (MadLoop)  -2.4809077197223394E-012
 FINITE PART (MadLoop)   2.8778550774481783E-012
   325.00000000000000        0.0000000000000000        0.0000000000000000        325.00000000000000        0.0000000000000000     
   325.00000000000000        0.0000000000000000        0.0000000000000000       -325.00000000000000        0.0000000000000000     
   272.50847091639810       -213.16978106289631        168.43151109454314       -21.146619214404740        1.7769999999999999     
   157.16817762297399        148.47535945285196       -13.349303796018560       -49.754819382997596        1.7769999999999999     
   104.62416030304942       -7.0640123085557702       -104.29611112481103       -4.3169263908267901        0.0000000000000000     
   115.69919115757993        71.758433918600133       -50.786096173713567        75.218364988228998        0.0000000000000000     

 PASSED   1.0000000000000001E-005
 MU_R    =    325.00000000000000     
 ALPHA_S =   0.11799999999999999     
 BORN                    5.3225397532269152E-011
 SINGLE POLE (MadFKS)   -7.7618166240769652E-012
 DOUBLE POLE (MadFKS)   -5.3311362325569743E-012
 SINGLE POLE (MadLoop)  -7.7618166240774580E-012
 DOUBLE POLE (MadLoop)  -5.3311362325569865E-012
 FINITE PART (MadLoop)  -4.0848118620177201E-013
   325.00000000000000        0.0000000000000000        0.0000000000000000        325.00000000000000        0.0000000000000000     
   325.00000000000000        0.0000000000000000        0.0000000000000000       -325.00000000000000        0.0000000000000000     
   171.00614391814034        59.644398330668217       -64.813022781305293        146.56657652573566        1.7769999999999999     
   113.40602289645213        108.12285355322668        32.681368162000645        9.9571589702028938        1.7769999999999999     
   109.55801582791368       -58.345991693475241        56.301523723785600        73.680679365993299        0.0000000000000000     
   256.02981735749387       -109.42126019041964       -24.169869104480938       -230.20441486193181        0.0000000000000000     

 PASSED   1.0000000000000001E-005
 MU_R    =    325.00000000000000     
 ALPHA_S =   0.11799999999999999     
 BORN                    4.3235289317241257E-011
 SINGLE POLE (MadFKS)   -6.8480762976027049E-012
 DOUBLE POLE (MadFKS)   -4.3305119001598141E-012
 SINGLE POLE (MadLoop)  -6.8480762976029270E-012
 DOUBLE POLE (MadLoop)  -4.3305119001598375E-012
 FINITE PART (MadLoop)   4.4237882438157290E-012
   325.00000000000000        0.0000000000000000        0.0000000000000000        325.00000000000000        0.0000000000000000     
   325.00000000000000        0.0000000000000000        0.0000000000000000       -325.00000000000000        0.0000000000000000     
   190.78068049641794       -130.29585583473829        133.14191188697595       -41.113642176899177        1.7769999999999999     
   79.357344380326253       -61.075034201818184       -35.532407025126965       -36.079337942167705        1.7769999999999999     
   179.85578034104680        25.733973520343525       -178.00278692220695      -0.93390410028313076        0.0000000000000000     
   200.00619478220898        165.63691651621303        80.393282060357933        78.126884219350032        0.0000000000000000     

 PASSED   1.0000000000000001E-005
 MU_R    =    325.00000000000000     
 ALPHA_S =   0.11799999999999999     
 BORN                    4.3886781249018171E-010
 SINGLE POLE (MadFKS)   -4.8382847133457767E-011
 DOUBLE POLE (MadFKS)   -4.3957663163548035E-011
 SINGLE POLE (MadLoop)  -4.8382847133458335E-011
 DOUBLE POLE (MadLoop)  -4.3957663163547718E-011
 FINITE PART (MadLoop)  -1.0084756694006196E-011
   325.00000000000000        0.0000000000000000        0.0000000000000000        325.00000000000000        0.0000000000000000     
   325.00000000000000        0.0000000000000000        0.0000000000000000       -325.00000000000000        0.0000000000000000     
   78.211637414958830        75.523913118327059       -19.095570353009744       -6.7379698958685683        1.7769999999999999     
   96.815755096477957        26.078895533918651        62.568570179448521       -69.102807029321042        1.7769999999999999     
   196.09599670886760        148.56874228460720        76.880463244579019        102.32479226713889        0.0000000000000000     
   278.87661077969562       -250.17155093685290       -120.35346307101780       -26.484015341949284        0.0000000000000000     

 PASSED   1.0000000000000001E-005
 MU_R    =    325.00000000000000     
 ALPHA_S =   0.11799999999999999     
 BORN                    1.5274979023689643E-009
 SINGLE POLE (MadFKS)   -4.5363569615223747E-010
 DOUBLE POLE (MadFKS)   -1.5299649772529918E-010
 SINGLE POLE (MadLoop)  -4.5363569615216364E-010
 DOUBLE POLE (MadLoop)  -1.5299649772529311E-010
 FINITE PART (MadLoop)   1.2701023151327272E-010
   325.00000000000000        0.0000000000000000        0.0000000000000000        325.00000000000000        0.0000000000000000     
   325.00000000000000        0.0000000000000000        0.0000000000000000       -325.00000000000000        0.0000000000000000     
   209.83293987909491        138.33970627770793       -135.89875949887798        80.127134997873782        1.7769999999999999     
   244.37517836770951       -157.22827007865635        157.68167763939630        100.65699030940888        1.7769999999999999     
   33.836663126758076       -9.0826741798389001        18.918769971367723       -26.542512015012317        0.0000000000000000     
   161.95521862643804        27.971237980787304       -40.701688111886035       -154.24161329227036        0.0000000000000000     

 PASSED   1.0000000000000001E-005
 MU_R    =    325.00000000000000     
 ALPHA_S =   0.11799999999999999     
 BORN                    1.0700059712861526E-010
 SINGLE POLE (MadFKS)   -2.1065264905885052E-011
 DOUBLE POLE (MadFKS)   -1.0717341470521719E-011
 SINGLE POLE (MadLoop)  -2.1065264905884661E-011
 DOUBLE POLE (MadLoop)  -1.0717341470521554E-011
 FINITE PART (MadLoop)   1.1488648674960622E-011
   325.00000000000000        0.0000000000000000        0.0000000000000000        325.00000000000000        0.0000000000000000     
   325.00000000000000        0.0000000000000000        0.0000000000000000       -325.00000000000000        0.0000000000000000     
   225.83806923591774        193.88396665462028       -15.453345815827626        114.76008611261031        1.7769999999999999     
   151.49026187237328       -132.62749558478194        22.151167816127135        69.752526065015417        1.7769999999999999     
   49.434271636044222        4.2461112788544453        43.612567593018198        22.883655720583878        0.0000000000000000     
   223.23739725566725       -65.502582348692840       -50.310389593317709       -207.39626789820960        0.0000000000000000     

 PASSED   1.0000000000000001E-005
 MU_R    =    325.00000000000000     
 ALPHA_S =   0.11799999999999999     
 BORN                    9.4758118482828183E-012
 SINGLE POLE (MadFKS)   -1.6708224861454329E-012
 DOUBLE POLE (MadFKS)   -9.4911163127802247E-013
 SINGLE POLE (MadLoop)  -1.6708224861453510E-012
 DOUBLE POLE (MadLoop)  -9.4911163127806004E-013
 FINITE PART (MadLoop)   2.0240776027319359E-012
   325.00000000000000        0.0000000000000000        0.0000000000000000        325.00000000000000        0.0000000000000000     
   325.00000000000000        0.0000000000000000        0.0000000000000000       -325.00000000000000        0.0000000000000000     
   186.11529184152016       -27.147816817770423        182.43277732263726       -24.839926099569418        1.7769999999999999     
   160.72826787644894       -158.70820314594587        24.479190120374149        6.5493412492617766        1.7769999999999999     
   134.90757931570559        115.06676842442128       -62.775360314686885       -31.920963308541332        0.0000000000000000     
   168.24886096632855        70.789251539295066       -144.13660712832450        50.211548158848970        0.0000000000000000     

 PASSED   1.0000000000000001E-005
 MU_R    =    325.00000000000000     
 ALPHA_S =   0.11799999999999999     
 BORN                    2.2324458911192173E-011
 SINGLE POLE (MadFKS)   -3.3452467169942732E-012
 DOUBLE POLE (MadFKS)   -2.2360515335095531E-012
 SINGLE POLE (MadLoop)  -3.3452467169942950E-012
 DOUBLE POLE (MadLoop)  -2.2360515335095523E-012
 FINITE PART (MadLoop)   1.9461785608487666E-012
   325.00000000000000        0.0000000000000000        0.0000000000000000        325.00000000000000        0.0000000000000000     
   325.00000000000000        0.0000000000000000        0.0000000000000000       -325.00000000000000        0.0000000000000000     
   247.77981992130930        218.15002127027051       -60.219973340801765       -100.87519249969300        1.7769999999999999     
   73.985536021326183       -54.047224739120573        40.580411921769453       -30.047120953952650        1.7769999999999999     
   159.61057381227062       -11.361930622355928        91.083144566084812        130.57680721004303        0.0000000000000000     
   168.62407024509395       -152.74086590879404       -71.443583147052522       0.34550624360270271        0.0000000000000000     

 PASSED   1.0000000000000001E-005
 MU_R    =    325.00000000000000     
 ALPHA_S =   0.11799999999999999     
 BORN                    6.6794380010357430E-011
 SINGLE POLE (MadFKS)   -1.8858979448801852E-011
 DOUBLE POLE (MadFKS)   -6.6902260182933888E-012
 SINGLE POLE (MadLoop)  -1.8858979448800941E-011
 DOUBLE POLE (MadLoop)  -6.6902260182928920E-012
 FINITE PART (MadLoop)  -6.4896421512149662E-012
   325.00000000000000        0.0000000000000000        0.0000000000000000        325.00000000000000        0.0000000000000000     
   325.00000000000000        0.0000000000000000        0.0000000000000000       -325.00000000000000        0.0000000000000000     
   303.81453132798850       -92.825488161512553       -201.36628087715422       -207.69006088478392        1.7769999999999999     
   159.41307068760375        100.92180803122861        66.131823865713201        104.16688491527952        1.7769999999999999     
   26.672963456996307        21.005100230618815        16.437325813335370       0.21694235680738158        0.0000000000000000     
   160.09943452741243       -29.101420100334838        118.79713119810565        103.30623361269701        0.0000000000000000     

 PASSED   1.0000000000000001E-005
 MU_R    =    325.00000000000000     
 ALPHA_S =   0.11799999999999999     
 BORN                    5.5533729703120337E-012
 SINGLE POLE (MadFKS)   -9.3333119625467089E-013
 DOUBLE POLE (MadFKS)   -5.5623422703388593E-013
 SINGLE POLE (MadLoop)  -9.3333119625480377E-013
 DOUBLE POLE (MadLoop)  -5.5623422703388098E-013
 FINITE PART (MadLoop)   4.4377893101102280E-013
   325.00000000000000        0.0000000000000000        0.0000000000000000        325.00000000000000        0.0000000000000000     
   325.00000000000000        0.0000000000000000        0.0000000000000000       -325.00000000000000        0.0000000000000000     
   212.86096312640959       -128.22047357962072       -124.54314502551456       -115.56447151384424        1.7769999999999999     
   162.89170180421118        63.213419945933445       -24.220388136490715        148.14852387023251        1.7769999999999999     
   153.43254966258630        80.075611393097049        104.49002051189450        78.811670261501149        0.0000000000000000     
   120.81478540679514       -15.068557759409774        44.273512650110781       -111.39572261788948        0.0000000000000000     

 PASSED   1.0000000000000001E-005
 MU_R    =    325.00000000000000     
 ALPHA_S =   0.11799999999999999     
 BORN                    3.2177810089496071E-011
 SINGLE POLE (MadFKS)   -5.1477596341252106E-012
 DOUBLE POLE (MadFKS)   -3.2229780744887274E-012
 SINGLE POLE (MadLoop)  -5.1477596341252704E-012
 DOUBLE POLE (MadLoop)  -3.2229780744887165E-012
 FINITE PART (MadLoop)   9.2940144172471379E-013
   325.00000000000000        0.0000000000000000        0.0000000000000000        325.00000000000000        0.0000000000000000     
   325.00000000000000        0.0000000000000000        0.0000000000000000       -325.00000000000000        0.0000000000000000     
   82.317560547883005        49.597925381941202       -24.159179954329897        61.068837120875997        1.7769999999999999     
   229.39587070444071       -217.91443253245231        32.141866532292063        64.027402548660120        1.7769999999999999     
   228.53067791521838        222.01391867804148       -41.117550800874234       -35.290759098478254        0.0000000000000000     
   109.75589083245795       -53.697411527530527        33.134864222912064       -89.805480571057842        0.0000000000000000     

 PASSED   1.0000000000000001E-005
 MU_R    =    325.00000000000000     
 ALPHA_S =   0.11799999999999999     
 BORN                    2.3207042489837545E-011
 SINGLE POLE (MadFKS)   -5.0941360975813902E-012
 DOUBLE POLE (MadFKS)   -2.3244524382002795E-012
 SINGLE POLE (MadLoop)  -5.0941360975815647E-012
 DOUBLE POLE (MadLoop)  -2.3244524382002787E-012
 FINITE PART (MadLoop)   4.4941300142800289E-013
   325.00000000000000        0.0000000000000000        0.0000000000000000        325.00000000000000        0.0000000000000000     
   325.00000000000000        0.0000000000000000        0.0000000000000000       -325.00000000000000        0.0000000000000000     
   74.286922260483536       -43.922386545778267       -44.319082235089482        40.274458406013821        1.7769999999999999     
   260.38390241855427        245.56716105315954        63.221778836822160        59.130322193564567        1.7769999999999999     
   68.933132466770573        32.847174130686710        36.773013682882755       -48.172454452603972        0.0000000000000000     
   246.39604285419168       -234.49194863806798       -55.675710284615512       -51.232326146974394        0.0000000000000000     

 PASSED   1.0000000000000001E-005
 MU_R    =    325.00000000000000     
 ALPHA_S =   0.11799999999999999     
 BORN                    4.1983626367607678E-010
 SINGLE POLE (MadFKS)   -9.2017720226415087E-011
 DOUBLE POLE (MadFKS)   -4.2051434480464195E-011
 SINGLE POLE (MadLoop)  -9.2017720226417052E-011
 DOUBLE POLE (MadLoop)  -4.2051434480464731E-011
 FINITE PART (MadLoop)  -6.1227817815245693E-011
   325.00000000000000        0.0000000000000000        0.0000000000000000        325.00000000000000        0.0000000000000000     
   325.00000000000000        0.0000000000000000        0.0000000000000000       -325.00000000000000        0.0000000000000000     
   93.462185081797088       -57.137396709115784        50.164447079962649       -54.321896669122729        1.7769999999999999     
   190.48386569683743        59.693752762133336        126.21289238479500       -129.56815595989707        1.7769999999999999     
   68.845825066266528       -54.556771569132273        39.830958711788057       -13.296654959362058        0.0000000000000000     
   297.20812415509897        52.000415516114636       -216.20829817654570        197.18670758838186        0.0000000000000000     

 PASSED   1.0000000000000001E-005
 MU_R    =    325.00000000000000     
 ALPHA_S =   0.11799999999999999     
 BORN                    1.9205488243861539E-008
 SINGLE POLE (MadFKS)   -3.5660908705476845E-009
 DOUBLE POLE (MadFKS)   -1.9236507191650885E-009
 SINGLE POLE (MadLoop)  -3.5660908705489237E-009
 DOUBLE POLE (MadLoop)  -1.9236507191652428E-009
 FINITE PART (MadLoop)  -2.8029949261173630E-009
   325.00000000000000        0.0000000000000000        0.0000000000000000        325.00000000000000        0.0000000000000000     
   325.00000000000000        0.0000000000000000        0.0000000000000000       -325.00000000000000        0.0000000000000000     
Thanks for using LHAPDF 6.2.1. Please make sure to cite the paper:
  Eur.Phys.J. C75 (2015) 3, 132  (http://arxiv.org/abs/1412.7420)
   275.55912573584561       -252.89868997700876        78.851557247634773        75.857488587741770        1.7769999999999999     
   24.984520682527307       -16.171445617381629       -18.558627841056836        3.8897588661578473        1.7769999999999999     
   300.35611890604338        293.90106729372411       -47.922473688375000       -39.235154179614170        0.0000000000000000     
   49.100234675583728       -24.830931699333615       -12.370455718202923       -40.512093274285455        0.0000000000000000     

 PASSED   1.0000000000000001E-005
 MU_R    =    325.00000000000000     
 ALPHA_S =   0.11799999999999999     
 BORN                    8.1668080786446133E-011
 SINGLE POLE (MadFKS)   -1.5144770281321848E-011
 DOUBLE POLE (MadFKS)   -8.1799983599944277E-012
 SINGLE POLE (MadLoop)  -1.5144770281322278E-011
 DOUBLE POLE (MadLoop)  -8.1799983599945731E-012
 FINITE PART (MadLoop)  -6.7120490585937027E-012
   325.00000000000000        0.0000000000000000        0.0000000000000000        325.00000000000000        0.0000000000000000     
   325.00000000000000        0.0000000000000000        0.0000000000000000       -325.00000000000000        0.0000000000000000     
   174.36144451297184        102.37502378818715       -36.236675356526248        136.40019599371539        1.7769999999999999     
   148.06012950060085        53.576747506904866       -137.24477283473070       -14.561891184156604        1.7769999999999999     
   253.21331298566196       -149.09225088412734        197.96272553854234       -51.954228863788899        0.0000000000000000     
   74.365113000769938       -6.8595204109646728       -24.481277347285378       -69.884075945769894        0.0000000000000000     

 PASSED   1.0000000000000001E-005
 MU_R    =    325.00000000000000     
 ALPHA_S =   0.11799999999999999     
 BORN                    8.6387743596936135E-010
 SINGLE POLE (MadFKS)   -8.2823627537245986E-011
 DOUBLE POLE (MadFKS)   -8.6527269178074606E-011
 SINGLE POLE (MadLoop)  -8.2823627537133412E-011
 DOUBLE POLE (MadLoop)  -8.6527269178073585E-011
 FINITE PART (MadLoop)  -5.2947741688125028E-011
   325.00000000000000        0.0000000000000000        0.0000000000000000        325.00000000000000        0.0000000000000000     
   325.00000000000000        0.0000000000000000        0.0000000000000000       -325.00000000000000        0.0000000000000000     
   65.516666537549952        55.061776939206140       -2.1217997828769328        35.397380569344506        1.7769999999999999     
   50.533924779759424       -49.294445672854181        5.0484066331639523       -9.7514635270115253        1.7769999999999999     
   264.16806148116467        50.833333035841513       -251.68646738395310        62.085900935477376        0.0000000000000000     
   269.78134720152599       -56.600664302193408        248.75986053366611       -87.731817977810294        0.0000000000000000     

 PASSED   1.0000000000000001E-005
 MU_R    =    325.00000000000000     
 ALPHA_S =   0.11799999999999999     
 BORN                    3.0443256271086719E-011
 SINGLE POLE (MadFKS)   -7.3391589193437800E-012
 DOUBLE POLE (MadFKS)   -3.0492425433818748E-012
 SINGLE POLE (MadLoop)  -7.3391589193439480E-012
 DOUBLE POLE (MadLoop)  -3.0492425433818813E-012
 FINITE PART (MadLoop)   1.3817882406340588E-012
   325.00000000000000        0.0000000000000000        0.0000000000000000        325.00000000000000        0.0000000000000000     
   325.00000000000000        0.0000000000000000        0.0000000000000000       -325.00000000000000        0.0000000000000000     
   286.11230512183874        8.5773050126825634        224.04466282598764       -177.72876050611796        1.7769999999999999     
   215.03746180020866       -52.845354924231188       -135.04934253765433        158.76711180706010        1.7769999999999999     
   115.37869840412461        62.298527029293460       -85.047208738294074        46.884004321680642        0.0000000000000000     
   33.471534673828259       -18.030477117744752       -3.9481115500392687       -27.922355622622828        0.0000000000000000     

 PASSED   1.0000000000000001E-005
 MU_R    =    325.00000000000000     
 ALPHA_S =   0.11799999999999999     
 BORN                    1.3156409706224717E-010
 SINGLE POLE (MadFKS)   -2.5109849921856459E-011
 DOUBLE POLE (MadFKS)   -1.3177658735699562E-011
 SINGLE POLE (MadLoop)  -2.5109849921858770E-011
 DOUBLE POLE (MadLoop)  -1.3177658735699592E-011
 FINITE PART (MadLoop)  -1.1601769455656036E-011
   325.00000000000000        0.0000000000000000        0.0000000000000000        325.00000000000000        0.0000000000000000     
   325.00000000000000        0.0000000000000000        0.0000000000000000       -325.00000000000000        0.0000000000000000     
   212.52760644730694        200.97938934180860        33.093921513413541       -60.637473495183528        1.7769999999999999     
   105.82720095363491        85.483659704749556       -62.111808598850054        5.5593064984236751        1.7769999999999999     
   41.652457178677047       -2.2645946927182994       -24.513915358112854        33.598612377812813        0.0000000000000000     
   289.99273542038111       -284.19845435383985        53.531802443549374        21.479554618947056        0.0000000000000000     

 PASSED   1.0000000000000001E-005
 MU_R    =    325.00000000000000     
 ALPHA_S =   0.11799999999999999     
 BORN                    1.1625489117712087E-011
 SINGLE POLE (MadFKS)   -1.8006244160907999E-012
 DOUBLE POLE (MadFKS)   -1.1644265544293336E-012
 SINGLE POLE (MadLoop)  -1.8006244160906965E-012
 DOUBLE POLE (MadLoop)  -1.1644265544293173E-012
 FINITE PART (MadLoop)   5.5980164823622035E-013
   325.00000000000000        0.0000000000000000        0.0000000000000000        325.00000000000000        0.0000000000000000     
   325.00000000000000        0.0000000000000000        0.0000000000000000       -325.00000000000000        0.0000000000000000     
   144.72289419126309       0.39085397944261741       -15.405480765393539       -143.88911275579326        1.7769999999999999     
   74.908323847724631       -22.354628537997161        68.943377815483927        18.846232806457479        1.7769999999999999     
   171.68833146148825       -101.02067834221404        138.78159132146226        3.3727759474092731        0.0000000000000000     
   258.68045049952406        122.98445290076859       -192.31948837155264        121.67010400192649        0.0000000000000000     

 PASSED   1.0000000000000001E-005
 MU_R    =    325.00000000000000     
 ALPHA_S =   0.11799999999999999     
 BORN                    1.5929130338814858E-011
 SINGLE POLE (MadFKS)   -2.6259486459021260E-012
 DOUBLE POLE (MadFKS)   -1.5954857613020828E-012
 SINGLE POLE (MadLoop)  -2.6259486459013614E-012
 DOUBLE POLE (MadLoop)  -1.5954857613021115E-012
 FINITE PART (MadLoop)   9.8547345795950689E-013
   325.00000000000000        0.0000000000000000        0.0000000000000000        325.00000000000000        0.0000000000000000     
   325.00000000000000        0.0000000000000000        0.0000000000000000       -325.00000000000000        0.0000000000000000     
   127.34804877197787       -55.563692903898492        114.46490401937230       -4.9829284308731356        1.7769999999999999     
   249.32246880387407        105.90327908520599       -225.57821598309994       -7.5828539707446954        1.7769999999999999     
   140.45082186776074        22.412971722119540        73.868461579363242        117.33517139294197        0.0000000000000000     
   132.87866055639100       -72.752557903427004        37.244850384364391       -104.76938899132415        0.0000000000000000     

 NUMBER OF POINTS PASSING THE CHECK          20
 NUMBER OF POINTS FAILING THE CHECK           0
 TOLERANCE    1.0000000000000001E-005
