==== LHAPDF6 USING DEFAULT-TYPE LHAGLUE INTERFACE ====
LHAPDF 6.2.1 loading /cvmfs/cms.cern.ch/slc6_amd64_gcc481/external/lhapdf/6.2.1/share/LHAPDF/NNPDF31_nnlo_hessian_pdfas/NNPDF31_nnlo_hessian_pdfas_0000.dat
NNPDF31_nnlo_hessian_pdfas PDF set, member #0, version 1; LHAPDF ID = 306000
 A PDF is used, so alpha_s(MZ) is going to be modified
 Old value of alpha_s from param_card:   0.11799999999999999     
 New value of alpha_s from PDF lhapdf :  0.11800208008122040     
 using LHAPDF
 *****************************************************
 *               MadGraph/MadEvent                   *
 *        --------------------------------           *
 *          http://madgraph.hep.uiuc.edu             *
 *          http://madgraph.phys.ucl.ac.be           *
 *          http://madgraph.roma2.infn.it            *
 *        --------------------------------           *
 *                                                   *
 *          PARAMETER AND COUPLING VALUES            *
 *                                                   *
 *****************************************************

  External Params
  ---------------------------------
  
 MU_R =    91.188000000000002     
 aEWM1 =    132.50700000000001     
 mdl_Gf =    1.1663900000000000E-005
 aS =   0.11799999999999999     
 mdl_lamWS =   0.22530000000000000     
 mdl_AWS =   0.80800000000000005     
 mdl_rhoWS =   0.13200000000000001     
 mdl_etaWS =   0.34100000000000003     
 mdl_ymt =    173.00000000000000     
 mdl_ymtau =    1.7769999999999999     
 mdl_MT =    173.00000000000000     
 mdl_MZ =    91.188000000000002     
 mdl_MH =    125.00000000000000     
 mdl_MTA =    1.7769999999999999     
 mdl_WT =    1.4915000000000000     
 mdl_WZ =    2.4414039999999999     
 mdl_WW =    2.0476000000000001     
 mdl_WH =    6.3823389999999999E-003
  Internal Params
  ---------------------------------
  
 mdl_CKM33 =    1.0000000000000000     
 mdl_conjg__CKM3x3 =    1.0000000000000000     
 mdl_I4x33 =    0.0000000000000000     
 mdl_I1x33 =    0.0000000000000000     
 mdl_lhv =    1.0000000000000000     
 mdl_CKM3x3 =    1.0000000000000000     
 mdl_conjg__CKM33 =    1.0000000000000000     
 mdl_Ncol =    3.0000000000000000     
 mdl_CA =    3.0000000000000000     
 mdl_TF =   0.50000000000000000     
 mdl_CF =    1.3333333333333333     
 mdl_lamWS__exp__2 =    5.0760090000000001E-002
 mdl_CKM11 =  ( 0.97461995499999998     ,  0.0000000000000000     )
 mdl_CKM12 =  ( 0.22530000000000000     ,  0.0000000000000000     )
 mdl_complexi =  (  0.0000000000000000     ,  1.0000000000000000     )
 mdl_lamWS__exp__3 =    1.1436248277000001E-002
 mdl_CKM13 =  (  1.2197444962317122E-003, -3.1510066152652563E-003)
 mdl_CKM21 =  (-0.22530000000000000     ,  0.0000000000000000     )
 mdl_CKM22 =  ( 0.97461995499999998     ,  0.0000000000000000     )
 mdl_CKM23 =  (  4.1014152720000002E-002,  0.0000000000000000     )
 mdl_CKM31 =  (  8.0207441115842885E-003, -3.1510066152652563E-003)
 mdl_CKM32 =  ( -4.1014152720000002E-002,  0.0000000000000000     )
 mdl_MZ__exp__2 =    8315.2513440000002     
 mdl_MZ__exp__4 =    69143404.913893804     
 mdl_sqrt__2 =    1.4142135623730951     
 mdl_MH__exp__2 =    15625.000000000000     
 mdl_CKM1x1 =  ( 0.97461995499999998     ,  0.0000000000000000     )
 mdl_CKM1x2 =  ( 0.22530000000000000     ,  0.0000000000000000     )
 mdl_CKM1x3 =  (  1.2197444962317122E-003, -3.1510066152652563E-003)
 mdl_CKM2x1 =  (-0.22530000000000000     ,  0.0000000000000000     )
 mdl_CKM2x2 =  ( 0.97461995499999998     ,  0.0000000000000000     )
 mdl_CKM2x3 =  (  4.1014152720000002E-002,  0.0000000000000000     )
 mdl_CKM3x1 =  (  8.0207441115842885E-003, -3.1510066152652563E-003)
 mdl_CKM3x2 =  ( -4.1014152720000002E-002,  0.0000000000000000     )
 mdl_conjg__CKM1x3 =  (  1.2197444962317122E-003,  3.1510066152652563E-003)
 mdl_conjg__CKM2x3 =  (  4.1014152720000002E-002, -0.0000000000000000     )
 mdl_conjg__CKM2x1 =  (-0.22530000000000000     , -0.0000000000000000     )
 mdl_conjg__CKM3x1 =  (  8.0207441115842885E-003,  3.1510066152652563E-003)
 mdl_conjg__CKM2x2 =  ( 0.97461995499999998     , -0.0000000000000000     )
 mdl_conjg__CKM3x2 =  ( -4.1014152720000002E-002, -0.0000000000000000     )
 mdl_Ncol__exp__2 =    9.0000000000000000     
 mdl_MT__exp__2 =    29929.000000000000     
 mdl_conjg__CKM11 =  ( 0.97461995499999998     , -0.0000000000000000     )
 mdl_conjg__CKM12 =  ( 0.22530000000000000     , -0.0000000000000000     )
 mdl_conjg__CKM13 =  (  1.2197444962317122E-003,  3.1510066152652563E-003)
 mdl_conjg__CKM21 =  (-0.22530000000000000     , -0.0000000000000000     )
 mdl_conjg__CKM22 =  ( 0.97461995499999998     , -0.0000000000000000     )
 mdl_conjg__CKM23 =  (  4.1014152720000002E-002, -0.0000000000000000     )
 mdl_conjg__CKM31 =  (  8.0207441115842885E-003,  3.1510066152652563E-003)
 mdl_conjg__CKM32 =  ( -4.1014152720000002E-002, -0.0000000000000000     )
 mdl_aEW =    7.5467711139788835E-003
 mdl_MW =    80.419002445756163     
 mdl_sqrt__aEW =    8.6872153846781555E-002
 mdl_ee =   0.30795376724436879     
 mdl_MW__exp__2 =    6467.2159543705357     
 mdl_sw2 =   0.22224648578577766     
 mdl_cw =   0.88190334743339216     
 mdl_sqrt__sw2 =   0.47143025548407230     
 mdl_sw =   0.47143025548407230     
 mdl_g1 =   0.34919219678733299     
 mdl_gw =   0.65323293034757990     
 mdl_v =    246.21845810181637     
 mdl_v__exp__2 =    60623.529110035903     
 mdl_lam =   0.12886910601690263     
 mdl_yt =   0.99366614581500623     
 mdl_ytau =    1.0206617000654717E-002
 mdl_muH =    88.388347648318430     
 mdl_AxialZUp =  -0.18517701861793787     
 mdl_AxialZDown =   0.18517701861793787     
 mdl_VectorZUp =    7.5430507588273299E-002
 mdl_VectorZDown =  -0.13030376310310560     
 mdl_VectorAUp =   0.20530251149624587     
 mdl_VectorADown =  -0.10265125574812294     
 mdl_VectorWmDxU =   0.23095271737156670     
 mdl_AxialWmDxU =  -0.23095271737156670     
 mdl_VectorWpUxD =   0.23095271737156670     
 mdl_AxialWpUxD =  -0.23095271737156670     
 mdl_I2x13 =  (  7.9699418879263656E-003,  3.1310485988282153E-003)
 mdl_I2x23 =  ( -4.0754375057150453E-002, -0.0000000000000000     )
 mdl_I2x33 =  ( 0.99366614581500623     ,  0.0000000000000000     )
 mdl_I3x31 =  (  7.9699418879263656E-003, -3.1310485988282153E-003)
 mdl_I3x32 =  ( -4.0754375057150453E-002,  0.0000000000000000     )
 mdl_I3x33 =  ( 0.99366614581500623     ,  0.0000000000000000     )
 mdl_Vector_tdGp =  ( -7.9699418879263656E-003, -3.1310485988282153E-003)
 mdl_Vector_tsGp =  (  4.0754375057150453E-002,  0.0000000000000000     )
 mdl_Vector_tbGp =  (-0.99366614581500623     ,  0.0000000000000000     )
 mdl_Axial_tdGp =  ( -7.9699418879263656E-003, -3.1310485988282153E-003)
 mdl_Axial_tsGp =  (  4.0754375057150453E-002,  0.0000000000000000     )
 mdl_Axial_tbGp =  (-0.99366614581500623     , -0.0000000000000000     )
 mdl_Vector_tdGm =  (  7.9699418879263656E-003, -3.1310485988282153E-003)
 mdl_Vector_tsGm =  ( -4.0754375057150453E-002,  0.0000000000000000     )
 mdl_Vector_tbGm =  ( 0.99366614581500623     ,  0.0000000000000000     )
 mdl_Axial_tdGm =  ( -7.9699418879263656E-003,  3.1310485988282153E-003)
 mdl_Axial_tsGm =  (  4.0754375057150453E-002, -0.0000000000000000     )
 mdl_Axial_tbGm =  (-0.99366614581500623     ,  0.0000000000000000     )
 mdl_gw__exp__2 =   0.42671326129048615     
 mdl_cw__exp__2 =   0.77775351421422245     
 mdl_ee__exp__2 =    9.4835522759998875E-002
 mdl_sw__exp__2 =   0.22224648578577769     
 mdl_yt__exp__2 =   0.98737240933884918     
  Internal Params evaluated point by point
  ----------------------------------------
  
 mdl_sqrt__aS =   0.34351128074635334     
 mdl_G__exp__4 =    2.1987899468922913     
 mdl_G__exp__2 =    1.4828317324943823     
 mdl_R2MixedFactor_FIN_ =   -2.5040377713124864E-002
 mdl_G_UVg_1EPS_ =   -5.1645779033320030E-002
 mdl_G_UVq_1EPS_ =    3.1300472141406080E-003
 mdl_G_UVb_1EPS_ =    3.1300472141406080E-003
 mdl_GWcft_UV_t_1EPS_ =   -3.1300472141406080E-003
 mdl_tWcft_UV_1EPS_ =   -1.8780283284843650E-002
 mdl_G__exp__3 =    1.8056676068262196     
 mdl_MU_R__exp__2 =    8315.2513440000002     
 mdl_G_UVt_FIN_ =   -4.0087659331150384E-003
 mdl_GWcft_UV_t_FIN_ =    4.0087659331150384E-003
 mdl_tWcft_UV_FIN_ =   -9.8778211443463623E-004
  Couplings of loop_sm-ckm_no_b_mass
  ---------------------------------
  
       UV_3Gt =   0.48815E-02   0.00000E+00
      UV_GQQt =   0.00000E+00  -0.48815E-02
   UVWfct_G_2 =   0.40088E-02   0.00000E+00
       R2_DDA =   0.00000E+00   0.25704E-02
       R2_UUA =  -0.00000E+00  -0.51409E-02
    R2_DDZ_V2 =   0.00000E+00   0.72127E-02
    R2_UUZ_V2 =  -0.00000E+00  -0.72127E-02
    R2_UUZ_V5 =   0.00000E+00   0.68702E-03
      R2_GGHt =   0.00000E+00  -0.45657E+01
     R2_GGZup =  -0.46369E-02   0.00000E+00
   R2_GGZdown =   0.46369E-02   0.00000E+00
 R2_GGGZvecUp =   0.00000E+00   0.28750E-03
 R2_GGGZvecDown  -0.00000E+00  -0.49665E-03
 R2_GGGZaxialUp  -0.00000E+00  -0.63522E-02
 R2_GGGZaxialDow  0.00000E+00   0.63522E-02
 R2_GGGAvecUp =   0.00000E+00   0.78251E-03
 R2_GGGAvecDown  -0.00000E+00  -0.39126E-03
         GC_4 =  -0.12177E+01   0.00000E+00
         GC_5 =   0.00000E+00   0.12177E+01
         GC_6 =   0.00000E+00   0.14828E+01
       R2_3Gq =   0.76230E-02   0.00000E+00
       R2_3Gg =   0.31445E-01   0.00000E+00
       R2_GQQ =  -0.00000E+00  -0.30492E-01
       R2_GGq =   0.00000E+00   0.62601E-02
       R2_GGt =  -0.00000E+00  -0.11242E+04
     R2_GGg_1 =   0.00000E+00   0.28170E-01
     R2_GGg_2 =  -0.00000E+00  -0.18780E-01
       R2_QQq =   0.00000E+00   0.12520E-01
  UV_3Gg_1eps =   0.62890E-01   0.00000E+00
  UV_3Gb_1eps =  -0.38115E-02   0.00000E+00
 UV_GQQg_1eps =   0.00000E+00  -0.62890E-01
 UV_GQQq_1eps =   0.00000E+00   0.38115E-02
 UVWfct_G_2_1eps -0.31300E-02   0.00000E+00
         GC_1 =  -0.00000E+00  -0.10265E+00
         GC_2 =   0.00000E+00   0.20530E+00
        GC_21 =  -0.00000E+00  -0.28804E+00
        GC_22 =   0.00000E+00   0.28804E+00
        GC_23 =  -0.00000E+00  -0.27437E-01
        GC_24 =   0.00000E+00   0.82310E-01
        GC_37 =  -0.00000E+00  -0.70263E+00
        GC_38 =  -0.00000E+00  -0.72172E-02
      GC_1003 =  -0.00000E+00  -0.30795E+00

 Collider parameters:
 --------------------

 Running at P P   machine @    13000.000000000000       GeV
 PDF set = lhapdf 
 alpha_s(Mz)= 0.1180 running at 3 loops.
 alpha_s(Mz)= 0.1180 running at 3 loops.
 Renormalization scale set on event-by-event basis
 Factorization   scale set on event-by-event basis


 ===============================================================
 INFO: MadFKS read these parameters from FKS_params.dat
 ===============================================================
  > IRPoleCheckThreshold      =    1.0000000000000001E-005
  > PrecisionVirtualAtRunTime =    1.0000000000000000E-003
  > NHelForMCoverHels         =            4
  > VirtualFraction           =    1.0000000000000000     
  > MinVirtualFraction        =    5.0000000000000001E-003
 ===============================================================
  Insert the number of points to test
 Insert the relative tolerance
  A negative number will mean use the default one:    1.0000000000000001E-005
Using random seed offsets:     0 ,    118 ,      0
  with seed                   32
 Ranmar initialization seeds       10729        9524
  ========================================================================================== 
 {                                                                                          }
 {       [32m                                                                            [0m       }
 {       [32m                               ,,                                           [0m       }
 {       [32m`7MMM.     ,MMF'             `7MM  `7MMF'                                   [0m       }
 {       [32m  MMMb    dPMM                 MM    MM                                     [0m       }
 {       [32m  M YM   ,M MM   ,6"Yb.   ,M""bMM    MM         ,pW"Wq.   ,pW"Wq.`7MMpdMAo. [0m       }
 {       [32m  M  Mb  M' MM  8)   MM ,AP    MM    MM        6W'   `Wb 6W'   `Wb MM   `Wb [0m       }
 {       [32m  M  YM.P'  MM   ,pm9MM 8MI    MM    MM      , 8M     M8 8M     M8 MM    M8 [0m       }
 {       [32m  M  `YM'   MM  8M   MM `Mb    MM    MM     ,M YA.   ,A9 YA.   ,A9 MM   ,AP [0m       }
 {       [32m.JML. `'  .JMML.`Moo9^Yo.`Wbmd"MML..JMMmmmmMMM  `Ybmd9'   `Ybmd9'  MMbmmd'  [0m       }
 {       [32m                                                                   MM       [0m       }
 {       [32m                                                                 .JMML.     [0m       }
 {       [32m[0mv2.4.2 (2016-06-10), Ref: arXiv:1103.0621v2, arXiv:1405.0301[32m                [0m       }
 {       [32m                                                                            [0m       }
 {                                                                                          }
  ========================================================================================== 
 ===============================================================
 INFO: MadLoop read these parameters from ./MadLoop5_resources/MadLoopParams.dat                                                                                                                                                                                                                                                                                                                                                                                                                                                                                          
 ===============================================================
  > MLReductionLib            = 6|1|2
  > IREGIMODE                 =            2
  > IREGIRECY                 =  T
  > CTModeRun                 =           -1
  > MLStabThres               =    1.0000000000000000E-003
  > NRotations_DP             =            1
  > NRotations_QP             =            0
  > CTStabThres               =    1.0000000000000000E-002
  > CTLoopLibrary             =            2
  > CTModeInit                =            1
  > CheckCycle                =            3
  > MaxAttempts               =           10
  > UseLoopFilter             =  F
  > HelicityFilterLevel       =            2
  > ImprovePSPoint            =            2
  > DoubleCheckHelicityFilter =  T
  > LoopInitStartOver         =  F
  > HelInitStartOver          =  F
  > ZeroThres                 =    1.0000000000000001E-009
  > OSThres                   =    1.0000000000000000E-008
  > WriteOutFilters           =  T
  > UseQPIntegrandForNinja    =  F
  > UseQPIntegrandForCutTools =  T
 ===============================================================
  
------------------------------------------------------------------------
|              You are using CutTools - Version 1.9.3                  |
|              Authors: G. Ossola, C. Papadopoulos, R. Pittau          |
|              Published in JHEP 0803:042,2008                         |
|              http://www.ugr.es/~pittau/CutTools                      |
|                                                                      |
|              Compiler with  34  significant digits detetected        |
 ---------------------------------------------------------------------- 
   
########################################################################
#                                                                      #
#                      You are using OneLOop-3.6                       #
#                                                                      #
# for the evaluation of 1-loop scalar 1-, 2-, 3- and 4-point functions #
#                                                                      #
# author: Andreas van Hameren <hamerenREMOVETHIS@ifj.edu.pl>           #
#   date: 18-02-2015                                                   #
#                                                                      #
# Please cite                                                          #
#    A. van Hameren,                                                   #
#      Comput.Phys.Commun. 182 (2011) 2427-2438, arXiv:1007.4716       #
#    A. van Hameren, C.G. Papadopoulos and R. Pittau,                  #
#      JHEP 0909:106,2009, arXiv:0903.4665                             #
# in publications with results obtained with the help of this program. #
#                                                                      #
########################################################################
 PASSED   1.0000000000000001E-005
 MU_R    =    325.00000000000000     
 ALPHA_S =   0.11799999999999999     
 BORN                    4.9542991979006027E-009
 SINGLE POLE (MadFKS)   -2.8466327350592910E-010
 DOUBLE POLE (MadFKS)   -4.9623009287705064E-010
 SINGLE POLE (MadLoop)  -2.8466327350586484E-010
 DOUBLE POLE (MadLoop)  -4.9623009287703513E-010
 FINITE PART (MadLoop)   2.6920780301020863E-009
   325.00000000000000        0.0000000000000000        0.0000000000000000        325.00000000000000        0.0000000000000000     
   325.00000000000000        0.0000000000000000        0.0000000000000000       -325.00000000000000        0.0000000000000000     
   18.288660783770190       -2.5680316477484042        17.991162100076789       -1.0201392104693117        1.7769999999999999     
   232.99309029487614        82.155788557018738        216.82694490881181        22.784309606434000        1.7769999999999999     
   156.67173959829927        12.688157068149081       -76.348538271998009        136.22020908330938        0.0000000000000000     
   242.04650932305441       -92.275913977419421       -158.46956873689047       -157.98437947927411        0.0000000000000000     

 PASSED   1.0000000000000001E-005
 MU_R    =    325.00000000000000     
 ALPHA_S =   0.11799999999999999     
 BORN                    8.3478910293459276E-011
 SINGLE POLE (MadFKS)   -7.5778479392712474E-012
 DOUBLE POLE (MadFKS)   -8.3613737793131504E-012
 SINGLE POLE (MadLoop)  -7.5778479392743122E-012
 DOUBLE POLE (MadLoop)  -8.3613737793131262E-012
 FINITE PART (MadLoop)   5.7422398772008669E-011
   325.00000000000000        0.0000000000000000        0.0000000000000000        325.00000000000000        0.0000000000000000     
   325.00000000000000        0.0000000000000000        0.0000000000000000       -325.00000000000000        0.0000000000000000     
   224.19163135928946       -97.331927653367487        177.41634576233196        96.481428047888386        1.7769999999999999     
   137.95128826787521        133.63428745764173       -29.630915432929260        17.067110829352185        1.7769999999999999     
   128.33230465389829       -50.548543965502972       -110.62785720596121        40.932900346372108        0.0000000000000000     
   159.52477571894042        14.246184161228809       -37.157573123441487       -154.48143922361257        0.0000000000000000     

 PASSED   1.0000000000000001E-005
 MU_R    =    325.00000000000000     
 ALPHA_S =   0.11799999999999999     
 BORN                    5.2708545672587708E-011
 SINGLE POLE (MadFKS)   -1.0910662439771167E-011
 DOUBLE POLE (MadFKS)   -5.2793675694043568E-012
 SINGLE POLE (MadLoop)  -1.0910662439770686E-011
 DOUBLE POLE (MadLoop)  -5.2793675694043697E-012
 FINITE PART (MadLoop)   2.3202275467790155E-011
   325.00000000000000        0.0000000000000000        0.0000000000000000        325.00000000000000        0.0000000000000000     
   325.00000000000000        0.0000000000000000        0.0000000000000000       -325.00000000000000        0.0000000000000000     
   241.29644037630143        155.60570878142462        115.40008347328352        143.84192204730741        1.7769999999999999     
   285.95570762050306       -137.80834444797003       -133.21272889953096       -212.20447227000750        1.7769999999999999     
   76.373732177226699       -56.738673077029375        25.419255045295575        44.356864373836807        0.0000000000000000     
   46.374119825968940        38.941308743574830       -7.6066096190480286        24.005685848863276        0.0000000000000000     

 PASSED   1.0000000000000001E-005
 MU_R    =    325.00000000000000     
 ALPHA_S =   0.11799999999999999     
 BORN                    5.5311627723207257E-012
 SINGLE POLE (MadFKS)   -8.5432731015837368E-013
 DOUBLE POLE (MadFKS)   -5.5400962004674340E-013
 SINGLE POLE (MadLoop)  -8.5432731015835692E-013
 DOUBLE POLE (MadLoop)  -5.5400962004673421E-013
 FINITE PART (MadLoop)   2.4188022498248904E-012
   325.00000000000000        0.0000000000000000        0.0000000000000000        325.00000000000000        0.0000000000000000     
   325.00000000000000        0.0000000000000000        0.0000000000000000       -325.00000000000000        0.0000000000000000     
   191.44825355866942       -3.0922787428930874        190.19196247911648       -21.603964501525290        1.7769999999999999     
   134.01153812203384       -102.53404418101178       -77.250327938644602        38.406916539752658        1.7769999999999999     
   172.44080213458145        88.365219120945540       -32.193550190882874       -144.53717036330914        0.0000000000000000     
   152.09940618472032        17.261103802959319       -80.748084349589007        127.73421832508180        0.0000000000000000     

 PASSED   1.0000000000000001E-005
 MU_R    =    325.00000000000000     
 ALPHA_S =   0.11799999999999999     
 BORN                    5.5354171949034901E-012
 SINGLE POLE (MadFKS)   -9.1595526189676577E-013
 DOUBLE POLE (MadFKS)   -5.5443574944043804E-013
 SINGLE POLE (MadLoop)  -9.1595526189675002E-013
 DOUBLE POLE (MadLoop)  -5.5443574944043168E-013
 FINITE PART (MadLoop)   1.6389106312156543E-012
   325.00000000000000        0.0000000000000000        0.0000000000000000        325.00000000000000        0.0000000000000000     
   325.00000000000000        0.0000000000000000        0.0000000000000000       -325.00000000000000        0.0000000000000000     
   231.74611801754315        224.86454450732424        12.050081101542869        54.715972587178449        1.7769999999999999     
   148.96666978334022       -56.891705048857105        115.44510729261856       -74.991146651910626        1.7769999999999999     
   78.610304706696766        7.1519824003261370       -71.978347234831247       -30.782246233295020        0.0000000000000000     
   190.67690749242234       -175.12482185879324       -55.516841159330205        51.057420298027196        0.0000000000000000     

 PASSED   1.0000000000000001E-005
 MU_R    =    325.00000000000000     
 ALPHA_S =   0.11799999999999999     
 BORN                    8.4085302596847447E-011
 SINGLE POLE (MadFKS)   -2.2832534830876565E-011
 DOUBLE POLE (MadFKS)   -8.4221109485898369E-012
 SINGLE POLE (MadLoop)  -2.2832534830872629E-011
 DOUBLE POLE (MadLoop)  -8.4221109485899387E-012
 FINITE PART (MadLoop)  -4.9972635228886587E-011
   325.00000000000000        0.0000000000000000        0.0000000000000000        325.00000000000000        0.0000000000000000     
   325.00000000000000        0.0000000000000000        0.0000000000000000       -325.00000000000000        0.0000000000000000     
   293.82910190119298       -118.06822583137280       -239.54714084328535       -122.51303913421151        1.7769999999999999     
   57.003730374415412       -16.443001852947809        33.770980869871238       -42.841756368638727        1.7769999999999999     
   276.49542003217903        128.83585160951031        184.28139526236501        160.90807313177098        0.0000000000000000     
   22.671747692212591        5.6753760748103153        21.494764711049072        4.4467223710792858        0.0000000000000000     

 PASSED   1.0000000000000001E-005
 MU_R    =    325.00000000000000     
 ALPHA_S =   0.11799999999999999     
 BORN                    3.8659750583202659E-010
 SINGLE POLE (MadFKS)   -2.2934378108620714E-011
 DOUBLE POLE (MadFKS)   -3.8722190275943750E-011
 SINGLE POLE (MadLoop)  -2.2934378108619228E-011
 DOUBLE POLE (MadLoop)  -3.8722190275941954E-011
 FINITE PART (MadLoop)   2.0155219256229452E-010
   325.00000000000000        0.0000000000000000        0.0000000000000000        325.00000000000000        0.0000000000000000     
   325.00000000000000        0.0000000000000000        0.0000000000000000       -325.00000000000000        0.0000000000000000     
   161.72998129337873       -83.968541428341112       -136.88348327813387        19.121327783353756        1.7769999999999999     
   144.36582849194187       -28.710137382341220        76.567757565928218       -118.95983027886807        1.7769999999999999     
   249.84078134213328        154.63845637979136        69.466971731823833        183.52575750704040        0.0000000000000000     
   94.063408872552003       -41.959777569109065       -9.1512460196181777       -83.687255011526148        0.0000000000000000     

 PASSED   1.0000000000000001E-005
 MU_R    =    325.00000000000000     
 ALPHA_S =   0.11799999999999999     
 BORN                    1.5382902880631385E-009
 SINGLE POLE (MadFKS)   -1.1336661649904016E-010
 DOUBLE POLE (MadFKS)   -1.5407747938213058E-010
 SINGLE POLE (MadLoop)  -1.1336661649903752E-010
 DOUBLE POLE (MadLoop)  -1.5407747938213128E-010
 FINITE PART (MadLoop)   9.0300982011031135E-010
   325.00000000000000        0.0000000000000000        0.0000000000000000        325.00000000000000        0.0000000000000000     
   325.00000000000000        0.0000000000000000        0.0000000000000000       -325.00000000000000        0.0000000000000000     
   181.25702988938031       -77.618449966252356       -127.27963315962947       -103.08357950181120        1.7769999999999999     
   76.538066504974395       -69.600539563619719       -28.043339377558887        14.975109493020321        1.7769999999999999     
   135.68995415290976       -81.618048829038315        40.106531765953527        100.70612629361747        0.0000000000000000     
   256.51494945273561        228.83703835891041        115.21644077123480       -12.597656284826574        0.0000000000000000     

 PASSED   1.0000000000000001E-005
 MU_R    =    325.00000000000000     
 ALPHA_S =   0.11799999999999999     
 BORN                    1.8723661253620350E-011
 SINGLE POLE (MadFKS)   -1.6666788672478167E-012
 DOUBLE POLE (MadFKS)   -1.8753901998530186E-012
 SINGLE POLE (MadLoop)  -1.6666788672480188E-012
 DOUBLE POLE (MadLoop)  -1.8753901998532577E-012
 FINITE PART (MadLoop)   9.9792155309826704E-012
   325.00000000000000        0.0000000000000000        0.0000000000000000        325.00000000000000        0.0000000000000000     
   325.00000000000000        0.0000000000000000        0.0000000000000000       -325.00000000000000        0.0000000000000000     
   116.96619206726831       -76.240887316437977        8.4824520784498532       -88.279711517744090        1.7769999999999999     
   187.04565207322460        173.60745955086549       -10.265787214801515        68.832999583432454        1.7769999999999999     
   140.81731067462385        65.986801623976277        124.39957350406550        5.5759108112248268E-002   0.0000000000000000     
   205.17084518488321       -163.35337385840378       -122.61623836771383        19.390952826199232        0.0000000000000000     

 PASSED   1.0000000000000001E-005
 MU_R    =    325.00000000000000     
 ALPHA_S =   0.11799999999999999     
 BORN                    1.8810896209663922E-010
 SINGLE POLE (MadFKS)   -1.0963724243182005E-011
 DOUBLE POLE (MadFKS)   -1.8841277848494941E-011
 SINGLE POLE (MadLoop)  -1.0963724243182335E-011
 DOUBLE POLE (MadLoop)  -1.8841277848494921E-011
 FINITE PART (MadLoop)   1.0186208035993700E-010
   325.00000000000000        0.0000000000000000        0.0000000000000000        325.00000000000000        0.0000000000000000     
   325.00000000000000        0.0000000000000000        0.0000000000000000       -325.00000000000000        0.0000000000000000     
   229.80777834356914        194.53215306488883       -118.63350690986148        29.862848497982974        1.7769999999999999     
   78.520245336869223       -50.135737808229010        59.484342115810257       -10.502001534750063        1.7769999999999999     
   147.40248037698660       -18.818853103750662        69.748033703643998        128.48561703016694        0.0000000000000000     
   194.26949594257499       -125.57756215290922       -10.598868909592742       -147.84646399339974        0.0000000000000000     

 PASSED   1.0000000000000001E-005
 MU_R    =    325.00000000000000     
 ALPHA_S =   0.11799999999999999     
 BORN                    3.9621796544798638E-012
 SINGLE POLE (MadFKS)   -8.4081350249364898E-013
 DOUBLE POLE (MadFKS)   -3.9685790046173741E-013
 SINGLE POLE (MadLoop)  -8.4081350249361323E-013
 DOUBLE POLE (MadLoop)  -3.9685790046173449E-013
 FINITE PART (MadLoop)   6.9204726248854155E-013
   325.00000000000000        0.0000000000000000        0.0000000000000000        325.00000000000000        0.0000000000000000     
   325.00000000000000        0.0000000000000000        0.0000000000000000       -325.00000000000000        0.0000000000000000     
   237.27241684302433       -42.660720365438863       -189.09765688944711       -136.81074944006667        1.7769999999999999     
   164.61648225295929        1.5867345403800599       -24.692798014675621        162.73652478790262        1.7769999999999999     
   201.85383074419221        18.537100191501978        191.87955631665568       -59.863016715820358        0.0000000000000000     
   46.257270159825850        22.536885633556782        21.910898587467049        33.937241367984392        0.0000000000000000     

 PASSED   1.0000000000000001E-005
 MU_R    =    325.00000000000000     
 ALPHA_S =   0.11799999999999999     
 BORN                    1.1753104423303937E-011
 SINGLE POLE (MadFKS)   -1.8354787945579342E-012
 DOUBLE POLE (MadFKS)   -1.1772086962453168E-012
 SINGLE POLE (MadLoop)  -1.8354787945579189E-012
 DOUBLE POLE (MadLoop)  -1.1772086962452881E-012
 FINITE PART (MadLoop)   4.7235431539256644E-012
   325.00000000000000        0.0000000000000000        0.0000000000000000        325.00000000000000        0.0000000000000000     
   325.00000000000000        0.0000000000000000        0.0000000000000000       -325.00000000000000        0.0000000000000000     
   191.71804271358363       -191.49465802668479        3.4476125205225854        8.4000052427868770        1.7769999999999999     
   125.41386142105368       0.68542815139114022       -113.82567650436847        52.618670299727185        1.7769999999999999     
   172.36923157327308        67.380143163997218        56.427981033949692       -148.27997591310879        0.0000000000000000     
   160.49886429209573        123.42908671129641        53.950082949896128        87.261300370594640        0.0000000000000000     

 PASSED   1.0000000000000001E-005
 MU_R    =    325.00000000000000     
 ALPHA_S =   0.11799999999999999     
 BORN                    2.1986591629853531E-007
 SINGLE POLE (MadFKS)   -7.6291767805696202E-009
 DOUBLE POLE (MadFKS)   -2.2022102361430484E-008
 SINGLE POLE (MadLoop)  -7.6291767804455993E-009
 DOUBLE POLE (MadLoop)  -2.2022102361427777E-008
 FINITE PART (MadLoop)   3.5329537668410746E-007
   325.00000000000000        0.0000000000000000        0.0000000000000000        325.00000000000000        0.0000000000000000     
   325.00000000000000        0.0000000000000000        0.0000000000000000       -325.00000000000000        0.0000000000000000     
   126.51902032700484       -117.37944811464270        21.098472878546627       -42.199814904809799        1.7769999999999999     
   136.38366593251106       -36.409714939785935       -15.312192774932669       -130.52668698246202        1.7769999999999999     
   232.85507128439355        11.618311848611576       -4.2971643700214344        232.52533933106182        0.0000000000000000     
   154.24224245609057        142.17085120581703       -1.4891157335925258       -59.798837443789999        0.0000000000000000     

 PASSED   1.0000000000000001E-005
 MU_R    =    325.00000000000000     
 ALPHA_S =   0.11799999999999999     
 BORN                    1.7795953992130929E-008
 SINGLE POLE (MadFKS)   -1.4808856981418694E-009
 DOUBLE POLE (MadFKS)   -1.7824696389134033E-009
 SINGLE POLE (MadLoop)  -1.4808856981420381E-009
 DOUBLE POLE (MadLoop)  -1.7824696389135173E-009
 FINITE PART (MadLoop)   8.1141100736860805E-009
   325.00000000000000        0.0000000000000000        0.0000000000000000        325.00000000000000        0.0000000000000000     
   325.00000000000000        0.0000000000000000        0.0000000000000000       -325.00000000000000        0.0000000000000000     
Thanks for using LHAPDF 6.2.1. Please make sure to cite the paper:
  Eur.Phys.J. C75 (2015) 3, 132  (http://arxiv.org/abs/1412.7420)
   172.79254480939568       -79.728091951067753      -0.98324868183150071       -153.28591060035086        1.7769999999999999     
   112.30064368670708       -75.887977769858466        18.441167906216663       -80.679706244537925        1.7769999999999999     
   301.82413320144525        118.43307618049299        9.0811168734704601        277.46882197025241        0.0000000000000000     
   63.082678302452010        37.182993540433245       -26.539036097855622       -43.503205125363635        0.0000000000000000     

 PASSED   1.0000000000000001E-005
 MU_R    =    325.00000000000000     
 ALPHA_S =   0.11799999999999999     
 BORN                    3.4170437361891877E-011
 SINGLE POLE (MadFKS)   -2.7973709239113547E-012
 DOUBLE POLE (MadFKS)   -3.4225626326577863E-012
 SINGLE POLE (MadLoop)  -2.7973709239111217E-012
 DOUBLE POLE (MadLoop)  -3.4225626326577891E-012
 FINITE PART (MadLoop)   1.8261500426367943E-011
   325.00000000000000        0.0000000000000000        0.0000000000000000        325.00000000000000        0.0000000000000000     
   325.00000000000000        0.0000000000000000        0.0000000000000000       -325.00000000000000        0.0000000000000000     
   84.537388225698493       -7.3060340936405295        79.943931736401254       -26.438644507059021        1.7769999999999999     
   207.14335690317205        64.620461494822052       -167.52540335593699        103.26978147910327        1.7769999999999999     
   159.39813544429441        131.47475281762780        89.001829913159384       -14.171422891521653        0.0000000000000000     
   198.92111942683505       -188.78918021880929       -1.4203582936236394       -62.659714080522626        0.0000000000000000     

 PASSED   1.0000000000000001E-005
 MU_R    =    325.00000000000000     
 ALPHA_S =   0.11799999999999999     
 BORN                    1.6876908897757902E-010
 SINGLE POLE (MadFKS)   -1.9544532687962261E-011
 DOUBLE POLE (MadFKS)   -1.6904166937194230E-011
 SINGLE POLE (MadLoop)  -1.9544532687964516E-011
 DOUBLE POLE (MadLoop)  -1.6904166937194227E-011
 FINITE PART (MadLoop)   7.9648657957930025E-011
   325.00000000000000        0.0000000000000000        0.0000000000000000        325.00000000000000        0.0000000000000000     
   325.00000000000000        0.0000000000000000        0.0000000000000000       -325.00000000000000        0.0000000000000000     
   109.93306068507830        31.236906540200657       -76.533113340869221       -72.450385331905139        1.7769999999999999     
   62.339166881879294       -53.688395371306456        31.217319640384353       -5.1038373260860519        1.7769999999999999     
   215.44792742372465        97.021073395635653        90.327015649570413       -169.84036914756007        0.0000000000000000     
   262.27984500931780       -74.569584564529862       -45.011221949085538        247.39459180555124        0.0000000000000000     

 PASSED   1.0000000000000001E-005
 MU_R    =    325.00000000000000     
 ALPHA_S =   0.11799999999999999     
 BORN                    2.3504149966002710E-009
 SINGLE POLE (MadFKS)   -1.1739903503283320E-010
 DOUBLE POLE (MadFKS)   -2.3542111718985552E-010
 SINGLE POLE (MadLoop)  -1.1739903503283139E-010
 DOUBLE POLE (MadLoop)  -2.3542111718985423E-010
 FINITE PART (MadLoop)   1.3873635847261935E-009
   325.00000000000000        0.0000000000000000        0.0000000000000000        325.00000000000000        0.0000000000000000     
   325.00000000000000        0.0000000000000000        0.0000000000000000       -325.00000000000000        0.0000000000000000     
   144.69858931350700       -124.96585606609864       -11.834846105011158        71.958288304105523        1.7769999999999999     
   71.646346544589676       -70.186784179059615       -2.4157554923552387       -14.071982667367783        1.7769999999999999     
   247.96788834331946        207.92037142577681       -107.78470001224937        81.484055120504237        0.0000000000000000     
   185.68717579858387       -12.767731180618537        122.03530160961574       -139.37036075724194        0.0000000000000000     

 PASSED   1.0000000000000001E-005
 MU_R    =    325.00000000000000     
 ALPHA_S =   0.11799999999999999     
 BORN                    4.0175347338897508E-010
 SINGLE POLE (MadFKS)   -4.4752745685723476E-011
 DOUBLE POLE (MadFKS)   -4.0240234884879182E-011
 SINGLE POLE (MadLoop)  -4.4752745685725182E-011
 DOUBLE POLE (MadLoop)  -4.0240234884879641E-011
 FINITE PART (MadLoop)   1.2906048805463612E-010
   325.00000000000000        0.0000000000000000        0.0000000000000000        325.00000000000000        0.0000000000000000     
   325.00000000000000        0.0000000000000000        0.0000000000000000       -325.00000000000000        0.0000000000000000     
   154.85914649729690        148.12989121203503       -35.732165328565770       -27.548960330908340        1.7769999999999999     
   102.88465709620341        73.743503772721468        70.841828622669283       -11.199370764570848        1.7769999999999999     
   294.32514873362004       -290.79195301303832       -33.440476234736060       -30.806943845901184        0.0000000000000000     
   97.931047672879643        68.918558028281808       -1.6691870593674589        69.555274941380389        0.0000000000000000     

 PASSED   1.0000000000000001E-005
 MU_R    =    325.00000000000000     
 ALPHA_S =   0.11799999999999999     
 BORN                    3.0795286535306912E-010
 SINGLE POLE (MadFKS)   -3.4368721512776582E-011
 DOUBLE POLE (MadFKS)   -3.0845024265119741E-011
 SINGLE POLE (MadLoop)  -3.4368721519783874E-011
 DOUBLE POLE (MadLoop)  -3.0845024265119825E-011
 FINITE PART (MadLoop)   1.1393377674155321E-010
   325.00000000000000        0.0000000000000000        0.0000000000000000        325.00000000000000        0.0000000000000000     
   325.00000000000000        0.0000000000000000        0.0000000000000000       -325.00000000000000        0.0000000000000000     
   43.553031685860326        43.211876584402120       0.37570696016753202       -5.1284896767015127        1.7769999999999999     
   193.29783423712303       -14.621674945581205        183.43901646353933       -59.137372721802457        1.7769999999999999     
   265.99962009072880       -45.134269179648754       -254.24220195178845       -63.871733816587607        0.0000000000000000     
   147.14951398628790        16.544067540827843        70.427478528081579        128.13759621509161        0.0000000000000000     

 PASSED   1.0000000000000001E-005
 MU_R    =    325.00000000000000     
 ALPHA_S =   0.11799999999999999     
 BORN                    1.2033738145280151E-008
 SINGLE POLE (MadFKS)   -8.5500711943168589E-010
 DOUBLE POLE (MadFKS)   -1.2053173938346146E-009
 SINGLE POLE (MadLoop)  -8.5500711945044841E-010
 DOUBLE POLE (MadLoop)  -1.2053173938610995E-009
 FINITE PART (MadLoop)   4.6860816302452885E-009
   325.00000000000000        0.0000000000000000        0.0000000000000000        325.00000000000000        0.0000000000000000     
   325.00000000000000        0.0000000000000000        0.0000000000000000       -325.00000000000000        0.0000000000000000     
   81.007752163706130        6.0358792590094685       -37.518191313871171        71.519589370485491        1.7769999999999999     
   96.419740029806462        58.395172072085082       -76.704701268258930       -3.4934713386050739E-002   1.7769999999999999     
   293.86932949955826        12.522164262105127        268.22446391737100       -119.40693103397211        0.0000000000000000     
   178.70317830692917       -76.953215593199687       -154.00157133524090        47.922276376872709        0.0000000000000000     

 NUMBER OF POINTS PASSING THE CHECK          20
 NUMBER OF POINTS FAILING THE CHECK           0
 TOLERANCE    1.0000000000000001E-005
