==== LHAPDF6 USING DEFAULT-TYPE LHAGLUE INTERFACE ====
LHAPDF 6.2.1 loading /cvmfs/cms.cern.ch/slc6_amd64_gcc481/external/lhapdf/6.2.1/share/LHAPDF/NNPDF31_nnlo_hessian_pdfas/NNPDF31_nnlo_hessian_pdfas_0000.dat
NNPDF31_nnlo_hessian_pdfas PDF set, member #0, version 1; LHAPDF ID = 306000
 A PDF is used, so alpha_s(MZ) is going to be modified
 Old value of alpha_s from param_card:   0.11799999999999999     
 New value of alpha_s from PDF lhapdf :  0.11800208008122040     
 using LHAPDF
 *****************************************************
 *               MadGraph/MadEvent                   *
 *        --------------------------------           *
 *          http://madgraph.hep.uiuc.edu             *
 *          http://madgraph.phys.ucl.ac.be           *
 *          http://madgraph.roma2.infn.it            *
 *        --------------------------------           *
 *                                                   *
 *          PARAMETER AND COUPLING VALUES            *
 *                                                   *
 *****************************************************

  External Params
  ---------------------------------
  
 MU_R =    91.188000000000002     
 aEWM1 =    132.50700000000001     
 mdl_Gf =    1.1663900000000000E-005
 aS =   0.11799999999999999     
 mdl_lamWS =   0.22530000000000000     
 mdl_AWS =   0.80800000000000005     
 mdl_rhoWS =   0.13200000000000001     
 mdl_etaWS =   0.34100000000000003     
 mdl_ymt =    173.00000000000000     
 mdl_ymtau =    1.7769999999999999     
 mdl_MT =    173.00000000000000     
 mdl_MZ =    91.188000000000002     
 mdl_MH =    125.00000000000000     
 mdl_MTA =    1.7769999999999999     
 mdl_WT =    1.4915000000000000     
 mdl_WZ =    2.4414039999999999     
 mdl_WW =    2.0476000000000001     
 mdl_WH =    6.3823389999999999E-003
  Internal Params
  ---------------------------------
  
 mdl_CKM33 =    1.0000000000000000     
 mdl_conjg__CKM3x3 =    1.0000000000000000     
 mdl_I4x33 =    0.0000000000000000     
 mdl_I1x33 =    0.0000000000000000     
 mdl_lhv =    1.0000000000000000     
 mdl_CKM3x3 =    1.0000000000000000     
 mdl_conjg__CKM33 =    1.0000000000000000     
 mdl_Ncol =    3.0000000000000000     
 mdl_CA =    3.0000000000000000     
 mdl_TF =   0.50000000000000000     
 mdl_CF =    1.3333333333333333     
 mdl_lamWS__exp__2 =    5.0760090000000001E-002
 mdl_CKM11 =  ( 0.97461995499999998     ,  0.0000000000000000     )
 mdl_CKM12 =  ( 0.22530000000000000     ,  0.0000000000000000     )
 mdl_complexi =  (  0.0000000000000000     ,  1.0000000000000000     )
 mdl_lamWS__exp__3 =    1.1436248277000001E-002
 mdl_CKM13 =  (  1.2197444962317122E-003, -3.1510066152652563E-003)
 mdl_CKM21 =  (-0.22530000000000000     ,  0.0000000000000000     )
 mdl_CKM22 =  ( 0.97461995499999998     ,  0.0000000000000000     )
 mdl_CKM23 =  (  4.1014152720000002E-002,  0.0000000000000000     )
 mdl_CKM31 =  (  8.0207441115842885E-003, -3.1510066152652563E-003)
 mdl_CKM32 =  ( -4.1014152720000002E-002,  0.0000000000000000     )
 mdl_MZ__exp__2 =    8315.2513440000002     
 mdl_MZ__exp__4 =    69143404.913893804     
 mdl_sqrt__2 =    1.4142135623730951     
 mdl_MH__exp__2 =    15625.000000000000     
 mdl_CKM1x1 =  ( 0.97461995499999998     ,  0.0000000000000000     )
 mdl_CKM1x2 =  ( 0.22530000000000000     ,  0.0000000000000000     )
 mdl_CKM1x3 =  (  1.2197444962317122E-003, -3.1510066152652563E-003)
 mdl_CKM2x1 =  (-0.22530000000000000     ,  0.0000000000000000     )
 mdl_CKM2x2 =  ( 0.97461995499999998     ,  0.0000000000000000     )
 mdl_CKM2x3 =  (  4.1014152720000002E-002,  0.0000000000000000     )
 mdl_CKM3x1 =  (  8.0207441115842885E-003, -3.1510066152652563E-003)
 mdl_CKM3x2 =  ( -4.1014152720000002E-002,  0.0000000000000000     )
 mdl_conjg__CKM1x3 =  (  1.2197444962317122E-003,  3.1510066152652563E-003)
 mdl_conjg__CKM2x3 =  (  4.1014152720000002E-002, -0.0000000000000000     )
 mdl_conjg__CKM2x1 =  (-0.22530000000000000     , -0.0000000000000000     )
 mdl_conjg__CKM3x1 =  (  8.0207441115842885E-003,  3.1510066152652563E-003)
 mdl_conjg__CKM2x2 =  ( 0.97461995499999998     , -0.0000000000000000     )
 mdl_conjg__CKM3x2 =  ( -4.1014152720000002E-002, -0.0000000000000000     )
 mdl_Ncol__exp__2 =    9.0000000000000000     
 mdl_MT__exp__2 =    29929.000000000000     
 mdl_conjg__CKM11 =  ( 0.97461995499999998     , -0.0000000000000000     )
 mdl_conjg__CKM12 =  ( 0.22530000000000000     , -0.0000000000000000     )
 mdl_conjg__CKM13 =  (  1.2197444962317122E-003,  3.1510066152652563E-003)
 mdl_conjg__CKM21 =  (-0.22530000000000000     , -0.0000000000000000     )
 mdl_conjg__CKM22 =  ( 0.97461995499999998     , -0.0000000000000000     )
 mdl_conjg__CKM23 =  (  4.1014152720000002E-002, -0.0000000000000000     )
 mdl_conjg__CKM31 =  (  8.0207441115842885E-003,  3.1510066152652563E-003)
 mdl_conjg__CKM32 =  ( -4.1014152720000002E-002, -0.0000000000000000     )
 mdl_aEW =    7.5467711139788835E-003
 mdl_MW =    80.419002445756163     
 mdl_sqrt__aEW =    8.6872153846781555E-002
 mdl_ee =   0.30795376724436879     
 mdl_MW__exp__2 =    6467.2159543705357     
 mdl_sw2 =   0.22224648578577766     
 mdl_cw =   0.88190334743339216     
 mdl_sqrt__sw2 =   0.47143025548407230     
 mdl_sw =   0.47143025548407230     
 mdl_g1 =   0.34919219678733299     
 mdl_gw =   0.65323293034757990     
 mdl_v =    246.21845810181637     
 mdl_v__exp__2 =    60623.529110035903     
 mdl_lam =   0.12886910601690263     
 mdl_yt =   0.99366614581500623     
 mdl_ytau =    1.0206617000654717E-002
 mdl_muH =    88.388347648318430     
 mdl_AxialZUp =  -0.18517701861793787     
 mdl_AxialZDown =   0.18517701861793787     
 mdl_VectorZUp =    7.5430507588273299E-002
 mdl_VectorZDown =  -0.13030376310310560     
 mdl_VectorAUp =   0.20530251149624587     
 mdl_VectorADown =  -0.10265125574812294     
 mdl_VectorWmDxU =   0.23095271737156670     
 mdl_AxialWmDxU =  -0.23095271737156670     
 mdl_VectorWpUxD =   0.23095271737156670     
 mdl_AxialWpUxD =  -0.23095271737156670     
 mdl_I2x13 =  (  7.9699418879263656E-003,  3.1310485988282153E-003)
 mdl_I2x23 =  ( -4.0754375057150453E-002, -0.0000000000000000     )
 mdl_I2x33 =  ( 0.99366614581500623     ,  0.0000000000000000     )
 mdl_I3x31 =  (  7.9699418879263656E-003, -3.1310485988282153E-003)
 mdl_I3x32 =  ( -4.0754375057150453E-002,  0.0000000000000000     )
 mdl_I3x33 =  ( 0.99366614581500623     ,  0.0000000000000000     )
 mdl_Vector_tdGp =  ( -7.9699418879263656E-003, -3.1310485988282153E-003)
 mdl_Vector_tsGp =  (  4.0754375057150453E-002,  0.0000000000000000     )
 mdl_Vector_tbGp =  (-0.99366614581500623     ,  0.0000000000000000     )
 mdl_Axial_tdGp =  ( -7.9699418879263656E-003, -3.1310485988282153E-003)
 mdl_Axial_tsGp =  (  4.0754375057150453E-002,  0.0000000000000000     )
 mdl_Axial_tbGp =  (-0.99366614581500623     , -0.0000000000000000     )
 mdl_Vector_tdGm =  (  7.9699418879263656E-003, -3.1310485988282153E-003)
 mdl_Vector_tsGm =  ( -4.0754375057150453E-002,  0.0000000000000000     )
 mdl_Vector_tbGm =  ( 0.99366614581500623     ,  0.0000000000000000     )
 mdl_Axial_tdGm =  ( -7.9699418879263656E-003,  3.1310485988282153E-003)
 mdl_Axial_tsGm =  (  4.0754375057150453E-002, -0.0000000000000000     )
 mdl_Axial_tbGm =  (-0.99366614581500623     ,  0.0000000000000000     )
 mdl_gw__exp__2 =   0.42671326129048615     
 mdl_cw__exp__2 =   0.77775351421422245     
 mdl_ee__exp__2 =    9.4835522759998875E-002
 mdl_sw__exp__2 =   0.22224648578577769     
 mdl_yt__exp__2 =   0.98737240933884918     
  Internal Params evaluated point by point
  ----------------------------------------
  
 mdl_sqrt__aS =   0.34351128074635334     
 mdl_G__exp__4 =    2.1987899468922913     
 mdl_G__exp__2 =    1.4828317324943823     
 mdl_R2MixedFactor_FIN_ =   -2.5040377713124864E-002
 mdl_G_UVg_1EPS_ =   -5.1645779033320030E-002
 mdl_G_UVq_1EPS_ =    3.1300472141406080E-003
 mdl_G_UVb_1EPS_ =    3.1300472141406080E-003
 mdl_GWcft_UV_t_1EPS_ =   -3.1300472141406080E-003
 mdl_tWcft_UV_1EPS_ =   -1.8780283284843650E-002
 mdl_G__exp__3 =    1.8056676068262196     
 mdl_MU_R__exp__2 =    8315.2513440000002     
 mdl_G_UVt_FIN_ =   -4.0087659331150384E-003
 mdl_GWcft_UV_t_FIN_ =    4.0087659331150384E-003
 mdl_tWcft_UV_FIN_ =   -9.8778211443463623E-004
  Couplings of loop_sm-ckm_no_b_mass
  ---------------------------------
  
       UV_3Gt =   0.48815E-02   0.00000E+00
      UV_GQQt =   0.00000E+00  -0.48815E-02
   UVWfct_G_2 =   0.40088E-02   0.00000E+00
       R2_DDA =   0.00000E+00   0.25704E-02
       R2_UUA =  -0.00000E+00  -0.51409E-02
    R2_DDZ_V2 =   0.00000E+00   0.72127E-02
    R2_UUZ_V2 =  -0.00000E+00  -0.72127E-02
    R2_UUZ_V5 =   0.00000E+00   0.68702E-03
      R2_GGHt =   0.00000E+00  -0.45657E+01
     R2_GGZup =  -0.46369E-02   0.00000E+00
   R2_GGZdown =   0.46369E-02   0.00000E+00
 R2_GGGZvecUp =   0.00000E+00   0.28750E-03
 R2_GGGZvecDown  -0.00000E+00  -0.49665E-03
 R2_GGGZaxialUp  -0.00000E+00  -0.63522E-02
 R2_GGGZaxialDow  0.00000E+00   0.63522E-02
 R2_GGGAvecUp =   0.00000E+00   0.78251E-03
 R2_GGGAvecDown  -0.00000E+00  -0.39126E-03
         GC_4 =  -0.12177E+01   0.00000E+00
         GC_5 =   0.00000E+00   0.12177E+01
         GC_6 =   0.00000E+00   0.14828E+01
       R2_3Gq =   0.76230E-02   0.00000E+00
       R2_3Gg =   0.31445E-01   0.00000E+00
       R2_GQQ =  -0.00000E+00  -0.30492E-01
       R2_GGq =   0.00000E+00   0.62601E-02
       R2_GGt =  -0.00000E+00  -0.11242E+04
     R2_GGg_1 =   0.00000E+00   0.28170E-01
     R2_GGg_2 =  -0.00000E+00  -0.18780E-01
       R2_QQq =   0.00000E+00   0.12520E-01
  UV_3Gg_1eps =   0.62890E-01   0.00000E+00
  UV_3Gb_1eps =  -0.38115E-02   0.00000E+00
 UV_GQQg_1eps =   0.00000E+00  -0.62890E-01
 UV_GQQq_1eps =   0.00000E+00   0.38115E-02
 UVWfct_G_2_1eps -0.31300E-02   0.00000E+00
         GC_1 =  -0.00000E+00  -0.10265E+00
         GC_2 =   0.00000E+00   0.20530E+00
        GC_21 =  -0.00000E+00  -0.28804E+00
        GC_22 =   0.00000E+00   0.28804E+00
        GC_23 =  -0.00000E+00  -0.27437E-01
        GC_24 =   0.00000E+00   0.82310E-01
        GC_37 =  -0.00000E+00  -0.70263E+00
        GC_38 =  -0.00000E+00  -0.72172E-02
      GC_1003 =  -0.00000E+00  -0.30795E+00

 Collider parameters:
 --------------------

 Running at P P   machine @    13000.000000000000       GeV
 PDF set = lhapdf 
 alpha_s(Mz)= 0.1180 running at 3 loops.
 alpha_s(Mz)= 0.1180 running at 3 loops.
 Renormalization scale set on event-by-event basis
 Factorization   scale set on event-by-event basis


 ===============================================================
 INFO: MadFKS read these parameters from FKS_params.dat
 ===============================================================
  > IRPoleCheckThreshold      =    1.0000000000000001E-005
  > PrecisionVirtualAtRunTime =    1.0000000000000000E-003
  > NHelForMCoverHels         =            4
  > VirtualFraction           =    1.0000000000000000     
  > MinVirtualFraction        =    5.0000000000000001E-003
 ===============================================================
  Insert the number of points to test
 Insert the relative tolerance
  A negative number will mean use the default one:    1.0000000000000001E-005
Using random seed offsets:     0 ,    119 ,      0
  with seed                   32
 Ranmar initialization seeds       10729        9525
  ========================================================================================== 
 {                                                                                          }
 {       [32m                                                                            [0m       }
 {       [32m                               ,,                                           [0m       }
 {       [32m`7MMM.     ,MMF'             `7MM  `7MMF'                                   [0m       }
 {       [32m  MMMb    dPMM                 MM    MM                                     [0m       }
 {       [32m  M YM   ,M MM   ,6"Yb.   ,M""bMM    MM         ,pW"Wq.   ,pW"Wq.`7MMpdMAo. [0m       }
 {       [32m  M  Mb  M' MM  8)   MM ,AP    MM    MM        6W'   `Wb 6W'   `Wb MM   `Wb [0m       }
 {       [32m  M  YM.P'  MM   ,pm9MM 8MI    MM    MM      , 8M     M8 8M     M8 MM    M8 [0m       }
 {       [32m  M  `YM'   MM  8M   MM `Mb    MM    MM     ,M YA.   ,A9 YA.   ,A9 MM   ,AP [0m       }
 {       [32m.JML. `'  .JMML.`Moo9^Yo.`Wbmd"MML..JMMmmmmMMM  `Ybmd9'   `Ybmd9'  MMbmmd'  [0m       }
 {       [32m                                                                   MM       [0m       }
 {       [32m                                                                 .JMML.     [0m       }
 {       [32m[0mv2.4.2 (2016-06-10), Ref: arXiv:1103.0621v2, arXiv:1405.0301[32m                [0m       }
 {       [32m                                                                            [0m       }
 {                                                                                          }
  ========================================================================================== 
 ===============================================================
 INFO: MadLoop read these parameters from ./MadLoop5_resources/MadLoopParams.dat                                                                                                                                                                                                                                                                                                                                                                                                                                                                                          
 ===============================================================
  > MLReductionLib            = 6|1|2
  > IREGIMODE                 =            2
  > IREGIRECY                 =  T
  > CTModeRun                 =           -1
  > MLStabThres               =    1.0000000000000000E-003
  > NRotations_DP             =            1
  > NRotations_QP             =            0
  > CTStabThres               =    1.0000000000000000E-002
  > CTLoopLibrary             =            2
  > CTModeInit                =            1
  > CheckCycle                =            3
  > MaxAttempts               =           10
  > UseLoopFilter             =  F
  > HelicityFilterLevel       =            2
  > ImprovePSPoint            =            2
  > DoubleCheckHelicityFilter =  T
  > LoopInitStartOver         =  F
  > HelInitStartOver          =  F
  > ZeroThres                 =    1.0000000000000001E-009
  > OSThres                   =    1.0000000000000000E-008
  > WriteOutFilters           =  T
  > UseQPIntegrandForNinja    =  F
  > UseQPIntegrandForCutTools =  T
 ===============================================================
  
------------------------------------------------------------------------
|              You are using CutTools - Version 1.9.3                  |
|              Authors: G. Ossola, C. Papadopoulos, R. Pittau          |
|              Published in JHEP 0803:042,2008                         |
|              http://www.ugr.es/~pittau/CutTools                      |
|                                                                      |
|              Compiler with  34  significant digits detetected        |
 ---------------------------------------------------------------------- 
   
########################################################################
#                                                                      #
#                      You are using OneLOop-3.6                       #
#                                                                      #
# for the evaluation of 1-loop scalar 1-, 2-, 3- and 4-point functions #
#                                                                      #
# author: Andreas van Hameren <hamerenREMOVETHIS@ifj.edu.pl>           #
#   date: 18-02-2015                                                   #
#                                                                      #
# Please cite                                                          #
#    A. van Hameren,                                                   #
#      Comput.Phys.Commun. 182 (2011) 2427-2438, arXiv:1007.4716       #
#    A. van Hameren, C.G. Papadopoulos and R. Pittau,                  #
#      JHEP 0909:106,2009, arXiv:0903.4665                             #
# in publications with results obtained with the help of this program. #
#                                                                      #
########################################################################
 PASSED   1.0000000000000001E-005
 MU_R    =    325.00000000000000     
 ALPHA_S =   0.11799999999999999     
 BORN                    1.1324504161930001E-010
 SINGLE POLE (MadFKS)   -3.2593149116657207E-011
 DOUBLE POLE (MadFKS)   -1.1342794465143272E-011
 SINGLE POLE (MadLoop)  -3.2593149134715419E-011
 DOUBLE POLE (MadLoop)  -1.1342794465143404E-011
 FINITE PART (MadLoop)  -6.7538335491806575E-011
   325.00000000000000        0.0000000000000000        0.0000000000000000        325.00000000000000        0.0000000000000000     
   325.00000000000000        0.0000000000000000        0.0000000000000000       -325.00000000000000        0.0000000000000000     
   187.91368427347763       -54.958686474549197       -163.76358766805996       -73.976907696321419        0.0000000000000000     
   165.98505450336071        124.21712237131383       -71.647206567597792       -83.593197207270492        0.0000000000000000     
   278.76042505578880       -59.033383999902860        231.12364438219439        144.23694103209823        0.0000000000000000     
   17.340836167372988       -10.225051896861750        4.2871498534633350        13.333163871493678        0.0000000000000000     

 PASSED   1.0000000000000001E-005
 MU_R    =    325.00000000000000     
 ALPHA_S =   0.11799999999999999     
 BORN                    7.0817844546358865E-010
 SINGLE POLE (MadFKS)   -1.8331610290671442E-010
 DOUBLE POLE (MadFKS)   -7.0932223050807428E-011
 SINGLE POLE (MadLoop)  -1.8331610290671230E-010
 DOUBLE POLE (MadLoop)  -7.0932223050806989E-011
 FINITE PART (MadLoop)   1.9884266425873509E-010
   325.00000000000000        0.0000000000000000        0.0000000000000000        325.00000000000000        0.0000000000000000     
   325.00000000000000        0.0000000000000000        0.0000000000000000       -325.00000000000000        0.0000000000000000     
   265.69337242095639        126.62792641201142        151.99851895417291       -177.35497353261115        0.0000000000000000     
   46.963938006697170        45.247640631036212       -12.277585807242671       -2.7428775341398324        0.0000000000000000     
   147.49143607297873       -113.69620068599086       -93.801273057881886        5.3121405441837020        0.0000000000000000     
   189.85125349936743       -58.179366357056828       -45.919660089048342        174.78571052256734        0.0000000000000000     

 PASSED   1.0000000000000001E-005
 MU_R    =    325.00000000000000     
 ALPHA_S =   0.11799999999999999     
 BORN                    7.6875560131084258E-012
 SINGLE POLE (MadFKS)   -1.8505618010802724E-012
 DOUBLE POLE (MadFKS)   -7.6999722503615711E-013
 SINGLE POLE (MadLoop)  -1.8505618010807619E-012
 DOUBLE POLE (MadLoop)  -7.6999722503615872E-013
 FINITE PART (MadLoop)   1.9804721331333644E-012
   325.00000000000000        0.0000000000000000        0.0000000000000000        325.00000000000000        0.0000000000000000     
   325.00000000000000        0.0000000000000000        0.0000000000000000       -325.00000000000000        0.0000000000000000     
   182.22948996391142        135.26494834410977        122.10690145221487      -0.94094617895759902        0.0000000000000000     
   207.11603048411112       -187.20932438559680       -87.274492457651519       -15.260468958815123        0.0000000000000000     
   101.47882483739161       -39.499528786689297        66.501359700016039       -65.691006036264895        0.0000000000000000     
   159.17565471458585        91.443904828176358       -101.33376869457940        81.892421174037622        0.0000000000000000     

 PASSED   1.0000000000000001E-005
 MU_R    =    325.00000000000000     
 ALPHA_S =   0.11799999999999999     
 BORN                    5.3767123494870710E-012
 SINGLE POLE (MadFKS)   -1.4498250940962507E-012
 DOUBLE POLE (MadFKS)   -5.3853963234391721E-013
 SINGLE POLE (MadLoop)  -1.4498250940955510E-012
 DOUBLE POLE (MadLoop)  -5.3853963234391903E-013
 FINITE PART (MadLoop)   1.6285095286383859E-012
   325.00000000000000        0.0000000000000000        0.0000000000000000        325.00000000000000        0.0000000000000000     
   325.00000000000000        0.0000000000000000        0.0000000000000000       -325.00000000000000        0.0000000000000000     
   195.72936533473936       -131.58339616431144        21.312297437376795        143.32334173520542        0.0000000000000000     
   223.98234194418779        163.80017088212770       -138.03728762407528       -65.446930769724872        0.0000000000000000     
   164.50397828224260       -80.984891675504585        88.958578692851603       -112.20239510785433        0.0000000000000000     
   65.784314438830293        48.768116957688392        27.766411493846888        34.325984142373670        0.0000000000000000     

 PASSED   1.0000000000000001E-005
 MU_R    =    325.00000000000000     
 ALPHA_S =   0.11799999999999999     
 BORN                    3.1544382349551248E-011
 SINGLE POLE (MadFKS)   -9.2199173940006923E-012
 DOUBLE POLE (MadFKS)   -3.1595329950399699E-012
 SINGLE POLE (MadLoop)  -9.2199173940000606E-012
 DOUBLE POLE (MadLoop)  -3.1595329950399646E-012
 FINITE PART (MadLoop)   9.4344562159507794E-012
   325.00000000000000        0.0000000000000000        0.0000000000000000        325.00000000000000        0.0000000000000000     
   325.00000000000000        0.0000000000000000        0.0000000000000000       -325.00000000000000        0.0000000000000000     
   247.59717951005359        156.71678589009940       -191.05649594827392       -15.544377683833066        0.0000000000000000     
   84.205402691106329       -79.843455151153606        17.909099516268739       -19.870497387168950        0.0000000000000000     
   155.04118765326203       -47.363359300993572        100.83103351370666       -107.83127906696072        0.0000000000000000     
   163.15623014557792       -29.509971437952231        72.316362918298552        143.24615413796272        0.0000000000000000     

 PASSED   1.0000000000000001E-005
 MU_R    =    325.00000000000000     
 ALPHA_S =   0.11799999999999999     
 BORN                    4.2049225440313783E-010
 SINGLE POLE (MadFKS)   -5.4740457305353001E-011
 DOUBLE POLE (MadFKS)   -4.2117139502791856E-011
 SINGLE POLE (MadLoop)  -5.4740457305354804E-011
 DOUBLE POLE (MadLoop)  -4.2117139502792341E-011
 FINITE PART (MadLoop)   1.0820366251520234E-010
   325.00000000000000        0.0000000000000000        0.0000000000000000        325.00000000000000        0.0000000000000000     
   325.00000000000000        0.0000000000000000        0.0000000000000000       -325.00000000000000        0.0000000000000000     
   59.103188583667496       -23.151967725794339        50.848776470711883       -19.276286535842928        0.0000000000000000     
   230.00911395440380        56.389309055011914        163.49187545257882        151.64051235532901        0.0000000000000000     
   55.948110768879502       -1.0809499689699364        55.646809287468457        5.6969519829034958        0.0000000000000000     
   304.93958669304919       -32.156391360247603       -269.98746121075919       -138.06117780238958        0.0000000000000000     

 PASSED   1.0000000000000001E-005
 MU_R    =    325.00000000000000     
 ALPHA_S =   0.11799999999999999     
 BORN                    2.6147160859539600E-010
 SINGLE POLE (MadFKS)   -3.2605188676932346E-011
 DOUBLE POLE (MadFKS)   -2.6189391361948247E-011
 SINGLE POLE (MadLoop)  -3.2605188676933315E-011
 DOUBLE POLE (MadLoop)  -2.6189391361948189E-011
 FINITE PART (MadLoop)   9.5235050130176099E-011
   325.00000000000000        0.0000000000000000        0.0000000000000000        325.00000000000000        0.0000000000000000     
   325.00000000000000        0.0000000000000000        0.0000000000000000       -325.00000000000000        0.0000000000000000     
   189.88207846331255       -159.39962100980816       -84.102112327271868       -59.781261659219510        0.0000000000000000     
   127.87564478534472       -9.7435685258557108       -124.43717723878630        27.796264542065636        0.0000000000000000     
   265.13120313382996        116.46893218751160        228.05474079453111        68.706461933592820        0.0000000000000000     
   67.111073617512957        52.674257348152267       -19.515451228472930       -36.721464816438967        0.0000000000000000     

 PASSED   1.0000000000000001E-005
 MU_R    =    325.00000000000000     
 ALPHA_S =   0.11799999999999999     
 BORN                    4.0193770339767886E-008
 SINGLE POLE (MadFKS)   -1.1885489676593367E-008
 DOUBLE POLE (MadFKS)   -4.0258687640895323E-009
 SINGLE POLE (MadLoop)  -1.1885489676595432E-008
 DOUBLE POLE (MadLoop)  -4.0258687640903504E-009
 FINITE PART (MadLoop)   1.6017321447987385E-008
   325.00000000000000        0.0000000000000000        0.0000000000000000        325.00000000000000        0.0000000000000000     
   325.00000000000000        0.0000000000000000        0.0000000000000000       -325.00000000000000        0.0000000000000000     
   176.88615532560544       -16.928078636712790        18.217240405018075       -175.12933578235618        0.0000000000000000     
   46.088363148069888       -12.175815269176253        7.3007243926320520       -43.847305088706293        0.0000000000000000     
   110.49246885516800       -22.524236463091679        76.946216465371208       -76.029758760167354        0.0000000000000000     
   316.53301267115671        51.628130368980720       -102.46418126302133        295.00639963122978        0.0000000000000000     

 PASSED   1.0000000000000001E-005
 MU_R    =    325.00000000000000     
 ALPHA_S =   0.11799999999999999     
 BORN                    6.8993444475091737E-011
 SINGLE POLE (MadFKS)   -5.5747155852780993E-012
 DOUBLE POLE (MadFKS)   -6.9104876375432204E-012
 SINGLE POLE (MadLoop)  -5.5747155852777455E-012
 DOUBLE POLE (MadLoop)  -6.9104876375432115E-012
 FINITE PART (MadLoop)   4.1492752234008971E-011
   325.00000000000000        0.0000000000000000        0.0000000000000000        325.00000000000000        0.0000000000000000     
   325.00000000000000        0.0000000000000000        0.0000000000000000       -325.00000000000000        0.0000000000000000     
   163.10002776643245        7.8826264587870254       -162.40802782711705       -12.771677839214425        0.0000000000000000     
   211.53573848138817       -14.904218576181657        210.61910889040101        12.838375820680854        0.0000000000000000     
   148.67654717478746       -45.094013476288623       -94.127211633311944        105.88349096320360        0.0000000000000000     
   126.68768657739199        52.115605593683306        45.916130570028010       -105.95018894467006        0.0000000000000000     

 PASSED   1.0000000000000001E-005
 MU_R    =    325.00000000000000     
 ALPHA_S =   0.11799999999999999     
 BORN                    2.0361665097478779E-011
 SINGLE POLE (MadFKS)   -2.6908464927179736E-012
 DOUBLE POLE (MadFKS)   -2.0394551396360803E-012
 SINGLE POLE (MadLoop)  -2.6908464927179777E-012
 DOUBLE POLE (MadLoop)  -2.0394551396360844E-012
 FINITE PART (MadLoop)   1.1218276639176093E-011
   325.00000000000000        0.0000000000000000        0.0000000000000000        325.00000000000000        0.0000000000000000     
   325.00000000000000        0.0000000000000000        0.0000000000000000       -325.00000000000000        0.0000000000000000     
   219.32689111364627       -165.84693156460094       -93.272240043355865       -109.08423210289565        0.0000000000000000     
   135.70382248669074        105.47113356112663        82.746871575692651        21.078962670541657        0.0000000000000000     
   123.78552980326253       -104.34318851959463       -27.277057655153531        60.756222100424871        0.0000000000000000     
   171.18375659640057        164.71898652306893        37.802426122816748        27.249047331929155        0.0000000000000000     

 PASSED   1.0000000000000001E-005
 MU_R    =    325.00000000000000     
 ALPHA_S =   0.11799999999999999     
 BORN                    3.2122929230511551E-011
 SINGLE POLE (MadFKS)   -5.6709854913135341E-012
 DOUBLE POLE (MadFKS)   -3.2174811247359549E-012
 SINGLE POLE (MadLoop)  -5.6709854913134824E-012
 DOUBLE POLE (MadLoop)  -3.2174811247359658E-012
 FINITE PART (MadLoop)   1.4858187829948328E-011
   325.00000000000000        0.0000000000000000        0.0000000000000000        325.00000000000000        0.0000000000000000     
   325.00000000000000        0.0000000000000000        0.0000000000000000       -325.00000000000000        0.0000000000000000     
   80.536849424077644        55.979517048120144       -24.456489054164937       -52.481977186071198        0.0000000000000000     
   307.93451706909286       -38.194813408839565        178.43689574803844        248.04253116561094        0.0000000000000000     
   98.566287918208644       -1.4948632998216336       -85.835178203805398       -48.429336980915032        0.0000000000000000     
   162.96234558862062       -16.289840339458884       -68.145228490068078       -147.13121699862469        0.0000000000000000     

 PASSED   1.0000000000000001E-005
 MU_R    =    325.00000000000000     
 ALPHA_S =   0.11799999999999999     
 BORN                    9.8423567351812720E-010
 SINGLE POLE (MadFKS)   -7.1379596967377648E-011
 DOUBLE POLE (MadFKS)   -9.8582532094503018E-011
 SINGLE POLE (MadLoop)  -7.1379596967387393E-011
 DOUBLE POLE (MadLoop)  -9.8582532094505668E-011
 FINITE PART (MadLoop)   5.0917927240809104E-010
   325.00000000000000        0.0000000000000000        0.0000000000000000        325.00000000000000        0.0000000000000000     
   325.00000000000000        0.0000000000000000        0.0000000000000000       -325.00000000000000        0.0000000000000000     
   215.60929599078943       -61.835600938358120       -175.79676492254745        108.43995765861645        0.0000000000000000     
   77.066461844447360       -10.998903822365969       -41.948917151197755       -63.706765777034640        0.0000000000000000     
   222.92445440848130        108.28191053451646        178.24138622290576        78.742291442724579        0.0000000000000000     
   134.39978775628177       -35.447405773792461        39.504295850839434       -123.47548332430631        0.0000000000000000     

 PASSED   1.0000000000000001E-005
 MU_R    =    325.00000000000000     
 ALPHA_S =   0.11799999999999999     
 BORN                    1.6949621614769551E-011
 SINGLE POLE (MadFKS)   -4.0909756185880334E-012
 DOUBLE POLE (MadFKS)   -1.6976997093134997E-012
 SINGLE POLE (MadLoop)  -4.0909756185880197E-012
 DOUBLE POLE (MadLoop)  -1.6976997093135011E-012
 FINITE PART (MadLoop)   6.3446078505885971E-012
   325.00000000000000        0.0000000000000000        0.0000000000000000        325.00000000000000        0.0000000000000000     
   325.00000000000000        0.0000000000000000        0.0000000000000000       -325.00000000000000        0.0000000000000000     
   132.53098092548126       -107.98011204326373        73.758421192968470        21.551139443545640        0.0000000000000000     
   210.69998306955478        142.65548220564540       0.41456819648153281       -155.06038951129952        0.0000000000000000     
   100.13852275399555       -87.174949177511934        36.960390010234633       -32.591126791537015        0.0000000000000000     
   206.63051325096833        52.499579015130294       -111.13337939968463        166.10037685929089        0.0000000000000000     

 PASSED   1.0000000000000001E-005
 MU_R    =    325.00000000000000     
 ALPHA_S =   0.11799999999999999     
 BORN                    1.9484065991367519E-009
 SINGLE POLE (MadFKS)   -1.2558063859466220E-010
 DOUBLE POLE (MadFKS)   -1.9515534872451734E-010
 SINGLE POLE (MadLoop)  -1.2558063859455288E-010
 DOUBLE POLE (MadLoop)  -1.9515534872451835E-010
 FINITE PART (MadLoop)   8.4151688738902705E-010
   325.00000000000000        0.0000000000000000        0.0000000000000000        325.00000000000000        0.0000000000000000     
   325.00000000000000        0.0000000000000000        0.0000000000000000       -325.00000000000000        0.0000000000000000     
Thanks for using LHAPDF 6.2.1. Please make sure to cite the paper:
  Eur.Phys.J. C75 (2015) 3, 132  (http://arxiv.org/abs/1412.7420)
   80.620034343669474        76.479245213985450        1.7180571159453686        25.447264466340499        0.0000000000000000     
   108.70595314308855        41.403915481460494       -99.804797799012221        11.903880369430988        0.0000000000000000     
   271.44311921069925       -260.59266905280180        32.937130807346890        68.468775488908221        0.0000000000000000     
   189.23089330254268        142.70950835735584        65.149609875719960       -105.81992032467970        0.0000000000000000     

 PASSED   1.0000000000000001E-005
 MU_R    =    325.00000000000000     
 ALPHA_S =   0.11799999999999999     
 BORN                    1.1286740744151753E-009
 SINGLE POLE (MadFKS)   -2.0021364537508947E-010
 DOUBLE POLE (MadFKS)   -1.1304970055347037E-010
 SINGLE POLE (MadLoop)  -2.0021364537509322E-010
 DOUBLE POLE (MadLoop)  -1.1304970055347112E-010
 FINITE PART (MadLoop)   4.1951107298093108E-010
   325.00000000000000        0.0000000000000000        0.0000000000000000        325.00000000000000        0.0000000000000000     
   325.00000000000000        0.0000000000000000        0.0000000000000000       -325.00000000000000        0.0000000000000000     
   136.57360338737143        74.920096858603969        88.391008416873746        72.293553377576984        0.0000000000000000     
   76.116129122027715        67.900000457196711       -23.949499022218344        24.691629087985415        0.0000000000000000     
   288.62549875922997       -133.18278652098809       -197.07459312376406       -163.48892517116269        0.0000000000000000     
   148.68476873137092       -9.6373107948126258        132.63308372910862        66.503742705600317        0.0000000000000000     

 PASSED   1.0000000000000001E-005
 MU_R    =    325.00000000000000     
 ALPHA_S =   0.11799999999999999     
 BORN                    6.4047898959308879E-012
 SINGLE POLE (MadFKS)   -1.6888575439952856E-012
 DOUBLE POLE (MadFKS)   -6.4151343266926050E-013
 SINGLE POLE (MadLoop)  -1.6888575439952961E-012
 DOUBLE POLE (MadLoop)  -6.4151343266926474E-013
 FINITE PART (MadLoop)   1.3709600233370310E-012
   325.00000000000000        0.0000000000000000        0.0000000000000000        325.00000000000000        0.0000000000000000     
   325.00000000000000        0.0000000000000000        0.0000000000000000       -325.00000000000000        0.0000000000000000     
   287.85809429479440       -245.83083538654796        148.44220093138659        19.859400968523545        0.0000000000000000     
   209.57266400873874        157.09836637986197       -138.70147068897376        1.6452383456742328        0.0000000000000000     
   102.85292572648255        77.636290014288591       -54.796335663295046       -39.353429344723182        0.0000000000000000     
   49.716315969984322        11.096178992397206        45.055605420882159        17.848790030525237        0.0000000000000000     

 PASSED   1.0000000000000001E-005
 MU_R    =    325.00000000000000     
 ALPHA_S =   0.11799999999999999     
 BORN                    3.6021885830580917E-011
 SINGLE POLE (MadFKS)   -9.0562119164458980E-012
 DOUBLE POLE (MadFKS)   -3.6080065085472275E-012
 SINGLE POLE (MadLoop)  -9.0562119164461145E-012
 DOUBLE POLE (MadLoop)  -3.6080065085472368E-012
 FINITE PART (MadLoop)   9.4272456166088397E-012
   325.00000000000000        0.0000000000000000        0.0000000000000000        325.00000000000000        0.0000000000000000     
   325.00000000000000        0.0000000000000000        0.0000000000000000       -325.00000000000000        0.0000000000000000     
   46.705539627839812       -13.406949241307197       -15.626435891175324        41.922257159028490        0.0000000000000000     
   211.75890297049833        173.74892461112799       -54.531918718658638       -108.07133766455878        0.0000000000000000     
   236.50646656791741       -218.37764164755609        49.522684551708693       -76.118447643688953        0.0000000000000000     
   155.02909083374433        58.035666277735281        20.635670058125324        142.26752814921923        0.0000000000000000     

 PASSED   1.0000000000000001E-005
 MU_R    =    325.00000000000000     
 ALPHA_S =   0.11799999999999999     
 BORN                    8.0011520641451968E-011
 SINGLE POLE (MadFKS)   -9.1655361096112287E-012
 DOUBLE POLE (MadFKS)   -8.0140747930537766E-012
 SINGLE POLE (MadLoop)  -9.1655361096113031E-012
 DOUBLE POLE (MadLoop)  -8.0140747930539042E-012
 FINITE PART (MadLoop)   3.6415161382373551E-011
   325.00000000000000        0.0000000000000000        0.0000000000000000        325.00000000000000        0.0000000000000000     
   325.00000000000000        0.0000000000000000        0.0000000000000000       -325.00000000000000        0.0000000000000000     
   153.49645541016190        18.123671218481579       -104.41090632914754        111.04529258178472        0.0000000000000000     
   177.62796784172795       -121.24696734037907       -97.527391138177862       -85.669573642710873        0.0000000000000000     
   239.95607934351798        59.615047299709758        229.89744370214848        34.236406478828364        0.0000000000000000     
   78.919497404591482        43.508248822188243       -27.959146234822569       -59.612125417901979        0.0000000000000000     

 PASSED   1.0000000000000001E-005
 MU_R    =    325.00000000000000     
 ALPHA_S =   0.11799999999999999     
 BORN                    2.0939408587435603E-011
 SINGLE POLE (MadFKS)   -4.4229473460760938E-012
 DOUBLE POLE (MadFKS)   -2.0973228004753516E-012
 SINGLE POLE (MadLoop)  -4.4229473460762489E-012
 DOUBLE POLE (MadLoop)  -2.0973228004753487E-012
 FINITE PART (MadLoop)   5.4487426087173293E-012
   325.00000000000000        0.0000000000000000        0.0000000000000000        325.00000000000000        0.0000000000000000     
   325.00000000000000        0.0000000000000000        0.0000000000000000       -325.00000000000000        0.0000000000000000     
   261.73242723481729        140.06780582142929        189.39587446931282        114.07925303315942        0.0000000000000000     
   147.49543276057963        25.552126069480455       -145.18895952143478        4.7071829838255699        0.0000000000000000     
   75.029276438928505       -43.145632259291219        40.553572885952434       -46.078785423217319        0.0000000000000000     
   165.74286356567447       -122.47429963161845       -84.760487833830439       -72.707650593767653        0.0000000000000000     

 PASSED   1.0000000000000001E-005
 MU_R    =    325.00000000000000     
 ALPHA_S =   0.11799999999999999     
 BORN                    3.8297131669743583E-011
 SINGLE POLE (MadFKS)   -4.9886604507412073E-012
 DOUBLE POLE (MadFKS)   -3.8358985693586224E-012
 SINGLE POLE (MadLoop)  -4.9886604507412913E-012
 DOUBLE POLE (MadLoop)  -3.8358985693586135E-012
 FINITE PART (MadLoop)   1.7022059859653309E-011
   325.00000000000000        0.0000000000000000        0.0000000000000000        325.00000000000000        0.0000000000000000     
   325.00000000000000        0.0000000000000000        0.0000000000000000       -325.00000000000000        0.0000000000000000     
   251.13612505273142       -149.89865967462288       -199.67041795482700       -27.045689638045175        0.0000000000000000     
   205.88110296271037        76.902905012293331        190.55500210411870        12.718605698412171        0.0000000000000000     
   105.03453793266991        54.306902089875933       -56.211908775909514        70.165774106033609        0.0000000000000000     
   87.948234051888150        18.688852572453616        65.327324626617838       -55.838690166400603        0.0000000000000000     

 NUMBER OF POINTS PASSING THE CHECK          20
 NUMBER OF POINTS FAILING THE CHECK           0
 TOLERANCE    1.0000000000000001E-005
