==== LHAPDF6 USING DEFAULT-TYPE LHAGLUE INTERFACE ====
LHAPDF 6.2.1 loading /cvmfs/cms.cern.ch/slc6_amd64_gcc481/external/lhapdf/6.2.1/share/LHAPDF/NNPDF31_nnlo_hessian_pdfas/NNPDF31_nnlo_hessian_pdfas_0000.dat
NNPDF31_nnlo_hessian_pdfas PDF set, member #0, version 1; LHAPDF ID = 306000
 A PDF is used, so alpha_s(MZ) is going to be modified
 Old value of alpha_s from param_card:   0.11799999999999999     
 New value of alpha_s from PDF lhapdf :  0.11800208008122040     
 using LHAPDF
 *****************************************************
 *               MadGraph/MadEvent                   *
 *        --------------------------------           *
 *          http://madgraph.hep.uiuc.edu             *
 *          http://madgraph.phys.ucl.ac.be           *
 *          http://madgraph.roma2.infn.it            *
 *        --------------------------------           *
 *                                                   *
 *          PARAMETER AND COUPLING VALUES            *
 *                                                   *
 *****************************************************

  External Params
  ---------------------------------
  
 MU_R =    91.188000000000002     
 aEWM1 =    132.50700000000001     
 mdl_Gf =    1.1663900000000000E-005
 aS =   0.11799999999999999     
 mdl_lamWS =   0.22530000000000000     
 mdl_AWS =   0.80800000000000005     
 mdl_rhoWS =   0.13200000000000001     
 mdl_etaWS =   0.34100000000000003     
 mdl_ymt =    173.00000000000000     
 mdl_ymtau =    1.7769999999999999     
 mdl_MT =    173.00000000000000     
 mdl_MZ =    91.188000000000002     
 mdl_MH =    125.00000000000000     
 mdl_MTA =    1.7769999999999999     
 mdl_WT =    1.4915000000000000     
 mdl_WZ =    2.4414039999999999     
 mdl_WW =    2.0476000000000001     
 mdl_WH =    6.3823389999999999E-003
  Internal Params
  ---------------------------------
  
 mdl_CKM33 =    1.0000000000000000     
 mdl_conjg__CKM3x3 =    1.0000000000000000     
 mdl_I4x33 =    0.0000000000000000     
 mdl_I1x33 =    0.0000000000000000     
 mdl_lhv =    1.0000000000000000     
 mdl_CKM3x3 =    1.0000000000000000     
 mdl_conjg__CKM33 =    1.0000000000000000     
 mdl_Ncol =    3.0000000000000000     
 mdl_CA =    3.0000000000000000     
 mdl_TF =   0.50000000000000000     
 mdl_CF =    1.3333333333333333     
 mdl_lamWS__exp__2 =    5.0760090000000001E-002
 mdl_CKM11 =  ( 0.97461995499999998     ,  0.0000000000000000     )
 mdl_CKM12 =  ( 0.22530000000000000     ,  0.0000000000000000     )
 mdl_complexi =  (  0.0000000000000000     ,  1.0000000000000000     )
 mdl_lamWS__exp__3 =    1.1436248277000001E-002
 mdl_CKM13 =  (  1.2197444962317122E-003, -3.1510066152652563E-003)
 mdl_CKM21 =  (-0.22530000000000000     ,  0.0000000000000000     )
 mdl_CKM22 =  ( 0.97461995499999998     ,  0.0000000000000000     )
 mdl_CKM23 =  (  4.1014152720000002E-002,  0.0000000000000000     )
 mdl_CKM31 =  (  8.0207441115842885E-003, -3.1510066152652563E-003)
 mdl_CKM32 =  ( -4.1014152720000002E-002,  0.0000000000000000     )
 mdl_MZ__exp__2 =    8315.2513440000002     
 mdl_MZ__exp__4 =    69143404.913893804     
 mdl_sqrt__2 =    1.4142135623730951     
 mdl_MH__exp__2 =    15625.000000000000     
 mdl_CKM1x1 =  ( 0.97461995499999998     ,  0.0000000000000000     )
 mdl_CKM1x2 =  ( 0.22530000000000000     ,  0.0000000000000000     )
 mdl_CKM1x3 =  (  1.2197444962317122E-003, -3.1510066152652563E-003)
 mdl_CKM2x1 =  (-0.22530000000000000     ,  0.0000000000000000     )
 mdl_CKM2x2 =  ( 0.97461995499999998     ,  0.0000000000000000     )
 mdl_CKM2x3 =  (  4.1014152720000002E-002,  0.0000000000000000     )
 mdl_CKM3x1 =  (  8.0207441115842885E-003, -3.1510066152652563E-003)
 mdl_CKM3x2 =  ( -4.1014152720000002E-002,  0.0000000000000000     )
 mdl_conjg__CKM1x3 =  (  1.2197444962317122E-003,  3.1510066152652563E-003)
 mdl_conjg__CKM2x3 =  (  4.1014152720000002E-002, -0.0000000000000000     )
 mdl_conjg__CKM2x1 =  (-0.22530000000000000     , -0.0000000000000000     )
 mdl_conjg__CKM3x1 =  (  8.0207441115842885E-003,  3.1510066152652563E-003)
 mdl_conjg__CKM2x2 =  ( 0.97461995499999998     , -0.0000000000000000     )
 mdl_conjg__CKM3x2 =  ( -4.1014152720000002E-002, -0.0000000000000000     )
 mdl_Ncol__exp__2 =    9.0000000000000000     
 mdl_MT__exp__2 =    29929.000000000000     
 mdl_conjg__CKM11 =  ( 0.97461995499999998     , -0.0000000000000000     )
 mdl_conjg__CKM12 =  ( 0.22530000000000000     , -0.0000000000000000     )
 mdl_conjg__CKM13 =  (  1.2197444962317122E-003,  3.1510066152652563E-003)
 mdl_conjg__CKM21 =  (-0.22530000000000000     , -0.0000000000000000     )
 mdl_conjg__CKM22 =  ( 0.97461995499999998     , -0.0000000000000000     )
 mdl_conjg__CKM23 =  (  4.1014152720000002E-002, -0.0000000000000000     )
 mdl_conjg__CKM31 =  (  8.0207441115842885E-003,  3.1510066152652563E-003)
 mdl_conjg__CKM32 =  ( -4.1014152720000002E-002, -0.0000000000000000     )
 mdl_aEW =    7.5467711139788835E-003
 mdl_MW =    80.419002445756163     
 mdl_sqrt__aEW =    8.6872153846781555E-002
 mdl_ee =   0.30795376724436879     
 mdl_MW__exp__2 =    6467.2159543705357     
 mdl_sw2 =   0.22224648578577766     
 mdl_cw =   0.88190334743339216     
 mdl_sqrt__sw2 =   0.47143025548407230     
 mdl_sw =   0.47143025548407230     
 mdl_g1 =   0.34919219678733299     
 mdl_gw =   0.65323293034757990     
 mdl_v =    246.21845810181637     
 mdl_v__exp__2 =    60623.529110035903     
 mdl_lam =   0.12886910601690263     
 mdl_yt =   0.99366614581500623     
 mdl_ytau =    1.0206617000654717E-002
 mdl_muH =    88.388347648318430     
 mdl_AxialZUp =  -0.18517701861793787     
 mdl_AxialZDown =   0.18517701861793787     
 mdl_VectorZUp =    7.5430507588273299E-002
 mdl_VectorZDown =  -0.13030376310310560     
 mdl_VectorAUp =   0.20530251149624587     
 mdl_VectorADown =  -0.10265125574812294     
 mdl_VectorWmDxU =   0.23095271737156670     
 mdl_AxialWmDxU =  -0.23095271737156670     
 mdl_VectorWpUxD =   0.23095271737156670     
 mdl_AxialWpUxD =  -0.23095271737156670     
 mdl_I2x13 =  (  7.9699418879263656E-003,  3.1310485988282153E-003)
 mdl_I2x23 =  ( -4.0754375057150453E-002, -0.0000000000000000     )
 mdl_I2x33 =  ( 0.99366614581500623     ,  0.0000000000000000     )
 mdl_I3x31 =  (  7.9699418879263656E-003, -3.1310485988282153E-003)
 mdl_I3x32 =  ( -4.0754375057150453E-002,  0.0000000000000000     )
 mdl_I3x33 =  ( 0.99366614581500623     ,  0.0000000000000000     )
 mdl_Vector_tdGp =  ( -7.9699418879263656E-003, -3.1310485988282153E-003)
 mdl_Vector_tsGp =  (  4.0754375057150453E-002,  0.0000000000000000     )
 mdl_Vector_tbGp =  (-0.99366614581500623     ,  0.0000000000000000     )
 mdl_Axial_tdGp =  ( -7.9699418879263656E-003, -3.1310485988282153E-003)
 mdl_Axial_tsGp =  (  4.0754375057150453E-002,  0.0000000000000000     )
 mdl_Axial_tbGp =  (-0.99366614581500623     , -0.0000000000000000     )
 mdl_Vector_tdGm =  (  7.9699418879263656E-003, -3.1310485988282153E-003)
 mdl_Vector_tsGm =  ( -4.0754375057150453E-002,  0.0000000000000000     )
 mdl_Vector_tbGm =  ( 0.99366614581500623     ,  0.0000000000000000     )
 mdl_Axial_tdGm =  ( -7.9699418879263656E-003,  3.1310485988282153E-003)
 mdl_Axial_tsGm =  (  4.0754375057150453E-002, -0.0000000000000000     )
 mdl_Axial_tbGm =  (-0.99366614581500623     ,  0.0000000000000000     )
 mdl_gw__exp__2 =   0.42671326129048615     
 mdl_cw__exp__2 =   0.77775351421422245     
 mdl_ee__exp__2 =    9.4835522759998875E-002
 mdl_sw__exp__2 =   0.22224648578577769     
 mdl_yt__exp__2 =   0.98737240933884918     
  Internal Params evaluated point by point
  ----------------------------------------
  
 mdl_sqrt__aS =   0.34351128074635334     
 mdl_G__exp__4 =    2.1987899468922913     
 mdl_G__exp__2 =    1.4828317324943823     
 mdl_R2MixedFactor_FIN_ =   -2.5040377713124864E-002
 mdl_G_UVg_1EPS_ =   -5.1645779033320030E-002
 mdl_G_UVq_1EPS_ =    3.1300472141406080E-003
 mdl_G_UVb_1EPS_ =    3.1300472141406080E-003
 mdl_GWcft_UV_t_1EPS_ =   -3.1300472141406080E-003
 mdl_tWcft_UV_1EPS_ =   -1.8780283284843650E-002
 mdl_G__exp__3 =    1.8056676068262196     
 mdl_MU_R__exp__2 =    8315.2513440000002     
 mdl_G_UVt_FIN_ =   -4.0087659331150384E-003
 mdl_GWcft_UV_t_FIN_ =    4.0087659331150384E-003
 mdl_tWcft_UV_FIN_ =   -9.8778211443463623E-004
  Couplings of loop_sm-ckm_no_b_mass
  ---------------------------------
  
       UV_3Gt =   0.48815E-02   0.00000E+00
      UV_GQQt =   0.00000E+00  -0.48815E-02
   UVWfct_G_2 =   0.40088E-02   0.00000E+00
       R2_DDA =   0.00000E+00   0.25704E-02
       R2_UUA =  -0.00000E+00  -0.51409E-02
    R2_DDZ_V2 =   0.00000E+00   0.72127E-02
    R2_UUZ_V2 =  -0.00000E+00  -0.72127E-02
    R2_UUZ_V5 =   0.00000E+00   0.68702E-03
      R2_GGHt =   0.00000E+00  -0.45657E+01
     R2_GGZup =  -0.46369E-02   0.00000E+00
   R2_GGZdown =   0.46369E-02   0.00000E+00
 R2_GGGZvecUp =   0.00000E+00   0.28750E-03
 R2_GGGZvecDown  -0.00000E+00  -0.49665E-03
 R2_GGGZaxialUp  -0.00000E+00  -0.63522E-02
 R2_GGGZaxialDow  0.00000E+00   0.63522E-02
 R2_GGGAvecUp =   0.00000E+00   0.78251E-03
 R2_GGGAvecDown  -0.00000E+00  -0.39126E-03
         GC_4 =  -0.12177E+01   0.00000E+00
         GC_5 =   0.00000E+00   0.12177E+01
         GC_6 =   0.00000E+00   0.14828E+01
       R2_3Gq =   0.76230E-02   0.00000E+00
       R2_3Gg =   0.31445E-01   0.00000E+00
       R2_GQQ =  -0.00000E+00  -0.30492E-01
       R2_GGq =   0.00000E+00   0.62601E-02
       R2_GGt =  -0.00000E+00  -0.11242E+04
     R2_GGg_1 =   0.00000E+00   0.28170E-01
     R2_GGg_2 =  -0.00000E+00  -0.18780E-01
       R2_QQq =   0.00000E+00   0.12520E-01
  UV_3Gg_1eps =   0.62890E-01   0.00000E+00
  UV_3Gb_1eps =  -0.38115E-02   0.00000E+00
 UV_GQQg_1eps =   0.00000E+00  -0.62890E-01
 UV_GQQq_1eps =   0.00000E+00   0.38115E-02
 UVWfct_G_2_1eps -0.31300E-02   0.00000E+00
         GC_1 =  -0.00000E+00  -0.10265E+00
         GC_2 =   0.00000E+00   0.20530E+00
        GC_21 =  -0.00000E+00  -0.28804E+00
        GC_22 =   0.00000E+00   0.28804E+00
        GC_23 =  -0.00000E+00  -0.27437E-01
        GC_24 =   0.00000E+00   0.82310E-01
        GC_37 =  -0.00000E+00  -0.70263E+00
        GC_38 =  -0.00000E+00  -0.72172E-02
      GC_1003 =  -0.00000E+00  -0.30795E+00

 Collider parameters:
 --------------------

 Running at P P   machine @    13000.000000000000       GeV
 PDF set = lhapdf 
 alpha_s(Mz)= 0.1180 running at 3 loops.
 alpha_s(Mz)= 0.1180 running at 3 loops.
 Renormalization scale set on event-by-event basis
 Factorization   scale set on event-by-event basis


 ===============================================================
 INFO: MadFKS read these parameters from FKS_params.dat
 ===============================================================
  > IRPoleCheckThreshold      =    1.0000000000000001E-005
  > PrecisionVirtualAtRunTime =    1.0000000000000000E-003
  > NHelForMCoverHels         =            4
  > VirtualFraction           =    1.0000000000000000     
  > MinVirtualFraction        =    5.0000000000000001E-003
 ===============================================================
  Insert the number of points to test
 Insert the relative tolerance
  A negative number will mean use the default one:    1.0000000000000001E-005
Using random seed offsets:     0 ,     82 ,      0
  with seed                   32
 Ranmar initialization seeds       10729        9488
  ========================================================================================== 
 {                                                                                          }
 {       [32m                                                                            [0m       }
 {       [32m                               ,,                                           [0m       }
 {       [32m`7MMM.     ,MMF'             `7MM  `7MMF'                                   [0m       }
 {       [32m  MMMb    dPMM                 MM    MM                                     [0m       }
 {       [32m  M YM   ,M MM   ,6"Yb.   ,M""bMM    MM         ,pW"Wq.   ,pW"Wq.`7MMpdMAo. [0m       }
 {       [32m  M  Mb  M' MM  8)   MM ,AP    MM    MM        6W'   `Wb 6W'   `Wb MM   `Wb [0m       }
 {       [32m  M  YM.P'  MM   ,pm9MM 8MI    MM    MM      , 8M     M8 8M     M8 MM    M8 [0m       }
 {       [32m  M  `YM'   MM  8M   MM `Mb    MM    MM     ,M YA.   ,A9 YA.   ,A9 MM   ,AP [0m       }
 {       [32m.JML. `'  .JMML.`Moo9^Yo.`Wbmd"MML..JMMmmmmMMM  `Ybmd9'   `Ybmd9'  MMbmmd'  [0m       }
 {       [32m                                                                   MM       [0m       }
 {       [32m                                                                 .JMML.     [0m       }
 {       [32m[0mv2.4.2 (2016-06-10), Ref: arXiv:1103.0621v2, arXiv:1405.0301[32m                [0m       }
 {       [32m                                                                            [0m       }
 {                                                                                          }
  ========================================================================================== 
 ===============================================================
 INFO: MadLoop read these parameters from ./MadLoop5_resources/MadLoopParams.dat                                                                                                                                                                                                                                                                                                                                                                                                                                                                                          
 ===============================================================
  > MLReductionLib            = 6|1|2
  > IREGIMODE                 =            2
  > IREGIRECY                 =  T
  > CTModeRun                 =           -1
  > MLStabThres               =    1.0000000000000000E-003
  > NRotations_DP             =            1
  > NRotations_QP             =            0
  > CTStabThres               =    1.0000000000000000E-002
  > CTLoopLibrary             =            2
  > CTModeInit                =            1
  > CheckCycle                =            3
  > MaxAttempts               =           10
  > UseLoopFilter             =  F
  > HelicityFilterLevel       =            2
  > ImprovePSPoint            =            2
  > DoubleCheckHelicityFilter =  T
  > LoopInitStartOver         =  F
  > HelInitStartOver          =  F
  > ZeroThres                 =    1.0000000000000001E-009
  > OSThres                   =    1.0000000000000000E-008
  > WriteOutFilters           =  T
  > UseQPIntegrandForNinja    =  F
  > UseQPIntegrandForCutTools =  T
 ===============================================================
  
------------------------------------------------------------------------
|              You are using CutTools - Version 1.9.3                  |
|              Authors: G. Ossola, C. Papadopoulos, R. Pittau          |
|              Published in JHEP 0803:042,2008                         |
|              http://www.ugr.es/~pittau/CutTools                      |
|                                                                      |
|              Compiler with  34  significant digits detetected        |
 ---------------------------------------------------------------------- 
   
########################################################################
#                                                                      #
#                      You are using OneLOop-3.6                       #
#                                                                      #
# for the evaluation of 1-loop scalar 1-, 2-, 3- and 4-point functions #
#                                                                      #
# author: Andreas van Hameren <hamerenREMOVETHIS@ifj.edu.pl>           #
#   date: 18-02-2015                                                   #
#                                                                      #
# Please cite                                                          #
#    A. van Hameren,                                                   #
#      Comput.Phys.Commun. 182 (2011) 2427-2438, arXiv:1007.4716       #
#    A. van Hameren, C.G. Papadopoulos and R. Pittau,                  #
#      JHEP 0909:106,2009, arXiv:0903.4665                             #
# in publications with results obtained with the help of this program. #
#                                                                      #
########################################################################
 PASSED   1.0000000000000001E-005
 MU_R    =    325.00000000000000     
 ALPHA_S =   0.11799999999999999     
 BORN                    5.0378328738730696E-011
 SINGLE POLE (MadFKS)   -1.3318612412715757E-011
 DOUBLE POLE (MadFKS)   -5.0459695206951601E-012
 SINGLE POLE (MadLoop)  -1.3318612412715562E-011
 DOUBLE POLE (MadLoop)  -5.0459695206951682E-012
 FINITE PART (MadLoop)  -3.9533133497891252E-012
   325.00000000000000        0.0000000000000000        0.0000000000000000        325.00000000000000        0.0000000000000000     
   325.00000000000000        0.0000000000000000        0.0000000000000000       -325.00000000000000        0.0000000000000000     
   272.41583481268492       -53.861024883996222        146.76192285656026       -223.08553813634495        1.7769999999999999     
   144.90774130650846       -62.979473268371976       -71.118120205060194        109.41158387890655        1.7769999999999999     
   109.81868017980250       -2.7452044146825956       -54.103933857704540        95.526806239277605        0.0000000000000000     
   122.85774370100610        119.58570256705080       -21.539868793795527        18.147148018160799        0.0000000000000000     

 PASSED   1.0000000000000001E-005
 MU_R    =    325.00000000000000     
 ALPHA_S =   0.11799999999999999     
 BORN                    1.8355629774361294E-011
 SINGLE POLE (MadFKS)   -3.1646489347900081E-012
 DOUBLE POLE (MadFKS)   -1.8385276108491511E-012
 SINGLE POLE (MadLoop)  -3.1646489347902565E-012
 DOUBLE POLE (MadLoop)  -1.8385276108492683E-012
 FINITE PART (MadLoop)  -2.6426227107190073E-012
   325.00000000000000        0.0000000000000000        0.0000000000000000        325.00000000000000        0.0000000000000000     
   325.00000000000000        0.0000000000000000        0.0000000000000000       -325.00000000000000        0.0000000000000000     
   123.81199464296436       -121.41758344251355       -21.982794544789094        10.038897521704724        1.7769999999999999     
   201.79328274703542       -70.886837199461951       -183.71027151270576        44.079061757368486        1.7769999999999999     
   143.23334124254063        41.066060609843923        136.12032229323265        17.338586109518545        0.0000000000000000     
   181.16138136746540        151.23836003213162        69.572743764262256       -71.456545388591778        0.0000000000000000     

 PASSED   1.0000000000000001E-005
 MU_R    =    325.00000000000000     
 ALPHA_S =   0.11799999999999999     
 BORN                    3.8248421289359682E-012
 SINGLE POLE (MadFKS)   -6.5956714428492095E-013
 DOUBLE POLE (MadFKS)   -3.8310196640651713E-013
 SINGLE POLE (MadLoop)  -6.5956714428490409E-013
 DOUBLE POLE (MadLoop)  -3.8310196640651844E-013
 FINITE PART (MadLoop)   4.8667200418165803E-013
   325.00000000000000        0.0000000000000000        0.0000000000000000        325.00000000000000        0.0000000000000000     
   325.00000000000000        0.0000000000000000        0.0000000000000000       -325.00000000000000        0.0000000000000000     
   162.42747587270125       -101.74287489855635        19.348054513442506        125.11421735078109        1.7769999999999999     
   204.28350206265506        90.013203812914043        142.35603788852336       -115.58967558566337        1.7769999999999999     
   72.164544878027343       -44.703975984227711        39.323047680125953       -40.779578097387841        0.0000000000000000     
   211.12447718661886        56.433647069870119       -201.02714008209182        31.255036332269935        0.0000000000000000     

 PASSED   1.0000000000000001E-005
 MU_R    =    325.00000000000000     
 ALPHA_S =   0.11799999999999999     
 BORN                    2.2066657008593980E-010
 SINGLE POLE (MadFKS)   -5.1099364482444444E-011
 DOUBLE POLE (MadFKS)   -2.2102297054446693E-011
 SINGLE POLE (MadLoop)  -5.1099364482446305E-011
 DOUBLE POLE (MadLoop)  -2.2102297054446742E-011
 FINITE PART (MadLoop)  -7.2085454606117908E-012
   325.00000000000000        0.0000000000000000        0.0000000000000000        325.00000000000000        0.0000000000000000     
   325.00000000000000        0.0000000000000000        0.0000000000000000       -325.00000000000000        0.0000000000000000     
   20.601675156027657       -11.677621789512381        5.8738688381388364        15.824098851054179        1.7769999999999999     
   262.48173068850804        83.550507192669443        193.08818339766694        156.93873771720956        1.7769999999999999     
   231.21617315771277       -17.694975108916985       -224.81213202494393       -51.061843679908549        0.0000000000000000     
   135.70042099775151       -54.177910294240078        25.850079789138185       -121.70099288835512        0.0000000000000000     

 PASSED   1.0000000000000001E-005
 MU_R    =    325.00000000000000     
 ALPHA_S =   0.11799999999999999     
 BORN                    2.5029314883299078E-010
 SINGLE POLE (MadFKS)   -3.7870951060096714E-011
 DOUBLE POLE (MadFKS)   -2.5069739943141872E-011
 SINGLE POLE (MadLoop)  -3.7870951060096637E-011
 DOUBLE POLE (MadLoop)  -2.5069739943141933E-011
 FINITE PART (MadLoop)  -5.4935091698907574E-012
   325.00000000000000        0.0000000000000000        0.0000000000000000        325.00000000000000        0.0000000000000000     
   325.00000000000000        0.0000000000000000        0.0000000000000000       -325.00000000000000        0.0000000000000000     
   133.20676453189824       -27.792769889671430       -88.538218522918754       -95.548051736831624        1.7769999999999999     
   69.127462951633618        4.5940133860073935       -3.5932311558922416       -68.858057887214557        1.7769999999999999     
   279.48626476234034       -69.274905920466310        230.75156964211601        141.65900150790009        0.0000000000000000     
   168.17950775412774        92.473662424130339       -138.62011996330500        22.747108116145995        0.0000000000000000     

 PASSED   1.0000000000000001E-005
 MU_R    =    325.00000000000000     
 ALPHA_S =   0.11799999999999999     
 BORN                    8.2774444429932205E-012
 SINGLE POLE (MadFKS)   -2.2696576371912283E-012
 DOUBLE POLE (MadFKS)   -8.2908134140782689E-013
 SINGLE POLE (MadLoop)  -2.2696576371912424E-012
 DOUBLE POLE (MadLoop)  -8.2908134140783295E-013
 FINITE PART (MadLoop)  -1.3328974108652902E-012
   325.00000000000000        0.0000000000000000        0.0000000000000000        325.00000000000000        0.0000000000000000     
   325.00000000000000        0.0000000000000000        0.0000000000000000       -325.00000000000000        0.0000000000000000     
   147.72485640192846       -136.66585706580807        55.704319656026698        6.2408135765886010        1.7769999999999999     
   277.36376983347100        266.15230734978718       -64.136832581337984       -44.462558249075876        1.7769999999999999     
   137.54125913019200       -90.132014790323282       -47.875246148731541        92.205090310426684        0.0000000000000000     
   87.370114634410299       -39.354435493656005        56.307759074042693       -53.983345637939351        0.0000000000000000     

 PASSED   1.0000000000000001E-005
 MU_R    =    325.00000000000000     
 ALPHA_S =   0.11799999999999999     
 BORN                    1.2599040213297955E-009
 SINGLE POLE (MadFKS)   -1.5014155719333372E-010
 DOUBLE POLE (MadFKS)   -1.2619389030553202E-010
 SINGLE POLE (MadLoop)  -1.5014155719327008E-010
 DOUBLE POLE (MadLoop)  -1.2619389030553231E-010
 FINITE PART (MadLoop)  -1.1967360078510873E-010
   325.00000000000000        0.0000000000000000        0.0000000000000000        325.00000000000000        0.0000000000000000     
   325.00000000000000        0.0000000000000000        0.0000000000000000       -325.00000000000000        0.0000000000000000     
   66.965321773673537       -49.750844944073940        33.715001086611018       -29.484720116225727        1.7769999999999999     
   119.01544294025344       -93.353312099407844       -46.393677145088070       -57.396025736043839        1.7769999999999999     
   155.88108936653467       -61.967756597638960       -45.192857869153315       -135.70746759840389        0.0000000000000000     
   308.13814591953837        205.07191364112074        57.871533927630374        222.58821345067346        0.0000000000000000     

 PASSED   1.0000000000000001E-005
 MU_R    =    325.00000000000000     
 ALPHA_S =   0.11799999999999999     
 BORN                    1.3126257425168578E-011
 SINGLE POLE (MadFKS)   -2.3104432475164397E-012
 DOUBLE POLE (MadFKS)   -1.3147457755437242E-012
 SINGLE POLE (MadLoop)  -2.3104432475166344E-012
 DOUBLE POLE (MadLoop)  -1.3147457755438012E-012
 FINITE PART (MadLoop)   9.9343261261803806E-013
   325.00000000000000        0.0000000000000000        0.0000000000000000        325.00000000000000        0.0000000000000000     
   325.00000000000000        0.0000000000000000        0.0000000000000000       -325.00000000000000        0.0000000000000000     
   184.40805800402586        68.703215852056275        69.710403524946102        156.28020316019277        1.7769999999999999     
   183.86856670774534        45.729694453492371        164.85626530636335       -67.347597793750438        1.7769999999999999     
   159.87428904868992       -80.977682702620328       -135.21314041415818       -26.829272488812222        0.0000000000000000     
   121.84908623954119       -33.455227602928304       -99.353528417151267       -62.103332877630059        0.0000000000000000     

 PASSED   1.0000000000000001E-005
 MU_R    =    325.00000000000000     
 ALPHA_S =   0.11799999999999999     
 BORN                    1.9566358797958710E-011
 SINGLE POLE (MadFKS)   -4.3258060932623234E-012
 DOUBLE POLE (MadFKS)   -1.9597960590856399E-012
 SINGLE POLE (MadLoop)  -4.3258060932623089E-012
 DOUBLE POLE (MadLoop)  -1.9597960590856500E-012
 FINITE PART (MadLoop)   1.9873770399050497E-012
   325.00000000000000        0.0000000000000000        0.0000000000000000        325.00000000000000        0.0000000000000000     
   325.00000000000000        0.0000000000000000        0.0000000000000000       -325.00000000000000        0.0000000000000000     
   39.101440210420918      -0.33732972418644708        36.597097081950473        13.649307358272585        1.7769999999999999     
   270.19513775242024        134.14257470131102       -92.183080058530507       -215.66247735634275        1.7769999999999999     
   195.70305610149978       -72.973412041158667       -71.296520572810692        167.00710600674694        0.0000000000000000     
   145.00036593565912       -60.831832935965913        126.88250354939078        35.006063991323153        0.0000000000000000     

 PASSED   1.0000000000000001E-005
 MU_R    =    325.00000000000000     
 ALPHA_S =   0.11799999999999999     
 BORN                    2.8698284956698840E-011
 SINGLE POLE (MadFKS)   -8.1291374542817211E-012
 DOUBLE POLE (MadFKS)   -2.8744635801385133E-012
 SINGLE POLE (MadLoop)  -8.1291374542820684E-012
 DOUBLE POLE (MadLoop)  -2.8744635801385303E-012
 FINITE PART (MadLoop)  -3.0024270922520412E-012
   325.00000000000000        0.0000000000000000        0.0000000000000000        325.00000000000000        0.0000000000000000     
   325.00000000000000        0.0000000000000000        0.0000000000000000       -325.00000000000000        0.0000000000000000     
   293.91764063215533       -175.21088203976643        172.69097968284663        160.82100017348017        1.7769999999999999     
   210.52418305061235        99.255162718238026       -93.452063602006859       -160.41321143356706        1.7769999999999999     
   18.997946173735887       -18.072185509425026        5.4340084301663980        2.1885205308551998        0.0000000000000000     
   126.56023014349675        94.027904830953418       -84.672924511006215       -2.5963092707682938        0.0000000000000000     

 PASSED   1.0000000000000001E-005
 MU_R    =    325.00000000000000     
 ALPHA_S =   0.11799999999999999     
 BORN                    5.5189543966221530E-010
 SINGLE POLE (MadFKS)   -1.1921906412326504E-010
 DOUBLE POLE (MadFKS)   -5.5278681069171941E-011
 SINGLE POLE (MadLoop)  -1.1921906412326605E-010
 DOUBLE POLE (MadLoop)  -5.5278681069171192E-011
 FINITE PART (MadLoop)  -1.7322101915857395E-011
   325.00000000000000        0.0000000000000000        0.0000000000000000        325.00000000000000        0.0000000000000000     
   325.00000000000000        0.0000000000000000        0.0000000000000000       -325.00000000000000        0.0000000000000000     
   110.25419957018811       -45.618948117147198        90.695596582033431        42.965697098696666        1.7769999999999999     
   224.66241115553404       -99.389187330665422       -21.754379321239728        200.29622482542140        1.7769999999999999     
   287.83301810126375        131.16489725379481       -92.042672721567527       -239.10617398125552        0.0000000000000000     
   27.250371173014077        13.843238194017804        23.101455460773789       -4.1557479428627309        0.0000000000000000     

 PASSED   1.0000000000000001E-005
 MU_R    =    325.00000000000000     
 ALPHA_S =   0.11799999999999999     
 BORN                    2.5682167960216684E-011
 SINGLE POLE (MadFKS)   -3.9184845033031958E-012
 DOUBLE POLE (MadFKS)   -2.5723647448629572E-012
 SINGLE POLE (MadLoop)  -3.9184845033029841E-012
 DOUBLE POLE (MadLoop)  -2.5723647448629540E-012
 FINITE PART (MadLoop)   2.4947980937523444E-012
   325.00000000000000        0.0000000000000000        0.0000000000000000        325.00000000000000        0.0000000000000000     
   325.00000000000000        0.0000000000000000        0.0000000000000000       -325.00000000000000        0.0000000000000000     
   151.64637835740504        127.57252974762527       -60.876228300197262        54.888986341986467        1.7769999999999999     
   172.53851370127748       -146.86755094655339       -18.787510574889843        88.562593156512094        1.7769999999999999     
   193.20973852776490        136.34868695479946        17.834080060988519       -135.72392646857674        0.0000000000000000     
   132.60536941355713       -117.05366575587135        61.829658814098600       -7.7276530299217896        0.0000000000000000     

 PASSED   1.0000000000000001E-005
 MU_R    =    325.00000000000000     
 ALPHA_S =   0.11799999999999999     
 BORN                    2.3612144576554354E-011
 SINGLE POLE (MadFKS)   -3.3345777207061975E-012
 DOUBLE POLE (MadFKS)   -2.3650280752553352E-012
 SINGLE POLE (MadLoop)  -3.3345777207063098E-012
 DOUBLE POLE (MadLoop)  -2.3650280752553352E-012
 FINITE PART (MadLoop)  -3.9206472842021669E-014
   325.00000000000000        0.0000000000000000        0.0000000000000000        325.00000000000000        0.0000000000000000     
   325.00000000000000        0.0000000000000000        0.0000000000000000       -325.00000000000000        0.0000000000000000     
   235.18848948444301       -115.33466696310451        92.332237772251432        182.98398924892888        1.7769999999999999     
   40.134559460535776        20.160726096525423       -31.333109356280911       -14.812377102258163        1.7769999999999999     
   275.12154651149865        102.55315966583539       -153.63226593196524       -203.89174005349582        0.0000000000000000     
   99.555404543522542       -7.3792187992562743        92.633137515994690        35.720127906825105        0.0000000000000000     

 PASSED   1.0000000000000001E-005
 MU_R    =    325.00000000000000     
 ALPHA_S =   0.11799999999999999     
 BORN                    3.3821145306284295E-012
 SINGLE POLE (MadFKS)   -1.0957509787137251E-012
 DOUBLE POLE (MadFKS)   -3.3875770126393556E-013
 SINGLE POLE (MadLoop)  -1.0957509787136575E-012
 DOUBLE POLE (MadLoop)  -3.3875770126393218E-013
 FINITE PART (MadLoop)  -4.4179284976694768E-014
   325.00000000000000        0.0000000000000000        0.0000000000000000        325.00000000000000        0.0000000000000000     
   325.00000000000000        0.0000000000000000        0.0000000000000000       -325.00000000000000        0.0000000000000000     
Thanks for using LHAPDF 6.2.1. Please make sure to cite the paper:
  Eur.Phys.J. C75 (2015) 3, 132  (http://arxiv.org/abs/1412.7420)
   164.97465585278803        51.494861109985820       -52.287680268783113        147.74219815651395        1.7769999999999999     
   110.71818894986173       -58.111092674911440       -90.723565225260202       -25.449857686892731        1.7769999999999999     
   136.23106116590822       -36.432173801408155        80.810662715558905        103.44677631499975        0.0000000000000000     
   238.07609403144201        43.048405366333782        62.200582778484424       -225.73911678462099        0.0000000000000000     

 PASSED   1.0000000000000001E-005
 MU_R    =    325.00000000000000     
 ALPHA_S =   0.11799999999999999     
 BORN                    1.7674377209099627E-012
 SINGLE POLE (MadFKS)   -3.6726115777175136E-013
 DOUBLE POLE (MadFKS)   -1.7702923246404016E-013
 SINGLE POLE (MadLoop)  -3.6726115777174813E-013
 DOUBLE POLE (MadLoop)  -1.7702923246404104E-013
 FINITE PART (MadLoop)   1.8482548157412119E-014
   325.00000000000000        0.0000000000000000        0.0000000000000000        325.00000000000000        0.0000000000000000     
   325.00000000000000        0.0000000000000000        0.0000000000000000       -325.00000000000000        0.0000000000000000     
   225.28864266240217        6.6977111136361227        145.44158469365610        171.91189863213043        1.7769999999999999     
   127.98123791670388       -42.240191491008922        87.067772382940859       -83.731766760096846        1.7769999999999999     
   136.73023622538571       -28.094680740238580       -132.42601958663104        19.214467174372889        0.0000000000000000     
   159.99988319551250        63.637161117611377       -100.08333748996588       -107.39459904640644        0.0000000000000000     

 PASSED   1.0000000000000001E-005
 MU_R    =    325.00000000000000     
 ALPHA_S =   0.11799999999999999     
 BORN                    2.3240202867762099E-011
 SINGLE POLE (MadFKS)   -3.3328404246618443E-012
 DOUBLE POLE (MadFKS)   -2.3277738317536426E-012
 SINGLE POLE (MadLoop)  -3.3328404246619134E-012
 DOUBLE POLE (MadLoop)  -2.3277738317536349E-012
 FINITE PART (MadLoop)   2.4887361098919653E-012
   325.00000000000000        0.0000000000000000        0.0000000000000000        325.00000000000000        0.0000000000000000     
   325.00000000000000        0.0000000000000000        0.0000000000000000       -325.00000000000000        0.0000000000000000     
   128.58697706156119        43.559201843758714       -104.95635448019586       -60.151579611782843        1.7769999999999999     
   124.97285661135125        21.449157922707776        114.84233653614501       -44.342175453251208        1.7769999999999999     
   216.90721833930374       -157.81375896910356        136.78539923372799        58.594482711307492        0.0000000000000000     
   179.53294798778384        92.805399202637048       -146.67138128967727        45.899272353726488        0.0000000000000000     

 PASSED   1.0000000000000001E-005
 MU_R    =    325.00000000000000     
 ALPHA_S =   0.11799999999999999     
 BORN                    2.6423176922935127E-011
 SINGLE POLE (MadFKS)   -4.9199978594159064E-012
 DOUBLE POLE (MadFKS)   -2.6465853221240801E-012
 SINGLE POLE (MadLoop)  -4.9199978594160599E-012
 DOUBLE POLE (MadLoop)  -2.6465853221240821E-012
 FINITE PART (MadLoop)   3.7057180329178004E-012
   325.00000000000000        0.0000000000000000        0.0000000000000000        325.00000000000000        0.0000000000000000     
   325.00000000000000        0.0000000000000000        0.0000000000000000       -325.00000000000000        0.0000000000000000     
   238.78278451874678        165.91417509523839       -44.041260474316829       -165.97263127343101        1.7769999999999999     
   203.76726524770658       -114.15684870402009        61.967144782856820        156.99117019424102        1.7769999999999999     
   112.76307475737597       -90.724989562205323        48.055192964880092       -46.638886423063717        0.0000000000000000     
   94.686875476171380        38.967663170987088       -65.981077273420041        55.620347502253686        0.0000000000000000     

 PASSED   1.0000000000000001E-005
 MU_R    =    325.00000000000000     
 ALPHA_S =   0.11799999999999999     
 BORN                    4.3151244407696719E-009
 SINGLE POLE (MadFKS)   -1.3816951287976813E-009
 DOUBLE POLE (MadFKS)   -4.3220938350403719E-010
 SINGLE POLE (MadLoop)  -1.3816951287975684E-009
 DOUBLE POLE (MadLoop)  -4.3220938350403378E-010
 FINITE PART (MadLoop)  -1.8762545814270541E-010
   325.00000000000000        0.0000000000000000        0.0000000000000000        325.00000000000000        0.0000000000000000     
   325.00000000000000        0.0000000000000000        0.0000000000000000       -325.00000000000000        0.0000000000000000     
   206.43627253951499        60.468179975561952        101.03820306026432       -169.55134214686939        1.7769999999999999     
   299.42144551248185       -49.051051702498334       -41.569452999038042        292.43122132909082        1.7769999999999999     
   95.909894268813716       -27.661246118962822       -45.904934187116361       -79.538043093086614        0.0000000000000000     
   48.232387679189692        16.244117845899144       -13.563815874109928       -43.341836089134844        0.0000000000000000     

 PASSED   1.0000000000000001E-005
 MU_R    =    325.00000000000000     
 ALPHA_S =   0.11799999999999999     
 BORN                    4.2153405695673762E-012
 SINGLE POLE (MadFKS)   -1.1658592548052978E-012
 DOUBLE POLE (MadFKS)   -4.2221488020570403E-013
 SINGLE POLE (MadLoop)  -1.1658592548053256E-012
 DOUBLE POLE (MadLoop)  -4.2221488020570428E-013
 FINITE PART (MadLoop)  -5.0570852639910475E-013
   325.00000000000000        0.0000000000000000        0.0000000000000000        325.00000000000000        0.0000000000000000     
   325.00000000000000        0.0000000000000000        0.0000000000000000       -325.00000000000000        0.0000000000000000     
   251.93223973890167        178.62223790099273        71.087406255130603        162.81084880934262        1.7769999999999999     
   117.60740299105861       -30.220773222798048       -102.17306247858137       -49.756544080807984        1.7769999999999999     
   135.85524066790296       -111.54721349246425        75.005414346636201        19.699070985452089        0.0000000000000000     
   144.60511660214141       -36.854251185730675       -43.919758123184941       -132.75337571398703        0.0000000000000000     

 PASSED   1.0000000000000001E-005
 MU_R    =    325.00000000000000     
 ALPHA_S =   0.11799999999999999     
 BORN                    2.3792832714893873E-010
 SINGLE POLE (MadFKS)   -5.0320953901273734E-011
 DOUBLE POLE (MadFKS)   -2.3831260721845469E-011
 SINGLE POLE (MadLoop)  -5.0320953901268493E-011
 DOUBLE POLE (MadLoop)  -2.3831260721843666E-011
 FINITE PART (MadLoop)   5.1172821356902995E-011
   325.00000000000000        0.0000000000000000        0.0000000000000000        325.00000000000000        0.0000000000000000     
   325.00000000000000        0.0000000000000000        0.0000000000000000       -325.00000000000000        0.0000000000000000     
   130.16877848419986       -47.813725970433403       -111.57292293035067        46.968964654024788        1.7769999999999999     
   216.89102262724177        48.467146033167317        19.231794717699575        210.52228336835648        1.7769999999999999     
   238.79058070803583        32.298548330286117        43.246611145971038       -232.61013699971522        0.0000000000000000     
   64.149618180526815       -32.951968393020131        49.094517066680076       -24.881111022666076        0.0000000000000000     

 NUMBER OF POINTS PASSING THE CHECK          20
 NUMBER OF POINTS FAILING THE CHECK           0
 TOLERANCE    1.0000000000000001E-005
