==== LHAPDF6 USING DEFAULT-TYPE LHAGLUE INTERFACE ====
LHAPDF 6.2.1 loading /cvmfs/cms.cern.ch/slc6_amd64_gcc481/external/lhapdf/6.2.1/share/LHAPDF/NNPDF31_nnlo_hessian_pdfas/NNPDF31_nnlo_hessian_pdfas_0000.dat
NNPDF31_nnlo_hessian_pdfas PDF set, member #0, version 1; LHAPDF ID = 306000
 A PDF is used, so alpha_s(MZ) is going to be modified
 Old value of alpha_s from param_card:   0.11799999999999999     
 New value of alpha_s from PDF lhapdf :  0.11800208008122040     
 using LHAPDF
 *****************************************************
 *               MadGraph/MadEvent                   *
 *        --------------------------------           *
 *          http://madgraph.hep.uiuc.edu             *
 *          http://madgraph.phys.ucl.ac.be           *
 *          http://madgraph.roma2.infn.it            *
 *        --------------------------------           *
 *                                                   *
 *          PARAMETER AND COUPLING VALUES            *
 *                                                   *
 *****************************************************

  External Params
  ---------------------------------
  
 MU_R =    91.188000000000002     
 aEWM1 =    132.50700000000001     
 mdl_Gf =    1.1663900000000000E-005
 aS =   0.11799999999999999     
 mdl_lamWS =   0.22530000000000000     
 mdl_AWS =   0.80800000000000005     
 mdl_rhoWS =   0.13200000000000001     
 mdl_etaWS =   0.34100000000000003     
 mdl_ymt =    173.00000000000000     
 mdl_ymtau =    1.7769999999999999     
 mdl_MT =    173.00000000000000     
 mdl_MZ =    91.188000000000002     
 mdl_MH =    125.00000000000000     
 mdl_MTA =    1.7769999999999999     
 mdl_WT =    1.4915000000000000     
 mdl_WZ =    2.4414039999999999     
 mdl_WW =    2.0476000000000001     
 mdl_WH =    6.3823389999999999E-003
  Internal Params
  ---------------------------------
  
 mdl_CKM33 =    1.0000000000000000     
 mdl_conjg__CKM3x3 =    1.0000000000000000     
 mdl_I4x33 =    0.0000000000000000     
 mdl_I1x33 =    0.0000000000000000     
 mdl_lhv =    1.0000000000000000     
 mdl_CKM3x3 =    1.0000000000000000     
 mdl_conjg__CKM33 =    1.0000000000000000     
 mdl_Ncol =    3.0000000000000000     
 mdl_CA =    3.0000000000000000     
 mdl_TF =   0.50000000000000000     
 mdl_CF =    1.3333333333333333     
 mdl_lamWS__exp__2 =    5.0760090000000001E-002
 mdl_CKM11 =  ( 0.97461995499999998     ,  0.0000000000000000     )
 mdl_CKM12 =  ( 0.22530000000000000     ,  0.0000000000000000     )
 mdl_complexi =  (  0.0000000000000000     ,  1.0000000000000000     )
 mdl_lamWS__exp__3 =    1.1436248277000001E-002
 mdl_CKM13 =  (  1.2197444962317122E-003, -3.1510066152652563E-003)
 mdl_CKM21 =  (-0.22530000000000000     ,  0.0000000000000000     )
 mdl_CKM22 =  ( 0.97461995499999998     ,  0.0000000000000000     )
 mdl_CKM23 =  (  4.1014152720000002E-002,  0.0000000000000000     )
 mdl_CKM31 =  (  8.0207441115842885E-003, -3.1510066152652563E-003)
 mdl_CKM32 =  ( -4.1014152720000002E-002,  0.0000000000000000     )
 mdl_MZ__exp__2 =    8315.2513440000002     
 mdl_MZ__exp__4 =    69143404.913893804     
 mdl_sqrt__2 =    1.4142135623730951     
 mdl_MH__exp__2 =    15625.000000000000     
 mdl_CKM1x1 =  ( 0.97461995499999998     ,  0.0000000000000000     )
 mdl_CKM1x2 =  ( 0.22530000000000000     ,  0.0000000000000000     )
 mdl_CKM1x3 =  (  1.2197444962317122E-003, -3.1510066152652563E-003)
 mdl_CKM2x1 =  (-0.22530000000000000     ,  0.0000000000000000     )
 mdl_CKM2x2 =  ( 0.97461995499999998     ,  0.0000000000000000     )
 mdl_CKM2x3 =  (  4.1014152720000002E-002,  0.0000000000000000     )
 mdl_CKM3x1 =  (  8.0207441115842885E-003, -3.1510066152652563E-003)
 mdl_CKM3x2 =  ( -4.1014152720000002E-002,  0.0000000000000000     )
 mdl_conjg__CKM1x3 =  (  1.2197444962317122E-003,  3.1510066152652563E-003)
 mdl_conjg__CKM2x3 =  (  4.1014152720000002E-002, -0.0000000000000000     )
 mdl_conjg__CKM2x1 =  (-0.22530000000000000     , -0.0000000000000000     )
 mdl_conjg__CKM3x1 =  (  8.0207441115842885E-003,  3.1510066152652563E-003)
 mdl_conjg__CKM2x2 =  ( 0.97461995499999998     , -0.0000000000000000     )
 mdl_conjg__CKM3x2 =  ( -4.1014152720000002E-002, -0.0000000000000000     )
 mdl_Ncol__exp__2 =    9.0000000000000000     
 mdl_MT__exp__2 =    29929.000000000000     
 mdl_conjg__CKM11 =  ( 0.97461995499999998     , -0.0000000000000000     )
 mdl_conjg__CKM12 =  ( 0.22530000000000000     , -0.0000000000000000     )
 mdl_conjg__CKM13 =  (  1.2197444962317122E-003,  3.1510066152652563E-003)
 mdl_conjg__CKM21 =  (-0.22530000000000000     , -0.0000000000000000     )
 mdl_conjg__CKM22 =  ( 0.97461995499999998     , -0.0000000000000000     )
 mdl_conjg__CKM23 =  (  4.1014152720000002E-002, -0.0000000000000000     )
 mdl_conjg__CKM31 =  (  8.0207441115842885E-003,  3.1510066152652563E-003)
 mdl_conjg__CKM32 =  ( -4.1014152720000002E-002, -0.0000000000000000     )
 mdl_aEW =    7.5467711139788835E-003
 mdl_MW =    80.419002445756163     
 mdl_sqrt__aEW =    8.6872153846781555E-002
 mdl_ee =   0.30795376724436879     
 mdl_MW__exp__2 =    6467.2159543705357     
 mdl_sw2 =   0.22224648578577766     
 mdl_cw =   0.88190334743339216     
 mdl_sqrt__sw2 =   0.47143025548407230     
 mdl_sw =   0.47143025548407230     
 mdl_g1 =   0.34919219678733299     
 mdl_gw =   0.65323293034757990     
 mdl_v =    246.21845810181637     
 mdl_v__exp__2 =    60623.529110035903     
 mdl_lam =   0.12886910601690263     
 mdl_yt =   0.99366614581500623     
 mdl_ytau =    1.0206617000654717E-002
 mdl_muH =    88.388347648318430     
 mdl_AxialZUp =  -0.18517701861793787     
 mdl_AxialZDown =   0.18517701861793787     
 mdl_VectorZUp =    7.5430507588273299E-002
 mdl_VectorZDown =  -0.13030376310310560     
 mdl_VectorAUp =   0.20530251149624587     
 mdl_VectorADown =  -0.10265125574812294     
 mdl_VectorWmDxU =   0.23095271737156670     
 mdl_AxialWmDxU =  -0.23095271737156670     
 mdl_VectorWpUxD =   0.23095271737156670     
 mdl_AxialWpUxD =  -0.23095271737156670     
 mdl_I2x13 =  (  7.9699418879263656E-003,  3.1310485988282153E-003)
 mdl_I2x23 =  ( -4.0754375057150453E-002, -0.0000000000000000     )
 mdl_I2x33 =  ( 0.99366614581500623     ,  0.0000000000000000     )
 mdl_I3x31 =  (  7.9699418879263656E-003, -3.1310485988282153E-003)
 mdl_I3x32 =  ( -4.0754375057150453E-002,  0.0000000000000000     )
 mdl_I3x33 =  ( 0.99366614581500623     ,  0.0000000000000000     )
 mdl_Vector_tdGp =  ( -7.9699418879263656E-003, -3.1310485988282153E-003)
 mdl_Vector_tsGp =  (  4.0754375057150453E-002,  0.0000000000000000     )
 mdl_Vector_tbGp =  (-0.99366614581500623     ,  0.0000000000000000     )
 mdl_Axial_tdGp =  ( -7.9699418879263656E-003, -3.1310485988282153E-003)
 mdl_Axial_tsGp =  (  4.0754375057150453E-002,  0.0000000000000000     )
 mdl_Axial_tbGp =  (-0.99366614581500623     , -0.0000000000000000     )
 mdl_Vector_tdGm =  (  7.9699418879263656E-003, -3.1310485988282153E-003)
 mdl_Vector_tsGm =  ( -4.0754375057150453E-002,  0.0000000000000000     )
 mdl_Vector_tbGm =  ( 0.99366614581500623     ,  0.0000000000000000     )
 mdl_Axial_tdGm =  ( -7.9699418879263656E-003,  3.1310485988282153E-003)
 mdl_Axial_tsGm =  (  4.0754375057150453E-002, -0.0000000000000000     )
 mdl_Axial_tbGm =  (-0.99366614581500623     ,  0.0000000000000000     )
 mdl_gw__exp__2 =   0.42671326129048615     
 mdl_cw__exp__2 =   0.77775351421422245     
 mdl_ee__exp__2 =    9.4835522759998875E-002
 mdl_sw__exp__2 =   0.22224648578577769     
 mdl_yt__exp__2 =   0.98737240933884918     
  Internal Params evaluated point by point
  ----------------------------------------
  
 mdl_sqrt__aS =   0.34351128074635334     
 mdl_G__exp__4 =    2.1987899468922913     
 mdl_G__exp__2 =    1.4828317324943823     
 mdl_R2MixedFactor_FIN_ =   -2.5040377713124864E-002
 mdl_G_UVg_1EPS_ =   -5.1645779033320030E-002
 mdl_G_UVq_1EPS_ =    3.1300472141406080E-003
 mdl_G_UVb_1EPS_ =    3.1300472141406080E-003
 mdl_GWcft_UV_t_1EPS_ =   -3.1300472141406080E-003
 mdl_tWcft_UV_1EPS_ =   -1.8780283284843650E-002
 mdl_G__exp__3 =    1.8056676068262196     
 mdl_MU_R__exp__2 =    8315.2513440000002     
 mdl_G_UVt_FIN_ =   -4.0087659331150384E-003
 mdl_GWcft_UV_t_FIN_ =    4.0087659331150384E-003
 mdl_tWcft_UV_FIN_ =   -9.8778211443463623E-004
  Couplings of loop_sm-ckm_no_b_mass
  ---------------------------------
  
       UV_3Gt =   0.48815E-02   0.00000E+00
      UV_GQQt =   0.00000E+00  -0.48815E-02
   UVWfct_G_2 =   0.40088E-02   0.00000E+00
       R2_DDA =   0.00000E+00   0.25704E-02
       R2_UUA =  -0.00000E+00  -0.51409E-02
    R2_DDZ_V2 =   0.00000E+00   0.72127E-02
    R2_UUZ_V2 =  -0.00000E+00  -0.72127E-02
    R2_UUZ_V5 =   0.00000E+00   0.68702E-03
      R2_GGHt =   0.00000E+00  -0.45657E+01
     R2_GGZup =  -0.46369E-02   0.00000E+00
   R2_GGZdown =   0.46369E-02   0.00000E+00
 R2_GGGZvecUp =   0.00000E+00   0.28750E-03
 R2_GGGZvecDown  -0.00000E+00  -0.49665E-03
 R2_GGGZaxialUp  -0.00000E+00  -0.63522E-02
 R2_GGGZaxialDow  0.00000E+00   0.63522E-02
 R2_GGGAvecUp =   0.00000E+00   0.78251E-03
 R2_GGGAvecDown  -0.00000E+00  -0.39126E-03
         GC_4 =  -0.12177E+01   0.00000E+00
         GC_5 =   0.00000E+00   0.12177E+01
         GC_6 =   0.00000E+00   0.14828E+01
       R2_3Gq =   0.76230E-02   0.00000E+00
       R2_3Gg =   0.31445E-01   0.00000E+00
       R2_GQQ =  -0.00000E+00  -0.30492E-01
       R2_GGq =   0.00000E+00   0.62601E-02
       R2_GGt =  -0.00000E+00  -0.11242E+04
     R2_GGg_1 =   0.00000E+00   0.28170E-01
     R2_GGg_2 =  -0.00000E+00  -0.18780E-01
       R2_QQq =   0.00000E+00   0.12520E-01
  UV_3Gg_1eps =   0.62890E-01   0.00000E+00
  UV_3Gb_1eps =  -0.38115E-02   0.00000E+00
 UV_GQQg_1eps =   0.00000E+00  -0.62890E-01
 UV_GQQq_1eps =   0.00000E+00   0.38115E-02
 UVWfct_G_2_1eps -0.31300E-02   0.00000E+00
         GC_1 =  -0.00000E+00  -0.10265E+00
         GC_2 =   0.00000E+00   0.20530E+00
        GC_21 =  -0.00000E+00  -0.28804E+00
        GC_22 =   0.00000E+00   0.28804E+00
        GC_23 =  -0.00000E+00  -0.27437E-01
        GC_24 =   0.00000E+00   0.82310E-01
        GC_37 =  -0.00000E+00  -0.70263E+00
        GC_38 =  -0.00000E+00  -0.72172E-02
      GC_1003 =  -0.00000E+00  -0.30795E+00

 Collider parameters:
 --------------------

 Running at P P   machine @    13000.000000000000       GeV
 PDF set = lhapdf 
 alpha_s(Mz)= 0.1180 running at 3 loops.
 alpha_s(Mz)= 0.1180 running at 3 loops.
 Renormalization scale set on event-by-event basis
 Factorization   scale set on event-by-event basis


 ===============================================================
 INFO: MadFKS read these parameters from FKS_params.dat
 ===============================================================
  > IRPoleCheckThreshold      =    1.0000000000000001E-005
  > PrecisionVirtualAtRunTime =    1.0000000000000000E-003
  > NHelForMCoverHels         =            4
  > VirtualFraction           =    1.0000000000000000     
  > MinVirtualFraction        =    5.0000000000000001E-003
 ===============================================================
  Insert the number of points to test
 Insert the relative tolerance
  A negative number will mean use the default one:    1.0000000000000001E-005
Using random seed offsets:     0 ,      8 ,      0
  with seed                   32
 Ranmar initialization seeds       10729        9414
  ========================================================================================== 
 {                                                                                          }
 {       [32m                                                                            [0m       }
 {       [32m                               ,,                                           [0m       }
 {       [32m`7MMM.     ,MMF'             `7MM  `7MMF'                                   [0m       }
 {       [32m  MMMb    dPMM                 MM    MM                                     [0m       }
 {       [32m  M YM   ,M MM   ,6"Yb.   ,M""bMM    MM         ,pW"Wq.   ,pW"Wq.`7MMpdMAo. [0m       }
 {       [32m  M  Mb  M' MM  8)   MM ,AP    MM    MM        6W'   `Wb 6W'   `Wb MM   `Wb [0m       }
 {       [32m  M  YM.P'  MM   ,pm9MM 8MI    MM    MM      , 8M     M8 8M     M8 MM    M8 [0m       }
 {       [32m  M  `YM'   MM  8M   MM `Mb    MM    MM     ,M YA.   ,A9 YA.   ,A9 MM   ,AP [0m       }
 {       [32m.JML. `'  .JMML.`Moo9^Yo.`Wbmd"MML..JMMmmmmMMM  `Ybmd9'   `Ybmd9'  MMbmmd'  [0m       }
 {       [32m                                                                   MM       [0m       }
 {       [32m                                                                 .JMML.     [0m       }
 {       [32m[0mv2.4.2 (2016-06-10), Ref: arXiv:1103.0621v2, arXiv:1405.0301[32m                [0m       }
 {       [32m                                                                            [0m       }
 {                                                                                          }
  ========================================================================================== 
 ===============================================================
 INFO: MadLoop read these parameters from ./MadLoop5_resources/MadLoopParams.dat                                                                                                                                                                                                                                                                                                                                                                                                                                                                                          
 ===============================================================
  > MLReductionLib            = 6|1|2
  > IREGIMODE                 =            2
  > IREGIRECY                 =  T
  > CTModeRun                 =           -1
  > MLStabThres               =    1.0000000000000000E-003
  > NRotations_DP             =            1
  > NRotations_QP             =            0
  > CTStabThres               =    1.0000000000000000E-002
  > CTLoopLibrary             =            2
  > CTModeInit                =            1
  > CheckCycle                =            3
  > MaxAttempts               =           10
  > UseLoopFilter             =  F
  > HelicityFilterLevel       =            2
  > ImprovePSPoint            =            2
  > DoubleCheckHelicityFilter =  T
  > LoopInitStartOver         =  F
  > HelInitStartOver          =  F
  > ZeroThres                 =    1.0000000000000001E-009
  > OSThres                   =    1.0000000000000000E-008
  > WriteOutFilters           =  T
  > UseQPIntegrandForNinja    =  F
  > UseQPIntegrandForCutTools =  T
 ===============================================================
  
------------------------------------------------------------------------
|              You are using CutTools - Version 1.9.3                  |
|              Authors: G. Ossola, C. Papadopoulos, R. Pittau          |
|              Published in JHEP 0803:042,2008                         |
|              http://www.ugr.es/~pittau/CutTools                      |
|                                                                      |
|              Compiler with  34  significant digits detetected        |
 ---------------------------------------------------------------------- 
   
########################################################################
#                                                                      #
#                      You are using OneLOop-3.6                       #
#                                                                      #
# for the evaluation of 1-loop scalar 1-, 2-, 3- and 4-point functions #
#                                                                      #
# author: Andreas van Hameren <hamerenREMOVETHIS@ifj.edu.pl>           #
#   date: 18-02-2015                                                   #
#                                                                      #
# Please cite                                                          #
#    A. van Hameren,                                                   #
#      Comput.Phys.Commun. 182 (2011) 2427-2438, arXiv:1007.4716       #
#    A. van Hameren, C.G. Papadopoulos and R. Pittau,                  #
#      JHEP 0909:106,2009, arXiv:0903.4665                             #
# in publications with results obtained with the help of this program. #
#                                                                      #
########################################################################
 PASSED   1.0000000000000001E-005
 MU_R    =    325.00000000000000     
 ALPHA_S =   0.11799999999999999     
 BORN                    2.1804306159728028E-003
 SINGLE POLE (MadFKS)   -1.2416384282402113E-005
 DOUBLE POLE (MadFKS)   -1.0919761240244099E-004
 SINGLE POLE (MadLoop)  -1.2416384282402262E-005
 DOUBLE POLE (MadLoop)  -1.0919761240244105E-004
 FINITE PART (MadLoop)   2.2421957586707939E-004
   325.00000000000000        0.0000000000000000        0.0000000000000000        325.00000000000000        0.0000000000000000     
   325.00000000000000        0.0000000000000000        0.0000000000000000       -325.00000000000000        0.0000000000000000     
   325.00000000000000       -209.13492398181430       -182.47140689474548        169.08167111775586        1.7769999999999999     
   324.99999999999989        209.13492398181421        182.47140689474551       -169.08167111775586        1.7769999999999999     

 PASSED   1.0000000000000001E-005
 MU_R    =    325.00000000000000     
 ALPHA_S =   0.11799999999999999     
 BORN                    2.7023754463676396E-004
 SINGLE POLE (MadFKS)   -1.5388580481135131E-006
 DOUBLE POLE (MadFKS)   -1.3533700379944022E-005
 SINGLE POLE (MadLoop)  -1.5388580481135173E-006
 DOUBLE POLE (MadLoop)  -1.3533700379944005E-005
 FINITE PART (MadLoop)   2.7789257405360150E-005
   325.00000000000000        0.0000000000000000        0.0000000000000000        325.00000000000000        0.0000000000000000     
   325.00000000000000        0.0000000000000000        0.0000000000000000       -325.00000000000000        0.0000000000000000     
   325.00000000000000        84.690967370508019       -177.64347329459997       -258.63502994118625        1.7769999999999999     
   325.00000000000023       -84.690967370508034        177.64347329459997        258.63502994118625        1.7769999999999999     

 PASSED   1.0000000000000001E-005
 MU_R    =    325.00000000000000     
 ALPHA_S =   0.11799999999999999     
 BORN                    1.7763509990326076E-003
 SINGLE POLE (MadFKS)   -1.0115367332877778E-005
 DOUBLE POLE (MadFKS)   -8.8960999933726385E-005
 SINGLE POLE (MadLoop)  -1.0115367332877763E-005
 DOUBLE POLE (MadLoop)  -8.8960999933726385E-005
 FINITE PART (MadLoop)   1.8266697627361089E-004
   325.00000000000000        0.0000000000000000        0.0000000000000000        325.00000000000000        0.0000000000000000     
   325.00000000000000        0.0000000000000000        0.0000000000000000       -325.00000000000000        0.0000000000000000     
   324.99999999999977       -302.36941401572676        5.5991008626834757        119.00936857371968        1.7769999999999999     
   325.00000000000000        302.36941401572676       -5.5991008626835113       -119.00936857371966        1.7769999999999999     

 PASSED   1.0000000000000001E-005
 MU_R    =    325.00000000000000     
 ALPHA_S =   0.11799999999999999     
 BORN                    3.4720605678831523E-003
 SINGLE POLE (MadFKS)   -1.9771524921181108E-005
 DOUBLE POLE (MadFKS)   -1.7388341612528191E-004
 SINGLE POLE (MadLoop)  -1.9771524921180759E-005
 DOUBLE POLE (MadLoop)  -1.7388341612528159E-004
 FINITE PART (MadLoop)   3.5704137623667690E-004
   325.00000000000000        0.0000000000000000        0.0000000000000000        325.00000000000000        0.0000000000000000     
   325.00000000000000        0.0000000000000000        0.0000000000000000       -325.00000000000000        0.0000000000000000     
   325.00000000000006        97.332693414836839        75.224539341200028        300.81465679803182        1.7769999999999999     
   325.00000000000040       -97.332693414836584       -75.224539341200042       -300.81465679803193        1.7769999999999999     

 PASSED   1.0000000000000001E-005
 MU_R    =    325.00000000000000     
 ALPHA_S =   0.11799999999999999     
 BORN                    8.8948627907818600E-004
 SINGLE POLE (MadFKS)   -5.0651478538478527E-006
 DOUBLE POLE (MadFKS)   -4.4546144797519545E-005
 SINGLE POLE (MadLoop)  -5.0651478538481221E-006
 DOUBLE POLE (MadLoop)  -4.4546144797520345E-005
 FINITE PART (MadLoop)   9.1468279143329869E-005
   325.00000000000000        0.0000000000000000        0.0000000000000000        325.00000000000000        0.0000000000000000     
   325.00000000000000        0.0000000000000000        0.0000000000000000       -325.00000000000000        0.0000000000000000     
   324.99999999999977       -66.244546721957022       -317.32224124850427       -23.239998055692720        1.7769999999999999     
   325.00000000000011        66.244546721957093        317.32224124850444        23.239998055692201        1.7769999999999999     

 PASSED   1.0000000000000001E-005
 MU_R    =    325.00000000000000     
 ALPHA_S =   0.11799999999999999     
 BORN                    1.9534285385812500E-003
 SINGLE POLE (MadFKS)   -1.1123729058635906E-005
 DOUBLE POLE (MadFKS)   -9.7829176883344019E-005
 SINGLE POLE (MadLoop)  -1.1123729058633790E-005
 DOUBLE POLE (MadLoop)  -9.7829176883326509E-005
 FINITE PART (MadLoop)   2.0087633846211945E-004
   325.00000000000000        0.0000000000000000        0.0000000000000000        325.00000000000000        0.0000000000000000     
   325.00000000000000        0.0000000000000000        0.0000000000000000       -325.00000000000000        0.0000000000000000     
   325.00000000001489       -245.57135850207885        158.87531167499574        141.68692774785592        1.7769999999999999     
   324.99999999998505        245.57135850208041       -158.87531167499736       -141.68692774785711        1.7769999999999999     

 PASSED   1.0000000000000001E-005
 MU_R    =    325.00000000000000     
 ALPHA_S =   0.11799999999999999     
 BORN                    3.4213860679650808E-003
 SINGLE POLE (MadFKS)   -1.9482960790916144E-005
 DOUBLE POLE (MadFKS)   -1.7134559888853744E-004
 SINGLE POLE (MadLoop)  -1.9482960790916246E-005
 DOUBLE POLE (MadLoop)  -1.7134559888853739E-004
 FINITE PART (MadLoop)   3.5183038039224583E-004
   325.00000000000000        0.0000000000000000        0.0000000000000000        325.00000000000000        0.0000000000000000     
   325.00000000000000        0.0000000000000000        0.0000000000000000       -325.00000000000000        0.0000000000000000     
   325.00000000000000        101.43584742413570        87.114880428654644        296.21547686818917        1.7769999999999999     
   324.99999999999955       -101.43584742413567       -87.114880428654629       -296.21547686818923        1.7769999999999999     

 PASSED   1.0000000000000001E-005
 MU_R    =    325.00000000000000     
 ALPHA_S =   0.11799999999999999     
 BORN                    2.1340163718117223E-003
 SINGLE POLE (MadFKS)   -1.2152080026417311E-005
 DOUBLE POLE (MadFKS)   -1.0687315199231567E-004
 SINGLE POLE (MadLoop)  -1.2152080026417440E-005
 DOUBLE POLE (MadLoop)  -1.0687315199231579E-004
 FINITE PART (MadLoop)   2.1944667364133665E-004
   325.00000000000000        0.0000000000000000        0.0000000000000000        325.00000000000000        0.0000000000000000     
   325.00000000000000        0.0000000000000000        0.0000000000000000       -325.00000000000000        0.0000000000000000     
   324.99999999999989        196.29986499349991        200.79152459727956        163.61836365284213        1.7769999999999999     
   324.99999999999977       -196.29986499349994       -200.79152459727968       -163.61836365284191        1.7769999999999999     

 PASSED   1.0000000000000001E-005
 MU_R    =    325.00000000000000     
 ALPHA_S =   0.11799999999999999     
 BORN                    1.9251200543589279E-003
 SINGLE POLE (MadFKS)   -1.0962527406089868E-005
 DOUBLE POLE (MadFKS)   -9.6411466608518055E-005
 SINGLE POLE (MadLoop)  -1.0962527406089908E-005
 DOUBLE POLE (MadLoop)  -9.6411466608518109E-005
 FINITE PART (MadLoop)   1.9796530048677045E-004
   325.00000000000000        0.0000000000000000        0.0000000000000000        325.00000000000000        0.0000000000000000     
   325.00000000000000        0.0000000000000000        0.0000000000000000       -325.00000000000000        0.0000000000000000     
   325.00000000000000       -215.94918045168072       -199.75963373794545        138.14442609866430        1.7769999999999999     
   325.00000000000006        215.94918045168075        199.75963373794548       -138.14442609866430        1.7769999999999999     

 PASSED   1.0000000000000001E-005
 MU_R    =    325.00000000000000     
 ALPHA_S =   0.11799999999999999     
 BORN                    9.7068702865104066E-004
 SINGLE POLE (MadFKS)   -5.5275426227205081E-006
 DOUBLE POLE (MadFKS)   -4.8612739677305837E-005
 SINGLE POLE (MadLoop)  -5.5275426227202785E-006
 DOUBLE POLE (MadLoop)  -4.8612739677303709E-005
 FINITE PART (MadLoop)   9.9818371779142356E-005
   325.00000000000000        0.0000000000000000        0.0000000000000000        325.00000000000000        0.0000000000000000     
   325.00000000000000        0.0000000000000000        0.0000000000000000       -325.00000000000000        0.0000000000000000     
   325.00000000000000        36.076566472435587       -322.90851678402822       -7.1002402000801492        1.7769999999999999     
   325.00000000000011       -36.076566472435658        322.90851678402822        7.1002402000800116        1.7769999999999999     

 PASSED   1.0000000000000001E-005
 MU_R    =    325.00000000000000     
 ALPHA_S =   0.11799999999999999     
 BORN                    2.6766534353961754E-004
 SINGLE POLE (MadFKS)   -1.5242107408156717E-006
 DOUBLE POLE (MadFKS)   -1.3404882605890699E-005
 SINGLE POLE (MadLoop)  -1.5242107408156154E-006
 DOUBLE POLE (MadLoop)  -1.3404882605890662E-005
 FINITE PART (MadLoop)   2.7524751011618663E-005
   325.00000000000000        0.0000000000000000        0.0000000000000000        325.00000000000000        0.0000000000000000     
   325.00000000000000        0.0000000000000000        0.0000000000000000       -325.00000000000000        0.0000000000000000     
   325.00000000000028        133.56202056116143       -58.625360408220025       -290.42399358804062        1.7769999999999999     
   325.00000000000017       -133.56202056116118        58.625360408220075        290.42399358804079        1.7769999999999999     

 PASSED   1.0000000000000001E-005
 MU_R    =    325.00000000000000     
 ALPHA_S =   0.11799999999999999     
 BORN                    3.9268761136250740E-004
 SINGLE POLE (MadFKS)   -2.2361455805554912E-006
 DOUBLE POLE (MadFKS)   -1.9666092223563937E-005
 SINGLE POLE (MadLoop)  -2.2361455805554726E-006
 DOUBLE POLE (MadLoop)  -1.9666092223563965E-005
 FINITE PART (MadLoop)   4.0381128857292992E-005
   325.00000000000000        0.0000000000000000        0.0000000000000000        325.00000000000000        0.0000000000000000     
   325.00000000000000        0.0000000000000000        0.0000000000000000       -325.00000000000000        0.0000000000000000     
   325.00000000000000        223.40553642567241        170.02384548642902       -163.71835734383762        1.7769999999999999     
   325.00000000000006       -223.40553642567241       -170.02384548642902        163.71835734383762        1.7769999999999999     

 PASSED   1.0000000000000001E-005
 MU_R    =    325.00000000000000     
 ALPHA_S =   0.11799999999999999     
 BORN                    1.4896403169347252E-003
 SINGLE POLE (MadFKS)   -8.4827035917255829E-006
 DOUBLE POLE (MadFKS)   -7.4602312385489101E-005
 SINGLE POLE (MadLoop)  -8.4827035917254491E-006
 DOUBLE POLE (MadLoop)  -7.4602312385489114E-005
 FINITE PART (MadLoop)   1.5318374160169139E-004
   325.00000000000000        0.0000000000000000        0.0000000000000000        325.00000000000000        0.0000000000000000     
   325.00000000000000        0.0000000000000000        0.0000000000000000       -325.00000000000000        0.0000000000000000     
   325.00000000000006        294.49243242136407        112.31251700031194        79.258741111646330        1.7769999999999999     
   325.00000000000000       -294.49243242136407       -112.31251700031196       -79.258741111646330        1.7769999999999999     

 PASSED   1.0000000000000001E-005
 MU_R    =    325.00000000000000     
 ALPHA_S =   0.11799999999999999     
 BORN                    8.4390251558755323E-004
 SINGLE POLE (MadFKS)   -4.8055727403855372E-006
 DOUBLE POLE (MadFKS)   -4.2263275486737160E-005
 SINGLE POLE (MadLoop)  -4.8055727403855465E-006
 DOUBLE POLE (MadLoop)  -4.2263275486737492E-005
 FINITE PART (MadLoop)   8.6780777490514060E-005
   325.00000000000000        0.0000000000000000        0.0000000000000000        325.00000000000000        0.0000000000000000     
   325.00000000000000        0.0000000000000000        0.0000000000000000       -325.00000000000000        0.0000000000000000     
   325.00000000000011       -323.25409288755736       -7.4264895954478725       -32.764019209053110        1.7769999999999999     
   324.99999999999966        323.25409288755719        7.4264895954478680        32.764019209053096        1.7769999999999999     

 PASSED   1.0000000000000001E-005
 MU_R    =    325.00000000000000     
 ALPHA_S =   0.11799999999999999     
 BORN                    1.7575023353677494E-003
 SINGLE POLE (MadFKS)   -1.0008034290698724E-005
 DOUBLE POLE (MadFKS)   -8.8017044618614990E-005
 SINGLE POLE (MadLoop)  -1.0008034290698685E-005
 DOUBLE POLE (MadLoop)  -8.8017044618614841E-005
 FINITE PART (MadLoop)   1.8072871722437110E-004
   325.00000000000000        0.0000000000000000        0.0000000000000000        325.00000000000000        0.0000000000000000     
   325.00000000000000        0.0000000000000000        0.0000000000000000       -325.00000000000000        0.0000000000000000     
   325.00000000000006       -265.23698958280096        147.29062523689328        116.51889694542368        1.7769999999999999     
   324.99999999999989        265.23698958280090       -147.29062523689328       -116.51889694542366        1.7769999999999999     

 PASSED   1.0000000000000001E-005
 MU_R    =    325.00000000000000     
 ALPHA_S =   0.11799999999999999     
 BORN                    3.0970843999381477E-003
 SINGLE POLE (MadFKS)   -1.7636236522714604E-005
 DOUBLE POLE (MadFKS)   -1.5510432636775578E-004
 SINGLE POLE (MadLoop)  -1.7636236522714705E-005
 DOUBLE POLE (MadLoop)  -1.5510432636775583E-004
 FINITE PART (MadLoop)   3.1848156299568763E-004
   325.00000000000000        0.0000000000000000        0.0000000000000000        325.00000000000000        0.0000000000000000     
   325.00000000000000        0.0000000000000000        0.0000000000000000       -325.00000000000000        0.0000000000000000     
   325.00000000000006       -118.15174518352156       -144.84035969564869        265.86326858805319        1.7769999999999999     
   324.99999999999989        118.15174518352153        144.84035969564866       -265.86326858805319        1.7769999999999999     

 PASSED   1.0000000000000001E-005
 MU_R    =    325.00000000000000     
 ALPHA_S =   0.11799999999999999     
 BORN                    1.2438330586932158E-003
 SINGLE POLE (MadFKS)   -7.0829629371170408E-006
 DOUBLE POLE (MadFKS)   -6.2292099203499073E-005
 SINGLE POLE (MadLoop)  -7.0829629371172703E-006
 DOUBLE POLE (MadLoop)  -6.2292099203499262E-005
 FINITE PART (MadLoop)   1.2790671660297773E-004
   325.00000000000000        0.0000000000000000        0.0000000000000000        325.00000000000000        0.0000000000000000     
   325.00000000000000        0.0000000000000000        0.0000000000000000       -325.00000000000000        0.0000000000000000     
   324.99999999999960       -64.195417811404255       -315.90727831173507        41.272050018033426        1.7769999999999999     
   325.00000000000000        64.195417811404042        315.90727831173507       -41.272050018033212        1.7769999999999999     

 PASSED   1.0000000000000001E-005
 MU_R    =    325.00000000000000     
 ALPHA_S =   0.11799999999999999     
 BORN                    1.0027068616499770E-003
 SINGLE POLE (MadFKS)   -5.7098784183476431E-006
 DOUBLE POLE (MadFKS)   -5.0216317102514923E-005
 SINGLE POLE (MadLoop)  -5.7098784183513692E-006
 DOUBLE POLE (MadLoop)  -5.0216317102546303E-005
 FINITE PART (MadLoop)   1.0311105778431430E-004
Thanks for using LHAPDF 6.2.1. Please make sure to cite the paper:
  Eur.Phys.J. C75 (2015) 3, 132  (http://arxiv.org/abs/1412.7420)
   325.00000000000000        0.0000000000000000        0.0000000000000000        325.00000000000000        0.0000000000000000     
   325.00000000000000        0.0000000000000000        0.0000000000000000       -325.00000000000000        0.0000000000000000     
   324.99999999999966       -145.22433688864572        290.74171889761493      -0.99354854605394904        1.7769999999999999     
   324.99999999999966        145.22433688864567       -290.74171889761510       0.99354854605403853        1.7769999999999999     

 PASSED   1.0000000000000001E-005
 MU_R    =    325.00000000000000     
 ALPHA_S =   0.11799999999999999     
 BORN                    2.8524216017875530E-004
 SINGLE POLE (MadFKS)   -1.6243012955226687E-006
 DOUBLE POLE (MadFKS)   -1.4285142861167394E-005
 SINGLE POLE (MadLoop)  -1.6243012955227227E-006
 DOUBLE POLE (MadLoop)  -1.4285142861167398E-005
 FINITE PART (MadLoop)   2.9332222592260118E-005
   325.00000000000000        0.0000000000000000        0.0000000000000000        325.00000000000000        0.0000000000000000     
   325.00000000000000        0.0000000000000000        0.0000000000000000       -325.00000000000000        0.0000000000000000     
   325.00000000000000       -136.64781117970207       -179.03550239544657       -234.29790193855030        1.7769999999999999     
   325.00000000000000        136.64781117970210        179.03550239544657        234.29790193855032        1.7769999999999999     

 PASSED   1.0000000000000001E-005
 MU_R    =    325.00000000000000     
 ALPHA_S =   0.11799999999999999     
 BORN                    1.2343990373570425E-003
 SINGLE POLE (MadFKS)   -7.0292412394944561E-006
 DOUBLE POLE (MadFKS)   -6.1819636288276149E-005
 SINGLE POLE (MadLoop)  -7.0292412394943366E-006
 DOUBLE POLE (MadLoop)  -6.1819636288275282E-005
 FINITE PART (MadLoop)   1.2693659068046550E-004
   325.00000000000000        0.0000000000000000        0.0000000000000000        325.00000000000000        0.0000000000000000     
   325.00000000000000        0.0000000000000000        0.0000000000000000       -325.00000000000000        0.0000000000000000     
   324.99999999999949        271.18149803398779       -174.65523782464791        39.723863048022146        1.7769999999999999     
   324.99999999999989       -271.18149803398779        174.65523782464780       -39.723863048022189        1.7769999999999999     

 NUMBER OF POINTS PASSING THE CHECK          20
 NUMBER OF POINTS FAILING THE CHECK           0
 TOLERANCE    1.0000000000000001E-005
