==== LHAPDF6 USING DEFAULT-TYPE LHAGLUE INTERFACE ====
LHAPDF 6.2.1 loading /cvmfs/cms.cern.ch/slc6_amd64_gcc481/external/lhapdf/6.2.1/share/LHAPDF/NNPDF31_nnlo_hessian_pdfas/NNPDF31_nnlo_hessian_pdfas_0000.dat
NNPDF31_nnlo_hessian_pdfas PDF set, member #0, version 1; LHAPDF ID = 306000
 A PDF is used, so alpha_s(MZ) is going to be modified
 Old value of alpha_s from param_card:   0.11799999999999999     
 New value of alpha_s from PDF lhapdf :  0.11800208008122040     
 using LHAPDF
 *****************************************************
 *               MadGraph/MadEvent                   *
 *        --------------------------------           *
 *          http://madgraph.hep.uiuc.edu             *
 *          http://madgraph.phys.ucl.ac.be           *
 *          http://madgraph.roma2.infn.it            *
 *        --------------------------------           *
 *                                                   *
 *          PARAMETER AND COUPLING VALUES            *
 *                                                   *
 *****************************************************

  External Params
  ---------------------------------
  
 MU_R =    91.188000000000002     
 aEWM1 =    132.50700000000001     
 mdl_Gf =    1.1663900000000000E-005
 aS =   0.11799999999999999     
 mdl_lamWS =   0.22530000000000000     
 mdl_AWS =   0.80800000000000005     
 mdl_rhoWS =   0.13200000000000001     
 mdl_etaWS =   0.34100000000000003     
 mdl_ymt =    173.00000000000000     
 mdl_ymtau =    1.7769999999999999     
 mdl_MT =    173.00000000000000     
 mdl_MZ =    91.188000000000002     
 mdl_MH =    125.00000000000000     
 mdl_MTA =    1.7769999999999999     
 mdl_WT =    1.4915000000000000     
 mdl_WZ =    2.4414039999999999     
 mdl_WW =    2.0476000000000001     
 mdl_WH =    6.3823389999999999E-003
  Internal Params
  ---------------------------------
  
 mdl_CKM33 =    1.0000000000000000     
 mdl_conjg__CKM3x3 =    1.0000000000000000     
 mdl_I4x33 =    0.0000000000000000     
 mdl_I1x33 =    0.0000000000000000     
 mdl_lhv =    1.0000000000000000     
 mdl_CKM3x3 =    1.0000000000000000     
 mdl_conjg__CKM33 =    1.0000000000000000     
 mdl_Ncol =    3.0000000000000000     
 mdl_CA =    3.0000000000000000     
 mdl_TF =   0.50000000000000000     
 mdl_CF =    1.3333333333333333     
 mdl_lamWS__exp__2 =    5.0760090000000001E-002
 mdl_CKM11 =  ( 0.97461995499999998     ,  0.0000000000000000     )
 mdl_CKM12 =  ( 0.22530000000000000     ,  0.0000000000000000     )
 mdl_complexi =  (  0.0000000000000000     ,  1.0000000000000000     )
 mdl_lamWS__exp__3 =    1.1436248277000001E-002
 mdl_CKM13 =  (  1.2197444962317122E-003, -3.1510066152652563E-003)
 mdl_CKM21 =  (-0.22530000000000000     ,  0.0000000000000000     )
 mdl_CKM22 =  ( 0.97461995499999998     ,  0.0000000000000000     )
 mdl_CKM23 =  (  4.1014152720000002E-002,  0.0000000000000000     )
 mdl_CKM31 =  (  8.0207441115842885E-003, -3.1510066152652563E-003)
 mdl_CKM32 =  ( -4.1014152720000002E-002,  0.0000000000000000     )
 mdl_MZ__exp__2 =    8315.2513440000002     
 mdl_MZ__exp__4 =    69143404.913893804     
 mdl_sqrt__2 =    1.4142135623730951     
 mdl_MH__exp__2 =    15625.000000000000     
 mdl_CKM1x1 =  ( 0.97461995499999998     ,  0.0000000000000000     )
 mdl_CKM1x2 =  ( 0.22530000000000000     ,  0.0000000000000000     )
 mdl_CKM1x3 =  (  1.2197444962317122E-003, -3.1510066152652563E-003)
 mdl_CKM2x1 =  (-0.22530000000000000     ,  0.0000000000000000     )
 mdl_CKM2x2 =  ( 0.97461995499999998     ,  0.0000000000000000     )
 mdl_CKM2x3 =  (  4.1014152720000002E-002,  0.0000000000000000     )
 mdl_CKM3x1 =  (  8.0207441115842885E-003, -3.1510066152652563E-003)
 mdl_CKM3x2 =  ( -4.1014152720000002E-002,  0.0000000000000000     )
 mdl_conjg__CKM1x3 =  (  1.2197444962317122E-003,  3.1510066152652563E-003)
 mdl_conjg__CKM2x3 =  (  4.1014152720000002E-002, -0.0000000000000000     )
 mdl_conjg__CKM2x1 =  (-0.22530000000000000     , -0.0000000000000000     )
 mdl_conjg__CKM3x1 =  (  8.0207441115842885E-003,  3.1510066152652563E-003)
 mdl_conjg__CKM2x2 =  ( 0.97461995499999998     , -0.0000000000000000     )
 mdl_conjg__CKM3x2 =  ( -4.1014152720000002E-002, -0.0000000000000000     )
 mdl_Ncol__exp__2 =    9.0000000000000000     
 mdl_MT__exp__2 =    29929.000000000000     
 mdl_conjg__CKM11 =  ( 0.97461995499999998     , -0.0000000000000000     )
 mdl_conjg__CKM12 =  ( 0.22530000000000000     , -0.0000000000000000     )
 mdl_conjg__CKM13 =  (  1.2197444962317122E-003,  3.1510066152652563E-003)
 mdl_conjg__CKM21 =  (-0.22530000000000000     , -0.0000000000000000     )
 mdl_conjg__CKM22 =  ( 0.97461995499999998     , -0.0000000000000000     )
 mdl_conjg__CKM23 =  (  4.1014152720000002E-002, -0.0000000000000000     )
 mdl_conjg__CKM31 =  (  8.0207441115842885E-003,  3.1510066152652563E-003)
 mdl_conjg__CKM32 =  ( -4.1014152720000002E-002, -0.0000000000000000     )
 mdl_aEW =    7.5467711139788835E-003
 mdl_MW =    80.419002445756163     
 mdl_sqrt__aEW =    8.6872153846781555E-002
 mdl_ee =   0.30795376724436879     
 mdl_MW__exp__2 =    6467.2159543705357     
 mdl_sw2 =   0.22224648578577766     
 mdl_cw =   0.88190334743339216     
 mdl_sqrt__sw2 =   0.47143025548407230     
 mdl_sw =   0.47143025548407230     
 mdl_g1 =   0.34919219678733299     
 mdl_gw =   0.65323293034757990     
 mdl_v =    246.21845810181637     
 mdl_v__exp__2 =    60623.529110035903     
 mdl_lam =   0.12886910601690263     
 mdl_yt =   0.99366614581500623     
 mdl_ytau =    1.0206617000654717E-002
 mdl_muH =    88.388347648318430     
 mdl_AxialZUp =  -0.18517701861793787     
 mdl_AxialZDown =   0.18517701861793787     
 mdl_VectorZUp =    7.5430507588273299E-002
 mdl_VectorZDown =  -0.13030376310310560     
 mdl_VectorAUp =   0.20530251149624587     
 mdl_VectorADown =  -0.10265125574812294     
 mdl_VectorWmDxU =   0.23095271737156670     
 mdl_AxialWmDxU =  -0.23095271737156670     
 mdl_VectorWpUxD =   0.23095271737156670     
 mdl_AxialWpUxD =  -0.23095271737156670     
 mdl_I2x13 =  (  7.9699418879263656E-003,  3.1310485988282153E-003)
 mdl_I2x23 =  ( -4.0754375057150453E-002, -0.0000000000000000     )
 mdl_I2x33 =  ( 0.99366614581500623     ,  0.0000000000000000     )
 mdl_I3x31 =  (  7.9699418879263656E-003, -3.1310485988282153E-003)
 mdl_I3x32 =  ( -4.0754375057150453E-002,  0.0000000000000000     )
 mdl_I3x33 =  ( 0.99366614581500623     ,  0.0000000000000000     )
 mdl_Vector_tdGp =  ( -7.9699418879263656E-003, -3.1310485988282153E-003)
 mdl_Vector_tsGp =  (  4.0754375057150453E-002,  0.0000000000000000     )
 mdl_Vector_tbGp =  (-0.99366614581500623     ,  0.0000000000000000     )
 mdl_Axial_tdGp =  ( -7.9699418879263656E-003, -3.1310485988282153E-003)
 mdl_Axial_tsGp =  (  4.0754375057150453E-002,  0.0000000000000000     )
 mdl_Axial_tbGp =  (-0.99366614581500623     , -0.0000000000000000     )
 mdl_Vector_tdGm =  (  7.9699418879263656E-003, -3.1310485988282153E-003)
 mdl_Vector_tsGm =  ( -4.0754375057150453E-002,  0.0000000000000000     )
 mdl_Vector_tbGm =  ( 0.99366614581500623     ,  0.0000000000000000     )
 mdl_Axial_tdGm =  ( -7.9699418879263656E-003,  3.1310485988282153E-003)
 mdl_Axial_tsGm =  (  4.0754375057150453E-002, -0.0000000000000000     )
 mdl_Axial_tbGm =  (-0.99366614581500623     ,  0.0000000000000000     )
 mdl_gw__exp__2 =   0.42671326129048615     
 mdl_cw__exp__2 =   0.77775351421422245     
 mdl_ee__exp__2 =    9.4835522759998875E-002
 mdl_sw__exp__2 =   0.22224648578577769     
 mdl_yt__exp__2 =   0.98737240933884918     
  Internal Params evaluated point by point
  ----------------------------------------
  
 mdl_sqrt__aS =   0.34351128074635334     
 mdl_G__exp__4 =    2.1987899468922913     
 mdl_G__exp__2 =    1.4828317324943823     
 mdl_R2MixedFactor_FIN_ =   -2.5040377713124864E-002
 mdl_G_UVg_1EPS_ =   -5.1645779033320030E-002
 mdl_G_UVq_1EPS_ =    3.1300472141406080E-003
 mdl_G_UVb_1EPS_ =    3.1300472141406080E-003
 mdl_GWcft_UV_t_1EPS_ =   -3.1300472141406080E-003
 mdl_tWcft_UV_1EPS_ =   -1.8780283284843650E-002
 mdl_G__exp__3 =    1.8056676068262196     
 mdl_MU_R__exp__2 =    8315.2513440000002     
 mdl_G_UVt_FIN_ =   -4.0087659331150384E-003
 mdl_GWcft_UV_t_FIN_ =    4.0087659331150384E-003
 mdl_tWcft_UV_FIN_ =   -9.8778211443463623E-004
  Couplings of loop_sm-ckm_no_b_mass
  ---------------------------------
  
       UV_3Gt =   0.48815E-02   0.00000E+00
      UV_GQQt =   0.00000E+00  -0.48815E-02
   UVWfct_G_2 =   0.40088E-02   0.00000E+00
       R2_DDA =   0.00000E+00   0.25704E-02
       R2_UUA =  -0.00000E+00  -0.51409E-02
    R2_DDZ_V2 =   0.00000E+00   0.72127E-02
    R2_UUZ_V2 =  -0.00000E+00  -0.72127E-02
    R2_UUZ_V5 =   0.00000E+00   0.68702E-03
      R2_GGHt =   0.00000E+00  -0.45657E+01
     R2_GGZup =  -0.46369E-02   0.00000E+00
   R2_GGZdown =   0.46369E-02   0.00000E+00
 R2_GGGZvecUp =   0.00000E+00   0.28750E-03
 R2_GGGZvecDown  -0.00000E+00  -0.49665E-03
 R2_GGGZaxialUp  -0.00000E+00  -0.63522E-02
 R2_GGGZaxialDow  0.00000E+00   0.63522E-02
 R2_GGGAvecUp =   0.00000E+00   0.78251E-03
 R2_GGGAvecDown  -0.00000E+00  -0.39126E-03
         GC_4 =  -0.12177E+01   0.00000E+00
         GC_5 =   0.00000E+00   0.12177E+01
         GC_6 =   0.00000E+00   0.14828E+01
       R2_3Gq =   0.76230E-02   0.00000E+00
       R2_3Gg =   0.31445E-01   0.00000E+00
       R2_GQQ =  -0.00000E+00  -0.30492E-01
       R2_GGq =   0.00000E+00   0.62601E-02
       R2_GGt =  -0.00000E+00  -0.11242E+04
     R2_GGg_1 =   0.00000E+00   0.28170E-01
     R2_GGg_2 =  -0.00000E+00  -0.18780E-01
       R2_QQq =   0.00000E+00   0.12520E-01
  UV_3Gg_1eps =   0.62890E-01   0.00000E+00
  UV_3Gb_1eps =  -0.38115E-02   0.00000E+00
 UV_GQQg_1eps =   0.00000E+00  -0.62890E-01
 UV_GQQq_1eps =   0.00000E+00   0.38115E-02
 UVWfct_G_2_1eps -0.31300E-02   0.00000E+00
         GC_1 =  -0.00000E+00  -0.10265E+00
         GC_2 =   0.00000E+00   0.20530E+00
        GC_21 =  -0.00000E+00  -0.28804E+00
        GC_22 =   0.00000E+00   0.28804E+00
        GC_23 =  -0.00000E+00  -0.27437E-01
        GC_24 =   0.00000E+00   0.82310E-01
        GC_37 =  -0.00000E+00  -0.70263E+00
        GC_38 =  -0.00000E+00  -0.72172E-02
      GC_1003 =  -0.00000E+00  -0.30795E+00

 Collider parameters:
 --------------------

 Running at P P   machine @    13000.000000000000       GeV
 PDF set = lhapdf 
 alpha_s(Mz)= 0.1180 running at 3 loops.
 alpha_s(Mz)= 0.1180 running at 3 loops.
 Renormalization scale set on event-by-event basis
 Factorization   scale set on event-by-event basis


 ===============================================================
 INFO: MadFKS read these parameters from FKS_params.dat
 ===============================================================
  > IRPoleCheckThreshold      =    1.0000000000000001E-005
  > PrecisionVirtualAtRunTime =    1.0000000000000000E-003
  > NHelForMCoverHels         =            4
  > VirtualFraction           =    1.0000000000000000     
  > MinVirtualFraction        =    5.0000000000000001E-003
 ===============================================================
  Insert the number of points to test
 Insert the relative tolerance
  A negative number will mean use the default one:    1.0000000000000001E-005
Using random seed offsets:     0 ,     41 ,      0
  with seed                   32
 Ranmar initialization seeds       10729        9447
  ========================================================================================== 
 {                                                                                          }
 {       [32m                                                                            [0m       }
 {       [32m                               ,,                                           [0m       }
 {       [32m`7MMM.     ,MMF'             `7MM  `7MMF'                                   [0m       }
 {       [32m  MMMb    dPMM                 MM    MM                                     [0m       }
 {       [32m  M YM   ,M MM   ,6"Yb.   ,M""bMM    MM         ,pW"Wq.   ,pW"Wq.`7MMpdMAo. [0m       }
 {       [32m  M  Mb  M' MM  8)   MM ,AP    MM    MM        6W'   `Wb 6W'   `Wb MM   `Wb [0m       }
 {       [32m  M  YM.P'  MM   ,pm9MM 8MI    MM    MM      , 8M     M8 8M     M8 MM    M8 [0m       }
 {       [32m  M  `YM'   MM  8M   MM `Mb    MM    MM     ,M YA.   ,A9 YA.   ,A9 MM   ,AP [0m       }
 {       [32m.JML. `'  .JMML.`Moo9^Yo.`Wbmd"MML..JMMmmmmMMM  `Ybmd9'   `Ybmd9'  MMbmmd'  [0m       }
 {       [32m                                                                   MM       [0m       }
 {       [32m                                                                 .JMML.     [0m       }
 {       [32m[0mv2.4.2 (2016-06-10), Ref: arXiv:1103.0621v2, arXiv:1405.0301[32m                [0m       }
 {       [32m                                                                            [0m       }
 {                                                                                          }
  ========================================================================================== 
 ===============================================================
 INFO: MadLoop read these parameters from ./MadLoop5_resources/MadLoopParams.dat                                                                                                                                                                                                                                                                                                                                                                                                                                                                                          
 ===============================================================
  > MLReductionLib            = 6|1|2
  > IREGIMODE                 =            2
  > IREGIRECY                 =  T
  > CTModeRun                 =           -1
  > MLStabThres               =    1.0000000000000000E-003
  > NRotations_DP             =            1
  > NRotations_QP             =            0
  > CTStabThres               =    1.0000000000000000E-002
  > CTLoopLibrary             =            2
  > CTModeInit                =            1
  > CheckCycle                =            3
  > MaxAttempts               =           10
  > UseLoopFilter             =  F
  > HelicityFilterLevel       =            2
  > ImprovePSPoint            =            2
  > DoubleCheckHelicityFilter =  T
  > LoopInitStartOver         =  F
  > HelInitStartOver          =  F
  > ZeroThres                 =    1.0000000000000001E-009
  > OSThres                   =    1.0000000000000000E-008
  > WriteOutFilters           =  T
  > UseQPIntegrandForNinja    =  F
  > UseQPIntegrandForCutTools =  T
 ===============================================================
  
------------------------------------------------------------------------
|              You are using CutTools - Version 1.9.3                  |
|              Authors: G. Ossola, C. Papadopoulos, R. Pittau          |
|              Published in JHEP 0803:042,2008                         |
|              http://www.ugr.es/~pittau/CutTools                      |
|                                                                      |
|              Compiler with  34  significant digits detetected        |
 ---------------------------------------------------------------------- 
   
########################################################################
#                                                                      #
#                      You are using OneLOop-3.6                       #
#                                                                      #
# for the evaluation of 1-loop scalar 1-, 2-, 3- and 4-point functions #
#                                                                      #
# author: Andreas van Hameren <hamerenREMOVETHIS@ifj.edu.pl>           #
#   date: 18-02-2015                                                   #
#                                                                      #
# Please cite                                                          #
#    A. van Hameren,                                                   #
#      Comput.Phys.Commun. 182 (2011) 2427-2438, arXiv:1007.4716       #
#    A. van Hameren, C.G. Papadopoulos and R. Pittau,                  #
#      JHEP 0909:106,2009, arXiv:0903.4665                             #
# in publications with results obtained with the help of this program. #
#                                                                      #
########################################################################
 PASSED   1.0000000000000001E-005
 MU_R    =    325.00000000000000     
 ALPHA_S =   0.11799999999999999     
 BORN                    2.7554273785731251E-007
 SINGLE POLE (MadFKS)   -1.0440394754996818E-007
 DOUBLE POLE (MadFKS)   -4.4848012508361755E-008
 SINGLE POLE (MadLoop)  -1.0440394760702964E-007
 DOUBLE POLE (MadLoop)  -4.4848012508358969E-008
 FINITE PART (MadLoop)  -2.1696731208363087E-008
   325.00000000000000        0.0000000000000000        0.0000000000000000        325.00000000000000        0.0000000000000000     
   325.00000000000000        0.0000000000000000        0.0000000000000000       -325.00000000000000        0.0000000000000000     
   272.87546889524481       -190.66010265308046        91.622861176220468       -172.38038777946741        0.0000000000000000     
   35.194568617809729        4.8528963461907377        12.403267492602858       -32.577078026639938        0.0000000000000000     
   289.58729567820603        145.97048774375696       -137.76721399830981        208.74293586421138        0.0000000000000000     
   52.342666808739658        39.836718563132756        33.741085329486509       -3.7854700581040466        0.0000000000000000     

 PASSED   1.0000000000000001E-005
 MU_R    =    325.00000000000000     
 ALPHA_S =   0.11799999999999999     
 BORN                    5.9435143464983077E-010
 SINGLE POLE (MadFKS)   -1.9175116018376619E-010
 DOUBLE POLE (MadFKS)   -9.6738098716801174E-011
 SINGLE POLE (MadLoop)  -1.9175116018376870E-010
 DOUBLE POLE (MadLoop)  -9.6738098716800799E-011
 FINITE PART (MadLoop)  -9.9773838688996227E-011
   325.00000000000000        0.0000000000000000        0.0000000000000000        325.00000000000000        0.0000000000000000     
   325.00000000000000        0.0000000000000000        0.0000000000000000       -325.00000000000000        0.0000000000000000     
   232.32898373794006       -131.08990217423937       -35.134100606742159        188.56773108675759        0.0000000000000000     
   135.86397691768414        23.444877406815738       -114.81556203257198       -68.751324804784758        0.0000000000000000     
   239.96887829928596        144.76803369339797        160.76451859582048       -103.83664350035026        0.0000000000000000     
   41.838161045089812       -37.123008925974332       -10.814855956506371       -15.979762781622352        0.0000000000000000     

 PASSED   1.0000000000000001E-005
 MU_R    =    325.00000000000000     
 ALPHA_S =   0.11799999999999999     
 BORN                    7.4678097095403068E-010
 SINGLE POLE (MadFKS)   -2.8859403723614317E-010
 DOUBLE POLE (MadFKS)   -1.2154790428080987E-010
 SINGLE POLE (MadLoop)  -2.8859403723611230E-010
 DOUBLE POLE (MadLoop)  -1.2154790428081387E-010
 FINITE PART (MadLoop)  -2.8844495100815110E-010
   325.00000000000000        0.0000000000000000        0.0000000000000000        325.00000000000000        0.0000000000000000     
   325.00000000000000        0.0000000000000000        0.0000000000000000       -325.00000000000000        0.0000000000000000     
   282.92857178021086       -212.21592174907238       -89.728310253829264        164.20051651798798        0.0000000000000000     
   203.92855639238110        178.71451965650263        97.287867990538331       -13.529498072052231        0.0000000000000000     
   120.45593696878061        32.740993374850980        15.658151242125264       -114.85853213206906        0.0000000000000000     
   42.686934858627566       0.76040871771874419       -23.217708978834285       -35.812486313866678        0.0000000000000000     

 PASSED   1.0000000000000001E-005
 MU_R    =    325.00000000000000     
 ALPHA_S =   0.11799999999999999     
 BORN                    1.3389368246303498E-010
 SINGLE POLE (MadFKS)   -2.7128910404789775E-011
 DOUBLE POLE (MadFKS)   -2.1792864484791395E-011
 SINGLE POLE (MadLoop)  -2.7128910404781190E-011
 DOUBLE POLE (MadLoop)  -2.1792864484791411E-011
 FINITE PART (MadLoop)   4.0256487403925806E-011
   325.00000000000000        0.0000000000000000        0.0000000000000000        325.00000000000000        0.0000000000000000     
   325.00000000000000        0.0000000000000000        0.0000000000000000       -325.00000000000000        0.0000000000000000     
   87.712550552223320        75.722808826819204       -9.2781125509069593        43.283534689833559        0.0000000000000000     
   187.41664262609032       -121.11359629934779       -56.370548185423331       -131.44906246127863        0.0000000000000000     
   197.71708034283498       -81.444194208106225        176.90037908058267        34.134190633929741        0.0000000000000000     
   177.15372647885133        126.83498168063478       -111.25171834425240        54.031337137515330        0.0000000000000000     

 PASSED   1.0000000000000001E-005
 MU_R    =    325.00000000000000     
 ALPHA_S =   0.11799999999999999     
 BORN                    2.5382193077154478E-010
 SINGLE POLE (MadFKS)   -8.2192584419136496E-011
 DOUBLE POLE (MadFKS)   -4.1312680619561736E-011
 SINGLE POLE (MadLoop)  -8.2192584419134156E-011
 DOUBLE POLE (MadLoop)  -4.1312680619562550E-011
 FINITE PART (MadLoop)  -1.6790854689583896E-011
   325.00000000000000        0.0000000000000000        0.0000000000000000        325.00000000000000        0.0000000000000000     
   325.00000000000000        0.0000000000000000        0.0000000000000000       -325.00000000000000        0.0000000000000000     
   199.47000721455166        115.55378389417179       -42.323586391902907        156.98509751195965        0.0000000000000000     
   208.44393725258757       -176.51796675012883       -57.617197460059977       -94.712939710524992        0.0000000000000000     
   172.09706784260518        99.371820238262643        78.335032359695361       -116.64589494603798        0.0000000000000000     
   69.988987690255385       -38.407637382305580        21.605751492267551        54.373737144603446        0.0000000000000000     

 PASSED   1.0000000000000001E-005
 MU_R    =    325.00000000000000     
 ALPHA_S =   0.11799999999999999     
 BORN                    4.7391994154669384E-009
 SINGLE POLE (MadFKS)   -2.1746055689317956E-009
 DOUBLE POLE (MadFKS)   -7.7136373223723268E-010
 SINGLE POLE (MadLoop)  -2.1746055689321339E-009
 DOUBLE POLE (MadLoop)  -7.7136373223731633E-010
 FINITE PART (MadLoop)  -1.7600472955757715E-009
   325.00000000000000        0.0000000000000000        0.0000000000000000        325.00000000000000        0.0000000000000000     
   325.00000000000000        0.0000000000000000        0.0000000000000000       -325.00000000000000        0.0000000000000000     
   34.830900560111523        1.6107145073343114        22.030203359505300        26.930788561478881        0.0000000000000000     
   293.05056303181209        34.994871292871920        184.14846640260845       -225.26281050813688        0.0000000000000000     
   266.08035621880856       -56.812409158753582       -214.56508326756406        146.74103438878197        0.0000000000000000     
   56.038180189267891        20.206823358547322        8.3864135054503866        51.590987557876048        0.0000000000000000     

 PASSED   1.0000000000000001E-005
 MU_R    =    325.00000000000000     
 ALPHA_S =   0.11799999999999999     
 BORN                    1.0057838890538918E-008
 SINGLE POLE (MadFKS)   -2.7610233564684997E-009
 DOUBLE POLE (MadFKS)   -1.6370385511795330E-009
 SINGLE POLE (MadLoop)  -2.7610233564682189E-009
 DOUBLE POLE (MadLoop)  -1.6370385511795438E-009
 FINITE PART (MadLoop)   4.3745297745815009E-009
   325.00000000000000        0.0000000000000000        0.0000000000000000        325.00000000000000        0.0000000000000000     
   325.00000000000000        0.0000000000000000        0.0000000000000000       -325.00000000000000        0.0000000000000000     
   77.425756584836833       -17.262882186503251       -75.467530966127228        1.1800217057081810        0.0000000000000000     
   186.06478243252110        46.946983240904729        63.505382075146791       -168.47299627456394        0.0000000000000000     
   131.24733547264589       -71.477202634743321        80.575103518713945       -74.996835034084057        0.0000000000000000     
   255.26212550999617        41.793101580341840       -68.612954627733501        242.28980960293984        0.0000000000000000     

 PASSED   1.0000000000000001E-005
 MU_R    =    325.00000000000000     
 ALPHA_S =   0.11799999999999999     
 BORN                    2.9383367940263695E-010
 SINGLE POLE (MadFKS)   -1.1572075408122058E-010
 DOUBLE POLE (MadFKS)   -4.7825091061015234E-011
 SINGLE POLE (MadLoop)  -1.1572075408125995E-010
 DOUBLE POLE (MadLoop)  -4.7825091061016766E-011
 FINITE PART (MadLoop)  -3.6105095709389471E-011
   325.00000000000000        0.0000000000000000        0.0000000000000000        325.00000000000000        0.0000000000000000     
   325.00000000000000        0.0000000000000000        0.0000000000000000       -325.00000000000000        0.0000000000000000     
   162.49083335222187        29.017283465122812       -123.72199474314627        101.26270883489707        0.0000000000000000     
   298.91150969316948       -160.37360909050906        192.13261174151029       -163.44251478645424        0.0000000000000000     
   106.56133854513267        102.15494477418690       -30.035834810508337       -4.1874524414089498        0.0000000000000000     
   82.036318409475740        29.201380851199207       -38.374782187855658        66.367258392966193        0.0000000000000000     

 PASSED   1.0000000000000001E-005
 MU_R    =    325.00000000000000     
 ALPHA_S =   0.11799999999999999     
 BORN                    2.8175198343259545E-008
 SINGLE POLE (MadFKS)   -7.7971642258974017E-009
 DOUBLE POLE (MadFKS)   -4.5858644562732884E-009
 SINGLE POLE (MadLoop)  -7.7971642258978137E-009
 DOUBLE POLE (MadLoop)  -4.5858644562731884E-009
 FINITE PART (MadLoop)  -4.5874996273710975E-009
   325.00000000000000        0.0000000000000000        0.0000000000000000        325.00000000000000        0.0000000000000000     
   325.00000000000000        0.0000000000000000        0.0000000000000000       -325.00000000000000        0.0000000000000000     
   288.24245730451594       0.60949698906396688       -120.05975199667262        262.04770301772061        0.0000000000000000     
   20.921662911825948       -9.9071299335770995       -17.765288897272974       -4.8948203104632633        0.0000000000000000     
   230.90004058342510       -38.417965292939364        161.10374333005058       -160.88652078164603        0.0000000000000000     
   109.93583920023299        47.715598237452490       -23.278702436104993       -96.266361925611307        0.0000000000000000     

 PASSED   1.0000000000000001E-005
 MU_R    =    325.00000000000000     
 ALPHA_S =   0.11799999999999999     
 BORN                    1.7526363743036814E-010
 SINGLE POLE (MadFKS)   -3.8888100412076640E-011
 DOUBLE POLE (MadFKS)   -2.8526339924111815E-011
 SINGLE POLE (MadLoop)  -3.8888100412074391E-011
 DOUBLE POLE (MadLoop)  -2.8526339924111857E-011
 FINITE PART (MadLoop)   6.1499887883706866E-011
   325.00000000000000        0.0000000000000000        0.0000000000000000        325.00000000000000        0.0000000000000000     
   325.00000000000000        0.0000000000000000        0.0000000000000000       -325.00000000000000        0.0000000000000000     
   121.00430222210476       -120.00413429250158       -15.521524797703798       0.36218354460068286        0.0000000000000000     
   234.89241714914635        197.68767344910302       -120.27950815086530       -40.334492923989693        0.0000000000000000     
   108.06544052867170       -41.878558610494260        16.530429852980678       -98.239862857390847        0.0000000000000000     
   186.03784010007689       -35.804980546107110        119.27060309558843        138.21217223677988        0.0000000000000000     

 PASSED   1.0000000000000001E-005
 MU_R    =    325.00000000000000     
 ALPHA_S =   0.11799999999999999     
 BORN                    1.2910132023264844E-010
 SINGLE POLE (MadFKS)   -1.9701082701709025E-011
 DOUBLE POLE (MadFKS)   -2.1012847842275941E-011
 SINGLE POLE (MadLoop)  -1.9701082701709345E-011
 DOUBLE POLE (MadLoop)  -2.1012847842276151E-011
 FINITE PART (MadLoop)   2.6423631645686746E-011
   325.00000000000000        0.0000000000000000        0.0000000000000000        325.00000000000000        0.0000000000000000     
   325.00000000000000        0.0000000000000000        0.0000000000000000       -325.00000000000000        0.0000000000000000     
   201.88528742203050        45.039182712323118        119.10173156549666        156.66498918450844        0.0000000000000000     
   91.315891511078263        75.786637756808062       -50.500956283342916        6.6806432661274853        0.0000000000000000     
   187.88649261333603       -55.875418535491690        87.186330267541422       -156.77313393724057        0.0000000000000000     
   168.91232845355557       -64.950401933639625       -155.78710554969535       -6.5724985133952867        0.0000000000000000     

 PASSED   1.0000000000000001E-005
 MU_R    =    325.00000000000000     
 ALPHA_S =   0.11799999999999999     
 BORN                    1.6613357522527809E-010
 SINGLE POLE (MadFKS)   -4.4980218748501648E-011
 DOUBLE POLE (MadFKS)   -2.7040308584073243E-011
 SINGLE POLE (MadLoop)  -4.4980218748501667E-011
 DOUBLE POLE (MadLoop)  -2.7040308584073195E-011
 FINITE PART (MadLoop)   2.9696600929915811E-011
   325.00000000000000        0.0000000000000000        0.0000000000000000        325.00000000000000        0.0000000000000000     
   325.00000000000000        0.0000000000000000        0.0000000000000000       -325.00000000000000        0.0000000000000000     
   202.32708060103863        44.385148934677304       -157.33701931425489       -119.21102487560243        0.0000000000000000     
   237.82685415740141       -34.690893810328248        22.986636402691484        234.15757299719533        0.0000000000000000     
   64.595129864798594       -52.239709184420676        27.587710996431891       -26.123969617091120        0.0000000000000000     
   145.25093537676119        42.545454060071521        106.76267191513152       -88.822578504501834        0.0000000000000000     

 PASSED   1.0000000000000001E-005
 MU_R    =    325.00000000000000     
 ALPHA_S =   0.11799999999999999     
 BORN                    1.8686978236292876E-010
 SINGLE POLE (MadFKS)   -3.9696026799547968E-011
 DOUBLE POLE (MadFKS)   -3.0415384567991640E-011
 SINGLE POLE (MadLoop)  -3.9696026799552556E-011
 DOUBLE POLE (MadLoop)  -3.0415384567991640E-011
 FINITE PART (MadLoop)   3.5344698730407346E-011
   325.00000000000000        0.0000000000000000        0.0000000000000000        325.00000000000000        0.0000000000000000     
   325.00000000000000        0.0000000000000000        0.0000000000000000       -325.00000000000000        0.0000000000000000     
   161.56354738508489       -156.30732178244361       -28.588779451962647        29.214426064861026        0.0000000000000000     
   79.377878725287417        79.083522886613181       -6.6456474203593681       -1.5746139632430050        0.0000000000000000     
   194.41934609485622        94.357623376882785       -153.01987396576078        74.029988640553711        0.0000000000000000     
   214.63922779477147       -17.133824481052351        188.25430083808277       -101.66980074217174        0.0000000000000000     

 PASSED   1.0000000000000001E-005
 MU_R    =    325.00000000000000     
 ALPHA_S =   0.11799999999999999     
 BORN                    7.8041987292757295E-010
 SINGLE POLE (MadFKS)   -2.5444618650128613E-010
 DOUBLE POLE (MadFKS)   -1.2702305455407971E-010
 SINGLE POLE (MadLoop)  -2.5444618650130412E-010
 DOUBLE POLE (MadLoop)  -1.2702305455408363E-010
 FINITE PART (MadLoop)  -6.9424307483381334E-011
   325.00000000000000        0.0000000000000000        0.0000000000000000        325.00000000000000        0.0000000000000000     
   325.00000000000000        0.0000000000000000        0.0000000000000000       -325.00000000000000        0.0000000000000000     
Thanks for using LHAPDF 6.2.1. Please make sure to cite the paper:
  Eur.Phys.J. C75 (2015) 3, 132  (http://arxiv.org/abs/1412.7420)
   92.253503560856885       -69.629823774933925        53.078898852066921        29.069349097919680        0.0000000000000000     
   260.44412265896051       -182.37633100409775       -184.95307966989481        19.036103532522795        0.0000000000000000     
   202.77223353749804        158.66340673191200        116.94685063631835       -47.601850638983770        0.0000000000000000     
   94.530140242684865        93.342748047119656        14.927330181509568      -0.50360199145867413        0.0000000000000000     

 PASSED   1.0000000000000001E-005
 MU_R    =    325.00000000000000     
 ALPHA_S =   0.11799999999999999     
 BORN                    3.7684531533107735E-010
 SINGLE POLE (MadFKS)   -1.2958069868270712E-010
 DOUBLE POLE (MadFKS)   -6.1336268729526832E-011
 SINGLE POLE (MadLoop)  -1.2958069868270781E-010
 DOUBLE POLE (MadLoop)  -6.1336268729527607E-011
 FINITE PART (MadLoop)   2.2036980930780038E-011
   325.00000000000000        0.0000000000000000        0.0000000000000000        325.00000000000000        0.0000000000000000     
   325.00000000000000        0.0000000000000000        0.0000000000000000       -325.00000000000000        0.0000000000000000     
   60.538641097463177       -52.422712181678015       -7.2036942136541633        29.409064982086203        0.0000000000000000     
   258.53048150570828        157.02342824606274        202.87576085738982        31.985598414944928        0.0000000000000000     
   174.83654516785700       -78.526108341754920       -134.31921051544930        79.748464069457057        0.0000000000000000     
   156.09433222897161       -26.074607722629811       -61.352856128286376       -141.14312746648815        0.0000000000000000     

 PASSED   1.0000000000000001E-005
 MU_R    =    325.00000000000000     
 ALPHA_S =   0.11799999999999999     
 BORN                    1.0152614958732889E-009
 SINGLE POLE (MadFKS)   -1.6016393060014944E-010
 DOUBLE POLE (MadFKS)   -1.6524645367268557E-010
 SINGLE POLE (MadLoop)  -1.6016393060015138E-010
 DOUBLE POLE (MadLoop)  -1.6524645367268552E-010
 FINITE PART (MadLoop)   2.3928925273822733E-010
   325.00000000000000        0.0000000000000000        0.0000000000000000        325.00000000000000        0.0000000000000000     
   325.00000000000000        0.0000000000000000        0.0000000000000000       -325.00000000000000        0.0000000000000000     
   126.40212300305640       -11.694775084691637        72.949407603879123       -102.56272649282185        0.0000000000000000     
   57.246115233948046       -25.301030971499287       -35.369621213698373        37.228556732126897        0.0000000000000000     
   236.37409682472540        194.17791989039716        128.48669255876487        40.728600664061545        0.0000000000000000     
   229.97766493826998       -157.18211383420626       -166.06647894894564        24.605569096633413        0.0000000000000000     

 PASSED   1.0000000000000001E-005
 MU_R    =    325.00000000000000     
 ALPHA_S =   0.11799999999999999     
 BORN                    1.5908948578944151E-009
 SINGLE POLE (MadFKS)   -6.2085368030009816E-010
 DOUBLE POLE (MadFKS)   -2.5893795293303770E-010
 SINGLE POLE (MadLoop)  -6.2085368030009744E-010
 DOUBLE POLE (MadLoop)  -2.5893795293303512E-010
 FINITE PART (MadLoop)  -2.9491038114591595E-010
   325.00000000000000        0.0000000000000000        0.0000000000000000        325.00000000000000        0.0000000000000000     
   325.00000000000000        0.0000000000000000        0.0000000000000000       -325.00000000000000        0.0000000000000000     
   214.37601449785342       -120.57530208956300       -55.766739911064818       -168.25202179375484        0.0000000000000000     
   241.38131520110528        184.54159493414744       -42.534503932037424        149.66681343114078        0.0000000000000000     
   149.55528585598429       -82.583550937599099        124.02157667273730       -12.860371752422237        0.0000000000000000     
   44.687384445056672        18.617258093014669       -25.720332829635137        31.445580115036293        0.0000000000000000     

 PASSED   1.0000000000000001E-005
 MU_R    =    325.00000000000000     
 ALPHA_S =   0.11799999999999999     
 BORN                    1.5695677991827926E-010
 SINGLE POLE (MadFKS)   -4.4793329199162167E-011
 DOUBLE POLE (MadFKS)   -2.5546670849631905E-011
 SINGLE POLE (MadLoop)  -4.4793329199167085E-011
 DOUBLE POLE (MadLoop)  -2.5546670849631925E-011
 FINITE PART (MadLoop)   2.8543104694140196E-011
   325.00000000000000        0.0000000000000000        0.0000000000000000        325.00000000000000        0.0000000000000000     
   325.00000000000000        0.0000000000000000        0.0000000000000000       -325.00000000000000        0.0000000000000000     
   155.53849867550318        83.595729392814036        74.816018667292909       -107.73366209448282        0.0000000000000000     
   184.49289600603279       -126.02979615123036        78.947984381841039        109.18486580482087        0.0000000000000000     
   172.27231432131319       -69.829494312870835       -137.58842857299655        76.622557569187762        0.0000000000000000     
   137.69629099715090        112.26356107128716       -16.175574476137413       -78.073761279525797        0.0000000000000000     

 PASSED   1.0000000000000001E-005
 MU_R    =    325.00000000000000     
 ALPHA_S =   0.11799999999999999     
 BORN                    3.1153826330446967E-009
 SINGLE POLE (MadFKS)   -7.6964357058445813E-010
 DOUBLE POLE (MadFKS)   -5.0706732604026644E-010
 SINGLE POLE (MadLoop)  -7.6964357058441657E-010
 DOUBLE POLE (MadLoop)  -5.0706732604026323E-010
 FINITE PART (MadLoop)   3.1663946574500575E-010
   325.00000000000000        0.0000000000000000        0.0000000000000000        325.00000000000000        0.0000000000000000     
   325.00000000000000        0.0000000000000000        0.0000000000000000       -325.00000000000000        0.0000000000000000     
   258.76176813033783       -240.69530035926931        71.489303065301726        62.551615311974786        0.0000000000000000     
   38.563456137366018        10.450124132877898        35.851452648203384       -9.6233257182549359        0.0000000000000000     
   222.95060221411262        161.14260452710579       -49.153401168742732       -146.02730973143662        0.0000000000000000     
   129.72417351818345        69.102571699285647       -58.187354544762350        93.099020137716693        0.0000000000000000     

 PASSED   1.0000000000000001E-005
 MU_R    =    325.00000000000000     
 ALPHA_S =   0.11799999999999999     
 BORN                    5.1709578332796466E-010
 SINGLE POLE (MadFKS)   -1.1432117816627408E-010
 DOUBLE POLE (MadFKS)   -8.4163779234576674E-011
 SINGLE POLE (MadLoop)  -1.1432117816627229E-010
 DOUBLE POLE (MadLoop)  -8.4163779234577333E-011
 FINITE PART (MadLoop)   1.0663645191756803E-010
   325.00000000000000        0.0000000000000000        0.0000000000000000        325.00000000000000        0.0000000000000000     
   325.00000000000000        0.0000000000000000        0.0000000000000000       -325.00000000000000        0.0000000000000000     
   34.295139700451976       -21.253113373430104        9.4394863067779546        25.206306299690063        0.0000000000000000     
   244.79963944838630        139.01023349821972       -191.42997742868951        62.909317262880300        0.0000000000000000     
   273.51621345066496       -210.86540675012424        154.44602164612630       -80.581174316205221        0.0000000000000000     
   97.389007400496681        93.108286625334699        27.544469475785260       -7.5344492463651083        0.0000000000000000     

 NUMBER OF POINTS PASSING THE CHECK          20
 NUMBER OF POINTS FAILING THE CHECK           0
 TOLERANCE    1.0000000000000001E-005
