==== LHAPDF6 USING DEFAULT-TYPE LHAGLUE INTERFACE ====
LHAPDF 6.2.1 loading /cvmfs/cms.cern.ch/slc6_amd64_gcc481/external/lhapdf/6.2.1/share/LHAPDF/NNPDF31_nnlo_hessian_pdfas/NNPDF31_nnlo_hessian_pdfas_0000.dat
NNPDF31_nnlo_hessian_pdfas PDF set, member #0, version 1; LHAPDF ID = 306000
 A PDF is used, so alpha_s(MZ) is going to be modified
 Old value of alpha_s from param_card:   0.11799999999999999     
 New value of alpha_s from PDF lhapdf :  0.11800208008122040     
 using LHAPDF
 *****************************************************
 *               MadGraph/MadEvent                   *
 *        --------------------------------           *
 *          http://madgraph.hep.uiuc.edu             *
 *          http://madgraph.phys.ucl.ac.be           *
 *          http://madgraph.roma2.infn.it            *
 *        --------------------------------           *
 *                                                   *
 *          PARAMETER AND COUPLING VALUES            *
 *                                                   *
 *****************************************************

  External Params
  ---------------------------------
  
 MU_R =    91.188000000000002     
 aEWM1 =    132.50700000000001     
 mdl_Gf =    1.1663900000000000E-005
 aS =   0.11799999999999999     
 mdl_lamWS =   0.22530000000000000     
 mdl_AWS =   0.80800000000000005     
 mdl_rhoWS =   0.13200000000000001     
 mdl_etaWS =   0.34100000000000003     
 mdl_ymt =    173.00000000000000     
 mdl_ymtau =    1.7769999999999999     
 mdl_MT =    173.00000000000000     
 mdl_MZ =    91.188000000000002     
 mdl_MH =    125.00000000000000     
 mdl_MTA =    1.7769999999999999     
 mdl_WT =    1.4915000000000000     
 mdl_WZ =    2.4414039999999999     
 mdl_WW =    2.0476000000000001     
 mdl_WH =    6.3823389999999999E-003
  Internal Params
  ---------------------------------
  
 mdl_CKM33 =    1.0000000000000000     
 mdl_conjg__CKM3x3 =    1.0000000000000000     
 mdl_I4x33 =    0.0000000000000000     
 mdl_I1x33 =    0.0000000000000000     
 mdl_lhv =    1.0000000000000000     
 mdl_CKM3x3 =    1.0000000000000000     
 mdl_conjg__CKM33 =    1.0000000000000000     
 mdl_Ncol =    3.0000000000000000     
 mdl_CA =    3.0000000000000000     
 mdl_TF =   0.50000000000000000     
 mdl_CF =    1.3333333333333333     
 mdl_lamWS__exp__2 =    5.0760090000000001E-002
 mdl_CKM11 =  ( 0.97461995499999998     ,  0.0000000000000000     )
 mdl_CKM12 =  ( 0.22530000000000000     ,  0.0000000000000000     )
 mdl_complexi =  (  0.0000000000000000     ,  1.0000000000000000     )
 mdl_lamWS__exp__3 =    1.1436248277000001E-002
 mdl_CKM13 =  (  1.2197444962317122E-003, -3.1510066152652563E-003)
 mdl_CKM21 =  (-0.22530000000000000     ,  0.0000000000000000     )
 mdl_CKM22 =  ( 0.97461995499999998     ,  0.0000000000000000     )
 mdl_CKM23 =  (  4.1014152720000002E-002,  0.0000000000000000     )
 mdl_CKM31 =  (  8.0207441115842885E-003, -3.1510066152652563E-003)
 mdl_CKM32 =  ( -4.1014152720000002E-002,  0.0000000000000000     )
 mdl_MZ__exp__2 =    8315.2513440000002     
 mdl_MZ__exp__4 =    69143404.913893804     
 mdl_sqrt__2 =    1.4142135623730951     
 mdl_MH__exp__2 =    15625.000000000000     
 mdl_CKM1x1 =  ( 0.97461995499999998     ,  0.0000000000000000     )
 mdl_CKM1x2 =  ( 0.22530000000000000     ,  0.0000000000000000     )
 mdl_CKM1x3 =  (  1.2197444962317122E-003, -3.1510066152652563E-003)
 mdl_CKM2x1 =  (-0.22530000000000000     ,  0.0000000000000000     )
 mdl_CKM2x2 =  ( 0.97461995499999998     ,  0.0000000000000000     )
 mdl_CKM2x3 =  (  4.1014152720000002E-002,  0.0000000000000000     )
 mdl_CKM3x1 =  (  8.0207441115842885E-003, -3.1510066152652563E-003)
 mdl_CKM3x2 =  ( -4.1014152720000002E-002,  0.0000000000000000     )
 mdl_conjg__CKM1x3 =  (  1.2197444962317122E-003,  3.1510066152652563E-003)
 mdl_conjg__CKM2x3 =  (  4.1014152720000002E-002, -0.0000000000000000     )
 mdl_conjg__CKM2x1 =  (-0.22530000000000000     , -0.0000000000000000     )
 mdl_conjg__CKM3x1 =  (  8.0207441115842885E-003,  3.1510066152652563E-003)
 mdl_conjg__CKM2x2 =  ( 0.97461995499999998     , -0.0000000000000000     )
 mdl_conjg__CKM3x2 =  ( -4.1014152720000002E-002, -0.0000000000000000     )
 mdl_Ncol__exp__2 =    9.0000000000000000     
 mdl_MT__exp__2 =    29929.000000000000     
 mdl_conjg__CKM11 =  ( 0.97461995499999998     , -0.0000000000000000     )
 mdl_conjg__CKM12 =  ( 0.22530000000000000     , -0.0000000000000000     )
 mdl_conjg__CKM13 =  (  1.2197444962317122E-003,  3.1510066152652563E-003)
 mdl_conjg__CKM21 =  (-0.22530000000000000     , -0.0000000000000000     )
 mdl_conjg__CKM22 =  ( 0.97461995499999998     , -0.0000000000000000     )
 mdl_conjg__CKM23 =  (  4.1014152720000002E-002, -0.0000000000000000     )
 mdl_conjg__CKM31 =  (  8.0207441115842885E-003,  3.1510066152652563E-003)
 mdl_conjg__CKM32 =  ( -4.1014152720000002E-002, -0.0000000000000000     )
 mdl_aEW =    7.5467711139788835E-003
 mdl_MW =    80.419002445756163     
 mdl_sqrt__aEW =    8.6872153846781555E-002
 mdl_ee =   0.30795376724436879     
 mdl_MW__exp__2 =    6467.2159543705357     
 mdl_sw2 =   0.22224648578577766     
 mdl_cw =   0.88190334743339216     
 mdl_sqrt__sw2 =   0.47143025548407230     
 mdl_sw =   0.47143025548407230     
 mdl_g1 =   0.34919219678733299     
 mdl_gw =   0.65323293034757990     
 mdl_v =    246.21845810181637     
 mdl_v__exp__2 =    60623.529110035903     
 mdl_lam =   0.12886910601690263     
 mdl_yt =   0.99366614581500623     
 mdl_ytau =    1.0206617000654717E-002
 mdl_muH =    88.388347648318430     
 mdl_AxialZUp =  -0.18517701861793787     
 mdl_AxialZDown =   0.18517701861793787     
 mdl_VectorZUp =    7.5430507588273299E-002
 mdl_VectorZDown =  -0.13030376310310560     
 mdl_VectorAUp =   0.20530251149624587     
 mdl_VectorADown =  -0.10265125574812294     
 mdl_VectorWmDxU =   0.23095271737156670     
 mdl_AxialWmDxU =  -0.23095271737156670     
 mdl_VectorWpUxD =   0.23095271737156670     
 mdl_AxialWpUxD =  -0.23095271737156670     
 mdl_I2x13 =  (  7.9699418879263656E-003,  3.1310485988282153E-003)
 mdl_I2x23 =  ( -4.0754375057150453E-002, -0.0000000000000000     )
 mdl_I2x33 =  ( 0.99366614581500623     ,  0.0000000000000000     )
 mdl_I3x31 =  (  7.9699418879263656E-003, -3.1310485988282153E-003)
 mdl_I3x32 =  ( -4.0754375057150453E-002,  0.0000000000000000     )
 mdl_I3x33 =  ( 0.99366614581500623     ,  0.0000000000000000     )
 mdl_Vector_tdGp =  ( -7.9699418879263656E-003, -3.1310485988282153E-003)
 mdl_Vector_tsGp =  (  4.0754375057150453E-002,  0.0000000000000000     )
 mdl_Vector_tbGp =  (-0.99366614581500623     ,  0.0000000000000000     )
 mdl_Axial_tdGp =  ( -7.9699418879263656E-003, -3.1310485988282153E-003)
 mdl_Axial_tsGp =  (  4.0754375057150453E-002,  0.0000000000000000     )
 mdl_Axial_tbGp =  (-0.99366614581500623     , -0.0000000000000000     )
 mdl_Vector_tdGm =  (  7.9699418879263656E-003, -3.1310485988282153E-003)
 mdl_Vector_tsGm =  ( -4.0754375057150453E-002,  0.0000000000000000     )
 mdl_Vector_tbGm =  ( 0.99366614581500623     ,  0.0000000000000000     )
 mdl_Axial_tdGm =  ( -7.9699418879263656E-003,  3.1310485988282153E-003)
 mdl_Axial_tsGm =  (  4.0754375057150453E-002, -0.0000000000000000     )
 mdl_Axial_tbGm =  (-0.99366614581500623     ,  0.0000000000000000     )
 mdl_gw__exp__2 =   0.42671326129048615     
 mdl_cw__exp__2 =   0.77775351421422245     
 mdl_ee__exp__2 =    9.4835522759998875E-002
 mdl_sw__exp__2 =   0.22224648578577769     
 mdl_yt__exp__2 =   0.98737240933884918     
  Internal Params evaluated point by point
  ----------------------------------------
  
 mdl_sqrt__aS =   0.34351128074635334     
 mdl_G__exp__4 =    2.1987899468922913     
 mdl_G__exp__2 =    1.4828317324943823     
 mdl_R2MixedFactor_FIN_ =   -2.5040377713124864E-002
 mdl_G_UVg_1EPS_ =   -5.1645779033320030E-002
 mdl_G_UVq_1EPS_ =    3.1300472141406080E-003
 mdl_G_UVb_1EPS_ =    3.1300472141406080E-003
 mdl_GWcft_UV_t_1EPS_ =   -3.1300472141406080E-003
 mdl_tWcft_UV_1EPS_ =   -1.8780283284843650E-002
 mdl_G__exp__3 =    1.8056676068262196     
 mdl_MU_R__exp__2 =    8315.2513440000002     
 mdl_G_UVt_FIN_ =   -4.0087659331150384E-003
 mdl_GWcft_UV_t_FIN_ =    4.0087659331150384E-003
 mdl_tWcft_UV_FIN_ =   -9.8778211443463623E-004
  Couplings of loop_sm-ckm_no_b_mass
  ---------------------------------
  
       UV_3Gt =   0.48815E-02   0.00000E+00
      UV_GQQt =   0.00000E+00  -0.48815E-02
   UVWfct_G_2 =   0.40088E-02   0.00000E+00
       R2_DDA =   0.00000E+00   0.25704E-02
       R2_UUA =  -0.00000E+00  -0.51409E-02
    R2_DDZ_V2 =   0.00000E+00   0.72127E-02
    R2_UUZ_V2 =  -0.00000E+00  -0.72127E-02
    R2_UUZ_V5 =   0.00000E+00   0.68702E-03
      R2_GGHt =   0.00000E+00  -0.45657E+01
     R2_GGZup =  -0.46369E-02   0.00000E+00
   R2_GGZdown =   0.46369E-02   0.00000E+00
 R2_GGGZvecUp =   0.00000E+00   0.28750E-03
 R2_GGGZvecDown  -0.00000E+00  -0.49665E-03
 R2_GGGZaxialUp  -0.00000E+00  -0.63522E-02
 R2_GGGZaxialDow  0.00000E+00   0.63522E-02
 R2_GGGAvecUp =   0.00000E+00   0.78251E-03
 R2_GGGAvecDown  -0.00000E+00  -0.39126E-03
         GC_4 =  -0.12177E+01   0.00000E+00
         GC_5 =   0.00000E+00   0.12177E+01
         GC_6 =   0.00000E+00   0.14828E+01
       R2_3Gq =   0.76230E-02   0.00000E+00
       R2_3Gg =   0.31445E-01   0.00000E+00
       R2_GQQ =  -0.00000E+00  -0.30492E-01
       R2_GGq =   0.00000E+00   0.62601E-02
       R2_GGt =  -0.00000E+00  -0.11242E+04
     R2_GGg_1 =   0.00000E+00   0.28170E-01
     R2_GGg_2 =  -0.00000E+00  -0.18780E-01
       R2_QQq =   0.00000E+00   0.12520E-01
  UV_3Gg_1eps =   0.62890E-01   0.00000E+00
  UV_3Gb_1eps =  -0.38115E-02   0.00000E+00
 UV_GQQg_1eps =   0.00000E+00  -0.62890E-01
 UV_GQQq_1eps =   0.00000E+00   0.38115E-02
 UVWfct_G_2_1eps -0.31300E-02   0.00000E+00
         GC_1 =  -0.00000E+00  -0.10265E+00
         GC_2 =   0.00000E+00   0.20530E+00
        GC_21 =  -0.00000E+00  -0.28804E+00
        GC_22 =   0.00000E+00   0.28804E+00
        GC_23 =  -0.00000E+00  -0.27437E-01
        GC_24 =   0.00000E+00   0.82310E-01
        GC_37 =  -0.00000E+00  -0.70263E+00
        GC_38 =  -0.00000E+00  -0.72172E-02
      GC_1003 =  -0.00000E+00  -0.30795E+00

 Collider parameters:
 --------------------

 Running at P P   machine @    13000.000000000000       GeV
 PDF set = lhapdf 
 alpha_s(Mz)= 0.1180 running at 3 loops.
 alpha_s(Mz)= 0.1180 running at 3 loops.
 Renormalization scale set on event-by-event basis
 Factorization   scale set on event-by-event basis


 ===============================================================
 INFO: MadFKS read these parameters from FKS_params.dat
 ===============================================================
  > IRPoleCheckThreshold      =    1.0000000000000001E-005
  > PrecisionVirtualAtRunTime =    1.0000000000000000E-003
  > NHelForMCoverHels         =            4
  > VirtualFraction           =    1.0000000000000000     
  > MinVirtualFraction        =    5.0000000000000001E-003
 ===============================================================
  Insert the number of points to test
 Insert the relative tolerance
  A negative number will mean use the default one:    1.0000000000000001E-005
Using random seed offsets:     0 ,     47 ,      0
  with seed                   32
 Ranmar initialization seeds       10729        9453
  ========================================================================================== 
 {                                                                                          }
 {       [32m                                                                            [0m       }
 {       [32m                               ,,                                           [0m       }
 {       [32m`7MMM.     ,MMF'             `7MM  `7MMF'                                   [0m       }
 {       [32m  MMMb    dPMM                 MM    MM                                     [0m       }
 {       [32m  M YM   ,M MM   ,6"Yb.   ,M""bMM    MM         ,pW"Wq.   ,pW"Wq.`7MMpdMAo. [0m       }
 {       [32m  M  Mb  M' MM  8)   MM ,AP    MM    MM        6W'   `Wb 6W'   `Wb MM   `Wb [0m       }
 {       [32m  M  YM.P'  MM   ,pm9MM 8MI    MM    MM      , 8M     M8 8M     M8 MM    M8 [0m       }
 {       [32m  M  `YM'   MM  8M   MM `Mb    MM    MM     ,M YA.   ,A9 YA.   ,A9 MM   ,AP [0m       }
 {       [32m.JML. `'  .JMML.`Moo9^Yo.`Wbmd"MML..JMMmmmmMMM  `Ybmd9'   `Ybmd9'  MMbmmd'  [0m       }
 {       [32m                                                                   MM       [0m       }
 {       [32m                                                                 .JMML.     [0m       }
 {       [32m[0mv2.4.2 (2016-06-10), Ref: arXiv:1103.0621v2, arXiv:1405.0301[32m                [0m       }
 {       [32m                                                                            [0m       }
 {                                                                                          }
  ========================================================================================== 
 ===============================================================
 INFO: MadLoop read these parameters from ./MadLoop5_resources/MadLoopParams.dat                                                                                                                                                                                                                                                                                                                                                                                                                                                                                          
 ===============================================================
  > MLReductionLib            = 6|1|2
  > IREGIMODE                 =            2
  > IREGIRECY                 =  T
  > CTModeRun                 =           -1
  > MLStabThres               =    1.0000000000000000E-003
  > NRotations_DP             =            1
  > NRotations_QP             =            0
  > CTStabThres               =    1.0000000000000000E-002
  > CTLoopLibrary             =            2
  > CTModeInit                =            1
  > CheckCycle                =            3
  > MaxAttempts               =           10
  > UseLoopFilter             =  F
  > HelicityFilterLevel       =            2
  > ImprovePSPoint            =            2
  > DoubleCheckHelicityFilter =  T
  > LoopInitStartOver         =  F
  > HelInitStartOver          =  F
  > ZeroThres                 =    1.0000000000000001E-009
  > OSThres                   =    1.0000000000000000E-008
  > WriteOutFilters           =  T
  > UseQPIntegrandForNinja    =  F
  > UseQPIntegrandForCutTools =  T
 ===============================================================
  
------------------------------------------------------------------------
|              You are using CutTools - Version 1.9.3                  |
|              Authors: G. Ossola, C. Papadopoulos, R. Pittau          |
|              Published in JHEP 0803:042,2008                         |
|              http://www.ugr.es/~pittau/CutTools                      |
|                                                                      |
|              Compiler with  34  significant digits detetected        |
 ---------------------------------------------------------------------- 
   
########################################################################
#                                                                      #
#                      You are using OneLOop-3.6                       #
#                                                                      #
# for the evaluation of 1-loop scalar 1-, 2-, 3- and 4-point functions #
#                                                                      #
# author: Andreas van Hameren <hamerenREMOVETHIS@ifj.edu.pl>           #
#   date: 18-02-2015                                                   #
#                                                                      #
# Please cite                                                          #
#    A. van Hameren,                                                   #
#      Comput.Phys.Commun. 182 (2011) 2427-2438, arXiv:1007.4716       #
#    A. van Hameren, C.G. Papadopoulos and R. Pittau,                  #
#      JHEP 0909:106,2009, arXiv:0903.4665                             #
# in publications with results obtained with the help of this program. #
#                                                                      #
########################################################################
 PASSED   1.0000000000000001E-005
 MU_R    =    325.00000000000000     
 ALPHA_S =   0.11799999999999999     
 BORN                    2.2677734820193037E-011
 SINGLE POLE (MadFKS)   -3.3161026784430249E-012
 DOUBLE POLE (MadFKS)   -2.2714361823028699E-012
 SINGLE POLE (MadLoop)  -3.3161026784431388E-012
 DOUBLE POLE (MadLoop)  -2.2714361823028724E-012
 FINITE PART (MadLoop)   1.0943396412611938E-011
   325.00000000000000        0.0000000000000000        0.0000000000000000        325.00000000000000        0.0000000000000000     
   325.00000000000000        0.0000000000000000        0.0000000000000000       -325.00000000000000        0.0000000000000000     
   289.29051700272157        135.64023133766804        179.88083731767398       -181.47621121309078        0.0000000000000000     
   190.16645255772451       -89.102187050606048       -89.476979746269024        142.18983802182865        0.0000000000000000     
   80.685821280667000       -53.332725798693730       -46.474980106808225       -38.805905976911113        0.0000000000000000     
   89.857209158886988        6.7946815116317154       -43.928877464596731        78.092279168173206        0.0000000000000000     

 PASSED   1.0000000000000001E-005
 MU_R    =    325.00000000000000     
 ALPHA_S =   0.11799999999999999     
 BORN                    1.6991299242565061E-010
 SINGLE POLE (MadFKS)   -2.4639248611010515E-011
 DOUBLE POLE (MadFKS)   -1.7018742034822463E-011
 SINGLE POLE (MadLoop)  -2.4639248608316662E-011
 DOUBLE POLE (MadLoop)  -1.7018742034822715E-011
 FINITE PART (MadLoop)   1.0803582784453613E-010
   325.00000000000000        0.0000000000000000        0.0000000000000000        325.00000000000000        0.0000000000000000     
   325.00000000000000        0.0000000000000000        0.0000000000000000       -325.00000000000000        0.0000000000000000     
   213.61359860531238       -16.756277515087881       -52.614511492780899        206.35336162351436        0.0000000000000000     
   104.79580246958118        89.570759904633505        54.128564452056487        5.4164283166618139        0.0000000000000000     
   174.11027130034509        45.713395252121153       -82.128832414992203       -146.55895384777153        0.0000000000000000     
   157.48032762476157       -118.52787764166681        80.614779455716601       -65.210836092404634        0.0000000000000000     

 PASSED   1.0000000000000001E-005
 MU_R    =    325.00000000000000     
 ALPHA_S =   0.11799999999999999     
 BORN                    2.0860313839403924E-011
 SINGLE POLE (MadFKS)   -1.7852779905053561E-012
 DOUBLE POLE (MadFKS)   -2.0894005510120008E-012
 SINGLE POLE (MadLoop)  -1.7852779905053801E-012
 DOUBLE POLE (MadLoop)  -2.0894005510120061E-012
 FINITE PART (MadLoop)   1.4071768053780239E-011
   325.00000000000000        0.0000000000000000        0.0000000000000000        325.00000000000000        0.0000000000000000     
   325.00000000000000        0.0000000000000000        0.0000000000000000       -325.00000000000000        0.0000000000000000     
   234.40708167293982       -103.49474834943481       -19.017040694024779        209.46090128172665        0.0000000000000000     
   135.13537292518976        42.730591040809273       -2.2167177147910673       -128.18249399783946        0.0000000000000000     
   103.60543809585232       -12.217234607982215        74.789185591841772        70.649866950165276        0.0000000000000000     
   176.85210730601813        72.981391916607762       -53.555427183025920       -151.92827423405248        0.0000000000000000     

 PASSED   1.0000000000000001E-005
 MU_R    =    325.00000000000000     
 ALPHA_S =   0.11799999999999999     
 BORN                    2.9925510059788207E-011
 SINGLE POLE (MadFKS)   -4.6449858834027725E-012
 DOUBLE POLE (MadFKS)   -2.9973843006200587E-012
 SINGLE POLE (MadLoop)  -4.6449858834027943E-012
 DOUBLE POLE (MadLoop)  -2.9973843006200486E-012
 FINITE PART (MadLoop)   9.1005233533138241E-012
   325.00000000000000        0.0000000000000000        0.0000000000000000        325.00000000000000        0.0000000000000000     
   325.00000000000000        0.0000000000000000        0.0000000000000000       -325.00000000000000        0.0000000000000000     
   169.28955458308778       -113.07030077895678       -124.60536567029067       -18.643047467344601        0.0000000000000000     
   166.58237674130262        116.00556495163670       -111.96427114421323        41.909415746082594        0.0000000000000000     
   266.55434929316357        29.440272317573701        260.40934565292918       -48.697681562700964        0.0000000000000000     
   47.573719382445894       -32.375536490253609       -23.839708838425317        25.431313283962965        0.0000000000000000     

 PASSED   1.0000000000000001E-005
 MU_R    =    325.00000000000000     
 ALPHA_S =   0.11799999999999999     
 BORN                    1.9199619779946511E-011
 SINGLE POLE (MadFKS)   -4.6763732501603806E-012
 DOUBLE POLE (MadFKS)   -1.9230629249529757E-012
 SINGLE POLE (MadLoop)  -4.6763732501597917E-012
 DOUBLE POLE (MadLoop)  -1.9230629249529757E-012
 FINITE PART (MadLoop)   5.6197564623346643E-012
   325.00000000000000        0.0000000000000000        0.0000000000000000        325.00000000000000        0.0000000000000000     
   325.00000000000000        0.0000000000000000        0.0000000000000000       -325.00000000000000        0.0000000000000000     
   289.69843896034610       -253.26217083451482        41.639579017724174        134.34881398612026        0.0000000000000000     
   272.82161261348051        232.18761801706128        3.2704541875856501       -143.21259189746610        0.0000000000000000     
   52.492060998655226        40.075291353705985       -21.313114721053321        26.365481821680046        0.0000000000000000     
   34.987887427518153       -19.000738536252449       -23.596918484256513       -17.501703910334221        0.0000000000000000     

 PASSED   1.0000000000000001E-005
 MU_R    =    325.00000000000000     
 ALPHA_S =   0.11799999999999999     
 BORN                    2.1190824953232391E-007
 SINGLE POLE (MadFKS)    3.4264700318883206E-010
 DOUBLE POLE (MadFKS)   -2.1225050435266027E-008
 SINGLE POLE (MadLoop)   3.4264700318799195E-010
 DOUBLE POLE (MadLoop)  -2.1225050435266206E-008
 FINITE PART (MadLoop)   2.9606982965029588E-007
   325.00000000000000        0.0000000000000000        0.0000000000000000        325.00000000000000        0.0000000000000000     
   325.00000000000000        0.0000000000000000        0.0000000000000000       -325.00000000000000        0.0000000000000000     
   35.104120936290002        16.559020429788244        27.444786935859089        14.313693414378678        0.0000000000000000     
   139.12663633744197       -40.877056410492806        27.892793246110081       -130.02799422706622        0.0000000000000000     
   182.91558107084521       -37.083386423505011       -54.485993381414005       -170.62886266716558        0.0000000000000000     
   292.85366165542302        61.401422404209562      -0.85158680055516711        286.34316347985316        0.0000000000000000     

 PASSED   1.0000000000000001E-005
 MU_R    =    325.00000000000000     
 ALPHA_S =   0.11799999999999999     
 BORN                    3.0224985001794943E-009
 SINGLE POLE (MadFKS)   -6.7448944343430160E-010
 DOUBLE POLE (MadFKS)   -3.0273801632739175E-010
 SINGLE POLE (MadLoop)  -6.7448944343430853E-010
 DOUBLE POLE (MadLoop)  -3.0273801632739273E-010
 FINITE PART (MadLoop)   4.6925070961780788E-010
   325.00000000000000        0.0000000000000000        0.0000000000000000        325.00000000000000        0.0000000000000000     
   325.00000000000000        0.0000000000000000        0.0000000000000000       -325.00000000000000        0.0000000000000000     
   152.90894266869216        77.811411315127756       -39.626060073645185       -125.52411871925356        0.0000000000000000     
   175.65119071789763        151.43433683552976       -18.718086918376962       -87.009284848886381        0.0000000000000000     
   199.82160136220395       -136.60662717356112        58.153787581268965        133.73645267155811        0.0000000000000000     
   121.61826525120600       -92.639120977096439       0.19035941075316029        78.796950896581819        0.0000000000000000     

 PASSED   1.0000000000000001E-005
 MU_R    =    325.00000000000000     
 ALPHA_S =   0.11799999999999999     
 BORN                    1.1199624517343958E-008
 SINGLE POLE (MadFKS)   -8.9619988036074841E-010
 DOUBLE POLE (MadFKS)   -1.1217713126378659E-009
 SINGLE POLE (MadLoop)  -8.9619988036065545E-010
 DOUBLE POLE (MadLoop)  -1.1217713126378734E-009
 FINITE PART (MadLoop)   4.0407733049008360E-009
   325.00000000000000        0.0000000000000000        0.0000000000000000        325.00000000000000        0.0000000000000000     
   325.00000000000000        0.0000000000000000        0.0000000000000000       -325.00000000000000        0.0000000000000000     
   54.993980148739567        53.164559676316571        5.3871859158357260        12.994063064782980        0.0000000000000000     
   7.7008938700523020        4.3294263460157412       -3.7844781255680506       -5.1222611441950940        0.0000000000000000     
   308.29046244837645       -160.79574406522289       -250.32049025637451       -80.792265006951368        0.0000000000000000     
   279.01466353283166        103.30175804289057        248.71778246610685        72.920463086363540        0.0000000000000000     

 PASSED   1.0000000000000001E-005
 MU_R    =    325.00000000000000     
 ALPHA_S =   0.11799999999999999     
 BORN                    2.4543817674728159E-011
 SINGLE POLE (MadFKS)   -3.3819761986557171E-012
 DOUBLE POLE (MadFKS)   -2.4583458603890528E-012
 SINGLE POLE (MadLoop)  -3.3819761986556994E-012
 DOUBLE POLE (MadLoop)  -2.4583458603890298E-012
 FINITE PART (MadLoop)   1.3424070240809419E-011
   325.00000000000000        0.0000000000000000        0.0000000000000000        325.00000000000000        0.0000000000000000     
   325.00000000000000        0.0000000000000000        0.0000000000000000       -325.00000000000000        0.0000000000000000     
   208.31493535109996        39.446040470892910       -202.66571445023678       -27.671833475155587        0.0000000000000000     
   241.35273284398315       -166.69576344505535        155.83068001349056        78.615922479243210        0.0000000000000000     
   117.65647544254425        55.970849531949035        45.771055809068358       -92.818751695748929        0.0000000000000000     
   82.675856362372429        71.278873442213438        1.0639786276778884        41.874662691661321        0.0000000000000000     

 PASSED   1.0000000000000001E-005
 MU_R    =    325.00000000000000     
 ALPHA_S =   0.11799999999999999     
 BORN                    6.0165893212480894E-011
 SINGLE POLE (MadFKS)   -9.7434385646601813E-012
 DOUBLE POLE (MadFKS)   -6.0263067659522295E-012
 SINGLE POLE (MadLoop)  -9.7434385646596885E-012
 DOUBLE POLE (MadLoop)  -6.0263067659518046E-012
 FINITE PART (MadLoop)   2.9580538873172116E-011
   325.00000000000000        0.0000000000000000        0.0000000000000000        325.00000000000000        0.0000000000000000     
   325.00000000000000        0.0000000000000000        0.0000000000000000       -325.00000000000000        0.0000000000000000     
   200.63800990041705       -29.001930883302926        70.178458891117003        185.71344305005974        0.0000000000000000     
   149.01019612449045        84.995769728392773        122.39134106718195      -0.34250418081608025        0.0000000000000000     
   199.11547585709556        13.157927397407942       -125.67074005003603       -153.88536892011018        0.0000000000000000     
   101.23631811799669       -69.151766242497885       -66.899059908263069       -31.485569949133470        0.0000000000000000     

 PASSED   1.0000000000000001E-005
 MU_R    =    325.00000000000000     
 ALPHA_S =   0.11799999999999999     
 BORN                    5.7101766446446605E-011
 SINGLE POLE (MadFKS)   -6.9674465527820303E-012
 DOUBLE POLE (MadFKS)   -5.7193991996226517E-012
 SINGLE POLE (MadLoop)  -6.9674465530102659E-012
 DOUBLE POLE (MadLoop)  -5.7193991996225960E-012
 FINITE PART (MadLoop)   2.3046072079428482E-011
   325.00000000000000        0.0000000000000000        0.0000000000000000        325.00000000000000        0.0000000000000000     
   325.00000000000000        0.0000000000000000        0.0000000000000000       -325.00000000000000        0.0000000000000000     
   43.541647918714816       -30.277932129641883       0.58707974748160874       -31.285416199888068        0.0000000000000000     
   218.35612337366547       -35.256886467379431       -200.19809699343674        79.731239370827552        0.0000000000000000     
   122.86100461848716        107.13417165761017       -48.520827123169042        35.536249863838776        0.0000000000000000     
   265.24122408913286       -41.599353060589067        248.13184436912414       -83.982073034778310        0.0000000000000000     

 PASSED   1.0000000000000001E-005
 MU_R    =    325.00000000000000     
 ALPHA_S =   0.11799999999999999     
 BORN                    3.4904554701670995E-011
 SINGLE POLE (MadFKS)   -4.2014531641606029E-012
 DOUBLE POLE (MadFKS)   -3.4960929345530806E-012
 SINGLE POLE (MadLoop)  -4.2014531641604195E-012
 DOUBLE POLE (MadLoop)  -3.4960929345530669E-012
 FINITE PART (MadLoop)   1.6323444376759701E-011
   325.00000000000000        0.0000000000000000        0.0000000000000000        325.00000000000000        0.0000000000000000     
   325.00000000000000        0.0000000000000000        0.0000000000000000       -325.00000000000000        0.0000000000000000     
   124.58448832241847       -52.466311426326492       -110.07135075620889       -25.551489948302024        0.0000000000000000     
   115.34443810868252       -36.282676786320692        94.805944466667867       -54.769879145477077        0.0000000000000000     
   205.44346919616586        27.748424516741373        202.18372357982980        23.638652490986704        0.0000000000000000     
   204.62760437273320        61.000563695905804       -186.91831729028877        56.682716602792397        0.0000000000000000     

 PASSED   1.0000000000000001E-005
 MU_R    =    325.00000000000000     
 ALPHA_S =   0.11799999999999999     
 BORN                    2.6868376999770461E-010
 SINGLE POLE (MadFKS)   -7.3979937663080473E-011
 DOUBLE POLE (MadFKS)   -2.6911772344515561E-011
 SINGLE POLE (MadLoop)  -7.3979937663082385E-011
 DOUBLE POLE (MadLoop)  -2.6911772344516311E-011
 FINITE PART (MadLoop)   5.0312890931509368E-011
   325.00000000000000        0.0000000000000000        0.0000000000000000        325.00000000000000        0.0000000000000000     
   325.00000000000000        0.0000000000000000        0.0000000000000000       -325.00000000000000        0.0000000000000000     
   206.98728608745265       -123.24117958349831        65.192515738284243        152.98785621228390        0.0000000000000000     
   159.92610336122817        105.78334727388864        84.014823451695023        85.602286279156274        0.0000000000000000     
   137.86579543883121        2.1499758213802327       -63.543639554773534       -122.32972258646774        0.0000000000000000     
   145.22081511248817        15.307856488229463       -85.663699635205674       -116.26041990497241        0.0000000000000000     

 PASSED   1.0000000000000001E-005
 MU_R    =    325.00000000000000     
 ALPHA_S =   0.11799999999999999     
 BORN                    4.8803840695395406E-012
 SINGLE POLE (MadFKS)   -8.5421297895749211E-013
 DOUBLE POLE (MadFKS)   -4.8882664194555025E-013
 SINGLE POLE (MadLoop)  -8.5421297895748020E-013
 DOUBLE POLE (MadLoop)  -4.8882664194554945E-013
 FINITE PART (MadLoop)   1.7796048088369914E-012
   325.00000000000000        0.0000000000000000        0.0000000000000000        325.00000000000000        0.0000000000000000     
   325.00000000000000        0.0000000000000000        0.0000000000000000       -325.00000000000000        0.0000000000000000     
Thanks for using LHAPDF 6.2.1. Please make sure to cite the paper:
  Eur.Phys.J. C75 (2015) 3, 132  (http://arxiv.org/abs/1412.7420)
   230.39146254436409       -108.25442218206771        196.71327130283197       -51.624557961266909        0.0000000000000000     
   156.21002597396034       -106.67528711069764       -77.666313367575100        83.605616453233694        0.0000000000000000     
   187.00336027873695        144.18815176609669       -104.58648516457487       -56.935935635908599        0.0000000000000000     
   76.395151202938507        70.741557526668672       -14.460472770682010        24.954877143941808        0.0000000000000000     

 PASSED   1.0000000000000001E-005
 MU_R    =    325.00000000000000     
 ALPHA_S =   0.11799999999999999     
 BORN                    1.0284466997697178E-011
 SINGLE POLE (MadFKS)   -1.4794270799982346E-012
 DOUBLE POLE (MadFKS)   -1.0301077528020184E-012
 SINGLE POLE (MadLoop)  -1.4794270799982290E-012
 DOUBLE POLE (MadLoop)  -1.0301077528020213E-012
 FINITE PART (MadLoop)   6.2997980535034184E-012
   325.00000000000000        0.0000000000000000        0.0000000000000000        325.00000000000000        0.0000000000000000     
   325.00000000000000        0.0000000000000000        0.0000000000000000       -325.00000000000000        0.0000000000000000     
   180.52563938686978       -19.060640320487561       -23.615996271883262        177.95640810799017        0.0000000000000000     
   240.57378095070541       -7.2122413922041559        122.49085749285091       -206.92925720082374        0.0000000000000000     
   78.624251920673430        52.803075700390437        24.280299381129595       -52.953519700082886        0.0000000000000000     
   150.27632774175129       -26.530193987698752       -123.15516060209721        81.926368792916492        0.0000000000000000     

 PASSED   1.0000000000000001E-005
 MU_R    =    325.00000000000000     
 ALPHA_S =   0.11799999999999999     
 BORN                    5.4572594333207050E-011
 SINGLE POLE (MadFKS)   -1.1850870745625421E-011
 DOUBLE POLE (MadFKS)   -5.4660734995545688E-012
 SINGLE POLE (MadLoop)  -1.1850870745625526E-011
 DOUBLE POLE (MadLoop)  -5.4660734995545745E-012
 FINITE PART (MadLoop)   2.2560277583017106E-011
   325.00000000000000        0.0000000000000000        0.0000000000000000        325.00000000000000        0.0000000000000000     
   325.00000000000000        0.0000000000000000        0.0000000000000000       -325.00000000000000        0.0000000000000000     
   275.05491397744402        93.460228304093718        147.89558629688455       -212.24346157746908        0.0000000000000000     
   275.33433852325010       -78.704474127982238       -103.76048557368622        242.58682024336423        0.0000000000000000     
   61.108783010147114        19.904768233152552       -36.139193949307376       -45.078179014464069        0.0000000000000000     
   38.501964489158766       -34.660522409263933       -7.9959067738908356        14.734820348568965        0.0000000000000000     

 PASSED   1.0000000000000001E-005
 MU_R    =    325.00000000000000     
 ALPHA_S =   0.11799999999999999     
 BORN                    1.2391963781747373E-011
 SINGLE POLE (MadFKS)   -1.9054414215707273E-012
 DOUBLE POLE (MadFKS)   -1.2411978148092697E-012
 SINGLE POLE (MadLoop)  -1.9054414215705900E-012
 DOUBLE POLE (MadLoop)  -1.2411978148092742E-012
 FINITE PART (MadLoop)   4.4715437478078247E-012
   325.00000000000000        0.0000000000000000        0.0000000000000000        325.00000000000000        0.0000000000000000     
   325.00000000000000        0.0000000000000000        0.0000000000000000       -325.00000000000000        0.0000000000000000     
   143.25848424237356        5.0035717282522167        78.024889979365867       -120.04196816568142        0.0000000000000000     
   235.00793182752759        153.20476058285817       -131.99390549342917        119.72734971255592        0.0000000000000000     
   212.19397949995596       -209.70647223555113        28.344573631596379        15.686477749667077        0.0000000000000000     
   59.539604430142731        51.498139924440679        25.624441882466986       -15.371859296541590        0.0000000000000000     

 PASSED   1.0000000000000001E-005
 MU_R    =    325.00000000000000     
 ALPHA_S =   0.11799999999999999     
 BORN                    1.0470642590404755E-011
 SINGLE POLE (MadFKS)   -1.4650211595067854E-012
 DOUBLE POLE (MadFKS)   -1.0487553814514690E-012
 SINGLE POLE (MadLoop)  -1.4650211595066935E-012
 DOUBLE POLE (MadLoop)  -1.0487553814514662E-012
 FINITE PART (MadLoop)   5.5347077721676200E-012
   325.00000000000000        0.0000000000000000        0.0000000000000000        325.00000000000000        0.0000000000000000     
   325.00000000000000        0.0000000000000000        0.0000000000000000       -325.00000000000000        0.0000000000000000     
   156.11095518765052        38.795630678391952        78.403938391377352        129.29946563921885        0.0000000000000000     
   206.97282108386881       -107.46405150789754       -46.296232918134365       -170.72165978139083        0.0000000000000000     
   163.62041598124080        136.08379923667601        69.752330515635435        58.201825562639335        0.0000000000000000     
   123.29580774723995       -67.415378407170579       -101.86003598887847       -16.779631420467357        0.0000000000000000     

 PASSED   1.0000000000000001E-005
 MU_R    =    325.00000000000000     
 ALPHA_S =   0.11799999999999999     
 BORN                    7.4978952468262949E-011
 SINGLE POLE (MadFKS)   -6.7202860801940488E-012
 DOUBLE POLE (MadFKS)   -7.5100051613589620E-012
 SINGLE POLE (MadLoop)  -6.7202860801933186E-012
 DOUBLE POLE (MadLoop)  -7.5100051613590476E-012
 FINITE PART (MadLoop)   4.0352642981993508E-011
   325.00000000000000        0.0000000000000000        0.0000000000000000        325.00000000000000        0.0000000000000000     
   325.00000000000000        0.0000000000000000        0.0000000000000000       -325.00000000000000        0.0000000000000000     
   145.92025670608615        67.995133030143734        122.91057564405439       -39.526871824498258        0.0000000000000000     
   203.61803388880409        122.50089689985523       -121.92512996034179        107.64802212594050        0.0000000000000000     
   215.90160549295402       -159.74610015613300        21.328001168396824       -143.66559471739490        0.0000000000000000     
   84.560103912155625       -30.749929773865947       -22.313446852109394        75.544444415952654        0.0000000000000000     

 PASSED   1.0000000000000001E-005
 MU_R    =    325.00000000000000     
 ALPHA_S =   0.11799999999999999     
 BORN                    1.2451904889184229E-009
 SINGLE POLE (MadFKS)   -1.0054317240188518E-010
 DOUBLE POLE (MadFKS)   -1.2472016066923174E-010
 SINGLE POLE (MadLoop)  -1.0054317240188944E-010
 DOUBLE POLE (MadLoop)  -1.2472016066923215E-010
 FINITE PART (MadLoop)   4.1456147799057743E-010
   325.00000000000000        0.0000000000000000        0.0000000000000000        325.00000000000000        0.0000000000000000     
   325.00000000000000        0.0000000000000000        0.0000000000000000       -325.00000000000000        0.0000000000000000     
   167.56283326483418        26.949534826662951       -164.21753560114240        19.586389801406234        0.0000000000000000     
   59.947907709309042       -20.545809688313629       -43.865979429777191        35.318510609053121        0.0000000000000000     
   294.28120732954920       -108.82190813077580        244.15777576661415       -123.06990627612363        0.0000000000000000     
   128.20805169630756        102.41818299242640       -36.074260735694587        68.165005865664284        0.0000000000000000     

 NUMBER OF POINTS PASSING THE CHECK          20
 NUMBER OF POINTS FAILING THE CHECK           0
 TOLERANCE    1.0000000000000001E-005
