==== LHAPDF6 USING DEFAULT-TYPE LHAGLUE INTERFACE ====
LHAPDF 6.2.1 loading /cvmfs/cms.cern.ch/slc6_amd64_gcc481/external/lhapdf/6.2.1/share/LHAPDF/NNPDF31_nnlo_hessian_pdfas/NNPDF31_nnlo_hessian_pdfas_0000.dat
NNPDF31_nnlo_hessian_pdfas PDF set, member #0, version 1; LHAPDF ID = 306000
 A PDF is used, so alpha_s(MZ) is going to be modified
 Old value of alpha_s from param_card:   0.11799999999999999     
 New value of alpha_s from PDF lhapdf :  0.11800208008122040     
 using LHAPDF
 *****************************************************
 *               MadGraph/MadEvent                   *
 *        --------------------------------           *
 *          http://madgraph.hep.uiuc.edu             *
 *          http://madgraph.phys.ucl.ac.be           *
 *          http://madgraph.roma2.infn.it            *
 *        --------------------------------           *
 *                                                   *
 *          PARAMETER AND COUPLING VALUES            *
 *                                                   *
 *****************************************************

  External Params
  ---------------------------------
  
 MU_R =    91.188000000000002     
 aEWM1 =    132.50700000000001     
 mdl_Gf =    1.1663900000000000E-005
 aS =   0.11799999999999999     
 mdl_lamWS =   0.22530000000000000     
 mdl_AWS =   0.80800000000000005     
 mdl_rhoWS =   0.13200000000000001     
 mdl_etaWS =   0.34100000000000003     
 mdl_ymt =    173.00000000000000     
 mdl_ymtau =    1.7769999999999999     
 mdl_MT =    173.00000000000000     
 mdl_MZ =    91.188000000000002     
 mdl_MH =    125.00000000000000     
 mdl_MTA =    1.7769999999999999     
 mdl_WT =    1.4915000000000000     
 mdl_WZ =    2.4414039999999999     
 mdl_WW =    2.0476000000000001     
 mdl_WH =    6.3823389999999999E-003
  Internal Params
  ---------------------------------
  
 mdl_CKM33 =    1.0000000000000000     
 mdl_conjg__CKM3x3 =    1.0000000000000000     
 mdl_I4x33 =    0.0000000000000000     
 mdl_I1x33 =    0.0000000000000000     
 mdl_lhv =    1.0000000000000000     
 mdl_CKM3x3 =    1.0000000000000000     
 mdl_conjg__CKM33 =    1.0000000000000000     
 mdl_Ncol =    3.0000000000000000     
 mdl_CA =    3.0000000000000000     
 mdl_TF =   0.50000000000000000     
 mdl_CF =    1.3333333333333333     
 mdl_lamWS__exp__2 =    5.0760090000000001E-002
 mdl_CKM11 =  ( 0.97461995499999998     ,  0.0000000000000000     )
 mdl_CKM12 =  ( 0.22530000000000000     ,  0.0000000000000000     )
 mdl_complexi =  (  0.0000000000000000     ,  1.0000000000000000     )
 mdl_lamWS__exp__3 =    1.1436248277000001E-002
 mdl_CKM13 =  (  1.2197444962317122E-003, -3.1510066152652563E-003)
 mdl_CKM21 =  (-0.22530000000000000     ,  0.0000000000000000     )
 mdl_CKM22 =  ( 0.97461995499999998     ,  0.0000000000000000     )
 mdl_CKM23 =  (  4.1014152720000002E-002,  0.0000000000000000     )
 mdl_CKM31 =  (  8.0207441115842885E-003, -3.1510066152652563E-003)
 mdl_CKM32 =  ( -4.1014152720000002E-002,  0.0000000000000000     )
 mdl_MZ__exp__2 =    8315.2513440000002     
 mdl_MZ__exp__4 =    69143404.913893804     
 mdl_sqrt__2 =    1.4142135623730951     
 mdl_MH__exp__2 =    15625.000000000000     
 mdl_CKM1x1 =  ( 0.97461995499999998     ,  0.0000000000000000     )
 mdl_CKM1x2 =  ( 0.22530000000000000     ,  0.0000000000000000     )
 mdl_CKM1x3 =  (  1.2197444962317122E-003, -3.1510066152652563E-003)
 mdl_CKM2x1 =  (-0.22530000000000000     ,  0.0000000000000000     )
 mdl_CKM2x2 =  ( 0.97461995499999998     ,  0.0000000000000000     )
 mdl_CKM2x3 =  (  4.1014152720000002E-002,  0.0000000000000000     )
 mdl_CKM3x1 =  (  8.0207441115842885E-003, -3.1510066152652563E-003)
 mdl_CKM3x2 =  ( -4.1014152720000002E-002,  0.0000000000000000     )
 mdl_conjg__CKM1x3 =  (  1.2197444962317122E-003,  3.1510066152652563E-003)
 mdl_conjg__CKM2x3 =  (  4.1014152720000002E-002, -0.0000000000000000     )
 mdl_conjg__CKM2x1 =  (-0.22530000000000000     , -0.0000000000000000     )
 mdl_conjg__CKM3x1 =  (  8.0207441115842885E-003,  3.1510066152652563E-003)
 mdl_conjg__CKM2x2 =  ( 0.97461995499999998     , -0.0000000000000000     )
 mdl_conjg__CKM3x2 =  ( -4.1014152720000002E-002, -0.0000000000000000     )
 mdl_Ncol__exp__2 =    9.0000000000000000     
 mdl_MT__exp__2 =    29929.000000000000     
 mdl_conjg__CKM11 =  ( 0.97461995499999998     , -0.0000000000000000     )
 mdl_conjg__CKM12 =  ( 0.22530000000000000     , -0.0000000000000000     )
 mdl_conjg__CKM13 =  (  1.2197444962317122E-003,  3.1510066152652563E-003)
 mdl_conjg__CKM21 =  (-0.22530000000000000     , -0.0000000000000000     )
 mdl_conjg__CKM22 =  ( 0.97461995499999998     , -0.0000000000000000     )
 mdl_conjg__CKM23 =  (  4.1014152720000002E-002, -0.0000000000000000     )
 mdl_conjg__CKM31 =  (  8.0207441115842885E-003,  3.1510066152652563E-003)
 mdl_conjg__CKM32 =  ( -4.1014152720000002E-002, -0.0000000000000000     )
 mdl_aEW =    7.5467711139788835E-003
 mdl_MW =    80.419002445756163     
 mdl_sqrt__aEW =    8.6872153846781555E-002
 mdl_ee =   0.30795376724436879     
 mdl_MW__exp__2 =    6467.2159543705357     
 mdl_sw2 =   0.22224648578577766     
 mdl_cw =   0.88190334743339216     
 mdl_sqrt__sw2 =   0.47143025548407230     
 mdl_sw =   0.47143025548407230     
 mdl_g1 =   0.34919219678733299     
 mdl_gw =   0.65323293034757990     
 mdl_v =    246.21845810181637     
 mdl_v__exp__2 =    60623.529110035903     
 mdl_lam =   0.12886910601690263     
 mdl_yt =   0.99366614581500623     
 mdl_ytau =    1.0206617000654717E-002
 mdl_muH =    88.388347648318430     
 mdl_AxialZUp =  -0.18517701861793787     
 mdl_AxialZDown =   0.18517701861793787     
 mdl_VectorZUp =    7.5430507588273299E-002
 mdl_VectorZDown =  -0.13030376310310560     
 mdl_VectorAUp =   0.20530251149624587     
 mdl_VectorADown =  -0.10265125574812294     
 mdl_VectorWmDxU =   0.23095271737156670     
 mdl_AxialWmDxU =  -0.23095271737156670     
 mdl_VectorWpUxD =   0.23095271737156670     
 mdl_AxialWpUxD =  -0.23095271737156670     
 mdl_I2x13 =  (  7.9699418879263656E-003,  3.1310485988282153E-003)
 mdl_I2x23 =  ( -4.0754375057150453E-002, -0.0000000000000000     )
 mdl_I2x33 =  ( 0.99366614581500623     ,  0.0000000000000000     )
 mdl_I3x31 =  (  7.9699418879263656E-003, -3.1310485988282153E-003)
 mdl_I3x32 =  ( -4.0754375057150453E-002,  0.0000000000000000     )
 mdl_I3x33 =  ( 0.99366614581500623     ,  0.0000000000000000     )
 mdl_Vector_tdGp =  ( -7.9699418879263656E-003, -3.1310485988282153E-003)
 mdl_Vector_tsGp =  (  4.0754375057150453E-002,  0.0000000000000000     )
 mdl_Vector_tbGp =  (-0.99366614581500623     ,  0.0000000000000000     )
 mdl_Axial_tdGp =  ( -7.9699418879263656E-003, -3.1310485988282153E-003)
 mdl_Axial_tsGp =  (  4.0754375057150453E-002,  0.0000000000000000     )
 mdl_Axial_tbGp =  (-0.99366614581500623     , -0.0000000000000000     )
 mdl_Vector_tdGm =  (  7.9699418879263656E-003, -3.1310485988282153E-003)
 mdl_Vector_tsGm =  ( -4.0754375057150453E-002,  0.0000000000000000     )
 mdl_Vector_tbGm =  ( 0.99366614581500623     ,  0.0000000000000000     )
 mdl_Axial_tdGm =  ( -7.9699418879263656E-003,  3.1310485988282153E-003)
 mdl_Axial_tsGm =  (  4.0754375057150453E-002, -0.0000000000000000     )
 mdl_Axial_tbGm =  (-0.99366614581500623     ,  0.0000000000000000     )
 mdl_gw__exp__2 =   0.42671326129048615     
 mdl_cw__exp__2 =   0.77775351421422245     
 mdl_ee__exp__2 =    9.4835522759998875E-002
 mdl_sw__exp__2 =   0.22224648578577769     
 mdl_yt__exp__2 =   0.98737240933884918     
  Internal Params evaluated point by point
  ----------------------------------------
  
 mdl_sqrt__aS =   0.34351128074635334     
 mdl_G__exp__4 =    2.1987899468922913     
 mdl_G__exp__2 =    1.4828317324943823     
 mdl_R2MixedFactor_FIN_ =   -2.5040377713124864E-002
 mdl_G_UVg_1EPS_ =   -5.1645779033320030E-002
 mdl_G_UVq_1EPS_ =    3.1300472141406080E-003
 mdl_G_UVb_1EPS_ =    3.1300472141406080E-003
 mdl_GWcft_UV_t_1EPS_ =   -3.1300472141406080E-003
 mdl_tWcft_UV_1EPS_ =   -1.8780283284843650E-002
 mdl_G__exp__3 =    1.8056676068262196     
 mdl_MU_R__exp__2 =    8315.2513440000002     
 mdl_G_UVt_FIN_ =   -4.0087659331150384E-003
 mdl_GWcft_UV_t_FIN_ =    4.0087659331150384E-003
 mdl_tWcft_UV_FIN_ =   -9.8778211443463623E-004
  Couplings of loop_sm-ckm_no_b_mass
  ---------------------------------
  
       UV_3Gt =   0.48815E-02   0.00000E+00
      UV_GQQt =   0.00000E+00  -0.48815E-02
   UVWfct_G_2 =   0.40088E-02   0.00000E+00
       R2_DDA =   0.00000E+00   0.25704E-02
       R2_UUA =  -0.00000E+00  -0.51409E-02
    R2_DDZ_V2 =   0.00000E+00   0.72127E-02
    R2_UUZ_V2 =  -0.00000E+00  -0.72127E-02
    R2_UUZ_V5 =   0.00000E+00   0.68702E-03
      R2_GGHt =   0.00000E+00  -0.45657E+01
     R2_GGZup =  -0.46369E-02   0.00000E+00
   R2_GGZdown =   0.46369E-02   0.00000E+00
 R2_GGGZvecUp =   0.00000E+00   0.28750E-03
 R2_GGGZvecDown  -0.00000E+00  -0.49665E-03
 R2_GGGZaxialUp  -0.00000E+00  -0.63522E-02
 R2_GGGZaxialDow  0.00000E+00   0.63522E-02
 R2_GGGAvecUp =   0.00000E+00   0.78251E-03
 R2_GGGAvecDown  -0.00000E+00  -0.39126E-03
         GC_4 =  -0.12177E+01   0.00000E+00
         GC_5 =   0.00000E+00   0.12177E+01
         GC_6 =   0.00000E+00   0.14828E+01
       R2_3Gq =   0.76230E-02   0.00000E+00
       R2_3Gg =   0.31445E-01   0.00000E+00
       R2_GQQ =  -0.00000E+00  -0.30492E-01
       R2_GGq =   0.00000E+00   0.62601E-02
       R2_GGt =  -0.00000E+00  -0.11242E+04
     R2_GGg_1 =   0.00000E+00   0.28170E-01
     R2_GGg_2 =  -0.00000E+00  -0.18780E-01
       R2_QQq =   0.00000E+00   0.12520E-01
  UV_3Gg_1eps =   0.62890E-01   0.00000E+00
  UV_3Gb_1eps =  -0.38115E-02   0.00000E+00
 UV_GQQg_1eps =   0.00000E+00  -0.62890E-01
 UV_GQQq_1eps =   0.00000E+00   0.38115E-02
 UVWfct_G_2_1eps -0.31300E-02   0.00000E+00
         GC_1 =  -0.00000E+00  -0.10265E+00
         GC_2 =   0.00000E+00   0.20530E+00
        GC_21 =  -0.00000E+00  -0.28804E+00
        GC_22 =   0.00000E+00   0.28804E+00
        GC_23 =  -0.00000E+00  -0.27437E-01
        GC_24 =   0.00000E+00   0.82310E-01
        GC_37 =  -0.00000E+00  -0.70263E+00
        GC_38 =  -0.00000E+00  -0.72172E-02
      GC_1003 =  -0.00000E+00  -0.30795E+00

 Collider parameters:
 --------------------

 Running at P P   machine @    13000.000000000000       GeV
 PDF set = lhapdf 
 alpha_s(Mz)= 0.1180 running at 3 loops.
 alpha_s(Mz)= 0.1180 running at 3 loops.
 Renormalization scale set on event-by-event basis
 Factorization   scale set on event-by-event basis


 ===============================================================
 INFO: MadFKS read these parameters from FKS_params.dat
 ===============================================================
  > IRPoleCheckThreshold      =    1.0000000000000001E-005
  > PrecisionVirtualAtRunTime =    1.0000000000000000E-003
  > NHelForMCoverHels         =            4
  > VirtualFraction           =    1.0000000000000000     
  > MinVirtualFraction        =    5.0000000000000001E-003
 ===============================================================
  Insert the number of points to test
 Insert the relative tolerance
  A negative number will mean use the default one:    1.0000000000000001E-005
Using random seed offsets:     0 ,    100 ,      0
  with seed                   32
 Ranmar initialization seeds       10729        9506
  ========================================================================================== 
 {                                                                                          }
 {       [32m                                                                            [0m       }
 {       [32m                               ,,                                           [0m       }
 {       [32m`7MMM.     ,MMF'             `7MM  `7MMF'                                   [0m       }
 {       [32m  MMMb    dPMM                 MM    MM                                     [0m       }
 {       [32m  M YM   ,M MM   ,6"Yb.   ,M""bMM    MM         ,pW"Wq.   ,pW"Wq.`7MMpdMAo. [0m       }
 {       [32m  M  Mb  M' MM  8)   MM ,AP    MM    MM        6W'   `Wb 6W'   `Wb MM   `Wb [0m       }
 {       [32m  M  YM.P'  MM   ,pm9MM 8MI    MM    MM      , 8M     M8 8M     M8 MM    M8 [0m       }
 {       [32m  M  `YM'   MM  8M   MM `Mb    MM    MM     ,M YA.   ,A9 YA.   ,A9 MM   ,AP [0m       }
 {       [32m.JML. `'  .JMML.`Moo9^Yo.`Wbmd"MML..JMMmmmmMMM  `Ybmd9'   `Ybmd9'  MMbmmd'  [0m       }
 {       [32m                                                                   MM       [0m       }
 {       [32m                                                                 .JMML.     [0m       }
 {       [32m[0mv2.4.2 (2016-06-10), Ref: arXiv:1103.0621v2, arXiv:1405.0301[32m                [0m       }
 {       [32m                                                                            [0m       }
 {                                                                                          }
  ========================================================================================== 
 ===============================================================
 INFO: MadLoop read these parameters from ./MadLoop5_resources/MadLoopParams.dat                                                                                                                                                                                                                                                                                                                                                                                                                                                                                          
 ===============================================================
  > MLReductionLib            = 6|1|2
  > IREGIMODE                 =            2
  > IREGIRECY                 =  T
  > CTModeRun                 =           -1
  > MLStabThres               =    1.0000000000000000E-003
  > NRotations_DP             =            1
  > NRotations_QP             =            0
  > CTStabThres               =    1.0000000000000000E-002
  > CTLoopLibrary             =            2
  > CTModeInit                =            1
  > CheckCycle                =            3
  > MaxAttempts               =           10
  > UseLoopFilter             =  F
  > HelicityFilterLevel       =            2
  > ImprovePSPoint            =            2
  > DoubleCheckHelicityFilter =  T
  > LoopInitStartOver         =  F
  > HelInitStartOver          =  F
  > ZeroThres                 =    1.0000000000000001E-009
  > OSThres                   =    1.0000000000000000E-008
  > WriteOutFilters           =  T
  > UseQPIntegrandForNinja    =  F
  > UseQPIntegrandForCutTools =  T
 ===============================================================
  
------------------------------------------------------------------------
|              You are using CutTools - Version 1.9.3                  |
|              Authors: G. Ossola, C. Papadopoulos, R. Pittau          |
|              Published in JHEP 0803:042,2008                         |
|              http://www.ugr.es/~pittau/CutTools                      |
|                                                                      |
|              Compiler with  34  significant digits detetected        |
 ---------------------------------------------------------------------- 
   
########################################################################
#                                                                      #
#                      You are using OneLOop-3.6                       #
#                                                                      #
# for the evaluation of 1-loop scalar 1-, 2-, 3- and 4-point functions #
#                                                                      #
# author: Andreas van Hameren <hamerenREMOVETHIS@ifj.edu.pl>           #
#   date: 18-02-2015                                                   #
#                                                                      #
# Please cite                                                          #
#    A. van Hameren,                                                   #
#      Comput.Phys.Commun. 182 (2011) 2427-2438, arXiv:1007.4716       #
#    A. van Hameren, C.G. Papadopoulos and R. Pittau,                  #
#      JHEP 0909:106,2009, arXiv:0903.4665                             #
# in publications with results obtained with the help of this program. #
#                                                                      #
########################################################################
 PASSED   1.0000000000000001E-005
 MU_R    =    325.00000000000000     
 ALPHA_S =   0.11799999999999999     
 BORN                    1.4192849155568790E-010
 SINGLE POLE (MadFKS)   -1.7537378294837398E-011
 DOUBLE POLE (MadFKS)   -1.4215772147233912E-011
 SINGLE POLE (MadLoop)  -1.7537378294859661E-011
 DOUBLE POLE (MadLoop)  -1.4215772147237431E-011
 FINITE PART (MadLoop)   7.2832588169157960E-011
   325.00000000000000        0.0000000000000000        0.0000000000000000        325.00000000000000        0.0000000000000000     
   325.00000000000000        0.0000000000000000        0.0000000000000000       -325.00000000000000        0.0000000000000000     
   84.489250993448906       -40.734415107869943       -73.611530603571367        7.5713798249208280        1.7769999999999999     
   294.00847841723640       0.12429734516772820        282.87685019433957       -80.115540480718735        1.7769999999999999     
   195.62298955566055        45.169038281912286       -190.33518091478228      -0.79431071899775341        0.0000000000000000     
   75.879281033654053       -4.5589205192100435       -18.930138675985948        73.338471374795631        0.0000000000000000     

 PASSED   1.0000000000000001E-005
 MU_R    =    325.00000000000000     
 ALPHA_S =   0.11799999999999999     
 BORN                    3.9169022788405717E-010
 SINGLE POLE (MadFKS)   -5.0936953253327132E-011
 DOUBLE POLE (MadFKS)   -3.9232285011026981E-011
 SINGLE POLE (MadLoop)  -5.0936953253332618E-011
 DOUBLE POLE (MadLoop)  -3.9232285011027368E-011
 FINITE PART (MadLoop)   1.7607400511325534E-010
   325.00000000000000        0.0000000000000000        0.0000000000000000        325.00000000000000        0.0000000000000000     
   325.00000000000000        0.0000000000000000        0.0000000000000000       -325.00000000000000        0.0000000000000000     
   126.33142442637008       -61.918810218223854        84.672881673493421       -70.377802742496826        1.7769999999999999     
   78.270054077197571       -16.347512610578750       -57.829325593347662       -50.115582098913961        1.7769999999999999     
   198.33295332384708       -37.954389053726679        183.78238034724745        64.183030464581350        0.0000000000000000     
   247.06556817258524        116.22071188252961       -210.62593642739330        56.310354376829338        0.0000000000000000     

 PASSED   1.0000000000000001E-005
 MU_R    =    325.00000000000000     
 ALPHA_S =   0.11799999999999999     
 BORN                    2.1448958298866488E-011
 SINGLE POLE (MadFKS)   -4.5116461641175362E-012
 DOUBLE POLE (MadFKS)   -2.1483600694267244E-012
 SINGLE POLE (MadLoop)  -4.5116461641181146E-012
 DOUBLE POLE (MadLoop)  -2.1483600694267515E-012
 FINITE PART (MadLoop)   1.5168727674277778E-012
   325.00000000000000        0.0000000000000000        0.0000000000000000        325.00000000000000        0.0000000000000000     
   325.00000000000000        0.0000000000000000        0.0000000000000000       -325.00000000000000        0.0000000000000000     
   280.06806465766005       -210.55265474418812        82.994779925417092       -164.96790353700180        1.7769999999999999     
   212.33774274162653        93.962551104898225       -2.0849343740190149        190.39656326237764        1.7769999999999999     
   127.64193487897434        92.440144398891448       -76.966401432313361       -42.701947188862633        0.0000000000000000     
   29.952257721739453        24.149959240398459       -3.9434441190846972        17.273287463486803        0.0000000000000000     

 PASSED   1.0000000000000001E-005
 MU_R    =    325.00000000000000     
 ALPHA_S =   0.11799999999999999     
 BORN                    6.8452290741608799E-009
 SINGLE POLE (MadFKS)   -5.0464696408846385E-010
 DOUBLE POLE (MadFKS)   -6.8562848619940983E-010
 SINGLE POLE (MadLoop)  -5.0464696250551468E-010
 DOUBLE POLE (MadLoop)  -6.8562848619934645E-010
 FINITE PART (MadLoop)   4.3812403874661245E-009
   325.00000000000000        0.0000000000000000        0.0000000000000000        325.00000000000000        0.0000000000000000     
   325.00000000000000        0.0000000000000000        0.0000000000000000       -325.00000000000000        0.0000000000000000     
   78.516651991897717        39.790133666233118        9.1690417716925978        67.040143547198895        1.7769999999999999     
   167.32963665599925        164.52201632126898       -12.372760802782835        27.847271143327006        1.7769999999999999     
   222.48698277829473       -185.77216926834376        112.02389486615552        49.394388447875471        0.0000000000000000     
   181.66672857380820       -18.539980719158336       -108.82017583506531       -144.28180313840141        0.0000000000000000     

 PASSED   1.0000000000000001E-005
 MU_R    =    325.00000000000000     
 ALPHA_S =   0.11799999999999999     
 BORN                    2.0156787957460717E-008
 SINGLE POLE (MadFKS)   -6.2275760782000420E-010
 DOUBLE POLE (MadFKS)   -2.0189343357527320E-009
 SINGLE POLE (MadLoop)  -6.2275760782047600E-010
 DOUBLE POLE (MadLoop)  -2.0189343357528176E-009
 FINITE PART (MadLoop)   2.5625072483002826E-008
   325.00000000000000        0.0000000000000000        0.0000000000000000        325.00000000000000        0.0000000000000000     
   325.00000000000000        0.0000000000000000        0.0000000000000000       -325.00000000000000        0.0000000000000000     
   126.09323806612282        20.246762003734169       -107.04106152782681       -63.471463921671663        1.7769999999999999     
   105.59068601519736       -62.324036638582626       -3.5895558611110205       -85.141439910025994        1.7769999999999999     
   171.70116300898826        18.038164871896047        142.00803892807141       -94.813663922964182        0.0000000000000000     
   246.61491290969155        24.039109762952439       -31.377421539133586        243.42656775466187        0.0000000000000000     

 PASSED   1.0000000000000001E-005
 MU_R    =    325.00000000000000     
 ALPHA_S =   0.11799999999999999     
 BORN                    6.2982149782670662E-011
 SINGLE POLE (MadFKS)   -1.0438167746454381E-011
 DOUBLE POLE (MadFKS)   -6.3083872789707149E-012
 SINGLE POLE (MadLoop)  -1.0438167746454331E-011
 DOUBLE POLE (MadLoop)  -6.3083872789705946E-012
 FINITE PART (MadLoop)   2.3968336856915750E-011
   325.00000000000000        0.0000000000000000        0.0000000000000000        325.00000000000000        0.0000000000000000     
   325.00000000000000        0.0000000000000000        0.0000000000000000       -325.00000000000000        0.0000000000000000     
   195.38189611145614        9.1495865196820123        20.185576456113324        194.11273829597346        1.7769999999999999     
   153.43330985325770       -26.348023475789546        143.41702681599742       -47.707032203905825        1.7769999999999999     
   51.351654927127001       -45.159738645389304        23.396409101198376        7.0850907124907501        0.0000000000000000     
   249.83313910816244        62.358175601496846       -186.99901237330909       -153.49079680455850        0.0000000000000000     

 PASSED   1.0000000000000001E-005
 MU_R    =    325.00000000000000     
 ALPHA_S =   0.11799999999999999     
 BORN                    6.4608320506373304E-011
 SINGLE POLE (MadFKS)   -5.3706131964534560E-012
 DOUBLE POLE (MadFKS)   -6.4712669955608739E-012
 SINGLE POLE (MadLoop)  -5.3706131964529761E-012
 DOUBLE POLE (MadLoop)  -6.4712669955609240E-012
 FINITE PART (MadLoop)   3.0065737746817283E-011
   325.00000000000000        0.0000000000000000        0.0000000000000000        325.00000000000000        0.0000000000000000     
   325.00000000000000        0.0000000000000000        0.0000000000000000       -325.00000000000000        0.0000000000000000     
   179.70240316522344        174.05887082426688       -42.351615297873053        14.129619364960334        1.7769999999999999     
   67.470235711362477       -29.395146279031572        47.634408182069677       -37.629290590245255        1.7769999999999999     
   271.51005238271921       -254.77831155791188        10.806051027552389        93.214536236342823        0.0000000000000000     
   131.31730874069487        110.11458701267651       -16.088843911749088       -69.714865011057881        0.0000000000000000     

 PASSED   1.0000000000000001E-005
 MU_R    =    325.00000000000000     
 ALPHA_S =   0.11799999999999999     
 BORN                    1.5744479055068091E-011
 SINGLE POLE (MadFKS)   -2.4740906230067285E-012
 DOUBLE POLE (MadFKS)   -1.5769908097411531E-012
 SINGLE POLE (MadLoop)  -2.4740906230064838E-012
 DOUBLE POLE (MadLoop)  -1.5769908097411446E-012
 FINITE PART (MadLoop)   7.3304517845633181E-012
   325.00000000000000        0.0000000000000000        0.0000000000000000        325.00000000000000        0.0000000000000000     
   325.00000000000000        0.0000000000000000        0.0000000000000000       -325.00000000000000        0.0000000000000000     
   234.61975507588937       -141.69506870490170        170.43940761188415       -76.916757475165838        1.7769999999999999     
   182.25713799438410        45.513017512046517       -41.793206734177900        171.45378306915944        1.7769999999999999     
   131.06409729478096        112.80193012633923       -64.570510436302342       -16.857382402486504        0.0000000000000000     
   102.05900963494672       -16.619878933484124       -64.075690441403893       -77.679643191507125        0.0000000000000000     

 PASSED   1.0000000000000001E-005
 MU_R    =    325.00000000000000     
 ALPHA_S =   0.11799999999999999     
 BORN                    7.4869021585260640E-012
 SINGLE POLE (MadFKS)   -9.7655920796871044E-013
 DOUBLE POLE (MadFKS)   -7.4989943180281003E-013
 SINGLE POLE (MadLoop)  -9.7655920796876961E-013
 DOUBLE POLE (MadLoop)  -7.4989943180280852E-013
 FINITE PART (MadLoop)   3.6643573053074857E-012
   325.00000000000000        0.0000000000000000        0.0000000000000000        325.00000000000000        0.0000000000000000     
   325.00000000000000        0.0000000000000000        0.0000000000000000       -325.00000000000000        0.0000000000000000     
   173.41054527389204        105.54618470966693       -8.0987754405484598       -137.34071578663406        1.7769999999999999     
   189.00953427228652       -119.27719922289964        60.461021724972483        133.56219867290213        1.7769999999999999     
   118.19907730337673       -25.505161551800136        108.56804689410912        39.159772767276486        0.0000000000000000     
   169.38084315044713        39.236176065032815       -160.93029317853313       -35.381255653544592        0.0000000000000000     

 PASSED   1.0000000000000001E-005
 MU_R    =    325.00000000000000     
 ALPHA_S =   0.11799999999999999     
 BORN                    2.9483329987030793E-010
 SINGLE POLE (MadFKS)   -1.6064527901226031E-011
 DOUBLE POLE (MadFKS)   -2.9530948764638079E-011
 SINGLE POLE (MadLoop)  -1.6064527901224228E-011
 DOUBLE POLE (MadLoop)  -2.9530948764638021E-011
 FINITE PART (MadLoop)   2.0294618776869177E-010
   325.00000000000000        0.0000000000000000        0.0000000000000000        325.00000000000000        0.0000000000000000     
   325.00000000000000        0.0000000000000000        0.0000000000000000       -325.00000000000000        0.0000000000000000     
   82.761238158377182       -3.0503232568016521        51.724514837306906        64.509959737871952        1.7769999999999999     
   159.96593669868619        129.16762783317779       -92.332800453096070       -19.398996245334363        1.7769999999999999     
   235.52587760256401       -183.91589474390494        104.68792022095418        103.38192318204383        0.0000000000000000     
   171.74694754037264        57.798590167528829       -64.079634605165040       -148.49288667458146        0.0000000000000000     

 PASSED   1.0000000000000001E-005
 MU_R    =    325.00000000000000     
 ALPHA_S =   0.11799999999999999     
 BORN                    8.8307548268835000E-009
 SINGLE POLE (MadFKS)   -8.9197551057161201E-010
 DOUBLE POLE (MadFKS)   -8.8450174542865369E-010
 SINGLE POLE (MadLoop)  -8.9197551057156537E-010
 DOUBLE POLE (MadLoop)  -8.8450174542862702E-010
 FINITE PART (MadLoop)   4.7616945969206598E-009
   325.00000000000000        0.0000000000000000        0.0000000000000000        325.00000000000000        0.0000000000000000     
   325.00000000000000        0.0000000000000000        0.0000000000000000       -325.00000000000000        0.0000000000000000     
   62.042740761201891       -1.8745598926495255        4.2609635898208245       -61.842333127533244        1.7769999999999999     
   167.72249037947256        52.454860210445418        117.08824247403652       -108.01160662047441        1.7769999999999999     
   252.41237507392248        113.16135003750328       -157.24177255181621        161.80711020505569        0.0000000000000000     
   167.82239378540302       -163.74165035529902        35.892566487958973        8.0468295429519543        0.0000000000000000     

 PASSED   1.0000000000000001E-005
 MU_R    =    325.00000000000000     
 ALPHA_S =   0.11799999999999999     
 BORN                    2.7154307121147583E-011
 SINGLE POLE (MadFKS)   -5.5242415483968278E-012
 DOUBLE POLE (MadFKS)   -2.7198164274069267E-012
 SINGLE POLE (MadLoop)  -5.5242415483968408E-012
 DOUBLE POLE (MadLoop)  -2.7198164274068940E-012
 FINITE PART (MadLoop)   7.0980675831092281E-012
   325.00000000000000        0.0000000000000000        0.0000000000000000        325.00000000000000        0.0000000000000000     
   325.00000000000000        0.0000000000000000        0.0000000000000000       -325.00000000000000        0.0000000000000000     
   64.294015178825802        53.048032599369471        36.271826497649450       0.90746827808634245        1.7769999999999999     
   280.26512810876756       -91.163797823685712        173.00383698365147        200.75910604533036        1.7769999999999999     
   77.584730410386527        45.293514884174783       -47.525905124422216       -41.342184804311117        0.0000000000000000     
   227.85612630202010       -7.1777496598585637       -161.74975835687874       -160.32438951910558        0.0000000000000000     

 PASSED   1.0000000000000001E-005
 MU_R    =    325.00000000000000     
 ALPHA_S =   0.11799999999999999     
 BORN                    3.8463580286355451E-010
 SINGLE POLE (MadFKS)   -2.7971943334494965E-011
 DOUBLE POLE (MadFKS)   -3.8525703142777761E-011
 SINGLE POLE (MadLoop)  -2.7971943334498164E-011
 DOUBLE POLE (MadLoop)  -3.8525703142777826E-011
 FINITE PART (MadLoop)   2.4810669524365333E-010
   325.00000000000000        0.0000000000000000        0.0000000000000000        325.00000000000000        0.0000000000000000     
   325.00000000000000        0.0000000000000000        0.0000000000000000       -325.00000000000000        0.0000000000000000     
   191.73197492442824       -55.391430509948528        21.706531337869208       -182.25972786866885        1.7769999999999999     
   80.798880042736585        4.5697471587677452       -54.555752931221150        59.397714772312789        1.7769999999999999     
   240.64497036002510        151.98483936367401       -37.060121381567726        182.85829969230002        0.0000000000000000     
   136.82417467281010       -101.16315601249325        69.909342974919724       -59.996286595943985        0.0000000000000000     

 PASSED   1.0000000000000001E-005
 MU_R    =    325.00000000000000     
 ALPHA_S =   0.11799999999999999     
 BORN                    2.1984623023291394E-009
 SINGLE POLE (MadFKS)   -1.0138133371263749E-010
 DOUBLE POLE (MadFKS)   -2.2020130575355107E-010
 SINGLE POLE (MadLoop)  -1.0138133371263784E-010
 DOUBLE POLE (MadLoop)  -2.2020130575355135E-010
 FINITE PART (MadLoop)   1.7085332223315376E-009
   325.00000000000000        0.0000000000000000        0.0000000000000000        325.00000000000000        0.0000000000000000     
   325.00000000000000        0.0000000000000000        0.0000000000000000       -325.00000000000000        0.0000000000000000     
Thanks for using LHAPDF 6.2.1. Please make sure to cite the paper:
  Eur.Phys.J. C75 (2015) 3, 132  (http://arxiv.org/abs/1412.7420)
   175.85165329160174       -142.49957968317946       -2.3344498800856490       -103.00032218524501        1.7769999999999999     
   57.774767216591449       -22.241870178896676        46.509487810551200        26.017931364284646        1.7769999999999999     
   201.00230047950504        21.531003532200881        74.690832125758007        185.36348152025900        0.0000000000000000     
   215.37127901230173        143.21044632987531       -118.86587005622353       -108.38109069929868        0.0000000000000000     

 PASSED   1.0000000000000001E-005
 MU_R    =    325.00000000000000     
 ALPHA_S =   0.11799999999999999     
 BORN                    9.1652473017612175E-011
 SINGLE POLE (MadFKS)   -9.1844317373079621E-012
 DOUBLE POLE (MadFKS)   -9.1800501708119764E-012
 SINGLE POLE (MadLoop)  -9.1844317373071091E-012
 DOUBLE POLE (MadLoop)  -9.1800501708114885E-012
 FINITE PART (MadLoop)   6.8940905509712127E-011
   325.00000000000000        0.0000000000000000        0.0000000000000000        325.00000000000000        0.0000000000000000     
   325.00000000000000        0.0000000000000000        0.0000000000000000       -325.00000000000000        0.0000000000000000     
   135.55532685207740       -24.964635099585113       -133.18476820570086        3.2670202496828868        1.7769999999999999     
   224.41227959949200        20.921719807150108        162.28147517621707        153.57316810231700        1.7769999999999999     
   211.07743960567223       -60.692912162996130       -53.313481377924141       -195.00699635404564        0.0000000000000000     
   78.954953942761975        64.735827455431135        24.216774407407897        38.166808002045748        0.0000000000000000     

 PASSED   1.0000000000000001E-005
 MU_R    =    325.00000000000000     
 ALPHA_S =   0.11799999999999999     
 BORN                    4.7979480691831100E-010
 SINGLE POLE (MadFKS)   -2.8934279094425962E-011
 DOUBLE POLE (MadFKS)   -4.8056972760121290E-011
 SINGLE POLE (MadLoop)  -2.8934279094430411E-011
 DOUBLE POLE (MadLoop)  -4.8056972760122311E-011
 FINITE PART (MadLoop)   4.2741312352625908E-010
   325.00000000000000        0.0000000000000000        0.0000000000000000        325.00000000000000        0.0000000000000000     
   325.00000000000000        0.0000000000000000        0.0000000000000000       -325.00000000000000        0.0000000000000000     
   100.07703963009791       -43.648850563751573        88.931783472997211        14.077352908107851        1.7769999999999999     
   193.36631350207088        13.214564243770958       -49.740479245239378       -186.38302896101439        1.7769999999999999     
   262.17205998491193        91.250789122868298       -30.177731529561264        243.91963234007187        0.0000000000000000     
   94.384586882919294       -60.816502802887669       -9.0135726981966453       -71.613956287165294        0.0000000000000000     

 PASSED   1.0000000000000001E-005
 MU_R    =    325.00000000000000     
 ALPHA_S =   0.11799999999999999     
 BORN                    4.1925987327349174E-010
 SINGLE POLE (MadFKS)   -1.5737218608429532E-011
 DOUBLE POLE (MadFKS)   -4.1993702346900394E-011
 SINGLE POLE (MadLoop)  -1.5737218608428194E-011
 DOUBLE POLE (MadLoop)  -4.1993702346900259E-011
 FINITE PART (MadLoop)   3.2192400685856112E-010
   325.00000000000000        0.0000000000000000        0.0000000000000000        325.00000000000000        0.0000000000000000     
   325.00000000000000        0.0000000000000000        0.0000000000000000       -325.00000000000000        0.0000000000000000     
   113.20984776401967       -55.810412089378140       -43.863320619013891        88.173232380580771        1.7769999999999999     
   134.06395306831587        113.51046303737550       -67.474196550408976       -23.077984405511188        1.7769999999999999     
   222.47244657998399       -93.842795979547049      -0.56126380928391395       -201.71069409667240        0.0000000000000000     
   180.25375258768051        36.142745031549808        111.89878097870675        136.61544612160273        0.0000000000000000     

 PASSED   1.0000000000000001E-005
 MU_R    =    325.00000000000000     
 ALPHA_S =   0.11799999999999999     
 BORN                    1.4132594149576536E-011
 SINGLE POLE (MadFKS)   -3.1452475098994681E-012
 DOUBLE POLE (MadFKS)   -1.4155419822867806E-012
 SINGLE POLE (MadLoop)  -3.1452475098997419E-012
 DOUBLE POLE (MadLoop)  -1.4155419822867544E-012
 FINITE PART (MadLoop)   4.9616131985047052E-012
   325.00000000000000        0.0000000000000000        0.0000000000000000        325.00000000000000        0.0000000000000000     
   325.00000000000000        0.0000000000000000        0.0000000000000000       -325.00000000000000        0.0000000000000000     
   254.47404812363277        219.96891280988024       -103.92172655246951        74.617930733986896        1.7769999999999999     
   151.28376155208312       -129.55819144421372        59.377673775233617        50.720663117648122        1.7769999999999999     
   46.093314095551783        41.862345792590958        7.9354218960280907        17.583136477454008        0.0000000000000000     
   198.14887622873425       -132.27306715825742        36.608630881207787       -142.92173032908903        0.0000000000000000     

 PASSED   1.0000000000000001E-005
 MU_R    =    325.00000000000000     
 ALPHA_S =   0.11799999999999999     
 BORN                    5.5402051597623123E-009
 SINGLE POLE (MadFKS)   -3.3312313751044042E-010
 DOUBLE POLE (MadFKS)   -5.5491531923460639E-010
 SINGLE POLE (MadLoop)  -3.3312313751043018E-010
 DOUBLE POLE (MadLoop)  -5.5491531923460856E-010
 FINITE PART (MadLoop)   2.7076190803150349E-009
   325.00000000000000        0.0000000000000000        0.0000000000000000        325.00000000000000        0.0000000000000000     
   325.00000000000000        0.0000000000000000        0.0000000000000000       -325.00000000000000        0.0000000000000000     
   81.073540845912277       -52.456805066584401        39.203831487728117       -47.760909698015446        1.7769999999999999     
   31.761125313353840        8.0829507747617697        30.451429809235819       -3.6038426042945666        1.7769999999999999     
   243.57518613702933       -61.385331932304766        189.35812207635115        140.37169917389679        0.0000000000000000     
   293.59014770370447        105.75918622412745       -259.01338337331504       -89.006946871586763        0.0000000000000000     

 PASSED   1.0000000000000001E-005
 MU_R    =    325.00000000000000     
 ALPHA_S =   0.11799999999999999     
 BORN                    1.9624318541474145E-011
 SINGLE POLE (MadFKS)   -3.1766782386245532E-012
 DOUBLE POLE (MadFKS)   -1.9656013945647691E-012
 SINGLE POLE (MadLoop)  -3.1766782386244870E-012
 DOUBLE POLE (MadLoop)  -1.9656013945647630E-012
 FINITE PART (MadLoop)   4.6476617082992668E-012
   325.00000000000000        0.0000000000000000        0.0000000000000000        325.00000000000000        0.0000000000000000     
   325.00000000000000        0.0000000000000000        0.0000000000000000       -325.00000000000000        0.0000000000000000     
   170.27370890578658        151.04056642780486        43.925452046022116        65.171160579301301        1.7769999999999999     
   170.61398906815322       -19.600276124476629        169.43151198312171       -3.8428452617156541        1.7769999999999999     
   70.663179227384347       -61.742366511904237        12.772519257213846       -31.906548353829134        0.0000000000000000     
   238.44912279867930       -69.697923791423861       -226.12948328635761       -29.421766963757019        0.0000000000000000     

 NUMBER OF POINTS PASSING THE CHECK          20
 NUMBER OF POINTS FAILING THE CHECK           0
 TOLERANCE    1.0000000000000001E-005
