==== LHAPDF6 USING DEFAULT-TYPE LHAGLUE INTERFACE ====
LHAPDF 6.2.1 loading /cvmfs/cms.cern.ch/slc6_amd64_gcc481/external/lhapdf/6.2.1/share/LHAPDF/NNPDF31_nnlo_hessian_pdfas/NNPDF31_nnlo_hessian_pdfas_0000.dat
NNPDF31_nnlo_hessian_pdfas PDF set, member #0, version 1; LHAPDF ID = 306000
 A PDF is used, so alpha_s(MZ) is going to be modified
 Old value of alpha_s from param_card:   0.11799999999999999     
 New value of alpha_s from PDF lhapdf :  0.11800208008122040     
 using LHAPDF
 *****************************************************
 *               MadGraph/MadEvent                   *
 *        --------------------------------           *
 *          http://madgraph.hep.uiuc.edu             *
 *          http://madgraph.phys.ucl.ac.be           *
 *          http://madgraph.roma2.infn.it            *
 *        --------------------------------           *
 *                                                   *
 *          PARAMETER AND COUPLING VALUES            *
 *                                                   *
 *****************************************************

  External Params
  ---------------------------------
  
 MU_R =    91.188000000000002     
 aEWM1 =    132.50700000000001     
 mdl_Gf =    1.1663900000000000E-005
 aS =   0.11799999999999999     
 mdl_lamWS =   0.22530000000000000     
 mdl_AWS =   0.80800000000000005     
 mdl_rhoWS =   0.13200000000000001     
 mdl_etaWS =   0.34100000000000003     
 mdl_ymt =    173.00000000000000     
 mdl_ymtau =    1.7769999999999999     
 mdl_MT =    173.00000000000000     
 mdl_MZ =    91.188000000000002     
 mdl_MH =    125.00000000000000     
 mdl_MTA =    1.7769999999999999     
 mdl_WT =    1.4915000000000000     
 mdl_WZ =    2.4414039999999999     
 mdl_WW =    2.0476000000000001     
 mdl_WH =    6.3823389999999999E-003
  Internal Params
  ---------------------------------
  
 mdl_CKM33 =    1.0000000000000000     
 mdl_conjg__CKM3x3 =    1.0000000000000000     
 mdl_I4x33 =    0.0000000000000000     
 mdl_I1x33 =    0.0000000000000000     
 mdl_lhv =    1.0000000000000000     
 mdl_CKM3x3 =    1.0000000000000000     
 mdl_conjg__CKM33 =    1.0000000000000000     
 mdl_Ncol =    3.0000000000000000     
 mdl_CA =    3.0000000000000000     
 mdl_TF =   0.50000000000000000     
 mdl_CF =    1.3333333333333333     
 mdl_lamWS__exp__2 =    5.0760090000000001E-002
 mdl_CKM11 =  ( 0.97461995499999998     ,  0.0000000000000000     )
 mdl_CKM12 =  ( 0.22530000000000000     ,  0.0000000000000000     )
 mdl_complexi =  (  0.0000000000000000     ,  1.0000000000000000     )
 mdl_lamWS__exp__3 =    1.1436248277000001E-002
 mdl_CKM13 =  (  1.2197444962317122E-003, -3.1510066152652563E-003)
 mdl_CKM21 =  (-0.22530000000000000     ,  0.0000000000000000     )
 mdl_CKM22 =  ( 0.97461995499999998     ,  0.0000000000000000     )
 mdl_CKM23 =  (  4.1014152720000002E-002,  0.0000000000000000     )
 mdl_CKM31 =  (  8.0207441115842885E-003, -3.1510066152652563E-003)
 mdl_CKM32 =  ( -4.1014152720000002E-002,  0.0000000000000000     )
 mdl_MZ__exp__2 =    8315.2513440000002     
 mdl_MZ__exp__4 =    69143404.913893804     
 mdl_sqrt__2 =    1.4142135623730951     
 mdl_MH__exp__2 =    15625.000000000000     
 mdl_CKM1x1 =  ( 0.97461995499999998     ,  0.0000000000000000     )
 mdl_CKM1x2 =  ( 0.22530000000000000     ,  0.0000000000000000     )
 mdl_CKM1x3 =  (  1.2197444962317122E-003, -3.1510066152652563E-003)
 mdl_CKM2x1 =  (-0.22530000000000000     ,  0.0000000000000000     )
 mdl_CKM2x2 =  ( 0.97461995499999998     ,  0.0000000000000000     )
 mdl_CKM2x3 =  (  4.1014152720000002E-002,  0.0000000000000000     )
 mdl_CKM3x1 =  (  8.0207441115842885E-003, -3.1510066152652563E-003)
 mdl_CKM3x2 =  ( -4.1014152720000002E-002,  0.0000000000000000     )
 mdl_conjg__CKM1x3 =  (  1.2197444962317122E-003,  3.1510066152652563E-003)
 mdl_conjg__CKM2x3 =  (  4.1014152720000002E-002, -0.0000000000000000     )
 mdl_conjg__CKM2x1 =  (-0.22530000000000000     , -0.0000000000000000     )
 mdl_conjg__CKM3x1 =  (  8.0207441115842885E-003,  3.1510066152652563E-003)
 mdl_conjg__CKM2x2 =  ( 0.97461995499999998     , -0.0000000000000000     )
 mdl_conjg__CKM3x2 =  ( -4.1014152720000002E-002, -0.0000000000000000     )
 mdl_Ncol__exp__2 =    9.0000000000000000     
 mdl_MT__exp__2 =    29929.000000000000     
 mdl_conjg__CKM11 =  ( 0.97461995499999998     , -0.0000000000000000     )
 mdl_conjg__CKM12 =  ( 0.22530000000000000     , -0.0000000000000000     )
 mdl_conjg__CKM13 =  (  1.2197444962317122E-003,  3.1510066152652563E-003)
 mdl_conjg__CKM21 =  (-0.22530000000000000     , -0.0000000000000000     )
 mdl_conjg__CKM22 =  ( 0.97461995499999998     , -0.0000000000000000     )
 mdl_conjg__CKM23 =  (  4.1014152720000002E-002, -0.0000000000000000     )
 mdl_conjg__CKM31 =  (  8.0207441115842885E-003,  3.1510066152652563E-003)
 mdl_conjg__CKM32 =  ( -4.1014152720000002E-002, -0.0000000000000000     )
 mdl_aEW =    7.5467711139788835E-003
 mdl_MW =    80.419002445756163     
 mdl_sqrt__aEW =    8.6872153846781555E-002
 mdl_ee =   0.30795376724436879     
 mdl_MW__exp__2 =    6467.2159543705357     
 mdl_sw2 =   0.22224648578577766     
 mdl_cw =   0.88190334743339216     
 mdl_sqrt__sw2 =   0.47143025548407230     
 mdl_sw =   0.47143025548407230     
 mdl_g1 =   0.34919219678733299     
 mdl_gw =   0.65323293034757990     
 mdl_v =    246.21845810181637     
 mdl_v__exp__2 =    60623.529110035903     
 mdl_lam =   0.12886910601690263     
 mdl_yt =   0.99366614581500623     
 mdl_ytau =    1.0206617000654717E-002
 mdl_muH =    88.388347648318430     
 mdl_AxialZUp =  -0.18517701861793787     
 mdl_AxialZDown =   0.18517701861793787     
 mdl_VectorZUp =    7.5430507588273299E-002
 mdl_VectorZDown =  -0.13030376310310560     
 mdl_VectorAUp =   0.20530251149624587     
 mdl_VectorADown =  -0.10265125574812294     
 mdl_VectorWmDxU =   0.23095271737156670     
 mdl_AxialWmDxU =  -0.23095271737156670     
 mdl_VectorWpUxD =   0.23095271737156670     
 mdl_AxialWpUxD =  -0.23095271737156670     
 mdl_I2x13 =  (  7.9699418879263656E-003,  3.1310485988282153E-003)
 mdl_I2x23 =  ( -4.0754375057150453E-002, -0.0000000000000000     )
 mdl_I2x33 =  ( 0.99366614581500623     ,  0.0000000000000000     )
 mdl_I3x31 =  (  7.9699418879263656E-003, -3.1310485988282153E-003)
 mdl_I3x32 =  ( -4.0754375057150453E-002,  0.0000000000000000     )
 mdl_I3x33 =  ( 0.99366614581500623     ,  0.0000000000000000     )
 mdl_Vector_tdGp =  ( -7.9699418879263656E-003, -3.1310485988282153E-003)
 mdl_Vector_tsGp =  (  4.0754375057150453E-002,  0.0000000000000000     )
 mdl_Vector_tbGp =  (-0.99366614581500623     ,  0.0000000000000000     )
 mdl_Axial_tdGp =  ( -7.9699418879263656E-003, -3.1310485988282153E-003)
 mdl_Axial_tsGp =  (  4.0754375057150453E-002,  0.0000000000000000     )
 mdl_Axial_tbGp =  (-0.99366614581500623     , -0.0000000000000000     )
 mdl_Vector_tdGm =  (  7.9699418879263656E-003, -3.1310485988282153E-003)
 mdl_Vector_tsGm =  ( -4.0754375057150453E-002,  0.0000000000000000     )
 mdl_Vector_tbGm =  ( 0.99366614581500623     ,  0.0000000000000000     )
 mdl_Axial_tdGm =  ( -7.9699418879263656E-003,  3.1310485988282153E-003)
 mdl_Axial_tsGm =  (  4.0754375057150453E-002, -0.0000000000000000     )
 mdl_Axial_tbGm =  (-0.99366614581500623     ,  0.0000000000000000     )
 mdl_gw__exp__2 =   0.42671326129048615     
 mdl_cw__exp__2 =   0.77775351421422245     
 mdl_ee__exp__2 =    9.4835522759998875E-002
 mdl_sw__exp__2 =   0.22224648578577769     
 mdl_yt__exp__2 =   0.98737240933884918     
  Internal Params evaluated point by point
  ----------------------------------------
  
 mdl_sqrt__aS =   0.34351128074635334     
 mdl_G__exp__4 =    2.1987899468922913     
 mdl_G__exp__2 =    1.4828317324943823     
 mdl_R2MixedFactor_FIN_ =   -2.5040377713124864E-002
 mdl_G_UVg_1EPS_ =   -5.1645779033320030E-002
 mdl_G_UVq_1EPS_ =    3.1300472141406080E-003
 mdl_G_UVb_1EPS_ =    3.1300472141406080E-003
 mdl_GWcft_UV_t_1EPS_ =   -3.1300472141406080E-003
 mdl_tWcft_UV_1EPS_ =   -1.8780283284843650E-002
 mdl_G__exp__3 =    1.8056676068262196     
 mdl_MU_R__exp__2 =    8315.2513440000002     
 mdl_G_UVt_FIN_ =   -4.0087659331150384E-003
 mdl_GWcft_UV_t_FIN_ =    4.0087659331150384E-003
 mdl_tWcft_UV_FIN_ =   -9.8778211443463623E-004
  Couplings of loop_sm-ckm_no_b_mass
  ---------------------------------
  
       UV_3Gt =   0.48815E-02   0.00000E+00
      UV_GQQt =   0.00000E+00  -0.48815E-02
   UVWfct_G_2 =   0.40088E-02   0.00000E+00
       R2_DDA =   0.00000E+00   0.25704E-02
       R2_UUA =  -0.00000E+00  -0.51409E-02
    R2_DDZ_V2 =   0.00000E+00   0.72127E-02
    R2_UUZ_V2 =  -0.00000E+00  -0.72127E-02
    R2_UUZ_V5 =   0.00000E+00   0.68702E-03
      R2_GGHt =   0.00000E+00  -0.45657E+01
     R2_GGZup =  -0.46369E-02   0.00000E+00
   R2_GGZdown =   0.46369E-02   0.00000E+00
 R2_GGGZvecUp =   0.00000E+00   0.28750E-03
 R2_GGGZvecDown  -0.00000E+00  -0.49665E-03
 R2_GGGZaxialUp  -0.00000E+00  -0.63522E-02
 R2_GGGZaxialDow  0.00000E+00   0.63522E-02
 R2_GGGAvecUp =   0.00000E+00   0.78251E-03
 R2_GGGAvecDown  -0.00000E+00  -0.39126E-03
         GC_4 =  -0.12177E+01   0.00000E+00
         GC_5 =   0.00000E+00   0.12177E+01
         GC_6 =   0.00000E+00   0.14828E+01
       R2_3Gq =   0.76230E-02   0.00000E+00
       R2_3Gg =   0.31445E-01   0.00000E+00
       R2_GQQ =  -0.00000E+00  -0.30492E-01
       R2_GGq =   0.00000E+00   0.62601E-02
       R2_GGt =  -0.00000E+00  -0.11242E+04
     R2_GGg_1 =   0.00000E+00   0.28170E-01
     R2_GGg_2 =  -0.00000E+00  -0.18780E-01
       R2_QQq =   0.00000E+00   0.12520E-01
  UV_3Gg_1eps =   0.62890E-01   0.00000E+00
  UV_3Gb_1eps =  -0.38115E-02   0.00000E+00
 UV_GQQg_1eps =   0.00000E+00  -0.62890E-01
 UV_GQQq_1eps =   0.00000E+00   0.38115E-02
 UVWfct_G_2_1eps -0.31300E-02   0.00000E+00
         GC_1 =  -0.00000E+00  -0.10265E+00
         GC_2 =   0.00000E+00   0.20530E+00
        GC_21 =  -0.00000E+00  -0.28804E+00
        GC_22 =   0.00000E+00   0.28804E+00
        GC_23 =  -0.00000E+00  -0.27437E-01
        GC_24 =   0.00000E+00   0.82310E-01
        GC_37 =  -0.00000E+00  -0.70263E+00
        GC_38 =  -0.00000E+00  -0.72172E-02
      GC_1003 =  -0.00000E+00  -0.30795E+00

 Collider parameters:
 --------------------

 Running at P P   machine @    13000.000000000000       GeV
 PDF set = lhapdf 
 alpha_s(Mz)= 0.1180 running at 3 loops.
 alpha_s(Mz)= 0.1180 running at 3 loops.
 Renormalization scale set on event-by-event basis
 Factorization   scale set on event-by-event basis


 ===============================================================
 INFO: MadFKS read these parameters from FKS_params.dat
 ===============================================================
  > IRPoleCheckThreshold      =    1.0000000000000001E-005
  > PrecisionVirtualAtRunTime =    1.0000000000000000E-003
  > NHelForMCoverHels         =            4
  > VirtualFraction           =    1.0000000000000000     
  > MinVirtualFraction        =    5.0000000000000001E-003
 ===============================================================
  Insert the number of points to test
 Insert the relative tolerance
  A negative number will mean use the default one:    1.0000000000000001E-005
Using random seed offsets:     0 ,     44 ,      0
  with seed                   32
 Ranmar initialization seeds       10729        9450
  ========================================================================================== 
 {                                                                                          }
 {       [32m                                                                            [0m       }
 {       [32m                               ,,                                           [0m       }
 {       [32m`7MMM.     ,MMF'             `7MM  `7MMF'                                   [0m       }
 {       [32m  MMMb    dPMM                 MM    MM                                     [0m       }
 {       [32m  M YM   ,M MM   ,6"Yb.   ,M""bMM    MM         ,pW"Wq.   ,pW"Wq.`7MMpdMAo. [0m       }
 {       [32m  M  Mb  M' MM  8)   MM ,AP    MM    MM        6W'   `Wb 6W'   `Wb MM   `Wb [0m       }
 {       [32m  M  YM.P'  MM   ,pm9MM 8MI    MM    MM      , 8M     M8 8M     M8 MM    M8 [0m       }
 {       [32m  M  `YM'   MM  8M   MM `Mb    MM    MM     ,M YA.   ,A9 YA.   ,A9 MM   ,AP [0m       }
 {       [32m.JML. `'  .JMML.`Moo9^Yo.`Wbmd"MML..JMMmmmmMMM  `Ybmd9'   `Ybmd9'  MMbmmd'  [0m       }
 {       [32m                                                                   MM       [0m       }
 {       [32m                                                                 .JMML.     [0m       }
 {       [32m[0mv2.4.2 (2016-06-10), Ref: arXiv:1103.0621v2, arXiv:1405.0301[32m                [0m       }
 {       [32m                                                                            [0m       }
 {                                                                                          }
  ========================================================================================== 
 ===============================================================
 INFO: MadLoop read these parameters from ./MadLoop5_resources/MadLoopParams.dat                                                                                                                                                                                                                                                                                                                                                                                                                                                                                          
 ===============================================================
  > MLReductionLib            = 6|1|2
  > IREGIMODE                 =            2
  > IREGIRECY                 =  T
  > CTModeRun                 =           -1
  > MLStabThres               =    1.0000000000000000E-003
  > NRotations_DP             =            1
  > NRotations_QP             =            0
  > CTStabThres               =    1.0000000000000000E-002
  > CTLoopLibrary             =            2
  > CTModeInit                =            1
  > CheckCycle                =            3
  > MaxAttempts               =           10
  > UseLoopFilter             =  F
  > HelicityFilterLevel       =            2
  > ImprovePSPoint            =            2
  > DoubleCheckHelicityFilter =  T
  > LoopInitStartOver         =  F
  > HelInitStartOver          =  F
  > ZeroThres                 =    1.0000000000000001E-009
  > OSThres                   =    1.0000000000000000E-008
  > WriteOutFilters           =  T
  > UseQPIntegrandForNinja    =  F
  > UseQPIntegrandForCutTools =  T
 ===============================================================
  
------------------------------------------------------------------------
|              You are using CutTools - Version 1.9.3                  |
|              Authors: G. Ossola, C. Papadopoulos, R. Pittau          |
|              Published in JHEP 0803:042,2008                         |
|              http://www.ugr.es/~pittau/CutTools                      |
|                                                                      |
|              Compiler with  34  significant digits detetected        |
 ---------------------------------------------------------------------- 
   
########################################################################
#                                                                      #
#                      You are using OneLOop-3.6                       #
#                                                                      #
# for the evaluation of 1-loop scalar 1-, 2-, 3- and 4-point functions #
#                                                                      #
# author: Andreas van Hameren <hamerenREMOVETHIS@ifj.edu.pl>           #
#   date: 18-02-2015                                                   #
#                                                                      #
# Please cite                                                          #
#    A. van Hameren,                                                   #
#      Comput.Phys.Commun. 182 (2011) 2427-2438, arXiv:1007.4716       #
#    A. van Hameren, C.G. Papadopoulos and R. Pittau,                  #
#      JHEP 0909:106,2009, arXiv:0903.4665                             #
# in publications with results obtained with the help of this program. #
#                                                                      #
########################################################################
 PASSED   1.0000000000000001E-005
 MU_R    =    325.00000000000000     
 ALPHA_S =   0.11799999999999999     
 BORN                    7.9248422928662503E-010
 SINGLE POLE (MadFKS)   -2.3512068340112239E-010
 DOUBLE POLE (MadFKS)   -1.2898667881470634E-010
 SINGLE POLE (MadLoop)  -2.3512068340109137E-010
 DOUBLE POLE (MadLoop)  -1.2898667881470114E-010
 FINITE PART (MadLoop)   5.4867621130529240E-011
   325.00000000000000        0.0000000000000000        0.0000000000000000        325.00000000000000        0.0000000000000000     
   325.00000000000000        0.0000000000000000        0.0000000000000000       -325.00000000000000        0.0000000000000000     
   53.239151867690623       -36.240201009424680        25.105092141302819        29.793149245492931        1.7769999999999999     
   249.77822854366295        249.26362034625231       -8.0983842138214470       -13.713842292190275        1.7769999999999999     
   210.80894910541701       -156.77866229493375       -15.403486723218951       -140.08424846751694        0.0000000000000000     
   136.17367048322944       -56.244757041893820       -1.6032212042624259        124.00494151421427        0.0000000000000000     

 PASSED   1.0000000000000001E-005
 MU_R    =    325.00000000000000     
 ALPHA_S =   0.11799999999999999     
 BORN                    1.2237246205697977E-009
 SINGLE POLE (MadFKS)   -2.5487202617064223E-010
 DOUBLE POLE (MadFKS)   -1.9917642365346792E-010
 SINGLE POLE (MadLoop)  -2.5487202617064182E-010
 DOUBLE POLE (MadLoop)  -1.9917642365346952E-010
 FINITE PART (MadLoop)   4.8457216772595483E-010
   325.00000000000000        0.0000000000000000        0.0000000000000000        325.00000000000000        0.0000000000000000     
   325.00000000000000        0.0000000000000000        0.0000000000000000       -325.00000000000000        0.0000000000000000     
   118.35029024809840        43.510460134009350       -95.569575045510859       -54.561246845690626        1.7769999999999999     
   111.74272412209109        13.838080866583587        106.00433182135866       -32.478728704537389        1.7769999999999999     
   172.61058877345980        1.1372360147023775       -113.56954621211628       -129.98107640784212        0.0000000000000000     
   247.29639685635073       -58.485777015295376        103.13478943626831        217.02105195807027        0.0000000000000000     

 PASSED   1.0000000000000001E-005
 MU_R    =    325.00000000000000     
 ALPHA_S =   0.11799999999999999     
 BORN                    6.4238917542728921E-011
 SINGLE POLE (MadFKS)   -2.2552028266687495E-011
 DOUBLE POLE (MadFKS)   -1.0455683934489399E-011
 SINGLE POLE (MadLoop)  -2.2552028266688894E-011
 DOUBLE POLE (MadLoop)  -1.0455683934489401E-011
 FINITE PART (MadLoop)   6.0768798574387344E-012
   325.00000000000000        0.0000000000000000        0.0000000000000000        325.00000000000000        0.0000000000000000     
   325.00000000000000        0.0000000000000000        0.0000000000000000       -325.00000000000000        0.0000000000000000     
   207.58770519420293       -180.07630883625430       -29.854902647388364        98.846878567915326        1.7769999999999999     
   147.14330212660485        14.611299126456826        47.300459576773783       -138.55385268329601        1.7769999999999999     
   159.97828456056735        84.661039180892857        46.072709324406738        127.68267474979494        0.0000000000000000     
   135.29070811862812        80.803970528904600       -63.518266253792220       -87.975700634414395        0.0000000000000000     

 PASSED   1.0000000000000001E-005
 MU_R    =    325.00000000000000     
 ALPHA_S =   0.11799999999999999     
 BORN                    1.3783845754063006E-008
 SINGLE POLE (MadFKS)   -6.7356789405377388E-009
 DOUBLE POLE (MadFKS)   -2.2434925761377357E-009
 SINGLE POLE (MadLoop)  -6.7356789405365154E-009
 DOUBLE POLE (MadLoop)  -2.2434925761375984E-009
 FINITE PART (MadLoop)  -1.2145642955106267E-008
   325.00000000000000        0.0000000000000000        0.0000000000000000        325.00000000000000        0.0000000000000000     
   325.00000000000000        0.0000000000000000        0.0000000000000000       -325.00000000000000        0.0000000000000000     
   164.32680779345930        137.18507992995046        62.965830556681368       -64.928422570619489        1.7769999999999999     
   179.46012880241179       -33.640910425591386        168.51656248745573        51.703359793411792        1.7769999999999999     
   251.67156416569617       -92.091253741347671       -230.75989035113076       -40.095513453364802        0.0000000000000000     
   54.541499238436117       -11.452915763011395      -0.72250269300635295        53.320576230572478        0.0000000000000000     

 PASSED   1.0000000000000001E-005
 MU_R    =    325.00000000000000     
 ALPHA_S =   0.11799999999999999     
 BORN                    8.2848279285922107E-010
 SINGLE POLE (MadFKS)   -2.8288124130748903E-010
 DOUBLE POLE (MadFKS)   -1.3484589340312666E-010
 SINGLE POLE (MadLoop)  -2.8288124130749834E-010
 DOUBLE POLE (MadLoop)  -1.3484589340312588E-010
 FINITE PART (MadLoop)  -2.3796435828311111E-010
   325.00000000000000        0.0000000000000000        0.0000000000000000        325.00000000000000        0.0000000000000000     
   325.00000000000000        0.0000000000000000        0.0000000000000000       -325.00000000000000        0.0000000000000000     
   239.82871014084185        37.067827080468980        9.6449732839544602        236.74375000135518        1.7769999999999999     
   125.28858729129603        83.931958968030642        79.648948857938450       -48.016076329319418        1.7769999999999999     
   256.38782588914637       -149.44002899039126       -90.635976850765601       -187.58335400515088        0.0000000000000000     
   28.494876678719713        28.440242941891647        1.3420547088726691       -1.1443196668849565        0.0000000000000000     

 PASSED   1.0000000000000001E-005
 MU_R    =    325.00000000000000     
 ALPHA_S =   0.11799999999999999     
 BORN                    1.2829187712214728E-009
 SINGLE POLE (MadFKS)   -4.0662235907317598E-010
 DOUBLE POLE (MadFKS)   -2.0881100894318410E-010
 SINGLE POLE (MadLoop)  -4.0662235907318140E-010
 DOUBLE POLE (MadLoop)  -2.0881100894318433E-010
 FINITE PART (MadLoop)   2.0241935402192410E-010
   325.00000000000000        0.0000000000000000        0.0000000000000000        325.00000000000000        0.0000000000000000     
   325.00000000000000        0.0000000000000000        0.0000000000000000       -325.00000000000000        0.0000000000000000     
   239.55877926911137       -69.916399947280539       -187.65005975979460        131.47016044131166        1.7769999999999999     
   32.655780395189723       -28.842792487334229        1.8403601053152401       -15.097968751928130        1.7769999999999999     
   133.70661153119096        75.431313504100046        60.946708555272338        92.049299978205610        0.0000000000000000     
   244.07882880450799        23.327878930514711        124.86299109920702       -208.42149166758915        0.0000000000000000     

 PASSED   1.0000000000000001E-005
 MU_R    =    325.00000000000000     
 ALPHA_S =   0.11799999999999999     
 BORN                    1.2192729665089157E-009
 SINGLE POLE (MadFKS)   -3.3440179095977106E-010
 DOUBLE POLE (MadFKS)   -1.9845186150910571E-010
 SINGLE POLE (MadLoop)  -3.3440179095971264E-010
 DOUBLE POLE (MadLoop)  -1.9845186150908793E-010
 FINITE PART (MadLoop)   2.6802481477581008E-010
   325.00000000000000        0.0000000000000000        0.0000000000000000        325.00000000000000        0.0000000000000000     
   325.00000000000000        0.0000000000000000        0.0000000000000000       -325.00000000000000        0.0000000000000000     
   165.77354554886423       -151.62557007115237       -12.701783922605232       -65.772804871184135        1.7769999999999999     
   145.70311741299346        127.08084336522739        56.813001811549526        42.999799646136942        1.7769999999999999     
   154.54648468856189        24.475539723602857        13.305366026662426       -152.01490426838686        0.0000000000000000     
   183.97685234958593        6.9186982322275686E-002  -57.416583915606836        174.78790949343400        0.0000000000000000     

 PASSED   1.0000000000000001E-005
 MU_R    =    325.00000000000000     
 ALPHA_S =   0.11799999999999999     
 BORN                    4.5660485754399245E-010
 SINGLE POLE (MadFKS)   -1.5910494022366895E-010
 DOUBLE POLE (MadFKS)   -7.4318127640569422E-011
 SINGLE POLE (MadLoop)  -1.5910494022369203E-010
 DOUBLE POLE (MadLoop)  -7.4318127640569538E-011
 FINITE PART (MadLoop)   5.9466296157602267E-011
   325.00000000000000        0.0000000000000000        0.0000000000000000        325.00000000000000        0.0000000000000000     
   325.00000000000000        0.0000000000000000        0.0000000000000000       -325.00000000000000        0.0000000000000000     
   262.05702034241762       -157.65779488218641       -143.91225541155598       -152.00002183220835        1.7769999999999999     
   172.05118114425778        67.425241973855051        157.87484123454030        11.305859280478673        1.7769999999999999     
   61.429451960034335        31.884585250893686        50.822660174886060        13.191209354593417        0.0000000000000000     
   154.46234655329135        58.347967657437692       -64.785245997870362        127.50295319713629        0.0000000000000000     

 PASSED   1.0000000000000001E-005
 MU_R    =    325.00000000000000     
 ALPHA_S =   0.11799999999999999     
 BORN                    3.7001136795408079E-010
 SINGLE POLE (MadFKS)   -1.0174291355095644E-010
 DOUBLE POLE (MadFKS)   -6.0223958676181348E-011
 SINGLE POLE (MadLoop)  -1.0174291355096298E-010
 DOUBLE POLE (MadLoop)  -6.0223958676181438E-011
 FINITE PART (MadLoop)   8.6715165570675142E-011
   325.00000000000000        0.0000000000000000        0.0000000000000000        325.00000000000000        0.0000000000000000     
   325.00000000000000        0.0000000000000000        0.0000000000000000       -325.00000000000000        0.0000000000000000     
   108.64684609571918        64.112654468593519       -52.799159935064118       -70.019966328820445        1.7769999999999999     
   227.05934614060916        140.90216660439810        157.86718454481843       -82.324482572802353        1.7769999999999999     
   101.91395174027389       -101.59293935422629       -6.5034797217032336       -4.7992691315211866        0.0000000000000000     
   212.37985602339779       -103.42188171876529       -98.564544888051060        157.14371803314395        0.0000000000000000     

 PASSED   1.0000000000000001E-005
 MU_R    =    325.00000000000000     
 ALPHA_S =   0.11799999999999999     
 BORN                    6.7589387804500137E-009
 SINGLE POLE (MadFKS)   -3.3481629133786028E-009
 DOUBLE POLE (MadFKS)   -1.1001014700153133E-009
 SINGLE POLE (MadLoop)  -3.3481629133767209E-009
 DOUBLE POLE (MadLoop)  -1.1001014700150076E-009
 FINITE PART (MadLoop)  -8.1676342572200947E-009
   325.00000000000000        0.0000000000000000        0.0000000000000000        325.00000000000000        0.0000000000000000     
   325.00000000000000        0.0000000000000000        0.0000000000000000       -325.00000000000000        0.0000000000000000     
   141.54921035749305        42.776294734751573        134.90869280165361       -1.6895085511884758        1.7769999999999999     
   270.39538335591021       -187.62474437363002       -74.856239833955783        179.73314738200335        1.7769999999999999     
   205.68911471679263        128.26975681816904       -45.947913804075149       -154.08981347201038        0.0000000000000000     
   32.366291569806251        16.578692820709414       -14.104539163622714       -23.953825358804433        0.0000000000000000     

 PASSED   1.0000000000000001E-005
 MU_R    =    325.00000000000000     
 ALPHA_S =   0.11799999999999999     
 BORN                    1.6979298997215263E-010
 SINGLE POLE (MadFKS)   -5.4377114345778885E-011
 DOUBLE POLE (MadFKS)   -2.7635923912632909E-011
 SINGLE POLE (MadLoop)  -5.4377114345779201E-011
 DOUBLE POLE (MadLoop)  -2.7635923912632745E-011
 FINITE PART (MadLoop)   2.2785986701200452E-011
   325.00000000000000        0.0000000000000000        0.0000000000000000        325.00000000000000        0.0000000000000000     
   325.00000000000000        0.0000000000000000        0.0000000000000000       -325.00000000000000        0.0000000000000000     
   216.19611873332605       -71.594713897168802        157.37672324938345       -129.78585418921409        1.7769999999999999     
   273.67893844220441        116.82796070510983       -93.960554939232594        228.95336933718337        1.7769999999999999     
   42.208667437711107       -28.797810424927448        22.969297190812679       -20.607501259428783        0.0000000000000000     
   117.91627538675883       -16.435436383013602       -86.385465500963477       -78.560013888540681        0.0000000000000000     

 PASSED   1.0000000000000001E-005
 MU_R    =    325.00000000000000     
 ALPHA_S =   0.11799999999999999     
 BORN                    9.5888935164903779E-007
 SINGLE POLE (MadFKS)   -5.1786973889925334E-007
 DOUBLE POLE (MadFKS)   -1.5607118507750455E-007
 SINGLE POLE (MadLoop)  -5.1786973889914513E-007
 DOUBLE POLE (MadLoop)  -1.5607118507748295E-007
 FINITE PART (MadLoop)  -8.7591778134797677E-007
   325.00000000000000        0.0000000000000000        0.0000000000000000        325.00000000000000        0.0000000000000000     
   325.00000000000000        0.0000000000000000        0.0000000000000000       -325.00000000000000        0.0000000000000000     
   285.38622997978700        130.17107536641197        168.63557062680465       -189.89385980173168        1.7769999999999999     
   33.335505387663765        10.713471531809510        16.094507582792293       -27.097722115622702        1.7769999999999999     
   305.32104931829099       -134.64298995730249       -193.98057476048837        193.55553473814840        0.0000000000000000     
   25.957215314258228       -6.2415569409189970        9.2504965508914765        23.436047179206067        0.0000000000000000     

 PASSED   1.0000000000000001E-005
 MU_R    =    325.00000000000000     
 ALPHA_S =   0.11799999999999999     
 BORN                    1.5388833068273234E-010
 SINGLE POLE (MadFKS)   -2.8750766115614059E-011
 DOUBLE POLE (MadFKS)   -2.5047242518596223E-011
 SINGLE POLE (MadLoop)  -2.8750766115630693E-011
 DOUBLE POLE (MadLoop)  -2.5047242518596375E-011
 FINITE PART (MadLoop)   2.8268144791238314E-011
   325.00000000000000        0.0000000000000000        0.0000000000000000        325.00000000000000        0.0000000000000000     
   325.00000000000000        0.0000000000000000        0.0000000000000000       -325.00000000000000        0.0000000000000000     
   73.541301497898999        60.362877248706063       -40.994278759086335       -8.9976361498368593        1.7769999999999999     
   228.67237243389349       -44.983231532692201        17.278219849080958        223.53046366271491        1.7769999999999999     
   230.66010608438492       -106.87730357679287        89.948848230801886       -183.54980583200279        0.0000000000000000     
   117.12621998382251        91.497657860779029       -66.232789320796527       -30.983021680875247        0.0000000000000000     

 PASSED   1.0000000000000001E-005
 MU_R    =    325.00000000000000     
 ALPHA_S =   0.11799999999999999     
 BORN                    3.4986169400564662E-010
 SINGLE POLE (MadFKS)   -5.4062469584035966E-011
 DOUBLE POLE (MadFKS)   -5.6944348274158185E-011
 SINGLE POLE (MadLoop)  -5.4062469584036037E-011
 DOUBLE POLE (MadLoop)  -5.6944348274158243E-011
 FINITE PART (MadLoop)   6.7959572471362864E-011
   325.00000000000000        0.0000000000000000        0.0000000000000000        325.00000000000000        0.0000000000000000     
   325.00000000000000        0.0000000000000000        0.0000000000000000       -325.00000000000000        0.0000000000000000     
Thanks for using LHAPDF 6.2.1. Please make sure to cite the paper:
  Eur.Phys.J. C75 (2015) 3, 132  (http://arxiv.org/abs/1412.7420)
   117.05777074779678        79.083406987434785        61.538895691346973       -60.482584433810516        1.7769999999999999     
   93.993903693194127        58.133237226120151       -64.534028229786486        35.882894706729154        1.7769999999999999     
   205.62737498343631       -24.193555786927124        203.86528921210294       -11.671891681694234        0.0000000000000000     
   233.32095057557277       -113.02308842662778       -200.87015667366342        36.271581408775603        0.0000000000000000     

 PASSED   1.0000000000000001E-005
 MU_R    =    325.00000000000000     
 ALPHA_S =   0.11799999999999999     
 BORN                    8.4823647032350429E-010
 SINGLE POLE (MadFKS)   -2.0262856601664498E-010
 DOUBLE POLE (MadFKS)   -1.3806105044516447E-010
 SINGLE POLE (MadLoop)  -2.0262856601668898E-010
 DOUBLE POLE (MadLoop)  -1.3806105044516127E-010
 FINITE PART (MadLoop)   9.2908129024475310E-011
   325.00000000000000        0.0000000000000000        0.0000000000000000        325.00000000000000        0.0000000000000000     
   325.00000000000000        0.0000000000000000        0.0000000000000000       -325.00000000000000        0.0000000000000000     
   69.393472416576145       -68.681094715423995        9.7243048958668812      -0.80087952482870661        1.7769999999999999     
   197.72108793362435       -49.183914470804098       -174.46896783141142        78.942971224970762        1.7769999999999999     
   282.52562168427448        77.908163086676112        232.26905886462134       -140.72003882421521        0.0000000000000000     
   100.35981796552497        39.956846099551981       -67.524395929076832        62.577947124073162        0.0000000000000000     

 PASSED   1.0000000000000001E-005
 MU_R    =    325.00000000000000     
 ALPHA_S =   0.11799999999999999     
 BORN                    2.2212565892248927E-010
 SINGLE POLE (MadFKS)   -4.2105818185358477E-011
 DOUBLE POLE (MadFKS)   -3.6153717594773188E-011
 SINGLE POLE (MadLoop)  -4.2105818186833501E-011
 DOUBLE POLE (MadLoop)  -3.6153717594773924E-011
 FINITE PART (MadLoop)   5.2184259668978854E-011
   325.00000000000000        0.0000000000000000        0.0000000000000000        325.00000000000000        0.0000000000000000     
   325.00000000000000        0.0000000000000000        0.0000000000000000       -325.00000000000000        0.0000000000000000     
   37.390824962890953        36.707624760729217       0.50599384282004134        6.8709764271227041        1.7769999999999999     
   172.65209864968378       -158.33396233917313       -68.409793395582369       -7.4863860901765866        1.7769999999999999     
   285.77509946247983        274.71684765684688        76.973962108984495        16.524837170746359        0.0000000000000000     
   154.18197692494550       -153.09051007840299       -9.0701625562221544       -15.909427507692520        0.0000000000000000     

 PASSED   1.0000000000000001E-005
 MU_R    =    325.00000000000000     
 ALPHA_S =   0.11799999999999999     
 BORN                    4.7201246031061046E-010
 SINGLE POLE (MadFKS)   -7.8394434479616975E-011
 DOUBLE POLE (MadFKS)   -7.6825906894613794E-011
 SINGLE POLE (MadLoop)  -7.8394434479618074E-011
 DOUBLE POLE (MadLoop)  -7.6825906894613730E-011
 FINITE PART (MadLoop)   1.3893926781254604E-010
   325.00000000000000        0.0000000000000000        0.0000000000000000        325.00000000000000        0.0000000000000000     
   325.00000000000000        0.0000000000000000        0.0000000000000000       -325.00000000000000        0.0000000000000000     
   63.783269305235521       -18.272761378825169        44.258370508469518        42.100481538715869        1.7769999999999999     
   182.96964911048352       -93.740268525433592        2.2983328966265169       -157.10574301816388        1.7769999999999999     
   132.62864903323558       -123.56827714550472       -44.627123409432855       -18.156521799952912        0.0000000000000000     
   270.61843255104543        235.58130704976344       -1.9295799956630817        133.16178327940096        0.0000000000000000     

 PASSED   1.0000000000000001E-005
 MU_R    =    325.00000000000000     
 ALPHA_S =   0.11799999999999999     
 BORN                    1.2559348919669207E-010
 SINGLE POLE (MadFKS)   -2.0917238809931996E-011
 DOUBLE POLE (MadFKS)   -2.0441904650663837E-011
 SINGLE POLE (MadLoop)  -2.0917238809955823E-011
 DOUBLE POLE (MadLoop)  -2.0441904650663866E-011
 FINITE PART (MadLoop)   2.1416003780672940E-011
   325.00000000000000        0.0000000000000000        0.0000000000000000        325.00000000000000        0.0000000000000000     
   325.00000000000000        0.0000000000000000        0.0000000000000000       -325.00000000000000        0.0000000000000000     
   98.014585961710296       -30.243957613067266        17.186892858753367       -91.616674650448971        1.7769999999999999     
   120.33955311615466       -82.674378804847919        2.7827197220146207        87.382228601569992        1.7769999999999999     
   174.00816237492467       -76.806948523341148        149.43879615169348        45.250187141752249        0.0000000000000000     
   257.63769854721033        189.72528494125638       -169.40840873246148       -41.015741092873114        0.0000000000000000     

 PASSED   1.0000000000000001E-005
 MU_R    =    325.00000000000000     
 ALPHA_S =   0.11799999999999999     
 BORN                    5.8276317761747144E-010
 SINGLE POLE (MadFKS)   -1.0103794801190757E-010
 DOUBLE POLE (MadFKS)   -9.4851965551475321E-011
 SINGLE POLE (MadLoop)  -1.0103794801191784E-010
 DOUBLE POLE (MadLoop)  -9.4851965551477829E-011
 FINITE PART (MadLoop)   8.2553890594857604E-011
   325.00000000000000        0.0000000000000000        0.0000000000000000        325.00000000000000        0.0000000000000000     
   325.00000000000000        0.0000000000000000        0.0000000000000000       -325.00000000000000        0.0000000000000000     
   95.721500709110359        81.398345691175749        49.762037919759784       -7.5826690430523191        1.7769999999999999     
   214.17396319118302        92.241617677677937        129.51883559816775        143.47015011324868        1.7769999999999999     
   148.00369986217336       -99.410982960681480       -4.0659071153760209       -109.57198564876214        0.0000000000000000     
   192.10083623753323       -74.228980408172191       -175.21496640255145       -26.315495421434072        0.0000000000000000     

 PASSED   1.0000000000000001E-005
 MU_R    =    325.00000000000000     
 ALPHA_S =   0.11799999999999999     
 BORN                    2.2716500136243720E-010
 SINGLE POLE (MadFKS)   -8.3450896740699313E-011
 DOUBLE POLE (MadFKS)   -3.6973933342566690E-011
 SINGLE POLE (MadLoop)  -8.3450896740705064E-011
 DOUBLE POLE (MadLoop)  -3.6973933342566994E-011
 FINITE PART (MadLoop)  -6.1090868413892902E-011
   325.00000000000000        0.0000000000000000        0.0000000000000000        325.00000000000000        0.0000000000000000     
   325.00000000000000        0.0000000000000000        0.0000000000000000       -325.00000000000000        0.0000000000000000     
   203.20539684093129       -149.59573801165786       -47.239514741845966        129.14650205089842        1.7769999999999999     
   264.42722517826030        263.36854302233746       -3.0726684805243814       -23.370257618913225        1.7769999999999999     
   147.77466748063287       -106.60821012926912        16.816629043296352       -100.94177960421227        0.0000000000000000     
   34.592710500176139       -7.1645948814104488        33.495554179074112       -4.8344648277729254        0.0000000000000000     

 NUMBER OF POINTS PASSING THE CHECK          20
 NUMBER OF POINTS FAILING THE CHECK           0
 TOLERANCE    1.0000000000000001E-005
