==== LHAPDF6 USING DEFAULT-TYPE LHAGLUE INTERFACE ====
LHAPDF 6.2.1 loading /cvmfs/cms.cern.ch/slc6_amd64_gcc481/external/lhapdf/6.2.1/share/LHAPDF/NNPDF31_nnlo_hessian_pdfas/NNPDF31_nnlo_hessian_pdfas_0000.dat
NNPDF31_nnlo_hessian_pdfas PDF set, member #0, version 1; LHAPDF ID = 306000
 A PDF is used, so alpha_s(MZ) is going to be modified
 Old value of alpha_s from param_card:   0.11799999999999999     
 New value of alpha_s from PDF lhapdf :  0.11800208008122040     
 using LHAPDF
 *****************************************************
 *               MadGraph/MadEvent                   *
 *        --------------------------------           *
 *          http://madgraph.hep.uiuc.edu             *
 *          http://madgraph.phys.ucl.ac.be           *
 *          http://madgraph.roma2.infn.it            *
 *        --------------------------------           *
 *                                                   *
 *          PARAMETER AND COUPLING VALUES            *
 *                                                   *
 *****************************************************

  External Params
  ---------------------------------
  
 MU_R =    91.188000000000002     
 aEWM1 =    132.50700000000001     
 mdl_Gf =    1.1663900000000000E-005
 aS =   0.11799999999999999     
 mdl_lamWS =   0.22530000000000000     
 mdl_AWS =   0.80800000000000005     
 mdl_rhoWS =   0.13200000000000001     
 mdl_etaWS =   0.34100000000000003     
 mdl_ymt =    173.00000000000000     
 mdl_ymtau =    1.7769999999999999     
 mdl_MT =    173.00000000000000     
 mdl_MZ =    91.188000000000002     
 mdl_MH =    125.00000000000000     
 mdl_MTA =    1.7769999999999999     
 mdl_WT =    1.4915000000000000     
 mdl_WZ =    2.4414039999999999     
 mdl_WW =    2.0476000000000001     
 mdl_WH =    6.3823389999999999E-003
  Internal Params
  ---------------------------------
  
 mdl_CKM33 =    1.0000000000000000     
 mdl_conjg__CKM3x3 =    1.0000000000000000     
 mdl_I4x33 =    0.0000000000000000     
 mdl_I1x33 =    0.0000000000000000     
 mdl_lhv =    1.0000000000000000     
 mdl_CKM3x3 =    1.0000000000000000     
 mdl_conjg__CKM33 =    1.0000000000000000     
 mdl_Ncol =    3.0000000000000000     
 mdl_CA =    3.0000000000000000     
 mdl_TF =   0.50000000000000000     
 mdl_CF =    1.3333333333333333     
 mdl_lamWS__exp__2 =    5.0760090000000001E-002
 mdl_CKM11 =  ( 0.97461995499999998     ,  0.0000000000000000     )
 mdl_CKM12 =  ( 0.22530000000000000     ,  0.0000000000000000     )
 mdl_complexi =  (  0.0000000000000000     ,  1.0000000000000000     )
 mdl_lamWS__exp__3 =    1.1436248277000001E-002
 mdl_CKM13 =  (  1.2197444962317122E-003, -3.1510066152652563E-003)
 mdl_CKM21 =  (-0.22530000000000000     ,  0.0000000000000000     )
 mdl_CKM22 =  ( 0.97461995499999998     ,  0.0000000000000000     )
 mdl_CKM23 =  (  4.1014152720000002E-002,  0.0000000000000000     )
 mdl_CKM31 =  (  8.0207441115842885E-003, -3.1510066152652563E-003)
 mdl_CKM32 =  ( -4.1014152720000002E-002,  0.0000000000000000     )
 mdl_MZ__exp__2 =    8315.2513440000002     
 mdl_MZ__exp__4 =    69143404.913893804     
 mdl_sqrt__2 =    1.4142135623730951     
 mdl_MH__exp__2 =    15625.000000000000     
 mdl_CKM1x1 =  ( 0.97461995499999998     ,  0.0000000000000000     )
 mdl_CKM1x2 =  ( 0.22530000000000000     ,  0.0000000000000000     )
 mdl_CKM1x3 =  (  1.2197444962317122E-003, -3.1510066152652563E-003)
 mdl_CKM2x1 =  (-0.22530000000000000     ,  0.0000000000000000     )
 mdl_CKM2x2 =  ( 0.97461995499999998     ,  0.0000000000000000     )
 mdl_CKM2x3 =  (  4.1014152720000002E-002,  0.0000000000000000     )
 mdl_CKM3x1 =  (  8.0207441115842885E-003, -3.1510066152652563E-003)
 mdl_CKM3x2 =  ( -4.1014152720000002E-002,  0.0000000000000000     )
 mdl_conjg__CKM1x3 =  (  1.2197444962317122E-003,  3.1510066152652563E-003)
 mdl_conjg__CKM2x3 =  (  4.1014152720000002E-002, -0.0000000000000000     )
 mdl_conjg__CKM2x1 =  (-0.22530000000000000     , -0.0000000000000000     )
 mdl_conjg__CKM3x1 =  (  8.0207441115842885E-003,  3.1510066152652563E-003)
 mdl_conjg__CKM2x2 =  ( 0.97461995499999998     , -0.0000000000000000     )
 mdl_conjg__CKM3x2 =  ( -4.1014152720000002E-002, -0.0000000000000000     )
 mdl_Ncol__exp__2 =    9.0000000000000000     
 mdl_MT__exp__2 =    29929.000000000000     
 mdl_conjg__CKM11 =  ( 0.97461995499999998     , -0.0000000000000000     )
 mdl_conjg__CKM12 =  ( 0.22530000000000000     , -0.0000000000000000     )
 mdl_conjg__CKM13 =  (  1.2197444962317122E-003,  3.1510066152652563E-003)
 mdl_conjg__CKM21 =  (-0.22530000000000000     , -0.0000000000000000     )
 mdl_conjg__CKM22 =  ( 0.97461995499999998     , -0.0000000000000000     )
 mdl_conjg__CKM23 =  (  4.1014152720000002E-002, -0.0000000000000000     )
 mdl_conjg__CKM31 =  (  8.0207441115842885E-003,  3.1510066152652563E-003)
 mdl_conjg__CKM32 =  ( -4.1014152720000002E-002, -0.0000000000000000     )
 mdl_aEW =    7.5467711139788835E-003
 mdl_MW =    80.419002445756163     
 mdl_sqrt__aEW =    8.6872153846781555E-002
 mdl_ee =   0.30795376724436879     
 mdl_MW__exp__2 =    6467.2159543705357     
 mdl_sw2 =   0.22224648578577766     
 mdl_cw =   0.88190334743339216     
 mdl_sqrt__sw2 =   0.47143025548407230     
 mdl_sw =   0.47143025548407230     
 mdl_g1 =   0.34919219678733299     
 mdl_gw =   0.65323293034757990     
 mdl_v =    246.21845810181637     
 mdl_v__exp__2 =    60623.529110035903     
 mdl_lam =   0.12886910601690263     
 mdl_yt =   0.99366614581500623     
 mdl_ytau =    1.0206617000654717E-002
 mdl_muH =    88.388347648318430     
 mdl_AxialZUp =  -0.18517701861793787     
 mdl_AxialZDown =   0.18517701861793787     
 mdl_VectorZUp =    7.5430507588273299E-002
 mdl_VectorZDown =  -0.13030376310310560     
 mdl_VectorAUp =   0.20530251149624587     
 mdl_VectorADown =  -0.10265125574812294     
 mdl_VectorWmDxU =   0.23095271737156670     
 mdl_AxialWmDxU =  -0.23095271737156670     
 mdl_VectorWpUxD =   0.23095271737156670     
 mdl_AxialWpUxD =  -0.23095271737156670     
 mdl_I2x13 =  (  7.9699418879263656E-003,  3.1310485988282153E-003)
 mdl_I2x23 =  ( -4.0754375057150453E-002, -0.0000000000000000     )
 mdl_I2x33 =  ( 0.99366614581500623     ,  0.0000000000000000     )
 mdl_I3x31 =  (  7.9699418879263656E-003, -3.1310485988282153E-003)
 mdl_I3x32 =  ( -4.0754375057150453E-002,  0.0000000000000000     )
 mdl_I3x33 =  ( 0.99366614581500623     ,  0.0000000000000000     )
 mdl_Vector_tdGp =  ( -7.9699418879263656E-003, -3.1310485988282153E-003)
 mdl_Vector_tsGp =  (  4.0754375057150453E-002,  0.0000000000000000     )
 mdl_Vector_tbGp =  (-0.99366614581500623     ,  0.0000000000000000     )
 mdl_Axial_tdGp =  ( -7.9699418879263656E-003, -3.1310485988282153E-003)
 mdl_Axial_tsGp =  (  4.0754375057150453E-002,  0.0000000000000000     )
 mdl_Axial_tbGp =  (-0.99366614581500623     , -0.0000000000000000     )
 mdl_Vector_tdGm =  (  7.9699418879263656E-003, -3.1310485988282153E-003)
 mdl_Vector_tsGm =  ( -4.0754375057150453E-002,  0.0000000000000000     )
 mdl_Vector_tbGm =  ( 0.99366614581500623     ,  0.0000000000000000     )
 mdl_Axial_tdGm =  ( -7.9699418879263656E-003,  3.1310485988282153E-003)
 mdl_Axial_tsGm =  (  4.0754375057150453E-002, -0.0000000000000000     )
 mdl_Axial_tbGm =  (-0.99366614581500623     ,  0.0000000000000000     )
 mdl_gw__exp__2 =   0.42671326129048615     
 mdl_cw__exp__2 =   0.77775351421422245     
 mdl_ee__exp__2 =    9.4835522759998875E-002
 mdl_sw__exp__2 =   0.22224648578577769     
 mdl_yt__exp__2 =   0.98737240933884918     
  Internal Params evaluated point by point
  ----------------------------------------
  
 mdl_sqrt__aS =   0.34351128074635334     
 mdl_G__exp__4 =    2.1987899468922913     
 mdl_G__exp__2 =    1.4828317324943823     
 mdl_R2MixedFactor_FIN_ =   -2.5040377713124864E-002
 mdl_G_UVg_1EPS_ =   -5.1645779033320030E-002
 mdl_G_UVq_1EPS_ =    3.1300472141406080E-003
 mdl_G_UVb_1EPS_ =    3.1300472141406080E-003
 mdl_GWcft_UV_t_1EPS_ =   -3.1300472141406080E-003
 mdl_tWcft_UV_1EPS_ =   -1.8780283284843650E-002
 mdl_G__exp__3 =    1.8056676068262196     
 mdl_MU_R__exp__2 =    8315.2513440000002     
 mdl_G_UVt_FIN_ =   -4.0087659331150384E-003
 mdl_GWcft_UV_t_FIN_ =    4.0087659331150384E-003
 mdl_tWcft_UV_FIN_ =   -9.8778211443463623E-004
  Couplings of loop_sm-ckm_no_b_mass
  ---------------------------------
  
       UV_3Gt =   0.48815E-02   0.00000E+00
      UV_GQQt =   0.00000E+00  -0.48815E-02
   UVWfct_G_2 =   0.40088E-02   0.00000E+00
       R2_DDA =   0.00000E+00   0.25704E-02
       R2_UUA =  -0.00000E+00  -0.51409E-02
    R2_DDZ_V2 =   0.00000E+00   0.72127E-02
    R2_UUZ_V2 =  -0.00000E+00  -0.72127E-02
    R2_UUZ_V5 =   0.00000E+00   0.68702E-03
      R2_GGHt =   0.00000E+00  -0.45657E+01
     R2_GGZup =  -0.46369E-02   0.00000E+00
   R2_GGZdown =   0.46369E-02   0.00000E+00
 R2_GGGZvecUp =   0.00000E+00   0.28750E-03
 R2_GGGZvecDown  -0.00000E+00  -0.49665E-03
 R2_GGGZaxialUp  -0.00000E+00  -0.63522E-02
 R2_GGGZaxialDow  0.00000E+00   0.63522E-02
 R2_GGGAvecUp =   0.00000E+00   0.78251E-03
 R2_GGGAvecDown  -0.00000E+00  -0.39126E-03
         GC_4 =  -0.12177E+01   0.00000E+00
         GC_5 =   0.00000E+00   0.12177E+01
         GC_6 =   0.00000E+00   0.14828E+01
       R2_3Gq =   0.76230E-02   0.00000E+00
       R2_3Gg =   0.31445E-01   0.00000E+00
       R2_GQQ =  -0.00000E+00  -0.30492E-01
       R2_GGq =   0.00000E+00   0.62601E-02
       R2_GGt =  -0.00000E+00  -0.11242E+04
     R2_GGg_1 =   0.00000E+00   0.28170E-01
     R2_GGg_2 =  -0.00000E+00  -0.18780E-01
       R2_QQq =   0.00000E+00   0.12520E-01
  UV_3Gg_1eps =   0.62890E-01   0.00000E+00
  UV_3Gb_1eps =  -0.38115E-02   0.00000E+00
 UV_GQQg_1eps =   0.00000E+00  -0.62890E-01
 UV_GQQq_1eps =   0.00000E+00   0.38115E-02
 UVWfct_G_2_1eps -0.31300E-02   0.00000E+00
         GC_1 =  -0.00000E+00  -0.10265E+00
         GC_2 =   0.00000E+00   0.20530E+00
        GC_21 =  -0.00000E+00  -0.28804E+00
        GC_22 =   0.00000E+00   0.28804E+00
        GC_23 =  -0.00000E+00  -0.27437E-01
        GC_24 =   0.00000E+00   0.82310E-01
        GC_37 =  -0.00000E+00  -0.70263E+00
        GC_38 =  -0.00000E+00  -0.72172E-02
      GC_1003 =  -0.00000E+00  -0.30795E+00

 Collider parameters:
 --------------------

 Running at P P   machine @    13000.000000000000       GeV
 PDF set = lhapdf 
 alpha_s(Mz)= 0.1180 running at 3 loops.
 alpha_s(Mz)= 0.1180 running at 3 loops.
 Renormalization scale set on event-by-event basis
 Factorization   scale set on event-by-event basis


 ===============================================================
 INFO: MadFKS read these parameters from FKS_params.dat
 ===============================================================
  > IRPoleCheckThreshold      =    1.0000000000000001E-005
  > PrecisionVirtualAtRunTime =    1.0000000000000000E-003
  > NHelForMCoverHels         =            4
  > VirtualFraction           =    1.0000000000000000     
  > MinVirtualFraction        =    5.0000000000000001E-003
 ===============================================================
  Insert the number of points to test
 Insert the relative tolerance
  A negative number will mean use the default one:    1.0000000000000001E-005
Using random seed offsets:     0 ,     27 ,      0
  with seed                   32
 Ranmar initialization seeds       10729        9433
  ========================================================================================== 
 {                                                                                          }
 {       [32m                                                                            [0m       }
 {       [32m                               ,,                                           [0m       }
 {       [32m`7MMM.     ,MMF'             `7MM  `7MMF'                                   [0m       }
 {       [32m  MMMb    dPMM                 MM    MM                                     [0m       }
 {       [32m  M YM   ,M MM   ,6"Yb.   ,M""bMM    MM         ,pW"Wq.   ,pW"Wq.`7MMpdMAo. [0m       }
 {       [32m  M  Mb  M' MM  8)   MM ,AP    MM    MM        6W'   `Wb 6W'   `Wb MM   `Wb [0m       }
 {       [32m  M  YM.P'  MM   ,pm9MM 8MI    MM    MM      , 8M     M8 8M     M8 MM    M8 [0m       }
 {       [32m  M  `YM'   MM  8M   MM `Mb    MM    MM     ,M YA.   ,A9 YA.   ,A9 MM   ,AP [0m       }
 {       [32m.JML. `'  .JMML.`Moo9^Yo.`Wbmd"MML..JMMmmmmMMM  `Ybmd9'   `Ybmd9'  MMbmmd'  [0m       }
 {       [32m                                                                   MM       [0m       }
 {       [32m                                                                 .JMML.     [0m       }
 {       [32m[0mv2.4.2 (2016-06-10), Ref: arXiv:1103.0621v2, arXiv:1405.0301[32m                [0m       }
 {       [32m                                                                            [0m       }
 {                                                                                          }
  ========================================================================================== 
 ===============================================================
 INFO: MadLoop read these parameters from ./MadLoop5_resources/MadLoopParams.dat                                                                                                                                                                                                                                                                                                                                                                                                                                                                                          
 ===============================================================
  > MLReductionLib            = 6|1|2
  > IREGIMODE                 =            2
  > IREGIRECY                 =  T
  > CTModeRun                 =           -1
  > MLStabThres               =    1.0000000000000000E-003
  > NRotations_DP             =            1
  > NRotations_QP             =            0
  > CTStabThres               =    1.0000000000000000E-002
  > CTLoopLibrary             =            2
  > CTModeInit                =            1
  > CheckCycle                =            3
  > MaxAttempts               =           10
  > UseLoopFilter             =  F
  > HelicityFilterLevel       =            2
  > ImprovePSPoint            =            2
  > DoubleCheckHelicityFilter =  T
  > LoopInitStartOver         =  F
  > HelInitStartOver          =  F
  > ZeroThres                 =    1.0000000000000001E-009
  > OSThres                   =    1.0000000000000000E-008
  > WriteOutFilters           =  T
  > UseQPIntegrandForNinja    =  F
  > UseQPIntegrandForCutTools =  T
 ===============================================================
  
------------------------------------------------------------------------
|              You are using CutTools - Version 1.9.3                  |
|              Authors: G. Ossola, C. Papadopoulos, R. Pittau          |
|              Published in JHEP 0803:042,2008                         |
|              http://www.ugr.es/~pittau/CutTools                      |
|                                                                      |
|              Compiler with  34  significant digits detetected        |
 ---------------------------------------------------------------------- 
   
########################################################################
#                                                                      #
#                      You are using OneLOop-3.6                       #
#                                                                      #
# for the evaluation of 1-loop scalar 1-, 2-, 3- and 4-point functions #
#                                                                      #
# author: Andreas van Hameren <hamerenREMOVETHIS@ifj.edu.pl>           #
#   date: 18-02-2015                                                   #
#                                                                      #
# Please cite                                                          #
#    A. van Hameren,                                                   #
#      Comput.Phys.Commun. 182 (2011) 2427-2438, arXiv:1007.4716       #
#    A. van Hameren, C.G. Papadopoulos and R. Pittau,                  #
#      JHEP 0909:106,2009, arXiv:0903.4665                             #
# in publications with results obtained with the help of this program. #
#                                                                      #
########################################################################
 PASSED   1.0000000000000001E-005
 MU_R    =    325.00000000000000     
 ALPHA_S =   0.11799999999999999     
 BORN                    1.2180365506607184E-006
 SINGLE POLE (MadFKS)   -2.2487882537802867E-007
 DOUBLE POLE (MadFKS)   -1.2962540501197859E-007
 SINGLE POLE (MadLoop)  -2.2487882537802700E-007
 DOUBLE POLE (MadLoop)  -1.2962540501197788E-007
 FINITE PART (MadLoop)   2.0172385740649826E-007
   325.00000000000000        0.0000000000000000        0.0000000000000000        325.00000000000000        0.0000000000000000     
   325.00000000000000        0.0000000000000000        0.0000000000000000       -325.00000000000000        0.0000000000000000     
   281.83729696666614       -72.807759600139235       -265.27496585781313       -61.322790156851156        0.0000000000000000     
   183.07681184456825        90.443363426972866        140.70450235028065       -74.426877306171093        0.0000000000000000     
   185.08589118876552       -17.635603826833623        124.57046350753230        135.74966746302226        0.0000000000000000     

 PASSED   1.0000000000000001E-005
 MU_R    =    325.00000000000000     
 ALPHA_S =   0.11799999999999999     
 BORN                    8.7901933288949755E-006
 SINGLE POLE (MadFKS)   -2.3191559448844926E-006
 DOUBLE POLE (MadFKS)   -9.3546648478941263E-007
 SINGLE POLE (MadLoop)  -2.3191559448844947E-006
 DOUBLE POLE (MadLoop)  -9.3546648478941263E-007
 FINITE PART (MadLoop)  -2.6893980238555187E-007
   325.00000000000000        0.0000000000000000        0.0000000000000000        325.00000000000000        0.0000000000000000     
   325.00000000000000        0.0000000000000000        0.0000000000000000       -325.00000000000000        0.0000000000000000     
   296.74065539829832       -64.491108635804395       -239.32317415425672        163.15738348560220        0.0000000000000000     
   290.51591997271538        2.3430605399973499        235.08772385326981       -170.66860261450509        0.0000000000000000     
   62.743424628986212        62.148048095807049        4.2354503009869440        7.5112191289029422        0.0000000000000000     

 PASSED   1.0000000000000001E-005
 MU_R    =    325.00000000000000     
 ALPHA_S =   0.11799999999999999     
 BORN                    1.6069260396205237E-004
 SINGLE POLE (MadFKS)   -2.0636418733884304E-005
 DOUBLE POLE (MadFKS)   -1.7101164870390348E-005
 SINGLE POLE (MadLoop)  -2.0636418733885473E-005
 DOUBLE POLE (MadLoop)  -1.7101164870391327E-005
 FINITE PART (MadLoop)   1.0652192691876638E-005
   325.00000000000000        0.0000000000000000        0.0000000000000000        325.00000000000000        0.0000000000000000     
   325.00000000000000        0.0000000000000000        0.0000000000000000       -325.00000000000000        0.0000000000000000     
   45.702897553046448       -17.127844299997314       -33.073216987171158        26.486866792786223        0.0000000000000000     
   284.80999936690995       -184.06934322610721       -16.335423862756027        216.72186449666987        0.0000000000000000     
   319.48710308004360        201.19718752610456        49.408640849927181       -243.20873128945610        0.0000000000000000     

 PASSED   1.0000000000000001E-005
 MU_R    =    325.00000000000000     
 ALPHA_S =   0.11799999999999999     
 BORN                    4.1369709013606875E-006
 SINGLE POLE (MadFKS)   -1.1595133714970268E-006
 DOUBLE POLE (MadFKS)   -4.4026308432268251E-007
 SINGLE POLE (MadLoop)  -1.1595133714970732E-006
 DOUBLE POLE (MadLoop)  -4.4026308432268172E-007
 FINITE PART (MadLoop)  -3.7661639191947034E-007
   325.00000000000000        0.0000000000000000        0.0000000000000000        325.00000000000000        0.0000000000000000     
   325.00000000000000        0.0000000000000000        0.0000000000000000       -325.00000000000000        0.0000000000000000     
   271.91800980912501        108.97963617784146       -242.00421513269413       -59.133770513213875        0.0000000000000000     
   315.33427998142815       -151.18816993161278        275.41691598357528        26.895497657258996        0.0000000000000000     
   62.747710209446844        42.208533753771277       -33.412700850881144        32.238272855954861        0.0000000000000000     

 PASSED   1.0000000000000001E-005
 MU_R    =    325.00000000000000     
 ALPHA_S =   0.11799999999999999     
 BORN                    1.1661627806599419E-005
 SINGLE POLE (MadFKS)   -2.5456044725340745E-006
 DOUBLE POLE (MadFKS)   -1.2410491513652994E-006
 SINGLE POLE (MadLoop)  -2.5456044725340500E-006
 DOUBLE POLE (MadLoop)  -1.2410491513652929E-006
 FINITE PART (MadLoop)   1.0331748110494624E-006
   325.00000000000000        0.0000000000000000        0.0000000000000000        325.00000000000000        0.0000000000000000     
   325.00000000000000        0.0000000000000000        0.0000000000000000       -325.00000000000000        0.0000000000000000     
   189.44816509190886       -119.69596667501698       -71.523287037363502        128.24937516337181        0.0000000000000000     
   162.39637376413006        33.801543614374523        35.044020620524073        154.92564177621745        0.0000000000000000     
   298.15546114396096        85.894423060642453        36.479266416839423       -283.17501693958928        0.0000000000000000     

 PASSED   1.0000000000000001E-005
 MU_R    =    325.00000000000000     
 ALPHA_S =   0.11799999999999999     
 BORN                    3.7538215414944907E-006
 SINGLE POLE (MadFKS)   -6.8342468893005697E-007
 DOUBLE POLE (MadFKS)   -3.9948771438341836E-007
 SINGLE POLE (MadLoop)  -6.8342468893004395E-007
 DOUBLE POLE (MadLoop)  -3.9948771438341619E-007
 FINITE PART (MadLoop)   3.8803606145005415E-007
   325.00000000000000        0.0000000000000000        0.0000000000000000        325.00000000000000        0.0000000000000000     
   325.00000000000000        0.0000000000000000        0.0000000000000000       -325.00000000000000        0.0000000000000000     
   132.82015508619756       -67.031224004429916       -110.47970147699998       -30.695995946417803        0.0000000000000000     
   268.66889531953410       -29.588686736497834        195.50970697733138       -181.88853566694692        0.0000000000000000     
   248.51094959426814        96.619910740927779       -85.030005500331427        212.58453161336470        0.0000000000000000     

 PASSED   1.0000000000000001E-005
 MU_R    =    325.00000000000000     
 ALPHA_S =   0.11799999999999999     
 BORN                    6.6411301490495201E-007
 SINGLE POLE (MadFKS)   -6.7380739498586667E-008
 DOUBLE POLE (MadFKS)   -7.0675973134044021E-008
 SINGLE POLE (MadLoop)  -6.7380739498586958E-008
 DOUBLE POLE (MadLoop)  -7.0675973134044524E-008
 FINITE PART (MadLoop)   8.1865173096870120E-008
   325.00000000000000        0.0000000000000000        0.0000000000000000        325.00000000000000        0.0000000000000000     
   325.00000000000000        0.0000000000000000        0.0000000000000000       -325.00000000000000        0.0000000000000000     
   92.597071436552625        5.0074036580782488        84.860512656071478        36.712898809271735        0.0000000000000000     
   294.11036531385997        248.96575527088589       -153.86456309376882       -29.028536156910796        0.0000000000000000     
   263.29256324958772       -253.97315892896412        69.004050437697387       -7.6843626523609174        0.0000000000000000     

 PASSED   1.0000000000000001E-005
 MU_R    =    325.00000000000000     
 ALPHA_S =   0.11799999999999999     
 BORN                    1.3695120367702808E-006
 SINGLE POLE (MadFKS)   -1.7830664088121846E-007
 DOUBLE POLE (MadFKS)   -1.4574566940444482E-007
 SINGLE POLE (MadLoop)  -1.7830664088121872E-007
 DOUBLE POLE (MadLoop)  -1.4574566940444548E-007
 FINITE PART (MadLoop)   2.0150887984296104E-007
   325.00000000000000        0.0000000000000000        0.0000000000000000        325.00000000000000        0.0000000000000000     
   325.00000000000000        0.0000000000000000        0.0000000000000000       -325.00000000000000        0.0000000000000000     
   225.66334711436753        74.696820138056466       -87.838696177086973        193.98117111212568        0.0000000000000000     
   214.39482169908658       -111.76560792072736       -112.70035242651217       -144.12570561989716        0.0000000000000000     
   209.94183118654590        37.068787782670881        200.53904860359904       -49.855465492228525        0.0000000000000000     

 PASSED   1.0000000000000001E-005
 MU_R    =    325.00000000000000     
 ALPHA_S =   0.11799999999999999     
 BORN                    9.3358405588256811E-007
 SINGLE POLE (MadFKS)   -1.0152070209693873E-007
 DOUBLE POLE (MadFKS)   -9.9353513891564961E-008
 SINGLE POLE (MadLoop)  -1.0152070209694016E-007
 DOUBLE POLE (MadLoop)  -9.9353513891564538E-008
 FINITE PART (MadLoop)   1.1272148273791723E-007
   325.00000000000000        0.0000000000000000        0.0000000000000000        325.00000000000000        0.0000000000000000     
   325.00000000000000        0.0000000000000000        0.0000000000000000       -325.00000000000000        0.0000000000000000     
   313.96036165231209       -297.11147207209126        34.978897503822608        95.248929555258712        0.0000000000000000     
   83.948873227301007        50.904726853314635       -50.693453521804578       -43.431507804306371        0.0000000000000000     
   252.09076512038661        246.20674521877672        15.714556017982098       -51.817421750952299        0.0000000000000000     

 PASSED   1.0000000000000001E-005
 MU_R    =    325.00000000000000     
 ALPHA_S =   0.11799999999999999     
 BORN                    6.1439717689202916E-007
 SINGLE POLE (MadFKS)   -8.6032821383441558E-008
 DOUBLE POLE (MadFKS)   -6.5385133844829502E-008
 SINGLE POLE (MadLoop)  -8.6032821383440168E-008
 DOUBLE POLE (MadLoop)  -6.5385133844829370E-008
 FINITE PART (MadLoop)   5.6615562395565692E-008
   325.00000000000000        0.0000000000000000        0.0000000000000000        325.00000000000000        0.0000000000000000     
   325.00000000000000        0.0000000000000000        0.0000000000000000       -325.00000000000000        0.0000000000000000     
   291.77932638961050       -106.14693490136546       -152.85588801710941       -224.72890561278729        0.0000000000000000     
   58.718228197804734       -42.445417098435271        39.492727258560123       -9.3027621548824015        0.0000000000000000     
   299.50244541258473        148.59235199980071        113.36316075854928        234.03166776766969        0.0000000000000000     

 PASSED   1.0000000000000001E-005
 MU_R    =    325.00000000000000     
 ALPHA_S =   0.11799999999999999     
 BORN                    5.6906688910719378E-005
 SINGLE POLE (MadFKS)   -4.5047681637631465E-006
 DOUBLE POLE (MadFKS)   -6.0561011850927559E-006
 SINGLE POLE (MadLoop)  -4.5047681637628653E-006
 DOUBLE POLE (MadLoop)  -6.0561011850923705E-006
 FINITE PART (MadLoop)   6.1705696377848469E-006
   325.00000000000000        0.0000000000000000        0.0000000000000000        325.00000000000000        0.0000000000000000     
   325.00000000000000        0.0000000000000000        0.0000000000000000       -325.00000000000000        0.0000000000000000     
   295.03559775116042        111.55922936219790       -269.32320611679000       -45.448354551844005        0.0000000000000000     
   30.216619117575142        5.8816137739491685       -29.178331294387842       -5.2034289834344793        0.0000000000000000     
   324.74778313126421       -117.44084313614708        298.50153741117788        50.651783535278611        0.0000000000000000     

 PASSED   1.0000000000000001E-005
 MU_R    =    325.00000000000000     
 ALPHA_S =   0.11799999999999999     
 BORN                    5.7985412422381233E-007
 SINGLE POLE (MadFKS)   -8.0144164301826379E-008
 DOUBLE POLE (MadFKS)   -6.1709006728579316E-008
 SINGLE POLE (MadLoop)  -8.0144164301825704E-008
 DOUBLE POLE (MadLoop)  -6.1709006728579369E-008
 FINITE PART (MadLoop)   5.5157947361912591E-008
   325.00000000000000        0.0000000000000000        0.0000000000000000        325.00000000000000        0.0000000000000000     
   325.00000000000000        0.0000000000000000        0.0000000000000000       -325.00000000000000        0.0000000000000000     
   168.17379183382783        91.661799669536606        136.91655683566188        33.680783918673399        0.0000000000000000     
   217.98656581986236       -152.77645913042716        42.912932324822066        149.45225542892069        0.0000000000000000     
   263.83964234630986        61.114659460890529       -179.82948916048397       -183.13303934759415        0.0000000000000000     

 PASSED   1.0000000000000001E-005
 MU_R    =    325.00000000000000     
 ALPHA_S =   0.11799999999999999     
 BORN                    8.9031794312212441E-007
 SINGLE POLE (MadFKS)   -1.0841128859953302E-007
 DOUBLE POLE (MadFKS)   -9.4749064717339263E-008
 SINGLE POLE (MadLoop)  -1.0841128859953250E-007
 DOUBLE POLE (MadLoop)  -9.4749064717339330E-008
 FINITE PART (MadLoop)   1.2543444676696807E-007
   325.00000000000000        0.0000000000000000        0.0000000000000000        325.00000000000000        0.0000000000000000     
   325.00000000000000        0.0000000000000000        0.0000000000000000       -325.00000000000000        0.0000000000000000     
   305.33183569468332        197.36315036099242        214.21752246458024        91.576033094945032        0.0000000000000000     
   124.86832249691112       -75.143355909248157       -31.556283396216589       -94.603250494400697        0.0000000000000000     
   219.79984180840549       -122.21979445174428       -182.66123906836364        3.0272173994557723        0.0000000000000000     

 PASSED   1.0000000000000001E-005
 MU_R    =    325.00000000000000     
 ALPHA_S =   0.11799999999999999     
 BORN                    8.9709731623263576E-007
 SINGLE POLE (MadFKS)   -1.1322688299430952E-007
 DOUBLE POLE (MadFKS)   -9.5470536486557238E-008
 SINGLE POLE (MadLoop)  -1.1322688299430996E-007
 DOUBLE POLE (MadLoop)  -9.5470536486557066E-008
 FINITE PART (MadLoop)   1.3033999085946411E-007
   325.00000000000000        0.0000000000000000        0.0000000000000000        325.00000000000000        0.0000000000000000     
   325.00000000000000        0.0000000000000000        0.0000000000000000       -325.00000000000000        0.0000000000000000     
   109.00625789621492       -51.101259119477405        90.937952618878839        31.643551482516870        0.0000000000000000     
   321.32044862821880        59.994322103305173       -302.02354855759324       -91.811154761738010        0.0000000000000000     
   219.67329347556634       -8.8930629838277273        211.08559593871445        60.167603279221133        0.0000000000000000     

 PASSED   1.0000000000000001E-005
 MU_R    =    325.00000000000000     
 ALPHA_S =   0.11799999999999999     
 BORN                    7.2431740011822781E-007
 SINGLE POLE (MadFKS)   -1.6605696764417957E-007
 DOUBLE POLE (MadFKS)   -7.7083020453383328E-008
 SINGLE POLE (MadLoop)  -1.6605696764417777E-007
 DOUBLE POLE (MadLoop)  -7.7083020453382851E-008
 FINITE PART (MadLoop)   4.5304005536934289E-008
   325.00000000000000        0.0000000000000000        0.0000000000000000        325.00000000000000        0.0000000000000000     
   325.00000000000000        0.0000000000000000        0.0000000000000000       -325.00000000000000        0.0000000000000000     
   302.60512161118612       -62.109544818698119       -82.596233014608885       -284.41189560131153        0.0000000000000000     
   258.71972913928090        12.562628666616733        13.946400830045214        258.03793618531233        0.0000000000000000     
   88.675149249532780        49.546916152081408        68.649832184563721        26.373959415999220        0.0000000000000000     

 PASSED   1.0000000000000001E-005
 MU_R    =    325.00000000000000     
 ALPHA_S =   0.11799999999999999     
 BORN                    2.7768748121033995E-007
 SINGLE POLE (MadFKS)   -4.4695724129683084E-008
 DOUBLE POLE (MadFKS)   -2.9551947516780997E-008
 SINGLE POLE (MadLoop)  -4.4695724129684043E-008
 DOUBLE POLE (MadLoop)  -2.9551947516780914E-008
Thanks for using LHAPDF 6.2.1. Please make sure to cite the paper:
  Eur.Phys.J. C75 (2015) 3, 132  (http://arxiv.org/abs/1412.7420)
 FINITE PART (MadLoop)   4.1105887085389217E-008
   325.00000000000000        0.0000000000000000        0.0000000000000000        325.00000000000000        0.0000000000000000     
   325.00000000000000        0.0000000000000000        0.0000000000000000       -325.00000000000000        0.0000000000000000     
   208.38151919472350        155.77673759532260        81.284325845161064       -112.02376505883286        0.0000000000000000     
   241.14484746670084       -8.7036108292278449       -31.665450412959089        238.89827096154585        0.0000000000000000     
   200.47363333857578       -147.07312676609482       -49.618875432201989       -126.87450590271293        0.0000000000000000     

 PASSED   1.0000000000000001E-005
 MU_R    =    325.00000000000000     
 ALPHA_S =   0.11799999999999999     
 BORN                    9.0720954682987002E-007
 SINGLE POLE (MadFKS)   -1.0870261124212509E-007
 DOUBLE POLE (MadFKS)   -9.6546696299684340E-008
 SINGLE POLE (MadLoop)  -1.0870261124212647E-007
 DOUBLE POLE (MadLoop)  -9.6546696299684234E-008
 FINITE PART (MadLoop)   1.2967732007765386E-007
   325.00000000000000        0.0000000000000000        0.0000000000000000        325.00000000000000        0.0000000000000000     
   325.00000000000000        0.0000000000000000        0.0000000000000000       -325.00000000000000        0.0000000000000000     
   228.02578926859627        180.95049933866099       -54.721223128637128        127.50790210791415        0.0000000000000000     
   191.21408216440724       -93.582577943926267       -151.11184569341518       -70.500612865954210        0.0000000000000000     
   230.76012856699646       -87.367921394734751        205.83306882205227       -57.007289241959931        0.0000000000000000     

 PASSED   1.0000000000000001E-005
 MU_R    =    325.00000000000000     
 ALPHA_S =   0.11799999999999999     
 BORN                    5.0932142290709799E-007
 SINGLE POLE (MadFKS)   -7.0502628739252511E-008
 DOUBLE POLE (MadFKS)   -5.4202803429664747E-008
 SINGLE POLE (MadLoop)  -7.0502628739251823E-008
 DOUBLE POLE (MadLoop)  -5.4202803429664860E-008
 FINITE PART (MadLoop)   8.6751853653360906E-008
   325.00000000000000        0.0000000000000000        0.0000000000000000        325.00000000000000        0.0000000000000000     
   325.00000000000000        0.0000000000000000        0.0000000000000000       -325.00000000000000        0.0000000000000000     
   189.64985793703013        83.544123799864508        89.675476456711934       -144.72649002967742        0.0000000000000000     
   214.21392907761134       -206.84908211153507        54.321581330765227       -12.256852867207622        0.0000000000000000     
   246.13621298535867        123.30495831167060       -143.99705778747710        156.98334289688506        0.0000000000000000     

 PASSED   1.0000000000000001E-005
 MU_R    =    325.00000000000000     
 ALPHA_S =   0.11799999999999999     
 BORN                    2.7343029792741678E-005
 SINGLE POLE (MadFKS)   -6.4815003802341011E-006
 DOUBLE POLE (MadFKS)   -2.9098891237837811E-006
 SINGLE POLE (MadLoop)  -6.4815003802338207E-006
 DOUBLE POLE (MadLoop)  -2.9098891237837794E-006
 FINITE PART (MadLoop)   2.2726322663273452E-006
   325.00000000000000        0.0000000000000000        0.0000000000000000        325.00000000000000        0.0000000000000000     
   325.00000000000000        0.0000000000000000        0.0000000000000000       -325.00000000000000        0.0000000000000000     
   258.59222335782925        23.804872935861390       -102.73409812877514        236.11220020854512        0.0000000000000000     
   101.72816072707008        50.926478851548289        77.082589557487566        42.583879858548741        0.0000000000000000     
   289.67961591510101       -74.731351787409693        25.651508571287785       -278.69608006709387        0.0000000000000000     

 PASSED   1.0000000000000001E-005
 MU_R    =    325.00000000000000     
 ALPHA_S =   0.11799999999999999     
 BORN                    6.4425303885934036E-007
 SINGLE POLE (MadFKS)   -7.9824044649740883E-008
 DOUBLE POLE (MadFKS)   -6.8562442602432177E-008
 SINGLE POLE (MadLoop)  -7.9824044649743424E-008
 DOUBLE POLE (MadLoop)  -6.8562442602431713E-008
 FINITE PART (MadLoop)   1.0283214605202252E-007
   325.00000000000000        0.0000000000000000        0.0000000000000000        325.00000000000000        0.0000000000000000     
   325.00000000000000        0.0000000000000000        0.0000000000000000       -325.00000000000000        0.0000000000000000     
   17.303652790933818        2.7385890367664603        1.9234953046348136       -16.976946009513671        0.0000000000000000     
   323.20095725945708       -3.6391317710045756       -217.57607924035051        238.96917214523583        0.0000000000000000     
   309.49538994960938       0.90054273423818187        215.65258393571577       -221.99222613572223        0.0000000000000000     

 NUMBER OF POINTS PASSING THE CHECK          20
 NUMBER OF POINTS FAILING THE CHECK           0
 TOLERANCE    1.0000000000000001E-005
