==== LHAPDF6 USING DEFAULT-TYPE LHAGLUE INTERFACE ====
LHAPDF 6.2.1 loading /cvmfs/cms.cern.ch/slc6_amd64_gcc481/external/lhapdf/6.2.1/share/LHAPDF/NNPDF31_nnlo_hessian_pdfas/NNPDF31_nnlo_hessian_pdfas_0000.dat
NNPDF31_nnlo_hessian_pdfas PDF set, member #0, version 1; LHAPDF ID = 306000
 A PDF is used, so alpha_s(MZ) is going to be modified
 Old value of alpha_s from param_card:   0.11799999999999999     
 New value of alpha_s from PDF lhapdf :  0.11800208008122040     
 using LHAPDF
 *****************************************************
 *               MadGraph/MadEvent                   *
 *        --------------------------------           *
 *          http://madgraph.hep.uiuc.edu             *
 *          http://madgraph.phys.ucl.ac.be           *
 *          http://madgraph.roma2.infn.it            *
 *        --------------------------------           *
 *                                                   *
 *          PARAMETER AND COUPLING VALUES            *
 *                                                   *
 *****************************************************

  External Params
  ---------------------------------
  
 MU_R =    91.188000000000002     
 aEWM1 =    132.50700000000001     
 mdl_Gf =    1.1663900000000000E-005
 aS =   0.11799999999999999     
 mdl_lamWS =   0.22530000000000000     
 mdl_AWS =   0.80800000000000005     
 mdl_rhoWS =   0.13200000000000001     
 mdl_etaWS =   0.34100000000000003     
 mdl_ymt =    173.00000000000000     
 mdl_ymtau =    1.7769999999999999     
 mdl_MT =    173.00000000000000     
 mdl_MZ =    91.188000000000002     
 mdl_MH =    125.00000000000000     
 mdl_MTA =    1.7769999999999999     
 mdl_WT =    1.4915000000000000     
 mdl_WZ =    2.4414039999999999     
 mdl_WW =    2.0476000000000001     
 mdl_WH =    6.3823389999999999E-003
  Internal Params
  ---------------------------------
  
 mdl_CKM33 =    1.0000000000000000     
 mdl_conjg__CKM3x3 =    1.0000000000000000     
 mdl_I4x33 =    0.0000000000000000     
 mdl_I1x33 =    0.0000000000000000     
 mdl_lhv =    1.0000000000000000     
 mdl_CKM3x3 =    1.0000000000000000     
 mdl_conjg__CKM33 =    1.0000000000000000     
 mdl_Ncol =    3.0000000000000000     
 mdl_CA =    3.0000000000000000     
 mdl_TF =   0.50000000000000000     
 mdl_CF =    1.3333333333333333     
 mdl_lamWS__exp__2 =    5.0760090000000001E-002
 mdl_CKM11 =  ( 0.97461995499999998     ,  0.0000000000000000     )
 mdl_CKM12 =  ( 0.22530000000000000     ,  0.0000000000000000     )
 mdl_complexi =  (  0.0000000000000000     ,  1.0000000000000000     )
 mdl_lamWS__exp__3 =    1.1436248277000001E-002
 mdl_CKM13 =  (  1.2197444962317122E-003, -3.1510066152652563E-003)
 mdl_CKM21 =  (-0.22530000000000000     ,  0.0000000000000000     )
 mdl_CKM22 =  ( 0.97461995499999998     ,  0.0000000000000000     )
 mdl_CKM23 =  (  4.1014152720000002E-002,  0.0000000000000000     )
 mdl_CKM31 =  (  8.0207441115842885E-003, -3.1510066152652563E-003)
 mdl_CKM32 =  ( -4.1014152720000002E-002,  0.0000000000000000     )
 mdl_MZ__exp__2 =    8315.2513440000002     
 mdl_MZ__exp__4 =    69143404.913893804     
 mdl_sqrt__2 =    1.4142135623730951     
 mdl_MH__exp__2 =    15625.000000000000     
 mdl_CKM1x1 =  ( 0.97461995499999998     ,  0.0000000000000000     )
 mdl_CKM1x2 =  ( 0.22530000000000000     ,  0.0000000000000000     )
 mdl_CKM1x3 =  (  1.2197444962317122E-003, -3.1510066152652563E-003)
 mdl_CKM2x1 =  (-0.22530000000000000     ,  0.0000000000000000     )
 mdl_CKM2x2 =  ( 0.97461995499999998     ,  0.0000000000000000     )
 mdl_CKM2x3 =  (  4.1014152720000002E-002,  0.0000000000000000     )
 mdl_CKM3x1 =  (  8.0207441115842885E-003, -3.1510066152652563E-003)
 mdl_CKM3x2 =  ( -4.1014152720000002E-002,  0.0000000000000000     )
 mdl_conjg__CKM1x3 =  (  1.2197444962317122E-003,  3.1510066152652563E-003)
 mdl_conjg__CKM2x3 =  (  4.1014152720000002E-002, -0.0000000000000000     )
 mdl_conjg__CKM2x1 =  (-0.22530000000000000     , -0.0000000000000000     )
 mdl_conjg__CKM3x1 =  (  8.0207441115842885E-003,  3.1510066152652563E-003)
 mdl_conjg__CKM2x2 =  ( 0.97461995499999998     , -0.0000000000000000     )
 mdl_conjg__CKM3x2 =  ( -4.1014152720000002E-002, -0.0000000000000000     )
 mdl_Ncol__exp__2 =    9.0000000000000000     
 mdl_MT__exp__2 =    29929.000000000000     
 mdl_conjg__CKM11 =  ( 0.97461995499999998     , -0.0000000000000000     )
 mdl_conjg__CKM12 =  ( 0.22530000000000000     , -0.0000000000000000     )
 mdl_conjg__CKM13 =  (  1.2197444962317122E-003,  3.1510066152652563E-003)
 mdl_conjg__CKM21 =  (-0.22530000000000000     , -0.0000000000000000     )
 mdl_conjg__CKM22 =  ( 0.97461995499999998     , -0.0000000000000000     )
 mdl_conjg__CKM23 =  (  4.1014152720000002E-002, -0.0000000000000000     )
 mdl_conjg__CKM31 =  (  8.0207441115842885E-003,  3.1510066152652563E-003)
 mdl_conjg__CKM32 =  ( -4.1014152720000002E-002, -0.0000000000000000     )
 mdl_aEW =    7.5467711139788835E-003
 mdl_MW =    80.419002445756163     
 mdl_sqrt__aEW =    8.6872153846781555E-002
 mdl_ee =   0.30795376724436879     
 mdl_MW__exp__2 =    6467.2159543705357     
 mdl_sw2 =   0.22224648578577766     
 mdl_cw =   0.88190334743339216     
 mdl_sqrt__sw2 =   0.47143025548407230     
 mdl_sw =   0.47143025548407230     
 mdl_g1 =   0.34919219678733299     
 mdl_gw =   0.65323293034757990     
 mdl_v =    246.21845810181637     
 mdl_v__exp__2 =    60623.529110035903     
 mdl_lam =   0.12886910601690263     
 mdl_yt =   0.99366614581500623     
 mdl_ytau =    1.0206617000654717E-002
 mdl_muH =    88.388347648318430     
 mdl_AxialZUp =  -0.18517701861793787     
 mdl_AxialZDown =   0.18517701861793787     
 mdl_VectorZUp =    7.5430507588273299E-002
 mdl_VectorZDown =  -0.13030376310310560     
 mdl_VectorAUp =   0.20530251149624587     
 mdl_VectorADown =  -0.10265125574812294     
 mdl_VectorWmDxU =   0.23095271737156670     
 mdl_AxialWmDxU =  -0.23095271737156670     
 mdl_VectorWpUxD =   0.23095271737156670     
 mdl_AxialWpUxD =  -0.23095271737156670     
 mdl_I2x13 =  (  7.9699418879263656E-003,  3.1310485988282153E-003)
 mdl_I2x23 =  ( -4.0754375057150453E-002, -0.0000000000000000     )
 mdl_I2x33 =  ( 0.99366614581500623     ,  0.0000000000000000     )
 mdl_I3x31 =  (  7.9699418879263656E-003, -3.1310485988282153E-003)
 mdl_I3x32 =  ( -4.0754375057150453E-002,  0.0000000000000000     )
 mdl_I3x33 =  ( 0.99366614581500623     ,  0.0000000000000000     )
 mdl_Vector_tdGp =  ( -7.9699418879263656E-003, -3.1310485988282153E-003)
 mdl_Vector_tsGp =  (  4.0754375057150453E-002,  0.0000000000000000     )
 mdl_Vector_tbGp =  (-0.99366614581500623     ,  0.0000000000000000     )
 mdl_Axial_tdGp =  ( -7.9699418879263656E-003, -3.1310485988282153E-003)
 mdl_Axial_tsGp =  (  4.0754375057150453E-002,  0.0000000000000000     )
 mdl_Axial_tbGp =  (-0.99366614581500623     , -0.0000000000000000     )
 mdl_Vector_tdGm =  (  7.9699418879263656E-003, -3.1310485988282153E-003)
 mdl_Vector_tsGm =  ( -4.0754375057150453E-002,  0.0000000000000000     )
 mdl_Vector_tbGm =  ( 0.99366614581500623     ,  0.0000000000000000     )
 mdl_Axial_tdGm =  ( -7.9699418879263656E-003,  3.1310485988282153E-003)
 mdl_Axial_tsGm =  (  4.0754375057150453E-002, -0.0000000000000000     )
 mdl_Axial_tbGm =  (-0.99366614581500623     ,  0.0000000000000000     )
 mdl_gw__exp__2 =   0.42671326129048615     
 mdl_cw__exp__2 =   0.77775351421422245     
 mdl_ee__exp__2 =    9.4835522759998875E-002
 mdl_sw__exp__2 =   0.22224648578577769     
 mdl_yt__exp__2 =   0.98737240933884918     
  Internal Params evaluated point by point
  ----------------------------------------
  
 mdl_sqrt__aS =   0.34351128074635334     
 mdl_G__exp__4 =    2.1987899468922913     
 mdl_G__exp__2 =    1.4828317324943823     
 mdl_R2MixedFactor_FIN_ =   -2.5040377713124864E-002
 mdl_G_UVg_1EPS_ =   -5.1645779033320030E-002
 mdl_G_UVq_1EPS_ =    3.1300472141406080E-003
 mdl_G_UVb_1EPS_ =    3.1300472141406080E-003
 mdl_GWcft_UV_t_1EPS_ =   -3.1300472141406080E-003
 mdl_tWcft_UV_1EPS_ =   -1.8780283284843650E-002
 mdl_G__exp__3 =    1.8056676068262196     
 mdl_MU_R__exp__2 =    8315.2513440000002     
 mdl_G_UVt_FIN_ =   -4.0087659331150384E-003
 mdl_GWcft_UV_t_FIN_ =    4.0087659331150384E-003
 mdl_tWcft_UV_FIN_ =   -9.8778211443463623E-004
  Couplings of loop_sm-ckm_no_b_mass
  ---------------------------------
  
       UV_3Gt =   0.48815E-02   0.00000E+00
      UV_GQQt =   0.00000E+00  -0.48815E-02
   UVWfct_G_2 =   0.40088E-02   0.00000E+00
       R2_DDA =   0.00000E+00   0.25704E-02
       R2_UUA =  -0.00000E+00  -0.51409E-02
    R2_DDZ_V2 =   0.00000E+00   0.72127E-02
    R2_UUZ_V2 =  -0.00000E+00  -0.72127E-02
    R2_UUZ_V5 =   0.00000E+00   0.68702E-03
      R2_GGHt =   0.00000E+00  -0.45657E+01
     R2_GGZup =  -0.46369E-02   0.00000E+00
   R2_GGZdown =   0.46369E-02   0.00000E+00
 R2_GGGZvecUp =   0.00000E+00   0.28750E-03
 R2_GGGZvecDown  -0.00000E+00  -0.49665E-03
 R2_GGGZaxialUp  -0.00000E+00  -0.63522E-02
 R2_GGGZaxialDow  0.00000E+00   0.63522E-02
 R2_GGGAvecUp =   0.00000E+00   0.78251E-03
 R2_GGGAvecDown  -0.00000E+00  -0.39126E-03
         GC_4 =  -0.12177E+01   0.00000E+00
         GC_5 =   0.00000E+00   0.12177E+01
         GC_6 =   0.00000E+00   0.14828E+01
       R2_3Gq =   0.76230E-02   0.00000E+00
       R2_3Gg =   0.31445E-01   0.00000E+00
       R2_GQQ =  -0.00000E+00  -0.30492E-01
       R2_GGq =   0.00000E+00   0.62601E-02
       R2_GGt =  -0.00000E+00  -0.11242E+04
     R2_GGg_1 =   0.00000E+00   0.28170E-01
     R2_GGg_2 =  -0.00000E+00  -0.18780E-01
       R2_QQq =   0.00000E+00   0.12520E-01
  UV_3Gg_1eps =   0.62890E-01   0.00000E+00
  UV_3Gb_1eps =  -0.38115E-02   0.00000E+00
 UV_GQQg_1eps =   0.00000E+00  -0.62890E-01
 UV_GQQq_1eps =   0.00000E+00   0.38115E-02
 UVWfct_G_2_1eps -0.31300E-02   0.00000E+00
         GC_1 =  -0.00000E+00  -0.10265E+00
         GC_2 =   0.00000E+00   0.20530E+00
        GC_21 =  -0.00000E+00  -0.28804E+00
        GC_22 =   0.00000E+00   0.28804E+00
        GC_23 =  -0.00000E+00  -0.27437E-01
        GC_24 =   0.00000E+00   0.82310E-01
        GC_37 =  -0.00000E+00  -0.70263E+00
        GC_38 =  -0.00000E+00  -0.72172E-02
      GC_1003 =  -0.00000E+00  -0.30795E+00

 Collider parameters:
 --------------------

 Running at P P   machine @    13000.000000000000       GeV
 PDF set = lhapdf 
 alpha_s(Mz)= 0.1180 running at 3 loops.
 alpha_s(Mz)= 0.1180 running at 3 loops.
 Renormalization scale set on event-by-event basis
 Factorization   scale set on event-by-event basis


 ===============================================================
 INFO: MadFKS read these parameters from FKS_params.dat
 ===============================================================
  > IRPoleCheckThreshold      =    1.0000000000000001E-005
  > PrecisionVirtualAtRunTime =    1.0000000000000000E-003
  > NHelForMCoverHels         =            4
  > VirtualFraction           =    1.0000000000000000     
  > MinVirtualFraction        =    5.0000000000000001E-003
 ===============================================================
  Insert the number of points to test
 Insert the relative tolerance
  A negative number will mean use the default one:    1.0000000000000001E-005
Using random seed offsets:     0 ,    117 ,      0
  with seed                   32
 Ranmar initialization seeds       10729        9523
  ========================================================================================== 
 {                                                                                          }
 {       [32m                                                                            [0m       }
 {       [32m                               ,,                                           [0m       }
 {       [32m`7MMM.     ,MMF'             `7MM  `7MMF'                                   [0m       }
 {       [32m  MMMb    dPMM                 MM    MM                                     [0m       }
 {       [32m  M YM   ,M MM   ,6"Yb.   ,M""bMM    MM         ,pW"Wq.   ,pW"Wq.`7MMpdMAo. [0m       }
 {       [32m  M  Mb  M' MM  8)   MM ,AP    MM    MM        6W'   `Wb 6W'   `Wb MM   `Wb [0m       }
 {       [32m  M  YM.P'  MM   ,pm9MM 8MI    MM    MM      , 8M     M8 8M     M8 MM    M8 [0m       }
 {       [32m  M  `YM'   MM  8M   MM `Mb    MM    MM     ,M YA.   ,A9 YA.   ,A9 MM   ,AP [0m       }
 {       [32m.JML. `'  .JMML.`Moo9^Yo.`Wbmd"MML..JMMmmmmMMM  `Ybmd9'   `Ybmd9'  MMbmmd'  [0m       }
 {       [32m                                                                   MM       [0m       }
 {       [32m                                                                 .JMML.     [0m       }
 {       [32m[0mv2.4.2 (2016-06-10), Ref: arXiv:1103.0621v2, arXiv:1405.0301[32m                [0m       }
 {       [32m                                                                            [0m       }
 {                                                                                          }
  ========================================================================================== 
 ===============================================================
 INFO: MadLoop read these parameters from ./MadLoop5_resources/MadLoopParams.dat                                                                                                                                                                                                                                                                                                                                                                                                                                                                                          
 ===============================================================
  > MLReductionLib            = 6|1|2
  > IREGIMODE                 =            2
  > IREGIRECY                 =  T
  > CTModeRun                 =           -1
  > MLStabThres               =    1.0000000000000000E-003
  > NRotations_DP             =            1
  > NRotations_QP             =            0
  > CTStabThres               =    1.0000000000000000E-002
  > CTLoopLibrary             =            2
  > CTModeInit                =            1
  > CheckCycle                =            3
  > MaxAttempts               =           10
  > UseLoopFilter             =  F
  > HelicityFilterLevel       =            2
  > ImprovePSPoint            =            2
  > DoubleCheckHelicityFilter =  T
  > LoopInitStartOver         =  F
  > HelInitStartOver          =  F
  > ZeroThres                 =    1.0000000000000001E-009
  > OSThres                   =    1.0000000000000000E-008
  > WriteOutFilters           =  T
  > UseQPIntegrandForNinja    =  F
  > UseQPIntegrandForCutTools =  T
 ===============================================================
  
------------------------------------------------------------------------
|              You are using CutTools - Version 1.9.3                  |
|              Authors: G. Ossola, C. Papadopoulos, R. Pittau          |
|              Published in JHEP 0803:042,2008                         |
|              http://www.ugr.es/~pittau/CutTools                      |
|                                                                      |
|              Compiler with  34  significant digits detetected        |
 ---------------------------------------------------------------------- 
   
########################################################################
#                                                                      #
#                      You are using OneLOop-3.6                       #
#                                                                      #
# for the evaluation of 1-loop scalar 1-, 2-, 3- and 4-point functions #
#                                                                      #
# author: Andreas van Hameren <hamerenREMOVETHIS@ifj.edu.pl>           #
#   date: 18-02-2015                                                   #
#                                                                      #
# Please cite                                                          #
#    A. van Hameren,                                                   #
#      Comput.Phys.Commun. 182 (2011) 2427-2438, arXiv:1007.4716       #
#    A. van Hameren, C.G. Papadopoulos and R. Pittau,                  #
#      JHEP 0909:106,2009, arXiv:0903.4665                             #
# in publications with results obtained with the help of this program. #
#                                                                      #
########################################################################
 PASSED   1.0000000000000001E-005
 MU_R    =    325.00000000000000     
 ALPHA_S =   0.11799999999999999     
 BORN                    8.1490054167831198E-011
 SINGLE POLE (MadFKS)   -1.0207120268626672E-011
 DOUBLE POLE (MadFKS)   -8.1621669449019934E-012
 SINGLE POLE (MadLoop)  -1.0207120268627231E-011
 DOUBLE POLE (MadLoop)  -8.1621669449019982E-012
 FINITE PART (MadLoop)   3.6924571916287076E-011
   325.00000000000000        0.0000000000000000        0.0000000000000000        325.00000000000000        0.0000000000000000     
   325.00000000000000        0.0000000000000000        0.0000000000000000       -325.00000000000000        0.0000000000000000     
   225.92622793390419        119.38836812814576        181.91786602468483        60.786248816369593        0.0000000000000000     
   42.356039530735167        9.2811857540355938       -29.748428303489955        28.686663960809465        0.0000000000000000     
   279.16748398868208       -192.50821860793280       -119.75432036360539       -162.89251867173763        0.0000000000000000     
   102.55024854667842        63.838664725751492       -32.415117357589530        73.419605894558657        0.0000000000000000     

 PASSED   1.0000000000000001E-005
 MU_R    =    325.00000000000000     
 ALPHA_S =   0.11799999999999999     
 BORN                    1.6394916726507940E-012
 SINGLE POLE (MadFKS)   -3.8673702470500856E-013
 DOUBLE POLE (MadFKS)   -1.6421396296279501E-013
 SINGLE POLE (MadLoop)  -3.8673702470499891E-013
 DOUBLE POLE (MadLoop)  -1.6421396296279494E-013
 FINITE PART (MadLoop)   2.2416129420564451E-013
   325.00000000000000        0.0000000000000000        0.0000000000000000        325.00000000000000        0.0000000000000000     
   325.00000000000000        0.0000000000000000        0.0000000000000000       -325.00000000000000        0.0000000000000000     
   174.99688991515882        110.52422389165383       -134.80667428965373        15.344965952683335        0.0000000000000000     
   287.71319502691142       -33.321443434206714        285.73451552470675        4.9346365535577874        0.0000000000000000     
   99.662613679652466       -18.398980156364320       -89.186580509643250       -40.495283079172097        0.0000000000000000     
   87.627301378277238       -58.803800301082802       -61.741260725409759        20.215680572930964        0.0000000000000000     

 PASSED   1.0000000000000001E-005
 MU_R    =    325.00000000000000     
 ALPHA_S =   0.11799999999999999     
 BORN                    1.1603433923586374E-009
 SINGLE POLE (MadFKS)   -6.7777674796026288E-011
 DOUBLE POLE (MadFKS)   -1.1622174728635572E-010
 SINGLE POLE (MadLoop)  -6.7777674796031639E-011
 DOUBLE POLE (MadLoop)  -1.1622174728635549E-010
 FINITE PART (MadLoop)   5.4546944062279841E-010
   325.00000000000000        0.0000000000000000        0.0000000000000000        325.00000000000000        0.0000000000000000     
   325.00000000000000        0.0000000000000000        0.0000000000000000       -325.00000000000000        0.0000000000000000     
   113.35715208567599       -80.406134515346480        57.104764811594528        55.890458014651863        0.0000000000000000     
   13.557553093675715        7.9080914015728405        9.6019109405374703        5.3919052812704757        0.0000000000000000     
   267.56797554267649        179.72322589850032        157.61346003258021       -120.20890493304223        0.0000000000000000     
   255.51731927797186       -107.22518278472671       -224.32013578471222        58.926541637119890        0.0000000000000000     

 PASSED   1.0000000000000001E-005
 MU_R    =    325.00000000000000     
 ALPHA_S =   0.11799999999999999     
 BORN                    4.2276728979029064E-010
 SINGLE POLE (MadFKS)   -4.2420812937040089E-011
 DOUBLE POLE (MadFKS)   -4.2345010484411981E-011
 SINGLE POLE (MadLoop)  -4.2420812937044619E-011
 DOUBLE POLE (MadLoop)  -4.2345010484413022E-011
 FINITE PART (MadLoop)   2.2263277244606873E-010
   325.00000000000000        0.0000000000000000        0.0000000000000000        325.00000000000000        0.0000000000000000     
   325.00000000000000        0.0000000000000000        0.0000000000000000       -325.00000000000000        0.0000000000000000     
   173.42599441338533       -58.976546900504275        125.90173426569689       -103.66820034540015        0.0000000000000000     
   73.658045001597955       -37.323213469270158        33.933591880557650       -53.674916598616797        0.0000000000000000     
   128.06092830461080       -112.15401039571370       -61.331883892336315        7.7122842669198901        0.0000000000000000     
   274.85503228040608        208.45377076548809       -98.503442253918223        149.63083267709709        0.0000000000000000     

 PASSED   1.0000000000000001E-005
 MU_R    =    325.00000000000000     
 ALPHA_S =   0.11799999999999999     
 BORN                    6.8580474179118446E-009
 SINGLE POLE (MadFKS)   -6.3571388951856323E-010
 DOUBLE POLE (MadFKS)   -6.8691239087613312E-010
 SINGLE POLE (MadLoop)  -6.3571388951860842E-010
 DOUBLE POLE (MadLoop)  -6.8691239087616806E-010
 FINITE PART (MadLoop)   3.7647897201742272E-009
   325.00000000000000        0.0000000000000000        0.0000000000000000        325.00000000000000        0.0000000000000000     
   325.00000000000000        0.0000000000000000        0.0000000000000000       -325.00000000000000        0.0000000000000000     
   260.09223806789151       -143.37175085191524       -130.40573633314608        173.45563493940151        0.0000000000000000     
   29.052943846438861        23.283109859119016       -10.220125332649907        14.054158801488331        0.0000000000000000     
   137.38004155304452        2.8820358123979331        137.32259570978007        2.7339338361760022        0.0000000000000000     
   223.47477653262530        117.20660518039838        3.3032659560159332       -190.24372757706584        0.0000000000000000     

 PASSED   1.0000000000000001E-005
 MU_R    =    325.00000000000000     
 ALPHA_S =   0.11799999999999999     
 BORN                    2.0859290515140710E-010
 SINGLE POLE (MadFKS)   -7.9967191596986323E-012
 DOUBLE POLE (MadFKS)   -2.0892980533077053E-011
 SINGLE POLE (MadLoop)  -7.9967191596979069E-012
 DOUBLE POLE (MadLoop)  -2.0892980533077017E-011
 FINITE PART (MadLoop)   1.5638355771795062E-010
   325.00000000000000        0.0000000000000000        0.0000000000000000        325.00000000000000        0.0000000000000000     
   325.00000000000000        0.0000000000000000        0.0000000000000000       -325.00000000000000        0.0000000000000000     
   142.67015331523544       -129.11716201765714       -34.795129867664969       -49.727558325250541        0.0000000000000000     
   75.773904080021509        48.433147350056174       -54.222976079834268        21.349089965189858        0.0000000000000000     
   261.20690981002656        194.92031744297060        79.935627168558838        154.41960720583421        0.0000000000000000     
   170.34903279471644       -114.23630277536965        9.0824787789404464       -126.04113884577356        0.0000000000000000     

 PASSED   1.0000000000000001E-005
 MU_R    =    325.00000000000000     
 ALPHA_S =   0.11799999999999999     
 BORN                    2.7915137132209741E-011
 SINGLE POLE (MadFKS)   -3.7656238436118070E-012
 DOUBLE POLE (MadFKS)   -2.7960223108168366E-012
 SINGLE POLE (MadLoop)  -3.7656238436089934E-012
 DOUBLE POLE (MadLoop)  -2.7960223108168322E-012
 FINITE PART (MadLoop)   1.1172385421517959E-011
   325.00000000000000        0.0000000000000000        0.0000000000000000        325.00000000000000        0.0000000000000000     
   325.00000000000000        0.0000000000000000        0.0000000000000000       -325.00000000000000        0.0000000000000000     
   37.929948995870134        27.359128396153640        22.979647207289446       -12.731651050064306        0.0000000000000000     
   266.99889158804780       -247.07571024738226        70.661095867792056        72.450058976928304        0.0000000000000000     
   197.14310142405796        87.881919888556510       -137.80936822420162       -110.23043420691108        0.0000000000000000     
   147.92805799202421        131.83466196267213        44.168625149120068        50.512026280047102        0.0000000000000000     

 PASSED   1.0000000000000001E-005
 MU_R    =    325.00000000000000     
 ALPHA_S =   0.11799999999999999     
 BORN                    2.0241941168806352E-011
 SINGLE POLE (MadFKS)   -3.4281307137791434E-012
 DOUBLE POLE (MadFKS)   -2.0274634100550531E-012
 SINGLE POLE (MadLoop)  -3.4281307137788344E-012
 DOUBLE POLE (MadLoop)  -2.0274634100550600E-012
 FINITE PART (MadLoop)   1.0935662014329970E-011
   325.00000000000000        0.0000000000000000        0.0000000000000000        325.00000000000000        0.0000000000000000     
   325.00000000000000        0.0000000000000000        0.0000000000000000       -325.00000000000000        0.0000000000000000     
   195.06615203627601       -9.1732344750651791       -189.80301456458898        44.062127748208688        0.0000000000000000     
   263.54021648280462        37.380173155455594        253.98360550556080        59.569257952968719        0.0000000000000000     
   126.08285689810613       -82.537653891662629       -67.272703719719075       -67.518929404184973        0.0000000000000000     
   65.310774582813252        54.330715211272214        3.0921127787472296       -36.112456296992434        0.0000000000000000     

 PASSED   1.0000000000000001E-005
 MU_R    =    325.00000000000000     
 ALPHA_S =   0.11799999999999999     
 BORN                    1.2348784525548456E-011
 SINGLE POLE (MadFKS)   -1.8969122095099528E-012
 DOUBLE POLE (MadFKS)   -1.2368729152708992E-012
 SINGLE POLE (MadLoop)  -1.8969122095099565E-012
 DOUBLE POLE (MadLoop)  -1.2368729152709004E-012
 FINITE PART (MadLoop)   5.5735254029904673E-012
   325.00000000000000        0.0000000000000000        0.0000000000000000        325.00000000000000        0.0000000000000000     
   325.00000000000000        0.0000000000000000        0.0000000000000000       -325.00000000000000        0.0000000000000000     
   70.927793151047638       -23.757279981392202        31.012293830202104       -59.199502705282491        0.0000000000000000     
   284.45304498039172       -31.796143729479226       -159.28449349591810        233.51871482667056        0.0000000000000000     
   182.56779973324680        110.63151739728289        36.737510925377975       -140.50631355501906        0.0000000000000000     
   112.05136213531378       -55.078093686411457        91.534688740337998       -33.812898566368922        0.0000000000000000     

 PASSED   1.0000000000000001E-005
 MU_R    =    325.00000000000000     
 ALPHA_S =   0.11799999999999999     
 BORN                    4.3073827102409432E-012
 SINGLE POLE (MadFKS)   -1.1682780656138282E-012
 DOUBLE POLE (MadFKS)   -4.3143396007766678E-013
 SINGLE POLE (MadLoop)  -1.1682780656137946E-012
 DOUBLE POLE (MadLoop)  -4.3143396007766173E-013
 FINITE PART (MadLoop)   6.0444259749505849E-013
   325.00000000000000        0.0000000000000000        0.0000000000000000        325.00000000000000        0.0000000000000000     
   325.00000000000000        0.0000000000000000        0.0000000000000000       -325.00000000000000        0.0000000000000000     
   195.04551034682405        161.85123193389023       -105.79478444220756       -25.581114376859173        0.0000000000000000     
   294.43809057743772       -167.48451519868931        237.51341175837686       -47.223993757868932        0.0000000000000000     
   57.789728597926540        1.3847585976130685       -57.749619859213446        1.6482054376458717        0.0000000000000000     
   102.72667047781174        4.2485246671860004       -73.969007456955893        71.156902697082259        0.0000000000000000     

 PASSED   1.0000000000000001E-005
 MU_R    =    325.00000000000000     
 ALPHA_S =   0.11799999999999999     
 BORN                    4.7562233813546341E-011
 SINGLE POLE (MadFKS)   -7.8314546330513116E-012
 DOUBLE POLE (MadFKS)   -4.7639051982846387E-012
 SINGLE POLE (MadLoop)  -7.8314546330504957E-012
 DOUBLE POLE (MadLoop)  -4.7639051982846573E-012
 FINITE PART (MadLoop)   2.0042667035514952E-011
   325.00000000000000        0.0000000000000000        0.0000000000000000        325.00000000000000        0.0000000000000000     
   325.00000000000000        0.0000000000000000        0.0000000000000000       -325.00000000000000        0.0000000000000000     
   174.79676116456710       -4.6863350887321484       -169.29172357276556        43.269600261860148        0.0000000000000000     
   135.58406989772533       -106.50889710312956       -57.227167030453934        61.351008154509955        0.0000000000000000     
   243.55641716412234        65.180646692998437        167.25673346447931       -164.60983187312539        0.0000000000000000     
   96.062751773585205        46.014585498863227        59.262157138740179        59.989223456755276        0.0000000000000000     

 PASSED   1.0000000000000001E-005
 MU_R    =    325.00000000000000     
 ALPHA_S =   0.11799999999999999     
 BORN                    5.8453179313895548E-010
 SINGLE POLE (MadFKS)   -1.2193608661934541E-010
 DOUBLE POLE (MadFKS)   -5.8547587542118461E-011
 SINGLE POLE (MadLoop)  -1.2193608661934450E-010
 DOUBLE POLE (MadLoop)  -5.8547587542118706E-011
 FINITE PART (MadLoop)   3.7492777443363722E-010
   325.00000000000000        0.0000000000000000        0.0000000000000000        325.00000000000000        0.0000000000000000     
   325.00000000000000        0.0000000000000000        0.0000000000000000       -325.00000000000000        0.0000000000000000     
   278.96670560534335       -76.373091077230157        37.894024072985111        265.61930791108432        0.0000000000000000     
   128.26384049859212        79.961500505874824       -84.857462653682731       -53.450746002989604        0.0000000000000000     
   123.50199883102998        45.802206360843321      -0.82344426527064130       -114.69186347461810        0.0000000000000000     
   119.26745506503465       -49.390615789488002        47.786882845968300       -97.476698433476585        0.0000000000000000     

 PASSED   1.0000000000000001E-005
 MU_R    =    325.00000000000000     
 ALPHA_S =   0.11799999999999999     
 BORN                    8.1567852510123819E-010
 SINGLE POLE (MadFKS)   -8.6103127786035196E-011
 DOUBLE POLE (MadFKS)   -8.1699593444078430E-011
 SINGLE POLE (MadLoop)  -8.6103127786025153E-011
 DOUBLE POLE (MadLoop)  -8.1699593444074423E-011
 FINITE PART (MadLoop)   4.5701036671126208E-010
   325.00000000000000        0.0000000000000000        0.0000000000000000        325.00000000000000        0.0000000000000000     
   325.00000000000000        0.0000000000000000        0.0000000000000000       -325.00000000000000        0.0000000000000000     
   96.821519438500587        10.614026559792423       -46.076355476269647       -84.490937576715339        0.0000000000000000     
   166.99038546389988        13.240190905045269       -113.45417379618443       -121.81394267654666        0.0000000000000000     
   122.74025372995555        109.86682985362985       -8.7853718772511478        54.011728583575483        0.0000000000000000     
   263.44784136764400       -133.72104731846764        168.31590114970516        152.29315166968649        0.0000000000000000     

 PASSED   1.0000000000000001E-005
 MU_R    =    325.00000000000000     
 ALPHA_S =   0.11799999999999999     
 BORN                    6.3204081623849507E-011
 SINGLE POLE (MadFKS)   -1.0164946141208934E-011
 DOUBLE POLE (MadFKS)   -6.3306163074894647E-012
 SINGLE POLE (MadLoop)  -1.0164946141208948E-011
 DOUBLE POLE (MadLoop)  -6.3306163074894494E-012
 FINITE PART (MadLoop)   3.9124609869871017E-011
   325.00000000000000        0.0000000000000000        0.0000000000000000        325.00000000000000        0.0000000000000000     
   325.00000000000000        0.0000000000000000        0.0000000000000000       -325.00000000000000        0.0000000000000000     
Thanks for using LHAPDF 6.2.1. Please make sure to cite the paper:
  Eur.Phys.J. C75 (2015) 3, 132  (http://arxiv.org/abs/1412.7420)
   278.09639872693845       -107.72337868493199       -110.14632905419811       -231.51904212284444        0.0000000000000000     
   55.177996181672469        49.319120108375053        24.404129938864070       -4.0833927422397176        0.0000000000000000     
   81.054534951706529       -58.119197339499927        44.370919976288199        34.974533553823342        0.0000000000000000     
   235.67107013968229        116.52345591605676        41.371279139045832        200.62790131126081        0.0000000000000000     

 PASSED   1.0000000000000001E-005
 MU_R    =    325.00000000000000     
 ALPHA_S =   0.11799999999999999     
 BORN                    6.2951006978032233E-012
 SINGLE POLE (MadFKS)   -1.0424365833916679E-012
 DOUBLE POLE (MadFKS)   -6.3052679686059453E-013
 SINGLE POLE (MadLoop)  -1.0424365833916631E-012
 DOUBLE POLE (MadLoop)  -6.3052679686059564E-013
 FINITE PART (MadLoop)   2.5148431196360976E-012
   325.00000000000000        0.0000000000000000        0.0000000000000000        325.00000000000000        0.0000000000000000     
   325.00000000000000        0.0000000000000000        0.0000000000000000       -325.00000000000000        0.0000000000000000     
   252.37254978913259        229.61363794011802        92.376258715204955       -49.356944645653215        0.0000000000000000     
   97.513443114011352       -77.208460084639299        54.465759142998550       -24.108221839966891        0.0000000000000000     
   144.40548776648330       -118.78385212835221       -62.626895534377780       -53.115095089360857        0.0000000000000000     
   155.70851933037284       -33.621325727126504       -84.215122323825753        126.58026157498095        0.0000000000000000     

 PASSED   1.0000000000000001E-005
 MU_R    =    325.00000000000000     
 ALPHA_S =   0.11799999999999999     
 BORN                    1.8589267992549934E-011
 SINGLE POLE (MadFKS)   -3.0518574011275833E-012
 DOUBLE POLE (MadFKS)   -1.8619291677758111E-012
 SINGLE POLE (MadLoop)  -3.0518574011276414E-012
 DOUBLE POLE (MadLoop)  -1.8619291677758192E-012
 FINITE PART (MadLoop)   6.1185247932816185E-012
   325.00000000000000        0.0000000000000000        0.0000000000000000        325.00000000000000        0.0000000000000000     
   325.00000000000000        0.0000000000000000        0.0000000000000000       -325.00000000000000        0.0000000000000000     
   145.33224495298634       -115.96716329159442       -86.877621343913660        11.196310588718738        0.0000000000000000     
   153.47901700544674        52.605508390097967       -119.25320677380199       -81.037903613940827        0.0000000000000000     
   103.30695247952443        17.308303789803634        29.215506712752418       -97.566404146323322        0.0000000000000000     
   247.88178556204267        46.053351111692798        176.91532140496321        167.40799717154545        0.0000000000000000     

 PASSED   1.0000000000000001E-005
 MU_R    =    325.00000000000000     
 ALPHA_S =   0.11799999999999999     
 BORN                    1.2181004844390562E-010
 SINGLE POLE (MadFKS)   -1.8030515196960181E-011
 DOUBLE POLE (MadFKS)   -1.2200678489157738E-011
 SINGLE POLE (MadLoop)  -1.8030515196960307E-011
 DOUBLE POLE (MadLoop)  -1.2200678489157710E-011
 FINITE PART (MadLoop)   3.1382408925898822E-011
   325.00000000000000        0.0000000000000000        0.0000000000000000        325.00000000000000        0.0000000000000000     
   325.00000000000000        0.0000000000000000        0.0000000000000000       -325.00000000000000        0.0000000000000000     
   48.768409496656361       -16.333100503093974        24.482570960812474       -38.886904118715556        0.0000000000000000     
   276.86371306357466       -46.294637411264411        254.38252755677419        98.994201002563670        0.0000000000000000     
   122.38198037832815        53.814006885144479       -102.89313731718192        38.657522907122072        0.0000000000000000     
   201.98589706144051        8.8137310292139581       -175.97196120040459       -98.764819790970179        0.0000000000000000     

 PASSED   1.0000000000000001E-005
 MU_R    =    325.00000000000000     
 ALPHA_S =   0.11799999999999999     
 BORN                    3.2671824194088181E-010
 SINGLE POLE (MadFKS)   -2.3955542311803925E-011
 DOUBLE POLE (MadFKS)   -3.2724592735871181E-011
 SINGLE POLE (MadLoop)  -2.3955542311832479E-011
 DOUBLE POLE (MadLoop)  -3.2724592735875156E-011
 FINITE PART (MadLoop)   1.4925949852451953E-010
   325.00000000000000        0.0000000000000000        0.0000000000000000        325.00000000000000        0.0000000000000000     
   325.00000000000000        0.0000000000000000        0.0000000000000000       -325.00000000000000        0.0000000000000000     
   140.95311991286971       -136.94003255799154       -33.377569180671095        1.0711544135006787        0.0000000000000000     
   186.40898905778784        62.974397664124254       -132.87630382867897        114.57060845267341        0.0000000000000000     
   72.186022022044639       -5.3505606961971184        17.734471299679953        69.768773841341456        0.0000000000000000     
   250.45186900729786        79.316195590064424        148.51940170967009       -185.41053670751552        0.0000000000000000     

 PASSED   1.0000000000000001E-005
 MU_R    =    325.00000000000000     
 ALPHA_S =   0.11799999999999999     
 BORN                    1.7870588620084759E-011
 SINGLE POLE (MadFKS)   -2.8965437873746723E-012
 DOUBLE POLE (MadFKS)   -1.7899451560111731E-012
 SINGLE POLE (MadLoop)  -2.8965437873744849E-012
 DOUBLE POLE (MadLoop)  -1.7899451560111773E-012
 FINITE PART (MadLoop)   9.6902831107719558E-012
   325.00000000000000        0.0000000000000000        0.0000000000000000        325.00000000000000        0.0000000000000000     
   325.00000000000000        0.0000000000000000        0.0000000000000000       -325.00000000000000        0.0000000000000000     
   204.65107486384770        103.16754177180107       -173.29127657670111        34.765704798107635        0.0000000000000000     
   233.33621525538251       -38.884500135190336        177.62438569999344       -146.23051187642940        0.0000000000000000     
   65.690497937003371        38.899311368289567        48.157627992391618        21.975621957767668        0.0000000000000000     
   146.32221194376638       -103.18235300490029       -52.490737115683963        89.489185120554083        0.0000000000000000     

 PASSED   1.0000000000000001E-005
 MU_R    =    325.00000000000000     
 ALPHA_S =   0.11799999999999999     
 BORN                    3.5377701756795348E-012
 SINGLE POLE (MadFKS)   -6.3332041179827600E-013
 DOUBLE POLE (MadFKS)   -3.5434840584497462E-013
 SINGLE POLE (MadLoop)  -6.3332041179824086E-013
 DOUBLE POLE (MadLoop)  -3.5434840584497441E-013
 FINITE PART (MadLoop)   1.3631616247320255E-012
   325.00000000000000        0.0000000000000000        0.0000000000000000        325.00000000000000        0.0000000000000000     
   325.00000000000000        0.0000000000000000        0.0000000000000000       -325.00000000000000        0.0000000000000000     
   277.89219354836189       -3.3665971919476370       -277.36442741529697        16.784268320419454        0.0000000000000000     
   167.21686141157329        51.071420163796780        152.17856106408880       -46.849485965735262        0.0000000000000000     
   83.464813317496251        42.207136790342695        66.779624625826230       -26.933518168251627        0.0000000000000000     
   121.42613172256874       -89.911959762191898        58.406241725381975        56.998735813567421        0.0000000000000000     

 NUMBER OF POINTS PASSING THE CHECK          20
 NUMBER OF POINTS FAILING THE CHECK           0
 TOLERANCE    1.0000000000000001E-005
