==== LHAPDF6 USING DEFAULT-TYPE LHAGLUE INTERFACE ====
LHAPDF 6.2.1 loading /cvmfs/cms.cern.ch/slc6_amd64_gcc481/external/lhapdf/6.2.1/share/LHAPDF/NNPDF31_nnlo_hessian_pdfas/NNPDF31_nnlo_hessian_pdfas_0000.dat
NNPDF31_nnlo_hessian_pdfas PDF set, member #0, version 1; LHAPDF ID = 306000
 A PDF is used, so alpha_s(MZ) is going to be modified
 Old value of alpha_s from param_card:   0.11799999999999999     
 New value of alpha_s from PDF lhapdf :  0.11800208008122040     
 using LHAPDF
 *****************************************************
 *               MadGraph/MadEvent                   *
 *        --------------------------------           *
 *          http://madgraph.hep.uiuc.edu             *
 *          http://madgraph.phys.ucl.ac.be           *
 *          http://madgraph.roma2.infn.it            *
 *        --------------------------------           *
 *                                                   *
 *          PARAMETER AND COUPLING VALUES            *
 *                                                   *
 *****************************************************

  External Params
  ---------------------------------
  
 MU_R =    91.188000000000002     
 aEWM1 =    132.50700000000001     
 mdl_Gf =    1.1663900000000000E-005
 aS =   0.11799999999999999     
 mdl_lamWS =   0.22530000000000000     
 mdl_AWS =   0.80800000000000005     
 mdl_rhoWS =   0.13200000000000001     
 mdl_etaWS =   0.34100000000000003     
 mdl_ymt =    173.00000000000000     
 mdl_ymtau =    1.7769999999999999     
 mdl_MT =    173.00000000000000     
 mdl_MZ =    91.188000000000002     
 mdl_MH =    125.00000000000000     
 mdl_MTA =    1.7769999999999999     
 mdl_WT =    1.4915000000000000     
 mdl_WZ =    2.4414039999999999     
 mdl_WW =    2.0476000000000001     
 mdl_WH =    6.3823389999999999E-003
  Internal Params
  ---------------------------------
  
 mdl_CKM33 =    1.0000000000000000     
 mdl_conjg__CKM3x3 =    1.0000000000000000     
 mdl_I4x33 =    0.0000000000000000     
 mdl_I1x33 =    0.0000000000000000     
 mdl_lhv =    1.0000000000000000     
 mdl_CKM3x3 =    1.0000000000000000     
 mdl_conjg__CKM33 =    1.0000000000000000     
 mdl_Ncol =    3.0000000000000000     
 mdl_CA =    3.0000000000000000     
 mdl_TF =   0.50000000000000000     
 mdl_CF =    1.3333333333333333     
 mdl_lamWS__exp__2 =    5.0760090000000001E-002
 mdl_CKM11 =  ( 0.97461995499999998     ,  0.0000000000000000     )
 mdl_CKM12 =  ( 0.22530000000000000     ,  0.0000000000000000     )
 mdl_complexi =  (  0.0000000000000000     ,  1.0000000000000000     )
 mdl_lamWS__exp__3 =    1.1436248277000001E-002
 mdl_CKM13 =  (  1.2197444962317122E-003, -3.1510066152652563E-003)
 mdl_CKM21 =  (-0.22530000000000000     ,  0.0000000000000000     )
 mdl_CKM22 =  ( 0.97461995499999998     ,  0.0000000000000000     )
 mdl_CKM23 =  (  4.1014152720000002E-002,  0.0000000000000000     )
 mdl_CKM31 =  (  8.0207441115842885E-003, -3.1510066152652563E-003)
 mdl_CKM32 =  ( -4.1014152720000002E-002,  0.0000000000000000     )
 mdl_MZ__exp__2 =    8315.2513440000002     
 mdl_MZ__exp__4 =    69143404.913893804     
 mdl_sqrt__2 =    1.4142135623730951     
 mdl_MH__exp__2 =    15625.000000000000     
 mdl_CKM1x1 =  ( 0.97461995499999998     ,  0.0000000000000000     )
 mdl_CKM1x2 =  ( 0.22530000000000000     ,  0.0000000000000000     )
 mdl_CKM1x3 =  (  1.2197444962317122E-003, -3.1510066152652563E-003)
 mdl_CKM2x1 =  (-0.22530000000000000     ,  0.0000000000000000     )
 mdl_CKM2x2 =  ( 0.97461995499999998     ,  0.0000000000000000     )
 mdl_CKM2x3 =  (  4.1014152720000002E-002,  0.0000000000000000     )
 mdl_CKM3x1 =  (  8.0207441115842885E-003, -3.1510066152652563E-003)
 mdl_CKM3x2 =  ( -4.1014152720000002E-002,  0.0000000000000000     )
 mdl_conjg__CKM1x3 =  (  1.2197444962317122E-003,  3.1510066152652563E-003)
 mdl_conjg__CKM2x3 =  (  4.1014152720000002E-002, -0.0000000000000000     )
 mdl_conjg__CKM2x1 =  (-0.22530000000000000     , -0.0000000000000000     )
 mdl_conjg__CKM3x1 =  (  8.0207441115842885E-003,  3.1510066152652563E-003)
 mdl_conjg__CKM2x2 =  ( 0.97461995499999998     , -0.0000000000000000     )
 mdl_conjg__CKM3x2 =  ( -4.1014152720000002E-002, -0.0000000000000000     )
 mdl_Ncol__exp__2 =    9.0000000000000000     
 mdl_MT__exp__2 =    29929.000000000000     
 mdl_conjg__CKM11 =  ( 0.97461995499999998     , -0.0000000000000000     )
 mdl_conjg__CKM12 =  ( 0.22530000000000000     , -0.0000000000000000     )
 mdl_conjg__CKM13 =  (  1.2197444962317122E-003,  3.1510066152652563E-003)
 mdl_conjg__CKM21 =  (-0.22530000000000000     , -0.0000000000000000     )
 mdl_conjg__CKM22 =  ( 0.97461995499999998     , -0.0000000000000000     )
 mdl_conjg__CKM23 =  (  4.1014152720000002E-002, -0.0000000000000000     )
 mdl_conjg__CKM31 =  (  8.0207441115842885E-003,  3.1510066152652563E-003)
 mdl_conjg__CKM32 =  ( -4.1014152720000002E-002, -0.0000000000000000     )
 mdl_aEW =    7.5467711139788835E-003
 mdl_MW =    80.419002445756163     
 mdl_sqrt__aEW =    8.6872153846781555E-002
 mdl_ee =   0.30795376724436879     
 mdl_MW__exp__2 =    6467.2159543705357     
 mdl_sw2 =   0.22224648578577766     
 mdl_cw =   0.88190334743339216     
 mdl_sqrt__sw2 =   0.47143025548407230     
 mdl_sw =   0.47143025548407230     
 mdl_g1 =   0.34919219678733299     
 mdl_gw =   0.65323293034757990     
 mdl_v =    246.21845810181637     
 mdl_v__exp__2 =    60623.529110035903     
 mdl_lam =   0.12886910601690263     
 mdl_yt =   0.99366614581500623     
 mdl_ytau =    1.0206617000654717E-002
 mdl_muH =    88.388347648318430     
 mdl_AxialZUp =  -0.18517701861793787     
 mdl_AxialZDown =   0.18517701861793787     
 mdl_VectorZUp =    7.5430507588273299E-002
 mdl_VectorZDown =  -0.13030376310310560     
 mdl_VectorAUp =   0.20530251149624587     
 mdl_VectorADown =  -0.10265125574812294     
 mdl_VectorWmDxU =   0.23095271737156670     
 mdl_AxialWmDxU =  -0.23095271737156670     
 mdl_VectorWpUxD =   0.23095271737156670     
 mdl_AxialWpUxD =  -0.23095271737156670     
 mdl_I2x13 =  (  7.9699418879263656E-003,  3.1310485988282153E-003)
 mdl_I2x23 =  ( -4.0754375057150453E-002, -0.0000000000000000     )
 mdl_I2x33 =  ( 0.99366614581500623     ,  0.0000000000000000     )
 mdl_I3x31 =  (  7.9699418879263656E-003, -3.1310485988282153E-003)
 mdl_I3x32 =  ( -4.0754375057150453E-002,  0.0000000000000000     )
 mdl_I3x33 =  ( 0.99366614581500623     ,  0.0000000000000000     )
 mdl_Vector_tdGp =  ( -7.9699418879263656E-003, -3.1310485988282153E-003)
 mdl_Vector_tsGp =  (  4.0754375057150453E-002,  0.0000000000000000     )
 mdl_Vector_tbGp =  (-0.99366614581500623     ,  0.0000000000000000     )
 mdl_Axial_tdGp =  ( -7.9699418879263656E-003, -3.1310485988282153E-003)
 mdl_Axial_tsGp =  (  4.0754375057150453E-002,  0.0000000000000000     )
 mdl_Axial_tbGp =  (-0.99366614581500623     , -0.0000000000000000     )
 mdl_Vector_tdGm =  (  7.9699418879263656E-003, -3.1310485988282153E-003)
 mdl_Vector_tsGm =  ( -4.0754375057150453E-002,  0.0000000000000000     )
 mdl_Vector_tbGm =  ( 0.99366614581500623     ,  0.0000000000000000     )
 mdl_Axial_tdGm =  ( -7.9699418879263656E-003,  3.1310485988282153E-003)
 mdl_Axial_tsGm =  (  4.0754375057150453E-002, -0.0000000000000000     )
 mdl_Axial_tbGm =  (-0.99366614581500623     ,  0.0000000000000000     )
 mdl_gw__exp__2 =   0.42671326129048615     
 mdl_cw__exp__2 =   0.77775351421422245     
 mdl_ee__exp__2 =    9.4835522759998875E-002
 mdl_sw__exp__2 =   0.22224648578577769     
 mdl_yt__exp__2 =   0.98737240933884918     
  Internal Params evaluated point by point
  ----------------------------------------
  
 mdl_sqrt__aS =   0.34351128074635334     
 mdl_G__exp__4 =    2.1987899468922913     
 mdl_G__exp__2 =    1.4828317324943823     
 mdl_R2MixedFactor_FIN_ =   -2.5040377713124864E-002
 mdl_G_UVg_1EPS_ =   -5.1645779033320030E-002
 mdl_G_UVq_1EPS_ =    3.1300472141406080E-003
 mdl_G_UVb_1EPS_ =    3.1300472141406080E-003
 mdl_GWcft_UV_t_1EPS_ =   -3.1300472141406080E-003
 mdl_tWcft_UV_1EPS_ =   -1.8780283284843650E-002
 mdl_G__exp__3 =    1.8056676068262196     
 mdl_MU_R__exp__2 =    8315.2513440000002     
 mdl_G_UVt_FIN_ =   -4.0087659331150384E-003
 mdl_GWcft_UV_t_FIN_ =    4.0087659331150384E-003
 mdl_tWcft_UV_FIN_ =   -9.8778211443463623E-004
  Couplings of loop_sm-ckm_no_b_mass
  ---------------------------------
  
       UV_3Gt =   0.48815E-02   0.00000E+00
      UV_GQQt =   0.00000E+00  -0.48815E-02
   UVWfct_G_2 =   0.40088E-02   0.00000E+00
       R2_DDA =   0.00000E+00   0.25704E-02
       R2_UUA =  -0.00000E+00  -0.51409E-02
    R2_DDZ_V2 =   0.00000E+00   0.72127E-02
    R2_UUZ_V2 =  -0.00000E+00  -0.72127E-02
    R2_UUZ_V5 =   0.00000E+00   0.68702E-03
      R2_GGHt =   0.00000E+00  -0.45657E+01
     R2_GGZup =  -0.46369E-02   0.00000E+00
   R2_GGZdown =   0.46369E-02   0.00000E+00
 R2_GGGZvecUp =   0.00000E+00   0.28750E-03
 R2_GGGZvecDown  -0.00000E+00  -0.49665E-03
 R2_GGGZaxialUp  -0.00000E+00  -0.63522E-02
 R2_GGGZaxialDow  0.00000E+00   0.63522E-02
 R2_GGGAvecUp =   0.00000E+00   0.78251E-03
 R2_GGGAvecDown  -0.00000E+00  -0.39126E-03
         GC_4 =  -0.12177E+01   0.00000E+00
         GC_5 =   0.00000E+00   0.12177E+01
         GC_6 =   0.00000E+00   0.14828E+01
       R2_3Gq =   0.76230E-02   0.00000E+00
       R2_3Gg =   0.31445E-01   0.00000E+00
       R2_GQQ =  -0.00000E+00  -0.30492E-01
       R2_GGq =   0.00000E+00   0.62601E-02
       R2_GGt =  -0.00000E+00  -0.11242E+04
     R2_GGg_1 =   0.00000E+00   0.28170E-01
     R2_GGg_2 =  -0.00000E+00  -0.18780E-01
       R2_QQq =   0.00000E+00   0.12520E-01
  UV_3Gg_1eps =   0.62890E-01   0.00000E+00
  UV_3Gb_1eps =  -0.38115E-02   0.00000E+00
 UV_GQQg_1eps =   0.00000E+00  -0.62890E-01
 UV_GQQq_1eps =   0.00000E+00   0.38115E-02
 UVWfct_G_2_1eps -0.31300E-02   0.00000E+00
         GC_1 =  -0.00000E+00  -0.10265E+00
         GC_2 =   0.00000E+00   0.20530E+00
        GC_21 =  -0.00000E+00  -0.28804E+00
        GC_22 =   0.00000E+00   0.28804E+00
        GC_23 =  -0.00000E+00  -0.27437E-01
        GC_24 =   0.00000E+00   0.82310E-01
        GC_37 =  -0.00000E+00  -0.70263E+00
        GC_38 =  -0.00000E+00  -0.72172E-02
      GC_1003 =  -0.00000E+00  -0.30795E+00

 Collider parameters:
 --------------------

 Running at P P   machine @    13000.000000000000       GeV
 PDF set = lhapdf 
 alpha_s(Mz)= 0.1180 running at 3 loops.
 alpha_s(Mz)= 0.1180 running at 3 loops.
 Renormalization scale set on event-by-event basis
 Factorization   scale set on event-by-event basis


 ===============================================================
 INFO: MadFKS read these parameters from FKS_params.dat
 ===============================================================
  > IRPoleCheckThreshold      =    1.0000000000000001E-005
  > PrecisionVirtualAtRunTime =    1.0000000000000000E-003
  > NHelForMCoverHels         =            4
  > VirtualFraction           =    1.0000000000000000     
  > MinVirtualFraction        =    5.0000000000000001E-003
 ===============================================================
  Insert the number of points to test
 Insert the relative tolerance
  A negative number will mean use the default one:    1.0000000000000001E-005
Using random seed offsets:     0 ,     64 ,      0
  with seed                   32
 Ranmar initialization seeds       10729        9470
  ========================================================================================== 
 {                                                                                          }
 {       [32m                                                                            [0m       }
 {       [32m                               ,,                                           [0m       }
 {       [32m`7MMM.     ,MMF'             `7MM  `7MMF'                                   [0m       }
 {       [32m  MMMb    dPMM                 MM    MM                                     [0m       }
 {       [32m  M YM   ,M MM   ,6"Yb.   ,M""bMM    MM         ,pW"Wq.   ,pW"Wq.`7MMpdMAo. [0m       }
 {       [32m  M  Mb  M' MM  8)   MM ,AP    MM    MM        6W'   `Wb 6W'   `Wb MM   `Wb [0m       }
 {       [32m  M  YM.P'  MM   ,pm9MM 8MI    MM    MM      , 8M     M8 8M     M8 MM    M8 [0m       }
 {       [32m  M  `YM'   MM  8M   MM `Mb    MM    MM     ,M YA.   ,A9 YA.   ,A9 MM   ,AP [0m       }
 {       [32m.JML. `'  .JMML.`Moo9^Yo.`Wbmd"MML..JMMmmmmMMM  `Ybmd9'   `Ybmd9'  MMbmmd'  [0m       }
 {       [32m                                                                   MM       [0m       }
 {       [32m                                                                 .JMML.     [0m       }
 {       [32m[0mv2.4.2 (2016-06-10), Ref: arXiv:1103.0621v2, arXiv:1405.0301[32m                [0m       }
 {       [32m                                                                            [0m       }
 {                                                                                          }
  ========================================================================================== 
 ===============================================================
 INFO: MadLoop read these parameters from ./MadLoop5_resources/MadLoopParams.dat                                                                                                                                                                                                                                                                                                                                                                                                                                                                                          
 ===============================================================
  > MLReductionLib            = 6|1|2
  > IREGIMODE                 =            2
  > IREGIRECY                 =  T
  > CTModeRun                 =           -1
  > MLStabThres               =    1.0000000000000000E-003
  > NRotations_DP             =            1
  > NRotations_QP             =            0
  > CTStabThres               =    1.0000000000000000E-002
  > CTLoopLibrary             =            2
  > CTModeInit                =            1
  > CheckCycle                =            3
  > MaxAttempts               =           10
  > UseLoopFilter             =  F
  > HelicityFilterLevel       =            2
  > ImprovePSPoint            =            2
  > DoubleCheckHelicityFilter =  T
  > LoopInitStartOver         =  F
  > HelInitStartOver          =  F
  > ZeroThres                 =    1.0000000000000001E-009
  > OSThres                   =    1.0000000000000000E-008
  > WriteOutFilters           =  T
  > UseQPIntegrandForNinja    =  F
  > UseQPIntegrandForCutTools =  T
 ===============================================================
  
------------------------------------------------------------------------
|              You are using CutTools - Version 1.9.3                  |
|              Authors: G. Ossola, C. Papadopoulos, R. Pittau          |
|              Published in JHEP 0803:042,2008                         |
|              http://www.ugr.es/~pittau/CutTools                      |
|                                                                      |
|              Compiler with  34  significant digits detetected        |
 ---------------------------------------------------------------------- 
   
########################################################################
#                                                                      #
#                      You are using OneLOop-3.6                       #
#                                                                      #
# for the evaluation of 1-loop scalar 1-, 2-, 3- and 4-point functions #
#                                                                      #
# author: Andreas van Hameren <hamerenREMOVETHIS@ifj.edu.pl>           #
#   date: 18-02-2015                                                   #
#                                                                      #
# Please cite                                                          #
#    A. van Hameren,                                                   #
#      Comput.Phys.Commun. 182 (2011) 2427-2438, arXiv:1007.4716       #
#    A. van Hameren, C.G. Papadopoulos and R. Pittau,                  #
#      JHEP 0909:106,2009, arXiv:0903.4665                             #
# in publications with results obtained with the help of this program. #
#                                                                      #
########################################################################
 PASSED   1.0000000000000001E-005
 MU_R    =    325.00000000000000     
 ALPHA_S =   0.11799999999999999     
 BORN                    1.0377809257257388E-011
 SINGLE POLE (MadFKS)   -2.4019397331222924E-012
 DOUBLE POLE (MadFKS)   -1.0394570545459552E-012
 SINGLE POLE (MadLoop)  -2.4019397331222646E-012
 DOUBLE POLE (MadLoop)  -1.0394570545459476E-012
 FINITE PART (MadLoop)   2.4283254879992478E-012
   325.00000000000000        0.0000000000000000        0.0000000000000000        325.00000000000000        0.0000000000000000     
   325.00000000000000        0.0000000000000000        0.0000000000000000       -325.00000000000000        0.0000000000000000     
   183.97254017088409        25.893457917027618       -177.72895374446585        39.808110303356720        1.7769999999999999     
   240.56243314478235        159.58354376828399        171.42900238401486        54.884571707497606        1.7769999999999999     
   173.41115155925036       -137.16945512555154       -9.6976725064564864       -105.65000337729342        0.0000000000000000     
   52.053875125084261       -48.307546559760162        15.997623866907487        10.957321366439098        0.0000000000000000     

 PASSED   1.0000000000000001E-005
 MU_R    =    325.00000000000000     
 ALPHA_S =   0.11799999999999999     
 BORN                    6.6123674454309598E-012
 SINGLE POLE (MadFKS)   -7.9529746136789166E-013
 DOUBLE POLE (MadFKS)   -6.6230471364624717E-013
 SINGLE POLE (MadLoop)  -7.9529746136791831E-013
 DOUBLE POLE (MadLoop)  -6.6230471364626978E-013
 FINITE PART (MadLoop)   2.9099800643664051E-012
   325.00000000000000        0.0000000000000000        0.0000000000000000        325.00000000000000        0.0000000000000000     
   325.00000000000000        0.0000000000000000        0.0000000000000000       -325.00000000000000        0.0000000000000000     
   230.57664127077146        157.37650241511525       -166.01548185892003       -28.877777640357234        1.7769999999999999     
   100.45840032734786       -72.731050731483592        47.654771145258906       -50.278718300261431        1.7769999999999999     
   187.89935515428232       -175.21444273127008        67.860630156917296       -1.0007999159161438        0.0000000000000000     
   131.06560324759835        90.568991047638406        50.500080556743825        80.157295856534759        0.0000000000000000     

 PASSED   1.0000000000000001E-005
 MU_R    =    325.00000000000000     
 ALPHA_S =   0.11799999999999999     
 BORN                    1.0932175179031215E-010
 SINGLE POLE (MadFKS)   -1.4293322017401749E-011
 DOUBLE POLE (MadFKS)   -1.0949831828359603E-011
 SINGLE POLE (MadLoop)  -1.4293322017401701E-011
 DOUBLE POLE (MadLoop)  -1.0949831828359461E-011
 FINITE PART (MadLoop)   3.6293367517385805E-011
   325.00000000000000        0.0000000000000000        0.0000000000000000        325.00000000000000        0.0000000000000000     
   325.00000000000000        0.0000000000000000        0.0000000000000000       -325.00000000000000        0.0000000000000000     
   221.75828648013194       -134.79994893185560       -165.76248277418111       -59.374682871681046        1.7769999999999999     
   71.330356301554374       -24.709752874534061       -66.755050084852229        4.2489295304850412        1.7769999999999999     
   218.13560509590607        27.682846901103680        215.84467128525793        15.095697260017186        0.0000000000000000     
   138.77575212240760        131.82685490528598        16.672861573775425        40.030056081178856        0.0000000000000000     

 PASSED   1.0000000000000001E-005
 MU_R    =    325.00000000000000     
 ALPHA_S =   0.11799999999999999     
 BORN                    7.2339921049861336E-012
 SINGLE POLE (MadFKS)   -8.7973791046252455E-013
 DOUBLE POLE (MadFKS)   -7.2456757873046413E-013
 SINGLE POLE (MadLoop)  -8.7973791046255373E-013
 DOUBLE POLE (MadLoop)  -7.2456757873047856E-013
 FINITE PART (MadLoop)   3.1769561982059426E-012
   325.00000000000000        0.0000000000000000        0.0000000000000000        325.00000000000000        0.0000000000000000     
   325.00000000000000        0.0000000000000000        0.0000000000000000       -325.00000000000000        0.0000000000000000     
   139.76058419495791       -57.822204944179632       -42.707512741012309       -119.84374884150395        1.7769999999999999     
   214.01518132392033        192.65263713566657        89.186282331233699        27.020521029713013        1.7769999999999999     
   220.20118005936004       -195.97184907347412       -79.227153760349083        61.698072719430968        0.0000000000000000     
   76.023054421765266        61.141416881987190        32.748384170127707        31.125155092359982        0.0000000000000000     

 PASSED   1.0000000000000001E-005
 MU_R    =    325.00000000000000     
 ALPHA_S =   0.11799999999999999     
 BORN                    2.5533686240704756E-012
 SINGLE POLE (MadFKS)   -7.2309597509871996E-013
 DOUBLE POLE (MadFKS)   -2.5574925915026655E-013
 SINGLE POLE (MadLoop)  -7.2309597509883114E-013
 DOUBLE POLE (MadLoop)  -2.5574925915026680E-013
 FINITE PART (MadLoop)  -3.1292363944722530E-015
   325.00000000000000        0.0000000000000000        0.0000000000000000        325.00000000000000        0.0000000000000000     
   325.00000000000000        0.0000000000000000        0.0000000000000000       -325.00000000000000        0.0000000000000000     
   305.31286032811448       -236.34376884416537       -109.75398004050477        159.08636568398603        1.7769999999999999     
   161.92739932208016        119.57250323398965       -12.082304192939793       -108.50695515937778        1.7769999999999999     
   156.49156623885486        102.58335225017784        101.82715485426766       -59.979135366315660        0.0000000000000000     
   26.268174110951460        14.187913359997918        20.009129379176919        9.3997248417074477        0.0000000000000000     

 PASSED   1.0000000000000001E-005
 MU_R    =    325.00000000000000     
 ALPHA_S =   0.11799999999999999     
 BORN                    9.9807385544283192E-010
 SINGLE POLE (MadFKS)   -2.6788925740348916E-010
 DOUBLE POLE (MadFKS)   -9.9968585303533198E-011
 SINGLE POLE (MadLoop)  -2.6788925740332853E-010
 DOUBLE POLE (MadLoop)  -9.9968585303523168E-011
 FINITE PART (MadLoop)   3.0790776515308293E-011
   325.00000000000000        0.0000000000000000        0.0000000000000000        325.00000000000000        0.0000000000000000     
   325.00000000000000        0.0000000000000000        0.0000000000000000       -325.00000000000000        0.0000000000000000     
   220.32763602087948       -80.368912216951117        22.913714882738955       -203.85511787758892        1.7769999999999999     
   117.83236233587331       -108.01706214529102       -31.313244605759792       -35.115564674553184        1.7769999999999999     
   10.199010292277947        7.1287361013196602        6.9749896795850033       -2.1331787335842125        0.0000000000000000     
   301.64099135097507        181.25723826092249        1.4245400434358264        241.10386128572634        0.0000000000000000     

 PASSED   1.0000000000000001E-005
 MU_R    =    325.00000000000000     
 ALPHA_S =   0.11799999999999999     
 BORN                    1.0136905545949632E-010
 SINGLE POLE (MadFKS)   -1.2169751247252223E-011
 DOUBLE POLE (MadFKS)   -1.0153277748513961E-011
 SINGLE POLE (MadLoop)  -1.2169751247251342E-011
 DOUBLE POLE (MadLoop)  -1.0153277748513720E-011
 FINITE PART (MadLoop)   7.4735122549821247E-011
   325.00000000000000        0.0000000000000000        0.0000000000000000        325.00000000000000        0.0000000000000000     
   325.00000000000000        0.0000000000000000        0.0000000000000000       -325.00000000000000        0.0000000000000000     
   256.20449464044975       -85.417877872182871       -133.46437207575516        201.31724434634373        1.7769999999999999     
   171.41108666404824       -2.3872381890074532        152.71511753152481       -77.788153812205550        1.7769999999999999     
   53.493572404573086        37.957292946501809        16.737581258872844        33.773652073463630        0.0000000000000000     
   168.89084629093006        49.847823114688509       -35.988326714642533       -157.30274260760180        0.0000000000000000     

 PASSED   1.0000000000000001E-005
 MU_R    =    325.00000000000000     
 ALPHA_S =   0.11799999999999999     
 BORN                    8.1064113047284182E-011
 SINGLE POLE (MadFKS)   -3.3792854283682807E-012
 DOUBLE POLE (MadFKS)   -8.1195040387337982E-012
 SINGLE POLE (MadLoop)  -3.3792854260038515E-012
 DOUBLE POLE (MadLoop)  -8.1195040387337837E-012
 FINITE PART (MadLoop)   5.0477106141726554E-011
   325.00000000000000        0.0000000000000000        0.0000000000000000        325.00000000000000        0.0000000000000000     
   325.00000000000000        0.0000000000000000        0.0000000000000000       -325.00000000000000        0.0000000000000000     
   140.69386992205824        28.439622419888863       -57.384284092921497        125.25908797529259        1.7769999999999999     
   141.12085486263217       -81.414656235542864        102.43730354437243       -52.822254218904462        1.7769999999999999     
   135.89472915810597       -25.622183997866376        61.034247348043664        118.68319910919269        0.0000000000000000     
   232.29054605720358        78.597217813520359       -106.08726679949464       -191.12003286558084        0.0000000000000000     

 PASSED   1.0000000000000001E-005
 MU_R    =    325.00000000000000     
 ALPHA_S =   0.11799999999999999     
 BORN                    9.6199838582605534E-011
 SINGLE POLE (MadFKS)   -1.3526263481331395E-011
 DOUBLE POLE (MadFKS)   -9.6355211762003396E-012
 SINGLE POLE (MadLoop)  -1.3526263481331185E-011
 DOUBLE POLE (MadLoop)  -9.6355211762001021E-012
 FINITE PART (MadLoop)   6.5397823751709188E-011
   325.00000000000000        0.0000000000000000        0.0000000000000000        325.00000000000000        0.0000000000000000     
   325.00000000000000        0.0000000000000000        0.0000000000000000       -325.00000000000000        0.0000000000000000     
   237.02048733024435       -227.26862615198053       -8.7648139166327770        66.691103524118418        1.7769999999999999     
   202.63017808809235        182.77494748603391        68.147501561416789        54.818500028970853        1.7769999999999999     
   97.257343924382553        13.181873121561591       -94.531910169171368       -18.680126552044605        0.0000000000000000     
   113.09199065728153        31.311805544384995        35.149222524387341       -102.82947700104469        0.0000000000000000     

 PASSED   1.0000000000000001E-005
 MU_R    =    325.00000000000000     
 ALPHA_S =   0.11799999999999999     
 BORN                    2.0878093522121338E-011
 SINGLE POLE (MadFKS)   -2.8057042329821645E-012
 DOUBLE POLE (MadFKS)   -2.0911813908954552E-012
 SINGLE POLE (MadLoop)  -2.8057042329821286E-012
 DOUBLE POLE (MadLoop)  -2.0911813908954302E-012
 FINITE PART (MadLoop)   7.9564072363918026E-012
   325.00000000000000        0.0000000000000000        0.0000000000000000        325.00000000000000        0.0000000000000000     
   325.00000000000000        0.0000000000000000        0.0000000000000000       -325.00000000000000        0.0000000000000000     
   282.31996724582507        111.56051728273835        256.88775469740204        35.557539943293357        1.7769999999999999     
   134.13571965251870       -43.944710149431188       -119.84992356611663       -41.159346797265556        1.7769999999999999     
   45.848972077815233        6.1533888685540852        33.761739286563028        30.404095223682976        0.0000000000000000     
   187.69534102384341       -73.769196001861275       -170.79957041784837       -24.802288369710780        0.0000000000000000     

 PASSED   1.0000000000000001E-005
 MU_R    =    325.00000000000000     
 ALPHA_S =   0.11799999999999999     
 BORN                    6.7170438438533063E-010
 SINGLE POLE (MadFKS)   -1.2333873746162719E-010
 DOUBLE POLE (MadFKS)   -6.7278925986282760E-011
 SINGLE POLE (MadLoop)  -1.2333873746162367E-010
 DOUBLE POLE (MadLoop)  -6.7278925986280705E-011
 FINITE PART (MadLoop)   4.1806356302072488E-010
   325.00000000000000        0.0000000000000000        0.0000000000000000        325.00000000000000        0.0000000000000000     
   325.00000000000000        0.0000000000000000        0.0000000000000000       -325.00000000000000        0.0000000000000000     
   211.94230347810017        28.486519906501364       -110.01436054533185       -178.89030418673158        1.7769999999999999     
   120.89096631264913       -89.600282848686248        12.554351527329072       -80.160124614235301        1.7769999999999999     
   95.130181833224341       -31.630172369157936        67.045627607630990        59.616839149845497        0.0000000000000000     
   222.03654837603193        92.743935311342796        30.414381410371785        199.43358965112142        0.0000000000000000     

 PASSED   1.0000000000000001E-005
 MU_R    =    325.00000000000000     
 ALPHA_S =   0.11799999999999999     
 BORN                    8.3382408588292423E-011
 SINGLE POLE (MadFKS)   -6.0867834448931392E-012
 DOUBLE POLE (MadFKS)   -8.3517080227237963E-012
 SINGLE POLE (MadLoop)  -6.0867834449707964E-012
 DOUBLE POLE (MadLoop)  -8.3517080227238722E-012
 FINITE PART (MadLoop)   4.2383307788828102E-011
   325.00000000000000        0.0000000000000000        0.0000000000000000        325.00000000000000        0.0000000000000000     
   325.00000000000000        0.0000000000000000        0.0000000000000000       -325.00000000000000        0.0000000000000000     
   101.42573557336844        8.0332698807613525        99.915451328736154        15.375020923454310        1.7769999999999999     
   126.77983732798390        125.42279911224526       -12.568802381277534        13.457937934907443        1.7769999999999999     
   259.46756612004805       -257.16692599138730        17.749073069829620       -29.556056055632812        0.0000000000000000     
   162.32686097859960        123.71085699838061       -105.09572201728825       0.72309719727109412        0.0000000000000000     

 PASSED   1.0000000000000001E-005
 MU_R    =    325.00000000000000     
 ALPHA_S =   0.11799999999999999     
 BORN                    3.8347354787188593E-010
 SINGLE POLE (MadFKS)   -4.1538612731352320E-011
 DOUBLE POLE (MadFKS)   -3.8409289926816375E-011
 SINGLE POLE (MadLoop)  -4.1538612731351654E-011
 DOUBLE POLE (MadLoop)  -3.8409289926814553E-011
 FINITE PART (MadLoop)   2.0684105092697737E-010
   325.00000000000000        0.0000000000000000        0.0000000000000000        325.00000000000000        0.0000000000000000     
   325.00000000000000        0.0000000000000000        0.0000000000000000       -325.00000000000000        0.0000000000000000     
   125.40935942353852        17.753018196919371       -124.07547981461929        3.8020199492041096        1.7769999999999999     
   184.75486403229360       -121.52100840812415       -100.81112476407593        95.921653936250621        1.7769999999999999     
   180.58993300837659        126.85731169508701        126.40575729931749        23.270816381286366        0.0000000000000000     
   159.24584353579132       -23.089321483882308        98.480847279377954       -122.99449026674120        0.0000000000000000     

 PASSED   1.0000000000000001E-005
 MU_R    =    325.00000000000000     
 ALPHA_S =   0.11799999999999999     
 BORN                    1.2453159635472078E-011
 SINGLE POLE (MadFKS)   -3.7981023784981104E-012
 DOUBLE POLE (MadFKS)   -1.2473272839762447E-012
 SINGLE POLE (MadLoop)  -3.7981023784951239E-012
 DOUBLE POLE (MadLoop)  -1.2473272839761534E-012
 FINITE PART (MadLoop)  -5.5543844561597286E-012
   325.00000000000000        0.0000000000000000        0.0000000000000000        325.00000000000000        0.0000000000000000     
   325.00000000000000        0.0000000000000000        0.0000000000000000       -325.00000000000000        0.0000000000000000     
Thanks for using LHAPDF 6.2.1. Please make sure to cite the paper:
  Eur.Phys.J. C75 (2015) 3, 132  (http://arxiv.org/abs/1412.7420)
   166.45445011396953        104.78243728686250        62.726461160674639       -113.09269711270969        1.7769999999999999     
   228.82377108330647       -11.901700822781322       -220.23796058717127       -60.915931559109254        1.7769999999999999     
   210.43602969210536       -72.819804176734763        141.09906553541100        138.10015357439863        0.0000000000000000     
   44.285749110620344       -20.060932287346358        16.412433891085648        35.908475097420407        0.0000000000000000     

 PASSED   1.0000000000000001E-005
 MU_R    =    325.00000000000000     
 ALPHA_S =   0.11799999999999999     
 BORN                    1.6520174893645821E-011
 SINGLE POLE (MadFKS)   -2.4061342474713682E-012
 DOUBLE POLE (MadFKS)   -1.6546856768950950E-012
 SINGLE POLE (MadLoop)  -2.4061342474279045E-012
 DOUBLE POLE (MadLoop)  -1.6546856768950415E-012
 FINITE PART (MadLoop)   9.8618675120391171E-012
   325.00000000000000        0.0000000000000000        0.0000000000000000        325.00000000000000        0.0000000000000000     
   325.00000000000000        0.0000000000000000        0.0000000000000000       -325.00000000000000        0.0000000000000000     
   215.66332911478784        150.38303743360350        149.78959548465289        38.151447320655492        1.7769999999999999     
   153.53480408384158       -99.577547051126302       -20.291306680421769        115.07542453775878        1.7769999999999999     
   151.34969596658974        61.234884422866024       -100.39069891635712       -95.282353927591089        0.0000000000000000     
   129.45217083478340       -112.04037480534326       -29.107589887874024       -57.944517930823167        0.0000000000000000     

 PASSED   1.0000000000000001E-005
 MU_R    =    325.00000000000000     
 ALPHA_S =   0.11799999999999999     
 BORN                    1.2005594171440601E-010
 SINGLE POLE (MadFKS)   -1.2671614633871608E-011
 DOUBLE POLE (MadFKS)   -1.2024984508934521E-011
 SINGLE POLE (MadLoop)  -1.2671614633871710E-011
 DOUBLE POLE (MadLoop)  -1.2024984508934529E-011
 FINITE PART (MadLoop)   3.2878157183289520E-011
   325.00000000000000        0.0000000000000000        0.0000000000000000        325.00000000000000        0.0000000000000000     
   325.00000000000000        0.0000000000000000        0.0000000000000000       -325.00000000000000        0.0000000000000000     
   29.301197903354847        21.137153978536990       -20.161008594302665       -1.4686469009390581        1.7769999999999999     
   247.17087358103223       -238.88423695712123        57.083652830646805        27.677805742773852        1.7769999999999999     
   93.286185464491155       -38.141212181875531        76.870882049320983       -36.584529855828016        0.0000000000000000     
   280.24174305112183        255.88829516045979       -113.79352628566514        10.375371013993217        0.0000000000000000     

 PASSED   1.0000000000000001E-005
 MU_R    =    325.00000000000000     
 ALPHA_S =   0.11799999999999999     
 BORN                    1.9709724110442742E-009
 SINGLE POLE (MadFKS)   -8.3977078456624504E-011
 DOUBLE POLE (MadFKS)   -1.9741557453878809E-010
 SINGLE POLE (MadLoop)  -8.3977078456675389E-011
 DOUBLE POLE (MadLoop)  -1.9741557453879755E-010
 FINITE PART (MadLoop)   1.5775151139410372E-009
   325.00000000000000        0.0000000000000000        0.0000000000000000        325.00000000000000        0.0000000000000000     
   325.00000000000000        0.0000000000000000        0.0000000000000000       -325.00000000000000        0.0000000000000000     
   114.25525323158701        32.106018171455972       -109.49932497827275        5.4960520822516479        1.7769999999999999     
   154.46329390242380        44.525287277308607       -14.265069450100222        147.20651487160308        1.7769999999999999     
   89.449556423028142        8.1965754889636351       -19.667887884742882        86.874699888306921        0.0000000000000000     
   291.83189644296101       -84.827880937728196        143.43228231311582       -239.57726684216166        0.0000000000000000     

 PASSED   1.0000000000000001E-005
 MU_R    =    325.00000000000000     
 ALPHA_S =   0.11799999999999999     
 BORN                    1.1777355176125611E-011
 SINGLE POLE (MadFKS)   -1.6279677564652419E-012
 DOUBLE POLE (MadFKS)   -1.1796376882872462E-012
 SINGLE POLE (MadLoop)  -1.6279677564652900E-012
 DOUBLE POLE (MadLoop)  -1.1796376882872638E-012
 FINITE PART (MadLoop)   3.8728650608661715E-012
   325.00000000000000        0.0000000000000000        0.0000000000000000        325.00000000000000        0.0000000000000000     
   325.00000000000000        0.0000000000000000        0.0000000000000000       -325.00000000000000        0.0000000000000000     
   119.60025191981241       -65.258436665015225       -100.15896757230234        3.2527202725207496        1.7769999999999999     
   196.03179004869895        178.47550920673922       -80.956387780794699        4.2262124388040405        1.7769999999999999     
   95.936766132520916        55.776148189181256        26.397803382603755       -73.457745444016325        0.0000000000000000     
   238.43119189896774       -168.99322073090531        154.71755197049328        65.978812732691537        0.0000000000000000     

 PASSED   1.0000000000000001E-005
 MU_R    =    325.00000000000000     
 ALPHA_S =   0.11799999999999999     
 BORN                    2.6172126645544430E-010
 SINGLE POLE (MadFKS)   -4.5060988255318000E-011
 DOUBLE POLE (MadFKS)   -2.6214397470406888E-011
 SINGLE POLE (MadLoop)  -4.5060988255317412E-011
 DOUBLE POLE (MadLoop)  -2.6214397470407004E-011
 FINITE PART (MadLoop)   9.7318635181430694E-011
   325.00000000000000        0.0000000000000000        0.0000000000000000        325.00000000000000        0.0000000000000000     
   325.00000000000000        0.0000000000000000        0.0000000000000000       -325.00000000000000        0.0000000000000000     
   26.463714607106919       -19.993710722185881       -12.927694746741325        11.414758074485414        1.7769999999999999     
   293.81428365185093        255.05697625378627       -42.294495353190761        139.57360092777108        1.7769999999999999     
   163.75741278272469       -89.135377257798382       -22.308089980493303       -135.54971001010608        0.0000000000000000     
   165.96458895831751       -145.92788827380210        77.530280080425399       -15.438648992150430        0.0000000000000000     

 PASSED   1.0000000000000001E-005
 MU_R    =    325.00000000000000     
 ALPHA_S =   0.11799999999999999     
 BORN                    3.2876388273960612E-011
 SINGLE POLE (MadFKS)   -4.8330107311572157E-012
 DOUBLE POLE (MadFKS)   -3.2929487208932919E-012
 SINGLE POLE (MadLoop)  -4.8330107311570654E-012
 DOUBLE POLE (MadLoop)  -3.2929487208932988E-012
 FINITE PART (MadLoop)   8.9614205508396351E-012
   325.00000000000000        0.0000000000000000        0.0000000000000000        325.00000000000000        0.0000000000000000     
   325.00000000000000        0.0000000000000000        0.0000000000000000       -325.00000000000000        0.0000000000000000     
   73.669073197513200       -11.591623073429792       -34.862813786612058        63.829406280993283        1.7769999999999999     
   279.62460366789998       -171.62289801712930        206.12521722319420       -79.023648032239393        1.7769999999999999     
   208.82250489478773        186.29819212425858       -86.408035965457657        37.861239841804512        0.0000000000000000     
   87.883818239799041       -3.0836710336995665       -84.854367471124291       -22.666998090558074        0.0000000000000000     

 NUMBER OF POINTS PASSING THE CHECK          20
 NUMBER OF POINTS FAILING THE CHECK           0
 TOLERANCE    1.0000000000000001E-005
