==== LHAPDF6 USING DEFAULT-TYPE LHAGLUE INTERFACE ====
LHAPDF 6.2.1 loading /cvmfs/cms.cern.ch/slc6_amd64_gcc481/external/lhapdf/6.2.1/share/LHAPDF/NNPDF31_nnlo_hessian_pdfas/NNPDF31_nnlo_hessian_pdfas_0000.dat
NNPDF31_nnlo_hessian_pdfas PDF set, member #0, version 1; LHAPDF ID = 306000
 A PDF is used, so alpha_s(MZ) is going to be modified
 Old value of alpha_s from param_card:   0.11799999999999999     
 New value of alpha_s from PDF lhapdf :  0.11800208008122040     
 using LHAPDF
 *****************************************************
 *               MadGraph/MadEvent                   *
 *        --------------------------------           *
 *          http://madgraph.hep.uiuc.edu             *
 *          http://madgraph.phys.ucl.ac.be           *
 *          http://madgraph.roma2.infn.it            *
 *        --------------------------------           *
 *                                                   *
 *          PARAMETER AND COUPLING VALUES            *
 *                                                   *
 *****************************************************

  External Params
  ---------------------------------
  
 MU_R =    91.188000000000002     
 aEWM1 =    132.50700000000001     
 mdl_Gf =    1.1663900000000000E-005
 aS =   0.11799999999999999     
 mdl_lamWS =   0.22530000000000000     
 mdl_AWS =   0.80800000000000005     
 mdl_rhoWS =   0.13200000000000001     
 mdl_etaWS =   0.34100000000000003     
 mdl_ymt =    173.00000000000000     
 mdl_ymtau =    1.7769999999999999     
 mdl_MT =    173.00000000000000     
 mdl_MZ =    91.188000000000002     
 mdl_MH =    125.00000000000000     
 mdl_MTA =    1.7769999999999999     
 mdl_WT =    1.4915000000000000     
 mdl_WZ =    2.4414039999999999     
 mdl_WW =    2.0476000000000001     
 mdl_WH =    6.3823389999999999E-003
  Internal Params
  ---------------------------------
  
 mdl_CKM33 =    1.0000000000000000     
 mdl_conjg__CKM3x3 =    1.0000000000000000     
 mdl_I4x33 =    0.0000000000000000     
 mdl_I1x33 =    0.0000000000000000     
 mdl_lhv =    1.0000000000000000     
 mdl_CKM3x3 =    1.0000000000000000     
 mdl_conjg__CKM33 =    1.0000000000000000     
 mdl_Ncol =    3.0000000000000000     
 mdl_CA =    3.0000000000000000     
 mdl_TF =   0.50000000000000000     
 mdl_CF =    1.3333333333333333     
 mdl_lamWS__exp__2 =    5.0760090000000001E-002
 mdl_CKM11 =  ( 0.97461995499999998     ,  0.0000000000000000     )
 mdl_CKM12 =  ( 0.22530000000000000     ,  0.0000000000000000     )
 mdl_complexi =  (  0.0000000000000000     ,  1.0000000000000000     )
 mdl_lamWS__exp__3 =    1.1436248277000001E-002
 mdl_CKM13 =  (  1.2197444962317122E-003, -3.1510066152652563E-003)
 mdl_CKM21 =  (-0.22530000000000000     ,  0.0000000000000000     )
 mdl_CKM22 =  ( 0.97461995499999998     ,  0.0000000000000000     )
 mdl_CKM23 =  (  4.1014152720000002E-002,  0.0000000000000000     )
 mdl_CKM31 =  (  8.0207441115842885E-003, -3.1510066152652563E-003)
 mdl_CKM32 =  ( -4.1014152720000002E-002,  0.0000000000000000     )
 mdl_MZ__exp__2 =    8315.2513440000002     
 mdl_MZ__exp__4 =    69143404.913893804     
 mdl_sqrt__2 =    1.4142135623730951     
 mdl_MH__exp__2 =    15625.000000000000     
 mdl_CKM1x1 =  ( 0.97461995499999998     ,  0.0000000000000000     )
 mdl_CKM1x2 =  ( 0.22530000000000000     ,  0.0000000000000000     )
 mdl_CKM1x3 =  (  1.2197444962317122E-003, -3.1510066152652563E-003)
 mdl_CKM2x1 =  (-0.22530000000000000     ,  0.0000000000000000     )
 mdl_CKM2x2 =  ( 0.97461995499999998     ,  0.0000000000000000     )
 mdl_CKM2x3 =  (  4.1014152720000002E-002,  0.0000000000000000     )
 mdl_CKM3x1 =  (  8.0207441115842885E-003, -3.1510066152652563E-003)
 mdl_CKM3x2 =  ( -4.1014152720000002E-002,  0.0000000000000000     )
 mdl_conjg__CKM1x3 =  (  1.2197444962317122E-003,  3.1510066152652563E-003)
 mdl_conjg__CKM2x3 =  (  4.1014152720000002E-002, -0.0000000000000000     )
 mdl_conjg__CKM2x1 =  (-0.22530000000000000     , -0.0000000000000000     )
 mdl_conjg__CKM3x1 =  (  8.0207441115842885E-003,  3.1510066152652563E-003)
 mdl_conjg__CKM2x2 =  ( 0.97461995499999998     , -0.0000000000000000     )
 mdl_conjg__CKM3x2 =  ( -4.1014152720000002E-002, -0.0000000000000000     )
 mdl_Ncol__exp__2 =    9.0000000000000000     
 mdl_MT__exp__2 =    29929.000000000000     
 mdl_conjg__CKM11 =  ( 0.97461995499999998     , -0.0000000000000000     )
 mdl_conjg__CKM12 =  ( 0.22530000000000000     , -0.0000000000000000     )
 mdl_conjg__CKM13 =  (  1.2197444962317122E-003,  3.1510066152652563E-003)
 mdl_conjg__CKM21 =  (-0.22530000000000000     , -0.0000000000000000     )
 mdl_conjg__CKM22 =  ( 0.97461995499999998     , -0.0000000000000000     )
 mdl_conjg__CKM23 =  (  4.1014152720000002E-002, -0.0000000000000000     )
 mdl_conjg__CKM31 =  (  8.0207441115842885E-003,  3.1510066152652563E-003)
 mdl_conjg__CKM32 =  ( -4.1014152720000002E-002, -0.0000000000000000     )
 mdl_aEW =    7.5467711139788835E-003
 mdl_MW =    80.419002445756163     
 mdl_sqrt__aEW =    8.6872153846781555E-002
 mdl_ee =   0.30795376724436879     
 mdl_MW__exp__2 =    6467.2159543705357     
 mdl_sw2 =   0.22224648578577766     
 mdl_cw =   0.88190334743339216     
 mdl_sqrt__sw2 =   0.47143025548407230     
 mdl_sw =   0.47143025548407230     
 mdl_g1 =   0.34919219678733299     
 mdl_gw =   0.65323293034757990     
 mdl_v =    246.21845810181637     
 mdl_v__exp__2 =    60623.529110035903     
 mdl_lam =   0.12886910601690263     
 mdl_yt =   0.99366614581500623     
 mdl_ytau =    1.0206617000654717E-002
 mdl_muH =    88.388347648318430     
 mdl_AxialZUp =  -0.18517701861793787     
 mdl_AxialZDown =   0.18517701861793787     
 mdl_VectorZUp =    7.5430507588273299E-002
 mdl_VectorZDown =  -0.13030376310310560     
 mdl_VectorAUp =   0.20530251149624587     
 mdl_VectorADown =  -0.10265125574812294     
 mdl_VectorWmDxU =   0.23095271737156670     
 mdl_AxialWmDxU =  -0.23095271737156670     
 mdl_VectorWpUxD =   0.23095271737156670     
 mdl_AxialWpUxD =  -0.23095271737156670     
 mdl_I2x13 =  (  7.9699418879263656E-003,  3.1310485988282153E-003)
 mdl_I2x23 =  ( -4.0754375057150453E-002, -0.0000000000000000     )
 mdl_I2x33 =  ( 0.99366614581500623     ,  0.0000000000000000     )
 mdl_I3x31 =  (  7.9699418879263656E-003, -3.1310485988282153E-003)
 mdl_I3x32 =  ( -4.0754375057150453E-002,  0.0000000000000000     )
 mdl_I3x33 =  ( 0.99366614581500623     ,  0.0000000000000000     )
 mdl_Vector_tdGp =  ( -7.9699418879263656E-003, -3.1310485988282153E-003)
 mdl_Vector_tsGp =  (  4.0754375057150453E-002,  0.0000000000000000     )
 mdl_Vector_tbGp =  (-0.99366614581500623     ,  0.0000000000000000     )
 mdl_Axial_tdGp =  ( -7.9699418879263656E-003, -3.1310485988282153E-003)
 mdl_Axial_tsGp =  (  4.0754375057150453E-002,  0.0000000000000000     )
 mdl_Axial_tbGp =  (-0.99366614581500623     , -0.0000000000000000     )
 mdl_Vector_tdGm =  (  7.9699418879263656E-003, -3.1310485988282153E-003)
 mdl_Vector_tsGm =  ( -4.0754375057150453E-002,  0.0000000000000000     )
 mdl_Vector_tbGm =  ( 0.99366614581500623     ,  0.0000000000000000     )
 mdl_Axial_tdGm =  ( -7.9699418879263656E-003,  3.1310485988282153E-003)
 mdl_Axial_tsGm =  (  4.0754375057150453E-002, -0.0000000000000000     )
 mdl_Axial_tbGm =  (-0.99366614581500623     ,  0.0000000000000000     )
 mdl_gw__exp__2 =   0.42671326129048615     
 mdl_cw__exp__2 =   0.77775351421422245     
 mdl_ee__exp__2 =    9.4835522759998875E-002
 mdl_sw__exp__2 =   0.22224648578577769     
 mdl_yt__exp__2 =   0.98737240933884918     
  Internal Params evaluated point by point
  ----------------------------------------
  
 mdl_sqrt__aS =   0.34351128074635334     
 mdl_G__exp__4 =    2.1987899468922913     
 mdl_G__exp__2 =    1.4828317324943823     
 mdl_R2MixedFactor_FIN_ =   -2.5040377713124864E-002
 mdl_G_UVg_1EPS_ =   -5.1645779033320030E-002
 mdl_G_UVq_1EPS_ =    3.1300472141406080E-003
 mdl_G_UVb_1EPS_ =    3.1300472141406080E-003
 mdl_GWcft_UV_t_1EPS_ =   -3.1300472141406080E-003
 mdl_tWcft_UV_1EPS_ =   -1.8780283284843650E-002
 mdl_G__exp__3 =    1.8056676068262196     
 mdl_MU_R__exp__2 =    8315.2513440000002     
 mdl_G_UVt_FIN_ =   -4.0087659331150384E-003
 mdl_GWcft_UV_t_FIN_ =    4.0087659331150384E-003
 mdl_tWcft_UV_FIN_ =   -9.8778211443463623E-004
  Couplings of loop_sm-ckm_no_b_mass
  ---------------------------------
  
       UV_3Gt =   0.48815E-02   0.00000E+00
      UV_GQQt =   0.00000E+00  -0.48815E-02
   UVWfct_G_2 =   0.40088E-02   0.00000E+00
       R2_DDA =   0.00000E+00   0.25704E-02
       R2_UUA =  -0.00000E+00  -0.51409E-02
    R2_DDZ_V2 =   0.00000E+00   0.72127E-02
    R2_UUZ_V2 =  -0.00000E+00  -0.72127E-02
    R2_UUZ_V5 =   0.00000E+00   0.68702E-03
      R2_GGHt =   0.00000E+00  -0.45657E+01
     R2_GGZup =  -0.46369E-02   0.00000E+00
   R2_GGZdown =   0.46369E-02   0.00000E+00
 R2_GGGZvecUp =   0.00000E+00   0.28750E-03
 R2_GGGZvecDown  -0.00000E+00  -0.49665E-03
 R2_GGGZaxialUp  -0.00000E+00  -0.63522E-02
 R2_GGGZaxialDow  0.00000E+00   0.63522E-02
 R2_GGGAvecUp =   0.00000E+00   0.78251E-03
 R2_GGGAvecDown  -0.00000E+00  -0.39126E-03
         GC_4 =  -0.12177E+01   0.00000E+00
         GC_5 =   0.00000E+00   0.12177E+01
         GC_6 =   0.00000E+00   0.14828E+01
       R2_3Gq =   0.76230E-02   0.00000E+00
       R2_3Gg =   0.31445E-01   0.00000E+00
       R2_GQQ =  -0.00000E+00  -0.30492E-01
       R2_GGq =   0.00000E+00   0.62601E-02
       R2_GGt =  -0.00000E+00  -0.11242E+04
     R2_GGg_1 =   0.00000E+00   0.28170E-01
     R2_GGg_2 =  -0.00000E+00  -0.18780E-01
       R2_QQq =   0.00000E+00   0.12520E-01
  UV_3Gg_1eps =   0.62890E-01   0.00000E+00
  UV_3Gb_1eps =  -0.38115E-02   0.00000E+00
 UV_GQQg_1eps =   0.00000E+00  -0.62890E-01
 UV_GQQq_1eps =   0.00000E+00   0.38115E-02
 UVWfct_G_2_1eps -0.31300E-02   0.00000E+00
         GC_1 =  -0.00000E+00  -0.10265E+00
         GC_2 =   0.00000E+00   0.20530E+00
        GC_21 =  -0.00000E+00  -0.28804E+00
        GC_22 =   0.00000E+00   0.28804E+00
        GC_23 =  -0.00000E+00  -0.27437E-01
        GC_24 =   0.00000E+00   0.82310E-01
        GC_37 =  -0.00000E+00  -0.70263E+00
        GC_38 =  -0.00000E+00  -0.72172E-02
      GC_1003 =  -0.00000E+00  -0.30795E+00

 Collider parameters:
 --------------------

 Running at P P   machine @    13000.000000000000       GeV
 PDF set = lhapdf 
 alpha_s(Mz)= 0.1180 running at 3 loops.
 alpha_s(Mz)= 0.1180 running at 3 loops.
 Renormalization scale set on event-by-event basis
 Factorization   scale set on event-by-event basis


 ===============================================================
 INFO: MadFKS read these parameters from FKS_params.dat
 ===============================================================
  > IRPoleCheckThreshold      =    1.0000000000000001E-005
  > PrecisionVirtualAtRunTime =    1.0000000000000000E-003
  > NHelForMCoverHels         =            4
  > VirtualFraction           =    1.0000000000000000     
  > MinVirtualFraction        =    5.0000000000000001E-003
 ===============================================================
  Insert the number of points to test
 Insert the relative tolerance
  A negative number will mean use the default one:    1.0000000000000001E-005
Using random seed offsets:     0 ,     57 ,      0
  with seed                   32
 Ranmar initialization seeds       10729        9463
  ========================================================================================== 
 {                                                                                          }
 {       [32m                                                                            [0m       }
 {       [32m                               ,,                                           [0m       }
 {       [32m`7MMM.     ,MMF'             `7MM  `7MMF'                                   [0m       }
 {       [32m  MMMb    dPMM                 MM    MM                                     [0m       }
 {       [32m  M YM   ,M MM   ,6"Yb.   ,M""bMM    MM         ,pW"Wq.   ,pW"Wq.`7MMpdMAo. [0m       }
 {       [32m  M  Mb  M' MM  8)   MM ,AP    MM    MM        6W'   `Wb 6W'   `Wb MM   `Wb [0m       }
 {       [32m  M  YM.P'  MM   ,pm9MM 8MI    MM    MM      , 8M     M8 8M     M8 MM    M8 [0m       }
 {       [32m  M  `YM'   MM  8M   MM `Mb    MM    MM     ,M YA.   ,A9 YA.   ,A9 MM   ,AP [0m       }
 {       [32m.JML. `'  .JMML.`Moo9^Yo.`Wbmd"MML..JMMmmmmMMM  `Ybmd9'   `Ybmd9'  MMbmmd'  [0m       }
 {       [32m                                                                   MM       [0m       }
 {       [32m                                                                 .JMML.     [0m       }
 {       [32m[0mv2.4.2 (2016-06-10), Ref: arXiv:1103.0621v2, arXiv:1405.0301[32m                [0m       }
 {       [32m                                                                            [0m       }
 {                                                                                          }
  ========================================================================================== 
 ===============================================================
 INFO: MadLoop read these parameters from ./MadLoop5_resources/MadLoopParams.dat                                                                                                                                                                                                                                                                                                                                                                                                                                                                                          
 ===============================================================
  > MLReductionLib            = 6|1|2
  > IREGIMODE                 =            2
  > IREGIRECY                 =  T
  > CTModeRun                 =           -1
  > MLStabThres               =    1.0000000000000000E-003
  > NRotations_DP             =            1
  > NRotations_QP             =            0
  > CTStabThres               =    1.0000000000000000E-002
  > CTLoopLibrary             =            2
  > CTModeInit                =            1
  > CheckCycle                =            3
  > MaxAttempts               =           10
  > UseLoopFilter             =  F
  > HelicityFilterLevel       =            2
  > ImprovePSPoint            =            2
  > DoubleCheckHelicityFilter =  T
  > LoopInitStartOver         =  F
  > HelInitStartOver          =  F
  > ZeroThres                 =    1.0000000000000001E-009
  > OSThres                   =    1.0000000000000000E-008
  > WriteOutFilters           =  T
  > UseQPIntegrandForNinja    =  F
  > UseQPIntegrandForCutTools =  T
 ===============================================================
  
------------------------------------------------------------------------
|              You are using CutTools - Version 1.9.3                  |
|              Authors: G. Ossola, C. Papadopoulos, R. Pittau          |
|              Published in JHEP 0803:042,2008                         |
|              http://www.ugr.es/~pittau/CutTools                      |
|                                                                      |
|              Compiler with  34  significant digits detetected        |
 ---------------------------------------------------------------------- 
   
########################################################################
#                                                                      #
#                      You are using OneLOop-3.6                       #
#                                                                      #
# for the evaluation of 1-loop scalar 1-, 2-, 3- and 4-point functions #
#                                                                      #
# author: Andreas van Hameren <hamerenREMOVETHIS@ifj.edu.pl>           #
#   date: 18-02-2015                                                   #
#                                                                      #
# Please cite                                                          #
#    A. van Hameren,                                                   #
#      Comput.Phys.Commun. 182 (2011) 2427-2438, arXiv:1007.4716       #
#    A. van Hameren, C.G. Papadopoulos and R. Pittau,                  #
#      JHEP 0909:106,2009, arXiv:0903.4665                             #
# in publications with results obtained with the help of this program. #
#                                                                      #
########################################################################
 PASSED   1.0000000000000001E-005
 MU_R    =    325.00000000000000     
 ALPHA_S =   0.11799999999999999     
 BORN                    6.0994491163814760E-008
 SINGLE POLE (MadFKS)   -3.7212048371414668E-008
 DOUBLE POLE (MadFKS)   -9.9276131315515608E-009
 SINGLE POLE (MadLoop)  -3.7212048371411286E-008
 DOUBLE POLE (MadLoop)  -9.9276131315512894E-009
 FINITE PART (MadLoop)  -2.9564409953077307E-008
   325.00000000000000        0.0000000000000000        0.0000000000000000        325.00000000000000        0.0000000000000000     
   325.00000000000000        0.0000000000000000        0.0000000000000000       -325.00000000000000        0.0000000000000000     
   227.06523466863231        200.32166730447074       -103.87009625793657       -25.252639027337388        1.7769999999999999     
   287.12478327123279       -243.33375903128277        72.846323104191370        133.86402939347676        1.7769999999999999     
   115.43346239014889        57.221492181917277        20.947240062419688       -98.039778690182985        0.0000000000000000     
   20.376519669986290       -14.209400455105197        10.076533091325501       -10.571611675956344        0.0000000000000000     

 PASSED   1.0000000000000001E-005
 MU_R    =    325.00000000000000     
 ALPHA_S =   0.11799999999999999     
 BORN                    4.8554979147682785E-009
 SINGLE POLE (MadFKS)   -1.9397652539955735E-009
 DOUBLE POLE (MadFKS)   -7.9029276151207102E-010
 SINGLE POLE (MadLoop)  -1.9397652539978511E-009
 DOUBLE POLE (MadLoop)  -7.9029276151207909E-010
 FINITE PART (MadLoop)  -7.8666874156902793E-010
   325.00000000000000        0.0000000000000000        0.0000000000000000        325.00000000000000        0.0000000000000000     
   325.00000000000000        0.0000000000000000        0.0000000000000000       -325.00000000000000        0.0000000000000000     
   254.16155397914858        250.25253215068770       -42.887625325117192       -11.369236484347045        1.7769999999999999     
   76.519880068748520        36.876902610698309        66.551950659229561        7.9414251887306397        1.7769999999999999     
   260.94906746281089       -252.16521791117242       -55.732952423833396        37.429356121155024        0.0000000000000000     
   58.369498489291999       -34.964216850213596        32.068627089721055       -34.001544825538581        0.0000000000000000     

 PASSED   1.0000000000000001E-005
 MU_R    =    325.00000000000000     
 ALPHA_S =   0.11799999999999999     
 BORN                    1.9015004809037839E-009
 SINGLE POLE (MadFKS)   -9.7173805877790831E-010
 DOUBLE POLE (MadFKS)   -3.0949288671287563E-010
 SINGLE POLE (MadLoop)  -9.7173805877790376E-010
 DOUBLE POLE (MadLoop)  -3.0949288671287718E-010
 FINITE PART (MadLoop)  -3.0689978342763085E-010
   325.00000000000000        0.0000000000000000        0.0000000000000000        325.00000000000000        0.0000000000000000     
   325.00000000000000        0.0000000000000000        0.0000000000000000       -325.00000000000000        0.0000000000000000     
   290.70714352521605       -238.99619395001346        76.334543553810917        146.83780952271616        1.7769999999999999     
   139.75990556154107        129.79492537666948       -28.325541426177548       -43.366052655845756        1.7769999999999999     
   85.603082689752640        56.998855863026414       -60.916529796158912        19.188397376754782        0.0000000000000000     
   133.92986822349224        52.202412710317581        12.907527668525541       -122.66015424362517        0.0000000000000000     

 PASSED   1.0000000000000001E-005
 MU_R    =    325.00000000000000     
 ALPHA_S =   0.11799999999999999     
 BORN                    1.3770844605688761E-008
 SINGLE POLE (MadFKS)   -6.6323701007370725E-009
 DOUBLE POLE (MadFKS)   -2.2413764773087654E-009
 SINGLE POLE (MadLoop)  -6.6323701007369186E-009
 DOUBLE POLE (MadLoop)  -2.2413764773087857E-009
 FINITE PART (MadLoop)  -5.1207471010889622E-010
   325.00000000000000        0.0000000000000000        0.0000000000000000        325.00000000000000        0.0000000000000000     
   325.00000000000000        0.0000000000000000        0.0000000000000000       -325.00000000000000        0.0000000000000000     
   126.00943524278236       -102.70242192610066        66.143414018803810        30.862296636110276        1.7769999999999999     
   94.790008843940214        70.936381752263301       -59.988378286538797        18.745993227421788        1.7769999999999999     
   232.19891804185380       -52.422877709886713        27.213129042570820       -224.56096063237300        0.0000000000000000     
   197.00163787142370        84.188917883724045       -33.368164774835790        174.95267076884113        0.0000000000000000     

 PASSED   1.0000000000000001E-005
 MU_R    =    325.00000000000000     
 ALPHA_S =   0.11799999999999999     
 BORN                    4.6419515436929263E-009
 SINGLE POLE (MadFKS)   -1.1295204588109223E-009
 DOUBLE POLE (MadFKS)   -7.5553542987061041E-010
 SINGLE POLE (MadLoop)  -1.1295204588111068E-009
 DOUBLE POLE (MadLoop)  -7.5553542987064185E-010
 FINITE PART (MadLoop)   1.1547318099445601E-009
   325.00000000000000        0.0000000000000000        0.0000000000000000        325.00000000000000        0.0000000000000000     
   325.00000000000000        0.0000000000000000        0.0000000000000000       -325.00000000000000        0.0000000000000000     
   114.00643959270047       -66.108255925339691       -85.175816611412984       -37.001206773466215        1.7769999999999999     
   124.29661907860853       -120.24742432188198       -23.763533113665588       -20.550990810218956        1.7769999999999999     
   123.50366089059841        31.024444776571713       -105.97191068694831       -55.322619470184549        0.0000000000000000     
   288.19328043809259        155.33123547064994        214.91126041202688        112.87481705386968        0.0000000000000000     

 PASSED   1.0000000000000001E-005
 MU_R    =    325.00000000000000     
 ALPHA_S =   0.11799999999999999     
 BORN                    4.3740181753178851E-009
 SINGLE POLE (MadFKS)   -1.9613943698808932E-009
 DOUBLE POLE (MadFKS)   -7.1192593702121493E-010
 SINGLE POLE (MadLoop)  -1.9613943698796037E-009
 DOUBLE POLE (MadLoop)  -7.1192593702120800E-010
 FINITE PART (MadLoop)   2.3545608915907835E-010
   325.00000000000000        0.0000000000000000        0.0000000000000000        325.00000000000000        0.0000000000000000     
   325.00000000000000        0.0000000000000000        0.0000000000000000       -325.00000000000000        0.0000000000000000     
   212.91057517057260       -152.35191947338103       -72.656527116055472       -129.76007471743512        1.7769999999999999     
   241.74014134849034        147.72844650549106        108.07718732553478        157.89479371741049        1.7769999999999999     
   108.74375651748041       -67.846221503899216       -39.195535450527792       -75.404275806636619        0.0000000000000000     
   86.605526963457294        72.469694471789182        3.7748752410485036        47.269556806661257        0.0000000000000000     

 PASSED   1.0000000000000001E-005
 MU_R    =    325.00000000000000     
 ALPHA_S =   0.11799999999999999     
 BORN                    7.0493497158372142E-010
 SINGLE POLE (MadFKS)   -2.0356298325448247E-010
 DOUBLE POLE (MadFKS)   -1.1473694668570763E-010
 SINGLE POLE (MadLoop)  -2.0356298325448366E-010
 DOUBLE POLE (MadLoop)  -1.1473694668571132E-010
 FINITE PART (MadLoop)   1.9515579676712958E-010
   325.00000000000000        0.0000000000000000        0.0000000000000000        325.00000000000000        0.0000000000000000     
   325.00000000000000        0.0000000000000000        0.0000000000000000       -325.00000000000000        0.0000000000000000     
   195.95914258521643        38.889979093670092        57.631130216824090       -183.20221120324547        1.7769999999999999     
   124.59787426187194        11.679268592792315        85.961350494176713        89.418753334700241        1.7769999999999999     
   210.99326381957280       -134.89298633827957       -161.75037372944757        12.603817372551264        0.0000000000000000     
   118.44971933334473        84.323738651817166        18.157893018446789        81.179640495993951        0.0000000000000000     

 PASSED   1.0000000000000001E-005
 MU_R    =    325.00000000000000     
 ALPHA_S =   0.11799999999999999     
 BORN                    1.1618598779579810E-009
 SINGLE POLE (MadFKS)   -5.9543366077288897E-010
 DOUBLE POLE (MadFKS)   -1.8910716625965451E-010
 SINGLE POLE (MadLoop)  -5.9543366075382660E-010
 DOUBLE POLE (MadLoop)  -1.8910716625965247E-010
 FINITE PART (MadLoop)  -2.6423887396908983E-010
   325.00000000000000        0.0000000000000000        0.0000000000000000        325.00000000000000        0.0000000000000000     
   325.00000000000000        0.0000000000000000        0.0000000000000000       -325.00000000000000        0.0000000000000000     
   163.22379078358341        73.089888748151765       -62.956300885251274        131.65568916834366        1.7769999999999999     
   265.18010007297511       -98.498969151579061       -77.162574056173199       -233.79738661245750        1.7769999999999999     
   159.37325356286809        29.148526155232773        85.335713555144196        131.40781318561815        0.0000000000000000     
   62.222855580574667       -3.7394457518054676        54.783161386280270       -29.266115741504322        0.0000000000000000     

 PASSED   1.0000000000000001E-005
 MU_R    =    325.00000000000000     
 ALPHA_S =   0.11799999999999999     
 BORN                    4.3965014342885132E-008
 SINGLE POLE (MadFKS)   -2.4632355561200666E-008
 DOUBLE POLE (MadFKS)   -7.1558536745071730E-009
 SINGLE POLE (MadLoop)  -2.4632355561199405E-008
 DOUBLE POLE (MadLoop)  -7.1558536745072797E-009
 FINITE PART (MadLoop)  -1.7552908253035098E-008
   325.00000000000000        0.0000000000000000        0.0000000000000000        325.00000000000000        0.0000000000000000     
   325.00000000000000        0.0000000000000000        0.0000000000000000       -325.00000000000000        0.0000000000000000     
   191.37695047358932        64.692220806923203        31.028989964677589       -177.40940728273367        1.7769999999999999     
   182.45965666159216       -87.332502740951085       -144.53158693266070       -69.079830079369714        1.7769999999999999     
   106.52179742287922       -13.147123278253773        48.358638591709443        93.997279477992066        0.0000000000000000     
   169.64159544194140        35.787405212281662        65.143958376273673        152.49195788411132        0.0000000000000000     

 PASSED   1.0000000000000001E-005
 MU_R    =    325.00000000000000     
 ALPHA_S =   0.11799999999999999     
 BORN                    3.1020429103933089E-010
 SINGLE POLE (MadFKS)   -1.1735536680315569E-010
 DOUBLE POLE (MadFKS)   -5.0489612003070243E-011
 SINGLE POLE (MadLoop)  -1.1735536680314995E-010
 DOUBLE POLE (MadLoop)  -5.0489612003070320E-011
 FINITE PART (MadLoop)   3.8557312460737223E-011
   325.00000000000000        0.0000000000000000        0.0000000000000000        325.00000000000000        0.0000000000000000     
   325.00000000000000        0.0000000000000000        0.0000000000000000       -325.00000000000000        0.0000000000000000     
   66.307369045246830        52.748525808976034        36.438164033598781        16.833380157974670        1.7769999999999999     
   246.77564970623905       -25.130597743991643        142.72858285481962       -199.72998836484464        1.7769999999999999     
   241.82436540876154        51.749287599583241       -128.98350331454702        197.89969886533953        0.0000000000000000     
   95.092615839752497       -79.367215664567595       -50.183243573871323       -15.003090658469523        0.0000000000000000     

 PASSED   1.0000000000000001E-005
 MU_R    =    325.00000000000000     
 ALPHA_S =   0.11799999999999999     
 BORN                    1.0061371053936819E-008
 SINGLE POLE (MadFKS)   -3.3781692081423940E-009
 DOUBLE POLE (MadFKS)   -1.6376134547661146E-009
 SINGLE POLE (MadLoop)  -3.3781692081423109E-009
 DOUBLE POLE (MadLoop)  -1.6376134547661108E-009
 FINITE PART (MadLoop)   1.3650373578904571E-009
   325.00000000000000        0.0000000000000000        0.0000000000000000        325.00000000000000        0.0000000000000000     
   325.00000000000000        0.0000000000000000        0.0000000000000000       -325.00000000000000        0.0000000000000000     
   19.675695988288822        10.637691533468274        12.053177000768827       -11.204272696185139        1.7769999999999999     
   214.12428533366722       -138.31965790744948        155.65976789194048       -49.837342794806972        1.7769999999999999     
   194.54409913519794        94.086303846653578        23.104471305868202        168.70494166584820        0.0000000000000000     
   221.65591954284596        33.595662527327669       -190.81741619857746       -107.66332617485607        0.0000000000000000     

 PASSED   1.0000000000000001E-005
 MU_R    =    325.00000000000000     
 ALPHA_S =   0.11799999999999999     
 BORN                    2.2024104716325350E-010
 SINGLE POLE (MadFKS)   -7.0474446787889467E-011
 DOUBLE POLE (MadFKS)   -3.5846973557863098E-011
 SINGLE POLE (MadLoop)  -7.0474446787890294E-011
 DOUBLE POLE (MadLoop)  -3.5846973557863796E-011
 FINITE PART (MadLoop)   4.8812482563410366E-011
   325.00000000000000        0.0000000000000000        0.0000000000000000        325.00000000000000        0.0000000000000000     
   325.00000000000000        0.0000000000000000        0.0000000000000000       -325.00000000000000        0.0000000000000000     
   160.18144230273586        29.664952033841271        148.50734459080201        52.158373753438703        1.7769999999999999     
   179.14903571422965       -133.33698038716884        97.889830869590696       -68.775358537000798        1.7769999999999999     
   121.79271776574883       -32.138925190181766       -117.26942913860685       -6.9596392070648427        0.0000000000000000     
   188.87680421728919        135.81095354350936       -129.12774632178585        23.576623990626896        0.0000000000000000     

 PASSED   1.0000000000000001E-005
 MU_R    =    325.00000000000000     
 ALPHA_S =   0.11799999999999999     
 BORN                    9.9858998229814419E-010
 SINGLE POLE (MadFKS)   -3.9070742713550013E-010
 DOUBLE POLE (MadFKS)   -1.6253295719237334E-010
 SINGLE POLE (MadLoop)  -3.9070742713549672E-010
 DOUBLE POLE (MadLoop)  -1.6253295719237024E-010
 FINITE PART (MadLoop)   1.2931232625577601E-010
   325.00000000000000        0.0000000000000000        0.0000000000000000        325.00000000000000        0.0000000000000000     
   325.00000000000000        0.0000000000000000        0.0000000000000000       -325.00000000000000        0.0000000000000000     
   91.480261863455695       -64.211761532699683       -31.069591639419006       -57.245180913626982        1.7769999999999999     
   219.96169393378551        148.63939389688281       -104.37837017843123       -124.06238547634835        1.7769999999999999     
   175.58057930438474       -61.359069222079846       -24.803801901833957        162.62956639024142        0.0000000000000000     
   162.97746489837402       -23.068563142103262        160.25176371968413        18.677999999733906        0.0000000000000000     

 PASSED   1.0000000000000001E-005
 MU_R    =    325.00000000000000     
 ALPHA_S =   0.11799999999999999     
 BORN                    3.6803726093754522E-009
 SINGLE POLE (MadFKS)   -1.2553612131908392E-009
 DOUBLE POLE (MadFKS)   -5.9902648171470186E-010
 SINGLE POLE (MadLoop)  -1.2553612131908218E-009
 DOUBLE POLE (MadLoop)  -5.9902648171469969E-010
 FINITE PART (MadLoop)   5.3015174819781458E-010
   325.00000000000000        0.0000000000000000        0.0000000000000000        325.00000000000000        0.0000000000000000     
   325.00000000000000        0.0000000000000000        0.0000000000000000       -325.00000000000000        0.0000000000000000     
Thanks for using LHAPDF 6.2.1. Please make sure to cite the paper:
  Eur.Phys.J. C75 (2015) 3, 132  (http://arxiv.org/abs/1412.7420)
   37.278654672689697        13.721580800713367        33.199063568568540       -9.8020795602407471        1.7769999999999999     
   161.44498576891556        142.27335866448999       -69.625885039725802       -31.174560906059646        1.7769999999999999     
   211.02226361968198       -107.38112808761937       -85.111916668262054       -160.48567136931459        0.0000000000000000     
   240.25409593871279       -48.613811377583950        121.53873813941938        201.46231183561494        0.0000000000000000     

 PASSED   1.0000000000000001E-005
 MU_R    =    325.00000000000000     
 ALPHA_S =   0.11799999999999999     
 BORN                    5.7276724023484659E-010
 SINGLE POLE (MadFKS)   -1.4267860557314123E-010
 DOUBLE POLE (MadFKS)   -9.3225002241700464E-011
 SINGLE POLE (MadLoop)  -1.4267860557314368E-010
 DOUBLE POLE (MadLoop)  -9.3225002241700205E-011
 FINITE PART (MadLoop)   1.3520420223256143E-010
   325.00000000000000        0.0000000000000000        0.0000000000000000        325.00000000000000        0.0000000000000000     
   325.00000000000000        0.0000000000000000        0.0000000000000000       -325.00000000000000        0.0000000000000000     
   228.73614448633157        225.62644016158077       -36.801531015296149       -7.4446544859207044        1.7769999999999999     
   38.401298570676005       -3.7838447191804421        11.901734569127669        36.270280344951360        1.7769999999999999     
   225.07316361799869       -190.74971502021958       -109.49847328009270        47.776139965973030        0.0000000000000000     
   157.78939332499377       -31.092880422180759        134.39826972626122       -76.601765825003682        0.0000000000000000     

 PASSED   1.0000000000000001E-005
 MU_R    =    325.00000000000000     
 ALPHA_S =   0.11799999999999999     
 BORN                    2.4259120949798005E-010
 SINGLE POLE (MadFKS)   -6.2418325208005123E-011
 DOUBLE POLE (MadFKS)   -3.9484740852135959E-011
 SINGLE POLE (MadLoop)  -6.2418325208015773E-011
 DOUBLE POLE (MadLoop)  -3.9484740852136107E-011
 FINITE PART (MadLoop)   7.9506611316386665E-011
   325.00000000000000        0.0000000000000000        0.0000000000000000        325.00000000000000        0.0000000000000000     
   325.00000000000000        0.0000000000000000        0.0000000000000000       -325.00000000000000        0.0000000000000000     
   138.61967463945388       -123.94525513448410       -32.554659357712666        52.820681100294273        1.7769999999999999     
   207.63798383386154        171.16907313887015        102.75662937942607        57.031553730810728        1.7769999999999999     
   102.04440255346226        6.8819757169688183        100.40627264835722       -16.860572813159667        0.0000000000000000     
   201.69793897322626       -54.105793721354878       -170.60824267007061       -92.991662017945345        0.0000000000000000     

 PASSED   1.0000000000000001E-005
 MU_R    =    325.00000000000000     
 ALPHA_S =   0.11799999999999999     
 BORN                    1.5818702810362210E-009
 SINGLE POLE (MadFKS)   -7.1695065237842704E-010
 DOUBLE POLE (MadFKS)   -2.5746909064704070E-010
 SINGLE POLE (MadLoop)  -7.1695065237845083E-010
 DOUBLE POLE (MadLoop)  -2.5746909064704344E-010
 FINITE PART (MadLoop)   1.2303215343315835E-011
   325.00000000000000        0.0000000000000000        0.0000000000000000        325.00000000000000        0.0000000000000000     
   325.00000000000000        0.0000000000000000        0.0000000000000000       -325.00000000000000        0.0000000000000000     
   123.70909245676533       -29.085453486201796       -56.192342064787631        106.28847028842030        1.7769999999999999     
   173.13933398180734       -57.773684800400247        160.70161962369846        28.482662051991589        1.7769999999999999     
   144.04974396138070        35.179410187159888       -122.55005679527417        67.038954449618089        0.0000000000000000     
   209.10182960004659        51.679728099442158        18.040779236363338       -201.81008679002997        0.0000000000000000     

 PASSED   1.0000000000000001E-005
 MU_R    =    325.00000000000000     
 ALPHA_S =   0.11799999999999999     
 BORN                    3.2173651414603376E-008
 SINGLE POLE (MadFKS)   -2.0324605823094593E-008
 DOUBLE POLE (MadFKS)   -5.2366624949085370E-009
 SINGLE POLE (MadLoop)  -2.0324605823096631E-008
 DOUBLE POLE (MadLoop)  -5.2366624949084444E-009
 FINITE PART (MadLoop)  -2.6156441046180366E-008
   325.00000000000000        0.0000000000000000        0.0000000000000000        325.00000000000000        0.0000000000000000     
   325.00000000000000        0.0000000000000000        0.0000000000000000       -325.00000000000000        0.0000000000000000     
   285.94630464881891        249.66978229270697       -103.02719267519879        93.875070134168027        1.7769999999999999     
   206.74684917863297       -206.61900916949145       -2.6050677748116460        6.5498540440709956        1.7769999999999999     
   20.085603707491508        4.0320664901632108        19.043713217993307       -4.9508487135163559        0.0000000000000000     
   137.22124246505697       -47.082839613378688        86.588547232017149       -95.474075464722645        0.0000000000000000     

 PASSED   1.0000000000000001E-005
 MU_R    =    325.00000000000000     
 ALPHA_S =   0.11799999999999999     
 BORN                    6.0079389824436121E-009
 SINGLE POLE (MadFKS)   -3.5698546487813808E-009
 DOUBLE POLE (MadFKS)   -9.7786689908566815E-010
 SINGLE POLE (MadLoop)  -3.5698546487787306E-009
 DOUBLE POLE (MadLoop)  -9.7786689908564603E-010
 FINITE PART (MadLoop)  -3.9091486462545112E-009
   325.00000000000000        0.0000000000000000        0.0000000000000000        325.00000000000000        0.0000000000000000     
   325.00000000000000        0.0000000000000000        0.0000000000000000       -325.00000000000000        0.0000000000000000     
   228.42564807763804       -169.36717180380347       -28.684772440716301        150.55584982289523        1.7769999999999999     
   268.01829882380326        84.861745812422114        126.15401799417251       -220.71315913873232        1.7769999999999999     
   36.341159928758906        28.926597396470857       -21.997254279180599      -0.22950426398665949        0.0000000000000000     
   117.21489316980002        55.578828594910497       -75.471991274275595        70.386813579823723        0.0000000000000000     

 PASSED   1.0000000000000001E-005
 MU_R    =    325.00000000000000     
 ALPHA_S =   0.11799999999999999     
 BORN                    1.7389201462914653E-009
 SINGLE POLE (MadFKS)   -6.6097805733880939E-010
 DOUBLE POLE (MadFKS)   -2.8303091229465416E-010
 SINGLE POLE (MadLoop)  -6.6097805733885333E-010
 DOUBLE POLE (MadLoop)  -2.8303091229466842E-010
 FINITE PART (MadLoop)  -7.7498701734890246E-013
   325.00000000000000        0.0000000000000000        0.0000000000000000        325.00000000000000        0.0000000000000000     
   325.00000000000000        0.0000000000000000        0.0000000000000000       -325.00000000000000        0.0000000000000000     
   169.62163258729234        160.32042222019555       -38.123549963126429        40.153426627445185        1.7769999999999999     
   133.41186219794579        60.998842508030613        88.284482747435703        79.249975172373979        1.7769999999999999     
   126.28244428071352       -110.41104182534869        25.161421472401592        55.888822192284444        0.0000000000000000     
   220.68406093405488       -110.90822290287757       -75.322354256710895       -175.29222399210354        0.0000000000000000     

 NUMBER OF POINTS PASSING THE CHECK          20
 NUMBER OF POINTS FAILING THE CHECK           0
 TOLERANCE    1.0000000000000001E-005
