==== LHAPDF6 USING DEFAULT-TYPE LHAGLUE INTERFACE ====
LHAPDF 6.2.1 loading /cvmfs/cms.cern.ch/slc6_amd64_gcc481/external/lhapdf/6.2.1/share/LHAPDF/NNPDF31_nnlo_hessian_pdfas/NNPDF31_nnlo_hessian_pdfas_0000.dat
NNPDF31_nnlo_hessian_pdfas PDF set, member #0, version 1; LHAPDF ID = 306000
 A PDF is used, so alpha_s(MZ) is going to be modified
 Old value of alpha_s from param_card:   0.11799999999999999     
 New value of alpha_s from PDF lhapdf :  0.11800208008122040     
 using LHAPDF
 *****************************************************
 *               MadGraph/MadEvent                   *
 *        --------------------------------           *
 *          http://madgraph.hep.uiuc.edu             *
 *          http://madgraph.phys.ucl.ac.be           *
 *          http://madgraph.roma2.infn.it            *
 *        --------------------------------           *
 *                                                   *
 *          PARAMETER AND COUPLING VALUES            *
 *                                                   *
 *****************************************************

  External Params
  ---------------------------------
  
 MU_R =    91.188000000000002     
 aEWM1 =    132.50700000000001     
 mdl_Gf =    1.1663900000000000E-005
 aS =   0.11799999999999999     
 mdl_lamWS =   0.22530000000000000     
 mdl_AWS =   0.80800000000000005     
 mdl_rhoWS =   0.13200000000000001     
 mdl_etaWS =   0.34100000000000003     
 mdl_ymt =    173.00000000000000     
 mdl_ymtau =    1.7769999999999999     
 mdl_MT =    173.00000000000000     
 mdl_MZ =    91.188000000000002     
 mdl_MH =    125.00000000000000     
 mdl_MTA =    1.7769999999999999     
 mdl_WT =    1.4915000000000000     
 mdl_WZ =    2.4414039999999999     
 mdl_WW =    2.0476000000000001     
 mdl_WH =    6.3823389999999999E-003
  Internal Params
  ---------------------------------
  
 mdl_CKM33 =    1.0000000000000000     
 mdl_conjg__CKM3x3 =    1.0000000000000000     
 mdl_I4x33 =    0.0000000000000000     
 mdl_I1x33 =    0.0000000000000000     
 mdl_lhv =    1.0000000000000000     
 mdl_CKM3x3 =    1.0000000000000000     
 mdl_conjg__CKM33 =    1.0000000000000000     
 mdl_Ncol =    3.0000000000000000     
 mdl_CA =    3.0000000000000000     
 mdl_TF =   0.50000000000000000     
 mdl_CF =    1.3333333333333333     
 mdl_lamWS__exp__2 =    5.0760090000000001E-002
 mdl_CKM11 =  ( 0.97461995499999998     ,  0.0000000000000000     )
 mdl_CKM12 =  ( 0.22530000000000000     ,  0.0000000000000000     )
 mdl_complexi =  (  0.0000000000000000     ,  1.0000000000000000     )
 mdl_lamWS__exp__3 =    1.1436248277000001E-002
 mdl_CKM13 =  (  1.2197444962317122E-003, -3.1510066152652563E-003)
 mdl_CKM21 =  (-0.22530000000000000     ,  0.0000000000000000     )
 mdl_CKM22 =  ( 0.97461995499999998     ,  0.0000000000000000     )
 mdl_CKM23 =  (  4.1014152720000002E-002,  0.0000000000000000     )
 mdl_CKM31 =  (  8.0207441115842885E-003, -3.1510066152652563E-003)
 mdl_CKM32 =  ( -4.1014152720000002E-002,  0.0000000000000000     )
 mdl_MZ__exp__2 =    8315.2513440000002     
 mdl_MZ__exp__4 =    69143404.913893804     
 mdl_sqrt__2 =    1.4142135623730951     
 mdl_MH__exp__2 =    15625.000000000000     
 mdl_CKM1x1 =  ( 0.97461995499999998     ,  0.0000000000000000     )
 mdl_CKM1x2 =  ( 0.22530000000000000     ,  0.0000000000000000     )
 mdl_CKM1x3 =  (  1.2197444962317122E-003, -3.1510066152652563E-003)
 mdl_CKM2x1 =  (-0.22530000000000000     ,  0.0000000000000000     )
 mdl_CKM2x2 =  ( 0.97461995499999998     ,  0.0000000000000000     )
 mdl_CKM2x3 =  (  4.1014152720000002E-002,  0.0000000000000000     )
 mdl_CKM3x1 =  (  8.0207441115842885E-003, -3.1510066152652563E-003)
 mdl_CKM3x2 =  ( -4.1014152720000002E-002,  0.0000000000000000     )
 mdl_conjg__CKM1x3 =  (  1.2197444962317122E-003,  3.1510066152652563E-003)
 mdl_conjg__CKM2x3 =  (  4.1014152720000002E-002, -0.0000000000000000     )
 mdl_conjg__CKM2x1 =  (-0.22530000000000000     , -0.0000000000000000     )
 mdl_conjg__CKM3x1 =  (  8.0207441115842885E-003,  3.1510066152652563E-003)
 mdl_conjg__CKM2x2 =  ( 0.97461995499999998     , -0.0000000000000000     )
 mdl_conjg__CKM3x2 =  ( -4.1014152720000002E-002, -0.0000000000000000     )
 mdl_Ncol__exp__2 =    9.0000000000000000     
 mdl_MT__exp__2 =    29929.000000000000     
 mdl_conjg__CKM11 =  ( 0.97461995499999998     , -0.0000000000000000     )
 mdl_conjg__CKM12 =  ( 0.22530000000000000     , -0.0000000000000000     )
 mdl_conjg__CKM13 =  (  1.2197444962317122E-003,  3.1510066152652563E-003)
 mdl_conjg__CKM21 =  (-0.22530000000000000     , -0.0000000000000000     )
 mdl_conjg__CKM22 =  ( 0.97461995499999998     , -0.0000000000000000     )
 mdl_conjg__CKM23 =  (  4.1014152720000002E-002, -0.0000000000000000     )
 mdl_conjg__CKM31 =  (  8.0207441115842885E-003,  3.1510066152652563E-003)
 mdl_conjg__CKM32 =  ( -4.1014152720000002E-002, -0.0000000000000000     )
 mdl_aEW =    7.5467711139788835E-003
 mdl_MW =    80.419002445756163     
 mdl_sqrt__aEW =    8.6872153846781555E-002
 mdl_ee =   0.30795376724436879     
 mdl_MW__exp__2 =    6467.2159543705357     
 mdl_sw2 =   0.22224648578577766     
 mdl_cw =   0.88190334743339216     
 mdl_sqrt__sw2 =   0.47143025548407230     
 mdl_sw =   0.47143025548407230     
 mdl_g1 =   0.34919219678733299     
 mdl_gw =   0.65323293034757990     
 mdl_v =    246.21845810181637     
 mdl_v__exp__2 =    60623.529110035903     
 mdl_lam =   0.12886910601690263     
 mdl_yt =   0.99366614581500623     
 mdl_ytau =    1.0206617000654717E-002
 mdl_muH =    88.388347648318430     
 mdl_AxialZUp =  -0.18517701861793787     
 mdl_AxialZDown =   0.18517701861793787     
 mdl_VectorZUp =    7.5430507588273299E-002
 mdl_VectorZDown =  -0.13030376310310560     
 mdl_VectorAUp =   0.20530251149624587     
 mdl_VectorADown =  -0.10265125574812294     
 mdl_VectorWmDxU =   0.23095271737156670     
 mdl_AxialWmDxU =  -0.23095271737156670     
 mdl_VectorWpUxD =   0.23095271737156670     
 mdl_AxialWpUxD =  -0.23095271737156670     
 mdl_I2x13 =  (  7.9699418879263656E-003,  3.1310485988282153E-003)
 mdl_I2x23 =  ( -4.0754375057150453E-002, -0.0000000000000000     )
 mdl_I2x33 =  ( 0.99366614581500623     ,  0.0000000000000000     )
 mdl_I3x31 =  (  7.9699418879263656E-003, -3.1310485988282153E-003)
 mdl_I3x32 =  ( -4.0754375057150453E-002,  0.0000000000000000     )
 mdl_I3x33 =  ( 0.99366614581500623     ,  0.0000000000000000     )
 mdl_Vector_tdGp =  ( -7.9699418879263656E-003, -3.1310485988282153E-003)
 mdl_Vector_tsGp =  (  4.0754375057150453E-002,  0.0000000000000000     )
 mdl_Vector_tbGp =  (-0.99366614581500623     ,  0.0000000000000000     )
 mdl_Axial_tdGp =  ( -7.9699418879263656E-003, -3.1310485988282153E-003)
 mdl_Axial_tsGp =  (  4.0754375057150453E-002,  0.0000000000000000     )
 mdl_Axial_tbGp =  (-0.99366614581500623     , -0.0000000000000000     )
 mdl_Vector_tdGm =  (  7.9699418879263656E-003, -3.1310485988282153E-003)
 mdl_Vector_tsGm =  ( -4.0754375057150453E-002,  0.0000000000000000     )
 mdl_Vector_tbGm =  ( 0.99366614581500623     ,  0.0000000000000000     )
 mdl_Axial_tdGm =  ( -7.9699418879263656E-003,  3.1310485988282153E-003)
 mdl_Axial_tsGm =  (  4.0754375057150453E-002, -0.0000000000000000     )
 mdl_Axial_tbGm =  (-0.99366614581500623     ,  0.0000000000000000     )
 mdl_gw__exp__2 =   0.42671326129048615     
 mdl_cw__exp__2 =   0.77775351421422245     
 mdl_ee__exp__2 =    9.4835522759998875E-002
 mdl_sw__exp__2 =   0.22224648578577769     
 mdl_yt__exp__2 =   0.98737240933884918     
  Internal Params evaluated point by point
  ----------------------------------------
  
 mdl_sqrt__aS =   0.34351128074635334     
 mdl_G__exp__4 =    2.1987899468922913     
 mdl_G__exp__2 =    1.4828317324943823     
 mdl_R2MixedFactor_FIN_ =   -2.5040377713124864E-002
 mdl_G_UVg_1EPS_ =   -5.1645779033320030E-002
 mdl_G_UVq_1EPS_ =    3.1300472141406080E-003
 mdl_G_UVb_1EPS_ =    3.1300472141406080E-003
 mdl_GWcft_UV_t_1EPS_ =   -3.1300472141406080E-003
 mdl_tWcft_UV_1EPS_ =   -1.8780283284843650E-002
 mdl_G__exp__3 =    1.8056676068262196     
 mdl_MU_R__exp__2 =    8315.2513440000002     
 mdl_G_UVt_FIN_ =   -4.0087659331150384E-003
 mdl_GWcft_UV_t_FIN_ =    4.0087659331150384E-003
 mdl_tWcft_UV_FIN_ =   -9.8778211443463623E-004
  Couplings of loop_sm-ckm_no_b_mass
  ---------------------------------
  
       UV_3Gt =   0.48815E-02   0.00000E+00
      UV_GQQt =   0.00000E+00  -0.48815E-02
   UVWfct_G_2 =   0.40088E-02   0.00000E+00
       R2_DDA =   0.00000E+00   0.25704E-02
       R2_UUA =  -0.00000E+00  -0.51409E-02
    R2_DDZ_V2 =   0.00000E+00   0.72127E-02
    R2_UUZ_V2 =  -0.00000E+00  -0.72127E-02
    R2_UUZ_V5 =   0.00000E+00   0.68702E-03
      R2_GGHt =   0.00000E+00  -0.45657E+01
     R2_GGZup =  -0.46369E-02   0.00000E+00
   R2_GGZdown =   0.46369E-02   0.00000E+00
 R2_GGGZvecUp =   0.00000E+00   0.28750E-03
 R2_GGGZvecDown  -0.00000E+00  -0.49665E-03
 R2_GGGZaxialUp  -0.00000E+00  -0.63522E-02
 R2_GGGZaxialDow  0.00000E+00   0.63522E-02
 R2_GGGAvecUp =   0.00000E+00   0.78251E-03
 R2_GGGAvecDown  -0.00000E+00  -0.39126E-03
         GC_4 =  -0.12177E+01   0.00000E+00
         GC_5 =   0.00000E+00   0.12177E+01
         GC_6 =   0.00000E+00   0.14828E+01
       R2_3Gq =   0.76230E-02   0.00000E+00
       R2_3Gg =   0.31445E-01   0.00000E+00
       R2_GQQ =  -0.00000E+00  -0.30492E-01
       R2_GGq =   0.00000E+00   0.62601E-02
       R2_GGt =  -0.00000E+00  -0.11242E+04
     R2_GGg_1 =   0.00000E+00   0.28170E-01
     R2_GGg_2 =  -0.00000E+00  -0.18780E-01
       R2_QQq =   0.00000E+00   0.12520E-01
  UV_3Gg_1eps =   0.62890E-01   0.00000E+00
  UV_3Gb_1eps =  -0.38115E-02   0.00000E+00
 UV_GQQg_1eps =   0.00000E+00  -0.62890E-01
 UV_GQQq_1eps =   0.00000E+00   0.38115E-02
 UVWfct_G_2_1eps -0.31300E-02   0.00000E+00
         GC_1 =  -0.00000E+00  -0.10265E+00
         GC_2 =   0.00000E+00   0.20530E+00
        GC_21 =  -0.00000E+00  -0.28804E+00
        GC_22 =   0.00000E+00   0.28804E+00
        GC_23 =  -0.00000E+00  -0.27437E-01
        GC_24 =   0.00000E+00   0.82310E-01
        GC_37 =  -0.00000E+00  -0.70263E+00
        GC_38 =  -0.00000E+00  -0.72172E-02
      GC_1003 =  -0.00000E+00  -0.30795E+00

 Collider parameters:
 --------------------

 Running at P P   machine @    13000.000000000000       GeV
 PDF set = lhapdf 
 alpha_s(Mz)= 0.1180 running at 3 loops.
 alpha_s(Mz)= 0.1180 running at 3 loops.
 Renormalization scale set on event-by-event basis
 Factorization   scale set on event-by-event basis


 ===============================================================
 INFO: MadFKS read these parameters from FKS_params.dat
 ===============================================================
  > IRPoleCheckThreshold      =    1.0000000000000001E-005
  > PrecisionVirtualAtRunTime =    1.0000000000000000E-003
  > NHelForMCoverHels         =            4
  > VirtualFraction           =    1.0000000000000000     
  > MinVirtualFraction        =    5.0000000000000001E-003
 ===============================================================
  Insert the number of points to test
 Insert the relative tolerance
  A negative number will mean use the default one:    1.0000000000000001E-005
Using random seed offsets:     0 ,     94 ,      0
  with seed                   32
 Ranmar initialization seeds       10729        9500
  ========================================================================================== 
 {                                                                                          }
 {       [32m                                                                            [0m       }
 {       [32m                               ,,                                           [0m       }
 {       [32m`7MMM.     ,MMF'             `7MM  `7MMF'                                   [0m       }
 {       [32m  MMMb    dPMM                 MM    MM                                     [0m       }
 {       [32m  M YM   ,M MM   ,6"Yb.   ,M""bMM    MM         ,pW"Wq.   ,pW"Wq.`7MMpdMAo. [0m       }
 {       [32m  M  Mb  M' MM  8)   MM ,AP    MM    MM        6W'   `Wb 6W'   `Wb MM   `Wb [0m       }
 {       [32m  M  YM.P'  MM   ,pm9MM 8MI    MM    MM      , 8M     M8 8M     M8 MM    M8 [0m       }
 {       [32m  M  `YM'   MM  8M   MM `Mb    MM    MM     ,M YA.   ,A9 YA.   ,A9 MM   ,AP [0m       }
 {       [32m.JML. `'  .JMML.`Moo9^Yo.`Wbmd"MML..JMMmmmmMMM  `Ybmd9'   `Ybmd9'  MMbmmd'  [0m       }
 {       [32m                                                                   MM       [0m       }
 {       [32m                                                                 .JMML.     [0m       }
 {       [32m[0mv2.4.2 (2016-06-10), Ref: arXiv:1103.0621v2, arXiv:1405.0301[32m                [0m       }
 {       [32m                                                                            [0m       }
 {                                                                                          }
  ========================================================================================== 
 ===============================================================
 INFO: MadLoop read these parameters from ./MadLoop5_resources/MadLoopParams.dat                                                                                                                                                                                                                                                                                                                                                                                                                                                                                          
 ===============================================================
  > MLReductionLib            = 6|1|2
  > IREGIMODE                 =            2
  > IREGIRECY                 =  T
  > CTModeRun                 =           -1
  > MLStabThres               =    1.0000000000000000E-003
  > NRotations_DP             =            1
  > NRotations_QP             =            0
  > CTStabThres               =    1.0000000000000000E-002
  > CTLoopLibrary             =            2
  > CTModeInit                =            1
  > CheckCycle                =            3
  > MaxAttempts               =           10
  > UseLoopFilter             =  F
  > HelicityFilterLevel       =            2
  > ImprovePSPoint            =            2
  > DoubleCheckHelicityFilter =  T
  > LoopInitStartOver         =  F
  > HelInitStartOver          =  F
  > ZeroThres                 =    1.0000000000000001E-009
  > OSThres                   =    1.0000000000000000E-008
  > WriteOutFilters           =  T
  > UseQPIntegrandForNinja    =  F
  > UseQPIntegrandForCutTools =  T
 ===============================================================
  
------------------------------------------------------------------------
|              You are using CutTools - Version 1.9.3                  |
|              Authors: G. Ossola, C. Papadopoulos, R. Pittau          |
|              Published in JHEP 0803:042,2008                         |
|              http://www.ugr.es/~pittau/CutTools                      |
|                                                                      |
|              Compiler with  34  significant digits detetected        |
 ---------------------------------------------------------------------- 
   
########################################################################
#                                                                      #
#                      You are using OneLOop-3.6                       #
#                                                                      #
# for the evaluation of 1-loop scalar 1-, 2-, 3- and 4-point functions #
#                                                                      #
# author: Andreas van Hameren <hamerenREMOVETHIS@ifj.edu.pl>           #
#   date: 18-02-2015                                                   #
#                                                                      #
# Please cite                                                          #
#    A. van Hameren,                                                   #
#      Comput.Phys.Commun. 182 (2011) 2427-2438, arXiv:1007.4716       #
#    A. van Hameren, C.G. Papadopoulos and R. Pittau,                  #
#      JHEP 0909:106,2009, arXiv:0903.4665                             #
# in publications with results obtained with the help of this program. #
#                                                                      #
########################################################################
 PASSED   1.0000000000000001E-005
 MU_R    =    325.00000000000000     
 ALPHA_S =   0.11799999999999999     
 BORN                    1.3900463052813228E-011
 SINGLE POLE (MadFKS)   -3.7046695207737629E-012
 DOUBLE POLE (MadFKS)   -1.3922913809191200E-012
 SINGLE POLE (MadLoop)  -3.7046695207738413E-012
 DOUBLE POLE (MadLoop)  -1.3922913809191242E-012
 FINITE PART (MadLoop)   1.0574244336220590E-012
   325.00000000000000        0.0000000000000000        0.0000000000000000        325.00000000000000        0.0000000000000000     
   325.00000000000000        0.0000000000000000        0.0000000000000000       -325.00000000000000        0.0000000000000000     
   268.00090047486776       -219.85787763152209       -130.87062691608259       -79.729025958518719        1.7769999999999999     
   129.68049107729931        111.51092020793718        65.203038190542557        11.302677654044523        1.7769999999999999     
   101.21977826462329        84.560033106495780       -26.515767697724065       -48.907651511478043        0.0000000000000000     
   151.09883018321267        23.786924317089181        92.183356423264101        117.33399981595224        0.0000000000000000     

 PASSED   1.0000000000000001E-005
 MU_R    =    325.00000000000000     
 ALPHA_S =   0.11799999999999999     
 BORN                    2.3669440405909676E-011
 SINGLE POLE (MadFKS)   -4.6357725976752941E-012
 DOUBLE POLE (MadFKS)   -2.3707669120891116E-012
 SINGLE POLE (MadLoop)  -4.6357725976748103E-012
 DOUBLE POLE (MadLoop)  -2.3707669120888527E-012
 FINITE PART (MadLoop)   2.9795721703276914E-012
   325.00000000000000        0.0000000000000000        0.0000000000000000        325.00000000000000        0.0000000000000000     
   325.00000000000000        0.0000000000000000        0.0000000000000000       -325.00000000000000        0.0000000000000000     
   184.87637059855277       -120.87606936444489        139.86873011285357        1.3523565776407245        1.7769999999999999     
   197.52788138932206        97.854636519478902       -4.9999489293272230        171.50386823479781        1.7769999999999999     
   103.91163901011552        25.158778762879351       -99.985237187736544       -12.946695232418252        0.0000000000000000     
   163.68410900201150       -2.1373459179133585       -34.883543995789786       -159.90952958002026        0.0000000000000000     

 PASSED   1.0000000000000001E-005
 MU_R    =    325.00000000000000     
 ALPHA_S =   0.11799999999999999     
 BORN                    4.0917799578990797E-011
 SINGLE POLE (MadFKS)   -1.1137131419390836E-011
 DOUBLE POLE (MadFKS)   -4.0983886265914845E-012
 SINGLE POLE (MadLoop)  -1.1137131419392291E-011
 DOUBLE POLE (MadLoop)  -4.0983886265917906E-012
 FINITE PART (MadLoop)  -9.5488448709789990E-012
   325.00000000000000        0.0000000000000000        0.0000000000000000        325.00000000000000        0.0000000000000000     
   325.00000000000000        0.0000000000000000        0.0000000000000000       -325.00000000000000        0.0000000000000000     
   245.23091619925322        238.44515964468152       0.71053831245745325        57.257711343137579        1.7769999999999999     
   180.50093925352138       -107.85549556265653        143.88084014736947       -15.586123887109151        1.7769999999999999     
   52.308678406051165       -2.2669055348897835       -30.126249667776740       -42.702084923787424        0.0000000000000000     
   171.95946614117534       -128.32275854713518       -114.46512879205015        1.0304974677590066        0.0000000000000000     

 PASSED   1.0000000000000001E-005
 MU_R    =    325.00000000000000     
 ALPHA_S =   0.11799999999999999     
 BORN                    4.6336328824231545E-010
 SINGLE POLE (MadFKS)   -6.9119724051009707E-011
 DOUBLE POLE (MadFKS)   -4.6411167023932512E-011
 SINGLE POLE (MadLoop)  -6.9119724051015471E-011
 DOUBLE POLE (MadLoop)  -4.6411167023934335E-011
 FINITE PART (MadLoop)   3.4266697674997605E-011
   325.00000000000000        0.0000000000000000        0.0000000000000000        325.00000000000000        0.0000000000000000     
   325.00000000000000        0.0000000000000000        0.0000000000000000       -325.00000000000000        0.0000000000000000     
   93.801041554134173       -35.419993259846315       -63.700089634456262       -59.018643882040195        1.7769999999999999     
   192.27568034592264       -20.106478406766765       -117.26035399092395       -151.03813568595459        1.7769999999999999     
   205.03094677566233       -73.502473993988829        101.48849949737976        162.28111388038283        0.0000000000000000     
   158.89233132428089        129.02894566060192        79.471944128000445        47.775665687611905        0.0000000000000000     

 PASSED   1.0000000000000001E-005
 MU_R    =    325.00000000000000     
 ALPHA_S =   0.11799999999999999     
 BORN                    1.1174374630776951E-011
 SINGLE POLE (MadFKS)   -2.4753374752494507E-012
 DOUBLE POLE (MadFKS)   -1.1192422458504602E-012
 SINGLE POLE (MadLoop)  -2.4753374752493634E-012
 DOUBLE POLE (MadLoop)  -1.1192422458504566E-012
 FINITE PART (MadLoop)   7.5677189629463859E-013
   325.00000000000000        0.0000000000000000        0.0000000000000000        325.00000000000000        0.0000000000000000     
   325.00000000000000        0.0000000000000000        0.0000000000000000       -325.00000000000000        0.0000000000000000     
   105.88025837773790       -42.852444159595521       -64.512688548968242        72.175151062322868        1.7769999999999999     
   220.71990127568390        161.34673542845309       -141.72067084746215       -50.956839690798716        1.7769999999999999     
   172.94420823043609       -108.53789179613673        82.578279724012532       -106.34873258636098        0.0000000000000000     
   150.45563211614208       -9.9563994727208254        123.65507967241784        85.130421214836645        0.0000000000000000     

 PASSED   1.0000000000000001E-005
 MU_R    =    325.00000000000000     
 ALPHA_S =   0.11799999999999999     
 BORN                    3.6643578961390492E-012
 SINGLE POLE (MadFKS)   -1.2466409620951716E-012
 DOUBLE POLE (MadFKS)   -3.6702762318157347E-013
 SINGLE POLE (MadLoop)  -1.2466409620952241E-012
 DOUBLE POLE (MadLoop)  -3.6702762318157070E-013
 FINITE PART (MadLoop)  -1.6495003864698744E-012
   325.00000000000000        0.0000000000000000        0.0000000000000000        325.00000000000000        0.0000000000000000     
   325.00000000000000        0.0000000000000000        0.0000000000000000       -325.00000000000000        0.0000000000000000     
   78.114833795081125       -46.332791843911103        32.412224745863682       -53.865477040545869        1.7769999999999999     
   202.08136772049491       -109.90576990306766        65.199225778425870        156.53595162356046        1.7769999999999999     
   280.41714701360468        179.22781188535359       -104.24795429857923       -188.79494646467424        0.0000000000000000     
   89.386651470819260       -22.989250138374828        6.6365037742896877        86.124471881659645        0.0000000000000000     

 PASSED   1.0000000000000001E-005
 MU_R    =    325.00000000000000     
 ALPHA_S =   0.11799999999999999     
 BORN                    1.5921752657454836E-010
 SINGLE POLE (MadFKS)   -2.0775096647728820E-011
 DOUBLE POLE (MadFKS)   -1.5947468015904747E-011
 SINGLE POLE (MadLoop)  -2.0775096647728501E-011
 DOUBLE POLE (MadLoop)  -1.5947468015904821E-011
 FINITE PART (MadLoop)  -2.9871303651445899E-012
   325.00000000000000        0.0000000000000000        0.0000000000000000        325.00000000000000        0.0000000000000000     
   325.00000000000000        0.0000000000000000        0.0000000000000000       -325.00000000000000        0.0000000000000000     
   148.86412404647007        89.448012047397697       -109.31400345434702        46.977350805195783        1.7769999999999999     
   65.669719826620067        16.172005715233670       -48.945588887305441        40.646647250764843        1.7769999999999999     
   294.80151776507313       -232.02251094289940        179.42771141049181       -29.651065247915902        0.0000000000000000     
   140.66463836183681        126.40249318026801       -21.168119068839342       -57.972932808044668        0.0000000000000000     

 PASSED   1.0000000000000001E-005
 MU_R    =    325.00000000000000     
 ALPHA_S =   0.11799999999999999     
 BORN                    1.0794404578279399E-010
 SINGLE POLE (MadFKS)   -2.3074821167529725E-011
 DOUBLE POLE (MadFKS)   -1.0811838713136020E-011
 SINGLE POLE (MadLoop)  -2.3074821167530836E-011
 DOUBLE POLE (MadLoop)  -1.0811838713136054E-011
 FINITE PART (MadLoop)  -1.5805870944148757E-012
   325.00000000000000        0.0000000000000000        0.0000000000000000        325.00000000000000        0.0000000000000000     
   325.00000000000000        0.0000000000000000        0.0000000000000000       -325.00000000000000        0.0000000000000000     
   273.04447045128131        243.63552165788767       -110.35825707967773        54.890006338543060        1.7769999999999999     
   46.912674898109316       -1.7359547153897334        35.943729798135209        30.044568336397500        1.7769999999999999     
   226.95993085900525       -154.26306493646536        101.41109543977400       -132.02085719172320        0.0000000000000000     
   103.08292379160410       -87.636502006032572       -26.996568158231486        47.086282516782596        0.0000000000000000     

 PASSED   1.0000000000000001E-005
 MU_R    =    325.00000000000000     
 ALPHA_S =   0.11799999999999999     
 BORN                    1.9036590152090393E-011
 SINGLE POLE (MadFKS)   -5.7858725316806124E-012
 DOUBLE POLE (MadFKS)   -1.9067336311131862E-012
 SINGLE POLE (MadLoop)  -5.7858725313433699E-012
 DOUBLE POLE (MadLoop)  -1.9067336311167102E-012
 FINITE PART (MadLoop)  -3.4386734405519462E-012
   325.00000000000000        0.0000000000000000        0.0000000000000000        325.00000000000000        0.0000000000000000     
   325.00000000000000        0.0000000000000000        0.0000000000000000       -325.00000000000000        0.0000000000000000     
   194.63610122846663        121.98390501243517       -119.88364867502662        92.886446108664799        1.7769999999999999     
   173.39223605402000       -125.13666602148794        119.63048185125839       -9.5431873016977296        1.7769999999999999     
   173.73495324307297       -39.714453093138260       -69.394130107031827       -154.24347928056477        0.0000000000000000     
   108.23670947444266        42.867214102191106        69.647296930799968        70.900220473597940        0.0000000000000000     

 PASSED   1.0000000000000001E-005
 MU_R    =    325.00000000000000     
 ALPHA_S =   0.11799999999999999     
 BORN                    2.8169635474693312E-011
 SINGLE POLE (MadFKS)   -5.3974884464017924E-012
 DOUBLE POLE (MadFKS)   -2.8215132493094480E-012
 SINGLE POLE (MadLoop)  -5.3974884464017827E-012
 DOUBLE POLE (MadLoop)  -2.8215132493094335E-012
 FINITE PART (MadLoop)   7.2923493690418332E-013
   325.00000000000000        0.0000000000000000        0.0000000000000000        325.00000000000000        0.0000000000000000     
   325.00000000000000        0.0000000000000000        0.0000000000000000       -325.00000000000000        0.0000000000000000     
   261.92344693235765       -57.814376219185156       -223.20266024793631       -124.25298662228778        1.7769999999999999     
   43.827520686605610       -8.3512122685957930        41.354705716862838        11.736243404572450        1.7769999999999999     
   234.32878431384523       -2.6835994235061627        230.51943501680785        41.994851251915222        0.0000000000000000     
   109.92024806719149        68.849187911287061       -48.671480485734413        70.521891965800094        0.0000000000000000     

 PASSED   1.0000000000000001E-005
 MU_R    =    325.00000000000000     
 ALPHA_S =   0.11799999999999999     
 BORN                    1.6964245822871570E-009
 SINGLE POLE (MadFKS)   -2.5147893044239985E-010
 DOUBLE POLE (MadFKS)   -1.6991644920920194E-010
 SINGLE POLE (MadLoop)  -2.5147893044241211E-010
 DOUBLE POLE (MadLoop)  -1.6991644920921096E-010
 FINITE PART (MadLoop)  -4.0869953732093450E-012
   325.00000000000000        0.0000000000000000        0.0000000000000000        325.00000000000000        0.0000000000000000     
   325.00000000000000        0.0000000000000000        0.0000000000000000       -325.00000000000000        0.0000000000000000     
   100.36403975604102       -83.417061273862245        38.550549686583395       -40.314163199143273        1.7769999999999999     
   190.35975343961130       -120.46376674059633       -45.442797176599178       -140.20381980539341        1.7769999999999999     
   276.75088797645901        159.72546615608817       -50.343250408286480        220.32790698254141        0.0000000000000000     
   82.525318827888725        44.155361858370284        57.235497898302178       -39.809923978004669        0.0000000000000000     

 PASSED   1.0000000000000001E-005
 MU_R    =    325.00000000000000     
 ALPHA_S =   0.11799999999999999     
 BORN                    5.3286964348379164E-011
 SINGLE POLE (MadFKS)   -1.3309776990616538E-011
 DOUBLE POLE (MadFKS)   -5.3373028578769315E-012
 SINGLE POLE (MadLoop)  -1.3309776990616445E-011
 DOUBLE POLE (MadLoop)  -5.3373028578769654E-012
 FINITE PART (MadLoop)  -1.3953894811840845E-011
   325.00000000000000        0.0000000000000000        0.0000000000000000        325.00000000000000        0.0000000000000000     
   325.00000000000000        0.0000000000000000        0.0000000000000000       -325.00000000000000        0.0000000000000000     
   102.10103695984709        79.070473784747719       -7.4464075732790835        64.139498041255308        1.7769999999999999     
   205.59858350770403        75.474161256181219       -177.32033241890630       -71.615434823080378        1.7769999999999999     
   79.822931214448388       -29.098698764185720       -33.684140675474993       -66.259676612948752        0.0000000000000000     
   262.47744831800043       -125.44593627674320        218.45088066766036        73.735613394773807        0.0000000000000000     

 PASSED   1.0000000000000001E-005
 MU_R    =    325.00000000000000     
 ALPHA_S =   0.11799999999999999     
 BORN                    3.4378451298057182E-011
 SINGLE POLE (MadFKS)   -1.1014497850480402E-011
 DOUBLE POLE (MadFKS)   -3.4433976227824785E-012
 SINGLE POLE (MadLoop)  -1.1014497850480517E-011
 DOUBLE POLE (MadLoop)  -3.4433976227824963E-012
 FINITE PART (MadLoop)   6.5886988721642158E-013
   325.00000000000000        0.0000000000000000        0.0000000000000000        325.00000000000000        0.0000000000000000     
   325.00000000000000        0.0000000000000000        0.0000000000000000       -325.00000000000000        0.0000000000000000     
   141.87738304622837        19.061444394444443        139.48613931758075        17.501781821293495        1.7769999999999999     
   183.38985294626909       -26.017808544316161       -54.432436441992962        173.17293072589007        1.7769999999999999     
   202.53596844027479        21.663443825217829        36.025802491433318       -198.12535241235497        0.0000000000000000     
   122.19679556723240       -14.707079675346170       -121.07950536702120        7.4506398651714818        0.0000000000000000     

 PASSED   1.0000000000000001E-005
 MU_R    =    325.00000000000000     
 ALPHA_S =   0.11799999999999999     
 BORN                    3.0693505180474059E-010
 SINGLE POLE (MadFKS)   -3.8068356913250460E-011
 DOUBLE POLE (MadFKS)   -3.0743078522353010E-011
 SINGLE POLE (MadLoop)  -3.8068356913256069E-011
 DOUBLE POLE (MadLoop)  -3.0743078522352784E-011
 FINITE PART (MadLoop)   2.8394618393787520E-011
   325.00000000000000        0.0000000000000000        0.0000000000000000        325.00000000000000        0.0000000000000000     
   325.00000000000000        0.0000000000000000        0.0000000000000000       -325.00000000000000        0.0000000000000000     
Thanks for using LHAPDF 6.2.1. Please make sure to cite the paper:
  Eur.Phys.J. C75 (2015) 3, 132  (http://arxiv.org/abs/1412.7420)
   167.48083154355430       -15.499029885861187        17.311644243511772        165.85161516157646        1.7769999999999999     
   43.767528318067107        38.083174326700743       -19.241804236885542        9.5845505363736816        1.7769999999999999     
   195.08088316420506       -4.7449444633800066        193.32439878757128       -25.684884885662417        0.0000000000000000     
   243.67075697417363       -17.839199977459533       -191.39423879419758       -149.75128081228777        0.0000000000000000     

 PASSED   1.0000000000000001E-005
 MU_R    =    325.00000000000000     
 ALPHA_S =   0.11799999999999999     
 BORN                    5.0899150071208587E-011
 SINGLE POLE (MadFKS)   -9.0031344353181625E-012
 DOUBLE POLE (MadFKS)   -5.0981357722403570E-012
 SINGLE POLE (MadLoop)  -9.0031344353188652E-012
 DOUBLE POLE (MadLoop)  -5.0981357722405355E-012
 FINITE PART (MadLoop)   7.2789103308503226E-013
   325.00000000000000        0.0000000000000000        0.0000000000000000        325.00000000000000        0.0000000000000000     
   325.00000000000000        0.0000000000000000        0.0000000000000000       -325.00000000000000        0.0000000000000000     
   234.19326542038192        228.89879744790866        35.856148433784675       -34.102858907386683        1.7769999999999999     
   122.70769349446826      -0.14345446067892773       -46.429629164798719       -113.57063559815690        1.7769999999999999     
   247.73016094599544       -186.19856209050135        8.0969626125681557        163.20161553798783        0.0000000000000000     
   45.368880139158975       -42.556780896728363        2.4765181184459055       -15.528121032444229        0.0000000000000000     

 PASSED   1.0000000000000001E-005
 MU_R    =    325.00000000000000     
 ALPHA_S =   0.11799999999999999     
 BORN                    1.4865006529522053E-010
 SINGLE POLE (MadFKS)   -3.2179252477844882E-011
 DOUBLE POLE (MadFKS)   -1.4889015128291984E-011
 SINGLE POLE (MadLoop)  -3.2179252477845070E-011
 DOUBLE POLE (MadLoop)  -1.4889015128291793E-011
 FINITE PART (MadLoop)   2.1580520002052029E-011
   325.00000000000000        0.0000000000000000        0.0000000000000000        325.00000000000000        0.0000000000000000     
   325.00000000000000        0.0000000000000000        0.0000000000000000       -325.00000000000000        0.0000000000000000     
   146.29910076085932       -34.314733375604888        115.54576276442781        82.897194976571953        1.7769999999999999     
   207.53302152766281        119.32314442515708       -77.662070067608539        150.98803718410380        1.7769999999999999     
   26.471762558954318        23.613815341621848       -5.1656557109302597        10.791567961402709        0.0000000000000000     
   269.69611515252683       -108.62222639117405       -32.718036985888993       -244.67680012207848        0.0000000000000000     

 PASSED   1.0000000000000001E-005
 MU_R    =    325.00000000000000     
 ALPHA_S =   0.11799999999999999     
 BORN                    1.2107344933527746E-008
 SINGLE POLE (MadFKS)   -1.5469163287084760E-009
 DOUBLE POLE (MadFKS)   -1.2126899609544937E-009
 SINGLE POLE (MadLoop)  -1.5469163287084469E-009
 DOUBLE POLE (MadLoop)  -1.2126899609545434E-009
 FINITE PART (MadLoop)  -1.1660742184157283E-010
   325.00000000000000        0.0000000000000000        0.0000000000000000        325.00000000000000        0.0000000000000000     
   325.00000000000000        0.0000000000000000        0.0000000000000000       -325.00000000000000        0.0000000000000000     
   57.602236384285384       -32.832565639107791        40.855282864566433       -23.827051917537649        1.7769999999999999     
   218.18201332633535        15.578031189926662        217.49273056495184       -7.3804001097577752        1.7769999999999999     
   150.15191625556909       -99.658274306819607       -74.621205169180755        83.937488981414958        0.0000000000000000     
   224.06383403381020        116.91280875600080       -183.72680826033749       -52.730036954119598        0.0000000000000000     

 PASSED   1.0000000000000001E-005
 MU_R    =    325.00000000000000     
 ALPHA_S =   0.11799999999999999     
 BORN                    5.3564371465204532E-011
 SINGLE POLE (MadFKS)   -6.7727927572927282E-012
 DOUBLE POLE (MadFKS)   -5.3650883738193968E-012
 SINGLE POLE (MadLoop)  -6.7727927572927743E-012
 DOUBLE POLE (MadLoop)  -5.3650883738193871E-012
 FINITE PART (MadLoop)   3.6249753520041095E-013
   325.00000000000000        0.0000000000000000        0.0000000000000000        325.00000000000000        0.0000000000000000     
   325.00000000000000        0.0000000000000000        0.0000000000000000       -325.00000000000000        0.0000000000000000     
   64.482334745554340       -1.7782598512406584        48.569908374560988        42.339290943825937        1.7769999999999999     
   192.23941965499139       -145.57825227065106       -88.672374873827835        88.865173945398510        1.7769999999999999     
   158.49574788873110        24.847852825779974        152.70180214765725        34.433209690854170        0.0000000000000000     
   234.78249771072308        122.50865929611172       -112.59933564839041       -165.63767458007862        0.0000000000000000     

 PASSED   1.0000000000000001E-005
 MU_R    =    325.00000000000000     
 ALPHA_S =   0.11799999999999999     
 BORN                    1.3422640624988358E-010
 SINGLE POLE (MadFKS)   -2.5026465117168914E-011
 DOUBLE POLE (MadFKS)   -1.3444319646289717E-011
 SINGLE POLE (MadLoop)  -2.5026465117169078E-011
 DOUBLE POLE (MadLoop)  -1.3444319646289631E-011
 FINITE PART (MadLoop)  -9.4219813898241964E-013
   325.00000000000000        0.0000000000000000        0.0000000000000000        325.00000000000000        0.0000000000000000     
   325.00000000000000        0.0000000000000000        0.0000000000000000       -325.00000000000000        0.0000000000000000     
   164.12857070868930       -75.775081514422411       -16.924297510381695        144.59161514119680        1.7769999999999999     
   97.448916288928899       -64.519840870388720        68.156986377354002        26.171528402131425        1.7769999999999999     
   260.84506356464550        96.472029953315683       -171.04379605483649       -171.68958749406454        0.0000000000000000     
   127.57744943773623        43.822892431495418        119.81110718786415       0.92644395073635555        0.0000000000000000     

 PASSED   1.0000000000000001E-005
 MU_R    =    325.00000000000000     
 ALPHA_S =   0.11799999999999999     
 BORN                    2.7216915752957742E-011
 SINGLE POLE (MadFKS)   -3.5315848320259333E-012
 DOUBLE POLE (MadFKS)   -2.7260874025614406E-012
 SINGLE POLE (MadLoop)  -3.5315848320259899E-012
 DOUBLE POLE (MadLoop)  -2.7260874025614365E-012
 FINITE PART (MadLoop)   1.3976455706668827E-012
   325.00000000000000        0.0000000000000000        0.0000000000000000        325.00000000000000        0.0000000000000000     
   325.00000000000000        0.0000000000000000        0.0000000000000000       -325.00000000000000        0.0000000000000000     
   255.85947244509765       -121.39394576482280        225.20795210873430        2.4083499581607799        1.7769999999999999     
   45.542550825738815       -30.698138055355066       -21.295889511310403       -25.982217314375283        1.7769999999999999     
   198.09310575523102        31.579417134399719       -165.03297134945782        104.91776460053728        0.0000000000000000     
   150.50487097393250        120.51266668577814       -38.879091247966073       -81.343897244322733        0.0000000000000000     

 NUMBER OF POINTS PASSING THE CHECK          20
 NUMBER OF POINTS FAILING THE CHECK           0
 TOLERANCE    1.0000000000000001E-005
