==== LHAPDF6 USING DEFAULT-TYPE LHAGLUE INTERFACE ====
LHAPDF 6.2.1 loading /cvmfs/cms.cern.ch/slc6_amd64_gcc481/external/lhapdf/6.2.1/share/LHAPDF/NNPDF31_nnlo_hessian_pdfas/NNPDF31_nnlo_hessian_pdfas_0000.dat
NNPDF31_nnlo_hessian_pdfas PDF set, member #0, version 1; LHAPDF ID = 306000
 A PDF is used, so alpha_s(MZ) is going to be modified
 Old value of alpha_s from param_card:   0.11799999999999999     
 New value of alpha_s from PDF lhapdf :  0.11800208008122040     
 using LHAPDF
 *****************************************************
 *               MadGraph/MadEvent                   *
 *        --------------------------------           *
 *          http://madgraph.hep.uiuc.edu             *
 *          http://madgraph.phys.ucl.ac.be           *
 *          http://madgraph.roma2.infn.it            *
 *        --------------------------------           *
 *                                                   *
 *          PARAMETER AND COUPLING VALUES            *
 *                                                   *
 *****************************************************

  External Params
  ---------------------------------
  
 MU_R =    91.188000000000002     
 aEWM1 =    132.50700000000001     
 mdl_Gf =    1.1663900000000000E-005
 aS =   0.11799999999999999     
 mdl_lamWS =   0.22530000000000000     
 mdl_AWS =   0.80800000000000005     
 mdl_rhoWS =   0.13200000000000001     
 mdl_etaWS =   0.34100000000000003     
 mdl_ymt =    173.00000000000000     
 mdl_ymtau =    1.7769999999999999     
 mdl_MT =    173.00000000000000     
 mdl_MZ =    91.188000000000002     
 mdl_MH =    125.00000000000000     
 mdl_MTA =    1.7769999999999999     
 mdl_WT =    1.4915000000000000     
 mdl_WZ =    2.4414039999999999     
 mdl_WW =    2.0476000000000001     
 mdl_WH =    6.3823389999999999E-003
  Internal Params
  ---------------------------------
  
 mdl_CKM33 =    1.0000000000000000     
 mdl_conjg__CKM3x3 =    1.0000000000000000     
 mdl_I4x33 =    0.0000000000000000     
 mdl_I1x33 =    0.0000000000000000     
 mdl_lhv =    1.0000000000000000     
 mdl_CKM3x3 =    1.0000000000000000     
 mdl_conjg__CKM33 =    1.0000000000000000     
 mdl_Ncol =    3.0000000000000000     
 mdl_CA =    3.0000000000000000     
 mdl_TF =   0.50000000000000000     
 mdl_CF =    1.3333333333333333     
 mdl_lamWS__exp__2 =    5.0760090000000001E-002
 mdl_CKM11 =  ( 0.97461995499999998     ,  0.0000000000000000     )
 mdl_CKM12 =  ( 0.22530000000000000     ,  0.0000000000000000     )
 mdl_complexi =  (  0.0000000000000000     ,  1.0000000000000000     )
 mdl_lamWS__exp__3 =    1.1436248277000001E-002
 mdl_CKM13 =  (  1.2197444962317122E-003, -3.1510066152652563E-003)
 mdl_CKM21 =  (-0.22530000000000000     ,  0.0000000000000000     )
 mdl_CKM22 =  ( 0.97461995499999998     ,  0.0000000000000000     )
 mdl_CKM23 =  (  4.1014152720000002E-002,  0.0000000000000000     )
 mdl_CKM31 =  (  8.0207441115842885E-003, -3.1510066152652563E-003)
 mdl_CKM32 =  ( -4.1014152720000002E-002,  0.0000000000000000     )
 mdl_MZ__exp__2 =    8315.2513440000002     
 mdl_MZ__exp__4 =    69143404.913893804     
 mdl_sqrt__2 =    1.4142135623730951     
 mdl_MH__exp__2 =    15625.000000000000     
 mdl_CKM1x1 =  ( 0.97461995499999998     ,  0.0000000000000000     )
 mdl_CKM1x2 =  ( 0.22530000000000000     ,  0.0000000000000000     )
 mdl_CKM1x3 =  (  1.2197444962317122E-003, -3.1510066152652563E-003)
 mdl_CKM2x1 =  (-0.22530000000000000     ,  0.0000000000000000     )
 mdl_CKM2x2 =  ( 0.97461995499999998     ,  0.0000000000000000     )
 mdl_CKM2x3 =  (  4.1014152720000002E-002,  0.0000000000000000     )
 mdl_CKM3x1 =  (  8.0207441115842885E-003, -3.1510066152652563E-003)
 mdl_CKM3x2 =  ( -4.1014152720000002E-002,  0.0000000000000000     )
 mdl_conjg__CKM1x3 =  (  1.2197444962317122E-003,  3.1510066152652563E-003)
 mdl_conjg__CKM2x3 =  (  4.1014152720000002E-002, -0.0000000000000000     )
 mdl_conjg__CKM2x1 =  (-0.22530000000000000     , -0.0000000000000000     )
 mdl_conjg__CKM3x1 =  (  8.0207441115842885E-003,  3.1510066152652563E-003)
 mdl_conjg__CKM2x2 =  ( 0.97461995499999998     , -0.0000000000000000     )
 mdl_conjg__CKM3x2 =  ( -4.1014152720000002E-002, -0.0000000000000000     )
 mdl_Ncol__exp__2 =    9.0000000000000000     
 mdl_MT__exp__2 =    29929.000000000000     
 mdl_conjg__CKM11 =  ( 0.97461995499999998     , -0.0000000000000000     )
 mdl_conjg__CKM12 =  ( 0.22530000000000000     , -0.0000000000000000     )
 mdl_conjg__CKM13 =  (  1.2197444962317122E-003,  3.1510066152652563E-003)
 mdl_conjg__CKM21 =  (-0.22530000000000000     , -0.0000000000000000     )
 mdl_conjg__CKM22 =  ( 0.97461995499999998     , -0.0000000000000000     )
 mdl_conjg__CKM23 =  (  4.1014152720000002E-002, -0.0000000000000000     )
 mdl_conjg__CKM31 =  (  8.0207441115842885E-003,  3.1510066152652563E-003)
 mdl_conjg__CKM32 =  ( -4.1014152720000002E-002, -0.0000000000000000     )
 mdl_aEW =    7.5467711139788835E-003
 mdl_MW =    80.419002445756163     
 mdl_sqrt__aEW =    8.6872153846781555E-002
 mdl_ee =   0.30795376724436879     
 mdl_MW__exp__2 =    6467.2159543705357     
 mdl_sw2 =   0.22224648578577766     
 mdl_cw =   0.88190334743339216     
 mdl_sqrt__sw2 =   0.47143025548407230     
 mdl_sw =   0.47143025548407230     
 mdl_g1 =   0.34919219678733299     
 mdl_gw =   0.65323293034757990     
 mdl_v =    246.21845810181637     
 mdl_v__exp__2 =    60623.529110035903     
 mdl_lam =   0.12886910601690263     
 mdl_yt =   0.99366614581500623     
 mdl_ytau =    1.0206617000654717E-002
 mdl_muH =    88.388347648318430     
 mdl_AxialZUp =  -0.18517701861793787     
 mdl_AxialZDown =   0.18517701861793787     
 mdl_VectorZUp =    7.5430507588273299E-002
 mdl_VectorZDown =  -0.13030376310310560     
 mdl_VectorAUp =   0.20530251149624587     
 mdl_VectorADown =  -0.10265125574812294     
 mdl_VectorWmDxU =   0.23095271737156670     
 mdl_AxialWmDxU =  -0.23095271737156670     
 mdl_VectorWpUxD =   0.23095271737156670     
 mdl_AxialWpUxD =  -0.23095271737156670     
 mdl_I2x13 =  (  7.9699418879263656E-003,  3.1310485988282153E-003)
 mdl_I2x23 =  ( -4.0754375057150453E-002, -0.0000000000000000     )
 mdl_I2x33 =  ( 0.99366614581500623     ,  0.0000000000000000     )
 mdl_I3x31 =  (  7.9699418879263656E-003, -3.1310485988282153E-003)
 mdl_I3x32 =  ( -4.0754375057150453E-002,  0.0000000000000000     )
 mdl_I3x33 =  ( 0.99366614581500623     ,  0.0000000000000000     )
 mdl_Vector_tdGp =  ( -7.9699418879263656E-003, -3.1310485988282153E-003)
 mdl_Vector_tsGp =  (  4.0754375057150453E-002,  0.0000000000000000     )
 mdl_Vector_tbGp =  (-0.99366614581500623     ,  0.0000000000000000     )
 mdl_Axial_tdGp =  ( -7.9699418879263656E-003, -3.1310485988282153E-003)
 mdl_Axial_tsGp =  (  4.0754375057150453E-002,  0.0000000000000000     )
 mdl_Axial_tbGp =  (-0.99366614581500623     , -0.0000000000000000     )
 mdl_Vector_tdGm =  (  7.9699418879263656E-003, -3.1310485988282153E-003)
 mdl_Vector_tsGm =  ( -4.0754375057150453E-002,  0.0000000000000000     )
 mdl_Vector_tbGm =  ( 0.99366614581500623     ,  0.0000000000000000     )
 mdl_Axial_tdGm =  ( -7.9699418879263656E-003,  3.1310485988282153E-003)
 mdl_Axial_tsGm =  (  4.0754375057150453E-002, -0.0000000000000000     )
 mdl_Axial_tbGm =  (-0.99366614581500623     ,  0.0000000000000000     )
 mdl_gw__exp__2 =   0.42671326129048615     
 mdl_cw__exp__2 =   0.77775351421422245     
 mdl_ee__exp__2 =    9.4835522759998875E-002
 mdl_sw__exp__2 =   0.22224648578577769     
 mdl_yt__exp__2 =   0.98737240933884918     
  Internal Params evaluated point by point
  ----------------------------------------
  
 mdl_sqrt__aS =   0.34351128074635334     
 mdl_G__exp__4 =    2.1987899468922913     
 mdl_G__exp__2 =    1.4828317324943823     
 mdl_R2MixedFactor_FIN_ =   -2.5040377713124864E-002
 mdl_G_UVg_1EPS_ =   -5.1645779033320030E-002
 mdl_G_UVq_1EPS_ =    3.1300472141406080E-003
 mdl_G_UVb_1EPS_ =    3.1300472141406080E-003
 mdl_GWcft_UV_t_1EPS_ =   -3.1300472141406080E-003
 mdl_tWcft_UV_1EPS_ =   -1.8780283284843650E-002
 mdl_G__exp__3 =    1.8056676068262196     
 mdl_MU_R__exp__2 =    8315.2513440000002     
 mdl_G_UVt_FIN_ =   -4.0087659331150384E-003
 mdl_GWcft_UV_t_FIN_ =    4.0087659331150384E-003
 mdl_tWcft_UV_FIN_ =   -9.8778211443463623E-004
  Couplings of loop_sm-ckm_no_b_mass
  ---------------------------------
  
       UV_3Gt =   0.48815E-02   0.00000E+00
      UV_GQQt =   0.00000E+00  -0.48815E-02
   UVWfct_G_2 =   0.40088E-02   0.00000E+00
       R2_DDA =   0.00000E+00   0.25704E-02
       R2_UUA =  -0.00000E+00  -0.51409E-02
    R2_DDZ_V2 =   0.00000E+00   0.72127E-02
    R2_UUZ_V2 =  -0.00000E+00  -0.72127E-02
    R2_UUZ_V5 =   0.00000E+00   0.68702E-03
      R2_GGHt =   0.00000E+00  -0.45657E+01
     R2_GGZup =  -0.46369E-02   0.00000E+00
   R2_GGZdown =   0.46369E-02   0.00000E+00
 R2_GGGZvecUp =   0.00000E+00   0.28750E-03
 R2_GGGZvecDown  -0.00000E+00  -0.49665E-03
 R2_GGGZaxialUp  -0.00000E+00  -0.63522E-02
 R2_GGGZaxialDow  0.00000E+00   0.63522E-02
 R2_GGGAvecUp =   0.00000E+00   0.78251E-03
 R2_GGGAvecDown  -0.00000E+00  -0.39126E-03
         GC_4 =  -0.12177E+01   0.00000E+00
         GC_5 =   0.00000E+00   0.12177E+01
         GC_6 =   0.00000E+00   0.14828E+01
       R2_3Gq =   0.76230E-02   0.00000E+00
       R2_3Gg =   0.31445E-01   0.00000E+00
       R2_GQQ =  -0.00000E+00  -0.30492E-01
       R2_GGq =   0.00000E+00   0.62601E-02
       R2_GGt =  -0.00000E+00  -0.11242E+04
     R2_GGg_1 =   0.00000E+00   0.28170E-01
     R2_GGg_2 =  -0.00000E+00  -0.18780E-01
       R2_QQq =   0.00000E+00   0.12520E-01
  UV_3Gg_1eps =   0.62890E-01   0.00000E+00
  UV_3Gb_1eps =  -0.38115E-02   0.00000E+00
 UV_GQQg_1eps =   0.00000E+00  -0.62890E-01
 UV_GQQq_1eps =   0.00000E+00   0.38115E-02
 UVWfct_G_2_1eps -0.31300E-02   0.00000E+00
         GC_1 =  -0.00000E+00  -0.10265E+00
         GC_2 =   0.00000E+00   0.20530E+00
        GC_21 =  -0.00000E+00  -0.28804E+00
        GC_22 =   0.00000E+00   0.28804E+00
        GC_23 =  -0.00000E+00  -0.27437E-01
        GC_24 =   0.00000E+00   0.82310E-01
        GC_37 =  -0.00000E+00  -0.70263E+00
        GC_38 =  -0.00000E+00  -0.72172E-02
      GC_1003 =  -0.00000E+00  -0.30795E+00

 Collider parameters:
 --------------------

 Running at P P   machine @    13000.000000000000       GeV
 PDF set = lhapdf 
 alpha_s(Mz)= 0.1180 running at 3 loops.
 alpha_s(Mz)= 0.1180 running at 3 loops.
 Renormalization scale set on event-by-event basis
 Factorization   scale set on event-by-event basis


 ===============================================================
 INFO: MadFKS read these parameters from FKS_params.dat
 ===============================================================
  > IRPoleCheckThreshold      =    1.0000000000000001E-005
  > PrecisionVirtualAtRunTime =    1.0000000000000000E-003
  > NHelForMCoverHels         =            4
  > VirtualFraction           =    1.0000000000000000     
  > MinVirtualFraction        =    5.0000000000000001E-003
 ===============================================================
  Insert the number of points to test
 Insert the relative tolerance
  A negative number will mean use the default one:    1.0000000000000001E-005
Using random seed offsets:     0 ,     40 ,      0
  with seed                   32
 Ranmar initialization seeds       10729        9446
  ========================================================================================== 
 {                                                                                          }
 {       [32m                                                                            [0m       }
 {       [32m                               ,,                                           [0m       }
 {       [32m`7MMM.     ,MMF'             `7MM  `7MMF'                                   [0m       }
 {       [32m  MMMb    dPMM                 MM    MM                                     [0m       }
 {       [32m  M YM   ,M MM   ,6"Yb.   ,M""bMM    MM         ,pW"Wq.   ,pW"Wq.`7MMpdMAo. [0m       }
 {       [32m  M  Mb  M' MM  8)   MM ,AP    MM    MM        6W'   `Wb 6W'   `Wb MM   `Wb [0m       }
 {       [32m  M  YM.P'  MM   ,pm9MM 8MI    MM    MM      , 8M     M8 8M     M8 MM    M8 [0m       }
 {       [32m  M  `YM'   MM  8M   MM `Mb    MM    MM     ,M YA.   ,A9 YA.   ,A9 MM   ,AP [0m       }
 {       [32m.JML. `'  .JMML.`Moo9^Yo.`Wbmd"MML..JMMmmmmMMM  `Ybmd9'   `Ybmd9'  MMbmmd'  [0m       }
 {       [32m                                                                   MM       [0m       }
 {       [32m                                                                 .JMML.     [0m       }
 {       [32m[0mv2.4.2 (2016-06-10), Ref: arXiv:1103.0621v2, arXiv:1405.0301[32m                [0m       }
 {       [32m                                                                            [0m       }
 {                                                                                          }
  ========================================================================================== 
 ===============================================================
 INFO: MadLoop read these parameters from ./MadLoop5_resources/MadLoopParams.dat                                                                                                                                                                                                                                                                                                                                                                                                                                                                                          
 ===============================================================
  > MLReductionLib            = 6|1|2
  > IREGIMODE                 =            2
  > IREGIRECY                 =  T
  > CTModeRun                 =           -1
  > MLStabThres               =    1.0000000000000000E-003
  > NRotations_DP             =            1
  > NRotations_QP             =            0
  > CTStabThres               =    1.0000000000000000E-002
  > CTLoopLibrary             =            2
  > CTModeInit                =            1
  > CheckCycle                =            3
  > MaxAttempts               =           10
  > UseLoopFilter             =  F
  > HelicityFilterLevel       =            2
  > ImprovePSPoint            =            2
  > DoubleCheckHelicityFilter =  T
  > LoopInitStartOver         =  F
  > HelInitStartOver          =  F
  > ZeroThres                 =    1.0000000000000001E-009
  > OSThres                   =    1.0000000000000000E-008
  > WriteOutFilters           =  T
  > UseQPIntegrandForNinja    =  F
  > UseQPIntegrandForCutTools =  T
 ===============================================================
  
------------------------------------------------------------------------
|              You are using CutTools - Version 1.9.3                  |
|              Authors: G. Ossola, C. Papadopoulos, R. Pittau          |
|              Published in JHEP 0803:042,2008                         |
|              http://www.ugr.es/~pittau/CutTools                      |
|                                                                      |
|              Compiler with  34  significant digits detetected        |
 ---------------------------------------------------------------------- 
   
########################################################################
#                                                                      #
#                      You are using OneLOop-3.6                       #
#                                                                      #
# for the evaluation of 1-loop scalar 1-, 2-, 3- and 4-point functions #
#                                                                      #
# author: Andreas van Hameren <hamerenREMOVETHIS@ifj.edu.pl>           #
#   date: 18-02-2015                                                   #
#                                                                      #
# Please cite                                                          #
#    A. van Hameren,                                                   #
#      Comput.Phys.Commun. 182 (2011) 2427-2438, arXiv:1007.4716       #
#    A. van Hameren, C.G. Papadopoulos and R. Pittau,                  #
#      JHEP 0909:106,2009, arXiv:0903.4665                             #
# in publications with results obtained with the help of this program. #
#                                                                      #
########################################################################
 PASSED   1.0000000000000001E-005
 MU_R    =    325.00000000000000     
 ALPHA_S =   0.11799999999999999     
 BORN                    1.0095662854457731E-010
 SINGLE POLE (MadFKS)   -1.5791203839979602E-011
 DOUBLE POLE (MadFKS)   -1.6431948724099085E-011
 SINGLE POLE (MadLoop)  -1.5791203839997228E-011
 DOUBLE POLE (MadLoop)  -1.6431948724099050E-011
 FINITE PART (MadLoop)   2.2045110562964086E-011
   325.00000000000000        0.0000000000000000        0.0000000000000000        325.00000000000000        0.0000000000000000     
   325.00000000000000        0.0000000000000000        0.0000000000000000       -325.00000000000000        0.0000000000000000     
   180.32229345275462       -84.870333506175157       -62.004294403734839        146.51097485549309        1.7769999999999999     
   48.900034726246311        46.757732713708485        5.7547081209256508       -12.986663664869472        1.7769999999999999     
   222.36113446345917       -89.414650461727717        192.53037517611605       -66.193270331867012        0.0000000000000000     
   198.41653735753994        127.52725125419440       -136.28078889330689       -67.331040858756609        0.0000000000000000     

 PASSED   1.0000000000000001E-005
 MU_R    =    325.00000000000000     
 ALPHA_S =   0.11799999999999999     
 BORN                    5.0383346368253148E-011
 SINGLE POLE (MadFKS)   -1.7521566190366167E-011
 DOUBLE POLE (MadFKS)   -8.2005171528296696E-012
 SINGLE POLE (MadLoop)  -1.7521566190367373E-011
 DOUBLE POLE (MadLoop)  -8.2005171528303223E-012
 FINITE PART (MadLoop)   5.8446131183983150E-012
   325.00000000000000        0.0000000000000000        0.0000000000000000        325.00000000000000        0.0000000000000000     
   325.00000000000000        0.0000000000000000        0.0000000000000000       -325.00000000000000        0.0000000000000000     
   244.70510138731635       -50.919486142658485       -226.51975757168387       -77.287995682447146        1.7769999999999999     
   239.81292661776519        33.190787333365144        232.64340684024029        47.775505585345918        1.7769999999999999     
   76.366391531859264       -62.681130789970062        32.292645001072110        29.327234396080119        0.0000000000000000     
   89.115580463059544        80.409829599263347       -38.416294269628651       0.18525570102108274        0.0000000000000000     

 PASSED   1.0000000000000001E-005
 MU_R    =    325.00000000000000     
 ALPHA_S =   0.11799999999999999     
 BORN                    2.3575023868026355E-010
 SINGLE POLE (MadFKS)   -8.6602994132858221E-011
 DOUBLE POLE (MadFKS)   -3.8371287646335407E-011
 SINGLE POLE (MadLoop)  -8.6602994132853426E-011
 DOUBLE POLE (MadLoop)  -3.8371287646335051E-011
 FINITE PART (MadLoop)  -6.8718268895558417E-011
   325.00000000000000        0.0000000000000000        0.0000000000000000        325.00000000000000        0.0000000000000000     
   325.00000000000000        0.0000000000000000        0.0000000000000000       -325.00000000000000        0.0000000000000000     
   189.04441602210440        28.376087279658904        25.934344400337750       -185.08603661908248        1.7769999999999999     
   297.33665440816179       -120.86863715066566       -87.095437167245905        257.31514860891048        1.7769999999999999     
   123.44310843108079        55.575540658706551        68.798914918853825       -86.117765911618577        0.0000000000000000     
   40.175821138653532        36.917009212300222       -7.6378221519456408        13.888653921790567        0.0000000000000000     

 PASSED   1.0000000000000001E-005
 MU_R    =    325.00000000000000     
 ALPHA_S =   0.11799999999999999     
 BORN                    1.6385918606166025E-011
 SINGLE POLE (MadFKS)   -4.1231002258660579E-012
 DOUBLE POLE (MadFKS)   -2.6670123419869654E-012
 SINGLE POLE (MadLoop)  -4.1231002258660401E-012
 DOUBLE POLE (MadLoop)  -2.6670123419869622E-012
 FINITE PART (MadLoop)   3.2091194062066528E-012
   325.00000000000000        0.0000000000000000        0.0000000000000000        325.00000000000000        0.0000000000000000     
   325.00000000000000        0.0000000000000000        0.0000000000000000       -325.00000000000000        0.0000000000000000     
   202.07091237680342       -118.56279017830782       -98.620889280804803       -130.56140655795483        1.7769999999999999     
   205.86548097559731       -33.378357447466421        155.25252930032050        130.99609127098540        1.7769999999999999     
   68.879589377000372       -20.397476932366416       -64.068162944807909        14.953637163422963        0.0000000000000000     
   173.18401727060009        172.33862455814071        7.4365229252922189       -15.388321876453501        0.0000000000000000     

 PASSED   1.0000000000000001E-005
 MU_R    =    325.00000000000000     
 ALPHA_S =   0.11799999999999999     
 BORN                    2.0661828190958074E-009
 SINGLE POLE (MadFKS)   -3.8465238107614922E-010
 DOUBLE POLE (MadFKS)   -3.3629698839443302E-010
 SINGLE POLE (MadLoop)  -3.8465238107609168E-010
 DOUBLE POLE (MadLoop)  -3.3629698839443431E-010
 FINITE PART (MadLoop)   6.2596501444559283E-010
   325.00000000000000        0.0000000000000000        0.0000000000000000        325.00000000000000        0.0000000000000000     
   325.00000000000000        0.0000000000000000        0.0000000000000000       -325.00000000000000        0.0000000000000000     
   49.882397856729789       -10.950751079785338       -38.886859775808489        29.205976691462816        1.7769999999999999     
   177.96796505223085        106.77622299708804        96.449519575130864       -104.71755933001229        1.7769999999999999     
   159.23440088299523        32.983533821191550       -32.620315320541700       -152.32726594284154        0.0000000000000000     
   262.91523620804412       -128.80900573849428       -24.942344478780679        227.83884858139101        0.0000000000000000     

 PASSED   1.0000000000000001E-005
 MU_R    =    325.00000000000000     
 ALPHA_S =   0.11799999999999999     
 BORN                    4.9006850010255694E-011
 SINGLE POLE (MadFKS)   -9.8187225725785676E-012
 DOUBLE POLE (MadFKS)   -7.9764752261171878E-012
 SINGLE POLE (MadLoop)  -9.8187225725738743E-012
 DOUBLE POLE (MadLoop)  -7.9764752261172508E-012
 FINITE PART (MadLoop)   1.4405854261133553E-011
   325.00000000000000        0.0000000000000000        0.0000000000000000        325.00000000000000        0.0000000000000000     
   325.00000000000000        0.0000000000000000        0.0000000000000000       -325.00000000000000        0.0000000000000000     
   169.30142054964364        47.348290878049596       -94.921958244675793        131.93852532543681        1.7769999999999999     
   161.51594118429549       -51.013402700074323        86.110616765915410       -126.75502338291173        1.7769999999999999     
   160.25718978502329        151.89288868307145       -45.751997452595816       -22.752405903611969        0.0000000000000000     
   158.92544848104154       -148.22777686104669        54.563338931356121        17.568903961086860        0.0000000000000000     

 PASSED   1.0000000000000001E-005
 MU_R    =    325.00000000000000     
 ALPHA_S =   0.11799999999999999     
 BORN                    2.4458640417809185E-009
 SINGLE POLE (MadFKS)   -1.0822845907379879E-009
 DOUBLE POLE (MadFKS)   -3.9809483636743869E-010
 SINGLE POLE (MadLoop)  -1.0822845907377263E-009
 DOUBLE POLE (MadLoop)  -3.9809483636738668E-010
 FINITE PART (MadLoop)  -1.5256891953800384E-009
   325.00000000000000        0.0000000000000000        0.0000000000000000        325.00000000000000        0.0000000000000000     
   325.00000000000000        0.0000000000000000        0.0000000000000000       -325.00000000000000        0.0000000000000000     
   163.16299090546093        160.05673312447399       -30.596680981557288        8.0429575809679896        1.7769999999999999     
   174.74925685172914        43.362323297211042        88.910288887739640        144.04448788273169        1.7769999999999999     
   237.70769392620196       -217.82691625413784       -52.543364668916297       -79.344673017128045        0.0000000000000000     
   74.380058316611496        14.407859832452827       -5.7702432372660910       -72.742772446571664        0.0000000000000000     

 PASSED   1.0000000000000001E-005
 MU_R    =    325.00000000000000     
 ALPHA_S =   0.11799999999999999     
 BORN                    5.1197661688362574E-008
 SINGLE POLE (MadFKS)   -1.1456309265113298E-008
 DOUBLE POLE (MadFKS)   -8.3330571135849767E-009
 SINGLE POLE (MadLoop)  -1.1456309265112997E-008
 DOUBLE POLE (MadLoop)  -8.3330571135848907E-009
 FINITE PART (MadLoop)   1.8850762002702688E-008
   325.00000000000000        0.0000000000000000        0.0000000000000000        325.00000000000000        0.0000000000000000     
   325.00000000000000        0.0000000000000000        0.0000000000000000       -325.00000000000000        0.0000000000000000     
   150.17107882108593       -64.584339147191216        104.00205659613168       -86.951886385428224        1.7769999999999999     
   51.688448661826456        1.3951700494220223       -30.449552187511717       -41.706309692652809        1.7769999999999999     
   164.93005177497716        90.929393285022570        25.473005357945574       -135.22164550599291        0.0000000000000000     
   283.21042074211039       -27.740224187253389       -99.025509766565548        263.87984158407397        0.0000000000000000     

 PASSED   1.0000000000000001E-005
 MU_R    =    325.00000000000000     
 ALPHA_S =   0.11799999999999999     
 BORN                    3.7606836142779952E-011
 SINGLE POLE (MadFKS)   -1.0184222825040780E-011
 DOUBLE POLE (MadFKS)   -6.1209809804702373E-012
 SINGLE POLE (MadLoop)  -1.0184222825040481E-011
 DOUBLE POLE (MadLoop)  -6.1209809804702518E-012
 FINITE PART (MadLoop)   6.9014125934415617E-012
   325.00000000000000        0.0000000000000000        0.0000000000000000        325.00000000000000        0.0000000000000000     
   325.00000000000000        0.0000000000000000        0.0000000000000000       -325.00000000000000        0.0000000000000000     
   245.01682998440165        19.688887172341776        214.97973972339082       -115.87125820056974        1.7769999999999999     
   141.88794092004724        111.46601161041880       -87.186103618624685        10.146016016113585        1.7769999999999999     
   97.779401605913634       -93.511564695895089        12.008104240106013        25.926898755823451        0.0000000000000000     
   165.31582748964004       -37.643334086865494       -139.80174034487212        79.798343428632691        0.0000000000000000     

 PASSED   1.0000000000000001E-005
 MU_R    =    325.00000000000000     
 ALPHA_S =   0.11799999999999999     
 BORN                    7.5253085331439280E-011
 SINGLE POLE (MadFKS)   -2.3788961394249541E-011
 DOUBLE POLE (MadFKS)   -1.2248376925052161E-011
 SINGLE POLE (MadLoop)  -2.3788961394248346E-011
 DOUBLE POLE (MadLoop)  -1.2248376925052236E-011
 FINITE PART (MadLoop)   1.1185624862963424E-011
   325.00000000000000        0.0000000000000000        0.0000000000000000        325.00000000000000        0.0000000000000000     
   325.00000000000000        0.0000000000000000        0.0000000000000000       -325.00000000000000        0.0000000000000000     
   291.17455050122294       -260.47784222902186       -18.983759599314695       -128.72595585109269        1.7769999999999999     
   112.41103449993186        90.422802966869611       -53.509011940332826        39.919735634506203        1.7769999999999999     
   146.16178851071044        142.48478347700853       -5.4613772795671425        32.117413600255169        0.0000000000000000     
   100.25262648813914        27.570255785143672        77.954148819214652        56.688806616331391        0.0000000000000000     

 PASSED   1.0000000000000001E-005
 MU_R    =    325.00000000000000     
 ALPHA_S =   0.11799999999999999     
 BORN                    1.3566564766111941E-010
 SINGLE POLE (MadFKS)   -2.6493412283837375E-011
 DOUBLE POLE (MadFKS)   -2.2081273890845943E-011
 SINGLE POLE (MadLoop)  -2.6493412283837420E-011
 DOUBLE POLE (MadLoop)  -2.2081273890845998E-011
 FINITE PART (MadLoop)   3.6537489782157542E-011
   325.00000000000000        0.0000000000000000        0.0000000000000000        325.00000000000000        0.0000000000000000     
   325.00000000000000        0.0000000000000000        0.0000000000000000       -325.00000000000000        0.0000000000000000     
   104.17108304619481        34.951428361141751       -77.375926196662348       -60.330925028063817        1.7769999999999999     
   178.41216474711391      -0.17473664340759584       -44.792395224003435        172.68860297643684        1.7769999999999999     
   247.14374091705815        59.787113005715398        183.31316026954883       -154.60211856540155        0.0000000000000000     
   120.27301128963319       -94.563804723449550       -61.144838848883033        42.244440617028545        0.0000000000000000     

 PASSED   1.0000000000000001E-005
 MU_R    =    325.00000000000000     
 ALPHA_S =   0.11799999999999999     
 BORN                    1.4560369986034775E-009
 SINGLE POLE (MadFKS)   -4.8123204883409020E-010
 DOUBLE POLE (MadFKS)   -2.3698815666055229E-010
 SINGLE POLE (MadLoop)  -4.8123204883408317E-010
 DOUBLE POLE (MadLoop)  -2.3698815666054505E-010
 FINITE PART (MadLoop)   2.7317163982024348E-010
   325.00000000000000        0.0000000000000000        0.0000000000000000        325.00000000000000        0.0000000000000000     
   325.00000000000000        0.0000000000000000        0.0000000000000000       -325.00000000000000        0.0000000000000000     
   116.05044626518692        33.440024495336061        96.278559682590526       -55.468478044257104        1.7769999999999999     
   200.95487973786942       -184.45524812815862       -74.183273091281535       -29.202900419399072        1.7769999999999999     
   172.95972832585718        156.97516157556745        25.360684600357057       -68.049261182470090        0.0000000000000000     
   160.03494567108646       -5.9599379427450394       -47.455971191665789        152.72063964612650        0.0000000000000000     

 PASSED   1.0000000000000001E-005
 MU_R    =    325.00000000000000     
 ALPHA_S =   0.11799999999999999     
 BORN                    1.5752859285217328E-009
 SINGLE POLE (MadFKS)   -5.8199069287791050E-010
 DOUBLE POLE (MadFKS)   -2.5639740526630623E-010
 SINGLE POLE (MadLoop)  -5.8199069287780121E-010
 DOUBLE POLE (MadLoop)  -2.5639740526626611E-010
 FINITE PART (MadLoop)  -5.5430132966083917E-010
   325.00000000000000        0.0000000000000000        0.0000000000000000        325.00000000000000        0.0000000000000000     
   325.00000000000000        0.0000000000000000        0.0000000000000000       -325.00000000000000        0.0000000000000000     
   113.37648834029972        57.123835487302415        67.133459237779860        71.281389221640978        1.7769999999999999     
   236.71475607965436        234.18152992825603       -24.939673095808693       -23.827332271695663        1.7769999999999999     
   92.673470375341864       -86.225507948667925       -24.689979302993780       -23.322495844598770        0.0000000000000000     
   207.23528520470981       -205.07985746689053       -17.503806838977450       -24.131561105346549        0.0000000000000000     

 PASSED   1.0000000000000001E-005
 MU_R    =    325.00000000000000     
 ALPHA_S =   0.11799999999999999     
 BORN                    3.0443809037263623E-011
 SINGLE POLE (MadFKS)   -8.0074548082657922E-012
 DOUBLE POLE (MadFKS)   -4.9551091025756148E-012
 SINGLE POLE (MadLoop)  -8.0074548082663076E-012
 DOUBLE POLE (MadLoop)  -4.9551091025756197E-012
 FINITE PART (MadLoop)   5.1241929147594364E-012
   325.00000000000000        0.0000000000000000        0.0000000000000000        325.00000000000000        0.0000000000000000     
   325.00000000000000        0.0000000000000000        0.0000000000000000       -325.00000000000000        0.0000000000000000     
Thanks for using LHAPDF 6.2.1. Please make sure to cite the paper:
  Eur.Phys.J. C75 (2015) 3, 132  (http://arxiv.org/abs/1412.7420)
   229.38796432762189       -220.28661890251507        61.515086856507637       -17.475127207112315        1.7769999999999999     
   219.99016712272433        194.17775634988666       -64.889750908752021        80.478786444679727        1.7769999999999999     
   107.82461889848668        1.2289852843495077        92.456133700291886       -55.466218340251807        0.0000000000000000     
   92.797249651167775        24.879877268278904       -89.081469648047516       -7.5374408973156033        0.0000000000000000     

 PASSED   1.0000000000000001E-005
 MU_R    =    325.00000000000000     
 ALPHA_S =   0.11799999999999999     
 BORN                    3.5670161474396012E-010
 SINGLE POLE (MadFKS)   -6.9097600413460216E-011
 DOUBLE POLE (MadFKS)   -5.8057630566457018E-011
 SINGLE POLE (MadLoop)  -6.9097600413462206E-011
 DOUBLE POLE (MadLoop)  -5.8057630566457257E-011
 FINITE PART (MadLoop)   7.3888849331343845E-011
   325.00000000000000        0.0000000000000000        0.0000000000000000        325.00000000000000        0.0000000000000000     
   325.00000000000000        0.0000000000000000        0.0000000000000000       -325.00000000000000        0.0000000000000000     
   132.73223562036523       -66.134544683603579       -114.41630174911560        12.240119988297435        1.7769999999999999     
   161.21435542031796        35.356325598976142       -136.33672479222292       -78.416442010954967        1.7769999999999999     
   132.71548773267196        120.16401664682543        56.289344982176857        2.3493464835818809        0.0000000000000000     
   223.33792122664491       -89.385797562198078        194.46368155916159        63.826975539075612        0.0000000000000000     

 PASSED   1.0000000000000001E-005
 MU_R    =    325.00000000000000     
 ALPHA_S =   0.11799999999999999     
 BORN                    1.6733900265960774E-007
 SINGLE POLE (MadFKS)   -2.3317167240514099E-008
 DOUBLE POLE (MadFKS)   -2.7236506912772196E-008
 SINGLE POLE (MadLoop)  -2.3317167240508735E-008
 DOUBLE POLE (MadLoop)  -2.7236506912774267E-008
 FINITE PART (MadLoop)   2.9231085620086374E-008
   325.00000000000000        0.0000000000000000        0.0000000000000000        325.00000000000000        0.0000000000000000     
   325.00000000000000        0.0000000000000000        0.0000000000000000       -325.00000000000000        0.0000000000000000     
   177.91881838288742       -66.654457881553270       -155.43932445101245       -55.206411443708063        1.7769999999999999     
   33.133578037155878       -1.9777708323587835        4.5558849049669057       -32.710985919285015        1.7769999999999999     
   138.21304040302684       -98.075666954354205       -19.533777974183071       -95.406706299728427        0.0000000000000000     
   300.73456317692984        166.70789566826616        170.41721752022877        183.32410366272160        0.0000000000000000     

 PASSED   1.0000000000000001E-005
 MU_R    =    325.00000000000000     
 ALPHA_S =   0.11799999999999999     
 BORN                    6.2113851587190054E-011
 SINGLE POLE (MadFKS)   -2.0575272828042056E-011
 DOUBLE POLE (MadFKS)   -1.0109802982241426E-011
 SINGLE POLE (MadLoop)  -2.0575272828045668E-011
 DOUBLE POLE (MadLoop)  -1.0109802982241346E-011
 FINITE PART (MadLoop)   5.4051440781110550E-012
   325.00000000000000        0.0000000000000000        0.0000000000000000        325.00000000000000        0.0000000000000000     
   325.00000000000000        0.0000000000000000        0.0000000000000000       -325.00000000000000        0.0000000000000000     
   213.63649715788910       -17.273456341135365       -110.29839774448038       -182.13535173031090        1.7769999999999999     
   118.06422656784315        70.315968470896109       -15.522475861072841        93.545289497683143        1.7769999999999999     
   239.15030307261523       -101.03484136005413        175.35170919747489        127.42294288155719        0.0000000000000000     
   79.148973201658464        47.992329230293393       -49.530835591921672       -38.832880648929446        0.0000000000000000     

 PASSED   1.0000000000000001E-005
 MU_R    =    325.00000000000000     
 ALPHA_S =   0.11799999999999999     
 BORN                    1.9403351093185794E-011
 SINGLE POLE (MadFKS)   -4.1430154981523981E-012
 DOUBLE POLE (MadFKS)   -3.1581370617793524E-012
 SINGLE POLE (MadLoop)  -4.1430154981520725E-012
 DOUBLE POLE (MadLoop)  -3.1581370617793282E-012
 FINITE PART (MadLoop)   4.6602528700489037E-012
   325.00000000000000        0.0000000000000000        0.0000000000000000        325.00000000000000        0.0000000000000000     
   325.00000000000000        0.0000000000000000        0.0000000000000000       -325.00000000000000        0.0000000000000000     
   231.56078069480878       -108.07601515888328       -187.50288958303557       -82.337590275512227        1.7769999999999999     
   123.09276995112624       -57.812936184485309        16.797214034746897        107.35078153250873        1.7769999999999999     
   71.936590879587982        66.454601494308207       -27.123005132833221        4.7960025202466596        0.0000000000000000     
   223.40985847448152        99.434349849060439        197.82868068112188       -29.809193777243166        0.0000000000000000     

 PASSED   1.0000000000000001E-005
 MU_R    =    325.00000000000000     
 ALPHA_S =   0.11799999999999999     
 BORN                    4.2601530971069919E-011
 SINGLE POLE (MadFKS)   -8.6125620091037210E-012
 DOUBLE POLE (MadFKS)   -6.9339297733743558E-012
 SINGLE POLE (MadLoop)  -8.6125620091038615E-012
 DOUBLE POLE (MadLoop)  -6.9339297733743591E-012
 FINITE PART (MadLoop)   1.1707228706054622E-011
   325.00000000000000        0.0000000000000000        0.0000000000000000        325.00000000000000        0.0000000000000000     
   325.00000000000000        0.0000000000000000        0.0000000000000000       -325.00000000000000        0.0000000000000000     
   198.16853246177917        134.52823020190499       -145.39473077967560        5.4897239734013503        1.7769999999999999     
   124.76177201596151       -116.27526319238098        34.823620830022783        28.804871626030444        1.7769999999999999     
   185.75574402268381       -147.76112507460050        78.390509980383541       -80.788453996375466        0.0000000000000000     
   141.31395149958132        129.50815806507649        32.180599969269302        46.493858396943679        0.0000000000000000     

 PASSED   1.0000000000000001E-005
 MU_R    =    325.00000000000000     
 ALPHA_S =   0.11799999999999999     
 BORN                    1.1234305642178554E-010
 SINGLE POLE (MadFKS)   -1.8928408473397162E-011
 DOUBLE POLE (MadFKS)   -1.8285231680614650E-011
 SINGLE POLE (MadLoop)  -1.8928408473396820E-011
 DOUBLE POLE (MadLoop)  -1.8285231680614427E-011
 FINITE PART (MadLoop)   4.7461481779445860E-011
   325.00000000000000        0.0000000000000000        0.0000000000000000        325.00000000000000        0.0000000000000000     
   325.00000000000000        0.0000000000000000        0.0000000000000000       -325.00000000000000        0.0000000000000000     
   219.54468714156604       -15.939991367783588       -178.63548876626567       -126.61749780942799        1.7769999999999999     
   48.911957749852220        35.163075762062924       -4.7025311299234476        33.625380084793875        1.7769999999999999     
   107.42255297563050       -53.053030132634731       -16.089767150920991       -92.011413827725931        0.0000000000000000     
   274.12080213295127        33.829945738355413        199.42778704711006        185.00353155236007        0.0000000000000000     

 NUMBER OF POINTS PASSING THE CHECK          20
 NUMBER OF POINTS FAILING THE CHECK           0
 TOLERANCE    1.0000000000000001E-005
