==== LHAPDF6 USING DEFAULT-TYPE LHAGLUE INTERFACE ====
LHAPDF 6.2.1 loading /cvmfs/cms.cern.ch/slc6_amd64_gcc481/external/lhapdf/6.2.1/share/LHAPDF/NNPDF31_nnlo_hessian_pdfas/NNPDF31_nnlo_hessian_pdfas_0000.dat
NNPDF31_nnlo_hessian_pdfas PDF set, member #0, version 1; LHAPDF ID = 306000
 A PDF is used, so alpha_s(MZ) is going to be modified
 Old value of alpha_s from param_card:   0.11799999999999999     
 New value of alpha_s from PDF lhapdf :  0.11800208008122040     
 using LHAPDF
 *****************************************************
 *               MadGraph/MadEvent                   *
 *        --------------------------------           *
 *          http://madgraph.hep.uiuc.edu             *
 *          http://madgraph.phys.ucl.ac.be           *
 *          http://madgraph.roma2.infn.it            *
 *        --------------------------------           *
 *                                                   *
 *          PARAMETER AND COUPLING VALUES            *
 *                                                   *
 *****************************************************

  External Params
  ---------------------------------
  
 MU_R =    91.188000000000002     
 aEWM1 =    132.50700000000001     
 mdl_Gf =    1.1663900000000000E-005
 aS =   0.11799999999999999     
 mdl_lamWS =   0.22530000000000000     
 mdl_AWS =   0.80800000000000005     
 mdl_rhoWS =   0.13200000000000001     
 mdl_etaWS =   0.34100000000000003     
 mdl_ymt =    173.00000000000000     
 mdl_ymtau =    1.7769999999999999     
 mdl_MT =    173.00000000000000     
 mdl_MZ =    91.188000000000002     
 mdl_MH =    125.00000000000000     
 mdl_MTA =    1.7769999999999999     
 mdl_WT =    1.4915000000000000     
 mdl_WZ =    2.4414039999999999     
 mdl_WW =    2.0476000000000001     
 mdl_WH =    6.3823389999999999E-003
  Internal Params
  ---------------------------------
  
 mdl_CKM33 =    1.0000000000000000     
 mdl_conjg__CKM3x3 =    1.0000000000000000     
 mdl_I4x33 =    0.0000000000000000     
 mdl_I1x33 =    0.0000000000000000     
 mdl_lhv =    1.0000000000000000     
 mdl_CKM3x3 =    1.0000000000000000     
 mdl_conjg__CKM33 =    1.0000000000000000     
 mdl_Ncol =    3.0000000000000000     
 mdl_CA =    3.0000000000000000     
 mdl_TF =   0.50000000000000000     
 mdl_CF =    1.3333333333333333     
 mdl_lamWS__exp__2 =    5.0760090000000001E-002
 mdl_CKM11 =  ( 0.97461995499999998     ,  0.0000000000000000     )
 mdl_CKM12 =  ( 0.22530000000000000     ,  0.0000000000000000     )
 mdl_complexi =  (  0.0000000000000000     ,  1.0000000000000000     )
 mdl_lamWS__exp__3 =    1.1436248277000001E-002
 mdl_CKM13 =  (  1.2197444962317122E-003, -3.1510066152652563E-003)
 mdl_CKM21 =  (-0.22530000000000000     ,  0.0000000000000000     )
 mdl_CKM22 =  ( 0.97461995499999998     ,  0.0000000000000000     )
 mdl_CKM23 =  (  4.1014152720000002E-002,  0.0000000000000000     )
 mdl_CKM31 =  (  8.0207441115842885E-003, -3.1510066152652563E-003)
 mdl_CKM32 =  ( -4.1014152720000002E-002,  0.0000000000000000     )
 mdl_MZ__exp__2 =    8315.2513440000002     
 mdl_MZ__exp__4 =    69143404.913893804     
 mdl_sqrt__2 =    1.4142135623730951     
 mdl_MH__exp__2 =    15625.000000000000     
 mdl_CKM1x1 =  ( 0.97461995499999998     ,  0.0000000000000000     )
 mdl_CKM1x2 =  ( 0.22530000000000000     ,  0.0000000000000000     )
 mdl_CKM1x3 =  (  1.2197444962317122E-003, -3.1510066152652563E-003)
 mdl_CKM2x1 =  (-0.22530000000000000     ,  0.0000000000000000     )
 mdl_CKM2x2 =  ( 0.97461995499999998     ,  0.0000000000000000     )
 mdl_CKM2x3 =  (  4.1014152720000002E-002,  0.0000000000000000     )
 mdl_CKM3x1 =  (  8.0207441115842885E-003, -3.1510066152652563E-003)
 mdl_CKM3x2 =  ( -4.1014152720000002E-002,  0.0000000000000000     )
 mdl_conjg__CKM1x3 =  (  1.2197444962317122E-003,  3.1510066152652563E-003)
 mdl_conjg__CKM2x3 =  (  4.1014152720000002E-002, -0.0000000000000000     )
 mdl_conjg__CKM2x1 =  (-0.22530000000000000     , -0.0000000000000000     )
 mdl_conjg__CKM3x1 =  (  8.0207441115842885E-003,  3.1510066152652563E-003)
 mdl_conjg__CKM2x2 =  ( 0.97461995499999998     , -0.0000000000000000     )
 mdl_conjg__CKM3x2 =  ( -4.1014152720000002E-002, -0.0000000000000000     )
 mdl_Ncol__exp__2 =    9.0000000000000000     
 mdl_MT__exp__2 =    29929.000000000000     
 mdl_conjg__CKM11 =  ( 0.97461995499999998     , -0.0000000000000000     )
 mdl_conjg__CKM12 =  ( 0.22530000000000000     , -0.0000000000000000     )
 mdl_conjg__CKM13 =  (  1.2197444962317122E-003,  3.1510066152652563E-003)
 mdl_conjg__CKM21 =  (-0.22530000000000000     , -0.0000000000000000     )
 mdl_conjg__CKM22 =  ( 0.97461995499999998     , -0.0000000000000000     )
 mdl_conjg__CKM23 =  (  4.1014152720000002E-002, -0.0000000000000000     )
 mdl_conjg__CKM31 =  (  8.0207441115842885E-003,  3.1510066152652563E-003)
 mdl_conjg__CKM32 =  ( -4.1014152720000002E-002, -0.0000000000000000     )
 mdl_aEW =    7.5467711139788835E-003
 mdl_MW =    80.419002445756163     
 mdl_sqrt__aEW =    8.6872153846781555E-002
 mdl_ee =   0.30795376724436879     
 mdl_MW__exp__2 =    6467.2159543705357     
 mdl_sw2 =   0.22224648578577766     
 mdl_cw =   0.88190334743339216     
 mdl_sqrt__sw2 =   0.47143025548407230     
 mdl_sw =   0.47143025548407230     
 mdl_g1 =   0.34919219678733299     
 mdl_gw =   0.65323293034757990     
 mdl_v =    246.21845810181637     
 mdl_v__exp__2 =    60623.529110035903     
 mdl_lam =   0.12886910601690263     
 mdl_yt =   0.99366614581500623     
 mdl_ytau =    1.0206617000654717E-002
 mdl_muH =    88.388347648318430     
 mdl_AxialZUp =  -0.18517701861793787     
 mdl_AxialZDown =   0.18517701861793787     
 mdl_VectorZUp =    7.5430507588273299E-002
 mdl_VectorZDown =  -0.13030376310310560     
 mdl_VectorAUp =   0.20530251149624587     
 mdl_VectorADown =  -0.10265125574812294     
 mdl_VectorWmDxU =   0.23095271737156670     
 mdl_AxialWmDxU =  -0.23095271737156670     
 mdl_VectorWpUxD =   0.23095271737156670     
 mdl_AxialWpUxD =  -0.23095271737156670     
 mdl_I2x13 =  (  7.9699418879263656E-003,  3.1310485988282153E-003)
 mdl_I2x23 =  ( -4.0754375057150453E-002, -0.0000000000000000     )
 mdl_I2x33 =  ( 0.99366614581500623     ,  0.0000000000000000     )
 mdl_I3x31 =  (  7.9699418879263656E-003, -3.1310485988282153E-003)
 mdl_I3x32 =  ( -4.0754375057150453E-002,  0.0000000000000000     )
 mdl_I3x33 =  ( 0.99366614581500623     ,  0.0000000000000000     )
 mdl_Vector_tdGp =  ( -7.9699418879263656E-003, -3.1310485988282153E-003)
 mdl_Vector_tsGp =  (  4.0754375057150453E-002,  0.0000000000000000     )
 mdl_Vector_tbGp =  (-0.99366614581500623     ,  0.0000000000000000     )
 mdl_Axial_tdGp =  ( -7.9699418879263656E-003, -3.1310485988282153E-003)
 mdl_Axial_tsGp =  (  4.0754375057150453E-002,  0.0000000000000000     )
 mdl_Axial_tbGp =  (-0.99366614581500623     , -0.0000000000000000     )
 mdl_Vector_tdGm =  (  7.9699418879263656E-003, -3.1310485988282153E-003)
 mdl_Vector_tsGm =  ( -4.0754375057150453E-002,  0.0000000000000000     )
 mdl_Vector_tbGm =  ( 0.99366614581500623     ,  0.0000000000000000     )
 mdl_Axial_tdGm =  ( -7.9699418879263656E-003,  3.1310485988282153E-003)
 mdl_Axial_tsGm =  (  4.0754375057150453E-002, -0.0000000000000000     )
 mdl_Axial_tbGm =  (-0.99366614581500623     ,  0.0000000000000000     )
 mdl_gw__exp__2 =   0.42671326129048615     
 mdl_cw__exp__2 =   0.77775351421422245     
 mdl_ee__exp__2 =    9.4835522759998875E-002
 mdl_sw__exp__2 =   0.22224648578577769     
 mdl_yt__exp__2 =   0.98737240933884918     
  Internal Params evaluated point by point
  ----------------------------------------
  
 mdl_sqrt__aS =   0.34351128074635334     
 mdl_G__exp__4 =    2.1987899468922913     
 mdl_G__exp__2 =    1.4828317324943823     
 mdl_R2MixedFactor_FIN_ =   -2.5040377713124864E-002
 mdl_G_UVg_1EPS_ =   -5.1645779033320030E-002
 mdl_G_UVq_1EPS_ =    3.1300472141406080E-003
 mdl_G_UVb_1EPS_ =    3.1300472141406080E-003
 mdl_GWcft_UV_t_1EPS_ =   -3.1300472141406080E-003
 mdl_tWcft_UV_1EPS_ =   -1.8780283284843650E-002
 mdl_G__exp__3 =    1.8056676068262196     
 mdl_MU_R__exp__2 =    8315.2513440000002     
 mdl_G_UVt_FIN_ =   -4.0087659331150384E-003
 mdl_GWcft_UV_t_FIN_ =    4.0087659331150384E-003
 mdl_tWcft_UV_FIN_ =   -9.8778211443463623E-004
  Couplings of loop_sm-ckm_no_b_mass
  ---------------------------------
  
       UV_3Gt =   0.48815E-02   0.00000E+00
      UV_GQQt =   0.00000E+00  -0.48815E-02
   UVWfct_G_2 =   0.40088E-02   0.00000E+00
       R2_DDA =   0.00000E+00   0.25704E-02
       R2_UUA =  -0.00000E+00  -0.51409E-02
    R2_DDZ_V2 =   0.00000E+00   0.72127E-02
    R2_UUZ_V2 =  -0.00000E+00  -0.72127E-02
    R2_UUZ_V5 =   0.00000E+00   0.68702E-03
      R2_GGHt =   0.00000E+00  -0.45657E+01
     R2_GGZup =  -0.46369E-02   0.00000E+00
   R2_GGZdown =   0.46369E-02   0.00000E+00
 R2_GGGZvecUp =   0.00000E+00   0.28750E-03
 R2_GGGZvecDown  -0.00000E+00  -0.49665E-03
 R2_GGGZaxialUp  -0.00000E+00  -0.63522E-02
 R2_GGGZaxialDow  0.00000E+00   0.63522E-02
 R2_GGGAvecUp =   0.00000E+00   0.78251E-03
 R2_GGGAvecDown  -0.00000E+00  -0.39126E-03
         GC_4 =  -0.12177E+01   0.00000E+00
         GC_5 =   0.00000E+00   0.12177E+01
         GC_6 =   0.00000E+00   0.14828E+01
       R2_3Gq =   0.76230E-02   0.00000E+00
       R2_3Gg =   0.31445E-01   0.00000E+00
       R2_GQQ =  -0.00000E+00  -0.30492E-01
       R2_GGq =   0.00000E+00   0.62601E-02
       R2_GGt =  -0.00000E+00  -0.11242E+04
     R2_GGg_1 =   0.00000E+00   0.28170E-01
     R2_GGg_2 =  -0.00000E+00  -0.18780E-01
       R2_QQq =   0.00000E+00   0.12520E-01
  UV_3Gg_1eps =   0.62890E-01   0.00000E+00
  UV_3Gb_1eps =  -0.38115E-02   0.00000E+00
 UV_GQQg_1eps =   0.00000E+00  -0.62890E-01
 UV_GQQq_1eps =   0.00000E+00   0.38115E-02
 UVWfct_G_2_1eps -0.31300E-02   0.00000E+00
         GC_1 =  -0.00000E+00  -0.10265E+00
         GC_2 =   0.00000E+00   0.20530E+00
        GC_21 =  -0.00000E+00  -0.28804E+00
        GC_22 =   0.00000E+00   0.28804E+00
        GC_23 =  -0.00000E+00  -0.27437E-01
        GC_24 =   0.00000E+00   0.82310E-01
        GC_37 =  -0.00000E+00  -0.70263E+00
        GC_38 =  -0.00000E+00  -0.72172E-02
      GC_1003 =  -0.00000E+00  -0.30795E+00

 Collider parameters:
 --------------------

 Running at P P   machine @    13000.000000000000       GeV
 PDF set = lhapdf 
 alpha_s(Mz)= 0.1180 running at 3 loops.
 alpha_s(Mz)= 0.1180 running at 3 loops.
 Renormalization scale set on event-by-event basis
 Factorization   scale set on event-by-event basis


 ===============================================================
 INFO: MadFKS read these parameters from FKS_params.dat
 ===============================================================
  > IRPoleCheckThreshold      =    1.0000000000000001E-005
  > PrecisionVirtualAtRunTime =    1.0000000000000000E-003
  > NHelForMCoverHels         =            4
  > VirtualFraction           =    1.0000000000000000     
  > MinVirtualFraction        =    5.0000000000000001E-003
 ===============================================================
  Insert the number of points to test
 Insert the relative tolerance
  A negative number will mean use the default one:    1.0000000000000001E-005
Using random seed offsets:     0 ,    110 ,      0
  with seed                   32
 Ranmar initialization seeds       10729        9516
  ========================================================================================== 
 {                                                                                          }
 {       [32m                                                                            [0m       }
 {       [32m                               ,,                                           [0m       }
 {       [32m`7MMM.     ,MMF'             `7MM  `7MMF'                                   [0m       }
 {       [32m  MMMb    dPMM                 MM    MM                                     [0m       }
 {       [32m  M YM   ,M MM   ,6"Yb.   ,M""bMM    MM         ,pW"Wq.   ,pW"Wq.`7MMpdMAo. [0m       }
 {       [32m  M  Mb  M' MM  8)   MM ,AP    MM    MM        6W'   `Wb 6W'   `Wb MM   `Wb [0m       }
 {       [32m  M  YM.P'  MM   ,pm9MM 8MI    MM    MM      , 8M     M8 8M     M8 MM    M8 [0m       }
 {       [32m  M  `YM'   MM  8M   MM `Mb    MM    MM     ,M YA.   ,A9 YA.   ,A9 MM   ,AP [0m       }
 {       [32m.JML. `'  .JMML.`Moo9^Yo.`Wbmd"MML..JMMmmmmMMM  `Ybmd9'   `Ybmd9'  MMbmmd'  [0m       }
 {       [32m                                                                   MM       [0m       }
 {       [32m                                                                 .JMML.     [0m       }
 {       [32m[0mv2.4.2 (2016-06-10), Ref: arXiv:1103.0621v2, arXiv:1405.0301[32m                [0m       }
 {       [32m                                                                            [0m       }
 {                                                                                          }
  ========================================================================================== 
 ===============================================================
 INFO: MadLoop read these parameters from ./MadLoop5_resources/MadLoopParams.dat                                                                                                                                                                                                                                                                                                                                                                                                                                                                                          
 ===============================================================
  > MLReductionLib            = 6|1|2
  > IREGIMODE                 =            2
  > IREGIRECY                 =  T
  > CTModeRun                 =           -1
  > MLStabThres               =    1.0000000000000000E-003
  > NRotations_DP             =            1
  > NRotations_QP             =            0
  > CTStabThres               =    1.0000000000000000E-002
  > CTLoopLibrary             =            2
  > CTModeInit                =            1
  > CheckCycle                =            3
  > MaxAttempts               =           10
  > UseLoopFilter             =  F
  > HelicityFilterLevel       =            2
  > ImprovePSPoint            =            2
  > DoubleCheckHelicityFilter =  T
  > LoopInitStartOver         =  F
  > HelInitStartOver          =  F
  > ZeroThres                 =    1.0000000000000001E-009
  > OSThres                   =    1.0000000000000000E-008
  > WriteOutFilters           =  T
  > UseQPIntegrandForNinja    =  F
  > UseQPIntegrandForCutTools =  T
 ===============================================================
  
------------------------------------------------------------------------
|              You are using CutTools - Version 1.9.3                  |
|              Authors: G. Ossola, C. Papadopoulos, R. Pittau          |
|              Published in JHEP 0803:042,2008                         |
|              http://www.ugr.es/~pittau/CutTools                      |
|                                                                      |
|              Compiler with  34  significant digits detetected        |
 ---------------------------------------------------------------------- 
   
########################################################################
#                                                                      #
#                      You are using OneLOop-3.6                       #
#                                                                      #
# for the evaluation of 1-loop scalar 1-, 2-, 3- and 4-point functions #
#                                                                      #
# author: Andreas van Hameren <hamerenREMOVETHIS@ifj.edu.pl>           #
#   date: 18-02-2015                                                   #
#                                                                      #
# Please cite                                                          #
#    A. van Hameren,                                                   #
#      Comput.Phys.Commun. 182 (2011) 2427-2438, arXiv:1007.4716       #
#    A. van Hameren, C.G. Papadopoulos and R. Pittau,                  #
#      JHEP 0909:106,2009, arXiv:0903.4665                             #
# in publications with results obtained with the help of this program. #
#                                                                      #
########################################################################
 PASSED   1.0000000000000001E-005
 MU_R    =    325.00000000000000     
 ALPHA_S =   0.11799999999999999     
 BORN                    7.5702198524826626E-010
 SINGLE POLE (MadFKS)   -1.5241027909407585E-010
 DOUBLE POLE (MadFKS)   -7.5824465791024912E-011
 SINGLE POLE (MadLoop)  -1.5241027909407091E-010
 DOUBLE POLE (MadLoop)  -7.5824465791024847E-011
 FINITE PART (MadLoop)  -7.1362106178938761E-011
   325.00000000000000        0.0000000000000000        0.0000000000000000        325.00000000000000        0.0000000000000000     
   325.00000000000000        0.0000000000000000        0.0000000000000000       -325.00000000000000        0.0000000000000000     
   86.711712423505574        79.593267292566225       -30.690465341912137        15.554041603638963        0.0000000000000000     
   46.756309317480778        11.417116126037422       -43.486636960857020       -12.834107923464757        0.0000000000000000     
   253.77237171457850        84.512883922884228        158.80737898938244       -178.99219389459969        0.0000000000000000     
   262.75960654443492       -175.52326734148787       -84.630276686613257        176.27226021442547        0.0000000000000000     

 PASSED   1.0000000000000001E-005
 MU_R    =    325.00000000000000     
 ALPHA_S =   0.11799999999999999     
 BORN                    5.9937726765730108E-008
 SINGLE POLE (MadFKS)   -1.0884583728992784E-008
 DOUBLE POLE (MadFKS)   -6.0034532699198233E-009
 SINGLE POLE (MadLoop)  -1.0884583728990049E-008
 DOUBLE POLE (MadLoop)  -6.0034532699182467E-009
 FINITE PART (MadLoop)   2.9337911751351158E-009
   325.00000000000000        0.0000000000000000        0.0000000000000000        325.00000000000000        0.0000000000000000     
   325.00000000000000        0.0000000000000000        0.0000000000000000       -325.00000000000000        0.0000000000000000     
   173.01944648535559       -71.831654572943080        57.114255482071570       -146.67618785658715        0.0000000000000000     
   98.384934418763905        25.292041587806175        28.120507595287997       -90.824803911092999        0.0000000000000000     
   289.85358458969091        30.611001250322769       -13.947517005224507        287.89500494335573        0.0000000000000000     
   88.742034506189739        15.928611734814112       -71.287246072135062       -50.394013175675596        0.0000000000000000     

 PASSED   1.0000000000000001E-005
 MU_R    =    325.00000000000000     
 ALPHA_S =   0.11799999999999999     
 BORN                    1.4092329300267228E-010
 SINGLE POLE (MadFKS)   -3.4811193751846687E-011
 DOUBLE POLE (MadFKS)   -1.4115089941457121E-011
 SINGLE POLE (MadLoop)  -3.4811193751845349E-011
 DOUBLE POLE (MadLoop)  -1.4115089941456791E-011
 FINITE PART (MadLoop)  -5.6562740038682730E-013
   325.00000000000000        0.0000000000000000        0.0000000000000000        325.00000000000000        0.0000000000000000     
   325.00000000000000        0.0000000000000000        0.0000000000000000       -325.00000000000000        0.0000000000000000     
   151.05879847838821        24.888302714837657       -139.73974789829902       -51.692705897725816        0.0000000000000000     
   257.51311588181937        102.32086872859024        197.85418270402764       -129.21751839557658        0.0000000000000000     
   69.386985674478098       -5.9580057852179023       -11.276624129043961        68.204792326535255        0.0000000000000000     
   172.04109996531412       -121.25116565821004       -46.837810676684718        112.70543196676718        0.0000000000000000     

 PASSED   1.0000000000000001E-005
 MU_R    =    325.00000000000000     
 ALPHA_S =   0.11799999999999999     
 BORN                    1.6400023124730881E-011
 SINGLE POLE (MadFKS)   -4.5890581021572939E-012
 DOUBLE POLE (MadFKS)   -1.6426510941889743E-012
 SINGLE POLE (MadLoop)  -4.5890581021572171E-012
 DOUBLE POLE (MadLoop)  -1.6426510941889745E-012
 FINITE PART (MadLoop)  -2.5006176803925606E-012
   325.00000000000000        0.0000000000000000        0.0000000000000000        325.00000000000000        0.0000000000000000     
   325.00000000000000        0.0000000000000000        0.0000000000000000       -325.00000000000000        0.0000000000000000     
   223.08148098981525        215.31345411865891       -53.371476206945729        23.599770413986949        0.0000000000000000     
   178.16063936308583       -71.446299579865965        143.43132031064079       -77.872306043637522        0.0000000000000000     
   133.29091292824404       -118.11048722773153       -40.398312316862857       -46.737101301020068        0.0000000000000000     
   115.46696671885493       -25.756667311061367       -49.661531786832157        101.00963693067068        0.0000000000000000     

 PASSED   1.0000000000000001E-005
 MU_R    =    325.00000000000000     
 ALPHA_S =   0.11799999999999999     
 BORN                    1.7332530111203492E-010
 SINGLE POLE (MadFKS)   -2.3805209858413334E-011
 DOUBLE POLE (MadFKS)   -1.7360524028345823E-011
 SINGLE POLE (MadLoop)  -2.3805209858412910E-011
 DOUBLE POLE (MadLoop)  -1.7360524028346385E-011
 FINITE PART (MadLoop)   2.1574790201797870E-011
   325.00000000000000        0.0000000000000000        0.0000000000000000        325.00000000000000        0.0000000000000000     
   325.00000000000000        0.0000000000000000        0.0000000000000000       -325.00000000000000        0.0000000000000000     
   240.74786201332924       -53.098345501334663       -233.10295669370220       -28.339201641258185        0.0000000000000000     
   88.617569002089112        31.369852324647482       -62.459727554105768       -54.477411234719220        0.0000000000000000     
   141.37347726155468        27.038170389110267        116.53672227383866        75.329873069738696        0.0000000000000000     
   179.26109172302716       -5.3096772124230895        179.02596197396932        7.4867398062387069        0.0000000000000000     

 PASSED   1.0000000000000001E-005
 MU_R    =    325.00000000000000     
 ALPHA_S =   0.11799999999999999     
 BORN                    8.0042480220480266E-010
 SINGLE POLE (MadFKS)   -2.4307747810111358E-010
 DOUBLE POLE (MadFKS)   -8.0171757512646082E-011
 SINGLE POLE (MadLoop)  -2.4307747810112154E-010
 DOUBLE POLE (MadLoop)  -8.0171757512647090E-011
 FINITE PART (MadLoop)  -1.5351098002640210E-010
   325.00000000000000        0.0000000000000000        0.0000000000000000        325.00000000000000        0.0000000000000000     
   325.00000000000000        0.0000000000000000        0.0000000000000000       -325.00000000000000        0.0000000000000000     
   9.2948436350906913       0.45007509293720932        5.6630232941561376       -7.3567464127390165        0.0000000000000000     
   204.07530716998528       -161.72608122441446        35.419564687233709       -119.31831412522054        0.0000000000000000     
   139.41091816764595        33.478325079566147        50.556889220405374       -125.53328963493551        0.0000000000000000     
   297.21893102727842        127.79768105191098       -91.639477201795202        252.20835017289514        0.0000000000000000     

 PASSED   1.0000000000000001E-005
 MU_R    =    325.00000000000000     
 ALPHA_S =   0.11799999999999999     
 BORN                    2.5218240084389913E-011
 SINGLE POLE (MadFKS)   -3.5439490394356829E-012
 DOUBLE POLE (MadFKS)   -2.5258970278935572E-012
 SINGLE POLE (MadLoop)  -3.5439490394357370E-012
 DOUBLE POLE (MadLoop)  -2.5258970278935576E-012
 FINITE PART (MadLoop)   2.3550445983336520E-013
   325.00000000000000        0.0000000000000000        0.0000000000000000        325.00000000000000        0.0000000000000000     
   325.00000000000000        0.0000000000000000        0.0000000000000000       -325.00000000000000        0.0000000000000000     
   145.31836143437542        129.39385149509755        25.513197902879270       -61.022406524201699        0.0000000000000000     
   116.64648037183171       -80.440272586132195       -16.879779331407700       -82.769783007616070        0.0000000000000000     
   202.99282399832515       -45.798284683555565        170.97300711221834        99.382264785344560        0.0000000000000000     
   185.04233419546770       -3.1552942254097234       -179.60642568368996        44.409924746473173        0.0000000000000000     

 PASSED   1.0000000000000001E-005
 MU_R    =    325.00000000000000     
 ALPHA_S =   0.11799999999999999     
 BORN                    1.0036299226007199E-011
 SINGLE POLE (MadFKS)   -1.4400987709289912E-012
 DOUBLE POLE (MadFKS)   -1.0052508938446521E-012
 SINGLE POLE (MadLoop)  -1.4400987709290104E-012
 DOUBLE POLE (MadLoop)  -1.0052508938446559E-012
 FINITE PART (MadLoop)  -5.3973225926910448E-013
   325.00000000000000        0.0000000000000000        0.0000000000000000        325.00000000000000        0.0000000000000000     
   325.00000000000000        0.0000000000000000        0.0000000000000000       -325.00000000000000        0.0000000000000000     
   81.915421191031143       -28.775478659559777        41.632704805267167       -64.411380573736622        0.0000000000000000     
   159.89378003385471       -98.425121493604664        83.671840246921263        94.220695721150022        0.0000000000000000     
   231.95263462837542       -15.626767713079957       -228.17208740481388       -38.669463032424005        0.0000000000000000     
   176.23816414673928        142.82736786624434        102.86754235262545        8.8601478850104876        0.0000000000000000     

 PASSED   1.0000000000000001E-005
 MU_R    =    325.00000000000000     
 ALPHA_S =   0.11799999999999999     
 BORN                    3.7778873161830817E-011
 SINGLE POLE (MadFKS)   -7.3401729046087017E-012
 DOUBLE POLE (MadFKS)   -3.7839890141939178E-012
 SINGLE POLE (MadLoop)  -7.3401729046084949E-012
 DOUBLE POLE (MadLoop)  -3.7839890141939227E-012
 FINITE PART (MadLoop)   4.7455595054842466E-012
   325.00000000000000        0.0000000000000000        0.0000000000000000        325.00000000000000        0.0000000000000000     
   325.00000000000000        0.0000000000000000        0.0000000000000000       -325.00000000000000        0.0000000000000000     
   172.09150954102844       -81.255891565610085        108.02645901016716        106.50470363186959        0.0000000000000000     
   196.06967730867788        183.12090094986576        13.467210620512507        68.765458140997481        0.0000000000000000     
   184.47360973161943       -137.58290607001513       -66.170448296200647       -103.55157370616374        0.0000000000000000     
   97.365203418674298        35.717896685759470       -55.323221334479008       -71.718588066703333        0.0000000000000000     

 PASSED   1.0000000000000001E-005
 MU_R    =    325.00000000000000     
 ALPHA_S =   0.11799999999999999     
 BORN                    1.0618734076260548E-009
 SINGLE POLE (MadFKS)   -3.0867333924430182E-010
 DOUBLE POLE (MadFKS)   -1.0635884484191768E-010
 SINGLE POLE (MadLoop)  -3.0867333924430565E-010
 DOUBLE POLE (MadLoop)  -1.0635884484191842E-010
 FINITE PART (MadLoop)  -6.6036184476325215E-011
   325.00000000000000        0.0000000000000000        0.0000000000000000        325.00000000000000        0.0000000000000000     
   325.00000000000000        0.0000000000000000        0.0000000000000000       -325.00000000000000        0.0000000000000000     
   199.57245699171054       -111.78437088544861       -61.639543000451624        153.40790968573978        0.0000000000000000     
   80.091466237552112       -39.616608215927862        24.674677253242237        65.087077211954707        0.0000000000000000     
   180.07208951853323       -33.275976041999108        20.539332309760496       -175.77486359059463        0.0000000000000000     
   190.26398725220423        184.67695514337555        16.425533437448898       -42.720123307099854        0.0000000000000000     

 PASSED   1.0000000000000001E-005
 MU_R    =    325.00000000000000     
 ALPHA_S =   0.11799999999999999     
 BORN                    2.5340298238480474E-012
 SINGLE POLE (MadFKS)   -4.7283392697041102E-013
 DOUBLE POLE (MadFKS)   -2.5381225570191352E-013
 SINGLE POLE (MadLoop)  -4.7283392697042809E-013
 DOUBLE POLE (MadLoop)  -2.5381225570191125E-013
 FINITE PART (MadLoop)   3.4291194209526882E-013
   325.00000000000000        0.0000000000000000        0.0000000000000000        325.00000000000000        0.0000000000000000     
   325.00000000000000        0.0000000000000000        0.0000000000000000       -325.00000000000000        0.0000000000000000     
   218.11311203021603       -89.516106249300847       -78.658143087638493       -182.68303940835358        0.0000000000000000     
   225.29649993461857        14.970707912288097       -10.010201397736136        224.57557003238648        0.0000000000000000     
   83.929513953973100        69.545364099122907        4.0920570342601579        46.806631091106674        0.0000000000000000     
   122.66087408119226        5.0000342378898859        84.576287451114567       -88.699161715139539        0.0000000000000000     

 PASSED   1.0000000000000001E-005
 MU_R    =    325.00000000000000     
 ALPHA_S =   0.11799999999999999     
 BORN                    1.7855483463503618E-010
 SINGLE POLE (MadFKS)   -3.3408714711347208E-011
 DOUBLE POLE (MadFKS)   -1.7884322007063422E-011
 SINGLE POLE (MadLoop)  -3.3408714711340790E-011
 DOUBLE POLE (MadLoop)  -1.7884322007063762E-011
 FINITE PART (MadLoop)   3.2933467313618771E-011
   325.00000000000000        0.0000000000000000        0.0000000000000000        325.00000000000000        0.0000000000000000     
   325.00000000000000        0.0000000000000000        0.0000000000000000       -325.00000000000000        0.0000000000000000     
   237.66269899733641       -211.40074396900488       -16.272012581760603        107.37087850338567        0.0000000000000000     
   209.17423052173419        134.20160188928585       -154.36623036798642       -43.759064051770210        0.0000000000000000     
   92.161965141989754        54.871426698814282        71.689521584046929       -18.535556261424986        0.0000000000000000     
   111.00110533893960        22.327715380904746        98.948721365700109       -45.076258190190487        0.0000000000000000     

 PASSED   1.0000000000000001E-005
 MU_R    =    325.00000000000000     
 ALPHA_S =   0.11799999999999999     
 BORN                    2.4138044325203059E-010
 SINGLE POLE (MadFKS)   -4.3814306647945857E-011
 DOUBLE POLE (MadFKS)   -2.4177029886369394E-011
 SINGLE POLE (MadLoop)  -4.3814306647946257E-011
 DOUBLE POLE (MadLoop)  -2.4177029886369255E-011
 FINITE PART (MadLoop)   3.5076340884374267E-012
   325.00000000000000        0.0000000000000000        0.0000000000000000        325.00000000000000        0.0000000000000000     
   325.00000000000000        0.0000000000000000        0.0000000000000000       -325.00000000000000        0.0000000000000000     
   51.646555519612761       -17.825701884829265       -46.155824519146748       -14.807123701494845        0.0000000000000000     
   222.47417832548507       -147.27959069770819        42.130975409855495       -161.33339113937154        0.0000000000000000     
   141.14935849920468        44.261892676937698        132.35315261555857        21.134551192654179        0.0000000000000000     
   234.72990765569747        120.84339990559980       -128.32830350626730        155.00596364821220        0.0000000000000000     

 PASSED   1.0000000000000001E-005
 MU_R    =    325.00000000000000     
 ALPHA_S =   0.11799999999999999     
 BORN                    6.4813849006190593E-011
 SINGLE POLE (MadFKS)   -9.7115025781698808E-012
 DOUBLE POLE (MadFKS)   -6.4918530406258200E-012
 SINGLE POLE (MadLoop)  -9.7115025781682312E-012
 DOUBLE POLE (MadLoop)  -6.4918530406258079E-012
 FINITE PART (MadLoop)  -4.7918758850817759E-012
   325.00000000000000        0.0000000000000000        0.0000000000000000        325.00000000000000        0.0000000000000000     
   325.00000000000000        0.0000000000000000        0.0000000000000000       -325.00000000000000        0.0000000000000000     
Thanks for using LHAPDF 6.2.1. Please make sure to cite the paper:
  Eur.Phys.J. C75 (2015) 3, 132  (http://arxiv.org/abs/1412.7420)
   244.43084160218100        67.003937843209343       -191.31186651246165       -136.58945190376849        0.0000000000000000     
   62.524872294038978        59.656989853131947       -17.977821253103354        5.2154731367977654        0.0000000000000000     
   235.17901405893829       -19.720907395902561        201.53340462530349        119.60159399167816        0.0000000000000000     
   107.86527204484167       -106.94002030043875        7.7562831402615435        11.772384775292579        0.0000000000000000     

 PASSED   1.0000000000000001E-005
 MU_R    =    325.00000000000000     
 ALPHA_S =   0.11799999999999999     
 BORN                    1.4782844880365505E-011
 SINGLE POLE (MadFKS)   -3.4487281464055130E-012
 DOUBLE POLE (MadFKS)   -1.4806720779155457E-012
 SINGLE POLE (MadLoop)  -3.4487281464054666E-012
 DOUBLE POLE (MadLoop)  -1.4806720779155511E-012
 FINITE PART (MadLoop)  -7.1357798460073834E-013
   325.00000000000000        0.0000000000000000        0.0000000000000000        325.00000000000000        0.0000000000000000     
   325.00000000000000        0.0000000000000000        0.0000000000000000       -325.00000000000000        0.0000000000000000     
   208.37935492453465       -136.49877744243341        155.24731865366235       -26.235650674882059        0.0000000000000000     
   197.69046919673522       -50.258204882513525       -164.20068142918765        97.947795643409151        0.0000000000000000     
   28.786096266011768       -16.128202448096111       -22.641484912672489       -7.4755324210752621        0.0000000000000000     
   215.14407961271829        202.88518477304302        31.594847688197795       -64.236612547451827        0.0000000000000000     

 PASSED   1.0000000000000001E-005
 MU_R    =    325.00000000000000     
 ALPHA_S =   0.11799999999999999     
 BORN                    3.0914168132578740E-011
 SINGLE POLE (MadFKS)   -6.2937090577709811E-012
 DOUBLE POLE (MadFKS)   -3.0964097869072787E-012
 SINGLE POLE (MadLoop)  -6.2937090577711241E-012
 DOUBLE POLE (MadLoop)  -3.0964097869072843E-012
 FINITE PART (MadLoop)   2.6399883546560476E-012
   325.00000000000000        0.0000000000000000        0.0000000000000000        325.00000000000000        0.0000000000000000     
   325.00000000000000        0.0000000000000000        0.0000000000000000       -325.00000000000000        0.0000000000000000     
   194.18336075164086        173.48323130283663       -84.147295555934264       -23.021266258627644        0.0000000000000000     
   165.00742153972939       -25.942374016930764        67.281674943251133       -148.41704285689806        0.0000000000000000     
   151.12393301717867       -110.88921603478444       -73.638388865311825        71.550070461829165        0.0000000000000000     
   139.68528469145113       -36.651641251121411        90.504009477994984        99.888238653696575        0.0000000000000000     

 PASSED   1.0000000000000001E-005
 MU_R    =    325.00000000000000     
 ALPHA_S =   0.11799999999999999     
 BORN                    2.0597494972194304E-011
 SINGLE POLE (MadFKS)   -4.0722551913285775E-012
 DOUBLE POLE (MadFKS)   -2.0630762161917430E-012
 SINGLE POLE (MadLoop)  -4.0722551913286042E-012
 DOUBLE POLE (MadLoop)  -2.0630762161917333E-012
 FINITE PART (MadLoop)   3.2098568224246418E-012
   325.00000000000000        0.0000000000000000        0.0000000000000000        325.00000000000000        0.0000000000000000     
   325.00000000000000        0.0000000000000000        0.0000000000000000       -325.00000000000000        0.0000000000000000     
   208.78842709314821       -84.914007356493002       -187.22871802623280        36.436599579896630        0.0000000000000000     
   208.30607690356595        8.1726573301789944        181.80527891032582        101.34826050533093        0.0000000000000000     
   66.947429458922613       -7.5357506280739388        66.003659359536940       -8.2878057879705906        0.0000000000000000     
   165.95806654436305        84.277100654387880       -60.580220243629846       -129.49705429725697        0.0000000000000000     

 PASSED   1.0000000000000001E-005
 MU_R    =    325.00000000000000     
 ALPHA_S =   0.11799999999999999     
 BORN                    5.5517651808738802E-011
 SINGLE POLE (MadFKS)   -1.3642364525230837E-011
 DOUBLE POLE (MadFKS)   -5.5607318841462779E-012
 SINGLE POLE (MadLoop)  -1.3642364525231050E-011
 DOUBLE POLE (MadLoop)  -5.5607318841463070E-012
 FINITE PART (MadLoop)  -1.2031826116352036E-011
   325.00000000000000        0.0000000000000000        0.0000000000000000        325.00000000000000        0.0000000000000000     
   325.00000000000000        0.0000000000000000        0.0000000000000000       -325.00000000000000        0.0000000000000000     
   133.29652257284954       -108.86681861893436       -35.047782401240738        68.466281354850267        0.0000000000000000     
   225.04367439488203       -37.878561768467137       -145.22872892410609       -167.68567690351682        0.0000000000000000     
   21.615334829983201       -18.987583339411156       -9.9203759176247903        2.8775893373118517        0.0000000000000000     
   270.04446820228492        165.73296372681270        190.19688724297163        96.341806211354623        0.0000000000000000     

 PASSED   1.0000000000000001E-005
 MU_R    =    325.00000000000000     
 ALPHA_S =   0.11799999999999999     
 BORN                    1.1081839682746716E-011
 SINGLE POLE (MadFKS)   -2.3340348632936243E-012
 DOUBLE POLE (MadFKS)   -1.1099738056490944E-012
 SINGLE POLE (MadLoop)  -2.3340348632936635E-012
 DOUBLE POLE (MadLoop)  -1.1099738056491019E-012
 FINITE PART (MadLoop)  -1.7499945780457802E-013
   325.00000000000000        0.0000000000000000        0.0000000000000000        325.00000000000000        0.0000000000000000     
   325.00000000000000        0.0000000000000000        0.0000000000000000       -325.00000000000000        0.0000000000000000     
   94.044012948220754        86.730144388429508       -9.0894219147631770       -35.207113415085672        0.0000000000000000     
   270.47351085390289       -265.61598671920802        50.112661216494239        9.6326973698280156        0.0000000000000000     
   229.98317532253651        228.37219501940967       -26.725512321757144        4.9141087282293983        0.0000000000000000     
   55.499300875340040       -49.486352688631186       -14.297726979973945        20.660307317028227        0.0000000000000000     

 PASSED   1.0000000000000001E-005
 MU_R    =    325.00000000000000     
 ALPHA_S =   0.11799999999999999     
 BORN                    1.6938670032746468E-011
 SINGLE POLE (MadFKS)   -4.2363898186179895E-012
 DOUBLE POLE (MadFKS)   -1.6966027823118427E-012
 SINGLE POLE (MadLoop)  -4.2363898186179976E-012
 DOUBLE POLE (MadLoop)  -1.6966027823118443E-012
 FINITE PART (MadLoop)  -4.2240264620062072E-012
   325.00000000000000        0.0000000000000000        0.0000000000000000        325.00000000000000        0.0000000000000000     
   325.00000000000000        0.0000000000000000        0.0000000000000000       -325.00000000000000        0.0000000000000000     
   274.33269373198783        238.98845237563947       -31.363901266189025       -130.99332875650600        0.0000000000000000     
   58.115131486215446       -17.351827942993346        31.666549593143234        45.535834367691855        0.0000000000000000     
   248.87378031503300       -245.95405567960950        26.612113964023997        27.139572830327474        0.0000000000000000     
   68.678394466764004        24.317431246963320       -26.914762290978192        58.317921558486510        0.0000000000000000     

 NUMBER OF POINTS PASSING THE CHECK          20
 NUMBER OF POINTS FAILING THE CHECK           0
 TOLERANCE    1.0000000000000001E-005
