==== LHAPDF6 USING DEFAULT-TYPE LHAGLUE INTERFACE ====
LHAPDF 6.2.1 loading /cvmfs/cms.cern.ch/slc6_amd64_gcc481/external/lhapdf/6.2.1/share/LHAPDF/NNPDF31_nnlo_hessian_pdfas/NNPDF31_nnlo_hessian_pdfas_0000.dat
NNPDF31_nnlo_hessian_pdfas PDF set, member #0, version 1; LHAPDF ID = 306000
 A PDF is used, so alpha_s(MZ) is going to be modified
 Old value of alpha_s from param_card:   0.11799999999999999     
 New value of alpha_s from PDF lhapdf :  0.11800208008122040     
 using LHAPDF
 *****************************************************
 *               MadGraph/MadEvent                   *
 *        --------------------------------           *
 *          http://madgraph.hep.uiuc.edu             *
 *          http://madgraph.phys.ucl.ac.be           *
 *          http://madgraph.roma2.infn.it            *
 *        --------------------------------           *
 *                                                   *
 *          PARAMETER AND COUPLING VALUES            *
 *                                                   *
 *****************************************************

  External Params
  ---------------------------------
  
 MU_R =    91.188000000000002     
 aEWM1 =    132.50700000000001     
 mdl_Gf =    1.1663900000000000E-005
 aS =   0.11799999999999999     
 mdl_lamWS =   0.22530000000000000     
 mdl_AWS =   0.80800000000000005     
 mdl_rhoWS =   0.13200000000000001     
 mdl_etaWS =   0.34100000000000003     
 mdl_ymt =    173.00000000000000     
 mdl_ymtau =    1.7769999999999999     
 mdl_MT =    173.00000000000000     
 mdl_MZ =    91.188000000000002     
 mdl_MH =    125.00000000000000     
 mdl_MTA =    1.7769999999999999     
 mdl_WT =    1.4915000000000000     
 mdl_WZ =    2.4414039999999999     
 mdl_WW =    2.0476000000000001     
 mdl_WH =    6.3823389999999999E-003
  Internal Params
  ---------------------------------
  
 mdl_CKM33 =    1.0000000000000000     
 mdl_conjg__CKM3x3 =    1.0000000000000000     
 mdl_I4x33 =    0.0000000000000000     
 mdl_I1x33 =    0.0000000000000000     
 mdl_lhv =    1.0000000000000000     
 mdl_CKM3x3 =    1.0000000000000000     
 mdl_conjg__CKM33 =    1.0000000000000000     
 mdl_Ncol =    3.0000000000000000     
 mdl_CA =    3.0000000000000000     
 mdl_TF =   0.50000000000000000     
 mdl_CF =    1.3333333333333333     
 mdl_lamWS__exp__2 =    5.0760090000000001E-002
 mdl_CKM11 =  ( 0.97461995499999998     ,  0.0000000000000000     )
 mdl_CKM12 =  ( 0.22530000000000000     ,  0.0000000000000000     )
 mdl_complexi =  (  0.0000000000000000     ,  1.0000000000000000     )
 mdl_lamWS__exp__3 =    1.1436248277000001E-002
 mdl_CKM13 =  (  1.2197444962317122E-003, -3.1510066152652563E-003)
 mdl_CKM21 =  (-0.22530000000000000     ,  0.0000000000000000     )
 mdl_CKM22 =  ( 0.97461995499999998     ,  0.0000000000000000     )
 mdl_CKM23 =  (  4.1014152720000002E-002,  0.0000000000000000     )
 mdl_CKM31 =  (  8.0207441115842885E-003, -3.1510066152652563E-003)
 mdl_CKM32 =  ( -4.1014152720000002E-002,  0.0000000000000000     )
 mdl_MZ__exp__2 =    8315.2513440000002     
 mdl_MZ__exp__4 =    69143404.913893804     
 mdl_sqrt__2 =    1.4142135623730951     
 mdl_MH__exp__2 =    15625.000000000000     
 mdl_CKM1x1 =  ( 0.97461995499999998     ,  0.0000000000000000     )
 mdl_CKM1x2 =  ( 0.22530000000000000     ,  0.0000000000000000     )
 mdl_CKM1x3 =  (  1.2197444962317122E-003, -3.1510066152652563E-003)
 mdl_CKM2x1 =  (-0.22530000000000000     ,  0.0000000000000000     )
 mdl_CKM2x2 =  ( 0.97461995499999998     ,  0.0000000000000000     )
 mdl_CKM2x3 =  (  4.1014152720000002E-002,  0.0000000000000000     )
 mdl_CKM3x1 =  (  8.0207441115842885E-003, -3.1510066152652563E-003)
 mdl_CKM3x2 =  ( -4.1014152720000002E-002,  0.0000000000000000     )
 mdl_conjg__CKM1x3 =  (  1.2197444962317122E-003,  3.1510066152652563E-003)
 mdl_conjg__CKM2x3 =  (  4.1014152720000002E-002, -0.0000000000000000     )
 mdl_conjg__CKM2x1 =  (-0.22530000000000000     , -0.0000000000000000     )
 mdl_conjg__CKM3x1 =  (  8.0207441115842885E-003,  3.1510066152652563E-003)
 mdl_conjg__CKM2x2 =  ( 0.97461995499999998     , -0.0000000000000000     )
 mdl_conjg__CKM3x2 =  ( -4.1014152720000002E-002, -0.0000000000000000     )
 mdl_Ncol__exp__2 =    9.0000000000000000     
 mdl_MT__exp__2 =    29929.000000000000     
 mdl_conjg__CKM11 =  ( 0.97461995499999998     , -0.0000000000000000     )
 mdl_conjg__CKM12 =  ( 0.22530000000000000     , -0.0000000000000000     )
 mdl_conjg__CKM13 =  (  1.2197444962317122E-003,  3.1510066152652563E-003)
 mdl_conjg__CKM21 =  (-0.22530000000000000     , -0.0000000000000000     )
 mdl_conjg__CKM22 =  ( 0.97461995499999998     , -0.0000000000000000     )
 mdl_conjg__CKM23 =  (  4.1014152720000002E-002, -0.0000000000000000     )
 mdl_conjg__CKM31 =  (  8.0207441115842885E-003,  3.1510066152652563E-003)
 mdl_conjg__CKM32 =  ( -4.1014152720000002E-002, -0.0000000000000000     )
 mdl_aEW =    7.5467711139788835E-003
 mdl_MW =    80.419002445756163     
 mdl_sqrt__aEW =    8.6872153846781555E-002
 mdl_ee =   0.30795376724436879     
 mdl_MW__exp__2 =    6467.2159543705357     
 mdl_sw2 =   0.22224648578577766     
 mdl_cw =   0.88190334743339216     
 mdl_sqrt__sw2 =   0.47143025548407230     
 mdl_sw =   0.47143025548407230     
 mdl_g1 =   0.34919219678733299     
 mdl_gw =   0.65323293034757990     
 mdl_v =    246.21845810181637     
 mdl_v__exp__2 =    60623.529110035903     
 mdl_lam =   0.12886910601690263     
 mdl_yt =   0.99366614581500623     
 mdl_ytau =    1.0206617000654717E-002
 mdl_muH =    88.388347648318430     
 mdl_AxialZUp =  -0.18517701861793787     
 mdl_AxialZDown =   0.18517701861793787     
 mdl_VectorZUp =    7.5430507588273299E-002
 mdl_VectorZDown =  -0.13030376310310560     
 mdl_VectorAUp =   0.20530251149624587     
 mdl_VectorADown =  -0.10265125574812294     
 mdl_VectorWmDxU =   0.23095271737156670     
 mdl_AxialWmDxU =  -0.23095271737156670     
 mdl_VectorWpUxD =   0.23095271737156670     
 mdl_AxialWpUxD =  -0.23095271737156670     
 mdl_I2x13 =  (  7.9699418879263656E-003,  3.1310485988282153E-003)
 mdl_I2x23 =  ( -4.0754375057150453E-002, -0.0000000000000000     )
 mdl_I2x33 =  ( 0.99366614581500623     ,  0.0000000000000000     )
 mdl_I3x31 =  (  7.9699418879263656E-003, -3.1310485988282153E-003)
 mdl_I3x32 =  ( -4.0754375057150453E-002,  0.0000000000000000     )
 mdl_I3x33 =  ( 0.99366614581500623     ,  0.0000000000000000     )
 mdl_Vector_tdGp =  ( -7.9699418879263656E-003, -3.1310485988282153E-003)
 mdl_Vector_tsGp =  (  4.0754375057150453E-002,  0.0000000000000000     )
 mdl_Vector_tbGp =  (-0.99366614581500623     ,  0.0000000000000000     )
 mdl_Axial_tdGp =  ( -7.9699418879263656E-003, -3.1310485988282153E-003)
 mdl_Axial_tsGp =  (  4.0754375057150453E-002,  0.0000000000000000     )
 mdl_Axial_tbGp =  (-0.99366614581500623     , -0.0000000000000000     )
 mdl_Vector_tdGm =  (  7.9699418879263656E-003, -3.1310485988282153E-003)
 mdl_Vector_tsGm =  ( -4.0754375057150453E-002,  0.0000000000000000     )
 mdl_Vector_tbGm =  ( 0.99366614581500623     ,  0.0000000000000000     )
 mdl_Axial_tdGm =  ( -7.9699418879263656E-003,  3.1310485988282153E-003)
 mdl_Axial_tsGm =  (  4.0754375057150453E-002, -0.0000000000000000     )
 mdl_Axial_tbGm =  (-0.99366614581500623     ,  0.0000000000000000     )
 mdl_gw__exp__2 =   0.42671326129048615     
 mdl_cw__exp__2 =   0.77775351421422245     
 mdl_ee__exp__2 =    9.4835522759998875E-002
 mdl_sw__exp__2 =   0.22224648578577769     
 mdl_yt__exp__2 =   0.98737240933884918     
  Internal Params evaluated point by point
  ----------------------------------------
  
 mdl_sqrt__aS =   0.34351128074635334     
 mdl_G__exp__4 =    2.1987899468922913     
 mdl_G__exp__2 =    1.4828317324943823     
 mdl_R2MixedFactor_FIN_ =   -2.5040377713124864E-002
 mdl_G_UVg_1EPS_ =   -5.1645779033320030E-002
 mdl_G_UVq_1EPS_ =    3.1300472141406080E-003
 mdl_G_UVb_1EPS_ =    3.1300472141406080E-003
 mdl_GWcft_UV_t_1EPS_ =   -3.1300472141406080E-003
 mdl_tWcft_UV_1EPS_ =   -1.8780283284843650E-002
 mdl_G__exp__3 =    1.8056676068262196     
 mdl_MU_R__exp__2 =    8315.2513440000002     
 mdl_G_UVt_FIN_ =   -4.0087659331150384E-003
 mdl_GWcft_UV_t_FIN_ =    4.0087659331150384E-003
 mdl_tWcft_UV_FIN_ =   -9.8778211443463623E-004
  Couplings of loop_sm-ckm_no_b_mass
  ---------------------------------
  
       UV_3Gt =   0.48815E-02   0.00000E+00
      UV_GQQt =   0.00000E+00  -0.48815E-02
   UVWfct_G_2 =   0.40088E-02   0.00000E+00
       R2_DDA =   0.00000E+00   0.25704E-02
       R2_UUA =  -0.00000E+00  -0.51409E-02
    R2_DDZ_V2 =   0.00000E+00   0.72127E-02
    R2_UUZ_V2 =  -0.00000E+00  -0.72127E-02
    R2_UUZ_V5 =   0.00000E+00   0.68702E-03
      R2_GGHt =   0.00000E+00  -0.45657E+01
     R2_GGZup =  -0.46369E-02   0.00000E+00
   R2_GGZdown =   0.46369E-02   0.00000E+00
 R2_GGGZvecUp =   0.00000E+00   0.28750E-03
 R2_GGGZvecDown  -0.00000E+00  -0.49665E-03
 R2_GGGZaxialUp  -0.00000E+00  -0.63522E-02
 R2_GGGZaxialDow  0.00000E+00   0.63522E-02
 R2_GGGAvecUp =   0.00000E+00   0.78251E-03
 R2_GGGAvecDown  -0.00000E+00  -0.39126E-03
         GC_4 =  -0.12177E+01   0.00000E+00
         GC_5 =   0.00000E+00   0.12177E+01
         GC_6 =   0.00000E+00   0.14828E+01
       R2_3Gq =   0.76230E-02   0.00000E+00
       R2_3Gg =   0.31445E-01   0.00000E+00
       R2_GQQ =  -0.00000E+00  -0.30492E-01
       R2_GGq =   0.00000E+00   0.62601E-02
       R2_GGt =  -0.00000E+00  -0.11242E+04
     R2_GGg_1 =   0.00000E+00   0.28170E-01
     R2_GGg_2 =  -0.00000E+00  -0.18780E-01
       R2_QQq =   0.00000E+00   0.12520E-01
  UV_3Gg_1eps =   0.62890E-01   0.00000E+00
  UV_3Gb_1eps =  -0.38115E-02   0.00000E+00
 UV_GQQg_1eps =   0.00000E+00  -0.62890E-01
 UV_GQQq_1eps =   0.00000E+00   0.38115E-02
 UVWfct_G_2_1eps -0.31300E-02   0.00000E+00
         GC_1 =  -0.00000E+00  -0.10265E+00
         GC_2 =   0.00000E+00   0.20530E+00
        GC_21 =  -0.00000E+00  -0.28804E+00
        GC_22 =   0.00000E+00   0.28804E+00
        GC_23 =  -0.00000E+00  -0.27437E-01
        GC_24 =   0.00000E+00   0.82310E-01
        GC_37 =  -0.00000E+00  -0.70263E+00
        GC_38 =  -0.00000E+00  -0.72172E-02
      GC_1003 =  -0.00000E+00  -0.30795E+00

 Collider parameters:
 --------------------

 Running at P P   machine @    13000.000000000000       GeV
 PDF set = lhapdf 
 alpha_s(Mz)= 0.1180 running at 3 loops.
 alpha_s(Mz)= 0.1180 running at 3 loops.
 Renormalization scale set on event-by-event basis
 Factorization   scale set on event-by-event basis


 ===============================================================
 INFO: MadFKS read these parameters from FKS_params.dat
 ===============================================================
  > IRPoleCheckThreshold      =    1.0000000000000001E-005
  > PrecisionVirtualAtRunTime =    1.0000000000000000E-003
  > NHelForMCoverHels         =            4
  > VirtualFraction           =    1.0000000000000000     
  > MinVirtualFraction        =    5.0000000000000001E-003
 ===============================================================
  Insert the number of points to test
 Insert the relative tolerance
  A negative number will mean use the default one:    1.0000000000000001E-005
Using random seed offsets:     0 ,     33 ,      0
  with seed                   32
 Ranmar initialization seeds       10729        9439
  ========================================================================================== 
 {                                                                                          }
 {       [32m                                                                            [0m       }
 {       [32m                               ,,                                           [0m       }
 {       [32m`7MMM.     ,MMF'             `7MM  `7MMF'                                   [0m       }
 {       [32m  MMMb    dPMM                 MM    MM                                     [0m       }
 {       [32m  M YM   ,M MM   ,6"Yb.   ,M""bMM    MM         ,pW"Wq.   ,pW"Wq.`7MMpdMAo. [0m       }
 {       [32m  M  Mb  M' MM  8)   MM ,AP    MM    MM        6W'   `Wb 6W'   `Wb MM   `Wb [0m       }
 {       [32m  M  YM.P'  MM   ,pm9MM 8MI    MM    MM      , 8M     M8 8M     M8 MM    M8 [0m       }
 {       [32m  M  `YM'   MM  8M   MM `Mb    MM    MM     ,M YA.   ,A9 YA.   ,A9 MM   ,AP [0m       }
 {       [32m.JML. `'  .JMML.`Moo9^Yo.`Wbmd"MML..JMMmmmmMMM  `Ybmd9'   `Ybmd9'  MMbmmd'  [0m       }
 {       [32m                                                                   MM       [0m       }
 {       [32m                                                                 .JMML.     [0m       }
 {       [32m[0mv2.4.2 (2016-06-10), Ref: arXiv:1103.0621v2, arXiv:1405.0301[32m                [0m       }
 {       [32m                                                                            [0m       }
 {                                                                                          }
  ========================================================================================== 
 ===============================================================
 INFO: MadLoop read these parameters from ./MadLoop5_resources/MadLoopParams.dat                                                                                                                                                                                                                                                                                                                                                                                                                                                                                          
 ===============================================================
  > MLReductionLib            = 6|1|2
  > IREGIMODE                 =            2
  > IREGIRECY                 =  T
  > CTModeRun                 =           -1
  > MLStabThres               =    1.0000000000000000E-003
  > NRotations_DP             =            1
  > NRotations_QP             =            0
  > CTStabThres               =    1.0000000000000000E-002
  > CTLoopLibrary             =            2
  > CTModeInit                =            1
  > CheckCycle                =            3
  > MaxAttempts               =           10
  > UseLoopFilter             =  F
  > HelicityFilterLevel       =            2
  > ImprovePSPoint            =            2
  > DoubleCheckHelicityFilter =  T
  > LoopInitStartOver         =  F
  > HelInitStartOver          =  F
  > ZeroThres                 =    1.0000000000000001E-009
  > OSThres                   =    1.0000000000000000E-008
  > WriteOutFilters           =  T
  > UseQPIntegrandForNinja    =  F
  > UseQPIntegrandForCutTools =  T
 ===============================================================
  
------------------------------------------------------------------------
|              You are using CutTools - Version 1.9.3                  |
|              Authors: G. Ossola, C. Papadopoulos, R. Pittau          |
|              Published in JHEP 0803:042,2008                         |
|              http://www.ugr.es/~pittau/CutTools                      |
|                                                                      |
|              Compiler with  34  significant digits detetected        |
 ---------------------------------------------------------------------- 
   
########################################################################
#                                                                      #
#                      You are using OneLOop-3.6                       #
#                                                                      #
# for the evaluation of 1-loop scalar 1-, 2-, 3- and 4-point functions #
#                                                                      #
# author: Andreas van Hameren <hamerenREMOVETHIS@ifj.edu.pl>           #
#   date: 18-02-2015                                                   #
#                                                                      #
# Please cite                                                          #
#    A. van Hameren,                                                   #
#      Comput.Phys.Commun. 182 (2011) 2427-2438, arXiv:1007.4716       #
#    A. van Hameren, C.G. Papadopoulos and R. Pittau,                  #
#      JHEP 0909:106,2009, arXiv:0903.4665                             #
# in publications with results obtained with the help of this program. #
#                                                                      #
########################################################################
 PASSED   1.0000000000000001E-005
 MU_R    =    325.00000000000000     
 ALPHA_S =   0.11799999999999999     
 BORN                    2.0769305972533927E-010
 SINGLE POLE (MadFKS)   -3.9622558773775439E-011
 DOUBLE POLE (MadFKS)   -3.3804632315461134E-011
 SINGLE POLE (MadLoop)  -3.9622558773768440E-011
 DOUBLE POLE (MadLoop)  -3.3804632315461082E-011
 FINITE PART (MadLoop)   3.7777997332213174E-011
   325.00000000000000        0.0000000000000000        0.0000000000000000        325.00000000000000        0.0000000000000000     
   325.00000000000000        0.0000000000000000        0.0000000000000000       -325.00000000000000        0.0000000000000000     
   58.592230671205826       -17.728319344349529        53.846890422626565        14.807720285925217        0.0000000000000000     
   220.38343804520005        44.556948998494754        64.275580118246680        206.03928717851582        0.0000000000000000     
   101.43178585583433       -94.888008724816160        34.597308921760494       -9.3647849689840150        0.0000000000000000     
   269.59254542775983        68.059379070670943       -152.71977946263377       -211.48222249545697        0.0000000000000000     

 PASSED   1.0000000000000001E-005
 MU_R    =    325.00000000000000     
 ALPHA_S =   0.11799999999999999     
 BORN                    2.9820724810506704E-011
 SINGLE POLE (MadFKS)   -7.1872927451411412E-012
 DOUBLE POLE (MadFKS)   -4.8536943840725725E-012
 SINGLE POLE (MadLoop)  -7.1872927451393164E-012
 DOUBLE POLE (MadLoop)  -4.8536943840725959E-012
 FINITE PART (MadLoop)   4.1691211319406877E-012
   325.00000000000000        0.0000000000000000        0.0000000000000000        325.00000000000000        0.0000000000000000     
   325.00000000000000        0.0000000000000000        0.0000000000000000       -325.00000000000000        0.0000000000000000     
   176.36685599511884       -72.267005608749230        54.872003928459883        151.23429167626986        0.0000000000000000     
   160.54950221545295       -74.165888899558041        136.77859379617348       -39.587622617549556        0.0000000000000000     
   190.85851210048489        140.74215047445810       -128.72189934299428       -7.0207799116600267        0.0000000000000000     
   122.22512968894344        5.6907440338491693       -62.928698381639151       -104.62588914706026        0.0000000000000000     

 PASSED   1.0000000000000001E-005
 MU_R    =    325.00000000000000     
 ALPHA_S =   0.11799999999999999     
 BORN                    3.7417053939119357E-012
 SINGLE POLE (MadFKS)   -4.6123764305215674E-013
 DOUBLE POLE (MadFKS)   -6.0900915630614495E-013
 SINGLE POLE (MadLoop)  -4.6123764305197893E-013
 DOUBLE POLE (MadLoop)  -6.0900915630614757E-013
 FINITE PART (MadLoop)   7.9425154017290253E-013
   325.00000000000000        0.0000000000000000        0.0000000000000000        325.00000000000000        0.0000000000000000     
   325.00000000000000        0.0000000000000000        0.0000000000000000       -325.00000000000000        0.0000000000000000     
   121.59785724151168        97.875086747878342        69.672367492085755       -18.768790261231580        0.0000000000000000     
   134.91440046014080       -115.57049871233141        67.695417019529330       -16.207584442298845        0.0000000000000000     
   201.35372761913928       -168.97067347368144       -95.688282893804072        53.253991857966028        0.0000000000000000     
   192.13401467920798        186.66608543813442       -41.679501617810999       -18.277617154435397        0.0000000000000000     

 PASSED   1.0000000000000001E-005
 MU_R    =    325.00000000000000     
 ALPHA_S =   0.11799999999999999     
 BORN                    4.9592722702346432E-010
 SINGLE POLE (MadFKS)   -1.4247550801757790E-010
 DOUBLE POLE (MadFKS)   -8.0718333038786105E-011
 SINGLE POLE (MadLoop)  -1.4247550801757648E-010
 DOUBLE POLE (MadLoop)  -8.0718333038785252E-011
 FINITE PART (MadLoop)   4.2674092362805233E-011
   325.00000000000000        0.0000000000000000        0.0000000000000000        325.00000000000000        0.0000000000000000     
   325.00000000000000        0.0000000000000000        0.0000000000000000       -325.00000000000000        0.0000000000000000     
   261.25170976499430       -5.0133587573504208       -244.47480100107646        91.974962705004700        0.0000000000000000     
   27.511622873825740      -0.21811907662768931        10.276324550113760        25.519384219858292        0.0000000000000000     
   109.56758964885766       -1.8378767461306185        76.447272762635393        78.469697321206255        0.0000000000000000     
   251.66907771232204        7.0693545801087581        157.75120368832731       -195.96404424606925        0.0000000000000000     

 PASSED   1.0000000000000001E-005
 MU_R    =    325.00000000000000     
 ALPHA_S =   0.11799999999999999     
 BORN                    6.7066144194754246E-012
 SINGLE POLE (MadFKS)   -1.5105069790512813E-012
 DOUBLE POLE (MadFKS)   -1.0915850285597029E-012
 SINGLE POLE (MadLoop)  -1.5105069790511739E-012
 DOUBLE POLE (MadLoop)  -1.0915850285597037E-012
 FINITE PART (MadLoop)   7.8485382231114927E-013
   325.00000000000000        0.0000000000000000        0.0000000000000000        325.00000000000000        0.0000000000000000     
   325.00000000000000        0.0000000000000000        0.0000000000000000       -325.00000000000000        0.0000000000000000     
   249.71223952345036        153.07936245346735       -197.21179002673571        5.5155446791515059        0.0000000000000000     
   188.57553133493937       -151.41310931701969        36.126614925946853       -106.44091806819067        0.0000000000000000     
   108.04036818268432        33.578652035488332        66.201961689058493        78.501564016585078        0.0000000000000000     
   103.67186095892606       -35.244905171935990        94.883213411730381        22.423809372454084        0.0000000000000000     

 PASSED   1.0000000000000001E-005
 MU_R    =    325.00000000000000     
 ALPHA_S =   0.11799999999999999     
 BORN                    2.3152904315204774E-011
 SINGLE POLE (MadFKS)   -9.5008907119744167E-012
 DOUBLE POLE (MadFKS)   -3.7684235498556802E-012
 SINGLE POLE (MadLoop)  -9.5008907119746025E-012
 DOUBLE POLE (MadLoop)  -3.7684235498556762E-012
 FINITE PART (MadLoop)  -2.0045926031200602E-012
   325.00000000000000        0.0000000000000000        0.0000000000000000        325.00000000000000        0.0000000000000000     
   325.00000000000000        0.0000000000000000        0.0000000000000000       -325.00000000000000        0.0000000000000000     
   212.65990657346137       -23.069890973043716       -133.48703104120423       -163.93056011046193        0.0000000000000000     
   239.97702523795931       -51.478887883611456        99.612914597194319        212.17012982457922        0.0000000000000000     
   77.795952109847406        31.571948685576636        32.329938325704653        63.326118693072615        0.0000000000000000     
   119.56711607873201        42.976830171078547        1.5441781183052739       -111.56568840718995        0.0000000000000000     

 PASSED   1.0000000000000001E-005
 MU_R    =    325.00000000000000     
 ALPHA_S =   0.11799999999999999     
 BORN                    2.0759544482598985E-010
 SINGLE POLE (MadFKS)   -8.7505638703573378E-011
 DOUBLE POLE (MadFKS)   -3.3788744274785230E-011
 SINGLE POLE (MadLoop)  -8.7505638703594600E-011
 DOUBLE POLE (MadLoop)  -3.3788744274786762E-011
 FINITE PART (MadLoop)  -6.6864728659409209E-011
   325.00000000000000        0.0000000000000000        0.0000000000000000        325.00000000000000        0.0000000000000000     
   325.00000000000000        0.0000000000000000        0.0000000000000000       -325.00000000000000        0.0000000000000000     
   185.80249340110882       -20.486666082950919       -184.60393797211998       -4.9243428049278348        0.0000000000000000     
   272.09367490851258        65.378017392699036        197.82317743938745       -175.00478060557060        0.0000000000000000     
   140.60552069255809       -17.961733177218782        3.6543921559455699        139.40564554015140        0.0000000000000000     
   51.498310997820546       -26.929618132529335       -16.873631623213001        40.523477870346937        0.0000000000000000     

 PASSED   1.0000000000000001E-005
 MU_R    =    325.00000000000000     
 ALPHA_S =   0.11799999999999999     
 BORN                    5.0243946530727106E-012
 SINGLE POLE (MadFKS)   -8.6178547447020194E-013
 DOUBLE POLE (MadFKS)   -8.1778280930284665E-013
 SINGLE POLE (MadLoop)  -8.6178547447082607E-013
 DOUBLE POLE (MadLoop)  -8.1778280930285220E-013
 FINITE PART (MadLoop)   8.5607798001878111E-013
   325.00000000000000        0.0000000000000000        0.0000000000000000        325.00000000000000        0.0000000000000000     
   325.00000000000000        0.0000000000000000        0.0000000000000000       -325.00000000000000        0.0000000000000000     
   236.45408590160537       -228.41190984719114       -60.840240549037141        6.0827057678008298        0.0000000000000000     
   115.00629125669570        113.81690154929773       -11.606296816920718       -11.724070305782364        0.0000000000000000     
   214.07324278766936        162.36905615984807        134.36099593607477        37.560160415720091        0.0000000000000000     
   84.466380054029770       -47.774047861954578       -61.914458570116921       -31.918795877738567        0.0000000000000000     

 PASSED   1.0000000000000001E-005
 MU_R    =    325.00000000000000     
 ALPHA_S =   0.11799999999999999     
 BORN                    1.5537703165609858E-010
 SINGLE POLE (MadFKS)   -6.0706896199890775E-011
 DOUBLE POLE (MadFKS)   -2.5289547143983640E-011
 SINGLE POLE (MadLoop)  -6.0706896199890219E-011
 DOUBLE POLE (MadLoop)  -2.5289547143983750E-011
 FINITE PART (MadLoop)   1.2094856079952409E-011
   325.00000000000000        0.0000000000000000        0.0000000000000000        325.00000000000000        0.0000000000000000     
   325.00000000000000        0.0000000000000000        0.0000000000000000       -325.00000000000000        0.0000000000000000     
   156.21787487481285        115.31881587015543       -92.141602072169761       -51.142157798452210        0.0000000000000000     
   71.060088649791680       -1.1821109978266038        70.954962688801814        3.6785978763401292        0.0000000000000000     
   188.89366103068747       -43.050292941508118        71.049972740595450       -169.64489037040653        0.0000000000000000     
   233.82837544470803       -71.086411930820731       -49.863333357227525        217.10845029251860        0.0000000000000000     

 PASSED   1.0000000000000001E-005
 MU_R    =    325.00000000000000     
 ALPHA_S =   0.11799999999999999     
 BORN                    1.1880308777371782E-011
 SINGLE POLE (MadFKS)   -3.0065047311769677E-012
 DOUBLE POLE (MadFKS)   -1.9336682243706238E-012
 SINGLE POLE (MadLoop)  -3.0065047311776232E-012
 DOUBLE POLE (MadLoop)  -1.9336682243705801E-012
 FINITE PART (MadLoop)   7.5371104444727410E-013
   325.00000000000000        0.0000000000000000        0.0000000000000000        325.00000000000000        0.0000000000000000     
   325.00000000000000        0.0000000000000000        0.0000000000000000       -325.00000000000000        0.0000000000000000     
   255.51129001079701       -95.563498113975015        235.43699715265942        26.889728948811399        0.0000000000000000     
   95.415929345091726        32.136645469983179       -15.061913234581395       -88.569601785477673        0.0000000000000000     
   192.36007738587574        23.188594893066938       -188.29034922291487       -31.803031746959274        0.0000000000000000     
   106.71270325823490        40.238257750924731       -32.084734695162631        93.482904583625981        0.0000000000000000     

 PASSED   1.0000000000000001E-005
 MU_R    =    325.00000000000000     
 ALPHA_S =   0.11799999999999999     
 BORN                    1.4590524989948070E-011
 SINGLE POLE (MadFKS)   -3.4691751771315015E-012
 DOUBLE POLE (MadFKS)   -2.3747896690770658E-012
 SINGLE POLE (MadLoop)  -3.4691751771321146E-012
 DOUBLE POLE (MadLoop)  -2.3747896690770795E-012
 FINITE PART (MadLoop)   1.2242546563462553E-012
   325.00000000000000        0.0000000000000000        0.0000000000000000        325.00000000000000        0.0000000000000000     
   325.00000000000000        0.0000000000000000        0.0000000000000000       -325.00000000000000        0.0000000000000000     
   155.72849568978225        67.780609790512216       -21.688462618496910        138.51629469298871        0.0000000000000000     
   228.99239092522151       -220.63325514546480        49.240762159783429        36.521626024717392        0.0000000000000000     
   134.34433684278645        101.56760608099229       -64.066805877322238       -60.231774184245538        0.0000000000000000     
   130.93477654221002        51.285039273960280        36.514506336035765       -114.80614653346056        0.0000000000000000     

 PASSED   1.0000000000000001E-005
 MU_R    =    325.00000000000000     
 ALPHA_S =   0.11799999999999999     
 BORN                    8.9815791825002232E-011
 SINGLE POLE (MadFKS)   -2.6374288316178614E-011
 DOUBLE POLE (MadFKS)   -1.4618638787359417E-011
 SINGLE POLE (MadLoop)  -2.6374288316177526E-011
 DOUBLE POLE (MadLoop)  -1.4618638787359297E-011
 FINITE PART (MadLoop)   1.2633078144544179E-011
   325.00000000000000        0.0000000000000000        0.0000000000000000        325.00000000000000        0.0000000000000000     
   325.00000000000000        0.0000000000000000        0.0000000000000000       -325.00000000000000        0.0000000000000000     
   173.00377433957632       -91.024513761747528       -143.62765999791213        31.873799800159333        0.0000000000000000     
   116.32106209346871       -8.7791453281018761       -64.754031202877613       -96.231136005127922        0.0000000000000000     
   225.08151626487194        74.461447832296898        127.29561133897184        170.03825770881497        0.0000000000000000     
   135.59364730208293        25.342211257552492        81.086079861817907       -105.68092150384638        0.0000000000000000     

 PASSED   1.0000000000000001E-005
 MU_R    =    325.00000000000000     
 ALPHA_S =   0.11799999999999999     
 BORN                    8.7478593683169709E-010
 SINGLE POLE (MadFKS)   -2.8321995560469631E-010
 DOUBLE POLE (MadFKS)   -1.4238230679657064E-010
 SINGLE POLE (MadLoop)  -2.8321995560468742E-010
 DOUBLE POLE (MadLoop)  -1.4238230679657111E-010
 FINITE PART (MadLoop)  -9.8551041108533559E-012
   325.00000000000000        0.0000000000000000        0.0000000000000000        325.00000000000000        0.0000000000000000     
   325.00000000000000        0.0000000000000000        0.0000000000000000       -325.00000000000000        0.0000000000000000     
   69.512585783528820        33.317984236856269        54.475757346431202       -27.464583926172960        0.0000000000000000     
   197.47431965672538        78.899294256875635       -21.842803187086123       -179.70503676464861        0.0000000000000000     
   78.829596073472743        11.334618940005443        52.949405973290631       -57.288672856572546        0.0000000000000000     
   304.18349848627327       -123.55189743373737       -85.582360132635742        264.45829354739408        0.0000000000000000     

 PASSED   1.0000000000000001E-005
 MU_R    =    325.00000000000000     
 ALPHA_S =   0.11799999999999999     
 BORN                    4.4508712021879609E-011
 SINGLE POLE (MadFKS)   -7.7389441624913208E-012
 DOUBLE POLE (MadFKS)   -7.2443472435916851E-012
 SINGLE POLE (MadLoop)  -7.7389441625023536E-012
 DOUBLE POLE (MadLoop)  -7.2443472435916714E-012
 FINITE PART (MadLoop)   1.3365387285770656E-011
   325.00000000000000        0.0000000000000000        0.0000000000000000        325.00000000000000        0.0000000000000000     
   325.00000000000000        0.0000000000000000        0.0000000000000000       -325.00000000000000        0.0000000000000000     
Thanks for using LHAPDF 6.2.1. Please make sure to cite the paper:
  Eur.Phys.J. C75 (2015) 3, 132  (http://arxiv.org/abs/1412.7420)
   233.81712609939234        151.42621337149134        137.96411892278203       -112.72290029630706        0.0000000000000000     
   97.977127124208138        90.432620585504310       -19.957940703960837       -31.986546803439850        0.0000000000000000     
   171.19463373339468       -148.22168597464642       -76.047578296379797        39.429687561537222        0.0000000000000000     
   147.01111304300477       -93.637147982349219       -41.958599922441429        105.27975953820970        0.0000000000000000     

 PASSED   1.0000000000000001E-005
 MU_R    =    325.00000000000000     
 ALPHA_S =   0.11799999999999999     
 BORN                    7.2383955628429057E-012
 SINGLE POLE (MadFKS)   -1.3794950100837833E-012
 DOUBLE POLE (MadFKS)   -1.1781390330488572E-012
 SINGLE POLE (MadLoop)  -1.3794950100840281E-012
 DOUBLE POLE (MadLoop)  -1.1781390330488554E-012
 FINITE PART (MadLoop)   1.4321826961812290E-012
   325.00000000000000        0.0000000000000000        0.0000000000000000        325.00000000000000        0.0000000000000000     
   325.00000000000000        0.0000000000000000        0.0000000000000000       -325.00000000000000        0.0000000000000000     
   151.71822063195435        70.177475919805246        52.153901084614574       -123.98996308938789        0.0000000000000000     
   262.89718129973426        137.61672425199183       -103.60758305023529        198.60018599181922        0.0000000000000000     
   130.50715087332136       -103.52238378683724        44.008194510213521       -66.170320386966992        0.0000000000000000     
   104.87744719499014       -104.27181638495981        7.4454874554072008       -8.4399025154643397        0.0000000000000000     

 PASSED   1.0000000000000001E-005
 MU_R    =    325.00000000000000     
 ALPHA_S =   0.11799999999999999     
 BORN                    8.2502012301035538E-012
 SINGLE POLE (MadFKS)   -1.7364218583347066E-012
 DOUBLE POLE (MadFKS)   -1.3428230075720225E-012
 SINGLE POLE (MadLoop)  -1.7364218583346400E-012
 DOUBLE POLE (MadLoop)  -1.3428230075720203E-012
 FINITE PART (MadLoop)   8.4219356522842910E-013
   325.00000000000000        0.0000000000000000        0.0000000000000000        325.00000000000000        0.0000000000000000     
   325.00000000000000        0.0000000000000000        0.0000000000000000       -325.00000000000000        0.0000000000000000     
   263.78481167299674        69.749575482288378        189.48410990896420        169.74450118164796        0.0000000000000000     
   184.24283590402428       -25.219065803253560       -179.15660828380481       -34.818544056460688        0.0000000000000000     
   126.58484922400399       -76.280481439431057       -56.023023901710545       -84.062078235913290        0.0000000000000000     
   75.387503198975040        31.749971760396189        45.695522276551181       -50.863878889273956        0.0000000000000000     

 PASSED   1.0000000000000001E-005
 MU_R    =    325.00000000000000     
 ALPHA_S =   0.11799999999999999     
 BORN                    1.0696843142404476E-011
 SINGLE POLE (MadFKS)   -1.2022184801395620E-012
 DOUBLE POLE (MadFKS)   -1.7410444520550745E-012
 SINGLE POLE (MadLoop)  -1.2022184801371747E-012
 DOUBLE POLE (MadLoop)  -1.7410444520550615E-012
 FINITE PART (MadLoop)   1.4443376911145304E-012
   325.00000000000000        0.0000000000000000        0.0000000000000000        325.00000000000000        0.0000000000000000     
   325.00000000000000        0.0000000000000000        0.0000000000000000       -325.00000000000000        0.0000000000000000     
   103.05547745088627       -65.676644844459403       -12.892938079162573        78.363141222718625        0.0000000000000000     
   141.28807578758523        97.401705197819254        36.880825777289473        95.472681298373288        0.0000000000000000     
   203.11050747983435        133.43727366412679       -115.49827325790092       -100.54114143097846        0.0000000000000000     
   202.54593928169422       -165.16233401748664        91.510385559774022       -73.294681090113457        0.0000000000000000     

 PASSED   1.0000000000000001E-005
 MU_R    =    325.00000000000000     
 ALPHA_S =   0.11799999999999999     
 BORN                    5.9656990598568984E-012
 SINGLE POLE (MadFKS)   -9.9556222806823051E-013
 DOUBLE POLE (MadFKS)   -9.7099182558072919E-013
 SINGLE POLE (MadLoop)  -9.9556222806874629E-013
 DOUBLE POLE (MadLoop)  -9.7099182558073080E-013
 FINITE PART (MadLoop)   7.6340946498610968E-013
   325.00000000000000        0.0000000000000000        0.0000000000000000        325.00000000000000        0.0000000000000000     
   325.00000000000000        0.0000000000000000        0.0000000000000000       -325.00000000000000        0.0000000000000000     
   246.67551695419118       -63.705405824266521        209.75651995623741       -113.10452806687957        0.0000000000000000     
   90.760601995338504       -30.446857287502954      -0.79198754785129988        85.497652082350911        0.0000000000000000     
   228.64531654059854        143.32109665668338       -161.14517260881880        75.960367126219879        0.0000000000000000     
   83.918564509871885       -49.168833544913873       -47.819359799567280       -48.353491141691194        0.0000000000000000     

 PASSED   1.0000000000000001E-005
 MU_R    =    325.00000000000000     
 ALPHA_S =   0.11799999999999999     
 BORN                    3.0820023606503207E-011
 SINGLE POLE (MadFKS)   -1.0634749873721202E-011
 DOUBLE POLE (MadFKS)   -5.0163427095227233E-012
 SINGLE POLE (MadLoop)  -1.0634749873721831E-011
 DOUBLE POLE (MadLoop)  -5.0163427095227096E-012
 FINITE PART (MadLoop)   4.2379401580506577E-014
   325.00000000000000        0.0000000000000000        0.0000000000000000        325.00000000000000        0.0000000000000000     
   325.00000000000000        0.0000000000000000        0.0000000000000000       -325.00000000000000        0.0000000000000000     
   208.40525566392108        61.702351411640379        190.51314835629165        57.708844400077432        0.0000000000000000     
   233.23120900689264       -91.521869313617316       -171.53503390542332       -128.82653622302843        0.0000000000000000     
   125.45515033241342        20.635502592846485        52.540637393349414        112.03861923448383        0.0000000000000000     
   82.908384996772696        9.1840153091304497       -71.518751844217761       -40.920927411532837        0.0000000000000000     

 PASSED   1.0000000000000001E-005
 MU_R    =    325.00000000000000     
 ALPHA_S =   0.11799999999999999     
 BORN                    3.1868001713096132E-011
 SINGLE POLE (MadFKS)   -7.2257884932140187E-012
 DOUBLE POLE (MadFKS)   -5.1869141990798433E-012
 SINGLE POLE (MadLoop)  -7.2257884932146124E-012
 DOUBLE POLE (MadLoop)  -5.1869141990798579E-012
 FINITE PART (MadLoop)   2.2661483906800440E-012
   325.00000000000000        0.0000000000000000        0.0000000000000000        325.00000000000000        0.0000000000000000     
   325.00000000000000        0.0000000000000000        0.0000000000000000       -325.00000000000000        0.0000000000000000     
   120.20464991763639        30.755257804869789        113.07497986447351        26.782847268847917        0.0000000000000000     
   209.25355365614681        92.513503046871648        11.304959280811635       -187.35127266015988        0.0000000000000000     
   272.22952696084940       -123.04413656162775       -171.28713896527577        172.13300622548147        0.0000000000000000     
   48.312269465367450      -0.22462429011368074        46.907199819990623       -11.564580834169496        0.0000000000000000     

 NUMBER OF POINTS PASSING THE CHECK          20
 NUMBER OF POINTS FAILING THE CHECK           0
 TOLERANCE    1.0000000000000001E-005
