==== LHAPDF6 USING DEFAULT-TYPE LHAGLUE INTERFACE ====
LHAPDF 6.2.1 loading /cvmfs/cms.cern.ch/slc6_amd64_gcc481/external/lhapdf/6.2.1/share/LHAPDF/NNPDF31_nnlo_hessian_pdfas/NNPDF31_nnlo_hessian_pdfas_0000.dat
NNPDF31_nnlo_hessian_pdfas PDF set, member #0, version 1; LHAPDF ID = 306000
 A PDF is used, so alpha_s(MZ) is going to be modified
 Old value of alpha_s from param_card:   0.11799999999999999     
 New value of alpha_s from PDF lhapdf :  0.11800208008122040     
 using LHAPDF
 *****************************************************
 *               MadGraph/MadEvent                   *
 *        --------------------------------           *
 *          http://madgraph.hep.uiuc.edu             *
 *          http://madgraph.phys.ucl.ac.be           *
 *          http://madgraph.roma2.infn.it            *
 *        --------------------------------           *
 *                                                   *
 *          PARAMETER AND COUPLING VALUES            *
 *                                                   *
 *****************************************************

  External Params
  ---------------------------------
  
 MU_R =    91.188000000000002     
 aEWM1 =    132.50700000000001     
 mdl_Gf =    1.1663900000000000E-005
 aS =   0.11799999999999999     
 mdl_lamWS =   0.22530000000000000     
 mdl_AWS =   0.80800000000000005     
 mdl_rhoWS =   0.13200000000000001     
 mdl_etaWS =   0.34100000000000003     
 mdl_ymt =    173.00000000000000     
 mdl_ymtau =    1.7769999999999999     
 mdl_MT =    173.00000000000000     
 mdl_MZ =    91.188000000000002     
 mdl_MH =    125.00000000000000     
 mdl_MTA =    1.7769999999999999     
 mdl_WT =    1.4915000000000000     
 mdl_WZ =    2.4414039999999999     
 mdl_WW =    2.0476000000000001     
 mdl_WH =    6.3823389999999999E-003
  Internal Params
  ---------------------------------
  
 mdl_CKM33 =    1.0000000000000000     
 mdl_conjg__CKM3x3 =    1.0000000000000000     
 mdl_I4x33 =    0.0000000000000000     
 mdl_I1x33 =    0.0000000000000000     
 mdl_lhv =    1.0000000000000000     
 mdl_CKM3x3 =    1.0000000000000000     
 mdl_conjg__CKM33 =    1.0000000000000000     
 mdl_Ncol =    3.0000000000000000     
 mdl_CA =    3.0000000000000000     
 mdl_TF =   0.50000000000000000     
 mdl_CF =    1.3333333333333333     
 mdl_lamWS__exp__2 =    5.0760090000000001E-002
 mdl_CKM11 =  ( 0.97461995499999998     ,  0.0000000000000000     )
 mdl_CKM12 =  ( 0.22530000000000000     ,  0.0000000000000000     )
 mdl_complexi =  (  0.0000000000000000     ,  1.0000000000000000     )
 mdl_lamWS__exp__3 =    1.1436248277000001E-002
 mdl_CKM13 =  (  1.2197444962317122E-003, -3.1510066152652563E-003)
 mdl_CKM21 =  (-0.22530000000000000     ,  0.0000000000000000     )
 mdl_CKM22 =  ( 0.97461995499999998     ,  0.0000000000000000     )
 mdl_CKM23 =  (  4.1014152720000002E-002,  0.0000000000000000     )
 mdl_CKM31 =  (  8.0207441115842885E-003, -3.1510066152652563E-003)
 mdl_CKM32 =  ( -4.1014152720000002E-002,  0.0000000000000000     )
 mdl_MZ__exp__2 =    8315.2513440000002     
 mdl_MZ__exp__4 =    69143404.913893804     
 mdl_sqrt__2 =    1.4142135623730951     
 mdl_MH__exp__2 =    15625.000000000000     
 mdl_CKM1x1 =  ( 0.97461995499999998     ,  0.0000000000000000     )
 mdl_CKM1x2 =  ( 0.22530000000000000     ,  0.0000000000000000     )
 mdl_CKM1x3 =  (  1.2197444962317122E-003, -3.1510066152652563E-003)
 mdl_CKM2x1 =  (-0.22530000000000000     ,  0.0000000000000000     )
 mdl_CKM2x2 =  ( 0.97461995499999998     ,  0.0000000000000000     )
 mdl_CKM2x3 =  (  4.1014152720000002E-002,  0.0000000000000000     )
 mdl_CKM3x1 =  (  8.0207441115842885E-003, -3.1510066152652563E-003)
 mdl_CKM3x2 =  ( -4.1014152720000002E-002,  0.0000000000000000     )
 mdl_conjg__CKM1x3 =  (  1.2197444962317122E-003,  3.1510066152652563E-003)
 mdl_conjg__CKM2x3 =  (  4.1014152720000002E-002, -0.0000000000000000     )
 mdl_conjg__CKM2x1 =  (-0.22530000000000000     , -0.0000000000000000     )
 mdl_conjg__CKM3x1 =  (  8.0207441115842885E-003,  3.1510066152652563E-003)
 mdl_conjg__CKM2x2 =  ( 0.97461995499999998     , -0.0000000000000000     )
 mdl_conjg__CKM3x2 =  ( -4.1014152720000002E-002, -0.0000000000000000     )
 mdl_Ncol__exp__2 =    9.0000000000000000     
 mdl_MT__exp__2 =    29929.000000000000     
 mdl_conjg__CKM11 =  ( 0.97461995499999998     , -0.0000000000000000     )
 mdl_conjg__CKM12 =  ( 0.22530000000000000     , -0.0000000000000000     )
 mdl_conjg__CKM13 =  (  1.2197444962317122E-003,  3.1510066152652563E-003)
 mdl_conjg__CKM21 =  (-0.22530000000000000     , -0.0000000000000000     )
 mdl_conjg__CKM22 =  ( 0.97461995499999998     , -0.0000000000000000     )
 mdl_conjg__CKM23 =  (  4.1014152720000002E-002, -0.0000000000000000     )
 mdl_conjg__CKM31 =  (  8.0207441115842885E-003,  3.1510066152652563E-003)
 mdl_conjg__CKM32 =  ( -4.1014152720000002E-002, -0.0000000000000000     )
 mdl_aEW =    7.5467711139788835E-003
 mdl_MW =    80.419002445756163     
 mdl_sqrt__aEW =    8.6872153846781555E-002
 mdl_ee =   0.30795376724436879     
 mdl_MW__exp__2 =    6467.2159543705357     
 mdl_sw2 =   0.22224648578577766     
 mdl_cw =   0.88190334743339216     
 mdl_sqrt__sw2 =   0.47143025548407230     
 mdl_sw =   0.47143025548407230     
 mdl_g1 =   0.34919219678733299     
 mdl_gw =   0.65323293034757990     
 mdl_v =    246.21845810181637     
 mdl_v__exp__2 =    60623.529110035903     
 mdl_lam =   0.12886910601690263     
 mdl_yt =   0.99366614581500623     
 mdl_ytau =    1.0206617000654717E-002
 mdl_muH =    88.388347648318430     
 mdl_AxialZUp =  -0.18517701861793787     
 mdl_AxialZDown =   0.18517701861793787     
 mdl_VectorZUp =    7.5430507588273299E-002
 mdl_VectorZDown =  -0.13030376310310560     
 mdl_VectorAUp =   0.20530251149624587     
 mdl_VectorADown =  -0.10265125574812294     
 mdl_VectorWmDxU =   0.23095271737156670     
 mdl_AxialWmDxU =  -0.23095271737156670     
 mdl_VectorWpUxD =   0.23095271737156670     
 mdl_AxialWpUxD =  -0.23095271737156670     
 mdl_I2x13 =  (  7.9699418879263656E-003,  3.1310485988282153E-003)
 mdl_I2x23 =  ( -4.0754375057150453E-002, -0.0000000000000000     )
 mdl_I2x33 =  ( 0.99366614581500623     ,  0.0000000000000000     )
 mdl_I3x31 =  (  7.9699418879263656E-003, -3.1310485988282153E-003)
 mdl_I3x32 =  ( -4.0754375057150453E-002,  0.0000000000000000     )
 mdl_I3x33 =  ( 0.99366614581500623     ,  0.0000000000000000     )
 mdl_Vector_tdGp =  ( -7.9699418879263656E-003, -3.1310485988282153E-003)
 mdl_Vector_tsGp =  (  4.0754375057150453E-002,  0.0000000000000000     )
 mdl_Vector_tbGp =  (-0.99366614581500623     ,  0.0000000000000000     )
 mdl_Axial_tdGp =  ( -7.9699418879263656E-003, -3.1310485988282153E-003)
 mdl_Axial_tsGp =  (  4.0754375057150453E-002,  0.0000000000000000     )
 mdl_Axial_tbGp =  (-0.99366614581500623     , -0.0000000000000000     )
 mdl_Vector_tdGm =  (  7.9699418879263656E-003, -3.1310485988282153E-003)
 mdl_Vector_tsGm =  ( -4.0754375057150453E-002,  0.0000000000000000     )
 mdl_Vector_tbGm =  ( 0.99366614581500623     ,  0.0000000000000000     )
 mdl_Axial_tdGm =  ( -7.9699418879263656E-003,  3.1310485988282153E-003)
 mdl_Axial_tsGm =  (  4.0754375057150453E-002, -0.0000000000000000     )
 mdl_Axial_tbGm =  (-0.99366614581500623     ,  0.0000000000000000     )
 mdl_gw__exp__2 =   0.42671326129048615     
 mdl_cw__exp__2 =   0.77775351421422245     
 mdl_ee__exp__2 =    9.4835522759998875E-002
 mdl_sw__exp__2 =   0.22224648578577769     
 mdl_yt__exp__2 =   0.98737240933884918     
  Internal Params evaluated point by point
  ----------------------------------------
  
 mdl_sqrt__aS =   0.34351128074635334     
 mdl_G__exp__4 =    2.1987899468922913     
 mdl_G__exp__2 =    1.4828317324943823     
 mdl_R2MixedFactor_FIN_ =   -2.5040377713124864E-002
 mdl_G_UVg_1EPS_ =   -5.1645779033320030E-002
 mdl_G_UVq_1EPS_ =    3.1300472141406080E-003
 mdl_G_UVb_1EPS_ =    3.1300472141406080E-003
 mdl_GWcft_UV_t_1EPS_ =   -3.1300472141406080E-003
 mdl_tWcft_UV_1EPS_ =   -1.8780283284843650E-002
 mdl_G__exp__3 =    1.8056676068262196     
 mdl_MU_R__exp__2 =    8315.2513440000002     
 mdl_G_UVt_FIN_ =   -4.0087659331150384E-003
 mdl_GWcft_UV_t_FIN_ =    4.0087659331150384E-003
 mdl_tWcft_UV_FIN_ =   -9.8778211443463623E-004
  Couplings of loop_sm-ckm_no_b_mass
  ---------------------------------
  
       UV_3Gt =   0.48815E-02   0.00000E+00
      UV_GQQt =   0.00000E+00  -0.48815E-02
   UVWfct_G_2 =   0.40088E-02   0.00000E+00
       R2_DDA =   0.00000E+00   0.25704E-02
       R2_UUA =  -0.00000E+00  -0.51409E-02
    R2_DDZ_V2 =   0.00000E+00   0.72127E-02
    R2_UUZ_V2 =  -0.00000E+00  -0.72127E-02
    R2_UUZ_V5 =   0.00000E+00   0.68702E-03
      R2_GGHt =   0.00000E+00  -0.45657E+01
     R2_GGZup =  -0.46369E-02   0.00000E+00
   R2_GGZdown =   0.46369E-02   0.00000E+00
 R2_GGGZvecUp =   0.00000E+00   0.28750E-03
 R2_GGGZvecDown  -0.00000E+00  -0.49665E-03
 R2_GGGZaxialUp  -0.00000E+00  -0.63522E-02
 R2_GGGZaxialDow  0.00000E+00   0.63522E-02
 R2_GGGAvecUp =   0.00000E+00   0.78251E-03
 R2_GGGAvecDown  -0.00000E+00  -0.39126E-03
         GC_4 =  -0.12177E+01   0.00000E+00
         GC_5 =   0.00000E+00   0.12177E+01
         GC_6 =   0.00000E+00   0.14828E+01
       R2_3Gq =   0.76230E-02   0.00000E+00
       R2_3Gg =   0.31445E-01   0.00000E+00
       R2_GQQ =  -0.00000E+00  -0.30492E-01
       R2_GGq =   0.00000E+00   0.62601E-02
       R2_GGt =  -0.00000E+00  -0.11242E+04
     R2_GGg_1 =   0.00000E+00   0.28170E-01
     R2_GGg_2 =  -0.00000E+00  -0.18780E-01
       R2_QQq =   0.00000E+00   0.12520E-01
  UV_3Gg_1eps =   0.62890E-01   0.00000E+00
  UV_3Gb_1eps =  -0.38115E-02   0.00000E+00
 UV_GQQg_1eps =   0.00000E+00  -0.62890E-01
 UV_GQQq_1eps =   0.00000E+00   0.38115E-02
 UVWfct_G_2_1eps -0.31300E-02   0.00000E+00
         GC_1 =  -0.00000E+00  -0.10265E+00
         GC_2 =   0.00000E+00   0.20530E+00
        GC_21 =  -0.00000E+00  -0.28804E+00
        GC_22 =   0.00000E+00   0.28804E+00
        GC_23 =  -0.00000E+00  -0.27437E-01
        GC_24 =   0.00000E+00   0.82310E-01
        GC_37 =  -0.00000E+00  -0.70263E+00
        GC_38 =  -0.00000E+00  -0.72172E-02
      GC_1003 =  -0.00000E+00  -0.30795E+00

 Collider parameters:
 --------------------

 Running at P P   machine @    13000.000000000000       GeV
 PDF set = lhapdf 
 alpha_s(Mz)= 0.1180 running at 3 loops.
 alpha_s(Mz)= 0.1180 running at 3 loops.
 Renormalization scale set on event-by-event basis
 Factorization   scale set on event-by-event basis


 ===============================================================
 INFO: MadFKS read these parameters from FKS_params.dat
 ===============================================================
  > IRPoleCheckThreshold      =    1.0000000000000001E-005
  > PrecisionVirtualAtRunTime =    1.0000000000000000E-003
  > NHelForMCoverHels         =            4
  > VirtualFraction           =    1.0000000000000000     
  > MinVirtualFraction        =    5.0000000000000001E-003
 ===============================================================
  Insert the number of points to test
 Insert the relative tolerance
  A negative number will mean use the default one:    1.0000000000000001E-005
Using random seed offsets:     0 ,     91 ,      0
  with seed                   32
 Ranmar initialization seeds       10729        9497
  ========================================================================================== 
 {                                                                                          }
 {       [32m                                                                            [0m       }
 {       [32m                               ,,                                           [0m       }
 {       [32m`7MMM.     ,MMF'             `7MM  `7MMF'                                   [0m       }
 {       [32m  MMMb    dPMM                 MM    MM                                     [0m       }
 {       [32m  M YM   ,M MM   ,6"Yb.   ,M""bMM    MM         ,pW"Wq.   ,pW"Wq.`7MMpdMAo. [0m       }
 {       [32m  M  Mb  M' MM  8)   MM ,AP    MM    MM        6W'   `Wb 6W'   `Wb MM   `Wb [0m       }
 {       [32m  M  YM.P'  MM   ,pm9MM 8MI    MM    MM      , 8M     M8 8M     M8 MM    M8 [0m       }
 {       [32m  M  `YM'   MM  8M   MM `Mb    MM    MM     ,M YA.   ,A9 YA.   ,A9 MM   ,AP [0m       }
 {       [32m.JML. `'  .JMML.`Moo9^Yo.`Wbmd"MML..JMMmmmmMMM  `Ybmd9'   `Ybmd9'  MMbmmd'  [0m       }
 {       [32m                                                                   MM       [0m       }
 {       [32m                                                                 .JMML.     [0m       }
 {       [32m[0mv2.4.2 (2016-06-10), Ref: arXiv:1103.0621v2, arXiv:1405.0301[32m                [0m       }
 {       [32m                                                                            [0m       }
 {                                                                                          }
  ========================================================================================== 
 ===============================================================
 INFO: MadLoop read these parameters from ./MadLoop5_resources/MadLoopParams.dat                                                                                                                                                                                                                                                                                                                                                                                                                                                                                          
 ===============================================================
  > MLReductionLib            = 6|1|2
  > IREGIMODE                 =            2
  > IREGIRECY                 =  T
  > CTModeRun                 =           -1
  > MLStabThres               =    1.0000000000000000E-003
  > NRotations_DP             =            1
  > NRotations_QP             =            0
  > CTStabThres               =    1.0000000000000000E-002
  > CTLoopLibrary             =            2
  > CTModeInit                =            1
  > CheckCycle                =            3
  > MaxAttempts               =           10
  > UseLoopFilter             =  F
  > HelicityFilterLevel       =            2
  > ImprovePSPoint            =            2
  > DoubleCheckHelicityFilter =  T
  > LoopInitStartOver         =  F
  > HelInitStartOver          =  F
  > ZeroThres                 =    1.0000000000000001E-009
  > OSThres                   =    1.0000000000000000E-008
  > WriteOutFilters           =  T
  > UseQPIntegrandForNinja    =  F
  > UseQPIntegrandForCutTools =  T
 ===============================================================
  
------------------------------------------------------------------------
|              You are using CutTools - Version 1.9.3                  |
|              Authors: G. Ossola, C. Papadopoulos, R. Pittau          |
|              Published in JHEP 0803:042,2008                         |
|              http://www.ugr.es/~pittau/CutTools                      |
|                                                                      |
|              Compiler with  34  significant digits detetected        |
 ---------------------------------------------------------------------- 
   
########################################################################
#                                                                      #
#                      You are using OneLOop-3.6                       #
#                                                                      #
# for the evaluation of 1-loop scalar 1-, 2-, 3- and 4-point functions #
#                                                                      #
# author: Andreas van Hameren <hamerenREMOVETHIS@ifj.edu.pl>           #
#   date: 18-02-2015                                                   #
#                                                                      #
# Please cite                                                          #
#    A. van Hameren,                                                   #
#      Comput.Phys.Commun. 182 (2011) 2427-2438, arXiv:1007.4716       #
#    A. van Hameren, C.G. Papadopoulos and R. Pittau,                  #
#      JHEP 0909:106,2009, arXiv:0903.4665                             #
# in publications with results obtained with the help of this program. #
#                                                                      #
########################################################################
 PASSED   1.0000000000000001E-005
 MU_R    =    325.00000000000000     
 ALPHA_S =   0.11799999999999999     
 BORN                    8.5019223241076525E-008
 SINGLE POLE (MadFKS)   -3.7641201057387733E-008
 DOUBLE POLE (MadFKS)   -1.3837937508414762E-008
 SINGLE POLE (MadLoop)  -3.7641201057390665E-008
 DOUBLE POLE (MadLoop)  -1.3837937508414782E-008
 FINITE PART (MadLoop)  -2.1737769985466511E-008
   325.00000000000000        0.0000000000000000        0.0000000000000000        325.00000000000000        0.0000000000000000     
   325.00000000000000        0.0000000000000000        0.0000000000000000       -325.00000000000000        0.0000000000000000     
   226.40066074144306       -140.77016901802358       -141.45501550384287       -106.90341228701098        1.7769999999999999     
   29.872178546074291       -24.939225908364811       -5.6538404700400697       -15.338136168368822        1.7769999999999999     
   96.411429831196372       -11.530406817787028        35.631695918020696       -88.840282342627333        0.0000000000000000     
   297.31573088128636        177.23980174417548        111.47716005586227        211.08183079800710        0.0000000000000000     

 PASSED   1.0000000000000001E-005
 MU_R    =    325.00000000000000     
 ALPHA_S =   0.11799999999999999     
 BORN                    4.7913657921585576E-010
 SINGLE POLE (MadFKS)   -1.9466853758133275E-010
 DOUBLE POLE (MadFKS)   -7.7985445978307397E-011
 SINGLE POLE (MadLoop)  -1.9466853758138967E-010
 DOUBLE POLE (MadLoop)  -7.7985445978305264E-011
 FINITE PART (MadLoop)   9.0530550960223325E-011
   325.00000000000000        0.0000000000000000        0.0000000000000000        325.00000000000000        0.0000000000000000     
   325.00000000000000        0.0000000000000000        0.0000000000000000       -325.00000000000000        0.0000000000000000     
   237.52468057159896        158.80241155678894       -66.803466983965563       -163.50506730468811        1.7769999999999999     
   264.20096195880535       -149.43078940531944        73.072067261529099        205.25570085819257        1.7769999999999999     
   69.184330496449391        43.932407220202371       -53.022760749623515       -6.7083548332236900        0.0000000000000000     
   79.090026973146479       -53.304029371671852        46.754160472060008       -35.042278720280812        0.0000000000000000     

 PASSED   1.0000000000000001E-005
 MU_R    =    325.00000000000000     
 ALPHA_S =   0.11799999999999999     
 BORN                    4.7789105943238939E-009
 SINGLE POLE (MadFKS)   -2.0616760737756050E-009
 DOUBLE POLE (MadFKS)   -7.7782722120430819E-010
 SINGLE POLE (MadLoop)  -2.0616760737758449E-009
 DOUBLE POLE (MadLoop)  -7.7782722120433342E-010
 FINITE PART (MadLoop)  -3.2497266353500487E-010
   325.00000000000000        0.0000000000000000        0.0000000000000000        325.00000000000000        0.0000000000000000     
   325.00000000000000        0.0000000000000000        0.0000000000000000       -325.00000000000000        0.0000000000000000     
   132.95835767873842       -105.49723018933550       -65.700262416906995        47.207807493626071        1.7769999999999999     
   216.32394488188703        127.32820185790143       -72.915886441683497       -158.94556903644317        1.7769999999999999     
   238.78239871361552       -41.819988274340815        172.90863780311085        159.28190571824103        0.0000000000000000     
   61.935298725763083        19.989016605775010       -34.292488944520478       -47.544144175423973        0.0000000000000000     

 PASSED   1.0000000000000001E-005
 MU_R    =    325.00000000000000     
 ALPHA_S =   0.11799999999999999     
 BORN                    1.2699303388122771E-007
 SINGLE POLE (MadFKS)   -8.1851864095052588E-008
 DOUBLE POLE (MadFKS)   -2.0669697979590432E-008
 SINGLE POLE (MadLoop)  -8.1851864095049783E-008
 DOUBLE POLE (MadLoop)  -2.0669697979591240E-008
 FINITE PART (MadLoop)  -1.0756464990983578E-007
   325.00000000000000        0.0000000000000000        0.0000000000000000        325.00000000000000        0.0000000000000000     
   325.00000000000000        0.0000000000000000        0.0000000000000000       -325.00000000000000        0.0000000000000000     
   323.35652748921274        220.33347300519173        112.22622866484912        208.36199368891027        1.7769999999999999     
   194.30944493236481       -126.63911152349199       -69.558708915395258       -129.91198600393878        1.7769999999999999     
   90.429400829312968       -71.949191313916160       -19.369382940512750       -51.240778761898419        0.0000000000000000     
   41.904626749109845       -21.745170167783026       -23.298136808941280       -27.209228923073578        0.0000000000000000     

 PASSED   1.0000000000000001E-005
 MU_R    =    325.00000000000000     
 ALPHA_S =   0.11799999999999999     
 BORN                    4.1423985728949002E-010
 SINGLE POLE (MadFKS)   -9.2863212719999766E-011
 DOUBLE POLE (MadFKS)   -6.7422696187338512E-011
 SINGLE POLE (MadLoop)  -9.2863212719775083E-011
 DOUBLE POLE (MadLoop)  -6.7422696187338382E-011
 FINITE PART (MadLoop)   1.0422074477904565E-010
   325.00000000000000        0.0000000000000000        0.0000000000000000        325.00000000000000        0.0000000000000000     
   325.00000000000000        0.0000000000000000        0.0000000000000000       -325.00000000000000        0.0000000000000000     
   118.97563502712059        35.614566591521282       -21.138466739315017        111.52045494668492        1.7769999999999999     
   148.39150209650182        41.178484033037478       -141.74753117899564        15.127789754509934        1.7769999999999999     
   243.89076151984224        53.161949755076165        209.51110015970582       -112.96729421756115        0.0000000000000000     
   138.74210135653522       -129.95500037963492       -46.625102241395169       -13.680950483633705        0.0000000000000000     

 PASSED   1.0000000000000001E-005
 MU_R    =    325.00000000000000     
 ALPHA_S =   0.11799999999999999     
 BORN                    2.0204864160082713E-009
 SINGLE POLE (MadFKS)   -8.4269043252038889E-010
 DOUBLE POLE (MadFKS)   -3.2885932963705285E-010
 SINGLE POLE (MadLoop)  -8.4269043252038827E-010
 DOUBLE POLE (MadLoop)  -3.2885932963704995E-010
 FINITE PART (MadLoop)  -2.1363567793139814E-010
   325.00000000000000        0.0000000000000000        0.0000000000000000        325.00000000000000        0.0000000000000000     
   325.00000000000000        0.0000000000000000        0.0000000000000000       -325.00000000000000        0.0000000000000000     
   232.14946576667745       -122.22024928230077        193.21284674394585        40.264416613513156        1.7769999999999999     
   109.78043152202072       -7.2397345795682693       -6.6992380208147022        109.32196425841867        1.7769999999999999     
   198.07025628801935        63.550218391351279       -98.989726397677615       -159.35567211783263        0.0000000000000000     
   109.99984642328243        65.909765470517712       -87.523882325453556        9.7692912459009005        0.0000000000000000     

 PASSED   1.0000000000000001E-005
 MU_R    =    325.00000000000000     
 ALPHA_S =   0.11799999999999999     
 BORN                    8.1782068712224656E-010
 SINGLE POLE (MadFKS)   -2.1419451097344894E-010
 DOUBLE POLE (MadFKS)   -1.3311050289646437E-010
 SINGLE POLE (MadLoop)  -2.1419451097345395E-010
 DOUBLE POLE (MadLoop)  -1.3311050289646654E-010
 FINITE PART (MadLoop)   2.2722304877770644E-010
   325.00000000000000        0.0000000000000000        0.0000000000000000        325.00000000000000        0.0000000000000000     
   325.00000000000000        0.0000000000000000        0.0000000000000000       -325.00000000000000        0.0000000000000000     
   127.98834184584416        78.767618983714755       -91.797320777865252       -41.794401743423364        1.7769999999999999     
   130.38391558502596        7.9805072182211498        37.825143080306383       -124.50854496691161        1.7769999999999999     
   177.81195177379945        100.99116710974968       -44.740773667076283        139.34180109030461        0.0000000000000000     
   213.81579079533037       -187.73929331168554        98.712951364635501        26.961145620030432        0.0000000000000000     

 PASSED   1.0000000000000001E-005
 MU_R    =    325.00000000000000     
 ALPHA_S =   0.11799999999999999     
 BORN                    1.7477658513564789E-007
 SINGLE POLE (MadFKS)   -3.8306982223555872E-008
 DOUBLE POLE (MadFKS)   -2.8447066096843862E-008
 SINGLE POLE (MadLoop)  -3.8306982223537290E-008
 DOUBLE POLE (MadLoop)  -2.8447066096843253E-008
 FINITE PART (MadLoop)   5.5584642577528361E-008
   325.00000000000000        0.0000000000000000        0.0000000000000000        325.00000000000000        0.0000000000000000     
   325.00000000000000        0.0000000000000000        0.0000000000000000       -325.00000000000000        0.0000000000000000     
   91.415353547273767       -44.875508053451981       -30.934998043537526       -73.367730019157278        1.7769999999999999     
   168.92524766118910       -144.29253155630707        35.056186492830157       -80.519008277835269        1.7769999999999999     
   221.30935759833412        127.64762864776530        145.50073745921304        107.30074585022540        0.0000000000000000     
   168.35004119320303        61.520410961993726       -149.62192590850569        46.585992446767001        0.0000000000000000     

 PASSED   1.0000000000000001E-005
 MU_R    =    325.00000000000000     
 ALPHA_S =   0.11799999999999999     
 BORN                    5.0067435074507863E-010
 SINGLE POLE (MadFKS)   -1.4989638685221029E-010
 DOUBLE POLE (MadFKS)   -8.1490986550547138E-011
 SINGLE POLE (MadLoop)  -1.4989638685222021E-010
 DOUBLE POLE (MadLoop)  -8.1490986550550744E-011
 FINITE PART (MadLoop)   1.5945496164270994E-010
   325.00000000000000        0.0000000000000000        0.0000000000000000        325.00000000000000        0.0000000000000000     
   325.00000000000000        0.0000000000000000        0.0000000000000000       -325.00000000000000        0.0000000000000000     
   209.89908804463522       -185.84630194422439        29.059787191746928       -93.119011243655720        1.7769999999999999     
   120.46193977334094        53.035743726579355        21.701044455980600       -105.94430499958064        1.7769999999999999     
   195.34912676430841        145.09735561851093        46.252473600144533        122.34683243125298        0.0000000000000000     
   124.28984541772124       -12.286797400865863       -97.013305247872054        76.716483811983423        0.0000000000000000     

 PASSED   1.0000000000000001E-005
 MU_R    =    325.00000000000000     
 ALPHA_S =   0.11799999999999999     
 BORN                    1.5199556893544055E-006
 SINGLE POLE (MadFKS)   -6.1122196444024052E-007
 DOUBLE POLE (MadFKS)   -2.4739171969620807E-007
 SINGLE POLE (MadLoop)  -6.1122196444041395E-007
 DOUBLE POLE (MadLoop)  -2.4739171969627652E-007
 FINITE PART (MadLoop)  -1.5742530118490203E-007
   325.00000000000000        0.0000000000000000        0.0000000000000000        325.00000000000000        0.0000000000000000     
   325.00000000000000        0.0000000000000000        0.0000000000000000       -325.00000000000000        0.0000000000000000     
   48.417685090199178       -12.671575740005965       -23.174683780203484       -40.539853236618413        1.7769999999999999     
   237.75211509364985       -214.80156004458124       -74.232415353033332       -69.805077292221284        1.7769999999999999     
   142.03826186336087        44.597392707642534       -26.149744193033964        132.29562077213239        0.0000000000000000     
   221.79193795279016        182.87574307694473        123.55684332627075       -21.950690243292584        0.0000000000000000     

 PASSED   1.0000000000000001E-005
 MU_R    =    325.00000000000000     
 ALPHA_S =   0.11799999999999999     
 BORN                    3.3918581010350463E-009
 SINGLE POLE (MadFKS)   -1.3460443952249353E-009
 DOUBLE POLE (MadFKS)   -5.5206715199506002E-010
 SINGLE POLE (MadLoop)  -1.3460443952249024E-009
 DOUBLE POLE (MadLoop)  -5.5206715199506240E-010
 FINITE PART (MadLoop)  -4.1918513574702605E-010
   325.00000000000000        0.0000000000000000        0.0000000000000000        325.00000000000000        0.0000000000000000     
   325.00000000000000        0.0000000000000000        0.0000000000000000       -325.00000000000000        0.0000000000000000     
   286.01956880937064       -263.57470626601855       -96.334253424463370       -55.246012044595481        1.7769999999999999     
   41.518845222588325        18.729664505921850       -33.114681492825532       -16.531010759828746        1.7769999999999999     
   85.083245021702609        20.781602882227890        51.399782141420047        64.539491482990613        0.0000000000000000     
   237.37834094633851        224.06343887786880        78.049152775868862        7.2375313214336403        0.0000000000000000     

 PASSED   1.0000000000000001E-005
 MU_R    =    325.00000000000000     
 ALPHA_S =   0.11799999999999999     
 BORN                    3.5207693656224625E-009
 SINGLE POLE (MadFKS)   -1.4439905579115556E-009
 DOUBLE POLE (MadFKS)   -5.7304906591390561E-010
 SINGLE POLE (MadLoop)  -1.4439905579115544E-009
 DOUBLE POLE (MadLoop)  -5.7304906591392422E-010
 FINITE PART (MadLoop)  -5.9417700920372991E-010
   325.00000000000000        0.0000000000000000        0.0000000000000000        325.00000000000000        0.0000000000000000     
   325.00000000000000        0.0000000000000000        0.0000000000000000       -325.00000000000000        0.0000000000000000     
   219.51094125597578        185.80577101859234        110.47062966655488       -38.135954679878743        1.7769999999999999     
   127.21646180011021       -32.980816407042418        109.77838925354361       -55.152891365379134        1.7769999999999999     
   48.570975859084889        13.235831479181533       -39.785242938067498        24.517073751111955        0.0000000000000000     
   254.70162108483373       -166.06078609073148       -180.46377598203097        68.771772294145975        0.0000000000000000     

 PASSED   1.0000000000000001E-005
 MU_R    =    325.00000000000000     
 ALPHA_S =   0.11799999999999999     
 BORN                    4.0743630882596668E-010
 SINGLE POLE (MadFKS)   -1.5170395247971374E-010
 DOUBLE POLE (MadFKS)   -6.6315333935783376E-011
 SINGLE POLE (MadLoop)  -1.5170395280198915E-010
 DOUBLE POLE (MadLoop)  -6.6315333935783169E-011
 FINITE PART (MadLoop)   4.1002107392059004E-011
   325.00000000000000        0.0000000000000000        0.0000000000000000        325.00000000000000        0.0000000000000000     
   325.00000000000000        0.0000000000000000        0.0000000000000000       -325.00000000000000        0.0000000000000000     
   59.306170064693525       -57.782817036812297        12.189598578181787       -5.1598275683799502        1.7769999999999999     
   270.19140441522023       -86.192063992556115       -128.60709966000607        221.43030351018700        1.7769999999999999     
   140.78205115795288        39.601994050219432        115.56826238535746       -69.966025503211313        0.0000000000000000     
   179.72037436213327        104.37288697914913       0.84923869646681660       -146.30445043859575        0.0000000000000000     

 PASSED   1.0000000000000001E-005
 MU_R    =    325.00000000000000     
 ALPHA_S =   0.11799999999999999     
 BORN                    7.2968837123973670E-010
 SINGLE POLE (MadFKS)   -2.7997131473351537E-010
 DOUBLE POLE (MadFKS)   -1.1876587078666626E-010
 SINGLE POLE (MadLoop)  -2.7997131473343193E-010
 DOUBLE POLE (MadLoop)  -1.1876587078666644E-010
 FINITE PART (MadLoop)   9.9854383599486896E-012
   325.00000000000000        0.0000000000000000        0.0000000000000000        325.00000000000000        0.0000000000000000     
   325.00000000000000        0.0000000000000000        0.0000000000000000       -325.00000000000000        0.0000000000000000     
Thanks for using LHAPDF 6.2.1. Please make sure to cite the paper:
  Eur.Phys.J. C75 (2015) 3, 132  (http://arxiv.org/abs/1412.7420)
   53.924511922468277       -49.564663324258909       -19.202714735004182       -8.9047826158385917        1.7769999999999999     
   286.50176105904438        203.30231593172059       -177.30996486159236        96.485470711986082        1.7769999999999999     
   163.04618643977258       -67.091831669097630        147.27285407541308        19.835611619525313        0.0000000000000000     
   146.52754057871473       -86.645820938364082        49.239825521183541       -107.41629971567279        0.0000000000000000     

 PASSED   1.0000000000000001E-005
 MU_R    =    325.00000000000000     
 ALPHA_S =   0.11799999999999999     
 BORN                    2.9086877361126559E-008
 SINGLE POLE (MadFKS)   -1.5618534120224124E-008
 DOUBLE POLE (MadFKS)   -4.7342515715166729E-009
 SINGLE POLE (MadLoop)  -1.5618534120224613E-008
 DOUBLE POLE (MadLoop)  -4.7342515715166233E-009
 FINITE PART (MadLoop)  -3.1430900895392355E-009
   325.00000000000000        0.0000000000000000        0.0000000000000000        325.00000000000000        0.0000000000000000     
   325.00000000000000        0.0000000000000000        0.0000000000000000       -325.00000000000000        0.0000000000000000     
   119.91717886252485       -44.282813398557437        83.145530847088096        74.181029886428732        1.7769999999999999     
   133.65284488599335        51.341183190631945       -98.535199470603217       -74.261851518756274        1.7769999999999999     
   198.44779308499488       -57.643846329632751       -10.131520583748840       -189.62084761779676        0.0000000000000000     
   197.98218316648692        50.585476537558314        25.521189207263898        189.70166925012433        0.0000000000000000     

 PASSED   1.0000000000000001E-005
 MU_R    =    325.00000000000000     
 ALPHA_S =   0.11799999999999999     
 BORN                    6.4666480174437646E-010
 SINGLE POLE (MadFKS)   -2.9189024612257376E-010
 DOUBLE POLE (MadFKS)   -1.0525275078150426E-010
 SINGLE POLE (MadLoop)  -2.9189024612936000E-010
 DOUBLE POLE (MadLoop)  -1.0525275078150531E-010
 FINITE PART (MadLoop)   6.3720133357143378E-011
   325.00000000000000        0.0000000000000000        0.0000000000000000        325.00000000000000        0.0000000000000000     
   325.00000000000000        0.0000000000000000        0.0000000000000000       -325.00000000000000        0.0000000000000000     
   208.35656775185669        123.50708137724470        31.915316398652873       -164.73225253478014        1.7769999999999999     
   168.70744753505136       -126.41803278281684        12.263400636017424        111.02763222259252        1.7769999999999999     
   170.89328493612834       -11.156858994569355       -103.38149481053441        135.61823573684876        0.0000000000000000     
   102.04269977696570        14.067810400141518        59.202777775864121       -81.913615424661089        0.0000000000000000     

 PASSED   1.0000000000000001E-005
 MU_R    =    325.00000000000000     
 ALPHA_S =   0.11799999999999999     
 BORN                    2.6361885073827923E-010
 SINGLE POLE (MadFKS)   -8.3904735819450534E-011
 DOUBLE POLE (MadFKS)   -4.2907251366111587E-011
 SINGLE POLE (MadLoop)  -8.3904735819468862E-011
 DOUBLE POLE (MadLoop)  -4.2907251366111819E-011
 FINITE PART (MadLoop)   4.6612915670507929E-011
   325.00000000000000        0.0000000000000000        0.0000000000000000        325.00000000000000        0.0000000000000000     
   325.00000000000000        0.0000000000000000        0.0000000000000000       -325.00000000000000        0.0000000000000000     
   155.65003699714777        137.55632892442773       -16.287605015363873       -70.970040044455473        1.7769999999999999     
   178.13733039762937        56.473723812420324       -124.39529218468641        114.30783242297592        1.7769999999999999     
   40.342036660047981        37.393743620290451       -6.5148117167731092       -13.665470655474648        0.0000000000000000     
   275.87059594517876       -231.42379635713849        147.19770891682347       -29.672321723045759        0.0000000000000000     

 PASSED   1.0000000000000001E-005
 MU_R    =    325.00000000000000     
 ALPHA_S =   0.11799999999999999     
 BORN                    3.5316527681578688E-009
 SINGLE POLE (MadFKS)   -6.0450045147684606E-010
 DOUBLE POLE (MadFKS)   -5.7482047523079428E-010
 SINGLE POLE (MadLoop)  -6.0450045156709395E-010
 DOUBLE POLE (MadLoop)  -5.7482047523076378E-010
 FINITE PART (MadLoop)   9.5939617744657219E-010
   325.00000000000000        0.0000000000000000        0.0000000000000000        325.00000000000000        0.0000000000000000     
   325.00000000000000        0.0000000000000000        0.0000000000000000       -325.00000000000000        0.0000000000000000     
   113.98045265513690        30.680330102492853        72.297427249716222        82.584412671786723        1.7769999999999999     
   97.386797498892832        45.988116324830855        57.346437822769708        63.855382106940638        1.7769999999999999     
   200.79872952278092        127.38551543302385       -152.93964476040071       -26.505193762510256        0.0000000000000000     
   237.83402032318926       -204.05396186034750        23.295779687914784       -119.93460101621707        0.0000000000000000     

 PASSED   1.0000000000000001E-005
 MU_R    =    325.00000000000000     
 ALPHA_S =   0.11799999999999999     
 BORN                    1.7311648984255535E-009
 SINGLE POLE (MadFKS)   -5.7995795949438362E-010
 DOUBLE POLE (MadFKS)   -2.8176864911181542E-010
 SINGLE POLE (MadLoop)  -5.7995795949435043E-010
 DOUBLE POLE (MadLoop)  -2.8176864911181589E-010
 FINITE PART (MadLoop)   6.0038701425272077E-010
   325.00000000000000        0.0000000000000000        0.0000000000000000        325.00000000000000        0.0000000000000000     
   325.00000000000000        0.0000000000000000        0.0000000000000000       -325.00000000000000        0.0000000000000000     
   99.735679055117004       -60.411756759082564       -78.311133902472861        12.721395354901610        1.7769999999999999     
   265.53962483537032        159.39078898449242        41.953485008547382       -208.18889526400739        1.7769999999999999     
   112.54594132259508        20.328363820951324        78.020140262405121        78.525182241028133        0.0000000000000000     
   172.17875478691761       -119.30739604636116       -41.662491368479635        116.94231766807762        0.0000000000000000     

 PASSED   1.0000000000000001E-005
 MU_R    =    325.00000000000000     
 ALPHA_S =   0.11799999999999999     
 BORN                    3.5003913537525931E-010
 SINGLE POLE (MadFKS)   -6.5143692289898454E-011
 DOUBLE POLE (MadFKS)   -5.6973229067118916E-011
 SINGLE POLE (MadLoop)  -6.5143692289895830E-011
 DOUBLE POLE (MadLoop)  -5.6973229067118302E-011
 FINITE PART (MadLoop)   1.0044148027817864E-010
   325.00000000000000        0.0000000000000000        0.0000000000000000        325.00000000000000        0.0000000000000000     
   325.00000000000000        0.0000000000000000        0.0000000000000000       -325.00000000000000        0.0000000000000000     
   25.015806882304087        15.154648056878283       -18.495472874290961       -7.1335117860178849        1.7769999999999999     
   202.02548974557209       -186.22318771493397       -33.522311316797399        70.769483389427521        1.7769999999999999     
   176.11884965397675        38.977666099528918       -156.37414280233520       -71.033219071843945        0.0000000000000000     
   246.83985371814711        132.09087355852691        208.39192699342337        7.3972474684343803        0.0000000000000000     

 NUMBER OF POINTS PASSING THE CHECK          20
 NUMBER OF POINTS FAILING THE CHECK           0
 TOLERANCE    1.0000000000000001E-005
