==== LHAPDF6 USING DEFAULT-TYPE LHAGLUE INTERFACE ====
LHAPDF 6.2.1 loading /cvmfs/cms.cern.ch/slc6_amd64_gcc481/external/lhapdf/6.2.1/share/LHAPDF/NNPDF31_nnlo_hessian_pdfas/NNPDF31_nnlo_hessian_pdfas_0000.dat
NNPDF31_nnlo_hessian_pdfas PDF set, member #0, version 1; LHAPDF ID = 306000
 A PDF is used, so alpha_s(MZ) is going to be modified
 Old value of alpha_s from param_card:   0.11799999999999999     
 New value of alpha_s from PDF lhapdf :  0.11800208008122040     
 using LHAPDF
 *****************************************************
 *               MadGraph/MadEvent                   *
 *        --------------------------------           *
 *          http://madgraph.hep.uiuc.edu             *
 *          http://madgraph.phys.ucl.ac.be           *
 *          http://madgraph.roma2.infn.it            *
 *        --------------------------------           *
 *                                                   *
 *          PARAMETER AND COUPLING VALUES            *
 *                                                   *
 *****************************************************

  External Params
  ---------------------------------
  
 MU_R =    91.188000000000002     
 aEWM1 =    132.50700000000001     
 mdl_Gf =    1.1663900000000000E-005
 aS =   0.11799999999999999     
 mdl_lamWS =   0.22530000000000000     
 mdl_AWS =   0.80800000000000005     
 mdl_rhoWS =   0.13200000000000001     
 mdl_etaWS =   0.34100000000000003     
 mdl_ymt =    173.00000000000000     
 mdl_ymtau =    1.7769999999999999     
 mdl_MT =    173.00000000000000     
 mdl_MZ =    91.188000000000002     
 mdl_MH =    125.00000000000000     
 mdl_MTA =    1.7769999999999999     
 mdl_WT =    1.4915000000000000     
 mdl_WZ =    2.4414039999999999     
 mdl_WW =    2.0476000000000001     
 mdl_WH =    6.3823389999999999E-003
  Internal Params
  ---------------------------------
  
 mdl_CKM33 =    1.0000000000000000     
 mdl_conjg__CKM3x3 =    1.0000000000000000     
 mdl_I4x33 =    0.0000000000000000     
 mdl_I1x33 =    0.0000000000000000     
 mdl_lhv =    1.0000000000000000     
 mdl_CKM3x3 =    1.0000000000000000     
 mdl_conjg__CKM33 =    1.0000000000000000     
 mdl_Ncol =    3.0000000000000000     
 mdl_CA =    3.0000000000000000     
 mdl_TF =   0.50000000000000000     
 mdl_CF =    1.3333333333333333     
 mdl_lamWS__exp__2 =    5.0760090000000001E-002
 mdl_CKM11 =  ( 0.97461995499999998     ,  0.0000000000000000     )
 mdl_CKM12 =  ( 0.22530000000000000     ,  0.0000000000000000     )
 mdl_complexi =  (  0.0000000000000000     ,  1.0000000000000000     )
 mdl_lamWS__exp__3 =    1.1436248277000001E-002
 mdl_CKM13 =  (  1.2197444962317122E-003, -3.1510066152652563E-003)
 mdl_CKM21 =  (-0.22530000000000000     ,  0.0000000000000000     )
 mdl_CKM22 =  ( 0.97461995499999998     ,  0.0000000000000000     )
 mdl_CKM23 =  (  4.1014152720000002E-002,  0.0000000000000000     )
 mdl_CKM31 =  (  8.0207441115842885E-003, -3.1510066152652563E-003)
 mdl_CKM32 =  ( -4.1014152720000002E-002,  0.0000000000000000     )
 mdl_MZ__exp__2 =    8315.2513440000002     
 mdl_MZ__exp__4 =    69143404.913893804     
 mdl_sqrt__2 =    1.4142135623730951     
 mdl_MH__exp__2 =    15625.000000000000     
 mdl_CKM1x1 =  ( 0.97461995499999998     ,  0.0000000000000000     )
 mdl_CKM1x2 =  ( 0.22530000000000000     ,  0.0000000000000000     )
 mdl_CKM1x3 =  (  1.2197444962317122E-003, -3.1510066152652563E-003)
 mdl_CKM2x1 =  (-0.22530000000000000     ,  0.0000000000000000     )
 mdl_CKM2x2 =  ( 0.97461995499999998     ,  0.0000000000000000     )
 mdl_CKM2x3 =  (  4.1014152720000002E-002,  0.0000000000000000     )
 mdl_CKM3x1 =  (  8.0207441115842885E-003, -3.1510066152652563E-003)
 mdl_CKM3x2 =  ( -4.1014152720000002E-002,  0.0000000000000000     )
 mdl_conjg__CKM1x3 =  (  1.2197444962317122E-003,  3.1510066152652563E-003)
 mdl_conjg__CKM2x3 =  (  4.1014152720000002E-002, -0.0000000000000000     )
 mdl_conjg__CKM2x1 =  (-0.22530000000000000     , -0.0000000000000000     )
 mdl_conjg__CKM3x1 =  (  8.0207441115842885E-003,  3.1510066152652563E-003)
 mdl_conjg__CKM2x2 =  ( 0.97461995499999998     , -0.0000000000000000     )
 mdl_conjg__CKM3x2 =  ( -4.1014152720000002E-002, -0.0000000000000000     )
 mdl_Ncol__exp__2 =    9.0000000000000000     
 mdl_MT__exp__2 =    29929.000000000000     
 mdl_conjg__CKM11 =  ( 0.97461995499999998     , -0.0000000000000000     )
 mdl_conjg__CKM12 =  ( 0.22530000000000000     , -0.0000000000000000     )
 mdl_conjg__CKM13 =  (  1.2197444962317122E-003,  3.1510066152652563E-003)
 mdl_conjg__CKM21 =  (-0.22530000000000000     , -0.0000000000000000     )
 mdl_conjg__CKM22 =  ( 0.97461995499999998     , -0.0000000000000000     )
 mdl_conjg__CKM23 =  (  4.1014152720000002E-002, -0.0000000000000000     )
 mdl_conjg__CKM31 =  (  8.0207441115842885E-003,  3.1510066152652563E-003)
 mdl_conjg__CKM32 =  ( -4.1014152720000002E-002, -0.0000000000000000     )
 mdl_aEW =    7.5467711139788835E-003
 mdl_MW =    80.419002445756163     
 mdl_sqrt__aEW =    8.6872153846781555E-002
 mdl_ee =   0.30795376724436879     
 mdl_MW__exp__2 =    6467.2159543705357     
 mdl_sw2 =   0.22224648578577766     
 mdl_cw =   0.88190334743339216     
 mdl_sqrt__sw2 =   0.47143025548407230     
 mdl_sw =   0.47143025548407230     
 mdl_g1 =   0.34919219678733299     
 mdl_gw =   0.65323293034757990     
 mdl_v =    246.21845810181637     
 mdl_v__exp__2 =    60623.529110035903     
 mdl_lam =   0.12886910601690263     
 mdl_yt =   0.99366614581500623     
 mdl_ytau =    1.0206617000654717E-002
 mdl_muH =    88.388347648318430     
 mdl_AxialZUp =  -0.18517701861793787     
 mdl_AxialZDown =   0.18517701861793787     
 mdl_VectorZUp =    7.5430507588273299E-002
 mdl_VectorZDown =  -0.13030376310310560     
 mdl_VectorAUp =   0.20530251149624587     
 mdl_VectorADown =  -0.10265125574812294     
 mdl_VectorWmDxU =   0.23095271737156670     
 mdl_AxialWmDxU =  -0.23095271737156670     
 mdl_VectorWpUxD =   0.23095271737156670     
 mdl_AxialWpUxD =  -0.23095271737156670     
 mdl_I2x13 =  (  7.9699418879263656E-003,  3.1310485988282153E-003)
 mdl_I2x23 =  ( -4.0754375057150453E-002, -0.0000000000000000     )
 mdl_I2x33 =  ( 0.99366614581500623     ,  0.0000000000000000     )
 mdl_I3x31 =  (  7.9699418879263656E-003, -3.1310485988282153E-003)
 mdl_I3x32 =  ( -4.0754375057150453E-002,  0.0000000000000000     )
 mdl_I3x33 =  ( 0.99366614581500623     ,  0.0000000000000000     )
 mdl_Vector_tdGp =  ( -7.9699418879263656E-003, -3.1310485988282153E-003)
 mdl_Vector_tsGp =  (  4.0754375057150453E-002,  0.0000000000000000     )
 mdl_Vector_tbGp =  (-0.99366614581500623     ,  0.0000000000000000     )
 mdl_Axial_tdGp =  ( -7.9699418879263656E-003, -3.1310485988282153E-003)
 mdl_Axial_tsGp =  (  4.0754375057150453E-002,  0.0000000000000000     )
 mdl_Axial_tbGp =  (-0.99366614581500623     , -0.0000000000000000     )
 mdl_Vector_tdGm =  (  7.9699418879263656E-003, -3.1310485988282153E-003)
 mdl_Vector_tsGm =  ( -4.0754375057150453E-002,  0.0000000000000000     )
 mdl_Vector_tbGm =  ( 0.99366614581500623     ,  0.0000000000000000     )
 mdl_Axial_tdGm =  ( -7.9699418879263656E-003,  3.1310485988282153E-003)
 mdl_Axial_tsGm =  (  4.0754375057150453E-002, -0.0000000000000000     )
 mdl_Axial_tbGm =  (-0.99366614581500623     ,  0.0000000000000000     )
 mdl_gw__exp__2 =   0.42671326129048615     
 mdl_cw__exp__2 =   0.77775351421422245     
 mdl_ee__exp__2 =    9.4835522759998875E-002
 mdl_sw__exp__2 =   0.22224648578577769     
 mdl_yt__exp__2 =   0.98737240933884918     
  Internal Params evaluated point by point
  ----------------------------------------
  
 mdl_sqrt__aS =   0.34351128074635334     
 mdl_G__exp__4 =    2.1987899468922913     
 mdl_G__exp__2 =    1.4828317324943823     
 mdl_R2MixedFactor_FIN_ =   -2.5040377713124864E-002
 mdl_G_UVg_1EPS_ =   -5.1645779033320030E-002
 mdl_G_UVq_1EPS_ =    3.1300472141406080E-003
 mdl_G_UVb_1EPS_ =    3.1300472141406080E-003
 mdl_GWcft_UV_t_1EPS_ =   -3.1300472141406080E-003
 mdl_tWcft_UV_1EPS_ =   -1.8780283284843650E-002
 mdl_G__exp__3 =    1.8056676068262196     
 mdl_MU_R__exp__2 =    8315.2513440000002     
 mdl_G_UVt_FIN_ =   -4.0087659331150384E-003
 mdl_GWcft_UV_t_FIN_ =    4.0087659331150384E-003
 mdl_tWcft_UV_FIN_ =   -9.8778211443463623E-004
  Couplings of loop_sm-ckm_no_b_mass
  ---------------------------------
  
       UV_3Gt =   0.48815E-02   0.00000E+00
      UV_GQQt =   0.00000E+00  -0.48815E-02
   UVWfct_G_2 =   0.40088E-02   0.00000E+00
       R2_DDA =   0.00000E+00   0.25704E-02
       R2_UUA =  -0.00000E+00  -0.51409E-02
    R2_DDZ_V2 =   0.00000E+00   0.72127E-02
    R2_UUZ_V2 =  -0.00000E+00  -0.72127E-02
    R2_UUZ_V5 =   0.00000E+00   0.68702E-03
      R2_GGHt =   0.00000E+00  -0.45657E+01
     R2_GGZup =  -0.46369E-02   0.00000E+00
   R2_GGZdown =   0.46369E-02   0.00000E+00
 R2_GGGZvecUp =   0.00000E+00   0.28750E-03
 R2_GGGZvecDown  -0.00000E+00  -0.49665E-03
 R2_GGGZaxialUp  -0.00000E+00  -0.63522E-02
 R2_GGGZaxialDow  0.00000E+00   0.63522E-02
 R2_GGGAvecUp =   0.00000E+00   0.78251E-03
 R2_GGGAvecDown  -0.00000E+00  -0.39126E-03
         GC_4 =  -0.12177E+01   0.00000E+00
         GC_5 =   0.00000E+00   0.12177E+01
         GC_6 =   0.00000E+00   0.14828E+01
       R2_3Gq =   0.76230E-02   0.00000E+00
       R2_3Gg =   0.31445E-01   0.00000E+00
       R2_GQQ =  -0.00000E+00  -0.30492E-01
       R2_GGq =   0.00000E+00   0.62601E-02
       R2_GGt =  -0.00000E+00  -0.11242E+04
     R2_GGg_1 =   0.00000E+00   0.28170E-01
     R2_GGg_2 =  -0.00000E+00  -0.18780E-01
       R2_QQq =   0.00000E+00   0.12520E-01
  UV_3Gg_1eps =   0.62890E-01   0.00000E+00
  UV_3Gb_1eps =  -0.38115E-02   0.00000E+00
 UV_GQQg_1eps =   0.00000E+00  -0.62890E-01
 UV_GQQq_1eps =   0.00000E+00   0.38115E-02
 UVWfct_G_2_1eps -0.31300E-02   0.00000E+00
         GC_1 =  -0.00000E+00  -0.10265E+00
         GC_2 =   0.00000E+00   0.20530E+00
        GC_21 =  -0.00000E+00  -0.28804E+00
        GC_22 =   0.00000E+00   0.28804E+00
        GC_23 =  -0.00000E+00  -0.27437E-01
        GC_24 =   0.00000E+00   0.82310E-01
        GC_37 =  -0.00000E+00  -0.70263E+00
        GC_38 =  -0.00000E+00  -0.72172E-02
      GC_1003 =  -0.00000E+00  -0.30795E+00

 Collider parameters:
 --------------------

 Running at P P   machine @    13000.000000000000       GeV
 PDF set = lhapdf 
 alpha_s(Mz)= 0.1180 running at 3 loops.
 alpha_s(Mz)= 0.1180 running at 3 loops.
 Renormalization scale set on event-by-event basis
 Factorization   scale set on event-by-event basis


 ===============================================================
 INFO: MadFKS read these parameters from FKS_params.dat
 ===============================================================
  > IRPoleCheckThreshold      =    1.0000000000000001E-005
  > PrecisionVirtualAtRunTime =    1.0000000000000000E-003
  > NHelForMCoverHels         =            4
  > VirtualFraction           =    1.0000000000000000     
  > MinVirtualFraction        =    5.0000000000000001E-003
 ===============================================================
  Insert the number of points to test
 Insert the relative tolerance
  A negative number will mean use the default one:    1.0000000000000001E-005
Using random seed offsets:     0 ,     43 ,      0
  with seed                   32
 Ranmar initialization seeds       10729        9449
  ========================================================================================== 
 {                                                                                          }
 {       [32m                                                                            [0m       }
 {       [32m                               ,,                                           [0m       }
 {       [32m`7MMM.     ,MMF'             `7MM  `7MMF'                                   [0m       }
 {       [32m  MMMb    dPMM                 MM    MM                                     [0m       }
 {       [32m  M YM   ,M MM   ,6"Yb.   ,M""bMM    MM         ,pW"Wq.   ,pW"Wq.`7MMpdMAo. [0m       }
 {       [32m  M  Mb  M' MM  8)   MM ,AP    MM    MM        6W'   `Wb 6W'   `Wb MM   `Wb [0m       }
 {       [32m  M  YM.P'  MM   ,pm9MM 8MI    MM    MM      , 8M     M8 8M     M8 MM    M8 [0m       }
 {       [32m  M  `YM'   MM  8M   MM `Mb    MM    MM     ,M YA.   ,A9 YA.   ,A9 MM   ,AP [0m       }
 {       [32m.JML. `'  .JMML.`Moo9^Yo.`Wbmd"MML..JMMmmmmMMM  `Ybmd9'   `Ybmd9'  MMbmmd'  [0m       }
 {       [32m                                                                   MM       [0m       }
 {       [32m                                                                 .JMML.     [0m       }
 {       [32m[0mv2.4.2 (2016-06-10), Ref: arXiv:1103.0621v2, arXiv:1405.0301[32m                [0m       }
 {       [32m                                                                            [0m       }
 {                                                                                          }
  ========================================================================================== 
 ===============================================================
 INFO: MadLoop read these parameters from ./MadLoop5_resources/MadLoopParams.dat                                                                                                                                                                                                                                                                                                                                                                                                                                                                                          
 ===============================================================
  > MLReductionLib            = 6|1|2
  > IREGIMODE                 =            2
  > IREGIRECY                 =  T
  > CTModeRun                 =           -1
  > MLStabThres               =    1.0000000000000000E-003
  > NRotations_DP             =            1
  > NRotations_QP             =            0
  > CTStabThres               =    1.0000000000000000E-002
  > CTLoopLibrary             =            2
  > CTModeInit                =            1
  > CheckCycle                =            3
  > MaxAttempts               =           10
  > UseLoopFilter             =  F
  > HelicityFilterLevel       =            2
  > ImprovePSPoint            =            2
  > DoubleCheckHelicityFilter =  T
  > LoopInitStartOver         =  F
  > HelInitStartOver          =  F
  > ZeroThres                 =    1.0000000000000001E-009
  > OSThres                   =    1.0000000000000000E-008
  > WriteOutFilters           =  T
  > UseQPIntegrandForNinja    =  F
  > UseQPIntegrandForCutTools =  T
 ===============================================================
  
------------------------------------------------------------------------
|              You are using CutTools - Version 1.9.3                  |
|              Authors: G. Ossola, C. Papadopoulos, R. Pittau          |
|              Published in JHEP 0803:042,2008                         |
|              http://www.ugr.es/~pittau/CutTools                      |
|                                                                      |
|              Compiler with  34  significant digits detetected        |
 ---------------------------------------------------------------------- 
   
########################################################################
#                                                                      #
#                      You are using OneLOop-3.6                       #
#                                                                      #
# for the evaluation of 1-loop scalar 1-, 2-, 3- and 4-point functions #
#                                                                      #
# author: Andreas van Hameren <hamerenREMOVETHIS@ifj.edu.pl>           #
#   date: 18-02-2015                                                   #
#                                                                      #
# Please cite                                                          #
#    A. van Hameren,                                                   #
#      Comput.Phys.Commun. 182 (2011) 2427-2438, arXiv:1007.4716       #
#    A. van Hameren, C.G. Papadopoulos and R. Pittau,                  #
#      JHEP 0909:106,2009, arXiv:0903.4665                             #
# in publications with results obtained with the help of this program. #
#                                                                      #
########################################################################
 PASSED   1.0000000000000001E-005
 MU_R    =    325.00000000000000     
 ALPHA_S =   0.11799999999999999     
 BORN                    2.3625367152120976E-008
 SINGLE POLE (MadFKS)   -1.0416431684275016E-008
 DOUBLE POLE (MadFKS)   -3.8453227611523552E-009
 SINGLE POLE (MadLoop)  -1.0416431684274722E-008
 DOUBLE POLE (MadLoop)  -3.8453227611524024E-009
 FINITE PART (MadLoop)   7.5331380584895837E-010
   325.00000000000000        0.0000000000000000        0.0000000000000000        325.00000000000000        0.0000000000000000     
   325.00000000000000        0.0000000000000000        0.0000000000000000       -325.00000000000000        0.0000000000000000     
   91.875710664933521       -1.4761589228161640       -21.245781415097536        89.373284246932926        0.0000000000000000     
   73.090940781414133        33.225089742694522        23.788424061606694        60.601071909391649        0.0000000000000000     
   177.28405424860259       -89.863924825060721       -16.686422569692549        151.90679447504280        0.0000000000000000     
   307.74929430504983        58.114994005182339        14.143779923183420       -301.88115063136740        0.0000000000000000     

 PASSED   1.0000000000000001E-005
 MU_R    =    325.00000000000000     
 ALPHA_S =   0.11799999999999999     
 BORN                    2.9746148632489786E-009
 SINGLE POLE (MadFKS)   -1.1040089999658404E-009
 DOUBLE POLE (MadFKS)   -4.8415561822439296E-010
 SINGLE POLE (MadLoop)  -1.1040089999658119E-009
 DOUBLE POLE (MadLoop)  -4.8415561822439110E-010
 FINITE PART (MadLoop)   1.2666601424600214E-010
   325.00000000000000        0.0000000000000000        0.0000000000000000        325.00000000000000        0.0000000000000000     
   325.00000000000000        0.0000000000000000        0.0000000000000000       -325.00000000000000        0.0000000000000000     
   177.22819986625251       -71.211695870989956       -32.381604597626350       -159.02880519796710        0.0000000000000000     
   62.857766914625131       -36.757945702120303       -31.566478764286934       -40.043847313627836        0.0000000000000000     
   312.65017637035288        103.73982032227714        139.95206195606821        259.61818660902600        0.0000000000000000     
   97.263856848769919        4.2298212508332096       -76.003978594154972       -60.545534097431485        0.0000000000000000     

 PASSED   1.0000000000000001E-005
 MU_R    =    325.00000000000000     
 ALPHA_S =   0.11799999999999999     
 BORN                    1.7400388389951436E-009
 SINGLE POLE (MadFKS)   -2.4665536003955341E-010
 DOUBLE POLE (MadFKS)   -2.8321299346564676E-010
 SINGLE POLE (MadLoop)  -2.4665536003958821E-010
 DOUBLE POLE (MadLoop)  -2.8321299346565214E-010
 FINITE PART (MadLoop)   2.6565686924562307E-010
   325.00000000000000        0.0000000000000000        0.0000000000000000        325.00000000000000        0.0000000000000000     
   325.00000000000000        0.0000000000000000        0.0000000000000000       -325.00000000000000        0.0000000000000000     
   172.83783820739586        82.360881480210409      -0.39252001175685847        151.95212879735863        0.0000000000000000     
   34.993113175793646        14.300191221774037        29.345033219999976        12.605218208016010        0.0000000000000000     
   160.66381352595198        154.85365409806198       -18.642087331627486       -38.544511530172684        0.0000000000000000     
   281.50523509085843       -251.51472680004645       -10.310425876615662       -126.01283547520197        0.0000000000000000     

 PASSED   1.0000000000000001E-005
 MU_R    =    325.00000000000000     
 ALPHA_S =   0.11799999999999999     
 BORN                    5.0153496932244937E-009
 SINGLE POLE (MadFKS)   -3.1702842912246523E-009
 DOUBLE POLE (MadFKS)   -8.1631062943135062E-010
 SINGLE POLE (MadLoop)  -3.1702842912261908E-009
 DOUBLE POLE (MadLoop)  -8.1631062943148224E-010
 FINITE PART (MadLoop)  -8.3313010415390784E-009
   325.00000000000000        0.0000000000000000        0.0000000000000000        325.00000000000000        0.0000000000000000     
   325.00000000000000        0.0000000000000000        0.0000000000000000       -325.00000000000000        0.0000000000000000     
   139.87515837291033       -39.385507310386977       -55.596973282251106        122.15898782162067        0.0000000000000000     
   287.49566611756711       -37.096680832813732        228.01514147140747       -171.13354308067716        0.0000000000000000     
   200.01960494427485        71.770234146862890       -172.63711095384497        71.086593490461055        0.0000000000000000     
   22.609570565247566        4.7119539963378090       0.21894276468844440       -22.112038231404537        0.0000000000000000     

 PASSED   1.0000000000000001E-005
 MU_R    =    325.00000000000000     
 ALPHA_S =   0.11799999999999999     
 BORN                    4.3271182749065836E-010
 SINGLE POLE (MadFKS)   -1.3108096413344632E-010
 DOUBLE POLE (MadFKS)   -7.0429239408466985E-011
 SINGLE POLE (MadLoop)  -1.3108096413345483E-010
 DOUBLE POLE (MadLoop)  -7.0429239408467825E-011
 FINITE PART (MadLoop)  -6.2657899906628753E-011
   325.00000000000000        0.0000000000000000        0.0000000000000000        325.00000000000000        0.0000000000000000     
   325.00000000000000        0.0000000000000000        0.0000000000000000       -325.00000000000000        0.0000000000000000     
   189.50576802619949        108.71329514167768        128.48730126203736        87.091153333944888        0.0000000000000000     
   202.52232125970440       -130.40451338239171       -59.403095319182540        143.11263314054648        0.0000000000000000     
   209.00184687019419        34.092990430523685       -29.570297988969084       -204.07115787268876        0.0000000000000000     
   48.970063843902032       -12.401772189809593       -39.513907953885720       -26.132628601802647        0.0000000000000000     

 PASSED   1.0000000000000001E-005
 MU_R    =    325.00000000000000     
 ALPHA_S =   0.11799999999999999     
 BORN                    1.1748287297243314E-010
 SINGLE POLE (MadFKS)   -2.5743190528378809E-011
 DOUBLE POLE (MadFKS)   -1.9121800841343162E-011
 SINGLE POLE (MadLoop)  -2.5743190528381265E-011
 DOUBLE POLE (MadLoop)  -1.9121800841343217E-011
 FINITE PART (MadLoop)   1.4448799775001601E-011
   325.00000000000000        0.0000000000000000        0.0000000000000000        325.00000000000000        0.0000000000000000     
   325.00000000000000        0.0000000000000000        0.0000000000000000       -325.00000000000000        0.0000000000000000     
   190.08065552187887        182.93886240786730       -41.650214457881745       -30.484223135173501        0.0000000000000000     
   136.49391945239543        36.736883037730614       -112.83291882013982        67.451641215591295        0.0000000000000000     
   77.280114943467353       -67.493075618980328       -29.206159668724275        23.746602842745990        0.0000000000000000     
   246.14531008225828       -152.18266982661754        183.68929294674584       -60.714020923163773        0.0000000000000000     

 PASSED   1.0000000000000001E-005
 MU_R    =    325.00000000000000     
 ALPHA_S =   0.11799999999999999     
 BORN                    1.2211513091395743E-009
 SINGLE POLE (MadFKS)   -5.1581809526186344E-010
 DOUBLE POLE (MadFKS)   -1.9875758516725702E-010
 SINGLE POLE (MadLoop)  -5.1581809526175415E-010
 DOUBLE POLE (MadLoop)  -1.9875758516725816E-010
 FINITE PART (MadLoop)  -6.7633847457031901E-011
   325.00000000000000        0.0000000000000000        0.0000000000000000        325.00000000000000        0.0000000000000000     
   325.00000000000000        0.0000000000000000        0.0000000000000000       -325.00000000000000        0.0000000000000000     
   274.11389232433447        13.228421329648622       -169.33947698970491       -215.14547721756855        0.0000000000000000     
   286.93918428662175       -1.9137648730048646        218.63822738668784        185.81646457806107        0.0000000000000000     
   26.403848291625881        21.116403118970304       -12.621548396202355       -9.5894337688237758        0.0000000000000000     
   62.543075097417834       -32.431059575614064       -36.677202000780603        38.918446408331285        0.0000000000000000     

 PASSED   1.0000000000000001E-005
 MU_R    =    325.00000000000000     
 ALPHA_S =   0.11799999999999999     
 BORN                    2.0174577834663517E-011
 SINGLE POLE (MadFKS)   -5.9791539199628048E-012
 DOUBLE POLE (MadFKS)   -3.2836638196882730E-012
 SINGLE POLE (MadLoop)  -5.9791539199625568E-012
 DOUBLE POLE (MadLoop)  -3.2836638196882762E-012
 FINITE PART (MadLoop)   3.5595988987339715E-012
   325.00000000000000        0.0000000000000000        0.0000000000000000        325.00000000000000        0.0000000000000000     
   325.00000000000000        0.0000000000000000        0.0000000000000000       -325.00000000000000        0.0000000000000000     
   289.24581005277281        213.54115472013513        44.272974211628828        190.00846725431074        0.0000000000000000     
   168.09847930322937       -95.922338624201117       -72.584696452893340       -117.42003891058658        0.0000000000000000     
   46.923371285392044        1.8086462010204192        46.010550965890189        9.0311002387034804        0.0000000000000000     
   145.73233935860574       -119.42746229695439       -17.698828724625677       -81.619528582427662        0.0000000000000000     

 PASSED   1.0000000000000001E-005
 MU_R    =    325.00000000000000     
 ALPHA_S =   0.11799999999999999     
 BORN                    8.2616648196441415E-010
 SINGLE POLE (MadFKS)   -1.3804180831284587E-010
 DOUBLE POLE (MadFKS)   -1.3446888495503120E-010
 SINGLE POLE (MadLoop)  -1.3804180831284026E-010
 DOUBLE POLE (MadLoop)  -1.3446888495503092E-010
 FINITE PART (MadLoop)   3.7805240220759352E-010
   325.00000000000000        0.0000000000000000        0.0000000000000000        325.00000000000000        0.0000000000000000     
   325.00000000000000        0.0000000000000000        0.0000000000000000       -325.00000000000000        0.0000000000000000     
   96.313259299803875        54.590693957898381        30.286482542403732        73.340500580204761        0.0000000000000000     
   105.60573420565899        8.4635718432604907       -79.302817324778104       -69.224289184672244        0.0000000000000000     
   213.95810187433540        79.048566785766823        58.807799287602457       -189.92376415218217        0.0000000000000000     
   234.12290462020187       -142.10283258692573       -9.7914645052280775        185.80755275664967        0.0000000000000000     

 PASSED   1.0000000000000001E-005
 MU_R    =    325.00000000000000     
 ALPHA_S =   0.11799999999999999     
 BORN                    3.9975341588095527E-010
 SINGLE POLE (MadFKS)   -1.1663386011537067E-010
 DOUBLE POLE (MadFKS)   -6.5064847417511562E-011
 SINGLE POLE (MadLoop)  -1.1663386011536899E-010
 DOUBLE POLE (MadLoop)  -6.5064847417510928E-011
 FINITE PART (MadLoop)   9.5791075731576570E-011
   325.00000000000000        0.0000000000000000        0.0000000000000000        325.00000000000000        0.0000000000000000     
   325.00000000000000        0.0000000000000000        0.0000000000000000       -325.00000000000000        0.0000000000000000     
   199.72373322179880        23.975660167479472        198.24437109708992        3.7291634323376166        0.0000000000000000     
   146.92656631356783       -43.831218756583041       -54.990508477165747       -129.00497714596352        0.0000000000000000     
   156.54517236419051       -63.294434187272834       -143.11465221356659        4.2897451249449157        0.0000000000000000     
   146.80452810044281        83.149992776376379      -0.13921040635759960        120.98606858868099        0.0000000000000000     

 PASSED   1.0000000000000001E-005
 MU_R    =    325.00000000000000     
 ALPHA_S =   0.11799999999999999     
 BORN                    1.0092261926606165E-010
 SINGLE POLE (MadFKS)   -2.3798465428195295E-011
 DOUBLE POLE (MadFKS)   -1.6426413290430495E-011
 SINGLE POLE (MadLoop)  -2.3798465428194610E-011
 DOUBLE POLE (MadLoop)  -1.6426413290430408E-011
 FINITE PART (MadLoop)   2.5535527859727164E-011
   325.00000000000000        0.0000000000000000        0.0000000000000000        325.00000000000000        0.0000000000000000     
   325.00000000000000        0.0000000000000000        0.0000000000000000       -325.00000000000000        0.0000000000000000     
   181.03543032631384       -2.0181486508736599        23.037745943953997       -179.55226640529617        0.0000000000000000     
   252.39259996668676        117.47959857033244        58.789297326686068        215.50959829560264        0.0000000000000000     
   85.809676266049223        5.3199347871402090       -46.763399271392792       -71.750841969478287        0.0000000000000000     
   130.76229344095023       -120.78138470659896       -35.063643999247269        35.793510079171817        0.0000000000000000     

 PASSED   1.0000000000000001E-005
 MU_R    =    325.00000000000000     
 ALPHA_S =   0.11799999999999999     
 BORN                    7.6030829921276074E-010
 SINGLE POLE (MadFKS)   -3.7899292473409535E-010
 DOUBLE POLE (MadFKS)   -1.2374964543962205E-010
 SINGLE POLE (MadLoop)  -3.7899292473406045E-010
 DOUBLE POLE (MadLoop)  -1.2374964543961424E-010
 FINITE PART (MadLoop)  -6.9676599030614325E-010
   325.00000000000000        0.0000000000000000        0.0000000000000000        325.00000000000000        0.0000000000000000     
   325.00000000000000        0.0000000000000000        0.0000000000000000       -325.00000000000000        0.0000000000000000     
   284.18058137522445       -19.728692403270937       -66.135327093125724        275.67281338046911        0.0000000000000000     
   201.08748823582562       -68.023798772143721        106.03727222771407       -156.73237580061709        0.0000000000000000     
   104.97511097413819        76.804211578452609       -38.676821829792154       -60.207893676754928        0.0000000000000000     
   59.756819414811886        10.948279596962024       -1.2251233047961601       -58.732543903097088        0.0000000000000000     

 PASSED   1.0000000000000001E-005
 MU_R    =    325.00000000000000     
 ALPHA_S =   0.11799999999999999     
 BORN                    1.5940256513527284E-010
 SINGLE POLE (MadFKS)   -3.2805727003328138E-011
 DOUBLE POLE (MadFKS)   -2.5944752856283434E-011
 SINGLE POLE (MadLoop)  -3.2805727003333980E-011
 DOUBLE POLE (MadLoop)  -2.5944752856288206E-011
 FINITE PART (MadLoop)   3.1395692663779429E-011
   325.00000000000000        0.0000000000000000        0.0000000000000000        325.00000000000000        0.0000000000000000     
   325.00000000000000        0.0000000000000000        0.0000000000000000       -325.00000000000000        0.0000000000000000     
   218.15932641663480       -107.60461133974536        188.84352834575461       -18.784598023601713        0.0000000000000000     
   94.480158666438513        63.449065388159568        69.662788636191479       -6.9146483955266262        0.0000000000000000     
   151.90939023390445       -83.680786350721831       -124.15606110862109        25.676084727890078        0.0000000000000000     
   185.45112468302224        127.83633230230755       -134.35025587332507        2.3161691238370714E-002   0.0000000000000000     

 PASSED   1.0000000000000001E-005
 MU_R    =    325.00000000000000     
 ALPHA_S =   0.11799999999999999     
 BORN                    4.9730622223993462E-011
 SINGLE POLE (MadFKS)   -1.8835529660898084E-011
 DOUBLE POLE (MadFKS)   -8.0942781685838668E-012
 SINGLE POLE (MadLoop)  -1.8835529660896899E-011
 DOUBLE POLE (MadLoop)  -8.0942781685837828E-012
 FINITE PART (MadLoop)  -2.4519318026174441E-012
   325.00000000000000        0.0000000000000000        0.0000000000000000        325.00000000000000        0.0000000000000000     
   325.00000000000000        0.0000000000000000        0.0000000000000000       -325.00000000000000        0.0000000000000000     
Thanks for using LHAPDF 6.2.1. Please make sure to cite the paper:
  Eur.Phys.J. C75 (2015) 3, 132  (http://arxiv.org/abs/1412.7420)
   125.67556269065012        21.494080633534910       -24.121657412068057        121.45162493365601        0.0000000000000000     
   260.19834020153041       -179.64849217261616        132.77630183477746       -133.41682493155386        0.0000000000000000     
   67.962525855412380        19.076778643986028        20.325191060230605        61.982804434625876        0.0000000000000000     
   196.16357125240694        139.07763289509515       -128.97983548294005       -50.017604436728028        0.0000000000000000     

 PASSED   1.0000000000000001E-005
 MU_R    =    325.00000000000000     
 ALPHA_S =   0.11799999999999999     
 BORN                    1.9257642674974868E-008
 SINGLE POLE (MadFKS)   -2.4314601593382060E-009
 DOUBLE POLE (MadFKS)   -3.1344212018974593E-009
 SINGLE POLE (MadLoop)  -2.4314601593385352E-009
 DOUBLE POLE (MadLoop)  -3.1344212018974510E-009
 FINITE PART (MadLoop)   4.5330174411117902E-009
   325.00000000000000        0.0000000000000000        0.0000000000000000        325.00000000000000        0.0000000000000000     
   325.00000000000000        0.0000000000000000        0.0000000000000000       -325.00000000000000        0.0000000000000000     
   116.62253604898071        110.09301588992938        37.837222285161886       -6.9777056758521843        0.0000000000000000     
   27.374917941251546       -8.3764788614253067       -22.345522882139047        13.412618733795094        0.0000000000000000     
   233.82926504149262        77.260270050346975       -220.53106985773744       -8.5453548196549782        0.0000000000000000     
   272.17328096827492       -178.97680707885098        205.03937045471466        2.1104417617121070        0.0000000000000000     

 PASSED   1.0000000000000001E-005
 MU_R    =    325.00000000000000     
 ALPHA_S =   0.11799999999999999     
 BORN                    1.6668566494922106E-010
 SINGLE POLE (MadFKS)   -4.5837749478774200E-011
 DOUBLE POLE (MadFKS)   -2.7130168062997178E-011
 SINGLE POLE (MadLoop)  -4.5837749478771078E-011
 DOUBLE POLE (MadLoop)  -2.7130168062997327E-011
 FINITE PART (MadLoop)   3.4917948225782521E-011
   325.00000000000000        0.0000000000000000        0.0000000000000000        325.00000000000000        0.0000000000000000     
   325.00000000000000        0.0000000000000000        0.0000000000000000       -325.00000000000000        0.0000000000000000     
   100.33504127420966        51.471591266758267        79.786400961276783        32.433409034689880        0.0000000000000000     
   216.33810272081462        140.91243792437527        95.412787632214247       -133.57492086204203        0.0000000000000000     
   193.38228775393853       -126.43098523507507       -56.499543595601779        134.98043103696182        0.0000000000000000     
   139.94456825103714       -65.953043956058451       -118.69964499788924       -33.838919209609635        0.0000000000000000     

 PASSED   1.0000000000000001E-005
 MU_R    =    325.00000000000000     
 ALPHA_S =   0.11799999999999999     
 BORN                    2.5679615445690489E-009
 SINGLE POLE (MadFKS)   -3.1885561489476425E-010
 DOUBLE POLE (MadFKS)   -4.1796772568712534E-010
 SINGLE POLE (MadLoop)  -3.1885561489479243E-010
 DOUBLE POLE (MadLoop)  -4.1796772568712183E-010
 FINITE PART (MadLoop)   8.1092216964294260E-010
   325.00000000000000        0.0000000000000000        0.0000000000000000        325.00000000000000        0.0000000000000000     
   325.00000000000000        0.0000000000000000        0.0000000000000000       -325.00000000000000        0.0000000000000000     
   19.454964239560372        13.804114965918343       -13.501258370780263        2.3786689504254199        0.0000000000000000     
   115.53013538401717       -93.763244238191533       -57.870436684952992        34.737282128448321        0.0000000000000000     
   277.34018346267908       -55.143622903202910        266.02302661468286       -55.753991130550538        0.0000000000000000     
   237.67471691374371        135.10275217547610       -194.65133155894975        18.638040051676796        0.0000000000000000     

 PASSED   1.0000000000000001E-005
 MU_R    =    325.00000000000000     
 ALPHA_S =   0.11799999999999999     
 BORN                    4.5381009345434351E-010
 SINGLE POLE (MadFKS)   -1.8922477836700223E-010
 DOUBLE POLE (MadFKS)   -7.3863244975814153E-011
 SINGLE POLE (MadLoop)  -1.8922477836703296E-010
 DOUBLE POLE (MadLoop)  -7.3863244975814257E-011
 FINITE PART (MadLoop)   6.4424229670428194E-012
   325.00000000000000        0.0000000000000000        0.0000000000000000        325.00000000000000        0.0000000000000000     
   325.00000000000000        0.0000000000000000        0.0000000000000000       -325.00000000000000        0.0000000000000000     
   223.01327892057932       -180.65542559011951       -73.379734494820809       -108.23102302588899        0.0000000000000000     
   237.53782784497432        75.351473082540167        133.35407447328782        181.55733524970202        0.0000000000000000     
   50.035113412386274        29.603567673359212       -18.155586500329047        36.021049874042646        0.0000000000000000     
   139.41377982206006        75.700384834220003       -41.818753478137957       -109.34736209785565        0.0000000000000000     

 PASSED   1.0000000000000001E-005
 MU_R    =    325.00000000000000     
 ALPHA_S =   0.11799999999999999     
 BORN                    3.7065790700415611E-011
 SINGLE POLE (MadFKS)   -9.8626626795063203E-012
 DOUBLE POLE (MadFKS)   -6.0329190959312464E-012
 SINGLE POLE (MadLoop)  -9.8626626795049503E-012
 DOUBLE POLE (MadLoop)  -6.0329190959312343E-012
 FINITE PART (MadLoop)   5.8265581287946300E-012
   325.00000000000000        0.0000000000000000        0.0000000000000000        325.00000000000000        0.0000000000000000     
   325.00000000000000        0.0000000000000000        0.0000000000000000       -325.00000000000000        0.0000000000000000     
   283.11047242636874       -183.34470697014956        110.63196935667962        185.19402090719461        0.0000000000000000     
   150.39379213373064        33.379982833722728       -68.906995060922242       -129.44456531681115        0.0000000000000000     
   104.21039802046049        56.438756878091652       -86.659030433299847       -12.833012974312480        0.0000000000000000     
   112.28533741944003        93.525967258335115        44.934056137542449       -42.916442616070995        0.0000000000000000     

 PASSED   1.0000000000000001E-005
 MU_R    =    325.00000000000000     
 ALPHA_S =   0.11799999999999999     
 BORN                    1.4021978276093758E-010
 SINGLE POLE (MadFKS)   -3.6145041602459279E-011
 DOUBLE POLE (MadFKS)   -2.2822516100710248E-011
 SINGLE POLE (MadLoop)  -3.6145041602459221E-011
 DOUBLE POLE (MadLoop)  -2.2822516100710277E-011
 FINITE PART (MadLoop)   1.7454560316241712E-011
   325.00000000000000        0.0000000000000000        0.0000000000000000        325.00000000000000        0.0000000000000000     
   325.00000000000000        0.0000000000000000        0.0000000000000000       -325.00000000000000        0.0000000000000000     
   211.06881142816295        67.616426742921860        35.611160761334169        196.74833473614689        0.0000000000000000     
   148.61287064503284        94.078895029487057        91.824054959259087       -69.305770050025330        0.0000000000000000     
   213.09655173305848       -89.264640783172439       -152.76605702472364       -118.76235130499118        0.0000000000000000     
   77.221766193745779       -72.430680989236478        25.330841304130395       -8.6802133811303932        0.0000000000000000     

 NUMBER OF POINTS PASSING THE CHECK          20
 NUMBER OF POINTS FAILING THE CHECK           0
 TOLERANCE    1.0000000000000001E-005
