==== LHAPDF6 USING DEFAULT-TYPE LHAGLUE INTERFACE ====
LHAPDF 6.2.1 loading /cvmfs/cms.cern.ch/slc6_amd64_gcc481/external/lhapdf/6.2.1/share/LHAPDF/NNPDF31_nnlo_hessian_pdfas/NNPDF31_nnlo_hessian_pdfas_0000.dat
NNPDF31_nnlo_hessian_pdfas PDF set, member #0, version 1; LHAPDF ID = 306000
 A PDF is used, so alpha_s(MZ) is going to be modified
 Old value of alpha_s from param_card:   0.11799999999999999     
 New value of alpha_s from PDF lhapdf :  0.11800208008122040     
 using LHAPDF
 *****************************************************
 *               MadGraph/MadEvent                   *
 *        --------------------------------           *
 *          http://madgraph.hep.uiuc.edu             *
 *          http://madgraph.phys.ucl.ac.be           *
 *          http://madgraph.roma2.infn.it            *
 *        --------------------------------           *
 *                                                   *
 *          PARAMETER AND COUPLING VALUES            *
 *                                                   *
 *****************************************************

  External Params
  ---------------------------------
  
 MU_R =    91.188000000000002     
 aEWM1 =    132.50700000000001     
 mdl_Gf =    1.1663900000000000E-005
 aS =   0.11799999999999999     
 mdl_lamWS =   0.22530000000000000     
 mdl_AWS =   0.80800000000000005     
 mdl_rhoWS =   0.13200000000000001     
 mdl_etaWS =   0.34100000000000003     
 mdl_ymt =    173.00000000000000     
 mdl_ymtau =    1.7769999999999999     
 mdl_MT =    173.00000000000000     
 mdl_MZ =    91.188000000000002     
 mdl_MH =    125.00000000000000     
 mdl_MTA =    1.7769999999999999     
 mdl_WT =    1.4915000000000000     
 mdl_WZ =    2.4414039999999999     
 mdl_WW =    2.0476000000000001     
 mdl_WH =    6.3823389999999999E-003
  Internal Params
  ---------------------------------
  
 mdl_CKM33 =    1.0000000000000000     
 mdl_conjg__CKM3x3 =    1.0000000000000000     
 mdl_I4x33 =    0.0000000000000000     
 mdl_I1x33 =    0.0000000000000000     
 mdl_lhv =    1.0000000000000000     
 mdl_CKM3x3 =    1.0000000000000000     
 mdl_conjg__CKM33 =    1.0000000000000000     
 mdl_Ncol =    3.0000000000000000     
 mdl_CA =    3.0000000000000000     
 mdl_TF =   0.50000000000000000     
 mdl_CF =    1.3333333333333333     
 mdl_lamWS__exp__2 =    5.0760090000000001E-002
 mdl_CKM11 =  ( 0.97461995499999998     ,  0.0000000000000000     )
 mdl_CKM12 =  ( 0.22530000000000000     ,  0.0000000000000000     )
 mdl_complexi =  (  0.0000000000000000     ,  1.0000000000000000     )
 mdl_lamWS__exp__3 =    1.1436248277000001E-002
 mdl_CKM13 =  (  1.2197444962317122E-003, -3.1510066152652563E-003)
 mdl_CKM21 =  (-0.22530000000000000     ,  0.0000000000000000     )
 mdl_CKM22 =  ( 0.97461995499999998     ,  0.0000000000000000     )
 mdl_CKM23 =  (  4.1014152720000002E-002,  0.0000000000000000     )
 mdl_CKM31 =  (  8.0207441115842885E-003, -3.1510066152652563E-003)
 mdl_CKM32 =  ( -4.1014152720000002E-002,  0.0000000000000000     )
 mdl_MZ__exp__2 =    8315.2513440000002     
 mdl_MZ__exp__4 =    69143404.913893804     
 mdl_sqrt__2 =    1.4142135623730951     
 mdl_MH__exp__2 =    15625.000000000000     
 mdl_CKM1x1 =  ( 0.97461995499999998     ,  0.0000000000000000     )
 mdl_CKM1x2 =  ( 0.22530000000000000     ,  0.0000000000000000     )
 mdl_CKM1x3 =  (  1.2197444962317122E-003, -3.1510066152652563E-003)
 mdl_CKM2x1 =  (-0.22530000000000000     ,  0.0000000000000000     )
 mdl_CKM2x2 =  ( 0.97461995499999998     ,  0.0000000000000000     )
 mdl_CKM2x3 =  (  4.1014152720000002E-002,  0.0000000000000000     )
 mdl_CKM3x1 =  (  8.0207441115842885E-003, -3.1510066152652563E-003)
 mdl_CKM3x2 =  ( -4.1014152720000002E-002,  0.0000000000000000     )
 mdl_conjg__CKM1x3 =  (  1.2197444962317122E-003,  3.1510066152652563E-003)
 mdl_conjg__CKM2x3 =  (  4.1014152720000002E-002, -0.0000000000000000     )
 mdl_conjg__CKM2x1 =  (-0.22530000000000000     , -0.0000000000000000     )
 mdl_conjg__CKM3x1 =  (  8.0207441115842885E-003,  3.1510066152652563E-003)
 mdl_conjg__CKM2x2 =  ( 0.97461995499999998     , -0.0000000000000000     )
 mdl_conjg__CKM3x2 =  ( -4.1014152720000002E-002, -0.0000000000000000     )
 mdl_Ncol__exp__2 =    9.0000000000000000     
 mdl_MT__exp__2 =    29929.000000000000     
 mdl_conjg__CKM11 =  ( 0.97461995499999998     , -0.0000000000000000     )
 mdl_conjg__CKM12 =  ( 0.22530000000000000     , -0.0000000000000000     )
 mdl_conjg__CKM13 =  (  1.2197444962317122E-003,  3.1510066152652563E-003)
 mdl_conjg__CKM21 =  (-0.22530000000000000     , -0.0000000000000000     )
 mdl_conjg__CKM22 =  ( 0.97461995499999998     , -0.0000000000000000     )
 mdl_conjg__CKM23 =  (  4.1014152720000002E-002, -0.0000000000000000     )
 mdl_conjg__CKM31 =  (  8.0207441115842885E-003,  3.1510066152652563E-003)
 mdl_conjg__CKM32 =  ( -4.1014152720000002E-002, -0.0000000000000000     )
 mdl_aEW =    7.5467711139788835E-003
 mdl_MW =    80.419002445756163     
 mdl_sqrt__aEW =    8.6872153846781555E-002
 mdl_ee =   0.30795376724436879     
 mdl_MW__exp__2 =    6467.2159543705357     
 mdl_sw2 =   0.22224648578577766     
 mdl_cw =   0.88190334743339216     
 mdl_sqrt__sw2 =   0.47143025548407230     
 mdl_sw =   0.47143025548407230     
 mdl_g1 =   0.34919219678733299     
 mdl_gw =   0.65323293034757990     
 mdl_v =    246.21845810181637     
 mdl_v__exp__2 =    60623.529110035903     
 mdl_lam =   0.12886910601690263     
 mdl_yt =   0.99366614581500623     
 mdl_ytau =    1.0206617000654717E-002
 mdl_muH =    88.388347648318430     
 mdl_AxialZUp =  -0.18517701861793787     
 mdl_AxialZDown =   0.18517701861793787     
 mdl_VectorZUp =    7.5430507588273299E-002
 mdl_VectorZDown =  -0.13030376310310560     
 mdl_VectorAUp =   0.20530251149624587     
 mdl_VectorADown =  -0.10265125574812294     
 mdl_VectorWmDxU =   0.23095271737156670     
 mdl_AxialWmDxU =  -0.23095271737156670     
 mdl_VectorWpUxD =   0.23095271737156670     
 mdl_AxialWpUxD =  -0.23095271737156670     
 mdl_I2x13 =  (  7.9699418879263656E-003,  3.1310485988282153E-003)
 mdl_I2x23 =  ( -4.0754375057150453E-002, -0.0000000000000000     )
 mdl_I2x33 =  ( 0.99366614581500623     ,  0.0000000000000000     )
 mdl_I3x31 =  (  7.9699418879263656E-003, -3.1310485988282153E-003)
 mdl_I3x32 =  ( -4.0754375057150453E-002,  0.0000000000000000     )
 mdl_I3x33 =  ( 0.99366614581500623     ,  0.0000000000000000     )
 mdl_Vector_tdGp =  ( -7.9699418879263656E-003, -3.1310485988282153E-003)
 mdl_Vector_tsGp =  (  4.0754375057150453E-002,  0.0000000000000000     )
 mdl_Vector_tbGp =  (-0.99366614581500623     ,  0.0000000000000000     )
 mdl_Axial_tdGp =  ( -7.9699418879263656E-003, -3.1310485988282153E-003)
 mdl_Axial_tsGp =  (  4.0754375057150453E-002,  0.0000000000000000     )
 mdl_Axial_tbGp =  (-0.99366614581500623     , -0.0000000000000000     )
 mdl_Vector_tdGm =  (  7.9699418879263656E-003, -3.1310485988282153E-003)
 mdl_Vector_tsGm =  ( -4.0754375057150453E-002,  0.0000000000000000     )
 mdl_Vector_tbGm =  ( 0.99366614581500623     ,  0.0000000000000000     )
 mdl_Axial_tdGm =  ( -7.9699418879263656E-003,  3.1310485988282153E-003)
 mdl_Axial_tsGm =  (  4.0754375057150453E-002, -0.0000000000000000     )
 mdl_Axial_tbGm =  (-0.99366614581500623     ,  0.0000000000000000     )
 mdl_gw__exp__2 =   0.42671326129048615     
 mdl_cw__exp__2 =   0.77775351421422245     
 mdl_ee__exp__2 =    9.4835522759998875E-002
 mdl_sw__exp__2 =   0.22224648578577769     
 mdl_yt__exp__2 =   0.98737240933884918     
  Internal Params evaluated point by point
  ----------------------------------------
  
 mdl_sqrt__aS =   0.34351128074635334     
 mdl_G__exp__4 =    2.1987899468922913     
 mdl_G__exp__2 =    1.4828317324943823     
 mdl_R2MixedFactor_FIN_ =   -2.5040377713124864E-002
 mdl_G_UVg_1EPS_ =   -5.1645779033320030E-002
 mdl_G_UVq_1EPS_ =    3.1300472141406080E-003
 mdl_G_UVb_1EPS_ =    3.1300472141406080E-003
 mdl_GWcft_UV_t_1EPS_ =   -3.1300472141406080E-003
 mdl_tWcft_UV_1EPS_ =   -1.8780283284843650E-002
 mdl_G__exp__3 =    1.8056676068262196     
 mdl_MU_R__exp__2 =    8315.2513440000002     
 mdl_G_UVt_FIN_ =   -4.0087659331150384E-003
 mdl_GWcft_UV_t_FIN_ =    4.0087659331150384E-003
 mdl_tWcft_UV_FIN_ =   -9.8778211443463623E-004
  Couplings of loop_sm-ckm_no_b_mass
  ---------------------------------
  
       UV_3Gt =   0.48815E-02   0.00000E+00
      UV_GQQt =   0.00000E+00  -0.48815E-02
   UVWfct_G_2 =   0.40088E-02   0.00000E+00
       R2_DDA =   0.00000E+00   0.25704E-02
       R2_UUA =  -0.00000E+00  -0.51409E-02
    R2_DDZ_V2 =   0.00000E+00   0.72127E-02
    R2_UUZ_V2 =  -0.00000E+00  -0.72127E-02
    R2_UUZ_V5 =   0.00000E+00   0.68702E-03
      R2_GGHt =   0.00000E+00  -0.45657E+01
     R2_GGZup =  -0.46369E-02   0.00000E+00
   R2_GGZdown =   0.46369E-02   0.00000E+00
 R2_GGGZvecUp =   0.00000E+00   0.28750E-03
 R2_GGGZvecDown  -0.00000E+00  -0.49665E-03
 R2_GGGZaxialUp  -0.00000E+00  -0.63522E-02
 R2_GGGZaxialDow  0.00000E+00   0.63522E-02
 R2_GGGAvecUp =   0.00000E+00   0.78251E-03
 R2_GGGAvecDown  -0.00000E+00  -0.39126E-03
         GC_4 =  -0.12177E+01   0.00000E+00
         GC_5 =   0.00000E+00   0.12177E+01
         GC_6 =   0.00000E+00   0.14828E+01
       R2_3Gq =   0.76230E-02   0.00000E+00
       R2_3Gg =   0.31445E-01   0.00000E+00
       R2_GQQ =  -0.00000E+00  -0.30492E-01
       R2_GGq =   0.00000E+00   0.62601E-02
       R2_GGt =  -0.00000E+00  -0.11242E+04
     R2_GGg_1 =   0.00000E+00   0.28170E-01
     R2_GGg_2 =  -0.00000E+00  -0.18780E-01
       R2_QQq =   0.00000E+00   0.12520E-01
  UV_3Gg_1eps =   0.62890E-01   0.00000E+00
  UV_3Gb_1eps =  -0.38115E-02   0.00000E+00
 UV_GQQg_1eps =   0.00000E+00  -0.62890E-01
 UV_GQQq_1eps =   0.00000E+00   0.38115E-02
 UVWfct_G_2_1eps -0.31300E-02   0.00000E+00
         GC_1 =  -0.00000E+00  -0.10265E+00
         GC_2 =   0.00000E+00   0.20530E+00
        GC_21 =  -0.00000E+00  -0.28804E+00
        GC_22 =   0.00000E+00   0.28804E+00
        GC_23 =  -0.00000E+00  -0.27437E-01
        GC_24 =   0.00000E+00   0.82310E-01
        GC_37 =  -0.00000E+00  -0.70263E+00
        GC_38 =  -0.00000E+00  -0.72172E-02
      GC_1003 =  -0.00000E+00  -0.30795E+00

 Collider parameters:
 --------------------

 Running at P P   machine @    13000.000000000000       GeV
 PDF set = lhapdf 
 alpha_s(Mz)= 0.1180 running at 3 loops.
 alpha_s(Mz)= 0.1180 running at 3 loops.
 Renormalization scale set on event-by-event basis
 Factorization   scale set on event-by-event basis


 ===============================================================
 INFO: MadFKS read these parameters from FKS_params.dat
 ===============================================================
  > IRPoleCheckThreshold      =    1.0000000000000001E-005
  > PrecisionVirtualAtRunTime =    1.0000000000000000E-003
  > NHelForMCoverHels         =            4
  > VirtualFraction           =    1.0000000000000000     
  > MinVirtualFraction        =    5.0000000000000001E-003
 ===============================================================
  Insert the number of points to test
 Insert the relative tolerance
  A negative number will mean use the default one:    1.0000000000000001E-005
Using random seed offsets:     0 ,     79 ,      0
  with seed                   32
 Ranmar initialization seeds       10729        9485
  ========================================================================================== 
 {                                                                                          }
 {       [32m                                                                            [0m       }
 {       [32m                               ,,                                           [0m       }
 {       [32m`7MMM.     ,MMF'             `7MM  `7MMF'                                   [0m       }
 {       [32m  MMMb    dPMM                 MM    MM                                     [0m       }
 {       [32m  M YM   ,M MM   ,6"Yb.   ,M""bMM    MM         ,pW"Wq.   ,pW"Wq.`7MMpdMAo. [0m       }
 {       [32m  M  Mb  M' MM  8)   MM ,AP    MM    MM        6W'   `Wb 6W'   `Wb MM   `Wb [0m       }
 {       [32m  M  YM.P'  MM   ,pm9MM 8MI    MM    MM      , 8M     M8 8M     M8 MM    M8 [0m       }
 {       [32m  M  `YM'   MM  8M   MM `Mb    MM    MM     ,M YA.   ,A9 YA.   ,A9 MM   ,AP [0m       }
 {       [32m.JML. `'  .JMML.`Moo9^Yo.`Wbmd"MML..JMMmmmmMMM  `Ybmd9'   `Ybmd9'  MMbmmd'  [0m       }
 {       [32m                                                                   MM       [0m       }
 {       [32m                                                                 .JMML.     [0m       }
 {       [32m[0mv2.4.2 (2016-06-10), Ref: arXiv:1103.0621v2, arXiv:1405.0301[32m                [0m       }
 {       [32m                                                                            [0m       }
 {                                                                                          }
  ========================================================================================== 
 ===============================================================
 INFO: MadLoop read these parameters from ./MadLoop5_resources/MadLoopParams.dat                                                                                                                                                                                                                                                                                                                                                                                                                                                                                          
 ===============================================================
  > MLReductionLib            = 6|1|2
  > IREGIMODE                 =            2
  > IREGIRECY                 =  T
  > CTModeRun                 =           -1
  > MLStabThres               =    1.0000000000000000E-003
  > NRotations_DP             =            1
  > NRotations_QP             =            0
  > CTStabThres               =    1.0000000000000000E-002
  > CTLoopLibrary             =            2
  > CTModeInit                =            1
  > CheckCycle                =            3
  > MaxAttempts               =           10
  > UseLoopFilter             =  F
  > HelicityFilterLevel       =            2
  > ImprovePSPoint            =            2
  > DoubleCheckHelicityFilter =  T
  > LoopInitStartOver         =  F
  > HelInitStartOver          =  F
  > ZeroThres                 =    1.0000000000000001E-009
  > OSThres                   =    1.0000000000000000E-008
  > WriteOutFilters           =  T
  > UseQPIntegrandForNinja    =  F
  > UseQPIntegrandForCutTools =  T
 ===============================================================
  
------------------------------------------------------------------------
|              You are using CutTools - Version 1.9.3                  |
|              Authors: G. Ossola, C. Papadopoulos, R. Pittau          |
|              Published in JHEP 0803:042,2008                         |
|              http://www.ugr.es/~pittau/CutTools                      |
|                                                                      |
|              Compiler with  34  significant digits detetected        |
 ---------------------------------------------------------------------- 
   
########################################################################
#                                                                      #
#                      You are using OneLOop-3.6                       #
#                                                                      #
# for the evaluation of 1-loop scalar 1-, 2-, 3- and 4-point functions #
#                                                                      #
# author: Andreas van Hameren <hamerenREMOVETHIS@ifj.edu.pl>           #
#   date: 18-02-2015                                                   #
#                                                                      #
# Please cite                                                          #
#    A. van Hameren,                                                   #
#      Comput.Phys.Commun. 182 (2011) 2427-2438, arXiv:1007.4716       #
#    A. van Hameren, C.G. Papadopoulos and R. Pittau,                  #
#      JHEP 0909:106,2009, arXiv:0903.4665                             #
# in publications with results obtained with the help of this program. #
#                                                                      #
########################################################################
 PASSED   1.0000000000000001E-005
 MU_R    =    325.00000000000000     
 ALPHA_S =   0.11799999999999999     
 BORN                    1.2647222695597916E-009
 SINGLE POLE (MadFKS)   -6.8050046609443117E-010
 DOUBLE POLE (MadFKS)   -2.0584930165785508E-010
 SINGLE POLE (MadLoop)  -6.8050046609447801E-010
 DOUBLE POLE (MadLoop)  -2.0584930165785410E-010
 FINITE PART (MadLoop)  -6.0886406221753856E-010
   325.00000000000000        0.0000000000000000        0.0000000000000000        325.00000000000000        0.0000000000000000     
   325.00000000000000        0.0000000000000000        0.0000000000000000       -325.00000000000000        0.0000000000000000     
   257.27644413587973       -86.272724919536927       -95.354098155993441        222.82868728693245        1.7769999999999999     
   215.91437010525914       -79.290341807982912        77.591862583623936       -185.22527377690139        1.7769999999999999     
   43.858091990693048        35.324280175483075        23.326745194521560       -11.471286840539412        0.0000000000000000     
   132.95109376816859        130.23878655203674       -5.5645096221520740       -26.132126669491662        0.0000000000000000     

 PASSED   1.0000000000000001E-005
 MU_R    =    325.00000000000000     
 ALPHA_S =   0.11799999999999999     
 BORN                    5.4268494026803013E-009
 SINGLE POLE (MadFKS)   -2.4211874950017579E-009
 DOUBLE POLE (MadFKS)   -8.8328733242984517E-010
 SINGLE POLE (MadLoop)  -2.4211874950020366E-009
 DOUBLE POLE (MadLoop)  -8.8328733242989274E-010
 FINITE PART (MadLoop)  -8.9902377195112272E-010
   325.00000000000000        0.0000000000000000        0.0000000000000000        325.00000000000000        0.0000000000000000     
   325.00000000000000        0.0000000000000000        0.0000000000000000       -325.00000000000000        0.0000000000000000     
   147.91475870753163       -36.014860778619862       -34.597390653308800       -139.21770173934874        1.7769999999999999     
   128.47564191510375       -113.50532532896517        58.254213430412257       -15.027327642256388        1.7769999999999999     
   172.14208409979977        166.01993868867481        16.021552608962796       -42.586229323919312        0.0000000000000000     
   201.46751527756484       -16.499752581089929       -39.678375386066293        196.83125870552433        0.0000000000000000     

 PASSED   1.0000000000000001E-005
 MU_R    =    325.00000000000000     
 ALPHA_S =   0.11799999999999999     
 BORN                    7.0072892285801796E-010
 SINGLE POLE (MadFKS)   -2.5941712560942607E-010
 DOUBLE POLE (MadFKS)   -1.1405235986869339E-010
 SINGLE POLE (MadLoop)  -2.5941712560942980E-010
 DOUBLE POLE (MadLoop)  -1.1405235986869366E-010
 FINITE PART (MadLoop)   1.8752580307606149E-010
   325.00000000000000        0.0000000000000000        0.0000000000000000        325.00000000000000        0.0000000000000000     
   325.00000000000000        0.0000000000000000        0.0000000000000000       -325.00000000000000        0.0000000000000000     
   184.22333258986751       -18.469722320361665       -160.31907126342637       -88.835484397610514        1.7769999999999999     
   224.36196144919523        106.90289042295537        184.25952758509933       -70.394108628946000        1.7769999999999999     
   181.09803225056146       -128.95109097556181       -43.993032530837255        119.30099123636165        0.0000000000000000     
   60.316673710377046        40.517922872968029        20.052576209164471        39.928601790194882        0.0000000000000000     

 PASSED   1.0000000000000001E-005
 MU_R    =    325.00000000000000     
 ALPHA_S =   0.11799999999999999     
 BORN                    4.9930408745915512E-011
 SINGLE POLE (MadFKS)   -1.4507081194602367E-011
 DOUBLE POLE (MadFKS)   -8.1267959133948448E-012
 SINGLE POLE (MadLoop)  -1.4507081194604781E-011
 DOUBLE POLE (MadLoop)  -8.1267959133948593E-012
 FINITE PART (MadLoop)   1.1600694247335305E-011
   325.00000000000000        0.0000000000000000        0.0000000000000000        325.00000000000000        0.0000000000000000     
   325.00000000000000        0.0000000000000000        0.0000000000000000       -325.00000000000000        0.0000000000000000     
   170.36768865863752        12.574836356438084        103.86103099711335        134.44980974591189        1.7769999999999999     
   117.52122493053133        40.398127625194356       -12.017060097155831       -109.68893349455263        1.7769999999999999     
   216.94281222839382       -134.73117193030376       -149.93796306748541        80.189165845670530        0.0000000000000000     
   145.16827418243730        81.758207948671213        58.093992167527823       -104.95004209702984        0.0000000000000000     

 PASSED   1.0000000000000001E-005
 MU_R    =    325.00000000000000     
 ALPHA_S =   0.11799999999999999     
 BORN                    4.7336632141501442E-009
 SINGLE POLE (MadFKS)   -1.9753354142851338E-009
 DOUBLE POLE (MadFKS)   -7.7046264651878781E-010
 SINGLE POLE (MadLoop)  -1.9753354142883694E-009
 DOUBLE POLE (MadLoop)  -7.7046264651881035E-010
 FINITE PART (MadLoop)  -7.7730493409431194E-010
   325.00000000000000        0.0000000000000000        0.0000000000000000        325.00000000000000        0.0000000000000000     
   325.00000000000000        0.0000000000000000        0.0000000000000000       -325.00000000000000        0.0000000000000000     
   137.52498743468846       -10.291108001332431       -132.82316581271894        34.089062168136763        1.7769999999999999     
   181.34345075640402        90.099242680049571       -66.303518545406007        142.71741064152215        1.7769999999999999     
   80.483006291028317        3.5542323213882190        76.356448272099996        25.190763019754090        0.0000000000000000     
   250.64855551788440       -83.362367000105394        122.77023608602468       -201.99723582941309        0.0000000000000000     

 PASSED   1.0000000000000001E-005
 MU_R    =    325.00000000000000     
 ALPHA_S =   0.11799999999999999     
 BORN                    1.5442636708376125E-010
 SINGLE POLE (MadFKS)   -3.2806438666435528E-011
 DOUBLE POLE (MadFKS)   -2.5134814644179854E-011
 SINGLE POLE (MadLoop)  -3.2806438666435082E-011
 DOUBLE POLE (MadLoop)  -2.5134814644179925E-011
 FINITE PART (MadLoop)   5.0167579366980202E-011
   325.00000000000000        0.0000000000000000        0.0000000000000000        325.00000000000000        0.0000000000000000     
   325.00000000000000        0.0000000000000000        0.0000000000000000       -325.00000000000000        0.0000000000000000     
   117.84963161913264       -37.179392808063767       -28.920988433077770       -108.01225450032393        1.7769999999999999     
   164.78003775206167       -141.80175803731953        77.736709123815899        31.600135833499284        1.7769999999999999     
   235.98570163503146        150.46141435708344       -174.51389732471216        50.946185395807284        0.0000000000000000     
   131.38462899377424        28.519736488299863        125.69817663397403        25.465933271017313        0.0000000000000000     

 PASSED   1.0000000000000001E-005
 MU_R    =    325.00000000000000     
 ALPHA_S =   0.11799999999999999     
 BORN                    4.1505560828631335E-007
 SINGLE POLE (MadFKS)   -2.0539936403866911E-007
 DOUBLE POLE (MadFKS)   -6.7555469822360551E-008
 SINGLE POLE (MadLoop)  -2.0539936403866438E-007
 DOUBLE POLE (MadLoop)  -6.7555469822356951E-008
 FINITE PART (MadLoop)  -1.0824972123031244E-007
   325.00000000000000        0.0000000000000000        0.0000000000000000        325.00000000000000        0.0000000000000000     
   325.00000000000000        0.0000000000000000        0.0000000000000000       -325.00000000000000        0.0000000000000000     
   90.073879089594129       -31.953244349533858        1.0094288448401616        84.190956724537884        1.7769999999999999     
   229.05664792235530       -26.546833777352386        149.38786190987480        171.58765269919525        1.7769999999999999     
   278.74907593146685        51.375586674024809       -98.766621636868777       -255.55185555379171        0.0000000000000000     
   52.120397056583741        7.1244914528614816       -51.630669117846175      -0.22675386994139635        0.0000000000000000     

 PASSED   1.0000000000000001E-005
 MU_R    =    325.00000000000000     
 ALPHA_S =   0.11799999999999999     
 BORN                    2.6932135641156505E-010
 SINGLE POLE (MadFKS)   -8.7384592174666916E-011
 DOUBLE POLE (MadFKS)   -4.3835405189918631E-011
 SINGLE POLE (MadLoop)  -8.7384592174672500E-011
 DOUBLE POLE (MadLoop)  -4.3835405189918508E-011
 FINITE PART (MadLoop)   3.7145347462371258E-011
   325.00000000000000        0.0000000000000000        0.0000000000000000        325.00000000000000        0.0000000000000000     
   325.00000000000000        0.0000000000000000        0.0000000000000000       -325.00000000000000        0.0000000000000000     
   137.89885428730867        102.68016800543313       -17.336064061060856        90.383517667765105        1.7769999999999999     
   215.02331624189361       -119.98002389051709        177.99458740543110        12.433403406255962        1.7769999999999999     
   242.87393847283926        21.085242013528475       -213.65199628376854       -113.56049948155386        0.0000000000000000     
   54.203890997962169       -3.7853861284445212        52.993472939398309        10.743578407532807        0.0000000000000000     

 PASSED   1.0000000000000001E-005
 MU_R    =    325.00000000000000     
 ALPHA_S =   0.11799999999999999     
 BORN                    4.6231634221096004E-010
 SINGLE POLE (MadFKS)   -1.4185009579546725E-010
 DOUBLE POLE (MadFKS)   -7.5247742907432758E-011
 SINGLE POLE (MadLoop)  -1.4185009579546629E-010
 DOUBLE POLE (MadLoop)  -7.5247742907433340E-011
 FINITE PART (MadLoop)   1.1651956140881280E-010
   325.00000000000000        0.0000000000000000        0.0000000000000000        325.00000000000000        0.0000000000000000     
   325.00000000000000        0.0000000000000000        0.0000000000000000       -325.00000000000000        0.0000000000000000     
   87.813018521469161       -84.853626456273602        20.373145999095641        9.6314844219673130        1.7769999999999999     
   162.05905037586061        98.235540420169514        66.013623441688466        110.68856399006140        1.7769999999999999     
   147.67951286770074       -123.86276273209799        29.725713597309866        74.723734384357982        0.0000000000000000     
   252.44841823496949        110.48084876820209       -116.11248303809398       -195.04378279638664        0.0000000000000000     

 PASSED   1.0000000000000001E-005
 MU_R    =    325.00000000000000     
 ALPHA_S =   0.11799999999999999     
 BORN                    1.4578063293482877E-007
 SINGLE POLE (MadFKS)   -1.0981012806682370E-007
 DOUBLE POLE (MadFKS)   -2.3727613727652403E-008
 SINGLE POLE (MadLoop)  -1.0981012806703052E-007
 DOUBLE POLE (MadLoop)  -2.3727613727652446E-008
 FINITE PART (MadLoop)  -2.2591167590219160E-007
   325.00000000000000        0.0000000000000000        0.0000000000000000        325.00000000000000        0.0000000000000000     
   325.00000000000000        0.0000000000000000        0.0000000000000000       -325.00000000000000        0.0000000000000000     
   291.69040859078257       -238.28179444148532       -167.10777915440397        19.414255553234945        1.7769999999999999     
   267.40082852992248        254.39993548950284        78.594485586445543       -24.568781569866207        1.7769999999999999     
   60.185240472338535       -6.4241673552167224        59.422221079336182        7.0705647938391749        0.0000000000000000     
   30.723522406956430       -9.6939736928008475        29.091072488622252       -1.9160387772079182        0.0000000000000000     

 PASSED   1.0000000000000001E-005
 MU_R    =    325.00000000000000     
 ALPHA_S =   0.11799999999999999     
 BORN                    2.5874615247867269E-007
 SINGLE POLE (MadFKS)   -1.8866316012573664E-007
 DOUBLE POLE (MadFKS)   -4.2114159034244460E-008
 SINGLE POLE (MadLoop)  -1.8866316012575069E-007
 DOUBLE POLE (MadLoop)  -4.2114159034246465E-008
 FINITE PART (MadLoop)  -2.7251053449770028E-007
   325.00000000000000        0.0000000000000000        0.0000000000000000        325.00000000000000        0.0000000000000000     
   325.00000000000000        0.0000000000000000        0.0000000000000000       -325.00000000000000        0.0000000000000000     
   289.34087734447871       -1.9722815929043815       -142.88002478775240       -251.58774651290605        1.7769999999999999     
   273.06248379327280        42.608988718141624        106.75693695318046        247.68405846792669        1.7769999999999999     
   38.113956776402397       -15.123414437252221        13.806105405784518       -32.145722739377781        0.0000000000000000     
   49.482682085846122       -25.513292687985036        22.316982428787416        36.049410784357065        0.0000000000000000     

 PASSED   1.0000000000000001E-005
 MU_R    =    325.00000000000000     
 ALPHA_S =   0.11799999999999999     
 BORN                    9.8147135885373145E-006
 SINGLE POLE (MadFKS)   -5.6640761146049087E-006
 DOUBLE POLE (MadFKS)   -1.5974668801202381E-006
 SINGLE POLE (MadLoop)  -5.6640761146049646E-006
 DOUBLE POLE (MadLoop)  -1.5974668801202750E-006
 FINITE PART (MadLoop)  -2.4243454499262138E-006
   325.00000000000000        0.0000000000000000        0.0000000000000000        325.00000000000000        0.0000000000000000     
   325.00000000000000        0.0000000000000000        0.0000000000000000       -325.00000000000000        0.0000000000000000     
   46.938123386016912       -31.006733923404404        8.8099394526590800       -34.073407758024892        1.7769999999999999     
   60.021270712781600        43.330048040542195        41.315600319983211        3.8630707967525670        1.7769999999999999     
   286.34248500944807       -46.130127124190253       -14.830253627894633        282.21285170988295        0.0000000000000000     
   256.69812089175343        33.806813007052504       -35.295286144747678       -252.00251474861082        0.0000000000000000     

 PASSED   1.0000000000000001E-005
 MU_R    =    325.00000000000000     
 ALPHA_S =   0.11799999999999999     
 BORN                    1.1414807278516656E-009
 SINGLE POLE (MadFKS)   -4.4750568095724724E-010
 DOUBLE POLE (MadFKS)   -1.8579020575477958E-010
 SINGLE POLE (MadLoop)  -4.4750568095716871E-010
 DOUBLE POLE (MadLoop)  -1.8579020575477560E-010
 FINITE PART (MadLoop)  -3.9461216746868383E-011
   325.00000000000000        0.0000000000000000        0.0000000000000000        325.00000000000000        0.0000000000000000     
   325.00000000000000        0.0000000000000000        0.0000000000000000       -325.00000000000000        0.0000000000000000     
   98.364310944735962       -82.267772561554480       -49.667529455707381        20.917219082839061        1.7769999999999999     
   227.22121400379982        216.66380236959120        21.027918612645891        65.122544068327343        1.7769999999999999     
   82.693055230376203        50.326132973156440       -11.628961629836063        64.577000353949757        0.0000000000000000     
   241.72141982108803       -184.72216278119316        40.268572472897553       -150.61676350511615        0.0000000000000000     

 PASSED   1.0000000000000001E-005
 MU_R    =    325.00000000000000     
 ALPHA_S =   0.11799999999999999     
 BORN                    1.0956651137608218E-008
 SINGLE POLE (MadFKS)   -5.2729193453448503E-009
 DOUBLE POLE (MadFKS)   -1.7833314392182185E-009
 SINGLE POLE (MadLoop)  -5.2729193453447990E-009
 DOUBLE POLE (MadLoop)  -1.7833314392181841E-009
 FINITE PART (MadLoop)  -5.8665309940439422E-009
   325.00000000000000        0.0000000000000000        0.0000000000000000        325.00000000000000        0.0000000000000000     
   325.00000000000000        0.0000000000000000        0.0000000000000000       -325.00000000000000        0.0000000000000000     
Thanks for using LHAPDF 6.2.1. Please make sure to cite the paper:
  Eur.Phys.J. C75 (2015) 3, 132  (http://arxiv.org/abs/1412.7420)
   53.563363037100764        40.752047051716069       -20.953444694213314       -27.678510570215217        1.7769999999999999     
   291.61581182275421       -159.34206365162819       -232.96212324367625       -73.316982078388179        1.7769999999999999     
   38.769021127012607       -4.8438960439387930        32.214330170676014        21.019291184931454        0.0000000000000000     
   266.05180401313237        123.43391264385090        221.70123776721351        79.976201463671941        0.0000000000000000     

 PASSED   1.0000000000000001E-005
 MU_R    =    325.00000000000000     
 ALPHA_S =   0.11799999999999999     
 BORN                    1.8926283430733618E-009
 SINGLE POLE (MadFKS)   -8.2183372241518755E-010
 DOUBLE POLE (MadFKS)   -3.0804883577729724E-010
 SINGLE POLE (MadLoop)  -8.2183372241520141E-010
 DOUBLE POLE (MadLoop)  -3.0804883577729787E-010
 FINITE PART (MadLoop)  -3.6114294898320758E-010
   325.00000000000000        0.0000000000000000        0.0000000000000000        325.00000000000000        0.0000000000000000     
   325.00000000000000        0.0000000000000000        0.0000000000000000       -325.00000000000000        0.0000000000000000     
   217.93594923660541       -150.01024663827371        125.89664908205918       -95.602719072698832        1.7769999999999999     
   168.11161686192929        71.818662332702843        101.93240247231290        112.73962507430892        1.7769999999999999     
   90.271382704872622        18.483822724938204       -76.625250862399994        43.998201817766422        0.0000000000000000     
   173.68105119659455        59.707761580632727       -151.20380069197213       -61.135107819376508        0.0000000000000000     

 PASSED   1.0000000000000001E-005
 MU_R    =    325.00000000000000     
 ALPHA_S =   0.11799999999999999     
 BORN                    7.3819966386803223E-010
 SINGLE POLE (MadFKS)   -2.8216598381758737E-010
 DOUBLE POLE (MadFKS)   -1.2015118967122271E-010
 SINGLE POLE (MadLoop)  -2.8216598381761508E-010
 DOUBLE POLE (MadLoop)  -1.2015118967122256E-010
 FINITE PART (MadLoop)   6.0931357150790313E-011
   325.00000000000000        0.0000000000000000        0.0000000000000000        325.00000000000000        0.0000000000000000     
   325.00000000000000        0.0000000000000000        0.0000000000000000       -325.00000000000000        0.0000000000000000     
   120.21908632081693       -118.25151271004646        21.339457560483982        3.2677637035196558        1.7769999999999999     
   271.56024185059994        125.32563500841898       -211.70457705480715        114.96288309162266        1.7769999999999999     
   157.30705946780284        52.888090560593902        136.54892175031119       -57.469581554842343        0.0000000000000000     
   100.91361236078413       -59.962212858966431        53.816197744011987       -60.761065240300077        0.0000000000000000     

 PASSED   1.0000000000000001E-005
 MU_R    =    325.00000000000000     
 ALPHA_S =   0.11799999999999999     
 BORN                    1.8733599359592651E-010
 SINGLE POLE (MadFKS)   -6.9359118884331401E-011
 DOUBLE POLE (MadFKS)   -3.0491266252886016E-011
 SINGLE POLE (MadLoop)  -6.9359118884413137E-011
 DOUBLE POLE (MadLoop)  -3.0491266252886132E-011
 FINITE PART (MadLoop)   2.7986893433698338E-011
   325.00000000000000        0.0000000000000000        0.0000000000000000        325.00000000000000        0.0000000000000000     
   325.00000000000000        0.0000000000000000        0.0000000000000000       -325.00000000000000        0.0000000000000000     
   277.53422959349842        41.630781881419630       -261.92598069117486        81.754201763363127        1.7769999999999999     
   75.879309238392210        1.7909274682378102        67.601244235486817       -34.371153575536667        1.7769999999999999     
   111.79037471219436       -81.735993509354628        48.221346867793024        59.084828421410826        0.0000000000000000     
   184.79608645591506        38.314284159697195        146.10338958789501       -106.46787660923727        0.0000000000000000     

 PASSED   1.0000000000000001E-005
 MU_R    =    325.00000000000000     
 ALPHA_S =   0.11799999999999999     
 BORN                    7.3676765199964400E-010
 SINGLE POLE (MadFKS)   -3.0972501893284619E-010
 DOUBLE POLE (MadFKS)   -1.1991811190374095E-010
 SINGLE POLE (MadLoop)  -3.0972501893278488E-010
 DOUBLE POLE (MadLoop)  -1.1991811190374126E-010
 FINITE PART (MadLoop)  -1.3027386657125274E-010
   325.00000000000000        0.0000000000000000        0.0000000000000000        325.00000000000000        0.0000000000000000     
   325.00000000000000        0.0000000000000000        0.0000000000000000       -325.00000000000000        0.0000000000000000     
   118.24489442730308        73.057557391241261        42.547750851073843        82.649740076206385        1.7769999999999999     
   226.72596411909436        155.31821234149766       -138.90433405871849       -89.349560555596682        1.7769999999999999     
   264.67323683972472       -249.92749634912306        83.476966705580452       -24.895077776771679        0.0000000000000000     
   40.355904613883148        21.551726616384194        12.879616502064190        31.594898256161990        0.0000000000000000     

 PASSED   1.0000000000000001E-005
 MU_R    =    325.00000000000000     
 ALPHA_S =   0.11799999999999999     
 BORN                    2.1492377711311206E-010
 SINGLE POLE (MadFKS)   -9.5964003182717943E-011
 DOUBLE POLE (MadFKS)   -3.4981521629884618E-011
 SINGLE POLE (MadLoop)  -9.5964003182719546E-011
 DOUBLE POLE (MadLoop)  -3.4981521629884948E-011
 FINITE PART (MadLoop)  -3.1860153183693662E-012
   325.00000000000000        0.0000000000000000        0.0000000000000000        325.00000000000000        0.0000000000000000     
   325.00000000000000        0.0000000000000000        0.0000000000000000       -325.00000000000000        0.0000000000000000     
   267.89055906837336       -139.30043271077437       -26.246066091788560        227.30756118145769        1.7769999999999999     
   168.87764998925826        1.0752294065382442        80.481756146055673       -148.45212610893981        1.7769999999999999     
   99.826352938632937        24.985351485351895       -59.670859274137968       -76.029083288357199        0.0000000000000000     
   113.40543800373656        113.23985181888428        5.4351692198707831       -2.8263517841606416        0.0000000000000000     

 PASSED   1.0000000000000001E-005
 MU_R    =    325.00000000000000     
 ALPHA_S =   0.11799999999999999     
 BORN                    3.2658253017416792E-010
 SINGLE POLE (MadFKS)   -1.4238195489756847E-010
 DOUBLE POLE (MadFKS)   -5.3155374415449562E-011
 SINGLE POLE (MadLoop)  -1.4238195489757002E-010
 DOUBLE POLE (MadLoop)  -5.3155374415451145E-011
 FINITE PART (MadLoop)   3.6859104923115769E-011
   325.00000000000000        0.0000000000000000        0.0000000000000000        325.00000000000000        0.0000000000000000     
   325.00000000000000        0.0000000000000000        0.0000000000000000       -325.00000000000000        0.0000000000000000     
   179.53584166749783        134.07689490019885        20.022676007076370        117.69638657874560        1.7769999999999999     
   153.19532426763044       -109.79792472109949       -98.711502493962939       -40.817945205369611        1.7769999999999999     
   180.46967849633461       -71.675603233399656       -14.615732894718835       -164.97967483798982        0.0000000000000000     
   136.79915556854107        47.396633054300274        93.304559381605401        88.101233464613827        0.0000000000000000     

 NUMBER OF POINTS PASSING THE CHECK          20
 NUMBER OF POINTS FAILING THE CHECK           0
 TOLERANCE    1.0000000000000001E-005
