==== LHAPDF6 USING DEFAULT-TYPE LHAGLUE INTERFACE ====
LHAPDF 6.2.1 loading /cvmfs/cms.cern.ch/slc6_amd64_gcc481/external/lhapdf/6.2.1/share/LHAPDF/NNPDF31_nnlo_hessian_pdfas/NNPDF31_nnlo_hessian_pdfas_0000.dat
NNPDF31_nnlo_hessian_pdfas PDF set, member #0, version 1; LHAPDF ID = 306000
 A PDF is used, so alpha_s(MZ) is going to be modified
 Old value of alpha_s from param_card:   0.11799999999999999     
 New value of alpha_s from PDF lhapdf :  0.11800208008122040     
 using LHAPDF
 *****************************************************
 *               MadGraph/MadEvent                   *
 *        --------------------------------           *
 *          http://madgraph.hep.uiuc.edu             *
 *          http://madgraph.phys.ucl.ac.be           *
 *          http://madgraph.roma2.infn.it            *
 *        --------------------------------           *
 *                                                   *
 *          PARAMETER AND COUPLING VALUES            *
 *                                                   *
 *****************************************************

  External Params
  ---------------------------------
  
 MU_R =    91.188000000000002     
 aEWM1 =    132.50700000000001     
 mdl_Gf =    1.1663900000000000E-005
 aS =   0.11799999999999999     
 mdl_lamWS =   0.22530000000000000     
 mdl_AWS =   0.80800000000000005     
 mdl_rhoWS =   0.13200000000000001     
 mdl_etaWS =   0.34100000000000003     
 mdl_ymt =    173.00000000000000     
 mdl_ymtau =    1.7769999999999999     
 mdl_MT =    173.00000000000000     
 mdl_MZ =    91.188000000000002     
 mdl_MH =    125.00000000000000     
 mdl_MTA =    1.7769999999999999     
 mdl_WT =    1.4915000000000000     
 mdl_WZ =    2.4414039999999999     
 mdl_WW =    2.0476000000000001     
 mdl_WH =    6.3823389999999999E-003
  Internal Params
  ---------------------------------
  
 mdl_CKM33 =    1.0000000000000000     
 mdl_conjg__CKM3x3 =    1.0000000000000000     
 mdl_I4x33 =    0.0000000000000000     
 mdl_I1x33 =    0.0000000000000000     
 mdl_lhv =    1.0000000000000000     
 mdl_CKM3x3 =    1.0000000000000000     
 mdl_conjg__CKM33 =    1.0000000000000000     
 mdl_Ncol =    3.0000000000000000     
 mdl_CA =    3.0000000000000000     
 mdl_TF =   0.50000000000000000     
 mdl_CF =    1.3333333333333333     
 mdl_lamWS__exp__2 =    5.0760090000000001E-002
 mdl_CKM11 =  ( 0.97461995499999998     ,  0.0000000000000000     )
 mdl_CKM12 =  ( 0.22530000000000000     ,  0.0000000000000000     )
 mdl_complexi =  (  0.0000000000000000     ,  1.0000000000000000     )
 mdl_lamWS__exp__3 =    1.1436248277000001E-002
 mdl_CKM13 =  (  1.2197444962317122E-003, -3.1510066152652563E-003)
 mdl_CKM21 =  (-0.22530000000000000     ,  0.0000000000000000     )
 mdl_CKM22 =  ( 0.97461995499999998     ,  0.0000000000000000     )
 mdl_CKM23 =  (  4.1014152720000002E-002,  0.0000000000000000     )
 mdl_CKM31 =  (  8.0207441115842885E-003, -3.1510066152652563E-003)
 mdl_CKM32 =  ( -4.1014152720000002E-002,  0.0000000000000000     )
 mdl_MZ__exp__2 =    8315.2513440000002     
 mdl_MZ__exp__4 =    69143404.913893804     
 mdl_sqrt__2 =    1.4142135623730951     
 mdl_MH__exp__2 =    15625.000000000000     
 mdl_CKM1x1 =  ( 0.97461995499999998     ,  0.0000000000000000     )
 mdl_CKM1x2 =  ( 0.22530000000000000     ,  0.0000000000000000     )
 mdl_CKM1x3 =  (  1.2197444962317122E-003, -3.1510066152652563E-003)
 mdl_CKM2x1 =  (-0.22530000000000000     ,  0.0000000000000000     )
 mdl_CKM2x2 =  ( 0.97461995499999998     ,  0.0000000000000000     )
 mdl_CKM2x3 =  (  4.1014152720000002E-002,  0.0000000000000000     )
 mdl_CKM3x1 =  (  8.0207441115842885E-003, -3.1510066152652563E-003)
 mdl_CKM3x2 =  ( -4.1014152720000002E-002,  0.0000000000000000     )
 mdl_conjg__CKM1x3 =  (  1.2197444962317122E-003,  3.1510066152652563E-003)
 mdl_conjg__CKM2x3 =  (  4.1014152720000002E-002, -0.0000000000000000     )
 mdl_conjg__CKM2x1 =  (-0.22530000000000000     , -0.0000000000000000     )
 mdl_conjg__CKM3x1 =  (  8.0207441115842885E-003,  3.1510066152652563E-003)
 mdl_conjg__CKM2x2 =  ( 0.97461995499999998     , -0.0000000000000000     )
 mdl_conjg__CKM3x2 =  ( -4.1014152720000002E-002, -0.0000000000000000     )
 mdl_Ncol__exp__2 =    9.0000000000000000     
 mdl_MT__exp__2 =    29929.000000000000     
 mdl_conjg__CKM11 =  ( 0.97461995499999998     , -0.0000000000000000     )
 mdl_conjg__CKM12 =  ( 0.22530000000000000     , -0.0000000000000000     )
 mdl_conjg__CKM13 =  (  1.2197444962317122E-003,  3.1510066152652563E-003)
 mdl_conjg__CKM21 =  (-0.22530000000000000     , -0.0000000000000000     )
 mdl_conjg__CKM22 =  ( 0.97461995499999998     , -0.0000000000000000     )
 mdl_conjg__CKM23 =  (  4.1014152720000002E-002, -0.0000000000000000     )
 mdl_conjg__CKM31 =  (  8.0207441115842885E-003,  3.1510066152652563E-003)
 mdl_conjg__CKM32 =  ( -4.1014152720000002E-002, -0.0000000000000000     )
 mdl_aEW =    7.5467711139788835E-003
 mdl_MW =    80.419002445756163     
 mdl_sqrt__aEW =    8.6872153846781555E-002
 mdl_ee =   0.30795376724436879     
 mdl_MW__exp__2 =    6467.2159543705357     
 mdl_sw2 =   0.22224648578577766     
 mdl_cw =   0.88190334743339216     
 mdl_sqrt__sw2 =   0.47143025548407230     
 mdl_sw =   0.47143025548407230     
 mdl_g1 =   0.34919219678733299     
 mdl_gw =   0.65323293034757990     
 mdl_v =    246.21845810181637     
 mdl_v__exp__2 =    60623.529110035903     
 mdl_lam =   0.12886910601690263     
 mdl_yt =   0.99366614581500623     
 mdl_ytau =    1.0206617000654717E-002
 mdl_muH =    88.388347648318430     
 mdl_AxialZUp =  -0.18517701861793787     
 mdl_AxialZDown =   0.18517701861793787     
 mdl_VectorZUp =    7.5430507588273299E-002
 mdl_VectorZDown =  -0.13030376310310560     
 mdl_VectorAUp =   0.20530251149624587     
 mdl_VectorADown =  -0.10265125574812294     
 mdl_VectorWmDxU =   0.23095271737156670     
 mdl_AxialWmDxU =  -0.23095271737156670     
 mdl_VectorWpUxD =   0.23095271737156670     
 mdl_AxialWpUxD =  -0.23095271737156670     
 mdl_I2x13 =  (  7.9699418879263656E-003,  3.1310485988282153E-003)
 mdl_I2x23 =  ( -4.0754375057150453E-002, -0.0000000000000000     )
 mdl_I2x33 =  ( 0.99366614581500623     ,  0.0000000000000000     )
 mdl_I3x31 =  (  7.9699418879263656E-003, -3.1310485988282153E-003)
 mdl_I3x32 =  ( -4.0754375057150453E-002,  0.0000000000000000     )
 mdl_I3x33 =  ( 0.99366614581500623     ,  0.0000000000000000     )
 mdl_Vector_tdGp =  ( -7.9699418879263656E-003, -3.1310485988282153E-003)
 mdl_Vector_tsGp =  (  4.0754375057150453E-002,  0.0000000000000000     )
 mdl_Vector_tbGp =  (-0.99366614581500623     ,  0.0000000000000000     )
 mdl_Axial_tdGp =  ( -7.9699418879263656E-003, -3.1310485988282153E-003)
 mdl_Axial_tsGp =  (  4.0754375057150453E-002,  0.0000000000000000     )
 mdl_Axial_tbGp =  (-0.99366614581500623     , -0.0000000000000000     )
 mdl_Vector_tdGm =  (  7.9699418879263656E-003, -3.1310485988282153E-003)
 mdl_Vector_tsGm =  ( -4.0754375057150453E-002,  0.0000000000000000     )
 mdl_Vector_tbGm =  ( 0.99366614581500623     ,  0.0000000000000000     )
 mdl_Axial_tdGm =  ( -7.9699418879263656E-003,  3.1310485988282153E-003)
 mdl_Axial_tsGm =  (  4.0754375057150453E-002, -0.0000000000000000     )
 mdl_Axial_tbGm =  (-0.99366614581500623     ,  0.0000000000000000     )
 mdl_gw__exp__2 =   0.42671326129048615     
 mdl_cw__exp__2 =   0.77775351421422245     
 mdl_ee__exp__2 =    9.4835522759998875E-002
 mdl_sw__exp__2 =   0.22224648578577769     
 mdl_yt__exp__2 =   0.98737240933884918     
  Internal Params evaluated point by point
  ----------------------------------------
  
 mdl_sqrt__aS =   0.34351128074635334     
 mdl_G__exp__4 =    2.1987899468922913     
 mdl_G__exp__2 =    1.4828317324943823     
 mdl_R2MixedFactor_FIN_ =   -2.5040377713124864E-002
 mdl_G_UVg_1EPS_ =   -5.1645779033320030E-002
 mdl_G_UVq_1EPS_ =    3.1300472141406080E-003
 mdl_G_UVb_1EPS_ =    3.1300472141406080E-003
 mdl_GWcft_UV_t_1EPS_ =   -3.1300472141406080E-003
 mdl_tWcft_UV_1EPS_ =   -1.8780283284843650E-002
 mdl_G__exp__3 =    1.8056676068262196     
 mdl_MU_R__exp__2 =    8315.2513440000002     
 mdl_G_UVt_FIN_ =   -4.0087659331150384E-003
 mdl_GWcft_UV_t_FIN_ =    4.0087659331150384E-003
 mdl_tWcft_UV_FIN_ =   -9.8778211443463623E-004
  Couplings of loop_sm-ckm_no_b_mass
  ---------------------------------
  
       UV_3Gt =   0.48815E-02   0.00000E+00
      UV_GQQt =   0.00000E+00  -0.48815E-02
   UVWfct_G_2 =   0.40088E-02   0.00000E+00
       R2_DDA =   0.00000E+00   0.25704E-02
       R2_UUA =  -0.00000E+00  -0.51409E-02
    R2_DDZ_V2 =   0.00000E+00   0.72127E-02
    R2_UUZ_V2 =  -0.00000E+00  -0.72127E-02
    R2_UUZ_V5 =   0.00000E+00   0.68702E-03
      R2_GGHt =   0.00000E+00  -0.45657E+01
     R2_GGZup =  -0.46369E-02   0.00000E+00
   R2_GGZdown =   0.46369E-02   0.00000E+00
 R2_GGGZvecUp =   0.00000E+00   0.28750E-03
 R2_GGGZvecDown  -0.00000E+00  -0.49665E-03
 R2_GGGZaxialUp  -0.00000E+00  -0.63522E-02
 R2_GGGZaxialDow  0.00000E+00   0.63522E-02
 R2_GGGAvecUp =   0.00000E+00   0.78251E-03
 R2_GGGAvecDown  -0.00000E+00  -0.39126E-03
         GC_4 =  -0.12177E+01   0.00000E+00
         GC_5 =   0.00000E+00   0.12177E+01
         GC_6 =   0.00000E+00   0.14828E+01
       R2_3Gq =   0.76230E-02   0.00000E+00
       R2_3Gg =   0.31445E-01   0.00000E+00
       R2_GQQ =  -0.00000E+00  -0.30492E-01
       R2_GGq =   0.00000E+00   0.62601E-02
       R2_GGt =  -0.00000E+00  -0.11242E+04
     R2_GGg_1 =   0.00000E+00   0.28170E-01
     R2_GGg_2 =  -0.00000E+00  -0.18780E-01
       R2_QQq =   0.00000E+00   0.12520E-01
  UV_3Gg_1eps =   0.62890E-01   0.00000E+00
  UV_3Gb_1eps =  -0.38115E-02   0.00000E+00
 UV_GQQg_1eps =   0.00000E+00  -0.62890E-01
 UV_GQQq_1eps =   0.00000E+00   0.38115E-02
 UVWfct_G_2_1eps -0.31300E-02   0.00000E+00
         GC_1 =  -0.00000E+00  -0.10265E+00
         GC_2 =   0.00000E+00   0.20530E+00
        GC_21 =  -0.00000E+00  -0.28804E+00
        GC_22 =   0.00000E+00   0.28804E+00
        GC_23 =  -0.00000E+00  -0.27437E-01
        GC_24 =   0.00000E+00   0.82310E-01
        GC_37 =  -0.00000E+00  -0.70263E+00
        GC_38 =  -0.00000E+00  -0.72172E-02
      GC_1003 =  -0.00000E+00  -0.30795E+00

 Collider parameters:
 --------------------

 Running at P P   machine @    13000.000000000000       GeV
 PDF set = lhapdf 
 alpha_s(Mz)= 0.1180 running at 3 loops.
 alpha_s(Mz)= 0.1180 running at 3 loops.
 Renormalization scale set on event-by-event basis
 Factorization   scale set on event-by-event basis


 ===============================================================
 INFO: MadFKS read these parameters from FKS_params.dat
 ===============================================================
  > IRPoleCheckThreshold      =    1.0000000000000001E-005
  > PrecisionVirtualAtRunTime =    1.0000000000000000E-003
  > NHelForMCoverHels         =            4
  > VirtualFraction           =    1.0000000000000000     
  > MinVirtualFraction        =    5.0000000000000001E-003
 ===============================================================
  Insert the number of points to test
 Insert the relative tolerance
  A negative number will mean use the default one:    1.0000000000000001E-005
Using random seed offsets:     0 ,     28 ,      0
  with seed                   32
 Ranmar initialization seeds       10729        9434
  ========================================================================================== 
 {                                                                                          }
 {       [32m                                                                            [0m       }
 {       [32m                               ,,                                           [0m       }
 {       [32m`7MMM.     ,MMF'             `7MM  `7MMF'                                   [0m       }
 {       [32m  MMMb    dPMM                 MM    MM                                     [0m       }
 {       [32m  M YM   ,M MM   ,6"Yb.   ,M""bMM    MM         ,pW"Wq.   ,pW"Wq.`7MMpdMAo. [0m       }
 {       [32m  M  Mb  M' MM  8)   MM ,AP    MM    MM        6W'   `Wb 6W'   `Wb MM   `Wb [0m       }
 {       [32m  M  YM.P'  MM   ,pm9MM 8MI    MM    MM      , 8M     M8 8M     M8 MM    M8 [0m       }
 {       [32m  M  `YM'   MM  8M   MM `Mb    MM    MM     ,M YA.   ,A9 YA.   ,A9 MM   ,AP [0m       }
 {       [32m.JML. `'  .JMML.`Moo9^Yo.`Wbmd"MML..JMMmmmmMMM  `Ybmd9'   `Ybmd9'  MMbmmd'  [0m       }
 {       [32m                                                                   MM       [0m       }
 {       [32m                                                                 .JMML.     [0m       }
 {       [32m[0mv2.4.2 (2016-06-10), Ref: arXiv:1103.0621v2, arXiv:1405.0301[32m                [0m       }
 {       [32m                                                                            [0m       }
 {                                                                                          }
  ========================================================================================== 
 ===============================================================
 INFO: MadLoop read these parameters from ./MadLoop5_resources/MadLoopParams.dat                                                                                                                                                                                                                                                                                                                                                                                                                                                                                          
 ===============================================================
  > MLReductionLib            = 6|1|2
  > IREGIMODE                 =            2
  > IREGIRECY                 =  T
  > CTModeRun                 =           -1
  > MLStabThres               =    1.0000000000000000E-003
  > NRotations_DP             =            1
  > NRotations_QP             =            0
  > CTStabThres               =    1.0000000000000000E-002
  > CTLoopLibrary             =            2
  > CTModeInit                =            1
  > CheckCycle                =            3
  > MaxAttempts               =           10
  > UseLoopFilter             =  F
  > HelicityFilterLevel       =            2
  > ImprovePSPoint            =            2
  > DoubleCheckHelicityFilter =  T
  > LoopInitStartOver         =  F
  > HelInitStartOver          =  F
  > ZeroThres                 =    1.0000000000000001E-009
  > OSThres                   =    1.0000000000000000E-008
  > WriteOutFilters           =  T
  > UseQPIntegrandForNinja    =  F
  > UseQPIntegrandForCutTools =  T
 ===============================================================
  
------------------------------------------------------------------------
|              You are using CutTools - Version 1.9.3                  |
|              Authors: G. Ossola, C. Papadopoulos, R. Pittau          |
|              Published in JHEP 0803:042,2008                         |
|              http://www.ugr.es/~pittau/CutTools                      |
|                                                                      |
|              Compiler with  34  significant digits detetected        |
 ---------------------------------------------------------------------- 
   
########################################################################
#                                                                      #
#                      You are using OneLOop-3.6                       #
#                                                                      #
# for the evaluation of 1-loop scalar 1-, 2-, 3- and 4-point functions #
#                                                                      #
# author: Andreas van Hameren <hamerenREMOVETHIS@ifj.edu.pl>           #
#   date: 18-02-2015                                                   #
#                                                                      #
# Please cite                                                          #
#    A. van Hameren,                                                   #
#      Comput.Phys.Commun. 182 (2011) 2427-2438, arXiv:1007.4716       #
#    A. van Hameren, C.G. Papadopoulos and R. Pittau,                  #
#      JHEP 0909:106,2009, arXiv:0903.4665                             #
# in publications with results obtained with the help of this program. #
#                                                                      #
########################################################################
 PASSED   1.0000000000000001E-005
 MU_R    =    325.00000000000000     
 ALPHA_S =   0.11799999999999999     
 BORN                    5.0765644487136774E-006
 SINGLE POLE (MadFKS)   -4.1131082698531169E-007
 DOUBLE POLE (MadFKS)   -5.4025613794345088E-007
 SINGLE POLE (MadLoop)  -4.1131082698533466E-007
 DOUBLE POLE (MadLoop)  -5.4025613794349302E-007
 FINITE PART (MadLoop)   7.1652422688093294E-007
   325.00000000000000        0.0000000000000000        0.0000000000000000        325.00000000000000        0.0000000000000000     
   325.00000000000000        0.0000000000000000        0.0000000000000000       -325.00000000000000        0.0000000000000000     
   197.06285991282758        72.466998466072198        182.80765387151132        12.669208630953795        1.7769999999999999     
   137.28116610261466       -40.566259338423563        131.09493709486605       -3.3848055888871853        1.7769999999999999     
   315.65597398456225       -31.900739127648642       -313.90259096637726       -9.2844030420666108        0.0000000000000000     

 PASSED   1.0000000000000001E-005
 MU_R    =    325.00000000000000     
 ALPHA_S =   0.11799999999999999     
 BORN                    1.5017435911163211E-006
 SINGLE POLE (MadFKS)   -2.2546876140393461E-007
 DOUBLE POLE (MadFKS)   -1.5981796368672323E-007
 SINGLE POLE (MadLoop)  -2.2546876140393458E-007
 DOUBLE POLE (MadLoop)  -1.5981796368672390E-007
 FINITE PART (MadLoop)   2.3080618794591486E-007
   325.00000000000000        0.0000000000000000        0.0000000000000000        325.00000000000000        0.0000000000000000     
   325.00000000000000        0.0000000000000000        0.0000000000000000       -325.00000000000000        0.0000000000000000     
   158.48167222289015        103.72667328946568        10.083157995544404        119.38337352705754        1.7769999999999999     
   315.47390990588133       -268.56467459807197        34.877118959158814       -161.79379541083924        1.7769999999999999     
   176.04441787122951        164.83800130860632       -44.960276954703218        42.410421883781666        0.0000000000000000     

 PASSED   1.0000000000000001E-005
 MU_R    =    325.00000000000000     
 ALPHA_S =   0.11799999999999999     
 BORN                    1.4207534025563793E-006
 SINGLE POLE (MadFKS)   -2.7796438723733018E-007
 DOUBLE POLE (MadFKS)   -1.5119885780818109E-007
 SINGLE POLE (MadLoop)  -2.7796438723732901E-007
 DOUBLE POLE (MadLoop)  -1.5119885780818128E-007
 FINITE PART (MadLoop)   9.4485949224332524E-008
   325.00000000000000        0.0000000000000000        0.0000000000000000        325.00000000000000        0.0000000000000000     
   325.00000000000000        0.0000000000000000        0.0000000000000000       -325.00000000000000        0.0000000000000000     
   238.90569914873197       -92.013447551790222        50.804555359486613       -214.53484094921097        1.7769999999999999     
   142.33521474745083        126.80571778697465        57.850155390977768       -28.806684744566386        1.7769999999999999     
   268.75908610381981       -34.792270235184439       -108.65471075046437        243.34152569377733        0.0000000000000000     

 PASSED   1.0000000000000001E-005
 MU_R    =    325.00000000000000     
 ALPHA_S =   0.11799999999999999     
 BORN                    1.1376808221393198E-006
 SINGLE POLE (MadFKS)   -1.5076216711359824E-007
 DOUBLE POLE (MadFKS)   -1.2107381938922474E-007
 SINGLE POLE (MadLoop)  -1.5076216711359652E-007
 DOUBLE POLE (MadLoop)  -1.2107381938922556E-007
 FINITE PART (MadLoop)   1.6543772937187099E-007
   325.00000000000000        0.0000000000000000        0.0000000000000000        325.00000000000000        0.0000000000000000     
   325.00000000000000        0.0000000000000000        0.0000000000000000       -325.00000000000000        0.0000000000000000     
   179.23270666270940        26.930389787083840        75.561046834294132        160.27004622156375        1.7769999999999999     
   258.20746262556185       -226.31737592477796       -88.094935266823725       -87.679323454208827        1.7769999999999999     
   212.55983071172975        199.38698613769435        12.533888432529459       -72.590722767354961        0.0000000000000000     

 PASSED   1.0000000000000001E-005
 MU_R    =    325.00000000000000     
 ALPHA_S =   0.11799999999999999     
 BORN                    2.4471465433001184E-006
 SINGLE POLE (MadFKS)   -6.3413069838561637E-007
 DOUBLE POLE (MadFKS)   -2.6042926349531203E-007
 SINGLE POLE (MadLoop)  -6.3413069838561246E-007
 DOUBLE POLE (MadLoop)  -2.6042926349531166E-007
 FINITE PART (MadLoop)  -4.9663868195602762E-008
   325.00000000000000        0.0000000000000000        0.0000000000000000        325.00000000000000        0.0000000000000000     
   325.00000000000000        0.0000000000000000        0.0000000000000000       -325.00000000000000        0.0000000000000000     
   270.01839336112511        101.19175488791311       -221.34409520396437       -116.93500453399838        1.7769999999999999     
   267.67197851344866       -165.00056027676473        209.23523442698243        25.309329010142260        1.7769999999999999     
   112.30962812542637        63.808805388851653        12.108860776981130        91.625675523855918        0.0000000000000000     

 PASSED   1.0000000000000001E-005
 MU_R    =    325.00000000000000     
 ALPHA_S =   0.11799999999999999     
 BORN                    1.9106550923017728E-006
 SINGLE POLE (MadFKS)   -3.1133111409296196E-007
 DOUBLE POLE (MadFKS)   -2.0333498206065283E-007
 SINGLE POLE (MadLoop)  -3.1133111409296175E-007
 DOUBLE POLE (MadLoop)  -2.0333498206065405E-007
 FINITE PART (MadLoop)   2.1985077911185564E-007
   325.00000000000000        0.0000000000000000        0.0000000000000000        325.00000000000000        0.0000000000000000     
   325.00000000000000        0.0000000000000000        0.0000000000000000       -325.00000000000000        0.0000000000000000     
   135.93975915001997       -88.072082392957157       -99.881874651627058       -27.264992349352955        1.7769999999999999     
   286.19466916392821        41.214958326378223        245.00856327879990       -142.04352170748078        1.7769999999999999     
   227.86557168605401        46.857124066578905       -145.12668862717285        169.30851405683376        0.0000000000000000     

 PASSED   1.0000000000000001E-005
 MU_R    =    325.00000000000000     
 ALPHA_S =   0.11799999999999999     
 BORN                    7.3966557995296430E-006
 SINGLE POLE (MadFKS)   -1.0943684340387165E-006
 DOUBLE POLE (MadFKS)   -7.8716398389534078E-007
 SINGLE POLE (MadLoop)  -1.0943684340387237E-006
 DOUBLE POLE (MadLoop)  -7.8716398389534724E-007
 FINITE PART (MadLoop)   8.3777241538455808E-007
   325.00000000000000        0.0000000000000000        0.0000000000000000        325.00000000000000        0.0000000000000000     
   325.00000000000000        0.0000000000000000        0.0000000000000000       -325.00000000000000        0.0000000000000000     
   289.05468623865704        199.69623850894988        43.237888968763436        204.45378742011570        1.7769999999999999     
   63.798092638570623       -25.512812478056588       -45.829345717551099        36.274045347608229        1.7769999999999999     
   297.14722112277241       -174.18342603089329        2.5914567487876439       -240.72783276772392        0.0000000000000000     

 PASSED   1.0000000000000001E-005
 MU_R    =    325.00000000000000     
 ALPHA_S =   0.11799999999999999     
 BORN                    1.4827296879660479E-005
 SINGLE POLE (MadFKS)   -3.0587348953458229E-006
 DOUBLE POLE (MadFKS)   -1.5779447359081785E-006
 SINGLE POLE (MadLoop)  -3.0587348953458521E-006
 DOUBLE POLE (MadLoop)  -1.5779447359081863E-006
 FINITE PART (MadLoop)   1.6938904770226313E-006
   325.00000000000000        0.0000000000000000        0.0000000000000000        325.00000000000000        0.0000000000000000     
   325.00000000000000        0.0000000000000000        0.0000000000000000       -325.00000000000000        0.0000000000000000     
   315.37604300966797       -72.261761545010472       -62.133111119763782        300.62701990411159        1.7769999999999999     
   65.330355091486126        25.042940964791018       -30.310323208097753       -52.144347557854296        1.7769999999999999     
   269.29360189884591        47.218820580219543        92.443434327861553       -248.48267234625726        0.0000000000000000     

 PASSED   1.0000000000000001E-005
 MU_R    =    325.00000000000000     
 ALPHA_S =   0.11799999999999999     
 BORN                    1.7113282426753519E-006
 SINGLE POLE (MadFKS)   -3.8544722118040799E-007
 DOUBLE POLE (MadFKS)   -1.8212229874784832E-007
 SINGLE POLE (MadLoop)  -3.8544722118063875E-007
 DOUBLE POLE (MadLoop)  -1.8212229874792699E-007
 FINITE PART (MadLoop)   1.2013125530217125E-007
   325.00000000000000        0.0000000000000000        0.0000000000000000        325.00000000000000        0.0000000000000000     
   325.00000000000000        0.0000000000000000        0.0000000000000000       -325.00000000000000        0.0000000000000000     
   261.20814166697141        119.52567686731089       -232.25003693558969      -0.26164277380184159        1.7769999999999999     
   285.91633766922877       -44.211865195944974        277.26800601297833        53.969975307267333        1.7769999999999999     
   102.87552066379993       -75.313811671365826       -45.017969077388408       -53.708332533465423        0.0000000000000000     

 PASSED   1.0000000000000001E-005
 MU_R    =    325.00000000000000     
 ALPHA_S =   0.11799999999999999     
 BORN                    4.0639120752399535E-007
 SINGLE POLE (MadFKS)   -4.5259048100890250E-008
 DOUBLE POLE (MadFKS)   -4.3248804676698456E-008
 SINGLE POLE (MadLoop)  -4.5259048100890257E-008
 DOUBLE POLE (MadLoop)  -4.3248804676698773E-008
 FINITE PART (MadLoop)   5.7408015419242393E-008
   325.00000000000000        0.0000000000000000        0.0000000000000000        325.00000000000000        0.0000000000000000     
   325.00000000000000        0.0000000000000000        0.0000000000000000       -325.00000000000000        0.0000000000000000     
   219.75879127604009        214.73761921011751       -37.015301465852765       -28.432217069175824        1.7769999999999999     
   184.57546314200522       -82.067670969938789       -164.21206464844204       -19.085048350776489        1.7769999999999999     
   245.66574558195606       -132.66994824017877        201.22736611429482        47.517265419952302        0.0000000000000000     

 PASSED   1.0000000000000001E-005
 MU_R    =    325.00000000000000     
 ALPHA_S =   0.11799999999999999     
 BORN                    6.4366940200190291E-007
 SINGLE POLE (MadFKS)   -8.6926517170151531E-008
 DOUBLE POLE (MadFKS)   -6.8500331031162654E-008
 SINGLE POLE (MadLoop)  -8.6926517170151836E-008
 DOUBLE POLE (MadLoop)  -6.8500331031162853E-008
 FINITE PART (MadLoop)   9.9695352145723998E-008
   325.00000000000000        0.0000000000000000        0.0000000000000000        325.00000000000000        0.0000000000000000     
   325.00000000000000        0.0000000000000000        0.0000000000000000       -325.00000000000000        0.0000000000000000     
   176.80384996906352       -165.86522112032310       -21.855542718476322        57.162114289713905        1.7769999999999999     
   272.57331269185943        214.93921891964885       -167.22252115458841       -11.437379583133961        1.7769999999999999     
   200.62283733907793       -49.073997799325753        189.07806387306474       -45.724734706579959        0.0000000000000000     

 PASSED   1.0000000000000001E-005
 MU_R    =    325.00000000000000     
 ALPHA_S =   0.11799999999999999     
 BORN                    5.9352583246893906E-007
 SINGLE POLE (MadFKS)   -1.1870574778895387E-007
 DOUBLE POLE (MadFKS)   -6.3163971866956191E-008
 SINGLE POLE (MadLoop)  -1.1870574778895477E-007
 DOUBLE POLE (MadLoop)  -6.3163971866956575E-008
 FINITE PART (MadLoop)   8.5078791857374068E-008
   325.00000000000000        0.0000000000000000        0.0000000000000000        325.00000000000000        0.0000000000000000     
   325.00000000000000        0.0000000000000000        0.0000000000000000       -325.00000000000000        0.0000000000000000     
   310.79240747109617       -78.206748885252736       -176.75009480526361       -243.37598736894577        1.7769999999999999     
   132.19070657541209        90.990308793446104        67.733324237851491        67.854149978244536        1.7769999999999999     
   207.01688595349393       -12.783559908193377        109.01677056741207        175.52183739070131        0.0000000000000000     

 PASSED   1.0000000000000001E-005
 MU_R    =    325.00000000000000     
 ALPHA_S =   0.11799999999999999     
 BORN                    6.4651751891869114E-006
 SINGLE POLE (MadFKS)   -1.1858964640067191E-006
 DOUBLE POLE (MadFKS)   -6.8803432205474608E-007
 SINGLE POLE (MadLoop)  -1.1858964640067731E-006
 DOUBLE POLE (MadLoop)  -6.8803432205475328E-007
 FINITE PART (MadLoop)   9.1998109021020043E-007
   325.00000000000000        0.0000000000000000        0.0000000000000000        325.00000000000000        0.0000000000000000     
   325.00000000000000        0.0000000000000000        0.0000000000000000       -325.00000000000000        0.0000000000000000     
   123.48542183281711        71.008748368398798        82.381633393829077       -58.450969288344041        1.7769999999999999     
   245.66471807142466       -152.53287566883688        15.199843359934508       -191.96531608116624        1.7769999999999999     
   280.84986009576232        81.524127300437115       -97.581476753764349        250.41628536951072        0.0000000000000000     

 PASSED   1.0000000000000001E-005
 MU_R    =    325.00000000000000     
 ALPHA_S =   0.11799999999999999     
 BORN                    1.7036052196443556E-007
 SINGLE POLE (MadFKS)   -1.9410115834027180E-008
 DOUBLE POLE (MadFKS)   -1.8130040223926928E-008
 SINGLE POLE (MadLoop)  -1.9410115834027144E-008
 DOUBLE POLE (MadLoop)  -1.8130040223926994E-008
 FINITE PART (MadLoop)   2.1752242100233226E-008
   325.00000000000000        0.0000000000000000        0.0000000000000000        325.00000000000000        0.0000000000000000     
   325.00000000000000        0.0000000000000000        0.0000000000000000       -325.00000000000000        0.0000000000000000     
   184.44854009425393       -50.380702354908784       -25.304182818498212       -175.61204222950008        1.7769999999999999     
   217.31824223136999       -180.67383026397832        71.344959017675549        97.421376288993997        1.7769999999999999     
   248.23321767437753        231.05453261888712       -46.040776199177316        78.190665940505980        0.0000000000000000     

 PASSED   1.0000000000000001E-005
 MU_R    =    325.00000000000000     
 ALPHA_S =   0.11799999999999999     
 BORN                    2.5024177184457614E-007
 SINGLE POLE (MadFKS)   -2.6728934204127455E-008
 DOUBLE POLE (MadFKS)   -2.6631131068006658E-008
 SINGLE POLE (MadLoop)  -2.6728934204127879E-008
 DOUBLE POLE (MadLoop)  -2.6631131068006999E-008
 FINITE PART (MadLoop)   4.8193990079423187E-008
   325.00000000000000        0.0000000000000000        0.0000000000000000        325.00000000000000        0.0000000000000000     
   325.00000000000000        0.0000000000000000        0.0000000000000000       -325.00000000000000        0.0000000000000000     
   257.97438794562692       -227.66364867643006        16.651229032228745       -120.16499802343493        1.7769999999999999     
   125.10315821299956      -0.30271909352918558       -121.61658605594124        29.273824880173159        1.7769999999999999     
   266.92245384137709        227.96636776995922        104.96535702371253        90.891173143261796        0.0000000000000000     

 PASSED   1.0000000000000001E-005
 MU_R    =    325.00000000000000     
 ALPHA_S =   0.11799999999999999     
 BORN                    1.2423162040346558E-006
 SINGLE POLE (MadFKS)   -1.1858725996494441E-007
 DOUBLE POLE (MadFKS)   -1.3220928469969394E-007
 SINGLE POLE (MadLoop)  -1.1858725996494567E-007
 DOUBLE POLE (MadLoop)  -1.3220928469969624E-007
Thanks for using LHAPDF 6.2.1. Please make sure to cite the paper:
  Eur.Phys.J. C75 (2015) 3, 132  (http://arxiv.org/abs/1412.7420)
 FINITE PART (MadLoop)   8.2398820346943866E-008
   325.00000000000000        0.0000000000000000        0.0000000000000000        325.00000000000000        0.0000000000000000     
   325.00000000000000        0.0000000000000000        0.0000000000000000       -325.00000000000000        0.0000000000000000     
   166.02273021185340        65.526623078321450       -114.23976020847590        101.07387433684033        1.7769999999999999     
   204.33013303138642        9.1956538590186625       -153.09553478518256       -134.99941746010657        1.7769999999999999     
   279.64713675676251       -74.722276937340084        267.33529499365829        33.925543123266202        0.0000000000000000     

 PASSED   1.0000000000000001E-005
 MU_R    =    325.00000000000000     
 ALPHA_S =   0.11799999999999999     
 BORN                    3.1552438905080990E-007
 SINGLE POLE (MadFKS)   -5.3235914953833843E-008
 DOUBLE POLE (MadFKS)   -3.3578611988024768E-008
 SINGLE POLE (MadLoop)  -5.3235914953839746E-008
 DOUBLE POLE (MadLoop)  -3.3578611988025013E-008
 FINITE PART (MadLoop)   4.6216580562512735E-008
   325.00000000000000        0.0000000000000000        0.0000000000000000        325.00000000000000        0.0000000000000000     
   325.00000000000000        0.0000000000000000        0.0000000000000000       -325.00000000000000        0.0000000000000000     
   144.83044419996867       -26.497203343264204        15.907438042420818       -141.48339643955572        1.7769999999999999     
   303.76018684775136       -85.653033152736995        75.814992954173491        281.39427524360821        1.7769999999999999     
   201.40936895228157        112.15023649600127       -91.722430996594298       -139.91087880405252        0.0000000000000000     

 PASSED   1.0000000000000001E-005
 MU_R    =    325.00000000000000     
 ALPHA_S =   0.11799999999999999     
 BORN                    2.8803293924460314E-007
 SINGLE POLE (MadFKS)   -3.5778925729322901E-008
 DOUBLE POLE (MadFKS)   -3.0652927768152240E-008
 SINGLE POLE (MadLoop)  -3.5778925729322782E-008
 DOUBLE POLE (MadLoop)  -3.0652927768152412E-008
 FINITE PART (MadLoop)   4.4611381270886319E-008
   325.00000000000000        0.0000000000000000        0.0000000000000000        325.00000000000000        0.0000000000000000     
   325.00000000000000        0.0000000000000000        0.0000000000000000       -325.00000000000000        0.0000000000000000     
   304.08163095555625        267.17564435427460       -119.29494344501266       -82.754891625332348        1.7769999999999999     
   130.06837935438813       -63.011505514912415        51.742393589930188        101.32571468884849        1.7769999999999999     
   215.84998969005807       -204.16413883936218        67.552549855082518       -18.570823063516123        0.0000000000000000     

 PASSED   1.0000000000000001E-005
 MU_R    =    325.00000000000000     
 ALPHA_S =   0.11799999999999999     
 BORN                    3.2603925880162270E-007
 SINGLE POLE (MadFKS)   -4.2658897486528600E-008
 DOUBLE POLE (MadFKS)   -3.4697621306224585E-008
 SINGLE POLE (MadLoop)  -4.2658897486526694E-008
 DOUBLE POLE (MadLoop)  -3.4697621306224551E-008
 FINITE PART (MadLoop)   5.3420590071958110E-008
   325.00000000000000        0.0000000000000000        0.0000000000000000        325.00000000000000        0.0000000000000000     
   325.00000000000000        0.0000000000000000        0.0000000000000000       -325.00000000000000        0.0000000000000000     
   323.24760886616576       -189.50145522999694        210.26714389413860       -156.08582758536673        1.7769999999999999     
   85.876299570052410        44.178009316707765       -68.847648936335972        26.074620373023862        1.7769999999999999     
   240.87609156378178        145.32344591328928       -141.41949495780264        130.01120721234281        0.0000000000000000     

 PASSED   1.0000000000000001E-005
 MU_R    =    325.00000000000000     
 ALPHA_S =   0.11799999999999999     
 BORN                    9.1348682233740997E-006
 SINGLE POLE (MadFKS)   -7.6731278823971102E-007
 DOUBLE POLE (MadFKS)   -9.7214734035986467E-007
 SINGLE POLE (MadLoop)  -7.6731278823970022E-007
 DOUBLE POLE (MadLoop)  -9.7214734035984243E-007
 FINITE PART (MadLoop)   2.4468232424665070E-007
   325.00000000000000        0.0000000000000000        0.0000000000000000        325.00000000000000        0.0000000000000000     
   325.00000000000000        0.0000000000000000        0.0000000000000000       -325.00000000000000        0.0000000000000000     
   147.20348220694902       -122.42848436144956       -81.483265395630653        6.1197322061558728        1.7769999999999999     
   182.28554873880088       -147.01278461095367       -66.268636715750347        84.973951883944991        1.7769999999999999     
   320.51096905425430        269.44126897240324        147.75190211138107       -91.093684090100865        0.0000000000000000     

 NUMBER OF POINTS PASSING THE CHECK          20
 NUMBER OF POINTS FAILING THE CHECK           0
 TOLERANCE    1.0000000000000001E-005
