==== LHAPDF6 USING DEFAULT-TYPE LHAGLUE INTERFACE ====
LHAPDF 6.2.1 loading /cvmfs/cms.cern.ch/slc6_amd64_gcc481/external/lhapdf/6.2.1/share/LHAPDF/NNPDF31_nnlo_hessian_pdfas/NNPDF31_nnlo_hessian_pdfas_0000.dat
NNPDF31_nnlo_hessian_pdfas PDF set, member #0, version 1; LHAPDF ID = 306000
 A PDF is used, so alpha_s(MZ) is going to be modified
 Old value of alpha_s from param_card:   0.11799999999999999     
 New value of alpha_s from PDF lhapdf :  0.11800208008122040     
 using LHAPDF
 *****************************************************
 *               MadGraph/MadEvent                   *
 *        --------------------------------           *
 *          http://madgraph.hep.uiuc.edu             *
 *          http://madgraph.phys.ucl.ac.be           *
 *          http://madgraph.roma2.infn.it            *
 *        --------------------------------           *
 *                                                   *
 *          PARAMETER AND COUPLING VALUES            *
 *                                                   *
 *****************************************************

  External Params
  ---------------------------------
  
 MU_R =    91.188000000000002     
 aEWM1 =    132.50700000000001     
 mdl_Gf =    1.1663900000000000E-005
 aS =   0.11799999999999999     
 mdl_lamWS =   0.22530000000000000     
 mdl_AWS =   0.80800000000000005     
 mdl_rhoWS =   0.13200000000000001     
 mdl_etaWS =   0.34100000000000003     
 mdl_ymt =    173.00000000000000     
 mdl_ymtau =    1.7769999999999999     
 mdl_MT =    173.00000000000000     
 mdl_MZ =    91.188000000000002     
 mdl_MH =    125.00000000000000     
 mdl_MTA =    1.7769999999999999     
 mdl_WT =    1.4915000000000000     
 mdl_WZ =    2.4414039999999999     
 mdl_WW =    2.0476000000000001     
 mdl_WH =    6.3823389999999999E-003
  Internal Params
  ---------------------------------
  
 mdl_CKM33 =    1.0000000000000000     
 mdl_conjg__CKM3x3 =    1.0000000000000000     
 mdl_I4x33 =    0.0000000000000000     
 mdl_I1x33 =    0.0000000000000000     
 mdl_lhv =    1.0000000000000000     
 mdl_CKM3x3 =    1.0000000000000000     
 mdl_conjg__CKM33 =    1.0000000000000000     
 mdl_Ncol =    3.0000000000000000     
 mdl_CA =    3.0000000000000000     
 mdl_TF =   0.50000000000000000     
 mdl_CF =    1.3333333333333333     
 mdl_lamWS__exp__2 =    5.0760090000000001E-002
 mdl_CKM11 =  ( 0.97461995499999998     ,  0.0000000000000000     )
 mdl_CKM12 =  ( 0.22530000000000000     ,  0.0000000000000000     )
 mdl_complexi =  (  0.0000000000000000     ,  1.0000000000000000     )
 mdl_lamWS__exp__3 =    1.1436248277000001E-002
 mdl_CKM13 =  (  1.2197444962317122E-003, -3.1510066152652563E-003)
 mdl_CKM21 =  (-0.22530000000000000     ,  0.0000000000000000     )
 mdl_CKM22 =  ( 0.97461995499999998     ,  0.0000000000000000     )
 mdl_CKM23 =  (  4.1014152720000002E-002,  0.0000000000000000     )
 mdl_CKM31 =  (  8.0207441115842885E-003, -3.1510066152652563E-003)
 mdl_CKM32 =  ( -4.1014152720000002E-002,  0.0000000000000000     )
 mdl_MZ__exp__2 =    8315.2513440000002     
 mdl_MZ__exp__4 =    69143404.913893804     
 mdl_sqrt__2 =    1.4142135623730951     
 mdl_MH__exp__2 =    15625.000000000000     
 mdl_CKM1x1 =  ( 0.97461995499999998     ,  0.0000000000000000     )
 mdl_CKM1x2 =  ( 0.22530000000000000     ,  0.0000000000000000     )
 mdl_CKM1x3 =  (  1.2197444962317122E-003, -3.1510066152652563E-003)
 mdl_CKM2x1 =  (-0.22530000000000000     ,  0.0000000000000000     )
 mdl_CKM2x2 =  ( 0.97461995499999998     ,  0.0000000000000000     )
 mdl_CKM2x3 =  (  4.1014152720000002E-002,  0.0000000000000000     )
 mdl_CKM3x1 =  (  8.0207441115842885E-003, -3.1510066152652563E-003)
 mdl_CKM3x2 =  ( -4.1014152720000002E-002,  0.0000000000000000     )
 mdl_conjg__CKM1x3 =  (  1.2197444962317122E-003,  3.1510066152652563E-003)
 mdl_conjg__CKM2x3 =  (  4.1014152720000002E-002, -0.0000000000000000     )
 mdl_conjg__CKM2x1 =  (-0.22530000000000000     , -0.0000000000000000     )
 mdl_conjg__CKM3x1 =  (  8.0207441115842885E-003,  3.1510066152652563E-003)
 mdl_conjg__CKM2x2 =  ( 0.97461995499999998     , -0.0000000000000000     )
 mdl_conjg__CKM3x2 =  ( -4.1014152720000002E-002, -0.0000000000000000     )
 mdl_Ncol__exp__2 =    9.0000000000000000     
 mdl_MT__exp__2 =    29929.000000000000     
 mdl_conjg__CKM11 =  ( 0.97461995499999998     , -0.0000000000000000     )
 mdl_conjg__CKM12 =  ( 0.22530000000000000     , -0.0000000000000000     )
 mdl_conjg__CKM13 =  (  1.2197444962317122E-003,  3.1510066152652563E-003)
 mdl_conjg__CKM21 =  (-0.22530000000000000     , -0.0000000000000000     )
 mdl_conjg__CKM22 =  ( 0.97461995499999998     , -0.0000000000000000     )
 mdl_conjg__CKM23 =  (  4.1014152720000002E-002, -0.0000000000000000     )
 mdl_conjg__CKM31 =  (  8.0207441115842885E-003,  3.1510066152652563E-003)
 mdl_conjg__CKM32 =  ( -4.1014152720000002E-002, -0.0000000000000000     )
 mdl_aEW =    7.5467711139788835E-003
 mdl_MW =    80.419002445756163     
 mdl_sqrt__aEW =    8.6872153846781555E-002
 mdl_ee =   0.30795376724436879     
 mdl_MW__exp__2 =    6467.2159543705357     
 mdl_sw2 =   0.22224648578577766     
 mdl_cw =   0.88190334743339216     
 mdl_sqrt__sw2 =   0.47143025548407230     
 mdl_sw =   0.47143025548407230     
 mdl_g1 =   0.34919219678733299     
 mdl_gw =   0.65323293034757990     
 mdl_v =    246.21845810181637     
 mdl_v__exp__2 =    60623.529110035903     
 mdl_lam =   0.12886910601690263     
 mdl_yt =   0.99366614581500623     
 mdl_ytau =    1.0206617000654717E-002
 mdl_muH =    88.388347648318430     
 mdl_AxialZUp =  -0.18517701861793787     
 mdl_AxialZDown =   0.18517701861793787     
 mdl_VectorZUp =    7.5430507588273299E-002
 mdl_VectorZDown =  -0.13030376310310560     
 mdl_VectorAUp =   0.20530251149624587     
 mdl_VectorADown =  -0.10265125574812294     
 mdl_VectorWmDxU =   0.23095271737156670     
 mdl_AxialWmDxU =  -0.23095271737156670     
 mdl_VectorWpUxD =   0.23095271737156670     
 mdl_AxialWpUxD =  -0.23095271737156670     
 mdl_I2x13 =  (  7.9699418879263656E-003,  3.1310485988282153E-003)
 mdl_I2x23 =  ( -4.0754375057150453E-002, -0.0000000000000000     )
 mdl_I2x33 =  ( 0.99366614581500623     ,  0.0000000000000000     )
 mdl_I3x31 =  (  7.9699418879263656E-003, -3.1310485988282153E-003)
 mdl_I3x32 =  ( -4.0754375057150453E-002,  0.0000000000000000     )
 mdl_I3x33 =  ( 0.99366614581500623     ,  0.0000000000000000     )
 mdl_Vector_tdGp =  ( -7.9699418879263656E-003, -3.1310485988282153E-003)
 mdl_Vector_tsGp =  (  4.0754375057150453E-002,  0.0000000000000000     )
 mdl_Vector_tbGp =  (-0.99366614581500623     ,  0.0000000000000000     )
 mdl_Axial_tdGp =  ( -7.9699418879263656E-003, -3.1310485988282153E-003)
 mdl_Axial_tsGp =  (  4.0754375057150453E-002,  0.0000000000000000     )
 mdl_Axial_tbGp =  (-0.99366614581500623     , -0.0000000000000000     )
 mdl_Vector_tdGm =  (  7.9699418879263656E-003, -3.1310485988282153E-003)
 mdl_Vector_tsGm =  ( -4.0754375057150453E-002,  0.0000000000000000     )
 mdl_Vector_tbGm =  ( 0.99366614581500623     ,  0.0000000000000000     )
 mdl_Axial_tdGm =  ( -7.9699418879263656E-003,  3.1310485988282153E-003)
 mdl_Axial_tsGm =  (  4.0754375057150453E-002, -0.0000000000000000     )
 mdl_Axial_tbGm =  (-0.99366614581500623     ,  0.0000000000000000     )
 mdl_gw__exp__2 =   0.42671326129048615     
 mdl_cw__exp__2 =   0.77775351421422245     
 mdl_ee__exp__2 =    9.4835522759998875E-002
 mdl_sw__exp__2 =   0.22224648578577769     
 mdl_yt__exp__2 =   0.98737240933884918     
  Internal Params evaluated point by point
  ----------------------------------------
  
 mdl_sqrt__aS =   0.34351128074635334     
 mdl_G__exp__4 =    2.1987899468922913     
 mdl_G__exp__2 =    1.4828317324943823     
 mdl_R2MixedFactor_FIN_ =   -2.5040377713124864E-002
 mdl_G_UVg_1EPS_ =   -5.1645779033320030E-002
 mdl_G_UVq_1EPS_ =    3.1300472141406080E-003
 mdl_G_UVb_1EPS_ =    3.1300472141406080E-003
 mdl_GWcft_UV_t_1EPS_ =   -3.1300472141406080E-003
 mdl_tWcft_UV_1EPS_ =   -1.8780283284843650E-002
 mdl_G__exp__3 =    1.8056676068262196     
 mdl_MU_R__exp__2 =    8315.2513440000002     
 mdl_G_UVt_FIN_ =   -4.0087659331150384E-003
 mdl_GWcft_UV_t_FIN_ =    4.0087659331150384E-003
 mdl_tWcft_UV_FIN_ =   -9.8778211443463623E-004
  Couplings of loop_sm-ckm_no_b_mass
  ---------------------------------
  
       UV_3Gt =   0.48815E-02   0.00000E+00
      UV_GQQt =   0.00000E+00  -0.48815E-02
   UVWfct_G_2 =   0.40088E-02   0.00000E+00
       R2_DDA =   0.00000E+00   0.25704E-02
       R2_UUA =  -0.00000E+00  -0.51409E-02
    R2_DDZ_V2 =   0.00000E+00   0.72127E-02
    R2_UUZ_V2 =  -0.00000E+00  -0.72127E-02
    R2_UUZ_V5 =   0.00000E+00   0.68702E-03
      R2_GGHt =   0.00000E+00  -0.45657E+01
     R2_GGZup =  -0.46369E-02   0.00000E+00
   R2_GGZdown =   0.46369E-02   0.00000E+00
 R2_GGGZvecUp =   0.00000E+00   0.28750E-03
 R2_GGGZvecDown  -0.00000E+00  -0.49665E-03
 R2_GGGZaxialUp  -0.00000E+00  -0.63522E-02
 R2_GGGZaxialDow  0.00000E+00   0.63522E-02
 R2_GGGAvecUp =   0.00000E+00   0.78251E-03
 R2_GGGAvecDown  -0.00000E+00  -0.39126E-03
         GC_4 =  -0.12177E+01   0.00000E+00
         GC_5 =   0.00000E+00   0.12177E+01
         GC_6 =   0.00000E+00   0.14828E+01
       R2_3Gq =   0.76230E-02   0.00000E+00
       R2_3Gg =   0.31445E-01   0.00000E+00
       R2_GQQ =  -0.00000E+00  -0.30492E-01
       R2_GGq =   0.00000E+00   0.62601E-02
       R2_GGt =  -0.00000E+00  -0.11242E+04
     R2_GGg_1 =   0.00000E+00   0.28170E-01
     R2_GGg_2 =  -0.00000E+00  -0.18780E-01
       R2_QQq =   0.00000E+00   0.12520E-01
  UV_3Gg_1eps =   0.62890E-01   0.00000E+00
  UV_3Gb_1eps =  -0.38115E-02   0.00000E+00
 UV_GQQg_1eps =   0.00000E+00  -0.62890E-01
 UV_GQQq_1eps =   0.00000E+00   0.38115E-02
 UVWfct_G_2_1eps -0.31300E-02   0.00000E+00
         GC_1 =  -0.00000E+00  -0.10265E+00
         GC_2 =   0.00000E+00   0.20530E+00
        GC_21 =  -0.00000E+00  -0.28804E+00
        GC_22 =   0.00000E+00   0.28804E+00
        GC_23 =  -0.00000E+00  -0.27437E-01
        GC_24 =   0.00000E+00   0.82310E-01
        GC_37 =  -0.00000E+00  -0.70263E+00
        GC_38 =  -0.00000E+00  -0.72172E-02
      GC_1003 =  -0.00000E+00  -0.30795E+00

 Collider parameters:
 --------------------

 Running at P P   machine @    13000.000000000000       GeV
 PDF set = lhapdf 
 alpha_s(Mz)= 0.1180 running at 3 loops.
 alpha_s(Mz)= 0.1180 running at 3 loops.
 Renormalization scale set on event-by-event basis
 Factorization   scale set on event-by-event basis


 ===============================================================
 INFO: MadFKS read these parameters from FKS_params.dat
 ===============================================================
  > IRPoleCheckThreshold      =    1.0000000000000001E-005
  > PrecisionVirtualAtRunTime =    1.0000000000000000E-003
  > NHelForMCoverHels         =            4
  > VirtualFraction           =    1.0000000000000000     
  > MinVirtualFraction        =    5.0000000000000001E-003
 ===============================================================
  Insert the number of points to test
 Insert the relative tolerance
  A negative number will mean use the default one:    1.0000000000000001E-005
Using random seed offsets:     0 ,     96 ,      0
  with seed                   32
 Ranmar initialization seeds       10729        9502
  ========================================================================================== 
 {                                                                                          }
 {       [32m                                                                            [0m       }
 {       [32m                               ,,                                           [0m       }
 {       [32m`7MMM.     ,MMF'             `7MM  `7MMF'                                   [0m       }
 {       [32m  MMMb    dPMM                 MM    MM                                     [0m       }
 {       [32m  M YM   ,M MM   ,6"Yb.   ,M""bMM    MM         ,pW"Wq.   ,pW"Wq.`7MMpdMAo. [0m       }
 {       [32m  M  Mb  M' MM  8)   MM ,AP    MM    MM        6W'   `Wb 6W'   `Wb MM   `Wb [0m       }
 {       [32m  M  YM.P'  MM   ,pm9MM 8MI    MM    MM      , 8M     M8 8M     M8 MM    M8 [0m       }
 {       [32m  M  `YM'   MM  8M   MM `Mb    MM    MM     ,M YA.   ,A9 YA.   ,A9 MM   ,AP [0m       }
 {       [32m.JML. `'  .JMML.`Moo9^Yo.`Wbmd"MML..JMMmmmmMMM  `Ybmd9'   `Ybmd9'  MMbmmd'  [0m       }
 {       [32m                                                                   MM       [0m       }
 {       [32m                                                                 .JMML.     [0m       }
 {       [32m[0mv2.4.2 (2016-06-10), Ref: arXiv:1103.0621v2, arXiv:1405.0301[32m                [0m       }
 {       [32m                                                                            [0m       }
 {                                                                                          }
  ========================================================================================== 
 ===============================================================
 INFO: MadLoop read these parameters from ./MadLoop5_resources/MadLoopParams.dat                                                                                                                                                                                                                                                                                                                                                                                                                                                                                          
 ===============================================================
  > MLReductionLib            = 6|1|2
  > IREGIMODE                 =            2
  > IREGIRECY                 =  T
  > CTModeRun                 =           -1
  > MLStabThres               =    1.0000000000000000E-003
  > NRotations_DP             =            1
  > NRotations_QP             =            0
  > CTStabThres               =    1.0000000000000000E-002
  > CTLoopLibrary             =            2
  > CTModeInit                =            1
  > CheckCycle                =            3
  > MaxAttempts               =           10
  > UseLoopFilter             =  F
  > HelicityFilterLevel       =            2
  > ImprovePSPoint            =            2
  > DoubleCheckHelicityFilter =  T
  > LoopInitStartOver         =  F
  > HelInitStartOver          =  F
  > ZeroThres                 =    1.0000000000000001E-009
  > OSThres                   =    1.0000000000000000E-008
  > WriteOutFilters           =  T
  > UseQPIntegrandForNinja    =  F
  > UseQPIntegrandForCutTools =  T
 ===============================================================
  
------------------------------------------------------------------------
|              You are using CutTools - Version 1.9.3                  |
|              Authors: G. Ossola, C. Papadopoulos, R. Pittau          |
|              Published in JHEP 0803:042,2008                         |
|              http://www.ugr.es/~pittau/CutTools                      |
|                                                                      |
|              Compiler with  34  significant digits detetected        |
 ---------------------------------------------------------------------- 
   
########################################################################
#                                                                      #
#                      You are using OneLOop-3.6                       #
#                                                                      #
# for the evaluation of 1-loop scalar 1-, 2-, 3- and 4-point functions #
#                                                                      #
# author: Andreas van Hameren <hamerenREMOVETHIS@ifj.edu.pl>           #
#   date: 18-02-2015                                                   #
#                                                                      #
# Please cite                                                          #
#    A. van Hameren,                                                   #
#      Comput.Phys.Commun. 182 (2011) 2427-2438, arXiv:1007.4716       #
#    A. van Hameren, C.G. Papadopoulos and R. Pittau,                  #
#      JHEP 0909:106,2009, arXiv:0903.4665                             #
# in publications with results obtained with the help of this program. #
#                                                                      #
########################################################################
 PASSED   1.0000000000000001E-005
 MU_R    =    325.00000000000000     
 ALPHA_S =   0.11799999999999999     
 BORN                    5.7782803470216226E-009
 SINGLE POLE (MadFKS)   -9.2979259729941438E-010
 DOUBLE POLE (MadFKS)   -5.7876128968699055E-010
 SINGLE POLE (MadLoop)  -9.2979259729947218E-010
 DOUBLE POLE (MadLoop)  -5.7876128968698589E-010
 FINITE PART (MadLoop)   4.1294286334248385E-009
   325.00000000000000        0.0000000000000000        0.0000000000000000        325.00000000000000        0.0000000000000000     
   325.00000000000000        0.0000000000000000        0.0000000000000000       -325.00000000000000        0.0000000000000000     
   302.09060173538688        22.052359451526531       -92.006112404979405        286.88698585085922        1.7769999999999999     
   75.616031231873379       -28.946338129045476        37.545378579411583       -58.881920030747068        1.7769999999999999     
   52.783905410136711        10.159815121836832       -41.710229628795062       -30.711163627409888        0.0000000000000000     
   219.50946162260300       -3.2658364443179861        96.170963454362976       -197.29390219270240        0.0000000000000000     

 PASSED   1.0000000000000001E-005
 MU_R    =    325.00000000000000     
 ALPHA_S =   0.11799999999999999     
 BORN                    2.4869705527664502E-010
 SINGLE POLE (MadFKS)   -1.0072405727693262E-011
 DOUBLE POLE (MadFKS)   -2.4909872801076338E-011
 SINGLE POLE (MadLoop)  -1.0072405727691086E-011
 DOUBLE POLE (MadLoop)  -2.4909872801076523E-011
 FINITE PART (MadLoop)   1.3179414645041811E-010
   325.00000000000000        0.0000000000000000        0.0000000000000000        325.00000000000000        0.0000000000000000     
   325.00000000000000        0.0000000000000000        0.0000000000000000       -325.00000000000000        0.0000000000000000     
   98.351750694266443       -78.053796623870099       -41.494011769549182       -43.078544027104307        1.7769999999999999     
   127.04382460218828        48.648606263346210       -60.214792568676614        100.71974734428564        1.7769999999999999     
   217.54278585285363       -76.168483196849223        174.74369377565046        104.82302862326335        0.0000000000000000     
   207.06163885069162        105.57367355737311       -73.034889437424653       -162.46423194044465        0.0000000000000000     

 PASSED   1.0000000000000001E-005
 MU_R    =    325.00000000000000     
 ALPHA_S =   0.11799999999999999     
 BORN                    2.6305353492465146E-010
 SINGLE POLE (MadFKS)   -5.2863953478783040E-011
 DOUBLE POLE (MadFKS)   -2.6347839493143824E-011
 SINGLE POLE (MadLoop)  -5.2863953478781567E-011
 DOUBLE POLE (MadLoop)  -2.6347839493143010E-011
 FINITE PART (MadLoop)   6.2499553833447370E-011
   325.00000000000000        0.0000000000000000        0.0000000000000000        325.00000000000000        0.0000000000000000     
   325.00000000000000        0.0000000000000000        0.0000000000000000       -325.00000000000000        0.0000000000000000     
   265.02421328253513       -93.941923477927503       -238.87412785122285       -65.944991876650903        1.7769999999999999     
   59.184757073539565        24.942256562174851       -44.391377944412028       -30.115895182393416        1.7769999999999999     
   107.19955974296066        34.484981263556740        99.919803313974199       -17.848377574262930        0.0000000000000000     
   218.59146990096463        34.514685652195865        183.34570248166054        113.90926463330723        0.0000000000000000     

 PASSED   1.0000000000000001E-005
 MU_R    =    325.00000000000000     
 ALPHA_S =   0.11799999999999999     
 BORN                    3.1873610218995400E-011
 SINGLE POLE (MadFKS)   -7.2249410075729559E-012
 DOUBLE POLE (MadFKS)   -3.1925089558582453E-012
 SINGLE POLE (MadLoop)  -7.2249410075733550E-012
 DOUBLE POLE (MadLoop)  -3.1925089558581580E-012
 FINITE PART (MadLoop)  -1.0666136356514746E-011
   325.00000000000000        0.0000000000000000        0.0000000000000000        325.00000000000000        0.0000000000000000     
   325.00000000000000        0.0000000000000000        0.0000000000000000       -325.00000000000000        0.0000000000000000     
   152.25490531841123       -7.7401333694685901       -121.35497467606238        91.604906644313843        1.7769999999999999     
   316.12877141964344       -42.274747134524901        268.55088348970867       -161.33044077886260        1.7769999999999999     
   156.41008795859906        45.740424303004652       -125.36587251777716        81.580188818451788        0.0000000000000000     
   25.206235303347448        4.2744562009888654       -21.830036295869093       -11.854654683903057        0.0000000000000000     

 PASSED   1.0000000000000001E-005
 MU_R    =    325.00000000000000     
 ALPHA_S =   0.11799999999999999     
 BORN                    5.2062288281078016E-008
 SINGLE POLE (MadFKS)   -4.0596520656533032E-009
 DOUBLE POLE (MadFKS)   -5.2146374526711516E-009
 SINGLE POLE (MadLoop)  -4.0596520656536341E-009
 DOUBLE POLE (MadLoop)  -5.2146374526710226E-009
 FINITE PART (MadLoop)   2.6574868033525580E-008
   325.00000000000000        0.0000000000000000        0.0000000000000000        325.00000000000000        0.0000000000000000     
   325.00000000000000        0.0000000000000000        0.0000000000000000       -325.00000000000000        0.0000000000000000     
   102.42645295915185       -41.592276591761063       -11.097463176318611       -92.924428304714610        1.7769999999999999     
   7.4334200210529184       -4.2972982025561288       -4.6692197930194776       -3.4394213019305151        1.7769999999999999     
   247.11872696124425        87.366712399717670        183.97614751911317       -139.95534974925590        0.0000000000000000     
   293.02140005855108       -41.477137605400458       -168.20946454977505        236.31919935590105        0.0000000000000000     

 PASSED   1.0000000000000001E-005
 MU_R    =    325.00000000000000     
 ALPHA_S =   0.11799999999999999     
 BORN                    9.0690520664569924E-009
 SINGLE POLE (MadFKS)   -3.5127018607661979E-010
 DOUBLE POLE (MadFKS)   -9.0836995697631475E-010
 SINGLE POLE (MadLoop)  -3.5127018607663866E-010
 DOUBLE POLE (MadLoop)  -9.0836995697631568E-010
 FINITE PART (MadLoop)   4.6323688718449886E-009
   325.00000000000000        0.0000000000000000        0.0000000000000000        325.00000000000000        0.0000000000000000     
   325.00000000000000        0.0000000000000000        0.0000000000000000       -325.00000000000000        0.0000000000000000     
   94.760980283337616       -91.612952509544343        2.7070842920031821        24.004672094804040        1.7769999999999999     
   94.039588049817141       -48.122529143708491        74.279121126505714       -31.735165748206313        1.7769999999999999     
   276.79355087172962        244.92049822959774        14.980679475130009        128.07887645357371        0.0000000000000000     
   184.40588079511559       -105.18501657634492       -91.966884893638863       -120.34838280017144        0.0000000000000000     

 PASSED   1.0000000000000001E-005
 MU_R    =    325.00000000000000     
 ALPHA_S =   0.11799999999999999     
 BORN                    2.5720211538940566E-012
 SINGLE POLE (MadFKS)   -5.2559437136613840E-013
 DOUBLE POLE (MadFKS)   -2.5761752471861773E-013
 SINGLE POLE (MadLoop)  -5.2559437136611286E-013
 DOUBLE POLE (MadLoop)  -2.5761752471861294E-013
 FINITE PART (MadLoop)   7.8158581419828047E-013
   325.00000000000000        0.0000000000000000        0.0000000000000000        325.00000000000000        0.0000000000000000     
   325.00000000000000        0.0000000000000000        0.0000000000000000       -325.00000000000000        0.0000000000000000     
   219.06257709601354       -22.694568608989620        45.148038098450321       -213.14752207440651        1.7769999999999999     
   153.87871612764494       -97.113731298635059       -23.958178058543766        116.92061599847980        1.7769999999999999     
   121.76211391817328        104.94945644677279       -20.160869059646583       -58.353777393660977        0.0000000000000000     
   155.29659285817073        14.858843460851865       -1.0289909802599724        154.58068346958771        0.0000000000000000     

 PASSED   1.0000000000000001E-005
 MU_R    =    325.00000000000000     
 ALPHA_S =   0.11799999999999999     
 BORN                    7.1094572285352782E-010
 SINGLE POLE (MadFKS)   -4.0649444729335452E-011
 DOUBLE POLE (MadFKS)   -7.1209397735131708E-011
 SINGLE POLE (MadLoop)  -4.0649444729338748E-011
 DOUBLE POLE (MadLoop)  -7.1209397735131954E-011
 FINITE PART (MadLoop)   4.1774795171914456E-010
   325.00000000000000        0.0000000000000000        0.0000000000000000        325.00000000000000        0.0000000000000000     
   325.00000000000000        0.0000000000000000        0.0000000000000000       -325.00000000000000        0.0000000000000000     
   83.872519053091423       -11.482509625938373        81.324594100287015        16.908698661487140        1.7769999999999999     
   208.60412573670010        163.89226105656553       -80.300802622862605        101.01302593855723        1.7769999999999999     
   95.165565992499310        7.4315141521744570        39.973105852097511        86.043061060237633        0.0000000000000000     
   262.35778921770913       -159.84126558280161       -40.996897329521914       -203.96478566028202        0.0000000000000000     

 PASSED   1.0000000000000001E-005
 MU_R    =    325.00000000000000     
 ALPHA_S =   0.11799999999999999     
 BORN                    7.6774941886555526E-008
 SINGLE POLE (MadFKS)   -1.6955647444733441E-008
 DOUBLE POLE (MadFKS)   -7.6898941749702466E-009
 SINGLE POLE (MadLoop)  -1.6955647444724792E-008
 DOUBLE POLE (MadLoop)  -7.6898941749659966E-009
 FINITE PART (MadLoop)   4.2996592397015164E-009
   325.00000000000000        0.0000000000000000        0.0000000000000000        325.00000000000000        0.0000000000000000     
   325.00000000000000        0.0000000000000000        0.0000000000000000       -325.00000000000000        0.0000000000000000     
   72.223756128293189       -43.733325011274708       -19.800348626290596       -53.930100111299033        1.7769999999999999     
   243.28363063714687       -162.11503536433642       -52.212928157696318       -173.71324834050779        1.7769999999999999     
   266.02059320012472        193.91477241858848        84.406115340193324        161.36797928204740        0.0000000000000000     
   68.472020034435218        11.933587957022613       -12.392838556206417        66.275369169759472        0.0000000000000000     

 PASSED   1.0000000000000001E-005
 MU_R    =    325.00000000000000     
 ALPHA_S =   0.11799999999999999     
 BORN                    8.4972794224965741E-011
 SINGLE POLE (MadFKS)   -1.1848852721504379E-011
 DOUBLE POLE (MadFKS)   -8.5110034509311105E-012
 SINGLE POLE (MadLoop)  -1.1848852721504376E-011
 DOUBLE POLE (MadLoop)  -8.5110034509310733E-012
 FINITE PART (MadLoop)   3.7269478484927377E-011
   325.00000000000000        0.0000000000000000        0.0000000000000000        325.00000000000000        0.0000000000000000     
   325.00000000000000        0.0000000000000000        0.0000000000000000       -325.00000000000000        0.0000000000000000     
   139.40763110081207       -127.52534569602292        47.921997440986694       -29.531309597036511        1.7769999999999999     
   110.87178545989400        7.7694669796082607        58.450262996274439       -93.875434595978774        1.7769999999999999     
   122.36278367540177        49.729495176367344        30.105713801817835       -107.67206756991278        0.0000000000000000     
   277.35779976389210        70.026383540047348       -136.47797423907897        231.07881176292804        0.0000000000000000     

 PASSED   1.0000000000000001E-005
 MU_R    =    325.00000000000000     
 ALPHA_S =   0.11799999999999999     
 BORN                    1.1419082442984720E-007
 SINGLE POLE (MadFKS)   -1.1918131717160656E-008
 DOUBLE POLE (MadFKS)   -1.1437525500386001E-008
 SINGLE POLE (MadLoop)  -1.1918131717152707E-008
 DOUBLE POLE (MadLoop)  -1.1437525500374432E-008
 FINITE PART (MadLoop)   3.6665731959998299E-008
   325.00000000000000        0.0000000000000000        0.0000000000000000        325.00000000000000        0.0000000000000000     
   325.00000000000000        0.0000000000000000        0.0000000000000000       -325.00000000000000        0.0000000000000000     
   71.930718266346801       -57.939186092320440       -11.530550792816509       -40.999605055247756        1.7769999999999999     
   214.29912854597683       -182.25427136122516       -20.361213518828368       -110.85919141503214        1.7769999999999999     
   296.00813145553786        217.98736918069724        89.901296159630022        178.94154831758857        0.0000000000000000     
   67.762021732138592        22.206088272848284       -58.009531847985095       -27.082751847308575        0.0000000000000000     

 PASSED   1.0000000000000001E-005
 MU_R    =    325.00000000000000     
 ALPHA_S =   0.11799999999999999     
 BORN                    3.4518364055238601E-008
 SINGLE POLE (MadFKS)   -1.8764708705835137E-009
 DOUBLE POLE (MadFKS)   -3.4574114959293086E-009
 SINGLE POLE (MadLoop)  -1.8764708705835244E-009
 DOUBLE POLE (MadLoop)  -3.4574114959293280E-009
 FINITE PART (MadLoop)   1.4213548710142645E-008
   325.00000000000000        0.0000000000000000        0.0000000000000000        325.00000000000000        0.0000000000000000     
   325.00000000000000        0.0000000000000000        0.0000000000000000       -325.00000000000000        0.0000000000000000     
   61.290051033072835        20.867510436851060       -49.265174542618489        29.846309857165249        1.7769999999999999     
   113.93651101556692        57.475702799067776       -76.416293114983006       -61.931127453959981        1.7769999999999999     
   175.91227281411960       -36.406705543818383       -170.15638004030089        25.816387230897160        0.0000000000000000     
   298.86116513724062       -41.936507692100449        295.83784769790242        6.2684303658975749        0.0000000000000000     

 PASSED   1.0000000000000001E-005
 MU_R    =    325.00000000000000     
 ALPHA_S =   0.11799999999999999     
 BORN                    1.8240720548314133E-010
 SINGLE POLE (MadFKS)   -1.5478514042135207E-011
 DOUBLE POLE (MadFKS)   -1.8270181291573760E-011
 SINGLE POLE (MadLoop)  -1.5478514042135352E-011
 DOUBLE POLE (MadLoop)  -1.8270181291573737E-011
 FINITE PART (MadLoop)   7.6141751094623792E-011
   325.00000000000000        0.0000000000000000        0.0000000000000000        325.00000000000000        0.0000000000000000     
   325.00000000000000        0.0000000000000000        0.0000000000000000       -325.00000000000000        0.0000000000000000     
   271.60807666820136        170.58817456861263       -132.14510065165950       -164.93979705792935        1.7769999999999999     
   50.351973839776946       -15.144543581599679        19.578795559695919        43.811837495113593        1.7769999999999999     
   222.29298284421037       -84.770675211354614        76.162348980289607        190.85963282944883        0.0000000000000000     
   105.74696664781128       -70.672955775658366        36.403956111673949       -69.731673266633067        0.0000000000000000     

 PASSED   1.0000000000000001E-005
 MU_R    =    325.00000000000000     
 ALPHA_S =   0.11799999999999999     
 BORN                    7.3288115941344711E-011
 SINGLE POLE (MadFKS)   -1.1009084342495480E-011
 DOUBLE POLE (MadFKS)   -7.3406484202182362E-012
 SINGLE POLE (MadLoop)  -1.1009084342495516E-011
 DOUBLE POLE (MadLoop)  -7.3406484202182120E-012
 FINITE PART (MadLoop)   2.5298182808087914E-011
   325.00000000000000        0.0000000000000000        0.0000000000000000        325.00000000000000        0.0000000000000000     
   325.00000000000000        0.0000000000000000        0.0000000000000000       -325.00000000000000        0.0000000000000000     
Thanks for using LHAPDF 6.2.1. Please make sure to cite the paper:
  Eur.Phys.J. C75 (2015) 3, 132  (http://arxiv.org/abs/1412.7420)
   101.86055309046132       -88.840987241707936        41.541665041004940        27.458761778971784        1.7769999999999999     
   273.13197108858265        49.148996245744819       -214.70268201929065       -161.50866974714859        1.7769999999999999     
   187.07741201867898       -39.714171762679115        150.41999558059376        103.89690841572313        0.0000000000000000     
   87.930063802277118        79.406162758642196        22.741021397691945        30.152999552453657        0.0000000000000000     

 PASSED   1.0000000000000001E-005
 MU_R    =    325.00000000000000     
 ALPHA_S =   0.11799999999999999     
 BORN                    1.7238759485596017E-009
 SINGLE POLE (MadFKS)   -3.2067561584052498E-010
 DOUBLE POLE (MadFKS)   -1.7266601953001535E-010
 SINGLE POLE (MadLoop)  -3.2067561584050327E-010
 DOUBLE POLE (MadLoop)  -1.7266601953000620E-010
 FINITE PART (MadLoop)   5.5373994717421390E-010
   325.00000000000000        0.0000000000000000        0.0000000000000000        325.00000000000000        0.0000000000000000     
   325.00000000000000        0.0000000000000000        0.0000000000000000       -325.00000000000000        0.0000000000000000     
   189.21930583439669        128.02965438685263       -104.78161461137283        91.815079417641186        1.7769999999999999     
   138.45769178767202       -11.297635461877316       -80.422251562407496        112.12492841814154        1.7769999999999999     
   295.43771306047739       -108.33838399152970        202.84654125811321       -185.47106931305871        0.0000000000000000     
   26.885289317458660       -8.3936349334456377       -17.642675084332861       -18.468938522724002        0.0000000000000000     

 PASSED   1.0000000000000001E-005
 MU_R    =    325.00000000000000     
 ALPHA_S =   0.11799999999999999     
 BORN                    3.4460337011990901E-012
 SINGLE POLE (MadFKS)   -5.8911619028789728E-013
 DOUBLE POLE (MadFKS)   -3.4515994196073153E-013
 SINGLE POLE (MadLoop)  -5.8911619028792283E-013
 DOUBLE POLE (MadLoop)  -3.4515994196072926E-013
 FINITE PART (MadLoop)   1.4758667947486100E-012
   325.00000000000000        0.0000000000000000        0.0000000000000000        325.00000000000000        0.0000000000000000     
   325.00000000000000        0.0000000000000000        0.0000000000000000       -325.00000000000000        0.0000000000000000     
   247.36075980681548       -122.72041407559564       -128.18004564694979       -172.31878490247425        1.7769999999999999     
   216.33081718157274        143.29502850185284        54.433699061574650        152.64131795347609        1.7769999999999999     
   115.68182857949891       -78.111923374776637        82.890750888764416       -20.246883890771500        0.0000000000000000     
   70.626594432113350        57.537308948519303       -9.1444043033896225        39.924350839769673        0.0000000000000000     

 PASSED   1.0000000000000001E-005
 MU_R    =    325.00000000000000     
 ALPHA_S =   0.11799999999999999     
 BORN                    8.2573987330751965E-010
 SINGLE POLE (MadFKS)   -2.8176748755468193E-011
 DOUBLE POLE (MadFKS)   -8.2707353281632660E-011
 SINGLE POLE (MadLoop)  -2.8176748755468916E-011
 DOUBLE POLE (MadLoop)  -8.2707353281632634E-011
 FINITE PART (MadLoop)   5.5609519298475329E-010
   325.00000000000000        0.0000000000000000        0.0000000000000000        325.00000000000000        0.0000000000000000     
   325.00000000000000        0.0000000000000000        0.0000000000000000       -325.00000000000000        0.0000000000000000     
   124.57118639366539       -55.038981177432930       -77.520281909684940        80.474462993663309        1.7769999999999999     
   124.36075374741549        81.669293688020829        59.110954579951859       -72.790527273622516        1.7769999999999999     
   204.31513439572748       -33.814674624633419        128.36034203635131        155.32180952939376        0.0000000000000000     
   196.75292546319162        7.1843621140455429       -109.95101470661824       -163.00574524943448        0.0000000000000000     

 PASSED   1.0000000000000001E-005
 MU_R    =    325.00000000000000     
 ALPHA_S =   0.11799999999999999     
 BORN                    1.2151459512565657E-010
 SINGLE POLE (MadFKS)   -9.4199473372962168E-012
 DOUBLE POLE (MadFKS)   -1.2171085438415528E-011
 SINGLE POLE (MadLoop)  -9.4199473372961910E-012
 DOUBLE POLE (MadLoop)  -1.2171085438415574E-011
 FINITE PART (MadLoop)   5.5848128137345520E-011
   325.00000000000000        0.0000000000000000        0.0000000000000000        325.00000000000000        0.0000000000000000     
   325.00000000000000        0.0000000000000000        0.0000000000000000       -325.00000000000000        0.0000000000000000     
   145.31611853021741       -83.862397882385210       -82.740523851241079        85.057160250780214        1.7769999999999999     
   114.74933141696280        35.480495006715266       -41.813453515392922       -100.78204656998429        1.7769999999999999     
   257.74481219954077        31.725999507782589        255.57761743969797        10.292260920521542        0.0000000000000000     
   132.18973785327907        16.655903367887348       -131.02364007306400        5.4326253986825392        0.0000000000000000     

 PASSED   1.0000000000000001E-005
 MU_R    =    325.00000000000000     
 ALPHA_S =   0.11799999999999999     
 BORN                    2.6721999518087093E-007
 SINGLE POLE (MadFKS)   -2.8605056914147171E-008
 DOUBLE POLE (MadFKS)   -2.6765158447313658E-008
 SINGLE POLE (MadLoop)  -2.8605056914142625E-008
 DOUBLE POLE (MadLoop)  -2.6765158447310965E-008
 FINITE PART (MadLoop)  -1.7564111228208732E-008
   325.00000000000000        0.0000000000000000        0.0000000000000000        325.00000000000000        0.0000000000000000     
   325.00000000000000        0.0000000000000000        0.0000000000000000       -325.00000000000000        0.0000000000000000     
   101.08389262709757       -59.153347843777830       -35.062284368273311       -74.069651500448899        1.7769999999999999     
   188.76862101150553       -134.91692152942377       -69.061301107834367       -112.50953525769164        1.7769999999999999     
   323.12731455425063        224.61470160265822        104.43018796163757        207.49417600811717        0.0000000000000000     
   37.020171807146390       -30.544432229456604      -0.30660248552995339       -20.914989249976585        0.0000000000000000     

 PASSED   1.0000000000000001E-005
 MU_R    =    325.00000000000000     
 ALPHA_S =   0.11799999999999999     
 BORN                    1.3117656597600300E-010
 SINGLE POLE (MadFKS)   -1.9657562794769125E-011
 DOUBLE POLE (MadFKS)   -1.3138843036599036E-011
 SINGLE POLE (MadLoop)  -1.9657562794768627E-011
 DOUBLE POLE (MadLoop)  -1.3138843036598400E-011
 FINITE PART (MadLoop)   4.4394317665549468E-011
   325.00000000000000        0.0000000000000000        0.0000000000000000        325.00000000000000        0.0000000000000000     
   325.00000000000000        0.0000000000000000        0.0000000000000000       -325.00000000000000        0.0000000000000000     
   117.84999523283015       -76.503497484720825       -87.443847200541938        19.653297605025084        1.7769999999999999     
   220.76580795707795       -89.573056784401885        109.76134541838123        169.30297925372290        1.7769999999999999     
   53.917367334955458       -38.253603308016231        11.887709861342357       -36.089149180023583        0.0000000000000000     
   257.46682947514222        204.33015757713895       -34.205208079181624       -152.86712767872442        0.0000000000000000     

 NUMBER OF POINTS PASSING THE CHECK          20
 NUMBER OF POINTS FAILING THE CHECK           0
 TOLERANCE    1.0000000000000001E-005
