==== LHAPDF6 USING DEFAULT-TYPE LHAGLUE INTERFACE ====
LHAPDF 6.2.1 loading /cvmfs/cms.cern.ch/slc6_amd64_gcc481/external/lhapdf/6.2.1/share/LHAPDF/NNPDF31_nnlo_hessian_pdfas/NNPDF31_nnlo_hessian_pdfas_0000.dat
NNPDF31_nnlo_hessian_pdfas PDF set, member #0, version 1; LHAPDF ID = 306000
 A PDF is used, so alpha_s(MZ) is going to be modified
 Old value of alpha_s from param_card:   0.11799999999999999     
 New value of alpha_s from PDF lhapdf :  0.11800208008122040     
 using LHAPDF
 *****************************************************
 *               MadGraph/MadEvent                   *
 *        --------------------------------           *
 *          http://madgraph.hep.uiuc.edu             *
 *          http://madgraph.phys.ucl.ac.be           *
 *          http://madgraph.roma2.infn.it            *
 *        --------------------------------           *
 *                                                   *
 *          PARAMETER AND COUPLING VALUES            *
 *                                                   *
 *****************************************************

  External Params
  ---------------------------------
  
 MU_R =    91.188000000000002     
 aEWM1 =    132.50700000000001     
 mdl_Gf =    1.1663900000000000E-005
 aS =   0.11799999999999999     
 mdl_lamWS =   0.22530000000000000     
 mdl_AWS =   0.80800000000000005     
 mdl_rhoWS =   0.13200000000000001     
 mdl_etaWS =   0.34100000000000003     
 mdl_ymt =    173.00000000000000     
 mdl_ymtau =    1.7769999999999999     
 mdl_MT =    173.00000000000000     
 mdl_MZ =    91.188000000000002     
 mdl_MH =    125.00000000000000     
 mdl_MTA =    1.7769999999999999     
 mdl_WT =    1.4915000000000000     
 mdl_WZ =    2.4414039999999999     
 mdl_WW =    2.0476000000000001     
 mdl_WH =    6.3823389999999999E-003
  Internal Params
  ---------------------------------
  
 mdl_CKM33 =    1.0000000000000000     
 mdl_conjg__CKM3x3 =    1.0000000000000000     
 mdl_I4x33 =    0.0000000000000000     
 mdl_I1x33 =    0.0000000000000000     
 mdl_lhv =    1.0000000000000000     
 mdl_CKM3x3 =    1.0000000000000000     
 mdl_conjg__CKM33 =    1.0000000000000000     
 mdl_Ncol =    3.0000000000000000     
 mdl_CA =    3.0000000000000000     
 mdl_TF =   0.50000000000000000     
 mdl_CF =    1.3333333333333333     
 mdl_lamWS__exp__2 =    5.0760090000000001E-002
 mdl_CKM11 =  ( 0.97461995499999998     ,  0.0000000000000000     )
 mdl_CKM12 =  ( 0.22530000000000000     ,  0.0000000000000000     )
 mdl_complexi =  (  0.0000000000000000     ,  1.0000000000000000     )
 mdl_lamWS__exp__3 =    1.1436248277000001E-002
 mdl_CKM13 =  (  1.2197444962317122E-003, -3.1510066152652563E-003)
 mdl_CKM21 =  (-0.22530000000000000     ,  0.0000000000000000     )
 mdl_CKM22 =  ( 0.97461995499999998     ,  0.0000000000000000     )
 mdl_CKM23 =  (  4.1014152720000002E-002,  0.0000000000000000     )
 mdl_CKM31 =  (  8.0207441115842885E-003, -3.1510066152652563E-003)
 mdl_CKM32 =  ( -4.1014152720000002E-002,  0.0000000000000000     )
 mdl_MZ__exp__2 =    8315.2513440000002     
 mdl_MZ__exp__4 =    69143404.913893804     
 mdl_sqrt__2 =    1.4142135623730951     
 mdl_MH__exp__2 =    15625.000000000000     
 mdl_CKM1x1 =  ( 0.97461995499999998     ,  0.0000000000000000     )
 mdl_CKM1x2 =  ( 0.22530000000000000     ,  0.0000000000000000     )
 mdl_CKM1x3 =  (  1.2197444962317122E-003, -3.1510066152652563E-003)
 mdl_CKM2x1 =  (-0.22530000000000000     ,  0.0000000000000000     )
 mdl_CKM2x2 =  ( 0.97461995499999998     ,  0.0000000000000000     )
 mdl_CKM2x3 =  (  4.1014152720000002E-002,  0.0000000000000000     )
 mdl_CKM3x1 =  (  8.0207441115842885E-003, -3.1510066152652563E-003)
 mdl_CKM3x2 =  ( -4.1014152720000002E-002,  0.0000000000000000     )
 mdl_conjg__CKM1x3 =  (  1.2197444962317122E-003,  3.1510066152652563E-003)
 mdl_conjg__CKM2x3 =  (  4.1014152720000002E-002, -0.0000000000000000     )
 mdl_conjg__CKM2x1 =  (-0.22530000000000000     , -0.0000000000000000     )
 mdl_conjg__CKM3x1 =  (  8.0207441115842885E-003,  3.1510066152652563E-003)
 mdl_conjg__CKM2x2 =  ( 0.97461995499999998     , -0.0000000000000000     )
 mdl_conjg__CKM3x2 =  ( -4.1014152720000002E-002, -0.0000000000000000     )
 mdl_Ncol__exp__2 =    9.0000000000000000     
 mdl_MT__exp__2 =    29929.000000000000     
 mdl_conjg__CKM11 =  ( 0.97461995499999998     , -0.0000000000000000     )
 mdl_conjg__CKM12 =  ( 0.22530000000000000     , -0.0000000000000000     )
 mdl_conjg__CKM13 =  (  1.2197444962317122E-003,  3.1510066152652563E-003)
 mdl_conjg__CKM21 =  (-0.22530000000000000     , -0.0000000000000000     )
 mdl_conjg__CKM22 =  ( 0.97461995499999998     , -0.0000000000000000     )
 mdl_conjg__CKM23 =  (  4.1014152720000002E-002, -0.0000000000000000     )
 mdl_conjg__CKM31 =  (  8.0207441115842885E-003,  3.1510066152652563E-003)
 mdl_conjg__CKM32 =  ( -4.1014152720000002E-002, -0.0000000000000000     )
 mdl_aEW =    7.5467711139788835E-003
 mdl_MW =    80.419002445756163     
 mdl_sqrt__aEW =    8.6872153846781555E-002
 mdl_ee =   0.30795376724436879     
 mdl_MW__exp__2 =    6467.2159543705357     
 mdl_sw2 =   0.22224648578577766     
 mdl_cw =   0.88190334743339216     
 mdl_sqrt__sw2 =   0.47143025548407230     
 mdl_sw =   0.47143025548407230     
 mdl_g1 =   0.34919219678733299     
 mdl_gw =   0.65323293034757990     
 mdl_v =    246.21845810181637     
 mdl_v__exp__2 =    60623.529110035903     
 mdl_lam =   0.12886910601690263     
 mdl_yt =   0.99366614581500623     
 mdl_ytau =    1.0206617000654717E-002
 mdl_muH =    88.388347648318430     
 mdl_AxialZUp =  -0.18517701861793787     
 mdl_AxialZDown =   0.18517701861793787     
 mdl_VectorZUp =    7.5430507588273299E-002
 mdl_VectorZDown =  -0.13030376310310560     
 mdl_VectorAUp =   0.20530251149624587     
 mdl_VectorADown =  -0.10265125574812294     
 mdl_VectorWmDxU =   0.23095271737156670     
 mdl_AxialWmDxU =  -0.23095271737156670     
 mdl_VectorWpUxD =   0.23095271737156670     
 mdl_AxialWpUxD =  -0.23095271737156670     
 mdl_I2x13 =  (  7.9699418879263656E-003,  3.1310485988282153E-003)
 mdl_I2x23 =  ( -4.0754375057150453E-002, -0.0000000000000000     )
 mdl_I2x33 =  ( 0.99366614581500623     ,  0.0000000000000000     )
 mdl_I3x31 =  (  7.9699418879263656E-003, -3.1310485988282153E-003)
 mdl_I3x32 =  ( -4.0754375057150453E-002,  0.0000000000000000     )
 mdl_I3x33 =  ( 0.99366614581500623     ,  0.0000000000000000     )
 mdl_Vector_tdGp =  ( -7.9699418879263656E-003, -3.1310485988282153E-003)
 mdl_Vector_tsGp =  (  4.0754375057150453E-002,  0.0000000000000000     )
 mdl_Vector_tbGp =  (-0.99366614581500623     ,  0.0000000000000000     )
 mdl_Axial_tdGp =  ( -7.9699418879263656E-003, -3.1310485988282153E-003)
 mdl_Axial_tsGp =  (  4.0754375057150453E-002,  0.0000000000000000     )
 mdl_Axial_tbGp =  (-0.99366614581500623     , -0.0000000000000000     )
 mdl_Vector_tdGm =  (  7.9699418879263656E-003, -3.1310485988282153E-003)
 mdl_Vector_tsGm =  ( -4.0754375057150453E-002,  0.0000000000000000     )
 mdl_Vector_tbGm =  ( 0.99366614581500623     ,  0.0000000000000000     )
 mdl_Axial_tdGm =  ( -7.9699418879263656E-003,  3.1310485988282153E-003)
 mdl_Axial_tsGm =  (  4.0754375057150453E-002, -0.0000000000000000     )
 mdl_Axial_tbGm =  (-0.99366614581500623     ,  0.0000000000000000     )
 mdl_gw__exp__2 =   0.42671326129048615     
 mdl_cw__exp__2 =   0.77775351421422245     
 mdl_ee__exp__2 =    9.4835522759998875E-002
 mdl_sw__exp__2 =   0.22224648578577769     
 mdl_yt__exp__2 =   0.98737240933884918     
  Internal Params evaluated point by point
  ----------------------------------------
  
 mdl_sqrt__aS =   0.34351128074635334     
 mdl_G__exp__4 =    2.1987899468922913     
 mdl_G__exp__2 =    1.4828317324943823     
 mdl_R2MixedFactor_FIN_ =   -2.5040377713124864E-002
 mdl_G_UVg_1EPS_ =   -5.1645779033320030E-002
 mdl_G_UVq_1EPS_ =    3.1300472141406080E-003
 mdl_G_UVb_1EPS_ =    3.1300472141406080E-003
 mdl_GWcft_UV_t_1EPS_ =   -3.1300472141406080E-003
 mdl_tWcft_UV_1EPS_ =   -1.8780283284843650E-002
 mdl_G__exp__3 =    1.8056676068262196     
 mdl_MU_R__exp__2 =    8315.2513440000002     
 mdl_G_UVt_FIN_ =   -4.0087659331150384E-003
 mdl_GWcft_UV_t_FIN_ =    4.0087659331150384E-003
 mdl_tWcft_UV_FIN_ =   -9.8778211443463623E-004
  Couplings of loop_sm-ckm_no_b_mass
  ---------------------------------
  
       UV_3Gt =   0.48815E-02   0.00000E+00
      UV_GQQt =   0.00000E+00  -0.48815E-02
   UVWfct_G_2 =   0.40088E-02   0.00000E+00
       R2_DDA =   0.00000E+00   0.25704E-02
       R2_UUA =  -0.00000E+00  -0.51409E-02
    R2_DDZ_V2 =   0.00000E+00   0.72127E-02
    R2_UUZ_V2 =  -0.00000E+00  -0.72127E-02
    R2_UUZ_V5 =   0.00000E+00   0.68702E-03
      R2_GGHt =   0.00000E+00  -0.45657E+01
     R2_GGZup =  -0.46369E-02   0.00000E+00
   R2_GGZdown =   0.46369E-02   0.00000E+00
 R2_GGGZvecUp =   0.00000E+00   0.28750E-03
 R2_GGGZvecDown  -0.00000E+00  -0.49665E-03
 R2_GGGZaxialUp  -0.00000E+00  -0.63522E-02
 R2_GGGZaxialDow  0.00000E+00   0.63522E-02
 R2_GGGAvecUp =   0.00000E+00   0.78251E-03
 R2_GGGAvecDown  -0.00000E+00  -0.39126E-03
         GC_4 =  -0.12177E+01   0.00000E+00
         GC_5 =   0.00000E+00   0.12177E+01
         GC_6 =   0.00000E+00   0.14828E+01
       R2_3Gq =   0.76230E-02   0.00000E+00
       R2_3Gg =   0.31445E-01   0.00000E+00
       R2_GQQ =  -0.00000E+00  -0.30492E-01
       R2_GGq =   0.00000E+00   0.62601E-02
       R2_GGt =  -0.00000E+00  -0.11242E+04
     R2_GGg_1 =   0.00000E+00   0.28170E-01
     R2_GGg_2 =  -0.00000E+00  -0.18780E-01
       R2_QQq =   0.00000E+00   0.12520E-01
  UV_3Gg_1eps =   0.62890E-01   0.00000E+00
  UV_3Gb_1eps =  -0.38115E-02   0.00000E+00
 UV_GQQg_1eps =   0.00000E+00  -0.62890E-01
 UV_GQQq_1eps =   0.00000E+00   0.38115E-02
 UVWfct_G_2_1eps -0.31300E-02   0.00000E+00
         GC_1 =  -0.00000E+00  -0.10265E+00
         GC_2 =   0.00000E+00   0.20530E+00
        GC_21 =  -0.00000E+00  -0.28804E+00
        GC_22 =   0.00000E+00   0.28804E+00
        GC_23 =  -0.00000E+00  -0.27437E-01
        GC_24 =   0.00000E+00   0.82310E-01
        GC_37 =  -0.00000E+00  -0.70263E+00
        GC_38 =  -0.00000E+00  -0.72172E-02
      GC_1003 =  -0.00000E+00  -0.30795E+00

 Collider parameters:
 --------------------

 Running at P P   machine @    13000.000000000000       GeV
 PDF set = lhapdf 
 alpha_s(Mz)= 0.1180 running at 3 loops.
 alpha_s(Mz)= 0.1180 running at 3 loops.
 Renormalization scale set on event-by-event basis
 Factorization   scale set on event-by-event basis


 ===============================================================
 INFO: MadFKS read these parameters from FKS_params.dat
 ===============================================================
  > IRPoleCheckThreshold      =    1.0000000000000001E-005
  > PrecisionVirtualAtRunTime =    1.0000000000000000E-003
  > NHelForMCoverHels         =            4
  > VirtualFraction           =    1.0000000000000000     
  > MinVirtualFraction        =    5.0000000000000001E-003
 ===============================================================
  Insert the number of points to test
 Insert the relative tolerance
  A negative number will mean use the default one:    1.0000000000000001E-005
Using random seed offsets:     0 ,     19 ,      0
  with seed                   32
 Ranmar initialization seeds       10729        9425
  ========================================================================================== 
 {                                                                                          }
 {       [32m                                                                            [0m       }
 {       [32m                               ,,                                           [0m       }
 {       [32m`7MMM.     ,MMF'             `7MM  `7MMF'                                   [0m       }
 {       [32m  MMMb    dPMM                 MM    MM                                     [0m       }
 {       [32m  M YM   ,M MM   ,6"Yb.   ,M""bMM    MM         ,pW"Wq.   ,pW"Wq.`7MMpdMAo. [0m       }
 {       [32m  M  Mb  M' MM  8)   MM ,AP    MM    MM        6W'   `Wb 6W'   `Wb MM   `Wb [0m       }
 {       [32m  M  YM.P'  MM   ,pm9MM 8MI    MM    MM      , 8M     M8 8M     M8 MM    M8 [0m       }
 {       [32m  M  `YM'   MM  8M   MM `Mb    MM    MM     ,M YA.   ,A9 YA.   ,A9 MM   ,AP [0m       }
 {       [32m.JML. `'  .JMML.`Moo9^Yo.`Wbmd"MML..JMMmmmmMMM  `Ybmd9'   `Ybmd9'  MMbmmd'  [0m       }
 {       [32m                                                                   MM       [0m       }
 {       [32m                                                                 .JMML.     [0m       }
 {       [32m[0mv2.4.2 (2016-06-10), Ref: arXiv:1103.0621v2, arXiv:1405.0301[32m                [0m       }
 {       [32m                                                                            [0m       }
 {                                                                                          }
  ========================================================================================== 
 ===============================================================
 INFO: MadLoop read these parameters from ./MadLoop5_resources/MadLoopParams.dat                                                                                                                                                                                                                                                                                                                                                                                                                                                                                          
 ===============================================================
  > MLReductionLib            = 6|1|2
  > IREGIMODE                 =            2
  > IREGIRECY                 =  T
  > CTModeRun                 =           -1
  > MLStabThres               =    1.0000000000000000E-003
  > NRotations_DP             =            1
  > NRotations_QP             =            0
  > CTStabThres               =    1.0000000000000000E-002
  > CTLoopLibrary             =            2
  > CTModeInit                =            1
  > CheckCycle                =            3
  > MaxAttempts               =           10
  > UseLoopFilter             =  F
  > HelicityFilterLevel       =            2
  > ImprovePSPoint            =            2
  > DoubleCheckHelicityFilter =  T
  > LoopInitStartOver         =  F
  > HelInitStartOver          =  F
  > ZeroThres                 =    1.0000000000000001E-009
  > OSThres                   =    1.0000000000000000E-008
  > WriteOutFilters           =  T
  > UseQPIntegrandForNinja    =  F
  > UseQPIntegrandForCutTools =  T
 ===============================================================
  
------------------------------------------------------------------------
|              You are using CutTools - Version 1.9.3                  |
|              Authors: G. Ossola, C. Papadopoulos, R. Pittau          |
|              Published in JHEP 0803:042,2008                         |
|              http://www.ugr.es/~pittau/CutTools                      |
|                                                                      |
|              Compiler with  34  significant digits detetected        |
 ---------------------------------------------------------------------- 
   
########################################################################
#                                                                      #
#                      You are using OneLOop-3.6                       #
#                                                                      #
# for the evaluation of 1-loop scalar 1-, 2-, 3- and 4-point functions #
#                                                                      #
# author: Andreas van Hameren <hamerenREMOVETHIS@ifj.edu.pl>           #
#   date: 18-02-2015                                                   #
#                                                                      #
# Please cite                                                          #
#    A. van Hameren,                                                   #
#      Comput.Phys.Commun. 182 (2011) 2427-2438, arXiv:1007.4716       #
#    A. van Hameren, C.G. Papadopoulos and R. Pittau,                  #
#      JHEP 0909:106,2009, arXiv:0903.4665                             #
# in publications with results obtained with the help of this program. #
#                                                                      #
########################################################################
 PASSED   1.0000000000000001E-005
 MU_R    =    325.00000000000000     
 ALPHA_S =   0.11799999999999999     
 BORN                    1.8276581843387452E-006
 SINGLE POLE (MadFKS)   -5.1698701255260322E-007
 DOUBLE POLE (MadFKS)   -1.9450231788188622E-007
 SINGLE POLE (MadLoop)  -5.1698701255260089E-007
 DOUBLE POLE (MadLoop)  -1.9450231788188569E-007
 FINITE PART (MadLoop)  -1.7413110025221434E-007
   325.00000000000000        0.0000000000000000        0.0000000000000000        325.00000000000000        0.0000000000000000     
   325.00000000000000        0.0000000000000000        0.0000000000000000       -325.00000000000000        0.0000000000000000     
   280.44916450652448       -188.02434211517576        7.7343900112222981        207.93931772446794        0.0000000000000000     
   316.67751062706225        231.04956180359738       -38.011508729810004       -213.20382485171862        0.0000000000000000     
   52.873324866413220       -43.025219688421664        30.277118718587637        5.2645071272507060        0.0000000000000000     

 PASSED   1.0000000000000001E-005
 MU_R    =    325.00000000000000     
 ALPHA_S =   0.11799999999999999     
 BORN                    1.4454622083791247E-004
 SINGLE POLE (MadFKS)   -3.4159819242189850E-005
 DOUBLE POLE (MadFKS)   -1.5382840858840875E-005
 SINGLE POLE (MadLoop)  -3.4159819242190460E-005
 DOUBLE POLE (MadLoop)  -1.5382840858840956E-005
 FINITE PART (MadLoop)   5.5366642310526603E-006
   325.00000000000000        0.0000000000000000        0.0000000000000000        325.00000000000000        0.0000000000000000     
   325.00000000000000        0.0000000000000000        0.0000000000000000       -325.00000000000000        0.0000000000000000     
   171.58384407736685       -68.525059250827852        41.037050072017081       -151.85944924311895        0.0000000000000000     
   162.58132188838729        40.720478689347992        33.460647101341117       -153.80154075250772        0.0000000000000000     
   315.83483403424640        27.804580561479941       -74.497697173358048        305.66098999562649        0.0000000000000000     

 PASSED   1.0000000000000001E-005
 MU_R    =    325.00000000000000     
 ALPHA_S =   0.11799999999999999     
 BORN                    7.8238541693812483E-007
 SINGLE POLE (MadFKS)   -1.5529452638298760E-007
 DOUBLE POLE (MadFKS)   -8.3262712018828136E-008
 SINGLE POLE (MadLoop)  -1.5529452638298790E-007
 DOUBLE POLE (MadLoop)  -8.3262712018828427E-008
 FINITE PART (MadLoop)   1.0288882598143020E-007
   325.00000000000000        0.0000000000000000        0.0000000000000000        325.00000000000000        0.0000000000000000     
   325.00000000000000        0.0000000000000000        0.0000000000000000       -325.00000000000000        0.0000000000000000     
   239.56392605153442       -178.07042956176105        156.64429858752749        33.828397847614681        0.0000000000000000     
   264.02969311357060        83.236905439657562       -214.80344359693240       -129.00688755789420        0.0000000000000000     
   146.40638083489526        94.833524122103512        58.159145009405073        95.178489710279536        0.0000000000000000     

 PASSED   1.0000000000000001E-005
 MU_R    =    325.00000000000000     
 ALPHA_S =   0.11799999999999999     
 BORN                    4.0103794217347046E-004
 SINGLE POLE (MadFKS)   -1.2293770902919686E-004
 DOUBLE POLE (MadFKS)   -4.2679101584601614E-005
 SINGLE POLE (MadLoop)  -1.2293770902919670E-004
 DOUBLE POLE (MadLoop)  -4.2679101584601858E-005
 FINITE PART (MadLoop)   1.8002396399313799E-005
   325.00000000000000        0.0000000000000000        0.0000000000000000        325.00000000000000        0.0000000000000000     
   325.00000000000000        0.0000000000000000        0.0000000000000000       -325.00000000000000        0.0000000000000000     
   167.96871176796441       -2.6187565042312100       -15.650270926096091       -167.21752081435974        0.0000000000000000     
   160.96122285347579       -19.088209281841468        52.350101276369266       -151.00868327766057        0.0000000000000000     
   321.07006537856006        21.706965786072669       -36.699830350273224        318.22620409202051        0.0000000000000000     

 PASSED   1.0000000000000001E-005
 MU_R    =    325.00000000000000     
 ALPHA_S =   0.11799999999999999     
 BORN                    2.1701420972432290E-003
 SINGLE POLE (MadFKS)   -2.0342417260219752E-004
 DOUBLE POLE (MadFKS)   -2.3095000567602449E-004
 SINGLE POLE (MadLoop)  -2.0342417260219473E-004
 DOUBLE POLE (MadLoop)  -2.3095000567602085E-004
 FINITE PART (MadLoop)   1.6630486201073714E-004
   325.00000000000000        0.0000000000000000        0.0000000000000000        325.00000000000000        0.0000000000000000     
   325.00000000000000        0.0000000000000000        0.0000000000000000       -325.00000000000000        0.0000000000000000     
   313.95842483294297        255.15640122197746        87.341390081618457       -160.73762788358718        0.0000000000000000     
   17.456003175531713        12.404199440110297        1.2579383431670808        12.217425024895004        0.0000000000000000     
   318.58557199152511       -267.56060066208772       -88.599328424785512        148.52020285869216        0.0000000000000000     

 PASSED   1.0000000000000001E-005
 MU_R    =    325.00000000000000     
 ALPHA_S =   0.11799999999999999     
 BORN                    1.7863132431149585E-006
 SINGLE POLE (MadFKS)   -1.6384296244982351E-007
 DOUBLE POLE (MadFKS)   -1.9010232286661131E-007
 SINGLE POLE (MadLoop)  -1.6384296244982435E-007
 DOUBLE POLE (MadLoop)  -1.9010232286661346E-007
 FINITE PART (MadLoop)   1.9075056982213149E-007
   325.00000000000000        0.0000000000000000        0.0000000000000000        325.00000000000000        0.0000000000000000     
   325.00000000000000        0.0000000000000000        0.0000000000000000       -325.00000000000000        0.0000000000000000     
   315.24845608629050        301.60718547943833       -20.975329741873718       -89.301345310029006        0.0000000000000000     
   38.796181252362445       -14.868450229063136        31.651891241456717        16.799721675998860        0.0000000000000000     
   295.95536266134735       -286.73873525037510       -10.676561499583004        72.501623634030096        0.0000000000000000     

 PASSED   1.0000000000000001E-005
 MU_R    =    325.00000000000000     
 ALPHA_S =   0.11799999999999999     
 BORN                    4.4096979432808551E-007
 SINGLE POLE (MadFKS)   -4.4897959550050212E-008
 DOUBLE POLE (MadFKS)   -4.6928713392730552E-008
 SINGLE POLE (MadLoop)  -4.4897959550050940E-008
 DOUBLE POLE (MadLoop)  -4.6928713392730619E-008
 FINITE PART (MadLoop)   6.2883527912909903E-008
   325.00000000000000        0.0000000000000000        0.0000000000000000        325.00000000000000        0.0000000000000000     
   325.00000000000000        0.0000000000000000        0.0000000000000000       -325.00000000000000        0.0000000000000000     
   267.40244811093885        73.074548519381082       -254.36412244341295        38.250135006354377        0.0000000000000000     
   114.89199735653797        98.999756409805755        56.330594948912285        15.036068637626739        0.0000000000000000     
   267.70555453252319       -172.07430492918684        198.03352749450065       -53.286203643981111        0.0000000000000000     

 PASSED   1.0000000000000001E-005
 MU_R    =    325.00000000000000     
 ALPHA_S =   0.11799999999999999     
 BORN                    2.0144463215689189E-006
 SINGLE POLE (MadFKS)   -1.7907295969428714E-007
 DOUBLE POLE (MadFKS)   -2.1438061129332805E-007
 SINGLE POLE (MadLoop)  -1.7907295969429005E-007
 DOUBLE POLE (MadLoop)  -2.1438061129332755E-007
 FINITE PART (MadLoop)   2.4087486853839753E-007
   325.00000000000000        0.0000000000000000        0.0000000000000000        325.00000000000000        0.0000000000000000     
   325.00000000000000        0.0000000000000000        0.0000000000000000       -325.00000000000000        0.0000000000000000     
   271.42336540196305       -102.46975655167270        240.69035365328116       -72.379181652094871        0.0000000000000000     
   73.842585488242122       -73.359144239584893       -4.7798592287438089       -6.9509951645442163        0.0000000000000000     
   304.73404910979474        175.82890079125758       -235.91049442453738        79.330176816639096        0.0000000000000000     

 PASSED   1.0000000000000001E-005
 MU_R    =    325.00000000000000     
 ALPHA_S =   0.11799999999999999     
 BORN                    1.0838049736765699E-006
 SINGLE POLE (MadFKS)   -1.3744396891349794E-007
 DOUBLE POLE (MadFKS)   -1.1534026510995482E-007
 SINGLE POLE (MadLoop)  -1.3744396891349304E-007
 DOUBLE POLE (MadLoop)  -1.1534026510995465E-007
 FINITE PART (MadLoop)   1.6044996108600344E-007
   325.00000000000000        0.0000000000000000        0.0000000000000000        325.00000000000000        0.0000000000000000     
   325.00000000000000        0.0000000000000000        0.0000000000000000       -325.00000000000000        0.0000000000000000     
   202.04553932823714       -134.12423512127123       -125.48764666282734       -84.178025936687064        0.0000000000000000     
   226.19553600251047       -74.949499247237696        146.71119428413601        154.99296287823464        0.0000000000000000     
   221.75892466925234        209.07373436850895       -21.223547621308672       -70.814936941547543        0.0000000000000000     

 PASSED   1.0000000000000001E-005
 MU_R    =    325.00000000000000     
 ALPHA_S =   0.11799999999999999     
 BORN                    5.8369011102475733E-007
 SINGLE POLE (MadFKS)   -8.2378736140039118E-008
 DOUBLE POLE (MadFKS)   -6.2117238601771781E-008
 SINGLE POLE (MadLoop)  -8.2378736140045616E-008
 DOUBLE POLE (MadLoop)  -6.2117238601772165E-008
 FINITE PART (MadLoop)   3.6942310050941263E-008
   325.00000000000000        0.0000000000000000        0.0000000000000000        325.00000000000000        0.0000000000000000     
   325.00000000000000        0.0000000000000000        0.0000000000000000       -325.00000000000000        0.0000000000000000     
   274.52007064028129        74.606286283171869        93.779551564054941        246.98292843802625        0.0000000000000000     
   70.519042336865198        13.248894427779298        69.110362199296816       -4.5999962208845817        0.0000000000000000     
   304.96088702285346       -87.855180710951146       -162.88991376335170       -242.38293221714170        0.0000000000000000     

 PASSED   1.0000000000000001E-005
 MU_R    =    325.00000000000000     
 ALPHA_S =   0.11799999999999999     
 BORN                    6.8528965587611538E-007
 SINGLE POLE (MadFKS)   -1.3145960501355331E-007
 DOUBLE POLE (MadFKS)   -7.2929625260649966E-008
 SINGLE POLE (MadLoop)  -1.3145960501355434E-007
 DOUBLE POLE (MadLoop)  -7.2929625260650032E-008
 FINITE PART (MadLoop)   8.3652688619911685E-008
   325.00000000000000        0.0000000000000000        0.0000000000000000        325.00000000000000        0.0000000000000000     
   325.00000000000000        0.0000000000000000        0.0000000000000000       -325.00000000000000        0.0000000000000000     
   213.30318858080790       -187.76654232408683       -34.968639937349835        94.969311165915983        0.0000000000000000     
   318.00382139303520        296.02377332350028        81.964724636155253       -82.329459874394502        0.0000000000000000     
   118.69299002615713       -108.25723099941345       -46.996084698805397       -12.639851291521479        0.0000000000000000     

 PASSED   1.0000000000000001E-005
 MU_R    =    325.00000000000000     
 ALPHA_S =   0.11799999999999999     
 BORN                    2.5481341002490059E-006
 SINGLE POLE (MadFKS)   -5.5643991121664691E-007
 DOUBLE POLE (MadFKS)   -2.7117652141919693E-007
 SINGLE POLE (MadLoop)  -5.5643991121665061E-007
 DOUBLE POLE (MadLoop)  -2.7117652141919619E-007
 FINITE PART (MadLoop)   2.8806268221488918E-007
   325.00000000000000        0.0000000000000000        0.0000000000000000        325.00000000000000        0.0000000000000000     
   325.00000000000000        0.0000000000000000        0.0000000000000000       -325.00000000000000        0.0000000000000000     
   230.62850102849620        171.89403193767575       -140.95236369206387        61.435970249362498        0.0000000000000000     
   237.09830741713765       -209.86924646230864        55.783598833561690        95.177186712943524        0.0000000000000000     
   182.27319155436609        37.975214524632889        85.168764858502158       -156.61315696230605        0.0000000000000000     

 PASSED   1.0000000000000001E-005
 MU_R    =    325.00000000000000     
 ALPHA_S =   0.11799999999999999     
 BORN                    4.8845038718791920E-006
 SINGLE POLE (MadFKS)   -9.9218237622282792E-007
 DOUBLE POLE (MadFKS)   -5.1981674304557222E-007
 SINGLE POLE (MadLoop)  -9.9218237622276503E-007
 DOUBLE POLE (MadLoop)  -5.1981674304557286E-007
 FINITE PART (MadLoop)   5.4402037455384817E-007
   325.00000000000000        0.0000000000000000        0.0000000000000000        325.00000000000000        0.0000000000000000     
   325.00000000000000        0.0000000000000000        0.0000000000000000       -325.00000000000000        0.0000000000000000     
   316.68121191276219       -120.43374777159697        103.20555561761053       -274.10092240976405        0.0000000000000000     
   197.76042976973557        45.139195867476893       -27.520583831039314        190.56300282254901        0.0000000000000000     
   135.55835831750221        75.294551904120084       -75.684971786571211        83.537919587215058        0.0000000000000000     

 PASSED   1.0000000000000001E-005
 MU_R    =    325.00000000000000     
 ALPHA_S =   0.11799999999999999     
 BORN                    3.3963630923017723E-007
 SINGLE POLE (MadFKS)   -6.1124620250039253E-008
 DOUBLE POLE (MadFKS)   -3.6144641239915086E-008
 SINGLE POLE (MadLoop)  -6.1124620250036302E-008
 DOUBLE POLE (MadLoop)  -3.6144641239914941E-008
 FINITE PART (MadLoop)   4.9956406274606187E-008
   325.00000000000000        0.0000000000000000        0.0000000000000000        325.00000000000000        0.0000000000000000     
   325.00000000000000        0.0000000000000000        0.0000000000000000       -325.00000000000000        0.0000000000000000     
   165.02290906711906       -60.711224891625420        68.534302613848595        137.29441741879580        0.0000000000000000     
   312.77594740096464        9.2992389468700143       -189.15121369532392       -248.92596446567381        0.0000000000000000     
   172.20114353191582        51.411985944755521        120.61691108147480        111.63154704687811        0.0000000000000000     

 PASSED   1.0000000000000001E-005
 MU_R    =    325.00000000000000     
 ALPHA_S =   0.11799999999999999     
 BORN                    5.1451788350781149E-006
 SINGLE POLE (MadFKS)   -1.6245368930945233E-006
 DOUBLE POLE (MadFKS)   -5.4755819108571012E-007
 SINGLE POLE (MadLoop)  -1.6245368930945185E-006
 DOUBLE POLE (MadLoop)  -5.4755819108571477E-007
 FINITE PART (MadLoop)  -1.1429138214398915E-006
   325.00000000000000        0.0000000000000000        0.0000000000000000        325.00000000000000        0.0000000000000000     
   325.00000000000000        0.0000000000000000        0.0000000000000000       -325.00000000000000        0.0000000000000000     
   289.78695983047692       -203.25385767677307       -162.35596272510941        127.69061357399535        0.0000000000000000     
   310.21276211662956        242.14137425435646        168.02855887338993       -96.777663007390430        0.0000000000000000     
   50.000278052893592       -38.887516577583412       -5.6725961482805145       -30.912950566604948        0.0000000000000000     

 PASSED   1.0000000000000001E-005
 MU_R    =    325.00000000000000     
 ALPHA_S =   0.11799999999999999     
 BORN                    1.7451318006092625E-006
 SINGLE POLE (MadFKS)   -1.8094560396875325E-007
 DOUBLE POLE (MadFKS)   -1.8571972764737697E-007
 SINGLE POLE (MadLoop)  -1.8094560396874478E-007
 DOUBLE POLE (MadLoop)  -1.8571972764736660E-007
Thanks for using LHAPDF 6.2.1. Please make sure to cite the paper:
  Eur.Phys.J. C75 (2015) 3, 132  (http://arxiv.org/abs/1412.7420)
 FINITE PART (MadLoop)   1.7831357829905527E-007
   325.00000000000000        0.0000000000000000        0.0000000000000000        325.00000000000000        0.0000000000000000     
   325.00000000000000        0.0000000000000000        0.0000000000000000       -325.00000000000000        0.0000000000000000     
   267.47076367747309       -246.68961707968336        40.127119034916753       -95.260991834265170        0.0000000000000000     
   86.860914913419862        13.513139058746635        70.368210241528573       -49.097134333679591        0.0000000000000000     
   295.66832140910589        233.17647802093603       -110.49532927644601        144.35812616794470        0.0000000000000000     

 PASSED   1.0000000000000001E-005
 MU_R    =    325.00000000000000     
 ALPHA_S =   0.11799999999999999     
 BORN                    4.1494354115382355E-006
 SINGLE POLE (MadFKS)   -7.0264329042891501E-007
 DOUBLE POLE (MadFKS)   -4.4158957750481578E-007
 SINGLE POLE (MadLoop)  -7.0264329042893099E-007
 DOUBLE POLE (MadLoop)  -4.4158957750481811E-007
 FINITE PART (MadLoop)   2.9242496519101290E-007
   325.00000000000000        0.0000000000000000        0.0000000000000000        325.00000000000000        0.0000000000000000     
   325.00000000000000        0.0000000000000000        0.0000000000000000       -325.00000000000000        0.0000000000000000     
   238.50364736987811       -24.354023052519981       -57.091238744601718        230.28560925185786        0.0000000000000000     
   98.963414589114478        10.922759701945708       -86.377457937491869        47.046631206573409        0.0000000000000000     
   312.53293804100741        13.431263350574232        143.46869668209359       -277.33224045843127        0.0000000000000000     

 PASSED   1.0000000000000001E-005
 MU_R    =    325.00000000000000     
 ALPHA_S =   0.11799999999999999     
 BORN                    1.1791636631737742E-006
 SINGLE POLE (MadFKS)   -1.3762661247402562E-007
 DOUBLE POLE (MadFKS)   -1.2548848992371880E-007
 SINGLE POLE (MadLoop)  -1.3762661247402530E-007
 DOUBLE POLE (MadLoop)  -1.2548848992371856E-007
 FINITE PART (MadLoop)   9.7753716115598416E-008
   325.00000000000000        0.0000000000000000        0.0000000000000000        325.00000000000000        0.0000000000000000     
   325.00000000000000        0.0000000000000000        0.0000000000000000       -325.00000000000000        0.0000000000000000     
   155.35568954233025       -50.545302634334682       -10.349149598249220       -146.53824673910052        0.0000000000000000     
   222.44039845622459       -51.173656479266270        216.47277193890042       0.72578026622143277        0.0000000000000000     
   272.20391200144479        101.71895911360100       -206.12362234065128        145.81246647287907        0.0000000000000000     

 PASSED   1.0000000000000001E-005
 MU_R    =    325.00000000000000     
 ALPHA_S =   0.11799999999999999     
 BORN                    1.2492955909503319E-006
 SINGLE POLE (MadFKS)   -1.1663491402877498E-007
 DOUBLE POLE (MadFKS)   -1.3295204225913587E-007
 SINGLE POLE (MadLoop)  -1.1663491402877623E-007
 DOUBLE POLE (MadLoop)  -1.3295204225913679E-007
 FINITE PART (MadLoop)   9.0050871253668473E-008
   325.00000000000000        0.0000000000000000        0.0000000000000000        325.00000000000000        0.0000000000000000     
   325.00000000000000        0.0000000000000000        0.0000000000000000       -325.00000000000000        0.0000000000000000     
   246.43819896766078        194.67848652912065        100.20534459960868       -113.09713394613028        0.0000000000000000     
   118.54947602706254        81.181229702703504       -37.967705523610377        77.601801187345970        0.0000000000000000     
   285.01232500527692       -275.85971623182411       -62.237639075998374        35.495332758784315        0.0000000000000000     

 PASSED   1.0000000000000001E-005
 MU_R    =    325.00000000000000     
 ALPHA_S =   0.11799999999999999     
 BORN                    1.1145221673926880E-006
 SINGLE POLE (MadFKS)   -2.2283800834261207E-007
 DOUBLE POLE (MadFKS)   -1.1860923817494481E-007
 SINGLE POLE (MadLoop)  -2.2283800834260821E-007
 DOUBLE POLE (MadLoop)  -1.1860923817494408E-007
 FINITE PART (MadLoop)   1.1835159006382914E-007
   325.00000000000000        0.0000000000000000        0.0000000000000000        325.00000000000000        0.0000000000000000     
   325.00000000000000        0.0000000000000000        0.0000000000000000       -325.00000000000000        0.0000000000000000     
   216.80687522920886       -147.86939969863016        144.73692159050628        64.738592106440834        0.0000000000000000     
   311.60737594216113        249.59200878012783       -186.13194327762494       -12.565253135329685        0.0000000000000000     
   121.58574882862990       -101.72260908149772        41.395021687118629       -52.173338971111107        0.0000000000000000     

 NUMBER OF POINTS PASSING THE CHECK          20
 NUMBER OF POINTS FAILING THE CHECK           0
 TOLERANCE    1.0000000000000001E-005
