==== LHAPDF6 USING DEFAULT-TYPE LHAGLUE INTERFACE ====
LHAPDF 6.2.1 loading /cvmfs/cms.cern.ch/slc6_amd64_gcc481/external/lhapdf/6.2.1/share/LHAPDF/NNPDF31_nnlo_hessian_pdfas/NNPDF31_nnlo_hessian_pdfas_0000.dat
NNPDF31_nnlo_hessian_pdfas PDF set, member #0, version 1; LHAPDF ID = 306000
 A PDF is used, so alpha_s(MZ) is going to be modified
 Old value of alpha_s from param_card:   0.11799999999999999     
 New value of alpha_s from PDF lhapdf :  0.11800208008122040     
 using LHAPDF
 *****************************************************
 *               MadGraph/MadEvent                   *
 *        --------------------------------           *
 *          http://madgraph.hep.uiuc.edu             *
 *          http://madgraph.phys.ucl.ac.be           *
 *          http://madgraph.roma2.infn.it            *
 *        --------------------------------           *
 *                                                   *
 *          PARAMETER AND COUPLING VALUES            *
 *                                                   *
 *****************************************************

  External Params
  ---------------------------------
  
 MU_R =    91.188000000000002     
 aEWM1 =    132.50700000000001     
 mdl_Gf =    1.1663900000000000E-005
 aS =   0.11799999999999999     
 mdl_lamWS =   0.22530000000000000     
 mdl_AWS =   0.80800000000000005     
 mdl_rhoWS =   0.13200000000000001     
 mdl_etaWS =   0.34100000000000003     
 mdl_ymt =    173.00000000000000     
 mdl_ymtau =    1.7769999999999999     
 mdl_MT =    173.00000000000000     
 mdl_MZ =    91.188000000000002     
 mdl_MH =    125.00000000000000     
 mdl_MTA =    1.7769999999999999     
 mdl_WT =    1.4915000000000000     
 mdl_WZ =    2.4414039999999999     
 mdl_WW =    2.0476000000000001     
 mdl_WH =    6.3823389999999999E-003
  Internal Params
  ---------------------------------
  
 mdl_CKM33 =    1.0000000000000000     
 mdl_conjg__CKM3x3 =    1.0000000000000000     
 mdl_I4x33 =    0.0000000000000000     
 mdl_I1x33 =    0.0000000000000000     
 mdl_lhv =    1.0000000000000000     
 mdl_CKM3x3 =    1.0000000000000000     
 mdl_conjg__CKM33 =    1.0000000000000000     
 mdl_Ncol =    3.0000000000000000     
 mdl_CA =    3.0000000000000000     
 mdl_TF =   0.50000000000000000     
 mdl_CF =    1.3333333333333333     
 mdl_lamWS__exp__2 =    5.0760090000000001E-002
 mdl_CKM11 =  ( 0.97461995499999998     ,  0.0000000000000000     )
 mdl_CKM12 =  ( 0.22530000000000000     ,  0.0000000000000000     )
 mdl_complexi =  (  0.0000000000000000     ,  1.0000000000000000     )
 mdl_lamWS__exp__3 =    1.1436248277000001E-002
 mdl_CKM13 =  (  1.2197444962317122E-003, -3.1510066152652563E-003)
 mdl_CKM21 =  (-0.22530000000000000     ,  0.0000000000000000     )
 mdl_CKM22 =  ( 0.97461995499999998     ,  0.0000000000000000     )
 mdl_CKM23 =  (  4.1014152720000002E-002,  0.0000000000000000     )
 mdl_CKM31 =  (  8.0207441115842885E-003, -3.1510066152652563E-003)
 mdl_CKM32 =  ( -4.1014152720000002E-002,  0.0000000000000000     )
 mdl_MZ__exp__2 =    8315.2513440000002     
 mdl_MZ__exp__4 =    69143404.913893804     
 mdl_sqrt__2 =    1.4142135623730951     
 mdl_MH__exp__2 =    15625.000000000000     
 mdl_CKM1x1 =  ( 0.97461995499999998     ,  0.0000000000000000     )
 mdl_CKM1x2 =  ( 0.22530000000000000     ,  0.0000000000000000     )
 mdl_CKM1x3 =  (  1.2197444962317122E-003, -3.1510066152652563E-003)
 mdl_CKM2x1 =  (-0.22530000000000000     ,  0.0000000000000000     )
 mdl_CKM2x2 =  ( 0.97461995499999998     ,  0.0000000000000000     )
 mdl_CKM2x3 =  (  4.1014152720000002E-002,  0.0000000000000000     )
 mdl_CKM3x1 =  (  8.0207441115842885E-003, -3.1510066152652563E-003)
 mdl_CKM3x2 =  ( -4.1014152720000002E-002,  0.0000000000000000     )
 mdl_conjg__CKM1x3 =  (  1.2197444962317122E-003,  3.1510066152652563E-003)
 mdl_conjg__CKM2x3 =  (  4.1014152720000002E-002, -0.0000000000000000     )
 mdl_conjg__CKM2x1 =  (-0.22530000000000000     , -0.0000000000000000     )
 mdl_conjg__CKM3x1 =  (  8.0207441115842885E-003,  3.1510066152652563E-003)
 mdl_conjg__CKM2x2 =  ( 0.97461995499999998     , -0.0000000000000000     )
 mdl_conjg__CKM3x2 =  ( -4.1014152720000002E-002, -0.0000000000000000     )
 mdl_Ncol__exp__2 =    9.0000000000000000     
 mdl_MT__exp__2 =    29929.000000000000     
 mdl_conjg__CKM11 =  ( 0.97461995499999998     , -0.0000000000000000     )
 mdl_conjg__CKM12 =  ( 0.22530000000000000     , -0.0000000000000000     )
 mdl_conjg__CKM13 =  (  1.2197444962317122E-003,  3.1510066152652563E-003)
 mdl_conjg__CKM21 =  (-0.22530000000000000     , -0.0000000000000000     )
 mdl_conjg__CKM22 =  ( 0.97461995499999998     , -0.0000000000000000     )
 mdl_conjg__CKM23 =  (  4.1014152720000002E-002, -0.0000000000000000     )
 mdl_conjg__CKM31 =  (  8.0207441115842885E-003,  3.1510066152652563E-003)
 mdl_conjg__CKM32 =  ( -4.1014152720000002E-002, -0.0000000000000000     )
 mdl_aEW =    7.5467711139788835E-003
 mdl_MW =    80.419002445756163     
 mdl_sqrt__aEW =    8.6872153846781555E-002
 mdl_ee =   0.30795376724436879     
 mdl_MW__exp__2 =    6467.2159543705357     
 mdl_sw2 =   0.22224648578577766     
 mdl_cw =   0.88190334743339216     
 mdl_sqrt__sw2 =   0.47143025548407230     
 mdl_sw =   0.47143025548407230     
 mdl_g1 =   0.34919219678733299     
 mdl_gw =   0.65323293034757990     
 mdl_v =    246.21845810181637     
 mdl_v__exp__2 =    60623.529110035903     
 mdl_lam =   0.12886910601690263     
 mdl_yt =   0.99366614581500623     
 mdl_ytau =    1.0206617000654717E-002
 mdl_muH =    88.388347648318430     
 mdl_AxialZUp =  -0.18517701861793787     
 mdl_AxialZDown =   0.18517701861793787     
 mdl_VectorZUp =    7.5430507588273299E-002
 mdl_VectorZDown =  -0.13030376310310560     
 mdl_VectorAUp =   0.20530251149624587     
 mdl_VectorADown =  -0.10265125574812294     
 mdl_VectorWmDxU =   0.23095271737156670     
 mdl_AxialWmDxU =  -0.23095271737156670     
 mdl_VectorWpUxD =   0.23095271737156670     
 mdl_AxialWpUxD =  -0.23095271737156670     
 mdl_I2x13 =  (  7.9699418879263656E-003,  3.1310485988282153E-003)
 mdl_I2x23 =  ( -4.0754375057150453E-002, -0.0000000000000000     )
 mdl_I2x33 =  ( 0.99366614581500623     ,  0.0000000000000000     )
 mdl_I3x31 =  (  7.9699418879263656E-003, -3.1310485988282153E-003)
 mdl_I3x32 =  ( -4.0754375057150453E-002,  0.0000000000000000     )
 mdl_I3x33 =  ( 0.99366614581500623     ,  0.0000000000000000     )
 mdl_Vector_tdGp =  ( -7.9699418879263656E-003, -3.1310485988282153E-003)
 mdl_Vector_tsGp =  (  4.0754375057150453E-002,  0.0000000000000000     )
 mdl_Vector_tbGp =  (-0.99366614581500623     ,  0.0000000000000000     )
 mdl_Axial_tdGp =  ( -7.9699418879263656E-003, -3.1310485988282153E-003)
 mdl_Axial_tsGp =  (  4.0754375057150453E-002,  0.0000000000000000     )
 mdl_Axial_tbGp =  (-0.99366614581500623     , -0.0000000000000000     )
 mdl_Vector_tdGm =  (  7.9699418879263656E-003, -3.1310485988282153E-003)
 mdl_Vector_tsGm =  ( -4.0754375057150453E-002,  0.0000000000000000     )
 mdl_Vector_tbGm =  ( 0.99366614581500623     ,  0.0000000000000000     )
 mdl_Axial_tdGm =  ( -7.9699418879263656E-003,  3.1310485988282153E-003)
 mdl_Axial_tsGm =  (  4.0754375057150453E-002, -0.0000000000000000     )
 mdl_Axial_tbGm =  (-0.99366614581500623     ,  0.0000000000000000     )
 mdl_gw__exp__2 =   0.42671326129048615     
 mdl_cw__exp__2 =   0.77775351421422245     
 mdl_ee__exp__2 =    9.4835522759998875E-002
 mdl_sw__exp__2 =   0.22224648578577769     
 mdl_yt__exp__2 =   0.98737240933884918     
  Internal Params evaluated point by point
  ----------------------------------------
  
 mdl_sqrt__aS =   0.34351128074635334     
 mdl_G__exp__4 =    2.1987899468922913     
 mdl_G__exp__2 =    1.4828317324943823     
 mdl_R2MixedFactor_FIN_ =   -2.5040377713124864E-002
 mdl_G_UVg_1EPS_ =   -5.1645779033320030E-002
 mdl_G_UVq_1EPS_ =    3.1300472141406080E-003
 mdl_G_UVb_1EPS_ =    3.1300472141406080E-003
 mdl_GWcft_UV_t_1EPS_ =   -3.1300472141406080E-003
 mdl_tWcft_UV_1EPS_ =   -1.8780283284843650E-002
 mdl_G__exp__3 =    1.8056676068262196     
 mdl_MU_R__exp__2 =    8315.2513440000002     
 mdl_G_UVt_FIN_ =   -4.0087659331150384E-003
 mdl_GWcft_UV_t_FIN_ =    4.0087659331150384E-003
 mdl_tWcft_UV_FIN_ =   -9.8778211443463623E-004
  Couplings of loop_sm-ckm_no_b_mass
  ---------------------------------
  
       UV_3Gt =   0.48815E-02   0.00000E+00
      UV_GQQt =   0.00000E+00  -0.48815E-02
   UVWfct_G_2 =   0.40088E-02   0.00000E+00
       R2_DDA =   0.00000E+00   0.25704E-02
       R2_UUA =  -0.00000E+00  -0.51409E-02
    R2_DDZ_V2 =   0.00000E+00   0.72127E-02
    R2_UUZ_V2 =  -0.00000E+00  -0.72127E-02
    R2_UUZ_V5 =   0.00000E+00   0.68702E-03
      R2_GGHt =   0.00000E+00  -0.45657E+01
     R2_GGZup =  -0.46369E-02   0.00000E+00
   R2_GGZdown =   0.46369E-02   0.00000E+00
 R2_GGGZvecUp =   0.00000E+00   0.28750E-03
 R2_GGGZvecDown  -0.00000E+00  -0.49665E-03
 R2_GGGZaxialUp  -0.00000E+00  -0.63522E-02
 R2_GGGZaxialDow  0.00000E+00   0.63522E-02
 R2_GGGAvecUp =   0.00000E+00   0.78251E-03
 R2_GGGAvecDown  -0.00000E+00  -0.39126E-03
         GC_4 =  -0.12177E+01   0.00000E+00
         GC_5 =   0.00000E+00   0.12177E+01
         GC_6 =   0.00000E+00   0.14828E+01
       R2_3Gq =   0.76230E-02   0.00000E+00
       R2_3Gg =   0.31445E-01   0.00000E+00
       R2_GQQ =  -0.00000E+00  -0.30492E-01
       R2_GGq =   0.00000E+00   0.62601E-02
       R2_GGt =  -0.00000E+00  -0.11242E+04
     R2_GGg_1 =   0.00000E+00   0.28170E-01
     R2_GGg_2 =  -0.00000E+00  -0.18780E-01
       R2_QQq =   0.00000E+00   0.12520E-01
  UV_3Gg_1eps =   0.62890E-01   0.00000E+00
  UV_3Gb_1eps =  -0.38115E-02   0.00000E+00
 UV_GQQg_1eps =   0.00000E+00  -0.62890E-01
 UV_GQQq_1eps =   0.00000E+00   0.38115E-02
 UVWfct_G_2_1eps -0.31300E-02   0.00000E+00
         GC_1 =  -0.00000E+00  -0.10265E+00
         GC_2 =   0.00000E+00   0.20530E+00
        GC_21 =  -0.00000E+00  -0.28804E+00
        GC_22 =   0.00000E+00   0.28804E+00
        GC_23 =  -0.00000E+00  -0.27437E-01
        GC_24 =   0.00000E+00   0.82310E-01
        GC_37 =  -0.00000E+00  -0.70263E+00
        GC_38 =  -0.00000E+00  -0.72172E-02
      GC_1003 =  -0.00000E+00  -0.30795E+00

 Collider parameters:
 --------------------

 Running at P P   machine @    13000.000000000000       GeV
 PDF set = lhapdf 
 alpha_s(Mz)= 0.1180 running at 3 loops.
 alpha_s(Mz)= 0.1180 running at 3 loops.
 Renormalization scale set on event-by-event basis
 Factorization   scale set on event-by-event basis


 ===============================================================
 INFO: MadFKS read these parameters from FKS_params.dat
 ===============================================================
  > IRPoleCheckThreshold      =    1.0000000000000001E-005
  > PrecisionVirtualAtRunTime =    1.0000000000000000E-003
  > NHelForMCoverHels         =            4
  > VirtualFraction           =    1.0000000000000000     
  > MinVirtualFraction        =    5.0000000000000001E-003
 ===============================================================
  Insert the number of points to test
 Insert the relative tolerance
  A negative number will mean use the default one:    1.0000000000000001E-005
Using random seed offsets:     0 ,     49 ,      0
  with seed                   32
 Ranmar initialization seeds       10729        9455
  ========================================================================================== 
 {                                                                                          }
 {       [32m                                                                            [0m       }
 {       [32m                               ,,                                           [0m       }
 {       [32m`7MMM.     ,MMF'             `7MM  `7MMF'                                   [0m       }
 {       [32m  MMMb    dPMM                 MM    MM                                     [0m       }
 {       [32m  M YM   ,M MM   ,6"Yb.   ,M""bMM    MM         ,pW"Wq.   ,pW"Wq.`7MMpdMAo. [0m       }
 {       [32m  M  Mb  M' MM  8)   MM ,AP    MM    MM        6W'   `Wb 6W'   `Wb MM   `Wb [0m       }
 {       [32m  M  YM.P'  MM   ,pm9MM 8MI    MM    MM      , 8M     M8 8M     M8 MM    M8 [0m       }
 {       [32m  M  `YM'   MM  8M   MM `Mb    MM    MM     ,M YA.   ,A9 YA.   ,A9 MM   ,AP [0m       }
 {       [32m.JML. `'  .JMML.`Moo9^Yo.`Wbmd"MML..JMMmmmmMMM  `Ybmd9'   `Ybmd9'  MMbmmd'  [0m       }
 {       [32m                                                                   MM       [0m       }
 {       [32m                                                                 .JMML.     [0m       }
 {       [32m[0mv2.4.2 (2016-06-10), Ref: arXiv:1103.0621v2, arXiv:1405.0301[32m                [0m       }
 {       [32m                                                                            [0m       }
 {                                                                                          }
  ========================================================================================== 
 ===============================================================
 INFO: MadLoop read these parameters from ./MadLoop5_resources/MadLoopParams.dat                                                                                                                                                                                                                                                                                                                                                                                                                                                                                          
 ===============================================================
  > MLReductionLib            = 6|1|2
  > IREGIMODE                 =            2
  > IREGIRECY                 =  T
  > CTModeRun                 =           -1
  > MLStabThres               =    1.0000000000000000E-003
  > NRotations_DP             =            1
  > NRotations_QP             =            0
  > CTStabThres               =    1.0000000000000000E-002
  > CTLoopLibrary             =            2
  > CTModeInit                =            1
  > CheckCycle                =            3
  > MaxAttempts               =           10
  > UseLoopFilter             =  F
  > HelicityFilterLevel       =            2
  > ImprovePSPoint            =            2
  > DoubleCheckHelicityFilter =  T
  > LoopInitStartOver         =  F
  > HelInitStartOver          =  F
  > ZeroThres                 =    1.0000000000000001E-009
  > OSThres                   =    1.0000000000000000E-008
  > WriteOutFilters           =  T
  > UseQPIntegrandForNinja    =  F
  > UseQPIntegrandForCutTools =  T
 ===============================================================
  
------------------------------------------------------------------------
|              You are using CutTools - Version 1.9.3                  |
|              Authors: G. Ossola, C. Papadopoulos, R. Pittau          |
|              Published in JHEP 0803:042,2008                         |
|              http://www.ugr.es/~pittau/CutTools                      |
|                                                                      |
|              Compiler with  34  significant digits detetected        |
 ---------------------------------------------------------------------- 
   
########################################################################
#                                                                      #
#                      You are using OneLOop-3.6                       #
#                                                                      #
# for the evaluation of 1-loop scalar 1-, 2-, 3- and 4-point functions #
#                                                                      #
# author: Andreas van Hameren <hamerenREMOVETHIS@ifj.edu.pl>           #
#   date: 18-02-2015                                                   #
#                                                                      #
# Please cite                                                          #
#    A. van Hameren,                                                   #
#      Comput.Phys.Commun. 182 (2011) 2427-2438, arXiv:1007.4716       #
#    A. van Hameren, C.G. Papadopoulos and R. Pittau,                  #
#      JHEP 0909:106,2009, arXiv:0903.4665                             #
# in publications with results obtained with the help of this program. #
#                                                                      #
########################################################################
 PASSED   1.0000000000000001E-005
 MU_R    =    325.00000000000000     
 ALPHA_S =   0.11799999999999999     
 BORN                    4.9185958454844252E-013
 SINGLE POLE (MadFKS)   -1.0853055703253572E-013
 DOUBLE POLE (MadFKS)   -4.9265399115654704E-014
 SINGLE POLE (MadLoop)  -1.0853055703253767E-013
 DOUBLE POLE (MadLoop)  -4.9265399115654887E-014
 FINITE PART (MadLoop)   2.8592838412516727E-013
   325.00000000000000        0.0000000000000000        0.0000000000000000        325.00000000000000        0.0000000000000000     
   325.00000000000000        0.0000000000000000        0.0000000000000000       -325.00000000000000        0.0000000000000000     
   125.32352083094999        29.006913608728340        2.0385012662010715        121.90335659426702        0.0000000000000000     
   257.66798904614063       -242.47690679903010        10.179321365045197       -86.568606693209816        0.0000000000000000     
   167.25536055081554        142.51010805471006        45.892489530112009       -74.559400077701255        0.0000000000000000     
   99.753129572094011        70.959885135591733       -58.110312161358259        39.224650176644062        0.0000000000000000     

 PASSED   1.0000000000000001E-005
 MU_R    =    325.00000000000000     
 ALPHA_S =   0.11799999999999999     
 BORN                    7.4292355339551310E-012
 SINGLE POLE (MadFKS)   -1.1750665569044432E-012
 DOUBLE POLE (MadFKS)   -7.4412345556002145E-013
 SINGLE POLE (MadLoop)  -1.1750665569044558E-012
 DOUBLE POLE (MadLoop)  -7.4412345556001802E-013
 FINITE PART (MadLoop)   3.7149959236288563E-012
   325.00000000000000        0.0000000000000000        0.0000000000000000        325.00000000000000        0.0000000000000000     
   325.00000000000000        0.0000000000000000        0.0000000000000000       -325.00000000000000        0.0000000000000000     
   100.65862993658186       -8.0920076013758937       -31.624926373983325        95.218397516074290        0.0000000000000000     
   246.92549177448200       -200.48189303608424       -20.329956624700774       -142.70915148082000        0.0000000000000000     
   157.58002277686558        139.93751899557446       -71.094765926061839        13.945917454193847        0.0000000000000000     
   144.83585551207065        68.636381641885649        123.04964892474588        33.544836510551896        0.0000000000000000     

 PASSED   1.0000000000000001E-005
 MU_R    =    325.00000000000000     
 ALPHA_S =   0.11799999999999999     
 BORN                    1.3850549993794255E-011
 SINGLE POLE (MadFKS)   -1.8135319344586307E-012
 DOUBLE POLE (MadFKS)   -1.3872920135165098E-012
 SINGLE POLE (MadLoop)  -1.8135319344586275E-012
 DOUBLE POLE (MadLoop)  -1.3872920135165119E-012
 FINITE PART (MadLoop)   7.7595891363704138E-012
   325.00000000000000        0.0000000000000000        0.0000000000000000        325.00000000000000        0.0000000000000000     
   325.00000000000000        0.0000000000000000        0.0000000000000000       -325.00000000000000        0.0000000000000000     
   278.49382339242851       -187.44607686640373        116.09615968414509        170.13071339920057        0.0000000000000000     
   81.164652288068453        32.673949473813344        53.207790094704841       -51.856001389073327        0.0000000000000000     
   112.68000898890364        50.397966500074062       -100.46750912763743        7.9441178292434804        0.0000000000000000     
   177.66151533059940        104.37416089251624       -68.836440651212499       -126.21882983937071        0.0000000000000000     

 PASSED   1.0000000000000001E-005
 MU_R    =    325.00000000000000     
 ALPHA_S =   0.11799999999999999     
 BORN                    1.8262834987556637E-011
 SINGLE POLE (MadFKS)   -2.4646150720464531E-012
 DOUBLE POLE (MadFKS)   -1.8292331448035610E-012
 SINGLE POLE (MadLoop)  -2.4646150720464406E-012
 DOUBLE POLE (MadLoop)  -1.8292331448035965E-012
 FINITE PART (MadLoop)   8.0623553955840738E-012
   325.00000000000000        0.0000000000000000        0.0000000000000000        325.00000000000000        0.0000000000000000     
   325.00000000000000        0.0000000000000000        0.0000000000000000       -325.00000000000000        0.0000000000000000     
   163.43863217690333       -88.030384935492421       -100.26133219801770        94.395461129467733        0.0000000000000000     
   153.38030558926431        124.97488779297836       -56.412646590770180       -68.734335440254483        0.0000000000000000     
   85.273102262066658        24.852644744988392       -81.393968136524535        5.3730782207871881        0.0000000000000000     
   247.90795997176667       -61.797147602474588        238.06794692531247       -31.034203910001505        0.0000000000000000     

 PASSED   1.0000000000000001E-005
 MU_R    =    325.00000000000000     
 ALPHA_S =   0.11799999999999999     
 BORN                    1.4625579100664417E-012
 SINGLE POLE (MadFKS)   -4.3358017889528308E-013
 DOUBLE POLE (MadFKS)   -1.4649200998152881E-013
 SINGLE POLE (MadLoop)  -4.3358017889522910E-013
 DOUBLE POLE (MadLoop)  -1.4649200998152341E-013
 FINITE PART (MadLoop)  -2.1144555519248183E-013
   325.00000000000000        0.0000000000000000        0.0000000000000000        325.00000000000000        0.0000000000000000     
   325.00000000000000        0.0000000000000000        0.0000000000000000       -325.00000000000000        0.0000000000000000     
   92.991261890114416       -59.793704642907812       -44.037926788109708        55.970962803918582        0.0000000000000000     
   157.61123656572369        18.906172084667951        151.53849391511056       -38.986451631578909        0.0000000000000000     
   175.75744775523677       -45.675278678927540        34.949022978076250       -166.08135100580975        0.0000000000000000     
   223.64005378892529        86.562811237167381       -142.44959010507711        149.09683983347003        0.0000000000000000     

 PASSED   1.0000000000000001E-005
 MU_R    =    325.00000000000000     
 ALPHA_S =   0.11799999999999999     
 BORN                    5.4895437516699102E-010
 SINGLE POLE (MadFKS)   -4.6128279770530258E-011
 DOUBLE POLE (MadFKS)   -5.4984099605815631E-011
 SINGLE POLE (MadLoop)  -4.6128279770531673E-011
 DOUBLE POLE (MadLoop)  -5.4984099605814849E-011
 FINITE PART (MadLoop)   3.1173906798558721E-010
   325.00000000000000        0.0000000000000000        0.0000000000000000        325.00000000000000        0.0000000000000000     
   325.00000000000000        0.0000000000000000        0.0000000000000000       -325.00000000000000        0.0000000000000000     
   83.138912009183784       -16.334469004828712       -19.066403795433082        79.257403810058037        0.0000000000000000     
   221.01921018535157       -18.873890781671651       -217.82511922337497        32.333959748856302        0.0000000000000000     
   141.28459541751477        47.393113246880461        120.62051735512013        56.266513238714019        0.0000000000000000     
   204.55728238794961       -12.184753460380083        116.27100566368796       -167.85787679762828        0.0000000000000000     

 PASSED   1.0000000000000001E-005
 MU_R    =    325.00000000000000     
 ALPHA_S =   0.11799999999999999     
 BORN                    1.7665041309651862E-011
 SINGLE POLE (MadFKS)   -2.2923549467266509E-012
 DOUBLE POLE (MadFKS)   -1.7693572268465465E-012
 SINGLE POLE (MadLoop)  -2.2923549467266129E-012
 DOUBLE POLE (MadLoop)  -1.7693572268465350E-012
 FINITE PART (MadLoop)   3.7443076119467338E-012
   325.00000000000000        0.0000000000000000        0.0000000000000000        325.00000000000000        0.0000000000000000     
   325.00000000000000        0.0000000000000000        0.0000000000000000       -325.00000000000000        0.0000000000000000     
   270.37088060241547        99.386911438667710        153.08829197363744       -199.46586117178640        0.0000000000000000     
   122.64191561418301       -5.7724470282787275       -94.895676745845890        77.475988898303328        0.0000000000000000     
   209.49811571337983       -132.58553954977023       -72.031825663641087        145.33393024794944        0.0000000000000000     
   47.489088070021673        38.971075139381270        13.839210435849555       -23.344057974466352        0.0000000000000000     

 PASSED   1.0000000000000001E-005
 MU_R    =    325.00000000000000     
 ALPHA_S =   0.11799999999999999     
 BORN                    2.7487925697234608E-009
 SINGLE POLE (MadFKS)   -4.9891675511174775E-010
 DOUBLE POLE (MadFKS)   -2.7532321680362632E-010
 SINGLE POLE (MadLoop)  -4.9891675511178001E-010
 DOUBLE POLE (MadLoop)  -2.7532321680364270E-010
 FINITE PART (MadLoop)   9.3518267753226052E-010
   325.00000000000000        0.0000000000000000        0.0000000000000000        325.00000000000000        0.0000000000000000     
   325.00000000000000        0.0000000000000000        0.0000000000000000       -325.00000000000000        0.0000000000000000     
   278.74805736471757        172.50656672512127        113.42962483597938        187.28503445519632        0.0000000000000000     
   13.223403257719520        8.2499440185375992       -3.5854074285350812        9.6923511584480035        0.0000000000000000     
   120.47655729494204        27.898432162094849       -77.139487904049332       -88.237054271091054        0.0000000000000000     
   237.55198208262101       -208.65494290575376       -32.704729503394965       -108.74033134255326        0.0000000000000000     

 PASSED   1.0000000000000001E-005
 MU_R    =    325.00000000000000     
 ALPHA_S =   0.11799999999999999     
 BORN                    1.7296734095068932E-009
 SINGLE POLE (MadFKS)   -8.8352168475363258E-011
 DOUBLE POLE (MadFKS)   -1.7324670197760441E-010
 SINGLE POLE (MadLoop)  -8.8352168475351393E-011
 DOUBLE POLE (MadLoop)  -1.7324670197761181E-010
 FINITE PART (MadLoop)   9.9210234621896801E-010
   325.00000000000000        0.0000000000000000        0.0000000000000000        325.00000000000000        0.0000000000000000     
   325.00000000000000        0.0000000000000000        0.0000000000000000       -325.00000000000000        0.0000000000000000     
   18.269790771392767       -6.4705058210066762       -13.472896078811642        10.507087155835759        0.0000000000000000     
   229.44149073556761       -31.755466762789254        223.73300790102155        39.730708239324365        0.0000000000000000     
   170.31881106187942       -63.550871099265713       -96.989120363206666        124.75133151685432        0.0000000000000000     
   231.96990743116021        101.77684368306167       -113.27099145900318       -174.98912691201440        0.0000000000000000     

 PASSED   1.0000000000000001E-005
 MU_R    =    325.00000000000000     
 ALPHA_S =   0.11799999999999999     
 BORN                    2.3296860950225811E-010
 SINGLE POLE (MadFKS)   -4.5235723178954312E-011
 DOUBLE POLE (MadFKS)   -2.3334487908952137E-011
 SINGLE POLE (MadLoop)  -4.5235723178954073E-011
 DOUBLE POLE (MadLoop)  -2.3334487908951918E-011
 FINITE PART (MadLoop)   8.8035326429985896E-011
   325.00000000000000        0.0000000000000000        0.0000000000000000        325.00000000000000        0.0000000000000000     
   325.00000000000000        0.0000000000000000        0.0000000000000000       -325.00000000000000        0.0000000000000000     
   72.294143279490768        62.837452985064218        27.236571647546640       -23.153116847488221        0.0000000000000000     
   303.38123572160970       -236.57781057336808       -83.000722276749897       -170.82738022290314        0.0000000000000000     
   142.07484272187733        85.665656995745778       -1.0658706328713599        113.33807862200329        0.0000000000000000     
   132.24977827702216        88.074700592558045        56.830021262074617        80.642418448388099        0.0000000000000000     

 PASSED   1.0000000000000001E-005
 MU_R    =    325.00000000000000     
 ALPHA_S =   0.11799999999999999     
 BORN                    5.8449779944183330E-011
 SINGLE POLE (MadFKS)   -1.5681056686725861E-011
 DOUBLE POLE (MadFKS)   -5.8544182682055237E-012
 SINGLE POLE (MadLoop)  -1.5681056686725997E-011
 DOUBLE POLE (MadLoop)  -5.8544182682056328E-012
 FINITE PART (MadLoop)   1.0377990930611879E-011
   325.00000000000000        0.0000000000000000        0.0000000000000000        325.00000000000000        0.0000000000000000     
   325.00000000000000        0.0000000000000000        0.0000000000000000       -325.00000000000000        0.0000000000000000     
   258.89395811566266        31.860608514831863        49.304527335117655       -252.15084127981757        0.0000000000000000     
   166.93065971639629       -100.21526993445249       -110.78158175827811        74.499570256814792        0.0000000000000000     
   30.506583195632398       -23.291711019702007       -2.6004287274211579        19.529095895108323        0.0000000000000000     
   193.66879897230885        91.646372439322704        64.077483150581585        158.12217512789422        0.0000000000000000     

 PASSED   1.0000000000000001E-005
 MU_R    =    325.00000000000000     
 ALPHA_S =   0.11799999999999999     
 BORN                    5.5579645325304019E-012
 SINGLE POLE (MadFKS)   -7.7852794430107954E-013
 DOUBLE POLE (MadFKS)   -5.5669412484285091E-013
 SINGLE POLE (MadLoop)  -7.7852794430173607E-013
 DOUBLE POLE (MadLoop)  -5.5669412484284950E-013
 FINITE PART (MadLoop)   2.7063806693036765E-012
   325.00000000000000        0.0000000000000000        0.0000000000000000        325.00000000000000        0.0000000000000000     
   325.00000000000000        0.0000000000000000        0.0000000000000000       -325.00000000000000        0.0000000000000000     
   225.08449558835636        167.43940306373111       -109.95761461168807       -102.64696510288891        0.0000000000000000     
   200.56453736941941       -141.01723231306983        110.72997816564356        89.884068535013654        0.0000000000000000     
   117.33645629168322       -41.842235598959441        100.43469894344433        43.931111337080488        0.0000000000000000     
   107.01451075054085        15.420064848298159       -101.20706249739982       -31.168214769205342        0.0000000000000000     

 PASSED   1.0000000000000001E-005
 MU_R    =    325.00000000000000     
 ALPHA_S =   0.11799999999999999     
 BORN                    6.2456860818441218E-012
 SINGLE POLE (MadFKS)   -1.0636408764679158E-012
 DOUBLE POLE (MadFKS)   -6.2557735426793483E-013
 SINGLE POLE (MadLoop)  -1.0636408764678752E-012
 DOUBLE POLE (MadLoop)  -6.2557735426792837E-013
 FINITE PART (MadLoop)   3.1213077234029453E-012
   325.00000000000000        0.0000000000000000        0.0000000000000000        325.00000000000000        0.0000000000000000     
   325.00000000000000        0.0000000000000000        0.0000000000000000       -325.00000000000000        0.0000000000000000     
   314.96820156443823       -203.01258664357505       -186.92213492216621       -151.82546932962592        0.0000000000000000     
   50.178552026614177        37.302773355332867        16.369055343676226        29.299218601252146        0.0000000000000000     
   179.35326653993772        70.628863285384512        137.52180587508582        90.922553848952276        0.0000000000000000     
   105.49997986900975        95.080950002857634        33.031273703404096        31.603696879421467        0.0000000000000000     

 PASSED   1.0000000000000001E-005
 MU_R    =    325.00000000000000     
 ALPHA_S =   0.11799999999999999     
 BORN                    5.9469546559121464E-011
 SINGLE POLE (MadFKS)   -4.1441431656483196E-012
 DOUBLE POLE (MadFKS)   -5.9565596330746665E-012
 SINGLE POLE (MadLoop)  -4.1441431656482009E-012
 DOUBLE POLE (MadLoop)  -5.9565596330746269E-012
 FINITE PART (MadLoop)   3.5175924960670814E-011
   325.00000000000000        0.0000000000000000        0.0000000000000000        325.00000000000000        0.0000000000000000     
   325.00000000000000        0.0000000000000000        0.0000000000000000       -325.00000000000000        0.0000000000000000     
Thanks for using LHAPDF 6.2.1. Please make sure to cite the paper:
  Eur.Phys.J. C75 (2015) 3, 132  (http://arxiv.org/abs/1412.7420)
   160.05414973874528       -103.68231720712134       -121.20986701117917        13.246738703802574        0.0000000000000000     
   201.03854608281262        63.155508218983535        190.36096321492008       -13.805161229805121        0.0000000000000000     
   125.73108328162118        17.857611946479725        43.176146994347462        116.72716620162339        0.0000000000000000     
   163.17622089682092        22.669197041658084       -112.32724319808834       -116.16874367562082        0.0000000000000000     

 PASSED   1.0000000000000001E-005
 MU_R    =    325.00000000000000     
 ALPHA_S =   0.11799999999999999     
 BORN                    1.3816133266328082E-009
 SINGLE POLE (MadFKS)   -1.4088956159923798E-010
 DOUBLE POLE (MadFKS)   -1.3838447820948991E-010
 SINGLE POLE (MadLoop)  -1.4088956159922821E-010
 DOUBLE POLE (MadLoop)  -1.3838447820948763E-010
 FINITE PART (MadLoop)   7.2958927908989046E-010
   325.00000000000000        0.0000000000000000        0.0000000000000000        325.00000000000000        0.0000000000000000     
   325.00000000000000        0.0000000000000000        0.0000000000000000       -325.00000000000000        0.0000000000000000     
   173.95233178994982       -15.671459317599577        154.33413281620975       -78.707017132439645        0.0000000000000000     
   84.135066015167666        23.081510449124679        80.902752046025540      -0.83541614952017273        0.0000000000000000     
   117.65517297875186        91.225173818203174        20.540413346193532        71.405873778465548        0.0000000000000000     
   274.25742921613067       -98.635224949728254       -255.77729820842882        8.1365595034942544        0.0000000000000000     

 PASSED   1.0000000000000001E-005
 MU_R    =    325.00000000000000     
 ALPHA_S =   0.11799999999999999     
 BORN                    1.1194487863839265E-007
 SINGLE POLE (MadFKS)   -1.3205679633056286E-008
 DOUBLE POLE (MadFKS)   -1.1212568176621100E-008
 SINGLE POLE (MadLoop)  -1.3205679633058766E-008
 DOUBLE POLE (MadLoop)  -1.1212568176623001E-008
 FINITE PART (MadLoop)   2.7624681455085966E-008
   325.00000000000000        0.0000000000000000        0.0000000000000000        325.00000000000000        0.0000000000000000     
   325.00000000000000        0.0000000000000000        0.0000000000000000       -325.00000000000000        0.0000000000000000     
   96.039353126043423        49.321285220798124        58.440352422891628        58.100717566358597        0.0000000000000000     
   111.72062492874048        111.09755654907423        10.143741632208711        5.9946200040164950        0.0000000000000000     
   134.82540471274370        116.70331154010259        60.193318731265776       -30.577625997535030        0.0000000000000000     
   307.41461723247232       -277.12215330997498       -128.77741278636614       -33.517711572840028        0.0000000000000000     

 PASSED   1.0000000000000001E-005
 MU_R    =    325.00000000000000     
 ALPHA_S =   0.11799999999999999     
 BORN                    5.5371829624056113E-011
 SINGLE POLE (MadFKS)   -1.3955346577301749E-011
 DOUBLE POLE (MadFKS)   -5.5461261138126473E-012
 SINGLE POLE (MadLoop)  -1.3955346577301542E-011
 DOUBLE POLE (MadLoop)  -5.5461261138126343E-012
 FINITE PART (MadLoop)  -1.7204214832416915E-012
   325.00000000000000        0.0000000000000000        0.0000000000000000        325.00000000000000        0.0000000000000000     
   325.00000000000000        0.0000000000000000        0.0000000000000000       -325.00000000000000        0.0000000000000000     
   251.19039811879455       -126.30195367667969       -157.12203340711628        149.85692917761722        0.0000000000000000     
   101.50026617414120        80.853351001618336       -23.899788728941282        56.514066956312625        0.0000000000000000     
   43.242372449214322       -22.311695453552346        4.3935483949174374       -36.780263097563889        0.0000000000000000     
   254.06696325784998        67.760298128613712        176.62827374114011       -169.59073303636600        0.0000000000000000     

 PASSED   1.0000000000000001E-005
 MU_R    =    325.00000000000000     
 ALPHA_S =   0.11799999999999999     
 BORN                    1.0189580254884550E-010
 SINGLE POLE (MadFKS)   -1.5891109500514006E-011
 DOUBLE POLE (MadFKS)   -1.0206037532820333E-011
 SINGLE POLE (MadLoop)  -1.5891109500514933E-011
 DOUBLE POLE (MadLoop)  -1.0206037532820562E-011
 FINITE PART (MadLoop)   5.0460088981525444E-011
   325.00000000000000        0.0000000000000000        0.0000000000000000        325.00000000000000        0.0000000000000000     
   325.00000000000000        0.0000000000000000        0.0000000000000000       -325.00000000000000        0.0000000000000000     
   210.55444804600936        95.166445143069097       -77.332815881078361       -171.16120734177503        0.0000000000000000     
   247.99673427490308       -31.367080719990177        74.305582174258532        234.51474775771993        0.0000000000000000     
   112.05699888342168       -111.56916402453217       -10.354583105253514       -1.3693963424081639        0.0000000000000000     
   79.391818795666055        47.769799601453279        13.381816812073350       -61.984144073536896        0.0000000000000000     

 PASSED   1.0000000000000001E-005
 MU_R    =    325.00000000000000     
 ALPHA_S =   0.11799999999999999     
 BORN                    4.0467902909280177E-010
 SINGLE POLE (MadFKS)   -1.6995425246978820E-011
 DOUBLE POLE (MadFKS)   -4.0533262964257608E-011
 SINGLE POLE (MadLoop)  -1.6995425246985334E-011
 DOUBLE POLE (MadLoop)  -4.0533262964257698E-011
 FINITE PART (MadLoop)   3.6362967291794991E-010
   325.00000000000000        0.0000000000000000        0.0000000000000000        325.00000000000000        0.0000000000000000     
   325.00000000000000        0.0000000000000000        0.0000000000000000       -325.00000000000000        0.0000000000000000     
   140.16522954274697       -53.544480673530579        118.95265606485137        51.279096884501023        0.0000000000000000     
   102.12891728115480        90.027416640481590        18.519639188417369        44.524184017148819        0.0000000000000000     
   183.62839961154108       -112.11851392079299       -94.347771858318609        110.66763720916528        0.0000000000000000     
   224.07745356455703        75.635577953842017       -43.124523394950103       -206.47091811081509        0.0000000000000000     

 PASSED   1.0000000000000001E-005
 MU_R    =    325.00000000000000     
 ALPHA_S =   0.11799999999999999     
 BORN                    8.7686750347510681E-009
 SINGLE POLE (MadFKS)   -1.2118997470248942E-009
 DOUBLE POLE (MadFKS)   -8.7828373965526018E-010
 SINGLE POLE (MadLoop)  -1.2118997470248634E-009
 DOUBLE POLE (MadLoop)  -8.7828373965525935E-010
 FINITE PART (MadLoop)   5.1130808915108209E-009
   325.00000000000000        0.0000000000000000        0.0000000000000000        325.00000000000000        0.0000000000000000     
   325.00000000000000        0.0000000000000000        0.0000000000000000       -325.00000000000000        0.0000000000000000     
   137.43692811494944       -32.865634444854301        57.207818440851327        120.56543779810859        0.0000000000000000     
   164.46555150767176       -25.896401634088477        106.67124121709038        122.47261045774242        0.0000000000000000     
   166.09486231598436       -30.569343724394358       -138.44634672653348       -86.519521439396001        0.0000000000000000     
   182.00265806139421        89.331379803337086       -25.432712931408190       -156.51852681645491        0.0000000000000000     

 NUMBER OF POINTS PASSING THE CHECK          20
 NUMBER OF POINTS FAILING THE CHECK           0
 TOLERANCE    1.0000000000000001E-005
