==== LHAPDF6 USING DEFAULT-TYPE LHAGLUE INTERFACE ====
LHAPDF 6.2.1 loading /cvmfs/cms.cern.ch/slc6_amd64_gcc481/external/lhapdf/6.2.1/share/LHAPDF/NNPDF31_nnlo_hessian_pdfas/NNPDF31_nnlo_hessian_pdfas_0000.dat
NNPDF31_nnlo_hessian_pdfas PDF set, member #0, version 1; LHAPDF ID = 306000
 A PDF is used, so alpha_s(MZ) is going to be modified
 Old value of alpha_s from param_card:   0.11799999999999999     
 New value of alpha_s from PDF lhapdf :  0.11800208008122040     
 using LHAPDF
 *****************************************************
 *               MadGraph/MadEvent                   *
 *        --------------------------------           *
 *          http://madgraph.hep.uiuc.edu             *
 *          http://madgraph.phys.ucl.ac.be           *
 *          http://madgraph.roma2.infn.it            *
 *        --------------------------------           *
 *                                                   *
 *          PARAMETER AND COUPLING VALUES            *
 *                                                   *
 *****************************************************

  External Params
  ---------------------------------
  
 MU_R =    91.188000000000002     
 aEWM1 =    132.50700000000001     
 mdl_Gf =    1.1663900000000000E-005
 aS =   0.11799999999999999     
 mdl_lamWS =   0.22530000000000000     
 mdl_AWS =   0.80800000000000005     
 mdl_rhoWS =   0.13200000000000001     
 mdl_etaWS =   0.34100000000000003     
 mdl_ymt =    173.00000000000000     
 mdl_ymtau =    1.7769999999999999     
 mdl_MT =    173.00000000000000     
 mdl_MZ =    91.188000000000002     
 mdl_MH =    125.00000000000000     
 mdl_MTA =    1.7769999999999999     
 mdl_WT =    1.4915000000000000     
 mdl_WZ =    2.4414039999999999     
 mdl_WW =    2.0476000000000001     
 mdl_WH =    6.3823389999999999E-003
  Internal Params
  ---------------------------------
  
 mdl_CKM33 =    1.0000000000000000     
 mdl_conjg__CKM3x3 =    1.0000000000000000     
 mdl_I4x33 =    0.0000000000000000     
 mdl_I1x33 =    0.0000000000000000     
 mdl_lhv =    1.0000000000000000     
 mdl_CKM3x3 =    1.0000000000000000     
 mdl_conjg__CKM33 =    1.0000000000000000     
 mdl_Ncol =    3.0000000000000000     
 mdl_CA =    3.0000000000000000     
 mdl_TF =   0.50000000000000000     
 mdl_CF =    1.3333333333333333     
 mdl_lamWS__exp__2 =    5.0760090000000001E-002
 mdl_CKM11 =  ( 0.97461995499999998     ,  0.0000000000000000     )
 mdl_CKM12 =  ( 0.22530000000000000     ,  0.0000000000000000     )
 mdl_complexi =  (  0.0000000000000000     ,  1.0000000000000000     )
 mdl_lamWS__exp__3 =    1.1436248277000001E-002
 mdl_CKM13 =  (  1.2197444962317122E-003, -3.1510066152652563E-003)
 mdl_CKM21 =  (-0.22530000000000000     ,  0.0000000000000000     )
 mdl_CKM22 =  ( 0.97461995499999998     ,  0.0000000000000000     )
 mdl_CKM23 =  (  4.1014152720000002E-002,  0.0000000000000000     )
 mdl_CKM31 =  (  8.0207441115842885E-003, -3.1510066152652563E-003)
 mdl_CKM32 =  ( -4.1014152720000002E-002,  0.0000000000000000     )
 mdl_MZ__exp__2 =    8315.2513440000002     
 mdl_MZ__exp__4 =    69143404.913893804     
 mdl_sqrt__2 =    1.4142135623730951     
 mdl_MH__exp__2 =    15625.000000000000     
 mdl_CKM1x1 =  ( 0.97461995499999998     ,  0.0000000000000000     )
 mdl_CKM1x2 =  ( 0.22530000000000000     ,  0.0000000000000000     )
 mdl_CKM1x3 =  (  1.2197444962317122E-003, -3.1510066152652563E-003)
 mdl_CKM2x1 =  (-0.22530000000000000     ,  0.0000000000000000     )
 mdl_CKM2x2 =  ( 0.97461995499999998     ,  0.0000000000000000     )
 mdl_CKM2x3 =  (  4.1014152720000002E-002,  0.0000000000000000     )
 mdl_CKM3x1 =  (  8.0207441115842885E-003, -3.1510066152652563E-003)
 mdl_CKM3x2 =  ( -4.1014152720000002E-002,  0.0000000000000000     )
 mdl_conjg__CKM1x3 =  (  1.2197444962317122E-003,  3.1510066152652563E-003)
 mdl_conjg__CKM2x3 =  (  4.1014152720000002E-002, -0.0000000000000000     )
 mdl_conjg__CKM2x1 =  (-0.22530000000000000     , -0.0000000000000000     )
 mdl_conjg__CKM3x1 =  (  8.0207441115842885E-003,  3.1510066152652563E-003)
 mdl_conjg__CKM2x2 =  ( 0.97461995499999998     , -0.0000000000000000     )
 mdl_conjg__CKM3x2 =  ( -4.1014152720000002E-002, -0.0000000000000000     )
 mdl_Ncol__exp__2 =    9.0000000000000000     
 mdl_MT__exp__2 =    29929.000000000000     
 mdl_conjg__CKM11 =  ( 0.97461995499999998     , -0.0000000000000000     )
 mdl_conjg__CKM12 =  ( 0.22530000000000000     , -0.0000000000000000     )
 mdl_conjg__CKM13 =  (  1.2197444962317122E-003,  3.1510066152652563E-003)
 mdl_conjg__CKM21 =  (-0.22530000000000000     , -0.0000000000000000     )
 mdl_conjg__CKM22 =  ( 0.97461995499999998     , -0.0000000000000000     )
 mdl_conjg__CKM23 =  (  4.1014152720000002E-002, -0.0000000000000000     )
 mdl_conjg__CKM31 =  (  8.0207441115842885E-003,  3.1510066152652563E-003)
 mdl_conjg__CKM32 =  ( -4.1014152720000002E-002, -0.0000000000000000     )
 mdl_aEW =    7.5467711139788835E-003
 mdl_MW =    80.419002445756163     
 mdl_sqrt__aEW =    8.6872153846781555E-002
 mdl_ee =   0.30795376724436879     
 mdl_MW__exp__2 =    6467.2159543705357     
 mdl_sw2 =   0.22224648578577766     
 mdl_cw =   0.88190334743339216     
 mdl_sqrt__sw2 =   0.47143025548407230     
 mdl_sw =   0.47143025548407230     
 mdl_g1 =   0.34919219678733299     
 mdl_gw =   0.65323293034757990     
 mdl_v =    246.21845810181637     
 mdl_v__exp__2 =    60623.529110035903     
 mdl_lam =   0.12886910601690263     
 mdl_yt =   0.99366614581500623     
 mdl_ytau =    1.0206617000654717E-002
 mdl_muH =    88.388347648318430     
 mdl_AxialZUp =  -0.18517701861793787     
 mdl_AxialZDown =   0.18517701861793787     
 mdl_VectorZUp =    7.5430507588273299E-002
 mdl_VectorZDown =  -0.13030376310310560     
 mdl_VectorAUp =   0.20530251149624587     
 mdl_VectorADown =  -0.10265125574812294     
 mdl_VectorWmDxU =   0.23095271737156670     
 mdl_AxialWmDxU =  -0.23095271737156670     
 mdl_VectorWpUxD =   0.23095271737156670     
 mdl_AxialWpUxD =  -0.23095271737156670     
 mdl_I2x13 =  (  7.9699418879263656E-003,  3.1310485988282153E-003)
 mdl_I2x23 =  ( -4.0754375057150453E-002, -0.0000000000000000     )
 mdl_I2x33 =  ( 0.99366614581500623     ,  0.0000000000000000     )
 mdl_I3x31 =  (  7.9699418879263656E-003, -3.1310485988282153E-003)
 mdl_I3x32 =  ( -4.0754375057150453E-002,  0.0000000000000000     )
 mdl_I3x33 =  ( 0.99366614581500623     ,  0.0000000000000000     )
 mdl_Vector_tdGp =  ( -7.9699418879263656E-003, -3.1310485988282153E-003)
 mdl_Vector_tsGp =  (  4.0754375057150453E-002,  0.0000000000000000     )
 mdl_Vector_tbGp =  (-0.99366614581500623     ,  0.0000000000000000     )
 mdl_Axial_tdGp =  ( -7.9699418879263656E-003, -3.1310485988282153E-003)
 mdl_Axial_tsGp =  (  4.0754375057150453E-002,  0.0000000000000000     )
 mdl_Axial_tbGp =  (-0.99366614581500623     , -0.0000000000000000     )
 mdl_Vector_tdGm =  (  7.9699418879263656E-003, -3.1310485988282153E-003)
 mdl_Vector_tsGm =  ( -4.0754375057150453E-002,  0.0000000000000000     )
 mdl_Vector_tbGm =  ( 0.99366614581500623     ,  0.0000000000000000     )
 mdl_Axial_tdGm =  ( -7.9699418879263656E-003,  3.1310485988282153E-003)
 mdl_Axial_tsGm =  (  4.0754375057150453E-002, -0.0000000000000000     )
 mdl_Axial_tbGm =  (-0.99366614581500623     ,  0.0000000000000000     )
 mdl_gw__exp__2 =   0.42671326129048615     
 mdl_cw__exp__2 =   0.77775351421422245     
 mdl_ee__exp__2 =    9.4835522759998875E-002
 mdl_sw__exp__2 =   0.22224648578577769     
 mdl_yt__exp__2 =   0.98737240933884918     
  Internal Params evaluated point by point
  ----------------------------------------
  
 mdl_sqrt__aS =   0.34351128074635334     
 mdl_G__exp__4 =    2.1987899468922913     
 mdl_G__exp__2 =    1.4828317324943823     
 mdl_R2MixedFactor_FIN_ =   -2.5040377713124864E-002
 mdl_G_UVg_1EPS_ =   -5.1645779033320030E-002
 mdl_G_UVq_1EPS_ =    3.1300472141406080E-003
 mdl_G_UVb_1EPS_ =    3.1300472141406080E-003
 mdl_GWcft_UV_t_1EPS_ =   -3.1300472141406080E-003
 mdl_tWcft_UV_1EPS_ =   -1.8780283284843650E-002
 mdl_G__exp__3 =    1.8056676068262196     
 mdl_MU_R__exp__2 =    8315.2513440000002     
 mdl_G_UVt_FIN_ =   -4.0087659331150384E-003
 mdl_GWcft_UV_t_FIN_ =    4.0087659331150384E-003
 mdl_tWcft_UV_FIN_ =   -9.8778211443463623E-004
  Couplings of loop_sm-ckm_no_b_mass
  ---------------------------------
  
       UV_3Gt =   0.48815E-02   0.00000E+00
      UV_GQQt =   0.00000E+00  -0.48815E-02
   UVWfct_G_2 =   0.40088E-02   0.00000E+00
       R2_DDA =   0.00000E+00   0.25704E-02
       R2_UUA =  -0.00000E+00  -0.51409E-02
    R2_DDZ_V2 =   0.00000E+00   0.72127E-02
    R2_UUZ_V2 =  -0.00000E+00  -0.72127E-02
    R2_UUZ_V5 =   0.00000E+00   0.68702E-03
      R2_GGHt =   0.00000E+00  -0.45657E+01
     R2_GGZup =  -0.46369E-02   0.00000E+00
   R2_GGZdown =   0.46369E-02   0.00000E+00
 R2_GGGZvecUp =   0.00000E+00   0.28750E-03
 R2_GGGZvecDown  -0.00000E+00  -0.49665E-03
 R2_GGGZaxialUp  -0.00000E+00  -0.63522E-02
 R2_GGGZaxialDow  0.00000E+00   0.63522E-02
 R2_GGGAvecUp =   0.00000E+00   0.78251E-03
 R2_GGGAvecDown  -0.00000E+00  -0.39126E-03
         GC_4 =  -0.12177E+01   0.00000E+00
         GC_5 =   0.00000E+00   0.12177E+01
         GC_6 =   0.00000E+00   0.14828E+01
       R2_3Gq =   0.76230E-02   0.00000E+00
       R2_3Gg =   0.31445E-01   0.00000E+00
       R2_GQQ =  -0.00000E+00  -0.30492E-01
       R2_GGq =   0.00000E+00   0.62601E-02
       R2_GGt =  -0.00000E+00  -0.11242E+04
     R2_GGg_1 =   0.00000E+00   0.28170E-01
     R2_GGg_2 =  -0.00000E+00  -0.18780E-01
       R2_QQq =   0.00000E+00   0.12520E-01
  UV_3Gg_1eps =   0.62890E-01   0.00000E+00
  UV_3Gb_1eps =  -0.38115E-02   0.00000E+00
 UV_GQQg_1eps =   0.00000E+00  -0.62890E-01
 UV_GQQq_1eps =   0.00000E+00   0.38115E-02
 UVWfct_G_2_1eps -0.31300E-02   0.00000E+00
         GC_1 =  -0.00000E+00  -0.10265E+00
         GC_2 =   0.00000E+00   0.20530E+00
        GC_21 =  -0.00000E+00  -0.28804E+00
        GC_22 =   0.00000E+00   0.28804E+00
        GC_23 =  -0.00000E+00  -0.27437E-01
        GC_24 =   0.00000E+00   0.82310E-01
        GC_37 =  -0.00000E+00  -0.70263E+00
        GC_38 =  -0.00000E+00  -0.72172E-02
      GC_1003 =  -0.00000E+00  -0.30795E+00

 Collider parameters:
 --------------------

 Running at P P   machine @    13000.000000000000       GeV
 PDF set = lhapdf 
 alpha_s(Mz)= 0.1180 running at 3 loops.
 alpha_s(Mz)= 0.1180 running at 3 loops.
 Renormalization scale set on event-by-event basis
 Factorization   scale set on event-by-event basis


 ===============================================================
 INFO: MadFKS read these parameters from FKS_params.dat
 ===============================================================
  > IRPoleCheckThreshold      =    1.0000000000000001E-005
  > PrecisionVirtualAtRunTime =    1.0000000000000000E-003
  > NHelForMCoverHels         =            4
  > VirtualFraction           =    1.0000000000000000     
  > MinVirtualFraction        =    5.0000000000000001E-003
 ===============================================================
  Insert the number of points to test
 Insert the relative tolerance
  A negative number will mean use the default one:    1.0000000000000001E-005
Using random seed offsets:     0 ,     52 ,      0
  with seed                   32
 Ranmar initialization seeds       10729        9458
  ========================================================================================== 
 {                                                                                          }
 {       [32m                                                                            [0m       }
 {       [32m                               ,,                                           [0m       }
 {       [32m`7MMM.     ,MMF'             `7MM  `7MMF'                                   [0m       }
 {       [32m  MMMb    dPMM                 MM    MM                                     [0m       }
 {       [32m  M YM   ,M MM   ,6"Yb.   ,M""bMM    MM         ,pW"Wq.   ,pW"Wq.`7MMpdMAo. [0m       }
 {       [32m  M  Mb  M' MM  8)   MM ,AP    MM    MM        6W'   `Wb 6W'   `Wb MM   `Wb [0m       }
 {       [32m  M  YM.P'  MM   ,pm9MM 8MI    MM    MM      , 8M     M8 8M     M8 MM    M8 [0m       }
 {       [32m  M  `YM'   MM  8M   MM `Mb    MM    MM     ,M YA.   ,A9 YA.   ,A9 MM   ,AP [0m       }
 {       [32m.JML. `'  .JMML.`Moo9^Yo.`Wbmd"MML..JMMmmmmMMM  `Ybmd9'   `Ybmd9'  MMbmmd'  [0m       }
 {       [32m                                                                   MM       [0m       }
 {       [32m                                                                 .JMML.     [0m       }
 {       [32m[0mv2.4.2 (2016-06-10), Ref: arXiv:1103.0621v2, arXiv:1405.0301[32m                [0m       }
 {       [32m                                                                            [0m       }
 {                                                                                          }
  ========================================================================================== 
 ===============================================================
 INFO: MadLoop read these parameters from ./MadLoop5_resources/MadLoopParams.dat                                                                                                                                                                                                                                                                                                                                                                                                                                                                                          
 ===============================================================
  > MLReductionLib            = 6|1|2
  > IREGIMODE                 =            2
  > IREGIRECY                 =  T
  > CTModeRun                 =           -1
  > MLStabThres               =    1.0000000000000000E-003
  > NRotations_DP             =            1
  > NRotations_QP             =            0
  > CTStabThres               =    1.0000000000000000E-002
  > CTLoopLibrary             =            2
  > CTModeInit                =            1
  > CheckCycle                =            3
  > MaxAttempts               =           10
  > UseLoopFilter             =  F
  > HelicityFilterLevel       =            2
  > ImprovePSPoint            =            2
  > DoubleCheckHelicityFilter =  T
  > LoopInitStartOver         =  F
  > HelInitStartOver          =  F
  > ZeroThres                 =    1.0000000000000001E-009
  > OSThres                   =    1.0000000000000000E-008
  > WriteOutFilters           =  T
  > UseQPIntegrandForNinja    =  F
  > UseQPIntegrandForCutTools =  T
 ===============================================================
  
------------------------------------------------------------------------
|              You are using CutTools - Version 1.9.3                  |
|              Authors: G. Ossola, C. Papadopoulos, R. Pittau          |
|              Published in JHEP 0803:042,2008                         |
|              http://www.ugr.es/~pittau/CutTools                      |
|                                                                      |
|              Compiler with  34  significant digits detetected        |
 ---------------------------------------------------------------------- 
   
########################################################################
#                                                                      #
#                      You are using OneLOop-3.6                       #
#                                                                      #
# for the evaluation of 1-loop scalar 1-, 2-, 3- and 4-point functions #
#                                                                      #
# author: Andreas van Hameren <hamerenREMOVETHIS@ifj.edu.pl>           #
#   date: 18-02-2015                                                   #
#                                                                      #
# Please cite                                                          #
#    A. van Hameren,                                                   #
#      Comput.Phys.Commun. 182 (2011) 2427-2438, arXiv:1007.4716       #
#    A. van Hameren, C.G. Papadopoulos and R. Pittau,                  #
#      JHEP 0909:106,2009, arXiv:0903.4665                             #
# in publications with results obtained with the help of this program. #
#                                                                      #
########################################################################
 PASSED   1.0000000000000001E-005
 MU_R    =    325.00000000000000     
 ALPHA_S =   0.11799999999999999     
 BORN                    5.8358657559121782E-010
 SINGLE POLE (MadFKS)   -8.6223593667122664E-011
 DOUBLE POLE (MadFKS)   -5.8452913124452771E-011
 SINGLE POLE (MadLoop)  -8.6223593667116951E-011
 DOUBLE POLE (MadLoop)  -5.8452913124449178E-011
 FINITE PART (MadLoop)   1.9251530367448489E-010
   325.00000000000000        0.0000000000000000        0.0000000000000000        325.00000000000000        0.0000000000000000     
   325.00000000000000        0.0000000000000000        0.0000000000000000       -325.00000000000000        0.0000000000000000     
   137.93521015276531        124.59929453041789       -17.013402652097536       -56.643838178634276        1.7769999999999999     
   179.68903952338312        164.73063422099102        69.508026630645602        17.817002522855532        1.7769999999999999     
   95.235792198752932       -76.099010035053155        50.579626381517187        26.842097207838659        0.0000000000000000     
   237.13995812510393       -213.23091871635572       -103.07425036006524        11.984738447940062        0.0000000000000000     

 PASSED   1.0000000000000001E-005
 MU_R    =    325.00000000000000     
 ALPHA_S =   0.11799999999999999     
 BORN                    7.3757156854253912E-010
 SINGLE POLE (MadFKS)   -3.9698974243743429E-011
 DOUBLE POLE (MadFKS)   -7.3876282667068580E-011
 SINGLE POLE (MadLoop)  -3.9698974243740909E-011
 DOUBLE POLE (MadLoop)  -7.3876282667068865E-011
 FINITE PART (MadLoop)   4.9293020084184025E-010
   325.00000000000000        0.0000000000000000        0.0000000000000000        325.00000000000000        0.0000000000000000     
   325.00000000000000        0.0000000000000000        0.0000000000000000       -325.00000000000000        0.0000000000000000     
   75.610528114277116       -64.740175874141073       -38.839321470625201        3.7431227880745856        1.7769999999999999     
   224.97293887464647        187.12273516448971       -71.702624290919047        102.24226695086014        1.7769999999999999     
   113.10910314919299       -48.483877058641944        21.269429334119192        99.952960218185524        0.0000000000000000     
   236.30742986188346       -73.898682231706715        89.272516427425046       -205.93834995712024        0.0000000000000000     

 PASSED   1.0000000000000001E-005
 MU_R    =    325.00000000000000     
 ALPHA_S =   0.11799999999999999     
 BORN                    1.7346350602720802E-010
 SINGLE POLE (MadFKS)   -2.9159460816857312E-011
 DOUBLE POLE (MadFKS)   -1.7374366841456804E-011
 SINGLE POLE (MadLoop)  -2.9159460816856498E-011
 DOUBLE POLE (MadLoop)  -1.7374366841456781E-011
 FINITE PART (MadLoop)   7.5196008771948088E-011
   325.00000000000000        0.0000000000000000        0.0000000000000000        325.00000000000000        0.0000000000000000     
   325.00000000000000        0.0000000000000000        0.0000000000000000       -325.00000000000000        0.0000000000000000     
   124.77419769758569        47.281273340233497        46.146346611302491        105.83212446054300        1.7769999999999999     
   106.96656235306395       -65.653878614833303       -83.054246431968593        15.173928465578209        1.7769999999999999     
   240.33773407019794        182.77045969210423       -22.338899369420623       -154.46086577802473        0.0000000000000000     
   177.92150587915248       -164.39785441750436        59.246799190086776        33.454812851903419        0.0000000000000000     

 PASSED   1.0000000000000001E-005
 MU_R    =    325.00000000000000     
 ALPHA_S =   0.11799999999999999     
 BORN                    1.1621712852883431E-010
 SINGLE POLE (MadFKS)   -2.1084825499321486E-011
 DOUBLE POLE (MadFKS)   -1.1640483180387162E-011
 SINGLE POLE (MadLoop)  -2.1084825499322329E-011
 DOUBLE POLE (MadLoop)  -1.1640483180387440E-011
 FINITE PART (MadLoop)   6.3847483798516445E-011
   325.00000000000000        0.0000000000000000        0.0000000000000000        325.00000000000000        0.0000000000000000     
   325.00000000000000        0.0000000000000000        0.0000000000000000       -325.00000000000000        0.0000000000000000     
   186.71930822865073        79.524062694359131       -148.94545376910537       -79.700173089427977        1.7769999999999999     
   238.89478606133542        17.395542037916002        220.38305001912633       -90.533239529829984        1.7769999999999999     
   123.66636598010388       -21.159261402687864       -30.558922855603548        117.94832752321241        0.0000000000000000     
   100.71953972991099       -75.760343329587315       -40.878673394417412        52.285085096045535        0.0000000000000000     

 PASSED   1.0000000000000001E-005
 MU_R    =    325.00000000000000     
 ALPHA_S =   0.11799999999999999     
 BORN                    9.2531134727854743E-008
 SINGLE POLE (MadFKS)   -9.1509651714828516E-009
 DOUBLE POLE (MadFKS)   -9.2680582552381132E-009
 SINGLE POLE (MadLoop)  -9.1509651713031036E-009
 DOUBLE POLE (MadLoop)  -9.2680582552070856E-009
 FINITE PART (MadLoop)   1.2361099020450213E-007
   325.00000000000000        0.0000000000000000        0.0000000000000000        325.00000000000000        0.0000000000000000     
   325.00000000000000        0.0000000000000000        0.0000000000000000       -325.00000000000000        0.0000000000000000     
   148.49022884203399        86.166897456175619       -117.17466579210382       -29.858898369587017        1.7769999999999999     
   268.96014092044470       -143.60830064617997        132.08503557556500        185.11239568830501        1.7769999999999999     
   64.331041392023081        62.161664541262546       -10.466222281229479        12.840114454381874        0.0000000000000000     
   168.21858884549999       -4.7202613512581637       -4.4441475022316954       -168.09361177309981        0.0000000000000000     

 PASSED   1.0000000000000001E-005
 MU_R    =    325.00000000000000     
 ALPHA_S =   0.11799999999999999     
 BORN                    1.0359270906224425E-009
 SINGLE POLE (MadFKS)   -5.6854696947293790E-011
 DOUBLE POLE (MadFKS)   -1.0376002252977797E-010
 SINGLE POLE (MadLoop)  -5.6854696947297900E-011
 DOUBLE POLE (MadLoop)  -1.0376002252977678E-010
 FINITE PART (MadLoop)   8.4668549626790967E-010
   325.00000000000000        0.0000000000000000        0.0000000000000000        325.00000000000000        0.0000000000000000     
   325.00000000000000        0.0000000000000000        0.0000000000000000       -325.00000000000000        0.0000000000000000     
   202.23091623002034       -18.574593206206931        5.5341483302273398       -201.29218424895799        1.7769999999999999     
   83.180526588797576       -28.066646066886623        69.163589285216034        36.667472919901684        1.7769999999999999     
   269.08618298980264        9.9833834321070896       -114.85169050986963        243.13945611170175        0.0000000000000000     
   95.502374191379474        36.657855840986137        40.153952894426332       -78.514744782645423        0.0000000000000000     

 PASSED   1.0000000000000001E-005
 MU_R    =    325.00000000000000     
 ALPHA_S =   0.11799999999999999     
 BORN                    1.6417773892673598E-011
 SINGLE POLE (MadFKS)   -3.2651062805305331E-012
 DOUBLE POLE (MadFKS)   -1.6444290379249088E-012
 SINGLE POLE (MadLoop)  -3.2651062805304668E-012
 DOUBLE POLE (MadLoop)  -1.6444290379248826E-012
 FINITE PART (MadLoop)   3.4132178731111329E-012
   325.00000000000000        0.0000000000000000        0.0000000000000000        325.00000000000000        0.0000000000000000     
   325.00000000000000        0.0000000000000000        0.0000000000000000       -325.00000000000000        0.0000000000000000     
   202.72876364774868       -175.16498811156563       -45.575165253454536       -91.301287686100736        1.7769999999999999     
   123.91372504379146        79.309340523899976       -94.508933793399137       -11.381716220646453        1.7769999999999999     
   69.279730608400897        9.3664740679700476       -66.364113657455135       -17.542937472584896        0.0000000000000000     
   254.07778070006464        86.489173519695555        206.44821270430882        120.22594137933210        0.0000000000000000     

 PASSED   1.0000000000000001E-005
 MU_R    =    325.00000000000000     
 ALPHA_S =   0.11799999999999999     
 BORN                    4.9732960460262804E-011
 SINGLE POLE (MadFKS)   -5.5245438716405554E-012
 DOUBLE POLE (MadFKS)   -4.9813284588675398E-012
 SINGLE POLE (MadLoop)  -5.5245438716403745E-012
 DOUBLE POLE (MadLoop)  -4.9813284588675325E-012
 FINITE PART (MadLoop)   2.4222818827346081E-011
   325.00000000000000        0.0000000000000000        0.0000000000000000        325.00000000000000        0.0000000000000000     
   325.00000000000000        0.0000000000000000        0.0000000000000000       -325.00000000000000        0.0000000000000000     
   268.15383912762661        202.07873998922352        159.87856988356904        74.204780481027967        1.7769999999999999     
   178.67011627309404       -131.97009288886582       -106.62598087080363       -55.987922860953482        1.7769999999999999     
   90.287115062748683       -52.530706869981188        11.576863391387718        72.513889815064232        0.0000000000000000     
   112.88892953653152       -17.577940230376495       -64.829452404153130       -90.730747435138724        0.0000000000000000     

 PASSED   1.0000000000000001E-005
 MU_R    =    325.00000000000000     
 ALPHA_S =   0.11799999999999999     
 BORN                    6.4000284892788960E-010
 SINGLE POLE (MadFKS)   -6.9454779304819509E-011
 DOUBLE POLE (MadFKS)   -6.4103652298521384E-011
 SINGLE POLE (MadLoop)  -6.9454779304820129E-011
 DOUBLE POLE (MadLoop)  -6.4103652298521242E-011
 FINITE PART (MadLoop)   2.7016219978941885E-010
   325.00000000000000        0.0000000000000000        0.0000000000000000        325.00000000000000        0.0000000000000000     
   325.00000000000000        0.0000000000000000        0.0000000000000000       -325.00000000000000        0.0000000000000000     
   90.377083768692913       -79.050746305283411        43.603290419750330       -3.8199626545248888        1.7769999999999999     
   71.826227704005490        59.973426500296867        31.882235998046184        23.292925938276269        1.7769999999999999     
   209.21848974635321       -128.16952633557074        159.91142906955244       -42.110376673616670        0.0000000000000000     
   278.57819878094830        147.24684614055727       -235.39695548734900        22.637413389865287        0.0000000000000000     

 PASSED   1.0000000000000001E-005
 MU_R    =    325.00000000000000     
 ALPHA_S =   0.11799999999999999     
 BORN                    2.1446220761272088E-008
 SINGLE POLE (MadFKS)   -5.0348070044970276E-009
 DOUBLE POLE (MadFKS)   -2.1480858735252537E-009
 SINGLE POLE (MadLoop)  -5.0348070044968762E-009
 DOUBLE POLE (MadLoop)  -2.1480858735251999E-009
 FINITE PART (MadLoop)   5.4546488856292676E-009
   325.00000000000000        0.0000000000000000        0.0000000000000000        325.00000000000000        0.0000000000000000     
   325.00000000000000        0.0000000000000000        0.0000000000000000       -325.00000000000000        0.0000000000000000     
   223.11331415106108       -147.53637588272136        19.518488115958800        166.21804846504958        1.7769999999999999     
   92.790324309579333       -47.687987105008041        59.458752031118834        52.890445727479204        1.7769999999999999     
   297.50343967360971        178.23649627843261       -110.37891462184218       -211.08420883363473        0.0000000000000000     
   36.592921865749830        16.987866709296792        31.401674474764494       -8.0242853588940850        0.0000000000000000     

 PASSED   1.0000000000000001E-005
 MU_R    =    325.00000000000000     
 ALPHA_S =   0.11799999999999999     
 BORN                    8.9871972668544499E-012
 SINGLE POLE (MadFKS)   -1.3516636030781283E-012
 DOUBLE POLE (MadFKS)   -9.0017125657759544E-013
 SINGLE POLE (MadLoop)  -1.3516636030781254E-012
 DOUBLE POLE (MadLoop)  -9.0017125657759090E-013
 FINITE PART (MadLoop)   4.0465101915132667E-012
   325.00000000000000        0.0000000000000000        0.0000000000000000        325.00000000000000        0.0000000000000000     
   325.00000000000000        0.0000000000000000        0.0000000000000000       -325.00000000000000        0.0000000000000000     
   268.11672224346421        226.55042510056117       -48.720008777509328       -134.85060121873175        1.7769999999999999     
   170.01259167544106       -51.568382552220925        90.098406785329516        134.62578733249197        1.7769999999999999     
   74.018117675995654       -55.261375442032644        6.7081205284241090        48.783842074280919        0.0000000000000000     
   137.85256840510021       -119.72066710630757       -48.086518536243908       -48.559028188041225        0.0000000000000000     

 PASSED   1.0000000000000001E-005
 MU_R    =    325.00000000000000     
 ALPHA_S =   0.11799999999999999     
 BORN                    4.8751661225917820E-011
 SINGLE POLE (MadFKS)   -1.5537703836275593E-011
 DOUBLE POLE (MadFKS)   -4.8830400449571449E-012
 SINGLE POLE (MadLoop)  -1.5537703836275338E-011
 DOUBLE POLE (MadLoop)  -4.8830400449571312E-012
 FINITE PART (MadLoop)   1.5316300385079925E-011
   325.00000000000000        0.0000000000000000        0.0000000000000000        325.00000000000000        0.0000000000000000     
   325.00000000000000        0.0000000000000000        0.0000000000000000       -325.00000000000000        0.0000000000000000     
   97.602622195426406       -85.616550169565429       -45.835093382505747        9.5950342418567462        1.7769999999999999     
   217.22039421868993       -1.9120375939076035        195.55443201826472        94.532270499424811        1.7769999999999999     
   191.01459149304182        33.411343632688336       -42.082782273083204       -183.30110669624537        0.0000000000000000     
   144.16239209284183        54.117244130784698       -107.63655636267575        79.173801954963807        0.0000000000000000     

 PASSED   1.0000000000000001E-005
 MU_R    =    325.00000000000000     
 ALPHA_S =   0.11799999999999999     
 BORN                    2.4314729727946526E-008
 SINGLE POLE (MadFKS)   -3.0912969689932954E-009
 DOUBLE POLE (MadFKS)   -2.4354000655213073E-009
 SINGLE POLE (MadLoop)  -3.0912969689932635E-009
 DOUBLE POLE (MadLoop)  -2.4354000655212800E-009
 FINITE PART (MadLoop)   1.3502566622588745E-008
   325.00000000000000        0.0000000000000000        0.0000000000000000        325.00000000000000        0.0000000000000000     
   325.00000000000000        0.0000000000000000        0.0000000000000000       -325.00000000000000        0.0000000000000000     
   93.785687799371914       -54.713388381588942        4.8829981563798865       -75.994729868665615        1.7769999999999999     
   136.30551344829513        19.928117567928709       -67.187320751826334       -116.89640425519249        1.7769999999999999     
   240.87526661697211        164.30135183040463        144.56531339107426        100.63215201236386        0.0000000000000000     
   179.03353213536082       -129.51608101674438       -82.260990795627791        92.258982111494277        0.0000000000000000     

 PASSED   1.0000000000000001E-005
 MU_R    =    325.00000000000000     
 ALPHA_S =   0.11799999999999999     
 BORN                    1.1996311323948070E-010
 SINGLE POLE (MadFKS)   -2.5536751771607263E-011
 DOUBLE POLE (MadFKS)   -1.2015686668635869E-011
 SINGLE POLE (MadLoop)  -2.5536751771607997E-011
 DOUBLE POLE (MadLoop)  -1.2015686668635853E-011
 FINITE PART (MadLoop)   4.6460505572071986E-011
   325.00000000000000        0.0000000000000000        0.0000000000000000        325.00000000000000        0.0000000000000000     
   325.00000000000000        0.0000000000000000        0.0000000000000000       -325.00000000000000        0.0000000000000000     
Thanks for using LHAPDF 6.2.1. Please make sure to cite the paper:
  Eur.Phys.J. C75 (2015) 3, 132  (http://arxiv.org/abs/1412.7420)
   202.64238199556186       -131.96377283429723       -36.500853924808823        149.37880563832670        1.7769999999999999     
   230.14695270396624        175.16552858960603        147.36990746871913        23.740473384218465        1.7769999999999999     
   95.352046322763158       -13.786684860436790       -71.438799110519128       -61.631469560154642        0.0000000000000000     
   121.85861897770957       -29.415070894871953       -39.430254433391163       -111.48780946239052        0.0000000000000000     

 PASSED   1.0000000000000001E-005
 MU_R    =    325.00000000000000     
 ALPHA_S =   0.11799999999999999     
 BORN                    9.4488066765832749E-009
 SINGLE POLE (MadFKS)   -1.4876334413992846E-009
 DOUBLE POLE (MadFKS)   -9.4640675247976510E-010
 SINGLE POLE (MadLoop)  -1.4876334415008938E-009
 DOUBLE POLE (MadLoop)  -9.4640675247963026E-010
 FINITE PART (MadLoop)   4.0015306709455831E-009
   325.00000000000000        0.0000000000000000        0.0000000000000000        325.00000000000000        0.0000000000000000     
   325.00000000000000        0.0000000000000000        0.0000000000000000       -325.00000000000000        0.0000000000000000     
   57.183689281083133        24.806287277349533        25.740576289008647        44.596944229608319        1.7769999999999999     
   237.90977476183230        108.24941926838662        142.64921331533526        156.62429047500527        1.7769999999999999     
   145.99585291388348       -117.84322962235596        5.2255593106161085       -86.025902088360496        0.0000000000000000     
   208.91068304320106       -15.212476923380269       -173.61534891496004       -115.19533261625304        0.0000000000000000     

 PASSED   1.0000000000000001E-005
 MU_R    =    325.00000000000000     
 ALPHA_S =   0.11799999999999999     
 BORN                    8.4815573559488068E-012
 SINGLE POLE (MadFKS)   -2.2795077681393379E-012
 DOUBLE POLE (MadFKS)   -8.4952559915396306E-013
 SINGLE POLE (MadLoop)  -2.2795077681394805E-012
 DOUBLE POLE (MadLoop)  -8.4952559915397942E-013
 FINITE PART (MadLoop)   8.7523504578181366E-013
   325.00000000000000        0.0000000000000000        0.0000000000000000        325.00000000000000        0.0000000000000000     
   325.00000000000000        0.0000000000000000        0.0000000000000000       -325.00000000000000        0.0000000000000000     
   294.48392160540521       -55.723292775821285       -287.25101223176364       -33.157095306215936        1.7769999999999999     
   242.18228575901796       -17.658010108180960        240.26172010315676       -24.730595192077374        1.7769999999999999     
   87.707176243734068        68.298569467499860        23.172818624931242        49.908663078854019        0.0000000000000000     
   25.626616391842980        5.0827334165023350        23.816473503675592        7.9790274194392961        0.0000000000000000     

 PASSED   1.0000000000000001E-005
 MU_R    =    325.00000000000000     
 ALPHA_S =   0.11799999999999999     
 BORN                    1.1921551176332543E-010
 SINGLE POLE (MadFKS)   -2.5676801439141725E-011
 DOUBLE POLE (MadFKS)   -1.1940805775268598E-011
 SINGLE POLE (MadLoop)  -2.5676801439142365E-011
 DOUBLE POLE (MadLoop)  -1.1940805775268563E-011
 FINITE PART (MadLoop)   2.5358003268056331E-011
   325.00000000000000        0.0000000000000000        0.0000000000000000        325.00000000000000        0.0000000000000000     
   325.00000000000000        0.0000000000000000        0.0000000000000000       -325.00000000000000        0.0000000000000000     
   102.58440715654511        95.835647691486912        27.444090416554868        24.140285736108922        1.7769999999999999     
   98.532672314089609        41.842441510988763       -25.257781915723939       -85.538203894242329        1.7769999999999999     
   257.53332113301178       -235.66373706487997       -19.064391032226684       -102.09095709701441        0.0000000000000000     
   191.34959939635357        97.985647862404306        16.878082531395773        163.48887525514780        0.0000000000000000     

 PASSED   1.0000000000000001E-005
 MU_R    =    325.00000000000000     
 ALPHA_S =   0.11799999999999999     
 BORN                    2.5214590854367856E-010
 SINGLE POLE (MadFKS)   -2.8668072418851729E-011
 DOUBLE POLE (MadFKS)   -2.5255315155010999E-011
 SINGLE POLE (MadLoop)  -2.8668072418851655E-011
 DOUBLE POLE (MadLoop)  -2.5255315155011051E-011
 FINITE PART (MadLoop)   1.1404905070656170E-010
   325.00000000000000        0.0000000000000000        0.0000000000000000        325.00000000000000        0.0000000000000000     
   325.00000000000000        0.0000000000000000        0.0000000000000000       -325.00000000000000        0.0000000000000000     
   68.962280144358516        18.743527685470642       -44.331291117897628        49.356409426063308        1.7769999999999999     
   178.72393448968080        29.967825113113999       -35.514913973690106       -172.56797899350539        1.7769999999999999     
   215.75872634911414        103.94364482075838        174.49260581304642        72.800255588429920        0.0000000000000000     
   186.55505901684657       -152.65499761934302       -94.646400721458676        50.411313979012164        0.0000000000000000     

 PASSED   1.0000000000000001E-005
 MU_R    =    325.00000000000000     
 ALPHA_S =   0.11799999999999999     
 BORN                    9.8917922291614122E-010
 SINGLE POLE (MadFKS)   -1.1098441084259340E-010
 DOUBLE POLE (MadFKS)   -9.9077685471182068E-011
 SINGLE POLE (MadLoop)  -1.1098441084258663E-010
 DOUBLE POLE (MadLoop)  -9.9077685471174468E-011
 FINITE PART (MadLoop)   4.1055484239344136E-010
   325.00000000000000        0.0000000000000000        0.0000000000000000        325.00000000000000        0.0000000000000000     
   325.00000000000000        0.0000000000000000        0.0000000000000000       -325.00000000000000        0.0000000000000000     
   165.19555289506624       -19.889934763248394        116.95751860939350       -114.94234338638539        1.7769999999999999     
   138.91645735961276        105.48749422792085       -10.492695982393892       -89.760326920530616        1.7769999999999999     
   272.99652490958783       -45.609447715207949       -167.07961204035760        211.02436857450488        0.0000000000000000     
   72.891464835739413       -39.988111749464508        60.614789413358018       -6.3216982675889124        0.0000000000000000     

 PASSED   1.0000000000000001E-005
 MU_R    =    325.00000000000000     
 ALPHA_S =   0.11799999999999999     
 BORN                    1.0672484114354092E-009
 SINGLE POLE (MadFKS)   -5.5412452174498706E-011
 DOUBLE POLE (MadFKS)   -1.0689721334430055E-010
 SINGLE POLE (MadLoop)  -5.5412452174496942E-011
 DOUBLE POLE (MadLoop)  -1.0689721334430057E-010
 FINITE PART (MadLoop)   6.9184812104039897E-010
   325.00000000000000        0.0000000000000000        0.0000000000000000        325.00000000000000        0.0000000000000000     
   325.00000000000000        0.0000000000000000        0.0000000000000000       -325.00000000000000        0.0000000000000000     
   100.55970184342812       -96.453498365124702        21.732390796271758       -18.262577836827166        1.7769999999999999     
   109.59515580882788        63.077079547067541        64.479666721741594       -62.222142867529890        1.7769999999999999     
   210.09232465343521       -104.52730039258546        76.829258138907548        165.25765774918793        0.0000000000000000     
   229.75281769430885        137.90371921064263       -163.04131565692089       -84.772937044830869        0.0000000000000000     

 NUMBER OF POINTS PASSING THE CHECK          20
 NUMBER OF POINTS FAILING THE CHECK           0
 TOLERANCE    1.0000000000000001E-005
