==== LHAPDF6 USING DEFAULT-TYPE LHAGLUE INTERFACE ====
LHAPDF 6.2.1 loading /cvmfs/cms.cern.ch/slc6_amd64_gcc481/external/lhapdf/6.2.1/share/LHAPDF/NNPDF31_nnlo_hessian_pdfas/NNPDF31_nnlo_hessian_pdfas_0000.dat
NNPDF31_nnlo_hessian_pdfas PDF set, member #0, version 1; LHAPDF ID = 306000
 A PDF is used, so alpha_s(MZ) is going to be modified
 Old value of alpha_s from param_card:   0.11799999999999999     
 New value of alpha_s from PDF lhapdf :  0.11800208008122040     
 using LHAPDF
 *****************************************************
 *               MadGraph/MadEvent                   *
 *        --------------------------------           *
 *          http://madgraph.hep.uiuc.edu             *
 *          http://madgraph.phys.ucl.ac.be           *
 *          http://madgraph.roma2.infn.it            *
 *        --------------------------------           *
 *                                                   *
 *          PARAMETER AND COUPLING VALUES            *
 *                                                   *
 *****************************************************

  External Params
  ---------------------------------
  
 MU_R =    91.188000000000002     
 aEWM1 =    132.50700000000001     
 mdl_Gf =    1.1663900000000000E-005
 aS =   0.11799999999999999     
 mdl_lamWS =   0.22530000000000000     
 mdl_AWS =   0.80800000000000005     
 mdl_rhoWS =   0.13200000000000001     
 mdl_etaWS =   0.34100000000000003     
 mdl_ymt =    173.00000000000000     
 mdl_ymtau =    1.7769999999999999     
 mdl_MT =    173.00000000000000     
 mdl_MZ =    91.188000000000002     
 mdl_MH =    125.00000000000000     
 mdl_MTA =    1.7769999999999999     
 mdl_WT =    1.4915000000000000     
 mdl_WZ =    2.4414039999999999     
 mdl_WW =    2.0476000000000001     
 mdl_WH =    6.3823389999999999E-003
  Internal Params
  ---------------------------------
  
 mdl_CKM33 =    1.0000000000000000     
 mdl_conjg__CKM3x3 =    1.0000000000000000     
 mdl_I4x33 =    0.0000000000000000     
 mdl_I1x33 =    0.0000000000000000     
 mdl_lhv =    1.0000000000000000     
 mdl_CKM3x3 =    1.0000000000000000     
 mdl_conjg__CKM33 =    1.0000000000000000     
 mdl_Ncol =    3.0000000000000000     
 mdl_CA =    3.0000000000000000     
 mdl_TF =   0.50000000000000000     
 mdl_CF =    1.3333333333333333     
 mdl_lamWS__exp__2 =    5.0760090000000001E-002
 mdl_CKM11 =  ( 0.97461995499999998     ,  0.0000000000000000     )
 mdl_CKM12 =  ( 0.22530000000000000     ,  0.0000000000000000     )
 mdl_complexi =  (  0.0000000000000000     ,  1.0000000000000000     )
 mdl_lamWS__exp__3 =    1.1436248277000001E-002
 mdl_CKM13 =  (  1.2197444962317122E-003, -3.1510066152652563E-003)
 mdl_CKM21 =  (-0.22530000000000000     ,  0.0000000000000000     )
 mdl_CKM22 =  ( 0.97461995499999998     ,  0.0000000000000000     )
 mdl_CKM23 =  (  4.1014152720000002E-002,  0.0000000000000000     )
 mdl_CKM31 =  (  8.0207441115842885E-003, -3.1510066152652563E-003)
 mdl_CKM32 =  ( -4.1014152720000002E-002,  0.0000000000000000     )
 mdl_MZ__exp__2 =    8315.2513440000002     
 mdl_MZ__exp__4 =    69143404.913893804     
 mdl_sqrt__2 =    1.4142135623730951     
 mdl_MH__exp__2 =    15625.000000000000     
 mdl_CKM1x1 =  ( 0.97461995499999998     ,  0.0000000000000000     )
 mdl_CKM1x2 =  ( 0.22530000000000000     ,  0.0000000000000000     )
 mdl_CKM1x3 =  (  1.2197444962317122E-003, -3.1510066152652563E-003)
 mdl_CKM2x1 =  (-0.22530000000000000     ,  0.0000000000000000     )
 mdl_CKM2x2 =  ( 0.97461995499999998     ,  0.0000000000000000     )
 mdl_CKM2x3 =  (  4.1014152720000002E-002,  0.0000000000000000     )
 mdl_CKM3x1 =  (  8.0207441115842885E-003, -3.1510066152652563E-003)
 mdl_CKM3x2 =  ( -4.1014152720000002E-002,  0.0000000000000000     )
 mdl_conjg__CKM1x3 =  (  1.2197444962317122E-003,  3.1510066152652563E-003)
 mdl_conjg__CKM2x3 =  (  4.1014152720000002E-002, -0.0000000000000000     )
 mdl_conjg__CKM2x1 =  (-0.22530000000000000     , -0.0000000000000000     )
 mdl_conjg__CKM3x1 =  (  8.0207441115842885E-003,  3.1510066152652563E-003)
 mdl_conjg__CKM2x2 =  ( 0.97461995499999998     , -0.0000000000000000     )
 mdl_conjg__CKM3x2 =  ( -4.1014152720000002E-002, -0.0000000000000000     )
 mdl_Ncol__exp__2 =    9.0000000000000000     
 mdl_MT__exp__2 =    29929.000000000000     
 mdl_conjg__CKM11 =  ( 0.97461995499999998     , -0.0000000000000000     )
 mdl_conjg__CKM12 =  ( 0.22530000000000000     , -0.0000000000000000     )
 mdl_conjg__CKM13 =  (  1.2197444962317122E-003,  3.1510066152652563E-003)
 mdl_conjg__CKM21 =  (-0.22530000000000000     , -0.0000000000000000     )
 mdl_conjg__CKM22 =  ( 0.97461995499999998     , -0.0000000000000000     )
 mdl_conjg__CKM23 =  (  4.1014152720000002E-002, -0.0000000000000000     )
 mdl_conjg__CKM31 =  (  8.0207441115842885E-003,  3.1510066152652563E-003)
 mdl_conjg__CKM32 =  ( -4.1014152720000002E-002, -0.0000000000000000     )
 mdl_aEW =    7.5467711139788835E-003
 mdl_MW =    80.419002445756163     
 mdl_sqrt__aEW =    8.6872153846781555E-002
 mdl_ee =   0.30795376724436879     
 mdl_MW__exp__2 =    6467.2159543705357     
 mdl_sw2 =   0.22224648578577766     
 mdl_cw =   0.88190334743339216     
 mdl_sqrt__sw2 =   0.47143025548407230     
 mdl_sw =   0.47143025548407230     
 mdl_g1 =   0.34919219678733299     
 mdl_gw =   0.65323293034757990     
 mdl_v =    246.21845810181637     
 mdl_v__exp__2 =    60623.529110035903     
 mdl_lam =   0.12886910601690263     
 mdl_yt =   0.99366614581500623     
 mdl_ytau =    1.0206617000654717E-002
 mdl_muH =    88.388347648318430     
 mdl_AxialZUp =  -0.18517701861793787     
 mdl_AxialZDown =   0.18517701861793787     
 mdl_VectorZUp =    7.5430507588273299E-002
 mdl_VectorZDown =  -0.13030376310310560     
 mdl_VectorAUp =   0.20530251149624587     
 mdl_VectorADown =  -0.10265125574812294     
 mdl_VectorWmDxU =   0.23095271737156670     
 mdl_AxialWmDxU =  -0.23095271737156670     
 mdl_VectorWpUxD =   0.23095271737156670     
 mdl_AxialWpUxD =  -0.23095271737156670     
 mdl_I2x13 =  (  7.9699418879263656E-003,  3.1310485988282153E-003)
 mdl_I2x23 =  ( -4.0754375057150453E-002, -0.0000000000000000     )
 mdl_I2x33 =  ( 0.99366614581500623     ,  0.0000000000000000     )
 mdl_I3x31 =  (  7.9699418879263656E-003, -3.1310485988282153E-003)
 mdl_I3x32 =  ( -4.0754375057150453E-002,  0.0000000000000000     )
 mdl_I3x33 =  ( 0.99366614581500623     ,  0.0000000000000000     )
 mdl_Vector_tdGp =  ( -7.9699418879263656E-003, -3.1310485988282153E-003)
 mdl_Vector_tsGp =  (  4.0754375057150453E-002,  0.0000000000000000     )
 mdl_Vector_tbGp =  (-0.99366614581500623     ,  0.0000000000000000     )
 mdl_Axial_tdGp =  ( -7.9699418879263656E-003, -3.1310485988282153E-003)
 mdl_Axial_tsGp =  (  4.0754375057150453E-002,  0.0000000000000000     )
 mdl_Axial_tbGp =  (-0.99366614581500623     , -0.0000000000000000     )
 mdl_Vector_tdGm =  (  7.9699418879263656E-003, -3.1310485988282153E-003)
 mdl_Vector_tsGm =  ( -4.0754375057150453E-002,  0.0000000000000000     )
 mdl_Vector_tbGm =  ( 0.99366614581500623     ,  0.0000000000000000     )
 mdl_Axial_tdGm =  ( -7.9699418879263656E-003,  3.1310485988282153E-003)
 mdl_Axial_tsGm =  (  4.0754375057150453E-002, -0.0000000000000000     )
 mdl_Axial_tbGm =  (-0.99366614581500623     ,  0.0000000000000000     )
 mdl_gw__exp__2 =   0.42671326129048615     
 mdl_cw__exp__2 =   0.77775351421422245     
 mdl_ee__exp__2 =    9.4835522759998875E-002
 mdl_sw__exp__2 =   0.22224648578577769     
 mdl_yt__exp__2 =   0.98737240933884918     
  Internal Params evaluated point by point
  ----------------------------------------
  
 mdl_sqrt__aS =   0.34351128074635334     
 mdl_G__exp__4 =    2.1987899468922913     
 mdl_G__exp__2 =    1.4828317324943823     
 mdl_R2MixedFactor_FIN_ =   -2.5040377713124864E-002
 mdl_G_UVg_1EPS_ =   -5.1645779033320030E-002
 mdl_G_UVq_1EPS_ =    3.1300472141406080E-003
 mdl_G_UVb_1EPS_ =    3.1300472141406080E-003
 mdl_GWcft_UV_t_1EPS_ =   -3.1300472141406080E-003
 mdl_tWcft_UV_1EPS_ =   -1.8780283284843650E-002
 mdl_G__exp__3 =    1.8056676068262196     
 mdl_MU_R__exp__2 =    8315.2513440000002     
 mdl_G_UVt_FIN_ =   -4.0087659331150384E-003
 mdl_GWcft_UV_t_FIN_ =    4.0087659331150384E-003
 mdl_tWcft_UV_FIN_ =   -9.8778211443463623E-004
  Couplings of loop_sm-ckm_no_b_mass
  ---------------------------------
  
       UV_3Gt =   0.48815E-02   0.00000E+00
      UV_GQQt =   0.00000E+00  -0.48815E-02
   UVWfct_G_2 =   0.40088E-02   0.00000E+00
       R2_DDA =   0.00000E+00   0.25704E-02
       R2_UUA =  -0.00000E+00  -0.51409E-02
    R2_DDZ_V2 =   0.00000E+00   0.72127E-02
    R2_UUZ_V2 =  -0.00000E+00  -0.72127E-02
    R2_UUZ_V5 =   0.00000E+00   0.68702E-03
      R2_GGHt =   0.00000E+00  -0.45657E+01
     R2_GGZup =  -0.46369E-02   0.00000E+00
   R2_GGZdown =   0.46369E-02   0.00000E+00
 R2_GGGZvecUp =   0.00000E+00   0.28750E-03
 R2_GGGZvecDown  -0.00000E+00  -0.49665E-03
 R2_GGGZaxialUp  -0.00000E+00  -0.63522E-02
 R2_GGGZaxialDow  0.00000E+00   0.63522E-02
 R2_GGGAvecUp =   0.00000E+00   0.78251E-03
 R2_GGGAvecDown  -0.00000E+00  -0.39126E-03
         GC_4 =  -0.12177E+01   0.00000E+00
         GC_5 =   0.00000E+00   0.12177E+01
         GC_6 =   0.00000E+00   0.14828E+01
       R2_3Gq =   0.76230E-02   0.00000E+00
       R2_3Gg =   0.31445E-01   0.00000E+00
       R2_GQQ =  -0.00000E+00  -0.30492E-01
       R2_GGq =   0.00000E+00   0.62601E-02
       R2_GGt =  -0.00000E+00  -0.11242E+04
     R2_GGg_1 =   0.00000E+00   0.28170E-01
     R2_GGg_2 =  -0.00000E+00  -0.18780E-01
       R2_QQq =   0.00000E+00   0.12520E-01
  UV_3Gg_1eps =   0.62890E-01   0.00000E+00
  UV_3Gb_1eps =  -0.38115E-02   0.00000E+00
 UV_GQQg_1eps =   0.00000E+00  -0.62890E-01
 UV_GQQq_1eps =   0.00000E+00   0.38115E-02
 UVWfct_G_2_1eps -0.31300E-02   0.00000E+00
         GC_1 =  -0.00000E+00  -0.10265E+00
         GC_2 =   0.00000E+00   0.20530E+00
        GC_21 =  -0.00000E+00  -0.28804E+00
        GC_22 =   0.00000E+00   0.28804E+00
        GC_23 =  -0.00000E+00  -0.27437E-01
        GC_24 =   0.00000E+00   0.82310E-01
        GC_37 =  -0.00000E+00  -0.70263E+00
        GC_38 =  -0.00000E+00  -0.72172E-02
      GC_1003 =  -0.00000E+00  -0.30795E+00

 Collider parameters:
 --------------------

 Running at P P   machine @    13000.000000000000       GeV
 PDF set = lhapdf 
 alpha_s(Mz)= 0.1180 running at 3 loops.
 alpha_s(Mz)= 0.1180 running at 3 loops.
 Renormalization scale set on event-by-event basis
 Factorization   scale set on event-by-event basis


 ===============================================================
 INFO: MadFKS read these parameters from FKS_params.dat
 ===============================================================
  > IRPoleCheckThreshold      =    1.0000000000000001E-005
  > PrecisionVirtualAtRunTime =    1.0000000000000000E-003
  > NHelForMCoverHels         =            4
  > VirtualFraction           =    1.0000000000000000     
  > MinVirtualFraction        =    5.0000000000000001E-003
 ===============================================================
  Insert the number of points to test
 Insert the relative tolerance
  A negative number will mean use the default one:    1.0000000000000001E-005
Using random seed offsets:     0 ,     51 ,      0
  with seed                   32
 Ranmar initialization seeds       10729        9457
  ========================================================================================== 
 {                                                                                          }
 {       [32m                                                                            [0m       }
 {       [32m                               ,,                                           [0m       }
 {       [32m`7MMM.     ,MMF'             `7MM  `7MMF'                                   [0m       }
 {       [32m  MMMb    dPMM                 MM    MM                                     [0m       }
 {       [32m  M YM   ,M MM   ,6"Yb.   ,M""bMM    MM         ,pW"Wq.   ,pW"Wq.`7MMpdMAo. [0m       }
 {       [32m  M  Mb  M' MM  8)   MM ,AP    MM    MM        6W'   `Wb 6W'   `Wb MM   `Wb [0m       }
 {       [32m  M  YM.P'  MM   ,pm9MM 8MI    MM    MM      , 8M     M8 8M     M8 MM    M8 [0m       }
 {       [32m  M  `YM'   MM  8M   MM `Mb    MM    MM     ,M YA.   ,A9 YA.   ,A9 MM   ,AP [0m       }
 {       [32m.JML. `'  .JMML.`Moo9^Yo.`Wbmd"MML..JMMmmmmMMM  `Ybmd9'   `Ybmd9'  MMbmmd'  [0m       }
 {       [32m                                                                   MM       [0m       }
 {       [32m                                                                 .JMML.     [0m       }
 {       [32m[0mv2.4.2 (2016-06-10), Ref: arXiv:1103.0621v2, arXiv:1405.0301[32m                [0m       }
 {       [32m                                                                            [0m       }
 {                                                                                          }
  ========================================================================================== 
 ===============================================================
 INFO: MadLoop read these parameters from ./MadLoop5_resources/MadLoopParams.dat                                                                                                                                                                                                                                                                                                                                                                                                                                                                                          
 ===============================================================
  > MLReductionLib            = 6|1|2
  > IREGIMODE                 =            2
  > IREGIRECY                 =  T
  > CTModeRun                 =           -1
  > MLStabThres               =    1.0000000000000000E-003
  > NRotations_DP             =            1
  > NRotations_QP             =            0
  > CTStabThres               =    1.0000000000000000E-002
  > CTLoopLibrary             =            2
  > CTModeInit                =            1
  > CheckCycle                =            3
  > MaxAttempts               =           10
  > UseLoopFilter             =  F
  > HelicityFilterLevel       =            2
  > ImprovePSPoint            =            2
  > DoubleCheckHelicityFilter =  T
  > LoopInitStartOver         =  F
  > HelInitStartOver          =  F
  > ZeroThres                 =    1.0000000000000001E-009
  > OSThres                   =    1.0000000000000000E-008
  > WriteOutFilters           =  T
  > UseQPIntegrandForNinja    =  F
  > UseQPIntegrandForCutTools =  T
 ===============================================================
  
------------------------------------------------------------------------
|              You are using CutTools - Version 1.9.3                  |
|              Authors: G. Ossola, C. Papadopoulos, R. Pittau          |
|              Published in JHEP 0803:042,2008                         |
|              http://www.ugr.es/~pittau/CutTools                      |
|                                                                      |
|              Compiler with  34  significant digits detetected        |
 ---------------------------------------------------------------------- 
   
########################################################################
#                                                                      #
#                      You are using OneLOop-3.6                       #
#                                                                      #
# for the evaluation of 1-loop scalar 1-, 2-, 3- and 4-point functions #
#                                                                      #
# author: Andreas van Hameren <hamerenREMOVETHIS@ifj.edu.pl>           #
#   date: 18-02-2015                                                   #
#                                                                      #
# Please cite                                                          #
#    A. van Hameren,                                                   #
#      Comput.Phys.Commun. 182 (2011) 2427-2438, arXiv:1007.4716       #
#    A. van Hameren, C.G. Papadopoulos and R. Pittau,                  #
#      JHEP 0909:106,2009, arXiv:0903.4665                             #
# in publications with results obtained with the help of this program. #
#                                                                      #
########################################################################
 PASSED   1.0000000000000001E-005
 MU_R    =    325.00000000000000     
 ALPHA_S =   0.11799999999999999     
 BORN                    9.2115974634802755E-011
 SINGLE POLE (MadFKS)   -1.3395060293417785E-011
 DOUBLE POLE (MadFKS)   -9.2264751930723617E-012
 SINGLE POLE (MadLoop)  -1.3395060293417980E-011
 DOUBLE POLE (MadLoop)  -9.2264751930724538E-012
 FINITE PART (MadLoop)   3.4740567618077301E-011
   325.00000000000000        0.0000000000000000        0.0000000000000000        325.00000000000000        0.0000000000000000     
   325.00000000000000        0.0000000000000000        0.0000000000000000       -325.00000000000000        0.0000000000000000     
   109.80826661201179        58.807418707923908        49.680384199675252        78.303271623976485        0.0000000000000000     
   177.45801791706742       -176.67067801613089       -12.867029373776022        10.642330922744181        0.0000000000000000     
   150.71679619076468      -0.85236831177564820        136.92174179523977       -62.986210760985394        0.0000000000000000     
   212.01691928015615        118.71562761998271       -173.73509662113901       -25.959391785735274        0.0000000000000000     

 PASSED   1.0000000000000001E-005
 MU_R    =    325.00000000000000     
 ALPHA_S =   0.11799999999999999     
 BORN                    9.3311417997252872E-011
 SINGLE POLE (MadFKS)   -3.6918209793300329E-011
 DOUBLE POLE (MadFKS)   -9.3462126063939558E-012
 SINGLE POLE (MadLoop)  -3.6918209793300374E-011
 DOUBLE POLE (MadLoop)  -9.3462126063940317E-012
 FINITE PART (MadLoop)  -2.0244966449027986E-012
   325.00000000000000        0.0000000000000000        0.0000000000000000        325.00000000000000        0.0000000000000000     
   325.00000000000000        0.0000000000000000        0.0000000000000000       -325.00000000000000        0.0000000000000000     
   87.281500280617436        12.958494070535663       -13.515958440268488        85.249378825304333        0.0000000000000000     
   168.53390017466677       -3.1329320739308573        168.43346499388403       -4.9018481064519799        0.0000000000000000     
   257.62462269503538       -25.975089632628578       -139.44036169250541       -215.06307555784542        0.0000000000000000     
   136.55997684968031        16.149527636023741       -15.477144861110169        134.71554483899305        0.0000000000000000     

 PASSED   1.0000000000000001E-005
 MU_R    =    325.00000000000000     
 ALPHA_S =   0.11799999999999999     
 BORN                    2.9602120596979559E-011
 SINGLE POLE (MadFKS)   -4.6158396262045333E-012
 DOUBLE POLE (MadFKS)   -2.9649931234313659E-012
 SINGLE POLE (MadLoop)  -4.6158396262054744E-012
 DOUBLE POLE (MadLoop)  -2.9649931234313821E-012
 FINITE PART (MadLoop)   1.0896863619137224E-011
   325.00000000000000        0.0000000000000000        0.0000000000000000        325.00000000000000        0.0000000000000000     
   325.00000000000000        0.0000000000000000        0.0000000000000000       -325.00000000000000        0.0000000000000000     
   118.41852903275191       -43.913222277655990       -39.007196035234792       -102.82516999714932        0.0000000000000000     
   255.75639429813197        222.15252724030358        86.677237073251575        92.448063465251082        0.0000000000000000     
   113.20713678716339       -27.866307999890026       -109.49223790732705        7.1256253092686892        0.0000000000000000     
   162.61793988195259       -150.37299696275755        61.822196869310247        3.2514812226295318        0.0000000000000000     

 PASSED   1.0000000000000001E-005
 MU_R    =    325.00000000000000     
 ALPHA_S =   0.11799999999999999     
 BORN                    6.6926936759416216E-011
 SINGLE POLE (MadFKS)   -1.1083203483024751E-011
 DOUBLE POLE (MadFKS)   -6.7035031025528131E-012
 SINGLE POLE (MadLoop)  -1.1083203483025666E-011
 DOUBLE POLE (MadLoop)  -6.7035031025529230E-012
 FINITE PART (MadLoop)   2.2233263222671661E-011
   325.00000000000000        0.0000000000000000        0.0000000000000000        325.00000000000000        0.0000000000000000     
   325.00000000000000        0.0000000000000000        0.0000000000000000       -325.00000000000000        0.0000000000000000     
   207.03111299333642       -80.428910855596797        129.02111742622438       -140.52267896653021        0.0000000000000000     
   172.13200923066961       -93.720753424091882       -143.17275990439623       -18.638932393405732        0.0000000000000000     
   239.65270889759171        174.08483047334491       -16.676630514700239        163.85903293897704        0.0000000000000000     
   31.184168878402637        6.4833806343703115E-002   30.828272992872133       -4.6974215790411025        0.0000000000000000     

 PASSED   1.0000000000000001E-005
 MU_R    =    325.00000000000000     
 ALPHA_S =   0.11799999999999999     
 BORN                    3.1859825805166547E-011
 SINGLE POLE (MadFKS)   -6.4740360235135854E-012
 DOUBLE POLE (MadFKS)   -3.1911282881429316E-012
 SINGLE POLE (MadLoop)  -6.4740360235135797E-012
 DOUBLE POLE (MadLoop)  -3.1911282881429485E-012
 FINITE PART (MadLoop)   1.6485971047455184E-011
   325.00000000000000        0.0000000000000000        0.0000000000000000        325.00000000000000        0.0000000000000000     
   325.00000000000000        0.0000000000000000        0.0000000000000000       -325.00000000000000        0.0000000000000000     
   186.30683119674080        102.92892003146630        138.48968143426771        70.260094705045177        0.0000000000000000     
   141.48348858080033       -65.821020851828095       -33.569906746446762        120.65749921182494        0.0000000000000000     
   172.13626371170517        90.296729725338153       -44.394153085425756       -139.66586217599030        0.0000000000000000     
   150.07341651075379       -127.40462890497635       -60.525621602395212       -51.251731740879841        0.0000000000000000     

 PASSED   1.0000000000000001E-005
 MU_R    =    325.00000000000000     
 ALPHA_S =   0.11799999999999999     
 BORN                    1.9361002861304448E-009
 SINGLE POLE (MadFKS)   -7.3158975716793727E-011
 DOUBLE POLE (MadFKS)   -1.9392272982078186E-010
 SINGLE POLE (MadLoop)  -7.3158975716788182E-011
 DOUBLE POLE (MadLoop)  -1.9392272982078160E-010
 FINITE PART (MadLoop)   1.0444245937848492E-009
   325.00000000000000        0.0000000000000000        0.0000000000000000        325.00000000000000        0.0000000000000000     
   325.00000000000000        0.0000000000000000        0.0000000000000000       -325.00000000000000        0.0000000000000000     
   85.598320352602627       -16.411469656970066        28.862473970533355       -78.896728114576590        0.0000000000000000     
   89.745852632033646        74.860570924435777        15.565617765061443        46.988557427422897        0.0000000000000000     
   267.80423512089504       -59.057908373789353       -196.06131593296129        172.60136790256408        0.0000000000000000     
   206.85159189446878       0.60880710632361279        151.63322419736647       -140.69319721541038        0.0000000000000000     

 PASSED   1.0000000000000001E-005
 MU_R    =    325.00000000000000     
 ALPHA_S =   0.11799999999999999     
 BORN                    3.1208259938729990E-010
 SINGLE POLE (MadFKS)   -3.2594077846651050E-011
 DOUBLE POLE (MadFKS)   -3.1258664665407280E-011
 SINGLE POLE (MadLoop)  -3.2594077846652052E-011
 DOUBLE POLE (MadLoop)  -3.1258664665407118E-011
 FINITE PART (MadLoop)   1.2630084173985348E-010
   325.00000000000000        0.0000000000000000        0.0000000000000000        325.00000000000000        0.0000000000000000     
   325.00000000000000        0.0000000000000000        0.0000000000000000       -325.00000000000000        0.0000000000000000     
   103.48120137678305        93.504097282787868        43.322596405879885        9.4072031107293448        0.0000000000000000     
   226.79690363954319        130.14433134094941       -185.10904416205736       -15.294779818975080        0.0000000000000000     
   227.04204940925143       -187.52963921432058        99.761666862750772        80.176907154524656        0.0000000000000000     
   92.679845574422146       -36.118789409416685        42.024780893426652       -74.289330446278967        0.0000000000000000     

 PASSED   1.0000000000000001E-005
 MU_R    =    325.00000000000000     
 ALPHA_S =   0.11799999999999999     
 BORN                    1.1582636707293964E-011
 SINGLE POLE (MadFKS)   -2.0207444175379248E-012
 DOUBLE POLE (MadFKS)   -1.1601343922581831E-012
 SINGLE POLE (MadLoop)  -2.0207444175378856E-012
 DOUBLE POLE (MadLoop)  -1.1601343922581827E-012
 FINITE PART (MadLoop)   4.4109008109123369E-012
   325.00000000000000        0.0000000000000000        0.0000000000000000        325.00000000000000        0.0000000000000000     
   325.00000000000000        0.0000000000000000        0.0000000000000000       -325.00000000000000        0.0000000000000000     
   185.85463411657483        22.110851579030591        143.39800936234181       -116.14674414710773        0.0000000000000000     
   215.28382374081161       -176.93112472354690       -102.43048516248309        67.457376008141921        0.0000000000000000     
   83.267464174020290        38.819010131799565        72.195425342566338        14.641571021066092        0.0000000000000000     
   165.59407796859338        116.00126301271675       -113.16294954242504        34.047797117899705        0.0000000000000000     

 PASSED   1.0000000000000001E-005
 MU_R    =    325.00000000000000     
 ALPHA_S =   0.11799999999999999     
 BORN                    5.7364268083378007E-011
 SINGLE POLE (MadFKS)   -6.4621784689697792E-012
 DOUBLE POLE (MadFKS)   -5.7456917601789556E-012
 SINGLE POLE (MadLoop)  -6.4621784689698672E-012
 DOUBLE POLE (MadLoop)  -5.7456917601789548E-012
 FINITE PART (MadLoop)   2.3607244801389769E-011
   325.00000000000000        0.0000000000000000        0.0000000000000000        325.00000000000000        0.0000000000000000     
   325.00000000000000        0.0000000000000000        0.0000000000000000       -325.00000000000000        0.0000000000000000     
   126.19141132239524        44.058154065821618        103.43729257461432        57.305129409887073        0.0000000000000000     
   203.85408125617255       -152.46762217518577       -114.60646655230350       -71.940728780286449        0.0000000000000000     
   144.97037328751566       -9.0084778011989624        136.69787922570092        47.423056354716564        0.0000000000000000     
   174.98413413391671        117.41794591056305       -125.52870524801172       -32.787456984317188        0.0000000000000000     

 PASSED   1.0000000000000001E-005
 MU_R    =    325.00000000000000     
 ALPHA_S =   0.11799999999999999     
 BORN                    3.4632238922944650E-011
 SINGLE POLE (MadFKS)   -3.9656030305755601E-012
 DOUBLE POLE (MadFKS)   -3.4688173747268748E-012
 SINGLE POLE (MadLoop)  -3.9656030305757799E-012
 DOUBLE POLE (MadLoop)  -3.4688173747271446E-012
 FINITE PART (MadLoop)   1.2639624505019546E-011
   325.00000000000000        0.0000000000000000        0.0000000000000000        325.00000000000000        0.0000000000000000     
   325.00000000000000        0.0000000000000000        0.0000000000000000       -325.00000000000000        0.0000000000000000     
   203.43402381402947        76.520480755491860        178.65978277660173       -60.089101244177350        0.0000000000000000     
   99.385565825360032       -59.843374086179054       -78.121614668848025        13.902323328876788        0.0000000000000000     
   159.96173458386465       -149.90884132535896        30.991615788994270        46.417836812527980        0.0000000000000000     
   187.21867577674593        133.23173465604617       -131.52978389674797      -0.23105889722743597        0.0000000000000000     

 PASSED   1.0000000000000001E-005
 MU_R    =    325.00000000000000     
 ALPHA_S =   0.11799999999999999     
 BORN                    5.9557126576661320E-011
 SINGLE POLE (MadFKS)   -1.0222819645866521E-011
 DOUBLE POLE (MadFKS)   -5.9653317799519472E-012
 SINGLE POLE (MadLoop)  -1.0222819645866266E-011
 DOUBLE POLE (MadLoop)  -5.9653317799519335E-012
 FINITE PART (MadLoop)   2.1572178134724005E-011
   325.00000000000000        0.0000000000000000        0.0000000000000000        325.00000000000000        0.0000000000000000     
   325.00000000000000        0.0000000000000000        0.0000000000000000       -325.00000000000000        0.0000000000000000     
   149.04128583258171       -102.02082257338438        77.225639187007459       -76.428118492067384        0.0000000000000000     
   207.21190631754558       -125.32324464121692       -150.16434478303154       -68.421692672951437        0.0000000000000000     
   164.27621964825730        108.48043750061630        79.891863836219358        93.999793161327474        0.0000000000000000     
   129.47058820161536        118.86362971398499       -6.9531582401953074        50.850018003691353        0.0000000000000000     

 PASSED   1.0000000000000001E-005
 MU_R    =    325.00000000000000     
 ALPHA_S =   0.11799999999999999     
 BORN                    1.6237417968673886E-010
 SINGLE POLE (MadFKS)   -4.2159894371355301E-011
 DOUBLE POLE (MadFKS)   -1.6263643160858993E-011
 SINGLE POLE (MadLoop)  -4.2159894371356102E-011
 DOUBLE POLE (MadLoop)  -1.6263643160858767E-011
 FINITE PART (MadLoop)   4.1459762392246613E-011
   325.00000000000000        0.0000000000000000        0.0000000000000000        325.00000000000000        0.0000000000000000     
   325.00000000000000        0.0000000000000000        0.0000000000000000       -325.00000000000000        0.0000000000000000     
   92.857267404788473        25.711355736516875        14.920017040190258       -87.970400633367049        0.0000000000000000     
   103.88285579204967       -19.496323957267208       -95.904903919368948        34.839496033692761        0.0000000000000000     
   181.54888959696180       -7.9687259771327632       -92.352055042048377       -156.10123846306175        0.0000000000000000     
   271.71098720619983        1.7536941978830789        173.33694192122704        209.23214306273607        0.0000000000000000     

 PASSED   1.0000000000000001E-005
 MU_R    =    325.00000000000000     
 ALPHA_S =   0.11799999999999999     
 BORN                    1.1141299974315196E-009
 SINGLE POLE (MadFKS)   -1.3277264496514118E-010
 DOUBLE POLE (MadFKS)   -1.1159294382883235E-010
 SINGLE POLE (MadLoop)  -1.3277264496513376E-010
 DOUBLE POLE (MadLoop)  -1.1159294382883178E-010
 FINITE PART (MadLoop)   6.6311311634066509E-010
   325.00000000000000        0.0000000000000000        0.0000000000000000        325.00000000000000        0.0000000000000000     
   325.00000000000000        0.0000000000000000        0.0000000000000000       -325.00000000000000        0.0000000000000000     
   126.45842644736310       -66.907707586488939        69.632850997670545        81.647770006291367        0.0000000000000000     
   128.76755965224089        34.891984852124274       -24.246615732531929        121.55548295898249        0.0000000000000000     
   165.71639267911357        56.734972921669545        139.17460645223215       -69.810418771282954        0.0000000000000000     
   229.05762122128235       -24.719250187304866       -184.56084171737072       -133.39283419399092        0.0000000000000000     

 PASSED   1.0000000000000001E-005
 MU_R    =    325.00000000000000     
 ALPHA_S =   0.11799999999999999     
 BORN                    2.2831085883556396E-010
 SINGLE POLE (MadFKS)   -1.8964907349208746E-011
 DOUBLE POLE (MadFKS)   -2.2867960565001810E-011
 SINGLE POLE (MadLoop)  -1.8964907349208384E-011
 DOUBLE POLE (MadLoop)  -2.2867960565001587E-011
 FINITE PART (MadLoop)   1.3445170779686767E-010
   325.00000000000000        0.0000000000000000        0.0000000000000000        325.00000000000000        0.0000000000000000     
   325.00000000000000        0.0000000000000000        0.0000000000000000       -325.00000000000000        0.0000000000000000     
Thanks for using LHAPDF 6.2.1. Please make sure to cite the paper:
  Eur.Phys.J. C75 (2015) 3, 132  (http://arxiv.org/abs/1412.7420)
   164.42619114796216        80.946245803411969       -97.103739809516640       -105.14057894440893        0.0000000000000000     
   96.890423883799713       -61.613267890249837       -59.430396399342399       -45.382677797632567        0.0000000000000000     
   219.99200771042263       -140.17884521025155        39.708143175039787        164.83215152867936        0.0000000000000000     
   168.69137725781601        120.84586729708934        116.82599303381920       -14.308894786637650        0.0000000000000000     

 PASSED   1.0000000000000001E-005
 MU_R    =    325.00000000000000     
 ALPHA_S =   0.11799999999999999     
 BORN                    1.2610658977772462E-009
 SINGLE POLE (MadFKS)   -1.0025775518501395E-010
 DOUBLE POLE (MadFKS)   -1.2631026560593262E-010
 SINGLE POLE (MadLoop)  -1.0025775518501536E-010
 DOUBLE POLE (MadLoop)  -1.2631026560593259E-010
 FINITE PART (MadLoop)   6.2941624778042143E-010
   325.00000000000000        0.0000000000000000        0.0000000000000000        325.00000000000000        0.0000000000000000     
   325.00000000000000        0.0000000000000000        0.0000000000000000       -325.00000000000000        0.0000000000000000     
   132.49791020212305        111.82771849645557        47.755699356650148        52.627471559676948        0.0000000000000000     
   103.33663023404704        15.544710192450816       -76.016941938800414        68.251341902074927        0.0000000000000000     
   131.64230895890458        62.567659422511653       -110.09929220445049        35.960135685218233        0.0000000000000000     
   282.52315060492543       -189.94008811141805        138.36053478660074       -156.83894914697012        0.0000000000000000     

 PASSED   1.0000000000000001E-005
 MU_R    =    325.00000000000000     
 ALPHA_S =   0.11799999999999999     
 BORN                    3.2859775250544375E-012
 SINGLE POLE (MadFKS)   -8.2411403133577638E-013
 DOUBLE POLE (MadFKS)   -3.2912847353680939E-013
 SINGLE POLE (MadLoop)  -8.2411403136482514E-013
 DOUBLE POLE (MadLoop)  -3.2912847353681510E-013
 FINITE PART (MadLoop)   6.7893648803653540E-013
   325.00000000000000        0.0000000000000000        0.0000000000000000        325.00000000000000        0.0000000000000000     
   325.00000000000000        0.0000000000000000        0.0000000000000000       -325.00000000000000        0.0000000000000000     
   231.96500864042150       -182.81367955921274       -32.596328431349470        139.01224108821464        0.0000000000000000     
   96.913907395154766       -49.863661672622491       -17.784820503247488       -81.176479665369456        0.0000000000000000     
   202.14356700092523        146.67752168234404        26.580665573676175       -136.53275991733057        0.0000000000000000     
   118.97751696349840        85.999819549491164        23.800483360920783        78.696998494485427        0.0000000000000000     

 PASSED   1.0000000000000001E-005
 MU_R    =    325.00000000000000     
 ALPHA_S =   0.11799999999999999     
 BORN                    6.2528840301906805E-012
 SINGLE POLE (MadFKS)   -1.7152239367333937E-012
 DOUBLE POLE (MadFKS)   -6.2629831164936450E-013
 SINGLE POLE (MadLoop)  -1.7152239367333650E-012
 DOUBLE POLE (MadLoop)  -6.2629831164935955E-013
 FINITE PART (MadLoop)   7.9080701268258400E-013
   325.00000000000000        0.0000000000000000        0.0000000000000000        325.00000000000000        0.0000000000000000     
   325.00000000000000        0.0000000000000000        0.0000000000000000       -325.00000000000000        0.0000000000000000     
   198.61399930030626        33.958874926734978       -194.19815732735051        24.112055541451262        0.0000000000000000     
   227.60703540498892        149.92596601990027        165.53839503127688       -43.865784494484110        0.0000000000000000     
   55.923746543561585       -34.411616558401526       -19.461798668238227       -39.554322973639991        0.0000000000000000     
   167.85521875114335       -149.47322438823372        48.121560964311946        59.308051926672839        0.0000000000000000     

 PASSED   1.0000000000000001E-005
 MU_R    =    325.00000000000000     
 ALPHA_S =   0.11799999999999999     
 BORN                    8.4917965408992404E-012
 SINGLE POLE (MadFKS)   -2.2383211704928754E-012
 DOUBLE POLE (MadFKS)   -8.5055117138849675E-013
 SINGLE POLE (MadLoop)  -2.2383211704928629E-012
 DOUBLE POLE (MadLoop)  -8.5055117138848655E-013
 FINITE PART (MadLoop)  -1.8051909800747337E-013
   325.00000000000000        0.0000000000000000        0.0000000000000000        325.00000000000000        0.0000000000000000     
   325.00000000000000        0.0000000000000000        0.0000000000000000       -325.00000000000000        0.0000000000000000     
   300.34341549106642        255.96717226891710       -56.536031677621153       -146.59689993871257        0.0000000000000000     
   170.70225516165206       -138.14382723054908       -52.311009600831603        85.551745685939508        0.0000000000000000     
   147.89282300069246       -90.897205374975826        107.36779757908184        45.630485348623274        0.0000000000000000     
   31.061506346589038       -26.926139663392171        1.4792436993709288        15.414668904149760        0.0000000000000000     

 PASSED   1.0000000000000001E-005
 MU_R    =    325.00000000000000     
 ALPHA_S =   0.11799999999999999     
 BORN                    1.0041007956401078E-010
 SINGLE POLE (MadFKS)   -1.2573084660450636E-011
 DOUBLE POLE (MadFKS)   -1.0057225273951000E-011
 SINGLE POLE (MadLoop)  -1.2573084660450891E-011
 DOUBLE POLE (MadLoop)  -1.0057225273951084E-011
 FINITE PART (MadLoop)   3.6642763823412819E-011
   325.00000000000000        0.0000000000000000        0.0000000000000000        325.00000000000000        0.0000000000000000     
   325.00000000000000        0.0000000000000000        0.0000000000000000       -325.00000000000000        0.0000000000000000     
   107.85321425514256       -84.015058152710196       -3.2886627595764728        67.549763330571210        0.0000000000000000     
   147.62399869438826       -53.694841460938278        43.013913138158124       -130.61206784806839        0.0000000000000000     
   239.34573624288711        222.10573559954028        85.212354464931522        26.349161618154298        0.0000000000000000     
   155.17705080758228       -84.395835985891821       -124.93760484351318        36.713142899342905        0.0000000000000000     

 PASSED   1.0000000000000001E-005
 MU_R    =    325.00000000000000     
 ALPHA_S =   0.11799999999999999     
 BORN                    3.6503315479789445E-011
 SINGLE POLE (MadFKS)   -4.6430101381192958E-012
 DOUBLE POLE (MadFKS)   -3.6562272295811428E-012
 SINGLE POLE (MadLoop)  -4.6430101381193185E-012
 DOUBLE POLE (MadLoop)  -3.6562272295811404E-012
 FINITE PART (MadLoop)   1.4763934635990182E-011
   325.00000000000000        0.0000000000000000        0.0000000000000000        325.00000000000000        0.0000000000000000     
   325.00000000000000        0.0000000000000000        0.0000000000000000       -325.00000000000000        0.0000000000000000     
   149.11840336552405        106.99834326950128       -37.773699534065081       -96.751229363637904        0.0000000000000000     
   205.00190544021171       -184.92626812019165        33.850409740075925        81.744763463389503        0.0000000000000000     
   150.34183540209497        36.158063169008464        142.20209802096176        32.769273082773751        0.0000000000000000     
   145.53785579216932        41.769861681681931       -138.27880822697259       -17.762807182525318        0.0000000000000000     

 NUMBER OF POINTS PASSING THE CHECK          20
 NUMBER OF POINTS FAILING THE CHECK           0
 TOLERANCE    1.0000000000000001E-005
