==== LHAPDF6 USING DEFAULT-TYPE LHAGLUE INTERFACE ====
LHAPDF 6.2.1 loading /cvmfs/cms.cern.ch/slc6_amd64_gcc481/external/lhapdf/6.2.1/share/LHAPDF/NNPDF31_nnlo_hessian_pdfas/NNPDF31_nnlo_hessian_pdfas_0000.dat
NNPDF31_nnlo_hessian_pdfas PDF set, member #0, version 1; LHAPDF ID = 306000
 A PDF is used, so alpha_s(MZ) is going to be modified
 Old value of alpha_s from param_card:   0.11799999999999999     
 New value of alpha_s from PDF lhapdf :  0.11800208008122040     
 using LHAPDF
 *****************************************************
 *               MadGraph/MadEvent                   *
 *        --------------------------------           *
 *          http://madgraph.hep.uiuc.edu             *
 *          http://madgraph.phys.ucl.ac.be           *
 *          http://madgraph.roma2.infn.it            *
 *        --------------------------------           *
 *                                                   *
 *          PARAMETER AND COUPLING VALUES            *
 *                                                   *
 *****************************************************

  External Params
  ---------------------------------
  
 MU_R =    91.188000000000002     
 aEWM1 =    132.50700000000001     
 mdl_Gf =    1.1663900000000000E-005
 aS =   0.11799999999999999     
 mdl_lamWS =   0.22530000000000000     
 mdl_AWS =   0.80800000000000005     
 mdl_rhoWS =   0.13200000000000001     
 mdl_etaWS =   0.34100000000000003     
 mdl_ymt =    173.00000000000000     
 mdl_ymtau =    1.7769999999999999     
 mdl_MT =    173.00000000000000     
 mdl_MZ =    91.188000000000002     
 mdl_MH =    125.00000000000000     
 mdl_MTA =    1.7769999999999999     
 mdl_WT =    1.4915000000000000     
 mdl_WZ =    2.4414039999999999     
 mdl_WW =    2.0476000000000001     
 mdl_WH =    6.3823389999999999E-003
  Internal Params
  ---------------------------------
  
 mdl_CKM33 =    1.0000000000000000     
 mdl_conjg__CKM3x3 =    1.0000000000000000     
 mdl_I4x33 =    0.0000000000000000     
 mdl_I1x33 =    0.0000000000000000     
 mdl_lhv =    1.0000000000000000     
 mdl_CKM3x3 =    1.0000000000000000     
 mdl_conjg__CKM33 =    1.0000000000000000     
 mdl_Ncol =    3.0000000000000000     
 mdl_CA =    3.0000000000000000     
 mdl_TF =   0.50000000000000000     
 mdl_CF =    1.3333333333333333     
 mdl_lamWS__exp__2 =    5.0760090000000001E-002
 mdl_CKM11 =  ( 0.97461995499999998     ,  0.0000000000000000     )
 mdl_CKM12 =  ( 0.22530000000000000     ,  0.0000000000000000     )
 mdl_complexi =  (  0.0000000000000000     ,  1.0000000000000000     )
 mdl_lamWS__exp__3 =    1.1436248277000001E-002
 mdl_CKM13 =  (  1.2197444962317122E-003, -3.1510066152652563E-003)
 mdl_CKM21 =  (-0.22530000000000000     ,  0.0000000000000000     )
 mdl_CKM22 =  ( 0.97461995499999998     ,  0.0000000000000000     )
 mdl_CKM23 =  (  4.1014152720000002E-002,  0.0000000000000000     )
 mdl_CKM31 =  (  8.0207441115842885E-003, -3.1510066152652563E-003)
 mdl_CKM32 =  ( -4.1014152720000002E-002,  0.0000000000000000     )
 mdl_MZ__exp__2 =    8315.2513440000002     
 mdl_MZ__exp__4 =    69143404.913893804     
 mdl_sqrt__2 =    1.4142135623730951     
 mdl_MH__exp__2 =    15625.000000000000     
 mdl_CKM1x1 =  ( 0.97461995499999998     ,  0.0000000000000000     )
 mdl_CKM1x2 =  ( 0.22530000000000000     ,  0.0000000000000000     )
 mdl_CKM1x3 =  (  1.2197444962317122E-003, -3.1510066152652563E-003)
 mdl_CKM2x1 =  (-0.22530000000000000     ,  0.0000000000000000     )
 mdl_CKM2x2 =  ( 0.97461995499999998     ,  0.0000000000000000     )
 mdl_CKM2x3 =  (  4.1014152720000002E-002,  0.0000000000000000     )
 mdl_CKM3x1 =  (  8.0207441115842885E-003, -3.1510066152652563E-003)
 mdl_CKM3x2 =  ( -4.1014152720000002E-002,  0.0000000000000000     )
 mdl_conjg__CKM1x3 =  (  1.2197444962317122E-003,  3.1510066152652563E-003)
 mdl_conjg__CKM2x3 =  (  4.1014152720000002E-002, -0.0000000000000000     )
 mdl_conjg__CKM2x1 =  (-0.22530000000000000     , -0.0000000000000000     )
 mdl_conjg__CKM3x1 =  (  8.0207441115842885E-003,  3.1510066152652563E-003)
 mdl_conjg__CKM2x2 =  ( 0.97461995499999998     , -0.0000000000000000     )
 mdl_conjg__CKM3x2 =  ( -4.1014152720000002E-002, -0.0000000000000000     )
 mdl_Ncol__exp__2 =    9.0000000000000000     
 mdl_MT__exp__2 =    29929.000000000000     
 mdl_conjg__CKM11 =  ( 0.97461995499999998     , -0.0000000000000000     )
 mdl_conjg__CKM12 =  ( 0.22530000000000000     , -0.0000000000000000     )
 mdl_conjg__CKM13 =  (  1.2197444962317122E-003,  3.1510066152652563E-003)
 mdl_conjg__CKM21 =  (-0.22530000000000000     , -0.0000000000000000     )
 mdl_conjg__CKM22 =  ( 0.97461995499999998     , -0.0000000000000000     )
 mdl_conjg__CKM23 =  (  4.1014152720000002E-002, -0.0000000000000000     )
 mdl_conjg__CKM31 =  (  8.0207441115842885E-003,  3.1510066152652563E-003)
 mdl_conjg__CKM32 =  ( -4.1014152720000002E-002, -0.0000000000000000     )
 mdl_aEW =    7.5467711139788835E-003
 mdl_MW =    80.419002445756163     
 mdl_sqrt__aEW =    8.6872153846781555E-002
 mdl_ee =   0.30795376724436879     
 mdl_MW__exp__2 =    6467.2159543705357     
 mdl_sw2 =   0.22224648578577766     
 mdl_cw =   0.88190334743339216     
 mdl_sqrt__sw2 =   0.47143025548407230     
 mdl_sw =   0.47143025548407230     
 mdl_g1 =   0.34919219678733299     
 mdl_gw =   0.65323293034757990     
 mdl_v =    246.21845810181637     
 mdl_v__exp__2 =    60623.529110035903     
 mdl_lam =   0.12886910601690263     
 mdl_yt =   0.99366614581500623     
 mdl_ytau =    1.0206617000654717E-002
 mdl_muH =    88.388347648318430     
 mdl_AxialZUp =  -0.18517701861793787     
 mdl_AxialZDown =   0.18517701861793787     
 mdl_VectorZUp =    7.5430507588273299E-002
 mdl_VectorZDown =  -0.13030376310310560     
 mdl_VectorAUp =   0.20530251149624587     
 mdl_VectorADown =  -0.10265125574812294     
 mdl_VectorWmDxU =   0.23095271737156670     
 mdl_AxialWmDxU =  -0.23095271737156670     
 mdl_VectorWpUxD =   0.23095271737156670     
 mdl_AxialWpUxD =  -0.23095271737156670     
 mdl_I2x13 =  (  7.9699418879263656E-003,  3.1310485988282153E-003)
 mdl_I2x23 =  ( -4.0754375057150453E-002, -0.0000000000000000     )
 mdl_I2x33 =  ( 0.99366614581500623     ,  0.0000000000000000     )
 mdl_I3x31 =  (  7.9699418879263656E-003, -3.1310485988282153E-003)
 mdl_I3x32 =  ( -4.0754375057150453E-002,  0.0000000000000000     )
 mdl_I3x33 =  ( 0.99366614581500623     ,  0.0000000000000000     )
 mdl_Vector_tdGp =  ( -7.9699418879263656E-003, -3.1310485988282153E-003)
 mdl_Vector_tsGp =  (  4.0754375057150453E-002,  0.0000000000000000     )
 mdl_Vector_tbGp =  (-0.99366614581500623     ,  0.0000000000000000     )
 mdl_Axial_tdGp =  ( -7.9699418879263656E-003, -3.1310485988282153E-003)
 mdl_Axial_tsGp =  (  4.0754375057150453E-002,  0.0000000000000000     )
 mdl_Axial_tbGp =  (-0.99366614581500623     , -0.0000000000000000     )
 mdl_Vector_tdGm =  (  7.9699418879263656E-003, -3.1310485988282153E-003)
 mdl_Vector_tsGm =  ( -4.0754375057150453E-002,  0.0000000000000000     )
 mdl_Vector_tbGm =  ( 0.99366614581500623     ,  0.0000000000000000     )
 mdl_Axial_tdGm =  ( -7.9699418879263656E-003,  3.1310485988282153E-003)
 mdl_Axial_tsGm =  (  4.0754375057150453E-002, -0.0000000000000000     )
 mdl_Axial_tbGm =  (-0.99366614581500623     ,  0.0000000000000000     )
 mdl_gw__exp__2 =   0.42671326129048615     
 mdl_cw__exp__2 =   0.77775351421422245     
 mdl_ee__exp__2 =    9.4835522759998875E-002
 mdl_sw__exp__2 =   0.22224648578577769     
 mdl_yt__exp__2 =   0.98737240933884918     
  Internal Params evaluated point by point
  ----------------------------------------
  
 mdl_sqrt__aS =   0.34351128074635334     
 mdl_G__exp__4 =    2.1987899468922913     
 mdl_G__exp__2 =    1.4828317324943823     
 mdl_R2MixedFactor_FIN_ =   -2.5040377713124864E-002
 mdl_G_UVg_1EPS_ =   -5.1645779033320030E-002
 mdl_G_UVq_1EPS_ =    3.1300472141406080E-003
 mdl_G_UVb_1EPS_ =    3.1300472141406080E-003
 mdl_GWcft_UV_t_1EPS_ =   -3.1300472141406080E-003
 mdl_tWcft_UV_1EPS_ =   -1.8780283284843650E-002
 mdl_G__exp__3 =    1.8056676068262196     
 mdl_MU_R__exp__2 =    8315.2513440000002     
 mdl_G_UVt_FIN_ =   -4.0087659331150384E-003
 mdl_GWcft_UV_t_FIN_ =    4.0087659331150384E-003
 mdl_tWcft_UV_FIN_ =   -9.8778211443463623E-004
  Couplings of loop_sm-ckm_no_b_mass
  ---------------------------------
  
       UV_3Gt =   0.48815E-02   0.00000E+00
      UV_GQQt =   0.00000E+00  -0.48815E-02
   UVWfct_G_2 =   0.40088E-02   0.00000E+00
       R2_DDA =   0.00000E+00   0.25704E-02
       R2_UUA =  -0.00000E+00  -0.51409E-02
    R2_DDZ_V2 =   0.00000E+00   0.72127E-02
    R2_UUZ_V2 =  -0.00000E+00  -0.72127E-02
    R2_UUZ_V5 =   0.00000E+00   0.68702E-03
      R2_GGHt =   0.00000E+00  -0.45657E+01
     R2_GGZup =  -0.46369E-02   0.00000E+00
   R2_GGZdown =   0.46369E-02   0.00000E+00
 R2_GGGZvecUp =   0.00000E+00   0.28750E-03
 R2_GGGZvecDown  -0.00000E+00  -0.49665E-03
 R2_GGGZaxialUp  -0.00000E+00  -0.63522E-02
 R2_GGGZaxialDow  0.00000E+00   0.63522E-02
 R2_GGGAvecUp =   0.00000E+00   0.78251E-03
 R2_GGGAvecDown  -0.00000E+00  -0.39126E-03
         GC_4 =  -0.12177E+01   0.00000E+00
         GC_5 =   0.00000E+00   0.12177E+01
         GC_6 =   0.00000E+00   0.14828E+01
       R2_3Gq =   0.76230E-02   0.00000E+00
       R2_3Gg =   0.31445E-01   0.00000E+00
       R2_GQQ =  -0.00000E+00  -0.30492E-01
       R2_GGq =   0.00000E+00   0.62601E-02
       R2_GGt =  -0.00000E+00  -0.11242E+04
     R2_GGg_1 =   0.00000E+00   0.28170E-01
     R2_GGg_2 =  -0.00000E+00  -0.18780E-01
       R2_QQq =   0.00000E+00   0.12520E-01
  UV_3Gg_1eps =   0.62890E-01   0.00000E+00
  UV_3Gb_1eps =  -0.38115E-02   0.00000E+00
 UV_GQQg_1eps =   0.00000E+00  -0.62890E-01
 UV_GQQq_1eps =   0.00000E+00   0.38115E-02
 UVWfct_G_2_1eps -0.31300E-02   0.00000E+00
         GC_1 =  -0.00000E+00  -0.10265E+00
         GC_2 =   0.00000E+00   0.20530E+00
        GC_21 =  -0.00000E+00  -0.28804E+00
        GC_22 =   0.00000E+00   0.28804E+00
        GC_23 =  -0.00000E+00  -0.27437E-01
        GC_24 =   0.00000E+00   0.82310E-01
        GC_37 =  -0.00000E+00  -0.70263E+00
        GC_38 =  -0.00000E+00  -0.72172E-02
      GC_1003 =  -0.00000E+00  -0.30795E+00

 Collider parameters:
 --------------------

 Running at P P   machine @    13000.000000000000       GeV
 PDF set = lhapdf 
 alpha_s(Mz)= 0.1180 running at 3 loops.
 alpha_s(Mz)= 0.1180 running at 3 loops.
 Renormalization scale set on event-by-event basis
 Factorization   scale set on event-by-event basis


 ===============================================================
 INFO: MadFKS read these parameters from FKS_params.dat
 ===============================================================
  > IRPoleCheckThreshold      =    1.0000000000000001E-005
  > PrecisionVirtualAtRunTime =    1.0000000000000000E-003
  > NHelForMCoverHels         =            4
  > VirtualFraction           =    1.0000000000000000     
  > MinVirtualFraction        =    5.0000000000000001E-003
 ===============================================================
  Insert the number of points to test
 Insert the relative tolerance
  A negative number will mean use the default one:    1.0000000000000001E-005
Using random seed offsets:     0 ,      2 ,      0
  with seed                   32
 Ranmar initialization seeds       10729        9408
  ========================================================================================== 
 {                                                                                          }
 {       [32m                                                                            [0m       }
 {       [32m                               ,,                                           [0m       }
 {       [32m`7MMM.     ,MMF'             `7MM  `7MMF'                                   [0m       }
 {       [32m  MMMb    dPMM                 MM    MM                                     [0m       }
 {       [32m  M YM   ,M MM   ,6"Yb.   ,M""bMM    MM         ,pW"Wq.   ,pW"Wq.`7MMpdMAo. [0m       }
 {       [32m  M  Mb  M' MM  8)   MM ,AP    MM    MM        6W'   `Wb 6W'   `Wb MM   `Wb [0m       }
 {       [32m  M  YM.P'  MM   ,pm9MM 8MI    MM    MM      , 8M     M8 8M     M8 MM    M8 [0m       }
 {       [32m  M  `YM'   MM  8M   MM `Mb    MM    MM     ,M YA.   ,A9 YA.   ,A9 MM   ,AP [0m       }
 {       [32m.JML. `'  .JMML.`Moo9^Yo.`Wbmd"MML..JMMmmmmMMM  `Ybmd9'   `Ybmd9'  MMbmmd'  [0m       }
 {       [32m                                                                   MM       [0m       }
 {       [32m                                                                 .JMML.     [0m       }
 {       [32m[0mv2.4.2 (2016-06-10), Ref: arXiv:1103.0621v2, arXiv:1405.0301[32m                [0m       }
 {       [32m                                                                            [0m       }
 {                                                                                          }
  ========================================================================================== 
 ===============================================================
 INFO: MadLoop read these parameters from ./MadLoop5_resources/MadLoopParams.dat                                                                                                                                                                                                                                                                                                                                                                                                                                                                                          
 ===============================================================
  > MLReductionLib            = 6|1|2
  > IREGIMODE                 =            2
  > IREGIRECY                 =  T
  > CTModeRun                 =           -1
  > MLStabThres               =    1.0000000000000000E-003
  > NRotations_DP             =            1
  > NRotations_QP             =            0
  > CTStabThres               =    1.0000000000000000E-002
  > CTLoopLibrary             =            2
  > CTModeInit                =            1
  > CheckCycle                =            3
  > MaxAttempts               =           10
  > UseLoopFilter             =  F
  > HelicityFilterLevel       =            2
  > ImprovePSPoint            =            2
  > DoubleCheckHelicityFilter =  T
  > LoopInitStartOver         =  F
  > HelInitStartOver          =  F
  > ZeroThres                 =    1.0000000000000001E-009
  > OSThres                   =    1.0000000000000000E-008
  > WriteOutFilters           =  T
  > UseQPIntegrandForNinja    =  F
  > UseQPIntegrandForCutTools =  T
 ===============================================================
  
------------------------------------------------------------------------
|              You are using CutTools - Version 1.9.3                  |
|              Authors: G. Ossola, C. Papadopoulos, R. Pittau          |
|              Published in JHEP 0803:042,2008                         |
|              http://www.ugr.es/~pittau/CutTools                      |
|                                                                      |
|              Compiler with  34  significant digits detetected        |
 ---------------------------------------------------------------------- 
   
########################################################################
#                                                                      #
#                      You are using OneLOop-3.6                       #
#                                                                      #
# for the evaluation of 1-loop scalar 1-, 2-, 3- and 4-point functions #
#                                                                      #
# author: Andreas van Hameren <hamerenREMOVETHIS@ifj.edu.pl>           #
#   date: 18-02-2015                                                   #
#                                                                      #
# Please cite                                                          #
#    A. van Hameren,                                                   #
#      Comput.Phys.Commun. 182 (2011) 2427-2438, arXiv:1007.4716       #
#    A. van Hameren, C.G. Papadopoulos and R. Pittau,                  #
#      JHEP 0909:106,2009, arXiv:0903.4665                             #
# in publications with results obtained with the help of this program. #
#                                                                      #
########################################################################
 PASSED   1.0000000000000001E-005
 MU_R    =    325.00000000000000     
 ALPHA_S =   0.11799999999999999     
 BORN                    4.0701317202181918E-003
 SINGLE POLE (MadFKS)   -2.3177219741833604E-005
 DOUBLE POLE (MadFKS)   -2.0383527123286836E-004
 SINGLE POLE (MadLoop)  -2.3177219741834363E-005
 DOUBLE POLE (MadLoop)  -2.0383527123286869E-004
 FINITE PART (MadLoop)   4.1854264994498525E-004
   325.00000000000000        0.0000000000000000        0.0000000000000000        325.00000000000000        0.0000000000000000     
   325.00000000000000        0.0000000000000000        0.0000000000000000       -325.00000000000000        0.0000000000000000     
   324.99999999999977       -167.80644224578114        217.58251043363634       -173.55313700768886        1.7769999999999999     
   324.99999999999937        167.80644224578157       -217.58251043363617        173.55313700768917        1.7769999999999999     

 PASSED   1.0000000000000001E-005
 MU_R    =    325.00000000000000     
 ALPHA_S =   0.11799999999999999     
 BORN                    7.1193438515767117E-004
 SINGLE POLE (MadFKS)   -4.0540849340576351E-006
 DOUBLE POLE (MadFKS)   -3.5654211822618807E-005
 SINGLE POLE (MadLoop)  -4.0540849340576478E-006
 DOUBLE POLE (MadLoop)  -3.5654211822618861E-005
 FINITE PART (MadLoop)   7.3210137812150728E-005
   325.00000000000000        0.0000000000000000        0.0000000000000000        325.00000000000000        0.0000000000000000     
   325.00000000000000        0.0000000000000000        0.0000000000000000       -325.00000000000000        0.0000000000000000     
   324.99999999999989       -205.38402658533326       -164.86336948450781        190.41878399152156        1.7769999999999999     
   325.00000000000000        205.38402658533326        164.86336948450781       -190.41878399152151        1.7769999999999999     

 PASSED   1.0000000000000001E-005
 MU_R    =    325.00000000000000     
 ALPHA_S =   0.11799999999999999     
 BORN                    6.7582650647521302E-003
 SINGLE POLE (MadFKS)   -3.8484699082643261E-005
 DOUBLE POLE (MadFKS)   -3.3845901981361922E-004
 SINGLE POLE (MadLoop)  -3.8484699082639399E-005
 DOUBLE POLE (MadLoop)  -3.3845901981361851E-004
 FINITE PART (MadLoop)   6.9497067015808771E-004
   325.00000000000000        0.0000000000000000        0.0000000000000000        325.00000000000000        0.0000000000000000     
   325.00000000000000        0.0000000000000000        0.0000000000000000       -325.00000000000000        0.0000000000000000     
   325.00000000000273        35.520935668536488       -42.088411059996545       -320.29466285699488        1.7769999999999999     
   325.00000000000080       -35.520935668538648        42.088411059998471        320.29466285699556        1.7769999999999999     

 PASSED   1.0000000000000001E-005
 MU_R    =    325.00000000000000     
 ALPHA_S =   0.11799999999999999     
 BORN                    5.1079815143076765E-003
 SINGLE POLE (MadFKS)   -2.9087218334051083E-005
 DOUBLE POLE (MadFKS)   -2.5581157293984752E-004
 SINGLE POLE (MadLoop)  -2.9087218334051103E-005
 DOUBLE POLE (MadLoop)  -2.5581157293984736E-004
 FINITE PART (MadLoop)   5.2526755049434558E-004
   325.00000000000000        0.0000000000000000        0.0000000000000000        325.00000000000000        0.0000000000000000     
   325.00000000000000        0.0000000000000000        0.0000000000000000       -325.00000000000000        0.0000000000000000     
   325.00000000000006       -45.897413958552079        219.42004923168344       -235.30854565459987        1.7769999999999999     
   325.00000000000006        45.897413958552079       -219.42004923168346        235.30854565459987        1.7769999999999999     

 PASSED   1.0000000000000001E-005
 MU_R    =    325.00000000000000     
 ALPHA_S =   0.11799999999999999     
 BORN                    9.4119713908533153E-004
 SINGLE POLE (MadFKS)   -5.3596134996330066E-006
 DOUBLE POLE (MadFKS)   -4.7135863730418441E-005
 SINGLE POLE (MadLoop)  -5.3596134996330744E-006
 DOUBLE POLE (MadLoop)  -4.7135863730418529E-005
 FINITE PART (MadLoop)   9.6785846697884672E-005
   325.00000000000000        0.0000000000000000        0.0000000000000000        325.00000000000000        0.0000000000000000     
   325.00000000000000        0.0000000000000000        0.0000000000000000       -325.00000000000000        0.0000000000000000     
   324.99999999999977        71.124540557595154       -289.09142739974374        130.34296530864111        1.7769999999999999     
   324.99999999999977       -71.124540557595125        289.09142739974374       -130.34296530864123        1.7769999999999999     

 PASSED   1.0000000000000001E-005
 MU_R    =    325.00000000000000     
 ALPHA_S =   0.11799999999999999     
 BORN                    6.2697882266628006E-003
 SINGLE POLE (MadFKS)   -3.5703085170996808E-005
 DOUBLE POLE (MadFKS)   -3.1399573075387973E-004
 SINGLE POLE (MadLoop)  -3.5703085170996531E-005
 DOUBLE POLE (MadLoop)  -3.1399573075388028E-004
 FINITE PART (MadLoop)   6.4473927611378556E-004
   325.00000000000000        0.0000000000000000        0.0000000000000000        325.00000000000000        0.0000000000000000     
   325.00000000000000        0.0000000000000000        0.0000000000000000       -325.00000000000000        0.0000000000000000     
   325.00000000000017        103.91400139444683       -83.224661397670772       -296.47492022165710        1.7769999999999999     
   325.00000000000011       -103.91400139444683        83.224661397670886        296.47492022165710        1.7769999999999999     

 PASSED   1.0000000000000001E-005
 MU_R    =    325.00000000000000     
 ALPHA_S =   0.11799999999999999     
 BORN                    1.3699541277107040E-003
 SINGLE POLE (MadFKS)   -7.8011548610227314E-006
 DOUBLE POLE (MadFKS)   -6.8608337615061062E-005
 SINGLE POLE (MadLoop)  -7.8011548610225569E-006
 DOUBLE POLE (MadLoop)  -6.8608337615060804E-005
 FINITE PART (MadLoop)   1.4087608714649175E-004
   325.00000000000000        0.0000000000000000        0.0000000000000000        325.00000000000000        0.0000000000000000     
   325.00000000000000        0.0000000000000000        0.0000000000000000       -325.00000000000000        0.0000000000000000     
   325.00000000000006        313.37611300003891        61.384814614370498        60.408266046512615        1.7769999999999999     
   325.00000000000011       -313.37611300003880       -61.384814614370505       -60.408266046512672        1.7769999999999999     

 PASSED   1.0000000000000001E-005
 MU_R    =    325.00000000000000     
 ALPHA_S =   0.11799999999999999     
 BORN                    1.8222935996371743E-003
 SINGLE POLE (MadFKS)   -1.0376985831471757E-005
 DOUBLE POLE (MadFKS)   -9.1261840078249565E-005
 SINGLE POLE (MadLoop)  -1.0376985831469548E-005
 DOUBLE POLE (MadLoop)  -9.1261840078231160E-005
 FINITE PART (MadLoop)   1.8739137811709733E-004
   325.00000000000000        0.0000000000000000        0.0000000000000000        325.00000000000000        0.0000000000000000     
   325.00000000000000        0.0000000000000000        0.0000000000000000       -325.00000000000000        0.0000000000000000     
   325.00000000000085        152.04889121618936        287.16683443309097        6.1794945267210544        1.7769999999999999     
   325.00000000000017       -152.04889121618612       -287.16683443308995       -6.1794945267219985        1.7769999999999999     

 PASSED   1.0000000000000001E-005
 MU_R    =    325.00000000000000     
 ALPHA_S =   0.11799999999999999     
 BORN                    6.1116303611103611E-004
 SINGLE POLE (MadFKS)   -3.4802460853213795E-006
 DOUBLE POLE (MadFKS)   -3.0607506537041031E-005
 SINGLE POLE (MadLoop)  -3.4802460853213143E-006
 DOUBLE POLE (MadLoop)  -3.0607506537041045E-005
 FINITE PART (MadLoop)   6.2847547515890065E-005
   325.00000000000000        0.0000000000000000        0.0000000000000000        325.00000000000000        0.0000000000000000     
   325.00000000000000        0.0000000000000000        0.0000000000000000       -325.00000000000000        0.0000000000000000     
   325.00000000000028        155.77898051178701        18.931182888116481        284.59859770590072        1.7769999999999999     
   325.00000000000034       -155.77898051178633       -18.931182888116499       -284.59859770590049        1.7769999999999999     

 PASSED   1.0000000000000001E-005
 MU_R    =    325.00000000000000     
 ALPHA_S =   0.11799999999999999     
 BORN                    5.1116462047597882E-003
 SINGLE POLE (MadFKS)   -2.9108086782969537E-005
 DOUBLE POLE (MadFKS)   -2.5599510340609263E-004
 SINGLE POLE (MadLoop)  -2.9108086782968439E-005
 DOUBLE POLE (MadLoop)  -2.5599510340609235E-004
 FINITE PART (MadLoop)   5.2564440052243837E-004
   325.00000000000000        0.0000000000000000        0.0000000000000000        325.00000000000000        0.0000000000000000     
   325.00000000000000        0.0000000000000000        0.0000000000000000       -325.00000000000000        0.0000000000000000     
   325.00000000000063        218.17993583138860        50.526252025855506       -235.51317527440114        1.7769999999999999     
   325.00000000000063       -218.17993583138926       -50.526252025854461        235.51317527440142        1.7769999999999999     

 PASSED   1.0000000000000001E-005
 MU_R    =    325.00000000000000     
 ALPHA_S =   0.11799999999999999     
 BORN                    8.4131339771363644E-004
 SINGLE POLE (MadFKS)   -4.7908291011064258E-006
 DOUBLE POLE (MadFKS)   -4.2133610507723800E-005
 SINGLE POLE (MadLoop)  -4.7908291011062208E-006
 DOUBLE POLE (MadLoop)  -4.2133610507723746E-005
 FINITE PART (MadLoop)   8.6514531498866585E-005
   325.00000000000000        0.0000000000000000        0.0000000000000000        325.00000000000000        0.0000000000000000     
   325.00000000000000        0.0000000000000000        0.0000000000000000       -325.00000000000000        0.0000000000000000     
   325.00000000000000        282.96428744325237       -47.636600964108140        152.59032915397623        1.7769999999999999     
   325.00000000000017       -282.96428744325237        47.636600964108098       -152.59032915397623        1.7769999999999999     

 PASSED   1.0000000000000001E-005
 MU_R    =    325.00000000000000     
 ALPHA_S =   0.11799999999999999     
 BORN                    9.9522358279846958E-004
 SINGLE POLE (MadFKS)   -5.6672651541455621E-006
 DOUBLE POLE (MadFKS)   -4.9841548844566155E-005
 SINGLE POLE (MadLoop)  -5.6672651541454630E-006
 DOUBLE POLE (MadLoop)  -4.9841548844566176E-005
 FINITE PART (MadLoop)   1.0234153198606929E-004
   325.00000000000000        0.0000000000000000        0.0000000000000000        325.00000000000000        0.0000000000000000     
   325.00000000000000        0.0000000000000000        0.0000000000000000       -325.00000000000000        0.0000000000000000     
   324.99999999999989        248.86349797804382       -171.35111490370588        119.69794094465082        1.7769999999999999     
   324.99999999999989       -248.86349797804380        171.35111490370588       -119.69794094465081        1.7769999999999999     

 PASSED   1.0000000000000001E-005
 MU_R    =    325.00000000000000     
 ALPHA_S =   0.11799999999999999     
 BORN                    5.0338792044776299E-003
 SINGLE POLE (MadFKS)   -2.8665245376818132E-005
 DOUBLE POLE (MadFKS)   -2.5210047328472874E-004
 SINGLE POLE (MadLoop)  -2.8665245376818159E-005
 DOUBLE POLE (MadLoop)  -2.5210047328472885E-004
 FINITE PART (MadLoop)   5.1764740961062665E-004
   325.00000000000000        0.0000000000000000        0.0000000000000000        325.00000000000000        0.0000000000000000     
   325.00000000000000        0.0000000000000000        0.0000000000000000       -325.00000000000000        0.0000000000000000     
   324.99999999999989       -201.87931691445928       -106.93441595147013       -231.15279439857358        1.7769999999999999     
   324.99999999999989        201.87931691445928        106.93441595147010        231.15279439857366        1.7769999999999999     

 PASSED   1.0000000000000001E-005
 MU_R    =    325.00000000000000     
 ALPHA_S =   0.11799999999999999     
 BORN                    2.9356267518589373E-003
 SINGLE POLE (MadFKS)   -1.6716821711163800E-005
 DOUBLE POLE (MadFKS)   -1.4701840538260333E-004
 SINGLE POLE (MadLoop)  -1.6716821711163536E-005
 DOUBLE POLE (MadLoop)  -1.4701840538260336E-004
 FINITE PART (MadLoop)   3.0187843648126948E-004
   325.00000000000000        0.0000000000000000        0.0000000000000000        325.00000000000000        0.0000000000000000     
   325.00000000000000        0.0000000000000000        0.0000000000000000       -325.00000000000000        0.0000000000000000     
   325.00000000000006       -143.01771276217937       -276.22081626019866       -94.179810850438400        1.7769999999999999     
   325.00000000000011        143.01771276217949        276.22081626019866        94.179810850438358        1.7769999999999999     

 PASSED   1.0000000000000001E-005
 MU_R    =    325.00000000000000     
 ALPHA_S =   0.11799999999999999     
 BORN                    1.0057280613853666E-003
 SINGLE POLE (MadFKS)   -5.7270825323578082E-006
 DOUBLE POLE (MadFKS)   -5.0367621067556820E-005
 SINGLE POLE (MadLoop)  -5.7270825323578769E-006
 DOUBLE POLE (MadLoop)  -5.0367621067556949E-005
 FINITE PART (MadLoop)   1.0342173592200725E-004
   325.00000000000000        0.0000000000000000        0.0000000000000000        325.00000000000000        0.0000000000000000     
   325.00000000000000        0.0000000000000000        0.0000000000000000       -325.00000000000000        0.0000000000000000     
   324.99999999999989       -295.47182043616340       -66.792145675935700        117.71599243579502        1.7769999999999999     
   324.99999999999989        295.47182043616345        66.792145675935672       -117.71599243579492        1.7769999999999999     

 PASSED   1.0000000000000001E-005
 MU_R    =    325.00000000000000     
 ALPHA_S =   0.11799999999999999     
 BORN                    1.0667675290591421E-003
 SINGLE POLE (MadFKS)   -6.0746696013885601E-006
 DOUBLE POLE (MadFKS)   -5.3424523719475653E-005
 SINGLE POLE (MadLoop)  -6.0746696013880993E-006
 DOUBLE POLE (MadLoop)  -5.3424523719474996E-005
 FINITE PART (MadLoop)   1.0969858942642469E-004
   325.00000000000000        0.0000000000000000        0.0000000000000000        325.00000000000000        0.0000000000000000     
   325.00000000000000        0.0000000000000000        0.0000000000000000       -325.00000000000000        0.0000000000000000     
   325.00000000000034        280.21606319819773       -125.37867158071276        106.68171778406798        1.7769999999999999     
   325.00000000000091       -280.21606319819779        125.37867158071217       -106.68171778406746        1.7769999999999999     

 PASSED   1.0000000000000001E-005
 MU_R    =    325.00000000000000     
 ALPHA_S =   0.11799999999999999     
 BORN                    6.2414908488161672E-003
 SINGLE POLE (MadFKS)   -3.5541946763310624E-005
 DOUBLE POLE (MadFKS)   -3.1257857669473828E-004
 SINGLE POLE (MadLoop)  -3.5541946763310752E-005
 DOUBLE POLE (MadLoop)  -3.1257857669473850E-004
 FINITE PART (MadLoop)   6.4182938023712402E-004
   325.00000000000000        0.0000000000000000        0.0000000000000000        325.00000000000000        0.0000000000000000     
   325.00000000000000        0.0000000000000000        0.0000000000000000       -325.00000000000000        0.0000000000000000     
   324.99999999999989        97.086320104639682        95.567979394474989       -295.06414562599196        1.7769999999999999     
   324.99999999999989       -97.086320104639626       -95.567979394475046        295.06414562599196        1.7769999999999999     

 PASSED   1.0000000000000001E-005
 MU_R    =    325.00000000000000     
 ALPHA_S =   0.11799999999999999     
 BORN                    3.8409010378279490E-003
 SINGLE POLE (MadFKS)   -2.1871873806482857E-005
 DOUBLE POLE (MadFKS)   -1.9235522549189028E-004
 SINGLE POLE (MadLoop)  -2.1871873806482942E-005
 DOUBLE POLE (MadLoop)  -1.9235522549189050E-004
 FINITE PART (MadLoop)   3.9497023906209225E-004
Thanks for using LHAPDF 6.2.1. Please make sure to cite the paper:
  Eur.Phys.J. C75 (2015) 3, 132  (http://arxiv.org/abs/1412.7420)
   325.00000000000000        0.0000000000000000        0.0000000000000000        325.00000000000000        0.0000000000000000     
   325.00000000000000        0.0000000000000000        0.0000000000000000       -325.00000000000000        0.0000000000000000     
   324.99999999999989       -211.23788910062152       -189.24052449957372       -158.70860205559021        1.7769999999999999     
   324.99999999999989        211.23788910062152        189.24052449957372        158.70860205559023        1.7769999999999999     

 PASSED   1.0000000000000001E-005
 MU_R    =    325.00000000000000     
 ALPHA_S =   0.11799999999999999     
 BORN                    6.0701884158673527E-004
 SINGLE POLE (MadFKS)   -3.4566471175863846E-006
 DOUBLE POLE (MadFKS)   -3.0399962144630720E-005
 SINGLE POLE (MadLoop)  -3.4566471175863854E-006
 DOUBLE POLE (MadLoop)  -3.0399962144630720E-005
 FINITE PART (MadLoop)   6.2421388787528976E-005
   325.00000000000000        0.0000000000000000        0.0000000000000000        325.00000000000000        0.0000000000000000     
   325.00000000000000        0.0000000000000000        0.0000000000000000       -325.00000000000000        0.0000000000000000     
   324.99999999999966       -195.02036461931729       -1.8029417952846423        259.97240056519729        1.7769999999999999     
   325.00000000000000        195.02036461931715        1.8029417952845863       -259.97240056519729        1.7769999999999999     

 PASSED   1.0000000000000001E-005
 MU_R    =    325.00000000000000     
 ALPHA_S =   0.11799999999999999     
 BORN                    5.9685760620524228E-003
 SINGLE POLE (MadFKS)   -3.3987843255505575E-005
 DOUBLE POLE (MadFKS)   -2.9891079800661608E-004
 SINGLE POLE (MadLoop)  -3.3987843255505541E-005
 DOUBLE POLE (MadLoop)  -2.9891079800661608E-004
 FINITE PART (MadLoop)   6.1376481478485605E-004
   325.00000000000000        0.0000000000000000        0.0000000000000000        325.00000000000000        0.0000000000000000     
   325.00000000000000        0.0000000000000000        0.0000000000000000       -325.00000000000000        0.0000000000000000     
   325.00000000000006        27.083677045835287        160.54439524684855       -281.27177935850682        1.7769999999999999     
   325.00000000000006       -27.083677045835262       -160.54439524684855        281.27177935850682        1.7769999999999999     

 NUMBER OF POINTS PASSING THE CHECK          20
 NUMBER OF POINTS FAILING THE CHECK           0
 TOLERANCE    1.0000000000000001E-005
