==== LHAPDF6 USING DEFAULT-TYPE LHAGLUE INTERFACE ====
LHAPDF 6.2.1 loading /cvmfs/cms.cern.ch/slc6_amd64_gcc481/external/lhapdf/6.2.1/share/LHAPDF/NNPDF31_nnlo_hessian_pdfas/NNPDF31_nnlo_hessian_pdfas_0000.dat
NNPDF31_nnlo_hessian_pdfas PDF set, member #0, version 1; LHAPDF ID = 306000
 A PDF is used, so alpha_s(MZ) is going to be modified
 Old value of alpha_s from param_card:   0.11799999999999999     
 New value of alpha_s from PDF lhapdf :  0.11800208008122040     
 using LHAPDF
 *****************************************************
 *               MadGraph/MadEvent                   *
 *        --------------------------------           *
 *          http://madgraph.hep.uiuc.edu             *
 *          http://madgraph.phys.ucl.ac.be           *
 *          http://madgraph.roma2.infn.it            *
 *        --------------------------------           *
 *                                                   *
 *          PARAMETER AND COUPLING VALUES            *
 *                                                   *
 *****************************************************

  External Params
  ---------------------------------
  
 MU_R =    91.188000000000002     
 aEWM1 =    132.50700000000001     
 mdl_Gf =    1.1663900000000000E-005
 aS =   0.11799999999999999     
 mdl_lamWS =   0.22530000000000000     
 mdl_AWS =   0.80800000000000005     
 mdl_rhoWS =   0.13200000000000001     
 mdl_etaWS =   0.34100000000000003     
 mdl_ymt =    173.00000000000000     
 mdl_ymtau =    1.7769999999999999     
 mdl_MT =    173.00000000000000     
 mdl_MZ =    91.188000000000002     
 mdl_MH =    125.00000000000000     
 mdl_MTA =    1.7769999999999999     
 mdl_WT =    1.4915000000000000     
 mdl_WZ =    2.4414039999999999     
 mdl_WW =    2.0476000000000001     
 mdl_WH =    6.3823389999999999E-003
  Internal Params
  ---------------------------------
  
 mdl_CKM33 =    1.0000000000000000     
 mdl_conjg__CKM3x3 =    1.0000000000000000     
 mdl_I4x33 =    0.0000000000000000     
 mdl_I1x33 =    0.0000000000000000     
 mdl_lhv =    1.0000000000000000     
 mdl_CKM3x3 =    1.0000000000000000     
 mdl_conjg__CKM33 =    1.0000000000000000     
 mdl_Ncol =    3.0000000000000000     
 mdl_CA =    3.0000000000000000     
 mdl_TF =   0.50000000000000000     
 mdl_CF =    1.3333333333333333     
 mdl_lamWS__exp__2 =    5.0760090000000001E-002
 mdl_CKM11 =  ( 0.97461995499999998     ,  0.0000000000000000     )
 mdl_CKM12 =  ( 0.22530000000000000     ,  0.0000000000000000     )
 mdl_complexi =  (  0.0000000000000000     ,  1.0000000000000000     )
 mdl_lamWS__exp__3 =    1.1436248277000001E-002
 mdl_CKM13 =  (  1.2197444962317122E-003, -3.1510066152652563E-003)
 mdl_CKM21 =  (-0.22530000000000000     ,  0.0000000000000000     )
 mdl_CKM22 =  ( 0.97461995499999998     ,  0.0000000000000000     )
 mdl_CKM23 =  (  4.1014152720000002E-002,  0.0000000000000000     )
 mdl_CKM31 =  (  8.0207441115842885E-003, -3.1510066152652563E-003)
 mdl_CKM32 =  ( -4.1014152720000002E-002,  0.0000000000000000     )
 mdl_MZ__exp__2 =    8315.2513440000002     
 mdl_MZ__exp__4 =    69143404.913893804     
 mdl_sqrt__2 =    1.4142135623730951     
 mdl_MH__exp__2 =    15625.000000000000     
 mdl_CKM1x1 =  ( 0.97461995499999998     ,  0.0000000000000000     )
 mdl_CKM1x2 =  ( 0.22530000000000000     ,  0.0000000000000000     )
 mdl_CKM1x3 =  (  1.2197444962317122E-003, -3.1510066152652563E-003)
 mdl_CKM2x1 =  (-0.22530000000000000     ,  0.0000000000000000     )
 mdl_CKM2x2 =  ( 0.97461995499999998     ,  0.0000000000000000     )
 mdl_CKM2x3 =  (  4.1014152720000002E-002,  0.0000000000000000     )
 mdl_CKM3x1 =  (  8.0207441115842885E-003, -3.1510066152652563E-003)
 mdl_CKM3x2 =  ( -4.1014152720000002E-002,  0.0000000000000000     )
 mdl_conjg__CKM1x3 =  (  1.2197444962317122E-003,  3.1510066152652563E-003)
 mdl_conjg__CKM2x3 =  (  4.1014152720000002E-002, -0.0000000000000000     )
 mdl_conjg__CKM2x1 =  (-0.22530000000000000     , -0.0000000000000000     )
 mdl_conjg__CKM3x1 =  (  8.0207441115842885E-003,  3.1510066152652563E-003)
 mdl_conjg__CKM2x2 =  ( 0.97461995499999998     , -0.0000000000000000     )
 mdl_conjg__CKM3x2 =  ( -4.1014152720000002E-002, -0.0000000000000000     )
 mdl_Ncol__exp__2 =    9.0000000000000000     
 mdl_MT__exp__2 =    29929.000000000000     
 mdl_conjg__CKM11 =  ( 0.97461995499999998     , -0.0000000000000000     )
 mdl_conjg__CKM12 =  ( 0.22530000000000000     , -0.0000000000000000     )
 mdl_conjg__CKM13 =  (  1.2197444962317122E-003,  3.1510066152652563E-003)
 mdl_conjg__CKM21 =  (-0.22530000000000000     , -0.0000000000000000     )
 mdl_conjg__CKM22 =  ( 0.97461995499999998     , -0.0000000000000000     )
 mdl_conjg__CKM23 =  (  4.1014152720000002E-002, -0.0000000000000000     )
 mdl_conjg__CKM31 =  (  8.0207441115842885E-003,  3.1510066152652563E-003)
 mdl_conjg__CKM32 =  ( -4.1014152720000002E-002, -0.0000000000000000     )
 mdl_aEW =    7.5467711139788835E-003
 mdl_MW =    80.419002445756163     
 mdl_sqrt__aEW =    8.6872153846781555E-002
 mdl_ee =   0.30795376724436879     
 mdl_MW__exp__2 =    6467.2159543705357     
 mdl_sw2 =   0.22224648578577766     
 mdl_cw =   0.88190334743339216     
 mdl_sqrt__sw2 =   0.47143025548407230     
 mdl_sw =   0.47143025548407230     
 mdl_g1 =   0.34919219678733299     
 mdl_gw =   0.65323293034757990     
 mdl_v =    246.21845810181637     
 mdl_v__exp__2 =    60623.529110035903     
 mdl_lam =   0.12886910601690263     
 mdl_yt =   0.99366614581500623     
 mdl_ytau =    1.0206617000654717E-002
 mdl_muH =    88.388347648318430     
 mdl_AxialZUp =  -0.18517701861793787     
 mdl_AxialZDown =   0.18517701861793787     
 mdl_VectorZUp =    7.5430507588273299E-002
 mdl_VectorZDown =  -0.13030376310310560     
 mdl_VectorAUp =   0.20530251149624587     
 mdl_VectorADown =  -0.10265125574812294     
 mdl_VectorWmDxU =   0.23095271737156670     
 mdl_AxialWmDxU =  -0.23095271737156670     
 mdl_VectorWpUxD =   0.23095271737156670     
 mdl_AxialWpUxD =  -0.23095271737156670     
 mdl_I2x13 =  (  7.9699418879263656E-003,  3.1310485988282153E-003)
 mdl_I2x23 =  ( -4.0754375057150453E-002, -0.0000000000000000     )
 mdl_I2x33 =  ( 0.99366614581500623     ,  0.0000000000000000     )
 mdl_I3x31 =  (  7.9699418879263656E-003, -3.1310485988282153E-003)
 mdl_I3x32 =  ( -4.0754375057150453E-002,  0.0000000000000000     )
 mdl_I3x33 =  ( 0.99366614581500623     ,  0.0000000000000000     )
 mdl_Vector_tdGp =  ( -7.9699418879263656E-003, -3.1310485988282153E-003)
 mdl_Vector_tsGp =  (  4.0754375057150453E-002,  0.0000000000000000     )
 mdl_Vector_tbGp =  (-0.99366614581500623     ,  0.0000000000000000     )
 mdl_Axial_tdGp =  ( -7.9699418879263656E-003, -3.1310485988282153E-003)
 mdl_Axial_tsGp =  (  4.0754375057150453E-002,  0.0000000000000000     )
 mdl_Axial_tbGp =  (-0.99366614581500623     , -0.0000000000000000     )
 mdl_Vector_tdGm =  (  7.9699418879263656E-003, -3.1310485988282153E-003)
 mdl_Vector_tsGm =  ( -4.0754375057150453E-002,  0.0000000000000000     )
 mdl_Vector_tbGm =  ( 0.99366614581500623     ,  0.0000000000000000     )
 mdl_Axial_tdGm =  ( -7.9699418879263656E-003,  3.1310485988282153E-003)
 mdl_Axial_tsGm =  (  4.0754375057150453E-002, -0.0000000000000000     )
 mdl_Axial_tbGm =  (-0.99366614581500623     ,  0.0000000000000000     )
 mdl_gw__exp__2 =   0.42671326129048615     
 mdl_cw__exp__2 =   0.77775351421422245     
 mdl_ee__exp__2 =    9.4835522759998875E-002
 mdl_sw__exp__2 =   0.22224648578577769     
 mdl_yt__exp__2 =   0.98737240933884918     
  Internal Params evaluated point by point
  ----------------------------------------
  
 mdl_sqrt__aS =   0.34351128074635334     
 mdl_G__exp__4 =    2.1987899468922913     
 mdl_G__exp__2 =    1.4828317324943823     
 mdl_R2MixedFactor_FIN_ =   -2.5040377713124864E-002
 mdl_G_UVg_1EPS_ =   -5.1645779033320030E-002
 mdl_G_UVq_1EPS_ =    3.1300472141406080E-003
 mdl_G_UVb_1EPS_ =    3.1300472141406080E-003
 mdl_GWcft_UV_t_1EPS_ =   -3.1300472141406080E-003
 mdl_tWcft_UV_1EPS_ =   -1.8780283284843650E-002
 mdl_G__exp__3 =    1.8056676068262196     
 mdl_MU_R__exp__2 =    8315.2513440000002     
 mdl_G_UVt_FIN_ =   -4.0087659331150384E-003
 mdl_GWcft_UV_t_FIN_ =    4.0087659331150384E-003
 mdl_tWcft_UV_FIN_ =   -9.8778211443463623E-004
  Couplings of loop_sm-ckm_no_b_mass
  ---------------------------------
  
       UV_3Gt =   0.48815E-02   0.00000E+00
      UV_GQQt =   0.00000E+00  -0.48815E-02
   UVWfct_G_2 =   0.40088E-02   0.00000E+00
       R2_DDA =   0.00000E+00   0.25704E-02
       R2_UUA =  -0.00000E+00  -0.51409E-02
    R2_DDZ_V2 =   0.00000E+00   0.72127E-02
    R2_UUZ_V2 =  -0.00000E+00  -0.72127E-02
    R2_UUZ_V5 =   0.00000E+00   0.68702E-03
      R2_GGHt =   0.00000E+00  -0.45657E+01
     R2_GGZup =  -0.46369E-02   0.00000E+00
   R2_GGZdown =   0.46369E-02   0.00000E+00
 R2_GGGZvecUp =   0.00000E+00   0.28750E-03
 R2_GGGZvecDown  -0.00000E+00  -0.49665E-03
 R2_GGGZaxialUp  -0.00000E+00  -0.63522E-02
 R2_GGGZaxialDow  0.00000E+00   0.63522E-02
 R2_GGGAvecUp =   0.00000E+00   0.78251E-03
 R2_GGGAvecDown  -0.00000E+00  -0.39126E-03
         GC_4 =  -0.12177E+01   0.00000E+00
         GC_5 =   0.00000E+00   0.12177E+01
         GC_6 =   0.00000E+00   0.14828E+01
       R2_3Gq =   0.76230E-02   0.00000E+00
       R2_3Gg =   0.31445E-01   0.00000E+00
       R2_GQQ =  -0.00000E+00  -0.30492E-01
       R2_GGq =   0.00000E+00   0.62601E-02
       R2_GGt =  -0.00000E+00  -0.11242E+04
     R2_GGg_1 =   0.00000E+00   0.28170E-01
     R2_GGg_2 =  -0.00000E+00  -0.18780E-01
       R2_QQq =   0.00000E+00   0.12520E-01
  UV_3Gg_1eps =   0.62890E-01   0.00000E+00
  UV_3Gb_1eps =  -0.38115E-02   0.00000E+00
 UV_GQQg_1eps =   0.00000E+00  -0.62890E-01
 UV_GQQq_1eps =   0.00000E+00   0.38115E-02
 UVWfct_G_2_1eps -0.31300E-02   0.00000E+00
         GC_1 =  -0.00000E+00  -0.10265E+00
         GC_2 =   0.00000E+00   0.20530E+00
        GC_21 =  -0.00000E+00  -0.28804E+00
        GC_22 =   0.00000E+00   0.28804E+00
        GC_23 =  -0.00000E+00  -0.27437E-01
        GC_24 =   0.00000E+00   0.82310E-01
        GC_37 =  -0.00000E+00  -0.70263E+00
        GC_38 =  -0.00000E+00  -0.72172E-02
      GC_1003 =  -0.00000E+00  -0.30795E+00

 Collider parameters:
 --------------------

 Running at P P   machine @    13000.000000000000       GeV
 PDF set = lhapdf 
 alpha_s(Mz)= 0.1180 running at 3 loops.
 alpha_s(Mz)= 0.1180 running at 3 loops.
 Renormalization scale set on event-by-event basis
 Factorization   scale set on event-by-event basis


 ===============================================================
 INFO: MadFKS read these parameters from FKS_params.dat
 ===============================================================
  > IRPoleCheckThreshold      =    1.0000000000000001E-005
  > PrecisionVirtualAtRunTime =    1.0000000000000000E-003
  > NHelForMCoverHels         =            4
  > VirtualFraction           =    1.0000000000000000     
  > MinVirtualFraction        =    5.0000000000000001E-003
 ===============================================================
  Insert the number of points to test
 Insert the relative tolerance
  A negative number will mean use the default one:    1.0000000000000001E-005
Using random seed offsets:     0 ,     26 ,      0
  with seed                   32
 Ranmar initialization seeds       10729        9432
  ========================================================================================== 
 {                                                                                          }
 {       [32m                                                                            [0m       }
 {       [32m                               ,,                                           [0m       }
 {       [32m`7MMM.     ,MMF'             `7MM  `7MMF'                                   [0m       }
 {       [32m  MMMb    dPMM                 MM    MM                                     [0m       }
 {       [32m  M YM   ,M MM   ,6"Yb.   ,M""bMM    MM         ,pW"Wq.   ,pW"Wq.`7MMpdMAo. [0m       }
 {       [32m  M  Mb  M' MM  8)   MM ,AP    MM    MM        6W'   `Wb 6W'   `Wb MM   `Wb [0m       }
 {       [32m  M  YM.P'  MM   ,pm9MM 8MI    MM    MM      , 8M     M8 8M     M8 MM    M8 [0m       }
 {       [32m  M  `YM'   MM  8M   MM `Mb    MM    MM     ,M YA.   ,A9 YA.   ,A9 MM   ,AP [0m       }
 {       [32m.JML. `'  .JMML.`Moo9^Yo.`Wbmd"MML..JMMmmmmMMM  `Ybmd9'   `Ybmd9'  MMbmmd'  [0m       }
 {       [32m                                                                   MM       [0m       }
 {       [32m                                                                 .JMML.     [0m       }
 {       [32m[0mv2.4.2 (2016-06-10), Ref: arXiv:1103.0621v2, arXiv:1405.0301[32m                [0m       }
 {       [32m                                                                            [0m       }
 {                                                                                          }
  ========================================================================================== 
 ===============================================================
 INFO: MadLoop read these parameters from ./MadLoop5_resources/MadLoopParams.dat                                                                                                                                                                                                                                                                                                                                                                                                                                                                                          
 ===============================================================
  > MLReductionLib            = 6|1|2
  > IREGIMODE                 =            2
  > IREGIRECY                 =  T
  > CTModeRun                 =           -1
  > MLStabThres               =    1.0000000000000000E-003
  > NRotations_DP             =            1
  > NRotations_QP             =            0
  > CTStabThres               =    1.0000000000000000E-002
  > CTLoopLibrary             =            2
  > CTModeInit                =            1
  > CheckCycle                =            3
  > MaxAttempts               =           10
  > UseLoopFilter             =  F
  > HelicityFilterLevel       =            2
  > ImprovePSPoint            =            2
  > DoubleCheckHelicityFilter =  T
  > LoopInitStartOver         =  F
  > HelInitStartOver          =  F
  > ZeroThres                 =    1.0000000000000001E-009
  > OSThres                   =    1.0000000000000000E-008
  > WriteOutFilters           =  T
  > UseQPIntegrandForNinja    =  F
  > UseQPIntegrandForCutTools =  T
 ===============================================================
  
------------------------------------------------------------------------
|              You are using CutTools - Version 1.9.3                  |
|              Authors: G. Ossola, C. Papadopoulos, R. Pittau          |
|              Published in JHEP 0803:042,2008                         |
|              http://www.ugr.es/~pittau/CutTools                      |
|                                                                      |
|              Compiler with  34  significant digits detetected        |
 ---------------------------------------------------------------------- 
   
########################################################################
#                                                                      #
#                      You are using OneLOop-3.6                       #
#                                                                      #
# for the evaluation of 1-loop scalar 1-, 2-, 3- and 4-point functions #
#                                                                      #
# author: Andreas van Hameren <hamerenREMOVETHIS@ifj.edu.pl>           #
#   date: 18-02-2015                                                   #
#                                                                      #
# Please cite                                                          #
#    A. van Hameren,                                                   #
#      Comput.Phys.Commun. 182 (2011) 2427-2438, arXiv:1007.4716       #
#    A. van Hameren, C.G. Papadopoulos and R. Pittau,                  #
#      JHEP 0909:106,2009, arXiv:0903.4665                             #
# in publications with results obtained with the help of this program. #
#                                                                      #
########################################################################
 PASSED   1.0000000000000001E-005
 MU_R    =    325.00000000000000     
 ALPHA_S =   0.11799999999999999     
 BORN                    1.3984094277420819E-007
 SINGLE POLE (MadFKS)   -1.2264823338894925E-008
 DOUBLE POLE (MadFKS)   -1.4882097614009022E-008
 SINGLE POLE (MadLoop)  -1.2264823338894870E-008
 DOUBLE POLE (MadLoop)  -1.4882097614009050E-008
 FINITE PART (MadLoop)   1.2303168986455528E-008
   325.00000000000000        0.0000000000000000        0.0000000000000000        325.00000000000000        0.0000000000000000     
   325.00000000000000        0.0000000000000000        0.0000000000000000       -325.00000000000000        0.0000000000000000     
   218.55597364820440        115.74389171773335        178.88925069530984       -48.636852324331329        1.7769999999999999     
   176.17871523295435       -4.4489602755560025        12.518380296647470        175.66809294618486        1.7769999999999999     
   255.26531111884287       -111.29493144217734       -191.40763099195715       -127.03124062185346        0.0000000000000000     

 PASSED   1.0000000000000001E-005
 MU_R    =    325.00000000000000     
 ALPHA_S =   0.11799999999999999     
 BORN                    5.6402202557843540E-008
 SINGLE POLE (MadFKS)   -1.7861369363171756E-009
 DOUBLE POLE (MadFKS)   -6.0024129375774635E-009
 SINGLE POLE (MadLoop)  -1.7861369363171812E-009
 DOUBLE POLE (MadLoop)  -6.0024129375775073E-009
 FINITE PART (MadLoop)   6.9250397616811892E-009
   325.00000000000000        0.0000000000000000        0.0000000000000000        325.00000000000000        0.0000000000000000     
   325.00000000000000        0.0000000000000000        0.0000000000000000       -325.00000000000000        0.0000000000000000     
   122.97215225090241        111.33262326349623       -23.965789238219191       -46.364646484975680        1.7769999999999999     
   289.95969518539380       -153.54303912730262        243.97840280691673       -31.185592865037911        1.7769999999999999     
   237.06815256370689        42.210415863806006       -220.01261356869779        77.550239350013499        0.0000000000000000     

 PASSED   1.0000000000000001E-005
 MU_R    =    325.00000000000000     
 ALPHA_S =   0.11799999999999999     
 BORN                    1.3132509708420633E-007
 SINGLE POLE (MadFKS)   -5.5959671471459750E-009
 DOUBLE POLE (MadFKS)   -1.3975827645355607E-008
 SINGLE POLE (MadLoop)  -5.5959671471458807E-009
 DOUBLE POLE (MadLoop)  -1.3975827645355589E-008
 FINITE PART (MadLoop)   1.2856454087024203E-008
   325.00000000000000        0.0000000000000000        0.0000000000000000        325.00000000000000        0.0000000000000000     
   325.00000000000000        0.0000000000000000        0.0000000000000000       -325.00000000000000        0.0000000000000000     
   262.20352797864564        63.263477091423354        250.77476765077392       -43.096180009969949        1.7769999999999999     
   126.02992012958227        109.11899357693964       -54.073154209380384        32.396331173039485        1.7769999999999999     
   261.76655189177546       -172.38247066836300       -196.70161344139350        10.699848836930450        0.0000000000000000     

 PASSED   1.0000000000000001E-005
 MU_R    =    325.00000000000000     
 ALPHA_S =   0.11799999999999999     
 BORN                    1.0459797997011664E-007
 SINGLE POLE (MadFKS)   -9.4378558294038623E-009
 DOUBLE POLE (MadFKS)   -1.1131484937546757E-008
 SINGLE POLE (MadLoop)  -9.4378558294039516E-009
 DOUBLE POLE (MadLoop)  -1.1131484937546750E-008
 FINITE PART (MadLoop)   1.5989415290551450E-008
   325.00000000000000        0.0000000000000000        0.0000000000000000        325.00000000000000        0.0000000000000000     
   325.00000000000000        0.0000000000000000        0.0000000000000000       -325.00000000000000        0.0000000000000000     
   238.53035875177756       -169.99515838548479       -43.749280438903931        161.49681391229930        1.7769999999999999     
   239.93147005069517        100.68975784332800        190.40576463689209       -105.69375596590396        1.7769999999999999     
   171.53817119752762        69.305400542156804       -146.65648419798816       -55.803057946395299        0.0000000000000000     

 PASSED   1.0000000000000001E-005
 MU_R    =    325.00000000000000     
 ALPHA_S =   0.11799999999999999     
 BORN                    1.4966738783711696E-007
 SINGLE POLE (MadFKS)   -1.2726088244563908E-009
 DOUBLE POLE (MadFKS)   -1.5927843671807177E-008
 SINGLE POLE (MadLoop)  -1.2726088244562109E-009
 DOUBLE POLE (MadLoop)  -1.5927843671807038E-008
 FINITE PART (MadLoop)   3.7504271486465391E-009
   325.00000000000000        0.0000000000000000        0.0000000000000000        325.00000000000000        0.0000000000000000     
   325.00000000000000        0.0000000000000000        0.0000000000000000       -325.00000000000000        0.0000000000000000     
   198.09702473616304        43.175680045281389        92.834859749412956       -169.57836816131439        1.7769999999999999     
   157.44427974465924        146.88723464043562        56.633485950327533        1.5271097256508726        1.7769999999999999     
   294.45869551918059       -190.06291468571706       -149.46834569974050        168.05125843566356        0.0000000000000000     

 PASSED   1.0000000000000001E-005
 MU_R    =    325.00000000000000     
 ALPHA_S =   0.11799999999999999     
 BORN                    2.7357484820733200E-007
 SINGLE POLE (MadFKS)   -2.4767806428845441E-008
 DOUBLE POLE (MadFKS)   -2.9114274510670175E-008
 SINGLE POLE (MadLoop)  -2.4767806428845163E-008
 DOUBLE POLE (MadLoop)  -2.9114274510670188E-008
 FINITE PART (MadLoop)   1.9595003468443275E-008
   325.00000000000000        0.0000000000000000        0.0000000000000000        325.00000000000000        0.0000000000000000     
   325.00000000000000        0.0000000000000000        0.0000000000000000       -325.00000000000000        0.0000000000000000     
   216.16566503326777       -162.71570208182956        82.057043539407672        116.25265120359174        1.7769999999999999     
   159.38733108102406       -57.791693478176107       -144.40093426727020        34.780079467937320        1.7769999999999999     
   274.44700388571050        220.50739556000568        62.343890727862558       -151.03273067152907        0.0000000000000000     

 PASSED   1.0000000000000001E-005
 MU_R    =    325.00000000000000     
 ALPHA_S =   0.11799999999999999     
 BORN                    8.0878933690461687E-008
 SINGLE POLE (MadFKS)   -7.9167853441743881E-010
 DOUBLE POLE (MadFKS)   -8.6072659567367477E-009
 SINGLE POLE (MadLoop)  -7.9167853441775945E-010
 DOUBLE POLE (MadLoop)  -8.6072659567367874E-009
 FINITE PART (MadLoop)   6.5104398013986537E-009
   325.00000000000000        0.0000000000000000        0.0000000000000000        325.00000000000000        0.0000000000000000     
   325.00000000000000        0.0000000000000000        0.0000000000000000       -325.00000000000000        0.0000000000000000     
   138.74628323411272        3.0013578216772894        8.6847710650237566       -138.43027120198460        1.7769999999999999     
   229.69113558159179       -221.16441866502743        55.496766168885976       -27.591101774261318        1.7769999999999999     
   281.56258118429866        218.16306084335014       -64.181537233909722        166.02137297624594        0.0000000000000000     

 PASSED   1.0000000000000001E-005
 MU_R    =    325.00000000000000     
 ALPHA_S =   0.11799999999999999     
 BORN                    1.1244732855218892E-007
 SINGLE POLE (MadFKS)   -5.2469805671968858E-009
 DOUBLE POLE (MadFKS)   -1.1966825214059307E-008
 SINGLE POLE (MadLoop)  -5.2469805671970653E-009
 DOUBLE POLE (MadLoop)  -1.1966825214059272E-008
 FINITE PART (MadLoop)   1.7032469366648492E-008
   325.00000000000000        0.0000000000000000        0.0000000000000000        325.00000000000000        0.0000000000000000     
   325.00000000000000        0.0000000000000000        0.0000000000000000       -325.00000000000000        0.0000000000000000     
   86.752788380245391       -53.999958995389676       -1.3010950516133113        67.861624965149048        1.7769999999999999     
   311.72243026839425        294.08890744994585        76.257544763784765       -69.743940130526454        1.7769999999999999     
   251.52478135136028       -240.08894845455617       -74.956449712171448        1.8823151653774042        0.0000000000000000     

 PASSED   1.0000000000000001E-005
 MU_R    =    325.00000000000000     
 ALPHA_S =   0.11799999999999999     
 BORN                    1.7583128573132548E-007
 SINGLE POLE (MadFKS)   -5.4559794602251603E-009
 DOUBLE POLE (MadFKS)   -1.8712247686111284E-008
 SINGLE POLE (MadLoop)  -5.4559794602251024E-009
 DOUBLE POLE (MadLoop)  -1.8712247686111314E-008
 FINITE PART (MadLoop)   1.4441278525935245E-008
   325.00000000000000        0.0000000000000000        0.0000000000000000        325.00000000000000        0.0000000000000000     
   325.00000000000000        0.0000000000000000        0.0000000000000000       -325.00000000000000        0.0000000000000000     
   277.19583029073380        270.44997613482417       -58.682752068442355        15.732629148242093        1.7769999999999999     
   101.35713504093157       -5.3692965150409879        70.017682815921631       -73.067132438109297        1.7769999999999999     
   271.44703466833460       -265.08067961978315       -11.334930747479270        57.334503289867186        0.0000000000000000     

 PASSED   1.0000000000000001E-005
 MU_R    =    325.00000000000000     
 ALPHA_S =   0.11799999999999999     
 BORN                    5.8049303133377844E-008
 SINGLE POLE (MadFKS)   -3.6776311346404122E-009
 DOUBLE POLE (MadFKS)   -6.1777000248847215E-009
 SINGLE POLE (MadLoop)  -3.6776311346402476E-009
 DOUBLE POLE (MadLoop)  -6.1777000248846893E-009
 FINITE PART (MadLoop)   5.0403455816316920E-009
   325.00000000000000        0.0000000000000000        0.0000000000000000        325.00000000000000        0.0000000000000000     
   325.00000000000000        0.0000000000000000        0.0000000000000000       -325.00000000000000        0.0000000000000000     
   299.09149504411926        172.66040329445167       -235.29115412929028       -65.414238522131186        1.7769999999999999     
   167.34590457451159       -8.4713144395128204        153.22143062140742        66.730233619085070        1.7769999999999999     
   183.56260038137000       -164.18908885493883        82.069723507882856       -1.3159950969539163        0.0000000000000000     

 PASSED   1.0000000000000001E-005
 MU_R    =    325.00000000000000     
 ALPHA_S =   0.11799999999999999     
 BORN                    1.6404957765236743E-007
 SINGLE POLE (MadFKS)   -5.0271787588581771E-009
 DOUBLE POLE (MadFKS)   -1.7458419399399025E-008
 SINGLE POLE (MadLoop)  -5.0271787588578247E-009
 DOUBLE POLE (MadLoop)  -1.7458419399399008E-008
 FINITE PART (MadLoop)   1.3419428995513270E-008
   325.00000000000000        0.0000000000000000        0.0000000000000000        325.00000000000000        0.0000000000000000     
   325.00000000000000        0.0000000000000000        0.0000000000000000       -325.00000000000000        0.0000000000000000     
   232.96901962453771        136.76759222635391        188.13871793074972       -13.032839590733859        1.7769999999999999     
   136.19104836036692       -98.693793889325406        85.098560734499074       -39.529911878777895        1.7769999999999999     
   280.83993201509873       -38.073798337028492       -273.23727866524888        52.562751469511710        0.0000000000000000     

 PASSED   1.0000000000000001E-005
 MU_R    =    325.00000000000000     
 ALPHA_S =   0.11799999999999999     
 BORN                    1.3090060479250950E-006
 SINGLE POLE (MadFKS)   -1.9002380324318213E-007
 DOUBLE POLE (MadFKS)   -1.3930652494243912E-007
 SINGLE POLE (MadLoop)  -1.9002380324318341E-007
 DOUBLE POLE (MadLoop)  -1.3930652494243881E-007
 FINITE PART (MadLoop)   1.3230895708180327E-007
   325.00000000000000        0.0000000000000000        0.0000000000000000        325.00000000000000        0.0000000000000000     
   325.00000000000000        0.0000000000000000        0.0000000000000000       -325.00000000000000        0.0000000000000000     
   315.70890244604863       -13.667006301369728        135.40420271478476        284.86464887841112        1.7769999999999999     
   68.183799658520428       -5.5298421444230073        15.087081823513337       -66.239517018028096        1.7769999999999999     
   266.10729789543097        19.196848445792693       -150.49128453829800       -218.62513186038316        0.0000000000000000     

 PASSED   1.0000000000000001E-005
 MU_R    =    325.00000000000000     
 ALPHA_S =   0.11799999999999999     
 BORN                    4.4298174902008787E-008
 SINGLE POLE (MadFKS)   -2.2976811923548897E-009
 DOUBLE POLE (MadFKS)   -4.7142828840805643E-009
 SINGLE POLE (MadLoop)  -2.2976811923548546E-009
 DOUBLE POLE (MadLoop)  -4.7142828840805659E-009
 FINITE PART (MadLoop)   4.8953531445004006E-009
   325.00000000000000        0.0000000000000000        0.0000000000000000        325.00000000000000        0.0000000000000000     
   325.00000000000000        0.0000000000000000        0.0000000000000000       -325.00000000000000        0.0000000000000000     
   311.89811982501857       -43.660631050258118        279.76296975049024       -130.78115106566813        1.7769999999999999     
   170.02169113819022        81.445976297309016       -122.40835431418439        85.363724541291148        1.7769999999999999     
   168.08018903679198       -37.785345247050834       -157.35461543630583        45.417426524376999        0.0000000000000000     

 PASSED   1.0000000000000001E-005
 MU_R    =    325.00000000000000     
 ALPHA_S =   0.11799999999999999     
 BORN                    2.5278363797908541E-007
 SINGLE POLE (MadFKS)   -4.2576471983292422E-008
 DOUBLE POLE (MadFKS)   -2.6901640542449987E-008
 SINGLE POLE (MadLoop)  -4.2576471983293845E-008
 DOUBLE POLE (MadLoop)  -2.6901640542450152E-008
 FINITE PART (MadLoop)   3.1273109720575683E-008
   325.00000000000000        0.0000000000000000        0.0000000000000000        325.00000000000000        0.0000000000000000     
   325.00000000000000        0.0000000000000000        0.0000000000000000       -325.00000000000000        0.0000000000000000     
   235.42381183027970       -65.469647090771005       -165.89260413044050        153.67037011841219        1.7769999999999999     
   264.49456314786448        129.25223264513960        228.37793744341485       -33.039283453460158        1.7769999999999999     
   150.08162502185607       -63.782585554368580       -62.485333312974333       -120.63108666495204        0.0000000000000000     

 PASSED   1.0000000000000001E-005
 MU_R    =    325.00000000000000     
 ALPHA_S =   0.11799999999999999     
 BORN                    1.0690591615932289E-005
 SINGLE POLE (MadFKS)    3.3664533972176468E-007
 DOUBLE POLE (MadFKS)   -1.1377099211687694E-006
 SINGLE POLE (MadLoop)   3.3664533972061489E-007
 DOUBLE POLE (MadLoop)  -1.1377099211687722E-006
 FINITE PART (MadLoop)  -2.9040126659279180E-006
   325.00000000000000        0.0000000000000000        0.0000000000000000        325.00000000000000        0.0000000000000000     
   325.00000000000000        0.0000000000000000        0.0000000000000000       -325.00000000000000        0.0000000000000000     
   246.29267768994134       -53.924268717070937       -7.3272807150657728       -240.19868766363624        1.7769999999999999     
   84.270926036149376        13.913636340718648        34.607544570117966       -75.545746594998249        1.7769999999999999     
   319.43639627390928        40.010632376352284       -27.280263855052191        315.74443425863450        0.0000000000000000     

 PASSED   1.0000000000000001E-005
 MU_R    =    325.00000000000000     
 ALPHA_S =   0.11799999999999999     
 BORN                    1.3277047530608112E-007
 SINGLE POLE (MadFKS)   -5.2247341060614721E-009
 DOUBLE POLE (MadFKS)   -1.4129647115965403E-008
 SINGLE POLE (MadLoop)  -5.2247341060615002E-009
 DOUBLE POLE (MadLoop)  -1.4129647115965426E-008
Thanks for using LHAPDF 6.2.1. Please make sure to cite the paper:
  Eur.Phys.J. C75 (2015) 3, 132  (http://arxiv.org/abs/1412.7420)
 FINITE PART (MadLoop)   1.1403037308540597E-008
   325.00000000000000        0.0000000000000000        0.0000000000000000        325.00000000000000        0.0000000000000000     
   325.00000000000000        0.0000000000000000        0.0000000000000000       -325.00000000000000        0.0000000000000000     
   317.94935708088070        177.92628646265425        263.49250328890088        1.6041307002363296        1.7769999999999999     
   90.112841745666216       -37.079705053316971       -70.863331808245704       -41.480720782949028        1.7769999999999999     
   241.93780117345304       -140.84658140933709       -192.62917148065523        39.876590082712475        0.0000000000000000     

 PASSED   1.0000000000000001E-005
 MU_R    =    325.00000000000000     
 ALPHA_S =   0.11799999999999999     
 BORN                    9.5464339939403067E-008
 SINGLE POLE (MadFKS)   -5.0368886838891231E-009
 DOUBLE POLE (MadFKS)   -1.0159468303421420E-008
 SINGLE POLE (MadLoop)  -5.0368886838923053E-009
 DOUBLE POLE (MadLoop)  -1.0159468303421415E-008
 FINITE PART (MadLoop)   1.4476840588671765E-008
   325.00000000000000        0.0000000000000000        0.0000000000000000        325.00000000000000        0.0000000000000000     
   325.00000000000000        0.0000000000000000        0.0000000000000000       -325.00000000000000        0.0000000000000000     
   255.11775638945650       -195.06461423225582        42.259022673125266        158.88953135220581        1.7769999999999999     
   311.70330685740333        191.03605390751716       -79.781635516203252       -233.01482896726657        1.7769999999999999     
   83.178936753140206        4.0285603247386090        37.522612843077994        74.125297615060674        0.0000000000000000     

 PASSED   1.0000000000000001E-005
 MU_R    =    325.00000000000000     
 ALPHA_S =   0.11799999999999999     
 BORN                    2.3636136025899612E-007
 SINGLE POLE (MadFKS)   -2.9185378948890113E-008
 DOUBLE POLE (MadFKS)   -2.5153955385111285E-008
 SINGLE POLE (MadLoop)  -2.9185378948890228E-008
 DOUBLE POLE (MadLoop)  -2.5153955385111302E-008
 FINITE PART (MadLoop)   3.0696149069227404E-008
   325.00000000000000        0.0000000000000000        0.0000000000000000        325.00000000000000        0.0000000000000000     
   325.00000000000000        0.0000000000000000        0.0000000000000000       -325.00000000000000        0.0000000000000000     
   274.96172059468495        96.467434580147369        3.7454736383692011        257.45056915093215        1.7769999999999999     
   289.64243197636216       -172.48386613328518        25.085454250443316       -231.32145724282790        1.7769999999999999     
   85.395847428952976        76.016431553137750       -28.830927888812514       -26.129111908104214        0.0000000000000000     

 PASSED   1.0000000000000001E-005
 MU_R    =    325.00000000000000     
 ALPHA_S =   0.11799999999999999     
 BORN                    8.1622163812214186E-008
 SINGLE POLE (MadFKS)   -1.9647151155493390E-009
 DOUBLE POLE (MadFKS)   -8.6863616993866790E-009
 SINGLE POLE (MadLoop)  -1.9647151155492840E-009
 DOUBLE POLE (MadLoop)  -8.6863616993866657E-009
 FINITE PART (MadLoop)   6.3474740299249339E-009
   325.00000000000000        0.0000000000000000        0.0000000000000000        325.00000000000000        0.0000000000000000     
   325.00000000000000        0.0000000000000000        0.0000000000000000       -325.00000000000000        0.0000000000000000     
   208.31991293574720        142.58393073563434        107.27104342342821       -107.50243874155653        1.7769999999999999     
   173.45580709698061       -101.45340590464986        140.13258820236484        12.402557829647233        1.7769999999999999     
   268.22427996727407       -41.130524830984470       -247.40363162579303        95.099880911909324        0.0000000000000000     

 PASSED   1.0000000000000001E-005
 MU_R    =    325.00000000000000     
 ALPHA_S =   0.11799999999999999     
 BORN                    1.6492561328906215E-008
 SINGLE POLE (MadFKS)   -1.3472479111601188E-009
 DOUBLE POLE (MadFKS)   -1.7551648518139248E-009
 SINGLE POLE (MadLoop)  -1.3472479111600495E-009
 DOUBLE POLE (MadLoop)  -1.7551648518139279E-009
 FINITE PART (MadLoop)   2.0924860971512827E-009
   325.00000000000000        0.0000000000000000        0.0000000000000000        325.00000000000000        0.0000000000000000     
   325.00000000000000        0.0000000000000000        0.0000000000000000       -325.00000000000000        0.0000000000000000     
   255.91080810491630       -22.542905718355748       -41.645014179912771       -251.48497802381533        1.7769999999999999     
   280.61430459914084        135.53163025743797        45.017238069302593        241.54886812616664        1.7769999999999999     
   113.47488729594299       -112.98872453908224       -3.3722238893898200        9.9361098976484872        0.0000000000000000     

 NUMBER OF POINTS PASSING THE CHECK          20
 NUMBER OF POINTS FAILING THE CHECK           0
 TOLERANCE    1.0000000000000001E-005
