==== LHAPDF6 USING DEFAULT-TYPE LHAGLUE INTERFACE ====
LHAPDF 6.2.1 loading /cvmfs/cms.cern.ch/slc6_amd64_gcc481/external/lhapdf/6.2.1/share/LHAPDF/NNPDF31_nnlo_hessian_pdfas/NNPDF31_nnlo_hessian_pdfas_0000.dat
NNPDF31_nnlo_hessian_pdfas PDF set, member #0, version 1; LHAPDF ID = 306000
 A PDF is used, so alpha_s(MZ) is going to be modified
 Old value of alpha_s from param_card:   0.11799999999999999     
 New value of alpha_s from PDF lhapdf :  0.11800208008122040     
 using LHAPDF
 *****************************************************
 *               MadGraph/MadEvent                   *
 *        --------------------------------           *
 *          http://madgraph.hep.uiuc.edu             *
 *          http://madgraph.phys.ucl.ac.be           *
 *          http://madgraph.roma2.infn.it            *
 *        --------------------------------           *
 *                                                   *
 *          PARAMETER AND COUPLING VALUES            *
 *                                                   *
 *****************************************************

  External Params
  ---------------------------------
  
 MU_R =    91.188000000000002     
 aEWM1 =    132.50700000000001     
 mdl_Gf =    1.1663900000000000E-005
 aS =   0.11799999999999999     
 mdl_lamWS =   0.22530000000000000     
 mdl_AWS =   0.80800000000000005     
 mdl_rhoWS =   0.13200000000000001     
 mdl_etaWS =   0.34100000000000003     
 mdl_ymt =    173.00000000000000     
 mdl_ymtau =    1.7769999999999999     
 mdl_MT =    173.00000000000000     
 mdl_MZ =    91.188000000000002     
 mdl_MH =    125.00000000000000     
 mdl_MTA =    1.7769999999999999     
 mdl_WT =    1.4915000000000000     
 mdl_WZ =    2.4414039999999999     
 mdl_WW =    2.0476000000000001     
 mdl_WH =    6.3823389999999999E-003
  Internal Params
  ---------------------------------
  
 mdl_CKM33 =    1.0000000000000000     
 mdl_conjg__CKM3x3 =    1.0000000000000000     
 mdl_I4x33 =    0.0000000000000000     
 mdl_I1x33 =    0.0000000000000000     
 mdl_lhv =    1.0000000000000000     
 mdl_CKM3x3 =    1.0000000000000000     
 mdl_conjg__CKM33 =    1.0000000000000000     
 mdl_Ncol =    3.0000000000000000     
 mdl_CA =    3.0000000000000000     
 mdl_TF =   0.50000000000000000     
 mdl_CF =    1.3333333333333333     
 mdl_lamWS__exp__2 =    5.0760090000000001E-002
 mdl_CKM11 =  ( 0.97461995499999998     ,  0.0000000000000000     )
 mdl_CKM12 =  ( 0.22530000000000000     ,  0.0000000000000000     )
 mdl_complexi =  (  0.0000000000000000     ,  1.0000000000000000     )
 mdl_lamWS__exp__3 =    1.1436248277000001E-002
 mdl_CKM13 =  (  1.2197444962317122E-003, -3.1510066152652563E-003)
 mdl_CKM21 =  (-0.22530000000000000     ,  0.0000000000000000     )
 mdl_CKM22 =  ( 0.97461995499999998     ,  0.0000000000000000     )
 mdl_CKM23 =  (  4.1014152720000002E-002,  0.0000000000000000     )
 mdl_CKM31 =  (  8.0207441115842885E-003, -3.1510066152652563E-003)
 mdl_CKM32 =  ( -4.1014152720000002E-002,  0.0000000000000000     )
 mdl_MZ__exp__2 =    8315.2513440000002     
 mdl_MZ__exp__4 =    69143404.913893804     
 mdl_sqrt__2 =    1.4142135623730951     
 mdl_MH__exp__2 =    15625.000000000000     
 mdl_CKM1x1 =  ( 0.97461995499999998     ,  0.0000000000000000     )
 mdl_CKM1x2 =  ( 0.22530000000000000     ,  0.0000000000000000     )
 mdl_CKM1x3 =  (  1.2197444962317122E-003, -3.1510066152652563E-003)
 mdl_CKM2x1 =  (-0.22530000000000000     ,  0.0000000000000000     )
 mdl_CKM2x2 =  ( 0.97461995499999998     ,  0.0000000000000000     )
 mdl_CKM2x3 =  (  4.1014152720000002E-002,  0.0000000000000000     )
 mdl_CKM3x1 =  (  8.0207441115842885E-003, -3.1510066152652563E-003)
 mdl_CKM3x2 =  ( -4.1014152720000002E-002,  0.0000000000000000     )
 mdl_conjg__CKM1x3 =  (  1.2197444962317122E-003,  3.1510066152652563E-003)
 mdl_conjg__CKM2x3 =  (  4.1014152720000002E-002, -0.0000000000000000     )
 mdl_conjg__CKM2x1 =  (-0.22530000000000000     , -0.0000000000000000     )
 mdl_conjg__CKM3x1 =  (  8.0207441115842885E-003,  3.1510066152652563E-003)
 mdl_conjg__CKM2x2 =  ( 0.97461995499999998     , -0.0000000000000000     )
 mdl_conjg__CKM3x2 =  ( -4.1014152720000002E-002, -0.0000000000000000     )
 mdl_Ncol__exp__2 =    9.0000000000000000     
 mdl_MT__exp__2 =    29929.000000000000     
 mdl_conjg__CKM11 =  ( 0.97461995499999998     , -0.0000000000000000     )
 mdl_conjg__CKM12 =  ( 0.22530000000000000     , -0.0000000000000000     )
 mdl_conjg__CKM13 =  (  1.2197444962317122E-003,  3.1510066152652563E-003)
 mdl_conjg__CKM21 =  (-0.22530000000000000     , -0.0000000000000000     )
 mdl_conjg__CKM22 =  ( 0.97461995499999998     , -0.0000000000000000     )
 mdl_conjg__CKM23 =  (  4.1014152720000002E-002, -0.0000000000000000     )
 mdl_conjg__CKM31 =  (  8.0207441115842885E-003,  3.1510066152652563E-003)
 mdl_conjg__CKM32 =  ( -4.1014152720000002E-002, -0.0000000000000000     )
 mdl_aEW =    7.5467711139788835E-003
 mdl_MW =    80.419002445756163     
 mdl_sqrt__aEW =    8.6872153846781555E-002
 mdl_ee =   0.30795376724436879     
 mdl_MW__exp__2 =    6467.2159543705357     
 mdl_sw2 =   0.22224648578577766     
 mdl_cw =   0.88190334743339216     
 mdl_sqrt__sw2 =   0.47143025548407230     
 mdl_sw =   0.47143025548407230     
 mdl_g1 =   0.34919219678733299     
 mdl_gw =   0.65323293034757990     
 mdl_v =    246.21845810181637     
 mdl_v__exp__2 =    60623.529110035903     
 mdl_lam =   0.12886910601690263     
 mdl_yt =   0.99366614581500623     
 mdl_ytau =    1.0206617000654717E-002
 mdl_muH =    88.388347648318430     
 mdl_AxialZUp =  -0.18517701861793787     
 mdl_AxialZDown =   0.18517701861793787     
 mdl_VectorZUp =    7.5430507588273299E-002
 mdl_VectorZDown =  -0.13030376310310560     
 mdl_VectorAUp =   0.20530251149624587     
 mdl_VectorADown =  -0.10265125574812294     
 mdl_VectorWmDxU =   0.23095271737156670     
 mdl_AxialWmDxU =  -0.23095271737156670     
 mdl_VectorWpUxD =   0.23095271737156670     
 mdl_AxialWpUxD =  -0.23095271737156670     
 mdl_I2x13 =  (  7.9699418879263656E-003,  3.1310485988282153E-003)
 mdl_I2x23 =  ( -4.0754375057150453E-002, -0.0000000000000000     )
 mdl_I2x33 =  ( 0.99366614581500623     ,  0.0000000000000000     )
 mdl_I3x31 =  (  7.9699418879263656E-003, -3.1310485988282153E-003)
 mdl_I3x32 =  ( -4.0754375057150453E-002,  0.0000000000000000     )
 mdl_I3x33 =  ( 0.99366614581500623     ,  0.0000000000000000     )
 mdl_Vector_tdGp =  ( -7.9699418879263656E-003, -3.1310485988282153E-003)
 mdl_Vector_tsGp =  (  4.0754375057150453E-002,  0.0000000000000000     )
 mdl_Vector_tbGp =  (-0.99366614581500623     ,  0.0000000000000000     )
 mdl_Axial_tdGp =  ( -7.9699418879263656E-003, -3.1310485988282153E-003)
 mdl_Axial_tsGp =  (  4.0754375057150453E-002,  0.0000000000000000     )
 mdl_Axial_tbGp =  (-0.99366614581500623     , -0.0000000000000000     )
 mdl_Vector_tdGm =  (  7.9699418879263656E-003, -3.1310485988282153E-003)
 mdl_Vector_tsGm =  ( -4.0754375057150453E-002,  0.0000000000000000     )
 mdl_Vector_tbGm =  ( 0.99366614581500623     ,  0.0000000000000000     )
 mdl_Axial_tdGm =  ( -7.9699418879263656E-003,  3.1310485988282153E-003)
 mdl_Axial_tsGm =  (  4.0754375057150453E-002, -0.0000000000000000     )
 mdl_Axial_tbGm =  (-0.99366614581500623     ,  0.0000000000000000     )
 mdl_gw__exp__2 =   0.42671326129048615     
 mdl_cw__exp__2 =   0.77775351421422245     
 mdl_ee__exp__2 =    9.4835522759998875E-002
 mdl_sw__exp__2 =   0.22224648578577769     
 mdl_yt__exp__2 =   0.98737240933884918     
  Internal Params evaluated point by point
  ----------------------------------------
  
 mdl_sqrt__aS =   0.34351128074635334     
 mdl_G__exp__4 =    2.1987899468922913     
 mdl_G__exp__2 =    1.4828317324943823     
 mdl_R2MixedFactor_FIN_ =   -2.5040377713124864E-002
 mdl_G_UVg_1EPS_ =   -5.1645779033320030E-002
 mdl_G_UVq_1EPS_ =    3.1300472141406080E-003
 mdl_G_UVb_1EPS_ =    3.1300472141406080E-003
 mdl_GWcft_UV_t_1EPS_ =   -3.1300472141406080E-003
 mdl_tWcft_UV_1EPS_ =   -1.8780283284843650E-002
 mdl_G__exp__3 =    1.8056676068262196     
 mdl_MU_R__exp__2 =    8315.2513440000002     
 mdl_G_UVt_FIN_ =   -4.0087659331150384E-003
 mdl_GWcft_UV_t_FIN_ =    4.0087659331150384E-003
 mdl_tWcft_UV_FIN_ =   -9.8778211443463623E-004
  Couplings of loop_sm-ckm_no_b_mass
  ---------------------------------
  
       UV_3Gt =   0.48815E-02   0.00000E+00
      UV_GQQt =   0.00000E+00  -0.48815E-02
   UVWfct_G_2 =   0.40088E-02   0.00000E+00
       R2_DDA =   0.00000E+00   0.25704E-02
       R2_UUA =  -0.00000E+00  -0.51409E-02
    R2_DDZ_V2 =   0.00000E+00   0.72127E-02
    R2_UUZ_V2 =  -0.00000E+00  -0.72127E-02
    R2_UUZ_V5 =   0.00000E+00   0.68702E-03
      R2_GGHt =   0.00000E+00  -0.45657E+01
     R2_GGZup =  -0.46369E-02   0.00000E+00
   R2_GGZdown =   0.46369E-02   0.00000E+00
 R2_GGGZvecUp =   0.00000E+00   0.28750E-03
 R2_GGGZvecDown  -0.00000E+00  -0.49665E-03
 R2_GGGZaxialUp  -0.00000E+00  -0.63522E-02
 R2_GGGZaxialDow  0.00000E+00   0.63522E-02
 R2_GGGAvecUp =   0.00000E+00   0.78251E-03
 R2_GGGAvecDown  -0.00000E+00  -0.39126E-03
         GC_4 =  -0.12177E+01   0.00000E+00
         GC_5 =   0.00000E+00   0.12177E+01
         GC_6 =   0.00000E+00   0.14828E+01
       R2_3Gq =   0.76230E-02   0.00000E+00
       R2_3Gg =   0.31445E-01   0.00000E+00
       R2_GQQ =  -0.00000E+00  -0.30492E-01
       R2_GGq =   0.00000E+00   0.62601E-02
       R2_GGt =  -0.00000E+00  -0.11242E+04
     R2_GGg_1 =   0.00000E+00   0.28170E-01
     R2_GGg_2 =  -0.00000E+00  -0.18780E-01
       R2_QQq =   0.00000E+00   0.12520E-01
  UV_3Gg_1eps =   0.62890E-01   0.00000E+00
  UV_3Gb_1eps =  -0.38115E-02   0.00000E+00
 UV_GQQg_1eps =   0.00000E+00  -0.62890E-01
 UV_GQQq_1eps =   0.00000E+00   0.38115E-02
 UVWfct_G_2_1eps -0.31300E-02   0.00000E+00
         GC_1 =  -0.00000E+00  -0.10265E+00
         GC_2 =   0.00000E+00   0.20530E+00
        GC_21 =  -0.00000E+00  -0.28804E+00
        GC_22 =   0.00000E+00   0.28804E+00
        GC_23 =  -0.00000E+00  -0.27437E-01
        GC_24 =   0.00000E+00   0.82310E-01
        GC_37 =  -0.00000E+00  -0.70263E+00
        GC_38 =  -0.00000E+00  -0.72172E-02
      GC_1003 =  -0.00000E+00  -0.30795E+00

 Collider parameters:
 --------------------

 Running at P P   machine @    13000.000000000000       GeV
 PDF set = lhapdf 
 alpha_s(Mz)= 0.1180 running at 3 loops.
 alpha_s(Mz)= 0.1180 running at 3 loops.
 Renormalization scale set on event-by-event basis
 Factorization   scale set on event-by-event basis


 ===============================================================
 INFO: MadFKS read these parameters from FKS_params.dat
 ===============================================================
  > IRPoleCheckThreshold      =    1.0000000000000001E-005
  > PrecisionVirtualAtRunTime =    1.0000000000000000E-003
  > NHelForMCoverHels         =            4
  > VirtualFraction           =    1.0000000000000000     
  > MinVirtualFraction        =    5.0000000000000001E-003
 ===============================================================
  Insert the number of points to test
 Insert the relative tolerance
  A negative number will mean use the default one:    1.0000000000000001E-005
Using random seed offsets:     0 ,     17 ,      0
  with seed                   32
 Ranmar initialization seeds       10729        9423
  ========================================================================================== 
 {                                                                                          }
 {       [32m                                                                            [0m       }
 {       [32m                               ,,                                           [0m       }
 {       [32m`7MMM.     ,MMF'             `7MM  `7MMF'                                   [0m       }
 {       [32m  MMMb    dPMM                 MM    MM                                     [0m       }
 {       [32m  M YM   ,M MM   ,6"Yb.   ,M""bMM    MM         ,pW"Wq.   ,pW"Wq.`7MMpdMAo. [0m       }
 {       [32m  M  Mb  M' MM  8)   MM ,AP    MM    MM        6W'   `Wb 6W'   `Wb MM   `Wb [0m       }
 {       [32m  M  YM.P'  MM   ,pm9MM 8MI    MM    MM      , 8M     M8 8M     M8 MM    M8 [0m       }
 {       [32m  M  `YM'   MM  8M   MM `Mb    MM    MM     ,M YA.   ,A9 YA.   ,A9 MM   ,AP [0m       }
 {       [32m.JML. `'  .JMML.`Moo9^Yo.`Wbmd"MML..JMMmmmmMMM  `Ybmd9'   `Ybmd9'  MMbmmd'  [0m       }
 {       [32m                                                                   MM       [0m       }
 {       [32m                                                                 .JMML.     [0m       }
 {       [32m[0mv2.4.2 (2016-06-10), Ref: arXiv:1103.0621v2, arXiv:1405.0301[32m                [0m       }
 {       [32m                                                                            [0m       }
 {                                                                                          }
  ========================================================================================== 
 ===============================================================
 INFO: MadLoop read these parameters from ./MadLoop5_resources/MadLoopParams.dat                                                                                                                                                                                                                                                                                                                                                                                                                                                                                          
 ===============================================================
  > MLReductionLib            = 6|1|2
  > IREGIMODE                 =            2
  > IREGIRECY                 =  T
  > CTModeRun                 =           -1
  > MLStabThres               =    1.0000000000000000E-003
  > NRotations_DP             =            1
  > NRotations_QP             =            0
  > CTStabThres               =    1.0000000000000000E-002
  > CTLoopLibrary             =            2
  > CTModeInit                =            1
  > CheckCycle                =            3
  > MaxAttempts               =           10
  > UseLoopFilter             =  F
  > HelicityFilterLevel       =            2
  > ImprovePSPoint            =            2
  > DoubleCheckHelicityFilter =  T
  > LoopInitStartOver         =  F
  > HelInitStartOver          =  F
  > ZeroThres                 =    1.0000000000000001E-009
  > OSThres                   =    1.0000000000000000E-008
  > WriteOutFilters           =  T
  > UseQPIntegrandForNinja    =  F
  > UseQPIntegrandForCutTools =  T
 ===============================================================
  
------------------------------------------------------------------------
|              You are using CutTools - Version 1.9.3                  |
|              Authors: G. Ossola, C. Papadopoulos, R. Pittau          |
|              Published in JHEP 0803:042,2008                         |
|              http://www.ugr.es/~pittau/CutTools                      |
|                                                                      |
|              Compiler with  34  significant digits detetected        |
 ---------------------------------------------------------------------- 
   
########################################################################
#                                                                      #
#                      You are using OneLOop-3.6                       #
#                                                                      #
# for the evaluation of 1-loop scalar 1-, 2-, 3- and 4-point functions #
#                                                                      #
# author: Andreas van Hameren <hamerenREMOVETHIS@ifj.edu.pl>           #
#   date: 18-02-2015                                                   #
#                                                                      #
# Please cite                                                          #
#    A. van Hameren,                                                   #
#      Comput.Phys.Commun. 182 (2011) 2427-2438, arXiv:1007.4716       #
#    A. van Hameren, C.G. Papadopoulos and R. Pittau,                  #
#      JHEP 0909:106,2009, arXiv:0903.4665                             #
# in publications with results obtained with the help of this program. #
#                                                                      #
########################################################################
 PASSED   1.0000000000000001E-005
 MU_R    =    325.00000000000000     
 ALPHA_S =   0.11799999999999999     
 BORN                    1.0510732212095529E-007
 SINGLE POLE (MadFKS)   -1.7156986149293928E-009
 DOUBLE POLE (MadFKS)   -1.1185689946876170E-008
 SINGLE POLE (MadLoop)  -1.7156986149293903E-009
 DOUBLE POLE (MadLoop)  -1.1185689946876144E-008
 FINITE PART (MadLoop)   8.7245775386323684E-009
   325.00000000000000        0.0000000000000000        0.0000000000000000        325.00000000000000        0.0000000000000000     
   325.00000000000000        0.0000000000000000        0.0000000000000000       -325.00000000000000        0.0000000000000000     
   319.45925079125988        126.34335050639071        62.777516748356064       -286.61917955685084        0.0000000000000000     
   130.93124403776559       -13.527581318681511       -13.334715907021277        129.54605575092754        0.0000000000000000     
   199.60950517097456       -112.81576918770925       -49.442800841334787        157.07312380592339        0.0000000000000000     

 PASSED   1.0000000000000001E-005
 MU_R    =    325.00000000000000     
 ALPHA_S =   0.11799999999999999     
 BORN                    1.5232595344285318E-007
 SINGLE POLE (MadFKS)   -2.0541031893654857E-008
 DOUBLE POLE (MadFKS)   -1.6210772491313893E-008
 SINGLE POLE (MadLoop)  -2.0541031893654539E-008
 DOUBLE POLE (MadLoop)  -1.6210772491313615E-008
 FINITE PART (MadLoop)   1.1999552328789485E-008
   325.00000000000000        0.0000000000000000        0.0000000000000000        325.00000000000000        0.0000000000000000     
   325.00000000000000        0.0000000000000000        0.0000000000000000       -325.00000000000000        0.0000000000000000     
   185.17812533978693       -106.06910158938730        90.327439440254324        121.98867765717148        0.0000000000000000     
   271.51688210041505        229.74080985923320       -143.74852779367006        16.641463514574255        0.0000000000000000     
   193.30499255979777       -123.67170826984589        53.421088353415733       -138.63014117174569        0.0000000000000000     

 PASSED   1.0000000000000001E-005
 MU_R    =    325.00000000000000     
 ALPHA_S =   0.11799999999999999     
 BORN                    1.7640681842892076E-007
 SINGLE POLE (MadFKS)   -9.4844649100269197E-009
 DOUBLE POLE (MadFKS)   -1.8773496799680951E-008
 SINGLE POLE (MadLoop)  -9.4844649100267741E-009
 DOUBLE POLE (MadLoop)  -1.8773496799680988E-008
 FINITE PART (MadLoop)   1.5604134723208650E-008
   325.00000000000000        0.0000000000000000        0.0000000000000000        325.00000000000000        0.0000000000000000     
   325.00000000000000        0.0000000000000000        0.0000000000000000       -325.00000000000000        0.0000000000000000     
   97.096402397455577       -17.454035231787078        33.624120087965586        89.400707832579371        0.0000000000000000     
   297.68349967106360        149.91478717036543       -249.89332459655282       -60.781155682975040        0.0000000000000000     
   255.22009793148086       -132.46075193857840        216.26920450858719       -28.619552149604360        0.0000000000000000     

 PASSED   1.0000000000000001E-005
 MU_R    =    325.00000000000000     
 ALPHA_S =   0.11799999999999999     
 BORN                    9.9138472606231316E-008
 SINGLE POLE (MadFKS)   -4.0711957281701685E-009
 DOUBLE POLE (MadFKS)   -1.0550475399839837E-008
 SINGLE POLE (MadLoop)  -4.0711957281701329E-009
 DOUBLE POLE (MadLoop)  -1.0550475399839801E-008
 FINITE PART (MadLoop)   1.3308910461568745E-008
   325.00000000000000        0.0000000000000000        0.0000000000000000        325.00000000000000        0.0000000000000000     
   325.00000000000000        0.0000000000000000        0.0000000000000000       -325.00000000000000        0.0000000000000000     
   255.73555660802876       -19.057130045585964        196.90202884477057       -162.07125514679387        0.0000000000000000     
   163.57031178388289        109.15583889556180        11.515052737255948        121.27511406937957        0.0000000000000000     
   230.69413160808855       -90.098708849975878       -208.41708158202644        40.796141077414568        0.0000000000000000     

 PASSED   1.0000000000000001E-005
 MU_R    =    325.00000000000000     
 ALPHA_S =   0.11799999999999999     
 BORN                    1.2249361677397042E-007
 SINGLE POLE (MadFKS)   -3.9436696584493846E-009
 DOUBLE POLE (MadFKS)   -1.3035967333734696E-008
 SINGLE POLE (MadLoop)  -3.9436696584491687E-009
 DOUBLE POLE (MadLoop)  -1.3035967333734711E-008
 FINITE PART (MadLoop)   9.6554286929226018E-009
   325.00000000000000        0.0000000000000000        0.0000000000000000        325.00000000000000        0.0000000000000000     
   325.00000000000000        0.0000000000000000        0.0000000000000000       -325.00000000000000        0.0000000000000000     
   120.27826703339993       -13.759326623016220        56.673769410867465        105.19328073695031        0.0000000000000000     
   264.88527516613658       -163.10276051586942        132.24724876784870       -161.46938937544027        0.0000000000000000     
   264.83645780046356        176.86208713888567       -188.92101817871614        56.276108638490008        0.0000000000000000     

 PASSED   1.0000000000000001E-005
 MU_R    =    325.00000000000000     
 ALPHA_S =   0.11799999999999999     
 BORN                    8.3385560910212270E-008
 SINGLE POLE (MadFKS)   -1.3306805210850289E-008
 DOUBLE POLE (MadFKS)   -8.8740252493031048E-009
 SINGLE POLE (MadLoop)  -1.3306805210850497E-008
 DOUBLE POLE (MadLoop)  -8.8740252493031048E-009
 FINITE PART (MadLoop)   9.2658027605225787E-009
   325.00000000000000        0.0000000000000000        0.0000000000000000        325.00000000000000        0.0000000000000000     
   325.00000000000000        0.0000000000000000        0.0000000000000000       -325.00000000000000        0.0000000000000000     
   321.74480422537090       -180.86538620631063        73.069994967487389        255.86755744704280        0.0000000000000000     
   101.98106831087628        60.538244899436144       -49.125932504590530       -65.741173961817324        0.0000000000000000     
   226.27412746375279        120.32714130687447       -23.944062462896852       -190.12638348522543        0.0000000000000000     

 PASSED   1.0000000000000001E-005
 MU_R    =    325.00000000000000     
 ALPHA_S =   0.11799999999999999     
 BORN                    1.3375524006197927E-007
 SINGLE POLE (MadFKS)   -1.2248046633866485E-008
 DOUBLE POLE (MadFKS)   -1.4234447362112020E-008
 SINGLE POLE (MadLoop)  -1.2248046633866781E-008
 DOUBLE POLE (MadLoop)  -1.4234447362112015E-008
 FINITE PART (MadLoop)   1.4276698072268344E-008
   325.00000000000000        0.0000000000000000        0.0000000000000000        325.00000000000000        0.0000000000000000     
   325.00000000000000        0.0000000000000000        0.0000000000000000       -325.00000000000000        0.0000000000000000     
   168.36168734373379        81.629651757876971       -54.112635581703877        136.94553804165588        0.0000000000000000     
   241.30750805935654       -218.04910120109838       -102.17730381035479       -15.610941587746568        0.0000000000000000     
   240.33080459690970        136.41944944322142        156.28993939205864       -121.33459645390928        0.0000000000000000     

 PASSED   1.0000000000000001E-005
 MU_R    =    325.00000000000000     
 ALPHA_S =   0.11799999999999999     
 BORN                    2.1374828851037195E-003
 SINGLE POLE (MadFKS)   -6.1251130662263759E-004
 DOUBLE POLE (MadFKS)   -2.2747435989293229E-004
 SINGLE POLE (MadLoop)  -6.1251130662254966E-004
 DOUBLE POLE (MadLoop)  -2.2747435989289717E-004
 FINITE PART (MadLoop)   2.3913766313510480E-004
   325.00000000000000        0.0000000000000000        0.0000000000000000        325.00000000000000        0.0000000000000000     
   325.00000000000000        0.0000000000000000        0.0000000000000000       -325.00000000000000        0.0000000000000000     
   117.92917097307962       -27.208850440647165       -41.834970532074806        106.84944110605717        0.0000000000000000     
   214.05294203890278       -22.427603478644802        48.856543216079913        207.19242935660054        0.0000000000000000     
   318.01788698801744        49.636453919291974       -7.0215726840050845       -314.04187046265764        0.0000000000000000     

 PASSED   1.0000000000000001E-005
 MU_R    =    325.00000000000000     
 ALPHA_S =   0.11799999999999999     
 BORN                    6.3147258600547854E-008
 SINGLE POLE (MadFKS)   -5.3647275048063242E-009
 DOUBLE POLE (MadFKS)   -6.7202326293508866E-009
 SINGLE POLE (MadLoop)  -5.3647275048061869E-009
 DOUBLE POLE (MadLoop)  -6.7202326293508957E-009
 FINITE PART (MadLoop)   5.9888874988781318E-009
   325.00000000000000        0.0000000000000000        0.0000000000000000        325.00000000000000        0.0000000000000000     
   325.00000000000000        0.0000000000000000        0.0000000000000000       -325.00000000000000        0.0000000000000000     
   202.51714339260326       -198.11114864608570       -40.479041203138848       -11.252260808536626        0.0000000000000000     
   298.11687196462339        285.32927377291213       -77.980373827714587        37.147492188357653        0.0000000000000000     
   149.36598464277336       -87.218125126826450        118.45941503085344       -25.895231379820995        0.0000000000000000     

 PASSED   1.0000000000000001E-005
 MU_R    =    325.00000000000000     
 ALPHA_S =   0.11799999999999999     
 BORN                    2.8896651266981658E-007
 SINGLE POLE (MadFKS)   -5.1384919920710160E-008
 DOUBLE POLE (MadFKS)   -3.0752280150710931E-008
 SINGLE POLE (MadLoop)  -5.1384919920709101E-008
 DOUBLE POLE (MadLoop)  -3.0752280150710699E-008
 FINITE PART (MadLoop)   2.7658354524458335E-008
   325.00000000000000        0.0000000000000000        0.0000000000000000        325.00000000000000        0.0000000000000000     
   325.00000000000000        0.0000000000000000        0.0000000000000000       -325.00000000000000        0.0000000000000000     
   268.47774161557612       -80.164945095737480       -175.11186035914386        187.05538132424084        0.0000000000000000     
   112.17463154122687        78.259989599618180        58.089219714807591        55.535254948568358        0.0000000000000000     
   269.34762684319691        1.9049554961193331        117.02264064433639       -242.59063627280926        0.0000000000000000     

 PASSED   1.0000000000000001E-005
 MU_R    =    325.00000000000000     
 ALPHA_S =   0.11799999999999999     
 BORN                    4.6319083402565321E-008
 SINGLE POLE (MadFKS)   -2.2720994405252097E-009
 DOUBLE POLE (MadFKS)   -4.9293512108353655E-009
 SINGLE POLE (MadLoop)  -2.2720994405252812E-009
 DOUBLE POLE (MadLoop)  -4.9293512108353572E-009
 FINITE PART (MadLoop)   6.0008025423596861E-009
   325.00000000000000        0.0000000000000000        0.0000000000000000        325.00000000000000        0.0000000000000000     
   325.00000000000000        0.0000000000000000        0.0000000000000000       -325.00000000000000        0.0000000000000000     
   207.43995058013019       -165.91676978420762       -112.80734256225520        52.701632470949960        0.0000000000000000     
   219.50443536075295       -36.356583130992426        205.62745855719439       -67.659029651566172        0.0000000000000000     
   223.05561405911700        202.27335291520004       -92.820115994939172        14.957397180616221        0.0000000000000000     

 PASSED   1.0000000000000001E-005
 MU_R    =    325.00000000000000     
 ALPHA_S =   0.11799999999999999     
 BORN                    1.6220271938940235E-007
 SINGLE POLE (MadFKS)   -1.7569871374653191E-008
 DOUBLE POLE (MadFKS)   -1.7261873778328208E-008
 SINGLE POLE (MadLoop)  -1.7569871374653012E-008
 DOUBLE POLE (MadLoop)  -1.7261873778328161E-008
 FINITE PART (MadLoop)   2.4372682379720510E-008
   325.00000000000000        0.0000000000000000        0.0000000000000000        325.00000000000000        0.0000000000000000     
   325.00000000000000        0.0000000000000000        0.0000000000000000       -325.00000000000000        0.0000000000000000     
   193.29394381716176       -64.810967005804599       -178.60199448828317       -35.544547218551955        0.0000000000000000     
   240.38779161436236       -105.15075117508735        140.90202550829338        163.93971176077264        0.0000000000000000     
   216.31826456847566        169.96171818089195        37.699968979989819       -128.39516454222067        0.0000000000000000     

 PASSED   1.0000000000000001E-005
 MU_R    =    325.00000000000000     
 ALPHA_S =   0.11799999999999999     
 BORN                    4.5062730372421518E-008
 SINGLE POLE (MadFKS)   -9.9149179373063995E-010
 DOUBLE POLE (MadFKS)   -4.7956481045680899E-009
 SINGLE POLE (MadLoop)  -9.9149179373056902E-010
 DOUBLE POLE (MadLoop)  -4.7956481045680527E-009
 FINITE PART (MadLoop)   4.4538492366940608E-009
   325.00000000000000        0.0000000000000000        0.0000000000000000        325.00000000000000        0.0000000000000000     
   325.00000000000000        0.0000000000000000        0.0000000000000000       -325.00000000000000        0.0000000000000000     
   237.25848652817359        170.73334422811411        87.046765035221867       -139.87342597944303        0.0000000000000000     
   250.47003352449539       -184.46438483793773       -169.43308255997715       0.74763249463085579        0.0000000000000000     
   162.27147994733096        13.731040609823587        82.386317524755270        139.12579348481216        0.0000000000000000     

 PASSED   1.0000000000000001E-005
 MU_R    =    325.00000000000000     
 ALPHA_S =   0.11799999999999999     
 BORN                    2.9864289014226788E-006
 SINGLE POLE (MadFKS)   -1.6531925672360685E-007
 DOUBLE POLE (MadFKS)   -3.1782055774631976E-007
 SINGLE POLE (MadLoop)  -1.6531925672361559E-007
 DOUBLE POLE (MadLoop)  -3.1782055774634803E-007
 FINITE PART (MadLoop)   3.4396139610985504E-007
   325.00000000000000        0.0000000000000000        0.0000000000000000        325.00000000000000        0.0000000000000000     
   325.00000000000000        0.0000000000000000        0.0000000000000000       -325.00000000000000        0.0000000000000000     
   262.69121907162827        14.980302760587834        258.68474786416959        43.179489679595342        0.0000000000000000     
   70.754361692111573       -31.834986456600053        45.081986938251056        44.275589092247955        0.0000000000000000     
   316.55441923626057        16.854683696012192       -303.76673480242061       -87.455078771843304        0.0000000000000000     

 PASSED   1.0000000000000001E-005
 MU_R    =    325.00000000000000     
 ALPHA_S =   0.11799999999999999     
 BORN                    2.2791297513894797E-006
 SINGLE POLE (MadFKS)   -1.1549951126273981E-007
 DOUBLE POLE (MadFKS)   -2.4254864678605502E-007
 SINGLE POLE (MadLoop)  -1.1549951126275459E-007
 DOUBLE POLE (MadLoop)  -2.4254864678606073E-007
 FINITE PART (MadLoop)   1.0209912738462376E-007
   325.00000000000000        0.0000000000000000        0.0000000000000000        325.00000000000000        0.0000000000000000     
   325.00000000000000        0.0000000000000000        0.0000000000000000       -325.00000000000000        0.0000000000000000     
   117.43550458163979       -70.580739776259563       -93.773270271232832        4.0038346142902030        0.0000000000000000     
   209.37787220059707       -115.08054827100111       -160.00613320993415        70.665395435815455        0.0000000000000000     
   323.18662321776310        185.66128804726063        253.77940348116698       -74.669230050105639        0.0000000000000000     

 PASSED   1.0000000000000001E-005
 MU_R    =    325.00000000000000     
 ALPHA_S =   0.11799999999999999     
 BORN                    1.7111338338615842E-008
 SINGLE POLE (MadFKS)   -9.5665694621616046E-010
 DOUBLE POLE (MadFKS)   -1.8210160944980646E-009
 SINGLE POLE (MadLoop)  -9.5665694621608415E-010
 DOUBLE POLE (MadLoop)  -1.8210160944980652E-009
Thanks for using LHAPDF 6.2.1. Please make sure to cite the paper:
  Eur.Phys.J. C75 (2015) 3, 132  (http://arxiv.org/abs/1412.7420)
 FINITE PART (MadLoop)   2.4656262476731247E-009
   325.00000000000000        0.0000000000000000        0.0000000000000000        325.00000000000000        0.0000000000000000     
   325.00000000000000        0.0000000000000000        0.0000000000000000       -325.00000000000000        0.0000000000000000     
   273.50482657881287       -178.20029996050053       -157.09417922621498        135.53952231410574        0.0000000000000000     
   231.78681352632501        43.965139376708713        133.61683284493671       -184.22468733794111        0.0000000000000000     
   144.70835989486227        134.23516058379181        23.477346381278281        48.685165023835360        0.0000000000000000     

 PASSED   1.0000000000000001E-005
 MU_R    =    325.00000000000000     
 ALPHA_S =   0.11799999999999999     
 BORN                    1.7988129801053573E-007
 SINGLE POLE (MadFKS)    1.9716045180569556E-009
 DOUBLE POLE (MadFKS)   -1.9143256494271714E-008
 SINGLE POLE (MadLoop)   1.9716045180569006E-009
 DOUBLE POLE (MadLoop)  -1.9143256494271717E-008
 FINITE PART (MadLoop)   3.3206607643887412E-009
   325.00000000000000        0.0000000000000000        0.0000000000000000        325.00000000000000        0.0000000000000000     
   325.00000000000000        0.0000000000000000        0.0000000000000000       -325.00000000000000        0.0000000000000000     
   313.43301372019107       -58.064046329364331       -11.772374668780186       -307.78276723728504        0.0000000000000000     
   68.077139310618520       -33.912860919630610        19.651353574912559        55.661827706579352        0.0000000000000000     
   268.48984696919030        91.976907248994920       -7.8789789061324438        252.12093953070570        0.0000000000000000     

 PASSED   1.0000000000000001E-005
 MU_R    =    325.00000000000000     
 ALPHA_S =   0.11799999999999999     
 BORN                    2.3835769281465027E-008
 SINGLE POLE (MadFKS)   -1.5052878478411920E-009
 DOUBLE POLE (MadFKS)   -2.5366408300358283E-009
 SINGLE POLE (MadLoop)  -1.5052878478411746E-009
 DOUBLE POLE (MadLoop)  -2.5366408300358242E-009
 FINITE PART (MadLoop)   3.0864508771970704E-009
   325.00000000000000        0.0000000000000000        0.0000000000000000        325.00000000000000        0.0000000000000000     
   325.00000000000000        0.0000000000000000        0.0000000000000000       -325.00000000000000        0.0000000000000000     
   232.47263608495285       -76.631345683574452       -179.86408803954865        125.77787254009721        0.0000000000000000     
   313.56199373913660        29.548801329606313        255.10447866750681       -179.91580592439772        0.0000000000000000     
   103.96537017591035        47.082544353968167       -75.240390627958163        54.137933384300503        0.0000000000000000     

 PASSED   1.0000000000000001E-005
 MU_R    =    325.00000000000000     
 ALPHA_S =   0.11799999999999999     
 BORN                    9.6484400606771523E-007
 SINGLE POLE (MadFKS)   -8.2191212828976600E-008
 DOUBLE POLE (MadFKS)   -1.0268024797126555E-007
 SINGLE POLE (MadLoop)  -8.2191212828979683E-008
 DOUBLE POLE (MadLoop)  -1.0268024797126542E-007
 FINITE PART (MadLoop)   8.0942076260614325E-008
   325.00000000000000        0.0000000000000000        0.0000000000000000        325.00000000000000        0.0000000000000000     
   325.00000000000000        0.0000000000000000        0.0000000000000000       -325.00000000000000        0.0000000000000000     
   183.81818807321790        165.14590710326564        72.090927719295621        36.316026408897663        0.0000000000000000     
   156.37673579284117        72.015441722162308        28.298611059151636        135.89204635632200        0.0000000000000000     
   309.80507613394082       -237.16134882542795       -100.38953877844726       -172.20807276521964        0.0000000000000000     

 PASSED   1.0000000000000001E-005
 MU_R    =    325.00000000000000     
 ALPHA_S =   0.11799999999999999     
 BORN                    6.3861261340119726E-008
 SINGLE POLE (MadFKS)   -2.3636245224343264E-009
 DOUBLE POLE (MadFKS)   -6.7962179470709999E-009
 SINGLE POLE (MadLoop)  -2.3636245224344459E-009
 DOUBLE POLE (MadLoop)  -6.7962179470709974E-009
 FINITE PART (MadLoop)   6.8676995389766611E-009
   325.00000000000000        0.0000000000000000        0.0000000000000000        325.00000000000000        0.0000000000000000     
   325.00000000000000        0.0000000000000000        0.0000000000000000       -325.00000000000000        0.0000000000000000     
   217.65674575917987       -202.08093488077122        5.1470013755894835        80.692398086991162        0.0000000000000000     
   160.70652347937755       -42.144307386820380        110.35955472249258       -108.95509499406671        0.0000000000000000     
   271.63673076144255        244.22524226759160       -115.50655609808204        28.262696907075540        0.0000000000000000     

 NUMBER OF POINTS PASSING THE CHECK          20
 NUMBER OF POINTS FAILING THE CHECK           0
 TOLERANCE    1.0000000000000001E-005
