==== LHAPDF6 USING DEFAULT-TYPE LHAGLUE INTERFACE ====
LHAPDF 6.2.1 loading /cvmfs/cms.cern.ch/slc6_amd64_gcc481/external/lhapdf/6.2.1/share/LHAPDF/NNPDF31_nnlo_hessian_pdfas/NNPDF31_nnlo_hessian_pdfas_0000.dat
NNPDF31_nnlo_hessian_pdfas PDF set, member #0, version 1; LHAPDF ID = 306000
 A PDF is used, so alpha_s(MZ) is going to be modified
 Old value of alpha_s from param_card:   0.11799999999999999     
 New value of alpha_s from PDF lhapdf :  0.11800208008122040     
 using LHAPDF
 *****************************************************
 *               MadGraph/MadEvent                   *
 *        --------------------------------           *
 *          http://madgraph.hep.uiuc.edu             *
 *          http://madgraph.phys.ucl.ac.be           *
 *          http://madgraph.roma2.infn.it            *
 *        --------------------------------           *
 *                                                   *
 *          PARAMETER AND COUPLING VALUES            *
 *                                                   *
 *****************************************************

  External Params
  ---------------------------------
  
 MU_R =    91.188000000000002     
 aEWM1 =    132.50700000000001     
 mdl_Gf =    1.1663900000000000E-005
 aS =   0.11799999999999999     
 mdl_lamWS =   0.22530000000000000     
 mdl_AWS =   0.80800000000000005     
 mdl_rhoWS =   0.13200000000000001     
 mdl_etaWS =   0.34100000000000003     
 mdl_ymt =    173.00000000000000     
 mdl_ymtau =    1.7769999999999999     
 mdl_MT =    173.00000000000000     
 mdl_MZ =    91.188000000000002     
 mdl_MH =    125.00000000000000     
 mdl_MTA =    1.7769999999999999     
 mdl_WT =    1.4915000000000000     
 mdl_WZ =    2.4414039999999999     
 mdl_WW =    2.0476000000000001     
 mdl_WH =    6.3823389999999999E-003
  Internal Params
  ---------------------------------
  
 mdl_CKM33 =    1.0000000000000000     
 mdl_conjg__CKM3x3 =    1.0000000000000000     
 mdl_I4x33 =    0.0000000000000000     
 mdl_I1x33 =    0.0000000000000000     
 mdl_lhv =    1.0000000000000000     
 mdl_CKM3x3 =    1.0000000000000000     
 mdl_conjg__CKM33 =    1.0000000000000000     
 mdl_Ncol =    3.0000000000000000     
 mdl_CA =    3.0000000000000000     
 mdl_TF =   0.50000000000000000     
 mdl_CF =    1.3333333333333333     
 mdl_lamWS__exp__2 =    5.0760090000000001E-002
 mdl_CKM11 =  ( 0.97461995499999998     ,  0.0000000000000000     )
 mdl_CKM12 =  ( 0.22530000000000000     ,  0.0000000000000000     )
 mdl_complexi =  (  0.0000000000000000     ,  1.0000000000000000     )
 mdl_lamWS__exp__3 =    1.1436248277000001E-002
 mdl_CKM13 =  (  1.2197444962317122E-003, -3.1510066152652563E-003)
 mdl_CKM21 =  (-0.22530000000000000     ,  0.0000000000000000     )
 mdl_CKM22 =  ( 0.97461995499999998     ,  0.0000000000000000     )
 mdl_CKM23 =  (  4.1014152720000002E-002,  0.0000000000000000     )
 mdl_CKM31 =  (  8.0207441115842885E-003, -3.1510066152652563E-003)
 mdl_CKM32 =  ( -4.1014152720000002E-002,  0.0000000000000000     )
 mdl_MZ__exp__2 =    8315.2513440000002     
 mdl_MZ__exp__4 =    69143404.913893804     
 mdl_sqrt__2 =    1.4142135623730951     
 mdl_MH__exp__2 =    15625.000000000000     
 mdl_CKM1x1 =  ( 0.97461995499999998     ,  0.0000000000000000     )
 mdl_CKM1x2 =  ( 0.22530000000000000     ,  0.0000000000000000     )
 mdl_CKM1x3 =  (  1.2197444962317122E-003, -3.1510066152652563E-003)
 mdl_CKM2x1 =  (-0.22530000000000000     ,  0.0000000000000000     )
 mdl_CKM2x2 =  ( 0.97461995499999998     ,  0.0000000000000000     )
 mdl_CKM2x3 =  (  4.1014152720000002E-002,  0.0000000000000000     )
 mdl_CKM3x1 =  (  8.0207441115842885E-003, -3.1510066152652563E-003)
 mdl_CKM3x2 =  ( -4.1014152720000002E-002,  0.0000000000000000     )
 mdl_conjg__CKM1x3 =  (  1.2197444962317122E-003,  3.1510066152652563E-003)
 mdl_conjg__CKM2x3 =  (  4.1014152720000002E-002, -0.0000000000000000     )
 mdl_conjg__CKM2x1 =  (-0.22530000000000000     , -0.0000000000000000     )
 mdl_conjg__CKM3x1 =  (  8.0207441115842885E-003,  3.1510066152652563E-003)
 mdl_conjg__CKM2x2 =  ( 0.97461995499999998     , -0.0000000000000000     )
 mdl_conjg__CKM3x2 =  ( -4.1014152720000002E-002, -0.0000000000000000     )
 mdl_Ncol__exp__2 =    9.0000000000000000     
 mdl_MT__exp__2 =    29929.000000000000     
 mdl_conjg__CKM11 =  ( 0.97461995499999998     , -0.0000000000000000     )
 mdl_conjg__CKM12 =  ( 0.22530000000000000     , -0.0000000000000000     )
 mdl_conjg__CKM13 =  (  1.2197444962317122E-003,  3.1510066152652563E-003)
 mdl_conjg__CKM21 =  (-0.22530000000000000     , -0.0000000000000000     )
 mdl_conjg__CKM22 =  ( 0.97461995499999998     , -0.0000000000000000     )
 mdl_conjg__CKM23 =  (  4.1014152720000002E-002, -0.0000000000000000     )
 mdl_conjg__CKM31 =  (  8.0207441115842885E-003,  3.1510066152652563E-003)
 mdl_conjg__CKM32 =  ( -4.1014152720000002E-002, -0.0000000000000000     )
 mdl_aEW =    7.5467711139788835E-003
 mdl_MW =    80.419002445756163     
 mdl_sqrt__aEW =    8.6872153846781555E-002
 mdl_ee =   0.30795376724436879     
 mdl_MW__exp__2 =    6467.2159543705357     
 mdl_sw2 =   0.22224648578577766     
 mdl_cw =   0.88190334743339216     
 mdl_sqrt__sw2 =   0.47143025548407230     
 mdl_sw =   0.47143025548407230     
 mdl_g1 =   0.34919219678733299     
 mdl_gw =   0.65323293034757990     
 mdl_v =    246.21845810181637     
 mdl_v__exp__2 =    60623.529110035903     
 mdl_lam =   0.12886910601690263     
 mdl_yt =   0.99366614581500623     
 mdl_ytau =    1.0206617000654717E-002
 mdl_muH =    88.388347648318430     
 mdl_AxialZUp =  -0.18517701861793787     
 mdl_AxialZDown =   0.18517701861793787     
 mdl_VectorZUp =    7.5430507588273299E-002
 mdl_VectorZDown =  -0.13030376310310560     
 mdl_VectorAUp =   0.20530251149624587     
 mdl_VectorADown =  -0.10265125574812294     
 mdl_VectorWmDxU =   0.23095271737156670     
 mdl_AxialWmDxU =  -0.23095271737156670     
 mdl_VectorWpUxD =   0.23095271737156670     
 mdl_AxialWpUxD =  -0.23095271737156670     
 mdl_I2x13 =  (  7.9699418879263656E-003,  3.1310485988282153E-003)
 mdl_I2x23 =  ( -4.0754375057150453E-002, -0.0000000000000000     )
 mdl_I2x33 =  ( 0.99366614581500623     ,  0.0000000000000000     )
 mdl_I3x31 =  (  7.9699418879263656E-003, -3.1310485988282153E-003)
 mdl_I3x32 =  ( -4.0754375057150453E-002,  0.0000000000000000     )
 mdl_I3x33 =  ( 0.99366614581500623     ,  0.0000000000000000     )
 mdl_Vector_tdGp =  ( -7.9699418879263656E-003, -3.1310485988282153E-003)
 mdl_Vector_tsGp =  (  4.0754375057150453E-002,  0.0000000000000000     )
 mdl_Vector_tbGp =  (-0.99366614581500623     ,  0.0000000000000000     )
 mdl_Axial_tdGp =  ( -7.9699418879263656E-003, -3.1310485988282153E-003)
 mdl_Axial_tsGp =  (  4.0754375057150453E-002,  0.0000000000000000     )
 mdl_Axial_tbGp =  (-0.99366614581500623     , -0.0000000000000000     )
 mdl_Vector_tdGm =  (  7.9699418879263656E-003, -3.1310485988282153E-003)
 mdl_Vector_tsGm =  ( -4.0754375057150453E-002,  0.0000000000000000     )
 mdl_Vector_tbGm =  ( 0.99366614581500623     ,  0.0000000000000000     )
 mdl_Axial_tdGm =  ( -7.9699418879263656E-003,  3.1310485988282153E-003)
 mdl_Axial_tsGm =  (  4.0754375057150453E-002, -0.0000000000000000     )
 mdl_Axial_tbGm =  (-0.99366614581500623     ,  0.0000000000000000     )
 mdl_gw__exp__2 =   0.42671326129048615     
 mdl_cw__exp__2 =   0.77775351421422245     
 mdl_ee__exp__2 =    9.4835522759998875E-002
 mdl_sw__exp__2 =   0.22224648578577769     
 mdl_yt__exp__2 =   0.98737240933884918     
  Internal Params evaluated point by point
  ----------------------------------------
  
 mdl_sqrt__aS =   0.34351128074635334     
 mdl_G__exp__4 =    2.1987899468922913     
 mdl_G__exp__2 =    1.4828317324943823     
 mdl_R2MixedFactor_FIN_ =   -2.5040377713124864E-002
 mdl_G_UVg_1EPS_ =   -5.1645779033320030E-002
 mdl_G_UVq_1EPS_ =    3.1300472141406080E-003
 mdl_G_UVb_1EPS_ =    3.1300472141406080E-003
 mdl_GWcft_UV_t_1EPS_ =   -3.1300472141406080E-003
 mdl_tWcft_UV_1EPS_ =   -1.8780283284843650E-002
 mdl_G__exp__3 =    1.8056676068262196     
 mdl_MU_R__exp__2 =    8315.2513440000002     
 mdl_G_UVt_FIN_ =   -4.0087659331150384E-003
 mdl_GWcft_UV_t_FIN_ =    4.0087659331150384E-003
 mdl_tWcft_UV_FIN_ =   -9.8778211443463623E-004
  Couplings of loop_sm-ckm_no_b_mass
  ---------------------------------
  
       UV_3Gt =   0.48815E-02   0.00000E+00
      UV_GQQt =   0.00000E+00  -0.48815E-02
   UVWfct_G_2 =   0.40088E-02   0.00000E+00
       R2_DDA =   0.00000E+00   0.25704E-02
       R2_UUA =  -0.00000E+00  -0.51409E-02
    R2_DDZ_V2 =   0.00000E+00   0.72127E-02
    R2_UUZ_V2 =  -0.00000E+00  -0.72127E-02
    R2_UUZ_V5 =   0.00000E+00   0.68702E-03
      R2_GGHt =   0.00000E+00  -0.45657E+01
     R2_GGZup =  -0.46369E-02   0.00000E+00
   R2_GGZdown =   0.46369E-02   0.00000E+00
 R2_GGGZvecUp =   0.00000E+00   0.28750E-03
 R2_GGGZvecDown  -0.00000E+00  -0.49665E-03
 R2_GGGZaxialUp  -0.00000E+00  -0.63522E-02
 R2_GGGZaxialDow  0.00000E+00   0.63522E-02
 R2_GGGAvecUp =   0.00000E+00   0.78251E-03
 R2_GGGAvecDown  -0.00000E+00  -0.39126E-03
         GC_4 =  -0.12177E+01   0.00000E+00
         GC_5 =   0.00000E+00   0.12177E+01
         GC_6 =   0.00000E+00   0.14828E+01
       R2_3Gq =   0.76230E-02   0.00000E+00
       R2_3Gg =   0.31445E-01   0.00000E+00
       R2_GQQ =  -0.00000E+00  -0.30492E-01
       R2_GGq =   0.00000E+00   0.62601E-02
       R2_GGt =  -0.00000E+00  -0.11242E+04
     R2_GGg_1 =   0.00000E+00   0.28170E-01
     R2_GGg_2 =  -0.00000E+00  -0.18780E-01
       R2_QQq =   0.00000E+00   0.12520E-01
  UV_3Gg_1eps =   0.62890E-01   0.00000E+00
  UV_3Gb_1eps =  -0.38115E-02   0.00000E+00
 UV_GQQg_1eps =   0.00000E+00  -0.62890E-01
 UV_GQQq_1eps =   0.00000E+00   0.38115E-02
 UVWfct_G_2_1eps -0.31300E-02   0.00000E+00
         GC_1 =  -0.00000E+00  -0.10265E+00
         GC_2 =   0.00000E+00   0.20530E+00
        GC_21 =  -0.00000E+00  -0.28804E+00
        GC_22 =   0.00000E+00   0.28804E+00
        GC_23 =  -0.00000E+00  -0.27437E-01
        GC_24 =   0.00000E+00   0.82310E-01
        GC_37 =  -0.00000E+00  -0.70263E+00
        GC_38 =  -0.00000E+00  -0.72172E-02
      GC_1003 =  -0.00000E+00  -0.30795E+00

 Collider parameters:
 --------------------

 Running at P P   machine @    13000.000000000000       GeV
 PDF set = lhapdf 
 alpha_s(Mz)= 0.1180 running at 3 loops.
 alpha_s(Mz)= 0.1180 running at 3 loops.
 Renormalization scale set on event-by-event basis
 Factorization   scale set on event-by-event basis


 ===============================================================
 INFO: MadFKS read these parameters from FKS_params.dat
 ===============================================================
  > IRPoleCheckThreshold      =    1.0000000000000001E-005
  > PrecisionVirtualAtRunTime =    1.0000000000000000E-003
  > NHelForMCoverHels         =            4
  > VirtualFraction           =    1.0000000000000000     
  > MinVirtualFraction        =    5.0000000000000001E-003
 ===============================================================
  Insert the number of points to test
 Insert the relative tolerance
  A negative number will mean use the default one:    1.0000000000000001E-005
Using random seed offsets:     0 ,     83 ,      0
  with seed                   32
 Ranmar initialization seeds       10729        9489
  ========================================================================================== 
 {                                                                                          }
 {       [32m                                                                            [0m       }
 {       [32m                               ,,                                           [0m       }
 {       [32m`7MMM.     ,MMF'             `7MM  `7MMF'                                   [0m       }
 {       [32m  MMMb    dPMM                 MM    MM                                     [0m       }
 {       [32m  M YM   ,M MM   ,6"Yb.   ,M""bMM    MM         ,pW"Wq.   ,pW"Wq.`7MMpdMAo. [0m       }
 {       [32m  M  Mb  M' MM  8)   MM ,AP    MM    MM        6W'   `Wb 6W'   `Wb MM   `Wb [0m       }
 {       [32m  M  YM.P'  MM   ,pm9MM 8MI    MM    MM      , 8M     M8 8M     M8 MM    M8 [0m       }
 {       [32m  M  `YM'   MM  8M   MM `Mb    MM    MM     ,M YA.   ,A9 YA.   ,A9 MM   ,AP [0m       }
 {       [32m.JML. `'  .JMML.`Moo9^Yo.`Wbmd"MML..JMMmmmmMMM  `Ybmd9'   `Ybmd9'  MMbmmd'  [0m       }
 {       [32m                                                                   MM       [0m       }
 {       [32m                                                                 .JMML.     [0m       }
 {       [32m[0mv2.4.2 (2016-06-10), Ref: arXiv:1103.0621v2, arXiv:1405.0301[32m                [0m       }
 {       [32m                                                                            [0m       }
 {                                                                                          }
  ========================================================================================== 
 ===============================================================
 INFO: MadLoop read these parameters from ./MadLoop5_resources/MadLoopParams.dat                                                                                                                                                                                                                                                                                                                                                                                                                                                                                          
 ===============================================================
  > MLReductionLib            = 6|1|2
  > IREGIMODE                 =            2
  > IREGIRECY                 =  T
  > CTModeRun                 =           -1
  > MLStabThres               =    1.0000000000000000E-003
  > NRotations_DP             =            1
  > NRotations_QP             =            0
  > CTStabThres               =    1.0000000000000000E-002
  > CTLoopLibrary             =            2
  > CTModeInit                =            1
  > CheckCycle                =            3
  > MaxAttempts               =           10
  > UseLoopFilter             =  F
  > HelicityFilterLevel       =            2
  > ImprovePSPoint            =            2
  > DoubleCheckHelicityFilter =  T
  > LoopInitStartOver         =  F
  > HelInitStartOver          =  F
  > ZeroThres                 =    1.0000000000000001E-009
  > OSThres                   =    1.0000000000000000E-008
  > WriteOutFilters           =  T
  > UseQPIntegrandForNinja    =  F
  > UseQPIntegrandForCutTools =  T
 ===============================================================
  
------------------------------------------------------------------------
|              You are using CutTools - Version 1.9.3                  |
|              Authors: G. Ossola, C. Papadopoulos, R. Pittau          |
|              Published in JHEP 0803:042,2008                         |
|              http://www.ugr.es/~pittau/CutTools                      |
|                                                                      |
|              Compiler with  34  significant digits detetected        |
 ---------------------------------------------------------------------- 
   
########################################################################
#                                                                      #
#                      You are using OneLOop-3.6                       #
#                                                                      #
# for the evaluation of 1-loop scalar 1-, 2-, 3- and 4-point functions #
#                                                                      #
# author: Andreas van Hameren <hamerenREMOVETHIS@ifj.edu.pl>           #
#   date: 18-02-2015                                                   #
#                                                                      #
# Please cite                                                          #
#    A. van Hameren,                                                   #
#      Comput.Phys.Commun. 182 (2011) 2427-2438, arXiv:1007.4716       #
#    A. van Hameren, C.G. Papadopoulos and R. Pittau,                  #
#      JHEP 0909:106,2009, arXiv:0903.4665                             #
# in publications with results obtained with the help of this program. #
#                                                                      #
########################################################################
 PASSED   1.0000000000000001E-005
 MU_R    =    325.00000000000000     
 ALPHA_S =   0.11799999999999999     
 BORN                    1.9753047268746773E-009
 SINGLE POLE (MadFKS)   -5.8053151028624499E-010
 DOUBLE POLE (MadFKS)   -1.9784950583785146E-010
 SINGLE POLE (MadLoop)  -5.8053151028623692E-010
 DOUBLE POLE (MadLoop)  -1.9784950583784934E-010
 FINITE PART (MadLoop)   2.7319465923295505E-010
   325.00000000000000        0.0000000000000000        0.0000000000000000        325.00000000000000        0.0000000000000000     
   325.00000000000000        0.0000000000000000        0.0000000000000000       -325.00000000000000        0.0000000000000000     
   272.28153447113732        65.801945547816075       -163.47407868224329       -207.56580540896215        0.0000000000000000     
   96.557336219701270       -7.9062005439797725        80.903434885847830       -52.109935659854649        0.0000000000000000     
   179.18345947601722       -53.989226752799169        46.132415718952977        164.51041232810172        0.0000000000000000     
   101.97766983314420       -3.9065182510371437        36.438228077442474        95.165328740715069        0.0000000000000000     

 PASSED   1.0000000000000001E-005
 MU_R    =    325.00000000000000     
 ALPHA_S =   0.11799999999999999     
 BORN                    1.1386922443005044E-008
 SINGLE POLE (MadFKS)   -1.1518712152501003E-009
 DOUBLE POLE (MadFKS)   -1.1405313558516194E-009
 SINGLE POLE (MadLoop)  -1.1518712152501913E-009
 DOUBLE POLE (MadLoop)  -1.1405313558516157E-009
 FINITE PART (MadLoop)   6.4351535031725821E-009
   325.00000000000000        0.0000000000000000        0.0000000000000000        325.00000000000000        0.0000000000000000     
   325.00000000000000        0.0000000000000000        0.0000000000000000       -325.00000000000000        0.0000000000000000     
   85.832235558788824       -76.221995034609364       -28.257876566532897        27.547641385679228        0.0000000000000000     
   182.68361014501653       -77.136883105147930       -71.942139188386804        149.15606353560662        0.0000000000000000     
   290.96384175202201        215.38593083199649        146.43922570009750       -129.70894796846534        0.0000000000000000     
   90.520312544172782       -62.027052692239252       -46.239209945177777       -46.994756952820552        0.0000000000000000     

 PASSED   1.0000000000000001E-005
 MU_R    =    325.00000000000000     
 ALPHA_S =   0.11799999999999999     
 BORN                    8.5648642603433425E-010
 SINGLE POLE (MadFKS)   -1.1782324078436427E-010
 DOUBLE POLE (MadFKS)   -8.5786974456256457E-011
 SINGLE POLE (MadLoop)  -1.1782324078436690E-010
 DOUBLE POLE (MadLoop)  -8.5786974456257025E-011
 FINITE PART (MadLoop)   5.0589639268624363E-010
   325.00000000000000        0.0000000000000000        0.0000000000000000        325.00000000000000        0.0000000000000000     
   325.00000000000000        0.0000000000000000        0.0000000000000000       -325.00000000000000        0.0000000000000000     
   83.916501240551838       -17.056754696042507       -81.150153871573309       -12.872405614901448        0.0000000000000000     
   243.78235857715416        63.444911915451158       -73.698669465825361       -223.54661174897691        0.0000000000000000     
   252.27843594367269       -45.340306677846684        84.908293626892046        233.19358375803151        0.0000000000000000     
   70.022704238621301       -1.0478505415619772        69.940529710506596        3.2254336058468969        0.0000000000000000     

 PASSED   1.0000000000000001E-005
 MU_R    =    325.00000000000000     
 ALPHA_S =   0.11799999999999999     
 BORN                    7.6096581276756976E-011
 SINGLE POLE (MadFKS)   -9.9933842497058965E-012
 DOUBLE POLE (MadFKS)   -7.6219485513900017E-012
 SINGLE POLE (MadLoop)  -9.9933842497058723E-012
 DOUBLE POLE (MadLoop)  -7.6219485513899742E-012
 FINITE PART (MadLoop)   3.4969496857086917E-011
   325.00000000000000        0.0000000000000000        0.0000000000000000        325.00000000000000        0.0000000000000000     
   325.00000000000000        0.0000000000000000        0.0000000000000000       -325.00000000000000        0.0000000000000000     
   102.33315789934336        56.006925602460683       -16.369203954574342        84.067524360515833        0.0000000000000000     
   92.490685223431512       -60.830630030147653       -69.330171767471725       -6.8911962624829073        0.0000000000000000     
   251.52631783138710        59.940238444663414       -17.889299100460825       -243.62395070006383        0.0000000000000000     
   203.64983904583789       -55.116534016976466        103.58867482250687        166.44762260203086        0.0000000000000000     

 PASSED   1.0000000000000001E-005
 MU_R    =    325.00000000000000     
 ALPHA_S =   0.11799999999999999     
 BORN                    1.3423612498572731E-011
 SINGLE POLE (MadFKS)   -3.5545327783202321E-012
 DOUBLE POLE (MadFKS)   -1.3445293089555401E-012
 SINGLE POLE (MadLoop)  -3.5545327783203048E-012
 DOUBLE POLE (MadLoop)  -1.3445293089555617E-012
 FINITE PART (MadLoop)  -1.9835184264331222E-012
   325.00000000000000        0.0000000000000000        0.0000000000000000        325.00000000000000        0.0000000000000000     
   325.00000000000000        0.0000000000000000        0.0000000000000000       -325.00000000000000        0.0000000000000000     
   207.19064769779399       -12.659808130914842        63.502442663867079        196.81243234928544        0.0000000000000000     
   196.17171224599124       -174.28602977589446        22.001155522668782       -87.313628181099816        0.0000000000000000     
   235.59219791494951        187.10105008529035       -79.728368695595549       -118.91285885268076        0.0000000000000000     
   11.045442141265323      -0.15521217848106725       -5.7752294909403199        9.4140546844951043        0.0000000000000000     

 PASSED   1.0000000000000001E-005
 MU_R    =    325.00000000000000     
 ALPHA_S =   0.11799999999999999     
 BORN                    3.4797556362612777E-010
 SINGLE POLE (MadFKS)   -4.5603420074829840E-011
 DOUBLE POLE (MadFKS)   -3.4853758192543018E-011
 SINGLE POLE (MadLoop)  -4.5603420074830571E-011
 DOUBLE POLE (MadLoop)  -3.4853758192543031E-011
 FINITE PART (MadLoop)   1.5700548536080290E-010
   325.00000000000000        0.0000000000000000        0.0000000000000000        325.00000000000000        0.0000000000000000     
   325.00000000000000        0.0000000000000000        0.0000000000000000       -325.00000000000000        0.0000000000000000     
   58.149913986915877       -51.321717149497381        3.9251671466354776       -27.057104582413736        0.0000000000000000     
   258.76505593068742       -104.46592454470587        126.53535753369626        200.08755102117490        0.0000000000000000     
   145.56547373075622        1.9291721550995014       -129.81240052925040       -65.835599078985709        0.0000000000000000     
   187.51955635164052        153.85846953910374      -0.64812415108135091       -107.19484735977538        0.0000000000000000     

 PASSED   1.0000000000000001E-005
 MU_R    =    325.00000000000000     
 ALPHA_S =   0.11799999999999999     
 BORN                    5.4847898779708221E-009
 SINGLE POLE (MadFKS)   -4.3903614182262210E-010
 DOUBLE POLE (MadFKS)   -5.4936484088605365E-010
 SINGLE POLE (MadLoop)  -4.3903614182279085E-010
 DOUBLE POLE (MadLoop)  -5.4936484088608343E-010
 FINITE PART (MadLoop)   4.6045503362248044E-009
   325.00000000000000        0.0000000000000000        0.0000000000000000        325.00000000000000        0.0000000000000000     
   325.00000000000000        0.0000000000000000        0.0000000000000000       -325.00000000000000        0.0000000000000000     
   33.929376683879248       -9.3188613382360401        31.600648977881672       -8.1092792338162898        0.0000000000000000     
   273.80507911864828        45.126817043805687       -201.49132364784305        179.81667950805976        0.0000000000000000     
   142.06807984831141       -49.954223193487927        130.78966869897312        24.124208972197167        0.0000000000000000     
   200.19746434916109        14.146267487918326        39.101005970988219       -195.83160924644068        0.0000000000000000     

 PASSED   1.0000000000000001E-005
 MU_R    =    325.00000000000000     
 ALPHA_S =   0.11799999999999999     
 BORN                    6.0321373358397341E-011
 SINGLE POLE (MadFKS)   -4.8813126426069491E-012
 DOUBLE POLE (MadFKS)   -6.0418798922747870E-012
 SINGLE POLE (MadLoop)  -4.8813126426072674E-012
 DOUBLE POLE (MadLoop)  -6.0418798922753210E-012
 FINITE PART (MadLoop)   2.7802864227794774E-011
   325.00000000000000        0.0000000000000000        0.0000000000000000        325.00000000000000        0.0000000000000000     
   325.00000000000000        0.0000000000000000        0.0000000000000000       -325.00000000000000        0.0000000000000000     
   180.05933711067823       -147.24359395732520        97.808939211527857       -34.265147447265818        0.0000000000000000     
   67.005636464918652        61.588609881976986        8.1074231653868960       -25.117088614961734        0.0000000000000000     
   223.91229178078794        223.77330167837110       -7.7008006014093073        1.7092502984354361        0.0000000000000000     
   179.02273464361485       -138.11831760302275       -98.215561775505307        57.672985763792155        0.0000000000000000     

 PASSED   1.0000000000000001E-005
 MU_R    =    325.00000000000000     
 ALPHA_S =   0.11799999999999999     
 BORN                    3.0841584041523410E-011
 SINGLE POLE (MadFKS)   -3.4679633444986625E-012
 DOUBLE POLE (MadFKS)   -3.0891396546833210E-012
 SINGLE POLE (MadLoop)  -3.4679633444986431E-012
 DOUBLE POLE (MadLoop)  -3.0891396546833126E-012
 FINITE PART (MadLoop)   1.4330359532195299E-011
   325.00000000000000        0.0000000000000000        0.0000000000000000        325.00000000000000        0.0000000000000000     
   325.00000000000000        0.0000000000000000        0.0000000000000000       -325.00000000000000        0.0000000000000000     
   168.95555905283078       -7.8124050265196923        42.430633562912895       -163.35418145246854        0.0000000000000000     
   168.56727635147450       -133.75665221734744        57.625659163944668        84.872657847406117        0.0000000000000000     
   138.08516151114659        112.76408431125085        67.950075473367406        41.648053521961941        0.0000000000000000     
   174.39200308454812        28.804972932616266       -168.00636820022510        36.833470083100522        0.0000000000000000     

 PASSED   1.0000000000000001E-005
 MU_R    =    325.00000000000000     
 ALPHA_S =   0.11799999999999999     
 BORN                    2.7673387556855988E-010
 SINGLE POLE (MadFKS)   -2.6064894506484107E-011
 DOUBLE POLE (MadFKS)   -2.7718083081014548E-011
 SINGLE POLE (MadLoop)  -2.6064894506484391E-011
 DOUBLE POLE (MadLoop)  -2.7718083081014483E-011
 FINITE PART (MadLoop)   1.1703083102102665E-010
   325.00000000000000        0.0000000000000000        0.0000000000000000        325.00000000000000        0.0000000000000000     
   325.00000000000000        0.0000000000000000        0.0000000000000000       -325.00000000000000        0.0000000000000000     
   120.05400618346654        81.207062446444539        18.382702122521771       -86.489615978993200        0.0000000000000000     
   187.74023132870255       -10.123657882060224       -165.69595059651721       -87.685563044085413        0.0000000000000000     
   271.33272850489641       -133.34711574092188        125.60707802006409        200.15708389350246        0.0000000000000000     
   70.873033982934345        62.263711176537591        21.706170453931357       -25.981904870423822        0.0000000000000000     

 PASSED   1.0000000000000001E-005
 MU_R    =    325.00000000000000     
 ALPHA_S =   0.11799999999999999     
 BORN                    1.4591540552084872E-010
 SINGLE POLE (MadFKS)   -1.0603909455775940E-011
 DOUBLE POLE (MadFKS)   -1.4615107473623349E-011
 SINGLE POLE (MadLoop)  -1.0603909455776500E-011
 DOUBLE POLE (MadLoop)  -1.4615107473623301E-011
 FINITE PART (MadLoop)   8.3063704256586929E-011
   325.00000000000000        0.0000000000000000        0.0000000000000000        325.00000000000000        0.0000000000000000     
   325.00000000000000        0.0000000000000000        0.0000000000000000       -325.00000000000000        0.0000000000000000     
   46.571126535500625        11.175225942075878        43.915243148149109        10.744094711426646        0.0000000000000000     
   178.47122137599447      -0.95773538193582830       -116.13879829656578       -135.50955365806129        0.0000000000000000     
   192.42771183546461        188.81543906348412       -8.9025209743556797        36.026370533228452        0.0000000000000000     
   232.52994025304071       -199.03292962362400        81.126076122772361        88.739088413406009        0.0000000000000000     

 PASSED   1.0000000000000001E-005
 MU_R    =    325.00000000000000     
 ALPHA_S =   0.11799999999999999     
 BORN                    1.3179017876053120E-011
 SINGLE POLE (MadFKS)   -1.3132289599298661E-012
 DOUBLE POLE (MadFKS)   -1.3200303420175788E-012
 SINGLE POLE (MadLoop)  -1.3132289599301056E-012
 DOUBLE POLE (MadLoop)  -1.3200303420175776E-012
 FINITE PART (MadLoop)   6.7228171242957395E-012
   325.00000000000000        0.0000000000000000        0.0000000000000000        325.00000000000000        0.0000000000000000     
   325.00000000000000        0.0000000000000000        0.0000000000000000       -325.00000000000000        0.0000000000000000     
   131.32798152737453        82.039668313453760        39.711199901358427        94.549204954178592        0.0000000000000000     
   177.12372236402001       -164.63241825434054        17.496620693057213       -62.951156845109750        0.0000000000000000     
   213.99651024559432        203.22532136669287       -27.941699138993833       -60.936332363567345        0.0000000000000000     
   127.55178586301113       -120.63257142580599       -29.266121455421821        29.338284254498550        0.0000000000000000     

 PASSED   1.0000000000000001E-005
 MU_R    =    325.00000000000000     
 ALPHA_S =   0.11799999999999999     
 BORN                    1.9557067954290363E-011
 SINGLE POLE (MadFKS)   -2.0712868126817684E-012
 DOUBLE POLE (MadFKS)   -1.9588654741467239E-012
 SINGLE POLE (MadLoop)  -2.0712868128600634E-012
 DOUBLE POLE (MadLoop)  -1.9588654741467227E-012
 FINITE PART (MadLoop)   9.3266874212025332E-012
   325.00000000000000        0.0000000000000000        0.0000000000000000        325.00000000000000        0.0000000000000000     
   325.00000000000000        0.0000000000000000        0.0000000000000000       -325.00000000000000        0.0000000000000000     
   133.52179357859424        72.846483022691658        42.818233101811757       -103.38306527525843        0.0000000000000000     
   175.42388062755685       -170.65627248386099        39.117161620703435       -10.946333773701948        0.0000000000000000     
   121.54629759399808        53.837497730535297        108.11176574005175        13.670128217815476        0.0000000000000000     
   219.50802819985068        43.972291730634048       -190.04716046256695        100.65927083114488        0.0000000000000000     

 PASSED   1.0000000000000001E-005
 MU_R    =    325.00000000000000     
 ALPHA_S =   0.11799999999999999     
 BORN                    6.2181397355671686E-011
 SINGLE POLE (MadFKS)   -7.7281441309498869E-012
 DOUBLE POLE (MadFKS)   -6.2281827060636905E-012
 SINGLE POLE (MadLoop)  -7.7281441309500630E-012
 DOUBLE POLE (MadLoop)  -6.2281827060637090E-012
 FINITE PART (MadLoop)   1.4855603516136678E-011
   325.00000000000000        0.0000000000000000        0.0000000000000000        325.00000000000000        0.0000000000000000     
   325.00000000000000        0.0000000000000000        0.0000000000000000       -325.00000000000000        0.0000000000000000     
Thanks for using LHAPDF 6.2.1. Please make sure to cite the paper:
  Eur.Phys.J. C75 (2015) 3, 132  (http://arxiv.org/abs/1412.7420)
   104.05773661072809       -39.782969211624312        25.576566852505739        92.688549116349364        0.0000000000000000     
   286.16179143947136        124.38979191746124       -172.96285708036692       -191.04868650994374        0.0000000000000000     
   222.40520185895667       -106.22604815403473        146.89879161262661        128.84426851920901        0.0000000000000000     
   37.375270090843784        21.619225448197795       0.48749861523466448       -30.484131125614578        0.0000000000000000     

 PASSED   1.0000000000000001E-005
 MU_R    =    325.00000000000000     
 ALPHA_S =   0.11799999999999999     
 BORN                    1.2896611622388563E-011
 SINGLE POLE (MadFKS)   -2.4667619861426275E-012
 DOUBLE POLE (MadFKS)   -1.2917441049763426E-012
 SINGLE POLE (MadLoop)  -2.4667619861424644E-012
 DOUBLE POLE (MadLoop)  -1.2917441049763414E-012
 FINITE PART (MadLoop)   3.8912222853758121E-012
   325.00000000000000        0.0000000000000000        0.0000000000000000        325.00000000000000        0.0000000000000000     
   325.00000000000000        0.0000000000000000        0.0000000000000000       -325.00000000000000        0.0000000000000000     
   187.72733816686207        185.51737924375789       -16.419697015661153       -23.563723043207833        0.0000000000000000     
   228.40048676906594       -137.17591912792443       -138.88515008403385        118.57683017306027        0.0000000000000000     
   45.316715082734561        23.894565514857494       -9.0679436940687506       -37.422276813512077        0.0000000000000000     
   188.55545998133761       -72.236025630690918        164.37279079376387       -57.590830316340366        0.0000000000000000     

 PASSED   1.0000000000000001E-005
 MU_R    =    325.00000000000000     
 ALPHA_S =   0.11799999999999999     
 BORN                    1.5285684005928619E-011
 SINGLE POLE (MadFKS)   -2.3839320159498313E-012
 DOUBLE POLE (MadFKS)   -1.5310372044476967E-012
 SINGLE POLE (MadLoop)  -2.3839320159497708E-012
 DOUBLE POLE (MadLoop)  -1.5310372044476992E-012
 FINITE PART (MadLoop)   3.9035010354300438E-012
   325.00000000000000        0.0000000000000000        0.0000000000000000        325.00000000000000        0.0000000000000000     
   325.00000000000000        0.0000000000000000        0.0000000000000000       -325.00000000000000        0.0000000000000000     
   85.031328359981927       -56.580047827893623        48.552055721872605       -40.886707811176400        0.0000000000000000     
   256.50030735268643       -64.459266328067528       -247.16558138141519        23.379179559105332        0.0000000000000000     
   58.029458071844424        32.696300047257218       -29.017914021412420       -38.161900282580199        0.0000000000000000     
   250.43890621548724        88.343014108703940        227.63143968095505        55.669428534651253        0.0000000000000000     

 PASSED   1.0000000000000001E-005
 MU_R    =    325.00000000000000     
 ALPHA_S =   0.11799999999999999     
 BORN                    5.7274291148454035E-011
 SINGLE POLE (MadFKS)   -4.1231116627934887E-012
 DOUBLE POLE (MadFKS)   -5.7366795344350930E-012
 SINGLE POLE (MadLoop)  -4.1231116627933360E-012
 DOUBLE POLE (MadLoop)  -5.7366795344351883E-012
 FINITE PART (MadLoop)   3.0694289774580372E-011
   325.00000000000000        0.0000000000000000        0.0000000000000000        325.00000000000000        0.0000000000000000     
   325.00000000000000        0.0000000000000000        0.0000000000000000       -325.00000000000000        0.0000000000000000     
   72.792871458349296        51.031391220777728        49.973370989522934       -14.044979073220381        0.0000000000000000     
   199.25779076447208       -166.41299008172555       -109.58767868663585       0.96155731617069073        0.0000000000000000     
   228.02055355068904        218.59515322350347       -43.249268817630728        48.363545935920847        0.0000000000000000     
   149.92878422648985       -103.21355436255561        102.86357651474380       -35.280124178871134        0.0000000000000000     

 PASSED   1.0000000000000001E-005
 MU_R    =    325.00000000000000     
 ALPHA_S =   0.11799999999999999     
 BORN                    4.6643210994278080E-009
 SINGLE POLE (MadFKS)   -4.1381877125825175E-010
 DOUBLE POLE (MadFKS)   -4.6718544841988063E-010
 SINGLE POLE (MadLoop)  -4.1381877125824126E-010
 DOUBLE POLE (MadLoop)  -4.6718544841986739E-010
 FINITE PART (MadLoop)   1.7478823331137204E-009
   325.00000000000000        0.0000000000000000        0.0000000000000000        325.00000000000000        0.0000000000000000     
   325.00000000000000        0.0000000000000000        0.0000000000000000       -325.00000000000000        0.0000000000000000     
   213.40212820258785       -15.513940847289003       -168.39916850519126       -130.15954059361428        0.0000000000000000     
   28.051328506766318       -9.0389604917272734       -24.134347060305188        11.077342469936189        0.0000000000000000     
   282.10374438955887       -62.212502925816615        267.25916487235548        65.457359174090627        0.0000000000000000     
   126.44279890108712        86.765404264832966       -74.725649306858998        53.624838949587385        0.0000000000000000     

 PASSED   1.0000000000000001E-005
 MU_R    =    325.00000000000000     
 ALPHA_S =   0.11799999999999999     
 BORN                    2.2559015745905385E-011
 SINGLE POLE (MadFKS)   -1.8025379961150634E-012
 DOUBLE POLE (MadFKS)   -2.2595451004552082E-012
 SINGLE POLE (MadLoop)  -1.8025379961150992E-012
 DOUBLE POLE (MadLoop)  -2.2595451004552510E-012
 FINITE PART (MadLoop)   1.1947258616919053E-011
   325.00000000000000        0.0000000000000000        0.0000000000000000        325.00000000000000        0.0000000000000000     
   325.00000000000000        0.0000000000000000        0.0000000000000000       -325.00000000000000        0.0000000000000000     
   116.26507179086914       -19.168193244474498       -6.6109535901294434        114.48337249971104        0.0000000000000000     
   207.22014563748294        89.849657232813087       -25.349547973194451       -184.99899532354283        0.0000000000000000     
   173.35334148674221        35.443954941067368        139.13853388168314        97.136890273522425        0.0000000000000000     
   153.16144108490596       -106.12541892940590       -107.17803231835926       -26.621267449690542        0.0000000000000000     

 PASSED   1.0000000000000001E-005
 MU_R    =    325.00000000000000     
 ALPHA_S =   0.11799999999999999     
 BORN                    1.5862127665447779E-010
 SINGLE POLE (MadFKS)   -1.2318717083076565E-011
 DOUBLE POLE (MadFKS)   -1.5887746723064798E-011
 SINGLE POLE (MadLoop)  -1.2318717083083389E-011
 DOUBLE POLE (MadLoop)  -1.5887746723064746E-011
 FINITE PART (MadLoop)   7.8518658949865732E-011
   325.00000000000000        0.0000000000000000        0.0000000000000000        325.00000000000000        0.0000000000000000     
   325.00000000000000        0.0000000000000000        0.0000000000000000       -325.00000000000000        0.0000000000000000     
   135.12797366881500        4.7849451966045251        86.387104939658400        103.79759952643370        0.0000000000000000     
   94.213786928094066       -29.900867991513355        81.819392762675292       -35.885410804858893        0.0000000000000000     
   216.95271802282039        199.01791370900239       -62.441535415354608       -59.677521189963436        0.0000000000000000     
   203.70552138027026       -173.90199091409355       -105.76496228697908       -8.2346675316113629        0.0000000000000000     

 NUMBER OF POINTS PASSING THE CHECK          20
 NUMBER OF POINTS FAILING THE CHECK           0
 TOLERANCE    1.0000000000000001E-005
