==== LHAPDF6 USING DEFAULT-TYPE LHAGLUE INTERFACE ====
LHAPDF 6.2.1 loading /cvmfs/cms.cern.ch/slc6_amd64_gcc481/external/lhapdf/6.2.1/share/LHAPDF/NNPDF31_nnlo_hessian_pdfas/NNPDF31_nnlo_hessian_pdfas_0000.dat
NNPDF31_nnlo_hessian_pdfas PDF set, member #0, version 1; LHAPDF ID = 306000
 A PDF is used, so alpha_s(MZ) is going to be modified
 Old value of alpha_s from param_card:   0.11799999999999999     
 New value of alpha_s from PDF lhapdf :  0.11800208008122040     
 using LHAPDF
 *****************************************************
 *               MadGraph/MadEvent                   *
 *        --------------------------------           *
 *          http://madgraph.hep.uiuc.edu             *
 *          http://madgraph.phys.ucl.ac.be           *
 *          http://madgraph.roma2.infn.it            *
 *        --------------------------------           *
 *                                                   *
 *          PARAMETER AND COUPLING VALUES            *
 *                                                   *
 *****************************************************

  External Params
  ---------------------------------
  
 MU_R =    91.188000000000002     
 aEWM1 =    132.50700000000001     
 mdl_Gf =    1.1663900000000000E-005
 aS =   0.11799999999999999     
 mdl_lamWS =   0.22530000000000000     
 mdl_AWS =   0.80800000000000005     
 mdl_rhoWS =   0.13200000000000001     
 mdl_etaWS =   0.34100000000000003     
 mdl_ymt =    173.00000000000000     
 mdl_ymtau =    1.7769999999999999     
 mdl_MT =    173.00000000000000     
 mdl_MZ =    91.188000000000002     
 mdl_MH =    125.00000000000000     
 mdl_MTA =    1.7769999999999999     
 mdl_WT =    1.4915000000000000     
 mdl_WZ =    2.4414039999999999     
 mdl_WW =    2.0476000000000001     
 mdl_WH =    6.3823389999999999E-003
  Internal Params
  ---------------------------------
  
 mdl_CKM33 =    1.0000000000000000     
 mdl_conjg__CKM3x3 =    1.0000000000000000     
 mdl_I4x33 =    0.0000000000000000     
 mdl_I1x33 =    0.0000000000000000     
 mdl_lhv =    1.0000000000000000     
 mdl_CKM3x3 =    1.0000000000000000     
 mdl_conjg__CKM33 =    1.0000000000000000     
 mdl_Ncol =    3.0000000000000000     
 mdl_CA =    3.0000000000000000     
 mdl_TF =   0.50000000000000000     
 mdl_CF =    1.3333333333333333     
 mdl_lamWS__exp__2 =    5.0760090000000001E-002
 mdl_CKM11 =  ( 0.97461995499999998     ,  0.0000000000000000     )
 mdl_CKM12 =  ( 0.22530000000000000     ,  0.0000000000000000     )
 mdl_complexi =  (  0.0000000000000000     ,  1.0000000000000000     )
 mdl_lamWS__exp__3 =    1.1436248277000001E-002
 mdl_CKM13 =  (  1.2197444962317122E-003, -3.1510066152652563E-003)
 mdl_CKM21 =  (-0.22530000000000000     ,  0.0000000000000000     )
 mdl_CKM22 =  ( 0.97461995499999998     ,  0.0000000000000000     )
 mdl_CKM23 =  (  4.1014152720000002E-002,  0.0000000000000000     )
 mdl_CKM31 =  (  8.0207441115842885E-003, -3.1510066152652563E-003)
 mdl_CKM32 =  ( -4.1014152720000002E-002,  0.0000000000000000     )
 mdl_MZ__exp__2 =    8315.2513440000002     
 mdl_MZ__exp__4 =    69143404.913893804     
 mdl_sqrt__2 =    1.4142135623730951     
 mdl_MH__exp__2 =    15625.000000000000     
 mdl_CKM1x1 =  ( 0.97461995499999998     ,  0.0000000000000000     )
 mdl_CKM1x2 =  ( 0.22530000000000000     ,  0.0000000000000000     )
 mdl_CKM1x3 =  (  1.2197444962317122E-003, -3.1510066152652563E-003)
 mdl_CKM2x1 =  (-0.22530000000000000     ,  0.0000000000000000     )
 mdl_CKM2x2 =  ( 0.97461995499999998     ,  0.0000000000000000     )
 mdl_CKM2x3 =  (  4.1014152720000002E-002,  0.0000000000000000     )
 mdl_CKM3x1 =  (  8.0207441115842885E-003, -3.1510066152652563E-003)
 mdl_CKM3x2 =  ( -4.1014152720000002E-002,  0.0000000000000000     )
 mdl_conjg__CKM1x3 =  (  1.2197444962317122E-003,  3.1510066152652563E-003)
 mdl_conjg__CKM2x3 =  (  4.1014152720000002E-002, -0.0000000000000000     )
 mdl_conjg__CKM2x1 =  (-0.22530000000000000     , -0.0000000000000000     )
 mdl_conjg__CKM3x1 =  (  8.0207441115842885E-003,  3.1510066152652563E-003)
 mdl_conjg__CKM2x2 =  ( 0.97461995499999998     , -0.0000000000000000     )
 mdl_conjg__CKM3x2 =  ( -4.1014152720000002E-002, -0.0000000000000000     )
 mdl_Ncol__exp__2 =    9.0000000000000000     
 mdl_MT__exp__2 =    29929.000000000000     
 mdl_conjg__CKM11 =  ( 0.97461995499999998     , -0.0000000000000000     )
 mdl_conjg__CKM12 =  ( 0.22530000000000000     , -0.0000000000000000     )
 mdl_conjg__CKM13 =  (  1.2197444962317122E-003,  3.1510066152652563E-003)
 mdl_conjg__CKM21 =  (-0.22530000000000000     , -0.0000000000000000     )
 mdl_conjg__CKM22 =  ( 0.97461995499999998     , -0.0000000000000000     )
 mdl_conjg__CKM23 =  (  4.1014152720000002E-002, -0.0000000000000000     )
 mdl_conjg__CKM31 =  (  8.0207441115842885E-003,  3.1510066152652563E-003)
 mdl_conjg__CKM32 =  ( -4.1014152720000002E-002, -0.0000000000000000     )
 mdl_aEW =    7.5467711139788835E-003
 mdl_MW =    80.419002445756163     
 mdl_sqrt__aEW =    8.6872153846781555E-002
 mdl_ee =   0.30795376724436879     
 mdl_MW__exp__2 =    6467.2159543705357     
 mdl_sw2 =   0.22224648578577766     
 mdl_cw =   0.88190334743339216     
 mdl_sqrt__sw2 =   0.47143025548407230     
 mdl_sw =   0.47143025548407230     
 mdl_g1 =   0.34919219678733299     
 mdl_gw =   0.65323293034757990     
 mdl_v =    246.21845810181637     
 mdl_v__exp__2 =    60623.529110035903     
 mdl_lam =   0.12886910601690263     
 mdl_yt =   0.99366614581500623     
 mdl_ytau =    1.0206617000654717E-002
 mdl_muH =    88.388347648318430     
 mdl_AxialZUp =  -0.18517701861793787     
 mdl_AxialZDown =   0.18517701861793787     
 mdl_VectorZUp =    7.5430507588273299E-002
 mdl_VectorZDown =  -0.13030376310310560     
 mdl_VectorAUp =   0.20530251149624587     
 mdl_VectorADown =  -0.10265125574812294     
 mdl_VectorWmDxU =   0.23095271737156670     
 mdl_AxialWmDxU =  -0.23095271737156670     
 mdl_VectorWpUxD =   0.23095271737156670     
 mdl_AxialWpUxD =  -0.23095271737156670     
 mdl_I2x13 =  (  7.9699418879263656E-003,  3.1310485988282153E-003)
 mdl_I2x23 =  ( -4.0754375057150453E-002, -0.0000000000000000     )
 mdl_I2x33 =  ( 0.99366614581500623     ,  0.0000000000000000     )
 mdl_I3x31 =  (  7.9699418879263656E-003, -3.1310485988282153E-003)
 mdl_I3x32 =  ( -4.0754375057150453E-002,  0.0000000000000000     )
 mdl_I3x33 =  ( 0.99366614581500623     ,  0.0000000000000000     )
 mdl_Vector_tdGp =  ( -7.9699418879263656E-003, -3.1310485988282153E-003)
 mdl_Vector_tsGp =  (  4.0754375057150453E-002,  0.0000000000000000     )
 mdl_Vector_tbGp =  (-0.99366614581500623     ,  0.0000000000000000     )
 mdl_Axial_tdGp =  ( -7.9699418879263656E-003, -3.1310485988282153E-003)
 mdl_Axial_tsGp =  (  4.0754375057150453E-002,  0.0000000000000000     )
 mdl_Axial_tbGp =  (-0.99366614581500623     , -0.0000000000000000     )
 mdl_Vector_tdGm =  (  7.9699418879263656E-003, -3.1310485988282153E-003)
 mdl_Vector_tsGm =  ( -4.0754375057150453E-002,  0.0000000000000000     )
 mdl_Vector_tbGm =  ( 0.99366614581500623     ,  0.0000000000000000     )
 mdl_Axial_tdGm =  ( -7.9699418879263656E-003,  3.1310485988282153E-003)
 mdl_Axial_tsGm =  (  4.0754375057150453E-002, -0.0000000000000000     )
 mdl_Axial_tbGm =  (-0.99366614581500623     ,  0.0000000000000000     )
 mdl_gw__exp__2 =   0.42671326129048615     
 mdl_cw__exp__2 =   0.77775351421422245     
 mdl_ee__exp__2 =    9.4835522759998875E-002
 mdl_sw__exp__2 =   0.22224648578577769     
 mdl_yt__exp__2 =   0.98737240933884918     
  Internal Params evaluated point by point
  ----------------------------------------
  
 mdl_sqrt__aS =   0.34351128074635334     
 mdl_G__exp__4 =    2.1987899468922913     
 mdl_G__exp__2 =    1.4828317324943823     
 mdl_R2MixedFactor_FIN_ =   -2.5040377713124864E-002
 mdl_G_UVg_1EPS_ =   -5.1645779033320030E-002
 mdl_G_UVq_1EPS_ =    3.1300472141406080E-003
 mdl_G_UVb_1EPS_ =    3.1300472141406080E-003
 mdl_GWcft_UV_t_1EPS_ =   -3.1300472141406080E-003
 mdl_tWcft_UV_1EPS_ =   -1.8780283284843650E-002
 mdl_G__exp__3 =    1.8056676068262196     
 mdl_MU_R__exp__2 =    8315.2513440000002     
 mdl_G_UVt_FIN_ =   -4.0087659331150384E-003
 mdl_GWcft_UV_t_FIN_ =    4.0087659331150384E-003
 mdl_tWcft_UV_FIN_ =   -9.8778211443463623E-004
  Couplings of loop_sm-ckm_no_b_mass
  ---------------------------------
  
       UV_3Gt =   0.48815E-02   0.00000E+00
      UV_GQQt =   0.00000E+00  -0.48815E-02
   UVWfct_G_2 =   0.40088E-02   0.00000E+00
       R2_DDA =   0.00000E+00   0.25704E-02
       R2_UUA =  -0.00000E+00  -0.51409E-02
    R2_DDZ_V2 =   0.00000E+00   0.72127E-02
    R2_UUZ_V2 =  -0.00000E+00  -0.72127E-02
    R2_UUZ_V5 =   0.00000E+00   0.68702E-03
      R2_GGHt =   0.00000E+00  -0.45657E+01
     R2_GGZup =  -0.46369E-02   0.00000E+00
   R2_GGZdown =   0.46369E-02   0.00000E+00
 R2_GGGZvecUp =   0.00000E+00   0.28750E-03
 R2_GGGZvecDown  -0.00000E+00  -0.49665E-03
 R2_GGGZaxialUp  -0.00000E+00  -0.63522E-02
 R2_GGGZaxialDow  0.00000E+00   0.63522E-02
 R2_GGGAvecUp =   0.00000E+00   0.78251E-03
 R2_GGGAvecDown  -0.00000E+00  -0.39126E-03
         GC_4 =  -0.12177E+01   0.00000E+00
         GC_5 =   0.00000E+00   0.12177E+01
         GC_6 =   0.00000E+00   0.14828E+01
       R2_3Gq =   0.76230E-02   0.00000E+00
       R2_3Gg =   0.31445E-01   0.00000E+00
       R2_GQQ =  -0.00000E+00  -0.30492E-01
       R2_GGq =   0.00000E+00   0.62601E-02
       R2_GGt =  -0.00000E+00  -0.11242E+04
     R2_GGg_1 =   0.00000E+00   0.28170E-01
     R2_GGg_2 =  -0.00000E+00  -0.18780E-01
       R2_QQq =   0.00000E+00   0.12520E-01
  UV_3Gg_1eps =   0.62890E-01   0.00000E+00
  UV_3Gb_1eps =  -0.38115E-02   0.00000E+00
 UV_GQQg_1eps =   0.00000E+00  -0.62890E-01
 UV_GQQq_1eps =   0.00000E+00   0.38115E-02
 UVWfct_G_2_1eps -0.31300E-02   0.00000E+00
         GC_1 =  -0.00000E+00  -0.10265E+00
         GC_2 =   0.00000E+00   0.20530E+00
        GC_21 =  -0.00000E+00  -0.28804E+00
        GC_22 =   0.00000E+00   0.28804E+00
        GC_23 =  -0.00000E+00  -0.27437E-01
        GC_24 =   0.00000E+00   0.82310E-01
        GC_37 =  -0.00000E+00  -0.70263E+00
        GC_38 =  -0.00000E+00  -0.72172E-02
      GC_1003 =  -0.00000E+00  -0.30795E+00

 Collider parameters:
 --------------------

 Running at P P   machine @    13000.000000000000       GeV
 PDF set = lhapdf 
 alpha_s(Mz)= 0.1180 running at 3 loops.
 alpha_s(Mz)= 0.1180 running at 3 loops.
 Renormalization scale set on event-by-event basis
 Factorization   scale set on event-by-event basis


 ===============================================================
 INFO: MadFKS read these parameters from FKS_params.dat
 ===============================================================
  > IRPoleCheckThreshold      =    1.0000000000000001E-005
  > PrecisionVirtualAtRunTime =    1.0000000000000000E-003
  > NHelForMCoverHels         =            4
  > VirtualFraction           =    1.0000000000000000     
  > MinVirtualFraction        =    5.0000000000000001E-003
 ===============================================================
  Insert the number of points to test
 Insert the relative tolerance
  A negative number will mean use the default one:    1.0000000000000001E-005
Using random seed offsets:     0 ,    121 ,      0
  with seed                   32
 Ranmar initialization seeds       10729        9527
  ========================================================================================== 
 {                                                                                          }
 {       [32m                                                                            [0m       }
 {       [32m                               ,,                                           [0m       }
 {       [32m`7MMM.     ,MMF'             `7MM  `7MMF'                                   [0m       }
 {       [32m  MMMb    dPMM                 MM    MM                                     [0m       }
 {       [32m  M YM   ,M MM   ,6"Yb.   ,M""bMM    MM         ,pW"Wq.   ,pW"Wq.`7MMpdMAo. [0m       }
 {       [32m  M  Mb  M' MM  8)   MM ,AP    MM    MM        6W'   `Wb 6W'   `Wb MM   `Wb [0m       }
 {       [32m  M  YM.P'  MM   ,pm9MM 8MI    MM    MM      , 8M     M8 8M     M8 MM    M8 [0m       }
 {       [32m  M  `YM'   MM  8M   MM `Mb    MM    MM     ,M YA.   ,A9 YA.   ,A9 MM   ,AP [0m       }
 {       [32m.JML. `'  .JMML.`Moo9^Yo.`Wbmd"MML..JMMmmmmMMM  `Ybmd9'   `Ybmd9'  MMbmmd'  [0m       }
 {       [32m                                                                   MM       [0m       }
 {       [32m                                                                 .JMML.     [0m       }
 {       [32m[0mv2.4.2 (2016-06-10), Ref: arXiv:1103.0621v2, arXiv:1405.0301[32m                [0m       }
 {       [32m                                                                            [0m       }
 {                                                                                          }
  ========================================================================================== 
 ===============================================================
 INFO: MadLoop read these parameters from ./MadLoop5_resources/MadLoopParams.dat                                                                                                                                                                                                                                                                                                                                                                                                                                                                                          
 ===============================================================
  > MLReductionLib            = 6|1|2
  > IREGIMODE                 =            2
  > IREGIRECY                 =  T
  > CTModeRun                 =           -1
  > MLStabThres               =    1.0000000000000000E-003
  > NRotations_DP             =            1
  > NRotations_QP             =            0
  > CTStabThres               =    1.0000000000000000E-002
  > CTLoopLibrary             =            2
  > CTModeInit                =            1
  > CheckCycle                =            3
  > MaxAttempts               =           10
  > UseLoopFilter             =  F
  > HelicityFilterLevel       =            2
  > ImprovePSPoint            =            2
  > DoubleCheckHelicityFilter =  T
  > LoopInitStartOver         =  F
  > HelInitStartOver          =  F
  > ZeroThres                 =    1.0000000000000001E-009
  > OSThres                   =    1.0000000000000000E-008
  > WriteOutFilters           =  T
  > UseQPIntegrandForNinja    =  F
  > UseQPIntegrandForCutTools =  T
 ===============================================================
  
------------------------------------------------------------------------
|              You are using CutTools - Version 1.9.3                  |
|              Authors: G. Ossola, C. Papadopoulos, R. Pittau          |
|              Published in JHEP 0803:042,2008                         |
|              http://www.ugr.es/~pittau/CutTools                      |
|                                                                      |
|              Compiler with  34  significant digits detetected        |
 ---------------------------------------------------------------------- 
   
########################################################################
#                                                                      #
#                      You are using OneLOop-3.6                       #
#                                                                      #
# for the evaluation of 1-loop scalar 1-, 2-, 3- and 4-point functions #
#                                                                      #
# author: Andreas van Hameren <hamerenREMOVETHIS@ifj.edu.pl>           #
#   date: 18-02-2015                                                   #
#                                                                      #
# Please cite                                                          #
#    A. van Hameren,                                                   #
#      Comput.Phys.Commun. 182 (2011) 2427-2438, arXiv:1007.4716       #
#    A. van Hameren, C.G. Papadopoulos and R. Pittau,                  #
#      JHEP 0909:106,2009, arXiv:0903.4665                             #
# in publications with results obtained with the help of this program. #
#                                                                      #
########################################################################
 PASSED   1.0000000000000001E-005
 MU_R    =    325.00000000000000     
 ALPHA_S =   0.11799999999999999     
 BORN                    5.4685359687757603E-010
 SINGLE POLE (MadFKS)   -6.4495837705940586E-011
 DOUBLE POLE (MadFKS)   -5.4773682478381698E-011
 SINGLE POLE (MadLoop)  -6.4495837705973984E-011
 DOUBLE POLE (MadLoop)  -5.4773682478391404E-011
 FINITE PART (MadLoop)   3.2220849728214787E-010
   325.00000000000000        0.0000000000000000        0.0000000000000000        325.00000000000000        0.0000000000000000     
   325.00000000000000        0.0000000000000000        0.0000000000000000       -325.00000000000000        0.0000000000000000     
   243.81886378843387       -212.73174683271250       -91.834726023732017       -75.889560050982524        0.0000000000000000     
   59.473714907718588       -1.6482703654335324       -57.623325708094740       -14.627313631212278        0.0000000000000000     
   105.36830558078316        47.824282882007360       -25.195179426457191        90.446231106971297        0.0000000000000000     
   241.33911572306422        166.55573431613868        174.65323115828392        7.0642575223543724E-002   0.0000000000000000     

 PASSED   1.0000000000000001E-005
 MU_R    =    325.00000000000000     
 ALPHA_S =   0.11799999999999999     
 BORN                    1.4724499420456621E-011
 SINGLE POLE (MadFKS)   -2.0207651008023358E-012
 DOUBLE POLE (MadFKS)   -1.4748281084996879E-012
 SINGLE POLE (MadLoop)  -2.0207651008022954E-012
 DOUBLE POLE (MadLoop)  -1.4748281084996952E-012
 FINITE PART (MadLoop)   7.6991444636345493E-012
   325.00000000000000        0.0000000000000000        0.0000000000000000        325.00000000000000        0.0000000000000000     
   325.00000000000000        0.0000000000000000        0.0000000000000000       -325.00000000000000        0.0000000000000000     
   137.61163407836824       -112.67543689666964       -76.153771401004676        21.019297211535502        0.0000000000000000     
   160.35176005998679       -5.4210252079180563        39.295937606172203       -155.36772099661661        0.0000000000000000     
   167.92502342446841        104.78095777462113       -123.38596201775682        44.672908534077010        0.0000000000000000     
   184.11158243717648        13.315504329966570        160.24379581258930        89.675515251004114        0.0000000000000000     

 PASSED   1.0000000000000001E-005
 MU_R    =    325.00000000000000     
 ALPHA_S =   0.11799999999999999     
 BORN                    1.8606080179398955E-008
 SINGLE POLE (MadFKS)   -1.3843163056794937E-009
 DOUBLE POLE (MadFKS)   -1.8636131018113437E-009
 SINGLE POLE (MadLoop)  -1.3843163056795310E-009
 DOUBLE POLE (MadLoop)  -1.8636131018113437E-009
 FINITE PART (MadLoop)   1.2242278047733758E-008
   325.00000000000000        0.0000000000000000        0.0000000000000000        325.00000000000000        0.0000000000000000     
   325.00000000000000        0.0000000000000000        0.0000000000000000       -325.00000000000000        0.0000000000000000     
   26.769021429017986       0.85831708449114619        16.927888807540693       -20.719323844402677        0.0000000000000000     
   213.63179010283653        122.01540479875263       -42.568994396035393       -170.11367802281288        0.0000000000000000     
   282.33815181015711       -131.47357400288092       -94.741131043184140        231.20045284372287        0.0000000000000000     
   127.26103665798846        8.5998521196371502        120.38223663167886       -40.367450976507413        0.0000000000000000     

 PASSED   1.0000000000000001E-005
 MU_R    =    325.00000000000000     
 ALPHA_S =   0.11799999999999999     
 BORN                    3.9555011915048499E-011
 SINGLE POLE (MadFKS)   -7.1360073263825642E-012
 DOUBLE POLE (MadFKS)   -3.9618897551998759E-012
 SINGLE POLE (MadLoop)  -7.1360073263829843E-012
 DOUBLE POLE (MadLoop)  -3.9618897551998840E-012
 FINITE PART (MadLoop)   7.7148173464130562E-012
   325.00000000000000        0.0000000000000000        0.0000000000000000        325.00000000000000        0.0000000000000000     
   325.00000000000000        0.0000000000000000        0.0000000000000000       -325.00000000000000        0.0000000000000000     
   146.14242754271149       -4.9280569557504936       -92.654955726245390        112.90873554373489        0.0000000000000000     
   169.28012400589432       -41.523761020734831       -156.14261764262625       -50.507629224231735        0.0000000000000000     
   40.282070937960306       -27.375598636011688       -25.290411158690954        15.284532763392557        0.0000000000000000     
   294.29537751343389        73.827416612497004        274.08798452756258       -77.685639082895719        0.0000000000000000     

 PASSED   1.0000000000000001E-005
 MU_R    =    325.00000000000000     
 ALPHA_S =   0.11799999999999999     
 BORN                    1.1442509639363488E-008
 SINGLE POLE (MadFKS)   -9.2276684319485618E-012
 DOUBLE POLE (MadFKS)   -1.1460990534229357E-009
 SINGLE POLE (MadLoop)  -9.2276684316470109E-012
 DOUBLE POLE (MadLoop)  -1.1460990534228956E-009
 FINITE PART (MadLoop)   1.1313838277468671E-008
   325.00000000000000        0.0000000000000000        0.0000000000000000        325.00000000000000        0.0000000000000000     
   325.00000000000000        0.0000000000000000        0.0000000000000000       -325.00000000000000        0.0000000000000000     
   52.182562325576477       -28.117989303681185        39.136108680605879       -20.019078043719951        0.0000000000000000     
   115.07180030872522        97.221678572992673        59.835582909219397       -14.462622848389833        0.0000000000000000     
   245.90172041414849       -49.473662391788729        16.557593404149998        240.30368064772580        0.0000000000000000     
   236.84391695154983       -19.630026877522734       -115.52928499397518       -205.82197975561610        0.0000000000000000     

 PASSED   1.0000000000000001E-005
 MU_R    =    325.00000000000000     
 ALPHA_S =   0.11799999999999999     
 BORN                    6.4704983563363655E-011
 SINGLE POLE (MadFKS)   -6.4877132177570489E-012
 DOUBLE POLE (MadFKS)   -6.4809489133926478E-012
 SINGLE POLE (MadLoop)  -6.4877132177563623E-012
 DOUBLE POLE (MadLoop)  -6.4809489133925121E-012
 FINITE PART (MadLoop)   4.2274266216957423E-011
   325.00000000000000        0.0000000000000000        0.0000000000000000        325.00000000000000        0.0000000000000000     
   325.00000000000000        0.0000000000000000        0.0000000000000000       -325.00000000000000        0.0000000000000000     
   194.51153370813083        56.617081694488732       -155.37064766079638       -102.41681820557397        0.0000000000000000     
   245.23676236854564       -113.31567177115620        211.50061475023617        50.676603164876056        0.0000000000000000     
   84.750877484404214        51.790639627141417       -12.643102366488629       -65.883175727484144        0.0000000000000000     
   125.50082643891913        4.9079504495260480       -43.486864722951140        117.62339076818205        0.0000000000000000     

 PASSED   1.0000000000000001E-005
 MU_R    =    325.00000000000000     
 ALPHA_S =   0.11799999999999999     
 BORN                    1.6863063688164543E-011
 SINGLE POLE (MadFKS)   -2.1595491799643535E-012
 DOUBLE POLE (MadFKS)   -1.6890299366084826E-012
 SINGLE POLE (MadLoop)  -2.1595491799644177E-012
 DOUBLE POLE (MadLoop)  -1.6890299366085151E-012
 FINITE PART (MadLoop)   8.5668428652540125E-012
   325.00000000000000        0.0000000000000000        0.0000000000000000        325.00000000000000        0.0000000000000000     
   325.00000000000000        0.0000000000000000        0.0000000000000000       -325.00000000000000        0.0000000000000000     
   285.16711866006909        21.621797373816804        283.98371271260197        14.353896933511850        0.0000000000000000     
   148.24982632851217       -19.315597962840076       -138.80236650650042        48.361366130074103        0.0000000000000000     
   111.66969988709070        6.6084280599016507       -106.08740832508943        34.233205317582367        0.0000000000000000     
   104.91335512432806       -8.9146274708784485       -39.093937881012117       -96.948468381168311        0.0000000000000000     

 PASSED   1.0000000000000001E-005
 MU_R    =    325.00000000000000     
 ALPHA_S =   0.11799999999999999     
 BORN                    6.9461979337323036E-011
 SINGLE POLE (MadFKS)   -4.1198326978092628E-012
 DOUBLE POLE (MadFKS)   -6.9574167972313742E-012
 SINGLE POLE (MadLoop)  -4.1198326978085164E-012
 DOUBLE POLE (MadLoop)  -6.9574167972313605E-012
 FINITE PART (MadLoop)   5.0995881593273437E-011
   325.00000000000000        0.0000000000000000        0.0000000000000000        325.00000000000000        0.0000000000000000     
   325.00000000000000        0.0000000000000000        0.0000000000000000       -325.00000000000000        0.0000000000000000     
   181.19723999885844       -115.27662883667261        3.6452942166314037       -139.75138803364391        0.0000000000000000     
   132.31732550780470       -53.609426318186436       -68.306801768237236        99.840296832331262        0.0000000000000000     
   173.75476769896881        62.983116618851270        31.315219090440124        158.88109822259077        0.0000000000000000     
   162.73066679436818        105.90293853600778        33.346288461165813       -118.97000702127812        0.0000000000000000     

 PASSED   1.0000000000000001E-005
 MU_R    =    325.00000000000000     
 ALPHA_S =   0.11799999999999999     
 BORN                    1.7730642463604779E-009
 SINGLE POLE (MadFKS)   -2.0552443036507432E-010
 DOUBLE POLE (MadFKS)   -1.7759279375401378E-010
 SINGLE POLE (MadLoop)  -2.0552443036507721E-010
 DOUBLE POLE (MadLoop)  -1.7759279375401360E-010
 FINITE PART (MadLoop)   7.8659590417361804E-010
   325.00000000000000        0.0000000000000000        0.0000000000000000        325.00000000000000        0.0000000000000000     
   325.00000000000000        0.0000000000000000        0.0000000000000000       -325.00000000000000        0.0000000000000000     
   14.259362806923937        10.686348022717258        6.5717372348938623       -6.7781755150159881        0.0000000000000000     
   277.45987078195549       -148.44531007621504        221.37502922426955       -77.078312427489024        0.0000000000000000     
   160.11179619544600       -15.836320988260695       -158.06081826377408       -20.044349534843505        0.0000000000000000     
   198.16897021567476        153.59528304175845       -69.885948195389304        103.90083747734853        0.0000000000000000     

 PASSED   1.0000000000000001E-005
 MU_R    =    325.00000000000000     
 ALPHA_S =   0.11799999999999999     
 BORN                    7.7829098860331737E-011
 SINGLE POLE (MadFKS)   -1.1033885502757562E-011
 DOUBLE POLE (MadFKS)   -7.7954801301393708E-012
 SINGLE POLE (MadLoop)  -1.1033885502757746E-011
 DOUBLE POLE (MadLoop)  -7.7954801301394112E-012
 FINITE PART (MadLoop)   4.7242649723393900E-011
   325.00000000000000        0.0000000000000000        0.0000000000000000        325.00000000000000        0.0000000000000000     
   325.00000000000000        0.0000000000000000        0.0000000000000000       -325.00000000000000        0.0000000000000000     
   210.85009101991193       -84.383372164620639       -104.16635751880783        162.74697338659234        0.0000000000000000     
   152.77706661573760        73.382454957915186        133.89290290736960       -5.3420912662337727        0.0000000000000000     
   151.55007824740517        3.9869431044835277        98.185156489718466       -115.37419792382407        0.0000000000000000     
   134.82276411694531        7.0139741022218693       -127.91170187828024       -42.030684196534501        0.0000000000000000     

 PASSED   1.0000000000000001E-005
 MU_R    =    325.00000000000000     
 ALPHA_S =   0.11799999999999999     
 BORN                    1.0508413970560601E-008
 SINGLE POLE (MadFKS)   -3.0971412403559708E-010
 DOUBLE POLE (MadFKS)   -1.0525386199548626E-009
 SINGLE POLE (MadLoop)  -3.0971412403526502E-010
 DOUBLE POLE (MadLoop)  -1.0525386199548341E-009
 FINITE PART (MadLoop)   7.8102905878603851E-009
   325.00000000000000        0.0000000000000000        0.0000000000000000        325.00000000000000        0.0000000000000000     
   325.00000000000000        0.0000000000000000        0.0000000000000000       -325.00000000000000        0.0000000000000000     
   108.55281339450752        17.339733636374266        97.890311195564308       -43.595113342185037        0.0000000000000000     
   42.810608992063528       -15.668839326716943       -26.024095480985981       -30.165910740791567        0.0000000000000000     
   224.19633979664786       -164.49021451313899       -45.039789828578890       -145.52795415257120        0.0000000000000000     
   274.44023781678146        162.81932020348188       -26.826425885999708        219.28897823554786        0.0000000000000000     

 PASSED   1.0000000000000001E-005
 MU_R    =    325.00000000000000     
 ALPHA_S =   0.11799999999999999     
 BORN                    9.5015746025247981E-011
 SINGLE POLE (MadFKS)   -7.1617077146672472E-012
 DOUBLE POLE (MadFKS)   -9.5169206766662085E-012
 SINGLE POLE (MadLoop)  -7.1617077146672997E-012
 DOUBLE POLE (MadLoop)  -9.5169206766662683E-012
 FINITE PART (MadLoop)   6.4492460463900569E-011
   325.00000000000000        0.0000000000000000        0.0000000000000000        325.00000000000000        0.0000000000000000     
   325.00000000000000        0.0000000000000000        0.0000000000000000       -325.00000000000000        0.0000000000000000     
   104.08599885540211       -77.352596196217434        34.706942774781602        60.381281392992385        0.0000000000000000     
   181.04306477386410        163.98455877305688       -48.172908583314658        59.707844253020845        0.0000000000000000     
   147.66998625082778       -36.283884552799670        132.32290156982313        54.594452842955313        0.0000000000000000     
   217.20095011990594       -50.348078024039751       -118.85693576129010       -174.68357848896855        0.0000000000000000     

 PASSED   1.0000000000000001E-005
 MU_R    =    325.00000000000000     
 ALPHA_S =   0.11799999999999999     
 BORN                    3.0469171487512496E-011
 SINGLE POLE (MadFKS)   -3.6813045500222005E-012
 DOUBLE POLE (MadFKS)   -3.0518382506131503E-012
 SINGLE POLE (MadLoop)  -3.6813045500224186E-012
 DOUBLE POLE (MadLoop)  -3.0518382506131475E-012
 FINITE PART (MadLoop)   1.5214381956439087E-011
   325.00000000000000        0.0000000000000000        0.0000000000000000        325.00000000000000        0.0000000000000000     
   325.00000000000000        0.0000000000000000        0.0000000000000000       -325.00000000000000        0.0000000000000000     
   161.31459323029117       -159.79488368461080      -0.32058555027862617        22.088240359543097        0.0000000000000000     
   159.04306874453337       -46.626650643022799        149.86814392460280       -25.694213396918702        0.0000000000000000     
   71.939788873843057       -22.396916353249374       -42.161677714474116        53.815465187801500        0.0000000000000000     
   257.70254915133245        228.81845068088296       -107.38588065985009       -50.209492150425895        0.0000000000000000     

 PASSED   1.0000000000000001E-005
 MU_R    =    325.00000000000000     
 ALPHA_S =   0.11799999999999999     
 BORN                    7.9156258636683825E-011
 SINGLE POLE (MadFKS)   -1.1851335843061399E-011
 DOUBLE POLE (MadFKS)   -7.9284104584814613E-012
 SINGLE POLE (MadLoop)  -1.1851335843061102E-011
 DOUBLE POLE (MadLoop)  -7.9284104584815614E-012
 FINITE PART (MadLoop)   3.1518519647463084E-011
   325.00000000000000        0.0000000000000000        0.0000000000000000        325.00000000000000        0.0000000000000000     
   325.00000000000000        0.0000000000000000        0.0000000000000000       -325.00000000000000        0.0000000000000000     
Thanks for using LHAPDF 6.2.1. Please make sure to cite the paper:
  Eur.Phys.J. C75 (2015) 3, 132  (http://arxiv.org/abs/1412.7420)
   275.71083615938704        186.48399874376312       -56.657340390690663       -195.01315126959491        0.0000000000000000     
   156.84853734851501       -34.080370012339280        54.706522850869440        142.99366561410287        0.0000000000000000     
   160.22159119900530       -158.37339325582093        24.263498192846306      -0.33053051901899250        0.0000000000000000     
   57.219035293092844        5.9697645243970596       -22.312680653025030        52.350016174511126        0.0000000000000000     

 PASSED   1.0000000000000001E-005
 MU_R    =    325.00000000000000     
 ALPHA_S =   0.11799999999999999     
 BORN                    3.2603938596786689E-012
 SINGLE POLE (MadFKS)   -4.6059767932513289E-013
 DOUBLE POLE (MadFKS)   -3.2656597495962763E-013
 SINGLE POLE (MadLoop)  -4.6059767932514986E-013
 DOUBLE POLE (MadLoop)  -3.2656597495961602E-013
 FINITE PART (MadLoop)   1.6147294171807202E-012
   325.00000000000000        0.0000000000000000        0.0000000000000000        325.00000000000000        0.0000000000000000     
   325.00000000000000        0.0000000000000000        0.0000000000000000       -325.00000000000000        0.0000000000000000     
   238.15890024804031       -87.272281669915529       -203.30470695156009        88.149910668268163        0.0000000000000000     
   108.03648043617838       -87.994962481922556        1.9373859010137675       -62.649933908283948        0.0000000000000000     
   195.89667444247516        91.999730273839006        155.21103767396693       -76.296071139557569        0.0000000000000000     
   107.90794487330562        83.267513877999022        46.156283376579204        50.796094379574129        0.0000000000000000     

 PASSED   1.0000000000000001E-005
 MU_R    =    325.00000000000000     
 ALPHA_S =   0.11799999999999999     
 BORN                    6.2167551480495032E-011
 SINGLE POLE (MadFKS)   -8.7441479125946395E-012
 DOUBLE POLE (MadFKS)   -6.2267958822869225E-012
 SINGLE POLE (MadLoop)  -8.7441479125946589E-012
 DOUBLE POLE (MadLoop)  -6.2267958822869976E-012
 FINITE PART (MadLoop)   3.9743468104060040E-011
   325.00000000000000        0.0000000000000000        0.0000000000000000        325.00000000000000        0.0000000000000000     
   325.00000000000000        0.0000000000000000        0.0000000000000000       -325.00000000000000        0.0000000000000000     
   218.11623687701106        101.25768944698829       -149.88229928998044       -121.88875861536378        0.0000000000000000     
   185.28834087851587       -160.28711812759028        92.942721388069373       -1.2081261708629127        0.0000000000000000     
   133.99351955524551        102.00774085898803        83.899803296514591        22.572263830942315        0.0000000000000000     
   112.60190268922736       -42.978312178386020       -26.960225394603537        100.52462095528438        0.0000000000000000     

 PASSED   1.0000000000000001E-005
 MU_R    =    325.00000000000000     
 ALPHA_S =   0.11799999999999999     
 BORN                    1.4538022851440560E-010
 SINGLE POLE (MadFKS)   -9.7786783981794728E-012
 DOUBLE POLE (MadFKS)   -1.4561503336084489E-011
 SINGLE POLE (MadLoop)  -9.7786783981790269E-012
 DOUBLE POLE (MadLoop)  -1.4561503336084547E-011
 FINITE PART (MadLoop)   1.3217191764258343E-010
   325.00000000000000        0.0000000000000000        0.0000000000000000        325.00000000000000        0.0000000000000000     
   325.00000000000000        0.0000000000000000        0.0000000000000000       -325.00000000000000        0.0000000000000000     
   102.54499411943901        42.059955160453725       -55.669147791077229        75.149065031253713        0.0000000000000000     
   220.83395559094495       -3.3198207272357863        57.934671292826309       -213.07320008502856        0.0000000000000000     
   114.97917653604833       -84.896244327417037        45.013923865614956       -63.139412368408159        0.0000000000000000     
   211.64187375356792        46.156109894199091       -47.279447367364092        201.06354742218301        0.0000000000000000     

 PASSED   1.0000000000000001E-005
 MU_R    =    325.00000000000000     
 ALPHA_S =   0.11799999999999999     
 BORN                    3.5630068831744948E-011
 SINGLE POLE (MadFKS)   -4.6336656373056096E-012
 DOUBLE POLE (MadFKS)   -3.5687615259661246E-012
 SINGLE POLE (MadLoop)  -4.6336656373089773E-012
 DOUBLE POLE (MadLoop)  -3.5687615259660851E-012
 FINITE PART (MadLoop)   9.2744023552510499E-012
   325.00000000000000        0.0000000000000000        0.0000000000000000        325.00000000000000        0.0000000000000000     
   325.00000000000000        0.0000000000000000        0.0000000000000000       -325.00000000000000        0.0000000000000000     
   274.23378570452957       -233.49317295576319       -94.552271562692326       -108.37423747008692        0.0000000000000000     
   121.12812027411651        98.606589985312880       -1.5562726104649731        70.330220731710668        0.0000000000000000     
   205.08142989027468        156.25554669723991        104.52550841837797        81.957398092337485        0.0000000000000000     
   49.556664131079302       -21.368963726789577       -8.4169642452207221       -43.913381353961221        0.0000000000000000     

 PASSED   1.0000000000000001E-005
 MU_R    =    325.00000000000000     
 ALPHA_S =   0.11799999999999999     
 BORN                    1.1616180641563047E-011
 SINGLE POLE (MadFKS)   -1.7575949524796684E-012
 DOUBLE POLE (MadFKS)   -1.1634942033945113E-012
 SINGLE POLE (MadLoop)  -1.7575949524795809E-012
 DOUBLE POLE (MadLoop)  -1.1634942033945131E-012
 FINITE PART (MadLoop)   2.8378059244807580E-012
   325.00000000000000        0.0000000000000000        0.0000000000000000        325.00000000000000        0.0000000000000000     
   325.00000000000000        0.0000000000000000        0.0000000000000000       -325.00000000000000        0.0000000000000000     
   248.12581328994958       -115.29509939818597        219.34012128501547        12.781645834399772        0.0000000000000000     
   103.30631053742171       -2.2685133420349923       -43.956703221609843        93.460450918870137        0.0000000000000000     
   230.95837117242249        54.647176308925374       -183.07359357144205       -129.76715560155480        0.0000000000000000     
   67.609505000206354        62.916436431295580        7.6901755080364218        23.525058848284914        0.0000000000000000     

 PASSED   1.0000000000000001E-005
 MU_R    =    325.00000000000000     
 ALPHA_S =   0.11799999999999999     
 BORN                    4.5758214413444299E-010
 SINGLE POLE (MadFKS)   -4.3764325940132863E-011
 DOUBLE POLE (MadFKS)   -4.5832118895631986E-011
 SINGLE POLE (MadLoop)  -4.3764325940135125E-011
 DOUBLE POLE (MadLoop)  -4.5832118895632386E-011
 FINITE PART (MadLoop)   3.6570655431230053E-010
   325.00000000000000        0.0000000000000000        0.0000000000000000        325.00000000000000        0.0000000000000000     
   325.00000000000000        0.0000000000000000        0.0000000000000000       -325.00000000000000        0.0000000000000000     
   68.197876104562454        9.5782620800653007       -55.721855288734702       -38.135050070507873        0.0000000000000000     
   251.24198372286500       -198.66692031406924        63.513023054877401       -140.07171399092081        0.0000000000000000     
   151.63308236201863        150.90391731476151        14.064647519111141        4.7733736318795525        0.0000000000000000     
   178.92705781055363        38.184740919242365       -21.855815285253755        173.43339042954912        0.0000000000000000     

 NUMBER OF POINTS PASSING THE CHECK          20
 NUMBER OF POINTS FAILING THE CHECK           0
 TOLERANCE    1.0000000000000001E-005
