==== LHAPDF6 USING DEFAULT-TYPE LHAGLUE INTERFACE ====
LHAPDF 6.2.1 loading /cvmfs/cms.cern.ch/slc6_amd64_gcc481/external/lhapdf/6.2.1/share/LHAPDF/NNPDF31_nnlo_hessian_pdfas/NNPDF31_nnlo_hessian_pdfas_0000.dat
NNPDF31_nnlo_hessian_pdfas PDF set, member #0, version 1; LHAPDF ID = 306000
 A PDF is used, so alpha_s(MZ) is going to be modified
 Old value of alpha_s from param_card:   0.11799999999999999     
 New value of alpha_s from PDF lhapdf :  0.11800208008122040     
 using LHAPDF
 *****************************************************
 *               MadGraph/MadEvent                   *
 *        --------------------------------           *
 *          http://madgraph.hep.uiuc.edu             *
 *          http://madgraph.phys.ucl.ac.be           *
 *          http://madgraph.roma2.infn.it            *
 *        --------------------------------           *
 *                                                   *
 *          PARAMETER AND COUPLING VALUES            *
 *                                                   *
 *****************************************************

  External Params
  ---------------------------------
  
 MU_R =    91.188000000000002     
 aEWM1 =    132.50700000000001     
 mdl_Gf =    1.1663900000000000E-005
 aS =   0.11799999999999999     
 mdl_lamWS =   0.22530000000000000     
 mdl_AWS =   0.80800000000000005     
 mdl_rhoWS =   0.13200000000000001     
 mdl_etaWS =   0.34100000000000003     
 mdl_ymt =    173.00000000000000     
 mdl_ymtau =    1.7769999999999999     
 mdl_MT =    173.00000000000000     
 mdl_MZ =    91.188000000000002     
 mdl_MH =    125.00000000000000     
 mdl_MTA =    1.7769999999999999     
 mdl_WT =    1.4915000000000000     
 mdl_WZ =    2.4414039999999999     
 mdl_WW =    2.0476000000000001     
 mdl_WH =    6.3823389999999999E-003
  Internal Params
  ---------------------------------
  
 mdl_CKM33 =    1.0000000000000000     
 mdl_conjg__CKM3x3 =    1.0000000000000000     
 mdl_I4x33 =    0.0000000000000000     
 mdl_I1x33 =    0.0000000000000000     
 mdl_lhv =    1.0000000000000000     
 mdl_CKM3x3 =    1.0000000000000000     
 mdl_conjg__CKM33 =    1.0000000000000000     
 mdl_Ncol =    3.0000000000000000     
 mdl_CA =    3.0000000000000000     
 mdl_TF =   0.50000000000000000     
 mdl_CF =    1.3333333333333333     
 mdl_lamWS__exp__2 =    5.0760090000000001E-002
 mdl_CKM11 =  ( 0.97461995499999998     ,  0.0000000000000000     )
 mdl_CKM12 =  ( 0.22530000000000000     ,  0.0000000000000000     )
 mdl_complexi =  (  0.0000000000000000     ,  1.0000000000000000     )
 mdl_lamWS__exp__3 =    1.1436248277000001E-002
 mdl_CKM13 =  (  1.2197444962317122E-003, -3.1510066152652563E-003)
 mdl_CKM21 =  (-0.22530000000000000     ,  0.0000000000000000     )
 mdl_CKM22 =  ( 0.97461995499999998     ,  0.0000000000000000     )
 mdl_CKM23 =  (  4.1014152720000002E-002,  0.0000000000000000     )
 mdl_CKM31 =  (  8.0207441115842885E-003, -3.1510066152652563E-003)
 mdl_CKM32 =  ( -4.1014152720000002E-002,  0.0000000000000000     )
 mdl_MZ__exp__2 =    8315.2513440000002     
 mdl_MZ__exp__4 =    69143404.913893804     
 mdl_sqrt__2 =    1.4142135623730951     
 mdl_MH__exp__2 =    15625.000000000000     
 mdl_CKM1x1 =  ( 0.97461995499999998     ,  0.0000000000000000     )
 mdl_CKM1x2 =  ( 0.22530000000000000     ,  0.0000000000000000     )
 mdl_CKM1x3 =  (  1.2197444962317122E-003, -3.1510066152652563E-003)
 mdl_CKM2x1 =  (-0.22530000000000000     ,  0.0000000000000000     )
 mdl_CKM2x2 =  ( 0.97461995499999998     ,  0.0000000000000000     )
 mdl_CKM2x3 =  (  4.1014152720000002E-002,  0.0000000000000000     )
 mdl_CKM3x1 =  (  8.0207441115842885E-003, -3.1510066152652563E-003)
 mdl_CKM3x2 =  ( -4.1014152720000002E-002,  0.0000000000000000     )
 mdl_conjg__CKM1x3 =  (  1.2197444962317122E-003,  3.1510066152652563E-003)
 mdl_conjg__CKM2x3 =  (  4.1014152720000002E-002, -0.0000000000000000     )
 mdl_conjg__CKM2x1 =  (-0.22530000000000000     , -0.0000000000000000     )
 mdl_conjg__CKM3x1 =  (  8.0207441115842885E-003,  3.1510066152652563E-003)
 mdl_conjg__CKM2x2 =  ( 0.97461995499999998     , -0.0000000000000000     )
 mdl_conjg__CKM3x2 =  ( -4.1014152720000002E-002, -0.0000000000000000     )
 mdl_Ncol__exp__2 =    9.0000000000000000     
 mdl_MT__exp__2 =    29929.000000000000     
 mdl_conjg__CKM11 =  ( 0.97461995499999998     , -0.0000000000000000     )
 mdl_conjg__CKM12 =  ( 0.22530000000000000     , -0.0000000000000000     )
 mdl_conjg__CKM13 =  (  1.2197444962317122E-003,  3.1510066152652563E-003)
 mdl_conjg__CKM21 =  (-0.22530000000000000     , -0.0000000000000000     )
 mdl_conjg__CKM22 =  ( 0.97461995499999998     , -0.0000000000000000     )
 mdl_conjg__CKM23 =  (  4.1014152720000002E-002, -0.0000000000000000     )
 mdl_conjg__CKM31 =  (  8.0207441115842885E-003,  3.1510066152652563E-003)
 mdl_conjg__CKM32 =  ( -4.1014152720000002E-002, -0.0000000000000000     )
 mdl_aEW =    7.5467711139788835E-003
 mdl_MW =    80.419002445756163     
 mdl_sqrt__aEW =    8.6872153846781555E-002
 mdl_ee =   0.30795376724436879     
 mdl_MW__exp__2 =    6467.2159543705357     
 mdl_sw2 =   0.22224648578577766     
 mdl_cw =   0.88190334743339216     
 mdl_sqrt__sw2 =   0.47143025548407230     
 mdl_sw =   0.47143025548407230     
 mdl_g1 =   0.34919219678733299     
 mdl_gw =   0.65323293034757990     
 mdl_v =    246.21845810181637     
 mdl_v__exp__2 =    60623.529110035903     
 mdl_lam =   0.12886910601690263     
 mdl_yt =   0.99366614581500623     
 mdl_ytau =    1.0206617000654717E-002
 mdl_muH =    88.388347648318430     
 mdl_AxialZUp =  -0.18517701861793787     
 mdl_AxialZDown =   0.18517701861793787     
 mdl_VectorZUp =    7.5430507588273299E-002
 mdl_VectorZDown =  -0.13030376310310560     
 mdl_VectorAUp =   0.20530251149624587     
 mdl_VectorADown =  -0.10265125574812294     
 mdl_VectorWmDxU =   0.23095271737156670     
 mdl_AxialWmDxU =  -0.23095271737156670     
 mdl_VectorWpUxD =   0.23095271737156670     
 mdl_AxialWpUxD =  -0.23095271737156670     
 mdl_I2x13 =  (  7.9699418879263656E-003,  3.1310485988282153E-003)
 mdl_I2x23 =  ( -4.0754375057150453E-002, -0.0000000000000000     )
 mdl_I2x33 =  ( 0.99366614581500623     ,  0.0000000000000000     )
 mdl_I3x31 =  (  7.9699418879263656E-003, -3.1310485988282153E-003)
 mdl_I3x32 =  ( -4.0754375057150453E-002,  0.0000000000000000     )
 mdl_I3x33 =  ( 0.99366614581500623     ,  0.0000000000000000     )
 mdl_Vector_tdGp =  ( -7.9699418879263656E-003, -3.1310485988282153E-003)
 mdl_Vector_tsGp =  (  4.0754375057150453E-002,  0.0000000000000000     )
 mdl_Vector_tbGp =  (-0.99366614581500623     ,  0.0000000000000000     )
 mdl_Axial_tdGp =  ( -7.9699418879263656E-003, -3.1310485988282153E-003)
 mdl_Axial_tsGp =  (  4.0754375057150453E-002,  0.0000000000000000     )
 mdl_Axial_tbGp =  (-0.99366614581500623     , -0.0000000000000000     )
 mdl_Vector_tdGm =  (  7.9699418879263656E-003, -3.1310485988282153E-003)
 mdl_Vector_tsGm =  ( -4.0754375057150453E-002,  0.0000000000000000     )
 mdl_Vector_tbGm =  ( 0.99366614581500623     ,  0.0000000000000000     )
 mdl_Axial_tdGm =  ( -7.9699418879263656E-003,  3.1310485988282153E-003)
 mdl_Axial_tsGm =  (  4.0754375057150453E-002, -0.0000000000000000     )
 mdl_Axial_tbGm =  (-0.99366614581500623     ,  0.0000000000000000     )
 mdl_gw__exp__2 =   0.42671326129048615     
 mdl_cw__exp__2 =   0.77775351421422245     
 mdl_ee__exp__2 =    9.4835522759998875E-002
 mdl_sw__exp__2 =   0.22224648578577769     
 mdl_yt__exp__2 =   0.98737240933884918     
  Internal Params evaluated point by point
  ----------------------------------------
  
 mdl_sqrt__aS =   0.34351128074635334     
 mdl_G__exp__4 =    2.1987899468922913     
 mdl_G__exp__2 =    1.4828317324943823     
 mdl_R2MixedFactor_FIN_ =   -2.5040377713124864E-002
 mdl_G_UVg_1EPS_ =   -5.1645779033320030E-002
 mdl_G_UVq_1EPS_ =    3.1300472141406080E-003
 mdl_G_UVb_1EPS_ =    3.1300472141406080E-003
 mdl_GWcft_UV_t_1EPS_ =   -3.1300472141406080E-003
 mdl_tWcft_UV_1EPS_ =   -1.8780283284843650E-002
 mdl_G__exp__3 =    1.8056676068262196     
 mdl_MU_R__exp__2 =    8315.2513440000002     
 mdl_G_UVt_FIN_ =   -4.0087659331150384E-003
 mdl_GWcft_UV_t_FIN_ =    4.0087659331150384E-003
 mdl_tWcft_UV_FIN_ =   -9.8778211443463623E-004
  Couplings of loop_sm-ckm_no_b_mass
  ---------------------------------
  
       UV_3Gt =   0.48815E-02   0.00000E+00
      UV_GQQt =   0.00000E+00  -0.48815E-02
   UVWfct_G_2 =   0.40088E-02   0.00000E+00
       R2_DDA =   0.00000E+00   0.25704E-02
       R2_UUA =  -0.00000E+00  -0.51409E-02
    R2_DDZ_V2 =   0.00000E+00   0.72127E-02
    R2_UUZ_V2 =  -0.00000E+00  -0.72127E-02
    R2_UUZ_V5 =   0.00000E+00   0.68702E-03
      R2_GGHt =   0.00000E+00  -0.45657E+01
     R2_GGZup =  -0.46369E-02   0.00000E+00
   R2_GGZdown =   0.46369E-02   0.00000E+00
 R2_GGGZvecUp =   0.00000E+00   0.28750E-03
 R2_GGGZvecDown  -0.00000E+00  -0.49665E-03
 R2_GGGZaxialUp  -0.00000E+00  -0.63522E-02
 R2_GGGZaxialDow  0.00000E+00   0.63522E-02
 R2_GGGAvecUp =   0.00000E+00   0.78251E-03
 R2_GGGAvecDown  -0.00000E+00  -0.39126E-03
         GC_4 =  -0.12177E+01   0.00000E+00
         GC_5 =   0.00000E+00   0.12177E+01
         GC_6 =   0.00000E+00   0.14828E+01
       R2_3Gq =   0.76230E-02   0.00000E+00
       R2_3Gg =   0.31445E-01   0.00000E+00
       R2_GQQ =  -0.00000E+00  -0.30492E-01
       R2_GGq =   0.00000E+00   0.62601E-02
       R2_GGt =  -0.00000E+00  -0.11242E+04
     R2_GGg_1 =   0.00000E+00   0.28170E-01
     R2_GGg_2 =  -0.00000E+00  -0.18780E-01
       R2_QQq =   0.00000E+00   0.12520E-01
  UV_3Gg_1eps =   0.62890E-01   0.00000E+00
  UV_3Gb_1eps =  -0.38115E-02   0.00000E+00
 UV_GQQg_1eps =   0.00000E+00  -0.62890E-01
 UV_GQQq_1eps =   0.00000E+00   0.38115E-02
 UVWfct_G_2_1eps -0.31300E-02   0.00000E+00
         GC_1 =  -0.00000E+00  -0.10265E+00
         GC_2 =   0.00000E+00   0.20530E+00
        GC_21 =  -0.00000E+00  -0.28804E+00
        GC_22 =   0.00000E+00   0.28804E+00
        GC_23 =  -0.00000E+00  -0.27437E-01
        GC_24 =   0.00000E+00   0.82310E-01
        GC_37 =  -0.00000E+00  -0.70263E+00
        GC_38 =  -0.00000E+00  -0.72172E-02
      GC_1003 =  -0.00000E+00  -0.30795E+00

 Collider parameters:
 --------------------

 Running at P P   machine @    13000.000000000000       GeV
 PDF set = lhapdf 
 alpha_s(Mz)= 0.1180 running at 3 loops.
 alpha_s(Mz)= 0.1180 running at 3 loops.
 Renormalization scale set on event-by-event basis
 Factorization   scale set on event-by-event basis


 ===============================================================
 INFO: MadFKS read these parameters from FKS_params.dat
 ===============================================================
  > IRPoleCheckThreshold      =    1.0000000000000001E-005
  > PrecisionVirtualAtRunTime =    1.0000000000000000E-003
  > NHelForMCoverHels         =            4
  > VirtualFraction           =    1.0000000000000000     
  > MinVirtualFraction        =    5.0000000000000001E-003
 ===============================================================
  Insert the number of points to test
 Insert the relative tolerance
  A negative number will mean use the default one:    1.0000000000000001E-005
Using random seed offsets:     0 ,     59 ,      0
  with seed                   32
 Ranmar initialization seeds       10729        9465
  ========================================================================================== 
 {                                                                                          }
 {       [32m                                                                            [0m       }
 {       [32m                               ,,                                           [0m       }
 {       [32m`7MMM.     ,MMF'             `7MM  `7MMF'                                   [0m       }
 {       [32m  MMMb    dPMM                 MM    MM                                     [0m       }
 {       [32m  M YM   ,M MM   ,6"Yb.   ,M""bMM    MM         ,pW"Wq.   ,pW"Wq.`7MMpdMAo. [0m       }
 {       [32m  M  Mb  M' MM  8)   MM ,AP    MM    MM        6W'   `Wb 6W'   `Wb MM   `Wb [0m       }
 {       [32m  M  YM.P'  MM   ,pm9MM 8MI    MM    MM      , 8M     M8 8M     M8 MM    M8 [0m       }
 {       [32m  M  `YM'   MM  8M   MM `Mb    MM    MM     ,M YA.   ,A9 YA.   ,A9 MM   ,AP [0m       }
 {       [32m.JML. `'  .JMML.`Moo9^Yo.`Wbmd"MML..JMMmmmmMMM  `Ybmd9'   `Ybmd9'  MMbmmd'  [0m       }
 {       [32m                                                                   MM       [0m       }
 {       [32m                                                                 .JMML.     [0m       }
 {       [32m[0mv2.4.2 (2016-06-10), Ref: arXiv:1103.0621v2, arXiv:1405.0301[32m                [0m       }
 {       [32m                                                                            [0m       }
 {                                                                                          }
  ========================================================================================== 
 ===============================================================
 INFO: MadLoop read these parameters from ./MadLoop5_resources/MadLoopParams.dat                                                                                                                                                                                                                                                                                                                                                                                                                                                                                          
 ===============================================================
  > MLReductionLib            = 6|1|2
  > IREGIMODE                 =            2
  > IREGIRECY                 =  T
  > CTModeRun                 =           -1
  > MLStabThres               =    1.0000000000000000E-003
  > NRotations_DP             =            1
  > NRotations_QP             =            0
  > CTStabThres               =    1.0000000000000000E-002
  > CTLoopLibrary             =            2
  > CTModeInit                =            1
  > CheckCycle                =            3
  > MaxAttempts               =           10
  > UseLoopFilter             =  F
  > HelicityFilterLevel       =            2
  > ImprovePSPoint            =            2
  > DoubleCheckHelicityFilter =  T
  > LoopInitStartOver         =  F
  > HelInitStartOver          =  F
  > ZeroThres                 =    1.0000000000000001E-009
  > OSThres                   =    1.0000000000000000E-008
  > WriteOutFilters           =  T
  > UseQPIntegrandForNinja    =  F
  > UseQPIntegrandForCutTools =  T
 ===============================================================
  
------------------------------------------------------------------------
|              You are using CutTools - Version 1.9.3                  |
|              Authors: G. Ossola, C. Papadopoulos, R. Pittau          |
|              Published in JHEP 0803:042,2008                         |
|              http://www.ugr.es/~pittau/CutTools                      |
|                                                                      |
|              Compiler with  34  significant digits detetected        |
 ---------------------------------------------------------------------- 
   
########################################################################
#                                                                      #
#                      You are using OneLOop-3.6                       #
#                                                                      #
# for the evaluation of 1-loop scalar 1-, 2-, 3- and 4-point functions #
#                                                                      #
# author: Andreas van Hameren <hamerenREMOVETHIS@ifj.edu.pl>           #
#   date: 18-02-2015                                                   #
#                                                                      #
# Please cite                                                          #
#    A. van Hameren,                                                   #
#      Comput.Phys.Commun. 182 (2011) 2427-2438, arXiv:1007.4716       #
#    A. van Hameren, C.G. Papadopoulos and R. Pittau,                  #
#      JHEP 0909:106,2009, arXiv:0903.4665                             #
# in publications with results obtained with the help of this program. #
#                                                                      #
########################################################################
 PASSED   1.0000000000000001E-005
 MU_R    =    325.00000000000000     
 ALPHA_S =   0.11799999999999999     
 BORN                    2.0252327240061893E-009
 SINGLE POLE (MadFKS)   -2.1654707596869319E-010
 DOUBLE POLE (MadFKS)   -2.0285036946438297E-010
 SINGLE POLE (MadLoop)  -2.1654707596868685E-010
 DOUBLE POLE (MadLoop)  -2.0285036946437592E-010
 FINITE PART (MadLoop)   2.4967134777130943E-011
   325.00000000000000        0.0000000000000000        0.0000000000000000        325.00000000000000        0.0000000000000000     
   325.00000000000000        0.0000000000000000        0.0000000000000000       -325.00000000000000        0.0000000000000000     
   140.92661623687925        119.61617394970617        35.937836312283210       -65.250258894519533        1.7769999999999999     
   48.646184412890783       -6.5672710853006322        43.584307297070836       -20.507867681932503        1.7769999999999999     
   215.49438706996690       -179.85588591529887        82.153001613590206       -85.677158485568341        0.0000000000000000     
   244.93281228026311        66.806983050893336       -161.67514522294428        171.43528506202037        0.0000000000000000     

 PASSED   1.0000000000000001E-005
 MU_R    =    325.00000000000000     
 ALPHA_S =   0.11799999999999999     
 BORN                    2.4681212742255378E-010
 SINGLE POLE (MadFKS)   -2.9408618659790750E-011
 DOUBLE POLE (MadFKS)   -2.4721075579362603E-011
 SINGLE POLE (MadLoop)  -2.9408618659789819E-011
 DOUBLE POLE (MadLoop)  -2.4721075579362510E-011
 FINITE PART (MadLoop)  -6.4963593956708263E-012
   325.00000000000000        0.0000000000000000        0.0000000000000000        325.00000000000000        0.0000000000000000     
   325.00000000000000        0.0000000000000000        0.0000000000000000       -325.00000000000000        0.0000000000000000     
   141.90231820273596        13.840467543516169        137.28194341138158        33.094103004638740        1.7769999999999999     
   76.304704536019301       -66.411874051860465        33.698959384657499        16.525535593142909        1.7769999999999999     
   185.99489746101281        81.350952851568692        46.389332474240334       -160.69895514367511        0.0000000000000000     
   245.79807980023196       -28.779546343224457       -217.37023527027941        111.07931654589342        0.0000000000000000     

 PASSED   1.0000000000000001E-005
 MU_R    =    325.00000000000000     
 ALPHA_S =   0.11799999999999999     
 BORN                    1.0542196405842887E-008
 SINGLE POLE (MadFKS)   -9.2560842850522364E-010
 DOUBLE POLE (MadFKS)   -1.0559223197130132E-009
 SINGLE POLE (MadLoop)  -9.2560842850525279E-010
 DOUBLE POLE (MadLoop)  -1.0559223197130153E-009
 FINITE PART (MadLoop)  -7.4376872946488046E-010
   325.00000000000000        0.0000000000000000        0.0000000000000000        325.00000000000000        0.0000000000000000     
   325.00000000000000        0.0000000000000000        0.0000000000000000       -325.00000000000000        0.0000000000000000     
   49.801965067542433       -31.077111276271925        35.246652957467262        16.400140414240209        1.7769999999999999     
   8.0200622975784341        6.4334137715441990       -1.5237888979578367        4.1776697925524182        1.7769999999999999     
   287.79610198370483       -274.82756843364609       -41.952891448734640       -74.406712364914910        0.0000000000000000     
   304.38187065117438        299.47126593837373        8.2300273892252171        53.828902158122283        0.0000000000000000     

 PASSED   1.0000000000000001E-005
 MU_R    =    325.00000000000000     
 ALPHA_S =   0.11799999999999999     
 BORN                    7.3427453755252459E-011
 SINGLE POLE (MadFKS)   -1.2432093734944973E-011
 DOUBLE POLE (MadFKS)   -7.3546047061781212E-012
 SINGLE POLE (MadLoop)  -1.2432093734944719E-011
 DOUBLE POLE (MadLoop)  -7.3546047061781131E-012
 FINITE PART (MadLoop)  -9.4309260815638727E-012
   325.00000000000000        0.0000000000000000        0.0000000000000000        325.00000000000000        0.0000000000000000     
   325.00000000000000        0.0000000000000000        0.0000000000000000       -325.00000000000000        0.0000000000000000     
   34.111547052585976       -19.882056526817923       -9.0179213081059242        26.149968200095632        1.7769999999999999     
   195.95047853927153        127.78167978420552       -146.86976561552677       -22.238403052748083        1.7769999999999999     
   128.79429884104024       -18.115277892956275       -114.46623069628423        56.189769095460619        0.0000000000000000     
   291.14367556710221       -89.784345364431374        270.35391761991696       -60.101334242808058        0.0000000000000000     

 PASSED   1.0000000000000001E-005
 MU_R    =    325.00000000000000     
 ALPHA_S =   0.11799999999999999     
 BORN                    3.7226758922007383E-011
 SINGLE POLE (MadFKS)   -6.3338688791570290E-012
 DOUBLE POLE (MadFKS)   -3.7286884177700241E-012
 SINGLE POLE (MadLoop)  -6.3338688791563246E-012
 DOUBLE POLE (MadLoop)  -3.7286884177695273E-012
 FINITE PART (MadLoop)   6.3942419524061290E-013
   325.00000000000000        0.0000000000000000        0.0000000000000000        325.00000000000000        0.0000000000000000     
   325.00000000000000        0.0000000000000000        0.0000000000000000       -325.00000000000000        0.0000000000000000     
   108.36772889126006       -35.747589176658003       -56.044711391739618       -85.565805840435658        1.7769999999999999     
   238.08603277123279        230.21645870986333       -60.680963832507587        6.3554639881844066E-002   1.7769999999999999     
   146.21217820263138       -133.88112196239967       -24.849083073397782        53.257575116207370        0.0000000000000000     
   157.33406013487573       -60.587747570805632        141.57475829764499        32.244676084346438        0.0000000000000000     

 PASSED   1.0000000000000001E-005
 MU_R    =    325.00000000000000     
 ALPHA_S =   0.11799999999999999     
 BORN                    2.9127235370252350E-011
 SINGLE POLE (MadFKS)   -5.9301493384390521E-012
 DOUBLE POLE (MadFKS)   -2.9174279016408372E-012
 SINGLE POLE (MadLoop)  -5.9301493384387823E-012
 DOUBLE POLE (MadLoop)  -2.9174279016406869E-012
 FINITE PART (MadLoop)   2.2765996378559389E-012
   325.00000000000000        0.0000000000000000        0.0000000000000000        325.00000000000000        0.0000000000000000     
   325.00000000000000        0.0000000000000000        0.0000000000000000       -325.00000000000000        0.0000000000000000     
   176.05706110882255       -149.39823815881778       -75.436040032070466       -54.612281920798090        1.7769999999999999     
   216.49939260421240        179.26522494413149       -43.541163147962777        113.30037734467317        1.7769999999999999     
   139.25070257934973       -120.93505423611442        68.993520641360888       -2.3162329892986175        0.0000000000000000     
   118.19284370761697        91.068067450800712        49.983682538672369       -56.371862434576443        0.0000000000000000     

 PASSED   1.0000000000000001E-005
 MU_R    =    325.00000000000000     
 ALPHA_S =   0.11799999999999999     
 BORN                    5.2325332367006598E-011
 SINGLE POLE (MadFKS)   -8.7706239296868844E-012
 DOUBLE POLE (MadFKS)   -5.2409843457385729E-012
 SINGLE POLE (MadLoop)  -8.7706239296877859E-012
 DOUBLE POLE (MadLoop)  -5.2409843457385907E-012
 FINITE PART (MadLoop)   3.6250820549912790E-012
   325.00000000000000        0.0000000000000000        0.0000000000000000        325.00000000000000        0.0000000000000000     
   325.00000000000000        0.0000000000000000        0.0000000000000000       -325.00000000000000        0.0000000000000000     
   190.00444202181029       -124.07100292658217        106.46609910552574       -96.798172674198042        1.7769999999999999     
   52.292828807948212        43.564794386985668       -13.831328629788604       -25.341374352860807        1.7769999999999999     
   158.71636266224465       -112.18491349543889        62.396948600917995        93.338361706473364        0.0000000000000000     
   248.98636650799685        192.69112203503536       -155.03171907665512        28.801185320585496        0.0000000000000000     

 PASSED   1.0000000000000001E-005
 MU_R    =    325.00000000000000     
 ALPHA_S =   0.11799999999999999     
 BORN                    3.4273113607007172E-011
 SINGLE POLE (MadFKS)   -5.8836439139843534E-012
 DOUBLE POLE (MadFKS)   -3.4328468404971957E-012
 SINGLE POLE (MadLoop)  -5.8836439139844600E-012
 DOUBLE POLE (MadLoop)  -3.4328468404971961E-012
 FINITE PART (MadLoop)   4.6412190136672836E-012
   325.00000000000000        0.0000000000000000        0.0000000000000000        325.00000000000000        0.0000000000000000     
   325.00000000000000        0.0000000000000000        0.0000000000000000       -325.00000000000000        0.0000000000000000     
   122.06209053549128        112.07419820948161       -23.707418114307323       -42.110908787981700        1.7769999999999999     
   240.45433375642389       -198.44527637816580       -61.075612785967238       -121.26157965018304        1.7769999999999999     
   97.305555823285232        91.595177519629800       -30.492082225545996        12.203588438509808        0.0000000000000000     
   190.17801988480406       -5.2240993509455897        115.27511312582052        151.16889999965491        0.0000000000000000     

 PASSED   1.0000000000000001E-005
 MU_R    =    325.00000000000000     
 ALPHA_S =   0.11799999999999999     
 BORN                    1.4495995361902906E-011
 SINGLE POLE (MadFKS)   -3.6714801615526768E-012
 DOUBLE POLE (MadFKS)   -1.4519407967590198E-012
 SINGLE POLE (MadLoop)  -3.6714801615524554E-012
 DOUBLE POLE (MadLoop)  -1.4519407967590234E-012
 FINITE PART (MadLoop)   2.6022748006333367E-012
   325.00000000000000        0.0000000000000000        0.0000000000000000        325.00000000000000        0.0000000000000000     
   325.00000000000000        0.0000000000000000        0.0000000000000000       -325.00000000000000        0.0000000000000000     
   97.508913066960446        30.382284036341400       -65.949803804000183       -65.056672167034549        1.7769999999999999     
   79.231579365719625       -59.743600127096578        4.1381460421037755        51.846537309391401        1.7769999999999999     
   225.84784419995552        41.661900085698790       -104.86206950117408        195.64120524814686        0.0000000000000000     
   247.41166336736441       -12.300583994943596        166.67372726307050       -182.43107039050372        0.0000000000000000     

 PASSED   1.0000000000000001E-005
 MU_R    =    325.00000000000000     
 ALPHA_S =   0.11799999999999999     
 BORN                    3.5128885482759506E-011
 SINGLE POLE (MadFKS)   -6.7943361382448108E-012
 DOUBLE POLE (MadFKS)   -3.5185622445176274E-012
 SINGLE POLE (MadLoop)  -6.7943361382435636E-012
 DOUBLE POLE (MadLoop)  -3.5185622445173790E-012
 FINITE PART (MadLoop)  -1.1087148707801523E-012
   325.00000000000000        0.0000000000000000        0.0000000000000000        325.00000000000000        0.0000000000000000     
   325.00000000000000        0.0000000000000000        0.0000000000000000       -325.00000000000000        0.0000000000000000     
   157.98881584355155        123.06851889283192       -93.663062740173700        32.228536086869006        1.7769999999999999     
   145.36102156870447       -82.478556343054649        98.324855336410593        68.236203214546322        1.7769999999999999     
   220.50850926015218       -3.0381931513279388       -26.519944618436202       -218.88687620765427        0.0000000000000000     
   126.14165332759789       -37.551769398449331        21.858152022199317        118.42213690623893        0.0000000000000000     

 PASSED   1.0000000000000001E-005
 MU_R    =    325.00000000000000     
 ALPHA_S =   0.11799999999999999     
 BORN                    2.7618255764977453E-010
 SINGLE POLE (MadFKS)   -4.0372506263598180E-011
 DOUBLE POLE (MadFKS)   -2.7662862245308950E-011
 SINGLE POLE (MadLoop)  -4.0372506263597870E-011
 DOUBLE POLE (MadLoop)  -2.7662862245308691E-011
 FINITE PART (MadLoop)  -3.6036681027909811E-012
   325.00000000000000        0.0000000000000000        0.0000000000000000        325.00000000000000        0.0000000000000000     
   325.00000000000000        0.0000000000000000        0.0000000000000000       -325.00000000000000        0.0000000000000000     
   243.16062446503841       -41.534343127931209        109.10928867599613        213.29320904983561        1.7769999999999999     
   20.673992360121495       -9.7856982959804366       -18.005470294934668       -2.0734944959253867        1.7769999999999999     
   298.90562094036261        117.86616950618868       -142.32128057216525       -234.93996980501458        0.0000000000000000     
   87.259762234477407       -66.546128082277164        51.217462191103841        23.720255251104298        0.0000000000000000     

 PASSED   1.0000000000000001E-005
 MU_R    =    325.00000000000000     
 ALPHA_S =   0.11799999999999999     
 BORN                    5.4506666787808026E-011
 SINGLE POLE (MadFKS)   -1.1820844374254902E-011
 DOUBLE POLE (MadFKS)   -5.4594700970006060E-012
 SINGLE POLE (MadLoop)  -1.1820844374254647E-011
 DOUBLE POLE (MadLoop)  -5.4594700970005946E-012
 FINITE PART (MadLoop)   6.9686623780950349E-012
   325.00000000000000        0.0000000000000000        0.0000000000000000        325.00000000000000        0.0000000000000000     
   325.00000000000000        0.0000000000000000        0.0000000000000000       -325.00000000000000        0.0000000000000000     
   278.13766578857673       -99.775461677847417        95.535320823061227       -241.40269908086182        1.7769999999999999     
   182.65729137767454        70.563071737980479       -27.504033387186446        166.20742889162884        1.7769999999999999     
   86.822361846874998        6.9693961925400121       -83.269707232603167       -23.573414915486197        0.0000000000000000     
   102.38268098687452        22.242993747327002        15.238419796728328        98.768685104719111        0.0000000000000000     

 PASSED   1.0000000000000001E-005
 MU_R    =    325.00000000000000     
 ALPHA_S =   0.11799999999999999     
 BORN                    1.0756172450122637E-009
 SINGLE POLE (MadFKS)   -1.7247213150810724E-010
 DOUBLE POLE (MadFKS)   -1.0773544835943142E-010
 SINGLE POLE (MadLoop)  -1.7247213150810530E-010
 DOUBLE POLE (MadLoop)  -1.0773544835943116E-010
 FINITE PART (MadLoop)  -5.8247623923620512E-011
   325.00000000000000        0.0000000000000000        0.0000000000000000        325.00000000000000        0.0000000000000000     
   325.00000000000000        0.0000000000000000        0.0000000000000000       -325.00000000000000        0.0000000000000000     
   107.73386784286842       -16.244070783870015       -41.912491865880035       -97.892296639448617        1.7769999999999999     
   121.72659657911903       -103.76727913475457       -45.657191054041121       -44.294235197825785        1.7769999999999999     
   277.05553636325192        84.643481171244787        226.45695112460257        135.32368828882750        0.0000000000000000     
   143.48399921476070        35.367868747379831       -138.88726820468142        6.8628435484469321        0.0000000000000000     

 PASSED   1.0000000000000001E-005
 MU_R    =    325.00000000000000     
 ALPHA_S =   0.11799999999999999     
 BORN                    1.6259861444197566E-010
 SINGLE POLE (MadFKS)   -2.1379643577855974E-011
 DOUBLE POLE (MadFKS)   -1.6286122885031321E-011
 SINGLE POLE (MadLoop)  -2.1379643577856449E-011
 DOUBLE POLE (MadLoop)  -1.6286122885031198E-011
 FINITE PART (MadLoop)  -3.1823101732506080E-012
   325.00000000000000        0.0000000000000000        0.0000000000000000        325.00000000000000        0.0000000000000000     
   325.00000000000000        0.0000000000000000        0.0000000000000000       -325.00000000000000        0.0000000000000000     
Thanks for using LHAPDF 6.2.1. Please make sure to cite the paper:
  Eur.Phys.J. C75 (2015) 3, 132  (http://arxiv.org/abs/1412.7420)
   139.96499456254966        119.71670056299367        33.671530973369336        64.196429667969156        1.7769999999999999     
   106.33969856972702        104.89814665390331       -16.157096181459977        6.3482938227247807        1.7769999999999999     
   272.01955756854198       -232.28861837760252        113.13195864646760       -85.075245546656149        0.0000000000000000     
   131.67574929918138        7.6737711607055266       -130.64639343837698        14.530522055962219        0.0000000000000000     

 PASSED   1.0000000000000001E-005
 MU_R    =    325.00000000000000     
 ALPHA_S =   0.11799999999999999     
 BORN                    3.4099112882232450E-011
 SINGLE POLE (MadFKS)   -5.7290358652997927E-012
 DOUBLE POLE (MadFKS)   -3.4154186650143298E-012
 SINGLE POLE (MadLoop)  -5.7290358652997677E-012
 DOUBLE POLE (MadLoop)  -3.4154186650143157E-012
 FINITE PART (MadLoop)   7.4684029773031843E-013
   325.00000000000000        0.0000000000000000        0.0000000000000000        325.00000000000000        0.0000000000000000     
   325.00000000000000        0.0000000000000000        0.0000000000000000       -325.00000000000000        0.0000000000000000     
   89.290523533382995      -0.17632968070104571       -22.466232941108260       -86.399520537704333        1.7769999999999999     
   202.56411192060381        7.8517803578116867       -126.52633564895908        157.98258651396529        1.7769999999999999     
   247.40352780387772        37.602509685323732        242.31896144651108       -32.803624169495478        0.0000000000000000     
   110.74183674213539       -45.277960362434364       -93.326392856443746       -38.779441806765540        0.0000000000000000     

 PASSED   1.0000000000000001E-005
 MU_R    =    325.00000000000000     
 ALPHA_S =   0.11799999999999999     
 BORN                    1.7401936350477342E-011
 SINGLE POLE (MadFKS)   -2.2383703980494493E-012
 DOUBLE POLE (MadFKS)   -1.7430042366228414E-012
 SINGLE POLE (MadLoop)  -2.2383703980509998E-012
 DOUBLE POLE (MadLoop)  -1.7430042366228430E-012
 FINITE PART (MadLoop)  -2.8501500542880431E-013
   325.00000000000000        0.0000000000000000        0.0000000000000000        325.00000000000000        0.0000000000000000     
   325.00000000000000        0.0000000000000000        0.0000000000000000       -325.00000000000000        0.0000000000000000     
   147.53390056407807        59.678395551361227        82.482564517145391        106.76239853872478        1.7769999999999999     
   129.90199961548140       -36.370413191918075       -112.89864471944061       -52.938273865542740        1.7769999999999999     
   217.05744176447368       -134.05021186703004        95.004542608174035       -141.84008815406844        0.0000000000000000     
   155.50665805596682        110.74222950758687       -64.588462405878815        88.015963480886427        0.0000000000000000     

 PASSED   1.0000000000000001E-005
 MU_R    =    325.00000000000000     
 ALPHA_S =   0.11799999999999999     
 BORN                    1.1529380172338463E-010
 SINGLE POLE (MadFKS)   -1.8812570935164904E-011
 DOUBLE POLE (MadFKS)   -1.1548001372542710E-011
 SINGLE POLE (MadLoop)  -1.8812570935151850E-011
 DOUBLE POLE (MadLoop)  -1.1548001372544048E-011
 FINITE PART (MadLoop)   1.8126452497206040E-011
   325.00000000000000        0.0000000000000000        0.0000000000000000        325.00000000000000        0.0000000000000000     
   325.00000000000000        0.0000000000000000        0.0000000000000000       -325.00000000000000        0.0000000000000000     
   224.08639481905243       -92.657170835167548       -90.597119682669529       -182.80690690459946        1.7769999999999999     
   99.291782351440389        43.460964754159804        88.657662016382176       -10.327817869832682        1.7769999999999999     
   96.169718435759080       -73.974805724668784        60.989228323887737        7.5270771530109464        0.0000000000000000     
   230.45210439374804        123.17101180567649       -59.049770657600391        185.60764762142119        0.0000000000000000     

 PASSED   1.0000000000000001E-005
 MU_R    =    325.00000000000000     
 ALPHA_S =   0.11799999999999999     
 BORN                    1.9481428959215080E-010
 SINGLE POLE (MadFKS)   -3.4904983095795306E-011
 DOUBLE POLE (MadFKS)   -1.9512893581206187E-011
 SINGLE POLE (MadLoop)  -3.4904983095795765E-011
 DOUBLE POLE (MadLoop)  -1.9512893581206203E-011
 FINITE PART (MadLoop)  -8.2749593729458829E-012
   325.00000000000000        0.0000000000000000        0.0000000000000000        325.00000000000000        0.0000000000000000     
   325.00000000000000        0.0000000000000000        0.0000000000000000       -325.00000000000000        0.0000000000000000     
   40.256358120945926        11.827610912456681       -34.207190344193293        17.532609304422259        1.7769999999999999     
   193.14068577601594        59.873408409956411       -167.58094989900022       -75.046432089427583        1.7769999999999999     
   230.45667590390272        96.894397773940284        165.61875309127231        127.64083897089554        0.0000000000000000     
   186.14628019913548       -168.59541709635337        36.169387151921242       -70.127016185890227        0.0000000000000000     

 PASSED   1.0000000000000001E-005
 MU_R    =    325.00000000000000     
 ALPHA_S =   0.11799999999999999     
 BORN                    5.6192943787786848E-011
 SINGLE POLE (MadFKS)   -7.9773708438642315E-012
 DOUBLE POLE (MadFKS)   -5.6283701490343041E-012
 SINGLE POLE (MadLoop)  -7.9773708438643059E-012
 DOUBLE POLE (MadLoop)  -5.6283701490342992E-012
 FINITE PART (MadLoop)  -8.7600926186790981E-013
   325.00000000000000        0.0000000000000000        0.0000000000000000        325.00000000000000        0.0000000000000000     
   325.00000000000000        0.0000000000000000        0.0000000000000000       -325.00000000000000        0.0000000000000000     
   40.764645695706442       -28.617765827729805       -28.712222144882560        3.9026130001082318        1.7769999999999999     
   233.11636971773873        86.141584662776026        96.164282846320347       -194.09312764190327        1.7769999999999999     
   108.82577719912319        86.078842863758979       -56.648344227598571       -34.992108974753087        0.0000000000000000     
   267.29320738743161       -143.60266169880515       -10.803716473839222        225.18262361654806        0.0000000000000000     

 PASSED   1.0000000000000001E-005
 MU_R    =    325.00000000000000     
 ALPHA_S =   0.11799999999999999     
 BORN                    1.1374209265026265E-010
 SINGLE POLE (MadFKS)   -2.4663728964094900E-011
 DOUBLE POLE (MadFKS)   -1.1392579847375282E-011
 SINGLE POLE (MadLoop)  -2.4663728964094083E-011
 DOUBLE POLE (MadLoop)  -1.1392579847374959E-011
 FINITE PART (MadLoop)  -1.0791756512882908E-012
   325.00000000000000        0.0000000000000000        0.0000000000000000        325.00000000000000        0.0000000000000000     
   325.00000000000000        0.0000000000000000        0.0000000000000000       -325.00000000000000        0.0000000000000000     
   231.41201176513047        114.10662833781188        177.33480497532565       -95.291163147086124        1.7769999999999999     
   52.506223302236698        42.946453388022327        28.706163349357723       -9.2360209838848597        1.7769999999999999     
   120.41958781427380        37.794668676875190       -56.515477769400732        99.390346218640417        0.0000000000000000     
   245.66217711835901       -194.84775040270941       -149.52549055528266        5.1368379123305123        0.0000000000000000     

 NUMBER OF POINTS PASSING THE CHECK          20
 NUMBER OF POINTS FAILING THE CHECK           0
 TOLERANCE    1.0000000000000001E-005
