==== LHAPDF6 USING DEFAULT-TYPE LHAGLUE INTERFACE ====
LHAPDF 6.2.1 loading /cvmfs/cms.cern.ch/slc6_amd64_gcc481/external/lhapdf/6.2.1/share/LHAPDF/NNPDF31_nnlo_hessian_pdfas/NNPDF31_nnlo_hessian_pdfas_0000.dat
NNPDF31_nnlo_hessian_pdfas PDF set, member #0, version 1; LHAPDF ID = 306000
 A PDF is used, so alpha_s(MZ) is going to be modified
 Old value of alpha_s from param_card:   0.11799999999999999     
 New value of alpha_s from PDF lhapdf :  0.11800208008122040     
 using LHAPDF
 *****************************************************
 *               MadGraph/MadEvent                   *
 *        --------------------------------           *
 *          http://madgraph.hep.uiuc.edu             *
 *          http://madgraph.phys.ucl.ac.be           *
 *          http://madgraph.roma2.infn.it            *
 *        --------------------------------           *
 *                                                   *
 *          PARAMETER AND COUPLING VALUES            *
 *                                                   *
 *****************************************************

  External Params
  ---------------------------------
  
 MU_R =    91.188000000000002     
 aEWM1 =    132.50700000000001     
 mdl_Gf =    1.1663900000000000E-005
 aS =   0.11799999999999999     
 mdl_lamWS =   0.22530000000000000     
 mdl_AWS =   0.80800000000000005     
 mdl_rhoWS =   0.13200000000000001     
 mdl_etaWS =   0.34100000000000003     
 mdl_ymt =    173.00000000000000     
 mdl_ymtau =    1.7769999999999999     
 mdl_MT =    173.00000000000000     
 mdl_MZ =    91.188000000000002     
 mdl_MH =    125.00000000000000     
 mdl_MTA =    1.7769999999999999     
 mdl_WT =    1.4915000000000000     
 mdl_WZ =    2.4414039999999999     
 mdl_WW =    2.0476000000000001     
 mdl_WH =    6.3823389999999999E-003
  Internal Params
  ---------------------------------
  
 mdl_CKM33 =    1.0000000000000000     
 mdl_conjg__CKM3x3 =    1.0000000000000000     
 mdl_I4x33 =    0.0000000000000000     
 mdl_I1x33 =    0.0000000000000000     
 mdl_lhv =    1.0000000000000000     
 mdl_CKM3x3 =    1.0000000000000000     
 mdl_conjg__CKM33 =    1.0000000000000000     
 mdl_Ncol =    3.0000000000000000     
 mdl_CA =    3.0000000000000000     
 mdl_TF =   0.50000000000000000     
 mdl_CF =    1.3333333333333333     
 mdl_lamWS__exp__2 =    5.0760090000000001E-002
 mdl_CKM11 =  ( 0.97461995499999998     ,  0.0000000000000000     )
 mdl_CKM12 =  ( 0.22530000000000000     ,  0.0000000000000000     )
 mdl_complexi =  (  0.0000000000000000     ,  1.0000000000000000     )
 mdl_lamWS__exp__3 =    1.1436248277000001E-002
 mdl_CKM13 =  (  1.2197444962317122E-003, -3.1510066152652563E-003)
 mdl_CKM21 =  (-0.22530000000000000     ,  0.0000000000000000     )
 mdl_CKM22 =  ( 0.97461995499999998     ,  0.0000000000000000     )
 mdl_CKM23 =  (  4.1014152720000002E-002,  0.0000000000000000     )
 mdl_CKM31 =  (  8.0207441115842885E-003, -3.1510066152652563E-003)
 mdl_CKM32 =  ( -4.1014152720000002E-002,  0.0000000000000000     )
 mdl_MZ__exp__2 =    8315.2513440000002     
 mdl_MZ__exp__4 =    69143404.913893804     
 mdl_sqrt__2 =    1.4142135623730951     
 mdl_MH__exp__2 =    15625.000000000000     
 mdl_CKM1x1 =  ( 0.97461995499999998     ,  0.0000000000000000     )
 mdl_CKM1x2 =  ( 0.22530000000000000     ,  0.0000000000000000     )
 mdl_CKM1x3 =  (  1.2197444962317122E-003, -3.1510066152652563E-003)
 mdl_CKM2x1 =  (-0.22530000000000000     ,  0.0000000000000000     )
 mdl_CKM2x2 =  ( 0.97461995499999998     ,  0.0000000000000000     )
 mdl_CKM2x3 =  (  4.1014152720000002E-002,  0.0000000000000000     )
 mdl_CKM3x1 =  (  8.0207441115842885E-003, -3.1510066152652563E-003)
 mdl_CKM3x2 =  ( -4.1014152720000002E-002,  0.0000000000000000     )
 mdl_conjg__CKM1x3 =  (  1.2197444962317122E-003,  3.1510066152652563E-003)
 mdl_conjg__CKM2x3 =  (  4.1014152720000002E-002, -0.0000000000000000     )
 mdl_conjg__CKM2x1 =  (-0.22530000000000000     , -0.0000000000000000     )
 mdl_conjg__CKM3x1 =  (  8.0207441115842885E-003,  3.1510066152652563E-003)
 mdl_conjg__CKM2x2 =  ( 0.97461995499999998     , -0.0000000000000000     )
 mdl_conjg__CKM3x2 =  ( -4.1014152720000002E-002, -0.0000000000000000     )
 mdl_Ncol__exp__2 =    9.0000000000000000     
 mdl_MT__exp__2 =    29929.000000000000     
 mdl_conjg__CKM11 =  ( 0.97461995499999998     , -0.0000000000000000     )
 mdl_conjg__CKM12 =  ( 0.22530000000000000     , -0.0000000000000000     )
 mdl_conjg__CKM13 =  (  1.2197444962317122E-003,  3.1510066152652563E-003)
 mdl_conjg__CKM21 =  (-0.22530000000000000     , -0.0000000000000000     )
 mdl_conjg__CKM22 =  ( 0.97461995499999998     , -0.0000000000000000     )
 mdl_conjg__CKM23 =  (  4.1014152720000002E-002, -0.0000000000000000     )
 mdl_conjg__CKM31 =  (  8.0207441115842885E-003,  3.1510066152652563E-003)
 mdl_conjg__CKM32 =  ( -4.1014152720000002E-002, -0.0000000000000000     )
 mdl_aEW =    7.5467711139788835E-003
 mdl_MW =    80.419002445756163     
 mdl_sqrt__aEW =    8.6872153846781555E-002
 mdl_ee =   0.30795376724436879     
 mdl_MW__exp__2 =    6467.2159543705357     
 mdl_sw2 =   0.22224648578577766     
 mdl_cw =   0.88190334743339216     
 mdl_sqrt__sw2 =   0.47143025548407230     
 mdl_sw =   0.47143025548407230     
 mdl_g1 =   0.34919219678733299     
 mdl_gw =   0.65323293034757990     
 mdl_v =    246.21845810181637     
 mdl_v__exp__2 =    60623.529110035903     
 mdl_lam =   0.12886910601690263     
 mdl_yt =   0.99366614581500623     
 mdl_ytau =    1.0206617000654717E-002
 mdl_muH =    88.388347648318430     
 mdl_AxialZUp =  -0.18517701861793787     
 mdl_AxialZDown =   0.18517701861793787     
 mdl_VectorZUp =    7.5430507588273299E-002
 mdl_VectorZDown =  -0.13030376310310560     
 mdl_VectorAUp =   0.20530251149624587     
 mdl_VectorADown =  -0.10265125574812294     
 mdl_VectorWmDxU =   0.23095271737156670     
 mdl_AxialWmDxU =  -0.23095271737156670     
 mdl_VectorWpUxD =   0.23095271737156670     
 mdl_AxialWpUxD =  -0.23095271737156670     
 mdl_I2x13 =  (  7.9699418879263656E-003,  3.1310485988282153E-003)
 mdl_I2x23 =  ( -4.0754375057150453E-002, -0.0000000000000000     )
 mdl_I2x33 =  ( 0.99366614581500623     ,  0.0000000000000000     )
 mdl_I3x31 =  (  7.9699418879263656E-003, -3.1310485988282153E-003)
 mdl_I3x32 =  ( -4.0754375057150453E-002,  0.0000000000000000     )
 mdl_I3x33 =  ( 0.99366614581500623     ,  0.0000000000000000     )
 mdl_Vector_tdGp =  ( -7.9699418879263656E-003, -3.1310485988282153E-003)
 mdl_Vector_tsGp =  (  4.0754375057150453E-002,  0.0000000000000000     )
 mdl_Vector_tbGp =  (-0.99366614581500623     ,  0.0000000000000000     )
 mdl_Axial_tdGp =  ( -7.9699418879263656E-003, -3.1310485988282153E-003)
 mdl_Axial_tsGp =  (  4.0754375057150453E-002,  0.0000000000000000     )
 mdl_Axial_tbGp =  (-0.99366614581500623     , -0.0000000000000000     )
 mdl_Vector_tdGm =  (  7.9699418879263656E-003, -3.1310485988282153E-003)
 mdl_Vector_tsGm =  ( -4.0754375057150453E-002,  0.0000000000000000     )
 mdl_Vector_tbGm =  ( 0.99366614581500623     ,  0.0000000000000000     )
 mdl_Axial_tdGm =  ( -7.9699418879263656E-003,  3.1310485988282153E-003)
 mdl_Axial_tsGm =  (  4.0754375057150453E-002, -0.0000000000000000     )
 mdl_Axial_tbGm =  (-0.99366614581500623     ,  0.0000000000000000     )
 mdl_gw__exp__2 =   0.42671326129048615     
 mdl_cw__exp__2 =   0.77775351421422245     
 mdl_ee__exp__2 =    9.4835522759998875E-002
 mdl_sw__exp__2 =   0.22224648578577769     
 mdl_yt__exp__2 =   0.98737240933884918     
  Internal Params evaluated point by point
  ----------------------------------------
  
 mdl_sqrt__aS =   0.34351128074635334     
 mdl_G__exp__4 =    2.1987899468922913     
 mdl_G__exp__2 =    1.4828317324943823     
 mdl_R2MixedFactor_FIN_ =   -2.5040377713124864E-002
 mdl_G_UVg_1EPS_ =   -5.1645779033320030E-002
 mdl_G_UVq_1EPS_ =    3.1300472141406080E-003
 mdl_G_UVb_1EPS_ =    3.1300472141406080E-003
 mdl_GWcft_UV_t_1EPS_ =   -3.1300472141406080E-003
 mdl_tWcft_UV_1EPS_ =   -1.8780283284843650E-002
 mdl_G__exp__3 =    1.8056676068262196     
 mdl_MU_R__exp__2 =    8315.2513440000002     
 mdl_G_UVt_FIN_ =   -4.0087659331150384E-003
 mdl_GWcft_UV_t_FIN_ =    4.0087659331150384E-003
 mdl_tWcft_UV_FIN_ =   -9.8778211443463623E-004
  Couplings of loop_sm-ckm_no_b_mass
  ---------------------------------
  
       UV_3Gt =   0.48815E-02   0.00000E+00
      UV_GQQt =   0.00000E+00  -0.48815E-02
   UVWfct_G_2 =   0.40088E-02   0.00000E+00
       R2_DDA =   0.00000E+00   0.25704E-02
       R2_UUA =  -0.00000E+00  -0.51409E-02
    R2_DDZ_V2 =   0.00000E+00   0.72127E-02
    R2_UUZ_V2 =  -0.00000E+00  -0.72127E-02
    R2_UUZ_V5 =   0.00000E+00   0.68702E-03
      R2_GGHt =   0.00000E+00  -0.45657E+01
     R2_GGZup =  -0.46369E-02   0.00000E+00
   R2_GGZdown =   0.46369E-02   0.00000E+00
 R2_GGGZvecUp =   0.00000E+00   0.28750E-03
 R2_GGGZvecDown  -0.00000E+00  -0.49665E-03
 R2_GGGZaxialUp  -0.00000E+00  -0.63522E-02
 R2_GGGZaxialDow  0.00000E+00   0.63522E-02
 R2_GGGAvecUp =   0.00000E+00   0.78251E-03
 R2_GGGAvecDown  -0.00000E+00  -0.39126E-03
         GC_4 =  -0.12177E+01   0.00000E+00
         GC_5 =   0.00000E+00   0.12177E+01
         GC_6 =   0.00000E+00   0.14828E+01
       R2_3Gq =   0.76230E-02   0.00000E+00
       R2_3Gg =   0.31445E-01   0.00000E+00
       R2_GQQ =  -0.00000E+00  -0.30492E-01
       R2_GGq =   0.00000E+00   0.62601E-02
       R2_GGt =  -0.00000E+00  -0.11242E+04
     R2_GGg_1 =   0.00000E+00   0.28170E-01
     R2_GGg_2 =  -0.00000E+00  -0.18780E-01
       R2_QQq =   0.00000E+00   0.12520E-01
  UV_3Gg_1eps =   0.62890E-01   0.00000E+00
  UV_3Gb_1eps =  -0.38115E-02   0.00000E+00
 UV_GQQg_1eps =   0.00000E+00  -0.62890E-01
 UV_GQQq_1eps =   0.00000E+00   0.38115E-02
 UVWfct_G_2_1eps -0.31300E-02   0.00000E+00
         GC_1 =  -0.00000E+00  -0.10265E+00
         GC_2 =   0.00000E+00   0.20530E+00
        GC_21 =  -0.00000E+00  -0.28804E+00
        GC_22 =   0.00000E+00   0.28804E+00
        GC_23 =  -0.00000E+00  -0.27437E-01
        GC_24 =   0.00000E+00   0.82310E-01
        GC_37 =  -0.00000E+00  -0.70263E+00
        GC_38 =  -0.00000E+00  -0.72172E-02
      GC_1003 =  -0.00000E+00  -0.30795E+00

 Collider parameters:
 --------------------

 Running at P P   machine @    13000.000000000000       GeV
 PDF set = lhapdf 
 alpha_s(Mz)= 0.1180 running at 3 loops.
 alpha_s(Mz)= 0.1180 running at 3 loops.
 Renormalization scale set on event-by-event basis
 Factorization   scale set on event-by-event basis


 ===============================================================
 INFO: MadFKS read these parameters from FKS_params.dat
 ===============================================================
  > IRPoleCheckThreshold      =    1.0000000000000001E-005
  > PrecisionVirtualAtRunTime =    1.0000000000000000E-003
  > NHelForMCoverHels         =            4
  > VirtualFraction           =    1.0000000000000000     
  > MinVirtualFraction        =    5.0000000000000001E-003
 ===============================================================
  Insert the number of points to test
 Insert the relative tolerance
  A negative number will mean use the default one:    1.0000000000000001E-005
Using random seed offsets:     0 ,     11 ,      0
  with seed                   32
 Ranmar initialization seeds       10729        9417
  ========================================================================================== 
 {                                                                                          }
 {       [32m                                                                            [0m       }
 {       [32m                               ,,                                           [0m       }
 {       [32m`7MMM.     ,MMF'             `7MM  `7MMF'                                   [0m       }
 {       [32m  MMMb    dPMM                 MM    MM                                     [0m       }
 {       [32m  M YM   ,M MM   ,6"Yb.   ,M""bMM    MM         ,pW"Wq.   ,pW"Wq.`7MMpdMAo. [0m       }
 {       [32m  M  Mb  M' MM  8)   MM ,AP    MM    MM        6W'   `Wb 6W'   `Wb MM   `Wb [0m       }
 {       [32m  M  YM.P'  MM   ,pm9MM 8MI    MM    MM      , 8M     M8 8M     M8 MM    M8 [0m       }
 {       [32m  M  `YM'   MM  8M   MM `Mb    MM    MM     ,M YA.   ,A9 YA.   ,A9 MM   ,AP [0m       }
 {       [32m.JML. `'  .JMML.`Moo9^Yo.`Wbmd"MML..JMMmmmmMMM  `Ybmd9'   `Ybmd9'  MMbmmd'  [0m       }
 {       [32m                                                                   MM       [0m       }
 {       [32m                                                                 .JMML.     [0m       }
 {       [32m[0mv2.4.2 (2016-06-10), Ref: arXiv:1103.0621v2, arXiv:1405.0301[32m                [0m       }
 {       [32m                                                                            [0m       }
 {                                                                                          }
  ========================================================================================== 
 ===============================================================
 INFO: MadLoop read these parameters from ./MadLoop5_resources/MadLoopParams.dat                                                                                                                                                                                                                                                                                                                                                                                                                                                                                          
 ===============================================================
  > MLReductionLib            = 6|1|2
  > IREGIMODE                 =            2
  > IREGIRECY                 =  T
  > CTModeRun                 =           -1
  > MLStabThres               =    1.0000000000000000E-003
  > NRotations_DP             =            1
  > NRotations_QP             =            0
  > CTStabThres               =    1.0000000000000000E-002
  > CTLoopLibrary             =            2
  > CTModeInit                =            1
  > CheckCycle                =            3
  > MaxAttempts               =           10
  > UseLoopFilter             =  F
  > HelicityFilterLevel       =            2
  > ImprovePSPoint            =            2
  > DoubleCheckHelicityFilter =  T
  > LoopInitStartOver         =  F
  > HelInitStartOver          =  F
  > ZeroThres                 =    1.0000000000000001E-009
  > OSThres                   =    1.0000000000000000E-008
  > WriteOutFilters           =  T
  > UseQPIntegrandForNinja    =  F
  > UseQPIntegrandForCutTools =  T
 ===============================================================
  
------------------------------------------------------------------------
|              You are using CutTools - Version 1.9.3                  |
|              Authors: G. Ossola, C. Papadopoulos, R. Pittau          |
|              Published in JHEP 0803:042,2008                         |
|              http://www.ugr.es/~pittau/CutTools                      |
|                                                                      |
|              Compiler with  34  significant digits detetected        |
 ---------------------------------------------------------------------- 
   
########################################################################
#                                                                      #
#                      You are using OneLOop-3.6                       #
#                                                                      #
# for the evaluation of 1-loop scalar 1-, 2-, 3- and 4-point functions #
#                                                                      #
# author: Andreas van Hameren <hamerenREMOVETHIS@ifj.edu.pl>           #
#   date: 18-02-2015                                                   #
#                                                                      #
# Please cite                                                          #
#    A. van Hameren,                                                   #
#      Comput.Phys.Commun. 182 (2011) 2427-2438, arXiv:1007.4716       #
#    A. van Hameren, C.G. Papadopoulos and R. Pittau,                  #
#      JHEP 0909:106,2009, arXiv:0903.4665                             #
# in publications with results obtained with the help of this program. #
#                                                                      #
########################################################################
 PASSED   1.0000000000000001E-005
 MU_R    =    325.00000000000000     
 ALPHA_S =   0.11799999999999999     
 BORN                    2.1682716844966809E-005
 SINGLE POLE (MadFKS)    6.0618029847130005E-008
 DOUBLE POLE (MadFKS)   -2.3075095334899921E-006
 SINGLE POLE (MadLoop)   6.0618029847091677E-008
 DOUBLE POLE (MadLoop)  -2.3075095334899269E-006
 FINITE PART (MadLoop)   2.7214618506958346E-006
   325.00000000000000        0.0000000000000000        0.0000000000000000        325.00000000000000        0.0000000000000000     
   325.00000000000000        0.0000000000000000        0.0000000000000000       -325.00000000000000        0.0000000000000000     
   256.06328837151574       -204.08623545705723        8.2613533238882635        154.43110499461730        0.0000000000000000     
   76.053752308606832       -17.246515015343704        14.884912535250866        72.561493499392469        0.0000000000000000     
   317.88295931987739        221.33275047240096       -23.146265859139145       -226.99259849400980        0.0000000000000000     

 PASSED   1.0000000000000001E-005
 MU_R    =    325.00000000000000     
 ALPHA_S =   0.11799999999999999     
 BORN                    8.3599350130028761E-008
 SINGLE POLE (MadFKS)   -5.4845716957329333E-009
 DOUBLE POLE (MadFKS)   -8.8967770412677019E-009
 SINGLE POLE (MadLoop)  -5.4845716957329557E-009
 DOUBLE POLE (MadLoop)  -8.8967770412677085E-009
 FINITE PART (MadLoop)   8.6715063204672703E-009
   325.00000000000000        0.0000000000000000        0.0000000000000000        325.00000000000000        0.0000000000000000     
   325.00000000000000        0.0000000000000000        0.0000000000000000       -325.00000000000000        0.0000000000000000     
   109.54049752592969       -51.380825100340026       -67.319063377420974        69.478594662120628        0.0000000000000000     
   316.31809175109197        255.89388863061862        148.96003588382450       -111.29402787230974        0.0000000000000000     
   224.14141072297841       -204.51306353027863       -81.640972506403514        41.815433210189120        0.0000000000000000     

 PASSED   1.0000000000000001E-005
 MU_R    =    325.00000000000000     
 ALPHA_S =   0.11799999999999999     
 BORN                    1.3208680107233708E-005
 SINGLE POLE (MadFKS)   -7.3943746082921255E-007
 DOUBLE POLE (MadFKS)   -1.4056889406521256E-006
 SINGLE POLE (MadLoop)  -7.3943746082918661E-007
 DOUBLE POLE (MadLoop)  -1.4056889406520710E-006
 FINITE PART (MadLoop)   1.4868897783744899E-006
   325.00000000000000        0.0000000000000000        0.0000000000000000        325.00000000000000        0.0000000000000000     
   325.00000000000000        0.0000000000000000        0.0000000000000000       -325.00000000000000        0.0000000000000000     
   170.54418943234677        160.22963932132407        46.081676177824328       -35.892371790350190        0.0000000000000000     
   161.94676593942816        95.571499964648325        118.70827415614752       -54.783109072195572        0.0000000000000000     
   317.50904462822513       -255.80113928597237       -164.78995033397183        90.675480862545754        0.0000000000000000     

 PASSED   1.0000000000000001E-005
 MU_R    =    325.00000000000000     
 ALPHA_S =   0.11799999999999999     
 BORN                    2.0332752986956448E-008
 SINGLE POLE (MadFKS)   -8.3754800619398411E-010
 DOUBLE POLE (MadFKS)   -2.1638442126494936E-009
 SINGLE POLE (MadLoop)  -8.3754800619401047E-010
 DOUBLE POLE (MadLoop)  -2.1638442126494944E-009
 FINITE PART (MadLoop)   2.3448977668773661E-009
   325.00000000000000        0.0000000000000000        0.0000000000000000        325.00000000000000        0.0000000000000000     
   325.00000000000000        0.0000000000000000        0.0000000000000000       -325.00000000000000        0.0000000000000000     
   234.16503262222153        184.44376168076323       -125.84369373430313        70.548749296658428        0.0000000000000000     
   288.38785880306057       -266.99922996215503        106.19288199866025        24.536505811725291        0.0000000000000000     
   127.44710857471813        82.555468281391811        19.650811735642872       -95.085255108383691        0.0000000000000000     

 PASSED   1.0000000000000001E-005
 MU_R    =    325.00000000000000     
 ALPHA_S =   0.11799999999999999     
 BORN                    1.4583346238421945E-007
 SINGLE POLE (MadFKS)   -2.3553709797288933E-008
 DOUBLE POLE (MadFKS)   -1.5519831170582981E-008
 SINGLE POLE (MadLoop)  -2.3553709797289088E-008
 DOUBLE POLE (MadLoop)  -1.5519831170583031E-008
 FINITE PART (MadLoop)   2.8612867537903568E-008
   325.00000000000000        0.0000000000000000        0.0000000000000000        325.00000000000000        0.0000000000000000     
   325.00000000000000        0.0000000000000000        0.0000000000000000       -325.00000000000000        0.0000000000000000     
   237.45384263927616       -122.99303336191169        148.51119487757711       -138.56935492607352        0.0000000000000000     
   157.64759631784440       -5.9785071782968746       -135.18137746540441       -80.888919286073573        0.0000000000000000     
   254.89856104287929        128.97154054020857       -13.329817412172707        219.45827421214710        0.0000000000000000     

 PASSED   1.0000000000000001E-005
 MU_R    =    325.00000000000000     
 ALPHA_S =   0.11799999999999999     
 BORN                    1.2210251171211491E-007
 SINGLE POLE (MadFKS)   -1.6342312776304189E-008
 DOUBLE POLE (MadFKS)   -1.2994345305218593E-008
 SINGLE POLE (MadLoop)  -1.6342312776304150E-008
 DOUBLE POLE (MadLoop)  -1.2994345305218591E-008
 FINITE PART (MadLoop)   1.1791796612360266E-008
   325.00000000000000        0.0000000000000000        0.0000000000000000        325.00000000000000        0.0000000000000000     
   325.00000000000000        0.0000000000000000        0.0000000000000000       -325.00000000000000        0.0000000000000000     
   208.52098864394682        202.84244637165415       -47.445616997065443        9.2118447001343995        0.0000000000000000     
   222.07248394216458       -119.49641329434635       -73.665400329815142       -172.07615793095155        0.0000000000000000     
   219.40652741388843       -83.346033077307794        121.11101732688064        162.86431323081723        0.0000000000000000     

 PASSED   1.0000000000000001E-005
 MU_R    =    325.00000000000000     
 ALPHA_S =   0.11799999999999999     
 BORN                    3.9605756082912898E-008
 SINGLE POLE (MadFKS)   -4.9413598659007009E-009
 DOUBLE POLE (MadFKS)   -4.2149081407026344E-009
 SINGLE POLE (MadLoop)  -4.9413598658861591E-009
 DOUBLE POLE (MadLoop)  -4.2149081407004605E-009
 FINITE PART (MadLoop)   1.3868635701675691E-008
   325.00000000000000        0.0000000000000000        0.0000000000000000        325.00000000000000        0.0000000000000000     
   325.00000000000000        0.0000000000000000        0.0000000000000000       -325.00000000000000        0.0000000000000000     
   315.85465948694093       -281.06743332097068       -57.372891312615963       -132.18780272175002        0.0000000000000000     
   320.55566798696810        279.53668833343562        58.296954273766026        145.65933295381183        0.0000000000000000     
   13.589672526090842        1.5307449875350712      -0.92406296114998487       -13.471530232061820        0.0000000000000000     

 PASSED   1.0000000000000001E-005
 MU_R    =    325.00000000000000     
 ALPHA_S =   0.11799999999999999     
 BORN                    2.7468026286081219E-008
 SINGLE POLE (MadFKS)   -3.5292866995882958E-009
 DOUBLE POLE (MadFKS)   -2.9231914512594434E-009
 SINGLE POLE (MadLoop)  -3.5292866995882308E-009
 DOUBLE POLE (MadLoop)  -2.9231914512594476E-009
 FINITE PART (MadLoop)   4.2151038554832050E-009
   325.00000000000000        0.0000000000000000        0.0000000000000000        325.00000000000000        0.0000000000000000     
   325.00000000000000        0.0000000000000000        0.0000000000000000       -325.00000000000000        0.0000000000000000     
   312.13053337182220       -82.029345533841877       -232.39181178484043       -191.54817187753883        0.0000000000000000     
   132.57810531600992        88.876074149282076        85.977792591767255        47.810214745819771        0.0000000000000000     
   205.29136131216774       -6.8467286154402727        146.41401919307316        143.73795713171913        0.0000000000000000     

 PASSED   1.0000000000000001E-005
 MU_R    =    325.00000000000000     
 ALPHA_S =   0.11799999999999999     
 BORN                    4.6014303515702297E-008
 SINGLE POLE (MadFKS)   -5.6232862119243160E-009
 DOUBLE POLE (MadFKS)   -4.8969160460181085E-009
 SINGLE POLE (MadLoop)  -5.6232862119242887E-009
 DOUBLE POLE (MadLoop)  -4.8969160460180878E-009
 FINITE PART (MadLoop)   4.6642795295456319E-009
   325.00000000000000        0.0000000000000000        0.0000000000000000        325.00000000000000        0.0000000000000000     
   325.00000000000000        0.0000000000000000        0.0000000000000000       -325.00000000000000        0.0000000000000000     
   251.33435317093421        213.25145151711550       -131.07073484887542        22.654756142388379        0.0000000000000000     
   324.63232174994613       -278.99583682972542        161.66528982107565       -37.573946073168898        0.0000000000000000     
   74.033325079119635        65.744385312609950       -30.594554972200182        14.919189930780558        0.0000000000000000     

 PASSED   1.0000000000000001E-005
 MU_R    =    325.00000000000000     
 ALPHA_S =   0.11799999999999999     
 BORN                    9.6131845168374914E-008
 SINGLE POLE (MadFKS)   -1.0690572842470585E-008
 DOUBLE POLE (MadFKS)   -1.0230505281421917E-008
 SINGLE POLE (MadLoop)  -1.0690572842470380E-008
 DOUBLE POLE (MadLoop)  -1.0230505281421899E-008
 FINITE PART (MadLoop)   1.0889137150421404E-008
   325.00000000000000        0.0000000000000000        0.0000000000000000        325.00000000000000        0.0000000000000000     
   325.00000000000000        0.0000000000000000        0.0000000000000000       -325.00000000000000        0.0000000000000000     
   191.86817576310204       -101.85647084799950        61.281109911004300        150.60970016943349        0.0000000000000000     
   297.88657781043651        181.02457237683470        52.785375493065814       -230.60837272192316        0.0000000000000000     
   160.24524642646142       -79.168101528835166       -114.06648540407011        79.998672552489666        0.0000000000000000     

 PASSED   1.0000000000000001E-005
 MU_R    =    325.00000000000000     
 ALPHA_S =   0.11799999999999999     
 BORN                    4.3238391068732193E-007
 SINGLE POLE (MadFKS)   -7.1318207896534466E-008
 DOUBLE POLE (MadFKS)   -4.6014989872926498E-008
 SINGLE POLE (MadLoop)  -7.1318207896534757E-008
 DOUBLE POLE (MadLoop)  -4.6014989872926564E-008
 FINITE PART (MadLoop)   3.1970263587704522E-008
   325.00000000000000        0.0000000000000000        0.0000000000000000        325.00000000000000        0.0000000000000000     
   325.00000000000000        0.0000000000000000        0.0000000000000000       -325.00000000000000        0.0000000000000000     
   112.75322354312308       -40.481486944936705        99.627379096351348        33.895780983542757        0.0000000000000000     
   311.31156572423401        141.59817880702724       -159.25618051571649       -226.94121635294172        0.0000000000000000     
   225.93521073264310       -101.11669186209046        59.628801419365182        193.04543536939900        0.0000000000000000     

 PASSED   1.0000000000000001E-005
 MU_R    =    325.00000000000000     
 ALPHA_S =   0.11799999999999999     
 BORN                    2.8970714054805818E-008
 SINGLE POLE (MadFKS)   -2.0336399743916240E-009
 DOUBLE POLE (MadFKS)   -3.0831098958429096E-009
 SINGLE POLE (MadLoop)  -2.0336399743910449E-009
 DOUBLE POLE (MadLoop)  -3.0831098958429200E-009
 FINITE PART (MadLoop)   5.0887090114973374E-009
   325.00000000000000        0.0000000000000000        0.0000000000000000        325.00000000000000        0.0000000000000000     
   325.00000000000000        0.0000000000000000        0.0000000000000000       -325.00000000000000        0.0000000000000000     
   314.26953443019283       -218.08751196547894       -221.35113307531515        46.977157022870138        0.0000000000000000     
   265.91142999982202        186.61550780568430        189.31850265196221        6.4842427927876667        0.0000000000000000     
   69.819035569985232        31.472004159794626        32.032630423352934       -53.461399815657821        0.0000000000000000     

 PASSED   1.0000000000000001E-005
 MU_R    =    325.00000000000000     
 ALPHA_S =   0.11799999999999999     
 BORN                    1.7046043146784081E-006
 SINGLE POLE (MadFKS)   -2.5721161263146050E-007
 DOUBLE POLE (MadFKS)   -1.8140672753662117E-007
 SINGLE POLE (MadLoop)  -2.5721161263145892E-007
 DOUBLE POLE (MadLoop)  -1.8140672753662070E-007
 FINITE PART (MadLoop)   1.4706822090527296E-007
   325.00000000000000        0.0000000000000000        0.0000000000000000        325.00000000000000        0.0000000000000000     
   325.00000000000000        0.0000000000000000        0.0000000000000000       -325.00000000000000        0.0000000000000000     
   44.320068300549600       -40.714776548075449        17.134220625339790        3.6047064190925298        0.0000000000000000     
   316.12800056469985        193.14121523769413       -15.543909148906522       -249.78344742178601        0.0000000000000000     
   289.55193113475070       -152.42643868961869       -1.5903114764332595        246.17874100269347        0.0000000000000000     

 PASSED   1.0000000000000001E-005
 MU_R    =    325.00000000000000     
 ALPHA_S =   0.11799999999999999     
 BORN                    2.0956139999341030E-007
 SINGLE POLE (MadFKS)   -2.7974728827053316E-008
 DOUBLE POLE (MadFKS)   -2.2301860592186504E-008
 SINGLE POLE (MadLoop)  -2.7974728827053058E-008
 DOUBLE POLE (MadLoop)  -2.2301860592186543E-008
 FINITE PART (MadLoop)   3.2657401045800380E-008
   325.00000000000000        0.0000000000000000        0.0000000000000000        325.00000000000000        0.0000000000000000     
   325.00000000000000        0.0000000000000000        0.0000000000000000       -325.00000000000000        0.0000000000000000     
   191.54765321659872       -93.888984669343657        43.486071036876353       -161.19653729631369        0.0000000000000000     
   183.43297899675835       -13.982733159957190       -174.33333791881105       -55.317522062075909        0.0000000000000000     
   275.01936778664299        107.87171782930086        130.84726688193470        216.51405935838955        0.0000000000000000     

 PASSED   1.0000000000000001E-005
 MU_R    =    325.00000000000000     
 ALPHA_S =   0.11799999999999999     
 BORN                    2.6709497521347221E-008
 SINGLE POLE (MadFKS)   -5.3549817967898146E-010
 DOUBLE POLE (MadFKS)   -2.8424676024648035E-009
 SINGLE POLE (MadLoop)  -5.3549817967899883E-010
 DOUBLE POLE (MadLoop)  -2.8424676024647807E-009
 FINITE PART (MadLoop)   4.0964532369753444E-009
   325.00000000000000        0.0000000000000000        0.0000000000000000        325.00000000000000        0.0000000000000000     
   325.00000000000000        0.0000000000000000        0.0000000000000000       -325.00000000000000        0.0000000000000000     
   279.89824919471533        1.1615247835424636       -239.59186515726091        144.69768109029633        0.0000000000000000     
   205.83539775947136       -66.860937464433249        194.67107348792479      -0.99957952956635088        0.0000000000000000     
   164.26635304581322        65.699412680890788        44.920791669336111       -143.69810156072998        0.0000000000000000     

 PASSED   1.0000000000000001E-005
 MU_R    =    325.00000000000000     
 ALPHA_S =   0.11799999999999999     
 BORN                    6.2679523591418633E-008
 SINGLE POLE (MadFKS)   -7.1334269715823835E-009
 DOUBLE POLE (MadFKS)   -6.6704555188333333E-009
 SINGLE POLE (MadLoop)  -7.1334269715823454E-009
 DOUBLE POLE (MadLoop)  -6.6704555188333466E-009
Thanks for using LHAPDF 6.2.1. Please make sure to cite the paper:
  Eur.Phys.J. C75 (2015) 3, 132  (http://arxiv.org/abs/1412.7420)
 FINITE PART (MadLoop)   6.8116444723501571E-009
   325.00000000000000        0.0000000000000000        0.0000000000000000        325.00000000000000        0.0000000000000000     
   325.00000000000000        0.0000000000000000        0.0000000000000000       -325.00000000000000        0.0000000000000000     
   208.70097212506474        9.0797756262319602        190.17043828093139        85.491858352493296        0.0000000000000000     
   324.79772190473608       -25.389246075815038       -297.10156377881196       -128.76182329554243        0.0000000000000000     
   116.50130597019945        16.309470449583049        106.93112549788066        43.269964943049132        0.0000000000000000     

 PASSED   1.0000000000000001E-005
 MU_R    =    325.00000000000000     
 ALPHA_S =   0.11799999999999999     
 BORN                    1.1328514279840772E-008
 SINGLE POLE (MadFKS)   -1.1778632507365451E-009
 DOUBLE POLE (MadFKS)   -1.2055986751069020E-009
 SINGLE POLE (MadLoop)  -1.1778632507365585E-009
 DOUBLE POLE (MadLoop)  -1.2055986751069003E-009
 FINITE PART (MadLoop)   8.5781614687777147E-010
   325.00000000000000        0.0000000000000000        0.0000000000000000        325.00000000000000        0.0000000000000000     
   325.00000000000000        0.0000000000000000        0.0000000000000000       -325.00000000000000        0.0000000000000000     
   273.15555120101868        102.60076178853083       -126.58885650569536       -219.23115709434640        0.0000000000000000     
   258.63395043716923       -173.97501638255835        37.825978693466546        187.59906537428716        0.0000000000000000     
   118.21049836181200        71.374254594027533        88.762877812228808        31.632091720059218        0.0000000000000000     

 PASSED   1.0000000000000001E-005
 MU_R    =    325.00000000000000     
 ALPHA_S =   0.11799999999999999     
 BORN                    1.3978687759234793E-008
 SINGLE POLE (MadFKS)   -6.5206221027272997E-010
 DOUBLE POLE (MadFKS)   -1.4876343910565657E-009
 SINGLE POLE (MadLoop)  -6.5206221027273038E-010
 DOUBLE POLE (MadLoop)  -1.4876343910565670E-009
 FINITE PART (MadLoop)   8.9824640431181281E-010
   325.00000000000000        0.0000000000000000        0.0000000000000000        325.00000000000000        0.0000000000000000     
   325.00000000000000        0.0000000000000000        0.0000000000000000       -325.00000000000000        0.0000000000000000     
   203.28412033071552       -161.22143524707792       -4.4107841693540877       -123.74420139350542        0.0000000000000000     
   324.01367310969266        247.07784997843885        30.811109957325936        207.33565037220305        0.0000000000000000     
   122.70220655959180       -85.856414731360957       -26.400325787971848       -83.591448978697684        0.0000000000000000     

 PASSED   1.0000000000000001E-005
 MU_R    =    325.00000000000000     
 ALPHA_S =   0.11799999999999999     
 BORN                    3.9929398599845064E-004
 SINGLE POLE (MadFKS)   -5.4704030808347549E-005
 DOUBLE POLE (MadFKS)   -4.2493506968916684E-005
 SINGLE POLE (MadLoop)  -5.4704030808343083E-005
 DOUBLE POLE (MadLoop)  -4.2493506968912693E-005
 FINITE PART (MadLoop)   2.9503688699207511E-005
   325.00000000000000        0.0000000000000000        0.0000000000000000        325.00000000000000        0.0000000000000000     
   325.00000000000000        0.0000000000000000        0.0000000000000000       -325.00000000000000        0.0000000000000000     
   94.630970603638431       -76.280787151870726       -14.708259281679279       -54.036369398587162        0.0000000000000000     
   236.41517415940851       -78.793216543112749       -77.732259936813108       -208.90538376195406        0.0000000000000000     
   318.95385523695307        155.07400369498347        92.440519218492369        262.94175316054123        0.0000000000000000     

 PASSED   1.0000000000000001E-005
 MU_R    =    325.00000000000000     
 ALPHA_S =   0.11799999999999999     
 BORN                    2.2930324346841553E-006
 SINGLE POLE (MadFKS)   -1.5046317530518779E-007
 DOUBLE POLE (MadFKS)   -2.4402819265998467E-007
 SINGLE POLE (MadLoop)  -1.5046317530517360E-007
 DOUBLE POLE (MadLoop)  -2.4402819265998023E-007
 FINITE PART (MadLoop)   2.2943787829092122E-007
   325.00000000000000        0.0000000000000000        0.0000000000000000        325.00000000000000        0.0000000000000000     
   325.00000000000000        0.0000000000000000        0.0000000000000000       -325.00000000000000        0.0000000000000000     
   112.86851901687052       -80.112060829128495        51.680797258280379       -60.418999408465851        0.0000000000000000     
   216.38855468454625       -105.92835511394151        176.33561862627400       -67.148639487414826        0.0000000000000000     
   320.74292629858314        186.04041594306995       -228.01641588455439        127.56763889588066        0.0000000000000000     

 NUMBER OF POINTS PASSING THE CHECK          20
 NUMBER OF POINTS FAILING THE CHECK           0
 TOLERANCE    1.0000000000000001E-005
