==== LHAPDF6 USING DEFAULT-TYPE LHAGLUE INTERFACE ====
LHAPDF 6.2.1 loading /cvmfs/cms.cern.ch/slc6_amd64_gcc481/external/lhapdf/6.2.1/share/LHAPDF/NNPDF31_nnlo_hessian_pdfas/NNPDF31_nnlo_hessian_pdfas_0000.dat
NNPDF31_nnlo_hessian_pdfas PDF set, member #0, version 1; LHAPDF ID = 306000
 A PDF is used, so alpha_s(MZ) is going to be modified
 Old value of alpha_s from param_card:   0.11799999999999999     
 New value of alpha_s from PDF lhapdf :  0.11800208008122040     
 using LHAPDF
 *****************************************************
 *               MadGraph/MadEvent                   *
 *        --------------------------------           *
 *          http://madgraph.hep.uiuc.edu             *
 *          http://madgraph.phys.ucl.ac.be           *
 *          http://madgraph.roma2.infn.it            *
 *        --------------------------------           *
 *                                                   *
 *          PARAMETER AND COUPLING VALUES            *
 *                                                   *
 *****************************************************

  External Params
  ---------------------------------
  
 MU_R =    91.188000000000002     
 aEWM1 =    132.50700000000001     
 mdl_Gf =    1.1663900000000000E-005
 aS =   0.11799999999999999     
 mdl_lamWS =   0.22530000000000000     
 mdl_AWS =   0.80800000000000005     
 mdl_rhoWS =   0.13200000000000001     
 mdl_etaWS =   0.34100000000000003     
 mdl_ymt =    173.00000000000000     
 mdl_ymtau =    1.7769999999999999     
 mdl_MT =    173.00000000000000     
 mdl_MZ =    91.188000000000002     
 mdl_MH =    125.00000000000000     
 mdl_MTA =    1.7769999999999999     
 mdl_WT =    1.4915000000000000     
 mdl_WZ =    2.4414039999999999     
 mdl_WW =    2.0476000000000001     
 mdl_WH =    6.3823389999999999E-003
  Internal Params
  ---------------------------------
  
 mdl_CKM33 =    1.0000000000000000     
 mdl_conjg__CKM3x3 =    1.0000000000000000     
 mdl_I4x33 =    0.0000000000000000     
 mdl_I1x33 =    0.0000000000000000     
 mdl_lhv =    1.0000000000000000     
 mdl_CKM3x3 =    1.0000000000000000     
 mdl_conjg__CKM33 =    1.0000000000000000     
 mdl_Ncol =    3.0000000000000000     
 mdl_CA =    3.0000000000000000     
 mdl_TF =   0.50000000000000000     
 mdl_CF =    1.3333333333333333     
 mdl_lamWS__exp__2 =    5.0760090000000001E-002
 mdl_CKM11 =  ( 0.97461995499999998     ,  0.0000000000000000     )
 mdl_CKM12 =  ( 0.22530000000000000     ,  0.0000000000000000     )
 mdl_complexi =  (  0.0000000000000000     ,  1.0000000000000000     )
 mdl_lamWS__exp__3 =    1.1436248277000001E-002
 mdl_CKM13 =  (  1.2197444962317122E-003, -3.1510066152652563E-003)
 mdl_CKM21 =  (-0.22530000000000000     ,  0.0000000000000000     )
 mdl_CKM22 =  ( 0.97461995499999998     ,  0.0000000000000000     )
 mdl_CKM23 =  (  4.1014152720000002E-002,  0.0000000000000000     )
 mdl_CKM31 =  (  8.0207441115842885E-003, -3.1510066152652563E-003)
 mdl_CKM32 =  ( -4.1014152720000002E-002,  0.0000000000000000     )
 mdl_MZ__exp__2 =    8315.2513440000002     
 mdl_MZ__exp__4 =    69143404.913893804     
 mdl_sqrt__2 =    1.4142135623730951     
 mdl_MH__exp__2 =    15625.000000000000     
 mdl_CKM1x1 =  ( 0.97461995499999998     ,  0.0000000000000000     )
 mdl_CKM1x2 =  ( 0.22530000000000000     ,  0.0000000000000000     )
 mdl_CKM1x3 =  (  1.2197444962317122E-003, -3.1510066152652563E-003)
 mdl_CKM2x1 =  (-0.22530000000000000     ,  0.0000000000000000     )
 mdl_CKM2x2 =  ( 0.97461995499999998     ,  0.0000000000000000     )
 mdl_CKM2x3 =  (  4.1014152720000002E-002,  0.0000000000000000     )
 mdl_CKM3x1 =  (  8.0207441115842885E-003, -3.1510066152652563E-003)
 mdl_CKM3x2 =  ( -4.1014152720000002E-002,  0.0000000000000000     )
 mdl_conjg__CKM1x3 =  (  1.2197444962317122E-003,  3.1510066152652563E-003)
 mdl_conjg__CKM2x3 =  (  4.1014152720000002E-002, -0.0000000000000000     )
 mdl_conjg__CKM2x1 =  (-0.22530000000000000     , -0.0000000000000000     )
 mdl_conjg__CKM3x1 =  (  8.0207441115842885E-003,  3.1510066152652563E-003)
 mdl_conjg__CKM2x2 =  ( 0.97461995499999998     , -0.0000000000000000     )
 mdl_conjg__CKM3x2 =  ( -4.1014152720000002E-002, -0.0000000000000000     )
 mdl_Ncol__exp__2 =    9.0000000000000000     
 mdl_MT__exp__2 =    29929.000000000000     
 mdl_conjg__CKM11 =  ( 0.97461995499999998     , -0.0000000000000000     )
 mdl_conjg__CKM12 =  ( 0.22530000000000000     , -0.0000000000000000     )
 mdl_conjg__CKM13 =  (  1.2197444962317122E-003,  3.1510066152652563E-003)
 mdl_conjg__CKM21 =  (-0.22530000000000000     , -0.0000000000000000     )
 mdl_conjg__CKM22 =  ( 0.97461995499999998     , -0.0000000000000000     )
 mdl_conjg__CKM23 =  (  4.1014152720000002E-002, -0.0000000000000000     )
 mdl_conjg__CKM31 =  (  8.0207441115842885E-003,  3.1510066152652563E-003)
 mdl_conjg__CKM32 =  ( -4.1014152720000002E-002, -0.0000000000000000     )
 mdl_aEW =    7.5467711139788835E-003
 mdl_MW =    80.419002445756163     
 mdl_sqrt__aEW =    8.6872153846781555E-002
 mdl_ee =   0.30795376724436879     
 mdl_MW__exp__2 =    6467.2159543705357     
 mdl_sw2 =   0.22224648578577766     
 mdl_cw =   0.88190334743339216     
 mdl_sqrt__sw2 =   0.47143025548407230     
 mdl_sw =   0.47143025548407230     
 mdl_g1 =   0.34919219678733299     
 mdl_gw =   0.65323293034757990     
 mdl_v =    246.21845810181637     
 mdl_v__exp__2 =    60623.529110035903     
 mdl_lam =   0.12886910601690263     
 mdl_yt =   0.99366614581500623     
 mdl_ytau =    1.0206617000654717E-002
 mdl_muH =    88.388347648318430     
 mdl_AxialZUp =  -0.18517701861793787     
 mdl_AxialZDown =   0.18517701861793787     
 mdl_VectorZUp =    7.5430507588273299E-002
 mdl_VectorZDown =  -0.13030376310310560     
 mdl_VectorAUp =   0.20530251149624587     
 mdl_VectorADown =  -0.10265125574812294     
 mdl_VectorWmDxU =   0.23095271737156670     
 mdl_AxialWmDxU =  -0.23095271737156670     
 mdl_VectorWpUxD =   0.23095271737156670     
 mdl_AxialWpUxD =  -0.23095271737156670     
 mdl_I2x13 =  (  7.9699418879263656E-003,  3.1310485988282153E-003)
 mdl_I2x23 =  ( -4.0754375057150453E-002, -0.0000000000000000     )
 mdl_I2x33 =  ( 0.99366614581500623     ,  0.0000000000000000     )
 mdl_I3x31 =  (  7.9699418879263656E-003, -3.1310485988282153E-003)
 mdl_I3x32 =  ( -4.0754375057150453E-002,  0.0000000000000000     )
 mdl_I3x33 =  ( 0.99366614581500623     ,  0.0000000000000000     )
 mdl_Vector_tdGp =  ( -7.9699418879263656E-003, -3.1310485988282153E-003)
 mdl_Vector_tsGp =  (  4.0754375057150453E-002,  0.0000000000000000     )
 mdl_Vector_tbGp =  (-0.99366614581500623     ,  0.0000000000000000     )
 mdl_Axial_tdGp =  ( -7.9699418879263656E-003, -3.1310485988282153E-003)
 mdl_Axial_tsGp =  (  4.0754375057150453E-002,  0.0000000000000000     )
 mdl_Axial_tbGp =  (-0.99366614581500623     , -0.0000000000000000     )
 mdl_Vector_tdGm =  (  7.9699418879263656E-003, -3.1310485988282153E-003)
 mdl_Vector_tsGm =  ( -4.0754375057150453E-002,  0.0000000000000000     )
 mdl_Vector_tbGm =  ( 0.99366614581500623     ,  0.0000000000000000     )
 mdl_Axial_tdGm =  ( -7.9699418879263656E-003,  3.1310485988282153E-003)
 mdl_Axial_tsGm =  (  4.0754375057150453E-002, -0.0000000000000000     )
 mdl_Axial_tbGm =  (-0.99366614581500623     ,  0.0000000000000000     )
 mdl_gw__exp__2 =   0.42671326129048615     
 mdl_cw__exp__2 =   0.77775351421422245     
 mdl_ee__exp__2 =    9.4835522759998875E-002
 mdl_sw__exp__2 =   0.22224648578577769     
 mdl_yt__exp__2 =   0.98737240933884918     
  Internal Params evaluated point by point
  ----------------------------------------
  
 mdl_sqrt__aS =   0.34351128074635334     
 mdl_G__exp__4 =    2.1987899468922913     
 mdl_G__exp__2 =    1.4828317324943823     
 mdl_R2MixedFactor_FIN_ =   -2.5040377713124864E-002
 mdl_G_UVg_1EPS_ =   -5.1645779033320030E-002
 mdl_G_UVq_1EPS_ =    3.1300472141406080E-003
 mdl_G_UVb_1EPS_ =    3.1300472141406080E-003
 mdl_GWcft_UV_t_1EPS_ =   -3.1300472141406080E-003
 mdl_tWcft_UV_1EPS_ =   -1.8780283284843650E-002
 mdl_G__exp__3 =    1.8056676068262196     
 mdl_MU_R__exp__2 =    8315.2513440000002     
 mdl_G_UVt_FIN_ =   -4.0087659331150384E-003
 mdl_GWcft_UV_t_FIN_ =    4.0087659331150384E-003
 mdl_tWcft_UV_FIN_ =   -9.8778211443463623E-004
  Couplings of loop_sm-ckm_no_b_mass
  ---------------------------------
  
       UV_3Gt =   0.48815E-02   0.00000E+00
      UV_GQQt =   0.00000E+00  -0.48815E-02
   UVWfct_G_2 =   0.40088E-02   0.00000E+00
       R2_DDA =   0.00000E+00   0.25704E-02
       R2_UUA =  -0.00000E+00  -0.51409E-02
    R2_DDZ_V2 =   0.00000E+00   0.72127E-02
    R2_UUZ_V2 =  -0.00000E+00  -0.72127E-02
    R2_UUZ_V5 =   0.00000E+00   0.68702E-03
      R2_GGHt =   0.00000E+00  -0.45657E+01
     R2_GGZup =  -0.46369E-02   0.00000E+00
   R2_GGZdown =   0.46369E-02   0.00000E+00
 R2_GGGZvecUp =   0.00000E+00   0.28750E-03
 R2_GGGZvecDown  -0.00000E+00  -0.49665E-03
 R2_GGGZaxialUp  -0.00000E+00  -0.63522E-02
 R2_GGGZaxialDow  0.00000E+00   0.63522E-02
 R2_GGGAvecUp =   0.00000E+00   0.78251E-03
 R2_GGGAvecDown  -0.00000E+00  -0.39126E-03
         GC_4 =  -0.12177E+01   0.00000E+00
         GC_5 =   0.00000E+00   0.12177E+01
         GC_6 =   0.00000E+00   0.14828E+01
       R2_3Gq =   0.76230E-02   0.00000E+00
       R2_3Gg =   0.31445E-01   0.00000E+00
       R2_GQQ =  -0.00000E+00  -0.30492E-01
       R2_GGq =   0.00000E+00   0.62601E-02
       R2_GGt =  -0.00000E+00  -0.11242E+04
     R2_GGg_1 =   0.00000E+00   0.28170E-01
     R2_GGg_2 =  -0.00000E+00  -0.18780E-01
       R2_QQq =   0.00000E+00   0.12520E-01
  UV_3Gg_1eps =   0.62890E-01   0.00000E+00
  UV_3Gb_1eps =  -0.38115E-02   0.00000E+00
 UV_GQQg_1eps =   0.00000E+00  -0.62890E-01
 UV_GQQq_1eps =   0.00000E+00   0.38115E-02
 UVWfct_G_2_1eps -0.31300E-02   0.00000E+00
         GC_1 =  -0.00000E+00  -0.10265E+00
         GC_2 =   0.00000E+00   0.20530E+00
        GC_21 =  -0.00000E+00  -0.28804E+00
        GC_22 =   0.00000E+00   0.28804E+00
        GC_23 =  -0.00000E+00  -0.27437E-01
        GC_24 =   0.00000E+00   0.82310E-01
        GC_37 =  -0.00000E+00  -0.70263E+00
        GC_38 =  -0.00000E+00  -0.72172E-02
      GC_1003 =  -0.00000E+00  -0.30795E+00

 Collider parameters:
 --------------------

 Running at P P   machine @    13000.000000000000       GeV
 PDF set = lhapdf 
 alpha_s(Mz)= 0.1180 running at 3 loops.
 alpha_s(Mz)= 0.1180 running at 3 loops.
 Renormalization scale set on event-by-event basis
 Factorization   scale set on event-by-event basis


 ===============================================================
 INFO: MadFKS read these parameters from FKS_params.dat
 ===============================================================
  > IRPoleCheckThreshold      =    1.0000000000000001E-005
  > PrecisionVirtualAtRunTime =    1.0000000000000000E-003
  > NHelForMCoverHels         =            4
  > VirtualFraction           =    1.0000000000000000     
  > MinVirtualFraction        =    5.0000000000000001E-003
 ===============================================================
  Insert the number of points to test
 Insert the relative tolerance
  A negative number will mean use the default one:    1.0000000000000001E-005
Using random seed offsets:     0 ,    112 ,      0
  with seed                   32
 Ranmar initialization seeds       10729        9518
  ========================================================================================== 
 {                                                                                          }
 {       [32m                                                                            [0m       }
 {       [32m                               ,,                                           [0m       }
 {       [32m`7MMM.     ,MMF'             `7MM  `7MMF'                                   [0m       }
 {       [32m  MMMb    dPMM                 MM    MM                                     [0m       }
 {       [32m  M YM   ,M MM   ,6"Yb.   ,M""bMM    MM         ,pW"Wq.   ,pW"Wq.`7MMpdMAo. [0m       }
 {       [32m  M  Mb  M' MM  8)   MM ,AP    MM    MM        6W'   `Wb 6W'   `Wb MM   `Wb [0m       }
 {       [32m  M  YM.P'  MM   ,pm9MM 8MI    MM    MM      , 8M     M8 8M     M8 MM    M8 [0m       }
 {       [32m  M  `YM'   MM  8M   MM `Mb    MM    MM     ,M YA.   ,A9 YA.   ,A9 MM   ,AP [0m       }
 {       [32m.JML. `'  .JMML.`Moo9^Yo.`Wbmd"MML..JMMmmmmMMM  `Ybmd9'   `Ybmd9'  MMbmmd'  [0m       }
 {       [32m                                                                   MM       [0m       }
 {       [32m                                                                 .JMML.     [0m       }
 {       [32m[0mv2.4.2 (2016-06-10), Ref: arXiv:1103.0621v2, arXiv:1405.0301[32m                [0m       }
 {       [32m                                                                            [0m       }
 {                                                                                          }
  ========================================================================================== 
 ===============================================================
 INFO: MadLoop read these parameters from ./MadLoop5_resources/MadLoopParams.dat                                                                                                                                                                                                                                                                                                                                                                                                                                                                                          
 ===============================================================
  > MLReductionLib            = 6|1|2
  > IREGIMODE                 =            2
  > IREGIRECY                 =  T
  > CTModeRun                 =           -1
  > MLStabThres               =    1.0000000000000000E-003
  > NRotations_DP             =            1
  > NRotations_QP             =            0
  > CTStabThres               =    1.0000000000000000E-002
  > CTLoopLibrary             =            2
  > CTModeInit                =            1
  > CheckCycle                =            3
  > MaxAttempts               =           10
  > UseLoopFilter             =  F
  > HelicityFilterLevel       =            2
  > ImprovePSPoint            =            2
  > DoubleCheckHelicityFilter =  T
  > LoopInitStartOver         =  F
  > HelInitStartOver          =  F
  > ZeroThres                 =    1.0000000000000001E-009
  > OSThres                   =    1.0000000000000000E-008
  > WriteOutFilters           =  T
  > UseQPIntegrandForNinja    =  F
  > UseQPIntegrandForCutTools =  T
 ===============================================================
  
------------------------------------------------------------------------
|              You are using CutTools - Version 1.9.3                  |
|              Authors: G. Ossola, C. Papadopoulos, R. Pittau          |
|              Published in JHEP 0803:042,2008                         |
|              http://www.ugr.es/~pittau/CutTools                      |
|                                                                      |
|              Compiler with  34  significant digits detetected        |
 ---------------------------------------------------------------------- 
   
########################################################################
#                                                                      #
#                      You are using OneLOop-3.6                       #
#                                                                      #
# for the evaluation of 1-loop scalar 1-, 2-, 3- and 4-point functions #
#                                                                      #
# author: Andreas van Hameren <hamerenREMOVETHIS@ifj.edu.pl>           #
#   date: 18-02-2015                                                   #
#                                                                      #
# Please cite                                                          #
#    A. van Hameren,                                                   #
#      Comput.Phys.Commun. 182 (2011) 2427-2438, arXiv:1007.4716       #
#    A. van Hameren, C.G. Papadopoulos and R. Pittau,                  #
#      JHEP 0909:106,2009, arXiv:0903.4665                             #
# in publications with results obtained with the help of this program. #
#                                                                      #
########################################################################
 PASSED   1.0000000000000001E-005
 MU_R    =    325.00000000000000     
 ALPHA_S =   0.11799999999999999     
 BORN                    2.1130183883861165E-011
 SINGLE POLE (MadFKS)   -4.2997423767281537E-012
 DOUBLE POLE (MadFKS)   -2.1164311423986694E-012
 SINGLE POLE (MadLoop)  -4.2997423767279946E-012
 DOUBLE POLE (MadLoop)  -2.1164311423986601E-012
 FINITE PART (MadLoop)   1.8014522848864093E-014
   325.00000000000000        0.0000000000000000        0.0000000000000000        325.00000000000000        0.0000000000000000     
   325.00000000000000        0.0000000000000000        0.0000000000000000       -325.00000000000000        0.0000000000000000     
   197.13914746502005       -194.09019179875096        21.095915085180550        27.345991981967931        0.0000000000000000     
   159.79450588110100        34.862623063676686       -37.550823575694231        151.35658978614805        0.0000000000000000     
   194.65271710676132        111.21298966319729        88.988950386492860       -132.67372730246458        0.0000000000000000     
   98.413629547117679        48.014579071877037       -72.534041895979186       -46.028854465651392        0.0000000000000000     

 PASSED   1.0000000000000001E-005
 MU_R    =    325.00000000000000     
 ALPHA_S =   0.11799999999999999     
 BORN                    7.9394528988130120E-011
 SINGLE POLE (MadFKS)   -2.1865401459693226E-011
 DOUBLE POLE (MadFKS)   -7.9522759768736774E-012
 SINGLE POLE (MadLoop)  -2.1865401459693204E-011
 DOUBLE POLE (MadLoop)  -7.9522759768737533E-012
 FINITE PART (MadLoop)  -3.9638103217025104E-011
   325.00000000000000        0.0000000000000000        0.0000000000000000        325.00000000000000        0.0000000000000000     
   325.00000000000000        0.0000000000000000        0.0000000000000000       -325.00000000000000        0.0000000000000000     
   171.76433808676765       -171.45206081168621       -9.2693174829820890       -4.6106870649553651        0.0000000000000000     
   165.74718503103247       -80.622761503971276        132.81462265990535       -57.726732809782618        0.0000000000000000     
   13.560743173453123       -6.2779928492345194        11.099440691049749       -4.6133477591858183        0.0000000000000000     
   298.92773370874698        258.35281516489198       -134.64474586797297        66.950767633923888        0.0000000000000000     

 PASSED   1.0000000000000001E-005
 MU_R    =    325.00000000000000     
 ALPHA_S =   0.11799999999999999     
 BORN                    4.2196273129709973E-011
 SINGLE POLE (MadFKS)   -9.9351643124780005E-012
 DOUBLE POLE (MadFKS)   -4.2264424690164769E-012
 SINGLE POLE (MadLoop)  -9.9351643124742652E-012
 DOUBLE POLE (MadLoop)  -4.2264424690171320E-012
 FINITE PART (MadLoop)  -8.3237847887146915E-012
   325.00000000000000        0.0000000000000000        0.0000000000000000        325.00000000000000        0.0000000000000000     
   325.00000000000000        0.0000000000000000        0.0000000000000000       -325.00000000000000        0.0000000000000000     
   287.18204714115069       -224.00952287602064        168.79061771570585        61.668381138069314        0.0000000000000000     
   87.906893027106207        4.4590457777753665       -69.512359886823745       -53.626211645010834        0.0000000000000000     
   256.47912776436397        231.79231133313820       -109.78664981967330       0.87115267489645576        0.0000000000000000     
   18.431932067379105       -12.241834234892918        10.508391990791196       -8.9133221679549539        0.0000000000000000     

 PASSED   1.0000000000000001E-005
 MU_R    =    325.00000000000000     
 ALPHA_S =   0.11799999999999999     
 BORN                    1.7736386484396575E-011
 SINGLE POLE (MadFKS)   -2.7649901716602878E-012
 DOUBLE POLE (MadFKS)   -1.7765032673410124E-012
 SINGLE POLE (MadLoop)  -2.7649901716603100E-012
 DOUBLE POLE (MadLoop)  -1.7765032673410099E-012
 FINITE PART (MadLoop)   4.4824063099099713E-013
   325.00000000000000        0.0000000000000000        0.0000000000000000        325.00000000000000        0.0000000000000000     
   325.00000000000000        0.0000000000000000        0.0000000000000000       -325.00000000000000        0.0000000000000000     
   128.98817207986613        13.979601337290017       -29.663035480773438        124.75024492569933        0.0000000000000000     
   192.09721761821046       -12.092147563472802        151.34507482707016       -117.68512781804611        0.0000000000000000     
   186.75203244557224       -143.78384883550032       -119.16770341424187        1.2589279476457871        0.0000000000000000     
   142.16257785635116        141.89639506168308       -2.5143359320548999       -8.3240450552990204        0.0000000000000000     

 PASSED   1.0000000000000001E-005
 MU_R    =    325.00000000000000     
 ALPHA_S =   0.11799999999999999     
 BORN                    3.8129509057716866E-011
 SINGLE POLE (MadFKS)   -5.8610372936797754E-012
 DOUBLE POLE (MadFKS)   -3.8191092352849842E-012
 SINGLE POLE (MadLoop)  -5.8610372936797431E-012
 DOUBLE POLE (MadLoop)  -3.8191092352849988E-012
 FINITE PART (MadLoop)   3.3125270556682109E-013
   325.00000000000000        0.0000000000000000        0.0000000000000000        325.00000000000000        0.0000000000000000     
   325.00000000000000        0.0000000000000000        0.0000000000000000       -325.00000000000000        0.0000000000000000     
   75.151550476990025        26.570881320995547        69.715211815623420       -9.0295651292798365        0.0000000000000000     
   226.09053270582032        152.77723360661005       -115.31076164333835       -120.33068652653033        0.0000000000000000     
   237.54267584149991       -147.13176635222376        150.33259728818982        110.35794655846703        0.0000000000000000     
   111.21524097568999       -32.216348575381808       -104.73704746047493        19.002305097343104        0.0000000000000000     

 PASSED   1.0000000000000001E-005
 MU_R    =    325.00000000000000     
 ALPHA_S =   0.11799999999999999     
 BORN                    2.2332364454123933E-011
 SINGLE POLE (MadFKS)   -1.0075980807732898E-011
 DOUBLE POLE (MadFKS)   -2.2368433646337075E-012
 SINGLE POLE (MadLoop)  -1.0075980807732590E-011
 DOUBLE POLE (MadLoop)  -2.2368433646335588E-012
 FINITE PART (MadLoop)   1.0685955747197203E-011
   325.00000000000000        0.0000000000000000        0.0000000000000000        325.00000000000000        0.0000000000000000     
   325.00000000000000        0.0000000000000000        0.0000000000000000       -325.00000000000000        0.0000000000000000     
   126.14701343035193       0.34577025269856809        114.47918830026437       -52.985515817460545        0.0000000000000000     
   154.14361316086607       -68.815233409480982       -77.786144482237290       -113.90361212742063        0.0000000000000000     
   96.539248612610464        9.9882663638791449        16.469221467995805       -94.598233609141559        0.0000000000000000     
   273.17012479617154        58.481196792903269       -53.162265286022865        261.48736155402270        0.0000000000000000     

 PASSED   1.0000000000000001E-005
 MU_R    =    325.00000000000000     
 ALPHA_S =   0.11799999999999999     
 BORN                    8.9766599047899656E-012
 SINGLE POLE (MadFKS)   -3.2426961375446525E-012
 DOUBLE POLE (MadFKS)   -8.9911581847281697E-013
 SINGLE POLE (MadLoop)  -3.2426961375459866E-012
 DOUBLE POLE (MadLoop)  -8.9911581847285079E-013
 FINITE PART (MadLoop)  -3.5247481633009843E-012
   325.00000000000000        0.0000000000000000        0.0000000000000000        325.00000000000000        0.0000000000000000     
   325.00000000000000        0.0000000000000000        0.0000000000000000       -325.00000000000000        0.0000000000000000     
   172.51223937672111       -29.117096411642269        166.99656517842783       -32.012726374574164        0.0000000000000000     
   229.33708022550968        44.372861627174188       -176.06633068935372        140.09708317793289        0.0000000000000000     
   168.73538308155736       -8.0783240870239474       -49.656371668955074       -161.06090443152090        0.0000000000000000     
   79.415297316211863       -7.1774411285079678        58.726137179880986        52.976547628162137        0.0000000000000000     

 PASSED   1.0000000000000001E-005
 MU_R    =    325.00000000000000     
 ALPHA_S =   0.11799999999999999     
 BORN                    1.1644063252721136E-011
 SINGLE POLE (MadFKS)   -2.1330321274462169E-012
 DOUBLE POLE (MadFKS)   -1.1662869678546183E-012
 SINGLE POLE (MadLoop)  -2.1330321274462286E-012
 DOUBLE POLE (MadLoop)  -1.1662869678546230E-012
 FINITE PART (MadLoop)   1.0449251854273573E-012
   325.00000000000000        0.0000000000000000        0.0000000000000000        325.00000000000000        0.0000000000000000     
   325.00000000000000        0.0000000000000000        0.0000000000000000       -325.00000000000000        0.0000000000000000     
   154.87989612931631        149.08374424690817       -27.775952418143639        31.469284923799744        0.0000000000000000     
   202.85070764307804       -167.59348785343212        113.77061724728082       -10.820308294670971        0.0000000000000000     
   140.60093488069884       -127.18361485987415       -47.148849767813168       -37.012659537973001        0.0000000000000000     
   151.66846134690689        145.69335846639814       -38.845815061324082        16.363682908844265        0.0000000000000000     

 PASSED   1.0000000000000001E-005
 MU_R    =    325.00000000000000     
 ALPHA_S =   0.11799999999999999     
 BORN                    6.4504161845670442E-009
 SINGLE POLE (MadFKS)   -1.6139322579760069E-009
 DOUBLE POLE (MadFKS)   -6.4608343067365019E-010
 SINGLE POLE (MadLoop)  -1.6139322579762503E-009
 DOUBLE POLE (MadLoop)  -6.4608343067366197E-010
 FINITE PART (MadLoop)   2.0225061338298150E-009
   325.00000000000000        0.0000000000000000        0.0000000000000000        325.00000000000000        0.0000000000000000     
   325.00000000000000        0.0000000000000000        0.0000000000000000       -325.00000000000000        0.0000000000000000     
   69.885812790471419       -40.596023545703083        14.134826875150617        55.101691179772864        0.0000000000000000     
   254.88246084284796        70.221356700694528        23.693974213899480        243.87009963169081        0.0000000000000000     
   113.48845056796878        46.161867031372587       -15.213038371761670       -102.55376106216428        0.0000000000000000     
   211.74327579871189       -75.787200186363975       -22.615762717288423       -196.41802974929939        0.0000000000000000     

 PASSED   1.0000000000000001E-005
 MU_R    =    325.00000000000000     
 ALPHA_S =   0.11799999999999999     
 BORN                    3.4719171400522866E-011
 SINGLE POLE (MadFKS)   -9.0923166314165416E-012
 DOUBLE POLE (MadFKS)   -3.4775246630232602E-012
 SINGLE POLE (MadLoop)  -9.0923166314160036E-012
 DOUBLE POLE (MadLoop)  -3.4775246630232788E-012
 FINITE PART (MadLoop)   2.0720437728963790E-012
   325.00000000000000        0.0000000000000000        0.0000000000000000        325.00000000000000        0.0000000000000000     
   325.00000000000000        0.0000000000000000        0.0000000000000000       -325.00000000000000        0.0000000000000000     
   197.99859481643176       -145.47638370985206        118.85569329751819        62.557089947916161        0.0000000000000000     
   245.52509068976286        215.72482932204676       -3.1874202741251114       -117.19730595959136        0.0000000000000000     
   87.245380749717853        7.7005404593725029       -81.913163077002906       -29.029155232578411        0.0000000000000000     
   119.23093374408762       -77.948986071567219       -33.755109946390213        83.669371244253597        0.0000000000000000     

 PASSED   1.0000000000000001E-005
 MU_R    =    325.00000000000000     
 ALPHA_S =   0.11799999999999999     
 BORN                    1.4707365378821163E-011
 SINGLE POLE (MadFKS)   -4.1501356566445753E-012
 DOUBLE POLE (MadFKS)   -1.4731119370024709E-012
 SINGLE POLE (MadLoop)  -4.1501356566507622E-012
 DOUBLE POLE (MadLoop)  -1.4731119370031891E-012
 FINITE PART (MadLoop)  -4.1285710738226306E-012
   325.00000000000000        0.0000000000000000        0.0000000000000000        325.00000000000000        0.0000000000000000     
   325.00000000000000        0.0000000000000000        0.0000000000000000       -325.00000000000000        0.0000000000000000     
   158.51246427234724       -37.771835623715226        99.926524780907883       -117.10755487379028        0.0000000000000000     
   275.20771884027579        91.189018814684104        19.982373391023735        258.89101203121209        0.0000000000000000     
   157.76283760225894       -52.983597703539886       -123.02222494033860       -83.350965641886233        0.0000000000000000     
   58.516979285117884      -0.43358548742894798        3.1133267684069934       -58.432491515535496        0.0000000000000000     

 PASSED   1.0000000000000001E-005
 MU_R    =    325.00000000000000     
 ALPHA_S =   0.11799999999999999     
 BORN                    2.6535130817055293E-010
 SINGLE POLE (MadFKS)   -6.0810648156572127E-011
 DOUBLE POLE (MadFKS)   -2.6577987933049767E-011
 SINGLE POLE (MadLoop)  -6.0810648156571920E-011
 DOUBLE POLE (MadLoop)  -2.6577987933049819E-011
 FINITE PART (MadLoop)   2.5455293142365847E-011
   325.00000000000000        0.0000000000000000        0.0000000000000000        325.00000000000000        0.0000000000000000     
   325.00000000000000        0.0000000000000000        0.0000000000000000       -325.00000000000000        0.0000000000000000     
   104.25752241789986       -10.086668220797904        61.654513213866160       -83.466227333476851        0.0000000000000000     
   196.40581452756231        55.675325375658872        73.193255648766922       -173.54610180607330        0.0000000000000000     
   118.26119715891245        52.232251896522122       -92.488706792516211        51.993670106325403        0.0000000000000000     
   231.07546589562597       -97.820909051382841       -42.359062070116657        205.01865903322434        0.0000000000000000     

 PASSED   1.0000000000000001E-005
 MU_R    =    325.00000000000000     
 ALPHA_S =   0.11799999999999999     
 BORN                    4.1271582704324787E-011
 SINGLE POLE (MadFKS)   -7.8972828238094327E-012
 DOUBLE POLE (MadFKS)   -4.1338240789390561E-012
 SINGLE POLE (MadLoop)  -7.8972828238094747E-012
 DOUBLE POLE (MadLoop)  -4.1338240789390399E-012
 FINITE PART (MadLoop)   4.3697820224059046E-012
   325.00000000000000        0.0000000000000000        0.0000000000000000        325.00000000000000        0.0000000000000000     
   325.00000000000000        0.0000000000000000        0.0000000000000000       -325.00000000000000        0.0000000000000000     
   206.28012272929794       -82.167541536385826       -33.449351753429653        186.22869010535362        0.0000000000000000     
   225.40107325208157        113.95446975269985       -38.315144417112101       -190.66193210724339        0.0000000000000000     
   141.02570952143719       0.46417638834907698        138.59732864073433        26.054093343610290        0.0000000000000000     
   77.293094497183432       -32.251104604663091       -66.832832470192571       -21.620851341720538        0.0000000000000000     

 PASSED   1.0000000000000001E-005
 MU_R    =    325.00000000000000     
 ALPHA_S =   0.11799999999999999     
 BORN                    2.4483564477329575E-012
 SINGLE POLE (MadFKS)   -7.2304893434234386E-013
 DOUBLE POLE (MadFKS)   -2.4523108091039164E-013
 SINGLE POLE (MadLoop)  -7.2304893434232891E-013
 DOUBLE POLE (MadLoop)  -2.4523108091039260E-013
 FINITE PART (MadLoop)  -6.5077926888561315E-013
   325.00000000000000        0.0000000000000000        0.0000000000000000        325.00000000000000        0.0000000000000000     
   325.00000000000000        0.0000000000000000        0.0000000000000000       -325.00000000000000        0.0000000000000000     
Thanks for using LHAPDF 6.2.1. Please make sure to cite the paper:
  Eur.Phys.J. C75 (2015) 3, 132  (http://arxiv.org/abs/1412.7420)
   206.25922734168896        46.255897370925361        158.09599337961978       -124.13266169430261        0.0000000000000000     
   174.04022732288968       -71.611578215385521        24.775249477740534        156.67791677648941        0.0000000000000000     
   203.32523929564530       -6.5805375996513602       -181.84362449580348       -90.723457218958032        0.0000000000000000     
   66.375306039776703        31.936218444111208       -1.0276183615566474        58.178202136771247        0.0000000000000000     

 PASSED   1.0000000000000001E-005
 MU_R    =    325.00000000000000     
 ALPHA_S =   0.11799999999999999     
 BORN                    1.9925982168055402E-010
 SINGLE POLE (MadFKS)   -2.7807766886942824E-011
 DOUBLE POLE (MadFKS)   -1.9958164791723918E-011
 SINGLE POLE (MadLoop)  -2.7807766886946181E-011
 DOUBLE POLE (MadLoop)  -1.9958164791724729E-011
 FINITE PART (MadLoop)   1.3738709041443878E-011
   325.00000000000000        0.0000000000000000        0.0000000000000000        325.00000000000000        0.0000000000000000     
   325.00000000000000        0.0000000000000000        0.0000000000000000       -325.00000000000000        0.0000000000000000     
   226.43923148620729       -111.78458738369891        166.42024091568507       -105.27694426172182        0.0000000000000000     
   77.044233152511055       -32.762931803828138        42.753845911578281       -55.086412312340762        0.0000000000000000     
   222.93902528687579        114.02448904923722       -89.755310091514360        169.24600203047257        0.0000000000000000     
   123.57751007440592        30.523030138289840       -119.41877673574899       -8.8826454564099908        0.0000000000000000     

 PASSED   1.0000000000000001E-005
 MU_R    =    325.00000000000000     
 ALPHA_S =   0.11799999999999999     
 BORN                    1.2180647274342359E-011
 SINGLE POLE (MadFKS)   -1.9041398895055825E-012
 DOUBLE POLE (MadFKS)   -1.2200320341595102E-012
 SINGLE POLE (MadLoop)  -1.9041398895053971E-012
 DOUBLE POLE (MadLoop)  -1.2200320341595082E-012
 FINITE PART (MadLoop)   1.3048120700287935E-012
   325.00000000000000        0.0000000000000000        0.0000000000000000        325.00000000000000        0.0000000000000000     
   325.00000000000000        0.0000000000000000        0.0000000000000000       -325.00000000000000        0.0000000000000000     
   182.13019363955638        58.129954861610791        128.18857548189845       -115.58548740603646        0.0000000000000000     
   170.33939417119726       -25.501908778945324        147.26111812950481        81.727137124023201        0.0000000000000000     
   80.727411536629916       -12.906732848319965       -60.315827479348734        52.080055453771806        0.0000000000000000     
   216.80300065261645       -19.721313234345494       -215.13386613205446       -18.221705171758540        0.0000000000000000     

 PASSED   1.0000000000000001E-005
 MU_R    =    325.00000000000000     
 ALPHA_S =   0.11799999999999999     
 BORN                    6.4214683232702215E-012
 SINGLE POLE (MadFKS)   -1.4231331705061689E-012
 DOUBLE POLE (MadFKS)   -6.4318396915021179E-013
 SINGLE POLE (MadLoop)  -1.4231331705061871E-012
 DOUBLE POLE (MadLoop)  -6.4318396915021199E-013
 FINITE PART (MadLoop)  -1.1985332996392963E-013
   325.00000000000000        0.0000000000000000        0.0000000000000000        325.00000000000000        0.0000000000000000     
   325.00000000000000        0.0000000000000000        0.0000000000000000       -325.00000000000000        0.0000000000000000     
   159.90896835068909       -143.92438063431621       -42.064363285530057       -55.562938721715483        0.0000000000000000     
   223.53025952765580        135.85005247483292       -141.88668012122025        106.67103717159978        0.0000000000000000     
   188.20767686215220        73.763588835752202        153.18025969646712       -80.727136894858859        0.0000000000000000     
   78.353095259502851       -65.689260676268930        30.770783710283244        29.619038444974567        0.0000000000000000     

 PASSED   1.0000000000000001E-005
 MU_R    =    325.00000000000000     
 ALPHA_S =   0.11799999999999999     
 BORN                    9.2604308831917011E-011
 SINGLE POLE (MadFKS)   -1.7195411423785973E-011
 DOUBLE POLE (MadFKS)   -9.2753874840562673E-012
 SINGLE POLE (MadLoop)  -1.7195411423785698E-011
 DOUBLE POLE (MadLoop)  -9.2753874840562511E-012
 FINITE PART (MadLoop)   9.2006068989669655E-012
   325.00000000000000        0.0000000000000000        0.0000000000000000        325.00000000000000        0.0000000000000000     
   325.00000000000000        0.0000000000000000        0.0000000000000000       -325.00000000000000        0.0000000000000000     
   195.09542718577643        59.740495484797016       -43.296791983246919        180.60644150193255        0.0000000000000000     
   191.00542653670774        14.812880805571409       -167.35872140856401       -90.855434054327390        0.0000000000000000     
   157.77954328861051       -92.400430013236701        108.34238521175409       -67.959343583935222        0.0000000000000000     
   106.11960298890531        17.847053722868285        102.31312818005692       -21.791663863669942        0.0000000000000000     

 PASSED   1.0000000000000001E-005
 MU_R    =    325.00000000000000     
 ALPHA_S =   0.11799999999999999     
 BORN                    1.9646051804402515E-009
 SINGLE POLE (MadFKS)   -2.4275474695108131E-010
 DOUBLE POLE (MadFKS)   -1.9677782310154292E-010
 SINGLE POLE (MadLoop)  -2.4275474695109413E-010
 DOUBLE POLE (MadLoop)  -1.9677782310154149E-010
 FINITE PART (MadLoop)  -3.6261325960435811E-011
   325.00000000000000        0.0000000000000000        0.0000000000000000        325.00000000000000        0.0000000000000000     
   325.00000000000000        0.0000000000000000        0.0000000000000000       -325.00000000000000        0.0000000000000000     
   244.26574669418054        221.81380423786720        92.051771841277258        44.619082895910495        0.0000000000000000     
   11.429079173309793       -8.0880161883526167       -4.8111426061184748        6.4854261009066514        0.0000000000000000     
   202.73580159622406       -73.317928596289107       -185.92825033528098        34.014295854450260        0.0000000000000000     
   191.56937253628550       -140.40785945322546        98.687621100122229       -85.118804851267370        0.0000000000000000     

 PASSED   1.0000000000000001E-005
 MU_R    =    325.00000000000000     
 ALPHA_S =   0.11799999999999999     
 BORN                    6.8783619183823041E-010
 SINGLE POLE (MadFKS)   -9.5387287246731198E-011
 DOUBLE POLE (MadFKS)   -6.8894712193546822E-011
 SINGLE POLE (MadLoop)  -9.5387287246735463E-011
 DOUBLE POLE (MadLoop)  -6.8894712193548412E-011
 FINITE PART (MadLoop)   2.4455879315206987E-011
   325.00000000000000        0.0000000000000000        0.0000000000000000        325.00000000000000        0.0000000000000000     
   325.00000000000000        0.0000000000000000        0.0000000000000000       -325.00000000000000        0.0000000000000000     
   299.50416576750280        270.89480765349583        114.07954117547197       -57.485709386395001        0.0000000000000000     
   23.413814968813224        9.7388177655948862        6.7995952509604063       -20.177404797086076        0.0000000000000000     
   211.47433043434043       -190.46967246098856       -48.522611460908522        78.027254740059078        0.0000000000000000     
   115.60768882934339       -90.163952958102200       -72.356524965523860      -0.36414055657803573        0.0000000000000000     

 NUMBER OF POINTS PASSING THE CHECK          20
 NUMBER OF POINTS FAILING THE CHECK           0
 TOLERANCE    1.0000000000000001E-005
