==== LHAPDF6 USING DEFAULT-TYPE LHAGLUE INTERFACE ====
LHAPDF 6.2.1 loading /cvmfs/cms.cern.ch/slc6_amd64_gcc481/external/lhapdf/6.2.1/share/LHAPDF/NNPDF31_nnlo_hessian_pdfas/NNPDF31_nnlo_hessian_pdfas_0000.dat
NNPDF31_nnlo_hessian_pdfas PDF set, member #0, version 1; LHAPDF ID = 306000
 A PDF is used, so alpha_s(MZ) is going to be modified
 Old value of alpha_s from param_card:   0.11799999999999999     
 New value of alpha_s from PDF lhapdf :  0.11800208008122040     
 using LHAPDF
 *****************************************************
 *               MadGraph/MadEvent                   *
 *        --------------------------------           *
 *          http://madgraph.hep.uiuc.edu             *
 *          http://madgraph.phys.ucl.ac.be           *
 *          http://madgraph.roma2.infn.it            *
 *        --------------------------------           *
 *                                                   *
 *          PARAMETER AND COUPLING VALUES            *
 *                                                   *
 *****************************************************

  External Params
  ---------------------------------
  
 MU_R =    91.188000000000002     
 aEWM1 =    132.50700000000001     
 mdl_Gf =    1.1663900000000000E-005
 aS =   0.11799999999999999     
 mdl_lamWS =   0.22530000000000000     
 mdl_AWS =   0.80800000000000005     
 mdl_rhoWS =   0.13200000000000001     
 mdl_etaWS =   0.34100000000000003     
 mdl_ymt =    173.00000000000000     
 mdl_ymtau =    1.7769999999999999     
 mdl_MT =    173.00000000000000     
 mdl_MZ =    91.188000000000002     
 mdl_MH =    125.00000000000000     
 mdl_MTA =    1.7769999999999999     
 mdl_WT =    1.4915000000000000     
 mdl_WZ =    2.4414039999999999     
 mdl_WW =    2.0476000000000001     
 mdl_WH =    6.3823389999999999E-003
  Internal Params
  ---------------------------------
  
 mdl_CKM33 =    1.0000000000000000     
 mdl_conjg__CKM3x3 =    1.0000000000000000     
 mdl_I4x33 =    0.0000000000000000     
 mdl_I1x33 =    0.0000000000000000     
 mdl_lhv =    1.0000000000000000     
 mdl_CKM3x3 =    1.0000000000000000     
 mdl_conjg__CKM33 =    1.0000000000000000     
 mdl_Ncol =    3.0000000000000000     
 mdl_CA =    3.0000000000000000     
 mdl_TF =   0.50000000000000000     
 mdl_CF =    1.3333333333333333     
 mdl_lamWS__exp__2 =    5.0760090000000001E-002
 mdl_CKM11 =  ( 0.97461995499999998     ,  0.0000000000000000     )
 mdl_CKM12 =  ( 0.22530000000000000     ,  0.0000000000000000     )
 mdl_complexi =  (  0.0000000000000000     ,  1.0000000000000000     )
 mdl_lamWS__exp__3 =    1.1436248277000001E-002
 mdl_CKM13 =  (  1.2197444962317122E-003, -3.1510066152652563E-003)
 mdl_CKM21 =  (-0.22530000000000000     ,  0.0000000000000000     )
 mdl_CKM22 =  ( 0.97461995499999998     ,  0.0000000000000000     )
 mdl_CKM23 =  (  4.1014152720000002E-002,  0.0000000000000000     )
 mdl_CKM31 =  (  8.0207441115842885E-003, -3.1510066152652563E-003)
 mdl_CKM32 =  ( -4.1014152720000002E-002,  0.0000000000000000     )
 mdl_MZ__exp__2 =    8315.2513440000002     
 mdl_MZ__exp__4 =    69143404.913893804     
 mdl_sqrt__2 =    1.4142135623730951     
 mdl_MH__exp__2 =    15625.000000000000     
 mdl_CKM1x1 =  ( 0.97461995499999998     ,  0.0000000000000000     )
 mdl_CKM1x2 =  ( 0.22530000000000000     ,  0.0000000000000000     )
 mdl_CKM1x3 =  (  1.2197444962317122E-003, -3.1510066152652563E-003)
 mdl_CKM2x1 =  (-0.22530000000000000     ,  0.0000000000000000     )
 mdl_CKM2x2 =  ( 0.97461995499999998     ,  0.0000000000000000     )
 mdl_CKM2x3 =  (  4.1014152720000002E-002,  0.0000000000000000     )
 mdl_CKM3x1 =  (  8.0207441115842885E-003, -3.1510066152652563E-003)
 mdl_CKM3x2 =  ( -4.1014152720000002E-002,  0.0000000000000000     )
 mdl_conjg__CKM1x3 =  (  1.2197444962317122E-003,  3.1510066152652563E-003)
 mdl_conjg__CKM2x3 =  (  4.1014152720000002E-002, -0.0000000000000000     )
 mdl_conjg__CKM2x1 =  (-0.22530000000000000     , -0.0000000000000000     )
 mdl_conjg__CKM3x1 =  (  8.0207441115842885E-003,  3.1510066152652563E-003)
 mdl_conjg__CKM2x2 =  ( 0.97461995499999998     , -0.0000000000000000     )
 mdl_conjg__CKM3x2 =  ( -4.1014152720000002E-002, -0.0000000000000000     )
 mdl_Ncol__exp__2 =    9.0000000000000000     
 mdl_MT__exp__2 =    29929.000000000000     
 mdl_conjg__CKM11 =  ( 0.97461995499999998     , -0.0000000000000000     )
 mdl_conjg__CKM12 =  ( 0.22530000000000000     , -0.0000000000000000     )
 mdl_conjg__CKM13 =  (  1.2197444962317122E-003,  3.1510066152652563E-003)
 mdl_conjg__CKM21 =  (-0.22530000000000000     , -0.0000000000000000     )
 mdl_conjg__CKM22 =  ( 0.97461995499999998     , -0.0000000000000000     )
 mdl_conjg__CKM23 =  (  4.1014152720000002E-002, -0.0000000000000000     )
 mdl_conjg__CKM31 =  (  8.0207441115842885E-003,  3.1510066152652563E-003)
 mdl_conjg__CKM32 =  ( -4.1014152720000002E-002, -0.0000000000000000     )
 mdl_aEW =    7.5467711139788835E-003
 mdl_MW =    80.419002445756163     
 mdl_sqrt__aEW =    8.6872153846781555E-002
 mdl_ee =   0.30795376724436879     
 mdl_MW__exp__2 =    6467.2159543705357     
 mdl_sw2 =   0.22224648578577766     
 mdl_cw =   0.88190334743339216     
 mdl_sqrt__sw2 =   0.47143025548407230     
 mdl_sw =   0.47143025548407230     
 mdl_g1 =   0.34919219678733299     
 mdl_gw =   0.65323293034757990     
 mdl_v =    246.21845810181637     
 mdl_v__exp__2 =    60623.529110035903     
 mdl_lam =   0.12886910601690263     
 mdl_yt =   0.99366614581500623     
 mdl_ytau =    1.0206617000654717E-002
 mdl_muH =    88.388347648318430     
 mdl_AxialZUp =  -0.18517701861793787     
 mdl_AxialZDown =   0.18517701861793787     
 mdl_VectorZUp =    7.5430507588273299E-002
 mdl_VectorZDown =  -0.13030376310310560     
 mdl_VectorAUp =   0.20530251149624587     
 mdl_VectorADown =  -0.10265125574812294     
 mdl_VectorWmDxU =   0.23095271737156670     
 mdl_AxialWmDxU =  -0.23095271737156670     
 mdl_VectorWpUxD =   0.23095271737156670     
 mdl_AxialWpUxD =  -0.23095271737156670     
 mdl_I2x13 =  (  7.9699418879263656E-003,  3.1310485988282153E-003)
 mdl_I2x23 =  ( -4.0754375057150453E-002, -0.0000000000000000     )
 mdl_I2x33 =  ( 0.99366614581500623     ,  0.0000000000000000     )
 mdl_I3x31 =  (  7.9699418879263656E-003, -3.1310485988282153E-003)
 mdl_I3x32 =  ( -4.0754375057150453E-002,  0.0000000000000000     )
 mdl_I3x33 =  ( 0.99366614581500623     ,  0.0000000000000000     )
 mdl_Vector_tdGp =  ( -7.9699418879263656E-003, -3.1310485988282153E-003)
 mdl_Vector_tsGp =  (  4.0754375057150453E-002,  0.0000000000000000     )
 mdl_Vector_tbGp =  (-0.99366614581500623     ,  0.0000000000000000     )
 mdl_Axial_tdGp =  ( -7.9699418879263656E-003, -3.1310485988282153E-003)
 mdl_Axial_tsGp =  (  4.0754375057150453E-002,  0.0000000000000000     )
 mdl_Axial_tbGp =  (-0.99366614581500623     , -0.0000000000000000     )
 mdl_Vector_tdGm =  (  7.9699418879263656E-003, -3.1310485988282153E-003)
 mdl_Vector_tsGm =  ( -4.0754375057150453E-002,  0.0000000000000000     )
 mdl_Vector_tbGm =  ( 0.99366614581500623     ,  0.0000000000000000     )
 mdl_Axial_tdGm =  ( -7.9699418879263656E-003,  3.1310485988282153E-003)
 mdl_Axial_tsGm =  (  4.0754375057150453E-002, -0.0000000000000000     )
 mdl_Axial_tbGm =  (-0.99366614581500623     ,  0.0000000000000000     )
 mdl_gw__exp__2 =   0.42671326129048615     
 mdl_cw__exp__2 =   0.77775351421422245     
 mdl_ee__exp__2 =    9.4835522759998875E-002
 mdl_sw__exp__2 =   0.22224648578577769     
 mdl_yt__exp__2 =   0.98737240933884918     
  Internal Params evaluated point by point
  ----------------------------------------
  
 mdl_sqrt__aS =   0.34351128074635334     
 mdl_G__exp__4 =    2.1987899468922913     
 mdl_G__exp__2 =    1.4828317324943823     
 mdl_R2MixedFactor_FIN_ =   -2.5040377713124864E-002
 mdl_G_UVg_1EPS_ =   -5.1645779033320030E-002
 mdl_G_UVq_1EPS_ =    3.1300472141406080E-003
 mdl_G_UVb_1EPS_ =    3.1300472141406080E-003
 mdl_GWcft_UV_t_1EPS_ =   -3.1300472141406080E-003
 mdl_tWcft_UV_1EPS_ =   -1.8780283284843650E-002
 mdl_G__exp__3 =    1.8056676068262196     
 mdl_MU_R__exp__2 =    8315.2513440000002     
 mdl_G_UVt_FIN_ =   -4.0087659331150384E-003
 mdl_GWcft_UV_t_FIN_ =    4.0087659331150384E-003
 mdl_tWcft_UV_FIN_ =   -9.8778211443463623E-004
  Couplings of loop_sm-ckm_no_b_mass
  ---------------------------------
  
       UV_3Gt =   0.48815E-02   0.00000E+00
      UV_GQQt =   0.00000E+00  -0.48815E-02
   UVWfct_G_2 =   0.40088E-02   0.00000E+00
       R2_DDA =   0.00000E+00   0.25704E-02
       R2_UUA =  -0.00000E+00  -0.51409E-02
    R2_DDZ_V2 =   0.00000E+00   0.72127E-02
    R2_UUZ_V2 =  -0.00000E+00  -0.72127E-02
    R2_UUZ_V5 =   0.00000E+00   0.68702E-03
      R2_GGHt =   0.00000E+00  -0.45657E+01
     R2_GGZup =  -0.46369E-02   0.00000E+00
   R2_GGZdown =   0.46369E-02   0.00000E+00
 R2_GGGZvecUp =   0.00000E+00   0.28750E-03
 R2_GGGZvecDown  -0.00000E+00  -0.49665E-03
 R2_GGGZaxialUp  -0.00000E+00  -0.63522E-02
 R2_GGGZaxialDow  0.00000E+00   0.63522E-02
 R2_GGGAvecUp =   0.00000E+00   0.78251E-03
 R2_GGGAvecDown  -0.00000E+00  -0.39126E-03
         GC_4 =  -0.12177E+01   0.00000E+00
         GC_5 =   0.00000E+00   0.12177E+01
         GC_6 =   0.00000E+00   0.14828E+01
       R2_3Gq =   0.76230E-02   0.00000E+00
       R2_3Gg =   0.31445E-01   0.00000E+00
       R2_GQQ =  -0.00000E+00  -0.30492E-01
       R2_GGq =   0.00000E+00   0.62601E-02
       R2_GGt =  -0.00000E+00  -0.11242E+04
     R2_GGg_1 =   0.00000E+00   0.28170E-01
     R2_GGg_2 =  -0.00000E+00  -0.18780E-01
       R2_QQq =   0.00000E+00   0.12520E-01
  UV_3Gg_1eps =   0.62890E-01   0.00000E+00
  UV_3Gb_1eps =  -0.38115E-02   0.00000E+00
 UV_GQQg_1eps =   0.00000E+00  -0.62890E-01
 UV_GQQq_1eps =   0.00000E+00   0.38115E-02
 UVWfct_G_2_1eps -0.31300E-02   0.00000E+00
         GC_1 =  -0.00000E+00  -0.10265E+00
         GC_2 =   0.00000E+00   0.20530E+00
        GC_21 =  -0.00000E+00  -0.28804E+00
        GC_22 =   0.00000E+00   0.28804E+00
        GC_23 =  -0.00000E+00  -0.27437E-01
        GC_24 =   0.00000E+00   0.82310E-01
        GC_37 =  -0.00000E+00  -0.70263E+00
        GC_38 =  -0.00000E+00  -0.72172E-02
      GC_1003 =  -0.00000E+00  -0.30795E+00

 Collider parameters:
 --------------------

 Running at P P   machine @    13000.000000000000       GeV
 PDF set = lhapdf 
 alpha_s(Mz)= 0.1180 running at 3 loops.
 alpha_s(Mz)= 0.1180 running at 3 loops.
 Renormalization scale set on event-by-event basis
 Factorization   scale set on event-by-event basis


 ===============================================================
 INFO: MadFKS read these parameters from FKS_params.dat
 ===============================================================
  > IRPoleCheckThreshold      =    1.0000000000000001E-005
  > PrecisionVirtualAtRunTime =    1.0000000000000000E-003
  > NHelForMCoverHels         =            4
  > VirtualFraction           =    1.0000000000000000     
  > MinVirtualFraction        =    5.0000000000000001E-003
 ===============================================================
  Insert the number of points to test
 Insert the relative tolerance
  A negative number will mean use the default one:    1.0000000000000001E-005
Using random seed offsets:     0 ,     50 ,      0
  with seed                   32
 Ranmar initialization seeds       10729        9456
  ========================================================================================== 
 {                                                                                          }
 {       [32m                                                                            [0m       }
 {       [32m                               ,,                                           [0m       }
 {       [32m`7MMM.     ,MMF'             `7MM  `7MMF'                                   [0m       }
 {       [32m  MMMb    dPMM                 MM    MM                                     [0m       }
 {       [32m  M YM   ,M MM   ,6"Yb.   ,M""bMM    MM         ,pW"Wq.   ,pW"Wq.`7MMpdMAo. [0m       }
 {       [32m  M  Mb  M' MM  8)   MM ,AP    MM    MM        6W'   `Wb 6W'   `Wb MM   `Wb [0m       }
 {       [32m  M  YM.P'  MM   ,pm9MM 8MI    MM    MM      , 8M     M8 8M     M8 MM    M8 [0m       }
 {       [32m  M  `YM'   MM  8M   MM `Mb    MM    MM     ,M YA.   ,A9 YA.   ,A9 MM   ,AP [0m       }
 {       [32m.JML. `'  .JMML.`Moo9^Yo.`Wbmd"MML..JMMmmmmMMM  `Ybmd9'   `Ybmd9'  MMbmmd'  [0m       }
 {       [32m                                                                   MM       [0m       }
 {       [32m                                                                 .JMML.     [0m       }
 {       [32m[0mv2.4.2 (2016-06-10), Ref: arXiv:1103.0621v2, arXiv:1405.0301[32m                [0m       }
 {       [32m                                                                            [0m       }
 {                                                                                          }
  ========================================================================================== 
 ===============================================================
 INFO: MadLoop read these parameters from ./MadLoop5_resources/MadLoopParams.dat                                                                                                                                                                                                                                                                                                                                                                                                                                                                                          
 ===============================================================
  > MLReductionLib            = 6|1|2
  > IREGIMODE                 =            2
  > IREGIRECY                 =  T
  > CTModeRun                 =           -1
  > MLStabThres               =    1.0000000000000000E-003
  > NRotations_DP             =            1
  > NRotations_QP             =            0
  > CTStabThres               =    1.0000000000000000E-002
  > CTLoopLibrary             =            2
  > CTModeInit                =            1
  > CheckCycle                =            3
  > MaxAttempts               =           10
  > UseLoopFilter             =  F
  > HelicityFilterLevel       =            2
  > ImprovePSPoint            =            2
  > DoubleCheckHelicityFilter =  T
  > LoopInitStartOver         =  F
  > HelInitStartOver          =  F
  > ZeroThres                 =    1.0000000000000001E-009
  > OSThres                   =    1.0000000000000000E-008
  > WriteOutFilters           =  T
  > UseQPIntegrandForNinja    =  F
  > UseQPIntegrandForCutTools =  T
 ===============================================================
  
------------------------------------------------------------------------
|              You are using CutTools - Version 1.9.3                  |
|              Authors: G. Ossola, C. Papadopoulos, R. Pittau          |
|              Published in JHEP 0803:042,2008                         |
|              http://www.ugr.es/~pittau/CutTools                      |
|                                                                      |
|              Compiler with  34  significant digits detetected        |
 ---------------------------------------------------------------------- 
   
########################################################################
#                                                                      #
#                      You are using OneLOop-3.6                       #
#                                                                      #
# for the evaluation of 1-loop scalar 1-, 2-, 3- and 4-point functions #
#                                                                      #
# author: Andreas van Hameren <hamerenREMOVETHIS@ifj.edu.pl>           #
#   date: 18-02-2015                                                   #
#                                                                      #
# Please cite                                                          #
#    A. van Hameren,                                                   #
#      Comput.Phys.Commun. 182 (2011) 2427-2438, arXiv:1007.4716       #
#    A. van Hameren, C.G. Papadopoulos and R. Pittau,                  #
#      JHEP 0909:106,2009, arXiv:0903.4665                             #
# in publications with results obtained with the help of this program. #
#                                                                      #
########################################################################
 PASSED   1.0000000000000001E-005
 MU_R    =    325.00000000000000     
 ALPHA_S =   0.11799999999999999     
 BORN                    1.1246492194646399E-011
 SINGLE POLE (MadFKS)   -2.6029532682807669E-012
 DOUBLE POLE (MadFKS)   -1.1264656500066258E-012
 SINGLE POLE (MadLoop)  -2.6029532682808307E-012
 DOUBLE POLE (MadLoop)  -1.1264656500066244E-012
 FINITE PART (MadLoop)   1.9528191639811554E-012
   325.00000000000000        0.0000000000000000        0.0000000000000000        325.00000000000000        0.0000000000000000     
   325.00000000000000        0.0000000000000000        0.0000000000000000       -325.00000000000000        0.0000000000000000     
   255.46209067977099        208.45088688101987        58.879849783069716       -135.42198157433288        1.7769999999999999     
   55.271023446880477        19.173952358518921        42.395773477017940        29.777277345389439        1.7769999999999999     
   255.73189790874864       -209.66759676037668       -142.16177343745869        35.047576946993125        0.0000000000000000     
   83.534987964599878       -17.957242479162137        40.886150177371022        70.597127281950279        0.0000000000000000     

 PASSED   1.0000000000000001E-005
 MU_R    =    325.00000000000000     
 ALPHA_S =   0.11799999999999999     
 BORN                    1.1161337811030449E-011
 SINGLE POLE (MadFKS)   -1.7449164160099654E-012
 DOUBLE POLE (MadFKS)   -1.1179364582879389E-012
 SINGLE POLE (MadLoop)  -1.7449164160100385E-012
 DOUBLE POLE (MadLoop)  -1.1179364582879432E-012
 FINITE PART (MadLoop)   4.7663080363730773E-012
   325.00000000000000        0.0000000000000000        0.0000000000000000        325.00000000000000        0.0000000000000000     
   325.00000000000000        0.0000000000000000        0.0000000000000000       -325.00000000000000        0.0000000000000000     
   217.41607760367145       -174.03074516991836       -126.15455567633462       -32.633125643664620        1.7769999999999999     
   100.59526502505562        61.703579106850874        75.592481786430568       -24.386361746557078        1.7769999999999999     
   101.06547461025902       -80.087623192284127       -61.505231083357032       -4.1604469700354416        0.0000000000000000     
   230.92318276101398        192.41478925535162        112.06730497326109        61.179934360257192        0.0000000000000000     

 PASSED   1.0000000000000001E-005
 MU_R    =    325.00000000000000     
 ALPHA_S =   0.11799999999999999     
 BORN                    3.5415308405558187E-012
 SINGLE POLE (MadFKS)   -8.8300841177223099E-013
 DOUBLE POLE (MadFKS)   -3.5472507972079319E-013
 SINGLE POLE (MadLoop)  -8.8300841177223513E-013
 DOUBLE POLE (MadLoop)  -3.5472507972079632E-013
 FINITE PART (MadLoop)   2.0815764117142217E-012
   325.00000000000000        0.0000000000000000        0.0000000000000000        325.00000000000000        0.0000000000000000     
   325.00000000000000        0.0000000000000000        0.0000000000000000       -325.00000000000000        0.0000000000000000     
   28.377650040151071       -18.173112078394620       -21.721368848390220       0.23113965383809318        1.7769999999999999     
   235.64475788510612        222.50797384456172       -63.750679540322068       -44.174049208390024        1.7769999999999999     
   163.99375131456276       -57.424898297371939        92.939223581164086       -122.30548739075256        0.0000000000000000     
   221.98384076018013       -146.90996346879518       -7.4671751924517862        166.24839694530448        0.0000000000000000     

 PASSED   1.0000000000000001E-005
 MU_R    =    325.00000000000000     
 ALPHA_S =   0.11799999999999999     
 BORN                    9.5239562353904150E-011
 SINGLE POLE (MadFKS)   -2.0580484285340408E-011
 DOUBLE POLE (MadFKS)   -9.5393384582978699E-012
 SINGLE POLE (MadLoop)  -2.0580484285340634E-011
 DOUBLE POLE (MadLoop)  -9.5393384582978570E-012
 FINITE PART (MadLoop)   3.5790384530282267E-011
   325.00000000000000        0.0000000000000000        0.0000000000000000        325.00000000000000        0.0000000000000000     
   325.00000000000000        0.0000000000000000        0.0000000000000000       -325.00000000000000        0.0000000000000000     
   103.00677806842351        41.508420069910485        92.391249013425394       -18.658691488861997        1.7769999999999999     
   225.38894556787716        112.36985147000659       -102.61744690856881       -166.25190262302331        1.7769999999999999     
   176.11191101362888       -141.24585984760381        85.614422536225604        61.116142962166919        0.0000000000000000     
   145.49236535007043       -12.632411692313260       -75.388224641082175        123.79445114971838        0.0000000000000000     

 PASSED   1.0000000000000001E-005
 MU_R    =    325.00000000000000     
 ALPHA_S =   0.11799999999999999     
 BORN                    1.3093436920390032E-010
 SINGLE POLE (MadFKS)   -2.7746543712978131E-011
 DOUBLE POLE (MadFKS)   -1.3114584241981633E-011
 SINGLE POLE (MadLoop)  -2.7746543712974046E-011
 DOUBLE POLE (MadLoop)  -1.3114584241981103E-011
 FINITE PART (MadLoop)  -3.8560398466195049E-011
   325.00000000000000        0.0000000000000000        0.0000000000000000        325.00000000000000        0.0000000000000000     
   325.00000000000000        0.0000000000000000        0.0000000000000000       -325.00000000000000        0.0000000000000000     
   216.42484404296530        91.333839473276058       -50.755892557001545        189.52183126973475        1.7769999999999999     
   219.85651144556564        58.993032286084883        165.81531227334227       -131.75292123289344        1.7769999999999999     
   12.654210883993128       -5.5184428179874638        7.7861822858932559        8.3097056128370053        0.0000000000000000     
   201.06443362747675       -144.80842894137353       -122.84560200223397       -66.078615649678412        0.0000000000000000     

 PASSED   1.0000000000000001E-005
 MU_R    =    325.00000000000000     
 ALPHA_S =   0.11799999999999999     
 BORN                    2.6573451470256373E-011
 SINGLE POLE (MadFKS)   -5.2768227505046219E-012
 DOUBLE POLE (MadFKS)   -2.6616370478264515E-012
 SINGLE POLE (MadLoop)  -5.2768227505043181E-012
 DOUBLE POLE (MadLoop)  -2.6616370478264507E-012
 FINITE PART (MadLoop)   4.1384437399372336E-012
   325.00000000000000        0.0000000000000000        0.0000000000000000        325.00000000000000        0.0000000000000000     
   325.00000000000000        0.0000000000000000        0.0000000000000000       -325.00000000000000        0.0000000000000000     
   149.00775634595198       -59.705050949364534        101.67707594170292        91.089147769279023        1.7769999999999999     
   231.39988268871232        222.48183052769164        35.642343942564167       -52.670735543347817        1.7769999999999999     
   240.09217669350565       -191.54994979989087       -140.93743319591016       -33.007725841583714        0.0000000000000000     
   29.500184271832509        28.773170221563770        3.6180133116430686       -5.4106863843475210        0.0000000000000000     

 PASSED   1.0000000000000001E-005
 MU_R    =    325.00000000000000     
 ALPHA_S =   0.11799999999999999     
 BORN                    1.8321009943632138E-011
 SINGLE POLE (MadFKS)   -2.2323883724685295E-012
 DOUBLE POLE (MadFKS)   -1.8350600362978611E-012
 SINGLE POLE (MadLoop)  -2.2323883724683312E-012
 DOUBLE POLE (MadLoop)  -1.8350600362978684E-012
 FINITE PART (MadLoop)   1.0672334331585986E-011
   325.00000000000000        0.0000000000000000        0.0000000000000000        325.00000000000000        0.0000000000000000     
   325.00000000000000        0.0000000000000000        0.0000000000000000       -325.00000000000000        0.0000000000000000     
   189.19124921970490       -57.223976494274929       -120.09349617785979        134.51074210736306        1.7769999999999999     
   120.78369878456154        41.158230239700686       -92.310311642089928       -66.108627357975820        1.7769999999999999     
   117.31436984434224       -108.82169064543015        43.473430036284540        5.5282816431226491        0.0000000000000000     
   222.71068215139132        124.88743690000435        168.93037778366519       -73.930396392509863        0.0000000000000000     

 PASSED   1.0000000000000001E-005
 MU_R    =    325.00000000000000     
 ALPHA_S =   0.11799999999999999     
 BORN                    4.3416639504518822E-011
 SINGLE POLE (MadFKS)   -6.2340890977085870E-012
 DOUBLE POLE (MadFKS)   -4.3486762089109193E-012
 SINGLE POLE (MadLoop)  -6.2340890977088818E-012
 DOUBLE POLE (MadLoop)  -4.3486762089109112E-012
 FINITE PART (MadLoop)   2.4773643713179794E-011
   325.00000000000000        0.0000000000000000        0.0000000000000000        325.00000000000000        0.0000000000000000     
   325.00000000000000        0.0000000000000000        0.0000000000000000       -325.00000000000000        0.0000000000000000     
   188.34831985641367        115.31694249753161        86.850826468207543       -120.95812737697369        1.7769999999999999     
   178.63278386499266       -111.31039487348416        139.29877308744472       -10.600073197803873        1.7769999999999999     
   163.46249889632384       -19.389148352015727       -108.04739534051711        121.11899038443234        0.0000000000000000     
   119.55639738227217        15.382600727968175       -118.10220421513517        10.439210190345111        0.0000000000000000     

 PASSED   1.0000000000000001E-005
 MU_R    =    325.00000000000000     
 ALPHA_S =   0.11799999999999999     
 BORN                    1.7959399782622165E-012
 SINGLE POLE (MadFKS)   -5.3243941478629052E-013
 DOUBLE POLE (MadFKS)   -1.7988406162314862E-013
 SINGLE POLE (MadLoop)  -5.3243941478633566E-013
 DOUBLE POLE (MadLoop)  -1.7988406162314565E-013
 FINITE PART (MadLoop)   1.3005899442759883E-012
   325.00000000000000        0.0000000000000000        0.0000000000000000        325.00000000000000        0.0000000000000000     
   325.00000000000000        0.0000000000000000        0.0000000000000000       -325.00000000000000        0.0000000000000000     
   118.58842837247306        95.142745717465516       -70.683551900502053       -3.4279794229111258        1.7769999999999999     
   126.74924090916473       -121.35274926311702       -3.7335674079746028        36.356334561430110        1.7769999999999999     
   235.59512636584918        78.612543843939747        119.45666426504209       -187.23043791113159        0.0000000000000000     
   169.06720435251302       -52.402540298288244       -45.039544956565393        154.30208277261258        0.0000000000000000     

 PASSED   1.0000000000000001E-005
 MU_R    =    325.00000000000000     
 ALPHA_S =   0.11799999999999999     
 BORN                    7.7576565945730816E-012
 SINGLE POLE (MadFKS)   -2.8159678806969655E-012
 DOUBLE POLE (MadFKS)   -7.7701860518729572E-013
 SINGLE POLE (MadLoop)  -2.8159678806923679E-012
 DOUBLE POLE (MadLoop)  -7.7701860518616037E-013
 FINITE PART (MadLoop)   2.8485601742481221E-012
   325.00000000000000        0.0000000000000000        0.0000000000000000        325.00000000000000        0.0000000000000000     
   325.00000000000000        0.0000000000000000        0.0000000000000000       -325.00000000000000        0.0000000000000000     
   127.48074666799386        81.677522858044682        97.861961483496913        4.2384022823378630E-002   1.7769999999999999     
   194.80754007784492       -14.092904826773475       -143.61983760357379        130.84934933903097        1.7769999999999999     
   214.21196150243804       -34.936359998789513       -29.567126708232074       -209.26538227565578        0.0000000000000000     
   113.49975175172882       -32.648258032481714        75.325002828308939        78.373648913801475        0.0000000000000000     

 PASSED   1.0000000000000001E-005
 MU_R    =    325.00000000000000     
 ALPHA_S =   0.11799999999999999     
 BORN                    1.5237959567870933E-008
 SINGLE POLE (MadFKS)   -4.4895508445123886E-009
 DOUBLE POLE (MadFKS)   -1.5262570526272525E-009
 SINGLE POLE (MadLoop)  -4.4895508445120015E-009
 DOUBLE POLE (MadLoop)  -1.5262570526271392E-009
 FINITE PART (MadLoop)  -2.5962944911032111E-009
   325.00000000000000        0.0000000000000000        0.0000000000000000        325.00000000000000        0.0000000000000000     
   325.00000000000000        0.0000000000000000        0.0000000000000000       -325.00000000000000        0.0000000000000000     
   191.06983014714743       -15.745685712077847        12.924011953431849        189.97253896272429        1.7769999999999999     
   152.00942250126630        74.379237838871219       -86.184555531831791        100.71572948878300        1.7769999999999999     
   22.755219408364148        1.3139198970903199        10.649671726871823       -20.066342888944408        0.0000000000000000     
   284.16552794322558       -59.947472023883698        62.610871851528117       -270.62192556256286        0.0000000000000000     

 PASSED   1.0000000000000001E-005
 MU_R    =    325.00000000000000     
 ALPHA_S =   0.11799999999999999     
 BORN                    6.9348391603215975E-011
 SINGLE POLE (MadFKS)   -1.6859526218982776E-011
 DOUBLE POLE (MadFKS)   -6.9460396781688990E-012
 SINGLE POLE (MadLoop)  -1.6859526217334583E-011
 DOUBLE POLE (MadLoop)  -6.9460396781688029E-012
 FINITE PART (MadLoop)   2.2100239871091569E-011
   325.00000000000000        0.0000000000000000        0.0000000000000000        325.00000000000000        0.0000000000000000     
   325.00000000000000        0.0000000000000000        0.0000000000000000       -325.00000000000000        0.0000000000000000     
   141.89786026709089       -38.981310374109952        30.694560793578166       -132.92910290295916        1.7769999999999999     
   192.50755556580546       -43.314787251780061        177.61551869217735       -60.270705537296713        1.7769999999999999     
   161.85102603615718        52.916229559592466       -141.60086957008895        57.834427594193457        0.0000000000000000     
   153.74355813095070        29.379868066297533       -66.709209915666563        135.36538084606232        0.0000000000000000     

 PASSED   1.0000000000000001E-005
 MU_R    =    325.00000000000000     
 ALPHA_S =   0.11799999999999999     
 BORN                    6.4562881313484053E-011
 SINGLE POLE (MadFKS)   -1.3855414251450833E-011
 DOUBLE POLE (MadFKS)   -6.4667157373491673E-012
 SINGLE POLE (MadLoop)  -1.3855414251450274E-011
 DOUBLE POLE (MadLoop)  -6.4667157373488740E-012
 FINITE PART (MadLoop)   1.3378033135871335E-011
   325.00000000000000        0.0000000000000000        0.0000000000000000        325.00000000000000        0.0000000000000000     
   325.00000000000000        0.0000000000000000        0.0000000000000000       -325.00000000000000        0.0000000000000000     
   106.32603523834798       -13.262225684922313       -70.553145953217026       -78.411957037767294        1.7769999999999999     
   265.94859808050609       -32.717196938792149        256.56594363108684       -61.878919553793310        1.7769999999999999     
   43.432712060080654       -40.556519137527417       -10.480042047466160        11.477715409635646        0.0000000000000000     
   234.29265462107134        86.535941761241872       -175.53275563040364        128.81316118192493        0.0000000000000000     

 PASSED   1.0000000000000001E-005
 MU_R    =    325.00000000000000     
 ALPHA_S =   0.11799999999999999     
 BORN                    3.1420414852901419E-011
 SINGLE POLE (MadFKS)   -5.0108495091549215E-012
 DOUBLE POLE (MadFKS)   -3.1471162232789205E-012
 SINGLE POLE (MadLoop)  -5.0108495091528277E-012
 DOUBLE POLE (MadLoop)  -3.1471162232788830E-012
 FINITE PART (MadLoop)   1.9045416711513144E-012
   325.00000000000000        0.0000000000000000        0.0000000000000000        325.00000000000000        0.0000000000000000     
   325.00000000000000        0.0000000000000000        0.0000000000000000       -325.00000000000000        0.0000000000000000     
Thanks for using LHAPDF 6.2.1. Please make sure to cite the paper:
  Eur.Phys.J. C75 (2015) 3, 132  (http://arxiv.org/abs/1412.7420)
   267.48165674879345       -194.56880930803473        26.852292264418509       -181.56324466333834        1.7769999999999999     
   172.25731948833356        101.00049643424653       -102.71346393011153        94.436594791527952        1.7769999999999999     
   177.31040041366848        121.34807053787011        75.636782426374879        104.84608250085823        0.0000000000000000     
   32.950623349205479       -27.779757664081917       0.22438923931814722       -17.719432629047855        0.0000000000000000     

 PASSED   1.0000000000000001E-005
 MU_R    =    325.00000000000000     
 ALPHA_S =   0.11799999999999999     
 BORN                    2.6660030985474056E-011
 SINGLE POLE (MadFKS)   -4.9348756350979507E-012
 DOUBLE POLE (MadFKS)   -2.6703089828795314E-012
 SINGLE POLE (MadLoop)  -4.9348756350976494E-012
 DOUBLE POLE (MadLoop)  -2.6703089828792019E-012
 FINITE PART (MadLoop)   1.0412259022848022E-011
   325.00000000000000        0.0000000000000000        0.0000000000000000        325.00000000000000        0.0000000000000000     
   325.00000000000000        0.0000000000000000        0.0000000000000000       -325.00000000000000        0.0000000000000000     
   211.95407078986449       -178.72952795696207       -113.90689869896063       -1.5312284157103935        1.7769999999999999     
   137.41407958241595        15.868968677794468       -58.830738652723468        123.15271641811503        1.7769999999999999     
   21.885680787535556        5.2830689244570310       -21.145705535309855        1.9827616314890473        0.0000000000000000     
   278.74616884018781        157.57749035471056        193.88334288699394       -123.60424963389363        0.0000000000000000     

 PASSED   1.0000000000000001E-005
 MU_R    =    325.00000000000000     
 ALPHA_S =   0.11799999999999999     
 BORN                    1.3779106698544550E-009
 SINGLE POLE (MadFKS)   -2.5598694005335168E-010
 DOUBLE POLE (MadFKS)   -1.3801361451240181E-010
 SINGLE POLE (MadLoop)  -2.5598694005335054E-010
 DOUBLE POLE (MadLoop)  -1.3801361451239926E-010
 FINITE PART (MadLoop)   7.8568897136724897E-010
   325.00000000000000        0.0000000000000000        0.0000000000000000        325.00000000000000        0.0000000000000000     
   325.00000000000000        0.0000000000000000        0.0000000000000000       -325.00000000000000        0.0000000000000000     
   224.66908727662170        52.847568997967890        131.59090914647118        174.25271340705277        1.7769999999999999     
   104.46195368924518        56.831037978014812       -42.277515953807118        76.759278310123662        1.7769999999999999     
   240.62667093309224       -103.56572066371602       -123.49653800345568       -178.67272139000070        0.0000000000000000     
   80.242288101040913       -6.1128863122666637        34.183144810791617       -72.339270327175726        0.0000000000000000     

 PASSED   1.0000000000000001E-005
 MU_R    =    325.00000000000000     
 ALPHA_S =   0.11799999999999999     
 BORN                    1.1724598007164975E-010
 SINGLE POLE (MadFKS)   -2.1263376779346331E-011
 DOUBLE POLE (MadFKS)   -1.1743534505358482E-011
 SINGLE POLE (MadLoop)  -2.1263376779339649E-011
 DOUBLE POLE (MadLoop)  -1.1743534505357708E-011
 FINITE PART (MadLoop)   4.3540735860674270E-011
   325.00000000000000        0.0000000000000000        0.0000000000000000        325.00000000000000        0.0000000000000000     
   325.00000000000000        0.0000000000000000        0.0000000000000000       -325.00000000000000        0.0000000000000000     
   305.32225353444193        250.62808085797806       -141.55800047306045       -101.81069866112257        1.7769999999999999     
   5.5202539728787974      -0.47615438910905483       -5.0727586015158836        1.1644192086885881        1.7769999999999999     
   130.85447948028943       -130.64011819558490        7.0332323036612605        2.5667024104555813        0.0000000000000000     
   208.30301301238987       -119.51180827328400        139.59752677091507        98.079577041978439        0.0000000000000000     

 PASSED   1.0000000000000001E-005
 MU_R    =    325.00000000000000     
 ALPHA_S =   0.11799999999999999     
 BORN                    1.4033199401367909E-011
 SINGLE POLE (MadFKS)   -2.8582338580086656E-012
 DOUBLE POLE (MadFKS)   -1.4055864541354007E-012
 SINGLE POLE (MadLoop)  -2.8582338580086656E-012
 DOUBLE POLE (MadLoop)  -1.4055864541353758E-012
 FINITE PART (MadLoop)   4.6668423751204417E-012
   325.00000000000000        0.0000000000000000        0.0000000000000000        325.00000000000000        0.0000000000000000     
   325.00000000000000        0.0000000000000000        0.0000000000000000       -325.00000000000000        0.0000000000000000     
   104.81274795531147        99.446418742986111       -26.304460736644359       -20.025971873860069        1.7769999999999999     
   280.33242392915912       -214.54416557058116        150.79130736449315        99.075187710787645        1.7769999999999999     
   194.36207679648112        159.77542936642968       -70.337006682995238       -85.446676695413586        0.0000000000000000     
   70.492751319054165       -44.677682538834652       -54.149839944853575        6.3974608584859869        0.0000000000000000     

 PASSED   1.0000000000000001E-005
 MU_R    =    325.00000000000000     
 ALPHA_S =   0.11799999999999999     
 BORN                    3.0792388492057897E-010
 SINGLE POLE (MadFKS)   -6.5102546553141915E-011
 DOUBLE POLE (MadFKS)   -3.0842121541216368E-011
 SINGLE POLE (MadLoop)  -6.5102546553143685E-011
 DOUBLE POLE (MadLoop)  -3.0842121541216724E-011
 FINITE PART (MadLoop)   1.0030285569017042E-010
   325.00000000000000        0.0000000000000000        0.0000000000000000        325.00000000000000        0.0000000000000000     
   325.00000000000000        0.0000000000000000        0.0000000000000000       -325.00000000000000        0.0000000000000000     
   103.79552322047309        103.59827966384059      -0.70052052480082505       -6.1039850342844675        1.7769999999999999     
   257.81336339836338       -74.299281739130990       -136.10093632543189       -205.96292016323366        1.7769999999999999     
   227.55012404596980        6.2293286653472428        155.24549842543090        166.25008161307710        0.0000000000000000     
   60.840989335193790       -35.528326590056821       -18.444041575198089        45.816823584441025        0.0000000000000000     

 PASSED   1.0000000000000001E-005
 MU_R    =    325.00000000000000     
 ALPHA_S =   0.11799999999999999     
 BORN                    6.2416156814119969E-012
 SINGLE POLE (MadFKS)   -1.2891933735286172E-012
 DOUBLE POLE (MadFKS)   -6.2516965681087849E-013
 SINGLE POLE (MadLoop)  -1.2891933735286921E-012
 DOUBLE POLE (MadLoop)  -6.2516965681087617E-013
 FINITE PART (MadLoop)   2.9794302604228781E-012
   325.00000000000000        0.0000000000000000        0.0000000000000000        325.00000000000000        0.0000000000000000     
   325.00000000000000        0.0000000000000000        0.0000000000000000       -325.00000000000000        0.0000000000000000     
   263.77601274620150       -40.158125626486004       -231.15922131224957       -120.52952551041625        1.7769999999999999     
   95.090853344089254       -53.267556415722837        71.263773067375084       -33.513500897497160        1.7769999999999999     
   120.75008123309507       -16.222123148224195        115.45223452006891        31.435750073537537        0.0000000000000000     
   170.38305267661423        109.64780519043303        44.443213724805567        122.60727633437587        0.0000000000000000     

 NUMBER OF POINTS PASSING THE CHECK          20
 NUMBER OF POINTS FAILING THE CHECK           0
 TOLERANCE    1.0000000000000001E-005
