==== LHAPDF6 USING DEFAULT-TYPE LHAGLUE INTERFACE ====
LHAPDF 6.2.1 loading /cvmfs/cms.cern.ch/slc6_amd64_gcc481/external/lhapdf/6.2.1/share/LHAPDF/NNPDF31_nnlo_hessian_pdfas/NNPDF31_nnlo_hessian_pdfas_0000.dat
NNPDF31_nnlo_hessian_pdfas PDF set, member #0, version 1; LHAPDF ID = 306000
 A PDF is used, so alpha_s(MZ) is going to be modified
 Old value of alpha_s from param_card:   0.11799999999999999     
 New value of alpha_s from PDF lhapdf :  0.11800208008122040     
 using LHAPDF
 *****************************************************
 *               MadGraph/MadEvent                   *
 *        --------------------------------           *
 *          http://madgraph.hep.uiuc.edu             *
 *          http://madgraph.phys.ucl.ac.be           *
 *          http://madgraph.roma2.infn.it            *
 *        --------------------------------           *
 *                                                   *
 *          PARAMETER AND COUPLING VALUES            *
 *                                                   *
 *****************************************************

  External Params
  ---------------------------------
  
 MU_R =    91.188000000000002     
 aEWM1 =    132.50700000000001     
 mdl_Gf =    1.1663900000000000E-005
 aS =   0.11799999999999999     
 mdl_lamWS =   0.22530000000000000     
 mdl_AWS =   0.80800000000000005     
 mdl_rhoWS =   0.13200000000000001     
 mdl_etaWS =   0.34100000000000003     
 mdl_ymt =    173.00000000000000     
 mdl_ymtau =    1.7769999999999999     
 mdl_MT =    173.00000000000000     
 mdl_MZ =    91.188000000000002     
 mdl_MH =    125.00000000000000     
 mdl_MTA =    1.7769999999999999     
 mdl_WT =    1.4915000000000000     
 mdl_WZ =    2.4414039999999999     
 mdl_WW =    2.0476000000000001     
 mdl_WH =    6.3823389999999999E-003
  Internal Params
  ---------------------------------
  
 mdl_CKM33 =    1.0000000000000000     
 mdl_conjg__CKM3x3 =    1.0000000000000000     
 mdl_I4x33 =    0.0000000000000000     
 mdl_I1x33 =    0.0000000000000000     
 mdl_lhv =    1.0000000000000000     
 mdl_CKM3x3 =    1.0000000000000000     
 mdl_conjg__CKM33 =    1.0000000000000000     
 mdl_Ncol =    3.0000000000000000     
 mdl_CA =    3.0000000000000000     
 mdl_TF =   0.50000000000000000     
 mdl_CF =    1.3333333333333333     
 mdl_lamWS__exp__2 =    5.0760090000000001E-002
 mdl_CKM11 =  ( 0.97461995499999998     ,  0.0000000000000000     )
 mdl_CKM12 =  ( 0.22530000000000000     ,  0.0000000000000000     )
 mdl_complexi =  (  0.0000000000000000     ,  1.0000000000000000     )
 mdl_lamWS__exp__3 =    1.1436248277000001E-002
 mdl_CKM13 =  (  1.2197444962317122E-003, -3.1510066152652563E-003)
 mdl_CKM21 =  (-0.22530000000000000     ,  0.0000000000000000     )
 mdl_CKM22 =  ( 0.97461995499999998     ,  0.0000000000000000     )
 mdl_CKM23 =  (  4.1014152720000002E-002,  0.0000000000000000     )
 mdl_CKM31 =  (  8.0207441115842885E-003, -3.1510066152652563E-003)
 mdl_CKM32 =  ( -4.1014152720000002E-002,  0.0000000000000000     )
 mdl_MZ__exp__2 =    8315.2513440000002     
 mdl_MZ__exp__4 =    69143404.913893804     
 mdl_sqrt__2 =    1.4142135623730951     
 mdl_MH__exp__2 =    15625.000000000000     
 mdl_CKM1x1 =  ( 0.97461995499999998     ,  0.0000000000000000     )
 mdl_CKM1x2 =  ( 0.22530000000000000     ,  0.0000000000000000     )
 mdl_CKM1x3 =  (  1.2197444962317122E-003, -3.1510066152652563E-003)
 mdl_CKM2x1 =  (-0.22530000000000000     ,  0.0000000000000000     )
 mdl_CKM2x2 =  ( 0.97461995499999998     ,  0.0000000000000000     )
 mdl_CKM2x3 =  (  4.1014152720000002E-002,  0.0000000000000000     )
 mdl_CKM3x1 =  (  8.0207441115842885E-003, -3.1510066152652563E-003)
 mdl_CKM3x2 =  ( -4.1014152720000002E-002,  0.0000000000000000     )
 mdl_conjg__CKM1x3 =  (  1.2197444962317122E-003,  3.1510066152652563E-003)
 mdl_conjg__CKM2x3 =  (  4.1014152720000002E-002, -0.0000000000000000     )
 mdl_conjg__CKM2x1 =  (-0.22530000000000000     , -0.0000000000000000     )
 mdl_conjg__CKM3x1 =  (  8.0207441115842885E-003,  3.1510066152652563E-003)
 mdl_conjg__CKM2x2 =  ( 0.97461995499999998     , -0.0000000000000000     )
 mdl_conjg__CKM3x2 =  ( -4.1014152720000002E-002, -0.0000000000000000     )
 mdl_Ncol__exp__2 =    9.0000000000000000     
 mdl_MT__exp__2 =    29929.000000000000     
 mdl_conjg__CKM11 =  ( 0.97461995499999998     , -0.0000000000000000     )
 mdl_conjg__CKM12 =  ( 0.22530000000000000     , -0.0000000000000000     )
 mdl_conjg__CKM13 =  (  1.2197444962317122E-003,  3.1510066152652563E-003)
 mdl_conjg__CKM21 =  (-0.22530000000000000     , -0.0000000000000000     )
 mdl_conjg__CKM22 =  ( 0.97461995499999998     , -0.0000000000000000     )
 mdl_conjg__CKM23 =  (  4.1014152720000002E-002, -0.0000000000000000     )
 mdl_conjg__CKM31 =  (  8.0207441115842885E-003,  3.1510066152652563E-003)
 mdl_conjg__CKM32 =  ( -4.1014152720000002E-002, -0.0000000000000000     )
 mdl_aEW =    7.5467711139788835E-003
 mdl_MW =    80.419002445756163     
 mdl_sqrt__aEW =    8.6872153846781555E-002
 mdl_ee =   0.30795376724436879     
 mdl_MW__exp__2 =    6467.2159543705357     
 mdl_sw2 =   0.22224648578577766     
 mdl_cw =   0.88190334743339216     
 mdl_sqrt__sw2 =   0.47143025548407230     
 mdl_sw =   0.47143025548407230     
 mdl_g1 =   0.34919219678733299     
 mdl_gw =   0.65323293034757990     
 mdl_v =    246.21845810181637     
 mdl_v__exp__2 =    60623.529110035903     
 mdl_lam =   0.12886910601690263     
 mdl_yt =   0.99366614581500623     
 mdl_ytau =    1.0206617000654717E-002
 mdl_muH =    88.388347648318430     
 mdl_AxialZUp =  -0.18517701861793787     
 mdl_AxialZDown =   0.18517701861793787     
 mdl_VectorZUp =    7.5430507588273299E-002
 mdl_VectorZDown =  -0.13030376310310560     
 mdl_VectorAUp =   0.20530251149624587     
 mdl_VectorADown =  -0.10265125574812294     
 mdl_VectorWmDxU =   0.23095271737156670     
 mdl_AxialWmDxU =  -0.23095271737156670     
 mdl_VectorWpUxD =   0.23095271737156670     
 mdl_AxialWpUxD =  -0.23095271737156670     
 mdl_I2x13 =  (  7.9699418879263656E-003,  3.1310485988282153E-003)
 mdl_I2x23 =  ( -4.0754375057150453E-002, -0.0000000000000000     )
 mdl_I2x33 =  ( 0.99366614581500623     ,  0.0000000000000000     )
 mdl_I3x31 =  (  7.9699418879263656E-003, -3.1310485988282153E-003)
 mdl_I3x32 =  ( -4.0754375057150453E-002,  0.0000000000000000     )
 mdl_I3x33 =  ( 0.99366614581500623     ,  0.0000000000000000     )
 mdl_Vector_tdGp =  ( -7.9699418879263656E-003, -3.1310485988282153E-003)
 mdl_Vector_tsGp =  (  4.0754375057150453E-002,  0.0000000000000000     )
 mdl_Vector_tbGp =  (-0.99366614581500623     ,  0.0000000000000000     )
 mdl_Axial_tdGp =  ( -7.9699418879263656E-003, -3.1310485988282153E-003)
 mdl_Axial_tsGp =  (  4.0754375057150453E-002,  0.0000000000000000     )
 mdl_Axial_tbGp =  (-0.99366614581500623     , -0.0000000000000000     )
 mdl_Vector_tdGm =  (  7.9699418879263656E-003, -3.1310485988282153E-003)
 mdl_Vector_tsGm =  ( -4.0754375057150453E-002,  0.0000000000000000     )
 mdl_Vector_tbGm =  ( 0.99366614581500623     ,  0.0000000000000000     )
 mdl_Axial_tdGm =  ( -7.9699418879263656E-003,  3.1310485988282153E-003)
 mdl_Axial_tsGm =  (  4.0754375057150453E-002, -0.0000000000000000     )
 mdl_Axial_tbGm =  (-0.99366614581500623     ,  0.0000000000000000     )
 mdl_gw__exp__2 =   0.42671326129048615     
 mdl_cw__exp__2 =   0.77775351421422245     
 mdl_ee__exp__2 =    9.4835522759998875E-002
 mdl_sw__exp__2 =   0.22224648578577769     
 mdl_yt__exp__2 =   0.98737240933884918     
  Internal Params evaluated point by point
  ----------------------------------------
  
 mdl_sqrt__aS =   0.34351128074635334     
 mdl_G__exp__4 =    2.1987899468922913     
 mdl_G__exp__2 =    1.4828317324943823     
 mdl_R2MixedFactor_FIN_ =   -2.5040377713124864E-002
 mdl_G_UVg_1EPS_ =   -5.1645779033320030E-002
 mdl_G_UVq_1EPS_ =    3.1300472141406080E-003
 mdl_G_UVb_1EPS_ =    3.1300472141406080E-003
 mdl_GWcft_UV_t_1EPS_ =   -3.1300472141406080E-003
 mdl_tWcft_UV_1EPS_ =   -1.8780283284843650E-002
 mdl_G__exp__3 =    1.8056676068262196     
 mdl_MU_R__exp__2 =    8315.2513440000002     
 mdl_G_UVt_FIN_ =   -4.0087659331150384E-003
 mdl_GWcft_UV_t_FIN_ =    4.0087659331150384E-003
 mdl_tWcft_UV_FIN_ =   -9.8778211443463623E-004
  Couplings of loop_sm-ckm_no_b_mass
  ---------------------------------
  
       UV_3Gt =   0.48815E-02   0.00000E+00
      UV_GQQt =   0.00000E+00  -0.48815E-02
   UVWfct_G_2 =   0.40088E-02   0.00000E+00
       R2_DDA =   0.00000E+00   0.25704E-02
       R2_UUA =  -0.00000E+00  -0.51409E-02
    R2_DDZ_V2 =   0.00000E+00   0.72127E-02
    R2_UUZ_V2 =  -0.00000E+00  -0.72127E-02
    R2_UUZ_V5 =   0.00000E+00   0.68702E-03
      R2_GGHt =   0.00000E+00  -0.45657E+01
     R2_GGZup =  -0.46369E-02   0.00000E+00
   R2_GGZdown =   0.46369E-02   0.00000E+00
 R2_GGGZvecUp =   0.00000E+00   0.28750E-03
 R2_GGGZvecDown  -0.00000E+00  -0.49665E-03
 R2_GGGZaxialUp  -0.00000E+00  -0.63522E-02
 R2_GGGZaxialDow  0.00000E+00   0.63522E-02
 R2_GGGAvecUp =   0.00000E+00   0.78251E-03
 R2_GGGAvecDown  -0.00000E+00  -0.39126E-03
         GC_4 =  -0.12177E+01   0.00000E+00
         GC_5 =   0.00000E+00   0.12177E+01
         GC_6 =   0.00000E+00   0.14828E+01
       R2_3Gq =   0.76230E-02   0.00000E+00
       R2_3Gg =   0.31445E-01   0.00000E+00
       R2_GQQ =  -0.00000E+00  -0.30492E-01
       R2_GGq =   0.00000E+00   0.62601E-02
       R2_GGt =  -0.00000E+00  -0.11242E+04
     R2_GGg_1 =   0.00000E+00   0.28170E-01
     R2_GGg_2 =  -0.00000E+00  -0.18780E-01
       R2_QQq =   0.00000E+00   0.12520E-01
  UV_3Gg_1eps =   0.62890E-01   0.00000E+00
  UV_3Gb_1eps =  -0.38115E-02   0.00000E+00
 UV_GQQg_1eps =   0.00000E+00  -0.62890E-01
 UV_GQQq_1eps =   0.00000E+00   0.38115E-02
 UVWfct_G_2_1eps -0.31300E-02   0.00000E+00
         GC_1 =  -0.00000E+00  -0.10265E+00
         GC_2 =   0.00000E+00   0.20530E+00
        GC_21 =  -0.00000E+00  -0.28804E+00
        GC_22 =   0.00000E+00   0.28804E+00
        GC_23 =  -0.00000E+00  -0.27437E-01
        GC_24 =   0.00000E+00   0.82310E-01
        GC_37 =  -0.00000E+00  -0.70263E+00
        GC_38 =  -0.00000E+00  -0.72172E-02
      GC_1003 =  -0.00000E+00  -0.30795E+00

 Collider parameters:
 --------------------

 Running at P P   machine @    13000.000000000000       GeV
 PDF set = lhapdf 
 alpha_s(Mz)= 0.1180 running at 3 loops.
 alpha_s(Mz)= 0.1180 running at 3 loops.
 Renormalization scale set on event-by-event basis
 Factorization   scale set on event-by-event basis


 ===============================================================
 INFO: MadFKS read these parameters from FKS_params.dat
 ===============================================================
  > IRPoleCheckThreshold      =    1.0000000000000001E-005
  > PrecisionVirtualAtRunTime =    1.0000000000000000E-003
  > NHelForMCoverHels         =            4
  > VirtualFraction           =    1.0000000000000000     
  > MinVirtualFraction        =    5.0000000000000001E-003
 ===============================================================
  Insert the number of points to test
 Insert the relative tolerance
  A negative number will mean use the default one:    1.0000000000000001E-005
Using random seed offsets:     0 ,    115 ,      0
  with seed                   32
 Ranmar initialization seeds       10729        9521
  ========================================================================================== 
 {                                                                                          }
 {       [32m                                                                            [0m       }
 {       [32m                               ,,                                           [0m       }
 {       [32m`7MMM.     ,MMF'             `7MM  `7MMF'                                   [0m       }
 {       [32m  MMMb    dPMM                 MM    MM                                     [0m       }
 {       [32m  M YM   ,M MM   ,6"Yb.   ,M""bMM    MM         ,pW"Wq.   ,pW"Wq.`7MMpdMAo. [0m       }
 {       [32m  M  Mb  M' MM  8)   MM ,AP    MM    MM        6W'   `Wb 6W'   `Wb MM   `Wb [0m       }
 {       [32m  M  YM.P'  MM   ,pm9MM 8MI    MM    MM      , 8M     M8 8M     M8 MM    M8 [0m       }
 {       [32m  M  `YM'   MM  8M   MM `Mb    MM    MM     ,M YA.   ,A9 YA.   ,A9 MM   ,AP [0m       }
 {       [32m.JML. `'  .JMML.`Moo9^Yo.`Wbmd"MML..JMMmmmmMMM  `Ybmd9'   `Ybmd9'  MMbmmd'  [0m       }
 {       [32m                                                                   MM       [0m       }
 {       [32m                                                                 .JMML.     [0m       }
 {       [32m[0mv2.4.2 (2016-06-10), Ref: arXiv:1103.0621v2, arXiv:1405.0301[32m                [0m       }
 {       [32m                                                                            [0m       }
 {                                                                                          }
  ========================================================================================== 
 ===============================================================
 INFO: MadLoop read these parameters from ./MadLoop5_resources/MadLoopParams.dat                                                                                                                                                                                                                                                                                                                                                                                                                                                                                          
 ===============================================================
  > MLReductionLib            = 6|1|2
  > IREGIMODE                 =            2
  > IREGIRECY                 =  T
  > CTModeRun                 =           -1
  > MLStabThres               =    1.0000000000000000E-003
  > NRotations_DP             =            1
  > NRotations_QP             =            0
  > CTStabThres               =    1.0000000000000000E-002
  > CTLoopLibrary             =            2
  > CTModeInit                =            1
  > CheckCycle                =            3
  > MaxAttempts               =           10
  > UseLoopFilter             =  F
  > HelicityFilterLevel       =            2
  > ImprovePSPoint            =            2
  > DoubleCheckHelicityFilter =  T
  > LoopInitStartOver         =  F
  > HelInitStartOver          =  F
  > ZeroThres                 =    1.0000000000000001E-009
  > OSThres                   =    1.0000000000000000E-008
  > WriteOutFilters           =  T
  > UseQPIntegrandForNinja    =  F
  > UseQPIntegrandForCutTools =  T
 ===============================================================
  
------------------------------------------------------------------------
|              You are using CutTools - Version 1.9.3                  |
|              Authors: G. Ossola, C. Papadopoulos, R. Pittau          |
|              Published in JHEP 0803:042,2008                         |
|              http://www.ugr.es/~pittau/CutTools                      |
|                                                                      |
|              Compiler with  34  significant digits detetected        |
 ---------------------------------------------------------------------- 
   
########################################################################
#                                                                      #
#                      You are using OneLOop-3.6                       #
#                                                                      #
# for the evaluation of 1-loop scalar 1-, 2-, 3- and 4-point functions #
#                                                                      #
# author: Andreas van Hameren <hamerenREMOVETHIS@ifj.edu.pl>           #
#   date: 18-02-2015                                                   #
#                                                                      #
# Please cite                                                          #
#    A. van Hameren,                                                   #
#      Comput.Phys.Commun. 182 (2011) 2427-2438, arXiv:1007.4716       #
#    A. van Hameren, C.G. Papadopoulos and R. Pittau,                  #
#      JHEP 0909:106,2009, arXiv:0903.4665                             #
# in publications with results obtained with the help of this program. #
#                                                                      #
########################################################################
 PASSED   1.0000000000000001E-005
 MU_R    =    325.00000000000000     
 ALPHA_S =   0.11799999999999999     
 BORN                    4.8713162318640619E-009
 SINGLE POLE (MadFKS)   -7.3882692247443372E-010
 DOUBLE POLE (MadFKS)   -4.8791839362380906E-010
 SINGLE POLE (MadLoop)  -7.3882692247436351E-010
 DOUBLE POLE (MadLoop)  -4.8791839362378455E-010
 FINITE PART (MadLoop)   1.1589456484855194E-009
   325.00000000000000        0.0000000000000000        0.0000000000000000        325.00000000000000        0.0000000000000000     
   325.00000000000000        0.0000000000000000        0.0000000000000000       -325.00000000000000        0.0000000000000000     
   46.088111307836535       -37.909347293772903       -19.349348978080666        17.590916883667326        1.7769999999999999     
   271.29799968286443       -208.36497792243830       -74.764756052245119       -156.82383151407080        1.7769999999999999     
   204.00257665776346        180.35902856350432        90.860492489242191        28.845155628771440        0.0000000000000000     
   128.61131235153556        65.915296652706857        3.2536125410835832        110.38775900163203        0.0000000000000000     

 PASSED   1.0000000000000001E-005
 MU_R    =    325.00000000000000     
 ALPHA_S =   0.11799999999999999     
 BORN                    3.4954055733878184E-008
 SINGLE POLE (MadFKS)   -6.5393231514209915E-009
 DOUBLE POLE (MadFKS)   -3.5010510327277106E-009
 SINGLE POLE (MadLoop)  -6.5393231514208997E-009
 DOUBLE POLE (MadLoop)  -3.5010510327278045E-009
 FINITE PART (MadLoop)   6.8299726568666109E-009
   325.00000000000000        0.0000000000000000        0.0000000000000000        325.00000000000000        0.0000000000000000     
   325.00000000000000        0.0000000000000000        0.0000000000000000       -325.00000000000000        0.0000000000000000     
   121.06204724516377       -78.962740875752331       -48.125950671786768       -78.112994946524779        1.7769999999999999     
   165.16436252642387       -23.107102967952688       -123.70796450738982       -106.95097114859118        1.7769999999999999     
   132.23626022962509       -7.5813919608459130       -24.443862231883845        129.73607291205420        0.0000000000000000     
   231.53732999878730        109.65123580455094        196.27777741106047        55.327893183061789        0.0000000000000000     

 PASSED   1.0000000000000001E-005
 MU_R    =    325.00000000000000     
 ALPHA_S =   0.11799999999999999     
 BORN                    2.5321909779148908E-010
 SINGLE POLE (MadFKS)   -4.3380836607626884E-011
 DOUBLE POLE (MadFKS)   -2.5362807411502359E-011
 SINGLE POLE (MadLoop)  -4.3380836607634355E-011
 DOUBLE POLE (MadLoop)  -2.5362807411502931E-011
 FINITE PART (MadLoop)   1.8638400843924099E-011
   325.00000000000000        0.0000000000000000        0.0000000000000000        325.00000000000000        0.0000000000000000     
   325.00000000000000        0.0000000000000000        0.0000000000000000       -325.00000000000000        0.0000000000000000     
   231.52405820673937        64.427980754018719       -207.01063702165698        81.214920152427567        1.7769999999999999     
   97.888404570743646       -67.709118611054222       -62.376114803810395       -33.221643236023709        1.7769999999999999     
   292.88564918862977       -9.6356088976869536        284.98035922060438       -66.898082187094062        0.0000000000000000     
   27.701888033887169        12.916746754722483       -15.593607395136971        18.904805270690211        0.0000000000000000     

 PASSED   1.0000000000000001E-005
 MU_R    =    325.00000000000000     
 ALPHA_S =   0.11799999999999999     
 BORN                    3.3265126386302060E-011
 SINGLE POLE (MadFKS)   -5.4876046907690009E-012
 DOUBLE POLE (MadFKS)   -3.3318853175513601E-012
 SINGLE POLE (MadLoop)  -5.4876046907691293E-012
 DOUBLE POLE (MadLoop)  -3.3318853175513896E-012
 FINITE PART (MadLoop)   4.6720508568656425E-012
   325.00000000000000        0.0000000000000000        0.0000000000000000        325.00000000000000        0.0000000000000000     
   325.00000000000000        0.0000000000000000        0.0000000000000000       -325.00000000000000        0.0000000000000000     
   209.85823245884069        101.13499835816667       -181.41632600507609       -29.952441764610576        1.7769999999999999     
   64.318427086062940       -33.613400850448329        48.325159050491614       -25.855765698137095        1.7769999999999999     
   242.72278045256741       -96.693050461925310        123.38990287361277        185.30983247478582        0.0000000000000000     
   133.10056000252897        29.171452954206949        9.7012640809716721       -129.50162501203815        0.0000000000000000     

 PASSED   1.0000000000000001E-005
 MU_R    =    325.00000000000000     
 ALPHA_S =   0.11799999999999999     
 BORN                    3.8753557287430696E-009
 SINGLE POLE (MadFKS)   -1.1316962847669968E-010
 DOUBLE POLE (MadFKS)   -3.8816148488179494E-010
 SINGLE POLE (MadLoop)  -1.1316962847671904E-010
 DOUBLE POLE (MadLoop)  -3.8816148488179571E-010
 FINITE PART (MadLoop)   2.6779768708998722E-009
   325.00000000000000        0.0000000000000000        0.0000000000000000        325.00000000000000        0.0000000000000000     
   325.00000000000000        0.0000000000000000        0.0000000000000000       -325.00000000000000        0.0000000000000000     
   39.916777236018568        12.555900387243648        30.691469182559914       -22.148915566941859        1.7769999999999999     
   141.41746620054263       -14.899238688772201        63.223108074625003        125.60490957546565        1.7769999999999999     
   237.77528746297349        18.778707464558856        110.38923048780636       -209.75858806344539        0.0000000000000000     
   230.89046910046528       -16.435369163030312       -204.30380774499130        106.30259405492156        0.0000000000000000     

 PASSED   1.0000000000000001E-005
 MU_R    =    325.00000000000000     
 ALPHA_S =   0.11799999999999999     
 BORN                    4.7789002753056759E-012
 SINGLE POLE (MadFKS)   -1.0714111303986369E-012
 DOUBLE POLE (MadFKS)   -4.7866187178804211E-013
 SINGLE POLE (MadLoop)  -1.0714111303986876E-012
 DOUBLE POLE (MadLoop)  -4.7866187178804675E-013
 FINITE PART (MadLoop)   8.7867558938971865E-014
   325.00000000000000        0.0000000000000000        0.0000000000000000        325.00000000000000        0.0000000000000000     
   325.00000000000000        0.0000000000000000        0.0000000000000000       -325.00000000000000        0.0000000000000000     
   195.83738559114818       -108.96856262492723       -64.703828445049425       -149.29296972793784        1.7769999999999999     
   260.46032806725822        204.09021167357832        36.732922605152922        157.58903091212181        1.7769999999999999     
   75.752119065554353       -18.288496103188447       -9.7394309388491553        72.863282510417889        0.0000000000000000     
   117.95016727603991       -76.833152945462658        37.710336778745649       -81.159343694601930        0.0000000000000000     

 PASSED   1.0000000000000001E-005
 MU_R    =    325.00000000000000     
 ALPHA_S =   0.11799999999999999     
 BORN                    1.2725122562100546E-010
 SINGLE POLE (MadFKS)   -1.2867041010561855E-011
 DOUBLE POLE (MadFKS)   -1.2745675016032196E-011
 SINGLE POLE (MadLoop)  -1.2867041010561440E-011
 DOUBLE POLE (MadLoop)  -1.2745675016032155E-011
 FINITE PART (MadLoop)   4.1823278837183950E-011
   325.00000000000000        0.0000000000000000        0.0000000000000000        325.00000000000000        0.0000000000000000     
   325.00000000000000        0.0000000000000000        0.0000000000000000       -325.00000000000000        0.0000000000000000     
   165.52031290112453       -58.294945157710302       -151.93122303707401        30.206275662594365        1.7769999999999999     
   56.165534860565032        17.444723825464454        38.939554349663617       -36.480163032478536        1.7769999999999999     
   249.38898696942798        203.77706222617272        119.49607324545440        79.940379102335029        0.0000000000000000     
   178.92516526888247       -162.92684089392685       -6.5044045580440404       -73.666491732450851        0.0000000000000000     

 PASSED   1.0000000000000001E-005
 MU_R    =    325.00000000000000     
 ALPHA_S =   0.11799999999999999     
 BORN                    9.9479310568040787E-010
 SINGLE POLE (MadFKS)   -6.4716119893056720E-011
 DOUBLE POLE (MadFKS)   -9.9639980450599820E-011
 SINGLE POLE (MadLoop)  -6.4716119893049573E-011
 DOUBLE POLE (MadLoop)  -9.9639980450599575E-011
 FINITE PART (MadLoop)   3.9322584541559022E-010
   325.00000000000000        0.0000000000000000        0.0000000000000000        325.00000000000000        0.0000000000000000     
   325.00000000000000        0.0000000000000000        0.0000000000000000       -325.00000000000000        0.0000000000000000     
   73.336527121298886        3.2018621030101060       -69.346769042590196        23.576729706216110        1.7769999999999999     
   47.856867854811625       -40.302175670499444       -20.609301389110712        15.430923638911064        1.7769999999999999     
   251.85415004577831       -228.46474075192276        98.506805067164862        39.125241007535152        0.0000000000000000     
   276.95245497811118        265.56505431941213       -8.5507346354639662       -78.132894352662305        0.0000000000000000     

 PASSED   1.0000000000000001E-005
 MU_R    =    325.00000000000000     
 ALPHA_S =   0.11799999999999999     
 BORN                    5.5329625936427285E-009
 SINGLE POLE (MadFKS)   -5.9389832671895883E-010
 DOUBLE POLE (MadFKS)   -5.5418989286961978E-010
 SINGLE POLE (MadLoop)  -5.9389832672087406E-010
 DOUBLE POLE (MadLoop)  -5.5418989286962464E-010
 FINITE PART (MadLoop)   5.2024009550831883E-009
   325.00000000000000        0.0000000000000000        0.0000000000000000        325.00000000000000        0.0000000000000000     
   325.00000000000000        0.0000000000000000        0.0000000000000000       -325.00000000000000        0.0000000000000000     
   34.597073812173001       -27.541277595280881        6.2145072223236602        19.916267616406262        1.7769999999999999     
   266.19773061988224       -48.727872445602266       -31.122307232330577       -259.83662270287630        1.7769999999999999     
   153.11289609868220        87.199432933320821        108.91256442168429        63.070366725789611        0.0000000000000000     
   196.09229946926257       -10.930282892437667       -84.004764411677399        176.84998836068041        0.0000000000000000     

 PASSED   1.0000000000000001E-005
 MU_R    =    325.00000000000000     
 ALPHA_S =   0.11799999999999999     
 BORN                    7.9875913742239877E-011
 SINGLE POLE (MadFKS)   -6.8773775274870273E-012
 DOUBLE POLE (MadFKS)   -8.0004922011466707E-012
 SINGLE POLE (MadLoop)  -6.8773775274866411E-012
 DOUBLE POLE (MadLoop)  -8.0004922011466577E-012
 FINITE PART (MadLoop)   3.5319713140700653E-011
   325.00000000000000        0.0000000000000000        0.0000000000000000        325.00000000000000        0.0000000000000000     
   325.00000000000000        0.0000000000000000        0.0000000000000000       -325.00000000000000        0.0000000000000000     
   111.40369076027872        20.874054329234870       -108.60643482124817       -13.286864087885041        1.7769999999999999     
   210.24303061046115        125.24407919203675        108.53486345991193        129.35640004401947        1.7769999999999999     
   223.03323012377970       -100.72460003256643       -59.958262078827076       -189.74557569601740        0.0000000000000000     
   105.32004850548051       -45.393533488705188        60.029833440163344        73.676039739882995        0.0000000000000000     

 PASSED   1.0000000000000001E-005
 MU_R    =    325.00000000000000     
 ALPHA_S =   0.11799999999999999     
 BORN                    4.1605484384713563E-010
 SINGLE POLE (MadFKS)   -4.0214652370844701E-011
 DOUBLE POLE (MadFKS)   -4.1672681757229845E-011
 SINGLE POLE (MadLoop)  -4.0214652370841399E-011
 DOUBLE POLE (MadLoop)  -4.1672681757230123E-011
 FINITE PART (MadLoop)   1.3912670172774527E-010
   325.00000000000000        0.0000000000000000        0.0000000000000000        325.00000000000000        0.0000000000000000     
   325.00000000000000        0.0000000000000000        0.0000000000000000       -325.00000000000000        0.0000000000000000     
   112.64032444623285       -41.475176311888767       -86.638437777468511        58.807106813123035        1.7769999999999999     
   84.381412995198019       -81.407652064783804        22.052853220443616       -1.8790902593662571        1.7769999999999999     
   216.10183494306895       -18.531908076900375        202.10906344761236        74.219255730031037        0.0000000000000000     
   236.87642761550023        141.41473645357294       -137.52347889058748       -131.14727228378777        0.0000000000000000     

 PASSED   1.0000000000000001E-005
 MU_R    =    325.00000000000000     
 ALPHA_S =   0.11799999999999999     
 BORN                    5.6037092387526736E-008
 SINGLE POLE (MadFKS)   -4.5445153557749380E-009
 DOUBLE POLE (MadFKS)   -5.6127598373157742E-009
 SINGLE POLE (MadLoop)  -4.5445153557758669E-009
 DOUBLE POLE (MadLoop)  -5.6127598373171961E-009
 FINITE PART (MadLoop)   4.0781151520920377E-008
   325.00000000000000        0.0000000000000000        0.0000000000000000        325.00000000000000        0.0000000000000000     
   325.00000000000000        0.0000000000000000        0.0000000000000000       -325.00000000000000        0.0000000000000000     
   150.73439013268614        7.2257877735512457       -40.849981068990509       -144.90260755896534        1.7769999999999999     
   73.527930587719680        15.954870114787294       -13.794531265498826       -70.415565568260277        1.7769999999999999     
   205.77559565492223       -189.85889931637206        10.961161884741486        78.594192200506455        0.0000000000000000     
   219.96208362467192        166.67824142803343        43.683350449747962        136.72398092671921        0.0000000000000000     

 PASSED   1.0000000000000001E-005
 MU_R    =    325.00000000000000     
 ALPHA_S =   0.11799999999999999     
 BORN                    5.8704796803965922E-011
 SINGLE POLE (MadFKS)   -9.1762987895666353E-012
 DOUBLE POLE (MadFKS)   -5.8799611421742092E-012
 SINGLE POLE (MadLoop)  -9.1762987895663978E-012
 DOUBLE POLE (MadLoop)  -5.8799611421741446E-012
 FINITE PART (MadLoop)   1.6655025020456100E-011
   325.00000000000000        0.0000000000000000        0.0000000000000000        325.00000000000000        0.0000000000000000     
   325.00000000000000        0.0000000000000000        0.0000000000000000       -325.00000000000000        0.0000000000000000     
   244.93394457452260       -29.847357818802724       -232.90563468177814        69.667639837658854        1.7769999999999999     
   143.48450079549380       -94.403170736949491        107.39443463151602       -11.794956740890072        1.7769999999999999     
   198.29178688205670        148.74057357772807        84.985432209741234       -99.866665253080910        0.0000000000000000     
   63.289767747929368       -24.490045021975682        40.525767840520906        41.993982156311944        0.0000000000000000     

 PASSED   1.0000000000000001E-005
 MU_R    =    325.00000000000000     
 ALPHA_S =   0.11799999999999999     
 BORN                    3.7284152294057508E-009
 SINGLE POLE (MadFKS)   -3.8906132857287256E-010
 DOUBLE POLE (MadFKS)   -3.7344370246274839E-010
 SINGLE POLE (MadLoop)  -3.8906132857288734E-010
 DOUBLE POLE (MadLoop)  -3.7344370246274979E-010
 FINITE PART (MadLoop)   2.1958565107201805E-009
   325.00000000000000        0.0000000000000000        0.0000000000000000        325.00000000000000        0.0000000000000000     
   325.00000000000000        0.0000000000000000        0.0000000000000000       -325.00000000000000        0.0000000000000000     
Thanks for using LHAPDF 6.2.1. Please make sure to cite the paper:
  Eur.Phys.J. C75 (2015) 3, 132  (http://arxiv.org/abs/1412.7420)
   161.24678487904299        25.880548521120787       -64.299853814994080       -145.57848025187204        1.7769999999999999     
   86.071664992232343        51.085762681397789       -1.7138632437344952       -69.227749563139440        1.7769999999999999     
   241.34330174537743       -191.42467025457748       -23.778037321636862        145.04409624806323        0.0000000000000000     
   161.33824838334718        114.45835905205891        89.791754380365418        69.762133566948251        0.0000000000000000     

 PASSED   1.0000000000000001E-005
 MU_R    =    325.00000000000000     
 ALPHA_S =   0.11799999999999999     
 BORN                    1.6515170635544981E-011
 SINGLE POLE (MadFKS)   -2.8223290881156082E-012
 DOUBLE POLE (MadFKS)   -1.6541844428430191E-012
 SINGLE POLE (MadLoop)  -2.8223290881155238E-012
 DOUBLE POLE (MadLoop)  -1.6541844428430147E-012
 FINITE PART (MadLoop)   3.5608010443763824E-012
   325.00000000000000        0.0000000000000000        0.0000000000000000        325.00000000000000        0.0000000000000000     
   325.00000000000000        0.0000000000000000        0.0000000000000000       -325.00000000000000        0.0000000000000000     
   182.57761012702900       -106.50675913921921       -58.991668732060312       -136.04307872348602        1.7769999999999999     
   175.85896264427078       -34.870263859642627        167.41437760189811        40.984239456735160        1.7769999999999999     
   232.44574357054518        119.84019423259360       -147.49111680466552        133.84962463178746        0.0000000000000000     
   59.117683658157759        21.536828766268254        39.068407934827754       -38.790785365036641        0.0000000000000000     

 PASSED   1.0000000000000001E-005
 MU_R    =    325.00000000000000     
 ALPHA_S =   0.11799999999999999     
 BORN                    2.9994653087195258E-009
 SINGLE POLE (MadFKS)   -3.7130932072651051E-010
 DOUBLE POLE (MadFKS)   -3.0043097707100643E-010
 SINGLE POLE (MadLoop)  -3.7130932072651087E-010
 DOUBLE POLE (MadLoop)  -3.0043097707100617E-010
 FINITE PART (MadLoop)   6.9250775060846168E-010
   325.00000000000000        0.0000000000000000        0.0000000000000000        325.00000000000000        0.0000000000000000     
   325.00000000000000        0.0000000000000000        0.0000000000000000       -325.00000000000000        0.0000000000000000     
   190.11250831246124        78.882513502516687        171.07670701582981       -25.493478930911891        1.7769999999999999     
   45.524671715504276        41.866001799359623        5.6081889707282553        16.885618603091018        1.7769999999999999     
   218.91101009882590       -130.27202668246429       -60.238556606225735        165.29532874382778        0.0000000000000000     
   195.45180987320859        9.5235113805879674       -116.44633938033233       -156.68746841600688        0.0000000000000000     

 PASSED   1.0000000000000001E-005
 MU_R    =    325.00000000000000     
 ALPHA_S =   0.11799999999999999     
 BORN                    2.2496350119950087E-011
 SINGLE POLE (MadFKS)   -3.7347504628918718E-012
 DOUBLE POLE (MadFKS)   -2.2532684166810083E-012
 SINGLE POLE (MadLoop)  -3.7347504628918815E-012
 DOUBLE POLE (MadLoop)  -2.2532684166810050E-012
 FINITE PART (MadLoop)   4.1426111558260476E-012
   325.00000000000000        0.0000000000000000        0.0000000000000000        325.00000000000000        0.0000000000000000     
   325.00000000000000        0.0000000000000000        0.0000000000000000       -325.00000000000000        0.0000000000000000     
   102.94774370195658        62.731940074766058       -76.224017135946497        29.149324356468664        1.7769999999999999     
   271.25175593081622       -210.48215750943444        165.13562530485277       -44.741971256303977        1.7769999999999999     
   184.63970431661710        164.48363420880622       -26.265337881492105        79.668604315391804        0.0000000000000000     
   91.160796050610074       -16.733416774137986       -62.646270287414154       -64.075957415556459        0.0000000000000000     

 PASSED   1.0000000000000001E-005
 MU_R    =    325.00000000000000     
 ALPHA_S =   0.11799999999999999     
 BORN                    9.0392268454437032E-012
 SINGLE POLE (MadFKS)   -1.5911257683714527E-012
 DOUBLE POLE (MadFKS)   -9.0538261777811400E-013
 SINGLE POLE (MadLoop)  -1.5911257683715056E-012
 DOUBLE POLE (MadLoop)  -9.0538261777811884E-013
 FINITE PART (MadLoop)   2.0707485973217910E-012
   325.00000000000000        0.0000000000000000        0.0000000000000000        325.00000000000000        0.0000000000000000     
   325.00000000000000        0.0000000000000000        0.0000000000000000       -325.00000000000000        0.0000000000000000     
   209.25007422512434        56.668580934562847        154.26806731900447       -129.50857568030796        1.7769999999999999     
   191.40677692294787       -180.00762468042950       -55.525078042896503        33.876500531651622        1.7769999999999999     
   149.44534260443297        24.144656110377607       -110.37306077600060        97.819903201778075        0.0000000000000000     
   99.897806247496220        99.194387635489022        11.630071499892559       -2.1878280531217578        0.0000000000000000     

 PASSED   1.0000000000000001E-005
 MU_R    =    325.00000000000000     
 ALPHA_S =   0.11799999999999999     
 BORN                    2.7964015574955198E-010
 SINGLE POLE (MadFKS)   -3.7812144132597168E-011
 DOUBLE POLE (MadFKS)   -2.8009180494903392E-011
 SINGLE POLE (MadLoop)  -3.7812144132595895E-011
 DOUBLE POLE (MadLoop)  -2.8009180494902817E-011
 FINITE PART (MadLoop)   1.2380651531219577E-010
   325.00000000000000        0.0000000000000000        0.0000000000000000        325.00000000000000        0.0000000000000000     
   325.00000000000000        0.0000000000000000        0.0000000000000000       -325.00000000000000        0.0000000000000000     
   138.16673411406254        125.90771160695819       -23.796699151371630        51.651272531702475        1.7769999999999999     
   223.51161986680665        6.8864587779054833        168.39832838028178       -146.79532067034995        1.7769999999999999     
   222.66602913824690       -155.28720484623338       -155.80948206702004        34.488401546687328        0.0000000000000000     
   65.655616880887251        22.493034461369703        11.207852838109879        60.655646591960043        0.0000000000000000     

 PASSED   1.0000000000000001E-005
 MU_R    =    325.00000000000000     
 ALPHA_S =   0.11799999999999999     
 BORN                    2.9719604957368481E-010
 SINGLE POLE (MadFKS)   -2.4286697268138626E-011
 DOUBLE POLE (MadFKS)   -2.9767605344694599E-011
 SINGLE POLE (MadLoop)  -2.4286697268137181E-011
 DOUBLE POLE (MadLoop)  -2.9767605344693190E-011
 FINITE PART (MadLoop)   2.0661882597713258E-010
   325.00000000000000        0.0000000000000000        0.0000000000000000        325.00000000000000        0.0000000000000000     
   325.00000000000000        0.0000000000000000        0.0000000000000000       -325.00000000000000        0.0000000000000000     
   206.87746428159679       -192.00703498885022       -2.2742396113408927        76.962678276967608        1.7769999999999999     
   131.24411644973895        74.425209221661220        105.60151699175618        23.044917336029318        1.7769999999999999     
   190.03352240240105        30.024020481117340       -65.516843486730139       -175.83754164099489        0.0000000000000000     
   121.84489686626785        87.557805286071641       -37.810433893685158        75.829946027997934        0.0000000000000000     

 NUMBER OF POINTS PASSING THE CHECK          20
 NUMBER OF POINTS FAILING THE CHECK           0
 TOLERANCE    1.0000000000000001E-005
