==== LHAPDF6 USING DEFAULT-TYPE LHAGLUE INTERFACE ====
LHAPDF 6.2.1 loading /cvmfs/cms.cern.ch/slc6_amd64_gcc481/external/lhapdf/6.2.1/share/LHAPDF/NNPDF31_nnlo_hessian_pdfas/NNPDF31_nnlo_hessian_pdfas_0000.dat
NNPDF31_nnlo_hessian_pdfas PDF set, member #0, version 1; LHAPDF ID = 306000
 A PDF is used, so alpha_s(MZ) is going to be modified
 Old value of alpha_s from param_card:   0.11799999999999999     
 New value of alpha_s from PDF lhapdf :  0.11800208008122040     
 using LHAPDF
 *****************************************************
 *               MadGraph/MadEvent                   *
 *        --------------------------------           *
 *          http://madgraph.hep.uiuc.edu             *
 *          http://madgraph.phys.ucl.ac.be           *
 *          http://madgraph.roma2.infn.it            *
 *        --------------------------------           *
 *                                                   *
 *          PARAMETER AND COUPLING VALUES            *
 *                                                   *
 *****************************************************

  External Params
  ---------------------------------
  
 MU_R =    91.188000000000002     
 aEWM1 =    132.50700000000001     
 mdl_Gf =    1.1663900000000000E-005
 aS =   0.11799999999999999     
 mdl_lamWS =   0.22530000000000000     
 mdl_AWS =   0.80800000000000005     
 mdl_rhoWS =   0.13200000000000001     
 mdl_etaWS =   0.34100000000000003     
 mdl_ymt =    173.00000000000000     
 mdl_ymtau =    1.7769999999999999     
 mdl_MT =    173.00000000000000     
 mdl_MZ =    91.188000000000002     
 mdl_MH =    125.00000000000000     
 mdl_MTA =    1.7769999999999999     
 mdl_WT =    1.4915000000000000     
 mdl_WZ =    2.4414039999999999     
 mdl_WW =    2.0476000000000001     
 mdl_WH =    6.3823389999999999E-003
  Internal Params
  ---------------------------------
  
 mdl_CKM33 =    1.0000000000000000     
 mdl_conjg__CKM3x3 =    1.0000000000000000     
 mdl_I4x33 =    0.0000000000000000     
 mdl_I1x33 =    0.0000000000000000     
 mdl_lhv =    1.0000000000000000     
 mdl_CKM3x3 =    1.0000000000000000     
 mdl_conjg__CKM33 =    1.0000000000000000     
 mdl_Ncol =    3.0000000000000000     
 mdl_CA =    3.0000000000000000     
 mdl_TF =   0.50000000000000000     
 mdl_CF =    1.3333333333333333     
 mdl_lamWS__exp__2 =    5.0760090000000001E-002
 mdl_CKM11 =  ( 0.97461995499999998     ,  0.0000000000000000     )
 mdl_CKM12 =  ( 0.22530000000000000     ,  0.0000000000000000     )
 mdl_complexi =  (  0.0000000000000000     ,  1.0000000000000000     )
 mdl_lamWS__exp__3 =    1.1436248277000001E-002
 mdl_CKM13 =  (  1.2197444962317122E-003, -3.1510066152652563E-003)
 mdl_CKM21 =  (-0.22530000000000000     ,  0.0000000000000000     )
 mdl_CKM22 =  ( 0.97461995499999998     ,  0.0000000000000000     )
 mdl_CKM23 =  (  4.1014152720000002E-002,  0.0000000000000000     )
 mdl_CKM31 =  (  8.0207441115842885E-003, -3.1510066152652563E-003)
 mdl_CKM32 =  ( -4.1014152720000002E-002,  0.0000000000000000     )
 mdl_MZ__exp__2 =    8315.2513440000002     
 mdl_MZ__exp__4 =    69143404.913893804     
 mdl_sqrt__2 =    1.4142135623730951     
 mdl_MH__exp__2 =    15625.000000000000     
 mdl_CKM1x1 =  ( 0.97461995499999998     ,  0.0000000000000000     )
 mdl_CKM1x2 =  ( 0.22530000000000000     ,  0.0000000000000000     )
 mdl_CKM1x3 =  (  1.2197444962317122E-003, -3.1510066152652563E-003)
 mdl_CKM2x1 =  (-0.22530000000000000     ,  0.0000000000000000     )
 mdl_CKM2x2 =  ( 0.97461995499999998     ,  0.0000000000000000     )
 mdl_CKM2x3 =  (  4.1014152720000002E-002,  0.0000000000000000     )
 mdl_CKM3x1 =  (  8.0207441115842885E-003, -3.1510066152652563E-003)
 mdl_CKM3x2 =  ( -4.1014152720000002E-002,  0.0000000000000000     )
 mdl_conjg__CKM1x3 =  (  1.2197444962317122E-003,  3.1510066152652563E-003)
 mdl_conjg__CKM2x3 =  (  4.1014152720000002E-002, -0.0000000000000000     )
 mdl_conjg__CKM2x1 =  (-0.22530000000000000     , -0.0000000000000000     )
 mdl_conjg__CKM3x1 =  (  8.0207441115842885E-003,  3.1510066152652563E-003)
 mdl_conjg__CKM2x2 =  ( 0.97461995499999998     , -0.0000000000000000     )
 mdl_conjg__CKM3x2 =  ( -4.1014152720000002E-002, -0.0000000000000000     )
 mdl_Ncol__exp__2 =    9.0000000000000000     
 mdl_MT__exp__2 =    29929.000000000000     
 mdl_conjg__CKM11 =  ( 0.97461995499999998     , -0.0000000000000000     )
 mdl_conjg__CKM12 =  ( 0.22530000000000000     , -0.0000000000000000     )
 mdl_conjg__CKM13 =  (  1.2197444962317122E-003,  3.1510066152652563E-003)
 mdl_conjg__CKM21 =  (-0.22530000000000000     , -0.0000000000000000     )
 mdl_conjg__CKM22 =  ( 0.97461995499999998     , -0.0000000000000000     )
 mdl_conjg__CKM23 =  (  4.1014152720000002E-002, -0.0000000000000000     )
 mdl_conjg__CKM31 =  (  8.0207441115842885E-003,  3.1510066152652563E-003)
 mdl_conjg__CKM32 =  ( -4.1014152720000002E-002, -0.0000000000000000     )
 mdl_aEW =    7.5467711139788835E-003
 mdl_MW =    80.419002445756163     
 mdl_sqrt__aEW =    8.6872153846781555E-002
 mdl_ee =   0.30795376724436879     
 mdl_MW__exp__2 =    6467.2159543705357     
 mdl_sw2 =   0.22224648578577766     
 mdl_cw =   0.88190334743339216     
 mdl_sqrt__sw2 =   0.47143025548407230     
 mdl_sw =   0.47143025548407230     
 mdl_g1 =   0.34919219678733299     
 mdl_gw =   0.65323293034757990     
 mdl_v =    246.21845810181637     
 mdl_v__exp__2 =    60623.529110035903     
 mdl_lam =   0.12886910601690263     
 mdl_yt =   0.99366614581500623     
 mdl_ytau =    1.0206617000654717E-002
 mdl_muH =    88.388347648318430     
 mdl_AxialZUp =  -0.18517701861793787     
 mdl_AxialZDown =   0.18517701861793787     
 mdl_VectorZUp =    7.5430507588273299E-002
 mdl_VectorZDown =  -0.13030376310310560     
 mdl_VectorAUp =   0.20530251149624587     
 mdl_VectorADown =  -0.10265125574812294     
 mdl_VectorWmDxU =   0.23095271737156670     
 mdl_AxialWmDxU =  -0.23095271737156670     
 mdl_VectorWpUxD =   0.23095271737156670     
 mdl_AxialWpUxD =  -0.23095271737156670     
 mdl_I2x13 =  (  7.9699418879263656E-003,  3.1310485988282153E-003)
 mdl_I2x23 =  ( -4.0754375057150453E-002, -0.0000000000000000     )
 mdl_I2x33 =  ( 0.99366614581500623     ,  0.0000000000000000     )
 mdl_I3x31 =  (  7.9699418879263656E-003, -3.1310485988282153E-003)
 mdl_I3x32 =  ( -4.0754375057150453E-002,  0.0000000000000000     )
 mdl_I3x33 =  ( 0.99366614581500623     ,  0.0000000000000000     )
 mdl_Vector_tdGp =  ( -7.9699418879263656E-003, -3.1310485988282153E-003)
 mdl_Vector_tsGp =  (  4.0754375057150453E-002,  0.0000000000000000     )
 mdl_Vector_tbGp =  (-0.99366614581500623     ,  0.0000000000000000     )
 mdl_Axial_tdGp =  ( -7.9699418879263656E-003, -3.1310485988282153E-003)
 mdl_Axial_tsGp =  (  4.0754375057150453E-002,  0.0000000000000000     )
 mdl_Axial_tbGp =  (-0.99366614581500623     , -0.0000000000000000     )
 mdl_Vector_tdGm =  (  7.9699418879263656E-003, -3.1310485988282153E-003)
 mdl_Vector_tsGm =  ( -4.0754375057150453E-002,  0.0000000000000000     )
 mdl_Vector_tbGm =  ( 0.99366614581500623     ,  0.0000000000000000     )
 mdl_Axial_tdGm =  ( -7.9699418879263656E-003,  3.1310485988282153E-003)
 mdl_Axial_tsGm =  (  4.0754375057150453E-002, -0.0000000000000000     )
 mdl_Axial_tbGm =  (-0.99366614581500623     ,  0.0000000000000000     )
 mdl_gw__exp__2 =   0.42671326129048615     
 mdl_cw__exp__2 =   0.77775351421422245     
 mdl_ee__exp__2 =    9.4835522759998875E-002
 mdl_sw__exp__2 =   0.22224648578577769     
 mdl_yt__exp__2 =   0.98737240933884918     
  Internal Params evaluated point by point
  ----------------------------------------
  
 mdl_sqrt__aS =   0.34351128074635334     
 mdl_G__exp__4 =    2.1987899468922913     
 mdl_G__exp__2 =    1.4828317324943823     
 mdl_R2MixedFactor_FIN_ =   -2.5040377713124864E-002
 mdl_G_UVg_1EPS_ =   -5.1645779033320030E-002
 mdl_G_UVq_1EPS_ =    3.1300472141406080E-003
 mdl_G_UVb_1EPS_ =    3.1300472141406080E-003
 mdl_GWcft_UV_t_1EPS_ =   -3.1300472141406080E-003
 mdl_tWcft_UV_1EPS_ =   -1.8780283284843650E-002
 mdl_G__exp__3 =    1.8056676068262196     
 mdl_MU_R__exp__2 =    8315.2513440000002     
 mdl_G_UVt_FIN_ =   -4.0087659331150384E-003
 mdl_GWcft_UV_t_FIN_ =    4.0087659331150384E-003
 mdl_tWcft_UV_FIN_ =   -9.8778211443463623E-004
  Couplings of loop_sm-ckm_no_b_mass
  ---------------------------------
  
       UV_3Gt =   0.48815E-02   0.00000E+00
      UV_GQQt =   0.00000E+00  -0.48815E-02
   UVWfct_G_2 =   0.40088E-02   0.00000E+00
       R2_DDA =   0.00000E+00   0.25704E-02
       R2_UUA =  -0.00000E+00  -0.51409E-02
    R2_DDZ_V2 =   0.00000E+00   0.72127E-02
    R2_UUZ_V2 =  -0.00000E+00  -0.72127E-02
    R2_UUZ_V5 =   0.00000E+00   0.68702E-03
      R2_GGHt =   0.00000E+00  -0.45657E+01
     R2_GGZup =  -0.46369E-02   0.00000E+00
   R2_GGZdown =   0.46369E-02   0.00000E+00
 R2_GGGZvecUp =   0.00000E+00   0.28750E-03
 R2_GGGZvecDown  -0.00000E+00  -0.49665E-03
 R2_GGGZaxialUp  -0.00000E+00  -0.63522E-02
 R2_GGGZaxialDow  0.00000E+00   0.63522E-02
 R2_GGGAvecUp =   0.00000E+00   0.78251E-03
 R2_GGGAvecDown  -0.00000E+00  -0.39126E-03
         GC_4 =  -0.12177E+01   0.00000E+00
         GC_5 =   0.00000E+00   0.12177E+01
         GC_6 =   0.00000E+00   0.14828E+01
       R2_3Gq =   0.76230E-02   0.00000E+00
       R2_3Gg =   0.31445E-01   0.00000E+00
       R2_GQQ =  -0.00000E+00  -0.30492E-01
       R2_GGq =   0.00000E+00   0.62601E-02
       R2_GGt =  -0.00000E+00  -0.11242E+04
     R2_GGg_1 =   0.00000E+00   0.28170E-01
     R2_GGg_2 =  -0.00000E+00  -0.18780E-01
       R2_QQq =   0.00000E+00   0.12520E-01
  UV_3Gg_1eps =   0.62890E-01   0.00000E+00
  UV_3Gb_1eps =  -0.38115E-02   0.00000E+00
 UV_GQQg_1eps =   0.00000E+00  -0.62890E-01
 UV_GQQq_1eps =   0.00000E+00   0.38115E-02
 UVWfct_G_2_1eps -0.31300E-02   0.00000E+00
         GC_1 =  -0.00000E+00  -0.10265E+00
         GC_2 =   0.00000E+00   0.20530E+00
        GC_21 =  -0.00000E+00  -0.28804E+00
        GC_22 =   0.00000E+00   0.28804E+00
        GC_23 =  -0.00000E+00  -0.27437E-01
        GC_24 =   0.00000E+00   0.82310E-01
        GC_37 =  -0.00000E+00  -0.70263E+00
        GC_38 =  -0.00000E+00  -0.72172E-02
      GC_1003 =  -0.00000E+00  -0.30795E+00

 Collider parameters:
 --------------------

 Running at P P   machine @    13000.000000000000       GeV
 PDF set = lhapdf 
 alpha_s(Mz)= 0.1180 running at 3 loops.
 alpha_s(Mz)= 0.1180 running at 3 loops.
 Renormalization scale set on event-by-event basis
 Factorization   scale set on event-by-event basis


 ===============================================================
 INFO: MadFKS read these parameters from FKS_params.dat
 ===============================================================
  > IRPoleCheckThreshold      =    1.0000000000000001E-005
  > PrecisionVirtualAtRunTime =    1.0000000000000000E-003
  > NHelForMCoverHels         =            4
  > VirtualFraction           =    1.0000000000000000     
  > MinVirtualFraction        =    5.0000000000000001E-003
 ===============================================================
  Insert the number of points to test
 Insert the relative tolerance
  A negative number will mean use the default one:    1.0000000000000001E-005
Using random seed offsets:     0 ,     84 ,      0
  with seed                   32
 Ranmar initialization seeds       10729        9490
  ========================================================================================== 
 {                                                                                          }
 {       [32m                                                                            [0m       }
 {       [32m                               ,,                                           [0m       }
 {       [32m`7MMM.     ,MMF'             `7MM  `7MMF'                                   [0m       }
 {       [32m  MMMb    dPMM                 MM    MM                                     [0m       }
 {       [32m  M YM   ,M MM   ,6"Yb.   ,M""bMM    MM         ,pW"Wq.   ,pW"Wq.`7MMpdMAo. [0m       }
 {       [32m  M  Mb  M' MM  8)   MM ,AP    MM    MM        6W'   `Wb 6W'   `Wb MM   `Wb [0m       }
 {       [32m  M  YM.P'  MM   ,pm9MM 8MI    MM    MM      , 8M     M8 8M     M8 MM    M8 [0m       }
 {       [32m  M  `YM'   MM  8M   MM `Mb    MM    MM     ,M YA.   ,A9 YA.   ,A9 MM   ,AP [0m       }
 {       [32m.JML. `'  .JMML.`Moo9^Yo.`Wbmd"MML..JMMmmmmMMM  `Ybmd9'   `Ybmd9'  MMbmmd'  [0m       }
 {       [32m                                                                   MM       [0m       }
 {       [32m                                                                 .JMML.     [0m       }
 {       [32m[0mv2.4.2 (2016-06-10), Ref: arXiv:1103.0621v2, arXiv:1405.0301[32m                [0m       }
 {       [32m                                                                            [0m       }
 {                                                                                          }
  ========================================================================================== 
 ===============================================================
 INFO: MadLoop read these parameters from ./MadLoop5_resources/MadLoopParams.dat                                                                                                                                                                                                                                                                                                                                                                                                                                                                                          
 ===============================================================
  > MLReductionLib            = 6|1|2
  > IREGIMODE                 =            2
  > IREGIRECY                 =  T
  > CTModeRun                 =           -1
  > MLStabThres               =    1.0000000000000000E-003
  > NRotations_DP             =            1
  > NRotations_QP             =            0
  > CTStabThres               =    1.0000000000000000E-002
  > CTLoopLibrary             =            2
  > CTModeInit                =            1
  > CheckCycle                =            3
  > MaxAttempts               =           10
  > UseLoopFilter             =  F
  > HelicityFilterLevel       =            2
  > ImprovePSPoint            =            2
  > DoubleCheckHelicityFilter =  T
  > LoopInitStartOver         =  F
  > HelInitStartOver          =  F
  > ZeroThres                 =    1.0000000000000001E-009
  > OSThres                   =    1.0000000000000000E-008
  > WriteOutFilters           =  T
  > UseQPIntegrandForNinja    =  F
  > UseQPIntegrandForCutTools =  T
 ===============================================================
  
------------------------------------------------------------------------
|              You are using CutTools - Version 1.9.3                  |
|              Authors: G. Ossola, C. Papadopoulos, R. Pittau          |
|              Published in JHEP 0803:042,2008                         |
|              http://www.ugr.es/~pittau/CutTools                      |
|                                                                      |
|              Compiler with  34  significant digits detetected        |
 ---------------------------------------------------------------------- 
   
########################################################################
#                                                                      #
#                      You are using OneLOop-3.6                       #
#                                                                      #
# for the evaluation of 1-loop scalar 1-, 2-, 3- and 4-point functions #
#                                                                      #
# author: Andreas van Hameren <hamerenREMOVETHIS@ifj.edu.pl>           #
#   date: 18-02-2015                                                   #
#                                                                      #
# Please cite                                                          #
#    A. van Hameren,                                                   #
#      Comput.Phys.Commun. 182 (2011) 2427-2438, arXiv:1007.4716       #
#    A. van Hameren, C.G. Papadopoulos and R. Pittau,                  #
#      JHEP 0909:106,2009, arXiv:0903.4665                             #
# in publications with results obtained with the help of this program. #
#                                                                      #
########################################################################
 PASSED   1.0000000000000001E-005
 MU_R    =    325.00000000000000     
 ALPHA_S =   0.11799999999999999     
 BORN                    3.4291194920302696E-011
 SINGLE POLE (MadFKS)   -4.6116819135218939E-012
 DOUBLE POLE (MadFKS)   -3.4346578921550730E-012
 SINGLE POLE (MadLoop)  -4.6116819135218462E-012
 DOUBLE POLE (MadLoop)  -3.4346578921550443E-012
 FINITE PART (MadLoop)   1.3522206538994696E-011
   325.00000000000000        0.0000000000000000        0.0000000000000000        325.00000000000000        0.0000000000000000     
   325.00000000000000        0.0000000000000000        0.0000000000000000       -325.00000000000000        0.0000000000000000     
   195.16391929675910        38.954740622321921        191.21733515023763       -2.0631498639723489        1.7769999999999999     
   126.16527969374950        95.459893131917909        18.117401970941383       -80.459235767363438        1.7769999999999999     
   93.760550771647829        49.684930007049729       -76.112238226746186        23.008168186806014        0.0000000000000000     
   234.91025023784943       -184.09956376128957       -133.22249889443282        59.514217444529784        0.0000000000000000     

 PASSED   1.0000000000000001E-005
 MU_R    =    325.00000000000000     
 ALPHA_S =   0.11799999999999999     
 BORN                    9.7408517346809824E-012
 SINGLE POLE (MadFKS)   -1.6302963878959452E-012
 DOUBLE POLE (MadFKS)   -9.7565842673583751E-013
 SINGLE POLE (MadLoop)  -1.6302963878957190E-012
 DOUBLE POLE (MadLoop)  -9.7565842673580944E-013
 FINITE PART (MadLoop)   4.5553174422097840E-012
   325.00000000000000        0.0000000000000000        0.0000000000000000        325.00000000000000        0.0000000000000000     
   325.00000000000000        0.0000000000000000        0.0000000000000000       -325.00000000000000        0.0000000000000000     
   179.66727707113179        20.738756112504252       -178.43955766947371       -2.5300147792983982        1.7769999999999999     
   169.78381339491412        52.199695418041578        48.565012213795164        154.07795737501399        1.7769999999999999     
   246.56908750884904       -112.93257640448843        116.91018956637325       -185.40376392388990        0.0000000000000000     
   53.979822025108049        39.994124873942589        12.964355889305327        33.855821328174294        0.0000000000000000     

 PASSED   1.0000000000000001E-005
 MU_R    =    325.00000000000000     
 ALPHA_S =   0.11799999999999999     
 BORN                    5.6779522252841847E-012
 SINGLE POLE (MadFKS)   -9.8119187952952578E-013
 DOUBLE POLE (MadFKS)   -5.6871227343277527E-013
 SINGLE POLE (MadLoop)  -9.8119187952949387E-013
 DOUBLE POLE (MadLoop)  -5.6871227343276578E-013
 FINITE PART (MadLoop)   1.5416502943814754E-012
   325.00000000000000        0.0000000000000000        0.0000000000000000        325.00000000000000        0.0000000000000000     
   325.00000000000000        0.0000000000000000        0.0000000000000000       -325.00000000000000        0.0000000000000000     
   120.51114969472833       -119.28299273949538        1.4289855877927564       -17.008971604556884        1.7769999999999999     
   296.71688128097850        291.96341840827739        44.431164466671689       -28.652815631260228        1.7769999999999999     
   158.22547788682161       -124.71806535368781       -95.712266253122095        17.884857160118919        0.0000000000000000     
   74.546491137474817       -47.962360315094159        49.852116198657633        27.776930075698196        0.0000000000000000     

 PASSED   1.0000000000000001E-005
 MU_R    =    325.00000000000000     
 ALPHA_S =   0.11799999999999999     
 BORN                    9.6560574473463651E-012
 SINGLE POLE (MadFKS)   -1.1453635362347290E-012
 DOUBLE POLE (MadFKS)   -9.6716530280474118E-013
 SINGLE POLE (MadLoop)  -1.1453635362379210E-012
 DOUBLE POLE (MadLoop)  -9.6716530280472946E-013
 FINITE PART (MadLoop)   4.6786246636231271E-012
   325.00000000000000        0.0000000000000000        0.0000000000000000        325.00000000000000        0.0000000000000000     
   325.00000000000000        0.0000000000000000        0.0000000000000000       -325.00000000000000        0.0000000000000000     
   176.80551727144331       -50.089050231300206       -78.958961276769955       -150.04533544779878        1.7769999999999999     
   148.52599376744212       -42.320404099233357        11.755730796364874        141.87177057444248        1.7769999999999999     
   110.00943882271837       -70.018206073546594       -50.589864312196369       -68.118962684448860        0.0000000000000000     
   214.65905013840069        162.42766040408017        117.79309479260145        76.292527557805073        0.0000000000000000     

 PASSED   1.0000000000000001E-005
 MU_R    =    325.00000000000000     
 ALPHA_S =   0.11799999999999999     
 BORN                    7.1377251496631026E-009
 SINGLE POLE (MadFKS)   -2.8083851312862663E-010
 DOUBLE POLE (MadFKS)   -7.1492533504013928E-010
 SINGLE POLE (MadLoop)  -2.8083851312870056E-010
 DOUBLE POLE (MadLoop)  -7.1492533504012553E-010
 FINITE PART (MadLoop)   5.7838450760127955E-009
   325.00000000000000        0.0000000000000000        0.0000000000000000        325.00000000000000        0.0000000000000000     
   325.00000000000000        0.0000000000000000        0.0000000000000000       -325.00000000000000        0.0000000000000000     
   85.998201834395744       -65.115043996760264       -53.571176036745982        16.813480695246639        1.7769999999999999     
   155.12023693168308        11.541341774316967        57.549882302632774        143.57555033411160        1.7769999999999999     
   125.75272182090420       -66.239058128400842       -56.585677615248365        90.687349241507960        0.0000000000000000     
   283.12883941301703        119.81276035084416        52.606971349361565       -251.07638027086617        0.0000000000000000     

 PASSED   1.0000000000000001E-005
 MU_R    =    325.00000000000000     
 ALPHA_S =   0.11799999999999999     
 BORN                    1.3420347517641096E-011
 SINGLE POLE (MadFKS)   -2.3801315293551939E-012
 DOUBLE POLE (MadFKS)   -1.3442022835325229E-012
 SINGLE POLE (MadLoop)  -2.3801315293552335E-012
 DOUBLE POLE (MadLoop)  -1.3442022835325271E-012
 FINITE PART (MadLoop)   2.9188983318105753E-012
   325.00000000000000        0.0000000000000000        0.0000000000000000        325.00000000000000        0.0000000000000000     
   325.00000000000000        0.0000000000000000        0.0000000000000000       -325.00000000000000        0.0000000000000000     
   295.85591611790994        278.30139665479976        50.061861694706302        87.004068850920063        1.7769999999999999     
   65.075447034215969       -27.696508387519053       -50.283296841449477       -30.596561238116468        1.7769999999999999     
   74.672796673814446       -44.428940710679811       -52.156755923223997       -29.694588765985017        0.0000000000000000     
   214.39584017405960       -206.17594755660076        52.378191069967222       -26.712918846818582        0.0000000000000000     

 PASSED   1.0000000000000001E-005
 MU_R    =    325.00000000000000     
 ALPHA_S =   0.11799999999999999     
 BORN                    2.9374671431035030E-010
 SINGLE POLE (MadFKS)   -3.2078912192154159E-011
 DOUBLE POLE (MadFKS)   -2.9422114713282210E-011
 SINGLE POLE (MadLoop)  -3.2078912192152388E-011
 DOUBLE POLE (MadLoop)  -2.9422114713281951E-011
 FINITE PART (MadLoop)   8.8588352045439932E-011
   325.00000000000000        0.0000000000000000        0.0000000000000000        325.00000000000000        0.0000000000000000     
   325.00000000000000        0.0000000000000000        0.0000000000000000       -325.00000000000000        0.0000000000000000     
   42.794193414438610        7.2274420017069323        23.865738622365498       -34.732921891388223        1.7769999999999999     
   236.22705618715125        234.03102148238358       -8.4407192127175215       -30.956414342292771        1.7769999999999999     
   276.04416721917084       -253.36943839349067       -104.12459186150237        34.093684364823957        0.0000000000000000     
   94.934583179239283        12.110974909400118        88.699572451854351        31.595651868857136        0.0000000000000000     

 PASSED   1.0000000000000001E-005
 MU_R    =    325.00000000000000     
 ALPHA_S =   0.11799999999999999     
 BORN                    5.2439469944722088E-010
 SINGLE POLE (MadFKS)   -4.0108839176137765E-011
 DOUBLE POLE (MadFKS)   -5.2524165379676008E-011
 SINGLE POLE (MadLoop)  -4.0108839176053819E-011
 DOUBLE POLE (MadLoop)  -5.2524165379661203E-011
 FINITE PART (MadLoop)   4.7177685624488371E-010
   325.00000000000000        0.0000000000000000        0.0000000000000000        325.00000000000000        0.0000000000000000     
   325.00000000000000        0.0000000000000000        0.0000000000000000       -325.00000000000000        0.0000000000000000     
   53.524033784202281       -38.926589092810460       -30.564260290569720        20.302982983350521        1.7769999999999999     
   252.34456550759123        193.94464419539497       -79.326336556939296       -140.59669031876905        1.7769999999999999     
   126.69425794399120        24.616426078389821       -12.580449098128154        123.64141241345943        0.0000000000000000     
   217.43714276421531       -179.63448118097438        122.47104594563717       -3.3477050780408826        0.0000000000000000     

 PASSED   1.0000000000000001E-005
 MU_R    =    325.00000000000000     
 ALPHA_S =   0.11799999999999999     
 BORN                    1.3237737219470784E-010
 SINGLE POLE (MadFKS)   -1.4915098342675650E-011
 DOUBLE POLE (MadFKS)   -1.3259117601705591E-011
 SINGLE POLE (MadLoop)  -1.4915098342674441E-011
 DOUBLE POLE (MadLoop)  -1.3259117601704964E-011
 FINITE PART (MadLoop)   7.2557558519804179E-011
   325.00000000000000        0.0000000000000000        0.0000000000000000        325.00000000000000        0.0000000000000000     
   325.00000000000000        0.0000000000000000        0.0000000000000000       -325.00000000000000        0.0000000000000000     
   149.98445298610969       -140.65662951714017       -51.978740591377999        2.4701230647003323        1.7769999999999999     
   186.69569007925520        82.379925425738222       -31.793710251401738        164.48352756573846        1.7769999999999999     
   119.13030587067381        82.420131244322974       -69.683711080541826       -50.429477020413820        0.0000000000000000     
   194.18955106396518       -24.143427152921031        153.45616192332156       -116.52417361002497        0.0000000000000000     

 PASSED   1.0000000000000001E-005
 MU_R    =    325.00000000000000     
 ALPHA_S =   0.11799999999999999     
 BORN                    9.8239386616824474E-009
 SINGLE POLE (MadFKS)   -6.9723952419223385E-010
 DOUBLE POLE (MadFKS)   -9.8398053887639557E-010
 SINGLE POLE (MadLoop)  -6.9723952419230799E-010
 DOUBLE POLE (MadLoop)  -9.8398053887641191E-010
 FINITE PART (MadLoop)   4.6014502199961348E-009
   325.00000000000000        0.0000000000000000        0.0000000000000000        325.00000000000000        0.0000000000000000     
   325.00000000000000        0.0000000000000000        0.0000000000000000       -325.00000000000000        0.0000000000000000     
   77.048273388401824        37.305020932829201        66.567901792301910       -10.503740633961572        1.7769999999999999     
   56.942895989882423        39.788064105593101       -15.930344308818565       -37.449562876571413        1.7769999999999999     
   283.07453699682367       -239.04840841880821       -103.31940992594096       -110.96013455721904        0.0000000000000000     
   232.93429362489206        161.95532338038589        52.681852442457625        158.91343806775197        0.0000000000000000     

 PASSED   1.0000000000000001E-005
 MU_R    =    325.00000000000000     
 ALPHA_S =   0.11799999999999999     
 BORN                    7.0048530903399927E-011
 SINGLE POLE (MadFKS)   -1.0540749345790964E-011
 DOUBLE POLE (MadFKS)   -7.0161666882825360E-012
 SINGLE POLE (MadLoop)  -1.0540749345792744E-011
 DOUBLE POLE (MadLoop)  -7.0161666882825142E-012
 FINITE PART (MadLoop)   4.3646851913953704E-011
   325.00000000000000        0.0000000000000000        0.0000000000000000        325.00000000000000        0.0000000000000000     
   325.00000000000000        0.0000000000000000        0.0000000000000000       -325.00000000000000        0.0000000000000000     
   182.07799467365510        104.95914594801920       -121.44942160336886        85.923536295063840        1.7769999999999999     
   197.79156477306677       -137.96810640453228        95.365414678949307        104.82645021480964        1.7769999999999999     
   176.69496116346292        78.811752192898069        84.301422994064538       -133.80241813217972        0.0000000000000000     
   93.435479389817047       -45.802791736385117       -58.217416069644990       -56.947568377693706        0.0000000000000000     

 PASSED   1.0000000000000001E-005
 MU_R    =    325.00000000000000     
 ALPHA_S =   0.11799999999999999     
 BORN                    3.9994749506842459E-010
 SINGLE POLE (MadFKS)   -2.9606277964546204E-011
 DOUBLE POLE (MadFKS)   -4.0059345367725983E-011
 SINGLE POLE (MadLoop)  -2.9606277964547748E-011
 DOUBLE POLE (MadLoop)  -4.0059345367725305E-011
 FINITE PART (MadLoop)   3.1586415208731750E-010
   325.00000000000000        0.0000000000000000        0.0000000000000000        325.00000000000000        0.0000000000000000     
   325.00000000000000        0.0000000000000000        0.0000000000000000       -325.00000000000000        0.0000000000000000     
   161.24865683895834       -59.463842436494353        122.47327707646285       -86.384717677421875        1.7769999999999999     
   194.84862425852003        27.142651808747761       -187.86707136464679       -43.955302252375887        1.7769999999999999     
   209.65502864264147        75.115115403616855        29.624684235414001        193.48211430775751        0.0000000000000000     
   84.247690259883001       -42.793924775870309        35.769110052769868       -63.142094377959751        0.0000000000000000     

 PASSED   1.0000000000000001E-005
 MU_R    =    325.00000000000000     
 ALPHA_S =   0.11799999999999999     
 BORN                    4.7201641235663917E-007
 SINGLE POLE (MadFKS)   -5.6099750220702937E-008
 DOUBLE POLE (MadFKS)   -4.7277877008817373E-008
 SINGLE POLE (MadLoop)  -5.6099750220698550E-008
 DOUBLE POLE (MadLoop)  -4.7277877008821000E-008
 FINITE PART (MadLoop)   1.7229855520034217E-007
   325.00000000000000        0.0000000000000000        0.0000000000000000        325.00000000000000        0.0000000000000000     
   325.00000000000000        0.0000000000000000        0.0000000000000000       -325.00000000000000        0.0000000000000000     
   12.045268319047700        10.684503953737440       -3.4574804670576285       -3.9771804032930351        1.7769999999999999     
   292.20443688323633        78.693091190338563        243.30371103788036        141.38945080646553        1.7769999999999999     
   114.49620960911059        9.5498936813733035       -110.84283985894783        27.056355954405685        0.0000000000000000     
   231.25408518860530       -98.927488825449331       -129.00339071187491       -164.46862635757819        0.0000000000000000     

 PASSED   1.0000000000000001E-005
 MU_R    =    325.00000000000000     
 ALPHA_S =   0.11799999999999999     
 BORN                    1.2562444185447340E-009
 SINGLE POLE (MadFKS)   -1.7070761679783903E-010
 DOUBLE POLE (MadFKS)   -1.2582733896146025E-010
 SINGLE POLE (MadLoop)  -1.7070761679783547E-010
 DOUBLE POLE (MadLoop)  -1.2582733896145963E-010
 FINITE PART (MadLoop)   3.7163308867547001E-010
   325.00000000000000        0.0000000000000000        0.0000000000000000        325.00000000000000        0.0000000000000000     
   325.00000000000000        0.0000000000000000        0.0000000000000000       -325.00000000000000        0.0000000000000000     
Thanks for using LHAPDF 6.2.1. Please make sure to cite the paper:
  Eur.Phys.J. C75 (2015) 3, 132  (http://arxiv.org/abs/1412.7420)
   158.58436977892728        62.015683750682619       -145.48294633000947       -11.602237079738089        1.7769999999999999     
   137.75317152367958        12.601565995024421       -125.74065152510808        54.802076825122931        1.7769999999999999     
   97.427474311014862       -88.534261757138694        15.427532470753473       -37.626964900264760        0.0000000000000000     
   256.23498438637836        13.917012011431588        255.79606538436411       -5.5728748451200927        0.0000000000000000     

 PASSED   1.0000000000000001E-005
 MU_R    =    325.00000000000000     
 ALPHA_S =   0.11799999999999999     
 BORN                    4.7379947343302172E-010
 SINGLE POLE (MadFKS)   -6.2222367429363486E-011
 DOUBLE POLE (MadFKS)   -4.7456471100170139E-011
 SINGLE POLE (MadLoop)  -6.2222367429363460E-011
 DOUBLE POLE (MadLoop)  -4.7456471100170114E-011
 FINITE PART (MadLoop)   9.6283903376412428E-011
   325.00000000000000        0.0000000000000000        0.0000000000000000        325.00000000000000        0.0000000000000000     
   325.00000000000000        0.0000000000000000        0.0000000000000000       -325.00000000000000        0.0000000000000000     
   216.55704474180524        186.54967131666021       -51.772416959258429       -97.018724337866686        1.7769999999999999     
   95.162024412043280        88.175846157968095      -0.62664473795493991        35.739063108831679        1.7769999999999999     
   239.22699719353432       -222.35137719320258       -28.697029665331581        83.461977779756126        0.0000000000000000     
   99.053933652617260       -52.374140281425689        81.096091362544982       -22.182316550721143        0.0000000000000000     

 PASSED   1.0000000000000001E-005
 MU_R    =    325.00000000000000     
 ALPHA_S =   0.11799999999999999     
 BORN                    8.0303399969631196E-011
 SINGLE POLE (MadFKS)   -7.5497534920129854E-012
 DOUBLE POLE (MadFKS)   -8.0433098675508209E-012
 SINGLE POLE (MadLoop)  -7.5497534920129692E-012
 DOUBLE POLE (MadLoop)  -8.0433098675507643E-012
 FINITE PART (MadLoop)   3.9590917379314380E-011
   325.00000000000000        0.0000000000000000        0.0000000000000000        325.00000000000000        0.0000000000000000     
   325.00000000000000        0.0000000000000000        0.0000000000000000       -325.00000000000000        0.0000000000000000     
   147.89257992363142       -79.834731751293134       -99.444919292976181       -74.874435560344864        1.7769999999999999     
   135.56010150386496       -105.79743435613972        78.034437587741351       -33.028969477738634        1.7769999999999999     
   120.30381106296997       -39.395560856927943        102.42557044638879        49.295022667351645        0.0000000000000000     
   246.24350750953363        225.02772696436071       -81.015088741153946        58.608382370731839        0.0000000000000000     

 PASSED   1.0000000000000001E-005
 MU_R    =    325.00000000000000     
 ALPHA_S =   0.11799999999999999     
 BORN                    1.1175919309796552E-010
 SINGLE POLE (MadFKS)   -2.4999969465990016E-011
 DOUBLE POLE (MadFKS)   -1.1193969632348456E-011
 SINGLE POLE (MadLoop)  -2.4999969465990963E-011
 DOUBLE POLE (MadLoop)  -1.1193969632348681E-011
 FINITE PART (MadLoop)   1.8929780657234897E-011
   325.00000000000000        0.0000000000000000        0.0000000000000000        325.00000000000000        0.0000000000000000     
   325.00000000000000        0.0000000000000000        0.0000000000000000       -325.00000000000000        0.0000000000000000     
   272.61416849568872        252.23988692981123        54.029125431779669       -88.154524457391176        1.7769999999999999     
   149.12260345902968       -105.39076495539618       -79.538799089816450       -69.287511391774331        1.7769999999999999     
   62.492141084332602       -25.824578995437363       -19.471320947663742        53.471735314702478        0.0000000000000000     
   165.77108696095070       -121.02454297897795        44.980994605700261        103.97030053446281        0.0000000000000000     

 PASSED   1.0000000000000001E-005
 MU_R    =    325.00000000000000     
 ALPHA_S =   0.11799999999999999     
 BORN                    5.8998450504009142E-007
 SINGLE POLE (MadFKS)   -1.0527604668155473E-007
 DOUBLE POLE (MadFKS)   -5.9093739404379643E-008
 SINGLE POLE (MadLoop)  -1.0527604667550981E-007
 DOUBLE POLE (MadLoop)  -5.9093739403973987E-008
 FINITE PART (MadLoop)   7.4584159210462235E-007
   325.00000000000000        0.0000000000000000        0.0000000000000000        325.00000000000000        0.0000000000000000     
   325.00000000000000        0.0000000000000000        0.0000000000000000       -325.00000000000000        0.0000000000000000     
   294.37601528494645       -155.76732340055489        63.988672270899038       -241.44579397388020        1.7769999999999999     
   106.35060562572501        101.38357144141675       -28.511939849121781        14.687896914865046        1.7769999999999999     
   141.11574853092986       0.89208580127796966        3.1944288529148537        141.07676736681861        0.0000000000000000     
   108.15763055840404        53.491666157859989       -38.671161274692054        85.681129692196691        0.0000000000000000     

 PASSED   1.0000000000000001E-005
 MU_R    =    325.00000000000000     
 ALPHA_S =   0.11799999999999999     
 BORN                    5.8906763647703668E-012
 SINGLE POLE (MadFKS)   -1.1280966120606220E-012
 DOUBLE POLE (MadFKS)   -5.9001904463850921E-013
 SINGLE POLE (MadLoop)  -1.1280966120606597E-012
 DOUBLE POLE (MadLoop)  -5.9001904463850759E-013
 FINITE PART (MadLoop)   1.5675246482819297E-012
   325.00000000000000        0.0000000000000000        0.0000000000000000        325.00000000000000        0.0000000000000000     
   325.00000000000000        0.0000000000000000        0.0000000000000000       -325.00000000000000        0.0000000000000000     
   265.36513982651024       -198.00851615450168        84.055297283232420        155.37964549793230        1.7769999999999999     
   194.85160877688372        162.35895889171377        63.849877465143692       -86.756863297520610        1.7769999999999999     
   75.177554368877438       0.84051443148787941       -74.216193654082218        11.954698485355065        0.0000000000000000     
   114.60569702772926        34.809042831300076       -73.688981094294178       -80.577480685766901        0.0000000000000000     

 PASSED   1.0000000000000001E-005
 MU_R    =    325.00000000000000     
 ALPHA_S =   0.11799999999999999     
 BORN                    1.6336917648002244E-011
 SINGLE POLE (MadFKS)   -1.8881256911539967E-012
 DOUBLE POLE (MadFKS)   -1.6363303542967668E-012
 SINGLE POLE (MadLoop)  -1.8881256911539729E-012
 DOUBLE POLE (MadLoop)  -1.6363303542967404E-012
 FINITE PART (MadLoop)   6.8635281173256247E-012
   325.00000000000000        0.0000000000000000        0.0000000000000000        325.00000000000000        0.0000000000000000     
   325.00000000000000        0.0000000000000000        0.0000000000000000       -325.00000000000000        0.0000000000000000     
   163.03263526437667        97.795321287911889       -81.426338377484839       -101.89361601629764        1.7769999999999999     
   156.92293298734774       -128.39724498743729       -80.895179662858808        39.896949197920293        1.7769999999999999     
   163.27069226101113       -109.21901417210000        119.95349501150028       -18.430543377513427        0.0000000000000000     
   166.77373948726915        139.82093787162538        42.368023028843368        80.427210195890794        0.0000000000000000     

 NUMBER OF POINTS PASSING THE CHECK          20
 NUMBER OF POINTS FAILING THE CHECK           0
 TOLERANCE    1.0000000000000001E-005
