==== LHAPDF6 USING DEFAULT-TYPE LHAGLUE INTERFACE ====
LHAPDF 6.2.1 loading /cvmfs/cms.cern.ch/slc6_amd64_gcc481/external/lhapdf/6.2.1/share/LHAPDF/NNPDF31_nnlo_hessian_pdfas/NNPDF31_nnlo_hessian_pdfas_0000.dat
NNPDF31_nnlo_hessian_pdfas PDF set, member #0, version 1; LHAPDF ID = 306000
 A PDF is used, so alpha_s(MZ) is going to be modified
 Old value of alpha_s from param_card:   0.11799999999999999     
 New value of alpha_s from PDF lhapdf :  0.11800208008122040     
 using LHAPDF
 *****************************************************
 *               MadGraph/MadEvent                   *
 *        --------------------------------           *
 *          http://madgraph.hep.uiuc.edu             *
 *          http://madgraph.phys.ucl.ac.be           *
 *          http://madgraph.roma2.infn.it            *
 *        --------------------------------           *
 *                                                   *
 *          PARAMETER AND COUPLING VALUES            *
 *                                                   *
 *****************************************************

  External Params
  ---------------------------------
  
 MU_R =    91.188000000000002     
 aEWM1 =    132.50700000000001     
 mdl_Gf =    1.1663900000000000E-005
 aS =   0.11799999999999999     
 mdl_lamWS =   0.22530000000000000     
 mdl_AWS =   0.80800000000000005     
 mdl_rhoWS =   0.13200000000000001     
 mdl_etaWS =   0.34100000000000003     
 mdl_ymt =    173.00000000000000     
 mdl_ymtau =    1.7769999999999999     
 mdl_MT =    173.00000000000000     
 mdl_MZ =    91.188000000000002     
 mdl_MH =    125.00000000000000     
 mdl_MTA =    1.7769999999999999     
 mdl_WT =    1.4915000000000000     
 mdl_WZ =    2.4414039999999999     
 mdl_WW =    2.0476000000000001     
 mdl_WH =    6.3823389999999999E-003
  Internal Params
  ---------------------------------
  
 mdl_CKM33 =    1.0000000000000000     
 mdl_conjg__CKM3x3 =    1.0000000000000000     
 mdl_I4x33 =    0.0000000000000000     
 mdl_I1x33 =    0.0000000000000000     
 mdl_lhv =    1.0000000000000000     
 mdl_CKM3x3 =    1.0000000000000000     
 mdl_conjg__CKM33 =    1.0000000000000000     
 mdl_Ncol =    3.0000000000000000     
 mdl_CA =    3.0000000000000000     
 mdl_TF =   0.50000000000000000     
 mdl_CF =    1.3333333333333333     
 mdl_lamWS__exp__2 =    5.0760090000000001E-002
 mdl_CKM11 =  ( 0.97461995499999998     ,  0.0000000000000000     )
 mdl_CKM12 =  ( 0.22530000000000000     ,  0.0000000000000000     )
 mdl_complexi =  (  0.0000000000000000     ,  1.0000000000000000     )
 mdl_lamWS__exp__3 =    1.1436248277000001E-002
 mdl_CKM13 =  (  1.2197444962317122E-003, -3.1510066152652563E-003)
 mdl_CKM21 =  (-0.22530000000000000     ,  0.0000000000000000     )
 mdl_CKM22 =  ( 0.97461995499999998     ,  0.0000000000000000     )
 mdl_CKM23 =  (  4.1014152720000002E-002,  0.0000000000000000     )
 mdl_CKM31 =  (  8.0207441115842885E-003, -3.1510066152652563E-003)
 mdl_CKM32 =  ( -4.1014152720000002E-002,  0.0000000000000000     )
 mdl_MZ__exp__2 =    8315.2513440000002     
 mdl_MZ__exp__4 =    69143404.913893804     
 mdl_sqrt__2 =    1.4142135623730951     
 mdl_MH__exp__2 =    15625.000000000000     
 mdl_CKM1x1 =  ( 0.97461995499999998     ,  0.0000000000000000     )
 mdl_CKM1x2 =  ( 0.22530000000000000     ,  0.0000000000000000     )
 mdl_CKM1x3 =  (  1.2197444962317122E-003, -3.1510066152652563E-003)
 mdl_CKM2x1 =  (-0.22530000000000000     ,  0.0000000000000000     )
 mdl_CKM2x2 =  ( 0.97461995499999998     ,  0.0000000000000000     )
 mdl_CKM2x3 =  (  4.1014152720000002E-002,  0.0000000000000000     )
 mdl_CKM3x1 =  (  8.0207441115842885E-003, -3.1510066152652563E-003)
 mdl_CKM3x2 =  ( -4.1014152720000002E-002,  0.0000000000000000     )
 mdl_conjg__CKM1x3 =  (  1.2197444962317122E-003,  3.1510066152652563E-003)
 mdl_conjg__CKM2x3 =  (  4.1014152720000002E-002, -0.0000000000000000     )
 mdl_conjg__CKM2x1 =  (-0.22530000000000000     , -0.0000000000000000     )
 mdl_conjg__CKM3x1 =  (  8.0207441115842885E-003,  3.1510066152652563E-003)
 mdl_conjg__CKM2x2 =  ( 0.97461995499999998     , -0.0000000000000000     )
 mdl_conjg__CKM3x2 =  ( -4.1014152720000002E-002, -0.0000000000000000     )
 mdl_Ncol__exp__2 =    9.0000000000000000     
 mdl_MT__exp__2 =    29929.000000000000     
 mdl_conjg__CKM11 =  ( 0.97461995499999998     , -0.0000000000000000     )
 mdl_conjg__CKM12 =  ( 0.22530000000000000     , -0.0000000000000000     )
 mdl_conjg__CKM13 =  (  1.2197444962317122E-003,  3.1510066152652563E-003)
 mdl_conjg__CKM21 =  (-0.22530000000000000     , -0.0000000000000000     )
 mdl_conjg__CKM22 =  ( 0.97461995499999998     , -0.0000000000000000     )
 mdl_conjg__CKM23 =  (  4.1014152720000002E-002, -0.0000000000000000     )
 mdl_conjg__CKM31 =  (  8.0207441115842885E-003,  3.1510066152652563E-003)
 mdl_conjg__CKM32 =  ( -4.1014152720000002E-002, -0.0000000000000000     )
 mdl_aEW =    7.5467711139788835E-003
 mdl_MW =    80.419002445756163     
 mdl_sqrt__aEW =    8.6872153846781555E-002
 mdl_ee =   0.30795376724436879     
 mdl_MW__exp__2 =    6467.2159543705357     
 mdl_sw2 =   0.22224648578577766     
 mdl_cw =   0.88190334743339216     
 mdl_sqrt__sw2 =   0.47143025548407230     
 mdl_sw =   0.47143025548407230     
 mdl_g1 =   0.34919219678733299     
 mdl_gw =   0.65323293034757990     
 mdl_v =    246.21845810181637     
 mdl_v__exp__2 =    60623.529110035903     
 mdl_lam =   0.12886910601690263     
 mdl_yt =   0.99366614581500623     
 mdl_ytau =    1.0206617000654717E-002
 mdl_muH =    88.388347648318430     
 mdl_AxialZUp =  -0.18517701861793787     
 mdl_AxialZDown =   0.18517701861793787     
 mdl_VectorZUp =    7.5430507588273299E-002
 mdl_VectorZDown =  -0.13030376310310560     
 mdl_VectorAUp =   0.20530251149624587     
 mdl_VectorADown =  -0.10265125574812294     
 mdl_VectorWmDxU =   0.23095271737156670     
 mdl_AxialWmDxU =  -0.23095271737156670     
 mdl_VectorWpUxD =   0.23095271737156670     
 mdl_AxialWpUxD =  -0.23095271737156670     
 mdl_I2x13 =  (  7.9699418879263656E-003,  3.1310485988282153E-003)
 mdl_I2x23 =  ( -4.0754375057150453E-002, -0.0000000000000000     )
 mdl_I2x33 =  ( 0.99366614581500623     ,  0.0000000000000000     )
 mdl_I3x31 =  (  7.9699418879263656E-003, -3.1310485988282153E-003)
 mdl_I3x32 =  ( -4.0754375057150453E-002,  0.0000000000000000     )
 mdl_I3x33 =  ( 0.99366614581500623     ,  0.0000000000000000     )
 mdl_Vector_tdGp =  ( -7.9699418879263656E-003, -3.1310485988282153E-003)
 mdl_Vector_tsGp =  (  4.0754375057150453E-002,  0.0000000000000000     )
 mdl_Vector_tbGp =  (-0.99366614581500623     ,  0.0000000000000000     )
 mdl_Axial_tdGp =  ( -7.9699418879263656E-003, -3.1310485988282153E-003)
 mdl_Axial_tsGp =  (  4.0754375057150453E-002,  0.0000000000000000     )
 mdl_Axial_tbGp =  (-0.99366614581500623     , -0.0000000000000000     )
 mdl_Vector_tdGm =  (  7.9699418879263656E-003, -3.1310485988282153E-003)
 mdl_Vector_tsGm =  ( -4.0754375057150453E-002,  0.0000000000000000     )
 mdl_Vector_tbGm =  ( 0.99366614581500623     ,  0.0000000000000000     )
 mdl_Axial_tdGm =  ( -7.9699418879263656E-003,  3.1310485988282153E-003)
 mdl_Axial_tsGm =  (  4.0754375057150453E-002, -0.0000000000000000     )
 mdl_Axial_tbGm =  (-0.99366614581500623     ,  0.0000000000000000     )
 mdl_gw__exp__2 =   0.42671326129048615     
 mdl_cw__exp__2 =   0.77775351421422245     
 mdl_ee__exp__2 =    9.4835522759998875E-002
 mdl_sw__exp__2 =   0.22224648578577769     
 mdl_yt__exp__2 =   0.98737240933884918     
  Internal Params evaluated point by point
  ----------------------------------------
  
 mdl_sqrt__aS =   0.34351128074635334     
 mdl_G__exp__4 =    2.1987899468922913     
 mdl_G__exp__2 =    1.4828317324943823     
 mdl_R2MixedFactor_FIN_ =   -2.5040377713124864E-002
 mdl_G_UVg_1EPS_ =   -5.1645779033320030E-002
 mdl_G_UVq_1EPS_ =    3.1300472141406080E-003
 mdl_G_UVb_1EPS_ =    3.1300472141406080E-003
 mdl_GWcft_UV_t_1EPS_ =   -3.1300472141406080E-003
 mdl_tWcft_UV_1EPS_ =   -1.8780283284843650E-002
 mdl_G__exp__3 =    1.8056676068262196     
 mdl_MU_R__exp__2 =    8315.2513440000002     
 mdl_G_UVt_FIN_ =   -4.0087659331150384E-003
 mdl_GWcft_UV_t_FIN_ =    4.0087659331150384E-003
 mdl_tWcft_UV_FIN_ =   -9.8778211443463623E-004
  Couplings of loop_sm-ckm_no_b_mass
  ---------------------------------
  
       UV_3Gt =   0.48815E-02   0.00000E+00
      UV_GQQt =   0.00000E+00  -0.48815E-02
   UVWfct_G_2 =   0.40088E-02   0.00000E+00
       R2_DDA =   0.00000E+00   0.25704E-02
       R2_UUA =  -0.00000E+00  -0.51409E-02
    R2_DDZ_V2 =   0.00000E+00   0.72127E-02
    R2_UUZ_V2 =  -0.00000E+00  -0.72127E-02
    R2_UUZ_V5 =   0.00000E+00   0.68702E-03
      R2_GGHt =   0.00000E+00  -0.45657E+01
     R2_GGZup =  -0.46369E-02   0.00000E+00
   R2_GGZdown =   0.46369E-02   0.00000E+00
 R2_GGGZvecUp =   0.00000E+00   0.28750E-03
 R2_GGGZvecDown  -0.00000E+00  -0.49665E-03
 R2_GGGZaxialUp  -0.00000E+00  -0.63522E-02
 R2_GGGZaxialDow  0.00000E+00   0.63522E-02
 R2_GGGAvecUp =   0.00000E+00   0.78251E-03
 R2_GGGAvecDown  -0.00000E+00  -0.39126E-03
         GC_4 =  -0.12177E+01   0.00000E+00
         GC_5 =   0.00000E+00   0.12177E+01
         GC_6 =   0.00000E+00   0.14828E+01
       R2_3Gq =   0.76230E-02   0.00000E+00
       R2_3Gg =   0.31445E-01   0.00000E+00
       R2_GQQ =  -0.00000E+00  -0.30492E-01
       R2_GGq =   0.00000E+00   0.62601E-02
       R2_GGt =  -0.00000E+00  -0.11242E+04
     R2_GGg_1 =   0.00000E+00   0.28170E-01
     R2_GGg_2 =  -0.00000E+00  -0.18780E-01
       R2_QQq =   0.00000E+00   0.12520E-01
  UV_3Gg_1eps =   0.62890E-01   0.00000E+00
  UV_3Gb_1eps =  -0.38115E-02   0.00000E+00
 UV_GQQg_1eps =   0.00000E+00  -0.62890E-01
 UV_GQQq_1eps =   0.00000E+00   0.38115E-02
 UVWfct_G_2_1eps -0.31300E-02   0.00000E+00
         GC_1 =  -0.00000E+00  -0.10265E+00
         GC_2 =   0.00000E+00   0.20530E+00
        GC_21 =  -0.00000E+00  -0.28804E+00
        GC_22 =   0.00000E+00   0.28804E+00
        GC_23 =  -0.00000E+00  -0.27437E-01
        GC_24 =   0.00000E+00   0.82310E-01
        GC_37 =  -0.00000E+00  -0.70263E+00
        GC_38 =  -0.00000E+00  -0.72172E-02
      GC_1003 =  -0.00000E+00  -0.30795E+00

 Collider parameters:
 --------------------

 Running at P P   machine @    13000.000000000000       GeV
 PDF set = lhapdf 
 alpha_s(Mz)= 0.1180 running at 3 loops.
 alpha_s(Mz)= 0.1180 running at 3 loops.
 Renormalization scale set on event-by-event basis
 Factorization   scale set on event-by-event basis


 ===============================================================
 INFO: MadFKS read these parameters from FKS_params.dat
 ===============================================================
  > IRPoleCheckThreshold      =    1.0000000000000001E-005
  > PrecisionVirtualAtRunTime =    1.0000000000000000E-003
  > NHelForMCoverHels         =            4
  > VirtualFraction           =    1.0000000000000000     
  > MinVirtualFraction        =    5.0000000000000001E-003
 ===============================================================
  Insert the number of points to test
 Insert the relative tolerance
  A negative number will mean use the default one:    1.0000000000000001E-005
Using random seed offsets:     0 ,     25 ,      0
  with seed                   32
 Ranmar initialization seeds       10729        9431
  ========================================================================================== 
 {                                                                                          }
 {       [32m                                                                            [0m       }
 {       [32m                               ,,                                           [0m       }
 {       [32m`7MMM.     ,MMF'             `7MM  `7MMF'                                   [0m       }
 {       [32m  MMMb    dPMM                 MM    MM                                     [0m       }
 {       [32m  M YM   ,M MM   ,6"Yb.   ,M""bMM    MM         ,pW"Wq.   ,pW"Wq.`7MMpdMAo. [0m       }
 {       [32m  M  Mb  M' MM  8)   MM ,AP    MM    MM        6W'   `Wb 6W'   `Wb MM   `Wb [0m       }
 {       [32m  M  YM.P'  MM   ,pm9MM 8MI    MM    MM      , 8M     M8 8M     M8 MM    M8 [0m       }
 {       [32m  M  `YM'   MM  8M   MM `Mb    MM    MM     ,M YA.   ,A9 YA.   ,A9 MM   ,AP [0m       }
 {       [32m.JML. `'  .JMML.`Moo9^Yo.`Wbmd"MML..JMMmmmmMMM  `Ybmd9'   `Ybmd9'  MMbmmd'  [0m       }
 {       [32m                                                                   MM       [0m       }
 {       [32m                                                                 .JMML.     [0m       }
 {       [32m[0mv2.4.2 (2016-06-10), Ref: arXiv:1103.0621v2, arXiv:1405.0301[32m                [0m       }
 {       [32m                                                                            [0m       }
 {                                                                                          }
  ========================================================================================== 
 ===============================================================
 INFO: MadLoop read these parameters from ./MadLoop5_resources/MadLoopParams.dat                                                                                                                                                                                                                                                                                                                                                                                                                                                                                          
 ===============================================================
  > MLReductionLib            = 6|1|2
  > IREGIMODE                 =            2
  > IREGIRECY                 =  T
  > CTModeRun                 =           -1
  > MLStabThres               =    1.0000000000000000E-003
  > NRotations_DP             =            1
  > NRotations_QP             =            0
  > CTStabThres               =    1.0000000000000000E-002
  > CTLoopLibrary             =            2
  > CTModeInit                =            1
  > CheckCycle                =            3
  > MaxAttempts               =           10
  > UseLoopFilter             =  F
  > HelicityFilterLevel       =            2
  > ImprovePSPoint            =            2
  > DoubleCheckHelicityFilter =  T
  > LoopInitStartOver         =  F
  > HelInitStartOver          =  F
  > ZeroThres                 =    1.0000000000000001E-009
  > OSThres                   =    1.0000000000000000E-008
  > WriteOutFilters           =  T
  > UseQPIntegrandForNinja    =  F
  > UseQPIntegrandForCutTools =  T
 ===============================================================
  
------------------------------------------------------------------------
|              You are using CutTools - Version 1.9.3                  |
|              Authors: G. Ossola, C. Papadopoulos, R. Pittau          |
|              Published in JHEP 0803:042,2008                         |
|              http://www.ugr.es/~pittau/CutTools                      |
|                                                                      |
|              Compiler with  34  significant digits detetected        |
 ---------------------------------------------------------------------- 
   
########################################################################
#                                                                      #
#                      You are using OneLOop-3.6                       #
#                                                                      #
# for the evaluation of 1-loop scalar 1-, 2-, 3- and 4-point functions #
#                                                                      #
# author: Andreas van Hameren <hamerenREMOVETHIS@ifj.edu.pl>           #
#   date: 18-02-2015                                                   #
#                                                                      #
# Please cite                                                          #
#    A. van Hameren,                                                   #
#      Comput.Phys.Commun. 182 (2011) 2427-2438, arXiv:1007.4716       #
#    A. van Hameren, C.G. Papadopoulos and R. Pittau,                  #
#      JHEP 0909:106,2009, arXiv:0903.4665                             #
# in publications with results obtained with the help of this program. #
#                                                                      #
########################################################################
 PASSED   1.0000000000000001E-005
 MU_R    =    325.00000000000000     
 ALPHA_S =   0.11799999999999999     
 BORN                    2.7564525501411777E-008
 SINGLE POLE (MadFKS)   -2.7706976874881604E-009
 DOUBLE POLE (MadFKS)   -2.9334610526632575E-009
 SINGLE POLE (MadLoop)  -2.7706976874882076E-009
 DOUBLE POLE (MadLoop)  -2.9334610526632493E-009
 FINITE PART (MadLoop)   3.8806656729424783E-009
   325.00000000000000        0.0000000000000000        0.0000000000000000        325.00000000000000        0.0000000000000000     
   325.00000000000000        0.0000000000000000        0.0000000000000000       -325.00000000000000        0.0000000000000000     
   143.01274691685740       -39.477536948408215       -68.778431950271369       -119.01133204722173        0.0000000000000000     
   296.00158810410045       -126.59327959518038        137.08060757537453        229.78248137804638        0.0000000000000000     
   210.98566497904201        166.07081654358859       -68.302175625103160       -110.77114933082471        0.0000000000000000     

 PASSED   1.0000000000000001E-005
 MU_R    =    325.00000000000000     
 ALPHA_S =   0.11799999999999999     
 BORN                    2.4375733269607613E-007
 SINGLE POLE (MadFKS)   -4.3414035287891784E-008
 DOUBLE POLE (MadFKS)   -2.5941046644477748E-008
 SINGLE POLE (MadLoop)  -4.3414035287891863E-008
 DOUBLE POLE (MadLoop)  -2.5941046644481623E-008
 FINITE PART (MadLoop)   2.0458692034662685E-008
   325.00000000000000        0.0000000000000000        0.0000000000000000        325.00000000000000        0.0000000000000000     
   325.00000000000000        0.0000000000000000        0.0000000000000000       -325.00000000000000        0.0000000000000000     
   285.24648005786275        2.5146399436769085       -262.43178226358873        111.75325780177828        0.0000000000000000     
   228.60823733024327       -67.014609300408551        218.56518410856791      -0.16914828452170255        0.0000000000000000     
   136.14528261189406        64.499969356731640        43.866598155020831       -111.58410951725661        0.0000000000000000     

 PASSED   1.0000000000000001E-005
 MU_R    =    325.00000000000000     
 ALPHA_S =   0.11799999999999999     
 BORN                    9.6831773938629065E-008
 SINGLE POLE (MadFKS)   -1.7109174921349926E-009
 DOUBLE POLE (MadFKS)   -1.0304992824734568E-008
 SINGLE POLE (MadLoop)  -1.7109174921353927E-009
 DOUBLE POLE (MadLoop)  -1.0304992824734136E-008
 FINITE PART (MadLoop)   9.4173361505538153E-009
   325.00000000000000        0.0000000000000000        0.0000000000000000        325.00000000000000        0.0000000000000000     
   325.00000000000000        0.0000000000000000        0.0000000000000000       -325.00000000000000        0.0000000000000000     
   185.35744226830528        58.648474349347723       -26.978659550426748        173.75238067319884        0.0000000000000000     
   316.50669813026377       -12.291679218990623        37.117806889358327       -314.08227106129965        0.0000000000000000     
   148.13585960143084       -46.356795130357050       -10.139147338931579        140.32989038810081        0.0000000000000000     

 PASSED   1.0000000000000001E-005
 MU_R    =    325.00000000000000     
 ALPHA_S =   0.11799999999999999     
 BORN                    8.3536906905002405E-008
 SINGLE POLE (MadFKS)   -2.6359625071452738E-009
 DOUBLE POLE (MadFKS)   -8.8901317330214880E-009
 SINGLE POLE (MadLoop)  -2.6359625071451216E-009
 DOUBLE POLE (MadLoop)  -8.8901317330214664E-009
 FINITE PART (MadLoop)   9.3648167537848908E-009
   325.00000000000000        0.0000000000000000        0.0000000000000000        325.00000000000000        0.0000000000000000     
   325.00000000000000        0.0000000000000000        0.0000000000000000       -325.00000000000000        0.0000000000000000     
   141.16233987736555       -24.235558802929773       -110.53285577226256        84.391537988063760        0.0000000000000000     
   324.49287544968195        84.276169999097874        248.36556790254164       -191.06987744889037        0.0000000000000000     
   184.34478467295227       -60.040611196168093       -137.83271213027908        106.67833946082659        0.0000000000000000     

 PASSED   1.0000000000000001E-005
 MU_R    =    325.00000000000000     
 ALPHA_S =   0.11799999999999999     
 BORN                    2.4048202015437267E-007
 SINGLE POLE (MadFKS)    2.3452376383428957E-009
 DOUBLE POLE (MadFKS)   -2.5592482625993390E-008
 SINGLE POLE (MadLoop)   2.3452376383429346E-009
 DOUBLE POLE (MadLoop)  -2.5592482625993320E-008
 FINITE PART (MadLoop)   3.0363742017182120E-008
   325.00000000000000        0.0000000000000000        0.0000000000000000        325.00000000000000        0.0000000000000000     
   325.00000000000000        0.0000000000000000        0.0000000000000000       -325.00000000000000        0.0000000000000000     
   126.05872148651893       -58.674679503389413        51.291256284180299       -99.082239966508752        0.0000000000000000     
   221.82449232733057        125.16565861125773        84.550080369493386       -162.45290766926965        0.0000000000000000     
   302.11678618615025       -66.490979107868242       -135.84133665367366        261.53514763577834        0.0000000000000000     

 PASSED   1.0000000000000001E-005
 MU_R    =    325.00000000000000     
 ALPHA_S =   0.11799999999999999     
 BORN                    1.9173844270761112E-007
 SINGLE POLE (MadFKS)   -3.1053367180577195E-008
 DOUBLE POLE (MadFKS)   -2.0405112866980969E-008
 SINGLE POLE (MadLoop)  -3.1053367180577155E-008
 DOUBLE POLE (MadLoop)  -2.0405112866980880E-008
 FINITE PART (MadLoop)   1.7404069618655898E-008
   325.00000000000000        0.0000000000000000        0.0000000000000000        325.00000000000000        0.0000000000000000     
   325.00000000000000        0.0000000000000000        0.0000000000000000       -325.00000000000000        0.0000000000000000     
   275.68370947500495       -246.88812931682199       -112.45205125388247        49.013217004532194        0.0000000000000000     
   320.02963045864095        291.71830549646478        129.47576104894935       -23.567390830571728        0.0000000000000000     
   54.286660066353996       -44.830176179642741       -17.023709795066900       -25.445826173960459        0.0000000000000000     

 PASSED   1.0000000000000001E-005
 MU_R    =    325.00000000000000     
 ALPHA_S =   0.11799999999999999     
 BORN                    4.9771750329224816E-008
 SINGLE POLE (MadFKS)   -2.4189708379914909E-009
 DOUBLE POLE (MadFKS)   -5.2967895676703292E-009
 SINGLE POLE (MadLoop)  -2.4189708379916323E-009
 DOUBLE POLE (MadLoop)  -5.2967895676703292E-009
 FINITE PART (MadLoop)   5.2468401792792052E-009
   325.00000000000000        0.0000000000000000        0.0000000000000000        325.00000000000000        0.0000000000000000     
   325.00000000000000        0.0000000000000000        0.0000000000000000       -325.00000000000000        0.0000000000000000     
   149.27678257559012        97.050057241593962        94.274253688833184       -63.065119495144586        0.0000000000000000     
   247.45141688491378       -190.90575393849107        140.85293826107520        70.339509628297776        0.0000000000000000     
   253.27180053949618        93.855696696897127       -235.12719194990837       -7.2743901331532701        0.0000000000000000     

 PASSED   1.0000000000000001E-005
 MU_R    =    325.00000000000000     
 ALPHA_S =   0.11799999999999999     
 BORN                    7.0221577535400214E-008
 SINGLE POLE (MadFKS)   -2.8834456494566456E-009
 DOUBLE POLE (MadFKS)   -7.4730930066660964E-009
 SINGLE POLE (MadLoop)  -2.8834456494565608E-009
 DOUBLE POLE (MadLoop)  -7.4730930066660864E-009
 FINITE PART (MadLoop)   6.4397791949692505E-009
   325.00000000000000        0.0000000000000000        0.0000000000000000        325.00000000000000        0.0000000000000000     
   325.00000000000000        0.0000000000000000        0.0000000000000000       -325.00000000000000        0.0000000000000000     
   312.79393562022898        122.39925821613834        287.78880407900971       -6.0059966453842879        0.0000000000000000     
   137.75214966497225       -66.076254632474459       -106.91137417887141       -56.387422199021138        0.0000000000000000     
   199.45391471479888       -56.323003583663855       -180.87742990013834        62.393418844405375        0.0000000000000000     

 PASSED   1.0000000000000001E-005
 MU_R    =    325.00000000000000     
 ALPHA_S =   0.11799999999999999     
 BORN                    2.6289561199903678E-006
 SINGLE POLE (MadFKS)   -9.4575508353903422E-007
 DOUBLE POLE (MadFKS)   -2.7977773050210758E-007
 SINGLE POLE (MadLoop)  -9.4575508353919886E-007
 DOUBLE POLE (MadLoop)  -2.7977773050213257E-007
 FINITE PART (MadLoop)  -9.3108211957902622E-007
   325.00000000000000        0.0000000000000000        0.0000000000000000        325.00000000000000        0.0000000000000000     
   325.00000000000000        0.0000000000000000        0.0000000000000000       -325.00000000000000        0.0000000000000000     
   184.41079979159255        9.6195039644356637       -184.12201998064012        3.7269265490205532        0.0000000000000000     
   269.95860810069456        9.3072392225498106        190.67650187563538        190.87560613705838        0.0000000000000000     
   195.63059210771291       -18.926743186985473       -6.5544818949952486       -194.60253268607892        0.0000000000000000     

 PASSED   1.0000000000000001E-005
 MU_R    =    325.00000000000000     
 ALPHA_S =   0.11799999999999999     
 BORN                    5.5077014845711075E-008
 SINGLE POLE (MadFKS)   -1.4586735683922596E-009
 DOUBLE POLE (MadFKS)   -5.8613843339539613E-009
 SINGLE POLE (MadLoop)  -1.4586735683920846E-009
 DOUBLE POLE (MadLoop)  -5.8613843339539530E-009
 FINITE PART (MadLoop)   6.2341307743625371E-009
   325.00000000000000        0.0000000000000000        0.0000000000000000        325.00000000000000        0.0000000000000000     
   325.00000000000000        0.0000000000000000        0.0000000000000000       -325.00000000000000        0.0000000000000000     
   214.93775157393890        142.82852957698259        156.10351823787434        37.814544613083996        0.0000000000000000     
   298.65729970365203       -199.96797518161048       -151.96247973889288       -161.60568158220934        0.0000000000000000     
   136.40494872240902        57.139445604627916       -4.1410384989814597        123.79113696912535        0.0000000000000000     

 PASSED   1.0000000000000001E-005
 MU_R    =    325.00000000000000     
 ALPHA_S =   0.11799999999999999     
 BORN                    9.6522188699984285E-008
 SINGLE POLE (MadFKS)   -3.4938814180626227E-009
 DOUBLE POLE (MadFKS)   -1.0272046266666756E-008
 SINGLE POLE (MadLoop)  -3.4938814180627451E-009
 DOUBLE POLE (MadLoop)  -1.0272046266666755E-008
 FINITE PART (MadLoop)   1.0917483379117034E-008
   325.00000000000000        0.0000000000000000        0.0000000000000000        325.00000000000000        0.0000000000000000     
   325.00000000000000        0.0000000000000000        0.0000000000000000       -325.00000000000000        0.0000000000000000     
   158.67376758800557       -64.380256821817767        17.853126472202536        143.92294093471247        0.0000000000000000     
   312.45629595859322        134.31895588535588       -154.13410320993728       -236.28379800930114        0.0000000000000000     
   178.86993645340101       -69.938699063538195        136.28097673773470        92.360857074588651        0.0000000000000000     

 PASSED   1.0000000000000001E-005
 MU_R    =    325.00000000000000     
 ALPHA_S =   0.11799999999999999     
 BORN                    7.6371526208799357E-008
 SINGLE POLE (MadFKS)   -1.4171414433639619E-009
 DOUBLE POLE (MadFKS)   -8.1275804168836417E-009
 SINGLE POLE (MadLoop)  -1.4171414433640744E-009
 DOUBLE POLE (MadLoop)  -8.1275804168836566E-009
 FINITE PART (MadLoop)   6.2453914558886919E-009
   325.00000000000000        0.0000000000000000        0.0000000000000000        325.00000000000000        0.0000000000000000     
   325.00000000000000        0.0000000000000000        0.0000000000000000       -325.00000000000000        0.0000000000000000     
   196.14383168483403        127.25552324371344        102.64854749669786        108.35917224118749        0.0000000000000000     
   278.90757061526534       -35.971193822223405       -100.70703999148898       -257.59192195731970        0.0000000000000000     
   174.94859769990043       -91.284329421489829       -1.9415075052087765        149.23274971613222        0.0000000000000000     

 PASSED   1.0000000000000001E-005
 MU_R    =    325.00000000000000     
 ALPHA_S =   0.11799999999999999     
 BORN                    8.3431370325665262E-008
 SINGLE POLE (MadFKS)   -5.8151610391458778E-009
 DOUBLE POLE (MadFKS)   -8.8789003608325870E-009
 SINGLE POLE (MadLoop)  -5.8151610391464246E-009
 DOUBLE POLE (MadLoop)  -8.8789003608326135E-009
 FINITE PART (MadLoop)   1.3655880877543957E-008
   325.00000000000000        0.0000000000000000        0.0000000000000000        325.00000000000000        0.0000000000000000     
   325.00000000000000        0.0000000000000000        0.0000000000000000       -325.00000000000000        0.0000000000000000     
   132.45733484423005       -22.823737445249403       -107.08126317634945        74.549484502739375        0.0000000000000000     
   300.87413838793771       -90.371004802318964        285.68158706750836       -27.282951678524366        0.0000000000000000     
   216.66852676783253        113.19474224756853       -178.60032389115895       -47.266532824214991        0.0000000000000000     

 PASSED   1.0000000000000001E-005
 MU_R    =    325.00000000000000     
 ALPHA_S =   0.11799999999999999     
 BORN                    9.5765001043010775E-007
 SINGLE POLE (MadFKS)   -1.5765952491688470E-007
 DOUBLE POLE (MadFKS)   -1.0191465140712843E-007
 SINGLE POLE (MadLoop)  -1.5765952491688454E-007
 DOUBLE POLE (MadLoop)  -1.0191465140712874E-007
 FINITE PART (MadLoop)   1.0412305839260169E-007
   325.00000000000000        0.0000000000000000        0.0000000000000000        325.00000000000000        0.0000000000000000     
   325.00000000000000        0.0000000000000000        0.0000000000000000       -325.00000000000000        0.0000000000000000     
   317.24348716919144        33.040990488981159       -145.19598616418742        280.12470205354094        0.0000000000000000     
   100.37418923616868       -52.802919679023994        27.172177052460249       -80.922817131007562        0.0000000000000000     
   232.38232359463987        19.761929190042835        118.02380911172709       -199.20188492253340        0.0000000000000000     

 PASSED   1.0000000000000001E-005
 MU_R    =    325.00000000000000     
 ALPHA_S =   0.11799999999999999     
 BORN                    5.9715139581989857E-008
 SINGLE POLE (MadFKS)   -7.0581738867659186E-009
 DOUBLE POLE (MadFKS)   -6.3549810138812465E-009
 SINGLE POLE (MadLoop)  -7.0581738867657705E-009
 DOUBLE POLE (MadLoop)  -6.3549810138811762E-009
 FINITE PART (MadLoop)   5.6647461607273140E-009
   325.00000000000000        0.0000000000000000        0.0000000000000000        325.00000000000000        0.0000000000000000     
   325.00000000000000        0.0000000000000000        0.0000000000000000       -325.00000000000000        0.0000000000000000     
   259.26563158590494        247.09580407789701        78.484425843746806        1.5894114360793352        0.0000000000000000     
   249.05939357560135       -235.06299790994743        43.102700605048270        70.129350078165572        0.0000000000000000     
   141.67497483849385       -12.032806167949586       -121.58712644879509       -71.718761514244889        0.0000000000000000     

 PASSED   1.0000000000000001E-005
 MU_R    =    325.00000000000000     
 ALPHA_S =   0.11799999999999999     
 BORN                    7.6759686683282744E-008
 SINGLE POLE (MadFKS)   -1.5136667600227674E-009
 DOUBLE POLE (MadFKS)   -8.1688890776847131E-009
 SINGLE POLE (MadLoop)  -1.5136667600228089E-009
 DOUBLE POLE (MadLoop)  -8.1688890776847231E-009
Thanks for using LHAPDF 6.2.1. Please make sure to cite the paper:
  Eur.Phys.J. C75 (2015) 3, 132  (http://arxiv.org/abs/1412.7420)
 FINITE PART (MadLoop)   6.8095511661472433E-009
   325.00000000000000        0.0000000000000000        0.0000000000000000        325.00000000000000        0.0000000000000000     
   325.00000000000000        0.0000000000000000        0.0000000000000000       -325.00000000000000        0.0000000000000000     
   268.83556774871585       -155.40790295280857        10.638941835825397       -219.10672993588929        0.0000000000000000     
   131.45145624724481       -35.245925436718714        87.738209347329203        91.319311813848088        0.0000000000000000     
   249.71297600403943        190.65382838952729       -98.377151183154680        127.78741812204122        0.0000000000000000     

 PASSED   1.0000000000000001E-005
 MU_R    =    325.00000000000000     
 ALPHA_S =   0.11799999999999999     
 BORN                    3.3005305789885722E-007
 SINGLE POLE (MadFKS)   -1.4246093131132956E-008
 DOUBLE POLE (MadFKS)   -3.5124776249426837E-008
 SINGLE POLE (MadLoop)  -1.4246093131132950E-008
 DOUBLE POLE (MadLoop)  -3.5124776249426957E-008
 FINITE PART (MadLoop)   5.1157727024720818E-008
   325.00000000000000        0.0000000000000000        0.0000000000000000        325.00000000000000        0.0000000000000000     
   325.00000000000000        0.0000000000000000        0.0000000000000000       -325.00000000000000        0.0000000000000000     
   39.629846341716473        32.107888735987103        18.258104092456648       -14.361400939133761        0.0000000000000000     
   300.93099906307845        201.14353372209447       -219.31139405308144        44.757764436856554        0.0000000000000000     
   309.43915459520514       -233.25142245808163        201.05328996062477       -30.396363497722824        0.0000000000000000     

 PASSED   1.0000000000000001E-005
 MU_R    =    325.00000000000000     
 ALPHA_S =   0.11799999999999999     
 BORN                    6.8551877285234242E-007
 SINGLE POLE (MadFKS)   -2.7415185810124625E-008
 DOUBLE POLE (MadFKS)   -7.2954008257057131E-008
 SINGLE POLE (MadLoop)  -2.7415185810125406E-008
 DOUBLE POLE (MadLoop)  -7.2954008257057236E-008
 FINITE PART (MadLoop)   7.7121200713510886E-008
   325.00000000000000        0.0000000000000000        0.0000000000000000        325.00000000000000        0.0000000000000000     
   325.00000000000000        0.0000000000000000        0.0000000000000000       -325.00000000000000        0.0000000000000000     
   68.476773150559154        51.888225869419941        39.784675830175715       -20.343550484736646        0.0000000000000000     
   267.30671310699904        32.198211515621544        262.33653457802637        39.946172192774078        0.0000000000000000     
   314.21651374244169       -84.086437385041506       -302.12121040820210       -19.602621708037422        0.0000000000000000     

 PASSED   1.0000000000000001E-005
 MU_R    =    325.00000000000000     
 ALPHA_S =   0.11799999999999999     
 BORN                    2.6303226926494197E-007
 SINGLE POLE (MadFKS)   -3.0321722537127404E-008
 DOUBLE POLE (MadFKS)   -2.7992316335821672E-008
 SINGLE POLE (MadLoop)  -3.0321722537127947E-008
 DOUBLE POLE (MadLoop)  -2.7992316335821748E-008
 FINITE PART (MadLoop)   3.9618960139540604E-008
   325.00000000000000        0.0000000000000000        0.0000000000000000        325.00000000000000        0.0000000000000000     
   325.00000000000000        0.0000000000000000        0.0000000000000000       -325.00000000000000        0.0000000000000000     
   129.52931421091230       -43.323319744090576       -23.617172251974221        119.76294243680353        0.0000000000000000     
   236.71398523138407        20.926532276549196        220.60274290240284        83.246746933071137        0.0000000000000000     
   283.75670055770354        22.396787467541362       -196.98557065042863       -203.00968936987462        0.0000000000000000     

 PASSED   1.0000000000000001E-005
 MU_R    =    325.00000000000000     
 ALPHA_S =   0.11799999999999999     
 BORN                    1.3264843286527744E-006
 SINGLE POLE (MadFKS)   -2.7598979469443262E-007
 DOUBLE POLE (MadFKS)   -1.4116659163502691E-007
 SINGLE POLE (MadLoop)  -2.7598979469443596E-007
 DOUBLE POLE (MadLoop)  -1.4116659163502802E-007
 FINITE PART (MadLoop)   1.2804307835487639E-007
   325.00000000000000        0.0000000000000000        0.0000000000000000        325.00000000000000        0.0000000000000000     
   325.00000000000000        0.0000000000000000        0.0000000000000000       -325.00000000000000        0.0000000000000000     
   228.19263988089500       -107.01572139976717        23.652488030103640        200.15013384728246        0.0000000000000000     
   169.35323527896520        124.08386253040072       -109.24296593153950        36.738096758945630        0.0000000000000000     
   252.45412484013994       -17.068141130633560        85.590477901435847       -236.88823060622809        0.0000000000000000     

 NUMBER OF POINTS PASSING THE CHECK          20
 NUMBER OF POINTS FAILING THE CHECK           0
 TOLERANCE    1.0000000000000001E-005
