==== LHAPDF6 USING DEFAULT-TYPE LHAGLUE INTERFACE ====
LHAPDF 6.2.1 loading /cvmfs/cms.cern.ch/slc6_amd64_gcc481/external/lhapdf/6.2.1/share/LHAPDF/NNPDF31_nnlo_hessian_pdfas/NNPDF31_nnlo_hessian_pdfas_0000.dat
NNPDF31_nnlo_hessian_pdfas PDF set, member #0, version 1; LHAPDF ID = 306000
 A PDF is used, so alpha_s(MZ) is going to be modified
 Old value of alpha_s from param_card:   0.11799999999999999     
 New value of alpha_s from PDF lhapdf :  0.11800208008122040     
 using LHAPDF
 *****************************************************
 *               MadGraph/MadEvent                   *
 *        --------------------------------           *
 *          http://madgraph.hep.uiuc.edu             *
 *          http://madgraph.phys.ucl.ac.be           *
 *          http://madgraph.roma2.infn.it            *
 *        --------------------------------           *
 *                                                   *
 *          PARAMETER AND COUPLING VALUES            *
 *                                                   *
 *****************************************************

  External Params
  ---------------------------------
  
 MU_R =    91.188000000000002     
 aEWM1 =    132.50700000000001     
 mdl_Gf =    1.1663900000000000E-005
 aS =   0.11799999999999999     
 mdl_lamWS =   0.22530000000000000     
 mdl_AWS =   0.80800000000000005     
 mdl_rhoWS =   0.13200000000000001     
 mdl_etaWS =   0.34100000000000003     
 mdl_ymt =    173.00000000000000     
 mdl_ymtau =    1.7769999999999999     
 mdl_MT =    173.00000000000000     
 mdl_MZ =    91.188000000000002     
 mdl_MH =    125.00000000000000     
 mdl_MTA =    1.7769999999999999     
 mdl_WT =    1.4915000000000000     
 mdl_WZ =    2.4414039999999999     
 mdl_WW =    2.0476000000000001     
 mdl_WH =    6.3823389999999999E-003
  Internal Params
  ---------------------------------
  
 mdl_CKM33 =    1.0000000000000000     
 mdl_conjg__CKM3x3 =    1.0000000000000000     
 mdl_I4x33 =    0.0000000000000000     
 mdl_I1x33 =    0.0000000000000000     
 mdl_lhv =    1.0000000000000000     
 mdl_CKM3x3 =    1.0000000000000000     
 mdl_conjg__CKM33 =    1.0000000000000000     
 mdl_Ncol =    3.0000000000000000     
 mdl_CA =    3.0000000000000000     
 mdl_TF =   0.50000000000000000     
 mdl_CF =    1.3333333333333333     
 mdl_lamWS__exp__2 =    5.0760090000000001E-002
 mdl_CKM11 =  ( 0.97461995499999998     ,  0.0000000000000000     )
 mdl_CKM12 =  ( 0.22530000000000000     ,  0.0000000000000000     )
 mdl_complexi =  (  0.0000000000000000     ,  1.0000000000000000     )
 mdl_lamWS__exp__3 =    1.1436248277000001E-002
 mdl_CKM13 =  (  1.2197444962317122E-003, -3.1510066152652563E-003)
 mdl_CKM21 =  (-0.22530000000000000     ,  0.0000000000000000     )
 mdl_CKM22 =  ( 0.97461995499999998     ,  0.0000000000000000     )
 mdl_CKM23 =  (  4.1014152720000002E-002,  0.0000000000000000     )
 mdl_CKM31 =  (  8.0207441115842885E-003, -3.1510066152652563E-003)
 mdl_CKM32 =  ( -4.1014152720000002E-002,  0.0000000000000000     )
 mdl_MZ__exp__2 =    8315.2513440000002     
 mdl_MZ__exp__4 =    69143404.913893804     
 mdl_sqrt__2 =    1.4142135623730951     
 mdl_MH__exp__2 =    15625.000000000000     
 mdl_CKM1x1 =  ( 0.97461995499999998     ,  0.0000000000000000     )
 mdl_CKM1x2 =  ( 0.22530000000000000     ,  0.0000000000000000     )
 mdl_CKM1x3 =  (  1.2197444962317122E-003, -3.1510066152652563E-003)
 mdl_CKM2x1 =  (-0.22530000000000000     ,  0.0000000000000000     )
 mdl_CKM2x2 =  ( 0.97461995499999998     ,  0.0000000000000000     )
 mdl_CKM2x3 =  (  4.1014152720000002E-002,  0.0000000000000000     )
 mdl_CKM3x1 =  (  8.0207441115842885E-003, -3.1510066152652563E-003)
 mdl_CKM3x2 =  ( -4.1014152720000002E-002,  0.0000000000000000     )
 mdl_conjg__CKM1x3 =  (  1.2197444962317122E-003,  3.1510066152652563E-003)
 mdl_conjg__CKM2x3 =  (  4.1014152720000002E-002, -0.0000000000000000     )
 mdl_conjg__CKM2x1 =  (-0.22530000000000000     , -0.0000000000000000     )
 mdl_conjg__CKM3x1 =  (  8.0207441115842885E-003,  3.1510066152652563E-003)
 mdl_conjg__CKM2x2 =  ( 0.97461995499999998     , -0.0000000000000000     )
 mdl_conjg__CKM3x2 =  ( -4.1014152720000002E-002, -0.0000000000000000     )
 mdl_Ncol__exp__2 =    9.0000000000000000     
 mdl_MT__exp__2 =    29929.000000000000     
 mdl_conjg__CKM11 =  ( 0.97461995499999998     , -0.0000000000000000     )
 mdl_conjg__CKM12 =  ( 0.22530000000000000     , -0.0000000000000000     )
 mdl_conjg__CKM13 =  (  1.2197444962317122E-003,  3.1510066152652563E-003)
 mdl_conjg__CKM21 =  (-0.22530000000000000     , -0.0000000000000000     )
 mdl_conjg__CKM22 =  ( 0.97461995499999998     , -0.0000000000000000     )
 mdl_conjg__CKM23 =  (  4.1014152720000002E-002, -0.0000000000000000     )
 mdl_conjg__CKM31 =  (  8.0207441115842885E-003,  3.1510066152652563E-003)
 mdl_conjg__CKM32 =  ( -4.1014152720000002E-002, -0.0000000000000000     )
 mdl_aEW =    7.5467711139788835E-003
 mdl_MW =    80.419002445756163     
 mdl_sqrt__aEW =    8.6872153846781555E-002
 mdl_ee =   0.30795376724436879     
 mdl_MW__exp__2 =    6467.2159543705357     
 mdl_sw2 =   0.22224648578577766     
 mdl_cw =   0.88190334743339216     
 mdl_sqrt__sw2 =   0.47143025548407230     
 mdl_sw =   0.47143025548407230     
 mdl_g1 =   0.34919219678733299     
 mdl_gw =   0.65323293034757990     
 mdl_v =    246.21845810181637     
 mdl_v__exp__2 =    60623.529110035903     
 mdl_lam =   0.12886910601690263     
 mdl_yt =   0.99366614581500623     
 mdl_ytau =    1.0206617000654717E-002
 mdl_muH =    88.388347648318430     
 mdl_AxialZUp =  -0.18517701861793787     
 mdl_AxialZDown =   0.18517701861793787     
 mdl_VectorZUp =    7.5430507588273299E-002
 mdl_VectorZDown =  -0.13030376310310560     
 mdl_VectorAUp =   0.20530251149624587     
 mdl_VectorADown =  -0.10265125574812294     
 mdl_VectorWmDxU =   0.23095271737156670     
 mdl_AxialWmDxU =  -0.23095271737156670     
 mdl_VectorWpUxD =   0.23095271737156670     
 mdl_AxialWpUxD =  -0.23095271737156670     
 mdl_I2x13 =  (  7.9699418879263656E-003,  3.1310485988282153E-003)
 mdl_I2x23 =  ( -4.0754375057150453E-002, -0.0000000000000000     )
 mdl_I2x33 =  ( 0.99366614581500623     ,  0.0000000000000000     )
 mdl_I3x31 =  (  7.9699418879263656E-003, -3.1310485988282153E-003)
 mdl_I3x32 =  ( -4.0754375057150453E-002,  0.0000000000000000     )
 mdl_I3x33 =  ( 0.99366614581500623     ,  0.0000000000000000     )
 mdl_Vector_tdGp =  ( -7.9699418879263656E-003, -3.1310485988282153E-003)
 mdl_Vector_tsGp =  (  4.0754375057150453E-002,  0.0000000000000000     )
 mdl_Vector_tbGp =  (-0.99366614581500623     ,  0.0000000000000000     )
 mdl_Axial_tdGp =  ( -7.9699418879263656E-003, -3.1310485988282153E-003)
 mdl_Axial_tsGp =  (  4.0754375057150453E-002,  0.0000000000000000     )
 mdl_Axial_tbGp =  (-0.99366614581500623     , -0.0000000000000000     )
 mdl_Vector_tdGm =  (  7.9699418879263656E-003, -3.1310485988282153E-003)
 mdl_Vector_tsGm =  ( -4.0754375057150453E-002,  0.0000000000000000     )
 mdl_Vector_tbGm =  ( 0.99366614581500623     ,  0.0000000000000000     )
 mdl_Axial_tdGm =  ( -7.9699418879263656E-003,  3.1310485988282153E-003)
 mdl_Axial_tsGm =  (  4.0754375057150453E-002, -0.0000000000000000     )
 mdl_Axial_tbGm =  (-0.99366614581500623     ,  0.0000000000000000     )
 mdl_gw__exp__2 =   0.42671326129048615     
 mdl_cw__exp__2 =   0.77775351421422245     
 mdl_ee__exp__2 =    9.4835522759998875E-002
 mdl_sw__exp__2 =   0.22224648578577769     
 mdl_yt__exp__2 =   0.98737240933884918     
  Internal Params evaluated point by point
  ----------------------------------------
  
 mdl_sqrt__aS =   0.34351128074635334     
 mdl_G__exp__4 =    2.1987899468922913     
 mdl_G__exp__2 =    1.4828317324943823     
 mdl_R2MixedFactor_FIN_ =   -2.5040377713124864E-002
 mdl_G_UVg_1EPS_ =   -5.1645779033320030E-002
 mdl_G_UVq_1EPS_ =    3.1300472141406080E-003
 mdl_G_UVb_1EPS_ =    3.1300472141406080E-003
 mdl_GWcft_UV_t_1EPS_ =   -3.1300472141406080E-003
 mdl_tWcft_UV_1EPS_ =   -1.8780283284843650E-002
 mdl_G__exp__3 =    1.8056676068262196     
 mdl_MU_R__exp__2 =    8315.2513440000002     
 mdl_G_UVt_FIN_ =   -4.0087659331150384E-003
 mdl_GWcft_UV_t_FIN_ =    4.0087659331150384E-003
 mdl_tWcft_UV_FIN_ =   -9.8778211443463623E-004
  Couplings of loop_sm-ckm_no_b_mass
  ---------------------------------
  
       UV_3Gt =   0.48815E-02   0.00000E+00
      UV_GQQt =   0.00000E+00  -0.48815E-02
   UVWfct_G_2 =   0.40088E-02   0.00000E+00
       R2_DDA =   0.00000E+00   0.25704E-02
       R2_UUA =  -0.00000E+00  -0.51409E-02
    R2_DDZ_V2 =   0.00000E+00   0.72127E-02
    R2_UUZ_V2 =  -0.00000E+00  -0.72127E-02
    R2_UUZ_V5 =   0.00000E+00   0.68702E-03
      R2_GGHt =   0.00000E+00  -0.45657E+01
     R2_GGZup =  -0.46369E-02   0.00000E+00
   R2_GGZdown =   0.46369E-02   0.00000E+00
 R2_GGGZvecUp =   0.00000E+00   0.28750E-03
 R2_GGGZvecDown  -0.00000E+00  -0.49665E-03
 R2_GGGZaxialUp  -0.00000E+00  -0.63522E-02
 R2_GGGZaxialDow  0.00000E+00   0.63522E-02
 R2_GGGAvecUp =   0.00000E+00   0.78251E-03
 R2_GGGAvecDown  -0.00000E+00  -0.39126E-03
         GC_4 =  -0.12177E+01   0.00000E+00
         GC_5 =   0.00000E+00   0.12177E+01
         GC_6 =   0.00000E+00   0.14828E+01
       R2_3Gq =   0.76230E-02   0.00000E+00
       R2_3Gg =   0.31445E-01   0.00000E+00
       R2_GQQ =  -0.00000E+00  -0.30492E-01
       R2_GGq =   0.00000E+00   0.62601E-02
       R2_GGt =  -0.00000E+00  -0.11242E+04
     R2_GGg_1 =   0.00000E+00   0.28170E-01
     R2_GGg_2 =  -0.00000E+00  -0.18780E-01
       R2_QQq =   0.00000E+00   0.12520E-01
  UV_3Gg_1eps =   0.62890E-01   0.00000E+00
  UV_3Gb_1eps =  -0.38115E-02   0.00000E+00
 UV_GQQg_1eps =   0.00000E+00  -0.62890E-01
 UV_GQQq_1eps =   0.00000E+00   0.38115E-02
 UVWfct_G_2_1eps -0.31300E-02   0.00000E+00
         GC_1 =  -0.00000E+00  -0.10265E+00
         GC_2 =   0.00000E+00   0.20530E+00
        GC_21 =  -0.00000E+00  -0.28804E+00
        GC_22 =   0.00000E+00   0.28804E+00
        GC_23 =  -0.00000E+00  -0.27437E-01
        GC_24 =   0.00000E+00   0.82310E-01
        GC_37 =  -0.00000E+00  -0.70263E+00
        GC_38 =  -0.00000E+00  -0.72172E-02
      GC_1003 =  -0.00000E+00  -0.30795E+00

 Collider parameters:
 --------------------

 Running at P P   machine @    13000.000000000000       GeV
 PDF set = lhapdf 
 alpha_s(Mz)= 0.1180 running at 3 loops.
 alpha_s(Mz)= 0.1180 running at 3 loops.
 Renormalization scale set on event-by-event basis
 Factorization   scale set on event-by-event basis


 ===============================================================
 INFO: MadFKS read these parameters from FKS_params.dat
 ===============================================================
  > IRPoleCheckThreshold      =    1.0000000000000001E-005
  > PrecisionVirtualAtRunTime =    1.0000000000000000E-003
  > NHelForMCoverHels         =            4
  > VirtualFraction           =    1.0000000000000000     
  > MinVirtualFraction        =    5.0000000000000001E-003
 ===============================================================
  Insert the number of points to test
 Insert the relative tolerance
  A negative number will mean use the default one:    1.0000000000000001E-005
Using random seed offsets:     0 ,     31 ,      0
  with seed                   32
 Ranmar initialization seeds       10729        9437
  ========================================================================================== 
 {                                                                                          }
 {       [32m                                                                            [0m       }
 {       [32m                               ,,                                           [0m       }
 {       [32m`7MMM.     ,MMF'             `7MM  `7MMF'                                   [0m       }
 {       [32m  MMMb    dPMM                 MM    MM                                     [0m       }
 {       [32m  M YM   ,M MM   ,6"Yb.   ,M""bMM    MM         ,pW"Wq.   ,pW"Wq.`7MMpdMAo. [0m       }
 {       [32m  M  Mb  M' MM  8)   MM ,AP    MM    MM        6W'   `Wb 6W'   `Wb MM   `Wb [0m       }
 {       [32m  M  YM.P'  MM   ,pm9MM 8MI    MM    MM      , 8M     M8 8M     M8 MM    M8 [0m       }
 {       [32m  M  `YM'   MM  8M   MM `Mb    MM    MM     ,M YA.   ,A9 YA.   ,A9 MM   ,AP [0m       }
 {       [32m.JML. `'  .JMML.`Moo9^Yo.`Wbmd"MML..JMMmmmmMMM  `Ybmd9'   `Ybmd9'  MMbmmd'  [0m       }
 {       [32m                                                                   MM       [0m       }
 {       [32m                                                                 .JMML.     [0m       }
 {       [32m[0mv2.4.2 (2016-06-10), Ref: arXiv:1103.0621v2, arXiv:1405.0301[32m                [0m       }
 {       [32m                                                                            [0m       }
 {                                                                                          }
  ========================================================================================== 
 ===============================================================
 INFO: MadLoop read these parameters from ./MadLoop5_resources/MadLoopParams.dat                                                                                                                                                                                                                                                                                                                                                                                                                                                                                          
 ===============================================================
  > MLReductionLib            = 6|1|2
  > IREGIMODE                 =            2
  > IREGIRECY                 =  T
  > CTModeRun                 =           -1
  > MLStabThres               =    1.0000000000000000E-003
  > NRotations_DP             =            1
  > NRotations_QP             =            0
  > CTStabThres               =    1.0000000000000000E-002
  > CTLoopLibrary             =            2
  > CTModeInit                =            1
  > CheckCycle                =            3
  > MaxAttempts               =           10
  > UseLoopFilter             =  F
  > HelicityFilterLevel       =            2
  > ImprovePSPoint            =            2
  > DoubleCheckHelicityFilter =  T
  > LoopInitStartOver         =  F
  > HelInitStartOver          =  F
  > ZeroThres                 =    1.0000000000000001E-009
  > OSThres                   =    1.0000000000000000E-008
  > WriteOutFilters           =  T
  > UseQPIntegrandForNinja    =  F
  > UseQPIntegrandForCutTools =  T
 ===============================================================
  
------------------------------------------------------------------------
|              You are using CutTools - Version 1.9.3                  |
|              Authors: G. Ossola, C. Papadopoulos, R. Pittau          |
|              Published in JHEP 0803:042,2008                         |
|              http://www.ugr.es/~pittau/CutTools                      |
|                                                                      |
|              Compiler with  34  significant digits detetected        |
 ---------------------------------------------------------------------- 
   
########################################################################
#                                                                      #
#                      You are using OneLOop-3.6                       #
#                                                                      #
# for the evaluation of 1-loop scalar 1-, 2-, 3- and 4-point functions #
#                                                                      #
# author: Andreas van Hameren <hamerenREMOVETHIS@ifj.edu.pl>           #
#   date: 18-02-2015                                                   #
#                                                                      #
# Please cite                                                          #
#    A. van Hameren,                                                   #
#      Comput.Phys.Commun. 182 (2011) 2427-2438, arXiv:1007.4716       #
#    A. van Hameren, C.G. Papadopoulos and R. Pittau,                  #
#      JHEP 0909:106,2009, arXiv:0903.4665                             #
# in publications with results obtained with the help of this program. #
#                                                                      #
########################################################################
 PASSED   1.0000000000000001E-005
 MU_R    =    325.00000000000000     
 ALPHA_S =   0.11799999999999999     
 BORN                    3.2838969813693294E-007
 SINGLE POLE (MadFKS)   -3.7999813861854627E-008
 DOUBLE POLE (MadFKS)   -3.4947758833403398E-008
 SINGLE POLE (MadLoop)  -3.7999813861853264E-008
 DOUBLE POLE (MadLoop)  -3.4947758833401942E-008
 FINITE PART (MadLoop)   4.6578956683472641E-008
   325.00000000000000        0.0000000000000000        0.0000000000000000        325.00000000000000        0.0000000000000000     
   325.00000000000000        0.0000000000000000        0.0000000000000000       -325.00000000000000        0.0000000000000000     
   292.12449226087455        79.820203742411707       -281.00675936758552      -0.80947076629896608        0.0000000000000000     
   118.44032344082486       -90.223829354790723        49.335816366500566       -58.768597539636282        0.0000000000000000     
   239.43518429830070        10.403625612379019        231.67094300108494        59.578068305935261        0.0000000000000000     

 PASSED   1.0000000000000001E-005
 MU_R    =    325.00000000000000     
 ALPHA_S =   0.11799999999999999     
 BORN                    2.3045206023448210E-007
 SINGLE POLE (MadFKS)   -4.7662566036913063E-008
 DOUBLE POLE (MadFKS)   -2.4525078190416747E-008
 SINGLE POLE (MadLoop)  -4.7662566036913069E-008
 DOUBLE POLE (MadLoop)  -2.4525078190416767E-008
 FINITE PART (MadLoop)   2.4334245640512590E-008
   325.00000000000000        0.0000000000000000        0.0000000000000000        325.00000000000000        0.0000000000000000     
   325.00000000000000        0.0000000000000000        0.0000000000000000       -325.00000000000000        0.0000000000000000     
   283.01258602712312       -68.093929971021836        205.91248191857289       -181.82241429756331        0.0000000000000000     
   257.70185313474690        90.061664850002217       -104.95853793044211        217.44619322727280        0.0000000000000000     
   109.28556083813018       -21.967734878980444       -100.95394398813087       -35.623778929709474        0.0000000000000000     

 PASSED   1.0000000000000001E-005
 MU_R    =    325.00000000000000     
 ALPHA_S =   0.11799999999999999     
 BORN                    2.9369570360278567E-007
 SINGLE POLE (MadFKS)   -3.5151376812701255E-008
 DOUBLE POLE (MadFKS)   -3.1255568241476811E-008
 SINGLE POLE (MadLoop)  -3.5151376812702314E-008
 DOUBLE POLE (MadLoop)  -3.1255568241476871E-008
 FINITE PART (MadLoop)   4.9571250740626770E-008
   325.00000000000000        0.0000000000000000        0.0000000000000000        325.00000000000000        0.0000000000000000     
   325.00000000000000        0.0000000000000000        0.0000000000000000       -325.00000000000000        0.0000000000000000     
   122.83844672501759       -40.626226794006044        100.54569657001944       -57.700577046911313        0.0000000000000000     
   291.32258609583459       -103.58202140032643       -271.78779230779753       -16.462380284782018        0.0000000000000000     
   235.83896717914777        144.20824819433247        171.24209573777807        74.162957331693349        0.0000000000000000     

 PASSED   1.0000000000000001E-005
 MU_R    =    325.00000000000000     
 ALPHA_S =   0.11799999999999999     
 BORN                    2.7941191364454293E-007
 SINGLE POLE (MadFKS)   -2.6262514477976836E-008
 DOUBLE POLE (MadFKS)   -2.9735464384627123E-008
 SINGLE POLE (MadLoop)  -2.6262514477976942E-008
 DOUBLE POLE (MadLoop)  -2.9735464384627127E-008
 FINITE PART (MadLoop)   4.9075038965117440E-008
   325.00000000000000        0.0000000000000000        0.0000000000000000        325.00000000000000        0.0000000000000000     
   325.00000000000000        0.0000000000000000        0.0000000000000000       -325.00000000000000        0.0000000000000000     
   94.257270239469733        59.884828925297867       -32.596515017085991       -65.082313006877072        0.0000000000000000     
   272.93387499790555        136.87123553320600        233.51366117541744        35.078983016021581        0.0000000000000000     
   282.80885476262478       -196.75606445850383       -200.91714615833146        30.003329990855509        0.0000000000000000     

 PASSED   1.0000000000000001E-005
 MU_R    =    325.00000000000000     
 ALPHA_S =   0.11799999999999999     
 BORN                    6.9377310592604194E-008
 SINGLE POLE (MadFKS)   -8.9520570190682482E-009
 DOUBLE POLE (MadFKS)   -7.3832447633282472E-009
 SINGLE POLE (MadLoop)  -8.9520570190683260E-009
 DOUBLE POLE (MadLoop)  -7.3832447633282381E-009
 FINITE PART (MadLoop)   9.9611788435817888E-009
   325.00000000000000        0.0000000000000000        0.0000000000000000        325.00000000000000        0.0000000000000000     
   325.00000000000000        0.0000000000000000        0.0000000000000000       -325.00000000000000        0.0000000000000000     
   225.44307954569285       -39.757897588491197        128.76040297676104       -180.73364468092487        0.0000000000000000     
   217.56423133613870       -72.043999953223036        44.322395356202399        200.44795358774144        0.0000000000000000     
   206.99268911816833        111.80189754171442       -173.08279833296325       -19.714308906816754        0.0000000000000000     

 PASSED   1.0000000000000001E-005
 MU_R    =    325.00000000000000     
 ALPHA_S =   0.11799999999999999     
 BORN                    8.5350916893143213E-007
 SINGLE POLE (MadFKS)   -9.7937170996130539E-008
 DOUBLE POLE (MadFKS)   -9.0831815879548020E-008
 SINGLE POLE (MadLoop)  -9.7937170996128501E-008
 DOUBLE POLE (MadLoop)  -9.0831815879548126E-008
 FINITE PART (MadLoop)   1.5214511640268755E-007
   325.00000000000000        0.0000000000000000        0.0000000000000000        325.00000000000000        0.0000000000000000     
   325.00000000000000        0.0000000000000000        0.0000000000000000       -325.00000000000000        0.0000000000000000     
   172.17939654209712       -41.121882641374079       -136.00424549822344        97.250092895013495        0.0000000000000000     
   182.12542605367454       -160.78677111553890        17.912610660298977        83.644625821413769        0.0000000000000000     
   295.69517740422822        201.90865375691303        118.09163483792449       -180.89471871642726        0.0000000000000000     

 PASSED   1.0000000000000001E-005
 MU_R    =    325.00000000000000     
 ALPHA_S =   0.11799999999999999     
 BORN                    1.2735671285185382E-007
 SINGLE POLE (MadFKS)   -1.4114701743352250E-008
 DOUBLE POLE (MadFKS)   -1.3553505824977714E-008
 SINGLE POLE (MadLoop)  -1.4114701743352121E-008
 DOUBLE POLE (MadLoop)  -1.3553505824977703E-008
 FINITE PART (MadLoop)   1.5623037085387759E-008
   325.00000000000000        0.0000000000000000        0.0000000000000000        325.00000000000000        0.0000000000000000     
   325.00000000000000        0.0000000000000000        0.0000000000000000       -325.00000000000000        0.0000000000000000     
   186.22358318428971       -37.812166033134524        175.35712034439587       -49.993433352789424        0.0000000000000000     
   200.02523545514569       -127.08641698698302        2.0175958921569115        154.45085543017592        0.0000000000000000     
   263.75118136056466        164.89858302011751       -177.37471623655276       -104.45742207738650        0.0000000000000000     

 PASSED   1.0000000000000001E-005
 MU_R    =    325.00000000000000     
 ALPHA_S =   0.11799999999999999     
 BORN                    6.3240591506559660E-007
 SINGLE POLE (MadFKS)   -6.1932448464486728E-008
 DOUBLE POLE (MadFKS)   -6.7301652670341832E-008
 SINGLE POLE (MadLoop)  -6.1932448464497898E-008
 DOUBLE POLE (MadLoop)  -6.7301652670341594E-008
 FINITE PART (MadLoop)   8.2404939912680508E-008
   325.00000000000000        0.0000000000000000        0.0000000000000000        325.00000000000000        0.0000000000000000     
   325.00000000000000        0.0000000000000000        0.0000000000000000       -325.00000000000000        0.0000000000000000     
   67.279351095654377        50.366368135864512       -28.823604928714580        34.043205541903411        0.0000000000000000     
   279.76365052269699        145.55390298543924        216.85398679858838        100.28015700550509        0.0000000000000000     
   302.95699838164853       -195.92027112130376       -188.03038186987376       -134.32336254740849        0.0000000000000000     

 PASSED   1.0000000000000001E-005
 MU_R    =    325.00000000000000     
 ALPHA_S =   0.11799999999999999     
 BORN                    4.8763687826905005E-006
 SINGLE POLE (MadFKS)   -8.5030849970740047E-007
 DOUBLE POLE (MadFKS)   -5.1895099379500938E-007
 SINGLE POLE (MadLoop)  -8.5030849970740693E-007
 DOUBLE POLE (MadLoop)  -5.1895099379501043E-007
 FINITE PART (MadLoop)   5.1513307728895298E-007
   325.00000000000000        0.0000000000000000        0.0000000000000000        325.00000000000000        0.0000000000000000     
   325.00000000000000        0.0000000000000000        0.0000000000000000       -325.00000000000000        0.0000000000000000     
   278.28988773236688        8.5468485560281930        65.360359249855080        270.37055393031164        0.0000000000000000     
   92.480667022082457       -64.070725079343021        60.752526718333151       -27.509025028065718        0.0000000000000000     
   279.22944524555078        55.523876523314811       -126.11288596818818       -242.86152890224594        0.0000000000000000     

 PASSED   1.0000000000000001E-005
 MU_R    =    325.00000000000000     
 ALPHA_S =   0.11799999999999999     
 BORN                    1.1771297377589490E-006
 SINGLE POLE (MadFKS)   -2.1639999261765267E-007
 DOUBLE POLE (MadFKS)   -1.2527203631605175E-007
 SINGLE POLE (MadLoop)  -2.1639999261765497E-007
 DOUBLE POLE (MadLoop)  -1.2527203631605302E-007
 FINITE PART (MadLoop)   1.8911020474193096E-007
   325.00000000000000        0.0000000000000000        0.0000000000000000        325.00000000000000        0.0000000000000000     
   325.00000000000000        0.0000000000000000        0.0000000000000000       -325.00000000000000        0.0000000000000000     
   239.41134542023988       -169.81980031169496        160.93637800473738        50.779030836967436        0.0000000000000000     
   241.10826036609188        43.600488719449451       -171.89856903332907       -163.34954105990627        0.0000000000000000     
   169.48039421366880        126.21931159224589        10.962191028591711        112.57051022293888        0.0000000000000000     

 PASSED   1.0000000000000001E-005
 MU_R    =    325.00000000000000     
 ALPHA_S =   0.11799999999999999     
 BORN                    1.0210969851352530E-006
 SINGLE POLE (MadFKS)   -2.2404060124065939E-007
 DOUBLE POLE (MadFKS)   -1.0866678030545907E-007
 SINGLE POLE (MadLoop)  -2.2404060124073068E-007
 DOUBLE POLE (MadLoop)  -1.0866678030549379E-007
 FINITE PART (MadLoop)   8.7042255401542525E-008
   325.00000000000000        0.0000000000000000        0.0000000000000000        325.00000000000000        0.0000000000000000     
   325.00000000000000        0.0000000000000000        0.0000000000000000       -325.00000000000000        0.0000000000000000     
   272.81546328100814       -257.26752140064940       -89.252062626459363        16.606286596349261        0.0000000000000000     
   283.24052049445811        222.74588791096713        174.95517560569843       0.38522396826184430        0.0000000000000000     
   93.944016224533641        34.521633489682280       -85.703112979238952       -16.991510564611175        0.0000000000000000     

 PASSED   1.0000000000000001E-005
 MU_R    =    325.00000000000000     
 ALPHA_S =   0.11799999999999999     
 BORN                    1.4123451915958967E-006
 SINGLE POLE (MadFKS)   -2.4448088647860243E-007
 DOUBLE POLE (MadFKS)   -1.5030404250022710E-007
 SINGLE POLE (MadLoop)  -2.4448088647860386E-007
 DOUBLE POLE (MadLoop)  -1.5030404250022729E-007
 FINITE PART (MadLoop)   2.1327184662607866E-007
   325.00000000000000        0.0000000000000000        0.0000000000000000        325.00000000000000        0.0000000000000000     
   325.00000000000000        0.0000000000000000        0.0000000000000000       -325.00000000000000        0.0000000000000000     
   216.19226525402914        35.679233653474306        79.035740020318016        198.03898515446394        0.0000000000000000     
   292.78227604254965       -174.98684861745113       -82.748819759586965       -219.66724108064989        0.0000000000000000     
   141.02545870342129        139.30761496397682        3.7130797392689536        21.628255926185954        0.0000000000000000     

 PASSED   1.0000000000000001E-005
 MU_R    =    325.00000000000000     
 ALPHA_S =   0.11799999999999999     
 BORN                    2.2800437266846874E-006
 SINGLE POLE (MadFKS)   -5.2685101851906769E-007
 DOUBLE POLE (MadFKS)   -2.4264591350415794E-007
 SINGLE POLE (MadLoop)  -5.2685101851905858E-007
 DOUBLE POLE (MadLoop)  -2.4264591350415487E-007
 FINITE PART (MadLoop)   1.5551828696179398E-007
   325.00000000000000        0.0000000000000000        0.0000000000000000        325.00000000000000        0.0000000000000000     
   325.00000000000000        0.0000000000000000        0.0000000000000000       -325.00000000000000        0.0000000000000000     
   289.63992419754726       -234.98429033883642       -103.01374606934021        134.39433434440545        0.0000000000000000     
   201.03067396784999        155.36968620658408        127.56011616314332        1.4174796227716271        0.0000000000000000     
   159.32940183460281        79.614604132252339       -24.546370093803112       -135.81181396717710        0.0000000000000000     

 PASSED   1.0000000000000001E-005
 MU_R    =    325.00000000000000     
 ALPHA_S =   0.11799999999999999     
 BORN                    1.2589990053351919E-006
 SINGLE POLE (MadFKS)   -1.8899382734807867E-007
 DOUBLE POLE (MadFKS)   -1.3398469519467729E-007
 SINGLE POLE (MadLoop)  -1.8899382734807560E-007
 DOUBLE POLE (MadLoop)  -1.3398469519467668E-007
 FINITE PART (MadLoop)   1.8811203967626620E-007
   325.00000000000000        0.0000000000000000        0.0000000000000000        325.00000000000000        0.0000000000000000     
   325.00000000000000        0.0000000000000000        0.0000000000000000       -325.00000000000000        0.0000000000000000     
   276.24605399083441       -97.640129364678828       -28.413409036550085        256.84813736929743        0.0000000000000000     
   176.25174694380200       -46.794912609240399       -62.930766190711296       -157.84369838953222        0.0000000000000000     
   197.50219906536356        144.43504197391925        91.344175227261374       -99.004438979765197        0.0000000000000000     

 PASSED   1.0000000000000001E-005
 MU_R    =    325.00000000000000     
 ALPHA_S =   0.11799999999999999     
 BORN                    9.3388436702856217E-007
 SINGLE POLE (MadFKS)   -1.5007183517988159E-007
 DOUBLE POLE (MadFKS)   -9.9385473485805352E-008
 SINGLE POLE (MadLoop)  -1.5007183517987672E-007
 DOUBLE POLE (MadLoop)  -9.9385473485805511E-008
 FINITE PART (MadLoop)   1.4802901276145652E-007
   325.00000000000000        0.0000000000000000        0.0000000000000000        325.00000000000000        0.0000000000000000     
   325.00000000000000        0.0000000000000000        0.0000000000000000       -325.00000000000000        0.0000000000000000     
   210.12839835322674        112.29999318868748        53.764215293685730        169.26920711744123        0.0000000000000000     
   281.47251311887970       -242.43291139693852        31.497945589960715       -139.50246785155426        0.0000000000000000     
   158.39908852789364        130.13291820825106       -85.262160883646473       -29.766739265887029        0.0000000000000000     

 PASSED   1.0000000000000001E-005
 MU_R    =    325.00000000000000     
 ALPHA_S =   0.11799999999999999     
 BORN                    1.0338102006360513E-007
 SINGLE POLE (MadFKS)   -1.5683944716468624E-008
 DOUBLE POLE (MadFKS)   -1.1001974110733452E-008
 SINGLE POLE (MadLoop)  -1.5683944716466913E-008
 DOUBLE POLE (MadLoop)  -1.1001974110733504E-008
Thanks for using LHAPDF 6.2.1. Please make sure to cite the paper:
  Eur.Phys.J. C75 (2015) 3, 132  (http://arxiv.org/abs/1412.7420)
 FINITE PART (MadLoop)   1.5665083010333244E-008
   325.00000000000000        0.0000000000000000        0.0000000000000000        325.00000000000000        0.0000000000000000     
   325.00000000000000        0.0000000000000000        0.0000000000000000       -325.00000000000000        0.0000000000000000     
   178.04565227258459       -64.547871395128112       -33.154709955526307       -162.58718214943335        0.0000000000000000     
   277.58641523474137       -66.359723357748265       -72.924818707213205        259.48521317269206        0.0000000000000000     
   194.36793249267404        130.90759475287638        106.07952866273951       -96.898031023258710        0.0000000000000000     

 PASSED   1.0000000000000001E-005
 MU_R    =    325.00000000000000     
 ALPHA_S =   0.11799999999999999     
 BORN                    7.1133961723682798E-007
 SINGLE POLE (MadFKS)   -1.6208304883059519E-007
 DOUBLE POLE (MadFKS)   -7.5701903966159321E-008
 SINGLE POLE (MadLoop)  -1.6208304883059540E-007
 DOUBLE POLE (MadLoop)  -7.5701903966159308E-008
 FINITE PART (MadLoop)   8.5770195223343026E-008
   325.00000000000000        0.0000000000000000        0.0000000000000000        325.00000000000000        0.0000000000000000     
   325.00000000000000        0.0000000000000000        0.0000000000000000       -325.00000000000000        0.0000000000000000     
   301.37015335101285        100.25206025060929       -112.73433767261625       -260.89166881262753        0.0000000000000000     
   104.02258630389326       -15.845031256335798        97.767872441243199        31.797430150083894        0.0000000000000000     
   244.60726034509381       -84.407028994273517        14.966465231373013        229.09423866254357        0.0000000000000000     

 PASSED   1.0000000000000001E-005
 MU_R    =    325.00000000000000     
 ALPHA_S =   0.11799999999999999     
 BORN                    2.0664751522280495E-007
 SINGLE POLE (MadFKS)   -2.5292940506490591E-008
 DOUBLE POLE (MadFKS)   -2.1991760297295464E-008
 SINGLE POLE (MadLoop)  -2.5292940506489069E-008
 DOUBLE POLE (MadLoop)  -2.1991760297295547E-008
 FINITE PART (MadLoop)   3.0474656199528440E-008
   325.00000000000000        0.0000000000000000        0.0000000000000000        325.00000000000000        0.0000000000000000     
   325.00000000000000        0.0000000000000000        0.0000000000000000       -325.00000000000000        0.0000000000000000     
   274.91541003368275        57.710388599210127        257.56995816458692       -76.848619849734007        0.0000000000000000     
   140.08559006632464        95.674874338989895       -101.88118280109778       -9.5139663389218114        0.0000000000000000     
   234.99899989999284       -153.38526293820004       -155.68877536348913        86.362586188655797        0.0000000000000000     

 PASSED   1.0000000000000001E-005
 MU_R    =    325.00000000000000     
 ALPHA_S =   0.11799999999999999     
 BORN                    3.6519265270145782E-006
 SINGLE POLE (MadFKS)   -1.0220145510173454E-006
 DOUBLE POLE (MadFKS)   -3.8864388337235766E-007
 SINGLE POLE (MadLoop)  -1.0220145510173723E-006
 DOUBLE POLE (MadLoop)  -3.8864388337236354E-007
 FINITE PART (MadLoop)  -2.5776784810303879E-007
   325.00000000000000        0.0000000000000000        0.0000000000000000        325.00000000000000        0.0000000000000000     
   325.00000000000000        0.0000000000000000        0.0000000000000000       -325.00000000000000        0.0000000000000000     
   276.82813595319328       -68.251130819566939        257.04064240568437        76.848605379949163        0.0000000000000000     
   222.63698656018238        65.370926167648889       -203.08149039395289        63.653578500768141        0.0000000000000000     
   150.53487748662420        2.8802046519180635       -53.959152011731440       -140.50218388071730        0.0000000000000000     

 PASSED   1.0000000000000001E-005
 MU_R    =    325.00000000000000     
 ALPHA_S =   0.11799999999999999     
 BORN                    1.3999607410594354E-006
 SINGLE POLE (MadFKS)   -1.5327531948360954E-007
 DOUBLE POLE (MadFKS)   -1.4898606939361642E-007
 SINGLE POLE (MadLoop)  -1.5327531948360909E-007
 DOUBLE POLE (MadLoop)  -1.4898606939361612E-007
 FINITE PART (MadLoop)   1.5066902669889406E-007
   325.00000000000000        0.0000000000000000        0.0000000000000000        325.00000000000000        0.0000000000000000     
   325.00000000000000        0.0000000000000000        0.0000000000000000       -325.00000000000000        0.0000000000000000     
   49.032761663900423        27.574691202325631       -18.891121004082606        35.874415238361117        0.0000000000000000     
   291.33145387824487        108.81028776177551        222.52564524628889        153.35147375794708        0.0000000000000000     
   309.63578445785487       -136.38497896410112       -203.63452424220625       -189.22588899630824        0.0000000000000000     

 NUMBER OF POINTS PASSING THE CHECK          20
 NUMBER OF POINTS FAILING THE CHECK           0
 TOLERANCE    1.0000000000000001E-005
