==== LHAPDF6 USING DEFAULT-TYPE LHAGLUE INTERFACE ====
LHAPDF 6.2.1 loading /cvmfs/cms.cern.ch/slc6_amd64_gcc481/external/lhapdf/6.2.1/share/LHAPDF/NNPDF31_nnlo_hessian_pdfas/NNPDF31_nnlo_hessian_pdfas_0000.dat
NNPDF31_nnlo_hessian_pdfas PDF set, member #0, version 1; LHAPDF ID = 306000
 A PDF is used, so alpha_s(MZ) is going to be modified
 Old value of alpha_s from param_card:   0.11799999999999999     
 New value of alpha_s from PDF lhapdf :  0.11800208008122040     
 using LHAPDF
 *****************************************************
 *               MadGraph/MadEvent                   *
 *        --------------------------------           *
 *          http://madgraph.hep.uiuc.edu             *
 *          http://madgraph.phys.ucl.ac.be           *
 *          http://madgraph.roma2.infn.it            *
 *        --------------------------------           *
 *                                                   *
 *          PARAMETER AND COUPLING VALUES            *
 *                                                   *
 *****************************************************

  External Params
  ---------------------------------
  
 MU_R =    91.188000000000002     
 aEWM1 =    132.50700000000001     
 mdl_Gf =    1.1663900000000000E-005
 aS =   0.11799999999999999     
 mdl_lamWS =   0.22530000000000000     
 mdl_AWS =   0.80800000000000005     
 mdl_rhoWS =   0.13200000000000001     
 mdl_etaWS =   0.34100000000000003     
 mdl_ymt =    173.00000000000000     
 mdl_ymtau =    1.7769999999999999     
 mdl_MT =    173.00000000000000     
 mdl_MZ =    91.188000000000002     
 mdl_MH =    125.00000000000000     
 mdl_MTA =    1.7769999999999999     
 mdl_WT =    1.4915000000000000     
 mdl_WZ =    2.4414039999999999     
 mdl_WW =    2.0476000000000001     
 mdl_WH =    6.3823389999999999E-003
  Internal Params
  ---------------------------------
  
 mdl_CKM33 =    1.0000000000000000     
 mdl_conjg__CKM3x3 =    1.0000000000000000     
 mdl_I4x33 =    0.0000000000000000     
 mdl_I1x33 =    0.0000000000000000     
 mdl_lhv =    1.0000000000000000     
 mdl_CKM3x3 =    1.0000000000000000     
 mdl_conjg__CKM33 =    1.0000000000000000     
 mdl_Ncol =    3.0000000000000000     
 mdl_CA =    3.0000000000000000     
 mdl_TF =   0.50000000000000000     
 mdl_CF =    1.3333333333333333     
 mdl_lamWS__exp__2 =    5.0760090000000001E-002
 mdl_CKM11 =  ( 0.97461995499999998     ,  0.0000000000000000     )
 mdl_CKM12 =  ( 0.22530000000000000     ,  0.0000000000000000     )
 mdl_complexi =  (  0.0000000000000000     ,  1.0000000000000000     )
 mdl_lamWS__exp__3 =    1.1436248277000001E-002
 mdl_CKM13 =  (  1.2197444962317122E-003, -3.1510066152652563E-003)
 mdl_CKM21 =  (-0.22530000000000000     ,  0.0000000000000000     )
 mdl_CKM22 =  ( 0.97461995499999998     ,  0.0000000000000000     )
 mdl_CKM23 =  (  4.1014152720000002E-002,  0.0000000000000000     )
 mdl_CKM31 =  (  8.0207441115842885E-003, -3.1510066152652563E-003)
 mdl_CKM32 =  ( -4.1014152720000002E-002,  0.0000000000000000     )
 mdl_MZ__exp__2 =    8315.2513440000002     
 mdl_MZ__exp__4 =    69143404.913893804     
 mdl_sqrt__2 =    1.4142135623730951     
 mdl_MH__exp__2 =    15625.000000000000     
 mdl_CKM1x1 =  ( 0.97461995499999998     ,  0.0000000000000000     )
 mdl_CKM1x2 =  ( 0.22530000000000000     ,  0.0000000000000000     )
 mdl_CKM1x3 =  (  1.2197444962317122E-003, -3.1510066152652563E-003)
 mdl_CKM2x1 =  (-0.22530000000000000     ,  0.0000000000000000     )
 mdl_CKM2x2 =  ( 0.97461995499999998     ,  0.0000000000000000     )
 mdl_CKM2x3 =  (  4.1014152720000002E-002,  0.0000000000000000     )
 mdl_CKM3x1 =  (  8.0207441115842885E-003, -3.1510066152652563E-003)
 mdl_CKM3x2 =  ( -4.1014152720000002E-002,  0.0000000000000000     )
 mdl_conjg__CKM1x3 =  (  1.2197444962317122E-003,  3.1510066152652563E-003)
 mdl_conjg__CKM2x3 =  (  4.1014152720000002E-002, -0.0000000000000000     )
 mdl_conjg__CKM2x1 =  (-0.22530000000000000     , -0.0000000000000000     )
 mdl_conjg__CKM3x1 =  (  8.0207441115842885E-003,  3.1510066152652563E-003)
 mdl_conjg__CKM2x2 =  ( 0.97461995499999998     , -0.0000000000000000     )
 mdl_conjg__CKM3x2 =  ( -4.1014152720000002E-002, -0.0000000000000000     )
 mdl_Ncol__exp__2 =    9.0000000000000000     
 mdl_MT__exp__2 =    29929.000000000000     
 mdl_conjg__CKM11 =  ( 0.97461995499999998     , -0.0000000000000000     )
 mdl_conjg__CKM12 =  ( 0.22530000000000000     , -0.0000000000000000     )
 mdl_conjg__CKM13 =  (  1.2197444962317122E-003,  3.1510066152652563E-003)
 mdl_conjg__CKM21 =  (-0.22530000000000000     , -0.0000000000000000     )
 mdl_conjg__CKM22 =  ( 0.97461995499999998     , -0.0000000000000000     )
 mdl_conjg__CKM23 =  (  4.1014152720000002E-002, -0.0000000000000000     )
 mdl_conjg__CKM31 =  (  8.0207441115842885E-003,  3.1510066152652563E-003)
 mdl_conjg__CKM32 =  ( -4.1014152720000002E-002, -0.0000000000000000     )
 mdl_aEW =    7.5467711139788835E-003
 mdl_MW =    80.419002445756163     
 mdl_sqrt__aEW =    8.6872153846781555E-002
 mdl_ee =   0.30795376724436879     
 mdl_MW__exp__2 =    6467.2159543705357     
 mdl_sw2 =   0.22224648578577766     
 mdl_cw =   0.88190334743339216     
 mdl_sqrt__sw2 =   0.47143025548407230     
 mdl_sw =   0.47143025548407230     
 mdl_g1 =   0.34919219678733299     
 mdl_gw =   0.65323293034757990     
 mdl_v =    246.21845810181637     
 mdl_v__exp__2 =    60623.529110035903     
 mdl_lam =   0.12886910601690263     
 mdl_yt =   0.99366614581500623     
 mdl_ytau =    1.0206617000654717E-002
 mdl_muH =    88.388347648318430     
 mdl_AxialZUp =  -0.18517701861793787     
 mdl_AxialZDown =   0.18517701861793787     
 mdl_VectorZUp =    7.5430507588273299E-002
 mdl_VectorZDown =  -0.13030376310310560     
 mdl_VectorAUp =   0.20530251149624587     
 mdl_VectorADown =  -0.10265125574812294     
 mdl_VectorWmDxU =   0.23095271737156670     
 mdl_AxialWmDxU =  -0.23095271737156670     
 mdl_VectorWpUxD =   0.23095271737156670     
 mdl_AxialWpUxD =  -0.23095271737156670     
 mdl_I2x13 =  (  7.9699418879263656E-003,  3.1310485988282153E-003)
 mdl_I2x23 =  ( -4.0754375057150453E-002, -0.0000000000000000     )
 mdl_I2x33 =  ( 0.99366614581500623     ,  0.0000000000000000     )
 mdl_I3x31 =  (  7.9699418879263656E-003, -3.1310485988282153E-003)
 mdl_I3x32 =  ( -4.0754375057150453E-002,  0.0000000000000000     )
 mdl_I3x33 =  ( 0.99366614581500623     ,  0.0000000000000000     )
 mdl_Vector_tdGp =  ( -7.9699418879263656E-003, -3.1310485988282153E-003)
 mdl_Vector_tsGp =  (  4.0754375057150453E-002,  0.0000000000000000     )
 mdl_Vector_tbGp =  (-0.99366614581500623     ,  0.0000000000000000     )
 mdl_Axial_tdGp =  ( -7.9699418879263656E-003, -3.1310485988282153E-003)
 mdl_Axial_tsGp =  (  4.0754375057150453E-002,  0.0000000000000000     )
 mdl_Axial_tbGp =  (-0.99366614581500623     , -0.0000000000000000     )
 mdl_Vector_tdGm =  (  7.9699418879263656E-003, -3.1310485988282153E-003)
 mdl_Vector_tsGm =  ( -4.0754375057150453E-002,  0.0000000000000000     )
 mdl_Vector_tbGm =  ( 0.99366614581500623     ,  0.0000000000000000     )
 mdl_Axial_tdGm =  ( -7.9699418879263656E-003,  3.1310485988282153E-003)
 mdl_Axial_tsGm =  (  4.0754375057150453E-002, -0.0000000000000000     )
 mdl_Axial_tbGm =  (-0.99366614581500623     ,  0.0000000000000000     )
 mdl_gw__exp__2 =   0.42671326129048615     
 mdl_cw__exp__2 =   0.77775351421422245     
 mdl_ee__exp__2 =    9.4835522759998875E-002
 mdl_sw__exp__2 =   0.22224648578577769     
 mdl_yt__exp__2 =   0.98737240933884918     
  Internal Params evaluated point by point
  ----------------------------------------
  
 mdl_sqrt__aS =   0.34351128074635334     
 mdl_G__exp__4 =    2.1987899468922913     
 mdl_G__exp__2 =    1.4828317324943823     
 mdl_R2MixedFactor_FIN_ =   -2.5040377713124864E-002
 mdl_G_UVg_1EPS_ =   -5.1645779033320030E-002
 mdl_G_UVq_1EPS_ =    3.1300472141406080E-003
 mdl_G_UVb_1EPS_ =    3.1300472141406080E-003
 mdl_GWcft_UV_t_1EPS_ =   -3.1300472141406080E-003
 mdl_tWcft_UV_1EPS_ =   -1.8780283284843650E-002
 mdl_G__exp__3 =    1.8056676068262196     
 mdl_MU_R__exp__2 =    8315.2513440000002     
 mdl_G_UVt_FIN_ =   -4.0087659331150384E-003
 mdl_GWcft_UV_t_FIN_ =    4.0087659331150384E-003
 mdl_tWcft_UV_FIN_ =   -9.8778211443463623E-004
  Couplings of loop_sm-ckm_no_b_mass
  ---------------------------------
  
       UV_3Gt =   0.48815E-02   0.00000E+00
      UV_GQQt =   0.00000E+00  -0.48815E-02
   UVWfct_G_2 =   0.40088E-02   0.00000E+00
       R2_DDA =   0.00000E+00   0.25704E-02
       R2_UUA =  -0.00000E+00  -0.51409E-02
    R2_DDZ_V2 =   0.00000E+00   0.72127E-02
    R2_UUZ_V2 =  -0.00000E+00  -0.72127E-02
    R2_UUZ_V5 =   0.00000E+00   0.68702E-03
      R2_GGHt =   0.00000E+00  -0.45657E+01
     R2_GGZup =  -0.46369E-02   0.00000E+00
   R2_GGZdown =   0.46369E-02   0.00000E+00
 R2_GGGZvecUp =   0.00000E+00   0.28750E-03
 R2_GGGZvecDown  -0.00000E+00  -0.49665E-03
 R2_GGGZaxialUp  -0.00000E+00  -0.63522E-02
 R2_GGGZaxialDow  0.00000E+00   0.63522E-02
 R2_GGGAvecUp =   0.00000E+00   0.78251E-03
 R2_GGGAvecDown  -0.00000E+00  -0.39126E-03
         GC_4 =  -0.12177E+01   0.00000E+00
         GC_5 =   0.00000E+00   0.12177E+01
         GC_6 =   0.00000E+00   0.14828E+01
       R2_3Gq =   0.76230E-02   0.00000E+00
       R2_3Gg =   0.31445E-01   0.00000E+00
       R2_GQQ =  -0.00000E+00  -0.30492E-01
       R2_GGq =   0.00000E+00   0.62601E-02
       R2_GGt =  -0.00000E+00  -0.11242E+04
     R2_GGg_1 =   0.00000E+00   0.28170E-01
     R2_GGg_2 =  -0.00000E+00  -0.18780E-01
       R2_QQq =   0.00000E+00   0.12520E-01
  UV_3Gg_1eps =   0.62890E-01   0.00000E+00
  UV_3Gb_1eps =  -0.38115E-02   0.00000E+00
 UV_GQQg_1eps =   0.00000E+00  -0.62890E-01
 UV_GQQq_1eps =   0.00000E+00   0.38115E-02
 UVWfct_G_2_1eps -0.31300E-02   0.00000E+00
         GC_1 =  -0.00000E+00  -0.10265E+00
         GC_2 =   0.00000E+00   0.20530E+00
        GC_21 =  -0.00000E+00  -0.28804E+00
        GC_22 =   0.00000E+00   0.28804E+00
        GC_23 =  -0.00000E+00  -0.27437E-01
        GC_24 =   0.00000E+00   0.82310E-01
        GC_37 =  -0.00000E+00  -0.70263E+00
        GC_38 =  -0.00000E+00  -0.72172E-02
      GC_1003 =  -0.00000E+00  -0.30795E+00

 Collider parameters:
 --------------------

 Running at P P   machine @    13000.000000000000       GeV
 PDF set = lhapdf 
 alpha_s(Mz)= 0.1180 running at 3 loops.
 alpha_s(Mz)= 0.1180 running at 3 loops.
 Renormalization scale set on event-by-event basis
 Factorization   scale set on event-by-event basis


 ===============================================================
 INFO: MadFKS read these parameters from FKS_params.dat
 ===============================================================
  > IRPoleCheckThreshold      =    1.0000000000000001E-005
  > PrecisionVirtualAtRunTime =    1.0000000000000000E-003
  > NHelForMCoverHels         =            4
  > VirtualFraction           =    1.0000000000000000     
  > MinVirtualFraction        =    5.0000000000000001E-003
 ===============================================================
  Insert the number of points to test
 Insert the relative tolerance
  A negative number will mean use the default one:    1.0000000000000001E-005
Using random seed offsets:     0 ,     90 ,      0
  with seed                   32
 Ranmar initialization seeds       10729        9496
  ========================================================================================== 
 {                                                                                          }
 {       [32m                                                                            [0m       }
 {       [32m                               ,,                                           [0m       }
 {       [32m`7MMM.     ,MMF'             `7MM  `7MMF'                                   [0m       }
 {       [32m  MMMb    dPMM                 MM    MM                                     [0m       }
 {       [32m  M YM   ,M MM   ,6"Yb.   ,M""bMM    MM         ,pW"Wq.   ,pW"Wq.`7MMpdMAo. [0m       }
 {       [32m  M  Mb  M' MM  8)   MM ,AP    MM    MM        6W'   `Wb 6W'   `Wb MM   `Wb [0m       }
 {       [32m  M  YM.P'  MM   ,pm9MM 8MI    MM    MM      , 8M     M8 8M     M8 MM    M8 [0m       }
 {       [32m  M  `YM'   MM  8M   MM `Mb    MM    MM     ,M YA.   ,A9 YA.   ,A9 MM   ,AP [0m       }
 {       [32m.JML. `'  .JMML.`Moo9^Yo.`Wbmd"MML..JMMmmmmMMM  `Ybmd9'   `Ybmd9'  MMbmmd'  [0m       }
 {       [32m                                                                   MM       [0m       }
 {       [32m                                                                 .JMML.     [0m       }
 {       [32m[0mv2.4.2 (2016-06-10), Ref: arXiv:1103.0621v2, arXiv:1405.0301[32m                [0m       }
 {       [32m                                                                            [0m       }
 {                                                                                          }
  ========================================================================================== 
 ===============================================================
 INFO: MadLoop read these parameters from ./MadLoop5_resources/MadLoopParams.dat                                                                                                                                                                                                                                                                                                                                                                                                                                                                                          
 ===============================================================
  > MLReductionLib            = 6|1|2
  > IREGIMODE                 =            2
  > IREGIRECY                 =  T
  > CTModeRun                 =           -1
  > MLStabThres               =    1.0000000000000000E-003
  > NRotations_DP             =            1
  > NRotations_QP             =            0
  > CTStabThres               =    1.0000000000000000E-002
  > CTLoopLibrary             =            2
  > CTModeInit                =            1
  > CheckCycle                =            3
  > MaxAttempts               =           10
  > UseLoopFilter             =  F
  > HelicityFilterLevel       =            2
  > ImprovePSPoint            =            2
  > DoubleCheckHelicityFilter =  T
  > LoopInitStartOver         =  F
  > HelInitStartOver          =  F
  > ZeroThres                 =    1.0000000000000001E-009
  > OSThres                   =    1.0000000000000000E-008
  > WriteOutFilters           =  T
  > UseQPIntegrandForNinja    =  F
  > UseQPIntegrandForCutTools =  T
 ===============================================================
  
------------------------------------------------------------------------
|              You are using CutTools - Version 1.9.3                  |
|              Authors: G. Ossola, C. Papadopoulos, R. Pittau          |
|              Published in JHEP 0803:042,2008                         |
|              http://www.ugr.es/~pittau/CutTools                      |
|                                                                      |
|              Compiler with  34  significant digits detetected        |
 ---------------------------------------------------------------------- 
   
########################################################################
#                                                                      #
#                      You are using OneLOop-3.6                       #
#                                                                      #
# for the evaluation of 1-loop scalar 1-, 2-, 3- and 4-point functions #
#                                                                      #
# author: Andreas van Hameren <hamerenREMOVETHIS@ifj.edu.pl>           #
#   date: 18-02-2015                                                   #
#                                                                      #
# Please cite                                                          #
#    A. van Hameren,                                                   #
#      Comput.Phys.Commun. 182 (2011) 2427-2438, arXiv:1007.4716       #
#    A. van Hameren, C.G. Papadopoulos and R. Pittau,                  #
#      JHEP 0909:106,2009, arXiv:0903.4665                             #
# in publications with results obtained with the help of this program. #
#                                                                      #
########################################################################
 PASSED   1.0000000000000001E-005
 MU_R    =    325.00000000000000     
 ALPHA_S =   0.11799999999999999     
 BORN                    4.7310811279309204E-011
 SINGLE POLE (MadFKS)   -8.7273834636527213E-012
 DOUBLE POLE (MadFKS)   -4.7387223373930828E-012
 SINGLE POLE (MadLoop)  -8.7273834636528893E-012
 DOUBLE POLE (MadLoop)  -4.7387223373930925E-012
 FINITE PART (MadLoop)  -1.7892001513981537E-013
   325.00000000000000        0.0000000000000000        0.0000000000000000        325.00000000000000        0.0000000000000000     
   325.00000000000000        0.0000000000000000        0.0000000000000000       -325.00000000000000        0.0000000000000000     
   58.335460473002804        4.3505479557147479       -14.912275718677838        56.229198055569221        0.0000000000000000     
   179.44251753846549       -146.44849044016448        97.213441787580877        36.083285384678668        0.0000000000000000     
   238.78770560987576        170.06564676331047        79.743038983171644       -147.43911243334983        0.0000000000000000     
   173.43431637865601       -27.967704278860701       -162.04420505207472        55.126628993101960        0.0000000000000000     

 PASSED   1.0000000000000001E-005
 MU_R    =    325.00000000000000     
 ALPHA_S =   0.11799999999999999     
 BORN                    2.3661568577188866E-011
 SINGLE POLE (MadFKS)   -4.0290929416777934E-012
 DOUBLE POLE (MadFKS)   -2.3699784578312629E-012
 SINGLE POLE (MadLoop)  -4.0290929416778241E-012
 DOUBLE POLE (MadLoop)  -2.3699784578312503E-012
 FINITE PART (MadLoop)   3.0382103898569486E-012
   325.00000000000000        0.0000000000000000        0.0000000000000000        325.00000000000000        0.0000000000000000     
   325.00000000000000        0.0000000000000000        0.0000000000000000       -325.00000000000000        0.0000000000000000     
   205.58492865239558        142.70788189661064        15.965927930370146       -147.12142087036784        0.0000000000000000     
   125.87414315648762       -100.78604793297301       -71.684931257796151       -23.403911809726328        0.0000000000000000     
   154.84890249180577       -83.312964461503640       -85.424750602790638        98.690144087462116        0.0000000000000000     
   163.69202569931099        41.391130497865944        141.14375393021660        71.835188592632022        0.0000000000000000     

 PASSED   1.0000000000000001E-005
 MU_R    =    325.00000000000000     
 ALPHA_S =   0.11799999999999999     
 BORN                    1.1144380301164910E-010
 SINGLE POLE (MadFKS)   -2.8922300527459968E-011
 DOUBLE POLE (MadFKS)   -1.1162379684795104E-011
 SINGLE POLE (MadLoop)  -2.8922300527459884E-011
 DOUBLE POLE (MadLoop)  -1.1162379684795119E-011
 FINITE PART (MadLoop)   7.7263466534226906E-012
   325.00000000000000        0.0000000000000000        0.0000000000000000        325.00000000000000        0.0000000000000000     
   325.00000000000000        0.0000000000000000        0.0000000000000000       -325.00000000000000        0.0000000000000000     
   187.50747619468348        18.444388238019222       -171.42994425776021        73.692824502838974        0.0000000000000000     
   148.48176905327946       -12.199157947113612        17.656575175729930        146.92263828163644        0.0000000000000000     
   210.00866010700662        44.284773499950632        66.822729775547799       -194.10620531384981        0.0000000000000000     
   104.00209464503052       -50.530003790856213        86.950639306482486       -26.509257470625666        0.0000000000000000     

 PASSED   1.0000000000000001E-005
 MU_R    =    325.00000000000000     
 ALPHA_S =   0.11799999999999999     
 BORN                    1.7266115540572878E-011
 SINGLE POLE (MadFKS)   -3.5318479257546684E-012
 DOUBLE POLE (MadFKS)   -1.7294002190976000E-012
 SINGLE POLE (MadLoop)  -3.5318479257546603E-012
 DOUBLE POLE (MadLoop)  -1.7294002190976083E-012
 FINITE PART (MadLoop)   1.5219543979438775E-012
   325.00000000000000        0.0000000000000000        0.0000000000000000        325.00000000000000        0.0000000000000000     
   325.00000000000000        0.0000000000000000        0.0000000000000000       -325.00000000000000        0.0000000000000000     
   200.66651466102186        68.133133288241382        21.500904116813992       -187.51703223091062        0.0000000000000000     
   204.80949141483302       -165.60497793381754        101.18114420788703        65.454527069753638        0.0000000000000000     
   68.025494309238027       -32.574898523686223       -24.279611925510210        54.560464687668663        0.0000000000000000     
   176.49849961490708        130.04674316926238       -98.402436399190847        67.502040473488336        0.0000000000000000     

 PASSED   1.0000000000000001E-005
 MU_R    =    325.00000000000000     
 ALPHA_S =   0.11799999999999999     
 BORN                    6.7965061744361893E-009
 SINGLE POLE (MadFKS)   -1.0536923512186091E-009
 DOUBLE POLE (MadFKS)   -6.8074832694986998E-010
 SINGLE POLE (MadLoop)  -1.0536923512185649E-009
 DOUBLE POLE (MadLoop)  -6.8074832694984072E-010
 FINITE PART (MadLoop)   5.3888102397875880E-010
   325.00000000000000        0.0000000000000000        0.0000000000000000        325.00000000000000        0.0000000000000000     
   325.00000000000000        0.0000000000000000        0.0000000000000000       -325.00000000000000        0.0000000000000000     
   41.899076407993135       -19.988718709028884       -22.128384986644313        29.433285682998775        0.0000000000000000     
   232.61342416504820       -123.49373412847291        99.697166341329137        170.05521972672295        0.0000000000000000     
   235.30631415948847        215.65328608079614       -39.115153667662916       -85.631340287498020        0.0000000000000000     
   140.18118526747025       -72.170833243294325       -38.453627687021914       -113.85716512222369        0.0000000000000000     

 PASSED   1.0000000000000001E-005
 MU_R    =    325.00000000000000     
 ALPHA_S =   0.11799999999999999     
 BORN                    1.7208137669541677E-011
 SINGLE POLE (MadFKS)   -3.7343721780094349E-012
 DOUBLE POLE (MadFKS)   -1.7235930679391034E-012
 SINGLE POLE (MadLoop)  -3.7343721780096910E-012
 DOUBLE POLE (MadLoop)  -1.7235930679391078E-012
 FINITE PART (MadLoop)   1.0813167854603405E-012
   325.00000000000000        0.0000000000000000        0.0000000000000000        325.00000000000000        0.0000000000000000     
   325.00000000000000        0.0000000000000000        0.0000000000000000       -325.00000000000000        0.0000000000000000     
   288.09450160865259        83.284265545544628        225.14660512860050       -159.28332985200666        0.0000000000000000     
   134.83391626152346        19.465753235834566       -99.830896091509530        88.515883382291008        0.0000000000000000     
   70.171973079290780        25.352418792636698       -65.370338488335037        2.8424484382259352        0.0000000000000000     
   156.89960905053326       -128.10243757401588       -59.945370548755939        67.924998031489721        0.0000000000000000     

 PASSED   1.0000000000000001E-005
 MU_R    =    325.00000000000000     
 ALPHA_S =   0.11799999999999999     
 BORN                    1.8073490309150586E-011
 SINGLE POLE (MadFKS)   -4.9987549510338060E-012
 DOUBLE POLE (MadFKS)   -1.8102680957425303E-012
 SINGLE POLE (MadLoop)  -4.9987549510337745E-012
 DOUBLE POLE (MadLoop)  -1.8102680957425275E-012
 FINITE PART (MadLoop)   4.8595420272942063E-013
   325.00000000000000        0.0000000000000000        0.0000000000000000        325.00000000000000        0.0000000000000000     
   325.00000000000000        0.0000000000000000        0.0000000000000000       -325.00000000000000        0.0000000000000000     
   182.78931079074118        14.037502027717247        11.184618661440465        181.90597841075530        0.0000000000000000     
   118.07435804047216        13.157378179966249        116.46895067427288       -14.262571820423997        0.0000000000000000     
   248.25215909885875        53.592713716854107       -99.426864245341946       -221.06843781970949        0.0000000000000000     
   100.88417206992798       -80.787593924537731       -28.226705090371386        53.425031229378170        0.0000000000000000     

 PASSED   1.0000000000000001E-005
 MU_R    =    325.00000000000000     
 ALPHA_S =   0.11799999999999999     
 BORN                    8.1257256215767751E-012
 SINGLE POLE (MadFKS)   -2.0855933663276653E-012
 DOUBLE POLE (MadFKS)   -8.1388495502999503E-013
 SINGLE POLE (MadLoop)  -2.0855933663276399E-012
 DOUBLE POLE (MadLoop)  -8.1388495502999422E-013
 FINITE PART (MadLoop)   4.3539334418574994E-013
   325.00000000000000        0.0000000000000000        0.0000000000000000        325.00000000000000        0.0000000000000000     
   325.00000000000000        0.0000000000000000        0.0000000000000000       -325.00000000000000        0.0000000000000000     
   102.17817432051758        27.198049864529537        39.264222006211639       -90.326996303915564        0.0000000000000000     
   240.60982607410241        10.472853635710214       -197.52494765050017        136.99380568405971        0.0000000000000000     
   188.44013062199076        41.810881886942113        129.68221772564164       -130.16933352532919        0.0000000000000000     
   118.77186898338931       -79.481785387181858        28.578507918646888        83.502524145184950        0.0000000000000000     

 PASSED   1.0000000000000001E-005
 MU_R    =    325.00000000000000     
 ALPHA_S =   0.11799999999999999     
 BORN                    1.0105633518294695E-011
 SINGLE POLE (MadFKS)   -2.5898239073633500E-012
 DOUBLE POLE (MadFKS)   -1.0121955213140564E-012
 SINGLE POLE (MadLoop)  -2.5898239073634966E-012
 DOUBLE POLE (MadLoop)  -1.0121955213140575E-012
 FINITE PART (MadLoop)  -1.1390133763358461E-012
   325.00000000000000        0.0000000000000000        0.0000000000000000        325.00000000000000        0.0000000000000000     
   325.00000000000000        0.0000000000000000        0.0000000000000000       -325.00000000000000        0.0000000000000000     
   152.72297035061283       -29.445994049239733        121.58191566375076        87.607516176974698        0.0000000000000000     
   171.89088965504661       -36.520351980281227       -161.34155646888786       -46.708072041526798        0.0000000000000000     
   185.54702028623652        10.280716423931235        124.34568801234693       -137.33227399139602        0.0000000000000000     
   139.83911970810422        55.685629605589732       -84.586047207209887        96.432829855948100        0.0000000000000000     

 PASSED   1.0000000000000001E-005
 MU_R    =    325.00000000000000     
 ALPHA_S =   0.11799999999999999     
 BORN                    3.1342906537309134E-011
 SINGLE POLE (MadFKS)   -6.5977750775191254E-012
 DOUBLE POLE (MadFKS)   -3.1393528732855656E-012
 SINGLE POLE (MadLoop)  -6.5977750775190584E-012
 DOUBLE POLE (MadLoop)  -3.1393528732855506E-012
 FINITE PART (MadLoop)   4.3810424079633706E-012
   325.00000000000000        0.0000000000000000        0.0000000000000000        325.00000000000000        0.0000000000000000     
   325.00000000000000        0.0000000000000000        0.0000000000000000       -325.00000000000000        0.0000000000000000     
   70.642001067010071       -17.171771700232796       -68.451657348428654        3.1294053236759165        0.0000000000000000     
   297.71572306048245        221.47816136014276        113.83874833963053        163.16499371624633        0.0000000000000000     
   145.39126363449162       -78.523324667672398       -44.648581688110418       -113.92634101738581        0.0000000000000000     
   136.25101223801585       -125.78306499223754      -0.73850930309147711       -52.368058022536438        0.0000000000000000     

 PASSED   1.0000000000000001E-005
 MU_R    =    325.00000000000000     
 ALPHA_S =   0.11799999999999999     
 BORN                    2.1208433810597183E-010
 SINGLE POLE (MadFKS)   -5.0903050657678235E-011
 DOUBLE POLE (MadFKS)   -2.1242687732846463E-011
 SINGLE POLE (MadLoop)  -5.0903050657678454E-011
 DOUBLE POLE (MadLoop)  -2.1242687732846486E-011
 FINITE PART (MadLoop)   1.6574396652323738E-011
   325.00000000000000        0.0000000000000000        0.0000000000000000        325.00000000000000        0.0000000000000000     
   325.00000000000000        0.0000000000000000        0.0000000000000000       -325.00000000000000        0.0000000000000000     
   194.47670945282314       -38.986897590752761        130.97271080255589       -138.37399091186171        0.0000000000000000     
   182.65268575739992        163.15752782795582       -39.844772016523940       -71.791495808435016        0.0000000000000000     
   111.47386786924699       -50.574583094456692       -72.687510579923526        67.713813718071833        0.0000000000000000     
   161.39673692053015       -73.596047142746343       -18.440428206108411        142.45167300222499        0.0000000000000000     

 PASSED   1.0000000000000001E-005
 MU_R    =    325.00000000000000     
 ALPHA_S =   0.11799999999999999     
 BORN                    1.1671915876595265E-011
 SINGLE POLE (MadFKS)   -1.5934667843833008E-012
 DOUBLE POLE (MadFKS)   -1.1690767287430573E-012
 SINGLE POLE (MadLoop)  -1.5934667843832766E-012
 DOUBLE POLE (MadLoop)  -1.1690767287430598E-012
 FINITE PART (MadLoop)   4.9499522094366529E-013
   325.00000000000000        0.0000000000000000        0.0000000000000000        325.00000000000000        0.0000000000000000     
   325.00000000000000        0.0000000000000000        0.0000000000000000       -325.00000000000000        0.0000000000000000     
   244.23555365809258        21.402157892966599        198.86335664833581       -140.16532627849278        0.0000000000000000     
   54.208565790644343        4.3534469403830798       -13.598128138740213        52.294426241601371        0.0000000000000000     
   208.54618389950966       -83.546156435801322       -84.554505578800246        171.35368729670614        0.0000000000000000     
   143.00969665175344        57.790551602451629       -100.71072293079533       -83.482787259814756        0.0000000000000000     

 PASSED   1.0000000000000001E-005
 MU_R    =    325.00000000000000     
 ALPHA_S =   0.11799999999999999     
 BORN                    1.5857009768966406E-011
 SINGLE POLE (MadFKS)   -2.5498800657051383E-012
 DOUBLE POLE (MadFKS)   -1.5882620560625187E-012
 SINGLE POLE (MadLoop)  -2.5498800657051844E-012
 DOUBLE POLE (MadLoop)  -1.5882620560624983E-012
 FINITE PART (MadLoop)   1.5790486037974592E-012
   325.00000000000000        0.0000000000000000        0.0000000000000000        325.00000000000000        0.0000000000000000     
   325.00000000000000        0.0000000000000000        0.0000000000000000       -325.00000000000000        0.0000000000000000     
   176.69796173735941       -1.1331765604032282       -176.69281285508265      -0.73176388201319864        0.0000000000000000     
   150.35946761616813       -52.252255045915341        78.426108626826220        117.16235244346791        0.0000000000000000     
   160.58335164943034       -90.685500483483182        124.20903870126008       -46.208955127049386        0.0000000000000000     
   162.35921899704203        144.07093208980177       -25.942334473003633       -70.221633434405334        0.0000000000000000     

 PASSED   1.0000000000000001E-005
 MU_R    =    325.00000000000000     
 ALPHA_S =   0.11799999999999999     
 BORN                    4.9295957749402544E-011
 SINGLE POLE (MadFKS)   -1.0823146026402028E-011
 DOUBLE POLE (MadFKS)   -4.9375576071011380E-012
 SINGLE POLE (MadLoop)  -1.0823146026401613E-011
 DOUBLE POLE (MadLoop)  -4.9375576071011227E-012
 FINITE PART (MadLoop)   1.6498692699506719E-012
   325.00000000000000        0.0000000000000000        0.0000000000000000        325.00000000000000        0.0000000000000000     
   325.00000000000000        0.0000000000000000        0.0000000000000000       -325.00000000000000        0.0000000000000000     
Thanks for using LHAPDF 6.2.1. Please make sure to cite the paper:
  Eur.Phys.J. C75 (2015) 3, 132  (http://arxiv.org/abs/1412.7420)
   223.47884123111479       -61.945304904158036        52.607538821549980       -208.17785313878085        0.0000000000000000     
   204.10007127917507       -95.064528495275795       -146.84203468205919        105.15222949879933        0.0000000000000000     
   45.870116034233639        38.638171794169224       -9.3726386298485114        22.876032665490662        0.0000000000000000     
   176.55097145547657        118.37166160526458        103.60713449035767        80.149590974490820        0.0000000000000000     

 PASSED   1.0000000000000001E-005
 MU_R    =    325.00000000000000     
 ALPHA_S =   0.11799999999999999     
 BORN                    1.0148731055008381E-010
 SINGLE POLE (MadFKS)   -1.6687184281598165E-011
 DOUBLE POLE (MadFKS)   -1.0165122357053203E-011
 SINGLE POLE (MadLoop)  -1.6687184281596074E-011
 DOUBLE POLE (MadLoop)  -1.0165122357053249E-011
 FINITE PART (MadLoop)   1.1610848965021761E-011
   325.00000000000000        0.0000000000000000        0.0000000000000000        325.00000000000000        0.0000000000000000     
   325.00000000000000        0.0000000000000000        0.0000000000000000       -325.00000000000000        0.0000000000000000     
   68.702524761275797       -50.270383071253697       -27.973488347298819        37.555418305840497        0.0000000000000000     
   227.50234945297564      -0.76986836882506782        115.05480561546439        196.26287986806423        0.0000000000000000     
   74.857983078619114        41.598769243829572        62.214635971446768        1.6121721179225517        0.0000000000000000     
   278.93714270712962        9.4414821962492557       -149.29595323961232       -235.43047029182733        0.0000000000000000     

 PASSED   1.0000000000000001E-005
 MU_R    =    325.00000000000000     
 ALPHA_S =   0.11799999999999999     
 BORN                    3.1314399426446870E-011
 SINGLE POLE (MadFKS)   -9.2936681949219274E-012
 DOUBLE POLE (MadFKS)   -3.1364975579915611E-012
 SINGLE POLE (MadLoop)  -9.2936681949219403E-012
 DOUBLE POLE (MadLoop)  -3.1364975579915817E-012
 FINITE PART (MadLoop)  -3.0389763919999547E-014
   325.00000000000000        0.0000000000000000        0.0000000000000000        325.00000000000000        0.0000000000000000     
   325.00000000000000        0.0000000000000000        0.0000000000000000       -325.00000000000000        0.0000000000000000     
   98.310769706828708       -89.627885495536177        10.433609954567446        39.025496348721987        0.0000000000000000     
   210.26682227922069        33.134676306887989        206.42681055212583       -22.409856374280839        0.0000000000000000     
   228.35495832636832        70.904002597283693       -179.33760642493644       -122.29731121204742        0.0000000000000000     
   113.06744968758234       -14.410793408635501       -37.522814081756785        105.68167123760632        0.0000000000000000     

 PASSED   1.0000000000000001E-005
 MU_R    =    325.00000000000000     
 ALPHA_S =   0.11799999999999999     
 BORN                    2.8938628103027467E-011
 SINGLE POLE (MadFKS)   -5.4286119362970925E-012
 DOUBLE POLE (MadFKS)   -2.8985367127978315E-012
 SINGLE POLE (MadLoop)  -5.4286119362965715E-012
 DOUBLE POLE (MadLoop)  -2.8985367127978795E-012
 FINITE PART (MadLoop)  -5.6723213340652157E-013
   325.00000000000000        0.0000000000000000        0.0000000000000000        325.00000000000000        0.0000000000000000     
   325.00000000000000        0.0000000000000000        0.0000000000000000       -325.00000000000000        0.0000000000000000     
   146.64768185022248        139.11731013196328        11.387484386844632       -44.969343035345489        0.0000000000000000     
   131.20330864572367       -74.051631522478161        97.203400368152714       -47.771989966011937        0.0000000000000000     
   230.40082953455823       -85.817639761045029       -213.82205288656516        6.8230718686405165E-002   0.0000000000000000     
   141.74817996949577        20.751961151559918        105.23116813156783        92.673102282671024        0.0000000000000000     

 PASSED   1.0000000000000001E-005
 MU_R    =    325.00000000000000     
 ALPHA_S =   0.11799999999999999     
 BORN                    7.6642614213649097E-011
 SINGLE POLE (MadFKS)   -1.4976111264269326E-011
 DOUBLE POLE (MadFKS)   -7.6766400353243445E-012
 SINGLE POLE (MadLoop)  -1.4976111264269042E-011
 DOUBLE POLE (MadLoop)  -7.6766400353243428E-012
 FINITE PART (MadLoop)  -3.1651587645886261E-012
   325.00000000000000        0.0000000000000000        0.0000000000000000        325.00000000000000        0.0000000000000000     
   325.00000000000000        0.0000000000000000        0.0000000000000000       -325.00000000000000        0.0000000000000000     
   298.96531231808632       -195.93445076855346       -225.73747654206161        5.7044417692165137        0.0000000000000000     
   43.602010759943504        24.038076311621097        9.6731433158386206       -35.067599403696804        0.0000000000000000     
   57.766514237142893        56.525216820249113       -1.4828570076338492       -11.818255608539260        0.0000000000000000     
   249.66616268482730        115.37115763668324        217.54719023385687        41.181413243019549        0.0000000000000000     

 PASSED   1.0000000000000001E-005
 MU_R    =    325.00000000000000     
 ALPHA_S =   0.11799999999999999     
 BORN                    4.3945098066777416E-010
 SINGLE POLE (MadFKS)   -7.1080649764568451E-011
 DOUBLE POLE (MadFKS)   -4.4016074169296790E-011
 SINGLE POLE (MadLoop)  -7.1080649764566073E-011
 DOUBLE POLE (MadLoop)  -4.4016074169297081E-011
 FINITE PART (MadLoop)   2.3596885183183424E-011
   325.00000000000000        0.0000000000000000        0.0000000000000000        325.00000000000000        0.0000000000000000     
   325.00000000000000        0.0000000000000000        0.0000000000000000       -325.00000000000000        0.0000000000000000     
   194.94402199658700       -14.962759688261373       -163.89833304727364        104.48264908128093        0.0000000000000000     
   57.316942281199573       -40.639538803078061       -2.8810487751079079        40.315745265279730        0.0000000000000000     
   283.55720360119477       -10.562606280590469        256.55492065578221       -120.30250101305433        0.0000000000000000     
   114.18183212101874        66.164904771929898       -89.775538833400702       -24.495893333506316        0.0000000000000000     

 PASSED   1.0000000000000001E-005
 MU_R    =    325.00000000000000     
 ALPHA_S =   0.11799999999999999     
 BORN                    6.8239227744840794E-011
 SINGLE POLE (MadFKS)   -8.9697502239813799E-012
 DOUBLE POLE (MadFKS)   -6.8349441503310539E-012
 SINGLE POLE (MadLoop)  -8.9697502239810310E-012
 DOUBLE POLE (MadLoop)  -6.8349441503311210E-012
 FINITE PART (MadLoop)  -1.0849976077601147E-013
   325.00000000000000        0.0000000000000000        0.0000000000000000        325.00000000000000        0.0000000000000000     
   325.00000000000000        0.0000000000000000        0.0000000000000000       -325.00000000000000        0.0000000000000000     
   128.42038290979212       -123.20578066544094       -34.951210924202023        9.5154197095471567        0.0000000000000000     
   135.05073317939113       -47.324702432813595       -92.564850292581752       -86.202213209688964        0.0000000000000000     
   208.86068153826909        5.9310161384674434        194.39441797196179        76.147341395072502        0.0000000000000000     
   177.66820237254765        164.59946695978715       -66.878356755177762       0.53945210506934083        0.0000000000000000     

 NUMBER OF POINTS PASSING THE CHECK          20
 NUMBER OF POINTS FAILING THE CHECK           0
 TOLERANCE    1.0000000000000001E-005
