==== LHAPDF6 USING DEFAULT-TYPE LHAGLUE INTERFACE ====
LHAPDF 6.2.1 loading /cvmfs/cms.cern.ch/slc6_amd64_gcc481/external/lhapdf/6.2.1/share/LHAPDF/NNPDF31_nnlo_hessian_pdfas/NNPDF31_nnlo_hessian_pdfas_0000.dat
NNPDF31_nnlo_hessian_pdfas PDF set, member #0, version 1; LHAPDF ID = 306000
 A PDF is used, so alpha_s(MZ) is going to be modified
 Old value of alpha_s from param_card:   0.11799999999999999     
 New value of alpha_s from PDF lhapdf :  0.11800208008122040     
 using LHAPDF
 *****************************************************
 *               MadGraph/MadEvent                   *
 *        --------------------------------           *
 *          http://madgraph.hep.uiuc.edu             *
 *          http://madgraph.phys.ucl.ac.be           *
 *          http://madgraph.roma2.infn.it            *
 *        --------------------------------           *
 *                                                   *
 *          PARAMETER AND COUPLING VALUES            *
 *                                                   *
 *****************************************************

  External Params
  ---------------------------------
  
 MU_R =    91.188000000000002     
 aEWM1 =    132.50700000000001     
 mdl_Gf =    1.1663900000000000E-005
 aS =   0.11799999999999999     
 mdl_lamWS =   0.22530000000000000     
 mdl_AWS =   0.80800000000000005     
 mdl_rhoWS =   0.13200000000000001     
 mdl_etaWS =   0.34100000000000003     
 mdl_ymt =    173.00000000000000     
 mdl_ymtau =    1.7769999999999999     
 mdl_MT =    173.00000000000000     
 mdl_MZ =    91.188000000000002     
 mdl_MH =    125.00000000000000     
 mdl_MTA =    1.7769999999999999     
 mdl_WT =    1.4915000000000000     
 mdl_WZ =    2.4414039999999999     
 mdl_WW =    2.0476000000000001     
 mdl_WH =    6.3823389999999999E-003
  Internal Params
  ---------------------------------
  
 mdl_CKM33 =    1.0000000000000000     
 mdl_conjg__CKM3x3 =    1.0000000000000000     
 mdl_I4x33 =    0.0000000000000000     
 mdl_I1x33 =    0.0000000000000000     
 mdl_lhv =    1.0000000000000000     
 mdl_CKM3x3 =    1.0000000000000000     
 mdl_conjg__CKM33 =    1.0000000000000000     
 mdl_Ncol =    3.0000000000000000     
 mdl_CA =    3.0000000000000000     
 mdl_TF =   0.50000000000000000     
 mdl_CF =    1.3333333333333333     
 mdl_lamWS__exp__2 =    5.0760090000000001E-002
 mdl_CKM11 =  ( 0.97461995499999998     ,  0.0000000000000000     )
 mdl_CKM12 =  ( 0.22530000000000000     ,  0.0000000000000000     )
 mdl_complexi =  (  0.0000000000000000     ,  1.0000000000000000     )
 mdl_lamWS__exp__3 =    1.1436248277000001E-002
 mdl_CKM13 =  (  1.2197444962317122E-003, -3.1510066152652563E-003)
 mdl_CKM21 =  (-0.22530000000000000     ,  0.0000000000000000     )
 mdl_CKM22 =  ( 0.97461995499999998     ,  0.0000000000000000     )
 mdl_CKM23 =  (  4.1014152720000002E-002,  0.0000000000000000     )
 mdl_CKM31 =  (  8.0207441115842885E-003, -3.1510066152652563E-003)
 mdl_CKM32 =  ( -4.1014152720000002E-002,  0.0000000000000000     )
 mdl_MZ__exp__2 =    8315.2513440000002     
 mdl_MZ__exp__4 =    69143404.913893804     
 mdl_sqrt__2 =    1.4142135623730951     
 mdl_MH__exp__2 =    15625.000000000000     
 mdl_CKM1x1 =  ( 0.97461995499999998     ,  0.0000000000000000     )
 mdl_CKM1x2 =  ( 0.22530000000000000     ,  0.0000000000000000     )
 mdl_CKM1x3 =  (  1.2197444962317122E-003, -3.1510066152652563E-003)
 mdl_CKM2x1 =  (-0.22530000000000000     ,  0.0000000000000000     )
 mdl_CKM2x2 =  ( 0.97461995499999998     ,  0.0000000000000000     )
 mdl_CKM2x3 =  (  4.1014152720000002E-002,  0.0000000000000000     )
 mdl_CKM3x1 =  (  8.0207441115842885E-003, -3.1510066152652563E-003)
 mdl_CKM3x2 =  ( -4.1014152720000002E-002,  0.0000000000000000     )
 mdl_conjg__CKM1x3 =  (  1.2197444962317122E-003,  3.1510066152652563E-003)
 mdl_conjg__CKM2x3 =  (  4.1014152720000002E-002, -0.0000000000000000     )
 mdl_conjg__CKM2x1 =  (-0.22530000000000000     , -0.0000000000000000     )
 mdl_conjg__CKM3x1 =  (  8.0207441115842885E-003,  3.1510066152652563E-003)
 mdl_conjg__CKM2x2 =  ( 0.97461995499999998     , -0.0000000000000000     )
 mdl_conjg__CKM3x2 =  ( -4.1014152720000002E-002, -0.0000000000000000     )
 mdl_Ncol__exp__2 =    9.0000000000000000     
 mdl_MT__exp__2 =    29929.000000000000     
 mdl_conjg__CKM11 =  ( 0.97461995499999998     , -0.0000000000000000     )
 mdl_conjg__CKM12 =  ( 0.22530000000000000     , -0.0000000000000000     )
 mdl_conjg__CKM13 =  (  1.2197444962317122E-003,  3.1510066152652563E-003)
 mdl_conjg__CKM21 =  (-0.22530000000000000     , -0.0000000000000000     )
 mdl_conjg__CKM22 =  ( 0.97461995499999998     , -0.0000000000000000     )
 mdl_conjg__CKM23 =  (  4.1014152720000002E-002, -0.0000000000000000     )
 mdl_conjg__CKM31 =  (  8.0207441115842885E-003,  3.1510066152652563E-003)
 mdl_conjg__CKM32 =  ( -4.1014152720000002E-002, -0.0000000000000000     )
 mdl_aEW =    7.5467711139788835E-003
 mdl_MW =    80.419002445756163     
 mdl_sqrt__aEW =    8.6872153846781555E-002
 mdl_ee =   0.30795376724436879     
 mdl_MW__exp__2 =    6467.2159543705357     
 mdl_sw2 =   0.22224648578577766     
 mdl_cw =   0.88190334743339216     
 mdl_sqrt__sw2 =   0.47143025548407230     
 mdl_sw =   0.47143025548407230     
 mdl_g1 =   0.34919219678733299     
 mdl_gw =   0.65323293034757990     
 mdl_v =    246.21845810181637     
 mdl_v__exp__2 =    60623.529110035903     
 mdl_lam =   0.12886910601690263     
 mdl_yt =   0.99366614581500623     
 mdl_ytau =    1.0206617000654717E-002
 mdl_muH =    88.388347648318430     
 mdl_AxialZUp =  -0.18517701861793787     
 mdl_AxialZDown =   0.18517701861793787     
 mdl_VectorZUp =    7.5430507588273299E-002
 mdl_VectorZDown =  -0.13030376310310560     
 mdl_VectorAUp =   0.20530251149624587     
 mdl_VectorADown =  -0.10265125574812294     
 mdl_VectorWmDxU =   0.23095271737156670     
 mdl_AxialWmDxU =  -0.23095271737156670     
 mdl_VectorWpUxD =   0.23095271737156670     
 mdl_AxialWpUxD =  -0.23095271737156670     
 mdl_I2x13 =  (  7.9699418879263656E-003,  3.1310485988282153E-003)
 mdl_I2x23 =  ( -4.0754375057150453E-002, -0.0000000000000000     )
 mdl_I2x33 =  ( 0.99366614581500623     ,  0.0000000000000000     )
 mdl_I3x31 =  (  7.9699418879263656E-003, -3.1310485988282153E-003)
 mdl_I3x32 =  ( -4.0754375057150453E-002,  0.0000000000000000     )
 mdl_I3x33 =  ( 0.99366614581500623     ,  0.0000000000000000     )
 mdl_Vector_tdGp =  ( -7.9699418879263656E-003, -3.1310485988282153E-003)
 mdl_Vector_tsGp =  (  4.0754375057150453E-002,  0.0000000000000000     )
 mdl_Vector_tbGp =  (-0.99366614581500623     ,  0.0000000000000000     )
 mdl_Axial_tdGp =  ( -7.9699418879263656E-003, -3.1310485988282153E-003)
 mdl_Axial_tsGp =  (  4.0754375057150453E-002,  0.0000000000000000     )
 mdl_Axial_tbGp =  (-0.99366614581500623     , -0.0000000000000000     )
 mdl_Vector_tdGm =  (  7.9699418879263656E-003, -3.1310485988282153E-003)
 mdl_Vector_tsGm =  ( -4.0754375057150453E-002,  0.0000000000000000     )
 mdl_Vector_tbGm =  ( 0.99366614581500623     ,  0.0000000000000000     )
 mdl_Axial_tdGm =  ( -7.9699418879263656E-003,  3.1310485988282153E-003)
 mdl_Axial_tsGm =  (  4.0754375057150453E-002, -0.0000000000000000     )
 mdl_Axial_tbGm =  (-0.99366614581500623     ,  0.0000000000000000     )
 mdl_gw__exp__2 =   0.42671326129048615     
 mdl_cw__exp__2 =   0.77775351421422245     
 mdl_ee__exp__2 =    9.4835522759998875E-002
 mdl_sw__exp__2 =   0.22224648578577769     
 mdl_yt__exp__2 =   0.98737240933884918     
  Internal Params evaluated point by point
  ----------------------------------------
  
 mdl_sqrt__aS =   0.34351128074635334     
 mdl_G__exp__4 =    2.1987899468922913     
 mdl_G__exp__2 =    1.4828317324943823     
 mdl_R2MixedFactor_FIN_ =   -2.5040377713124864E-002
 mdl_G_UVg_1EPS_ =   -5.1645779033320030E-002
 mdl_G_UVq_1EPS_ =    3.1300472141406080E-003
 mdl_G_UVb_1EPS_ =    3.1300472141406080E-003
 mdl_GWcft_UV_t_1EPS_ =   -3.1300472141406080E-003
 mdl_tWcft_UV_1EPS_ =   -1.8780283284843650E-002
 mdl_G__exp__3 =    1.8056676068262196     
 mdl_MU_R__exp__2 =    8315.2513440000002     
 mdl_G_UVt_FIN_ =   -4.0087659331150384E-003
 mdl_GWcft_UV_t_FIN_ =    4.0087659331150384E-003
 mdl_tWcft_UV_FIN_ =   -9.8778211443463623E-004
  Couplings of loop_sm-ckm_no_b_mass
  ---------------------------------
  
       UV_3Gt =   0.48815E-02   0.00000E+00
      UV_GQQt =   0.00000E+00  -0.48815E-02
   UVWfct_G_2 =   0.40088E-02   0.00000E+00
       R2_DDA =   0.00000E+00   0.25704E-02
       R2_UUA =  -0.00000E+00  -0.51409E-02
    R2_DDZ_V2 =   0.00000E+00   0.72127E-02
    R2_UUZ_V2 =  -0.00000E+00  -0.72127E-02
    R2_UUZ_V5 =   0.00000E+00   0.68702E-03
      R2_GGHt =   0.00000E+00  -0.45657E+01
     R2_GGZup =  -0.46369E-02   0.00000E+00
   R2_GGZdown =   0.46369E-02   0.00000E+00
 R2_GGGZvecUp =   0.00000E+00   0.28750E-03
 R2_GGGZvecDown  -0.00000E+00  -0.49665E-03
 R2_GGGZaxialUp  -0.00000E+00  -0.63522E-02
 R2_GGGZaxialDow  0.00000E+00   0.63522E-02
 R2_GGGAvecUp =   0.00000E+00   0.78251E-03
 R2_GGGAvecDown  -0.00000E+00  -0.39126E-03
         GC_4 =  -0.12177E+01   0.00000E+00
         GC_5 =   0.00000E+00   0.12177E+01
         GC_6 =   0.00000E+00   0.14828E+01
       R2_3Gq =   0.76230E-02   0.00000E+00
       R2_3Gg =   0.31445E-01   0.00000E+00
       R2_GQQ =  -0.00000E+00  -0.30492E-01
       R2_GGq =   0.00000E+00   0.62601E-02
       R2_GGt =  -0.00000E+00  -0.11242E+04
     R2_GGg_1 =   0.00000E+00   0.28170E-01
     R2_GGg_2 =  -0.00000E+00  -0.18780E-01
       R2_QQq =   0.00000E+00   0.12520E-01
  UV_3Gg_1eps =   0.62890E-01   0.00000E+00
  UV_3Gb_1eps =  -0.38115E-02   0.00000E+00
 UV_GQQg_1eps =   0.00000E+00  -0.62890E-01
 UV_GQQq_1eps =   0.00000E+00   0.38115E-02
 UVWfct_G_2_1eps -0.31300E-02   0.00000E+00
         GC_1 =  -0.00000E+00  -0.10265E+00
         GC_2 =   0.00000E+00   0.20530E+00
        GC_21 =  -0.00000E+00  -0.28804E+00
        GC_22 =   0.00000E+00   0.28804E+00
        GC_23 =  -0.00000E+00  -0.27437E-01
        GC_24 =   0.00000E+00   0.82310E-01
        GC_37 =  -0.00000E+00  -0.70263E+00
        GC_38 =  -0.00000E+00  -0.72172E-02
      GC_1003 =  -0.00000E+00  -0.30795E+00

 Collider parameters:
 --------------------

 Running at P P   machine @    13000.000000000000       GeV
 PDF set = lhapdf 
 alpha_s(Mz)= 0.1180 running at 3 loops.
 alpha_s(Mz)= 0.1180 running at 3 loops.
 Renormalization scale set on event-by-event basis
 Factorization   scale set on event-by-event basis


 ===============================================================
 INFO: MadFKS read these parameters from FKS_params.dat
 ===============================================================
  > IRPoleCheckThreshold      =    1.0000000000000001E-005
  > PrecisionVirtualAtRunTime =    1.0000000000000000E-003
  > NHelForMCoverHels         =            4
  > VirtualFraction           =    1.0000000000000000     
  > MinVirtualFraction        =    5.0000000000000001E-003
 ===============================================================
  Insert the number of points to test
 Insert the relative tolerance
  A negative number will mean use the default one:    1.0000000000000001E-005
Using random seed offsets:     0 ,    120 ,      0
  with seed                   32
 Ranmar initialization seeds       10729        9526
  ========================================================================================== 
 {                                                                                          }
 {       [32m                                                                            [0m       }
 {       [32m                               ,,                                           [0m       }
 {       [32m`7MMM.     ,MMF'             `7MM  `7MMF'                                   [0m       }
 {       [32m  MMMb    dPMM                 MM    MM                                     [0m       }
 {       [32m  M YM   ,M MM   ,6"Yb.   ,M""bMM    MM         ,pW"Wq.   ,pW"Wq.`7MMpdMAo. [0m       }
 {       [32m  M  Mb  M' MM  8)   MM ,AP    MM    MM        6W'   `Wb 6W'   `Wb MM   `Wb [0m       }
 {       [32m  M  YM.P'  MM   ,pm9MM 8MI    MM    MM      , 8M     M8 8M     M8 MM    M8 [0m       }
 {       [32m  M  `YM'   MM  8M   MM `Mb    MM    MM     ,M YA.   ,A9 YA.   ,A9 MM   ,AP [0m       }
 {       [32m.JML. `'  .JMML.`Moo9^Yo.`Wbmd"MML..JMMmmmmMMM  `Ybmd9'   `Ybmd9'  MMbmmd'  [0m       }
 {       [32m                                                                   MM       [0m       }
 {       [32m                                                                 .JMML.     [0m       }
 {       [32m[0mv2.4.2 (2016-06-10), Ref: arXiv:1103.0621v2, arXiv:1405.0301[32m                [0m       }
 {       [32m                                                                            [0m       }
 {                                                                                          }
  ========================================================================================== 
 ===============================================================
 INFO: MadLoop read these parameters from ./MadLoop5_resources/MadLoopParams.dat                                                                                                                                                                                                                                                                                                                                                                                                                                                                                          
 ===============================================================
  > MLReductionLib            = 6|1|2
  > IREGIMODE                 =            2
  > IREGIRECY                 =  T
  > CTModeRun                 =           -1
  > MLStabThres               =    1.0000000000000000E-003
  > NRotations_DP             =            1
  > NRotations_QP             =            0
  > CTStabThres               =    1.0000000000000000E-002
  > CTLoopLibrary             =            2
  > CTModeInit                =            1
  > CheckCycle                =            3
  > MaxAttempts               =           10
  > UseLoopFilter             =  F
  > HelicityFilterLevel       =            2
  > ImprovePSPoint            =            2
  > DoubleCheckHelicityFilter =  T
  > LoopInitStartOver         =  F
  > HelInitStartOver          =  F
  > ZeroThres                 =    1.0000000000000001E-009
  > OSThres                   =    1.0000000000000000E-008
  > WriteOutFilters           =  T
  > UseQPIntegrandForNinja    =  F
  > UseQPIntegrandForCutTools =  T
 ===============================================================
  
------------------------------------------------------------------------
|              You are using CutTools - Version 1.9.3                  |
|              Authors: G. Ossola, C. Papadopoulos, R. Pittau          |
|              Published in JHEP 0803:042,2008                         |
|              http://www.ugr.es/~pittau/CutTools                      |
|                                                                      |
|              Compiler with  34  significant digits detetected        |
 ---------------------------------------------------------------------- 
   
########################################################################
#                                                                      #
#                      You are using OneLOop-3.6                       #
#                                                                      #
# for the evaluation of 1-loop scalar 1-, 2-, 3- and 4-point functions #
#                                                                      #
# author: Andreas van Hameren <hamerenREMOVETHIS@ifj.edu.pl>           #
#   date: 18-02-2015                                                   #
#                                                                      #
# Please cite                                                          #
#    A. van Hameren,                                                   #
#      Comput.Phys.Commun. 182 (2011) 2427-2438, arXiv:1007.4716       #
#    A. van Hameren, C.G. Papadopoulos and R. Pittau,                  #
#      JHEP 0909:106,2009, arXiv:0903.4665                             #
# in publications with results obtained with the help of this program. #
#                                                                      #
########################################################################
 PASSED   1.0000000000000001E-005
 MU_R    =    325.00000000000000     
 ALPHA_S =   0.11799999999999999     
 BORN                    1.7780977454207324E-010
 SINGLE POLE (MadFKS)   -4.4816014286187405E-011
 DOUBLE POLE (MadFKS)   -1.7809695662476354E-011
 SINGLE POLE (MadLoop)  -4.4816014286179347E-011
 DOUBLE POLE (MadLoop)  -1.7809695662476069E-011
 FINITE PART (MadLoop)   5.5994864295041923E-011
   325.00000000000000        0.0000000000000000        0.0000000000000000        325.00000000000000        0.0000000000000000     
   325.00000000000000        0.0000000000000000        0.0000000000000000       -325.00000000000000        0.0000000000000000     
   42.100023507413326       -4.0711719370529140        23.824122808158304       -34.425150425314030        1.7769999999999999     
   215.77798399896682       -145.65673734329678       -110.77132252710419       -114.32764154726765        1.7769999999999999     
   188.84840889387752        183.33318368164254        20.513447026429834       -40.396333917772104        0.0000000000000000     
   203.27358359974238       -33.605274401292881        66.433752692515981        189.14912589035379        0.0000000000000000     

 PASSED   1.0000000000000001E-005
 MU_R    =    325.00000000000000     
 ALPHA_S =   0.11799999999999999     
 BORN                    5.5085209948443228E-012
 SINGLE POLE (MadFKS)   -1.8449667927825783E-012
 DOUBLE POLE (MadFKS)   -5.5174178540632080E-013
 SINGLE POLE (MadLoop)  -1.8449667927825823E-012
 DOUBLE POLE (MadLoop)  -5.5174178540631515E-013
 FINITE PART (MadLoop)   7.7728818278879744E-013
   325.00000000000000        0.0000000000000000        0.0000000000000000        325.00000000000000        0.0000000000000000     
   325.00000000000000        0.0000000000000000        0.0000000000000000       -325.00000000000000        0.0000000000000000     
   163.96057427679011       -158.72698202937204        34.782708238311599       -21.813311798778088        1.7769999999999999     
   215.62895905173082        194.07848649250423       -22.739060493177359        91.154629401909560        1.7769999999999999     
   166.89114390613767       -9.5403287019266063       -69.753492957676400       -151.31452759983674        0.0000000000000000     
   103.51932276534350       -25.811175761205618        57.709845212542191        81.973209996705265        0.0000000000000000     

 PASSED   1.0000000000000001E-005
 MU_R    =    325.00000000000000     
 ALPHA_S =   0.11799999999999999     
 BORN                    5.5664365845238183E-011
 SINGLE POLE (MadFKS)   -4.7014074514901283E-012
 DOUBLE POLE (MadFKS)   -5.5754269837053248E-012
 SINGLE POLE (MadLoop)  -4.7014074514905217E-012
 DOUBLE POLE (MadLoop)  -5.5754269837051576E-012
 FINITE PART (MadLoop)   3.3509172314888074E-011
   325.00000000000000        0.0000000000000000        0.0000000000000000        325.00000000000000        0.0000000000000000     
   325.00000000000000        0.0000000000000000        0.0000000000000000       -325.00000000000000        0.0000000000000000     
   207.07362203002532        12.543799111355263       -172.60552254563547        113.69394839759907        1.7769999999999999     
   150.30084943738683        38.123692425561302        93.702175706123640       -111.14708253651992        1.7769999999999999     
   179.03795823734146       -70.623128767943854        134.82041032997432        94.289029750442410        0.0000000000000000     
   113.58757029524948        19.955637231027296       -55.917063490462446       -96.835895611521593        0.0000000000000000     

 PASSED   1.0000000000000001E-005
 MU_R    =    325.00000000000000     
 ALPHA_S =   0.11799999999999999     
 BORN                    2.1789142008502576E-011
 SINGLE POLE (MadFKS)   -5.0970055092323968E-012
 DOUBLE POLE (MadFKS)   -2.1824333837512824E-012
 SINGLE POLE (MadLoop)  -5.0970055092323249E-012
 DOUBLE POLE (MadLoop)  -2.1824333837512554E-012
 FINITE PART (MadLoop)   5.5448453207101936E-012
   325.00000000000000        0.0000000000000000        0.0000000000000000        325.00000000000000        0.0000000000000000     
   325.00000000000000        0.0000000000000000        0.0000000000000000       -325.00000000000000        0.0000000000000000     
   189.79288846077156        141.58720885112086        123.28465356560868       -27.787394016710675        1.7769999999999999     
   158.55662383896720       -114.49501037966510        70.061662090717661        84.375952364747832        1.7769999999999999     
   247.35238723511276       -5.4024061638592915       -230.40301792989766       -89.824644766039512        0.0000000000000000     
   54.298100465151663       -21.689792307596438        37.056702273571432        33.236086418002323        0.0000000000000000     

 PASSED   1.0000000000000001E-005
 MU_R    =    325.00000000000000     
 ALPHA_S =   0.11799999999999999     
 BORN                    2.9394215411237255E-010
 SINGLE POLE (MadFKS)   -6.6701745345795312E-011
 DOUBLE POLE (MadFKS)   -2.9441690259133472E-011
 SINGLE POLE (MadLoop)  -6.6701745345794408E-011
 DOUBLE POLE (MadLoop)  -2.9441690259133401E-011
 FINITE PART (MadLoop)   1.4539888169087438E-010
   325.00000000000000        0.0000000000000000        0.0000000000000000        325.00000000000000        0.0000000000000000     
   325.00000000000000        0.0000000000000000        0.0000000000000000       -325.00000000000000        0.0000000000000000     
   203.85267344784987        12.178022193936357        136.38923143507469        151.00472862407111        1.7769999999999999     
   108.71542350741871       -31.116046216700248       -76.428728641331290        70.755400398183937        1.7769999999999999     
   228.09608440503123        110.84878444904254       -5.1745689906022845       -199.28270005908277        0.0000000000000000     
   109.33581863970016       -91.910760426278657       -54.785933803141091       -22.477428963172244        0.0000000000000000     

 PASSED   1.0000000000000001E-005
 MU_R    =    325.00000000000000     
 ALPHA_S =   0.11799999999999999     
 BORN                    5.4318830910653139E-009
 SINGLE POLE (MadFKS)   -4.0814585049959016E-010
 DOUBLE POLE (MadFKS)   -5.4406561717524675E-010
 SINGLE POLE (MadLoop)  -4.0814585049942591E-010
 DOUBLE POLE (MadLoop)  -5.4406561717501969E-010
 FINITE PART (MadLoop)   3.0388494241654967E-009
   325.00000000000000        0.0000000000000000        0.0000000000000000        325.00000000000000        0.0000000000000000     
   325.00000000000000        0.0000000000000000        0.0000000000000000       -325.00000000000000        0.0000000000000000     
   149.05756830612486        139.07273552742285       -44.028706905711914        30.581826980504296        1.7769999999999999     
   130.11765368219727        125.58979060993956       -33.975283920666499       0.57501984476124191        1.7769999999999999     
   249.72571919690745       -219.57191611602909        87.257747444226908        80.852915794717291        0.0000000000000000     
   121.09905881477046       -45.090610021333291       -9.2537566178485022       -112.00976261998279        0.0000000000000000     

 PASSED   1.0000000000000001E-005
 MU_R    =    325.00000000000000     
 ALPHA_S =   0.11799999999999999     
 BORN                    8.6811710663774201E-012
 SINGLE POLE (MadFKS)   -1.8104344344495046E-012
 DOUBLE POLE (MadFKS)   -8.6951920997736637E-013
 SINGLE POLE (MadLoop)  -1.8104344344497435E-012
 DOUBLE POLE (MadLoop)  -8.6951920997736375E-013
 FINITE PART (MadLoop)   2.0407693217781186E-012
   325.00000000000000        0.0000000000000000        0.0000000000000000        325.00000000000000        0.0000000000000000     
   325.00000000000000        0.0000000000000000        0.0000000000000000       -325.00000000000000        0.0000000000000000     
   91.812452442489914        44.813403166607053        79.069723010916292        12.888230837030505        1.7769999999999999     
   294.96803380707058       -7.7084143827626761       -259.15613298369135       -140.64729760522283        1.7769999999999999     
   189.08276075533908        18.350771643605380        170.58129240738717        79.483094275263895        0.0000000000000000     
   74.136752995100423       -55.455760427449775        9.5051175653878541        48.275972492928446        0.0000000000000000     

 PASSED   1.0000000000000001E-005
 MU_R    =    325.00000000000000     
 ALPHA_S =   0.11799999999999999     
 BORN                    3.6632071185212667E-011
 SINGLE POLE (MadFKS)   -5.7608833670270596E-012
 DOUBLE POLE (MadFKS)   -3.6691235955672119E-012
 SINGLE POLE (MadLoop)  -5.7608833670271808E-012
 DOUBLE POLE (MadLoop)  -3.6691235955674171E-012
 FINITE PART (MadLoop)   1.2997183902286381E-011
   325.00000000000000        0.0000000000000000        0.0000000000000000        325.00000000000000        0.0000000000000000     
   325.00000000000000        0.0000000000000000        0.0000000000000000       -325.00000000000000        0.0000000000000000     
   217.54621257246743       -205.49820712642986       0.57865997819105619       -71.367702051262484        1.7769999999999999     
   128.57034714113720       -3.9707734784905080        115.27988381040917        56.762291899055782        1.7769999999999999     
   126.17273207887068        120.53596011991338        37.291058150641241      -0.13274118664091905        0.0000000000000000     
   177.71070820752917        88.933020485007077       -153.14960193924148        14.738151338847603        0.0000000000000000     

 PASSED   1.0000000000000001E-005
 MU_R    =    325.00000000000000     
 ALPHA_S =   0.11799999999999999     
 BORN                    5.4873187534872586E-011
 SINGLE POLE (MadFKS)   -8.2422820636855524E-012
 DOUBLE POLE (MadFKS)   -5.4961813687853788E-012
 SINGLE POLE (MadLoop)  -8.2422820636853150E-012
 DOUBLE POLE (MadLoop)  -5.4961813687852779E-012
 FINITE PART (MadLoop)   1.7831247702581480E-011
   325.00000000000000        0.0000000000000000        0.0000000000000000        325.00000000000000        0.0000000000000000     
   325.00000000000000        0.0000000000000000        0.0000000000000000       -325.00000000000000        0.0000000000000000     
   229.60105360835459       -130.77509810056981        135.02819608375674       -131.82847214550949        1.7769999999999999     
   131.09726770941253        124.57748153560834        39.587536601098925        9.8292376090513418        1.7769999999999999     
   186.56584769781247        94.600776930593270       -129.95328299592293        94.708250801675305        0.0000000000000000     
   102.73583098442421       -88.403160365631450       -44.662449688932554        27.290983734782969        0.0000000000000000     

 PASSED   1.0000000000000001E-005
 MU_R    =    325.00000000000000     
 ALPHA_S =   0.11799999999999999     
 BORN                    2.4455331028586594E-011
 SINGLE POLE (MadFKS)   -4.0935904426456733E-012
 DOUBLE POLE (MadFKS)   -2.4494829042212431E-012
 SINGLE POLE (MadLoop)  -4.0935904426455214E-012
 DOUBLE POLE (MadLoop)  -2.4494829042211679E-012
 FINITE PART (MadLoop)   8.6965791604791174E-012
   325.00000000000000        0.0000000000000000        0.0000000000000000        325.00000000000000        0.0000000000000000     
   325.00000000000000        0.0000000000000000        0.0000000000000000       -325.00000000000000        0.0000000000000000     
   124.27502931622007       -83.942938732578639       -78.586275982688903        47.105259225043660        1.7769999999999999     
   236.61386826565948        167.31677122269409       -100.21266989084283        133.96075465449002        1.7769999999999999     
   82.902954497668986       -66.689228108497431        37.970744385575976       -31.363502507542488        0.0000000000000000     
   206.20814792045567       -16.684604381618080        140.82820148795577       -149.70251137199122        0.0000000000000000     

 PASSED   1.0000000000000001E-005
 MU_R    =    325.00000000000000     
 ALPHA_S =   0.11799999999999999     
 BORN                    6.8539210166142121E-011
 SINGLE POLE (MadFKS)   -7.8881173540016318E-012
 DOUBLE POLE (MadFKS)   -6.8649908428777858E-012
 SINGLE POLE (MadLoop)  -7.8881173539977544E-012
 DOUBLE POLE (MadLoop)  -6.8649908428775208E-012
 FINITE PART (MadLoop)   3.4919698801067943E-011
   325.00000000000000        0.0000000000000000        0.0000000000000000        325.00000000000000        0.0000000000000000     
   325.00000000000000        0.0000000000000000        0.0000000000000000       -325.00000000000000        0.0000000000000000     
   168.96675203738187       -78.663894905663938        34.327453214134728        145.53426798924076        1.7769999999999999     
   135.60684374629517        123.78089505940677       -36.753558948588243       -41.394737162311898        1.7769999999999999     
   147.33052543582568        95.185794166596111        111.26312340448015       -16.323776657082178        0.0000000000000000     
   198.09587878050357       -140.30279432033893       -108.83701767002668       -87.815754169846699        0.0000000000000000     

 PASSED   1.0000000000000001E-005
 MU_R    =    325.00000000000000     
 ALPHA_S =   0.11799999999999999     
 BORN                    1.3645320666432220E-011
 SINGLE POLE (MadFKS)   -3.8500266533040146E-012
 DOUBLE POLE (MadFKS)   -1.3667359340166861E-012
 SINGLE POLE (MadLoop)  -3.8500266533039589E-012
 DOUBLE POLE (MadLoop)  -1.3667359340167063E-012
 FINITE PART (MadLoop)   3.7914298255199053E-012
   325.00000000000000        0.0000000000000000        0.0000000000000000        325.00000000000000        0.0000000000000000     
   325.00000000000000        0.0000000000000000        0.0000000000000000       -325.00000000000000        0.0000000000000000     
   85.881636088136759        9.8304163489500169       -20.260735113269440       -82.857487381958293        1.7769999999999999     
   172.83988124022625        117.35582095465753        119.87469168627578       -41.570859978044652        1.7769999999999999     
   125.90356593578434        12.296038846211889       -75.452509969400140       -100.03716351114934        0.0000000000000000     
   265.37491673585276       -139.48227614981946       -24.161446603606208        224.46551087115225        0.0000000000000000     

 PASSED   1.0000000000000001E-005
 MU_R    =    325.00000000000000     
 ALPHA_S =   0.11799999999999999     
 BORN                    1.9369875940957403E-009
 SINGLE POLE (MadFKS)   -1.8994305319935010E-010
 DOUBLE POLE (MadFKS)   -1.9401160392717733E-010
 SINGLE POLE (MadLoop)  -1.8994305319933811E-010
 DOUBLE POLE (MadLoop)  -1.9401160392717771E-010
 FINITE PART (MadLoop)   1.0078765266097346E-009
   325.00000000000000        0.0000000000000000        0.0000000000000000        325.00000000000000        0.0000000000000000     
   325.00000000000000        0.0000000000000000        0.0000000000000000       -325.00000000000000        0.0000000000000000     
   288.72751260477321        78.532956850965888        259.83607559569640        98.377880202875687        1.7769999999999999     
   25.508249609710369        9.6873953234619581       -20.499208576411018        11.552051278411719        1.7769999999999999     
   193.77904118041178       -64.948143735636222       -181.70772983088031        17.730097174089543        0.0000000000000000     
   141.98519660510465       -23.272208438791623       -57.629137188405075       -127.66002865537688        0.0000000000000000     

 PASSED   1.0000000000000001E-005
 MU_R    =    325.00000000000000     
 ALPHA_S =   0.11799999999999999     
 BORN                    1.0646712944022181E-010
 SINGLE POLE (MadFKS)   -2.7539338367380555E-011
 DOUBLE POLE (MadFKS)   -1.0663908540861242E-011
 SINGLE POLE (MadLoop)  -2.7539338367380012E-011
 DOUBLE POLE (MadLoop)  -1.0663908540861042E-011
 FINITE PART (MadLoop)   1.6233604294815301E-011
   325.00000000000000        0.0000000000000000        0.0000000000000000        325.00000000000000        0.0000000000000000     
   325.00000000000000        0.0000000000000000        0.0000000000000000       -325.00000000000000        0.0000000000000000     
Thanks for using LHAPDF 6.2.1. Please make sure to cite the paper:
  Eur.Phys.J. C75 (2015) 3, 132  (http://arxiv.org/abs/1412.7420)
   93.540423808240234       -44.544351666629389       -77.238723727422567       -28.224695725264080        1.7769999999999999     
   208.62431784372228        5.0275122130166068       -190.22610307882491        85.496795818035125        1.7769999999999999     
   257.47781552581188        51.346143763174375        215.91542865330081       -130.53323974397031        0.0000000000000000     
   90.357442822225536       -11.829304309561506        51.549398152946694        73.261139651199258        0.0000000000000000     

 PASSED   1.0000000000000001E-005
 MU_R    =    325.00000000000000     
 ALPHA_S =   0.11799999999999999     
 BORN                    1.3127396436776878E-010
 SINGLE POLE (MadFKS)   -1.1551115378813482E-011
 DOUBLE POLE (MadFKS)   -1.3148598606672900E-011
 SINGLE POLE (MadLoop)  -1.1551115378813626E-011
 DOUBLE POLE (MadLoop)  -1.3148598606672921E-011
 FINITE PART (MadLoop)   5.3770838982037901E-011
   325.00000000000000        0.0000000000000000        0.0000000000000000        325.00000000000000        0.0000000000000000     
   325.00000000000000        0.0000000000000000        0.0000000000000000       -325.00000000000000        0.0000000000000000     
   114.36574752026974       -17.729798027106902       -36.919306142780542       -106.76603192365879        1.7769999999999999     
   116.78355557572868        20.381385002369015       -75.435009336730673        86.772113237271554        1.7769999999999999     
   157.35048715374219       -11.489354471612865       -146.45022993902484        56.387061389580836        0.0000000000000000     
   261.50020975025939        8.8377674963507840        258.80454541853607       -36.393142703193604        0.0000000000000000     

 PASSED   1.0000000000000001E-005
 MU_R    =    325.00000000000000     
 ALPHA_S =   0.11799999999999999     
 BORN                    1.2175621415843326E-010
 SINGLE POLE (MadFKS)   -9.6846380961647944E-012
 DOUBLE POLE (MadFKS)   -1.2195286365789162E-011
 SINGLE POLE (MadLoop)  -9.6846380961650206E-012
 DOUBLE POLE (MadLoop)  -1.2195286365789220E-011
 FINITE PART (MadLoop)   5.9547384117899713E-011
   325.00000000000000        0.0000000000000000        0.0000000000000000        325.00000000000000        0.0000000000000000     
   325.00000000000000        0.0000000000000000        0.0000000000000000       -325.00000000000000        0.0000000000000000     
   233.43242190349753       -85.616779918091495        214.17274530443058        35.879521066383646        1.7769999999999999     
   107.03152764781088       -51.027461982864239       -91.902227201563321       -20.069104130570508        1.7769999999999999     
   178.74385955519483        137.36660142541905       -58.407244687908332        98.327910124664371        0.0000000000000000     
   130.79219089349684      -0.72235952446331197       -63.863273414958954       -114.13832706047752        0.0000000000000000     

 PASSED   1.0000000000000001E-005
 MU_R    =    325.00000000000000     
 ALPHA_S =   0.11799999999999999     
 BORN                    7.8994153638018627E-011
 SINGLE POLE (MadFKS)   -1.5970233171614596E-011
 DOUBLE POLE (MadFKS)   -7.9121737768984122E-012
 SINGLE POLE (MadLoop)  -1.5970233171615824E-011
 DOUBLE POLE (MadLoop)  -7.9121737768984089E-012
 FINITE PART (MadLoop)   2.0554329657536474E-011
   325.00000000000000        0.0000000000000000        0.0000000000000000        325.00000000000000        0.0000000000000000     
   325.00000000000000        0.0000000000000000        0.0000000000000000       -325.00000000000000        0.0000000000000000     
   310.98423093839847       -234.73965591629067       -192.39374098293175       -67.749365563385055        1.7769999999999999     
   46.357710665673700        11.718751282691436        19.726971363217821        40.241733043837961        1.7769999999999999     
   126.54457831388237        85.560248679942475        91.423694492738278       -18.294322391473358        0.0000000000000000     
   166.11348008204553        137.46065595365675        81.243075126975583        45.801954911020445        0.0000000000000000     

 PASSED   1.0000000000000001E-005
 MU_R    =    325.00000000000000     
 ALPHA_S =   0.11799999999999999     
 BORN                    1.6426577416486550E-009
 SINGLE POLE (MadFKS)   -3.1953746296718999E-010
 DOUBLE POLE (MadFKS)   -1.6453108121708404E-010
 SINGLE POLE (MadLoop)  -3.1953746296719728E-010
 DOUBLE POLE (MadLoop)  -1.6453108121708817E-010
 FINITE PART (MadLoop)   4.7588809545638924E-010
   325.00000000000000        0.0000000000000000        0.0000000000000000        325.00000000000000        0.0000000000000000     
   325.00000000000000        0.0000000000000000        0.0000000000000000       -325.00000000000000        0.0000000000000000     
   51.542575417076044       -22.129993203175236       -10.575137034968600        45.298004692745835        1.7769999999999999     
   251.22335925315980       -132.35013254380169        160.91629420867622        140.35457662373199        1.7769999999999999     
   129.48411133309472        74.334781511029604        33.402033849069127       -100.62196320970084        0.0000000000000000     
   217.74995399666949        80.145344235947334       -183.74319102277676       -85.030618106776927        0.0000000000000000     

 PASSED   1.0000000000000001E-005
 MU_R    =    325.00000000000000     
 ALPHA_S =   0.11799999999999999     
 BORN                    3.2727466465429190E-010
 SINGLE POLE (MadFKS)   -2.5768716911620777E-011
 DOUBLE POLE (MadFKS)   -3.2780324875518981E-011
 SINGLE POLE (MadLoop)  -2.5768716911619527E-011
 DOUBLE POLE (MadLoop)  -3.2780324875515795E-011
 FINITE PART (MadLoop)   2.1448910629408849E-010
   325.00000000000000        0.0000000000000000        0.0000000000000000        325.00000000000000        0.0000000000000000     
   325.00000000000000        0.0000000000000000        0.0000000000000000       -325.00000000000000        0.0000000000000000     
   130.50458986976710        28.616919030541464        125.77972771992451        19.718577230043795        1.7769999999999999     
   178.41940571026501        171.91503210200844       0.21200714771835111        47.702236795970833        1.7769999999999999     
   195.20384934241940       -166.02639914640304       -78.529165824865814        66.128267022718674        0.0000000000000000     
   145.87215507755479       -34.505551986146870       -47.462569042777083       -133.54908104873329        0.0000000000000000     

 PASSED   1.0000000000000001E-005
 MU_R    =    325.00000000000000     
 ALPHA_S =   0.11799999999999999     
 BORN                    3.8423551015579720E-009
 SINGLE POLE (MadFKS)   -4.4041130805756426E-010
 DOUBLE POLE (MadFKS)   -3.8485609220385550E-010
 SINGLE POLE (MadLoop)  -4.4041130805754177E-010
 DOUBLE POLE (MadLoop)  -3.8485609220384149E-010
 FINITE PART (MadLoop)   1.4131253753768424E-009
   325.00000000000000        0.0000000000000000        0.0000000000000000        325.00000000000000        0.0000000000000000     
   325.00000000000000        0.0000000000000000        0.0000000000000000       -325.00000000000000        0.0000000000000000     
   142.13511231325390        141.75631998792028       0.42753929643729544        10.207613674784907        1.7769999999999999     
   169.03168624949296        136.88622499717582       -45.382518539408210       -88.154079000292796        1.7769999999999999     
   95.246084019985233       -44.813898543428039       -23.242470114981352        80.767063840625170        0.0000000000000000     
   243.58711741727342       -233.82864644166804        68.197449357952252       -2.8205985151172954        0.0000000000000000     

 NUMBER OF POINTS PASSING THE CHECK          20
 NUMBER OF POINTS FAILING THE CHECK           0
 TOLERANCE    1.0000000000000001E-005
