==== LHAPDF6 USING DEFAULT-TYPE LHAGLUE INTERFACE ====
LHAPDF 6.2.1 loading /cvmfs/cms.cern.ch/slc6_amd64_gcc481/external/lhapdf/6.2.1/share/LHAPDF/NNPDF31_nnlo_hessian_pdfas/NNPDF31_nnlo_hessian_pdfas_0000.dat
NNPDF31_nnlo_hessian_pdfas PDF set, member #0, version 1; LHAPDF ID = 306000
 A PDF is used, so alpha_s(MZ) is going to be modified
 Old value of alpha_s from param_card:   0.11799999999999999     
 New value of alpha_s from PDF lhapdf :  0.11800208008122040     
 using LHAPDF
 *****************************************************
 *               MadGraph/MadEvent                   *
 *        --------------------------------           *
 *          http://madgraph.hep.uiuc.edu             *
 *          http://madgraph.phys.ucl.ac.be           *
 *          http://madgraph.roma2.infn.it            *
 *        --------------------------------           *
 *                                                   *
 *          PARAMETER AND COUPLING VALUES            *
 *                                                   *
 *****************************************************

  External Params
  ---------------------------------
  
 MU_R =    91.188000000000002     
 aEWM1 =    132.50700000000001     
 mdl_Gf =    1.1663900000000000E-005
 aS =   0.11799999999999999     
 mdl_lamWS =   0.22530000000000000     
 mdl_AWS =   0.80800000000000005     
 mdl_rhoWS =   0.13200000000000001     
 mdl_etaWS =   0.34100000000000003     
 mdl_ymt =    173.00000000000000     
 mdl_ymtau =    1.7769999999999999     
 mdl_MT =    173.00000000000000     
 mdl_MZ =    91.188000000000002     
 mdl_MH =    125.00000000000000     
 mdl_MTA =    1.7769999999999999     
 mdl_WT =    1.4915000000000000     
 mdl_WZ =    2.4414039999999999     
 mdl_WW =    2.0476000000000001     
 mdl_WH =    6.3823389999999999E-003
  Internal Params
  ---------------------------------
  
 mdl_CKM33 =    1.0000000000000000     
 mdl_conjg__CKM3x3 =    1.0000000000000000     
 mdl_I4x33 =    0.0000000000000000     
 mdl_I1x33 =    0.0000000000000000     
 mdl_lhv =    1.0000000000000000     
 mdl_CKM3x3 =    1.0000000000000000     
 mdl_conjg__CKM33 =    1.0000000000000000     
 mdl_Ncol =    3.0000000000000000     
 mdl_CA =    3.0000000000000000     
 mdl_TF =   0.50000000000000000     
 mdl_CF =    1.3333333333333333     
 mdl_lamWS__exp__2 =    5.0760090000000001E-002
 mdl_CKM11 =  ( 0.97461995499999998     ,  0.0000000000000000     )
 mdl_CKM12 =  ( 0.22530000000000000     ,  0.0000000000000000     )
 mdl_complexi =  (  0.0000000000000000     ,  1.0000000000000000     )
 mdl_lamWS__exp__3 =    1.1436248277000001E-002
 mdl_CKM13 =  (  1.2197444962317122E-003, -3.1510066152652563E-003)
 mdl_CKM21 =  (-0.22530000000000000     ,  0.0000000000000000     )
 mdl_CKM22 =  ( 0.97461995499999998     ,  0.0000000000000000     )
 mdl_CKM23 =  (  4.1014152720000002E-002,  0.0000000000000000     )
 mdl_CKM31 =  (  8.0207441115842885E-003, -3.1510066152652563E-003)
 mdl_CKM32 =  ( -4.1014152720000002E-002,  0.0000000000000000     )
 mdl_MZ__exp__2 =    8315.2513440000002     
 mdl_MZ__exp__4 =    69143404.913893804     
 mdl_sqrt__2 =    1.4142135623730951     
 mdl_MH__exp__2 =    15625.000000000000     
 mdl_CKM1x1 =  ( 0.97461995499999998     ,  0.0000000000000000     )
 mdl_CKM1x2 =  ( 0.22530000000000000     ,  0.0000000000000000     )
 mdl_CKM1x3 =  (  1.2197444962317122E-003, -3.1510066152652563E-003)
 mdl_CKM2x1 =  (-0.22530000000000000     ,  0.0000000000000000     )
 mdl_CKM2x2 =  ( 0.97461995499999998     ,  0.0000000000000000     )
 mdl_CKM2x3 =  (  4.1014152720000002E-002,  0.0000000000000000     )
 mdl_CKM3x1 =  (  8.0207441115842885E-003, -3.1510066152652563E-003)
 mdl_CKM3x2 =  ( -4.1014152720000002E-002,  0.0000000000000000     )
 mdl_conjg__CKM1x3 =  (  1.2197444962317122E-003,  3.1510066152652563E-003)
 mdl_conjg__CKM2x3 =  (  4.1014152720000002E-002, -0.0000000000000000     )
 mdl_conjg__CKM2x1 =  (-0.22530000000000000     , -0.0000000000000000     )
 mdl_conjg__CKM3x1 =  (  8.0207441115842885E-003,  3.1510066152652563E-003)
 mdl_conjg__CKM2x2 =  ( 0.97461995499999998     , -0.0000000000000000     )
 mdl_conjg__CKM3x2 =  ( -4.1014152720000002E-002, -0.0000000000000000     )
 mdl_Ncol__exp__2 =    9.0000000000000000     
 mdl_MT__exp__2 =    29929.000000000000     
 mdl_conjg__CKM11 =  ( 0.97461995499999998     , -0.0000000000000000     )
 mdl_conjg__CKM12 =  ( 0.22530000000000000     , -0.0000000000000000     )
 mdl_conjg__CKM13 =  (  1.2197444962317122E-003,  3.1510066152652563E-003)
 mdl_conjg__CKM21 =  (-0.22530000000000000     , -0.0000000000000000     )
 mdl_conjg__CKM22 =  ( 0.97461995499999998     , -0.0000000000000000     )
 mdl_conjg__CKM23 =  (  4.1014152720000002E-002, -0.0000000000000000     )
 mdl_conjg__CKM31 =  (  8.0207441115842885E-003,  3.1510066152652563E-003)
 mdl_conjg__CKM32 =  ( -4.1014152720000002E-002, -0.0000000000000000     )
 mdl_aEW =    7.5467711139788835E-003
 mdl_MW =    80.419002445756163     
 mdl_sqrt__aEW =    8.6872153846781555E-002
 mdl_ee =   0.30795376724436879     
 mdl_MW__exp__2 =    6467.2159543705357     
 mdl_sw2 =   0.22224648578577766     
 mdl_cw =   0.88190334743339216     
 mdl_sqrt__sw2 =   0.47143025548407230     
 mdl_sw =   0.47143025548407230     
 mdl_g1 =   0.34919219678733299     
 mdl_gw =   0.65323293034757990     
 mdl_v =    246.21845810181637     
 mdl_v__exp__2 =    60623.529110035903     
 mdl_lam =   0.12886910601690263     
 mdl_yt =   0.99366614581500623     
 mdl_ytau =    1.0206617000654717E-002
 mdl_muH =    88.388347648318430     
 mdl_AxialZUp =  -0.18517701861793787     
 mdl_AxialZDown =   0.18517701861793787     
 mdl_VectorZUp =    7.5430507588273299E-002
 mdl_VectorZDown =  -0.13030376310310560     
 mdl_VectorAUp =   0.20530251149624587     
 mdl_VectorADown =  -0.10265125574812294     
 mdl_VectorWmDxU =   0.23095271737156670     
 mdl_AxialWmDxU =  -0.23095271737156670     
 mdl_VectorWpUxD =   0.23095271737156670     
 mdl_AxialWpUxD =  -0.23095271737156670     
 mdl_I2x13 =  (  7.9699418879263656E-003,  3.1310485988282153E-003)
 mdl_I2x23 =  ( -4.0754375057150453E-002, -0.0000000000000000     )
 mdl_I2x33 =  ( 0.99366614581500623     ,  0.0000000000000000     )
 mdl_I3x31 =  (  7.9699418879263656E-003, -3.1310485988282153E-003)
 mdl_I3x32 =  ( -4.0754375057150453E-002,  0.0000000000000000     )
 mdl_I3x33 =  ( 0.99366614581500623     ,  0.0000000000000000     )
 mdl_Vector_tdGp =  ( -7.9699418879263656E-003, -3.1310485988282153E-003)
 mdl_Vector_tsGp =  (  4.0754375057150453E-002,  0.0000000000000000     )
 mdl_Vector_tbGp =  (-0.99366614581500623     ,  0.0000000000000000     )
 mdl_Axial_tdGp =  ( -7.9699418879263656E-003, -3.1310485988282153E-003)
 mdl_Axial_tsGp =  (  4.0754375057150453E-002,  0.0000000000000000     )
 mdl_Axial_tbGp =  (-0.99366614581500623     , -0.0000000000000000     )
 mdl_Vector_tdGm =  (  7.9699418879263656E-003, -3.1310485988282153E-003)
 mdl_Vector_tsGm =  ( -4.0754375057150453E-002,  0.0000000000000000     )
 mdl_Vector_tbGm =  ( 0.99366614581500623     ,  0.0000000000000000     )
 mdl_Axial_tdGm =  ( -7.9699418879263656E-003,  3.1310485988282153E-003)
 mdl_Axial_tsGm =  (  4.0754375057150453E-002, -0.0000000000000000     )
 mdl_Axial_tbGm =  (-0.99366614581500623     ,  0.0000000000000000     )
 mdl_gw__exp__2 =   0.42671326129048615     
 mdl_cw__exp__2 =   0.77775351421422245     
 mdl_ee__exp__2 =    9.4835522759998875E-002
 mdl_sw__exp__2 =   0.22224648578577769     
 mdl_yt__exp__2 =   0.98737240933884918     
  Internal Params evaluated point by point
  ----------------------------------------
  
 mdl_sqrt__aS =   0.34351128074635334     
 mdl_G__exp__4 =    2.1987899468922913     
 mdl_G__exp__2 =    1.4828317324943823     
 mdl_R2MixedFactor_FIN_ =   -2.5040377713124864E-002
 mdl_G_UVg_1EPS_ =   -5.1645779033320030E-002
 mdl_G_UVq_1EPS_ =    3.1300472141406080E-003
 mdl_G_UVb_1EPS_ =    3.1300472141406080E-003
 mdl_GWcft_UV_t_1EPS_ =   -3.1300472141406080E-003
 mdl_tWcft_UV_1EPS_ =   -1.8780283284843650E-002
 mdl_G__exp__3 =    1.8056676068262196     
 mdl_MU_R__exp__2 =    8315.2513440000002     
 mdl_G_UVt_FIN_ =   -4.0087659331150384E-003
 mdl_GWcft_UV_t_FIN_ =    4.0087659331150384E-003
 mdl_tWcft_UV_FIN_ =   -9.8778211443463623E-004
  Couplings of loop_sm-ckm_no_b_mass
  ---------------------------------
  
       UV_3Gt =   0.48815E-02   0.00000E+00
      UV_GQQt =   0.00000E+00  -0.48815E-02
   UVWfct_G_2 =   0.40088E-02   0.00000E+00
       R2_DDA =   0.00000E+00   0.25704E-02
       R2_UUA =  -0.00000E+00  -0.51409E-02
    R2_DDZ_V2 =   0.00000E+00   0.72127E-02
    R2_UUZ_V2 =  -0.00000E+00  -0.72127E-02
    R2_UUZ_V5 =   0.00000E+00   0.68702E-03
      R2_GGHt =   0.00000E+00  -0.45657E+01
     R2_GGZup =  -0.46369E-02   0.00000E+00
   R2_GGZdown =   0.46369E-02   0.00000E+00
 R2_GGGZvecUp =   0.00000E+00   0.28750E-03
 R2_GGGZvecDown  -0.00000E+00  -0.49665E-03
 R2_GGGZaxialUp  -0.00000E+00  -0.63522E-02
 R2_GGGZaxialDow  0.00000E+00   0.63522E-02
 R2_GGGAvecUp =   0.00000E+00   0.78251E-03
 R2_GGGAvecDown  -0.00000E+00  -0.39126E-03
         GC_4 =  -0.12177E+01   0.00000E+00
         GC_5 =   0.00000E+00   0.12177E+01
         GC_6 =   0.00000E+00   0.14828E+01
       R2_3Gq =   0.76230E-02   0.00000E+00
       R2_3Gg =   0.31445E-01   0.00000E+00
       R2_GQQ =  -0.00000E+00  -0.30492E-01
       R2_GGq =   0.00000E+00   0.62601E-02
       R2_GGt =  -0.00000E+00  -0.11242E+04
     R2_GGg_1 =   0.00000E+00   0.28170E-01
     R2_GGg_2 =  -0.00000E+00  -0.18780E-01
       R2_QQq =   0.00000E+00   0.12520E-01
  UV_3Gg_1eps =   0.62890E-01   0.00000E+00
  UV_3Gb_1eps =  -0.38115E-02   0.00000E+00
 UV_GQQg_1eps =   0.00000E+00  -0.62890E-01
 UV_GQQq_1eps =   0.00000E+00   0.38115E-02
 UVWfct_G_2_1eps -0.31300E-02   0.00000E+00
         GC_1 =  -0.00000E+00  -0.10265E+00
         GC_2 =   0.00000E+00   0.20530E+00
        GC_21 =  -0.00000E+00  -0.28804E+00
        GC_22 =   0.00000E+00   0.28804E+00
        GC_23 =  -0.00000E+00  -0.27437E-01
        GC_24 =   0.00000E+00   0.82310E-01
        GC_37 =  -0.00000E+00  -0.70263E+00
        GC_38 =  -0.00000E+00  -0.72172E-02
      GC_1003 =  -0.00000E+00  -0.30795E+00

 Collider parameters:
 --------------------

 Running at P P   machine @    13000.000000000000       GeV
 PDF set = lhapdf 
 alpha_s(Mz)= 0.1180 running at 3 loops.
 alpha_s(Mz)= 0.1180 running at 3 loops.
 Renormalization scale set on event-by-event basis
 Factorization   scale set on event-by-event basis


 ===============================================================
 INFO: MadFKS read these parameters from FKS_params.dat
 ===============================================================
  > IRPoleCheckThreshold      =    1.0000000000000001E-005
  > PrecisionVirtualAtRunTime =    1.0000000000000000E-003
  > NHelForMCoverHels         =            4
  > VirtualFraction           =    1.0000000000000000     
  > MinVirtualFraction        =    5.0000000000000001E-003
 ===============================================================
  Insert the number of points to test
 Insert the relative tolerance
  A negative number will mean use the default one:    1.0000000000000001E-005
Using random seed offsets:     0 ,     55 ,      0
  with seed                   32
 Ranmar initialization seeds       10729        9461
  ========================================================================================== 
 {                                                                                          }
 {       [32m                                                                            [0m       }
 {       [32m                               ,,                                           [0m       }
 {       [32m`7MMM.     ,MMF'             `7MM  `7MMF'                                   [0m       }
 {       [32m  MMMb    dPMM                 MM    MM                                     [0m       }
 {       [32m  M YM   ,M MM   ,6"Yb.   ,M""bMM    MM         ,pW"Wq.   ,pW"Wq.`7MMpdMAo. [0m       }
 {       [32m  M  Mb  M' MM  8)   MM ,AP    MM    MM        6W'   `Wb 6W'   `Wb MM   `Wb [0m       }
 {       [32m  M  YM.P'  MM   ,pm9MM 8MI    MM    MM      , 8M     M8 8M     M8 MM    M8 [0m       }
 {       [32m  M  `YM'   MM  8M   MM `Mb    MM    MM     ,M YA.   ,A9 YA.   ,A9 MM   ,AP [0m       }
 {       [32m.JML. `'  .JMML.`Moo9^Yo.`Wbmd"MML..JMMmmmmMMM  `Ybmd9'   `Ybmd9'  MMbmmd'  [0m       }
 {       [32m                                                                   MM       [0m       }
 {       [32m                                                                 .JMML.     [0m       }
 {       [32m[0mv2.4.2 (2016-06-10), Ref: arXiv:1103.0621v2, arXiv:1405.0301[32m                [0m       }
 {       [32m                                                                            [0m       }
 {                                                                                          }
  ========================================================================================== 
 ===============================================================
 INFO: MadLoop read these parameters from ./MadLoop5_resources/MadLoopParams.dat                                                                                                                                                                                                                                                                                                                                                                                                                                                                                          
 ===============================================================
  > MLReductionLib            = 6|1|2
  > IREGIMODE                 =            2
  > IREGIRECY                 =  T
  > CTModeRun                 =           -1
  > MLStabThres               =    1.0000000000000000E-003
  > NRotations_DP             =            1
  > NRotations_QP             =            0
  > CTStabThres               =    1.0000000000000000E-002
  > CTLoopLibrary             =            2
  > CTModeInit                =            1
  > CheckCycle                =            3
  > MaxAttempts               =           10
  > UseLoopFilter             =  F
  > HelicityFilterLevel       =            2
  > ImprovePSPoint            =            2
  > DoubleCheckHelicityFilter =  T
  > LoopInitStartOver         =  F
  > HelInitStartOver          =  F
  > ZeroThres                 =    1.0000000000000001E-009
  > OSThres                   =    1.0000000000000000E-008
  > WriteOutFilters           =  T
  > UseQPIntegrandForNinja    =  F
  > UseQPIntegrandForCutTools =  T
 ===============================================================
  
------------------------------------------------------------------------
|              You are using CutTools - Version 1.9.3                  |
|              Authors: G. Ossola, C. Papadopoulos, R. Pittau          |
|              Published in JHEP 0803:042,2008                         |
|              http://www.ugr.es/~pittau/CutTools                      |
|                                                                      |
|              Compiler with  34  significant digits detetected        |
 ---------------------------------------------------------------------- 
   
########################################################################
#                                                                      #
#                      You are using OneLOop-3.6                       #
#                                                                      #
# for the evaluation of 1-loop scalar 1-, 2-, 3- and 4-point functions #
#                                                                      #
# author: Andreas van Hameren <hamerenREMOVETHIS@ifj.edu.pl>           #
#   date: 18-02-2015                                                   #
#                                                                      #
# Please cite                                                          #
#    A. van Hameren,                                                   #
#      Comput.Phys.Commun. 182 (2011) 2427-2438, arXiv:1007.4716       #
#    A. van Hameren, C.G. Papadopoulos and R. Pittau,                  #
#      JHEP 0909:106,2009, arXiv:0903.4665                             #
# in publications with results obtained with the help of this program. #
#                                                                      #
########################################################################
 PASSED   1.0000000000000001E-005
 MU_R    =    325.00000000000000     
 ALPHA_S =   0.11799999999999999     
 BORN                    8.4356107025258750E-011
 SINGLE POLE (MadFKS)   -2.2603428939706350E-011
 DOUBLE POLE (MadFKS)   -8.4492351292850614E-012
 SINGLE POLE (MadLoop)  -2.2603428939706243E-011
 DOUBLE POLE (MadLoop)  -8.4492351292851131E-012
 FINITE PART (MadLoop)  -5.5326599895763009E-013
   325.00000000000000        0.0000000000000000        0.0000000000000000        325.00000000000000        0.0000000000000000     
   325.00000000000000        0.0000000000000000        0.0000000000000000       -325.00000000000000        0.0000000000000000     
   170.01376631566990        14.828452529409388       -83.307333134375369       -147.46079471663123        0.0000000000000000     
   256.34763403474437        17.940115756870163        105.94201205440793        232.74138395159741        0.0000000000000000     
   77.470073524597140       -14.404221575279550        72.052125250023494        24.548359205284289        0.0000000000000000     
   146.16852612498903       -18.364346711000021       -94.686804170056234       -109.82894844025049        0.0000000000000000     

 PASSED   1.0000000000000001E-005
 MU_R    =    325.00000000000000     
 ALPHA_S =   0.11799999999999999     
 BORN                    1.5954935866264248E-010
 SINGLE POLE (MadFKS)   -4.0377533429137649E-011
 DOUBLE POLE (MadFKS)   -1.5980704819197594E-011
 SINGLE POLE (MadLoop)  -4.0377533429137338E-011
 DOUBLE POLE (MadLoop)  -1.5980704819197611E-011
 FINITE PART (MadLoop)   1.6358476199868893E-011
   325.00000000000000        0.0000000000000000        0.0000000000000000        325.00000000000000        0.0000000000000000     
   325.00000000000000        0.0000000000000000        0.0000000000000000       -325.00000000000000        0.0000000000000000     
   223.24165987839268        42.852137515895429        218.65199770642499        13.850520371748690        0.0000000000000000     
   228.08715711309443       -95.547331550743394       -170.78935389463604        117.15568816629644        0.0000000000000000     
   133.36577527255295        96.148171787908140       -41.251843906560140       -82.705770356129278        0.0000000000000000     
   65.305407735960074       -43.452977753060182       -6.6107999052288147       -48.300438181915851        0.0000000000000000     

 PASSED   1.0000000000000001E-005
 MU_R    =    325.00000000000000     
 ALPHA_S =   0.11799999999999999     
 BORN                    1.5747243630093067E-009
 SINGLE POLE (MadFKS)   -2.0979247212418645E-010
 DOUBLE POLE (MadFKS)   -1.5772677137525197E-010
 SINGLE POLE (MadLoop)  -2.0979247212418477E-010
 DOUBLE POLE (MadLoop)  -1.5772677137525587E-010
 FINITE PART (MadLoop)  -1.4387990491111827E-010
   325.00000000000000        0.0000000000000000        0.0000000000000000        325.00000000000000        0.0000000000000000     
   325.00000000000000        0.0000000000000000        0.0000000000000000       -325.00000000000000        0.0000000000000000     
   42.387345130776644        26.777764172690343        13.088170616055995       -30.138648992155641        0.0000000000000000     
   194.58625385630916        108.24978238612536        128.23726983045071       -98.493641569497527        0.0000000000000000     
   128.50444330779948       -69.533110785186324        2.3716509001859660       -108.04125937062241        0.0000000000000000     
   284.52195770511491       -65.494435773629377       -143.69709134669270        236.67354993227556        0.0000000000000000     

 PASSED   1.0000000000000001E-005
 MU_R    =    325.00000000000000     
 ALPHA_S =   0.11799999999999999     
 BORN                    2.2498133566497679E-010
 SINGLE POLE (MadFKS)   -3.1960386430266347E-011
 DOUBLE POLE (MadFKS)   -2.2534470493817398E-011
 SINGLE POLE (MadLoop)  -3.1960386430267161E-011
 DOUBLE POLE (MadLoop)  -2.2534470493816648E-011
 FINITE PART (MadLoop)  -1.4652659956365790E-011
   325.00000000000000        0.0000000000000000        0.0000000000000000        325.00000000000000        0.0000000000000000     
   325.00000000000000        0.0000000000000000        0.0000000000000000       -325.00000000000000        0.0000000000000000     
   199.45958364694357       -160.57997796678765        44.816067769339831        109.49756277877627        0.0000000000000000     
   45.800405608293850       -39.611859538348774        1.1522791290107754       -22.961924801880357        0.0000000000000000     
   149.47429540984007       -45.137947079181359       -3.0049046571818803       -142.46438596977984        0.0000000000000000     
   255.26571533492213        245.32978458431782       -42.963442241168742        55.928747992884112        0.0000000000000000     

 PASSED   1.0000000000000001E-005
 MU_R    =    325.00000000000000     
 ALPHA_S =   0.11799999999999999     
 BORN                    2.0611347243868234E-011
 SINGLE POLE (MadFKS)   -3.2792250654031943E-012
 DOUBLE POLE (MadFKS)   -2.0644636806513432E-012
 SINGLE POLE (MadLoop)  -3.2792250654031991E-012
 DOUBLE POLE (MadLoop)  -2.0644636806513504E-012
 FINITE PART (MadLoop)   1.6142693261891563E-012
   325.00000000000000        0.0000000000000000        0.0000000000000000        325.00000000000000        0.0000000000000000     
   325.00000000000000        0.0000000000000000        0.0000000000000000       -325.00000000000000        0.0000000000000000     
   213.61821217942799        87.615448113194745        193.15885811930517       -25.415140304655736        0.0000000000000000     
   148.46809384558767       -102.64549124538802       -11.717892178057880        106.62724332945415        0.0000000000000000     
   123.13743305256111       -76.587269623271297       -44.550547002904388       -85.512959907655599        0.0000000000000000     
   164.77626092242301        91.617312755464482       -136.89041893834286        4.3008568828573273        0.0000000000000000     

 PASSED   1.0000000000000001E-005
 MU_R    =    325.00000000000000     
 ALPHA_S =   0.11799999999999999     
 BORN                    4.5030888469458038E-010
 SINGLE POLE (MadFKS)   -1.1453836889531293E-010
 DOUBLE POLE (MadFKS)   -4.5103618241313141E-011
 SINGLE POLE (MadLoop)  -1.1453836889530510E-010
 DOUBLE POLE (MadLoop)  -4.5103618241310362E-011
 FINITE PART (MadLoop)   6.9915063787208947E-011
   325.00000000000000        0.0000000000000000        0.0000000000000000        325.00000000000000        0.0000000000000000     
   325.00000000000000        0.0000000000000000        0.0000000000000000       -325.00000000000000        0.0000000000000000     
   67.257259931767379       -60.158632717339316       -19.230369238864967       -23.122950115556669        0.0000000000000000     
   263.94809973974765        12.856946772055160        17.246366053056136       -263.07006886738054        0.0000000000000000     
   221.69846148790208        89.126641315106156        24.503161291788434        201.50991221451079        0.0000000000000000     
   97.096178840582695       -41.824955369822071       -22.519158105979599        84.683106768426427        0.0000000000000000     

 PASSED   1.0000000000000001E-005
 MU_R    =    325.00000000000000     
 ALPHA_S =   0.11799999999999999     
 BORN                    3.6621977922008801E-011
 SINGLE POLE (MadFKS)   -6.2548332569732951E-012
 DOUBLE POLE (MadFKS)   -3.6681126390752800E-012
 SINGLE POLE (MadLoop)  -6.2548332569733193E-012
 DOUBLE POLE (MadLoop)  -3.6681126390752929E-012
 FINITE PART (MadLoop)   3.7684449014335808E-012
   325.00000000000000        0.0000000000000000        0.0000000000000000        325.00000000000000        0.0000000000000000     
   325.00000000000000        0.0000000000000000        0.0000000000000000       -325.00000000000000        0.0000000000000000     
   250.63583828122236        189.99594709359729        89.278702246624164        136.92763360292420        0.0000000000000000     
   99.056185007929940       -49.412706425090690       -73.303299956241162        44.689354969594099        0.0000000000000000     
   223.38868996695390       -111.46235855857331        55.107688428787554       -185.58499967871208        0.0000000000000000     
   76.919286743893679       -29.120882109933326       -71.083090719170556        3.9680111061937557        0.0000000000000000     

 PASSED   1.0000000000000001E-005
 MU_R    =    325.00000000000000     
 ALPHA_S =   0.11799999999999999     
 BORN                    9.6596496623530815E-010
 SINGLE POLE (MadFKS)   -3.7376300294017506E-010
 DOUBLE POLE (MadFKS)   -9.6752510448712101E-011
 SINGLE POLE (MadLoop)  -3.7376300294017325E-010
 DOUBLE POLE (MadLoop)  -9.6752510448714182E-011
 FINITE PART (MadLoop)  -4.2150420572654159E-010
   325.00000000000000        0.0000000000000000        0.0000000000000000        325.00000000000000        0.0000000000000000     
   325.00000000000000        0.0000000000000000        0.0000000000000000       -325.00000000000000        0.0000000000000000     
   35.722190865788725        35.271227135562050       -5.6324613670841286       0.53929171302292078        0.0000000000000000     
   283.35298530975393       -97.805709528366378       -93.378695483515060        249.00477243900244        0.0000000000000000     
   34.936282718703666        18.335655173883609        8.0434414924692135        28.629541534974877        0.0000000000000000     
   295.98854110575377        44.198827218920741        90.967715358129993       -278.17360568700030        0.0000000000000000     

 PASSED   1.0000000000000001E-005
 MU_R    =    325.00000000000000     
 ALPHA_S =   0.11799999999999999     
 BORN                    5.3092500175494519E-011
 SINGLE POLE (MadFKS)   -9.8264251045387442E-012
 DOUBLE POLE (MadFKS)   -5.3178250325141246E-012
 SINGLE POLE (MadLoop)  -9.8264251045386311E-012
 DOUBLE POLE (MadLoop)  -5.3178250325141133E-012
 FINITE PART (MadLoop)  -1.0220187742037529E-012
   325.00000000000000        0.0000000000000000        0.0000000000000000        325.00000000000000        0.0000000000000000     
   325.00000000000000        0.0000000000000000        0.0000000000000000       -325.00000000000000        0.0000000000000000     
   74.179385740041695       -42.327317269533054        45.789099710935012       -40.178823143494959        0.0000000000000000     
   244.24974456589891        117.28226789316371        198.53253639663669        80.545883509098402        0.0000000000000000     
   225.96341468138218        15.144362886269274       -225.17253166427480        11.289111175839995        0.0000000000000000     
   105.60745501267665       -90.099313509899659       -19.149104443296913       -51.656171541443612        0.0000000000000000     

 PASSED   1.0000000000000001E-005
 MU_R    =    325.00000000000000     
 ALPHA_S =   0.11799999999999999     
 BORN                    4.8530275425898227E-011
 SINGLE POLE (MadFKS)   -1.4236525468514116E-011
 DOUBLE POLE (MadFKS)   -4.8608657087458925E-012
 SINGLE POLE (MadLoop)  -1.4236525468514373E-011
 DOUBLE POLE (MadLoop)  -4.8608657087459426E-012
 FINITE PART (MadLoop)   3.8449562016460246E-013
   325.00000000000000        0.0000000000000000        0.0000000000000000        325.00000000000000        0.0000000000000000     
   325.00000000000000        0.0000000000000000        0.0000000000000000       -325.00000000000000        0.0000000000000000     
   78.072563389043665        3.4147698960155881        50.922512253619779        59.080980412256601        0.0000000000000000     
   166.90658965672918        88.537886742191631       -123.51418890499414        69.015197030857138        0.0000000000000000     
   142.00482939668220       -81.162148021421316       -39.212377807056292        109.72906054116376        0.0000000000000000     
   263.01601755754524       -10.790508616785917        111.80405445843067       -237.82523798427746        0.0000000000000000     

 PASSED   1.0000000000000001E-005
 MU_R    =    325.00000000000000     
 ALPHA_S =   0.11799999999999999     
 BORN                    3.6350239048480705E-011
 SINGLE POLE (MadFKS)   -5.1641300135534352E-012
 DOUBLE POLE (MadFKS)   -3.6408948629453502E-012
 SINGLE POLE (MadLoop)  -5.1641300135535378E-012
 DOUBLE POLE (MadLoop)  -3.6408948629453574E-012
 FINITE PART (MadLoop)   1.0070892687440489E-012
   325.00000000000000        0.0000000000000000        0.0000000000000000        325.00000000000000        0.0000000000000000     
   325.00000000000000        0.0000000000000000        0.0000000000000000       -325.00000000000000        0.0000000000000000     
   169.20623004934143       -163.09232255407923       -6.5076570118227091        44.601491136993253        0.0000000000000000     
   62.780158436277830        45.609858907497610       -11.216142214827954        41.656778770556208        0.0000000000000000     
   163.82199893384202       -103.52367295688597        125.17326272120114       -21.263837187220425        0.0000000000000000     
   254.19161258053876        221.00613660346767       -107.44946349455046       -64.994432720329044        0.0000000000000000     

 PASSED   1.0000000000000001E-005
 MU_R    =    325.00000000000000     
 ALPHA_S =   0.11799999999999999     
 BORN                    1.3746811401756223E-011
 SINGLE POLE (MadFKS)   -3.2735336863159614E-012
 DOUBLE POLE (MadFKS)   -1.3769013994042691E-012
 SINGLE POLE (MadLoop)  -3.2735336863190020E-012
 DOUBLE POLE (MadLoop)  -1.3769013994041956E-012
 FINITE PART (MadLoop)   1.9991955340799426E-012
   325.00000000000000        0.0000000000000000        0.0000000000000000        325.00000000000000        0.0000000000000000     
   325.00000000000000        0.0000000000000000        0.0000000000000000       -325.00000000000000        0.0000000000000000     
   98.834597184213095       -15.641102782497747        89.962794053384187        37.819693156097770        0.0000000000000000     
   223.56231441302685       -65.896905434823765       -67.290858150682155       -202.75513973551384        0.0000000000000000     
   236.98747027927021        139.42519433825481        43.588358841653665        186.61117658543148        0.0000000000000000     
   90.615618123489881       -57.887186120933322       -66.260294744355718       -21.675730006015421        0.0000000000000000     

 PASSED   1.0000000000000001E-005
 MU_R    =    325.00000000000000     
 ALPHA_S =   0.11799999999999999     
 BORN                    2.1741018682008393E-011
 SINGLE POLE (MadFKS)   -6.9487386281795633E-012
 DOUBLE POLE (MadFKS)   -2.1776132786623772E-012
 SINGLE POLE (MadLoop)  -6.9487386281776650E-012
 DOUBLE POLE (MadLoop)  -2.1776132786623069E-012
 FINITE PART (MadLoop)   1.2795022093265882E-012
   325.00000000000000        0.0000000000000000        0.0000000000000000        325.00000000000000        0.0000000000000000     
   325.00000000000000        0.0000000000000000        0.0000000000000000       -325.00000000000000        0.0000000000000000     
   224.37032796964047       -80.194913223723802       -208.70320543813418       -18.809359534322844        0.0000000000000000     
   226.56592019494761        117.42114315865629        161.92552466613324        106.41670824966924        0.0000000000000000     
   71.896561373553965       -66.716783196027293      -0.27730027814513902        26.793832907429376        0.0000000000000000     
   127.16719046185771        29.490553261094789        47.054981050146161       -114.40118162277571        0.0000000000000000     

 PASSED   1.0000000000000001E-005
 MU_R    =    325.00000000000000     
 ALPHA_S =   0.11799999999999999     
 BORN                    2.9124135728011798E-011
 SINGLE POLE (MadFKS)   -5.9324255679239718E-012
 DOUBLE POLE (MadFKS)   -2.9171174367909210E-012
 SINGLE POLE (MadLoop)  -5.9324255679246923E-012
 DOUBLE POLE (MadLoop)  -2.9171174367909189E-012
 FINITE PART (MadLoop)  -8.8467356615965306E-013
   325.00000000000000        0.0000000000000000        0.0000000000000000        325.00000000000000        0.0000000000000000     
   325.00000000000000        0.0000000000000000        0.0000000000000000       -325.00000000000000        0.0000000000000000     
Thanks for using LHAPDF 6.2.1. Please make sure to cite the paper:
  Eur.Phys.J. C75 (2015) 3, 132  (http://arxiv.org/abs/1412.7420)
   124.73354425990277        37.573979451780822        105.95528987854163       -54.038224235706316        0.0000000000000000     
   164.91262982456081       -103.82732192673716       -97.801039506874332        82.770884787762924        0.0000000000000000     
   148.09785003171882       -108.34123302069482       -63.397183253326503        78.587197221412083        0.0000000000000000     
   212.25597588381726        174.59457549565110        55.242932881659300       -107.31985777346837        0.0000000000000000     

 PASSED   1.0000000000000001E-005
 MU_R    =    325.00000000000000     
 ALPHA_S =   0.11799999999999999     
 BORN                    4.4105137467155423E-009
 SINGLE POLE (MadFKS)   -1.2819084826701066E-009
 DOUBLE POLE (MadFKS)   -4.4176372050674683E-010
 SINGLE POLE (MadLoop)  -1.2819084826701810E-009
 DOUBLE POLE (MadLoop)  -4.4176372050665470E-010
 FINITE PART (MadLoop)  -5.1744386884251552E-010
   325.00000000000000        0.0000000000000000        0.0000000000000000        325.00000000000000        0.0000000000000000     
   325.00000000000000        0.0000000000000000        0.0000000000000000       -325.00000000000000        0.0000000000000000     
   265.63713770428353       -53.093727761005269        50.672910056863600       -255.29669247080685        0.0000000000000000     
   273.10215038392226        40.621355866029830        54.035075004481662        264.60328921082572        0.0000000000000000     
   13.649714323105078        6.6995682171374797       -7.2678997466944288       -9.4131886243876099        0.0000000000000000     
   97.610997588689301        5.7728036778380423       -97.440085314650830       0.10659188436870486        0.0000000000000000     

 PASSED   1.0000000000000001E-005
 MU_R    =    325.00000000000000     
 ALPHA_S =   0.11799999999999999     
 BORN                    1.1108014946031173E-011
 SINGLE POLE (MadFKS)   -1.8233838169207210E-012
 DOUBLE POLE (MadFKS)   -1.1125955595666275E-012
 SINGLE POLE (MadLoop)  -1.8233838169207242E-012
 DOUBLE POLE (MadLoop)  -1.1125955595666229E-012
 FINITE PART (MadLoop)   1.4725372929724300E-012
   325.00000000000000        0.0000000000000000        0.0000000000000000        325.00000000000000        0.0000000000000000     
   325.00000000000000        0.0000000000000000        0.0000000000000000       -325.00000000000000        0.0000000000000000     
   266.75660888446544       -208.12958347398839       -138.06445946480346        93.698291869037831        0.0000000000000000     
   127.75604244873804        15.662542340517225        120.30525838880679       -40.036682599807136        0.0000000000000000     
   131.83225006612884        83.521270196912454        73.804403319095641       -70.404897790600771        0.0000000000000000     
   123.65509860066754        108.94577093655866       -56.045202243098970        16.743288521370115        0.0000000000000000     

 PASSED   1.0000000000000001E-005
 MU_R    =    325.00000000000000     
 ALPHA_S =   0.11799999999999999     
 BORN                    6.4832297526114703E-010
 SINGLE POLE (MadFKS)   -1.3148903809811986E-010
 DOUBLE POLE (MadFKS)   -6.4937008722544116E-011
 SINGLE POLE (MadLoop)  -1.3148903809811851E-010
 DOUBLE POLE (MadLoop)  -6.4937008722543857E-011
 FINITE PART (MadLoop)  -6.2403350823743786E-013
   325.00000000000000        0.0000000000000000        0.0000000000000000        325.00000000000000        0.0000000000000000     
   325.00000000000000        0.0000000000000000        0.0000000000000000       -325.00000000000000        0.0000000000000000     
   273.60904797103723        59.422509823293311       -140.78831923791591       -226.95710084524933        0.0000000000000000     
   29.272049418199355       -25.579406712457413       -9.3807947798779168        10.702687451196985        0.0000000000000000     
   270.58708592632411       -99.921468318255634        171.39527158982108        184.00198943455803        0.0000000000000000     
   76.531816684439377        66.078365207419736       -21.226157572027240        32.252423959494358        0.0000000000000000     

 PASSED   1.0000000000000001E-005
 MU_R    =    325.00000000000000     
 ALPHA_S =   0.11799999999999999     
 BORN                    4.8459434679596459E-011
 SINGLE POLE (MadFKS)   -7.5763308380293487E-012
 DOUBLE POLE (MadFKS)   -4.8537701925663895E-012
 SINGLE POLE (MadLoop)  -7.5763308380293584E-012
 DOUBLE POLE (MadLoop)  -4.8537701925663943E-012
 FINITE PART (MadLoop)  -4.3170282646811718E-013
   325.00000000000000        0.0000000000000000        0.0000000000000000        325.00000000000000        0.0000000000000000     
   325.00000000000000        0.0000000000000000        0.0000000000000000       -325.00000000000000        0.0000000000000000     
   95.140856029354836        95.051079091064466       0.76451789550579297       -4.0608326744750078        0.0000000000000000     
   199.06952070121798       -37.721408234630246        122.12693567155732       -152.61317445254954        0.0000000000000000     
   94.089698175199032        31.349087197381245       -44.516162518615609       -76.736023543100288        0.0000000000000000     
   261.69992509422815       -88.678758053815486       -78.375291048447508        233.41003067012483        0.0000000000000000     

 PASSED   1.0000000000000001E-005
 MU_R    =    325.00000000000000     
 ALPHA_S =   0.11799999999999999     
 BORN                    1.2857176982799544E-011
 SINGLE POLE (MadFKS)   -2.2308729840634703E-012
 DOUBLE POLE (MadFKS)   -1.2877942718951828E-012
 SINGLE POLE (MadLoop)  -2.2308729840626981E-012
 DOUBLE POLE (MadLoop)  -1.2877942718951810E-012
 FINITE PART (MadLoop)   1.1785295678515233E-012
   325.00000000000000        0.0000000000000000        0.0000000000000000        325.00000000000000        0.0000000000000000     
   325.00000000000000        0.0000000000000000        0.0000000000000000       -325.00000000000000        0.0000000000000000     
   184.08657553247113        47.942360395614394        172.45219148985029        43.007429838543374        0.0000000000000000     
   113.55609302123950       -8.7334506356115771       -112.65073379409885       -11.336898954070961        0.0000000000000000     
   139.06639574102769        110.29962563814391        78.891538079527948        30.815259660301844        0.0000000000000000     
   213.29093570526146       -149.50853539814673       -138.69299577527943       -62.485790544774268        0.0000000000000000     

 PASSED   1.0000000000000001E-005
 MU_R    =    325.00000000000000     
 ALPHA_S =   0.11799999999999999     
 BORN                    1.2243089675220494E-009
 SINGLE POLE (MadFKS)   -2.1559808552519161E-010
 DOUBLE POLE (MadFKS)   -1.2262863593727216E-010
 SINGLE POLE (MadLoop)  -2.1559808552522992E-010
 DOUBLE POLE (MadLoop)  -1.2262863593726723E-010
 FINITE PART (MadLoop)   9.1367591120900721E-011
   325.00000000000000        0.0000000000000000        0.0000000000000000        325.00000000000000        0.0000000000000000     
   325.00000000000000        0.0000000000000000        0.0000000000000000       -325.00000000000000        0.0000000000000000     
   66.693823224402848       -46.501281176367470        46.175249555093700       -12.391256343451516        0.0000000000000000     
   297.36589582734581       -105.97134728134803       -201.38112027046790        191.42150860127282        0.0000000000000000     
   146.75410318932279        59.840182810276048        95.439553923306121       -94.059613389889520        0.0000000000000000     
   139.18617775892872        92.632445647439326        59.766316792068039       -84.970638867931768        0.0000000000000000     

 NUMBER OF POINTS PASSING THE CHECK          20
 NUMBER OF POINTS FAILING THE CHECK           0
 TOLERANCE    1.0000000000000001E-005
