==== LHAPDF6 USING DEFAULT-TYPE LHAGLUE INTERFACE ====
LHAPDF 6.2.1 loading /cvmfs/cms.cern.ch/slc6_amd64_gcc481/external/lhapdf/6.2.1/share/LHAPDF/NNPDF31_nnlo_hessian_pdfas/NNPDF31_nnlo_hessian_pdfas_0000.dat
NNPDF31_nnlo_hessian_pdfas PDF set, member #0, version 1; LHAPDF ID = 306000
 A PDF is used, so alpha_s(MZ) is going to be modified
 Old value of alpha_s from param_card:   0.11799999999999999     
 New value of alpha_s from PDF lhapdf :  0.11800208008122040     
 using LHAPDF
 *****************************************************
 *               MadGraph/MadEvent                   *
 *        --------------------------------           *
 *          http://madgraph.hep.uiuc.edu             *
 *          http://madgraph.phys.ucl.ac.be           *
 *          http://madgraph.roma2.infn.it            *
 *        --------------------------------           *
 *                                                   *
 *          PARAMETER AND COUPLING VALUES            *
 *                                                   *
 *****************************************************

  External Params
  ---------------------------------
  
 MU_R =    91.188000000000002     
 aEWM1 =    132.50700000000001     
 mdl_Gf =    1.1663900000000000E-005
 aS =   0.11799999999999999     
 mdl_lamWS =   0.22530000000000000     
 mdl_AWS =   0.80800000000000005     
 mdl_rhoWS =   0.13200000000000001     
 mdl_etaWS =   0.34100000000000003     
 mdl_ymt =    173.00000000000000     
 mdl_ymtau =    1.7769999999999999     
 mdl_MT =    173.00000000000000     
 mdl_MZ =    91.188000000000002     
 mdl_MH =    125.00000000000000     
 mdl_MTA =    1.7769999999999999     
 mdl_WT =    1.4915000000000000     
 mdl_WZ =    2.4414039999999999     
 mdl_WW =    2.0476000000000001     
 mdl_WH =    6.3823389999999999E-003
  Internal Params
  ---------------------------------
  
 mdl_CKM33 =    1.0000000000000000     
 mdl_conjg__CKM3x3 =    1.0000000000000000     
 mdl_I4x33 =    0.0000000000000000     
 mdl_I1x33 =    0.0000000000000000     
 mdl_lhv =    1.0000000000000000     
 mdl_CKM3x3 =    1.0000000000000000     
 mdl_conjg__CKM33 =    1.0000000000000000     
 mdl_Ncol =    3.0000000000000000     
 mdl_CA =    3.0000000000000000     
 mdl_TF =   0.50000000000000000     
 mdl_CF =    1.3333333333333333     
 mdl_lamWS__exp__2 =    5.0760090000000001E-002
 mdl_CKM11 =  ( 0.97461995499999998     ,  0.0000000000000000     )
 mdl_CKM12 =  ( 0.22530000000000000     ,  0.0000000000000000     )
 mdl_complexi =  (  0.0000000000000000     ,  1.0000000000000000     )
 mdl_lamWS__exp__3 =    1.1436248277000001E-002
 mdl_CKM13 =  (  1.2197444962317122E-003, -3.1510066152652563E-003)
 mdl_CKM21 =  (-0.22530000000000000     ,  0.0000000000000000     )
 mdl_CKM22 =  ( 0.97461995499999998     ,  0.0000000000000000     )
 mdl_CKM23 =  (  4.1014152720000002E-002,  0.0000000000000000     )
 mdl_CKM31 =  (  8.0207441115842885E-003, -3.1510066152652563E-003)
 mdl_CKM32 =  ( -4.1014152720000002E-002,  0.0000000000000000     )
 mdl_MZ__exp__2 =    8315.2513440000002     
 mdl_MZ__exp__4 =    69143404.913893804     
 mdl_sqrt__2 =    1.4142135623730951     
 mdl_MH__exp__2 =    15625.000000000000     
 mdl_CKM1x1 =  ( 0.97461995499999998     ,  0.0000000000000000     )
 mdl_CKM1x2 =  ( 0.22530000000000000     ,  0.0000000000000000     )
 mdl_CKM1x3 =  (  1.2197444962317122E-003, -3.1510066152652563E-003)
 mdl_CKM2x1 =  (-0.22530000000000000     ,  0.0000000000000000     )
 mdl_CKM2x2 =  ( 0.97461995499999998     ,  0.0000000000000000     )
 mdl_CKM2x3 =  (  4.1014152720000002E-002,  0.0000000000000000     )
 mdl_CKM3x1 =  (  8.0207441115842885E-003, -3.1510066152652563E-003)
 mdl_CKM3x2 =  ( -4.1014152720000002E-002,  0.0000000000000000     )
 mdl_conjg__CKM1x3 =  (  1.2197444962317122E-003,  3.1510066152652563E-003)
 mdl_conjg__CKM2x3 =  (  4.1014152720000002E-002, -0.0000000000000000     )
 mdl_conjg__CKM2x1 =  (-0.22530000000000000     , -0.0000000000000000     )
 mdl_conjg__CKM3x1 =  (  8.0207441115842885E-003,  3.1510066152652563E-003)
 mdl_conjg__CKM2x2 =  ( 0.97461995499999998     , -0.0000000000000000     )
 mdl_conjg__CKM3x2 =  ( -4.1014152720000002E-002, -0.0000000000000000     )
 mdl_Ncol__exp__2 =    9.0000000000000000     
 mdl_MT__exp__2 =    29929.000000000000     
 mdl_conjg__CKM11 =  ( 0.97461995499999998     , -0.0000000000000000     )
 mdl_conjg__CKM12 =  ( 0.22530000000000000     , -0.0000000000000000     )
 mdl_conjg__CKM13 =  (  1.2197444962317122E-003,  3.1510066152652563E-003)
 mdl_conjg__CKM21 =  (-0.22530000000000000     , -0.0000000000000000     )
 mdl_conjg__CKM22 =  ( 0.97461995499999998     , -0.0000000000000000     )
 mdl_conjg__CKM23 =  (  4.1014152720000002E-002, -0.0000000000000000     )
 mdl_conjg__CKM31 =  (  8.0207441115842885E-003,  3.1510066152652563E-003)
 mdl_conjg__CKM32 =  ( -4.1014152720000002E-002, -0.0000000000000000     )
 mdl_aEW =    7.5467711139788835E-003
 mdl_MW =    80.419002445756163     
 mdl_sqrt__aEW =    8.6872153846781555E-002
 mdl_ee =   0.30795376724436879     
 mdl_MW__exp__2 =    6467.2159543705357     
 mdl_sw2 =   0.22224648578577766     
 mdl_cw =   0.88190334743339216     
 mdl_sqrt__sw2 =   0.47143025548407230     
 mdl_sw =   0.47143025548407230     
 mdl_g1 =   0.34919219678733299     
 mdl_gw =   0.65323293034757990     
 mdl_v =    246.21845810181637     
 mdl_v__exp__2 =    60623.529110035903     
 mdl_lam =   0.12886910601690263     
 mdl_yt =   0.99366614581500623     
 mdl_ytau =    1.0206617000654717E-002
 mdl_muH =    88.388347648318430     
 mdl_AxialZUp =  -0.18517701861793787     
 mdl_AxialZDown =   0.18517701861793787     
 mdl_VectorZUp =    7.5430507588273299E-002
 mdl_VectorZDown =  -0.13030376310310560     
 mdl_VectorAUp =   0.20530251149624587     
 mdl_VectorADown =  -0.10265125574812294     
 mdl_VectorWmDxU =   0.23095271737156670     
 mdl_AxialWmDxU =  -0.23095271737156670     
 mdl_VectorWpUxD =   0.23095271737156670     
 mdl_AxialWpUxD =  -0.23095271737156670     
 mdl_I2x13 =  (  7.9699418879263656E-003,  3.1310485988282153E-003)
 mdl_I2x23 =  ( -4.0754375057150453E-002, -0.0000000000000000     )
 mdl_I2x33 =  ( 0.99366614581500623     ,  0.0000000000000000     )
 mdl_I3x31 =  (  7.9699418879263656E-003, -3.1310485988282153E-003)
 mdl_I3x32 =  ( -4.0754375057150453E-002,  0.0000000000000000     )
 mdl_I3x33 =  ( 0.99366614581500623     ,  0.0000000000000000     )
 mdl_Vector_tdGp =  ( -7.9699418879263656E-003, -3.1310485988282153E-003)
 mdl_Vector_tsGp =  (  4.0754375057150453E-002,  0.0000000000000000     )
 mdl_Vector_tbGp =  (-0.99366614581500623     ,  0.0000000000000000     )
 mdl_Axial_tdGp =  ( -7.9699418879263656E-003, -3.1310485988282153E-003)
 mdl_Axial_tsGp =  (  4.0754375057150453E-002,  0.0000000000000000     )
 mdl_Axial_tbGp =  (-0.99366614581500623     , -0.0000000000000000     )
 mdl_Vector_tdGm =  (  7.9699418879263656E-003, -3.1310485988282153E-003)
 mdl_Vector_tsGm =  ( -4.0754375057150453E-002,  0.0000000000000000     )
 mdl_Vector_tbGm =  ( 0.99366614581500623     ,  0.0000000000000000     )
 mdl_Axial_tdGm =  ( -7.9699418879263656E-003,  3.1310485988282153E-003)
 mdl_Axial_tsGm =  (  4.0754375057150453E-002, -0.0000000000000000     )
 mdl_Axial_tbGm =  (-0.99366614581500623     ,  0.0000000000000000     )
 mdl_gw__exp__2 =   0.42671326129048615     
 mdl_cw__exp__2 =   0.77775351421422245     
 mdl_ee__exp__2 =    9.4835522759998875E-002
 mdl_sw__exp__2 =   0.22224648578577769     
 mdl_yt__exp__2 =   0.98737240933884918     
  Internal Params evaluated point by point
  ----------------------------------------
  
 mdl_sqrt__aS =   0.34351128074635334     
 mdl_G__exp__4 =    2.1987899468922913     
 mdl_G__exp__2 =    1.4828317324943823     
 mdl_R2MixedFactor_FIN_ =   -2.5040377713124864E-002
 mdl_G_UVg_1EPS_ =   -5.1645779033320030E-002
 mdl_G_UVq_1EPS_ =    3.1300472141406080E-003
 mdl_G_UVb_1EPS_ =    3.1300472141406080E-003
 mdl_GWcft_UV_t_1EPS_ =   -3.1300472141406080E-003
 mdl_tWcft_UV_1EPS_ =   -1.8780283284843650E-002
 mdl_G__exp__3 =    1.8056676068262196     
 mdl_MU_R__exp__2 =    8315.2513440000002     
 mdl_G_UVt_FIN_ =   -4.0087659331150384E-003
 mdl_GWcft_UV_t_FIN_ =    4.0087659331150384E-003
 mdl_tWcft_UV_FIN_ =   -9.8778211443463623E-004
  Couplings of loop_sm-ckm_no_b_mass
  ---------------------------------
  
       UV_3Gt =   0.48815E-02   0.00000E+00
      UV_GQQt =   0.00000E+00  -0.48815E-02
   UVWfct_G_2 =   0.40088E-02   0.00000E+00
       R2_DDA =   0.00000E+00   0.25704E-02
       R2_UUA =  -0.00000E+00  -0.51409E-02
    R2_DDZ_V2 =   0.00000E+00   0.72127E-02
    R2_UUZ_V2 =  -0.00000E+00  -0.72127E-02
    R2_UUZ_V5 =   0.00000E+00   0.68702E-03
      R2_GGHt =   0.00000E+00  -0.45657E+01
     R2_GGZup =  -0.46369E-02   0.00000E+00
   R2_GGZdown =   0.46369E-02   0.00000E+00
 R2_GGGZvecUp =   0.00000E+00   0.28750E-03
 R2_GGGZvecDown  -0.00000E+00  -0.49665E-03
 R2_GGGZaxialUp  -0.00000E+00  -0.63522E-02
 R2_GGGZaxialDow  0.00000E+00   0.63522E-02
 R2_GGGAvecUp =   0.00000E+00   0.78251E-03
 R2_GGGAvecDown  -0.00000E+00  -0.39126E-03
         GC_4 =  -0.12177E+01   0.00000E+00
         GC_5 =   0.00000E+00   0.12177E+01
         GC_6 =   0.00000E+00   0.14828E+01
       R2_3Gq =   0.76230E-02   0.00000E+00
       R2_3Gg =   0.31445E-01   0.00000E+00
       R2_GQQ =  -0.00000E+00  -0.30492E-01
       R2_GGq =   0.00000E+00   0.62601E-02
       R2_GGt =  -0.00000E+00  -0.11242E+04
     R2_GGg_1 =   0.00000E+00   0.28170E-01
     R2_GGg_2 =  -0.00000E+00  -0.18780E-01
       R2_QQq =   0.00000E+00   0.12520E-01
  UV_3Gg_1eps =   0.62890E-01   0.00000E+00
  UV_3Gb_1eps =  -0.38115E-02   0.00000E+00
 UV_GQQg_1eps =   0.00000E+00  -0.62890E-01
 UV_GQQq_1eps =   0.00000E+00   0.38115E-02
 UVWfct_G_2_1eps -0.31300E-02   0.00000E+00
         GC_1 =  -0.00000E+00  -0.10265E+00
         GC_2 =   0.00000E+00   0.20530E+00
        GC_21 =  -0.00000E+00  -0.28804E+00
        GC_22 =   0.00000E+00   0.28804E+00
        GC_23 =  -0.00000E+00  -0.27437E-01
        GC_24 =   0.00000E+00   0.82310E-01
        GC_37 =  -0.00000E+00  -0.70263E+00
        GC_38 =  -0.00000E+00  -0.72172E-02
      GC_1003 =  -0.00000E+00  -0.30795E+00

 Collider parameters:
 --------------------

 Running at P P   machine @    13000.000000000000       GeV
 PDF set = lhapdf 
 alpha_s(Mz)= 0.1180 running at 3 loops.
 alpha_s(Mz)= 0.1180 running at 3 loops.
 Renormalization scale set on event-by-event basis
 Factorization   scale set on event-by-event basis


 ===============================================================
 INFO: MadFKS read these parameters from FKS_params.dat
 ===============================================================
  > IRPoleCheckThreshold      =    1.0000000000000001E-005
  > PrecisionVirtualAtRunTime =    1.0000000000000000E-003
  > NHelForMCoverHels         =            4
  > VirtualFraction           =    1.0000000000000000     
  > MinVirtualFraction        =    5.0000000000000001E-003
 ===============================================================
  Insert the number of points to test
 Insert the relative tolerance
  A negative number will mean use the default one:    1.0000000000000001E-005
Using random seed offsets:     0 ,     62 ,      0
  with seed                   32
 Ranmar initialization seeds       10729        9468
  ========================================================================================== 
 {                                                                                          }
 {       [32m                                                                            [0m       }
 {       [32m                               ,,                                           [0m       }
 {       [32m`7MMM.     ,MMF'             `7MM  `7MMF'                                   [0m       }
 {       [32m  MMMb    dPMM                 MM    MM                                     [0m       }
 {       [32m  M YM   ,M MM   ,6"Yb.   ,M""bMM    MM         ,pW"Wq.   ,pW"Wq.`7MMpdMAo. [0m       }
 {       [32m  M  Mb  M' MM  8)   MM ,AP    MM    MM        6W'   `Wb 6W'   `Wb MM   `Wb [0m       }
 {       [32m  M  YM.P'  MM   ,pm9MM 8MI    MM    MM      , 8M     M8 8M     M8 MM    M8 [0m       }
 {       [32m  M  `YM'   MM  8M   MM `Mb    MM    MM     ,M YA.   ,A9 YA.   ,A9 MM   ,AP [0m       }
 {       [32m.JML. `'  .JMML.`Moo9^Yo.`Wbmd"MML..JMMmmmmMMM  `Ybmd9'   `Ybmd9'  MMbmmd'  [0m       }
 {       [32m                                                                   MM       [0m       }
 {       [32m                                                                 .JMML.     [0m       }
 {       [32m[0mv2.4.2 (2016-06-10), Ref: arXiv:1103.0621v2, arXiv:1405.0301[32m                [0m       }
 {       [32m                                                                            [0m       }
 {                                                                                          }
  ========================================================================================== 
 ===============================================================
 INFO: MadLoop read these parameters from ./MadLoop5_resources/MadLoopParams.dat                                                                                                                                                                                                                                                                                                                                                                                                                                                                                          
 ===============================================================
  > MLReductionLib            = 6|1|2
  > IREGIMODE                 =            2
  > IREGIRECY                 =  T
  > CTModeRun                 =           -1
  > MLStabThres               =    1.0000000000000000E-003
  > NRotations_DP             =            1
  > NRotations_QP             =            0
  > CTStabThres               =    1.0000000000000000E-002
  > CTLoopLibrary             =            2
  > CTModeInit                =            1
  > CheckCycle                =            3
  > MaxAttempts               =           10
  > UseLoopFilter             =  F
  > HelicityFilterLevel       =            2
  > ImprovePSPoint            =            2
  > DoubleCheckHelicityFilter =  T
  > LoopInitStartOver         =  F
  > HelInitStartOver          =  F
  > ZeroThres                 =    1.0000000000000001E-009
  > OSThres                   =    1.0000000000000000E-008
  > WriteOutFilters           =  T
  > UseQPIntegrandForNinja    =  F
  > UseQPIntegrandForCutTools =  T
 ===============================================================
  
------------------------------------------------------------------------
|              You are using CutTools - Version 1.9.3                  |
|              Authors: G. Ossola, C. Papadopoulos, R. Pittau          |
|              Published in JHEP 0803:042,2008                         |
|              http://www.ugr.es/~pittau/CutTools                      |
|                                                                      |
|              Compiler with  34  significant digits detetected        |
 ---------------------------------------------------------------------- 
   
########################################################################
#                                                                      #
#                      You are using OneLOop-3.6                       #
#                                                                      #
# for the evaluation of 1-loop scalar 1-, 2-, 3- and 4-point functions #
#                                                                      #
# author: Andreas van Hameren <hamerenREMOVETHIS@ifj.edu.pl>           #
#   date: 18-02-2015                                                   #
#                                                                      #
# Please cite                                                          #
#    A. van Hameren,                                                   #
#      Comput.Phys.Commun. 182 (2011) 2427-2438, arXiv:1007.4716       #
#    A. van Hameren, C.G. Papadopoulos and R. Pittau,                  #
#      JHEP 0909:106,2009, arXiv:0903.4665                             #
# in publications with results obtained with the help of this program. #
#                                                                      #
########################################################################
 PASSED   1.0000000000000001E-005
 MU_R    =    325.00000000000000     
 ALPHA_S =   0.11799999999999999     
 BORN                    2.7305854026685032E-011
 SINGLE POLE (MadFKS)   -4.4234831130295247E-012
 DOUBLE POLE (MadFKS)   -2.7349955944305790E-012
 SINGLE POLE (MadLoop)  -4.4234831130304779E-012
 DOUBLE POLE (MadLoop)  -2.7349955944305815E-012
 FINITE PART (MadLoop)   1.0497104308265578E-011
   325.00000000000000        0.0000000000000000        0.0000000000000000        325.00000000000000        0.0000000000000000     
   325.00000000000000        0.0000000000000000        0.0000000000000000       -325.00000000000000        0.0000000000000000     
   224.24011392137092        113.23701518264716       -160.41558707753092       -108.28060203732457        1.7769999999999999     
   109.07024305756249       -104.76290910532242        6.0505651937729681        29.686423298565501        1.7769999999999999     
   173.10350476689626       -44.941334384538656        155.92307427554900       -60.275158521414021        0.0000000000000000     
   143.58613825417035        36.467228307213972       -1.5580523917910236        138.86933726017310        0.0000000000000000     

 PASSED   1.0000000000000001E-005
 MU_R    =    325.00000000000000     
 ALPHA_S =   0.11799999999999999     
 BORN                    1.5818078189275876E-010
 SINGLE POLE (MadFKS)   -1.4660449822161379E-011
 DOUBLE POLE (MadFKS)   -1.5843626102208407E-011
 SINGLE POLE (MadLoop)  -1.4660449822161066E-011
 DOUBLE POLE (MadLoop)  -1.5843626102208407E-011
 FINITE PART (MadLoop)   9.3698286944879162E-011
   325.00000000000000        0.0000000000000000        0.0000000000000000        325.00000000000000        0.0000000000000000     
   325.00000000000000        0.0000000000000000        0.0000000000000000       -325.00000000000000        0.0000000000000000     
   56.616721233520877       -47.917139181535141        8.2724945263372209        28.944930492286968        1.7769999999999999     
   240.06721642847765        116.56672473710782       -31.372383549676055       -207.50200700039719        1.7769999999999999     
   186.57147181354290       -66.833216351013675       -130.97781662161549        114.83486770090646        0.0000000000000000     
   166.74459052445857       -1.8163692045590245        154.07770564495436        63.722208807203820        0.0000000000000000     

 PASSED   1.0000000000000001E-005
 MU_R    =    325.00000000000000     
 ALPHA_S =   0.11799999999999999     
 BORN                    2.3435568657467436E-011
 SINGLE POLE (MadFKS)   -3.6776647558979398E-012
 DOUBLE POLE (MadFKS)   -2.3473419644194208E-012
 SINGLE POLE (MadLoop)  -3.6776647558978574E-012
 DOUBLE POLE (MadLoop)  -2.3473419644193614E-012
 FINITE PART (MadLoop)   7.3731038256308015E-012
   325.00000000000000        0.0000000000000000        0.0000000000000000        325.00000000000000        0.0000000000000000     
   325.00000000000000        0.0000000000000000        0.0000000000000000       -325.00000000000000        0.0000000000000000     
   121.23447765507753        72.079983580156210       -71.780071831690691        65.929796740329991        1.7769999999999999     
   239.61514706565825       -48.853842849282636       -125.57663883526460       -198.13144826602408        1.7769999999999999     
   161.45518050865877        63.399323019088591        134.78865742028094        62.292206451874968        0.0000000000000000     
   127.69519477060994       -86.625463749961966        62.568053246674332        69.909445073819157        0.0000000000000000     

 PASSED   1.0000000000000001E-005
 MU_R    =    325.00000000000000     
 ALPHA_S =   0.11799999999999999     
 BORN                    2.2434144470726920E-011
 SINGLE POLE (MadFKS)   -2.7317772288067945E-012
 DOUBLE POLE (MadFKS)   -2.2470378048712553E-012
 SINGLE POLE (MadLoop)  -2.7317772288069743E-012
 DOUBLE POLE (MadLoop)  -2.2470378048712953E-012
 FINITE PART (MadLoop)   8.0346200133207824E-012
   325.00000000000000        0.0000000000000000        0.0000000000000000        325.00000000000000        0.0000000000000000     
   325.00000000000000        0.0000000000000000        0.0000000000000000       -325.00000000000000        0.0000000000000000     
   139.93502854268945        78.478753305352299        97.733552477864194        62.192382844987797        1.7769999999999999     
   251.58627629166395       -236.52418514305751       -85.723358038748799       0.55894389575117343        1.7769999999999999     
   94.284949769772496        39.944194298985693       -80.529406500628028        28.445171533144372        0.0000000000000000     
   164.19374539587670        118.10123753871947        68.519212061512619       -91.196498273883364        0.0000000000000000     

 PASSED   1.0000000000000001E-005
 MU_R    =    325.00000000000000     
 ALPHA_S =   0.11799999999999999     
 BORN                    8.7606575827120146E-012
 SINGLE POLE (MadFKS)   -1.5824076516663553E-012
 DOUBLE POLE (MadFKS)   -8.7748069954584120E-013
 SINGLE POLE (MadLoop)  -1.5824076516663410E-012
 DOUBLE POLE (MadLoop)  -8.7748069954583313E-013
 FINITE PART (MadLoop)   4.9622329985765688E-012
   325.00000000000000        0.0000000000000000        0.0000000000000000        325.00000000000000        0.0000000000000000     
   325.00000000000000        0.0000000000000000        0.0000000000000000       -325.00000000000000        0.0000000000000000     
   286.36751128342951        57.212300241274669        34.349186765250955        278.47814969820030        1.7769999999999999     
   135.59932803748427       -61.845012728123216        17.124900206575852       -119.44016170782065        1.7769999999999999     
   175.43114728451704       -5.6449526613324714       -100.68305139675299       -143.55188995081892        0.0000000000000000     
   52.602013394571401        10.277665148181246        49.208964424926101       -15.486098039560732        0.0000000000000000     

 PASSED   1.0000000000000001E-005
 MU_R    =    325.00000000000000     
 ALPHA_S =   0.11799999999999999     
 BORN                    3.5863839452692193E-011
 SINGLE POLE (MadFKS)   -5.7792975428254651E-012
 DOUBLE POLE (MadFKS)   -3.5921763445531276E-012
 SINGLE POLE (MadLoop)  -5.7792975428253310E-012
 DOUBLE POLE (MadLoop)  -3.5921763445531409E-012
 FINITE PART (MadLoop)   1.1502257485981589E-011
   325.00000000000000        0.0000000000000000        0.0000000000000000        325.00000000000000        0.0000000000000000     
   325.00000000000000        0.0000000000000000        0.0000000000000000       -325.00000000000000        0.0000000000000000     
   50.588730209809029        17.771927536685286       -46.696267040150843       -7.7252269472538639        1.7769999999999999     
   270.67952347234529       -248.03276986310948        105.95557850004286       -22.746585611271797        1.7769999999999999     
   235.42240056289469        209.49897115479058       -92.774650704420637       -54.099463569919109        0.0000000000000000     
   93.309345754951011        20.761871171633601        33.515339244528597        84.571276128444751        0.0000000000000000     

 PASSED   1.0000000000000001E-005
 MU_R    =    325.00000000000000     
 ALPHA_S =   0.11799999999999999     
 BORN                    1.8796328693813894E-010
 SINGLE POLE (MadFKS)   -1.4457182423277373E-011
 DOUBLE POLE (MadFKS)   -1.8826686804525875E-011
 SINGLE POLE (MadLoop)  -1.4457182423277334E-011
 DOUBLE POLE (MadLoop)  -1.8826686804525833E-011
 FINITE PART (MadLoop)   9.0225330335533292E-011
   325.00000000000000        0.0000000000000000        0.0000000000000000        325.00000000000000        0.0000000000000000     
   325.00000000000000        0.0000000000000000        0.0000000000000000       -325.00000000000000        0.0000000000000000     
   90.020487523330260        58.998715004643188       -57.373380762293188        36.441422209401729        1.7769999999999999     
   135.34758862389597        109.67822916062887        54.764355599830800       -57.335533670030848        1.7769999999999999     
   229.48954053698816       -134.66791916125212       -184.30971763530866       -23.662813650306923        0.0000000000000000     
   195.14238331578554       -34.009025004019939        186.91874279777105        44.556925110936049        0.0000000000000000     

 PASSED   1.0000000000000001E-005
 MU_R    =    325.00000000000000     
 ALPHA_S =   0.11799999999999999     
 BORN                    6.1275136934058711E-011
 SINGLE POLE (MadFKS)   -8.7188916608151361E-012
 DOUBLE POLE (MadFKS)   -6.1374102930091125E-012
 SINGLE POLE (MadLoop)  -8.7188916608146320E-012
 DOUBLE POLE (MadLoop)  -6.1374102930087837E-012
 FINITE PART (MadLoop)   1.8995360342826536E-011
   325.00000000000000        0.0000000000000000        0.0000000000000000        325.00000000000000        0.0000000000000000     
   325.00000000000000        0.0000000000000000        0.0000000000000000       -325.00000000000000        0.0000000000000000     
   131.41913693591994       -28.492429510367128        34.170921353255231        123.64611364069833        1.7769999999999999     
   200.22611382823510        23.260362515923369        198.62254506673582       -9.7662201796641881        1.7769999999999999     
   110.79700825989484        85.564273413700590       -54.332901633595448       -44.751178248206344        0.0000000000000000     
   207.55774097595497       -80.332206419256821       -178.46056478639562       -69.128715212827814        0.0000000000000000     

 PASSED   1.0000000000000001E-005
 MU_R    =    325.00000000000000     
 ALPHA_S =   0.11799999999999999     
 BORN                    8.8107298898873869E-012
 SINGLE POLE (MadFKS)   -1.7094204892155153E-012
 DOUBLE POLE (MadFKS)   -8.8249601748439695E-013
 SINGLE POLE (MadLoop)  -1.7094204892156363E-012
 DOUBLE POLE (MadLoop)  -8.8249601748440170E-013
 FINITE PART (MadLoop)   3.2825312105943221E-012
   325.00000000000000        0.0000000000000000        0.0000000000000000        325.00000000000000        0.0000000000000000     
   325.00000000000000        0.0000000000000000        0.0000000000000000       -325.00000000000000        0.0000000000000000     
   249.10268904962749       -211.61563108825061        69.963196487413256        111.23384277790831        1.7769999999999999     
   258.30689919156720        170.21303033376887       -126.59218344349834       -147.38127369705296        1.7769999999999999     
   38.037176940166866        7.9258607671988424       -37.003375131474805        3.8415868538783697        0.0000000000000000     
   104.55323481863857        33.476739987282912        93.632362087559898        32.305844065266314        0.0000000000000000     

 PASSED   1.0000000000000001E-005
 MU_R    =    325.00000000000000     
 ALPHA_S =   0.11799999999999999     
 BORN                    6.8678219481614746E-011
 SINGLE POLE (MadFKS)   -1.0016021871791093E-011
 DOUBLE POLE (MadFKS)   -6.8789142259380953E-012
 SINGLE POLE (MadLoop)  -1.0016021871791119E-011
 DOUBLE POLE (MadLoop)  -6.8789142259380622E-012
 FINITE PART (MadLoop)   1.7715316964222622E-011
   325.00000000000000        0.0000000000000000        0.0000000000000000        325.00000000000000        0.0000000000000000     
   325.00000000000000        0.0000000000000000        0.0000000000000000       -325.00000000000000        0.0000000000000000     
   246.13319779031414       -81.219683823475265       -230.29636965978196        30.746355989380042        1.7769999999999999     
   81.828751987203475       -77.080344364407154        8.8494568398600304        25.944065777882987        1.7769999999999999     
   88.945396611700900       -21.233991889565196        86.224549743544983        5.0722961634344310        0.0000000000000000     
   233.09265361078153        179.53402007744762        135.22236307637698       -61.762717930697420        0.0000000000000000     

 PASSED   1.0000000000000001E-005
 MU_R    =    325.00000000000000     
 ALPHA_S =   0.11799999999999999     
 BORN                    7.2947874390549230E-012
 SINGLE POLE (MadFKS)   -1.5359392452807108E-012
 DOUBLE POLE (MadFKS)   -7.3065693124357651E-013
 SINGLE POLE (MadLoop)  -1.5359392452806725E-012
 DOUBLE POLE (MadLoop)  -7.3065693124357914E-013
 FINITE PART (MadLoop)   1.8327204123354829E-012
   325.00000000000000        0.0000000000000000        0.0000000000000000        325.00000000000000        0.0000000000000000     
   325.00000000000000        0.0000000000000000        0.0000000000000000       -325.00000000000000        0.0000000000000000     
   201.64217516324362        112.76569339072526        166.21599599927518        17.679087749141065        1.7769999999999999     
   232.79492121835736       -230.93308229571747       -29.151845749607361        3.2247491145338887        1.7769999999999999     
   166.31767847667831        121.97055201499822       -99.890440646932532       -52.977867854322881        0.0000000000000000     
   49.245225141721590       -3.8031631100057175       -37.173709602735315        32.074030990647920        0.0000000000000000     

 PASSED   1.0000000000000001E-005
 MU_R    =    325.00000000000000     
 ALPHA_S =   0.11799999999999999     
 BORN                    7.0579879817669149E-010
 SINGLE POLE (MadFKS)   -4.8517167587533643E-011
 DOUBLE POLE (MadFKS)   -7.0693873983255762E-011
 SINGLE POLE (MadLoop)  -4.8517167587535310E-011
 DOUBLE POLE (MadLoop)  -7.0693873983255723E-011
 FINITE PART (MadLoop)   3.1149368057301394E-010
   325.00000000000000        0.0000000000000000        0.0000000000000000        325.00000000000000        0.0000000000000000     
   325.00000000000000        0.0000000000000000        0.0000000000000000       -325.00000000000000        0.0000000000000000     
   104.63838599940220        47.012942328284005       -89.553035167787797       -26.759507496108657        1.7769999999999999     
   94.725037539302932        93.077898586007194        7.7567611822617728        15.684784301885186        1.7769999999999999     
   164.97955649384650        143.23273646338919        77.909403022088938       -25.154764694930506        0.0000000000000000     
   285.65701996744838       -283.32357737768041        3.8868709634370773        36.229487889153987        0.0000000000000000     

 PASSED   1.0000000000000001E-005
 MU_R    =    325.00000000000000     
 ALPHA_S =   0.11799999999999999     
 BORN                    5.0912496373515210E-012
 SINGLE POLE (MadFKS)   -9.5581498956193387E-013
 DOUBLE POLE (MadFKS)   -5.0994725580436835E-013
 SINGLE POLE (MadLoop)  -9.5581498956194578E-013
 DOUBLE POLE (MadLoop)  -5.0994725580437068E-013
 FINITE PART (MadLoop)   2.1800823518947403E-012
   325.00000000000000        0.0000000000000000        0.0000000000000000        325.00000000000000        0.0000000000000000     
   325.00000000000000        0.0000000000000000        0.0000000000000000       -325.00000000000000        0.0000000000000000     
   240.63817473084012       -202.24760304003351       -128.95333549053998        19.248837347113806        1.7769999999999999     
   185.24565782163037        160.54497976446473        73.547875878778697       -55.935815350416938        1.7769999999999999     
   111.58181843174972        76.594097174069844        41.954356911514537       -69.452706345875157        0.0000000000000000     
   112.53434901578083       -34.891473898501118        13.451102700246761        106.13968434917830        0.0000000000000000     

 PASSED   1.0000000000000001E-005
 MU_R    =    325.00000000000000     
 ALPHA_S =   0.11799999999999999     
 BORN                    9.4642779124559843E-010
 SINGLE POLE (MadFKS)   -1.3231486535984416E-010
 DOUBLE POLE (MadFKS)   -9.4795637483953113E-011
 SINGLE POLE (MadLoop)  -1.3231486535984010E-010
 DOUBLE POLE (MadLoop)  -9.4795637483953062E-011
 FINITE PART (MadLoop)   4.4812845187523184E-010
   325.00000000000000        0.0000000000000000        0.0000000000000000        325.00000000000000        0.0000000000000000     
   325.00000000000000        0.0000000000000000        0.0000000000000000       -325.00000000000000        0.0000000000000000     
Thanks for using LHAPDF 6.2.1. Please make sure to cite the paper:
  Eur.Phys.J. C75 (2015) 3, 132  (http://arxiv.org/abs/1412.7420)
   13.646267036762556       -6.1906371650009611       -7.5328577428716859        9.3805618571383658        1.7769999999999999     
   232.62601425552731       -110.30214887858774        111.59138803699558        171.73381393352719        1.7769999999999999     
   263.74215534102024       -3.3887962850015034       -83.094763860546053       -250.28723655557366        0.0000000000000000     
   139.98556336668986        119.88158232859034       -20.963766433577806        69.172860764908066        0.0000000000000000     

 PASSED   1.0000000000000001E-005
 MU_R    =    325.00000000000000     
 ALPHA_S =   0.11799999999999999     
 BORN                    4.5734983395400496E-010
 SINGLE POLE (MadFKS)   -2.6141303060733422E-011
 DOUBLE POLE (MadFKS)   -4.5808850356972898E-011
 SINGLE POLE (MadLoop)  -2.6141303060735189E-011
 DOUBLE POLE (MadLoop)  -4.5808850356972931E-011
 FINITE PART (MadLoop)   2.9082006494228990E-010
   325.00000000000000        0.0000000000000000        0.0000000000000000        325.00000000000000        0.0000000000000000     
   325.00000000000000        0.0000000000000000        0.0000000000000000       -325.00000000000000        0.0000000000000000     
   139.24103532377964        69.640801470504400       -119.87481913245618        12.848918146861728        1.7769999999999999     
   208.33403125476201       -60.818583830071837        197.83213443592228        23.737255428794626        1.7769999999999999     
   121.94173145637922        44.359048310113522        7.2705581049671499        113.35431040963114        0.0000000000000000     
   180.48320196508288       -53.181265950546084       -85.227873408433268       -149.94048398528750        0.0000000000000000     

 PASSED   1.0000000000000001E-005
 MU_R    =    325.00000000000000     
 ALPHA_S =   0.11799999999999999     
 BORN                    9.3095424232165224E-011
 SINGLE POLE (MadFKS)   -1.7314593382303439E-011
 DOUBLE POLE (MadFKS)   -9.3245783445480587E-012
 SINGLE POLE (MadLoop)  -1.7314593382303435E-011
 DOUBLE POLE (MadLoop)  -9.3245783445480248E-012
 FINITE PART (MadLoop)   1.3260690751999873E-011
   325.00000000000000        0.0000000000000000        0.0000000000000000        325.00000000000000        0.0000000000000000     
   325.00000000000000        0.0000000000000000        0.0000000000000000       -325.00000000000000        0.0000000000000000     
   107.36291553830523       -26.279393719005004        96.034187775637434        40.130613600098371        1.7769999999999999     
   236.05578044356758       -231.53517668401659        36.805469191741501       -27.495329554285743        1.7769999999999999     
   200.45318096551182        188.29585770982811       -63.183298355842879        27.092776479883696        0.0000000000000000     
   106.12812305261532        69.518712693193365       -69.656358611536049       -39.728060525696314        0.0000000000000000     

 PASSED   1.0000000000000001E-005
 MU_R    =    325.00000000000000     
 ALPHA_S =   0.11799999999999999     
 BORN                    5.7777314872095501E-012
 SINGLE POLE (MadFKS)   -1.1853389719329531E-012
 DOUBLE POLE (MadFKS)   -5.7870631505896719E-013
 SINGLE POLE (MadLoop)  -1.1853389719329396E-012
 DOUBLE POLE (MadLoop)  -5.7870631505896174E-013
 FINITE PART (MadLoop)   9.4399743655186497E-013
   325.00000000000000        0.0000000000000000        0.0000000000000000        325.00000000000000        0.0000000000000000     
   325.00000000000000        0.0000000000000000        0.0000000000000000       -325.00000000000000        0.0000000000000000     
   183.26471774996085       -153.29391284120899       -5.5295888749536948        100.26564204989985        1.7769999999999999     
   219.48644533079647        10.170277970519779       -127.94373197463803       -178.03962718831173        1.7769999999999999     
   183.09123913733649        148.46672855520953        105.17678640506361        20.442014638061003        0.0000000000000000     
   64.157597781907569       -5.3430936845202739        28.296534444528113        57.331970500350891        0.0000000000000000     

 PASSED   1.0000000000000001E-005
 MU_R    =    325.00000000000000     
 ALPHA_S =   0.11799999999999999     
 BORN                    3.7060389431349186E-009
 SINGLE POLE (MadFKS)   -7.4439967252934627E-010
 DOUBLE POLE (MadFKS)   -3.7120245982259377E-010
 SINGLE POLE (MadLoop)  -7.4439967252935134E-010
 DOUBLE POLE (MadLoop)  -3.7120245982259770E-010
 FINITE PART (MadLoop)   1.5612810549860945E-009
   325.00000000000000        0.0000000000000000        0.0000000000000000        325.00000000000000        0.0000000000000000     
   325.00000000000000        0.0000000000000000        0.0000000000000000       -325.00000000000000        0.0000000000000000     
   259.99430721765219        87.897784131090106        81.345040703072527        230.76144815468351        1.7769999999999999     
   19.440901037884494        10.498461371775118       -12.043154467496958        10.933235727001055        1.7769999999999999     
   315.73843496110840       -97.513181152220923       -56.365946081522459       -294.96579282282738        0.0000000000000000     
   54.826356783354925      -0.88306435064430777       -12.935940154053071        53.271108941142892        0.0000000000000000     

 PASSED   1.0000000000000001E-005
 MU_R    =    325.00000000000000     
 ALPHA_S =   0.11799999999999999     
 BORN                    3.1184061586257992E-011
 SINGLE POLE (MadFKS)   -3.7666168094454281E-012
 DOUBLE POLE (MadFKS)   -3.1234427229969913E-012
 SINGLE POLE (MadLoop)  -3.7666168094454176E-012
 DOUBLE POLE (MadLoop)  -3.1234427229968895E-012
 FINITE PART (MadLoop)   9.8797007251244552E-012
   325.00000000000000        0.0000000000000000        0.0000000000000000        325.00000000000000        0.0000000000000000     
   325.00000000000000        0.0000000000000000        0.0000000000000000       -325.00000000000000        0.0000000000000000     
   113.96183278499088        81.877606014335214       -62.349311921500721       -48.915872055917887        1.7769999999999999     
   224.52119725402133       -141.64634417390135       -169.37084271319043        40.699399358854947        1.7769999999999999     
   111.40858287142825       -60.677657906084434        77.913683349903991        51.570845594221005        0.0000000000000000     
   200.10838708956564        120.44639606565052        153.80647128478722       -43.354372897158086        0.0000000000000000     

 PASSED   1.0000000000000001E-005
 MU_R    =    325.00000000000000     
 ALPHA_S =   0.11799999999999999     
 BORN                    9.8579363114672570E-009
 SINGLE POLE (MadFKS)   -1.1295326080826863E-009
 DOUBLE POLE (MadFKS)   -9.8738579484427624E-010
 SINGLE POLE (MadLoop)  -1.1295326080822568E-009
 DOUBLE POLE (MadLoop)  -9.8738579484429155E-010
 FINITE PART (MadLoop)   4.6165222957395856E-009
   325.00000000000000        0.0000000000000000        0.0000000000000000        325.00000000000000        0.0000000000000000     
   325.00000000000000        0.0000000000000000        0.0000000000000000       -325.00000000000000        0.0000000000000000     
   154.44952044261240       -102.20027205281852       -51.798032251988225        103.55464684457580        1.7769999999999999     
   129.33569279992247       -38.903782729694392        2.2021282786671121        123.31346245808261        1.7769999999999999     
   107.64184694676797       -1.9402974227238177       -88.362273280703619       -61.441932917910748        0.0000000000000000     
   258.57293981069711        143.04435220523681        137.95817725402472       -165.42617638474769        0.0000000000000000     

 NUMBER OF POINTS PASSING THE CHECK          20
 NUMBER OF POINTS FAILING THE CHECK           0
 TOLERANCE    1.0000000000000001E-005
