==== LHAPDF6 USING DEFAULT-TYPE LHAGLUE INTERFACE ====
LHAPDF 6.2.1 loading /cvmfs/cms.cern.ch/slc6_amd64_gcc481/external/lhapdf/6.2.1/share/LHAPDF/NNPDF31_nnlo_hessian_pdfas/NNPDF31_nnlo_hessian_pdfas_0000.dat
NNPDF31_nnlo_hessian_pdfas PDF set, member #0, version 1; LHAPDF ID = 306000
 A PDF is used, so alpha_s(MZ) is going to be modified
 Old value of alpha_s from param_card:   0.11799999999999999     
 New value of alpha_s from PDF lhapdf :  0.11800208008122040     
 using LHAPDF
 *****************************************************
 *               MadGraph/MadEvent                   *
 *        --------------------------------           *
 *          http://madgraph.hep.uiuc.edu             *
 *          http://madgraph.phys.ucl.ac.be           *
 *          http://madgraph.roma2.infn.it            *
 *        --------------------------------           *
 *                                                   *
 *          PARAMETER AND COUPLING VALUES            *
 *                                                   *
 *****************************************************

  External Params
  ---------------------------------
  
 MU_R =    91.188000000000002     
 aEWM1 =    132.50700000000001     
 mdl_Gf =    1.1663900000000000E-005
 aS =   0.11799999999999999     
 mdl_lamWS =   0.22530000000000000     
 mdl_AWS =   0.80800000000000005     
 mdl_rhoWS =   0.13200000000000001     
 mdl_etaWS =   0.34100000000000003     
 mdl_ymt =    173.00000000000000     
 mdl_ymtau =    1.7769999999999999     
 mdl_MT =    173.00000000000000     
 mdl_MZ =    91.188000000000002     
 mdl_MH =    125.00000000000000     
 mdl_MTA =    1.7769999999999999     
 mdl_WT =    1.4915000000000000     
 mdl_WZ =    2.4414039999999999     
 mdl_WW =    2.0476000000000001     
 mdl_WH =    6.3823389999999999E-003
  Internal Params
  ---------------------------------
  
 mdl_CKM33 =    1.0000000000000000     
 mdl_conjg__CKM3x3 =    1.0000000000000000     
 mdl_I4x33 =    0.0000000000000000     
 mdl_I1x33 =    0.0000000000000000     
 mdl_lhv =    1.0000000000000000     
 mdl_CKM3x3 =    1.0000000000000000     
 mdl_conjg__CKM33 =    1.0000000000000000     
 mdl_Ncol =    3.0000000000000000     
 mdl_CA =    3.0000000000000000     
 mdl_TF =   0.50000000000000000     
 mdl_CF =    1.3333333333333333     
 mdl_lamWS__exp__2 =    5.0760090000000001E-002
 mdl_CKM11 =  ( 0.97461995499999998     ,  0.0000000000000000     )
 mdl_CKM12 =  ( 0.22530000000000000     ,  0.0000000000000000     )
 mdl_complexi =  (  0.0000000000000000     ,  1.0000000000000000     )
 mdl_lamWS__exp__3 =    1.1436248277000001E-002
 mdl_CKM13 =  (  1.2197444962317122E-003, -3.1510066152652563E-003)
 mdl_CKM21 =  (-0.22530000000000000     ,  0.0000000000000000     )
 mdl_CKM22 =  ( 0.97461995499999998     ,  0.0000000000000000     )
 mdl_CKM23 =  (  4.1014152720000002E-002,  0.0000000000000000     )
 mdl_CKM31 =  (  8.0207441115842885E-003, -3.1510066152652563E-003)
 mdl_CKM32 =  ( -4.1014152720000002E-002,  0.0000000000000000     )
 mdl_MZ__exp__2 =    8315.2513440000002     
 mdl_MZ__exp__4 =    69143404.913893804     
 mdl_sqrt__2 =    1.4142135623730951     
 mdl_MH__exp__2 =    15625.000000000000     
 mdl_CKM1x1 =  ( 0.97461995499999998     ,  0.0000000000000000     )
 mdl_CKM1x2 =  ( 0.22530000000000000     ,  0.0000000000000000     )
 mdl_CKM1x3 =  (  1.2197444962317122E-003, -3.1510066152652563E-003)
 mdl_CKM2x1 =  (-0.22530000000000000     ,  0.0000000000000000     )
 mdl_CKM2x2 =  ( 0.97461995499999998     ,  0.0000000000000000     )
 mdl_CKM2x3 =  (  4.1014152720000002E-002,  0.0000000000000000     )
 mdl_CKM3x1 =  (  8.0207441115842885E-003, -3.1510066152652563E-003)
 mdl_CKM3x2 =  ( -4.1014152720000002E-002,  0.0000000000000000     )
 mdl_conjg__CKM1x3 =  (  1.2197444962317122E-003,  3.1510066152652563E-003)
 mdl_conjg__CKM2x3 =  (  4.1014152720000002E-002, -0.0000000000000000     )
 mdl_conjg__CKM2x1 =  (-0.22530000000000000     , -0.0000000000000000     )
 mdl_conjg__CKM3x1 =  (  8.0207441115842885E-003,  3.1510066152652563E-003)
 mdl_conjg__CKM2x2 =  ( 0.97461995499999998     , -0.0000000000000000     )
 mdl_conjg__CKM3x2 =  ( -4.1014152720000002E-002, -0.0000000000000000     )
 mdl_Ncol__exp__2 =    9.0000000000000000     
 mdl_MT__exp__2 =    29929.000000000000     
 mdl_conjg__CKM11 =  ( 0.97461995499999998     , -0.0000000000000000     )
 mdl_conjg__CKM12 =  ( 0.22530000000000000     , -0.0000000000000000     )
 mdl_conjg__CKM13 =  (  1.2197444962317122E-003,  3.1510066152652563E-003)
 mdl_conjg__CKM21 =  (-0.22530000000000000     , -0.0000000000000000     )
 mdl_conjg__CKM22 =  ( 0.97461995499999998     , -0.0000000000000000     )
 mdl_conjg__CKM23 =  (  4.1014152720000002E-002, -0.0000000000000000     )
 mdl_conjg__CKM31 =  (  8.0207441115842885E-003,  3.1510066152652563E-003)
 mdl_conjg__CKM32 =  ( -4.1014152720000002E-002, -0.0000000000000000     )
 mdl_aEW =    7.5467711139788835E-003
 mdl_MW =    80.419002445756163     
 mdl_sqrt__aEW =    8.6872153846781555E-002
 mdl_ee =   0.30795376724436879     
 mdl_MW__exp__2 =    6467.2159543705357     
 mdl_sw2 =   0.22224648578577766     
 mdl_cw =   0.88190334743339216     
 mdl_sqrt__sw2 =   0.47143025548407230     
 mdl_sw =   0.47143025548407230     
 mdl_g1 =   0.34919219678733299     
 mdl_gw =   0.65323293034757990     
 mdl_v =    246.21845810181637     
 mdl_v__exp__2 =    60623.529110035903     
 mdl_lam =   0.12886910601690263     
 mdl_yt =   0.99366614581500623     
 mdl_ytau =    1.0206617000654717E-002
 mdl_muH =    88.388347648318430     
 mdl_AxialZUp =  -0.18517701861793787     
 mdl_AxialZDown =   0.18517701861793787     
 mdl_VectorZUp =    7.5430507588273299E-002
 mdl_VectorZDown =  -0.13030376310310560     
 mdl_VectorAUp =   0.20530251149624587     
 mdl_VectorADown =  -0.10265125574812294     
 mdl_VectorWmDxU =   0.23095271737156670     
 mdl_AxialWmDxU =  -0.23095271737156670     
 mdl_VectorWpUxD =   0.23095271737156670     
 mdl_AxialWpUxD =  -0.23095271737156670     
 mdl_I2x13 =  (  7.9699418879263656E-003,  3.1310485988282153E-003)
 mdl_I2x23 =  ( -4.0754375057150453E-002, -0.0000000000000000     )
 mdl_I2x33 =  ( 0.99366614581500623     ,  0.0000000000000000     )
 mdl_I3x31 =  (  7.9699418879263656E-003, -3.1310485988282153E-003)
 mdl_I3x32 =  ( -4.0754375057150453E-002,  0.0000000000000000     )
 mdl_I3x33 =  ( 0.99366614581500623     ,  0.0000000000000000     )
 mdl_Vector_tdGp =  ( -7.9699418879263656E-003, -3.1310485988282153E-003)
 mdl_Vector_tsGp =  (  4.0754375057150453E-002,  0.0000000000000000     )
 mdl_Vector_tbGp =  (-0.99366614581500623     ,  0.0000000000000000     )
 mdl_Axial_tdGp =  ( -7.9699418879263656E-003, -3.1310485988282153E-003)
 mdl_Axial_tsGp =  (  4.0754375057150453E-002,  0.0000000000000000     )
 mdl_Axial_tbGp =  (-0.99366614581500623     , -0.0000000000000000     )
 mdl_Vector_tdGm =  (  7.9699418879263656E-003, -3.1310485988282153E-003)
 mdl_Vector_tsGm =  ( -4.0754375057150453E-002,  0.0000000000000000     )
 mdl_Vector_tbGm =  ( 0.99366614581500623     ,  0.0000000000000000     )
 mdl_Axial_tdGm =  ( -7.9699418879263656E-003,  3.1310485988282153E-003)
 mdl_Axial_tsGm =  (  4.0754375057150453E-002, -0.0000000000000000     )
 mdl_Axial_tbGm =  (-0.99366614581500623     ,  0.0000000000000000     )
 mdl_gw__exp__2 =   0.42671326129048615     
 mdl_cw__exp__2 =   0.77775351421422245     
 mdl_ee__exp__2 =    9.4835522759998875E-002
 mdl_sw__exp__2 =   0.22224648578577769     
 mdl_yt__exp__2 =   0.98737240933884918     
  Internal Params evaluated point by point
  ----------------------------------------
  
 mdl_sqrt__aS =   0.34351128074635334     
 mdl_G__exp__4 =    2.1987899468922913     
 mdl_G__exp__2 =    1.4828317324943823     
 mdl_R2MixedFactor_FIN_ =   -2.5040377713124864E-002
 mdl_G_UVg_1EPS_ =   -5.1645779033320030E-002
 mdl_G_UVq_1EPS_ =    3.1300472141406080E-003
 mdl_G_UVb_1EPS_ =    3.1300472141406080E-003
 mdl_GWcft_UV_t_1EPS_ =   -3.1300472141406080E-003
 mdl_tWcft_UV_1EPS_ =   -1.8780283284843650E-002
 mdl_G__exp__3 =    1.8056676068262196     
 mdl_MU_R__exp__2 =    8315.2513440000002     
 mdl_G_UVt_FIN_ =   -4.0087659331150384E-003
 mdl_GWcft_UV_t_FIN_ =    4.0087659331150384E-003
 mdl_tWcft_UV_FIN_ =   -9.8778211443463623E-004
  Couplings of loop_sm-ckm_no_b_mass
  ---------------------------------
  
       UV_3Gt =   0.48815E-02   0.00000E+00
      UV_GQQt =   0.00000E+00  -0.48815E-02
   UVWfct_G_2 =   0.40088E-02   0.00000E+00
       R2_DDA =   0.00000E+00   0.25704E-02
       R2_UUA =  -0.00000E+00  -0.51409E-02
    R2_DDZ_V2 =   0.00000E+00   0.72127E-02
    R2_UUZ_V2 =  -0.00000E+00  -0.72127E-02
    R2_UUZ_V5 =   0.00000E+00   0.68702E-03
      R2_GGHt =   0.00000E+00  -0.45657E+01
     R2_GGZup =  -0.46369E-02   0.00000E+00
   R2_GGZdown =   0.46369E-02   0.00000E+00
 R2_GGGZvecUp =   0.00000E+00   0.28750E-03
 R2_GGGZvecDown  -0.00000E+00  -0.49665E-03
 R2_GGGZaxialUp  -0.00000E+00  -0.63522E-02
 R2_GGGZaxialDow  0.00000E+00   0.63522E-02
 R2_GGGAvecUp =   0.00000E+00   0.78251E-03
 R2_GGGAvecDown  -0.00000E+00  -0.39126E-03
         GC_4 =  -0.12177E+01   0.00000E+00
         GC_5 =   0.00000E+00   0.12177E+01
         GC_6 =   0.00000E+00   0.14828E+01
       R2_3Gq =   0.76230E-02   0.00000E+00
       R2_3Gg =   0.31445E-01   0.00000E+00
       R2_GQQ =  -0.00000E+00  -0.30492E-01
       R2_GGq =   0.00000E+00   0.62601E-02
       R2_GGt =  -0.00000E+00  -0.11242E+04
     R2_GGg_1 =   0.00000E+00   0.28170E-01
     R2_GGg_2 =  -0.00000E+00  -0.18780E-01
       R2_QQq =   0.00000E+00   0.12520E-01
  UV_3Gg_1eps =   0.62890E-01   0.00000E+00
  UV_3Gb_1eps =  -0.38115E-02   0.00000E+00
 UV_GQQg_1eps =   0.00000E+00  -0.62890E-01
 UV_GQQq_1eps =   0.00000E+00   0.38115E-02
 UVWfct_G_2_1eps -0.31300E-02   0.00000E+00
         GC_1 =  -0.00000E+00  -0.10265E+00
         GC_2 =   0.00000E+00   0.20530E+00
        GC_21 =  -0.00000E+00  -0.28804E+00
        GC_22 =   0.00000E+00   0.28804E+00
        GC_23 =  -0.00000E+00  -0.27437E-01
        GC_24 =   0.00000E+00   0.82310E-01
        GC_37 =  -0.00000E+00  -0.70263E+00
        GC_38 =  -0.00000E+00  -0.72172E-02
      GC_1003 =  -0.00000E+00  -0.30795E+00

 Collider parameters:
 --------------------

 Running at P P   machine @    13000.000000000000       GeV
 PDF set = lhapdf 
 alpha_s(Mz)= 0.1180 running at 3 loops.
 alpha_s(Mz)= 0.1180 running at 3 loops.
 Renormalization scale set on event-by-event basis
 Factorization   scale set on event-by-event basis


 ===============================================================
 INFO: MadFKS read these parameters from FKS_params.dat
 ===============================================================
  > IRPoleCheckThreshold      =    1.0000000000000001E-005
  > PrecisionVirtualAtRunTime =    1.0000000000000000E-003
  > NHelForMCoverHels         =            4
  > VirtualFraction           =    1.0000000000000000     
  > MinVirtualFraction        =    5.0000000000000001E-003
 ===============================================================
  Insert the number of points to test
 Insert the relative tolerance
  A negative number will mean use the default one:    1.0000000000000001E-005
Using random seed offsets:     0 ,    122 ,      0
  with seed                   32
 Ranmar initialization seeds       10729        9528
  ========================================================================================== 
 {                                                                                          }
 {       [32m                                                                            [0m       }
 {       [32m                               ,,                                           [0m       }
 {       [32m`7MMM.     ,MMF'             `7MM  `7MMF'                                   [0m       }
 {       [32m  MMMb    dPMM                 MM    MM                                     [0m       }
 {       [32m  M YM   ,M MM   ,6"Yb.   ,M""bMM    MM         ,pW"Wq.   ,pW"Wq.`7MMpdMAo. [0m       }
 {       [32m  M  Mb  M' MM  8)   MM ,AP    MM    MM        6W'   `Wb 6W'   `Wb MM   `Wb [0m       }
 {       [32m  M  YM.P'  MM   ,pm9MM 8MI    MM    MM      , 8M     M8 8M     M8 MM    M8 [0m       }
 {       [32m  M  `YM'   MM  8M   MM `Mb    MM    MM     ,M YA.   ,A9 YA.   ,A9 MM   ,AP [0m       }
 {       [32m.JML. `'  .JMML.`Moo9^Yo.`Wbmd"MML..JMMmmmmMMM  `Ybmd9'   `Ybmd9'  MMbmmd'  [0m       }
 {       [32m                                                                   MM       [0m       }
 {       [32m                                                                 .JMML.     [0m       }
 {       [32m[0mv2.4.2 (2016-06-10), Ref: arXiv:1103.0621v2, arXiv:1405.0301[32m                [0m       }
 {       [32m                                                                            [0m       }
 {                                                                                          }
  ========================================================================================== 
 ===============================================================
 INFO: MadLoop read these parameters from ./MadLoop5_resources/MadLoopParams.dat                                                                                                                                                                                                                                                                                                                                                                                                                                                                                          
 ===============================================================
  > MLReductionLib            = 6|1|2
  > IREGIMODE                 =            2
  > IREGIRECY                 =  T
  > CTModeRun                 =           -1
  > MLStabThres               =    1.0000000000000000E-003
  > NRotations_DP             =            1
  > NRotations_QP             =            0
  > CTStabThres               =    1.0000000000000000E-002
  > CTLoopLibrary             =            2
  > CTModeInit                =            1
  > CheckCycle                =            3
  > MaxAttempts               =           10
  > UseLoopFilter             =  F
  > HelicityFilterLevel       =            2
  > ImprovePSPoint            =            2
  > DoubleCheckHelicityFilter =  T
  > LoopInitStartOver         =  F
  > HelInitStartOver          =  F
  > ZeroThres                 =    1.0000000000000001E-009
  > OSThres                   =    1.0000000000000000E-008
  > WriteOutFilters           =  T
  > UseQPIntegrandForNinja    =  F
  > UseQPIntegrandForCutTools =  T
 ===============================================================
  
------------------------------------------------------------------------
|              You are using CutTools - Version 1.9.3                  |
|              Authors: G. Ossola, C. Papadopoulos, R. Pittau          |
|              Published in JHEP 0803:042,2008                         |
|              http://www.ugr.es/~pittau/CutTools                      |
|                                                                      |
|              Compiler with  34  significant digits detetected        |
 ---------------------------------------------------------------------- 
   
########################################################################
#                                                                      #
#                      You are using OneLOop-3.6                       #
#                                                                      #
# for the evaluation of 1-loop scalar 1-, 2-, 3- and 4-point functions #
#                                                                      #
# author: Andreas van Hameren <hamerenREMOVETHIS@ifj.edu.pl>           #
#   date: 18-02-2015                                                   #
#                                                                      #
# Please cite                                                          #
#    A. van Hameren,                                                   #
#      Comput.Phys.Commun. 182 (2011) 2427-2438, arXiv:1007.4716       #
#    A. van Hameren, C.G. Papadopoulos and R. Pittau,                  #
#      JHEP 0909:106,2009, arXiv:0903.4665                             #
# in publications with results obtained with the help of this program. #
#                                                                      #
########################################################################
 PASSED   1.0000000000000001E-005
 MU_R    =    325.00000000000000     
 ALPHA_S =   0.11799999999999999     
 BORN                    5.2754967265796032E-012
 SINGLE POLE (MadFKS)   -9.3165731470919621E-013
 DOUBLE POLE (MadFKS)   -5.2840172263162836E-013
 SINGLE POLE (MadLoop)  -9.3165731470920489E-013
 DOUBLE POLE (MadLoop)  -5.2840172263162483E-013
 FINITE PART (MadLoop)   2.2285334150628232E-012
   325.00000000000000        0.0000000000000000        0.0000000000000000        325.00000000000000        0.0000000000000000     
   325.00000000000000        0.0000000000000000        0.0000000000000000       -325.00000000000000        0.0000000000000000     
   114.78332723203239        29.439196867903707        110.01884073922398       -14.186009009792395        1.7769999999999999     
   268.32022168069477        125.29062120077369       -214.90282821872256       -100.55654278313106        1.7769999999999999     
   92.623531191518481       -71.185374529730694       -33.237032030671102        49.061804749115247        0.0000000000000000     
   174.27291989575897       -83.544443538946695        138.12101951016967        65.680747043808196        0.0000000000000000     

 PASSED   1.0000000000000001E-005
 MU_R    =    325.00000000000000     
 ALPHA_S =   0.11799999999999999     
 BORN                    2.4813967798403253E-011
 SINGLE POLE (MadFKS)   -3.3679358882170104E-012
 DOUBLE POLE (MadFKS)   -2.4854045049333396E-012
 SINGLE POLE (MadLoop)  -3.3679358882170492E-012
 DOUBLE POLE (MadLoop)  -2.4854045049333392E-012
 FINITE PART (MadLoop)   1.0580426888859694E-011
   325.00000000000000        0.0000000000000000        0.0000000000000000        325.00000000000000        0.0000000000000000     
   325.00000000000000        0.0000000000000000        0.0000000000000000       -325.00000000000000        0.0000000000000000     
   201.27938855095354       -174.62747192979313       -85.573247290759454       -51.891231648223275        1.7769999999999999     
   87.095919138615386       -8.3638842865946952       -36.411378321621925        78.656203633028241        1.7769999999999999     
   265.78002115553141        156.38332682003605        213.87855092591414       -20.958057924426708        0.0000000000000000     
   95.844671154899729        26.608029396351743       -91.893925313532733       -5.8069140603782641        0.0000000000000000     

 PASSED   1.0000000000000001E-005
 MU_R    =    325.00000000000000     
 ALPHA_S =   0.11799999999999999     
 BORN                    2.3541470555355015E-012
 SINGLE POLE (MadFKS)   -5.3386247760509197E-013
 DOUBLE POLE (MadFKS)   -2.3579492585139878E-013
 SINGLE POLE (MadLoop)  -5.3386247760512812E-013
 DOUBLE POLE (MadLoop)  -2.3579492585139590E-013
 FINITE PART (MadLoop)   1.5032358065017946E-013
   325.00000000000000        0.0000000000000000        0.0000000000000000        325.00000000000000        0.0000000000000000     
   325.00000000000000        0.0000000000000000        0.0000000000000000       -325.00000000000000        0.0000000000000000     
   297.15550081201133       -289.01148365709253       -53.381144124290699       -43.829780973044322        1.7769999999999999     
   110.00678870433480        61.387229248300933        89.114685741616810       -19.710827035656912        1.7769999999999999     
   153.98185377453129        145.64462043226638       -4.3380486557262330        49.791938753604825        0.0000000000000000     
   88.855856709127195        81.979633976525193       -31.395492961599885        13.748669255096393        0.0000000000000000     

 PASSED   1.0000000000000001E-005
 MU_R    =    325.00000000000000     
 ALPHA_S =   0.11799999999999999     
 BORN                    4.1147104232854984E-011
 SINGLE POLE (MadFKS)   -3.7825358000113622E-012
 DOUBLE POLE (MadFKS)   -4.1213561271680310E-012
 SINGLE POLE (MadLoop)  -3.7825358000223037E-012
 DOUBLE POLE (MadLoop)  -4.1213561271680318E-012
 FINITE PART (MadLoop)   2.2316098564250311E-011
   325.00000000000000        0.0000000000000000        0.0000000000000000        325.00000000000000        0.0000000000000000     
   325.00000000000000        0.0000000000000000        0.0000000000000000       -325.00000000000000        0.0000000000000000     
   80.733830182268363        54.839139308967013        58.891013475325828        6.2698435865693032        1.7769999999999999     
   202.94356380334878        190.12263223737912       -58.728383774003213        39.840858557862653        1.7769999999999999     
   190.56090159083399       -116.44269275821733        98.477393893786612       -114.26617789273838        0.0000000000000000     
   175.76170442354888       -128.51907878812881       -98.640023595109298        68.155475748306387        0.0000000000000000     

 PASSED   1.0000000000000001E-005
 MU_R    =    325.00000000000000     
 ALPHA_S =   0.11799999999999999     
 BORN                    1.6157077596090121E-010
 SINGLE POLE (MadFKS)   -8.3205102749840879E-012
 DOUBLE POLE (MadFKS)   -1.6183173029854566E-011
 SINGLE POLE (MadLoop)  -8.3205102749814933E-012
 DOUBLE POLE (MadLoop)  -1.6183173029854543E-011
 FINITE PART (MadLoop)   9.0893417850036502E-011
   325.00000000000000        0.0000000000000000        0.0000000000000000        325.00000000000000        0.0000000000000000     
   325.00000000000000        0.0000000000000000        0.0000000000000000       -325.00000000000000        0.0000000000000000     
   219.69168467611425       -195.38281071498261        35.424031444247987        93.978581922581924        1.7769999999999999     
   33.149536130379708        7.3883915055469389        18.182802390295567       -26.655794583084056        1.7769999999999999     
   232.39566500633200        125.39954792140044        32.763877560300038       -192.89693315876576        0.0000000000000000     
   164.76311418717412        62.594871288035144       -86.370711394843511        125.57414581926786        0.0000000000000000     

 PASSED   1.0000000000000001E-005
 MU_R    =    325.00000000000000     
 ALPHA_S =   0.11799999999999999     
 BORN                    2.3561471669615430E-012
 SINGLE POLE (MadFKS)   -4.7111698930145396E-013
 DOUBLE POLE (MadFKS)   -2.3599526003370445E-013
 SINGLE POLE (MadLoop)  -4.7111698930144245E-013
 DOUBLE POLE (MadLoop)  -2.3599526003370324E-013
 FINITE PART (MadLoop)   1.0043538127987940E-012
   325.00000000000000        0.0000000000000000        0.0000000000000000        325.00000000000000        0.0000000000000000     
   325.00000000000000        0.0000000000000000        0.0000000000000000       -325.00000000000000        0.0000000000000000     
   285.70188090869942       -89.397474377224526        270.27111390426268        24.166580016445600        1.7769999999999999     
   139.19273675829652       0.86696433948049267       -101.80120267774635       -94.906394639470463        1.7769999999999999     
   140.47540530540536        17.353154872043373       -122.97110567805176        65.652986832452711        0.0000000000000000     
   84.629977027600717        71.177355165700689       -45.498805548464581        5.0868277905721575        0.0000000000000000     

 PASSED   1.0000000000000001E-005
 MU_R    =    325.00000000000000     
 ALPHA_S =   0.11799999999999999     
 BORN                    3.1320093239845268E-011
 SINGLE POLE (MadFKS)   -3.7180272331691748E-012
 DOUBLE POLE (MadFKS)   -3.1370678589440568E-012
 SINGLE POLE (MadLoop)  -3.7180272331694373E-012
 DOUBLE POLE (MadLoop)  -3.1370678589440451E-012
 FINITE PART (MadLoop)   1.5026668523460382E-011
   325.00000000000000        0.0000000000000000        0.0000000000000000        325.00000000000000        0.0000000000000000     
   325.00000000000000        0.0000000000000000        0.0000000000000000       -325.00000000000000        0.0000000000000000     
   216.64933501730181       -177.35468383163868       -120.46536650659981       -31.099649995604789        1.7769999999999999     
   131.34419292662074       -21.674896017454692        108.56208486149882       -70.658417047812705        1.7769999999999999     
   172.76298980389473        155.22238272824504        75.830478250175759       -1.6736530394594638        0.0000000000000000     
   129.24348225218696        43.807197120848336       -63.927196605074776        103.43172008287699        0.0000000000000000     

 PASSED   1.0000000000000001E-005
 MU_R    =    325.00000000000000     
 ALPHA_S =   0.11799999999999999     
 BORN                    4.0161064002975046E-011
 SINGLE POLE (MadFKS)   -9.5049501601351394E-012
 DOUBLE POLE (MadFKS)   -4.0225928479819105E-012
 SINGLE POLE (MadLoop)  -9.5049501601339132E-012
 DOUBLE POLE (MadLoop)  -4.0225928479817611E-012
 FINITE PART (MadLoop)  -6.6916252633161808E-012
   325.00000000000000        0.0000000000000000        0.0000000000000000        325.00000000000000        0.0000000000000000     
   325.00000000000000        0.0000000000000000        0.0000000000000000       -325.00000000000000        0.0000000000000000     
   168.75867514489283       -50.208558787918854        104.26626305965144        122.81685437949926        1.7769999999999999     
   178.51971286771277       -79.314202556997344        153.48407823357027       -44.922434872894996        1.7769999999999999     
   21.984704218071442        18.615918293007887       -10.106266759498975       -5.8854207878442129        0.0000000000000000     
   280.73690776932602        110.90684305190831       -247.64407453372277       -72.008998718760026        0.0000000000000000     

 PASSED   1.0000000000000001E-005
 MU_R    =    325.00000000000000     
 ALPHA_S =   0.11799999999999999     
 BORN                    5.0613128875538202E-010
 SINGLE POLE (MadFKS)   -3.5006701307958359E-011
 DOUBLE POLE (MadFKS)   -5.0694874571461737E-011
 SINGLE POLE (MadLoop)  -3.5006701307962359E-011
 DOUBLE POLE (MadLoop)  -5.0694874571461931E-011
 FINITE PART (MadLoop)   2.3332800651798971E-010
   325.00000000000000        0.0000000000000000        0.0000000000000000        325.00000000000000        0.0000000000000000     
   325.00000000000000        0.0000000000000000        0.0000000000000000       -325.00000000000000        0.0000000000000000     
   128.26595531361298        92.732731708788350       -67.083867948705958        57.873937954663397        1.7769999999999999     
   49.760192223103175        36.594451363697175        9.0233627652726067        32.439852880006569        1.7769999999999999     
   181.23429991535377        96.792869621418944        132.77548240915598        76.470145333164496        0.0000000000000000     
   290.73955254793015       -226.12005269390446       -74.714977225722635       -166.78393616783447        0.0000000000000000     

 PASSED   1.0000000000000001E-005
 MU_R    =    325.00000000000000     
 ALPHA_S =   0.11799999999999999     
 BORN                    3.9146954429491362E-011
 SINGLE POLE (MadFKS)   -2.1915119277532619E-012
 DOUBLE POLE (MadFKS)   -3.9210181009318011E-012
 SINGLE POLE (MadLoop)  -2.1915119277531452E-012
 DOUBLE POLE (MadLoop)  -3.9210181009318197E-012
 FINITE PART (MadLoop)   2.3231759440530055E-011
   325.00000000000000        0.0000000000000000        0.0000000000000000        325.00000000000000        0.0000000000000000     
   325.00000000000000        0.0000000000000000        0.0000000000000000       -325.00000000000000        0.0000000000000000     
   108.29493543844966       -25.173294483615702       -95.516022226805305        44.357976232325896        1.7769999999999999     
   164.82989605342686        117.02551369086552        81.055754544796002       -83.070636837250390        1.7769999999999999     
   155.16507661047251        14.923419728263259       -94.443709739344797       -122.20424801870952        0.0000000000000000     
   221.71009189765098       -106.77563893551311        108.90397742135409        160.91690862363401        0.0000000000000000     

 PASSED   1.0000000000000001E-005
 MU_R    =    325.00000000000000     
 ALPHA_S =   0.11799999999999999     
 BORN                    6.6838190728233582E-007
 SINGLE POLE (MadFKS)   -7.0190847892698794E-008
 DOUBLE POLE (MadFKS)   -6.6946141659873968E-008
 SINGLE POLE (MadLoop)  -7.0190847892599241E-008
 DOUBLE POLE (MadLoop)  -6.6946141659852991E-008
 FINITE PART (MadLoop)   1.0526897639290938E-006
   325.00000000000000        0.0000000000000000        0.0000000000000000        325.00000000000000        0.0000000000000000     
   325.00000000000000        0.0000000000000000        0.0000000000000000       -325.00000000000000        0.0000000000000000     
   137.86086170331222       0.55472085279430050       -37.149461307267174       -132.74814224664354        1.7769999999999999     
   165.31339666992213       -43.662161730902916       -14.740468758318301       -158.75041922249073        1.7769999999999999     
   290.92699379909004        27.906952942011017       -1.8681575714065686        289.57939789590790        0.0000000000000000     
   55.898747827681838        15.200487936097584        53.758087636992038        1.9191635732264172        0.0000000000000000     

 PASSED   1.0000000000000001E-005
 MU_R    =    325.00000000000000     
 ALPHA_S =   0.11799999999999999     
 BORN                    4.1397295205171103E-012
 SINGLE POLE (MadFKS)   -6.5077839104073950E-013
 DOUBLE POLE (MadFKS)   -4.1464156329568694E-013
 SINGLE POLE (MadLoop)  -6.5077839104075374E-013
 DOUBLE POLE (MadLoop)  -4.1464156329568906E-013
 FINITE PART (MadLoop)   2.5156608274483576E-012
   325.00000000000000        0.0000000000000000        0.0000000000000000        325.00000000000000        0.0000000000000000     
   325.00000000000000        0.0000000000000000        0.0000000000000000       -325.00000000000000        0.0000000000000000     
   205.40212879434623        139.22009202045342       -5.3918993068555601       -150.91577181968225        1.7769999999999999     
   216.88007812919412       -50.825730448523800        178.90638646386017        111.54846734555899        1.7769999999999999     
   85.822804399775123       -50.444874813347944       -59.402116943072095       -35.947974390628659        0.0000000000000000     
   141.89498867668556       -37.949486758581642       -114.11237021393256        75.315278864751932        0.0000000000000000     

 PASSED   1.0000000000000001E-005
 MU_R    =    325.00000000000000     
 ALPHA_S =   0.11799999999999999     
 BORN                    5.4938169154663371E-011
 SINGLE POLE (MadFKS)   -4.9820255253169860E-012
 DOUBLE POLE (MadFKS)   -5.5026900260012665E-012
 SINGLE POLE (MadLoop)  -4.9820255253180951E-012
 DOUBLE POLE (MadLoop)  -5.5026900260014005E-012
 FINITE PART (MadLoop)   3.9883849755651902E-011
   325.00000000000000        0.0000000000000000        0.0000000000000000        325.00000000000000        0.0000000000000000     
   325.00000000000000        0.0000000000000000        0.0000000000000000       -325.00000000000000        0.0000000000000000     
   237.73099275675281        26.933694555393316        194.12530979136559       -134.54667362708892        1.7769999999999999     
   112.17283692651071       -60.501190104908737       -76.190508616426854        55.805017765443253        1.7769999999999999     
   133.09714943541326        12.833603990815419        40.887563634038884        126.00935257556117        0.0000000000000000     
   166.99902088132919        20.733891558700005       -158.82236480897768       -47.267696713915591        0.0000000000000000     

 PASSED   1.0000000000000001E-005
 MU_R    =    325.00000000000000     
 ALPHA_S =   0.11799999999999999     
 BORN                    2.8969006448855474E-011
 SINGLE POLE (MadFKS)   -4.6384227086054898E-012
 DOUBLE POLE (MadFKS)   -2.9015794538131644E-012
 SINGLE POLE (MadLoop)  -4.6384227086053048E-012
 DOUBLE POLE (MadLoop)  -2.9015794538131014E-012
 FINITE PART (MadLoop)   1.4372046354688196E-011
   325.00000000000000        0.0000000000000000        0.0000000000000000        325.00000000000000        0.0000000000000000     
   325.00000000000000        0.0000000000000000        0.0000000000000000       -325.00000000000000        0.0000000000000000     
Thanks for using LHAPDF 6.2.1. Please make sure to cite the paper:
  Eur.Phys.J. C75 (2015) 3, 132  (http://arxiv.org/abs/1412.7420)
   140.24513789676328       -114.45273094409748        65.315061918814465       -47.958899493853608        1.7769999999999999     
   168.28371388881300       -3.8983349403752143       -119.39503443664756       -118.51531279871071        1.7769999999999999     
   163.83360001680211       -2.3835021351749837        146.05850622172883        74.180052388188074        0.0000000000000000     
   177.63754819762744        120.73456801964828       -91.978533703896034        92.294159904376315        0.0000000000000000     

 PASSED   1.0000000000000001E-005
 MU_R    =    325.00000000000000     
 ALPHA_S =   0.11799999999999999     
 BORN                    3.9493395830370317E-011
 SINGLE POLE (MadFKS)   -6.6723710528171235E-012
 DOUBLE POLE (MadFKS)   -3.9557181950656942E-012
 SINGLE POLE (MadLoop)  -6.6723710528169409E-012
 DOUBLE POLE (MadLoop)  -3.9557181950655884E-012
 FINITE PART (MadLoop)   2.4342532191639638E-011
   325.00000000000000        0.0000000000000000        0.0000000000000000        325.00000000000000        0.0000000000000000     
   325.00000000000000        0.0000000000000000        0.0000000000000000       -325.00000000000000        0.0000000000000000     
   151.03058056579269        146.26846668921533       -6.4099525984969734        37.034128815341660        1.7769999999999999     
   237.38963920461245       -179.68363832745720        54.401441630510412        145.27544988271686        1.7769999999999999     
   86.114629745865017       -50.347217050525231       -63.596547842273196       -28.919998168744339        0.0000000000000000     
   175.46515048373203        83.762388688767089        15.605058810259745       -153.38958052931414        0.0000000000000000     

 PASSED   1.0000000000000001E-005
 MU_R    =    325.00000000000000     
 ALPHA_S =   0.11799999999999999     
 BORN                    1.3118691693025391E-011
 SINGLE POLE (MadFKS)   -1.2550737455226939E-012
 DOUBLE POLE (MadFKS)   -1.3139879803815573E-012
 SINGLE POLE (MadLoop)  -1.2550737455227807E-012
 DOUBLE POLE (MadLoop)  -1.3139879803815536E-012
 FINITE PART (MadLoop)   7.4554491145413464E-012
   325.00000000000000        0.0000000000000000        0.0000000000000000        325.00000000000000        0.0000000000000000     
   325.00000000000000        0.0000000000000000        0.0000000000000000       -325.00000000000000        0.0000000000000000     
   71.668835768739228        27.720720773668724        65.393324534369142        9.4095184561955350        1.7769999999999999     
   280.31282021957986       -23.879670565411516       -272.81682787498306       -59.773398869177768        1.7769999999999999     
   151.55555859690679        32.454383157055688        84.628600542606762        121.46522270063709        0.0000000000000000     
   146.46278541477403       -36.295433365312839        122.79490279800714       -71.101342287654859        0.0000000000000000     

 PASSED   1.0000000000000001E-005
 MU_R    =    325.00000000000000     
 ALPHA_S =   0.11799999999999999     
 BORN                    2.3667543096551601E-011
 SINGLE POLE (MadFKS)   -2.0877767094516701E-012
 DOUBLE POLE (MadFKS)   -2.3705768747172516E-012
 SINGLE POLE (MadLoop)  -2.0877767094516237E-012
 DOUBLE POLE (MadLoop)  -2.3705768747172617E-012
 FINITE PART (MadLoop)   1.3104531409177157E-011
   325.00000000000000        0.0000000000000000        0.0000000000000000        325.00000000000000        0.0000000000000000     
   325.00000000000000        0.0000000000000000        0.0000000000000000       -325.00000000000000        0.0000000000000000     
   240.76854929741270        172.75745971398709       -165.86616552617986        24.690318924482771        1.7769999999999999     
   90.225701571771125       -49.066945001611558        74.851658740430011        11.277570089932572        1.7769999999999999     
   177.11810353101166       -56.231031922536999        151.02595677153775        73.485059900570391        0.0000000000000000     
   141.88764559980450       -67.459482789838532       -60.011449985787891       -109.45294891498571        0.0000000000000000     

 PASSED   1.0000000000000001E-005
 MU_R    =    325.00000000000000     
 ALPHA_S =   0.11799999999999999     
 BORN                    2.6202183950800875E-011
 SINGLE POLE (MadFKS)   -4.7301559916635137E-012
 DOUBLE POLE (MadFKS)   -2.6244503321473292E-012
 SINGLE POLE (MadLoop)  -4.7301559916634660E-012
 DOUBLE POLE (MadLoop)  -2.6244503321472799E-012
 FINITE PART (MadLoop)   1.1264367776024506E-011
   325.00000000000000        0.0000000000000000        0.0000000000000000        325.00000000000000        0.0000000000000000     
   325.00000000000000        0.0000000000000000        0.0000000000000000       -325.00000000000000        0.0000000000000000     
   227.37570899156006       -78.915851398702245       -193.33519672198307        89.946347435038547        1.7769999999999999     
   162.41696082068262        109.37346732842198        104.96634315507484        58.271973387185589        1.7769999999999999     
   135.29182442800260        58.529208674997889        104.96247360994907       -62.137658650908108        0.0000000000000000     
   124.91550575975670       -88.986824604717583       -16.593620043040694       -86.080662171315993        0.0000000000000000     

 PASSED   1.0000000000000001E-005
 MU_R    =    325.00000000000000     
 ALPHA_S =   0.11799999999999999     
 BORN                    1.0208117006426445E-011
 SINGLE POLE (MadFKS)   -1.1339679919874448E-012
 DOUBLE POLE (MadFKS)   -1.0224604223227666E-012
 SINGLE POLE (MadLoop)  -1.1339679919877391E-012
 DOUBLE POLE (MadLoop)  -1.0224604223227612E-012
 FINITE PART (MadLoop)   5.5402481923252387E-012
   325.00000000000000        0.0000000000000000        0.0000000000000000        325.00000000000000        0.0000000000000000     
   325.00000000000000        0.0000000000000000        0.0000000000000000       -325.00000000000000        0.0000000000000000     
   106.22049933897206        80.702794149674062       -17.836608009760194       -66.697460086288586        1.7769999999999999     
   143.39848066308676       -54.474691637164625       -13.854200220789131        131.91108988542157        1.7769999999999999     
   195.92712247008646        171.35828254149686        81.569015665634865       -48.685439375404471        0.0000000000000000     
   204.45389752785471       -197.58638505400634       -49.878207435085372       -16.528190423728532        0.0000000000000000     

 PASSED   1.0000000000000001E-005
 MU_R    =    325.00000000000000     
 ALPHA_S =   0.11799999999999999     
 BORN                    1.2185002137795206E-008
 SINGLE POLE (MadFKS)   -6.2887493339657819E-010
 DOUBLE POLE (MadFKS)   -1.2204682238625037E-009
 SINGLE POLE (MadLoop)  -6.2887493339655793E-010
 DOUBLE POLE (MadLoop)  -1.2204682238624900E-009
 FINITE PART (MadLoop)   7.1138948802479093E-009
   325.00000000000000        0.0000000000000000        0.0000000000000000        325.00000000000000        0.0000000000000000     
   325.00000000000000        0.0000000000000000        0.0000000000000000       -325.00000000000000        0.0000000000000000     
   133.78633557342192        102.26270800509396        25.020073379042476       -82.534600845563531        1.7769999999999999     
   22.823065027029241       -1.1856470326500061       0.92040260061948009        22.704221378297618        1.7769999999999999     
   259.80797463369862        12.632892768328119       -202.10838403434977        162.76607388086833        0.0000000000000000     
   233.58262476585023       -113.70995374077205        176.16790805468784       -102.93569441360248        0.0000000000000000     

 NUMBER OF POINTS PASSING THE CHECK          20
 NUMBER OF POINTS FAILING THE CHECK           0
 TOLERANCE    1.0000000000000001E-005
