==== LHAPDF6 USING DEFAULT-TYPE LHAGLUE INTERFACE ====
LHAPDF 6.2.1 loading /cvmfs/cms.cern.ch/slc6_amd64_gcc481/external/lhapdf/6.2.1/share/LHAPDF/NNPDF31_nnlo_hessian_pdfas/NNPDF31_nnlo_hessian_pdfas_0000.dat
NNPDF31_nnlo_hessian_pdfas PDF set, member #0, version 1; LHAPDF ID = 306000
 A PDF is used, so alpha_s(MZ) is going to be modified
 Old value of alpha_s from param_card:   0.11799999999999999     
 New value of alpha_s from PDF lhapdf :  0.11800208008122040     
 using LHAPDF
 *****************************************************
 *               MadGraph/MadEvent                   *
 *        --------------------------------           *
 *          http://madgraph.hep.uiuc.edu             *
 *          http://madgraph.phys.ucl.ac.be           *
 *          http://madgraph.roma2.infn.it            *
 *        --------------------------------           *
 *                                                   *
 *          PARAMETER AND COUPLING VALUES            *
 *                                                   *
 *****************************************************

  External Params
  ---------------------------------
  
 MU_R =    91.188000000000002     
 aEWM1 =    132.50700000000001     
 mdl_Gf =    1.1663900000000000E-005
 aS =   0.11799999999999999     
 mdl_lamWS =   0.22530000000000000     
 mdl_AWS =   0.80800000000000005     
 mdl_rhoWS =   0.13200000000000001     
 mdl_etaWS =   0.34100000000000003     
 mdl_ymt =    173.00000000000000     
 mdl_ymtau =    1.7769999999999999     
 mdl_MT =    173.00000000000000     
 mdl_MZ =    91.188000000000002     
 mdl_MH =    125.00000000000000     
 mdl_MTA =    1.7769999999999999     
 mdl_WT =    1.4915000000000000     
 mdl_WZ =    2.4414039999999999     
 mdl_WW =    2.0476000000000001     
 mdl_WH =    6.3823389999999999E-003
  Internal Params
  ---------------------------------
  
 mdl_CKM33 =    1.0000000000000000     
 mdl_conjg__CKM3x3 =    1.0000000000000000     
 mdl_I4x33 =    0.0000000000000000     
 mdl_I1x33 =    0.0000000000000000     
 mdl_lhv =    1.0000000000000000     
 mdl_CKM3x3 =    1.0000000000000000     
 mdl_conjg__CKM33 =    1.0000000000000000     
 mdl_Ncol =    3.0000000000000000     
 mdl_CA =    3.0000000000000000     
 mdl_TF =   0.50000000000000000     
 mdl_CF =    1.3333333333333333     
 mdl_lamWS__exp__2 =    5.0760090000000001E-002
 mdl_CKM11 =  ( 0.97461995499999998     ,  0.0000000000000000     )
 mdl_CKM12 =  ( 0.22530000000000000     ,  0.0000000000000000     )
 mdl_complexi =  (  0.0000000000000000     ,  1.0000000000000000     )
 mdl_lamWS__exp__3 =    1.1436248277000001E-002
 mdl_CKM13 =  (  1.2197444962317122E-003, -3.1510066152652563E-003)
 mdl_CKM21 =  (-0.22530000000000000     ,  0.0000000000000000     )
 mdl_CKM22 =  ( 0.97461995499999998     ,  0.0000000000000000     )
 mdl_CKM23 =  (  4.1014152720000002E-002,  0.0000000000000000     )
 mdl_CKM31 =  (  8.0207441115842885E-003, -3.1510066152652563E-003)
 mdl_CKM32 =  ( -4.1014152720000002E-002,  0.0000000000000000     )
 mdl_MZ__exp__2 =    8315.2513440000002     
 mdl_MZ__exp__4 =    69143404.913893804     
 mdl_sqrt__2 =    1.4142135623730951     
 mdl_MH__exp__2 =    15625.000000000000     
 mdl_CKM1x1 =  ( 0.97461995499999998     ,  0.0000000000000000     )
 mdl_CKM1x2 =  ( 0.22530000000000000     ,  0.0000000000000000     )
 mdl_CKM1x3 =  (  1.2197444962317122E-003, -3.1510066152652563E-003)
 mdl_CKM2x1 =  (-0.22530000000000000     ,  0.0000000000000000     )
 mdl_CKM2x2 =  ( 0.97461995499999998     ,  0.0000000000000000     )
 mdl_CKM2x3 =  (  4.1014152720000002E-002,  0.0000000000000000     )
 mdl_CKM3x1 =  (  8.0207441115842885E-003, -3.1510066152652563E-003)
 mdl_CKM3x2 =  ( -4.1014152720000002E-002,  0.0000000000000000     )
 mdl_conjg__CKM1x3 =  (  1.2197444962317122E-003,  3.1510066152652563E-003)
 mdl_conjg__CKM2x3 =  (  4.1014152720000002E-002, -0.0000000000000000     )
 mdl_conjg__CKM2x1 =  (-0.22530000000000000     , -0.0000000000000000     )
 mdl_conjg__CKM3x1 =  (  8.0207441115842885E-003,  3.1510066152652563E-003)
 mdl_conjg__CKM2x2 =  ( 0.97461995499999998     , -0.0000000000000000     )
 mdl_conjg__CKM3x2 =  ( -4.1014152720000002E-002, -0.0000000000000000     )
 mdl_Ncol__exp__2 =    9.0000000000000000     
 mdl_MT__exp__2 =    29929.000000000000     
 mdl_conjg__CKM11 =  ( 0.97461995499999998     , -0.0000000000000000     )
 mdl_conjg__CKM12 =  ( 0.22530000000000000     , -0.0000000000000000     )
 mdl_conjg__CKM13 =  (  1.2197444962317122E-003,  3.1510066152652563E-003)
 mdl_conjg__CKM21 =  (-0.22530000000000000     , -0.0000000000000000     )
 mdl_conjg__CKM22 =  ( 0.97461995499999998     , -0.0000000000000000     )
 mdl_conjg__CKM23 =  (  4.1014152720000002E-002, -0.0000000000000000     )
 mdl_conjg__CKM31 =  (  8.0207441115842885E-003,  3.1510066152652563E-003)
 mdl_conjg__CKM32 =  ( -4.1014152720000002E-002, -0.0000000000000000     )
 mdl_aEW =    7.5467711139788835E-003
 mdl_MW =    80.419002445756163     
 mdl_sqrt__aEW =    8.6872153846781555E-002
 mdl_ee =   0.30795376724436879     
 mdl_MW__exp__2 =    6467.2159543705357     
 mdl_sw2 =   0.22224648578577766     
 mdl_cw =   0.88190334743339216     
 mdl_sqrt__sw2 =   0.47143025548407230     
 mdl_sw =   0.47143025548407230     
 mdl_g1 =   0.34919219678733299     
 mdl_gw =   0.65323293034757990     
 mdl_v =    246.21845810181637     
 mdl_v__exp__2 =    60623.529110035903     
 mdl_lam =   0.12886910601690263     
 mdl_yt =   0.99366614581500623     
 mdl_ytau =    1.0206617000654717E-002
 mdl_muH =    88.388347648318430     
 mdl_AxialZUp =  -0.18517701861793787     
 mdl_AxialZDown =   0.18517701861793787     
 mdl_VectorZUp =    7.5430507588273299E-002
 mdl_VectorZDown =  -0.13030376310310560     
 mdl_VectorAUp =   0.20530251149624587     
 mdl_VectorADown =  -0.10265125574812294     
 mdl_VectorWmDxU =   0.23095271737156670     
 mdl_AxialWmDxU =  -0.23095271737156670     
 mdl_VectorWpUxD =   0.23095271737156670     
 mdl_AxialWpUxD =  -0.23095271737156670     
 mdl_I2x13 =  (  7.9699418879263656E-003,  3.1310485988282153E-003)
 mdl_I2x23 =  ( -4.0754375057150453E-002, -0.0000000000000000     )
 mdl_I2x33 =  ( 0.99366614581500623     ,  0.0000000000000000     )
 mdl_I3x31 =  (  7.9699418879263656E-003, -3.1310485988282153E-003)
 mdl_I3x32 =  ( -4.0754375057150453E-002,  0.0000000000000000     )
 mdl_I3x33 =  ( 0.99366614581500623     ,  0.0000000000000000     )
 mdl_Vector_tdGp =  ( -7.9699418879263656E-003, -3.1310485988282153E-003)
 mdl_Vector_tsGp =  (  4.0754375057150453E-002,  0.0000000000000000     )
 mdl_Vector_tbGp =  (-0.99366614581500623     ,  0.0000000000000000     )
 mdl_Axial_tdGp =  ( -7.9699418879263656E-003, -3.1310485988282153E-003)
 mdl_Axial_tsGp =  (  4.0754375057150453E-002,  0.0000000000000000     )
 mdl_Axial_tbGp =  (-0.99366614581500623     , -0.0000000000000000     )
 mdl_Vector_tdGm =  (  7.9699418879263656E-003, -3.1310485988282153E-003)
 mdl_Vector_tsGm =  ( -4.0754375057150453E-002,  0.0000000000000000     )
 mdl_Vector_tbGm =  ( 0.99366614581500623     ,  0.0000000000000000     )
 mdl_Axial_tdGm =  ( -7.9699418879263656E-003,  3.1310485988282153E-003)
 mdl_Axial_tsGm =  (  4.0754375057150453E-002, -0.0000000000000000     )
 mdl_Axial_tbGm =  (-0.99366614581500623     ,  0.0000000000000000     )
 mdl_gw__exp__2 =   0.42671326129048615     
 mdl_cw__exp__2 =   0.77775351421422245     
 mdl_ee__exp__2 =    9.4835522759998875E-002
 mdl_sw__exp__2 =   0.22224648578577769     
 mdl_yt__exp__2 =   0.98737240933884918     
  Internal Params evaluated point by point
  ----------------------------------------
  
 mdl_sqrt__aS =   0.34351128074635334     
 mdl_G__exp__4 =    2.1987899468922913     
 mdl_G__exp__2 =    1.4828317324943823     
 mdl_R2MixedFactor_FIN_ =   -2.5040377713124864E-002
 mdl_G_UVg_1EPS_ =   -5.1645779033320030E-002
 mdl_G_UVq_1EPS_ =    3.1300472141406080E-003
 mdl_G_UVb_1EPS_ =    3.1300472141406080E-003
 mdl_GWcft_UV_t_1EPS_ =   -3.1300472141406080E-003
 mdl_tWcft_UV_1EPS_ =   -1.8780283284843650E-002
 mdl_G__exp__3 =    1.8056676068262196     
 mdl_MU_R__exp__2 =    8315.2513440000002     
 mdl_G_UVt_FIN_ =   -4.0087659331150384E-003
 mdl_GWcft_UV_t_FIN_ =    4.0087659331150384E-003
 mdl_tWcft_UV_FIN_ =   -9.8778211443463623E-004
  Couplings of loop_sm-ckm_no_b_mass
  ---------------------------------
  
       UV_3Gt =   0.48815E-02   0.00000E+00
      UV_GQQt =   0.00000E+00  -0.48815E-02
   UVWfct_G_2 =   0.40088E-02   0.00000E+00
       R2_DDA =   0.00000E+00   0.25704E-02
       R2_UUA =  -0.00000E+00  -0.51409E-02
    R2_DDZ_V2 =   0.00000E+00   0.72127E-02
    R2_UUZ_V2 =  -0.00000E+00  -0.72127E-02
    R2_UUZ_V5 =   0.00000E+00   0.68702E-03
      R2_GGHt =   0.00000E+00  -0.45657E+01
     R2_GGZup =  -0.46369E-02   0.00000E+00
   R2_GGZdown =   0.46369E-02   0.00000E+00
 R2_GGGZvecUp =   0.00000E+00   0.28750E-03
 R2_GGGZvecDown  -0.00000E+00  -0.49665E-03
 R2_GGGZaxialUp  -0.00000E+00  -0.63522E-02
 R2_GGGZaxialDow  0.00000E+00   0.63522E-02
 R2_GGGAvecUp =   0.00000E+00   0.78251E-03
 R2_GGGAvecDown  -0.00000E+00  -0.39126E-03
         GC_4 =  -0.12177E+01   0.00000E+00
         GC_5 =   0.00000E+00   0.12177E+01
         GC_6 =   0.00000E+00   0.14828E+01
       R2_3Gq =   0.76230E-02   0.00000E+00
       R2_3Gg =   0.31445E-01   0.00000E+00
       R2_GQQ =  -0.00000E+00  -0.30492E-01
       R2_GGq =   0.00000E+00   0.62601E-02
       R2_GGt =  -0.00000E+00  -0.11242E+04
     R2_GGg_1 =   0.00000E+00   0.28170E-01
     R2_GGg_2 =  -0.00000E+00  -0.18780E-01
       R2_QQq =   0.00000E+00   0.12520E-01
  UV_3Gg_1eps =   0.62890E-01   0.00000E+00
  UV_3Gb_1eps =  -0.38115E-02   0.00000E+00
 UV_GQQg_1eps =   0.00000E+00  -0.62890E-01
 UV_GQQq_1eps =   0.00000E+00   0.38115E-02
 UVWfct_G_2_1eps -0.31300E-02   0.00000E+00
         GC_1 =  -0.00000E+00  -0.10265E+00
         GC_2 =   0.00000E+00   0.20530E+00
        GC_21 =  -0.00000E+00  -0.28804E+00
        GC_22 =   0.00000E+00   0.28804E+00
        GC_23 =  -0.00000E+00  -0.27437E-01
        GC_24 =   0.00000E+00   0.82310E-01
        GC_37 =  -0.00000E+00  -0.70263E+00
        GC_38 =  -0.00000E+00  -0.72172E-02
      GC_1003 =  -0.00000E+00  -0.30795E+00

 Collider parameters:
 --------------------

 Running at P P   machine @    13000.000000000000       GeV
 PDF set = lhapdf 
 alpha_s(Mz)= 0.1180 running at 3 loops.
 alpha_s(Mz)= 0.1180 running at 3 loops.
 Renormalization scale set on event-by-event basis
 Factorization   scale set on event-by-event basis


 ===============================================================
 INFO: MadFKS read these parameters from FKS_params.dat
 ===============================================================
  > IRPoleCheckThreshold      =    1.0000000000000001E-005
  > PrecisionVirtualAtRunTime =    1.0000000000000000E-003
  > NHelForMCoverHels         =            4
  > VirtualFraction           =    1.0000000000000000     
  > MinVirtualFraction        =    5.0000000000000001E-003
 ===============================================================
  Insert the number of points to test
 Insert the relative tolerance
  A negative number will mean use the default one:    1.0000000000000001E-005
Using random seed offsets:     0 ,     67 ,      0
  with seed                   32
 Ranmar initialization seeds       10729        9473
  ========================================================================================== 
 {                                                                                          }
 {       [32m                                                                            [0m       }
 {       [32m                               ,,                                           [0m       }
 {       [32m`7MMM.     ,MMF'             `7MM  `7MMF'                                   [0m       }
 {       [32m  MMMb    dPMM                 MM    MM                                     [0m       }
 {       [32m  M YM   ,M MM   ,6"Yb.   ,M""bMM    MM         ,pW"Wq.   ,pW"Wq.`7MMpdMAo. [0m       }
 {       [32m  M  Mb  M' MM  8)   MM ,AP    MM    MM        6W'   `Wb 6W'   `Wb MM   `Wb [0m       }
 {       [32m  M  YM.P'  MM   ,pm9MM 8MI    MM    MM      , 8M     M8 8M     M8 MM    M8 [0m       }
 {       [32m  M  `YM'   MM  8M   MM `Mb    MM    MM     ,M YA.   ,A9 YA.   ,A9 MM   ,AP [0m       }
 {       [32m.JML. `'  .JMML.`Moo9^Yo.`Wbmd"MML..JMMmmmmMMM  `Ybmd9'   `Ybmd9'  MMbmmd'  [0m       }
 {       [32m                                                                   MM       [0m       }
 {       [32m                                                                 .JMML.     [0m       }
 {       [32m[0mv2.4.2 (2016-06-10), Ref: arXiv:1103.0621v2, arXiv:1405.0301[32m                [0m       }
 {       [32m                                                                            [0m       }
 {                                                                                          }
  ========================================================================================== 
 ===============================================================
 INFO: MadLoop read these parameters from ./MadLoop5_resources/MadLoopParams.dat                                                                                                                                                                                                                                                                                                                                                                                                                                                                                          
 ===============================================================
  > MLReductionLib            = 6|1|2
  > IREGIMODE                 =            2
  > IREGIRECY                 =  T
  > CTModeRun                 =           -1
  > MLStabThres               =    1.0000000000000000E-003
  > NRotations_DP             =            1
  > NRotations_QP             =            0
  > CTStabThres               =    1.0000000000000000E-002
  > CTLoopLibrary             =            2
  > CTModeInit                =            1
  > CheckCycle                =            3
  > MaxAttempts               =           10
  > UseLoopFilter             =  F
  > HelicityFilterLevel       =            2
  > ImprovePSPoint            =            2
  > DoubleCheckHelicityFilter =  T
  > LoopInitStartOver         =  F
  > HelInitStartOver          =  F
  > ZeroThres                 =    1.0000000000000001E-009
  > OSThres                   =    1.0000000000000000E-008
  > WriteOutFilters           =  T
  > UseQPIntegrandForNinja    =  F
  > UseQPIntegrandForCutTools =  T
 ===============================================================
  
------------------------------------------------------------------------
|              You are using CutTools - Version 1.9.3                  |
|              Authors: G. Ossola, C. Papadopoulos, R. Pittau          |
|              Published in JHEP 0803:042,2008                         |
|              http://www.ugr.es/~pittau/CutTools                      |
|                                                                      |
|              Compiler with  34  significant digits detetected        |
 ---------------------------------------------------------------------- 
   
########################################################################
#                                                                      #
#                      You are using OneLOop-3.6                       #
#                                                                      #
# for the evaluation of 1-loop scalar 1-, 2-, 3- and 4-point functions #
#                                                                      #
# author: Andreas van Hameren <hamerenREMOVETHIS@ifj.edu.pl>           #
#   date: 18-02-2015                                                   #
#                                                                      #
# Please cite                                                          #
#    A. van Hameren,                                                   #
#      Comput.Phys.Commun. 182 (2011) 2427-2438, arXiv:1007.4716       #
#    A. van Hameren, C.G. Papadopoulos and R. Pittau,                  #
#      JHEP 0909:106,2009, arXiv:0903.4665                             #
# in publications with results obtained with the help of this program. #
#                                                                      #
########################################################################
 PASSED   1.0000000000000001E-005
 MU_R    =    325.00000000000000     
 ALPHA_S =   0.11799999999999999     
 BORN                    8.1674943710384572E-012
 SINGLE POLE (MadFKS)   -2.3394944906340621E-012
 DOUBLE POLE (MadFKS)   -8.1806857608249675E-013
 SINGLE POLE (MadLoop)  -2.3394944906318564E-012
 DOUBLE POLE (MadLoop)  -8.1806857608248493E-013
 FINITE PART (MadLoop)   9.9240381877549970E-013
   325.00000000000000        0.0000000000000000        0.0000000000000000        325.00000000000000        0.0000000000000000     
   325.00000000000000        0.0000000000000000        0.0000000000000000       -325.00000000000000        0.0000000000000000     
   298.92021047215542        129.28043386778990       -142.92072487069439        228.50279659143993        0.0000000000000000     
   152.56067485721707       -106.60158832224674        50.542185292918283       -96.728219180754323        0.0000000000000000     
   54.601231720259946        10.108566327915575       -20.977516400454864       -49.386791734554883        0.0000000000000000     
   143.91788295036761       -32.787411873458730        113.35605597823101       -82.387785676130719        0.0000000000000000     

 PASSED   1.0000000000000001E-005
 MU_R    =    325.00000000000000     
 ALPHA_S =   0.11799999999999999     
 BORN                    2.8610673920374977E-011
 SINGLE POLE (MadFKS)   -5.4775036635424597E-012
 DOUBLE POLE (MadFKS)   -2.8656883263729618E-012
 SINGLE POLE (MadLoop)  -5.4775036635421746E-012
 DOUBLE POLE (MadLoop)  -2.8656883263729424E-012
 FINITE PART (MadLoop)   1.2691289191607866E-011
   325.00000000000000        0.0000000000000000        0.0000000000000000        325.00000000000000        0.0000000000000000     
   325.00000000000000        0.0000000000000000        0.0000000000000000       -325.00000000000000        0.0000000000000000     
   217.03423324930102       -180.22376664979208       -42.777515735009295       -113.10763229868428        0.0000000000000000     
   174.10660598124619        94.866388902170556       -143.74929807197830       -25.487601040203970        0.0000000000000000     
   113.57355233282465        67.105991495031333        60.325053724685844        68.968294078361893        0.0000000000000000     
   145.28560843662763        18.251386252590134        126.20176008230177        69.626939260526242        0.0000000000000000     

 PASSED   1.0000000000000001E-005
 MU_R    =    325.00000000000000     
 ALPHA_S =   0.11799999999999999     
 BORN                    6.4609890396155173E-011
 SINGLE POLE (MadFKS)   -5.0604473863495566E-012
 DOUBLE POLE (MadFKS)   -6.4714242380932976E-012
 SINGLE POLE (MadLoop)  -5.0604473863492682E-012
 DOUBLE POLE (MadLoop)  -6.4714242380933017E-012
 FINITE PART (MadLoop)   3.2866252941946875E-011
   325.00000000000000        0.0000000000000000        0.0000000000000000        325.00000000000000        0.0000000000000000     
   325.00000000000000        0.0000000000000000        0.0000000000000000       -325.00000000000000        0.0000000000000000     
   117.67707735288322        3.4447267397738868       -104.23144534982818        54.514531936819608        0.0000000000000000     
   181.58644296694573       -103.48307326136059        148.33271094716685       -16.195575964933859        0.0000000000000000     
   208.17494881018195        159.57855042562088       -113.06442015414694        71.329744506663928        0.0000000000000000     
   142.56153086998927       -59.540203904034193        68.963154556808334       -109.64870047854966        0.0000000000000000     

 PASSED   1.0000000000000001E-005
 MU_R    =    325.00000000000000     
 ALPHA_S =   0.11799999999999999     
 BORN                    6.9275559814858588E-010
 SINGLE POLE (MadFKS)   -9.3600615965659234E-011
 DOUBLE POLE (MadFKS)   -6.9387447362089342E-011
 SINGLE POLE (MadLoop)  -9.3600615965661534E-011
 DOUBLE POLE (MadLoop)  -6.9387447362089368E-011
 FINITE PART (MadLoop)   1.6043837665127353E-010
   325.00000000000000        0.0000000000000000        0.0000000000000000        325.00000000000000        0.0000000000000000     
   325.00000000000000        0.0000000000000000        0.0000000000000000       -325.00000000000000        0.0000000000000000     
   27.329244523817785       -5.7019780575031884        26.725736480905397       0.33175597595072281        0.0000000000000000     
   305.49150597829436       -228.03696437165416       -189.90161036167765       -72.536759557405020        0.0000000000000000     
   251.90050667808799        183.92773226937791        136.47637076180050        104.87447158679309        0.0000000000000000     
   65.278742819799689        49.811210159779435        26.699503118971727       -32.669468005338807        0.0000000000000000     

 PASSED   1.0000000000000001E-005
 MU_R    =    325.00000000000000     
 ALPHA_S =   0.11799999999999999     
 BORN                    6.1403974790242838E-010
 SINGLE POLE (MadFKS)   -8.1749763893371903E-011
 DOUBLE POLE (MadFKS)   -6.1503148873395118E-011
 SINGLE POLE (MadLoop)  -8.1749763893369486E-011
 DOUBLE POLE (MadLoop)  -6.1503148873394110E-011
 FINITE PART (MadLoop)   2.1955466202778810E-010
   325.00000000000000        0.0000000000000000        0.0000000000000000        325.00000000000000        0.0000000000000000     
   325.00000000000000        0.0000000000000000        0.0000000000000000       -325.00000000000000        0.0000000000000000     
   101.58601253190797       -44.276704064311772        81.672371596369942        41.096412704258945        0.0000000000000000     
   193.54870777290768       -154.11956540723514        116.49101315505071        11.751837871464174        0.0000000000000000     
   241.87137561198838        222.46321959551375       -92.880981235680764       -19.621457446654237        0.0000000000000000     
   112.99390408319616       -24.066950123966908       -105.28240351573992       -33.226793129068923        0.0000000000000000     

 PASSED   1.0000000000000001E-005
 MU_R    =    325.00000000000000     
 ALPHA_S =   0.11799999999999999     
 BORN                    2.0409580345253003E-010
 SINGLE POLE (MadFKS)   -4.0238994146879859E-011
 DOUBLE POLE (MadFKS)   -2.0442544032460184E-011
 SINGLE POLE (MadLoop)  -4.0238994146880040E-011
 DOUBLE POLE (MadLoop)  -2.0442544032460517E-011
 FINITE PART (MadLoop)   5.5766036682326777E-011
   325.00000000000000        0.0000000000000000        0.0000000000000000        325.00000000000000        0.0000000000000000     
   325.00000000000000        0.0000000000000000        0.0000000000000000       -325.00000000000000        0.0000000000000000     
   209.75952237561336       -61.754781536874582        182.43245230406504       -83.089136058231702        0.0000000000000000     
   28.770011140238129        1.5013512335843109       -15.437224626446479       -24.231210892472433        0.0000000000000000     
   186.07118910671915       -87.895189989518286       -151.88128019934817       -61.878911733336068        0.0000000000000000     
   225.39927737742966        148.14862029280860       -15.113947478270367        169.19925868404022        0.0000000000000000     

 PASSED   1.0000000000000001E-005
 MU_R    =    325.00000000000000     
 ALPHA_S =   0.11799999999999999     
 BORN                    1.7447215343381002E-008
 SINGLE POLE (MadFKS)   -2.4337533320798488E-009
 DOUBLE POLE (MadFKS)   -1.7475394489619514E-009
 SINGLE POLE (MadLoop)  -2.4337533320802144E-009
 DOUBLE POLE (MadLoop)  -1.7475394489619439E-009
 FINITE PART (MadLoop)   6.1922173716310914E-009
   325.00000000000000        0.0000000000000000        0.0000000000000000        325.00000000000000        0.0000000000000000     
   325.00000000000000        0.0000000000000000        0.0000000000000000       -325.00000000000000        0.0000000000000000     
   66.693410329893908       -41.000668676223853       -51.952840110426536       -8.2376303628271117        0.0000000000000000     
   58.944339839366613        36.849245957344834       -15.855257733009671        43.187719014711675        0.0000000000000000     
   298.50641585877810        95.744045180477968        251.01867033500926       -130.11066545282253        0.0000000000000000     
   225.85583397196135       -91.592622461599078       -183.21057249157303        95.160576800938003        0.0000000000000000     

 PASSED   1.0000000000000001E-005
 MU_R    =    325.00000000000000     
 ALPHA_S =   0.11799999999999999     
 BORN                    1.5841336301058104E-012
 SINGLE POLE (MadFKS)   -5.4777123565039942E-013
 DOUBLE POLE (MadFKS)   -1.5866921778365251E-013
 SINGLE POLE (MadLoop)  -5.4777123565041901E-013
 DOUBLE POLE (MadLoop)  -1.5866921778365175E-013
 FINITE PART (MadLoop)   1.5496048952230090E-013
   325.00000000000000        0.0000000000000000        0.0000000000000000        325.00000000000000        0.0000000000000000     
   325.00000000000000        0.0000000000000000        0.0000000000000000       -325.00000000000000        0.0000000000000000     
   170.02117128005992       -30.226766805023058        52.643210598588020       -158.81509257570897        0.0000000000000000     
   85.820749348552809       -8.8749539770204873        23.027622347682435        82.195892961056316        0.0000000000000000     
   163.46292428328871       -32.600712238360380       -72.892378680953826       -142.63247283500428        0.0000000000000000     
   230.69515508809806        71.702433020404001       -2.7784542653164910        219.25167244965704        0.0000000000000000     

 PASSED   1.0000000000000001E-005
 MU_R    =    325.00000000000000     
 ALPHA_S =   0.11799999999999999     
 BORN                    6.2219645302814513E-011
 SINGLE POLE (MadFKS)   -8.1373214313087510E-012
 DOUBLE POLE (MadFKS)   -6.2320136782365226E-012
 SINGLE POLE (MadLoop)  -8.1373214313087073E-012
 DOUBLE POLE (MadLoop)  -6.2320136782365032E-012
 FINITE PART (MadLoop)   2.4410111216338241E-011
   325.00000000000000        0.0000000000000000        0.0000000000000000        325.00000000000000        0.0000000000000000     
   325.00000000000000        0.0000000000000000        0.0000000000000000       -325.00000000000000        0.0000000000000000     
   148.94014466441226       -108.51731027682172        92.674536024870264        42.644934464893687        0.0000000000000000     
   202.95073927820926        98.673858290129473        161.85132197913862       -72.502564349934005        0.0000000000000000     
   121.28024834903414        60.430514593426182       -87.495567675732772        58.323041610313560        0.0000000000000000     
   176.82886770834435       -50.587062606733944       -167.03029032827612       -28.465411725273206        0.0000000000000000     

 PASSED   1.0000000000000001E-005
 MU_R    =    325.00000000000000     
 ALPHA_S =   0.11799999999999999     
 BORN                    9.1803301505177574E-011
 SINGLE POLE (MadFKS)   -2.4688392475916401E-011
 DOUBLE POLE (MadFKS)   -9.1951573800061244E-012
 SINGLE POLE (MadLoop)  -2.4688392475916559E-011
 DOUBLE POLE (MadLoop)  -9.1951573800061470E-012
 FINITE PART (MadLoop)   1.8613440454405071E-011
   325.00000000000000        0.0000000000000000        0.0000000000000000        325.00000000000000        0.0000000000000000     
   325.00000000000000        0.0000000000000000        0.0000000000000000       -325.00000000000000        0.0000000000000000     
   147.98953089591851       -141.06928009602777      -0.56679964292798968       -44.721786705667817        0.0000000000000000     
   284.77482733814412        175.13935685945140       -100.23256588279666        200.93864909687821        0.0000000000000000     
   190.11307485157448       -21.270762420300322        121.66162077099291       -144.53022495988370        0.0000000000000000     
   27.122566914362864       -12.799314343123289       -20.862255245268280       -11.686637431326670        0.0000000000000000     

 PASSED   1.0000000000000001E-005
 MU_R    =    325.00000000000000     
 ALPHA_S =   0.11799999999999999     
 BORN                    3.6523174098958384E-009
 SINGLE POLE (MadFKS)   -4.9149193405205574E-010
 DOUBLE POLE (MadFKS)   -3.6582162988805476E-010
 SINGLE POLE (MadLoop)  -4.9149193405185080E-010
 DOUBLE POLE (MadLoop)  -3.6582162988805476E-010
 FINITE PART (MadLoop)   1.8921886267521900E-009
   325.00000000000000        0.0000000000000000        0.0000000000000000        325.00000000000000        0.0000000000000000     
   325.00000000000000        0.0000000000000000        0.0000000000000000       -325.00000000000000        0.0000000000000000     
   67.138156048009861        16.130730440256798        28.180356191531736        58.763926501801208        0.0000000000000000     
   251.51156910065660        179.79473491319226        114.75174925714919        133.28150183500199        0.0000000000000000     
   168.53891900274684       -127.48746794837444       -97.476877781478507       -51.483696766076996        0.0000000000000000     
   162.81135584858660       -68.437997405074583       -45.455227667202429       -140.56173157072624        0.0000000000000000     

 PASSED   1.0000000000000001E-005
 MU_R    =    325.00000000000000     
 ALPHA_S =   0.11799999999999999     
 BORN                    8.7148425718302466E-012
 SINGLE POLE (MadFKS)   -1.7266526197369365E-012
 DOUBLE POLE (MadFKS)   -8.7289179883619965E-013
 SINGLE POLE (MadLoop)  -1.7266526197369159E-012
 DOUBLE POLE (MadLoop)  -8.7289179883619985E-013
 FINITE PART (MadLoop)   2.8166826446323656E-012
   325.00000000000000        0.0000000000000000        0.0000000000000000        325.00000000000000        0.0000000000000000     
   325.00000000000000        0.0000000000000000        0.0000000000000000       -325.00000000000000        0.0000000000000000     
   209.15067060786606        107.39525120480248        27.211761635788299        177.39724649231323        0.0000000000000000     
   162.57907773982154        43.204960294572011       -114.67837961053127       -106.83705899442523        0.0000000000000000     
   164.88448541650826       -47.791654864191450        133.14688500557693       -84.703944829744586        0.0000000000000000     
   113.38576623580389       -102.80855663518298       -45.680267030834010        14.143757331856552        0.0000000000000000     

 PASSED   1.0000000000000001E-005
 MU_R    =    325.00000000000000     
 ALPHA_S =   0.11799999999999999     
 BORN                    1.1138327071644966E-011
 SINGLE POLE (MadFKS)   -2.7016272945309642E-012
 DOUBLE POLE (MadFKS)   -1.1156316678652557E-012
 SINGLE POLE (MadLoop)  -2.7016272945308992E-012
 DOUBLE POLE (MadLoop)  -1.1156316678652549E-012
 FINITE PART (MadLoop)   4.1470314375367594E-012
   325.00000000000000        0.0000000000000000        0.0000000000000000        325.00000000000000        0.0000000000000000     
   325.00000000000000        0.0000000000000000        0.0000000000000000       -325.00000000000000        0.0000000000000000     
   180.69130140472222        104.24569894711369       -66.995110799118549        131.50602945634753        0.0000000000000000     
   142.07005995602978       -84.813717672334619        84.640565805766855       -76.331578331559996        0.0000000000000000     
   191.77380335797287       -70.840934535766678       -108.96278584109974       -141.01725054130185        0.0000000000000000     
   135.46483528127496        51.408953260987531        91.317330834451440        85.842799416514282        0.0000000000000000     

 PASSED   1.0000000000000001E-005
 MU_R    =    325.00000000000000     
 ALPHA_S =   0.11799999999999999     
 BORN                    1.2710878237192361E-009
 SINGLE POLE (MadFKS)   -1.0986405775512993E-010
 DOUBLE POLE (MadFKS)   -1.2731407684993418E-010
 SINGLE POLE (MadLoop)  -1.0986405775489398E-010
 DOUBLE POLE (MadLoop)  -1.2731407684993532E-010
 FINITE PART (MadLoop)   5.6615563082584038E-010
   325.00000000000000        0.0000000000000000        0.0000000000000000        325.00000000000000        0.0000000000000000     
   325.00000000000000        0.0000000000000000        0.0000000000000000       -325.00000000000000        0.0000000000000000     
Thanks for using LHAPDF 6.2.1. Please make sure to cite the paper:
  Eur.Phys.J. C75 (2015) 3, 132  (http://arxiv.org/abs/1412.7420)
   109.61160356228483        20.053663054122381       -106.72986301421695        14.875838617493823        0.0000000000000000     
   81.330517719750446        70.764765326214786       -11.604399745046740       -38.371069928339850        0.0000000000000000     
   196.82440774093871       -131.33363688157968       -139.97048472171898        43.584248448213273        0.0000000000000000     
   262.23347097702629        40.515208501242611        258.30474748098277       -20.089017137367296        0.0000000000000000     

 PASSED   1.0000000000000001E-005
 MU_R    =    325.00000000000000     
 ALPHA_S =   0.11799999999999999     
 BORN                    8.9514189369158239E-012
 SINGLE POLE (MadFKS)   -2.1380565942392007E-012
 DOUBLE POLE (MadFKS)   -8.9658764499516347E-013
 SINGLE POLE (MadLoop)  -2.1380565942391858E-012
 DOUBLE POLE (MadLoop)  -8.9658764499516206E-013
 FINITE PART (MadLoop)   2.3093331467990259E-012
   325.00000000000000        0.0000000000000000        0.0000000000000000        325.00000000000000        0.0000000000000000     
   325.00000000000000        0.0000000000000000        0.0000000000000000       -325.00000000000000        0.0000000000000000     
   245.22223704724658        221.62892901159461        101.25951869296910       -27.587555921063235        0.0000000000000000     
   159.10742644067676       -34.245462279804627       -122.82978898129048       -95.159153005002693        0.0000000000000000     
   150.74920273713420       -141.25238387316213       -17.614285512473462        49.626838725789220        0.0000000000000000     
   94.921133774942291       -46.131082858627785        39.184555800794783        73.119870200276694        0.0000000000000000     

 PASSED   1.0000000000000001E-005
 MU_R    =    325.00000000000000     
 ALPHA_S =   0.11799999999999999     
 BORN                    8.8565868013567472E-012
 SINGLE POLE (MadFKS)   -1.2213947238501283E-012
 DOUBLE POLE (MadFKS)   -8.8708911502019739E-013
 SINGLE POLE (MadLoop)  -1.2213947238501380E-012
 DOUBLE POLE (MadLoop)  -8.8708911502019688E-013
 FINITE PART (MadLoop)   3.7508731972804797E-012
   325.00000000000000        0.0000000000000000        0.0000000000000000        325.00000000000000        0.0000000000000000     
   325.00000000000000        0.0000000000000000        0.0000000000000000       -325.00000000000000        0.0000000000000000     
   188.65180527203827        178.78369546156921       -41.276396692347944        43.842364735491294        0.0000000000000000     
   136.92170178938312       -95.864163829682084        57.005042878599014       -79.423167908021099        0.0000000000000000     
   181.56906652251376       -141.10676087406830        113.19795073159405        15.570224906955081        0.0000000000000000     
   142.85742641606464        58.187229242181026       -128.92659691784510        20.010578265574711        0.0000000000000000     

 PASSED   1.0000000000000001E-005
 MU_R    =    325.00000000000000     
 ALPHA_S =   0.11799999999999999     
 BORN                    9.2988956649334362E-011
 SINGLE POLE (MadFKS)   -1.9690904368248799E-011
 DOUBLE POLE (MadFKS)   -9.3139143905949071E-012
 SINGLE POLE (MadLoop)  -1.9690904368246776E-011
 DOUBLE POLE (MadLoop)  -9.3139143905949184E-012
 FINITE PART (MadLoop)   3.6906223907541806E-011
   325.00000000000000        0.0000000000000000        0.0000000000000000        325.00000000000000        0.0000000000000000     
   325.00000000000000        0.0000000000000000        0.0000000000000000       -325.00000000000000        0.0000000000000000     
   129.16994621440318        18.259922660138010       -104.78341672734014        73.293149805573009        0.0000000000000000     
   227.50991185906136       -47.726499205513242        194.56635176424351        107.82799278877742        0.0000000000000000     
   121.96854834454514        31.346250232524810        61.451497911316963       -100.58554958884997        0.0000000000000000     
   171.35159358199010       -1.8796736871495676       -151.23443294822036       -80.535593005500360        0.0000000000000000     

 PASSED   1.0000000000000001E-005
 MU_R    =    325.00000000000000     
 ALPHA_S =   0.11799999999999999     
 BORN                    4.7246937374902133E-011
 SINGLE POLE (MadFKS)   -4.4802525525748459E-012
 DOUBLE POLE (MadFKS)   -4.7323246306236226E-012
 SINGLE POLE (MadLoop)  -4.4802525525747764E-012
 DOUBLE POLE (MadLoop)  -4.7323246306236419E-012
 FINITE PART (MadLoop)   2.2227499079881502E-011
   325.00000000000000        0.0000000000000000        0.0000000000000000        325.00000000000000        0.0000000000000000     
   325.00000000000000        0.0000000000000000        0.0000000000000000       -325.00000000000000        0.0000000000000000     
   139.01708763561780        91.573674158030755       -53.868759396461726        89.655839837536348        0.0000000000000000     
   260.21824935554724       -122.47228217614743        197.77644371279405       -116.61284538399667        0.0000000000000000     
   149.72174729062479        43.144727087546578       -90.045870387595599        111.56556530775600        0.0000000000000000     
   101.04291571820994       -12.246119069429893       -53.861813928736751       -84.608559761295780        0.0000000000000000     

 PASSED   1.0000000000000001E-005
 MU_R    =    325.00000000000000     
 ALPHA_S =   0.11799999999999999     
 BORN                    3.7573086789732050E-011
 SINGLE POLE (MadFKS)   -8.7391490119757062E-012
 DOUBLE POLE (MadFKS)   -3.7633771402516511E-012
 SINGLE POLE (MadLoop)  -8.7391490119760988E-012
 DOUBLE POLE (MadLoop)  -3.7633771402517424E-012
 FINITE PART (MadLoop)  -7.7251433909572598E-012
   325.00000000000000        0.0000000000000000        0.0000000000000000        325.00000000000000        0.0000000000000000     
   325.00000000000000        0.0000000000000000        0.0000000000000000       -325.00000000000000        0.0000000000000000     
   215.04130458528275        172.30703990941259       -123.87072174845865        34.771985403660835        0.0000000000000000     
   183.07023618720638       -140.70622877256238       -114.17868497989814       -26.070988828658432        0.0000000000000000     
   239.42469985218554       -42.548782415114090        235.59088109629812       -3.2748677179969721        0.0000000000000000     
   12.463759375325299        10.947971278263973        2.4585256320586435       -5.4261288570054331        0.0000000000000000     

 PASSED   1.0000000000000001E-005
 MU_R    =    325.00000000000000     
 ALPHA_S =   0.11799999999999999     
 BORN                    1.4936951791469464E-009
 SINGLE POLE (MadFKS)   -3.8577649069854391E-010
 DOUBLE POLE (MadFKS)   -1.4961076589645302E-010
 SINGLE POLE (MadLoop)  -3.8577649069854623E-010
 DOUBLE POLE (MadLoop)  -1.4961076589645266E-010
 FINITE PART (MadLoop)   3.4085364484139874E-010
   325.00000000000000        0.0000000000000000        0.0000000000000000        325.00000000000000        0.0000000000000000     
   325.00000000000000        0.0000000000000000        0.0000000000000000       -325.00000000000000        0.0000000000000000     
   91.411620280288773       -50.271108493715644        73.910190105944878        19.135928814245219        0.0000000000000000     
   60.305419099870278       -7.6986680466180664        35.325510950937073       -48.265747266298547        0.0000000000000000     
   273.55216199666421        75.013506142266124       -193.07374325472946       -178.67929061561725        0.0000000000000000     
   224.73079862317684       -17.043729601932405        83.838042197847500        207.80910906767059        0.0000000000000000     

 NUMBER OF POINTS PASSING THE CHECK          20
 NUMBER OF POINTS FAILING THE CHECK           0
 TOLERANCE    1.0000000000000001E-005
