==== LHAPDF6 USING DEFAULT-TYPE LHAGLUE INTERFACE ====
LHAPDF 6.2.1 loading /cvmfs/cms.cern.ch/slc6_amd64_gcc481/external/lhapdf/6.2.1/share/LHAPDF/NNPDF31_nnlo_hessian_pdfas/NNPDF31_nnlo_hessian_pdfas_0000.dat
NNPDF31_nnlo_hessian_pdfas PDF set, member #0, version 1; LHAPDF ID = 306000
 A PDF is used, so alpha_s(MZ) is going to be modified
 Old value of alpha_s from param_card:   0.11799999999999999     
 New value of alpha_s from PDF lhapdf :  0.11800208008122040     
 using LHAPDF
 *****************************************************
 *               MadGraph/MadEvent                   *
 *        --------------------------------           *
 *          http://madgraph.hep.uiuc.edu             *
 *          http://madgraph.phys.ucl.ac.be           *
 *          http://madgraph.roma2.infn.it            *
 *        --------------------------------           *
 *                                                   *
 *          PARAMETER AND COUPLING VALUES            *
 *                                                   *
 *****************************************************

  External Params
  ---------------------------------
  
 MU_R =    91.188000000000002     
 aEWM1 =    132.50700000000001     
 mdl_Gf =    1.1663900000000000E-005
 aS =   0.11799999999999999     
 mdl_lamWS =   0.22530000000000000     
 mdl_AWS =   0.80800000000000005     
 mdl_rhoWS =   0.13200000000000001     
 mdl_etaWS =   0.34100000000000003     
 mdl_ymt =    173.00000000000000     
 mdl_ymtau =    1.7769999999999999     
 mdl_MT =    173.00000000000000     
 mdl_MZ =    91.188000000000002     
 mdl_MH =    125.00000000000000     
 mdl_MTA =    1.7769999999999999     
 mdl_WT =    1.4915000000000000     
 mdl_WZ =    2.4414039999999999     
 mdl_WW =    2.0476000000000001     
 mdl_WH =    6.3823389999999999E-003
  Internal Params
  ---------------------------------
  
 mdl_CKM33 =    1.0000000000000000     
 mdl_conjg__CKM3x3 =    1.0000000000000000     
 mdl_I4x33 =    0.0000000000000000     
 mdl_I1x33 =    0.0000000000000000     
 mdl_lhv =    1.0000000000000000     
 mdl_CKM3x3 =    1.0000000000000000     
 mdl_conjg__CKM33 =    1.0000000000000000     
 mdl_Ncol =    3.0000000000000000     
 mdl_CA =    3.0000000000000000     
 mdl_TF =   0.50000000000000000     
 mdl_CF =    1.3333333333333333     
 mdl_lamWS__exp__2 =    5.0760090000000001E-002
 mdl_CKM11 =  ( 0.97461995499999998     ,  0.0000000000000000     )
 mdl_CKM12 =  ( 0.22530000000000000     ,  0.0000000000000000     )
 mdl_complexi =  (  0.0000000000000000     ,  1.0000000000000000     )
 mdl_lamWS__exp__3 =    1.1436248277000001E-002
 mdl_CKM13 =  (  1.2197444962317122E-003, -3.1510066152652563E-003)
 mdl_CKM21 =  (-0.22530000000000000     ,  0.0000000000000000     )
 mdl_CKM22 =  ( 0.97461995499999998     ,  0.0000000000000000     )
 mdl_CKM23 =  (  4.1014152720000002E-002,  0.0000000000000000     )
 mdl_CKM31 =  (  8.0207441115842885E-003, -3.1510066152652563E-003)
 mdl_CKM32 =  ( -4.1014152720000002E-002,  0.0000000000000000     )
 mdl_MZ__exp__2 =    8315.2513440000002     
 mdl_MZ__exp__4 =    69143404.913893804     
 mdl_sqrt__2 =    1.4142135623730951     
 mdl_MH__exp__2 =    15625.000000000000     
 mdl_CKM1x1 =  ( 0.97461995499999998     ,  0.0000000000000000     )
 mdl_CKM1x2 =  ( 0.22530000000000000     ,  0.0000000000000000     )
 mdl_CKM1x3 =  (  1.2197444962317122E-003, -3.1510066152652563E-003)
 mdl_CKM2x1 =  (-0.22530000000000000     ,  0.0000000000000000     )
 mdl_CKM2x2 =  ( 0.97461995499999998     ,  0.0000000000000000     )
 mdl_CKM2x3 =  (  4.1014152720000002E-002,  0.0000000000000000     )
 mdl_CKM3x1 =  (  8.0207441115842885E-003, -3.1510066152652563E-003)
 mdl_CKM3x2 =  ( -4.1014152720000002E-002,  0.0000000000000000     )
 mdl_conjg__CKM1x3 =  (  1.2197444962317122E-003,  3.1510066152652563E-003)
 mdl_conjg__CKM2x3 =  (  4.1014152720000002E-002, -0.0000000000000000     )
 mdl_conjg__CKM2x1 =  (-0.22530000000000000     , -0.0000000000000000     )
 mdl_conjg__CKM3x1 =  (  8.0207441115842885E-003,  3.1510066152652563E-003)
 mdl_conjg__CKM2x2 =  ( 0.97461995499999998     , -0.0000000000000000     )
 mdl_conjg__CKM3x2 =  ( -4.1014152720000002E-002, -0.0000000000000000     )
 mdl_Ncol__exp__2 =    9.0000000000000000     
 mdl_MT__exp__2 =    29929.000000000000     
 mdl_conjg__CKM11 =  ( 0.97461995499999998     , -0.0000000000000000     )
 mdl_conjg__CKM12 =  ( 0.22530000000000000     , -0.0000000000000000     )
 mdl_conjg__CKM13 =  (  1.2197444962317122E-003,  3.1510066152652563E-003)
 mdl_conjg__CKM21 =  (-0.22530000000000000     , -0.0000000000000000     )
 mdl_conjg__CKM22 =  ( 0.97461995499999998     , -0.0000000000000000     )
 mdl_conjg__CKM23 =  (  4.1014152720000002E-002, -0.0000000000000000     )
 mdl_conjg__CKM31 =  (  8.0207441115842885E-003,  3.1510066152652563E-003)
 mdl_conjg__CKM32 =  ( -4.1014152720000002E-002, -0.0000000000000000     )
 mdl_aEW =    7.5467711139788835E-003
 mdl_MW =    80.419002445756163     
 mdl_sqrt__aEW =    8.6872153846781555E-002
 mdl_ee =   0.30795376724436879     
 mdl_MW__exp__2 =    6467.2159543705357     
 mdl_sw2 =   0.22224648578577766     
 mdl_cw =   0.88190334743339216     
 mdl_sqrt__sw2 =   0.47143025548407230     
 mdl_sw =   0.47143025548407230     
 mdl_g1 =   0.34919219678733299     
 mdl_gw =   0.65323293034757990     
 mdl_v =    246.21845810181637     
 mdl_v__exp__2 =    60623.529110035903     
 mdl_lam =   0.12886910601690263     
 mdl_yt =   0.99366614581500623     
 mdl_ytau =    1.0206617000654717E-002
 mdl_muH =    88.388347648318430     
 mdl_AxialZUp =  -0.18517701861793787     
 mdl_AxialZDown =   0.18517701861793787     
 mdl_VectorZUp =    7.5430507588273299E-002
 mdl_VectorZDown =  -0.13030376310310560     
 mdl_VectorAUp =   0.20530251149624587     
 mdl_VectorADown =  -0.10265125574812294     
 mdl_VectorWmDxU =   0.23095271737156670     
 mdl_AxialWmDxU =  -0.23095271737156670     
 mdl_VectorWpUxD =   0.23095271737156670     
 mdl_AxialWpUxD =  -0.23095271737156670     
 mdl_I2x13 =  (  7.9699418879263656E-003,  3.1310485988282153E-003)
 mdl_I2x23 =  ( -4.0754375057150453E-002, -0.0000000000000000     )
 mdl_I2x33 =  ( 0.99366614581500623     ,  0.0000000000000000     )
 mdl_I3x31 =  (  7.9699418879263656E-003, -3.1310485988282153E-003)
 mdl_I3x32 =  ( -4.0754375057150453E-002,  0.0000000000000000     )
 mdl_I3x33 =  ( 0.99366614581500623     ,  0.0000000000000000     )
 mdl_Vector_tdGp =  ( -7.9699418879263656E-003, -3.1310485988282153E-003)
 mdl_Vector_tsGp =  (  4.0754375057150453E-002,  0.0000000000000000     )
 mdl_Vector_tbGp =  (-0.99366614581500623     ,  0.0000000000000000     )
 mdl_Axial_tdGp =  ( -7.9699418879263656E-003, -3.1310485988282153E-003)
 mdl_Axial_tsGp =  (  4.0754375057150453E-002,  0.0000000000000000     )
 mdl_Axial_tbGp =  (-0.99366614581500623     , -0.0000000000000000     )
 mdl_Vector_tdGm =  (  7.9699418879263656E-003, -3.1310485988282153E-003)
 mdl_Vector_tsGm =  ( -4.0754375057150453E-002,  0.0000000000000000     )
 mdl_Vector_tbGm =  ( 0.99366614581500623     ,  0.0000000000000000     )
 mdl_Axial_tdGm =  ( -7.9699418879263656E-003,  3.1310485988282153E-003)
 mdl_Axial_tsGm =  (  4.0754375057150453E-002, -0.0000000000000000     )
 mdl_Axial_tbGm =  (-0.99366614581500623     ,  0.0000000000000000     )
 mdl_gw__exp__2 =   0.42671326129048615     
 mdl_cw__exp__2 =   0.77775351421422245     
 mdl_ee__exp__2 =    9.4835522759998875E-002
 mdl_sw__exp__2 =   0.22224648578577769     
 mdl_yt__exp__2 =   0.98737240933884918     
  Internal Params evaluated point by point
  ----------------------------------------
  
 mdl_sqrt__aS =   0.34351128074635334     
 mdl_G__exp__4 =    2.1987899468922913     
 mdl_G__exp__2 =    1.4828317324943823     
 mdl_R2MixedFactor_FIN_ =   -2.5040377713124864E-002
 mdl_G_UVg_1EPS_ =   -5.1645779033320030E-002
 mdl_G_UVq_1EPS_ =    3.1300472141406080E-003
 mdl_G_UVb_1EPS_ =    3.1300472141406080E-003
 mdl_GWcft_UV_t_1EPS_ =   -3.1300472141406080E-003
 mdl_tWcft_UV_1EPS_ =   -1.8780283284843650E-002
 mdl_G__exp__3 =    1.8056676068262196     
 mdl_MU_R__exp__2 =    8315.2513440000002     
 mdl_G_UVt_FIN_ =   -4.0087659331150384E-003
 mdl_GWcft_UV_t_FIN_ =    4.0087659331150384E-003
 mdl_tWcft_UV_FIN_ =   -9.8778211443463623E-004
  Couplings of loop_sm-ckm_no_b_mass
  ---------------------------------
  
       UV_3Gt =   0.48815E-02   0.00000E+00
      UV_GQQt =   0.00000E+00  -0.48815E-02
   UVWfct_G_2 =   0.40088E-02   0.00000E+00
       R2_DDA =   0.00000E+00   0.25704E-02
       R2_UUA =  -0.00000E+00  -0.51409E-02
    R2_DDZ_V2 =   0.00000E+00   0.72127E-02
    R2_UUZ_V2 =  -0.00000E+00  -0.72127E-02
    R2_UUZ_V5 =   0.00000E+00   0.68702E-03
      R2_GGHt =   0.00000E+00  -0.45657E+01
     R2_GGZup =  -0.46369E-02   0.00000E+00
   R2_GGZdown =   0.46369E-02   0.00000E+00
 R2_GGGZvecUp =   0.00000E+00   0.28750E-03
 R2_GGGZvecDown  -0.00000E+00  -0.49665E-03
 R2_GGGZaxialUp  -0.00000E+00  -0.63522E-02
 R2_GGGZaxialDow  0.00000E+00   0.63522E-02
 R2_GGGAvecUp =   0.00000E+00   0.78251E-03
 R2_GGGAvecDown  -0.00000E+00  -0.39126E-03
         GC_4 =  -0.12177E+01   0.00000E+00
         GC_5 =   0.00000E+00   0.12177E+01
         GC_6 =   0.00000E+00   0.14828E+01
       R2_3Gq =   0.76230E-02   0.00000E+00
       R2_3Gg =   0.31445E-01   0.00000E+00
       R2_GQQ =  -0.00000E+00  -0.30492E-01
       R2_GGq =   0.00000E+00   0.62601E-02
       R2_GGt =  -0.00000E+00  -0.11242E+04
     R2_GGg_1 =   0.00000E+00   0.28170E-01
     R2_GGg_2 =  -0.00000E+00  -0.18780E-01
       R2_QQq =   0.00000E+00   0.12520E-01
  UV_3Gg_1eps =   0.62890E-01   0.00000E+00
  UV_3Gb_1eps =  -0.38115E-02   0.00000E+00
 UV_GQQg_1eps =   0.00000E+00  -0.62890E-01
 UV_GQQq_1eps =   0.00000E+00   0.38115E-02
 UVWfct_G_2_1eps -0.31300E-02   0.00000E+00
         GC_1 =  -0.00000E+00  -0.10265E+00
         GC_2 =   0.00000E+00   0.20530E+00
        GC_21 =  -0.00000E+00  -0.28804E+00
        GC_22 =   0.00000E+00   0.28804E+00
        GC_23 =  -0.00000E+00  -0.27437E-01
        GC_24 =   0.00000E+00   0.82310E-01
        GC_37 =  -0.00000E+00  -0.70263E+00
        GC_38 =  -0.00000E+00  -0.72172E-02
      GC_1003 =  -0.00000E+00  -0.30795E+00

 Collider parameters:
 --------------------

 Running at P P   machine @    13000.000000000000       GeV
 PDF set = lhapdf 
 alpha_s(Mz)= 0.1180 running at 3 loops.
 alpha_s(Mz)= 0.1180 running at 3 loops.
 Renormalization scale set on event-by-event basis
 Factorization   scale set on event-by-event basis


 ===============================================================
 INFO: MadFKS read these parameters from FKS_params.dat
 ===============================================================
  > IRPoleCheckThreshold      =    1.0000000000000001E-005
  > PrecisionVirtualAtRunTime =    1.0000000000000000E-003
  > NHelForMCoverHels         =            4
  > VirtualFraction           =    1.0000000000000000     
  > MinVirtualFraction        =    5.0000000000000001E-003
 ===============================================================
  Insert the number of points to test
 Insert the relative tolerance
  A negative number will mean use the default one:    1.0000000000000001E-005
Using random seed offsets:     0 ,     29 ,      0
  with seed                   32
 Ranmar initialization seeds       10729        9435
  ========================================================================================== 
 {                                                                                          }
 {       [32m                                                                            [0m       }
 {       [32m                               ,,                                           [0m       }
 {       [32m`7MMM.     ,MMF'             `7MM  `7MMF'                                   [0m       }
 {       [32m  MMMb    dPMM                 MM    MM                                     [0m       }
 {       [32m  M YM   ,M MM   ,6"Yb.   ,M""bMM    MM         ,pW"Wq.   ,pW"Wq.`7MMpdMAo. [0m       }
 {       [32m  M  Mb  M' MM  8)   MM ,AP    MM    MM        6W'   `Wb 6W'   `Wb MM   `Wb [0m       }
 {       [32m  M  YM.P'  MM   ,pm9MM 8MI    MM    MM      , 8M     M8 8M     M8 MM    M8 [0m       }
 {       [32m  M  `YM'   MM  8M   MM `Mb    MM    MM     ,M YA.   ,A9 YA.   ,A9 MM   ,AP [0m       }
 {       [32m.JML. `'  .JMML.`Moo9^Yo.`Wbmd"MML..JMMmmmmMMM  `Ybmd9'   `Ybmd9'  MMbmmd'  [0m       }
 {       [32m                                                                   MM       [0m       }
 {       [32m                                                                 .JMML.     [0m       }
 {       [32m[0mv2.4.2 (2016-06-10), Ref: arXiv:1103.0621v2, arXiv:1405.0301[32m                [0m       }
 {       [32m                                                                            [0m       }
 {                                                                                          }
  ========================================================================================== 
 ===============================================================
 INFO: MadLoop read these parameters from ./MadLoop5_resources/MadLoopParams.dat                                                                                                                                                                                                                                                                                                                                                                                                                                                                                          
 ===============================================================
  > MLReductionLib            = 6|1|2
  > IREGIMODE                 =            2
  > IREGIRECY                 =  T
  > CTModeRun                 =           -1
  > MLStabThres               =    1.0000000000000000E-003
  > NRotations_DP             =            1
  > NRotations_QP             =            0
  > CTStabThres               =    1.0000000000000000E-002
  > CTLoopLibrary             =            2
  > CTModeInit                =            1
  > CheckCycle                =            3
  > MaxAttempts               =           10
  > UseLoopFilter             =  F
  > HelicityFilterLevel       =            2
  > ImprovePSPoint            =            2
  > DoubleCheckHelicityFilter =  T
  > LoopInitStartOver         =  F
  > HelInitStartOver          =  F
  > ZeroThres                 =    1.0000000000000001E-009
  > OSThres                   =    1.0000000000000000E-008
  > WriteOutFilters           =  T
  > UseQPIntegrandForNinja    =  F
  > UseQPIntegrandForCutTools =  T
 ===============================================================
  
------------------------------------------------------------------------
|              You are using CutTools - Version 1.9.3                  |
|              Authors: G. Ossola, C. Papadopoulos, R. Pittau          |
|              Published in JHEP 0803:042,2008                         |
|              http://www.ugr.es/~pittau/CutTools                      |
|                                                                      |
|              Compiler with  34  significant digits detetected        |
 ---------------------------------------------------------------------- 
   
########################################################################
#                                                                      #
#                      You are using OneLOop-3.6                       #
#                                                                      #
# for the evaluation of 1-loop scalar 1-, 2-, 3- and 4-point functions #
#                                                                      #
# author: Andreas van Hameren <hamerenREMOVETHIS@ifj.edu.pl>           #
#   date: 18-02-2015                                                   #
#                                                                      #
# Please cite                                                          #
#    A. van Hameren,                                                   #
#      Comput.Phys.Commun. 182 (2011) 2427-2438, arXiv:1007.4716       #
#    A. van Hameren, C.G. Papadopoulos and R. Pittau,                  #
#      JHEP 0909:106,2009, arXiv:0903.4665                             #
# in publications with results obtained with the help of this program. #
#                                                                      #
########################################################################
 PASSED   1.0000000000000001E-005
 MU_R    =    325.00000000000000     
 ALPHA_S =   0.11799999999999999     
 BORN                    1.4231626761701358E-007
 SINGLE POLE (MadFKS)   -1.0963140085371223E-008
 DOUBLE POLE (MadFKS)   -1.5145525657371768E-008
 SINGLE POLE (MadLoop)  -1.0963140085371189E-008
 DOUBLE POLE (MadLoop)  -1.5145525657371775E-008
 FINITE PART (MadLoop)   1.1856230829515883E-008
   325.00000000000000        0.0000000000000000        0.0000000000000000        325.00000000000000        0.0000000000000000     
   325.00000000000000        0.0000000000000000        0.0000000000000000       -325.00000000000000        0.0000000000000000     
   320.22555904620526        69.506792073430844        288.80516267741757        119.60264433943716        0.0000000000000000     
   85.183678995768972       -50.249747229835236       -62.915106695657677       -27.801284503883778        0.0000000000000000     
   244.59076195802578       -19.257044843595597       -225.89005598175987       -91.801359835553413        0.0000000000000000     

 PASSED   1.0000000000000001E-005
 MU_R    =    325.00000000000000     
 ALPHA_S =   0.11799999999999999     
 BORN                    1.2746294082133928E-008
 SINGLE POLE (MadFKS)   -1.0548350953825078E-009
 DOUBLE POLE (MadFKS)   -1.3564810776016073E-009
 SINGLE POLE (MadLoop)  -1.0548350953824956E-009
 DOUBLE POLE (MadLoop)  -1.3564810776016065E-009
 FINITE PART (MadLoop)   1.2289037635449733E-009
   325.00000000000000        0.0000000000000000        0.0000000000000000        325.00000000000000        0.0000000000000000     
   325.00000000000000        0.0000000000000000        0.0000000000000000       -325.00000000000000        0.0000000000000000     
   308.96582860487422        61.511327586734325        230.44232896489936       -196.39901436933718        0.0000000000000000     
   242.79819588882751        9.8737238585361098       -165.76421559777495        177.13186706882883        0.0000000000000000     
   98.235975506298004       -71.385051445270420       -64.678113367124354        19.267147300508405        0.0000000000000000     

 PASSED   1.0000000000000001E-005
 MU_R    =    325.00000000000000     
 ALPHA_S =   0.11799999999999999     
 BORN                    8.2923167401933613E-007
 SINGLE POLE (MadFKS)   -9.3063088412841482E-008
 DOUBLE POLE (MadFKS)   -8.8248165898806778E-008
 SINGLE POLE (MadLoop)  -9.3063088412842633E-008
 DOUBLE POLE (MadLoop)  -8.8248165898806645E-008
 FINITE PART (MadLoop)   8.3820300190730269E-008
   325.00000000000000        0.0000000000000000        0.0000000000000000        325.00000000000000        0.0000000000000000     
   325.00000000000000        0.0000000000000000        0.0000000000000000       -325.00000000000000        0.0000000000000000     
   291.54056220747242        225.20974493629765        100.80372142022561        155.29030860234138        0.0000000000000000     
   65.863338154946064       -39.247105189920859       -10.603408750745253        51.819029033634742        0.0000000000000000     
   292.59609963758152       -185.96263974637679       -90.200312669480397       -207.10933763597612        0.0000000000000000     

 PASSED   1.0000000000000001E-005
 MU_R    =    325.00000000000000     
 ALPHA_S =   0.11799999999999999     
 BORN                    8.9862165886119221E-006
 SINGLE POLE (MadFKS)   -1.7779396308296126E-006
 DOUBLE POLE (MadFKS)   -9.5632759476086132E-007
 SINGLE POLE (MadLoop)  -1.7779396308296295E-006
 DOUBLE POLE (MadLoop)  -9.5632759476086534E-007
 FINITE PART (MadLoop)   1.1671837236912690E-006
   325.00000000000000        0.0000000000000000        0.0000000000000000        325.00000000000000        0.0000000000000000     
   325.00000000000000        0.0000000000000000        0.0000000000000000       -325.00000000000000        0.0000000000000000     
   261.45450414822125        77.345487916482227       -35.035491515748454        247.28252581329613        0.0000000000000000     
   80.549602928412853       -31.517775449181560       -61.327776290604668        41.638590488986203        0.0000000000000000     
   307.99589292336589       -45.827712467300593        96.363267806353164       -288.92111630228231        0.0000000000000000     

 PASSED   1.0000000000000001E-005
 MU_R    =    325.00000000000000     
 ALPHA_S =   0.11799999999999999     
 BORN                    7.3625643333303695E-008
 SINGLE POLE (MadFKS)   -1.5449328285892847E-008
 DOUBLE POLE (MadFKS)   -7.8353591533603863E-009
 SINGLE POLE (MadLoop)  -1.5449328285893069E-008
 DOUBLE POLE (MadLoop)  -7.8353591533603384E-009
 FINITE PART (MadLoop)   6.8040535234750621E-010
   325.00000000000000        0.0000000000000000        0.0000000000000000        325.00000000000000        0.0000000000000000     
   325.00000000000000        0.0000000000000000        0.0000000000000000       -325.00000000000000        0.0000000000000000     
   277.85156034113635        12.715982652132627       -252.19693923211514       -115.91590577288279        0.0000000000000000     
   316.87956481228969       -42.371713452699233        271.05833391765833        158.57072904067641        0.0000000000000000     
   55.268874846573723        29.655730800566577       -18.861394685543196       -42.654823267793866        0.0000000000000000     

 PASSED   1.0000000000000001E-005
 MU_R    =    325.00000000000000     
 ALPHA_S =   0.11799999999999999     
 BORN                    3.9456268794473281E-008
 SINGLE POLE (MadFKS)   -2.5047110511848900E-009
 DOUBLE POLE (MadFKS)   -4.1989994634978190E-009
 SINGLE POLE (MadLoop)  -2.5047110511848312E-009
 DOUBLE POLE (MadLoop)  -4.1989994634978157E-009
 FINITE PART (MadLoop)   5.5068476280926587E-009
   325.00000000000000        0.0000000000000000        0.0000000000000000        325.00000000000000        0.0000000000000000     
   325.00000000000000        0.0000000000000000        0.0000000000000000       -325.00000000000000        0.0000000000000000     
   253.37696635268446        183.36677973581513       -136.88486330809951        108.80737734422873        0.0000000000000000     
   280.95421293275285       -105.67087631274904        208.42036637374088       -155.98040436091310        0.0000000000000000     
   115.66882071456257       -77.695903423066085       -71.535503065641365        47.173027016684337        0.0000000000000000     

 PASSED   1.0000000000000001E-005
 MU_R    =    325.00000000000000     
 ALPHA_S =   0.11799999999999999     
 BORN                    1.6165690980581602E-007
 SINGLE POLE (MadFKS)   -9.6731505462767269E-009
 DOUBLE POLE (MadFKS)   -1.7203787846265315E-008
 SINGLE POLE (MadLoop)  -9.6731505462767683E-009
 DOUBLE POLE (MadLoop)  -1.7203787846265315E-008
 FINITE PART (MadLoop)   1.8255954381853352E-008
   325.00000000000000        0.0000000000000000        0.0000000000000000        325.00000000000000        0.0000000000000000     
   325.00000000000000        0.0000000000000000        0.0000000000000000       -325.00000000000000        0.0000000000000000     
   270.76968790711385       -119.56747020260110        241.60661222810072       -25.418278586995090        0.0000000000000000     
   101.76747012965261       -31.374928020337144       -19.387405523802883        94.849145359165007        0.0000000000000000     
   277.46284196323370        150.94239822293824       -222.21920670429782       -69.430866772169935        0.0000000000000000     

 PASSED   1.0000000000000001E-005
 MU_R    =    325.00000000000000     
 ALPHA_S =   0.11799999999999999     
 BORN                    1.3215754984063990E-008
 SINGLE POLE (MadFKS)   -4.4115468592116121E-010
 DOUBLE POLE (MadFKS)   -1.4064418604015678E-009
 SINGLE POLE (MadLoop)  -4.4115468592116410E-010
 DOUBLE POLE (MadLoop)  -1.4064418604015680E-009
 FINITE PART (MadLoop)   7.6864985291212386E-010
   325.00000000000000        0.0000000000000000        0.0000000000000000        325.00000000000000        0.0000000000000000     
   325.00000000000000        0.0000000000000000        0.0000000000000000       -325.00000000000000        0.0000000000000000     
   283.75545340567800        53.610455473719227       -214.42895466024865       -177.94184388354324        0.0000000000000000     
   212.26430272612433        51.940175310084953        194.37977702757894        67.637672071664952        0.0000000000000000     
   153.98024386819779       -105.55063078380417        20.049177632669721        110.30417181187831        0.0000000000000000     

 PASSED   1.0000000000000001E-005
 MU_R    =    325.00000000000000     
 ALPHA_S =   0.11799999999999999     
 BORN                    4.8021608404354880E-008
 SINGLE POLE (MadFKS)   -2.1439507541477310E-009
 DOUBLE POLE (MadFKS)   -5.1105366545564745E-009
 SINGLE POLE (MadLoop)  -2.1439507541477707E-009
 DOUBLE POLE (MadLoop)  -5.1105366545565035E-009
 FINITE PART (MadLoop)   6.5103590025980423E-009
   325.00000000000000        0.0000000000000000        0.0000000000000000        325.00000000000000        0.0000000000000000     
   325.00000000000000        0.0000000000000000        0.0000000000000000       -325.00000000000000        0.0000000000000000     
   114.40916884026187        81.054768691119705        48.515749842399416        64.543043036242622        0.0000000000000000     
   319.99103630853693       -218.62721454435075       -210.25442201451034       -101.92881045972206        0.0000000000000000     
   215.59979485120166        137.57244585323102        161.73867217211114        37.385767423478910        0.0000000000000000     

 PASSED   1.0000000000000001E-005
 MU_R    =    325.00000000000000     
 ALPHA_S =   0.11799999999999999     
 BORN                    6.7765475972701258E-008
 SINGLE POLE (MadFKS)   -3.2094295915794689E-009
 DOUBLE POLE (MadFKS)   -7.2117107356310397E-009
 SINGLE POLE (MadLoop)  -3.2094295915795003E-009
 DOUBLE POLE (MadLoop)  -7.2117107356310571E-009
 FINITE PART (MadLoop)   6.1582356076177125E-009
   325.00000000000000        0.0000000000000000        0.0000000000000000        325.00000000000000        0.0000000000000000     
   325.00000000000000        0.0000000000000000        0.0000000000000000       -325.00000000000000        0.0000000000000000     
   316.25318245650675        163.44822088009789        266.96884373441384        45.037661796650212        0.0000000000000000     
   104.38234716921133       -45.815167235499800       -70.760887758289428       -61.559252882046295        0.0000000000000000     
   229.36447037428155       -117.63305364459818       -196.20795597612442        16.521591085396004        0.0000000000000000     

 PASSED   1.0000000000000001E-005
 MU_R    =    325.00000000000000     
 ALPHA_S =   0.11799999999999999     
 BORN                    3.3660130144828751E-008
 SINGLE POLE (MadFKS)   -2.9700703094890921E-009
 DOUBLE POLE (MadFKS)   -3.5821650839726720E-009
 SINGLE POLE (MadLoop)  -2.9700703094891347E-009
 DOUBLE POLE (MadLoop)  -3.5821650839726675E-009
 FINITE PART (MadLoop)   5.7986367467809799E-009
   325.00000000000000        0.0000000000000000        0.0000000000000000        325.00000000000000        0.0000000000000000     
   325.00000000000000        0.0000000000000000        0.0000000000000000       -325.00000000000000        0.0000000000000000     
   228.15911764905351        168.87965393686477       -149.71405439010664        33.495482839267098        0.0000000000000000     
   228.90364517896535       -224.85316772874299       -20.716739719218165        37.533297669851336        0.0000000000000000     
   192.93723717198085        55.973513791878140        170.43079410932486       -71.028780509118477        0.0000000000000000     

 PASSED   1.0000000000000001E-005
 MU_R    =    325.00000000000000     
 ALPHA_S =   0.11799999999999999     
 BORN                    6.0528946537219266E-008
 SINGLE POLE (MadFKS)   -4.0639219466994484E-009
 DOUBLE POLE (MadFKS)   -6.4415876564454252E-009
 SINGLE POLE (MadLoop)  -4.0639219466994542E-009
 DOUBLE POLE (MadLoop)  -6.4415876564454169E-009
 FINITE PART (MadLoop)   4.9355058368097696E-009
   325.00000000000000        0.0000000000000000        0.0000000000000000        325.00000000000000        0.0000000000000000     
   325.00000000000000        0.0000000000000000        0.0000000000000000       -325.00000000000000        0.0000000000000000     
   320.70149258468234        205.34720511328894       -241.45860802222219        48.782305297871950        0.0000000000000000     
   125.14255825040840       -48.994327421307105        113.48987809355087       -19.500341953452441        0.0000000000000000     
   204.15594916490920       -156.35287769198186        127.96872992867132       -29.281963344419523        0.0000000000000000     

 PASSED   1.0000000000000001E-005
 MU_R    =    325.00000000000000     
 ALPHA_S =   0.11799999999999999     
 BORN                    1.4942479033491398E-008
 SINGLE POLE (MadFKS)   -2.0537304248250048E-009
 DOUBLE POLE (MadFKS)   -1.5902026056185626E-009
 SINGLE POLE (MadLoop)  -2.0537304248249974E-009
 DOUBLE POLE (MadLoop)  -1.5902026056185604E-009
 FINITE PART (MadLoop)   1.5045096789471983E-009
   325.00000000000000        0.0000000000000000        0.0000000000000000        325.00000000000000        0.0000000000000000     
   325.00000000000000        0.0000000000000000        0.0000000000000000       -325.00000000000000        0.0000000000000000     
   253.76976936895920       -111.90204965158884        63.494653753081444       -218.73604200982615        0.0000000000000000     
   290.51638098626341        87.410254973345957        21.792560449414488        276.19612462145267        0.0000000000000000     
   105.71384964477726        24.491794678242908       -85.287214202495917       -57.460082611626532        0.0000000000000000     

 PASSED   1.0000000000000001E-005
 MU_R    =    325.00000000000000     
 ALPHA_S =   0.11799999999999999     
 BORN                    1.0754317202293251E-008
 SINGLE POLE (MadFKS)   -1.1723746389755111E-009
 DOUBLE POLE (MadFKS)   -1.1444917003667619E-009
 SINGLE POLE (MadLoop)  -1.1723746389754307E-009
 DOUBLE POLE (MadLoop)  -1.1444917003667625E-009
 FINITE PART (MadLoop)   1.4771511290061664E-009
   325.00000000000000        0.0000000000000000        0.0000000000000000        325.00000000000000        0.0000000000000000     
   325.00000000000000        0.0000000000000000        0.0000000000000000       -325.00000000000000        0.0000000000000000     
   176.35068973752021       -43.182150177949900        51.358647106286384       -163.08634843027184        0.0000000000000000     
   315.02925266676993        151.74764075915408       -139.01800167894555        238.51641194896203        0.0000000000000000     
   158.62005759571002       -108.56549058120417        87.659354572659140       -75.430063518690233        0.0000000000000000     

 PASSED   1.0000000000000001E-005
 MU_R    =    325.00000000000000     
 ALPHA_S =   0.11799999999999999     
 BORN                    8.3692378386138184E-009
 SINGLE POLE (MadFKS)   -4.4470800944721674E-010
 DOUBLE POLE (MadFKS)   -8.9066772576193383E-010
 SINGLE POLE (MadLoop)  -4.4470800944722770E-010
 DOUBLE POLE (MadLoop)  -8.9066772576194572E-010
 FINITE PART (MadLoop)   7.8533240553524125E-010
   325.00000000000000        0.0000000000000000        0.0000000000000000        325.00000000000000        0.0000000000000000     
   325.00000000000000        0.0000000000000000        0.0000000000000000       -325.00000000000000        0.0000000000000000     
   239.91418531803498       -30.098487057274177       -5.9893408763755458       -237.94332348176130        0.0000000000000000     
   256.41702172140612        174.50899546895968        18.610325399594689        186.94907145373006        0.0000000000000000     
   153.66879296055910       -144.41050841168553       -12.620984523219244        50.994252028031283        0.0000000000000000     

 PASSED   1.0000000000000001E-005
 MU_R    =    325.00000000000000     
 ALPHA_S =   0.11799999999999999     
 BORN                    5.2322785146842590E-008
 SINGLE POLE (MadFKS)    1.9047741166231737E-009
 DOUBLE POLE (MadFKS)   -5.5682747880883764E-009
 SINGLE POLE (MadLoop)   1.9047741165133650E-009
 DOUBLE POLE (MadLoop)  -5.5682747880885691E-009
Thanks for using LHAPDF 6.2.1. Please make sure to cite the paper:
  Eur.Phys.J. C75 (2015) 3, 132  (http://arxiv.org/abs/1412.7420)
 FINITE PART (MadLoop)   2.9212386872140176E-008
   325.00000000000000        0.0000000000000000        0.0000000000000000        325.00000000000000        0.0000000000000000     
   325.00000000000000        0.0000000000000000        0.0000000000000000       -325.00000000000000        0.0000000000000000     
   141.22247662950585       -29.159648139426338       -87.261259240781655        107.13998068633984        0.0000000000000000     
   315.23528538517161        29.750559857449520        89.945127862413614       -300.66270688905360        0.0000000000000000     
   193.54223798532249      -0.59091171802312481       -2.6838686216320187        193.52272620271373        0.0000000000000000     

 PASSED   1.0000000000000001E-005
 MU_R    =    325.00000000000000     
 ALPHA_S =   0.11799999999999999     
 BORN                    1.7199387739320130E-007
 SINGLE POLE (MadFKS)   -1.2795297659434130E-008
 DOUBLE POLE (MadFKS)   -1.8303864530650256E-008
 SINGLE POLE (MadLoop)  -1.2795297659434087E-008
 DOUBLE POLE (MadLoop)  -1.8303864530650305E-008
 FINITE PART (MadLoop)   2.0517469443872599E-008
   325.00000000000000        0.0000000000000000        0.0000000000000000        325.00000000000000        0.0000000000000000     
   325.00000000000000        0.0000000000000000        0.0000000000000000       -325.00000000000000        0.0000000000000000     
   280.07668576517176       -221.61854685793199       -89.731058678489674        145.86468628910410        0.0000000000000000     
   103.34748188553998       -23.529798657237599        91.825508460139432       -41.171914981802018        0.0000000000000000     
   266.57583234928836        245.14834551516955       -2.0944497816497596       -104.69277130730211        0.0000000000000000     

 PASSED   1.0000000000000001E-005
 MU_R    =    325.00000000000000     
 ALPHA_S =   0.11799999999999999     
 BORN                    6.3968442969976189E-008
 SINGLE POLE (MadFKS)   -1.8006926897202431E-009
 DOUBLE POLE (MadFKS)   -6.8076243881769353E-009
 SINGLE POLE (MadLoop)  -1.8006926897201666E-009
 DOUBLE POLE (MadLoop)  -6.8076243881769320E-009
 FINITE PART (MadLoop)   5.1574595951408122E-009
   325.00000000000000        0.0000000000000000        0.0000000000000000        325.00000000000000        0.0000000000000000     
   325.00000000000000        0.0000000000000000        0.0000000000000000       -325.00000000000000        0.0000000000000000     
   159.83776523874681        88.602947524714509        110.35464059002994        74.293217635896895        0.0000000000000000     
   229.98873559751596       -102.46039944859568        137.01812606086230       -153.69683854051115        0.0000000000000000     
   260.17349916373723        13.857451923881136       -247.37276665089229        79.403620904614272        0.0000000000000000     

 PASSED   1.0000000000000001E-005
 MU_R    =    325.00000000000000     
 ALPHA_S =   0.11799999999999999     
 BORN                    1.0409106378413570E-007
 SINGLE POLE (MadFKS)   -2.6289689572432206E-009
 DOUBLE POLE (MadFKS)   -1.1077538103291855E-008
 SINGLE POLE (MadLoop)  -2.6289689572433691E-009
 DOUBLE POLE (MadLoop)  -1.1077538103291835E-008
 FINITE PART (MadLoop)   5.6312093334086229E-009
   325.00000000000000        0.0000000000000000        0.0000000000000000        325.00000000000000        0.0000000000000000     
   325.00000000000000        0.0000000000000000        0.0000000000000000       -325.00000000000000        0.0000000000000000     
   227.97579578857656       -174.31418527325687       -146.50713302876451        11.099020211141841        0.0000000000000000     
   138.69427410120997        47.393251706859857       -94.159869946576109       -90.132681380039216        0.0000000000000000     
   283.32993011021341        126.92093356639698        240.66700297534061        79.033661168897382        0.0000000000000000     

 PASSED   1.0000000000000001E-005
 MU_R    =    325.00000000000000     
 ALPHA_S =   0.11799999999999999     
 BORN                    3.8035996798867732E-008
 SINGLE POLE (MadFKS)   -6.3723526606621991E-009
 DOUBLE POLE (MadFKS)   -4.0478518377901392E-009
 SINGLE POLE (MadLoop)  -6.3723526606622272E-009
 DOUBLE POLE (MadLoop)  -4.0478518377901417E-009
 FINITE PART (MadLoop)   3.9116785940197140E-009
   325.00000000000000        0.0000000000000000        0.0000000000000000        325.00000000000000        0.0000000000000000     
   325.00000000000000        0.0000000000000000        0.0000000000000000       -325.00000000000000        0.0000000000000000     
   193.39397481300767        128.46703426249974        136.10321444356069       -48.717200452223302        0.0000000000000000     
   303.71787518331865       -218.42583034258581       -122.80446163201283        171.62100264330536        0.0000000000000000     
   152.88815000367350        89.958796080085961       -13.298752811547883       -122.90380219108206        0.0000000000000000     

 NUMBER OF POINTS PASSING THE CHECK          20
 NUMBER OF POINTS FAILING THE CHECK           0
 TOLERANCE    1.0000000000000001E-005
