==== LHAPDF6 USING DEFAULT-TYPE LHAGLUE INTERFACE ====
LHAPDF 6.2.1 loading /cvmfs/cms.cern.ch/slc6_amd64_gcc481/external/lhapdf/6.2.1/share/LHAPDF/NNPDF31_nnlo_hessian_pdfas/NNPDF31_nnlo_hessian_pdfas_0000.dat
NNPDF31_nnlo_hessian_pdfas PDF set, member #0, version 1; LHAPDF ID = 306000
 A PDF is used, so alpha_s(MZ) is going to be modified
 Old value of alpha_s from param_card:   0.11799999999999999     
 New value of alpha_s from PDF lhapdf :  0.11800208008122040     
 using LHAPDF
 *****************************************************
 *               MadGraph/MadEvent                   *
 *        --------------------------------           *
 *          http://madgraph.hep.uiuc.edu             *
 *          http://madgraph.phys.ucl.ac.be           *
 *          http://madgraph.roma2.infn.it            *
 *        --------------------------------           *
 *                                                   *
 *          PARAMETER AND COUPLING VALUES            *
 *                                                   *
 *****************************************************

  External Params
  ---------------------------------
  
 MU_R =    91.188000000000002     
 aEWM1 =    132.50700000000001     
 mdl_Gf =    1.1663900000000000E-005
 aS =   0.11799999999999999     
 mdl_lamWS =   0.22530000000000000     
 mdl_AWS =   0.80800000000000005     
 mdl_rhoWS =   0.13200000000000001     
 mdl_etaWS =   0.34100000000000003     
 mdl_ymt =    173.00000000000000     
 mdl_ymtau =    1.7769999999999999     
 mdl_MT =    173.00000000000000     
 mdl_MZ =    91.188000000000002     
 mdl_MH =    125.00000000000000     
 mdl_MTA =    1.7769999999999999     
 mdl_WT =    1.4915000000000000     
 mdl_WZ =    2.4414039999999999     
 mdl_WW =    2.0476000000000001     
 mdl_WH =    6.3823389999999999E-003
  Internal Params
  ---------------------------------
  
 mdl_CKM33 =    1.0000000000000000     
 mdl_conjg__CKM3x3 =    1.0000000000000000     
 mdl_I4x33 =    0.0000000000000000     
 mdl_I1x33 =    0.0000000000000000     
 mdl_lhv =    1.0000000000000000     
 mdl_CKM3x3 =    1.0000000000000000     
 mdl_conjg__CKM33 =    1.0000000000000000     
 mdl_Ncol =    3.0000000000000000     
 mdl_CA =    3.0000000000000000     
 mdl_TF =   0.50000000000000000     
 mdl_CF =    1.3333333333333333     
 mdl_lamWS__exp__2 =    5.0760090000000001E-002
 mdl_CKM11 =  ( 0.97461995499999998     ,  0.0000000000000000     )
 mdl_CKM12 =  ( 0.22530000000000000     ,  0.0000000000000000     )
 mdl_complexi =  (  0.0000000000000000     ,  1.0000000000000000     )
 mdl_lamWS__exp__3 =    1.1436248277000001E-002
 mdl_CKM13 =  (  1.2197444962317122E-003, -3.1510066152652563E-003)
 mdl_CKM21 =  (-0.22530000000000000     ,  0.0000000000000000     )
 mdl_CKM22 =  ( 0.97461995499999998     ,  0.0000000000000000     )
 mdl_CKM23 =  (  4.1014152720000002E-002,  0.0000000000000000     )
 mdl_CKM31 =  (  8.0207441115842885E-003, -3.1510066152652563E-003)
 mdl_CKM32 =  ( -4.1014152720000002E-002,  0.0000000000000000     )
 mdl_MZ__exp__2 =    8315.2513440000002     
 mdl_MZ__exp__4 =    69143404.913893804     
 mdl_sqrt__2 =    1.4142135623730951     
 mdl_MH__exp__2 =    15625.000000000000     
 mdl_CKM1x1 =  ( 0.97461995499999998     ,  0.0000000000000000     )
 mdl_CKM1x2 =  ( 0.22530000000000000     ,  0.0000000000000000     )
 mdl_CKM1x3 =  (  1.2197444962317122E-003, -3.1510066152652563E-003)
 mdl_CKM2x1 =  (-0.22530000000000000     ,  0.0000000000000000     )
 mdl_CKM2x2 =  ( 0.97461995499999998     ,  0.0000000000000000     )
 mdl_CKM2x3 =  (  4.1014152720000002E-002,  0.0000000000000000     )
 mdl_CKM3x1 =  (  8.0207441115842885E-003, -3.1510066152652563E-003)
 mdl_CKM3x2 =  ( -4.1014152720000002E-002,  0.0000000000000000     )
 mdl_conjg__CKM1x3 =  (  1.2197444962317122E-003,  3.1510066152652563E-003)
 mdl_conjg__CKM2x3 =  (  4.1014152720000002E-002, -0.0000000000000000     )
 mdl_conjg__CKM2x1 =  (-0.22530000000000000     , -0.0000000000000000     )
 mdl_conjg__CKM3x1 =  (  8.0207441115842885E-003,  3.1510066152652563E-003)
 mdl_conjg__CKM2x2 =  ( 0.97461995499999998     , -0.0000000000000000     )
 mdl_conjg__CKM3x2 =  ( -4.1014152720000002E-002, -0.0000000000000000     )
 mdl_Ncol__exp__2 =    9.0000000000000000     
 mdl_MT__exp__2 =    29929.000000000000     
 mdl_conjg__CKM11 =  ( 0.97461995499999998     , -0.0000000000000000     )
 mdl_conjg__CKM12 =  ( 0.22530000000000000     , -0.0000000000000000     )
 mdl_conjg__CKM13 =  (  1.2197444962317122E-003,  3.1510066152652563E-003)
 mdl_conjg__CKM21 =  (-0.22530000000000000     , -0.0000000000000000     )
 mdl_conjg__CKM22 =  ( 0.97461995499999998     , -0.0000000000000000     )
 mdl_conjg__CKM23 =  (  4.1014152720000002E-002, -0.0000000000000000     )
 mdl_conjg__CKM31 =  (  8.0207441115842885E-003,  3.1510066152652563E-003)
 mdl_conjg__CKM32 =  ( -4.1014152720000002E-002, -0.0000000000000000     )
 mdl_aEW =    7.5467711139788835E-003
 mdl_MW =    80.419002445756163     
 mdl_sqrt__aEW =    8.6872153846781555E-002
 mdl_ee =   0.30795376724436879     
 mdl_MW__exp__2 =    6467.2159543705357     
 mdl_sw2 =   0.22224648578577766     
 mdl_cw =   0.88190334743339216     
 mdl_sqrt__sw2 =   0.47143025548407230     
 mdl_sw =   0.47143025548407230     
 mdl_g1 =   0.34919219678733299     
 mdl_gw =   0.65323293034757990     
 mdl_v =    246.21845810181637     
 mdl_v__exp__2 =    60623.529110035903     
 mdl_lam =   0.12886910601690263     
 mdl_yt =   0.99366614581500623     
 mdl_ytau =    1.0206617000654717E-002
 mdl_muH =    88.388347648318430     
 mdl_AxialZUp =  -0.18517701861793787     
 mdl_AxialZDown =   0.18517701861793787     
 mdl_VectorZUp =    7.5430507588273299E-002
 mdl_VectorZDown =  -0.13030376310310560     
 mdl_VectorAUp =   0.20530251149624587     
 mdl_VectorADown =  -0.10265125574812294     
 mdl_VectorWmDxU =   0.23095271737156670     
 mdl_AxialWmDxU =  -0.23095271737156670     
 mdl_VectorWpUxD =   0.23095271737156670     
 mdl_AxialWpUxD =  -0.23095271737156670     
 mdl_I2x13 =  (  7.9699418879263656E-003,  3.1310485988282153E-003)
 mdl_I2x23 =  ( -4.0754375057150453E-002, -0.0000000000000000     )
 mdl_I2x33 =  ( 0.99366614581500623     ,  0.0000000000000000     )
 mdl_I3x31 =  (  7.9699418879263656E-003, -3.1310485988282153E-003)
 mdl_I3x32 =  ( -4.0754375057150453E-002,  0.0000000000000000     )
 mdl_I3x33 =  ( 0.99366614581500623     ,  0.0000000000000000     )
 mdl_Vector_tdGp =  ( -7.9699418879263656E-003, -3.1310485988282153E-003)
 mdl_Vector_tsGp =  (  4.0754375057150453E-002,  0.0000000000000000     )
 mdl_Vector_tbGp =  (-0.99366614581500623     ,  0.0000000000000000     )
 mdl_Axial_tdGp =  ( -7.9699418879263656E-003, -3.1310485988282153E-003)
 mdl_Axial_tsGp =  (  4.0754375057150453E-002,  0.0000000000000000     )
 mdl_Axial_tbGp =  (-0.99366614581500623     , -0.0000000000000000     )
 mdl_Vector_tdGm =  (  7.9699418879263656E-003, -3.1310485988282153E-003)
 mdl_Vector_tsGm =  ( -4.0754375057150453E-002,  0.0000000000000000     )
 mdl_Vector_tbGm =  ( 0.99366614581500623     ,  0.0000000000000000     )
 mdl_Axial_tdGm =  ( -7.9699418879263656E-003,  3.1310485988282153E-003)
 mdl_Axial_tsGm =  (  4.0754375057150453E-002, -0.0000000000000000     )
 mdl_Axial_tbGm =  (-0.99366614581500623     ,  0.0000000000000000     )
 mdl_gw__exp__2 =   0.42671326129048615     
 mdl_cw__exp__2 =   0.77775351421422245     
 mdl_ee__exp__2 =    9.4835522759998875E-002
 mdl_sw__exp__2 =   0.22224648578577769     
 mdl_yt__exp__2 =   0.98737240933884918     
  Internal Params evaluated point by point
  ----------------------------------------
  
 mdl_sqrt__aS =   0.34351128074635334     
 mdl_G__exp__4 =    2.1987899468922913     
 mdl_G__exp__2 =    1.4828317324943823     
 mdl_R2MixedFactor_FIN_ =   -2.5040377713124864E-002
 mdl_G_UVg_1EPS_ =   -5.1645779033320030E-002
 mdl_G_UVq_1EPS_ =    3.1300472141406080E-003
 mdl_G_UVb_1EPS_ =    3.1300472141406080E-003
 mdl_GWcft_UV_t_1EPS_ =   -3.1300472141406080E-003
 mdl_tWcft_UV_1EPS_ =   -1.8780283284843650E-002
 mdl_G__exp__3 =    1.8056676068262196     
 mdl_MU_R__exp__2 =    8315.2513440000002     
 mdl_G_UVt_FIN_ =   -4.0087659331150384E-003
 mdl_GWcft_UV_t_FIN_ =    4.0087659331150384E-003
 mdl_tWcft_UV_FIN_ =   -9.8778211443463623E-004
  Couplings of loop_sm-ckm_no_b_mass
  ---------------------------------
  
       UV_3Gt =   0.48815E-02   0.00000E+00
      UV_GQQt =   0.00000E+00  -0.48815E-02
   UVWfct_G_2 =   0.40088E-02   0.00000E+00
       R2_DDA =   0.00000E+00   0.25704E-02
       R2_UUA =  -0.00000E+00  -0.51409E-02
    R2_DDZ_V2 =   0.00000E+00   0.72127E-02
    R2_UUZ_V2 =  -0.00000E+00  -0.72127E-02
    R2_UUZ_V5 =   0.00000E+00   0.68702E-03
      R2_GGHt =   0.00000E+00  -0.45657E+01
     R2_GGZup =  -0.46369E-02   0.00000E+00
   R2_GGZdown =   0.46369E-02   0.00000E+00
 R2_GGGZvecUp =   0.00000E+00   0.28750E-03
 R2_GGGZvecDown  -0.00000E+00  -0.49665E-03
 R2_GGGZaxialUp  -0.00000E+00  -0.63522E-02
 R2_GGGZaxialDow  0.00000E+00   0.63522E-02
 R2_GGGAvecUp =   0.00000E+00   0.78251E-03
 R2_GGGAvecDown  -0.00000E+00  -0.39126E-03
         GC_4 =  -0.12177E+01   0.00000E+00
         GC_5 =   0.00000E+00   0.12177E+01
         GC_6 =   0.00000E+00   0.14828E+01
       R2_3Gq =   0.76230E-02   0.00000E+00
       R2_3Gg =   0.31445E-01   0.00000E+00
       R2_GQQ =  -0.00000E+00  -0.30492E-01
       R2_GGq =   0.00000E+00   0.62601E-02
       R2_GGt =  -0.00000E+00  -0.11242E+04
     R2_GGg_1 =   0.00000E+00   0.28170E-01
     R2_GGg_2 =  -0.00000E+00  -0.18780E-01
       R2_QQq =   0.00000E+00   0.12520E-01
  UV_3Gg_1eps =   0.62890E-01   0.00000E+00
  UV_3Gb_1eps =  -0.38115E-02   0.00000E+00
 UV_GQQg_1eps =   0.00000E+00  -0.62890E-01
 UV_GQQq_1eps =   0.00000E+00   0.38115E-02
 UVWfct_G_2_1eps -0.31300E-02   0.00000E+00
         GC_1 =  -0.00000E+00  -0.10265E+00
         GC_2 =   0.00000E+00   0.20530E+00
        GC_21 =  -0.00000E+00  -0.28804E+00
        GC_22 =   0.00000E+00   0.28804E+00
        GC_23 =  -0.00000E+00  -0.27437E-01
        GC_24 =   0.00000E+00   0.82310E-01
        GC_37 =  -0.00000E+00  -0.70263E+00
        GC_38 =  -0.00000E+00  -0.72172E-02
      GC_1003 =  -0.00000E+00  -0.30795E+00

 Collider parameters:
 --------------------

 Running at P P   machine @    13000.000000000000       GeV
 PDF set = lhapdf 
 alpha_s(Mz)= 0.1180 running at 3 loops.
 alpha_s(Mz)= 0.1180 running at 3 loops.
 Renormalization scale set on event-by-event basis
 Factorization   scale set on event-by-event basis


 ===============================================================
 INFO: MadFKS read these parameters from FKS_params.dat
 ===============================================================
  > IRPoleCheckThreshold      =    1.0000000000000001E-005
  > PrecisionVirtualAtRunTime =    1.0000000000000000E-003
  > NHelForMCoverHels         =            4
  > VirtualFraction           =    1.0000000000000000     
  > MinVirtualFraction        =    5.0000000000000001E-003
 ===============================================================
  Insert the number of points to test
 Insert the relative tolerance
  A negative number will mean use the default one:    1.0000000000000001E-005
Using random seed offsets:     0 ,    104 ,      0
  with seed                   32
 Ranmar initialization seeds       10729        9510
  ========================================================================================== 
 {                                                                                          }
 {       [32m                                                                            [0m       }
 {       [32m                               ,,                                           [0m       }
 {       [32m`7MMM.     ,MMF'             `7MM  `7MMF'                                   [0m       }
 {       [32m  MMMb    dPMM                 MM    MM                                     [0m       }
 {       [32m  M YM   ,M MM   ,6"Yb.   ,M""bMM    MM         ,pW"Wq.   ,pW"Wq.`7MMpdMAo. [0m       }
 {       [32m  M  Mb  M' MM  8)   MM ,AP    MM    MM        6W'   `Wb 6W'   `Wb MM   `Wb [0m       }
 {       [32m  M  YM.P'  MM   ,pm9MM 8MI    MM    MM      , 8M     M8 8M     M8 MM    M8 [0m       }
 {       [32m  M  `YM'   MM  8M   MM `Mb    MM    MM     ,M YA.   ,A9 YA.   ,A9 MM   ,AP [0m       }
 {       [32m.JML. `'  .JMML.`Moo9^Yo.`Wbmd"MML..JMMmmmmMMM  `Ybmd9'   `Ybmd9'  MMbmmd'  [0m       }
 {       [32m                                                                   MM       [0m       }
 {       [32m                                                                 .JMML.     [0m       }
 {       [32m[0mv2.4.2 (2016-06-10), Ref: arXiv:1103.0621v2, arXiv:1405.0301[32m                [0m       }
 {       [32m                                                                            [0m       }
 {                                                                                          }
  ========================================================================================== 
 ===============================================================
 INFO: MadLoop read these parameters from ./MadLoop5_resources/MadLoopParams.dat                                                                                                                                                                                                                                                                                                                                                                                                                                                                                          
 ===============================================================
  > MLReductionLib            = 6|1|2
  > IREGIMODE                 =            2
  > IREGIRECY                 =  T
  > CTModeRun                 =           -1
  > MLStabThres               =    1.0000000000000000E-003
  > NRotations_DP             =            1
  > NRotations_QP             =            0
  > CTStabThres               =    1.0000000000000000E-002
  > CTLoopLibrary             =            2
  > CTModeInit                =            1
  > CheckCycle                =            3
  > MaxAttempts               =           10
  > UseLoopFilter             =  F
  > HelicityFilterLevel       =            2
  > ImprovePSPoint            =            2
  > DoubleCheckHelicityFilter =  T
  > LoopInitStartOver         =  F
  > HelInitStartOver          =  F
  > ZeroThres                 =    1.0000000000000001E-009
  > OSThres                   =    1.0000000000000000E-008
  > WriteOutFilters           =  T
  > UseQPIntegrandForNinja    =  F
  > UseQPIntegrandForCutTools =  T
 ===============================================================
  
------------------------------------------------------------------------
|              You are using CutTools - Version 1.9.3                  |
|              Authors: G. Ossola, C. Papadopoulos, R. Pittau          |
|              Published in JHEP 0803:042,2008                         |
|              http://www.ugr.es/~pittau/CutTools                      |
|                                                                      |
|              Compiler with  34  significant digits detetected        |
 ---------------------------------------------------------------------- 
   
########################################################################
#                                                                      #
#                      You are using OneLOop-3.6                       #
#                                                                      #
# for the evaluation of 1-loop scalar 1-, 2-, 3- and 4-point functions #
#                                                                      #
# author: Andreas van Hameren <hamerenREMOVETHIS@ifj.edu.pl>           #
#   date: 18-02-2015                                                   #
#                                                                      #
# Please cite                                                          #
#    A. van Hameren,                                                   #
#      Comput.Phys.Commun. 182 (2011) 2427-2438, arXiv:1007.4716       #
#    A. van Hameren, C.G. Papadopoulos and R. Pittau,                  #
#      JHEP 0909:106,2009, arXiv:0903.4665                             #
# in publications with results obtained with the help of this program. #
#                                                                      #
########################################################################
 PASSED   1.0000000000000001E-005
 MU_R    =    325.00000000000000     
 ALPHA_S =   0.11799999999999999     
 BORN                    1.9642854524126725E-011
 SINGLE POLE (MadFKS)   -3.6338131606983865E-012
 DOUBLE POLE (MadFKS)   -1.9674579865923872E-012
 SINGLE POLE (MadLoop)  -3.6338131606984015E-012
 DOUBLE POLE (MadLoop)  -1.9674579865923896E-012
 FINITE PART (MadLoop)   7.5879657914721508E-012
   325.00000000000000        0.0000000000000000        0.0000000000000000        325.00000000000000        0.0000000000000000     
   325.00000000000000        0.0000000000000000        0.0000000000000000       -325.00000000000000        0.0000000000000000     
   208.03872668974148        113.30073916197028        15.556790372851905        173.77538045515911        1.7769999999999999     
   113.98050151013622       -35.447908288882964        12.152711431541782       -107.62970964518479        1.7769999999999999     
   189.15171462854329       -126.35899954552833        97.457078233708245       -101.55733495380790        0.0000000000000000     
   138.82905717157897        48.506168672441014       -125.16658003810196        35.411664143833598        0.0000000000000000     

 PASSED   1.0000000000000001E-005
 MU_R    =    325.00000000000000     
 ALPHA_S =   0.11799999999999999     
 BORN                    4.2760407905018404E-011
 SINGLE POLE (MadFKS)   -7.0398658968362749E-012
 DOUBLE POLE (MadFKS)   -4.2829470604358047E-012
 SINGLE POLE (MadLoop)  -7.0398658968362911E-012
 DOUBLE POLE (MadLoop)  -4.2829470604357966E-012
 FINITE PART (MadLoop)   1.7750939405855705E-011
   325.00000000000000        0.0000000000000000        0.0000000000000000        325.00000000000000        0.0000000000000000     
   325.00000000000000        0.0000000000000000        0.0000000000000000       -325.00000000000000        0.0000000000000000     
   246.34214955926666        108.79683192181584       -210.08097668470251        68.633297454353553        1.7769999999999999     
   103.47516027769164       -103.23747444965488        5.5314657205941558       -3.9214565830468429        1.7769999999999999     
   160.28949861007072       -106.17115555704346        108.16594650636817       -52.158768282345854        0.0000000000000000     
   139.89319155297093        100.61179808488249        96.383564457740064       -12.553072588960838        0.0000000000000000     

 PASSED   1.0000000000000001E-005
 MU_R    =    325.00000000000000     
 ALPHA_S =   0.11799999999999999     
 BORN                    6.8082298370333886E-011
 SINGLE POLE (MadFKS)   -6.7993277722181922E-012
 DOUBLE POLE (MadFKS)   -6.8192258670833042E-012
 SINGLE POLE (MadLoop)  -6.7993277722182568E-012
 DOUBLE POLE (MadLoop)  -6.8192258670833890E-012
 FINITE PART (MadLoop)   2.6440428048479760E-011
   325.00000000000000        0.0000000000000000        0.0000000000000000        325.00000000000000        0.0000000000000000     
   325.00000000000000        0.0000000000000000        0.0000000000000000       -325.00000000000000        0.0000000000000000     
   161.42254599997665       -74.527820769692539       -130.25756840282642       -59.436103785646445        1.7769999999999999     
   156.04078912190499       -136.63711187296906        12.686868143986841        74.262461422293569        1.7769999999999999     
   221.67272461157825        143.57639635044188        156.26626675995504        64.073934799167674        0.0000000000000000     
   110.86394026654501        67.588536292219771       -38.695566501115472       -78.900292435814805        0.0000000000000000     

 PASSED   1.0000000000000001E-005
 MU_R    =    325.00000000000000     
 ALPHA_S =   0.11799999999999999     
 BORN                    4.7075505959763800E-010
 SINGLE POLE (MadFKS)   -7.8998229789000079E-011
 DOUBLE POLE (MadFKS)   -4.7151538010757848E-011
 SINGLE POLE (MadLoop)  -7.8998229788997274E-011
 DOUBLE POLE (MadLoop)  -4.7151538010757467E-011
 FINITE PART (MadLoop)   2.1159671104961302E-010
   325.00000000000000        0.0000000000000000        0.0000000000000000        325.00000000000000        0.0000000000000000     
   325.00000000000000        0.0000000000000000        0.0000000000000000       -325.00000000000000        0.0000000000000000     
   138.15678130726636       -19.625673593446912        69.712341703480632       -117.63996277797978        1.7769999999999999     
   129.59820669795124       -19.459787804963845        103.65454083540106       -75.296681687261923        1.7769999999999999     
   121.39899923751300       -111.31517793952207       -40.865735014757547        26.012302432999661        0.0000000000000000     
   260.84601275726936        150.40063933793294       -132.50114752412426        166.92434203224192        0.0000000000000000     

 PASSED   1.0000000000000001E-005
 MU_R    =    325.00000000000000     
 ALPHA_S =   0.11799999999999999     
 BORN                    1.7461679122730259E-010
 SINGLE POLE (MadFKS)   -4.8345381339580727E-011
 DOUBLE POLE (MadFKS)   -1.7489881629542102E-011
 SINGLE POLE (MadLoop)  -4.8345381339580921E-011
 DOUBLE POLE (MadLoop)  -1.7489881629542160E-011
 FINITE PART (MadLoop)  -5.9762688619285758E-011
   325.00000000000000        0.0000000000000000        0.0000000000000000        325.00000000000000        0.0000000000000000     
   325.00000000000000        0.0000000000000000        0.0000000000000000       -325.00000000000000        0.0000000000000000     
   245.51480451892368       -207.62778028062357       -23.798955086128338        128.83584944228394        1.7769999999999999     
   97.640977185165426       -27.206185384886396       -89.324517931236727       -28.487833715980617        1.7769999999999999     
   35.520117432129872        6.5200515596257906       -16.037442055936200       -31.015610946015670        0.0000000000000000     
   271.32410086378104        228.31391410588415        129.16091507330125       -69.332404780287675        0.0000000000000000     

 PASSED   1.0000000000000001E-005
 MU_R    =    325.00000000000000     
 ALPHA_S =   0.11799999999999999     
 BORN                    2.9878991837320288E-010
 SINGLE POLE (MadFKS)   -2.9972222069703393E-011
 DOUBLE POLE (MadFKS)   -2.9927249651754987E-011
 SINGLE POLE (MadLoop)  -2.9972222069703399E-011
 DOUBLE POLE (MadLoop)  -2.9927249651755032E-011
 FINITE PART (MadLoop)   2.1254650336141833E-010
   325.00000000000000        0.0000000000000000        0.0000000000000000        325.00000000000000        0.0000000000000000     
   325.00000000000000        0.0000000000000000        0.0000000000000000       -325.00000000000000        0.0000000000000000     
   75.725139498648900       -34.373756151867148        66.924840310144887       -8.4053352439636679        1.7769999999999999     
   203.27217775286167        118.04719945257690        20.917529265897031       -164.14547264607970        1.7769999999999999     
   159.61939094175764        17.591060996595900        92.497088472460092        128.89217649550989        0.0000000000000000     
   211.38329180673179       -101.26450429730559       -180.33945804850219        43.658631394533572        0.0000000000000000     

 PASSED   1.0000000000000001E-005
 MU_R    =    325.00000000000000     
 ALPHA_S =   0.11799999999999999     
 BORN                    1.8437006189377609E-011
 SINGLE POLE (MadFKS)   -4.5725032895807910E-012
 DOUBLE POLE (MadFKS)   -1.8466783955249451E-012
 SINGLE POLE (MadLoop)  -4.5725032895801133E-012
 DOUBLE POLE (MadLoop)  -1.8466783955248453E-012
 FINITE PART (MadLoop)   5.5787077030502096E-012
   325.00000000000000        0.0000000000000000        0.0000000000000000        325.00000000000000        0.0000000000000000     
   325.00000000000000        0.0000000000000000        0.0000000000000000       -325.00000000000000        0.0000000000000000     
   136.14072092820655       -41.001911540230878        125.31935339150603       -33.838455659703619        1.7769999999999999     
   167.30823986591798        85.479363920915858       -128.27359041733914       -65.023486088888703        1.7769999999999999     
   153.84684249048613       -128.63940895402936        49.977338394546599       -67.992786788360291        0.0000000000000000     
   192.70419671539577        84.161956573344327       -47.023101368713434        166.85472853695262        0.0000000000000000     

 PASSED   1.0000000000000001E-005
 MU_R    =    325.00000000000000     
 ALPHA_S =   0.11799999999999999     
 BORN                    2.0345382046715370E-009
 SINGLE POLE (MadFKS)   -4.0319218663495520E-010
 DOUBLE POLE (MadFKS)   -2.0378242046703291E-010
 SINGLE POLE (MadLoop)  -4.0319218663490329E-010
 DOUBLE POLE (MadLoop)  -2.0378242046700339E-010
 FINITE PART (MadLoop)   2.9375251913900549E-010
   325.00000000000000        0.0000000000000000        0.0000000000000000        325.00000000000000        0.0000000000000000     
   325.00000000000000        0.0000000000000000        0.0000000000000000       -325.00000000000000        0.0000000000000000     
   203.95207164247597       -73.905607750510825        185.54499059796569        41.283258171880632        1.7769999999999999     
   118.56165612113993        29.014467045708439        97.213865428950172        61.329712567424608        1.7769999999999999     
   54.466349310611733        42.855162579253964       -20.538399087874819       -26.611884759228676        0.0000000000000000     
   273.01992292577876        2.0359781255484086       -262.22045693904113       -76.001085980076581        0.0000000000000000     

 PASSED   1.0000000000000001E-005
 MU_R    =    325.00000000000000     
 ALPHA_S =   0.11799999999999999     
 BORN                    4.7816222844965820E-009
 SINGLE POLE (MadFKS)   -1.5589023729403070E-009
 DOUBLE POLE (MadFKS)   -4.7893451234115766E-010
 SINGLE POLE (MadLoop)  -1.5589023729403008E-009
 DOUBLE POLE (MadLoop)  -4.7893451234115931E-010
 FINITE PART (MadLoop)   1.5419604834272520E-009
   325.00000000000000        0.0000000000000000        0.0000000000000000        325.00000000000000        0.0000000000000000     
   325.00000000000000        0.0000000000000000        0.0000000000000000       -325.00000000000000        0.0000000000000000     
   31.293029466178197       -18.749328237009212       -22.733417157264697       -10.380288974097480        1.7769999999999999     
   130.31355151722994        64.265175801847448       -47.790790232124820       -102.78371236815893        1.7769999999999999     
   199.06806969272952        21.924640487771562        108.18679354566281       -165.65936198410131        0.0000000000000000     
   289.32534932386227       -67.440488052609822       -37.662586156273285        278.82336332635765        0.0000000000000000     

 PASSED   1.0000000000000001E-005
 MU_R    =    325.00000000000000     
 ALPHA_S =   0.11799999999999999     
 BORN                    8.4805060388237938E-012
 SINGLE POLE (MadFKS)   -1.8933994760740646E-012
 DOUBLE POLE (MadFKS)   -8.4942029764233664E-013
 SINGLE POLE (MadLoop)  -1.8933994760740275E-012
 DOUBLE POLE (MadLoop)  -8.4942029764234159E-013
 FINITE PART (MadLoop)   2.3246972599665776E-012
   325.00000000000000        0.0000000000000000        0.0000000000000000        325.00000000000000        0.0000000000000000     
   325.00000000000000        0.0000000000000000        0.0000000000000000       -325.00000000000000        0.0000000000000000     
   77.050712417729585        54.102764165270102       -53.189455964767198       -13.320181640237662        1.7769999999999999     
   281.67410459671413        165.21764092008448        225.38675457226637        35.229042898489233        1.7769999999999999     
   221.98436541523697       -178.08043993583962       -123.31132756172697       -48.566777698625955        0.0000000000000000     
   69.290817570319305       -41.239965149514987       -48.885971045772223        26.657916440374368        0.0000000000000000     

 PASSED   1.0000000000000001E-005
 MU_R    =    325.00000000000000     
 ALPHA_S =   0.11799999999999999     
 BORN                    6.6189876336015077E-010
 SINGLE POLE (MadFKS)   -8.3641770967303298E-011
 DOUBLE POLE (MadFKS)   -6.6296780169553720E-011
 SINGLE POLE (MadLoop)  -8.3641770967303647E-011
 DOUBLE POLE (MadLoop)  -6.6296780169553720E-011
 FINITE PART (MadLoop)   2.3711294032795125E-010
   325.00000000000000        0.0000000000000000        0.0000000000000000        325.00000000000000        0.0000000000000000     
   325.00000000000000        0.0000000000000000        0.0000000000000000       -325.00000000000000        0.0000000000000000     
   45.467205566762331       -36.431630376573224       -25.721370004524527        8.6750496393574466        1.7769999999999999     
   102.12313629545460        73.684619388862714        68.555781318318751        17.223790267339371        1.7769999999999999     
   281.08993140929886       -117.31887741771679       -238.25691327072204       -92.094917448460393        0.0000000000000000     
   221.31972672848431        80.065888405427273        195.42250195692790        66.196077541763557        0.0000000000000000     

 PASSED   1.0000000000000001E-005
 MU_R    =    325.00000000000000     
 ALPHA_S =   0.11799999999999999     
 BORN                    1.9398411102371834E-008
 SINGLE POLE (MadFKS)   -1.6256158494502987E-009
 DOUBLE POLE (MadFKS)   -1.9429741641514626E-009
 SINGLE POLE (MadLoop)  -1.6256158494503049E-009
 DOUBLE POLE (MadLoop)  -1.9429741641514709E-009
 FINITE PART (MadLoop)   8.4564761953222235E-009
   325.00000000000000        0.0000000000000000        0.0000000000000000        325.00000000000000        0.0000000000000000     
   325.00000000000000        0.0000000000000000        0.0000000000000000       -325.00000000000000        0.0000000000000000     
   81.065292033238691       -57.008016849692631        25.305881818453535        51.750576844030434        1.7769999999999999     
   34.382188435711711        28.558201552391765        8.5865723715892095        17.019901633946603        1.7769999999999999     
   285.44702845679478        38.037455615687932       -280.62367195354284       -35.826146379552988        0.0000000000000000     
   249.10549107425490       -9.5876403183870682        246.73121776350010       -32.944332098424020        0.0000000000000000     

 PASSED   1.0000000000000001E-005
 MU_R    =    325.00000000000000     
 ALPHA_S =   0.11799999999999999     
 BORN                    9.6371963436436235E-010
 SINGLE POLE (MadFKS)   -6.7095957511132186E-011
 DOUBLE POLE (MadFKS)   -9.6527614616152900E-011
 SINGLE POLE (MadLoop)  -6.7095957511127895E-011
 DOUBLE POLE (MadLoop)  -9.6527614616153249E-011
 FINITE PART (MadLoop)   6.4575106533882234E-010
   325.00000000000000        0.0000000000000000        0.0000000000000000        325.00000000000000        0.0000000000000000     
   325.00000000000000        0.0000000000000000        0.0000000000000000       -325.00000000000000        0.0000000000000000     
   194.10791062452643        10.327002493521018        24.221927013382263        192.30541986453824        1.7769999999999999     
   105.54251902008916       -72.698401297809013        29.218471945847210       -70.691505416127157        1.7769999999999999     
   128.66006107988187       -46.977096590441214       -100.31564825439791        65.447188085594561        0.0000000000000000     
   221.68950927550253        109.34849539472924        46.875249295168388       -187.06110253400570        0.0000000000000000     

 PASSED   1.0000000000000001E-005
 MU_R    =    325.00000000000000     
 ALPHA_S =   0.11799999999999999     
 BORN                    1.3141227606458496E-011
 SINGLE POLE (MadFKS)   -2.4679485725914227E-012
 DOUBLE POLE (MadFKS)   -1.3162452115194582E-012
 SINGLE POLE (MadLoop)  -2.4679485725901795E-012
 DOUBLE POLE (MadLoop)  -1.3162452115194342E-012
 FINITE PART (MadLoop)   2.9665800792462466E-012
   325.00000000000000        0.0000000000000000        0.0000000000000000        325.00000000000000        0.0000000000000000     
   325.00000000000000        0.0000000000000000        0.0000000000000000       -325.00000000000000        0.0000000000000000     
Thanks for using LHAPDF 6.2.1. Please make sure to cite the paper:
  Eur.Phys.J. C75 (2015) 3, 132  (http://arxiv.org/abs/1412.7420)
   126.98475911886801       -123.87959754418144        27.751603225044100       -2.3801576015664967        1.7769999999999999     
   244.28292606118657        33.816371649289763       -227.35528861681408        82.686250262407327        1.7769999999999999     
   57.941718946564841        53.249240476208911       -9.7630513545798721       -20.650520851480305        0.0000000000000000     
   220.79059587338440        36.813985418682705        209.36673674634991       -59.655571809360630        0.0000000000000000     

 PASSED   1.0000000000000001E-005
 MU_R    =    325.00000000000000     
 ALPHA_S =   0.11799999999999999     
 BORN                    2.5491103994183712E-006
 SINGLE POLE (MadFKS)    1.7011591222603030E-008
 DOUBLE POLE (MadFKS)   -2.5532274893556245E-007
 SINGLE POLE (MadLoop)   1.7011591222552956E-008
 DOUBLE POLE (MadLoop)  -2.5532274893556319E-007
 FINITE PART (MadLoop)   3.9597746229417831E-006
   325.00000000000000        0.0000000000000000        0.0000000000000000        325.00000000000000        0.0000000000000000     
   325.00000000000000        0.0000000000000000        0.0000000000000000       -325.00000000000000        0.0000000000000000     
   38.899109079377013       -20.900356251679515        1.3354610317344764        32.731859259059377        1.7769999999999999     
   128.69465892794875        54.698081703879232        77.088363949254273        87.319307768237124        1.7769999999999999     
   185.98806882290643       -56.559067310536427       -38.954413742303323        172.84440199043132        0.0000000000000000     
   296.41816316976787        22.761341858336699       -39.469411238685481       -292.89556901772784        0.0000000000000000     

 PASSED   1.0000000000000001E-005
 MU_R    =    325.00000000000000     
 ALPHA_S =   0.11799999999999999     
 BORN                    6.6288368830031526E-010
 SINGLE POLE (MadFKS)   -1.6451682766436955E-010
 DOUBLE POLE (MadFKS)   -6.6395431739636900E-011
 SINGLE POLE (MadLoop)  -1.6451682766437456E-010
 DOUBLE POLE (MadLoop)  -6.6395431739637481E-011
 FINITE PART (MadLoop)   2.4118866406645168E-010
   325.00000000000000        0.0000000000000000        0.0000000000000000        325.00000000000000        0.0000000000000000     
   325.00000000000000        0.0000000000000000        0.0000000000000000       -325.00000000000000        0.0000000000000000     
   126.18525716972458       -7.3257930925857382       -48.802616400914758       -116.12148287883389        1.7769999999999999     
   62.546410429438680        62.284345106618950        3.2418518891823100       -4.3642272598928731        1.7769999999999999     
   199.12361095037818       -40.024972183820694        156.35471270840566       -116.62511673509208        0.0000000000000000     
   262.14472145045858       -14.933579830212532       -110.79394819667318        237.11082687381884        0.0000000000000000     

 PASSED   1.0000000000000001E-005
 MU_R    =    325.00000000000000     
 ALPHA_S =   0.11799999999999999     
 BORN                    7.0045481720914374E-008
 SINGLE POLE (MadFKS)   -2.1702505106424720E-009
 DOUBLE POLE (MadFKS)   -7.0158612775579177E-009
 SINGLE POLE (MadLoop)  -2.1702505106423748E-009
 DOUBLE POLE (MadLoop)  -7.0158612775577274E-009
 FINITE PART (MadLoop)   5.4686095825805453E-008
   325.00000000000000        0.0000000000000000        0.0000000000000000        325.00000000000000        0.0000000000000000     
   325.00000000000000        0.0000000000000000        0.0000000000000000       -325.00000000000000        0.0000000000000000     
   181.87443770516487        21.684193500979518       -103.87393366723893       -147.69954305371436        1.7769999999999999     
   20.608634475201821        20.481475913325436        9.2986842246220183E-002  -1.4347765650148865        1.7769999999999999     
   300.84523091315504        40.889759380829410        134.18938496994789        266.13735082162850        0.0000000000000000     
   146.67169690647822       -83.055428795134375       -30.408438144955177       -117.00303120289922        0.0000000000000000     

 PASSED   1.0000000000000001E-005
 MU_R    =    325.00000000000000     
 ALPHA_S =   0.11799999999999999     
 BORN                    2.7023188500888492E-011
 SINGLE POLE (MadFKS)   -3.7416176372152304E-012
 DOUBLE POLE (MadFKS)   -2.7066833883008816E-012
 SINGLE POLE (MadLoop)  -3.7416176372150672E-012
 DOUBLE POLE (MadLoop)  -2.7066833883008044E-012
 FINITE PART (MadLoop)   9.4987412194353887E-012
   325.00000000000000        0.0000000000000000        0.0000000000000000        325.00000000000000        0.0000000000000000     
   325.00000000000000        0.0000000000000000        0.0000000000000000       -325.00000000000000        0.0000000000000000     
   121.18080035903336       -81.089632714576041        90.010339284630263        2.0588673431815159        1.7769999999999999     
   264.50427741530882        214.37906990046147       -154.00851034570221       -16.803219087588229        1.7769999999999999     
   203.82651419334269       -184.32520200317066        74.093064537070262        45.603569840582090        0.0000000000000000     
   60.488408032319043        51.035764817285234       -10.094893475998369       -30.859218096175358        0.0000000000000000     

 PASSED   1.0000000000000001E-005
 MU_R    =    325.00000000000000     
 ALPHA_S =   0.11799999999999999     
 BORN                    1.0147085891600547E-010
 SINGLE POLE (MadFKS)   -1.2336768752170065E-011
 DOUBLE POLE (MadFKS)   -1.0163474536527922E-011
 SINGLE POLE (MadLoop)  -1.2336768752169915E-011
 DOUBLE POLE (MadLoop)  -1.0163474536527992E-011
 FINITE PART (MadLoop)   5.3522607767205998E-011
   325.00000000000000        0.0000000000000000        0.0000000000000000        325.00000000000000        0.0000000000000000     
   325.00000000000000        0.0000000000000000        0.0000000000000000       -325.00000000000000        0.0000000000000000     
   254.16580167867914        163.99869524433754        43.927612208167517       -189.13458133775913        1.7769999999999999     
   202.03815385999414       -129.60172123861466        9.5546930539489612        154.68794257726714        1.7769999999999999     
   129.82413516769728       -62.589385121276010       -70.425270708638578        89.314927015567250        0.0000000000000000     
   63.971909293630056        28.192411115553121        16.942965446522095       -54.868288255075242        0.0000000000000000     

 PASSED   1.0000000000000001E-005
 MU_R    =    325.00000000000000     
 ALPHA_S =   0.11799999999999999     
 BORN                    2.6466412813085917E-011
 SINGLE POLE (MadFKS)   -6.7555287872487662E-012
 DOUBLE POLE (MadFKS)   -2.6509158942046359E-012
 SINGLE POLE (MadLoop)  -6.7555287872486111E-012
 DOUBLE POLE (MadLoop)  -2.6509158942046198E-012
 FINITE PART (MadLoop)   5.6144600092323469E-012
   325.00000000000000        0.0000000000000000        0.0000000000000000        325.00000000000000        0.0000000000000000     
   325.00000000000000        0.0000000000000000        0.0000000000000000       -325.00000000000000        0.0000000000000000     
   255.06427382141084       -216.36785851512300        33.811271824147674        130.75310225863461        1.7769999999999999     
   142.03399767721837        37.184891037948148       -135.41600749660611       -21.219980191958719        1.7769999999999999     
   194.17708175043825        126.02342349402382        80.967579621716283       -123.56005365069788        0.0000000000000000     
   58.724646750934909        53.159543983151039        20.637156050742213        14.026931584022025        0.0000000000000000     

 NUMBER OF POINTS PASSING THE CHECK          20
 NUMBER OF POINTS FAILING THE CHECK           0
 TOLERANCE    1.0000000000000001E-005
