==== LHAPDF6 USING DEFAULT-TYPE LHAGLUE INTERFACE ====
LHAPDF 6.2.1 loading /cvmfs/cms.cern.ch/slc6_amd64_gcc481/external/lhapdf/6.2.1/share/LHAPDF/NNPDF31_nnlo_hessian_pdfas/NNPDF31_nnlo_hessian_pdfas_0000.dat
NNPDF31_nnlo_hessian_pdfas PDF set, member #0, version 1; LHAPDF ID = 306000
 A PDF is used, so alpha_s(MZ) is going to be modified
 Old value of alpha_s from param_card:   0.11799999999999999     
 New value of alpha_s from PDF lhapdf :  0.11800208008122040     
 using LHAPDF
 *****************************************************
 *               MadGraph/MadEvent                   *
 *        --------------------------------           *
 *          http://madgraph.hep.uiuc.edu             *
 *          http://madgraph.phys.ucl.ac.be           *
 *          http://madgraph.roma2.infn.it            *
 *        --------------------------------           *
 *                                                   *
 *          PARAMETER AND COUPLING VALUES            *
 *                                                   *
 *****************************************************

  External Params
  ---------------------------------
  
 MU_R =    91.188000000000002     
 aEWM1 =    132.50700000000001     
 mdl_Gf =    1.1663900000000000E-005
 aS =   0.11799999999999999     
 mdl_lamWS =   0.22530000000000000     
 mdl_AWS =   0.80800000000000005     
 mdl_rhoWS =   0.13200000000000001     
 mdl_etaWS =   0.34100000000000003     
 mdl_ymt =    173.00000000000000     
 mdl_ymtau =    1.7769999999999999     
 mdl_MT =    173.00000000000000     
 mdl_MZ =    91.188000000000002     
 mdl_MH =    125.00000000000000     
 mdl_MTA =    1.7769999999999999     
 mdl_WT =    1.4915000000000000     
 mdl_WZ =    2.4414039999999999     
 mdl_WW =    2.0476000000000001     
 mdl_WH =    6.3823389999999999E-003
  Internal Params
  ---------------------------------
  
 mdl_CKM33 =    1.0000000000000000     
 mdl_conjg__CKM3x3 =    1.0000000000000000     
 mdl_I4x33 =    0.0000000000000000     
 mdl_I1x33 =    0.0000000000000000     
 mdl_lhv =    1.0000000000000000     
 mdl_CKM3x3 =    1.0000000000000000     
 mdl_conjg__CKM33 =    1.0000000000000000     
 mdl_Ncol =    3.0000000000000000     
 mdl_CA =    3.0000000000000000     
 mdl_TF =   0.50000000000000000     
 mdl_CF =    1.3333333333333333     
 mdl_lamWS__exp__2 =    5.0760090000000001E-002
 mdl_CKM11 =  ( 0.97461995499999998     ,  0.0000000000000000     )
 mdl_CKM12 =  ( 0.22530000000000000     ,  0.0000000000000000     )
 mdl_complexi =  (  0.0000000000000000     ,  1.0000000000000000     )
 mdl_lamWS__exp__3 =    1.1436248277000001E-002
 mdl_CKM13 =  (  1.2197444962317122E-003, -3.1510066152652563E-003)
 mdl_CKM21 =  (-0.22530000000000000     ,  0.0000000000000000     )
 mdl_CKM22 =  ( 0.97461995499999998     ,  0.0000000000000000     )
 mdl_CKM23 =  (  4.1014152720000002E-002,  0.0000000000000000     )
 mdl_CKM31 =  (  8.0207441115842885E-003, -3.1510066152652563E-003)
 mdl_CKM32 =  ( -4.1014152720000002E-002,  0.0000000000000000     )
 mdl_MZ__exp__2 =    8315.2513440000002     
 mdl_MZ__exp__4 =    69143404.913893804     
 mdl_sqrt__2 =    1.4142135623730951     
 mdl_MH__exp__2 =    15625.000000000000     
 mdl_CKM1x1 =  ( 0.97461995499999998     ,  0.0000000000000000     )
 mdl_CKM1x2 =  ( 0.22530000000000000     ,  0.0000000000000000     )
 mdl_CKM1x3 =  (  1.2197444962317122E-003, -3.1510066152652563E-003)
 mdl_CKM2x1 =  (-0.22530000000000000     ,  0.0000000000000000     )
 mdl_CKM2x2 =  ( 0.97461995499999998     ,  0.0000000000000000     )
 mdl_CKM2x3 =  (  4.1014152720000002E-002,  0.0000000000000000     )
 mdl_CKM3x1 =  (  8.0207441115842885E-003, -3.1510066152652563E-003)
 mdl_CKM3x2 =  ( -4.1014152720000002E-002,  0.0000000000000000     )
 mdl_conjg__CKM1x3 =  (  1.2197444962317122E-003,  3.1510066152652563E-003)
 mdl_conjg__CKM2x3 =  (  4.1014152720000002E-002, -0.0000000000000000     )
 mdl_conjg__CKM2x1 =  (-0.22530000000000000     , -0.0000000000000000     )
 mdl_conjg__CKM3x1 =  (  8.0207441115842885E-003,  3.1510066152652563E-003)
 mdl_conjg__CKM2x2 =  ( 0.97461995499999998     , -0.0000000000000000     )
 mdl_conjg__CKM3x2 =  ( -4.1014152720000002E-002, -0.0000000000000000     )
 mdl_Ncol__exp__2 =    9.0000000000000000     
 mdl_MT__exp__2 =    29929.000000000000     
 mdl_conjg__CKM11 =  ( 0.97461995499999998     , -0.0000000000000000     )
 mdl_conjg__CKM12 =  ( 0.22530000000000000     , -0.0000000000000000     )
 mdl_conjg__CKM13 =  (  1.2197444962317122E-003,  3.1510066152652563E-003)
 mdl_conjg__CKM21 =  (-0.22530000000000000     , -0.0000000000000000     )
 mdl_conjg__CKM22 =  ( 0.97461995499999998     , -0.0000000000000000     )
 mdl_conjg__CKM23 =  (  4.1014152720000002E-002, -0.0000000000000000     )
 mdl_conjg__CKM31 =  (  8.0207441115842885E-003,  3.1510066152652563E-003)
 mdl_conjg__CKM32 =  ( -4.1014152720000002E-002, -0.0000000000000000     )
 mdl_aEW =    7.5467711139788835E-003
 mdl_MW =    80.419002445756163     
 mdl_sqrt__aEW =    8.6872153846781555E-002
 mdl_ee =   0.30795376724436879     
 mdl_MW__exp__2 =    6467.2159543705357     
 mdl_sw2 =   0.22224648578577766     
 mdl_cw =   0.88190334743339216     
 mdl_sqrt__sw2 =   0.47143025548407230     
 mdl_sw =   0.47143025548407230     
 mdl_g1 =   0.34919219678733299     
 mdl_gw =   0.65323293034757990     
 mdl_v =    246.21845810181637     
 mdl_v__exp__2 =    60623.529110035903     
 mdl_lam =   0.12886910601690263     
 mdl_yt =   0.99366614581500623     
 mdl_ytau =    1.0206617000654717E-002
 mdl_muH =    88.388347648318430     
 mdl_AxialZUp =  -0.18517701861793787     
 mdl_AxialZDown =   0.18517701861793787     
 mdl_VectorZUp =    7.5430507588273299E-002
 mdl_VectorZDown =  -0.13030376310310560     
 mdl_VectorAUp =   0.20530251149624587     
 mdl_VectorADown =  -0.10265125574812294     
 mdl_VectorWmDxU =   0.23095271737156670     
 mdl_AxialWmDxU =  -0.23095271737156670     
 mdl_VectorWpUxD =   0.23095271737156670     
 mdl_AxialWpUxD =  -0.23095271737156670     
 mdl_I2x13 =  (  7.9699418879263656E-003,  3.1310485988282153E-003)
 mdl_I2x23 =  ( -4.0754375057150453E-002, -0.0000000000000000     )
 mdl_I2x33 =  ( 0.99366614581500623     ,  0.0000000000000000     )
 mdl_I3x31 =  (  7.9699418879263656E-003, -3.1310485988282153E-003)
 mdl_I3x32 =  ( -4.0754375057150453E-002,  0.0000000000000000     )
 mdl_I3x33 =  ( 0.99366614581500623     ,  0.0000000000000000     )
 mdl_Vector_tdGp =  ( -7.9699418879263656E-003, -3.1310485988282153E-003)
 mdl_Vector_tsGp =  (  4.0754375057150453E-002,  0.0000000000000000     )
 mdl_Vector_tbGp =  (-0.99366614581500623     ,  0.0000000000000000     )
 mdl_Axial_tdGp =  ( -7.9699418879263656E-003, -3.1310485988282153E-003)
 mdl_Axial_tsGp =  (  4.0754375057150453E-002,  0.0000000000000000     )
 mdl_Axial_tbGp =  (-0.99366614581500623     , -0.0000000000000000     )
 mdl_Vector_tdGm =  (  7.9699418879263656E-003, -3.1310485988282153E-003)
 mdl_Vector_tsGm =  ( -4.0754375057150453E-002,  0.0000000000000000     )
 mdl_Vector_tbGm =  ( 0.99366614581500623     ,  0.0000000000000000     )
 mdl_Axial_tdGm =  ( -7.9699418879263656E-003,  3.1310485988282153E-003)
 mdl_Axial_tsGm =  (  4.0754375057150453E-002, -0.0000000000000000     )
 mdl_Axial_tbGm =  (-0.99366614581500623     ,  0.0000000000000000     )
 mdl_gw__exp__2 =   0.42671326129048615     
 mdl_cw__exp__2 =   0.77775351421422245     
 mdl_ee__exp__2 =    9.4835522759998875E-002
 mdl_sw__exp__2 =   0.22224648578577769     
 mdl_yt__exp__2 =   0.98737240933884918     
  Internal Params evaluated point by point
  ----------------------------------------
  
 mdl_sqrt__aS =   0.34351128074635334     
 mdl_G__exp__4 =    2.1987899468922913     
 mdl_G__exp__2 =    1.4828317324943823     
 mdl_R2MixedFactor_FIN_ =   -2.5040377713124864E-002
 mdl_G_UVg_1EPS_ =   -5.1645779033320030E-002
 mdl_G_UVq_1EPS_ =    3.1300472141406080E-003
 mdl_G_UVb_1EPS_ =    3.1300472141406080E-003
 mdl_GWcft_UV_t_1EPS_ =   -3.1300472141406080E-003
 mdl_tWcft_UV_1EPS_ =   -1.8780283284843650E-002
 mdl_G__exp__3 =    1.8056676068262196     
 mdl_MU_R__exp__2 =    8315.2513440000002     
 mdl_G_UVt_FIN_ =   -4.0087659331150384E-003
 mdl_GWcft_UV_t_FIN_ =    4.0087659331150384E-003
 mdl_tWcft_UV_FIN_ =   -9.8778211443463623E-004
  Couplings of loop_sm-ckm_no_b_mass
  ---------------------------------
  
       UV_3Gt =   0.48815E-02   0.00000E+00
      UV_GQQt =   0.00000E+00  -0.48815E-02
   UVWfct_G_2 =   0.40088E-02   0.00000E+00
       R2_DDA =   0.00000E+00   0.25704E-02
       R2_UUA =  -0.00000E+00  -0.51409E-02
    R2_DDZ_V2 =   0.00000E+00   0.72127E-02
    R2_UUZ_V2 =  -0.00000E+00  -0.72127E-02
    R2_UUZ_V5 =   0.00000E+00   0.68702E-03
      R2_GGHt =   0.00000E+00  -0.45657E+01
     R2_GGZup =  -0.46369E-02   0.00000E+00
   R2_GGZdown =   0.46369E-02   0.00000E+00
 R2_GGGZvecUp =   0.00000E+00   0.28750E-03
 R2_GGGZvecDown  -0.00000E+00  -0.49665E-03
 R2_GGGZaxialUp  -0.00000E+00  -0.63522E-02
 R2_GGGZaxialDow  0.00000E+00   0.63522E-02
 R2_GGGAvecUp =   0.00000E+00   0.78251E-03
 R2_GGGAvecDown  -0.00000E+00  -0.39126E-03
         GC_4 =  -0.12177E+01   0.00000E+00
         GC_5 =   0.00000E+00   0.12177E+01
         GC_6 =   0.00000E+00   0.14828E+01
       R2_3Gq =   0.76230E-02   0.00000E+00
       R2_3Gg =   0.31445E-01   0.00000E+00
       R2_GQQ =  -0.00000E+00  -0.30492E-01
       R2_GGq =   0.00000E+00   0.62601E-02
       R2_GGt =  -0.00000E+00  -0.11242E+04
     R2_GGg_1 =   0.00000E+00   0.28170E-01
     R2_GGg_2 =  -0.00000E+00  -0.18780E-01
       R2_QQq =   0.00000E+00   0.12520E-01
  UV_3Gg_1eps =   0.62890E-01   0.00000E+00
  UV_3Gb_1eps =  -0.38115E-02   0.00000E+00
 UV_GQQg_1eps =   0.00000E+00  -0.62890E-01
 UV_GQQq_1eps =   0.00000E+00   0.38115E-02
 UVWfct_G_2_1eps -0.31300E-02   0.00000E+00
         GC_1 =  -0.00000E+00  -0.10265E+00
         GC_2 =   0.00000E+00   0.20530E+00
        GC_21 =  -0.00000E+00  -0.28804E+00
        GC_22 =   0.00000E+00   0.28804E+00
        GC_23 =  -0.00000E+00  -0.27437E-01
        GC_24 =   0.00000E+00   0.82310E-01
        GC_37 =  -0.00000E+00  -0.70263E+00
        GC_38 =  -0.00000E+00  -0.72172E-02
      GC_1003 =  -0.00000E+00  -0.30795E+00

 Collider parameters:
 --------------------

 Running at P P   machine @    13000.000000000000       GeV
 PDF set = lhapdf 
 alpha_s(Mz)= 0.1180 running at 3 loops.
 alpha_s(Mz)= 0.1180 running at 3 loops.
 Renormalization scale set on event-by-event basis
 Factorization   scale set on event-by-event basis


 ===============================================================
 INFO: MadFKS read these parameters from FKS_params.dat
 ===============================================================
  > IRPoleCheckThreshold      =    1.0000000000000001E-005
  > PrecisionVirtualAtRunTime =    1.0000000000000000E-003
  > NHelForMCoverHels         =            4
  > VirtualFraction           =    1.0000000000000000     
  > MinVirtualFraction        =    5.0000000000000001E-003
 ===============================================================
  Insert the number of points to test
 Insert the relative tolerance
  A negative number will mean use the default one:    1.0000000000000001E-005
Using random seed offsets:     0 ,     81 ,      0
  with seed                   32
 Ranmar initialization seeds       10729        9487
  ========================================================================================== 
 {                                                                                          }
 {       [32m                                                                            [0m       }
 {       [32m                               ,,                                           [0m       }
 {       [32m`7MMM.     ,MMF'             `7MM  `7MMF'                                   [0m       }
 {       [32m  MMMb    dPMM                 MM    MM                                     [0m       }
 {       [32m  M YM   ,M MM   ,6"Yb.   ,M""bMM    MM         ,pW"Wq.   ,pW"Wq.`7MMpdMAo. [0m       }
 {       [32m  M  Mb  M' MM  8)   MM ,AP    MM    MM        6W'   `Wb 6W'   `Wb MM   `Wb [0m       }
 {       [32m  M  YM.P'  MM   ,pm9MM 8MI    MM    MM      , 8M     M8 8M     M8 MM    M8 [0m       }
 {       [32m  M  `YM'   MM  8M   MM `Mb    MM    MM     ,M YA.   ,A9 YA.   ,A9 MM   ,AP [0m       }
 {       [32m.JML. `'  .JMML.`Moo9^Yo.`Wbmd"MML..JMMmmmmMMM  `Ybmd9'   `Ybmd9'  MMbmmd'  [0m       }
 {       [32m                                                                   MM       [0m       }
 {       [32m                                                                 .JMML.     [0m       }
 {       [32m[0mv2.4.2 (2016-06-10), Ref: arXiv:1103.0621v2, arXiv:1405.0301[32m                [0m       }
 {       [32m                                                                            [0m       }
 {                                                                                          }
  ========================================================================================== 
 ===============================================================
 INFO: MadLoop read these parameters from ./MadLoop5_resources/MadLoopParams.dat                                                                                                                                                                                                                                                                                                                                                                                                                                                                                          
 ===============================================================
  > MLReductionLib            = 6|1|2
  > IREGIMODE                 =            2
  > IREGIRECY                 =  T
  > CTModeRun                 =           -1
  > MLStabThres               =    1.0000000000000000E-003
  > NRotations_DP             =            1
  > NRotations_QP             =            0
  > CTStabThres               =    1.0000000000000000E-002
  > CTLoopLibrary             =            2
  > CTModeInit                =            1
  > CheckCycle                =            3
  > MaxAttempts               =           10
  > UseLoopFilter             =  F
  > HelicityFilterLevel       =            2
  > ImprovePSPoint            =            2
  > DoubleCheckHelicityFilter =  T
  > LoopInitStartOver         =  F
  > HelInitStartOver          =  F
  > ZeroThres                 =    1.0000000000000001E-009
  > OSThres                   =    1.0000000000000000E-008
  > WriteOutFilters           =  T
  > UseQPIntegrandForNinja    =  F
  > UseQPIntegrandForCutTools =  T
 ===============================================================
  
------------------------------------------------------------------------
|              You are using CutTools - Version 1.9.3                  |
|              Authors: G. Ossola, C. Papadopoulos, R. Pittau          |
|              Published in JHEP 0803:042,2008                         |
|              http://www.ugr.es/~pittau/CutTools                      |
|                                                                      |
|              Compiler with  34  significant digits detetected        |
 ---------------------------------------------------------------------- 
   
########################################################################
#                                                                      #
#                      You are using OneLOop-3.6                       #
#                                                                      #
# for the evaluation of 1-loop scalar 1-, 2-, 3- and 4-point functions #
#                                                                      #
# author: Andreas van Hameren <hamerenREMOVETHIS@ifj.edu.pl>           #
#   date: 18-02-2015                                                   #
#                                                                      #
# Please cite                                                          #
#    A. van Hameren,                                                   #
#      Comput.Phys.Commun. 182 (2011) 2427-2438, arXiv:1007.4716       #
#    A. van Hameren, C.G. Papadopoulos and R. Pittau,                  #
#      JHEP 0909:106,2009, arXiv:0903.4665                             #
# in publications with results obtained with the help of this program. #
#                                                                      #
########################################################################
 PASSED   1.0000000000000001E-005
 MU_R    =    325.00000000000000     
 ALPHA_S =   0.11799999999999999     
 BORN                    1.2427892947293556E-010
 SINGLE POLE (MadFKS)   -1.9593660967523882E-011
 DOUBLE POLE (MadFKS)   -1.2447965343140449E-011
 SINGLE POLE (MadLoop)  -1.9593660967523859E-011
 DOUBLE POLE (MadLoop)  -1.2447965343140343E-011
 FINITE PART (MadLoop)   3.8844300027309471E-011
   325.00000000000000        0.0000000000000000        0.0000000000000000        325.00000000000000        0.0000000000000000     
   325.00000000000000        0.0000000000000000        0.0000000000000000       -325.00000000000000        0.0000000000000000     
   171.81592682793161        76.467814696310256        110.62766314331482        106.91935486973904        1.7769999999999999     
   127.25702460192061       -68.279601582902657       -11.996599204863557        106.70131300378534        1.7769999999999999     
   219.25494662912914        85.530428209628710       -6.9041271200916192       -201.76622735316593        0.0000000000000000     
   131.67210194101855       -93.718641323036323       -91.726936818359633       -11.854440520358461        0.0000000000000000     

 PASSED   1.0000000000000001E-005
 MU_R    =    325.00000000000000     
 ALPHA_S =   0.11799999999999999     
 BORN                    1.7208770068880902E-011
 SINGLE POLE (MadFKS)   -2.1789965660930581E-012
 DOUBLE POLE (MadFKS)   -1.7236564100123824E-012
 SINGLE POLE (MadLoop)  -2.1789965660932091E-012
 DOUBLE POLE (MadLoop)  -1.7236564100123798E-012
 FINITE PART (MadLoop)   4.1211396645638432E-012
   325.00000000000000        0.0000000000000000        0.0000000000000000        325.00000000000000        0.0000000000000000     
   325.00000000000000        0.0000000000000000        0.0000000000000000       -325.00000000000000        0.0000000000000000     
   82.902813624113307        63.243559508915908       -35.334577605090601        40.267090581596655        1.7769999999999999     
   178.08690427178982       -127.68463072916082       -31.547612868080748       -120.05486638197212        1.7769999999999999     
   142.59360796075146       -107.07397775651236        22.419312099210597       -91.462969357333691        0.0000000000000000     
   246.41667414334546        171.51504897675727        44.462878373960756        171.25074515770916        0.0000000000000000     

 PASSED   1.0000000000000001E-005
 MU_R    =    325.00000000000000     
 ALPHA_S =   0.11799999999999999     
 BORN                    4.8740434487704574E-011
 SINGLE POLE (MadFKS)   -8.1346679596503787E-012
 DOUBLE POLE (MadFKS)   -4.8819155578957606E-012
 SINGLE POLE (MadLoop)  -8.1346679596501832E-012
 DOUBLE POLE (MadLoop)  -4.8819155578957008E-012
 FINITE PART (MadLoop)   6.4280645232535703E-012
   325.00000000000000        0.0000000000000000        0.0000000000000000        325.00000000000000        0.0000000000000000     
   325.00000000000000        0.0000000000000000        0.0000000000000000       -325.00000000000000        0.0000000000000000     
   120.89480048682378       -30.114724742062233       -86.117431476576584       -79.305021312246623        1.7769999999999999     
   204.96079571101239        175.47231409718648       -54.079282272731852        91.053106831869627        1.7769999999999999     
   73.841537675047590        11.630514306822153       -50.407287331835086       -52.691642667695362        0.0000000000000000     
   250.30286612712220       -156.98810366194635        190.60400108114354        40.943557148072387        0.0000000000000000     

 PASSED   1.0000000000000001E-005
 MU_R    =    325.00000000000000     
 ALPHA_S =   0.11799999999999999     
 BORN                    3.8211389113070399E-010
 SINGLE POLE (MadFKS)   -2.1711209822402289E-011
 DOUBLE POLE (MadFKS)   -3.8273104653378801E-011
 SINGLE POLE (MadLoop)  -2.1711209822393975E-011
 DOUBLE POLE (MadLoop)  -3.8273104653378640E-011
 FINITE PART (MadLoop)   1.5295754344415669E-010
   325.00000000000000        0.0000000000000000        0.0000000000000000        325.00000000000000        0.0000000000000000     
   325.00000000000000        0.0000000000000000        0.0000000000000000       -325.00000000000000        0.0000000000000000     
   149.84943131592678        148.42128340148980       -20.454744700199441       -2.1024722140766787        1.7769999999999999     
   65.182921969876446       -46.532729303488985        26.009889422551318        37.467937537658379        1.7769999999999999     
   183.07025050159740        52.689645217312830        154.83429941105197        82.248754589233968        0.0000000000000000     
   251.89739621259940       -154.57819931531364       -160.38944413340388       -117.61421991281567        0.0000000000000000     

 PASSED   1.0000000000000001E-005
 MU_R    =    325.00000000000000     
 ALPHA_S =   0.11799999999999999     
 BORN                    4.0670810326347951E-011
 SINGLE POLE (MadFKS)   -8.9047407409865161E-012
 DOUBLE POLE (MadFKS)   -4.0736498098824475E-012
 SINGLE POLE (MadLoop)  -8.9047407409864515E-012
 DOUBLE POLE (MadLoop)  -4.0736498098824080E-012
 FINITE PART (MadLoop)   4.9440376665798909E-012
   325.00000000000000        0.0000000000000000        0.0000000000000000        325.00000000000000        0.0000000000000000     
   325.00000000000000        0.0000000000000000        0.0000000000000000       -325.00000000000000        0.0000000000000000     
   249.36625779475278       -194.67883761559139        154.56272525131570        19.770861010274217        1.7769999999999999     
   233.45095737557142        147.67936231577980       -180.60412766452231       -8.3154547147105244        1.7769999999999999     
   62.505451002717052       -54.819045797803497        27.158088641289773        12.815687426869800        0.0000000000000000     
   104.67733382695910        101.81852109761509       -1.1166862280830916       -24.271093722433520        0.0000000000000000     

 PASSED   1.0000000000000001E-005
 MU_R    =    325.00000000000000     
 ALPHA_S =   0.11799999999999999     
 BORN                    1.3317085802999483E-011
 SINGLE POLE (MadFKS)   -2.8913433254234680E-012
 DOUBLE POLE (MadFKS)   -1.3338594341807993E-012
 SINGLE POLE (MadLoop)  -2.8913433254235278E-012
 DOUBLE POLE (MadLoop)  -1.3338594341807991E-012
 FINITE PART (MadLoop)   2.3110729009744448E-012
   325.00000000000000        0.0000000000000000        0.0000000000000000        325.00000000000000        0.0000000000000000     
   325.00000000000000        0.0000000000000000        0.0000000000000000       -325.00000000000000        0.0000000000000000     
   129.64662219447493       -95.735418205902874        74.962745889457523        44.948919309483088        1.7769999999999999     
   284.87661393864857        94.654003226099093       -184.19657113861260       -195.61127343331083        1.7769999999999999     
   40.663230579304624       -7.9331715456435514        29.487332863420278       -26.852566189750657        0.0000000000000000     
   194.81353328757456        9.0145865254473261        79.746492385734754        177.51492031357836        0.0000000000000000     

 PASSED   1.0000000000000001E-005
 MU_R    =    325.00000000000000     
 ALPHA_S =   0.11799999999999999     
 BORN                    6.9660145699861479E-010
 SINGLE POLE (MadFKS)   -4.4070396524616186E-011
 DOUBLE POLE (MadFKS)   -6.9772654395033701E-011
 SINGLE POLE (MadLoop)  -4.4070396524626642E-011
 DOUBLE POLE (MadLoop)  -6.9772654395034127E-011
 FINITE PART (MadLoop)   3.6947771466312078E-010
   325.00000000000000        0.0000000000000000        0.0000000000000000        325.00000000000000        0.0000000000000000     
   325.00000000000000        0.0000000000000000        0.0000000000000000       -325.00000000000000        0.0000000000000000     
   81.342037554922840        50.058790511805682       -56.879124201956969       -29.533913846626966        1.7769999999999999     
   131.15100002471914        107.64048802205254       -74.667836020608533        5.9721588104938199        1.7769999999999999     
   134.94875570220711        107.67982285047738       -1.7922233512758090        81.320417804650646        0.0000000000000000     
   302.55820671815093       -265.37910138433557        133.33918357384132       -57.758662768517524        0.0000000000000000     

 PASSED   1.0000000000000001E-005
 MU_R    =    325.00000000000000     
 ALPHA_S =   0.11799999999999999     
 BORN                    1.1409460978974050E-010
 SINGLE POLE (MadFKS)   -1.5834762058583824E-011
 DOUBLE POLE (MadFKS)   -1.1427888496666784E-011
 SINGLE POLE (MadLoop)  -1.5834762058584496E-011
 DOUBLE POLE (MadLoop)  -1.1427888496666778E-011
 FINITE PART (MadLoop)   4.1168489816366808E-011
   325.00000000000000        0.0000000000000000        0.0000000000000000        325.00000000000000        0.0000000000000000     
   325.00000000000000        0.0000000000000000        0.0000000000000000       -325.00000000000000        0.0000000000000000     
   233.46935591244929        223.27015278429343        67.089054497401420        12.420952600220382        1.7769999999999999     
   89.437558771758830       -6.4576441876209172        88.766591382161323       -8.6435106288069612        1.7769999999999999     
   199.43165411544641       -158.21221506542400       -86.075253035253439        85.632531681786602        0.0000000000000000     
   127.66143120034542       -58.600293531248511       -69.780392844309304       -89.409973653199970        0.0000000000000000     

 PASSED   1.0000000000000001E-005
 MU_R    =    325.00000000000000     
 ALPHA_S =   0.11799999999999999     
 BORN                    2.2275312129042804E-011
 SINGLE POLE (MadFKS)   -5.2460748734594186E-012
 DOUBLE POLE (MadFKS)   -2.2311289175559337E-012
 SINGLE POLE (MadLoop)  -5.2460748734595624E-012
 DOUBLE POLE (MadLoop)  -2.2311289175559276E-012
 FINITE PART (MadLoop)   1.6197538377012216E-012
   325.00000000000000        0.0000000000000000        0.0000000000000000        325.00000000000000        0.0000000000000000     
   325.00000000000000        0.0000000000000000        0.0000000000000000       -325.00000000000000        0.0000000000000000     
   252.87506032935289        3.5555961042604345        13.154101752425602        252.50141732474313        1.7769999999999999     
   232.90184374889949       -7.5700951914948620       -108.52048036747550       -205.92743890079555        1.7769999999999999     
   32.527511041587658       -22.431616831529517       -17.721990009815958        15.517493707942410        0.0000000000000000     
   131.69558488016034        26.446115918763940        113.08836862486586       -62.091472131890001        0.0000000000000000     

 PASSED   1.0000000000000001E-005
 MU_R    =    325.00000000000000     
 ALPHA_S =   0.11799999999999999     
 BORN                    2.9368242915346794E-010
 SINGLE POLE (MadFKS)   -3.6037493957399106E-011
 DOUBLE POLE (MadFKS)   -2.9415675814843483E-011
 SINGLE POLE (MadLoop)  -3.6037493957399371E-011
 DOUBLE POLE (MadLoop)  -2.9415675814843503E-011
 FINITE PART (MadLoop)   7.8479721751626812E-011
   325.00000000000000        0.0000000000000000        0.0000000000000000        325.00000000000000        0.0000000000000000     
   325.00000000000000        0.0000000000000000        0.0000000000000000       -325.00000000000000        0.0000000000000000     
   188.17039513613545       -54.981181330025414        169.54622537501967        60.299975433885933        1.7769999999999999     
   47.388424150455407       -18.422927331313851        38.817420175616576       -19.907502453050949        1.7769999999999999     
   213.66049031711941        124.52338501682723       -58.261566223041868       -163.55525551855860        0.0000000000000000     
   200.78069039628974       -51.119276355487898       -150.10207932759434        123.16278253772354        0.0000000000000000     

 PASSED   1.0000000000000001E-005
 MU_R    =    325.00000000000000     
 ALPHA_S =   0.11799999999999999     
 BORN                    7.0515244304114555E-011
 SINGLE POLE (MadFKS)   -1.1702246257956137E-011
 DOUBLE POLE (MadFKS)   -7.0629134076332205E-012
 SINGLE POLE (MadLoop)  -1.1702246257956067E-011
 DOUBLE POLE (MadLoop)  -7.0629134076331995E-012
 FINITE PART (MadLoop)   2.0987689592454647E-011
   325.00000000000000        0.0000000000000000        0.0000000000000000        325.00000000000000        0.0000000000000000     
   325.00000000000000        0.0000000000000000        0.0000000000000000       -325.00000000000000        0.0000000000000000     
   119.39985556982643       -4.0928945753723971       -92.709377733276639        75.109169050116151        1.7769999999999999     
   270.66097391867697       -41.139340856019771        264.22538655850377        41.793597662180545        1.7769999999999999     
   115.37471975014473        70.260428469502287       -91.509745507238136       0.87442890329000900        0.0000000000000000     
   144.56445076135577       -25.028193038110128       -80.006263317988953       -117.77719561558669        0.0000000000000000     

 PASSED   1.0000000000000001E-005
 MU_R    =    325.00000000000000     
 ALPHA_S =   0.11799999999999999     
 BORN                    3.5178905178652106E-008
 SINGLE POLE (MadFKS)   -3.5260577004717020E-009
 DOUBLE POLE (MadFKS)   -3.5235722928306122E-009
 SINGLE POLE (MadLoop)  -3.5260577004714394E-009
 DOUBLE POLE (MadLoop)  -3.5235722928303438E-009
 FINITE PART (MadLoop)   1.8683301969370239E-008
   325.00000000000000        0.0000000000000000        0.0000000000000000        325.00000000000000        0.0000000000000000     
   325.00000000000000        0.0000000000000000        0.0000000000000000       -325.00000000000000        0.0000000000000000     
   77.320879867909895       -15.127239669962789       -59.000859396468435       -47.596490889491236        1.7769999999999999     
   171.44822349889188       -92.802025884265433       -5.0792270718003243       -144.06013000152132        1.7769999999999999     
   228.36293686443346        192.37594997729960       -60.761657054509271        107.00068147292802        0.0000000000000000     
   172.86795976876479       -84.446684423071432        124.84174352277802        84.655939418084472        0.0000000000000000     

 PASSED   1.0000000000000001E-005
 MU_R    =    325.00000000000000     
 ALPHA_S =   0.11799999999999999     
 BORN                    3.0538115309261153E-011
 SINGLE POLE (MadFKS)   -8.2751350950646227E-012
 DOUBLE POLE (MadFKS)   -3.0587437679634412E-012
 SINGLE POLE (MadLoop)  -8.2751350950651089E-012
 DOUBLE POLE (MadLoop)  -3.0587437679634509E-012
 FINITE PART (MadLoop)  -6.8143095929360109E-012
   325.00000000000000        0.0000000000000000        0.0000000000000000        325.00000000000000        0.0000000000000000     
   325.00000000000000        0.0000000000000000        0.0000000000000000       -325.00000000000000        0.0000000000000000     
   288.18144477483014        163.05861410901184        201.96051827504226        125.17677422922014        1.7769999999999999     
   146.98504413327774        6.4883815264596896       -132.81492068484096       -62.606255426339864        1.7769999999999999     
   198.11703353861785       -171.90373683223319       -61.255612785913463       -77.118182962764266        0.0000000000000000     
   16.716477553275972        2.3567411967617469       -7.8899848042878462        14.547664159883960        0.0000000000000000     

 PASSED   1.0000000000000001E-005
 MU_R    =    325.00000000000000     
 ALPHA_S =   0.11799999999999999     
 BORN                    3.0351664633596762E-010
 SINGLE POLE (MadFKS)   -6.0780868162729025E-011
 DOUBLE POLE (MadFKS)   -3.0400685865894262E-011
 SINGLE POLE (MadLoop)  -6.0780868162731054E-011
 DOUBLE POLE (MadLoop)  -3.0400685865895296E-011
 FINITE PART (MadLoop)  -2.9734134993259563E-011
   325.00000000000000        0.0000000000000000        0.0000000000000000        325.00000000000000        0.0000000000000000     
   325.00000000000000        0.0000000000000000        0.0000000000000000       -325.00000000000000        0.0000000000000000     
Thanks for using LHAPDF 6.2.1. Please make sure to cite the paper:
  Eur.Phys.J. C75 (2015) 3, 132  (http://arxiv.org/abs/1412.7420)
   203.88237420520932       -28.474601623150786       -133.34949541405666       -151.56508145932671        1.7769999999999999     
   182.17733130962782        37.979761525479475       -124.41306937167263        127.53175368544484        1.7769999999999999     
   51.332184151891710       -17.471867712612813        45.446020842209009        16.259955659416299        0.0000000000000000     
   212.60811033327300        7.9667078102841264        212.31654394352029        7.7733721144655421        0.0000000000000000     

 PASSED   1.0000000000000001E-005
 MU_R    =    325.00000000000000     
 ALPHA_S =   0.11799999999999999     
 BORN                    1.8915416232683125E-011
 SINGLE POLE (MadFKS)   -2.7510978380443384E-012
 DOUBLE POLE (MadFKS)   -1.8945966682694354E-012
 SINGLE POLE (MadLoop)  -2.7510978380443764E-012
 DOUBLE POLE (MadLoop)  -1.8945966682694326E-012
 FINITE PART (MadLoop)   6.3520197805115429E-012
   325.00000000000000        0.0000000000000000        0.0000000000000000        325.00000000000000        0.0000000000000000     
   325.00000000000000        0.0000000000000000        0.0000000000000000       -325.00000000000000        0.0000000000000000     
   258.87835636250907       -193.32670820121223       -8.7835854746430897        171.93742520535542        1.7769999999999999     
   145.11397946491383        81.755494938197671        56.524099684964817       -105.71648172994561        1.7769999999999999     
   69.364050355091308       -33.263602923503697       -49.883278901450424        34.879258711320482        0.0000000000000000     
   176.64361381748799        144.83481618651828        2.1427646911286882       -101.10020218673026        0.0000000000000000     

 PASSED   1.0000000000000001E-005
 MU_R    =    325.00000000000000     
 ALPHA_S =   0.11799999999999999     
 BORN                    1.6690575174350931E-011
 SINGLE POLE (MadFKS)   -2.2212426955604626E-012
 DOUBLE POLE (MadFKS)   -1.6717532264602089E-012
 SINGLE POLE (MadLoop)  -2.2212426955606617E-012
 DOUBLE POLE (MadLoop)  -1.6717532264602115E-012
 FINITE PART (MadLoop)   5.5684523854892923E-012
   325.00000000000000        0.0000000000000000        0.0000000000000000        325.00000000000000        0.0000000000000000     
   325.00000000000000        0.0000000000000000        0.0000000000000000       -325.00000000000000        0.0000000000000000     
   80.333479269063844        61.547601842326458       -32.203774127839594        40.312774673230493        1.7769999999999999     
   209.57986337274357       -68.845035070838961        97.316560578773121       -172.36707802115458        1.7769999999999999     
   127.45306324690941       -115.27093966772583        42.662994845473051       -33.715911228310951        0.0000000000000000     
   232.63359411128309        122.56837289623837       -107.77578129640659        165.77021457623508        0.0000000000000000     

 PASSED   1.0000000000000001E-005
 MU_R    =    325.00000000000000     
 ALPHA_S =   0.11799999999999999     
 BORN                    7.1720154245789194E-011
 SINGLE POLE (MadFKS)   -1.4331575828510254E-011
 DOUBLE POLE (MadFKS)   -7.1835990078325494E-012
 SINGLE POLE (MadLoop)  -1.4331575828509171E-011
 DOUBLE POLE (MadLoop)  -7.1835990078324953E-012
 FINITE PART (MadLoop)   1.5891291146629622E-012
   325.00000000000000        0.0000000000000000        0.0000000000000000        325.00000000000000        0.0000000000000000     
   325.00000000000000        0.0000000000000000        0.0000000000000000       -325.00000000000000        0.0000000000000000     
   231.35598088766017        15.624480357170292       -222.75384787561316       -60.489925059202449        1.7769999999999999     
   143.69355296962920       -143.17192068655282        10.486855293525867       -6.0420550321662061        1.7769999999999999     
   68.553992412866478        40.102711101295036        26.126322667231094        49.079911389051524        0.0000000000000000     
   206.39647372984695        87.444729228087510        186.14066991485623        17.452068702317121        0.0000000000000000     

 PASSED   1.0000000000000001E-005
 MU_R    =    325.00000000000000     
 ALPHA_S =   0.11799999999999999     
 BORN                    2.2141412855698102E-011
 SINGLE POLE (MadFKS)   -3.6292208779467581E-012
 DOUBLE POLE (MadFKS)   -2.2177173640356766E-012
 SINGLE POLE (MadLoop)  -3.6292208779467435E-012
 DOUBLE POLE (MadLoop)  -2.2177173640356835E-012
 FINITE PART (MadLoop)   8.7549305210698622E-012
   325.00000000000000        0.0000000000000000        0.0000000000000000        325.00000000000000        0.0000000000000000     
   325.00000000000000        0.0000000000000000        0.0000000000000000       -325.00000000000000        0.0000000000000000     
   77.397126938231267       -13.973567936088486       -15.607972782359091        74.486831816458263        1.7769999999999999     
   283.85893012262278        11.535851536694624        150.94233363125514       -240.11678518719646        1.7769999999999999     
   89.560684155160459        74.859086987766858        8.5115477571159186        48.422998631607818        0.0000000000000000     
   199.18325878398548       -72.421370588372994       -143.84590860601199        117.20695473913023        0.0000000000000000     

 PASSED   1.0000000000000001E-005
 MU_R    =    325.00000000000000     
 ALPHA_S =   0.11799999999999999     
 BORN                    1.2177140516305096E-010
 SINGLE POLE (MadFKS)   -2.0256444638158274E-011
 DOUBLE POLE (MadFKS)   -1.2196807919763039E-011
 SINGLE POLE (MadLoop)  -2.0256444638185206E-011
 DOUBLE POLE (MadLoop)  -1.2196807919763332E-011
 FINITE PART (MadLoop)   4.8007675453282096E-011
   325.00000000000000        0.0000000000000000        0.0000000000000000        325.00000000000000        0.0000000000000000     
   325.00000000000000        0.0000000000000000        0.0000000000000000       -325.00000000000000        0.0000000000000000     
   239.82901771497237       -51.807630916532581       -144.87392992051903       -183.96280552690371        1.7769999999999999     
   190.43870766410382       -64.384234591159057        166.82366172295994        65.484959137408254        1.7769999999999999     
   165.56254521401934        73.361888840095489       -46.272922656807246        141.02413365220440        0.0000000000000000     
   54.169729406905375        42.829976667596135        24.323190854366317       -22.546287262708912        0.0000000000000000     

 PASSED   1.0000000000000001E-005
 MU_R    =    325.00000000000000     
 ALPHA_S =   0.11799999999999999     
 BORN                    1.9258158521653921E-011
 SINGLE POLE (MadFKS)   -2.8977094463404721E-012
 DOUBLE POLE (MadFKS)   -1.9289262537657941E-012
 SINGLE POLE (MadLoop)  -2.8977094463404232E-012
 DOUBLE POLE (MadLoop)  -1.9289262537657714E-012
 FINITE PART (MadLoop)   6.1033761903398690E-012
   325.00000000000000        0.0000000000000000        0.0000000000000000        325.00000000000000        0.0000000000000000     
   325.00000000000000        0.0000000000000000        0.0000000000000000       -325.00000000000000        0.0000000000000000     
   191.27117791829380       -186.96630457084404        39.584143401044173       -7.6290444735642620        1.7769999999999999     
   147.85860224276618        137.41982114660314        12.463264447261295        53.098665929925097        1.7769999999999999     
   182.72922167333297        153.60703240114469       0.19589658093693987       -98.968730793040535        0.0000000000000000     
   128.14099816561088       -104.06054897690376       -52.243304429242400        53.499109336679687        0.0000000000000000     

 NUMBER OF POINTS PASSING THE CHECK          20
 NUMBER OF POINTS FAILING THE CHECK           0
 TOLERANCE    1.0000000000000001E-005
