==== LHAPDF6 USING DEFAULT-TYPE LHAGLUE INTERFACE ====
LHAPDF 6.2.1 loading /cvmfs/cms.cern.ch/slc6_amd64_gcc481/external/lhapdf/6.2.1/share/LHAPDF/NNPDF31_nnlo_hessian_pdfas/NNPDF31_nnlo_hessian_pdfas_0000.dat
NNPDF31_nnlo_hessian_pdfas PDF set, member #0, version 1; LHAPDF ID = 306000
 A PDF is used, so alpha_s(MZ) is going to be modified
 Old value of alpha_s from param_card:   0.11799999999999999     
 New value of alpha_s from PDF lhapdf :  0.11800208008122040     
 using LHAPDF
 *****************************************************
 *               MadGraph/MadEvent                   *
 *        --------------------------------           *
 *          http://madgraph.hep.uiuc.edu             *
 *          http://madgraph.phys.ucl.ac.be           *
 *          http://madgraph.roma2.infn.it            *
 *        --------------------------------           *
 *                                                   *
 *          PARAMETER AND COUPLING VALUES            *
 *                                                   *
 *****************************************************

  External Params
  ---------------------------------
  
 MU_R =    91.188000000000002     
 aEWM1 =    132.50700000000001     
 mdl_Gf =    1.1663900000000000E-005
 aS =   0.11799999999999999     
 mdl_lamWS =   0.22530000000000000     
 mdl_AWS =   0.80800000000000005     
 mdl_rhoWS =   0.13200000000000001     
 mdl_etaWS =   0.34100000000000003     
 mdl_ymt =    173.00000000000000     
 mdl_ymtau =    1.7769999999999999     
 mdl_MT =    173.00000000000000     
 mdl_MZ =    91.188000000000002     
 mdl_MH =    125.00000000000000     
 mdl_MTA =    1.7769999999999999     
 mdl_WT =    1.4915000000000000     
 mdl_WZ =    2.4414039999999999     
 mdl_WW =    2.0476000000000001     
 mdl_WH =    6.3823389999999999E-003
  Internal Params
  ---------------------------------
  
 mdl_CKM33 =    1.0000000000000000     
 mdl_conjg__CKM3x3 =    1.0000000000000000     
 mdl_I4x33 =    0.0000000000000000     
 mdl_I1x33 =    0.0000000000000000     
 mdl_lhv =    1.0000000000000000     
 mdl_CKM3x3 =    1.0000000000000000     
 mdl_conjg__CKM33 =    1.0000000000000000     
 mdl_Ncol =    3.0000000000000000     
 mdl_CA =    3.0000000000000000     
 mdl_TF =   0.50000000000000000     
 mdl_CF =    1.3333333333333333     
 mdl_lamWS__exp__2 =    5.0760090000000001E-002
 mdl_CKM11 =  ( 0.97461995499999998     ,  0.0000000000000000     )
 mdl_CKM12 =  ( 0.22530000000000000     ,  0.0000000000000000     )
 mdl_complexi =  (  0.0000000000000000     ,  1.0000000000000000     )
 mdl_lamWS__exp__3 =    1.1436248277000001E-002
 mdl_CKM13 =  (  1.2197444962317122E-003, -3.1510066152652563E-003)
 mdl_CKM21 =  (-0.22530000000000000     ,  0.0000000000000000     )
 mdl_CKM22 =  ( 0.97461995499999998     ,  0.0000000000000000     )
 mdl_CKM23 =  (  4.1014152720000002E-002,  0.0000000000000000     )
 mdl_CKM31 =  (  8.0207441115842885E-003, -3.1510066152652563E-003)
 mdl_CKM32 =  ( -4.1014152720000002E-002,  0.0000000000000000     )
 mdl_MZ__exp__2 =    8315.2513440000002     
 mdl_MZ__exp__4 =    69143404.913893804     
 mdl_sqrt__2 =    1.4142135623730951     
 mdl_MH__exp__2 =    15625.000000000000     
 mdl_CKM1x1 =  ( 0.97461995499999998     ,  0.0000000000000000     )
 mdl_CKM1x2 =  ( 0.22530000000000000     ,  0.0000000000000000     )
 mdl_CKM1x3 =  (  1.2197444962317122E-003, -3.1510066152652563E-003)
 mdl_CKM2x1 =  (-0.22530000000000000     ,  0.0000000000000000     )
 mdl_CKM2x2 =  ( 0.97461995499999998     ,  0.0000000000000000     )
 mdl_CKM2x3 =  (  4.1014152720000002E-002,  0.0000000000000000     )
 mdl_CKM3x1 =  (  8.0207441115842885E-003, -3.1510066152652563E-003)
 mdl_CKM3x2 =  ( -4.1014152720000002E-002,  0.0000000000000000     )
 mdl_conjg__CKM1x3 =  (  1.2197444962317122E-003,  3.1510066152652563E-003)
 mdl_conjg__CKM2x3 =  (  4.1014152720000002E-002, -0.0000000000000000     )
 mdl_conjg__CKM2x1 =  (-0.22530000000000000     , -0.0000000000000000     )
 mdl_conjg__CKM3x1 =  (  8.0207441115842885E-003,  3.1510066152652563E-003)
 mdl_conjg__CKM2x2 =  ( 0.97461995499999998     , -0.0000000000000000     )
 mdl_conjg__CKM3x2 =  ( -4.1014152720000002E-002, -0.0000000000000000     )
 mdl_Ncol__exp__2 =    9.0000000000000000     
 mdl_MT__exp__2 =    29929.000000000000     
 mdl_conjg__CKM11 =  ( 0.97461995499999998     , -0.0000000000000000     )
 mdl_conjg__CKM12 =  ( 0.22530000000000000     , -0.0000000000000000     )
 mdl_conjg__CKM13 =  (  1.2197444962317122E-003,  3.1510066152652563E-003)
 mdl_conjg__CKM21 =  (-0.22530000000000000     , -0.0000000000000000     )
 mdl_conjg__CKM22 =  ( 0.97461995499999998     , -0.0000000000000000     )
 mdl_conjg__CKM23 =  (  4.1014152720000002E-002, -0.0000000000000000     )
 mdl_conjg__CKM31 =  (  8.0207441115842885E-003,  3.1510066152652563E-003)
 mdl_conjg__CKM32 =  ( -4.1014152720000002E-002, -0.0000000000000000     )
 mdl_aEW =    7.5467711139788835E-003
 mdl_MW =    80.419002445756163     
 mdl_sqrt__aEW =    8.6872153846781555E-002
 mdl_ee =   0.30795376724436879     
 mdl_MW__exp__2 =    6467.2159543705357     
 mdl_sw2 =   0.22224648578577766     
 mdl_cw =   0.88190334743339216     
 mdl_sqrt__sw2 =   0.47143025548407230     
 mdl_sw =   0.47143025548407230     
 mdl_g1 =   0.34919219678733299     
 mdl_gw =   0.65323293034757990     
 mdl_v =    246.21845810181637     
 mdl_v__exp__2 =    60623.529110035903     
 mdl_lam =   0.12886910601690263     
 mdl_yt =   0.99366614581500623     
 mdl_ytau =    1.0206617000654717E-002
 mdl_muH =    88.388347648318430     
 mdl_AxialZUp =  -0.18517701861793787     
 mdl_AxialZDown =   0.18517701861793787     
 mdl_VectorZUp =    7.5430507588273299E-002
 mdl_VectorZDown =  -0.13030376310310560     
 mdl_VectorAUp =   0.20530251149624587     
 mdl_VectorADown =  -0.10265125574812294     
 mdl_VectorWmDxU =   0.23095271737156670     
 mdl_AxialWmDxU =  -0.23095271737156670     
 mdl_VectorWpUxD =   0.23095271737156670     
 mdl_AxialWpUxD =  -0.23095271737156670     
 mdl_I2x13 =  (  7.9699418879263656E-003,  3.1310485988282153E-003)
 mdl_I2x23 =  ( -4.0754375057150453E-002, -0.0000000000000000     )
 mdl_I2x33 =  ( 0.99366614581500623     ,  0.0000000000000000     )
 mdl_I3x31 =  (  7.9699418879263656E-003, -3.1310485988282153E-003)
 mdl_I3x32 =  ( -4.0754375057150453E-002,  0.0000000000000000     )
 mdl_I3x33 =  ( 0.99366614581500623     ,  0.0000000000000000     )
 mdl_Vector_tdGp =  ( -7.9699418879263656E-003, -3.1310485988282153E-003)
 mdl_Vector_tsGp =  (  4.0754375057150453E-002,  0.0000000000000000     )
 mdl_Vector_tbGp =  (-0.99366614581500623     ,  0.0000000000000000     )
 mdl_Axial_tdGp =  ( -7.9699418879263656E-003, -3.1310485988282153E-003)
 mdl_Axial_tsGp =  (  4.0754375057150453E-002,  0.0000000000000000     )
 mdl_Axial_tbGp =  (-0.99366614581500623     , -0.0000000000000000     )
 mdl_Vector_tdGm =  (  7.9699418879263656E-003, -3.1310485988282153E-003)
 mdl_Vector_tsGm =  ( -4.0754375057150453E-002,  0.0000000000000000     )
 mdl_Vector_tbGm =  ( 0.99366614581500623     ,  0.0000000000000000     )
 mdl_Axial_tdGm =  ( -7.9699418879263656E-003,  3.1310485988282153E-003)
 mdl_Axial_tsGm =  (  4.0754375057150453E-002, -0.0000000000000000     )
 mdl_Axial_tbGm =  (-0.99366614581500623     ,  0.0000000000000000     )
 mdl_gw__exp__2 =   0.42671326129048615     
 mdl_cw__exp__2 =   0.77775351421422245     
 mdl_ee__exp__2 =    9.4835522759998875E-002
 mdl_sw__exp__2 =   0.22224648578577769     
 mdl_yt__exp__2 =   0.98737240933884918     
  Internal Params evaluated point by point
  ----------------------------------------
  
 mdl_sqrt__aS =   0.34351128074635334     
 mdl_G__exp__4 =    2.1987899468922913     
 mdl_G__exp__2 =    1.4828317324943823     
 mdl_R2MixedFactor_FIN_ =   -2.5040377713124864E-002
 mdl_G_UVg_1EPS_ =   -5.1645779033320030E-002
 mdl_G_UVq_1EPS_ =    3.1300472141406080E-003
 mdl_G_UVb_1EPS_ =    3.1300472141406080E-003
 mdl_GWcft_UV_t_1EPS_ =   -3.1300472141406080E-003
 mdl_tWcft_UV_1EPS_ =   -1.8780283284843650E-002
 mdl_G__exp__3 =    1.8056676068262196     
 mdl_MU_R__exp__2 =    8315.2513440000002     
 mdl_G_UVt_FIN_ =   -4.0087659331150384E-003
 mdl_GWcft_UV_t_FIN_ =    4.0087659331150384E-003
 mdl_tWcft_UV_FIN_ =   -9.8778211443463623E-004
  Couplings of loop_sm-ckm_no_b_mass
  ---------------------------------
  
       UV_3Gt =   0.48815E-02   0.00000E+00
      UV_GQQt =   0.00000E+00  -0.48815E-02
   UVWfct_G_2 =   0.40088E-02   0.00000E+00
       R2_DDA =   0.00000E+00   0.25704E-02
       R2_UUA =  -0.00000E+00  -0.51409E-02
    R2_DDZ_V2 =   0.00000E+00   0.72127E-02
    R2_UUZ_V2 =  -0.00000E+00  -0.72127E-02
    R2_UUZ_V5 =   0.00000E+00   0.68702E-03
      R2_GGHt =   0.00000E+00  -0.45657E+01
     R2_GGZup =  -0.46369E-02   0.00000E+00
   R2_GGZdown =   0.46369E-02   0.00000E+00
 R2_GGGZvecUp =   0.00000E+00   0.28750E-03
 R2_GGGZvecDown  -0.00000E+00  -0.49665E-03
 R2_GGGZaxialUp  -0.00000E+00  -0.63522E-02
 R2_GGGZaxialDow  0.00000E+00   0.63522E-02
 R2_GGGAvecUp =   0.00000E+00   0.78251E-03
 R2_GGGAvecDown  -0.00000E+00  -0.39126E-03
         GC_4 =  -0.12177E+01   0.00000E+00
         GC_5 =   0.00000E+00   0.12177E+01
         GC_6 =   0.00000E+00   0.14828E+01
       R2_3Gq =   0.76230E-02   0.00000E+00
       R2_3Gg =   0.31445E-01   0.00000E+00
       R2_GQQ =  -0.00000E+00  -0.30492E-01
       R2_GGq =   0.00000E+00   0.62601E-02
       R2_GGt =  -0.00000E+00  -0.11242E+04
     R2_GGg_1 =   0.00000E+00   0.28170E-01
     R2_GGg_2 =  -0.00000E+00  -0.18780E-01
       R2_QQq =   0.00000E+00   0.12520E-01
  UV_3Gg_1eps =   0.62890E-01   0.00000E+00
  UV_3Gb_1eps =  -0.38115E-02   0.00000E+00
 UV_GQQg_1eps =   0.00000E+00  -0.62890E-01
 UV_GQQq_1eps =   0.00000E+00   0.38115E-02
 UVWfct_G_2_1eps -0.31300E-02   0.00000E+00
         GC_1 =  -0.00000E+00  -0.10265E+00
         GC_2 =   0.00000E+00   0.20530E+00
        GC_21 =  -0.00000E+00  -0.28804E+00
        GC_22 =   0.00000E+00   0.28804E+00
        GC_23 =  -0.00000E+00  -0.27437E-01
        GC_24 =   0.00000E+00   0.82310E-01
        GC_37 =  -0.00000E+00  -0.70263E+00
        GC_38 =  -0.00000E+00  -0.72172E-02
      GC_1003 =  -0.00000E+00  -0.30795E+00

 Collider parameters:
 --------------------

 Running at P P   machine @    13000.000000000000       GeV
 PDF set = lhapdf 
 alpha_s(Mz)= 0.1180 running at 3 loops.
 alpha_s(Mz)= 0.1180 running at 3 loops.
 Renormalization scale set on event-by-event basis
 Factorization   scale set on event-by-event basis


 ===============================================================
 INFO: MadFKS read these parameters from FKS_params.dat
 ===============================================================
  > IRPoleCheckThreshold      =    1.0000000000000001E-005
  > PrecisionVirtualAtRunTime =    1.0000000000000000E-003
  > NHelForMCoverHels         =            4
  > VirtualFraction           =    1.0000000000000000     
  > MinVirtualFraction        =    5.0000000000000001E-003
 ===============================================================
  Insert the number of points to test
 Insert the relative tolerance
  A negative number will mean use the default one:    1.0000000000000001E-005
Using random seed offsets:     0 ,    124 ,      0
  with seed                   32
 Ranmar initialization seeds       10729        9530
  ========================================================================================== 
 {                                                                                          }
 {       [32m                                                                            [0m       }
 {       [32m                               ,,                                           [0m       }
 {       [32m`7MMM.     ,MMF'             `7MM  `7MMF'                                   [0m       }
 {       [32m  MMMb    dPMM                 MM    MM                                     [0m       }
 {       [32m  M YM   ,M MM   ,6"Yb.   ,M""bMM    MM         ,pW"Wq.   ,pW"Wq.`7MMpdMAo. [0m       }
 {       [32m  M  Mb  M' MM  8)   MM ,AP    MM    MM        6W'   `Wb 6W'   `Wb MM   `Wb [0m       }
 {       [32m  M  YM.P'  MM   ,pm9MM 8MI    MM    MM      , 8M     M8 8M     M8 MM    M8 [0m       }
 {       [32m  M  `YM'   MM  8M   MM `Mb    MM    MM     ,M YA.   ,A9 YA.   ,A9 MM   ,AP [0m       }
 {       [32m.JML. `'  .JMML.`Moo9^Yo.`Wbmd"MML..JMMmmmmMMM  `Ybmd9'   `Ybmd9'  MMbmmd'  [0m       }
 {       [32m                                                                   MM       [0m       }
 {       [32m                                                                 .JMML.     [0m       }
 {       [32m[0mv2.4.2 (2016-06-10), Ref: arXiv:1103.0621v2, arXiv:1405.0301[32m                [0m       }
 {       [32m                                                                            [0m       }
 {                                                                                          }
  ========================================================================================== 
 ===============================================================
 INFO: MadLoop read these parameters from ./MadLoop5_resources/MadLoopParams.dat                                                                                                                                                                                                                                                                                                                                                                                                                                                                                          
 ===============================================================
  > MLReductionLib            = 6|1|2
  > IREGIMODE                 =            2
  > IREGIRECY                 =  T
  > CTModeRun                 =           -1
  > MLStabThres               =    1.0000000000000000E-003
  > NRotations_DP             =            1
  > NRotations_QP             =            0
  > CTStabThres               =    1.0000000000000000E-002
  > CTLoopLibrary             =            2
  > CTModeInit                =            1
  > CheckCycle                =            3
  > MaxAttempts               =           10
  > UseLoopFilter             =  F
  > HelicityFilterLevel       =            2
  > ImprovePSPoint            =            2
  > DoubleCheckHelicityFilter =  T
  > LoopInitStartOver         =  F
  > HelInitStartOver          =  F
  > ZeroThres                 =    1.0000000000000001E-009
  > OSThres                   =    1.0000000000000000E-008
  > WriteOutFilters           =  T
  > UseQPIntegrandForNinja    =  F
  > UseQPIntegrandForCutTools =  T
 ===============================================================
  
------------------------------------------------------------------------
|              You are using CutTools - Version 1.9.3                  |
|              Authors: G. Ossola, C. Papadopoulos, R. Pittau          |
|              Published in JHEP 0803:042,2008                         |
|              http://www.ugr.es/~pittau/CutTools                      |
|                                                                      |
|              Compiler with  34  significant digits detetected        |
 ---------------------------------------------------------------------- 
   
########################################################################
#                                                                      #
#                      You are using OneLOop-3.6                       #
#                                                                      #
# for the evaluation of 1-loop scalar 1-, 2-, 3- and 4-point functions #
#                                                                      #
# author: Andreas van Hameren <hamerenREMOVETHIS@ifj.edu.pl>           #
#   date: 18-02-2015                                                   #
#                                                                      #
# Please cite                                                          #
#    A. van Hameren,                                                   #
#      Comput.Phys.Commun. 182 (2011) 2427-2438, arXiv:1007.4716       #
#    A. van Hameren, C.G. Papadopoulos and R. Pittau,                  #
#      JHEP 0909:106,2009, arXiv:0903.4665                             #
# in publications with results obtained with the help of this program. #
#                                                                      #
########################################################################
 PASSED   1.0000000000000001E-005
 MU_R    =    325.00000000000000     
 ALPHA_S =   0.11799999999999999     
 BORN                    3.4916714301043262E-012
 SINGLE POLE (MadFKS)   -1.4658659754762298E-012
 DOUBLE POLE (MadFKS)   -3.4973108583975676E-013
 SINGLE POLE (MadLoop)  -1.4658659754765097E-012
 DOUBLE POLE (MadLoop)  -3.4973108583977983E-013
 FINITE PART (MadLoop)  -1.0885764922299000E-014
   325.00000000000000        0.0000000000000000        0.0000000000000000        325.00000000000000        0.0000000000000000     
   325.00000000000000        0.0000000000000000        0.0000000000000000       -325.00000000000000        0.0000000000000000     
   85.304713137011447       -43.782247129323466        27.578240117934811        67.795957568959764        1.7769999999999999     
   289.98639430797436        124.58061674606341       -34.965348184560966       -259.51116645000627        1.7769999999999999     
   41.931268879219296       -24.202228105368178        3.6499126620882190       -34.046462402373606        0.0000000000000000     
   232.77762367579484       -56.596141511371755        3.7371954045379390        225.76167128342018        0.0000000000000000     

 PASSED   1.0000000000000001E-005
 MU_R    =    325.00000000000000     
 ALPHA_S =   0.11799999999999999     
 BORN                    1.5505520114821928E-011
 SINGLE POLE (MadFKS)   -3.2247450600628811E-012
 DOUBLE POLE (MadFKS)   -1.5530563212543852E-012
 SINGLE POLE (MadLoop)  -3.2247450600628799E-012
 DOUBLE POLE (MadLoop)  -1.5530563212543506E-012
 FINITE PART (MadLoop)   2.7736803864142897E-012
   325.00000000000000        0.0000000000000000        0.0000000000000000        325.00000000000000        0.0000000000000000     
   325.00000000000000        0.0000000000000000        0.0000000000000000       -325.00000000000000        0.0000000000000000     
   49.944910113388602        11.203192675667317        28.107660194818191        39.696148799083446        1.7769999999999999     
   291.63243473387860       -147.22341944226451        247.69912311737988       -44.907999670639271        1.7769999999999999     
   70.605022731278794        32.572162759458671       -61.735647120002668        10.622303080322897        0.0000000000000000     
   237.81763242145405        103.44806400713853       -214.07113619219541       -5.4104522087670670        0.0000000000000000     

 PASSED   1.0000000000000001E-005
 MU_R    =    325.00000000000000     
 ALPHA_S =   0.11799999999999999     
 BORN                    2.8276529345085875E-011
 SINGLE POLE (MadFKS)   -5.1412700026882731E-012
 DOUBLE POLE (MadFKS)   -2.8322199008688383E-012
 SINGLE POLE (MadLoop)  -5.1412700026881633E-012
 DOUBLE POLE (MadLoop)  -2.8322199008687769E-012
 FINITE PART (MadLoop)   1.5563979052590213E-011
   325.00000000000000        0.0000000000000000        0.0000000000000000        325.00000000000000        0.0000000000000000     
   325.00000000000000        0.0000000000000000        0.0000000000000000       -325.00000000000000        0.0000000000000000     
   231.02779542253342        27.675892792370178        140.00000285180263        181.67203606619384        1.7769999999999999     
   153.71784314549521        136.11311437355238       -64.187041537569669       -31.293152070215047        1.7769999999999999     
   49.159332106220724        2.2626037835647583       -46.699205707591233       -15.188967823008225        0.0000000000000000     
   216.09502932575285       -166.05161094948724       -29.113755606641735       -135.18991617297056        0.0000000000000000     

 PASSED   1.0000000000000001E-005
 MU_R    =    325.00000000000000     
 ALPHA_S =   0.11799999999999999     
 BORN                    9.5705135213106390E-010
 SINGLE POLE (MadFKS)   -1.0922643926639883E-010
 DOUBLE POLE (MadFKS)   -9.5859709392874846E-011
 SINGLE POLE (MadLoop)  -1.0922643926635282E-010
 DOUBLE POLE (MadLoop)  -9.5859709392875583E-011
 FINITE PART (MadLoop)   3.7643913469756361E-010
   325.00000000000000        0.0000000000000000        0.0000000000000000        325.00000000000000        0.0000000000000000     
   325.00000000000000        0.0000000000000000        0.0000000000000000       -325.00000000000000        0.0000000000000000     
   20.116939785092363       -18.228027862805494       -5.0574476494391307       -6.6102012694774386        1.7769999999999999     
   157.81761287877538       -48.685487508967491        111.88385392430818       -100.07481073083893        1.7769999999999999     
   262.64657235994832       -61.075927359516498       -253.69685415951386        29.847265522505293        0.0000000000000000     
   209.41887497618396        127.98944273128953        146.87044788464482        76.837746477811081        0.0000000000000000     

 PASSED   1.0000000000000001E-005
 MU_R    =    325.00000000000000     
 ALPHA_S =   0.11799999999999999     
 BORN                    8.9987175394029936E-011
 SINGLE POLE (MadFKS)   -1.3901506416716242E-011
 DOUBLE POLE (MadFKS)   -9.0132514448149034E-012
 SINGLE POLE (MadLoop)  -1.3901506416716088E-011
 DOUBLE POLE (MadLoop)  -9.0132514448149841E-012
 FINITE PART (MadLoop)   6.1394841367047959E-011
   325.00000000000000        0.0000000000000000        0.0000000000000000        325.00000000000000        0.0000000000000000     
   325.00000000000000        0.0000000000000000        0.0000000000000000       -325.00000000000000        0.0000000000000000     
   91.173209009970492        55.511079926736961       -32.820224213593171       -64.426308291820192        1.7769999999999999     
   293.71129874727762        45.452836328632827        100.53805087960119        272.19351439339226        1.7769999999999999     
   76.642983557255761       -48.672545043358305       -52.516917174359413       -27.333197728431053        0.0000000000000000     
   188.47250868549608       -52.291371212011491       -15.200909491648614       -180.43400837314104        0.0000000000000000     

 PASSED   1.0000000000000001E-005
 MU_R    =    325.00000000000000     
 ALPHA_S =   0.11799999999999999     
 BORN                    1.0566840887757752E-008
 SINGLE POLE (MadFKS)   -4.7557425495603843E-010
 DOUBLE POLE (MadFKS)   -1.0583907482557831E-009
 SINGLE POLE (MadLoop)  -4.7557425495601909E-010
 DOUBLE POLE (MadLoop)  -1.0583907482557788E-009
 FINITE PART (MadLoop)   5.8212909852975997E-009
   325.00000000000000        0.0000000000000000        0.0000000000000000        325.00000000000000        0.0000000000000000     
   325.00000000000000        0.0000000000000000        0.0000000000000000       -325.00000000000000        0.0000000000000000     
   32.581558236576910        24.133291998201457        18.593321149722218        11.413712545718434        1.7769999999999999     
   61.054956851916387       -59.085101412098901        6.5138274857742990        13.822838702557844        1.7769999999999999     
   270.41048959102562        134.04971491579315        215.55048427552185        93.222827357041353        0.0000000000000000     
   285.95299532048102       -99.097905501895667       -240.65763291101851       -118.45937860531761        0.0000000000000000     

 PASSED   1.0000000000000001E-005
 MU_R    =    325.00000000000000     
 ALPHA_S =   0.11799999999999999     
 BORN                    4.7129586506282883E-012
 SINGLE POLE (MadFKS)   -1.1980888714474121E-012
 DOUBLE POLE (MadFKS)   -4.7205705903228654E-013
 SINGLE POLE (MadLoop)  -1.1980888714473699E-012
 DOUBLE POLE (MadLoop)  -4.7205705903228402E-013
 FINITE PART (MadLoop)   2.7289782653689646E-013
   325.00000000000000        0.0000000000000000        0.0000000000000000        325.00000000000000        0.0000000000000000     
   325.00000000000000        0.0000000000000000        0.0000000000000000       -325.00000000000000        0.0000000000000000     
   51.090874974452468        47.624298072163356       -16.795647090896416        7.5466713580844997        1.7769999999999999     
   316.27994892221227       -315.02452770699085       -27.272712031154526        6.7523686725729695        1.7769999999999999     
   243.39111899977189        238.87075261511021        28.974853780293063       -36.612268455568177        0.0000000000000000     
   39.238057103563328        28.529477019717351        15.093505341757890        22.313228424910697        0.0000000000000000     

 PASSED   1.0000000000000001E-005
 MU_R    =    325.00000000000000     
 ALPHA_S =   0.11799999999999999     
 BORN                    5.6957655095279186E-010
 SINGLE POLE (MadFKS)   -4.4243045068878277E-011
 DOUBLE POLE (MadFKS)   -5.7049647889587282E-011
 SINGLE POLE (MadLoop)  -4.4243045068879899E-011
 DOUBLE POLE (MadLoop)  -5.7049647889586966E-011
 FINITE PART (MadLoop)   2.8644335559790016E-010
   325.00000000000000        0.0000000000000000        0.0000000000000000        325.00000000000000        0.0000000000000000     
   325.00000000000000        0.0000000000000000        0.0000000000000000       -325.00000000000000        0.0000000000000000     
   120.25759674873683        71.523679125305250       -27.882213730776328       -92.550944504275506        1.7769999999999999     
   127.38806909351362       -103.69953406782106        16.643431635674421       -72.069169801512516        1.7769999999999999     
   257.06713066795976        151.03117714288038        91.839125874769508        186.65119383291395        0.0000000000000000     
   145.28720348978979       -118.85532220036454       -80.600343779667625       -22.031079527125883        0.0000000000000000     

 PASSED   1.0000000000000001E-005
 MU_R    =    325.00000000000000     
 ALPHA_S =   0.11799999999999999     
 BORN                    2.3192407879076671E-008
 SINGLE POLE (MadFKS)   -2.2834465236193364E-009
 DOUBLE POLE (MadFKS)   -2.3229866134757319E-009
 SINGLE POLE (MadLoop)  -2.2834465236193385E-009
 DOUBLE POLE (MadLoop)  -2.3229866134757038E-009
 FINITE PART (MadLoop)   1.2571479263303215E-008
   325.00000000000000        0.0000000000000000        0.0000000000000000        325.00000000000000        0.0000000000000000     
   325.00000000000000        0.0000000000000000        0.0000000000000000       -325.00000000000000        0.0000000000000000     
   89.433551939950817       -81.812719560088439       -4.7253211961773660        35.770836464516208        1.7769999999999999     
   206.69889734394212       -66.936304813612182       -15.285564211519633        194.95424862986764        1.7769999999999999     
   67.234590216423683        19.328511883043536        60.599610185351480        21.784994728962062        0.0000000000000000     
   286.63296049968324        129.42051249065707       -40.588724777654477       -252.51007982334588        0.0000000000000000     

 PASSED   1.0000000000000001E-005
 MU_R    =    325.00000000000000     
 ALPHA_S =   0.11799999999999999     
 BORN                    1.4051559018672925E-011
 SINGLE POLE (MadFKS)   -1.4136202194842344E-012
 DOUBLE POLE (MadFKS)   -1.4074253811433447E-012
 SINGLE POLE (MadLoop)  -1.4136202194842653E-012
 DOUBLE POLE (MadLoop)  -1.4074253811433496E-012
 FINITE PART (MadLoop)   6.5040934329641325E-012
   325.00000000000000        0.0000000000000000        0.0000000000000000        325.00000000000000        0.0000000000000000     
   325.00000000000000        0.0000000000000000        0.0000000000000000       -325.00000000000000        0.0000000000000000     
   127.19283384395331       -120.65966338767477        23.399574949844595        32.688909060951104        1.7769999999999999     
   232.65228779488987        200.08741932524751       -69.534672620212334       -96.197106082037010        1.7769999999999999     
   196.78025774028941       -155.34642160670023        32.877541663572359        116.22833726973862        0.0000000000000000     
   93.374620620871553        75.918665669127506        13.257556006795378       -52.720140248652648        0.0000000000000000     

 PASSED   1.0000000000000001E-005
 MU_R    =    325.00000000000000     
 ALPHA_S =   0.11799999999999999     
 BORN                    4.1050783335833257E-010
 SINGLE POLE (MadFKS)   -1.0387631109452220E-010
 DOUBLE POLE (MadFKS)   -4.1117084805956670E-011
 SINGLE POLE (MadLoop)  -1.0387631109452328E-010
 DOUBLE POLE (MadLoop)  -4.1117084805956166E-011
 FINITE PART (MadLoop)   2.4296192386163285E-010
   325.00000000000000        0.0000000000000000        0.0000000000000000        325.00000000000000        0.0000000000000000     
   325.00000000000000        0.0000000000000000        0.0000000000000000       -325.00000000000000        0.0000000000000000     
   195.35259132402084        120.12729389438537       -101.22814581899218        116.11103721727197        1.7769999999999999     
   199.82984170684691       -111.35290741430883        118.85782997953072        115.76767325346411        1.7769999999999999     
   138.75420171759882       -53.556883331765363        7.4603324240608613       -127.78392771471023        0.0000000000000000     
   116.06336525153496        44.782496851688919       -25.090016584599457       -104.09478275602584        0.0000000000000000     

 PASSED   1.0000000000000001E-005
 MU_R    =    325.00000000000000     
 ALPHA_S =   0.11799999999999999     
 BORN                    2.7281011952447067E-009
 SINGLE POLE (MadFKS)   -4.7745510278026086E-010
 DOUBLE POLE (MadFKS)   -2.7325073747421946E-010
 SINGLE POLE (MadLoop)  -4.7745510278027193E-010
 DOUBLE POLE (MadLoop)  -2.7325073747421615E-010
 FINITE PART (MadLoop)   1.0955106371654531E-009
   325.00000000000000        0.0000000000000000        0.0000000000000000        325.00000000000000        0.0000000000000000     
   325.00000000000000        0.0000000000000000        0.0000000000000000       -325.00000000000000        0.0000000000000000     
   278.15937306588103       -62.196535177055559        149.61647547101188        226.08843485460596        1.7769999999999999     
   33.718313783584470       -23.239676429817504        23.056979803331490       -7.8778218559707947        1.7769999999999999     
   221.17231355145711       -7.7684004739665120       -164.08958709142715       -148.09271300082625        0.0000000000000000     
   116.94999959907734        93.204612080839567       -8.5838681829161754       -70.117899997808905        0.0000000000000000     

 PASSED   1.0000000000000001E-005
 MU_R    =    325.00000000000000     
 ALPHA_S =   0.11799999999999999     
 BORN                    2.5168827510130943E-011
 SINGLE POLE (MadFKS)   -3.4887296104545790E-012
 DOUBLE POLE (MadFKS)   -2.5209477898006676E-012
 SINGLE POLE (MadLoop)  -3.4887296104545903E-012
 DOUBLE POLE (MadLoop)  -2.5209477898006591E-012
 FINITE PART (MadLoop)   9.4690244695933639E-012
   325.00000000000000        0.0000000000000000        0.0000000000000000        325.00000000000000        0.0000000000000000     
   325.00000000000000        0.0000000000000000        0.0000000000000000       -325.00000000000000        0.0000000000000000     
   245.32498597633295        186.50062279506000       -157.87848137112641       -21.750720270593678        1.7769999999999999     
   195.16414726293263       -40.707928234921667        182.59572738468648        55.565740952005378        1.7769999999999999     
   56.443614001717712       -13.937166041292169       -33.207857328960564        43.461191607361130        0.0000000000000000     
   153.06725275901749       -131.85552851884614        8.4906113154004821       -77.276212288772840        0.0000000000000000     

 PASSED   1.0000000000000001E-005
 MU_R    =    325.00000000000000     
 ALPHA_S =   0.11799999999999999     
 BORN                    1.0352619262023443E-011
 SINGLE POLE (MadFKS)   -1.9181155100231484E-012
 DOUBLE POLE (MadFKS)   -1.0369339865649561E-012
 SINGLE POLE (MadLoop)  -1.9181155100230890E-012
 DOUBLE POLE (MadLoop)  -1.0369339865649511E-012
 FINITE PART (MadLoop)   6.8212194393078408E-012
   325.00000000000000        0.0000000000000000        0.0000000000000000        325.00000000000000        0.0000000000000000     
   325.00000000000000        0.0000000000000000        0.0000000000000000       -325.00000000000000        0.0000000000000000     
Thanks for using LHAPDF 6.2.1. Please make sure to cite the paper:
  Eur.Phys.J. C75 (2015) 3, 132  (http://arxiv.org/abs/1412.7420)
   205.29917824135418        124.91508022210576       -12.732048019710977       -162.41524726423924        1.7769999999999999     
   171.38613996665674       -125.24451593619754        107.07739329575372        47.098771922041486        1.7769999999999999     
   159.27330310026667        86.077055839231633       -125.53334045119691        46.905287267887950        0.0000000000000000     
   114.04137869172450       -85.747620125139832        31.187995175154168        68.411188074309806        0.0000000000000000     

 PASSED   1.0000000000000001E-005
 MU_R    =    325.00000000000000     
 ALPHA_S =   0.11799999999999999     
 BORN                    3.1316562720429413E-010
 SINGLE POLE (MadFKS)   -1.0608863841192644E-011
 DOUBLE POLE (MadFKS)   -3.1367142367852707E-011
 SINGLE POLE (MadLoop)  -1.0608863841172769E-011
 DOUBLE POLE (MadLoop)  -3.1367142367853082E-011
 FINITE PART (MadLoop)   1.8031197574954871E-010
   325.00000000000000        0.0000000000000000        0.0000000000000000        325.00000000000000        0.0000000000000000     
   325.00000000000000        0.0000000000000000        0.0000000000000000       -325.00000000000000        0.0000000000000000     
   120.02307973917688       -24.982729078999938       -117.20572245237038        6.4081052784745269        1.7769999999999999     
   111.96442676748244        106.59106424119715        32.278105515414509       -11.372953030576125        1.7769999999999999     
   234.32811590015862       -151.39161428352418        50.954804421595099        171.44635584433934        0.0000000000000000     
   183.68437759318212        69.783279121327041        33.972812515360793       -166.48150809223770        0.0000000000000000     

 PASSED   1.0000000000000001E-005
 MU_R    =    325.00000000000000     
 ALPHA_S =   0.11799999999999999     
 BORN                    1.7452371901765017E-012
 SINGLE POLE (MadFKS)   -3.2996505465515779E-013
 DOUBLE POLE (MadFKS)   -1.7480559376404934E-013
 SINGLE POLE (MadLoop)  -3.2996505465514931E-013
 DOUBLE POLE (MadLoop)  -1.7480559376404790E-013
 FINITE PART (MadLoop)   6.9637656673940620E-013
   325.00000000000000        0.0000000000000000        0.0000000000000000        325.00000000000000        0.0000000000000000     
   325.00000000000000        0.0000000000000000        0.0000000000000000       -325.00000000000000        0.0000000000000000     
   171.76076517258673       -68.517251078808414       -130.52538711249994        88.131222318812931        1.7769999999999999     
   193.43589561929159       -85.836310628951736        52.066687109403013       -165.33443638909313        1.7769999999999999     
   180.01880858709754        101.15704055426774        147.66242429907837        19.231043693446409        0.0000000000000000     
   104.78453062102651        53.196521153492426       -69.203724295981502        57.972170376833866        0.0000000000000000     

 PASSED   1.0000000000000001E-005
 MU_R    =    325.00000000000000     
 ALPHA_S =   0.11799999999999999     
 BORN                    2.5297424306783106E-011
 SINGLE POLE (MadFKS)   -5.9280642546395564E-012
 DOUBLE POLE (MadFKS)   -2.5338282392441395E-012
 SINGLE POLE (MadLoop)  -5.9280642546395774E-012
 DOUBLE POLE (MadLoop)  -2.5338282392441310E-012
 FINITE PART (MadLoop)   7.3022783252948181E-012
   325.00000000000000        0.0000000000000000        0.0000000000000000        325.00000000000000        0.0000000000000000     
   325.00000000000000        0.0000000000000000        0.0000000000000000       -325.00000000000000        0.0000000000000000     
   189.89074743073172        177.48161696443259        66.097735736548486        13.663937975334317        1.7769999999999999     
   247.44146350551483       -118.32629592101323       -177.71960013521340        125.05499411916230        1.7769999999999999     
   174.66232289994971       -35.719446940274779        127.81110746865264       -113.55777806352026        0.0000000000000000     
   38.005466163804655       -23.435874103144609       -16.189243069987679       -25.161154030976249        0.0000000000000000     

 PASSED   1.0000000000000001E-005
 MU_R    =    325.00000000000000     
 ALPHA_S =   0.11799999999999999     
 BORN                    5.5025289234246185E-010
 SINGLE POLE (MadFKS)   -5.6051803365396983E-011
 DOUBLE POLE (MadFKS)   -5.5114161047978714E-011
 SINGLE POLE (MadLoop)  -5.6051803365396647E-011
 DOUBLE POLE (MadLoop)  -5.5114161047978862E-011
 FINITE PART (MadLoop)   2.9092932129512477E-010
   325.00000000000000        0.0000000000000000        0.0000000000000000        325.00000000000000        0.0000000000000000     
   325.00000000000000        0.0000000000000000        0.0000000000000000       -325.00000000000000        0.0000000000000000     
   35.241424919495856       -28.747408290071672       -10.143475985597794        17.592518662487826        1.7769999999999999     
   141.59350610057345        56.888727390611386       -56.542603688671662       -116.67120426581546        1.7769999999999999     
   256.21515240256861       -237.59141429075831        84.472003699822679        45.398290352455092        0.0000000000000000     
   216.94991657736207        209.45009519021863       -17.785924025553268        53.680395250872579        0.0000000000000000     

 PASSED   1.0000000000000001E-005
 MU_R    =    325.00000000000000     
 ALPHA_S =   0.11799999999999999     
 BORN                    4.4552687741995360E-011
 SINGLE POLE (MadFKS)   -5.1064093644269321E-012
 DOUBLE POLE (MadFKS)   -4.4624645167778879E-012
 SINGLE POLE (MadLoop)  -5.1064093644269127E-012
 DOUBLE POLE (MadLoop)  -4.4624645167778790E-012
 FINITE PART (MadLoop)   3.4736379058516228E-011
   325.00000000000000        0.0000000000000000        0.0000000000000000        325.00000000000000        0.0000000000000000     
   325.00000000000000        0.0000000000000000        0.0000000000000000       -325.00000000000000        0.0000000000000000     
   164.26078401714793       -71.407307411288130        14.644602668536212       -147.19028329981094        1.7769999999999999     
   185.58608114631295       -61.315186730482509       -174.54265575515120        14.640525413751607        1.7769999999999999     
   232.82300445926700        77.123610975860345        143.15063322589555        166.63251856258177        0.0000000000000000     
   67.330130377275125        55.598883165910280        16.747419860719461       -34.082760676522433        0.0000000000000000     

 PASSED   1.0000000000000001E-005
 MU_R    =    325.00000000000000     
 ALPHA_S =   0.11799999999999999     
 BORN                    2.1652243593307476E-010
 SINGLE POLE (MadFKS)   -1.6770920938071329E-011
 DOUBLE POLE (MadFKS)   -2.1687214316520286E-011
 SINGLE POLE (MadLoop)  -1.6770920938069458E-011
 DOUBLE POLE (MadLoop)  -2.1687214316520240E-011
 FINITE PART (MadLoop)   1.0012309130467385E-010
   325.00000000000000        0.0000000000000000        0.0000000000000000        325.00000000000000        0.0000000000000000     
   325.00000000000000        0.0000000000000000        0.0000000000000000       -325.00000000000000        0.0000000000000000     
   38.126736711853596        1.5439760998839815        24.043099785947231        29.496369501702677        1.7769999999999999     
   206.30944001013444       -202.33109166042300        2.7679058139494823       -40.185760577621032        1.7769999999999999     
   152.21481539295044        12.175154427873608        123.72796774150798        87.820872452531248        0.0000000000000000     
   253.34900788506155        188.61196113266541       -150.53897334140467       -77.131481376612882        0.0000000000000000     

 NUMBER OF POINTS PASSING THE CHECK          20
 NUMBER OF POINTS FAILING THE CHECK           0
 TOLERANCE    1.0000000000000001E-005
