==== LHAPDF6 USING DEFAULT-TYPE LHAGLUE INTERFACE ====
LHAPDF 6.2.1 loading /cvmfs/cms.cern.ch/slc6_amd64_gcc481/external/lhapdf/6.2.1/share/LHAPDF/NNPDF31_nnlo_hessian_pdfas/NNPDF31_nnlo_hessian_pdfas_0000.dat
NNPDF31_nnlo_hessian_pdfas PDF set, member #0, version 1; LHAPDF ID = 306000
 A PDF is used, so alpha_s(MZ) is going to be modified
 Old value of alpha_s from param_card:   0.11799999999999999     
 New value of alpha_s from PDF lhapdf :  0.11800208008122040     
 using LHAPDF
 *****************************************************
 *               MadGraph/MadEvent                   *
 *        --------------------------------           *
 *          http://madgraph.hep.uiuc.edu             *
 *          http://madgraph.phys.ucl.ac.be           *
 *          http://madgraph.roma2.infn.it            *
 *        --------------------------------           *
 *                                                   *
 *          PARAMETER AND COUPLING VALUES            *
 *                                                   *
 *****************************************************

  External Params
  ---------------------------------
  
 MU_R =    91.188000000000002     
 aEWM1 =    132.50700000000001     
 mdl_Gf =    1.1663900000000000E-005
 aS =   0.11799999999999999     
 mdl_lamWS =   0.22530000000000000     
 mdl_AWS =   0.80800000000000005     
 mdl_rhoWS =   0.13200000000000001     
 mdl_etaWS =   0.34100000000000003     
 mdl_ymt =    173.00000000000000     
 mdl_ymtau =    1.7769999999999999     
 mdl_MT =    173.00000000000000     
 mdl_MZ =    91.188000000000002     
 mdl_MH =    125.00000000000000     
 mdl_MTA =    1.7769999999999999     
 mdl_WT =    1.4915000000000000     
 mdl_WZ =    2.4414039999999999     
 mdl_WW =    2.0476000000000001     
 mdl_WH =    6.3823389999999999E-003
  Internal Params
  ---------------------------------
  
 mdl_CKM33 =    1.0000000000000000     
 mdl_conjg__CKM3x3 =    1.0000000000000000     
 mdl_I4x33 =    0.0000000000000000     
 mdl_I1x33 =    0.0000000000000000     
 mdl_lhv =    1.0000000000000000     
 mdl_CKM3x3 =    1.0000000000000000     
 mdl_conjg__CKM33 =    1.0000000000000000     
 mdl_Ncol =    3.0000000000000000     
 mdl_CA =    3.0000000000000000     
 mdl_TF =   0.50000000000000000     
 mdl_CF =    1.3333333333333333     
 mdl_lamWS__exp__2 =    5.0760090000000001E-002
 mdl_CKM11 =  ( 0.97461995499999998     ,  0.0000000000000000     )
 mdl_CKM12 =  ( 0.22530000000000000     ,  0.0000000000000000     )
 mdl_complexi =  (  0.0000000000000000     ,  1.0000000000000000     )
 mdl_lamWS__exp__3 =    1.1436248277000001E-002
 mdl_CKM13 =  (  1.2197444962317122E-003, -3.1510066152652563E-003)
 mdl_CKM21 =  (-0.22530000000000000     ,  0.0000000000000000     )
 mdl_CKM22 =  ( 0.97461995499999998     ,  0.0000000000000000     )
 mdl_CKM23 =  (  4.1014152720000002E-002,  0.0000000000000000     )
 mdl_CKM31 =  (  8.0207441115842885E-003, -3.1510066152652563E-003)
 mdl_CKM32 =  ( -4.1014152720000002E-002,  0.0000000000000000     )
 mdl_MZ__exp__2 =    8315.2513440000002     
 mdl_MZ__exp__4 =    69143404.913893804     
 mdl_sqrt__2 =    1.4142135623730951     
 mdl_MH__exp__2 =    15625.000000000000     
 mdl_CKM1x1 =  ( 0.97461995499999998     ,  0.0000000000000000     )
 mdl_CKM1x2 =  ( 0.22530000000000000     ,  0.0000000000000000     )
 mdl_CKM1x3 =  (  1.2197444962317122E-003, -3.1510066152652563E-003)
 mdl_CKM2x1 =  (-0.22530000000000000     ,  0.0000000000000000     )
 mdl_CKM2x2 =  ( 0.97461995499999998     ,  0.0000000000000000     )
 mdl_CKM2x3 =  (  4.1014152720000002E-002,  0.0000000000000000     )
 mdl_CKM3x1 =  (  8.0207441115842885E-003, -3.1510066152652563E-003)
 mdl_CKM3x2 =  ( -4.1014152720000002E-002,  0.0000000000000000     )
 mdl_conjg__CKM1x3 =  (  1.2197444962317122E-003,  3.1510066152652563E-003)
 mdl_conjg__CKM2x3 =  (  4.1014152720000002E-002, -0.0000000000000000     )
 mdl_conjg__CKM2x1 =  (-0.22530000000000000     , -0.0000000000000000     )
 mdl_conjg__CKM3x1 =  (  8.0207441115842885E-003,  3.1510066152652563E-003)
 mdl_conjg__CKM2x2 =  ( 0.97461995499999998     , -0.0000000000000000     )
 mdl_conjg__CKM3x2 =  ( -4.1014152720000002E-002, -0.0000000000000000     )
 mdl_Ncol__exp__2 =    9.0000000000000000     
 mdl_MT__exp__2 =    29929.000000000000     
 mdl_conjg__CKM11 =  ( 0.97461995499999998     , -0.0000000000000000     )
 mdl_conjg__CKM12 =  ( 0.22530000000000000     , -0.0000000000000000     )
 mdl_conjg__CKM13 =  (  1.2197444962317122E-003,  3.1510066152652563E-003)
 mdl_conjg__CKM21 =  (-0.22530000000000000     , -0.0000000000000000     )
 mdl_conjg__CKM22 =  ( 0.97461995499999998     , -0.0000000000000000     )
 mdl_conjg__CKM23 =  (  4.1014152720000002E-002, -0.0000000000000000     )
 mdl_conjg__CKM31 =  (  8.0207441115842885E-003,  3.1510066152652563E-003)
 mdl_conjg__CKM32 =  ( -4.1014152720000002E-002, -0.0000000000000000     )
 mdl_aEW =    7.5467711139788835E-003
 mdl_MW =    80.419002445756163     
 mdl_sqrt__aEW =    8.6872153846781555E-002
 mdl_ee =   0.30795376724436879     
 mdl_MW__exp__2 =    6467.2159543705357     
 mdl_sw2 =   0.22224648578577766     
 mdl_cw =   0.88190334743339216     
 mdl_sqrt__sw2 =   0.47143025548407230     
 mdl_sw =   0.47143025548407230     
 mdl_g1 =   0.34919219678733299     
 mdl_gw =   0.65323293034757990     
 mdl_v =    246.21845810181637     
 mdl_v__exp__2 =    60623.529110035903     
 mdl_lam =   0.12886910601690263     
 mdl_yt =   0.99366614581500623     
 mdl_ytau =    1.0206617000654717E-002
 mdl_muH =    88.388347648318430     
 mdl_AxialZUp =  -0.18517701861793787     
 mdl_AxialZDown =   0.18517701861793787     
 mdl_VectorZUp =    7.5430507588273299E-002
 mdl_VectorZDown =  -0.13030376310310560     
 mdl_VectorAUp =   0.20530251149624587     
 mdl_VectorADown =  -0.10265125574812294     
 mdl_VectorWmDxU =   0.23095271737156670     
 mdl_AxialWmDxU =  -0.23095271737156670     
 mdl_VectorWpUxD =   0.23095271737156670     
 mdl_AxialWpUxD =  -0.23095271737156670     
 mdl_I2x13 =  (  7.9699418879263656E-003,  3.1310485988282153E-003)
 mdl_I2x23 =  ( -4.0754375057150453E-002, -0.0000000000000000     )
 mdl_I2x33 =  ( 0.99366614581500623     ,  0.0000000000000000     )
 mdl_I3x31 =  (  7.9699418879263656E-003, -3.1310485988282153E-003)
 mdl_I3x32 =  ( -4.0754375057150453E-002,  0.0000000000000000     )
 mdl_I3x33 =  ( 0.99366614581500623     ,  0.0000000000000000     )
 mdl_Vector_tdGp =  ( -7.9699418879263656E-003, -3.1310485988282153E-003)
 mdl_Vector_tsGp =  (  4.0754375057150453E-002,  0.0000000000000000     )
 mdl_Vector_tbGp =  (-0.99366614581500623     ,  0.0000000000000000     )
 mdl_Axial_tdGp =  ( -7.9699418879263656E-003, -3.1310485988282153E-003)
 mdl_Axial_tsGp =  (  4.0754375057150453E-002,  0.0000000000000000     )
 mdl_Axial_tbGp =  (-0.99366614581500623     , -0.0000000000000000     )
 mdl_Vector_tdGm =  (  7.9699418879263656E-003, -3.1310485988282153E-003)
 mdl_Vector_tsGm =  ( -4.0754375057150453E-002,  0.0000000000000000     )
 mdl_Vector_tbGm =  ( 0.99366614581500623     ,  0.0000000000000000     )
 mdl_Axial_tdGm =  ( -7.9699418879263656E-003,  3.1310485988282153E-003)
 mdl_Axial_tsGm =  (  4.0754375057150453E-002, -0.0000000000000000     )
 mdl_Axial_tbGm =  (-0.99366614581500623     ,  0.0000000000000000     )
 mdl_gw__exp__2 =   0.42671326129048615     
 mdl_cw__exp__2 =   0.77775351421422245     
 mdl_ee__exp__2 =    9.4835522759998875E-002
 mdl_sw__exp__2 =   0.22224648578577769     
 mdl_yt__exp__2 =   0.98737240933884918     
  Internal Params evaluated point by point
  ----------------------------------------
  
 mdl_sqrt__aS =   0.34351128074635334     
 mdl_G__exp__4 =    2.1987899468922913     
 mdl_G__exp__2 =    1.4828317324943823     
 mdl_R2MixedFactor_FIN_ =   -2.5040377713124864E-002
 mdl_G_UVg_1EPS_ =   -5.1645779033320030E-002
 mdl_G_UVq_1EPS_ =    3.1300472141406080E-003
 mdl_G_UVb_1EPS_ =    3.1300472141406080E-003
 mdl_GWcft_UV_t_1EPS_ =   -3.1300472141406080E-003
 mdl_tWcft_UV_1EPS_ =   -1.8780283284843650E-002
 mdl_G__exp__3 =    1.8056676068262196     
 mdl_MU_R__exp__2 =    8315.2513440000002     
 mdl_G_UVt_FIN_ =   -4.0087659331150384E-003
 mdl_GWcft_UV_t_FIN_ =    4.0087659331150384E-003
 mdl_tWcft_UV_FIN_ =   -9.8778211443463623E-004
  Couplings of loop_sm-ckm_no_b_mass
  ---------------------------------
  
       UV_3Gt =   0.48815E-02   0.00000E+00
      UV_GQQt =   0.00000E+00  -0.48815E-02
   UVWfct_G_2 =   0.40088E-02   0.00000E+00
       R2_DDA =   0.00000E+00   0.25704E-02
       R2_UUA =  -0.00000E+00  -0.51409E-02
    R2_DDZ_V2 =   0.00000E+00   0.72127E-02
    R2_UUZ_V2 =  -0.00000E+00  -0.72127E-02
    R2_UUZ_V5 =   0.00000E+00   0.68702E-03
      R2_GGHt =   0.00000E+00  -0.45657E+01
     R2_GGZup =  -0.46369E-02   0.00000E+00
   R2_GGZdown =   0.46369E-02   0.00000E+00
 R2_GGGZvecUp =   0.00000E+00   0.28750E-03
 R2_GGGZvecDown  -0.00000E+00  -0.49665E-03
 R2_GGGZaxialUp  -0.00000E+00  -0.63522E-02
 R2_GGGZaxialDow  0.00000E+00   0.63522E-02
 R2_GGGAvecUp =   0.00000E+00   0.78251E-03
 R2_GGGAvecDown  -0.00000E+00  -0.39126E-03
         GC_4 =  -0.12177E+01   0.00000E+00
         GC_5 =   0.00000E+00   0.12177E+01
         GC_6 =   0.00000E+00   0.14828E+01
       R2_3Gq =   0.76230E-02   0.00000E+00
       R2_3Gg =   0.31445E-01   0.00000E+00
       R2_GQQ =  -0.00000E+00  -0.30492E-01
       R2_GGq =   0.00000E+00   0.62601E-02
       R2_GGt =  -0.00000E+00  -0.11242E+04
     R2_GGg_1 =   0.00000E+00   0.28170E-01
     R2_GGg_2 =  -0.00000E+00  -0.18780E-01
       R2_QQq =   0.00000E+00   0.12520E-01
  UV_3Gg_1eps =   0.62890E-01   0.00000E+00
  UV_3Gb_1eps =  -0.38115E-02   0.00000E+00
 UV_GQQg_1eps =   0.00000E+00  -0.62890E-01
 UV_GQQq_1eps =   0.00000E+00   0.38115E-02
 UVWfct_G_2_1eps -0.31300E-02   0.00000E+00
         GC_1 =  -0.00000E+00  -0.10265E+00
         GC_2 =   0.00000E+00   0.20530E+00
        GC_21 =  -0.00000E+00  -0.28804E+00
        GC_22 =   0.00000E+00   0.28804E+00
        GC_23 =  -0.00000E+00  -0.27437E-01
        GC_24 =   0.00000E+00   0.82310E-01
        GC_37 =  -0.00000E+00  -0.70263E+00
        GC_38 =  -0.00000E+00  -0.72172E-02
      GC_1003 =  -0.00000E+00  -0.30795E+00

 Collider parameters:
 --------------------

 Running at P P   machine @    13000.000000000000       GeV
 PDF set = lhapdf 
 alpha_s(Mz)= 0.1180 running at 3 loops.
 alpha_s(Mz)= 0.1180 running at 3 loops.
 Renormalization scale set on event-by-event basis
 Factorization   scale set on event-by-event basis


 ===============================================================
 INFO: MadFKS read these parameters from FKS_params.dat
 ===============================================================
  > IRPoleCheckThreshold      =    1.0000000000000001E-005
  > PrecisionVirtualAtRunTime =    1.0000000000000000E-003
  > NHelForMCoverHels         =            4
  > VirtualFraction           =    1.0000000000000000     
  > MinVirtualFraction        =    5.0000000000000001E-003
 ===============================================================
  Insert the number of points to test
 Insert the relative tolerance
  A negative number will mean use the default one:    1.0000000000000001E-005
Using random seed offsets:     0 ,     48 ,      0
  with seed                   32
 Ranmar initialization seeds       10729        9454
  ========================================================================================== 
 {                                                                                          }
 {       [32m                                                                            [0m       }
 {       [32m                               ,,                                           [0m       }
 {       [32m`7MMM.     ,MMF'             `7MM  `7MMF'                                   [0m       }
 {       [32m  MMMb    dPMM                 MM    MM                                     [0m       }
 {       [32m  M YM   ,M MM   ,6"Yb.   ,M""bMM    MM         ,pW"Wq.   ,pW"Wq.`7MMpdMAo. [0m       }
 {       [32m  M  Mb  M' MM  8)   MM ,AP    MM    MM        6W'   `Wb 6W'   `Wb MM   `Wb [0m       }
 {       [32m  M  YM.P'  MM   ,pm9MM 8MI    MM    MM      , 8M     M8 8M     M8 MM    M8 [0m       }
 {       [32m  M  `YM'   MM  8M   MM `Mb    MM    MM     ,M YA.   ,A9 YA.   ,A9 MM   ,AP [0m       }
 {       [32m.JML. `'  .JMML.`Moo9^Yo.`Wbmd"MML..JMMmmmmMMM  `Ybmd9'   `Ybmd9'  MMbmmd'  [0m       }
 {       [32m                                                                   MM       [0m       }
 {       [32m                                                                 .JMML.     [0m       }
 {       [32m[0mv2.4.2 (2016-06-10), Ref: arXiv:1103.0621v2, arXiv:1405.0301[32m                [0m       }
 {       [32m                                                                            [0m       }
 {                                                                                          }
  ========================================================================================== 
 ===============================================================
 INFO: MadLoop read these parameters from ./MadLoop5_resources/MadLoopParams.dat                                                                                                                                                                                                                                                                                                                                                                                                                                                                                          
 ===============================================================
  > MLReductionLib            = 6|1|2
  > IREGIMODE                 =            2
  > IREGIRECY                 =  T
  > CTModeRun                 =           -1
  > MLStabThres               =    1.0000000000000000E-003
  > NRotations_DP             =            1
  > NRotations_QP             =            0
  > CTStabThres               =    1.0000000000000000E-002
  > CTLoopLibrary             =            2
  > CTModeInit                =            1
  > CheckCycle                =            3
  > MaxAttempts               =           10
  > UseLoopFilter             =  F
  > HelicityFilterLevel       =            2
  > ImprovePSPoint            =            2
  > DoubleCheckHelicityFilter =  T
  > LoopInitStartOver         =  F
  > HelInitStartOver          =  F
  > ZeroThres                 =    1.0000000000000001E-009
  > OSThres                   =    1.0000000000000000E-008
  > WriteOutFilters           =  T
  > UseQPIntegrandForNinja    =  F
  > UseQPIntegrandForCutTools =  T
 ===============================================================
  
------------------------------------------------------------------------
|              You are using CutTools - Version 1.9.3                  |
|              Authors: G. Ossola, C. Papadopoulos, R. Pittau          |
|              Published in JHEP 0803:042,2008                         |
|              http://www.ugr.es/~pittau/CutTools                      |
|                                                                      |
|              Compiler with  34  significant digits detetected        |
 ---------------------------------------------------------------------- 
   
########################################################################
#                                                                      #
#                      You are using OneLOop-3.6                       #
#                                                                      #
# for the evaluation of 1-loop scalar 1-, 2-, 3- and 4-point functions #
#                                                                      #
# author: Andreas van Hameren <hamerenREMOVETHIS@ifj.edu.pl>           #
#   date: 18-02-2015                                                   #
#                                                                      #
# Please cite                                                          #
#    A. van Hameren,                                                   #
#      Comput.Phys.Commun. 182 (2011) 2427-2438, arXiv:1007.4716       #
#    A. van Hameren, C.G. Papadopoulos and R. Pittau,                  #
#      JHEP 0909:106,2009, arXiv:0903.4665                             #
# in publications with results obtained with the help of this program. #
#                                                                      #
########################################################################
 PASSED   1.0000000000000001E-005
 MU_R    =    325.00000000000000     
 ALPHA_S =   0.11799999999999999     
 BORN                    1.8872963305153881E-011
 SINGLE POLE (MadFKS)   -1.7339727481609187E-012
 DOUBLE POLE (MadFKS)   -1.8903445189079949E-012
 SINGLE POLE (MadLoop)  -1.7339727481608783E-012
 DOUBLE POLE (MadLoop)  -1.8903445189079913E-012
 FINITE PART (MadLoop)   9.9675974170878048E-012
   325.00000000000000        0.0000000000000000        0.0000000000000000        325.00000000000000        0.0000000000000000     
   325.00000000000000        0.0000000000000000        0.0000000000000000       -325.00000000000000        0.0000000000000000     
   109.69247739701174        84.557470033118307        57.035092648079981       -40.327587786987230        1.7769999999999999     
   206.83557234648708       -48.993663280104805       -177.60136899182393        93.995590053601248        1.7769999999999999     
   115.15896947332679       -62.868969756378206       -45.966881254728612        84.829987148672245        0.0000000000000000     
   218.31298078317442        27.305163003364630        166.53315759847251       -138.49798941528610        0.0000000000000000     

 PASSED   1.0000000000000001E-005
 MU_R    =    325.00000000000000     
 ALPHA_S =   0.11799999999999999     
 BORN                    1.6843814114752675E-010
 SINGLE POLE (MadFKS)   -1.7719425225272095E-011
 DOUBLE POLE (MadFKS)   -1.6871018702522838E-011
 SINGLE POLE (MadLoop)  -1.7719425225271365E-011
 DOUBLE POLE (MadLoop)  -1.6871018702522919E-011
 FINITE PART (MadLoop)   9.6122972734383313E-011
   325.00000000000000        0.0000000000000000        0.0000000000000000        325.00000000000000        0.0000000000000000     
   325.00000000000000        0.0000000000000000        0.0000000000000000       -325.00000000000000        0.0000000000000000     
   110.41722683942561        60.315943359252827        87.951728022204748        28.553226936735197        1.7769999999999999     
   153.93101653594931        48.736791895908198        14.423271684039509       -145.28693840952806        1.7769999999999999     
   160.09673943555387       -35.002908336156466        110.58261207820119        110.35056996621417        0.0000000000000000     
   225.55501718907115       -74.049826919004516       -212.95761178444548        6.3831415065786770        0.0000000000000000     

 PASSED   1.0000000000000001E-005
 MU_R    =    325.00000000000000     
 ALPHA_S =   0.11799999999999999     
 BORN                    1.4343111221709031E-010
 SINGLE POLE (MadFKS)   -1.8840148262580176E-011
 DOUBLE POLE (MadFKS)   -1.4366276902918160E-011
 SINGLE POLE (MadLoop)  -1.8840148262578880E-011
 DOUBLE POLE (MadLoop)  -1.4366276902917858E-011
 FINITE PART (MadLoop)   7.6226446199305260E-011
   325.00000000000000        0.0000000000000000        0.0000000000000000        325.00000000000000        0.0000000000000000     
   325.00000000000000        0.0000000000000000        0.0000000000000000       -325.00000000000000        0.0000000000000000     
   157.82707741762502       -24.441414366638362        48.111124797438315        148.30430058387586        1.7769999999999999     
   206.98372044418764       -43.341042389648827       -201.53082739827659       -18.600603556399349        1.7769999999999999     
   91.649140473343479        20.357023036604534       -28.722664469603171       -84.617758823762244        0.0000000000000000     
   193.54006166484649        47.425433719682651        182.14236707044145       -45.085938203714271        0.0000000000000000     

 PASSED   1.0000000000000001E-005
 MU_R    =    325.00000000000000     
 ALPHA_S =   0.11799999999999999     
 BORN                    3.4083621070072993E-011
 SINGLE POLE (MadFKS)   -5.8119522110950557E-012
 DOUBLE POLE (MadFKS)   -3.4138669817025954E-012
 SINGLE POLE (MadLoop)  -5.8119522110949620E-012
 DOUBLE POLE (MadLoop)  -3.4138669817025675E-012
 FINITE PART (MadLoop)   1.8836424265394903E-011
   325.00000000000000        0.0000000000000000        0.0000000000000000        325.00000000000000        0.0000000000000000     
   325.00000000000000        0.0000000000000000        0.0000000000000000       -325.00000000000000        0.0000000000000000     
   259.24695248229676       -138.03006845216615        177.03904459611454       -129.65608945955259        1.7769999999999999     
   236.29227584722997        116.04635680941203       -95.403097787021480        182.37975189139306        1.7769999999999999     
   106.23748772665871        47.315193076270212       -51.153185384575387       -80.193690073711508        0.0000000000000000     
   48.223283943814828       -25.331481433516132       -30.482761424517630        27.470027641871017        0.0000000000000000     

 PASSED   1.0000000000000001E-005
 MU_R    =    325.00000000000000     
 ALPHA_S =   0.11799999999999999     
 BORN                    1.6714882882194305E-009
 SINGLE POLE (MadFKS)   -1.4977735556075406E-010
 DOUBLE POLE (MadFKS)   -1.6741879232031623E-010
 SINGLE POLE (MadLoop)  -1.4977735556075603E-010
 DOUBLE POLE (MadLoop)  -1.6741879232031755E-010
 FINITE PART (MadLoop)   6.4993327976108613E-010
   325.00000000000000        0.0000000000000000        0.0000000000000000        325.00000000000000        0.0000000000000000     
   325.00000000000000        0.0000000000000000        0.0000000000000000       -325.00000000000000        0.0000000000000000     
   127.99408645389933       -41.243144392490478       -120.46840628040789        12.872240172052567        1.7769999999999999     
   45.357057086092773       -43.980292723391287        10.799705245167495       -1.7902840817573988        1.7769999999999999     
   295.67007549140732        85.970064745837519        276.82838146994925        58.275112367281061        0.0000000000000000     
   180.97878096860063      -0.74662762995576715       -167.15968043470889       -69.357068457576204        0.0000000000000000     

 PASSED   1.0000000000000001E-005
 MU_R    =    325.00000000000000     
 ALPHA_S =   0.11799999999999999     
 BORN                    3.4219903065606599E-010
 SINGLE POLE (MadFKS)   -1.8416351275526643E-011
 DOUBLE POLE (MadFKS)   -3.4275171922772352E-011
 SINGLE POLE (MadLoop)  -1.8416351275522036E-011
 DOUBLE POLE (MadLoop)  -3.4275171922772222E-011
 FINITE PART (MadLoop)   2.5822516909811964E-010
   325.00000000000000        0.0000000000000000        0.0000000000000000        325.00000000000000        0.0000000000000000     
   325.00000000000000        0.0000000000000000        0.0000000000000000       -325.00000000000000        0.0000000000000000     
   177.89840823684969       -90.618956137945005       -19.594732721561158       -151.81876419680353        1.7769999999999999     
   43.667943909073450        22.638777512933959        1.8268083306677365        37.254263115633677        1.7769999999999999     
   168.32014155863067        32.678806348518542       -137.90119569198049       -90.813137247182411        0.0000000000000000     
   260.11350629544626        35.301372276492458        155.66912008287395        205.37763832835228        0.0000000000000000     

 PASSED   1.0000000000000001E-005
 MU_R    =    325.00000000000000     
 ALPHA_S =   0.11799999999999999     
 BORN                    9.1026121525167944E-008
 SINGLE POLE (MadFKS)   -8.3196810710705545E-009
 DOUBLE POLE (MadFKS)   -9.1173138590040444E-009
 SINGLE POLE (MadLoop)  -8.3196810710705859E-009
 DOUBLE POLE (MadLoop)  -9.1173138590040626E-009
 FINITE PART (MadLoop)   3.2891985470226859E-008
   325.00000000000000        0.0000000000000000        0.0000000000000000        325.00000000000000        0.0000000000000000     
   325.00000000000000        0.0000000000000000        0.0000000000000000       -325.00000000000000        0.0000000000000000     
   43.255322099709140        8.4755824075299824        31.127218091244973       -28.759797594955803        1.7769999999999999     
   32.942151024644971        24.627037649605455        17.283868381127075       -13.296785157296815        1.7769999999999999     
   257.34172844672429        22.222167396383309        254.50850334545601       -30.925106321736710        0.0000000000000000     
   316.46079842892163       -55.324787453518745       -302.91958981782801        72.981689073989344        0.0000000000000000     

 PASSED   1.0000000000000001E-005
 MU_R    =    325.00000000000000     
 ALPHA_S =   0.11799999999999999     
 BORN                    3.4437067576707930E-012
 SINGLE POLE (MadFKS)   -6.2771809750260409E-013
 DOUBLE POLE (MadFKS)   -3.4492687178126887E-013
 SINGLE POLE (MadLoop)  -6.2771809750259591E-013
 DOUBLE POLE (MadLoop)  -3.4492687178126943E-013
 FINITE PART (MadLoop)   1.6361377213668255E-012
   325.00000000000000        0.0000000000000000        0.0000000000000000        325.00000000000000        0.0000000000000000     
   325.00000000000000        0.0000000000000000        0.0000000000000000       -325.00000000000000        0.0000000000000000     
   246.16550009513907        18.879017697389106       -238.19456596114017        59.171168194109995        1.7769999999999999     
   197.47351445242333        2.3347218393571390        196.83417876825985       -15.604048312825318        1.7769999999999999     
   86.172555419147542       -58.124369036984504       -63.589375850597364        1.9126710250210051        0.0000000000000000     
   120.18843003329086        36.910629500238166        104.94976304347767       -45.479790906305681        0.0000000000000000     

 PASSED   1.0000000000000001E-005
 MU_R    =    325.00000000000000     
 ALPHA_S =   0.11799999999999999     
 BORN                    7.0824585755392061E-011
 SINGLE POLE (MadFKS)   -7.3591940787639208E-012
 DOUBLE POLE (MadFKS)   -7.0938975147624808E-012
 SINGLE POLE (MadLoop)  -7.3591940787636025E-012
 DOUBLE POLE (MadLoop)  -7.0938975147624792E-012
 FINITE PART (MadLoop)   2.3452550397222808E-011
   325.00000000000000        0.0000000000000000        0.0000000000000000        325.00000000000000        0.0000000000000000     
   325.00000000000000        0.0000000000000000        0.0000000000000000       -325.00000000000000        0.0000000000000000     
   134.99169727081076        52.321612331039198       -58.436298196557573       -109.85102884915403        1.7769999999999999     
   158.84030921988074       -4.9268916223376804       -157.70773752003319        18.195641492439332        1.7769999999999999     
   272.80852304275061        23.121235052864719        238.76674716582855        129.92435946444550        0.0000000000000000     
   83.359470466557809       -70.515955761566246       -22.622711449237773       -38.268972107730811        0.0000000000000000     

 PASSED   1.0000000000000001E-005
 MU_R    =    325.00000000000000     
 ALPHA_S =   0.11799999999999999     
 BORN                    1.3043623015081028E-011
 SINGLE POLE (MadFKS)   -2.6781078491502546E-012
 DOUBLE POLE (MadFKS)   -1.3064689881809502E-012
 SINGLE POLE (MadLoop)  -2.6781078491503576E-012
 DOUBLE POLE (MadLoop)  -1.3064689881809546E-012
 FINITE PART (MadLoop)   5.5086390196564642E-012
   325.00000000000000        0.0000000000000000        0.0000000000000000        325.00000000000000        0.0000000000000000     
   325.00000000000000        0.0000000000000000        0.0000000000000000       -325.00000000000000        0.0000000000000000     
   241.45238671883175       -83.491226985384912       -52.627029399584927        220.35359791995779        1.7769999999999999     
   214.53633246266651        120.44644628848100        143.11623406099403       -105.03845649192786        1.7769999999999999     
   72.896973927675020        43.606560785190766       -25.267139761145074       -52.668855242831683        0.0000000000000000     
   121.11430689082725       -80.561780088286881       -65.222064900263987       -62.646286185198221        0.0000000000000000     

 PASSED   1.0000000000000001E-005
 MU_R    =    325.00000000000000     
 ALPHA_S =   0.11799999999999999     
 BORN                    2.1438481989545347E-009
 SINGLE POLE (MadFKS)   -7.9227208796069055E-011
 DOUBLE POLE (MadFKS)   -2.1473107464569605E-010
 SINGLE POLE (MadLoop)  -7.9227208796119449E-011
 DOUBLE POLE (MadLoop)  -2.1473107464569685E-010
 FINITE PART (MadLoop)   2.1904375617294763E-009
   325.00000000000000        0.0000000000000000        0.0000000000000000        325.00000000000000        0.0000000000000000     
   325.00000000000000        0.0000000000000000        0.0000000000000000       -325.00000000000000        0.0000000000000000     
   119.45875725636799        34.603210195499990       -11.786824133998778        113.71422768165853        1.7769999999999999     
   128.74804941075911        18.068197291807849       -123.43983734507596       -31.765536370739479        1.7769999999999999     
   191.82987624317281        21.021977022338199       -30.146621211089318       -188.27628403784257        0.0000000000000000     
   209.96331708970010       -73.693384509646108        165.37328269016402        106.32759272692353        0.0000000000000000     

 PASSED   1.0000000000000001E-005
 MU_R    =    325.00000000000000     
 ALPHA_S =   0.11799999999999999     
 BORN                    1.3221251778762093E-010
 SINGLE POLE (MadFKS)   -2.2546008788754449E-011
 DOUBLE POLE (MadFKS)   -1.3242605535221073E-011
 SINGLE POLE (MadLoop)  -2.2546008788755451E-011
 DOUBLE POLE (MadLoop)  -1.3242605535220960E-011
 FINITE PART (MadLoop)   7.3434268524553452E-011
   325.00000000000000        0.0000000000000000        0.0000000000000000        325.00000000000000        0.0000000000000000     
   325.00000000000000        0.0000000000000000        0.0000000000000000       -325.00000000000000        0.0000000000000000     
   280.42490727880909       -134.83159803295149        11.906061284999218       -245.58838891504433        1.7769999999999999     
   38.543500892607263        12.603769519369862        35.962693523329463        5.5021269076690382        1.7769999999999999     
   187.81367369288793        147.19482242855236        17.802858391752192        115.28537855829219        0.0000000000000000     
   143.21791813569575       -24.966993914970686       -65.671613200080884        124.80088344908306        0.0000000000000000     

 PASSED   1.0000000000000001E-005
 MU_R    =    325.00000000000000     
 ALPHA_S =   0.11799999999999999     
 BORN                    8.6461740394626868E-011
 SINGLE POLE (MadFKS)   -1.2762529135046876E-011
 DOUBLE POLE (MadFKS)   -8.6601385488624100E-012
 SINGLE POLE (MadLoop)  -1.2762529135047026E-011
 DOUBLE POLE (MadLoop)  -8.6601385488624100E-012
 FINITE PART (MadLoop)   4.7321537057466680E-011
   325.00000000000000        0.0000000000000000        0.0000000000000000        325.00000000000000        0.0000000000000000     
   325.00000000000000        0.0000000000000000        0.0000000000000000       -325.00000000000000        0.0000000000000000     
   194.76996023322758       -93.619705240749397        72.309828059020745        154.72174778279589        1.7769999999999999     
   103.24104520816414        79.856149996516322       -62.332285131367648        19.830209900804281        1.7769999999999999     
   170.22172453549635        41.820649101194789       -151.88268519422564       -64.483476571792352        0.0000000000000000     
   181.76727002311191       -28.057093856961689        141.90514226657243       -110.06848111180778        0.0000000000000000     

 PASSED   1.0000000000000001E-005
 MU_R    =    325.00000000000000     
 ALPHA_S =   0.11799999999999999     
 BORN                    1.2566990429629966E-011
 SINGLE POLE (MadFKS)   -1.7498555437160814E-012
 DOUBLE POLE (MadFKS)   -1.2587287483006387E-012
 SINGLE POLE (MadLoop)  -1.7498555437159802E-012
 DOUBLE POLE (MadLoop)  -1.2587287483006325E-012
 FINITE PART (MadLoop)   5.2497812081868708E-012
   325.00000000000000        0.0000000000000000        0.0000000000000000        325.00000000000000        0.0000000000000000     
   325.00000000000000        0.0000000000000000        0.0000000000000000       -325.00000000000000        0.0000000000000000     
Thanks for using LHAPDF 6.2.1. Please make sure to cite the paper:
  Eur.Phys.J. C75 (2015) 3, 132  (http://arxiv.org/abs/1412.7420)
   198.42585024347696        114.27735011856355       -136.41936125542918        87.750244674226934        1.7769999999999999     
   137.85361361710247       -84.951008678035620       -32.681040992386102       -103.51684279638594        1.7769999999999999     
   98.727589864403839        94.366765923318724       -6.2969388305308058        28.326649130669587        0.0000000000000000     
   214.99294627502107       -123.69310736384662        175.39734107834599       -12.560051008510557        0.0000000000000000     

 PASSED   1.0000000000000001E-005
 MU_R    =    325.00000000000000     
 ALPHA_S =   0.11799999999999999     
 BORN                    3.4045860204515239E-012
 SINGLE POLE (MadFKS)   -5.8719865789418595E-013
 DOUBLE POLE (MadFKS)   -3.4100847963572327E-013
 SINGLE POLE (MadLoop)  -5.8719865789420867E-013
 DOUBLE POLE (MadLoop)  -3.4100847963572251E-013
 FINITE PART (MadLoop)   1.2420758278911686E-012
   325.00000000000000        0.0000000000000000        0.0000000000000000        325.00000000000000        0.0000000000000000     
   325.00000000000000        0.0000000000000000        0.0000000000000000       -325.00000000000000        0.0000000000000000     
   153.88051712595959       -106.57165460009125        50.469506658989303        98.850225874045549        1.7769999999999999     
   261.97391367115029        224.96674293375560       -116.89998509917008       -65.966141108682820        1.7769999999999999     
   155.65600445730601       -153.94619658491914       -2.8207425860873028       -22.834265740622108        0.0000000000000000     
   78.489564745585810        35.551108251254774        69.251221026268070       -10.049819024740627        0.0000000000000000     

 PASSED   1.0000000000000001E-005
 MU_R    =    325.00000000000000     
 ALPHA_S =   0.11799999999999999     
 BORN                    4.7031215415522958E-010
 SINGLE POLE (MadFKS)   -8.0185551245117533E-011
 DOUBLE POLE (MadFKS)   -4.7107175932481425E-011
 SINGLE POLE (MadLoop)  -8.0185551245117972E-011
 DOUBLE POLE (MadLoop)  -4.7107175932482162E-011
 FINITE PART (MadLoop)   2.2791993293585484E-010
   325.00000000000000        0.0000000000000000        0.0000000000000000        325.00000000000000        0.0000000000000000     
   325.00000000000000        0.0000000000000000        0.0000000000000000       -325.00000000000000        0.0000000000000000     
   103.20235728283481       -59.039396014899829        15.151237619002121        83.260786307494257        1.7769999999999999     
   253.57142963534116        208.82874962058435        57.763410811113992        131.71656654225575        1.7769999999999999     
   212.87591769689405       -74.317869386621993       -65.513328050002784       -188.41712892659334        0.0000000000000000     
   80.350295384930007       -75.471484219062404       -7.4013203801132725       -26.560223923156833        0.0000000000000000     

 PASSED   1.0000000000000001E-005
 MU_R    =    325.00000000000000     
 ALPHA_S =   0.11799999999999999     
 BORN                    2.2001708677956912E-011
 SINGLE POLE (MadFKS)   -3.4747584870569276E-012
 DOUBLE POLE (MadFKS)   -2.2037243825207127E-012
 SINGLE POLE (MadLoop)  -3.4747584870567923E-012
 DOUBLE POLE (MadLoop)  -2.2037243825206828E-012
 FINITE PART (MadLoop)   1.0101054571691806E-011
   325.00000000000000        0.0000000000000000        0.0000000000000000        325.00000000000000        0.0000000000000000     
   325.00000000000000        0.0000000000000000        0.0000000000000000       -325.00000000000000        0.0000000000000000     
   168.67201628235762       -122.53228912867138        61.667025365565557       -98.133110881120544        1.7769999999999999     
   186.04517496836365       -23.329574436846340       -32.027474562327512        181.76804237754271        1.7769999999999999     
   98.516430094891291        2.6626993898141160        93.964986135455575       -29.478439768154750        0.0000000000000000     
   196.76637865439025        143.19916417570360       -123.60453693869361       -54.156491728267440        0.0000000000000000     

 PASSED   1.0000000000000001E-005
 MU_R    =    325.00000000000000     
 ALPHA_S =   0.11799999999999999     
 BORN                    1.8810116135912651E-010
 SINGLE POLE (MadFKS)   -2.3731419665693227E-011
 DOUBLE POLE (MadFKS)   -1.8840496514839900E-011
 SINGLE POLE (MadLoop)  -2.3731419665692458E-011
 DOUBLE POLE (MadLoop)  -1.8840496514839777E-011
 FINITE PART (MadLoop)   1.1097054132934354E-010
   325.00000000000000        0.0000000000000000        0.0000000000000000        325.00000000000000        0.0000000000000000     
   325.00000000000000        0.0000000000000000        0.0000000000000000       -325.00000000000000        0.0000000000000000     
   134.49453760443421       -28.930271103194546       -130.21725482175376        17.091778052990335        1.7769999999999999     
   226.79948561825856       -121.83301297657371        110.52970881109545       -156.12414728955650        1.7769999999999999     
   178.30583199823164        175.25422170707188        2.6481178842236615        32.740112554805776        0.0000000000000000     
   110.40014477907918       -24.490937627303630        17.039428126434650        106.29225668176038        0.0000000000000000     

 PASSED   1.0000000000000001E-005
 MU_R    =    325.00000000000000     
 ALPHA_S =   0.11799999999999999     
 BORN                    8.7345777005712461E-008
 SINGLE POLE (MadFKS)   -1.3934755567856124E-009
 DOUBLE POLE (MadFKS)   -8.7486849914776673E-009
 SINGLE POLE (MadLoop)  -1.3934755567858215E-009
 DOUBLE POLE (MadLoop)  -8.7486849914776177E-009
 FINITE PART (MadLoop)   7.3397465506848976E-008
   325.00000000000000        0.0000000000000000        0.0000000000000000        325.00000000000000        0.0000000000000000     
   325.00000000000000        0.0000000000000000        0.0000000000000000       -325.00000000000000        0.0000000000000000     
   132.04071367840842       -5.5898395482112857        108.65624350666637        74.794162743817850        1.7769999999999999     
   35.723048063946720        7.4760613052886296        25.871319111373456       -23.404311328814966        1.7769999999999999     
   217.85174642871334        99.626340741528026       -64.828794254345624        182.56835182479216        0.0000000000000000     
   264.38449182893157       -101.51256249860523       -69.698768363694228       -233.95820323979507        0.0000000000000000     

 PASSED   1.0000000000000001E-005
 MU_R    =    325.00000000000000     
 ALPHA_S =   0.11799999999999999     
 BORN                    1.1396635640784578E-011
 SINGLE POLE (MadFKS)   -2.4250624789522358E-012
 DOUBLE POLE (MadFKS)   -1.1415042444164266E-012
 SINGLE POLE (MadLoop)  -2.4250624789523719E-012
 DOUBLE POLE (MadLoop)  -1.1415042444164307E-012
 FINITE PART (MadLoop)   2.3775438938992092E-012
   325.00000000000000        0.0000000000000000        0.0000000000000000        325.00000000000000        0.0000000000000000     
   325.00000000000000        0.0000000000000000        0.0000000000000000       -325.00000000000000        0.0000000000000000     
   320.07599310840504        311.98250985493848        67.773781377350801       -22.784023739454554        1.7769999999999999     
   146.81792049492302       -138.53405370620641       -41.973077602570498        24.472857817346235        1.7769999999999999     
   42.631030374352690       -35.841136576787420       -6.3747320646472065       -22.185140765093440        0.0000000000000000     
   140.47505602232056       -137.60731957194494       -19.425971710133140        20.496306687201663        0.0000000000000000     

 NUMBER OF POINTS PASSING THE CHECK          20
 NUMBER OF POINTS FAILING THE CHECK           0
 TOLERANCE    1.0000000000000001E-005
