==== LHAPDF6 USING DEFAULT-TYPE LHAGLUE INTERFACE ====
LHAPDF 6.2.1 loading /cvmfs/cms.cern.ch/slc6_amd64_gcc481/external/lhapdf/6.2.1/share/LHAPDF/NNPDF31_nnlo_hessian_pdfas/NNPDF31_nnlo_hessian_pdfas_0000.dat
NNPDF31_nnlo_hessian_pdfas PDF set, member #0, version 1; LHAPDF ID = 306000
 A PDF is used, so alpha_s(MZ) is going to be modified
 Old value of alpha_s from param_card:   0.11799999999999999     
 New value of alpha_s from PDF lhapdf :  0.11800208008122040     
 using LHAPDF
 *****************************************************
 *               MadGraph/MadEvent                   *
 *        --------------------------------           *
 *          http://madgraph.hep.uiuc.edu             *
 *          http://madgraph.phys.ucl.ac.be           *
 *          http://madgraph.roma2.infn.it            *
 *        --------------------------------           *
 *                                                   *
 *          PARAMETER AND COUPLING VALUES            *
 *                                                   *
 *****************************************************

  External Params
  ---------------------------------
  
 MU_R =    91.188000000000002     
 aEWM1 =    132.50700000000001     
 mdl_Gf =    1.1663900000000000E-005
 aS =   0.11799999999999999     
 mdl_lamWS =   0.22530000000000000     
 mdl_AWS =   0.80800000000000005     
 mdl_rhoWS =   0.13200000000000001     
 mdl_etaWS =   0.34100000000000003     
 mdl_ymt =    173.00000000000000     
 mdl_ymtau =    1.7769999999999999     
 mdl_MT =    173.00000000000000     
 mdl_MZ =    91.188000000000002     
 mdl_MH =    125.00000000000000     
 mdl_MTA =    1.7769999999999999     
 mdl_WT =    1.4915000000000000     
 mdl_WZ =    2.4414039999999999     
 mdl_WW =    2.0476000000000001     
 mdl_WH =    6.3823389999999999E-003
  Internal Params
  ---------------------------------
  
 mdl_CKM33 =    1.0000000000000000     
 mdl_conjg__CKM3x3 =    1.0000000000000000     
 mdl_I4x33 =    0.0000000000000000     
 mdl_I1x33 =    0.0000000000000000     
 mdl_lhv =    1.0000000000000000     
 mdl_CKM3x3 =    1.0000000000000000     
 mdl_conjg__CKM33 =    1.0000000000000000     
 mdl_Ncol =    3.0000000000000000     
 mdl_CA =    3.0000000000000000     
 mdl_TF =   0.50000000000000000     
 mdl_CF =    1.3333333333333333     
 mdl_lamWS__exp__2 =    5.0760090000000001E-002
 mdl_CKM11 =  ( 0.97461995499999998     ,  0.0000000000000000     )
 mdl_CKM12 =  ( 0.22530000000000000     ,  0.0000000000000000     )
 mdl_complexi =  (  0.0000000000000000     ,  1.0000000000000000     )
 mdl_lamWS__exp__3 =    1.1436248277000001E-002
 mdl_CKM13 =  (  1.2197444962317122E-003, -3.1510066152652563E-003)
 mdl_CKM21 =  (-0.22530000000000000     ,  0.0000000000000000     )
 mdl_CKM22 =  ( 0.97461995499999998     ,  0.0000000000000000     )
 mdl_CKM23 =  (  4.1014152720000002E-002,  0.0000000000000000     )
 mdl_CKM31 =  (  8.0207441115842885E-003, -3.1510066152652563E-003)
 mdl_CKM32 =  ( -4.1014152720000002E-002,  0.0000000000000000     )
 mdl_MZ__exp__2 =    8315.2513440000002     
 mdl_MZ__exp__4 =    69143404.913893804     
 mdl_sqrt__2 =    1.4142135623730951     
 mdl_MH__exp__2 =    15625.000000000000     
 mdl_CKM1x1 =  ( 0.97461995499999998     ,  0.0000000000000000     )
 mdl_CKM1x2 =  ( 0.22530000000000000     ,  0.0000000000000000     )
 mdl_CKM1x3 =  (  1.2197444962317122E-003, -3.1510066152652563E-003)
 mdl_CKM2x1 =  (-0.22530000000000000     ,  0.0000000000000000     )
 mdl_CKM2x2 =  ( 0.97461995499999998     ,  0.0000000000000000     )
 mdl_CKM2x3 =  (  4.1014152720000002E-002,  0.0000000000000000     )
 mdl_CKM3x1 =  (  8.0207441115842885E-003, -3.1510066152652563E-003)
 mdl_CKM3x2 =  ( -4.1014152720000002E-002,  0.0000000000000000     )
 mdl_conjg__CKM1x3 =  (  1.2197444962317122E-003,  3.1510066152652563E-003)
 mdl_conjg__CKM2x3 =  (  4.1014152720000002E-002, -0.0000000000000000     )
 mdl_conjg__CKM2x1 =  (-0.22530000000000000     , -0.0000000000000000     )
 mdl_conjg__CKM3x1 =  (  8.0207441115842885E-003,  3.1510066152652563E-003)
 mdl_conjg__CKM2x2 =  ( 0.97461995499999998     , -0.0000000000000000     )
 mdl_conjg__CKM3x2 =  ( -4.1014152720000002E-002, -0.0000000000000000     )
 mdl_Ncol__exp__2 =    9.0000000000000000     
 mdl_MT__exp__2 =    29929.000000000000     
 mdl_conjg__CKM11 =  ( 0.97461995499999998     , -0.0000000000000000     )
 mdl_conjg__CKM12 =  ( 0.22530000000000000     , -0.0000000000000000     )
 mdl_conjg__CKM13 =  (  1.2197444962317122E-003,  3.1510066152652563E-003)
 mdl_conjg__CKM21 =  (-0.22530000000000000     , -0.0000000000000000     )
 mdl_conjg__CKM22 =  ( 0.97461995499999998     , -0.0000000000000000     )
 mdl_conjg__CKM23 =  (  4.1014152720000002E-002, -0.0000000000000000     )
 mdl_conjg__CKM31 =  (  8.0207441115842885E-003,  3.1510066152652563E-003)
 mdl_conjg__CKM32 =  ( -4.1014152720000002E-002, -0.0000000000000000     )
 mdl_aEW =    7.5467711139788835E-003
 mdl_MW =    80.419002445756163     
 mdl_sqrt__aEW =    8.6872153846781555E-002
 mdl_ee =   0.30795376724436879     
 mdl_MW__exp__2 =    6467.2159543705357     
 mdl_sw2 =   0.22224648578577766     
 mdl_cw =   0.88190334743339216     
 mdl_sqrt__sw2 =   0.47143025548407230     
 mdl_sw =   0.47143025548407230     
 mdl_g1 =   0.34919219678733299     
 mdl_gw =   0.65323293034757990     
 mdl_v =    246.21845810181637     
 mdl_v__exp__2 =    60623.529110035903     
 mdl_lam =   0.12886910601690263     
 mdl_yt =   0.99366614581500623     
 mdl_ytau =    1.0206617000654717E-002
 mdl_muH =    88.388347648318430     
 mdl_AxialZUp =  -0.18517701861793787     
 mdl_AxialZDown =   0.18517701861793787     
 mdl_VectorZUp =    7.5430507588273299E-002
 mdl_VectorZDown =  -0.13030376310310560     
 mdl_VectorAUp =   0.20530251149624587     
 mdl_VectorADown =  -0.10265125574812294     
 mdl_VectorWmDxU =   0.23095271737156670     
 mdl_AxialWmDxU =  -0.23095271737156670     
 mdl_VectorWpUxD =   0.23095271737156670     
 mdl_AxialWpUxD =  -0.23095271737156670     
 mdl_I2x13 =  (  7.9699418879263656E-003,  3.1310485988282153E-003)
 mdl_I2x23 =  ( -4.0754375057150453E-002, -0.0000000000000000     )
 mdl_I2x33 =  ( 0.99366614581500623     ,  0.0000000000000000     )
 mdl_I3x31 =  (  7.9699418879263656E-003, -3.1310485988282153E-003)
 mdl_I3x32 =  ( -4.0754375057150453E-002,  0.0000000000000000     )
 mdl_I3x33 =  ( 0.99366614581500623     ,  0.0000000000000000     )
 mdl_Vector_tdGp =  ( -7.9699418879263656E-003, -3.1310485988282153E-003)
 mdl_Vector_tsGp =  (  4.0754375057150453E-002,  0.0000000000000000     )
 mdl_Vector_tbGp =  (-0.99366614581500623     ,  0.0000000000000000     )
 mdl_Axial_tdGp =  ( -7.9699418879263656E-003, -3.1310485988282153E-003)
 mdl_Axial_tsGp =  (  4.0754375057150453E-002,  0.0000000000000000     )
 mdl_Axial_tbGp =  (-0.99366614581500623     , -0.0000000000000000     )
 mdl_Vector_tdGm =  (  7.9699418879263656E-003, -3.1310485988282153E-003)
 mdl_Vector_tsGm =  ( -4.0754375057150453E-002,  0.0000000000000000     )
 mdl_Vector_tbGm =  ( 0.99366614581500623     ,  0.0000000000000000     )
 mdl_Axial_tdGm =  ( -7.9699418879263656E-003,  3.1310485988282153E-003)
 mdl_Axial_tsGm =  (  4.0754375057150453E-002, -0.0000000000000000     )
 mdl_Axial_tbGm =  (-0.99366614581500623     ,  0.0000000000000000     )
 mdl_gw__exp__2 =   0.42671326129048615     
 mdl_cw__exp__2 =   0.77775351421422245     
 mdl_ee__exp__2 =    9.4835522759998875E-002
 mdl_sw__exp__2 =   0.22224648578577769     
 mdl_yt__exp__2 =   0.98737240933884918     
  Internal Params evaluated point by point
  ----------------------------------------
  
 mdl_sqrt__aS =   0.34351128074635334     
 mdl_G__exp__4 =    2.1987899468922913     
 mdl_G__exp__2 =    1.4828317324943823     
 mdl_R2MixedFactor_FIN_ =   -2.5040377713124864E-002
 mdl_G_UVg_1EPS_ =   -5.1645779033320030E-002
 mdl_G_UVq_1EPS_ =    3.1300472141406080E-003
 mdl_G_UVb_1EPS_ =    3.1300472141406080E-003
 mdl_GWcft_UV_t_1EPS_ =   -3.1300472141406080E-003
 mdl_tWcft_UV_1EPS_ =   -1.8780283284843650E-002
 mdl_G__exp__3 =    1.8056676068262196     
 mdl_MU_R__exp__2 =    8315.2513440000002     
 mdl_G_UVt_FIN_ =   -4.0087659331150384E-003
 mdl_GWcft_UV_t_FIN_ =    4.0087659331150384E-003
 mdl_tWcft_UV_FIN_ =   -9.8778211443463623E-004
  Couplings of loop_sm-ckm_no_b_mass
  ---------------------------------
  
       UV_3Gt =   0.48815E-02   0.00000E+00
      UV_GQQt =   0.00000E+00  -0.48815E-02
   UVWfct_G_2 =   0.40088E-02   0.00000E+00
       R2_DDA =   0.00000E+00   0.25704E-02
       R2_UUA =  -0.00000E+00  -0.51409E-02
    R2_DDZ_V2 =   0.00000E+00   0.72127E-02
    R2_UUZ_V2 =  -0.00000E+00  -0.72127E-02
    R2_UUZ_V5 =   0.00000E+00   0.68702E-03
      R2_GGHt =   0.00000E+00  -0.45657E+01
     R2_GGZup =  -0.46369E-02   0.00000E+00
   R2_GGZdown =   0.46369E-02   0.00000E+00
 R2_GGGZvecUp =   0.00000E+00   0.28750E-03
 R2_GGGZvecDown  -0.00000E+00  -0.49665E-03
 R2_GGGZaxialUp  -0.00000E+00  -0.63522E-02
 R2_GGGZaxialDow  0.00000E+00   0.63522E-02
 R2_GGGAvecUp =   0.00000E+00   0.78251E-03
 R2_GGGAvecDown  -0.00000E+00  -0.39126E-03
         GC_4 =  -0.12177E+01   0.00000E+00
         GC_5 =   0.00000E+00   0.12177E+01
         GC_6 =   0.00000E+00   0.14828E+01
       R2_3Gq =   0.76230E-02   0.00000E+00
       R2_3Gg =   0.31445E-01   0.00000E+00
       R2_GQQ =  -0.00000E+00  -0.30492E-01
       R2_GGq =   0.00000E+00   0.62601E-02
       R2_GGt =  -0.00000E+00  -0.11242E+04
     R2_GGg_1 =   0.00000E+00   0.28170E-01
     R2_GGg_2 =  -0.00000E+00  -0.18780E-01
       R2_QQq =   0.00000E+00   0.12520E-01
  UV_3Gg_1eps =   0.62890E-01   0.00000E+00
  UV_3Gb_1eps =  -0.38115E-02   0.00000E+00
 UV_GQQg_1eps =   0.00000E+00  -0.62890E-01
 UV_GQQq_1eps =   0.00000E+00   0.38115E-02
 UVWfct_G_2_1eps -0.31300E-02   0.00000E+00
         GC_1 =  -0.00000E+00  -0.10265E+00
         GC_2 =   0.00000E+00   0.20530E+00
        GC_21 =  -0.00000E+00  -0.28804E+00
        GC_22 =   0.00000E+00   0.28804E+00
        GC_23 =  -0.00000E+00  -0.27437E-01
        GC_24 =   0.00000E+00   0.82310E-01
        GC_37 =  -0.00000E+00  -0.70263E+00
        GC_38 =  -0.00000E+00  -0.72172E-02
      GC_1003 =  -0.00000E+00  -0.30795E+00

 Collider parameters:
 --------------------

 Running at P P   machine @    13000.000000000000       GeV
 PDF set = lhapdf 
 alpha_s(Mz)= 0.1180 running at 3 loops.
 alpha_s(Mz)= 0.1180 running at 3 loops.
 Renormalization scale set on event-by-event basis
 Factorization   scale set on event-by-event basis


 ===============================================================
 INFO: MadFKS read these parameters from FKS_params.dat
 ===============================================================
  > IRPoleCheckThreshold      =    1.0000000000000001E-005
  > PrecisionVirtualAtRunTime =    1.0000000000000000E-003
  > NHelForMCoverHels         =            4
  > VirtualFraction           =    1.0000000000000000     
  > MinVirtualFraction        =    5.0000000000000001E-003
 ===============================================================
  Insert the number of points to test
 Insert the relative tolerance
  A negative number will mean use the default one:    1.0000000000000001E-005
Using random seed offsets:     0 ,     80 ,      0
  with seed                   32
 Ranmar initialization seeds       10729        9486
  ========================================================================================== 
 {                                                                                          }
 {       [32m                                                                            [0m       }
 {       [32m                               ,,                                           [0m       }
 {       [32m`7MMM.     ,MMF'             `7MM  `7MMF'                                   [0m       }
 {       [32m  MMMb    dPMM                 MM    MM                                     [0m       }
 {       [32m  M YM   ,M MM   ,6"Yb.   ,M""bMM    MM         ,pW"Wq.   ,pW"Wq.`7MMpdMAo. [0m       }
 {       [32m  M  Mb  M' MM  8)   MM ,AP    MM    MM        6W'   `Wb 6W'   `Wb MM   `Wb [0m       }
 {       [32m  M  YM.P'  MM   ,pm9MM 8MI    MM    MM      , 8M     M8 8M     M8 MM    M8 [0m       }
 {       [32m  M  `YM'   MM  8M   MM `Mb    MM    MM     ,M YA.   ,A9 YA.   ,A9 MM   ,AP [0m       }
 {       [32m.JML. `'  .JMML.`Moo9^Yo.`Wbmd"MML..JMMmmmmMMM  `Ybmd9'   `Ybmd9'  MMbmmd'  [0m       }
 {       [32m                                                                   MM       [0m       }
 {       [32m                                                                 .JMML.     [0m       }
 {       [32m[0mv2.4.2 (2016-06-10), Ref: arXiv:1103.0621v2, arXiv:1405.0301[32m                [0m       }
 {       [32m                                                                            [0m       }
 {                                                                                          }
  ========================================================================================== 
 ===============================================================
 INFO: MadLoop read these parameters from ./MadLoop5_resources/MadLoopParams.dat                                                                                                                                                                                                                                                                                                                                                                                                                                                                                          
 ===============================================================
  > MLReductionLib            = 6|1|2
  > IREGIMODE                 =            2
  > IREGIRECY                 =  T
  > CTModeRun                 =           -1
  > MLStabThres               =    1.0000000000000000E-003
  > NRotations_DP             =            1
  > NRotations_QP             =            0
  > CTStabThres               =    1.0000000000000000E-002
  > CTLoopLibrary             =            2
  > CTModeInit                =            1
  > CheckCycle                =            3
  > MaxAttempts               =           10
  > UseLoopFilter             =  F
  > HelicityFilterLevel       =            2
  > ImprovePSPoint            =            2
  > DoubleCheckHelicityFilter =  T
  > LoopInitStartOver         =  F
  > HelInitStartOver          =  F
  > ZeroThres                 =    1.0000000000000001E-009
  > OSThres                   =    1.0000000000000000E-008
  > WriteOutFilters           =  T
  > UseQPIntegrandForNinja    =  F
  > UseQPIntegrandForCutTools =  T
 ===============================================================
  
------------------------------------------------------------------------
|              You are using CutTools - Version 1.9.3                  |
|              Authors: G. Ossola, C. Papadopoulos, R. Pittau          |
|              Published in JHEP 0803:042,2008                         |
|              http://www.ugr.es/~pittau/CutTools                      |
|                                                                      |
|              Compiler with  34  significant digits detetected        |
 ---------------------------------------------------------------------- 
   
########################################################################
#                                                                      #
#                      You are using OneLOop-3.6                       #
#                                                                      #
# for the evaluation of 1-loop scalar 1-, 2-, 3- and 4-point functions #
#                                                                      #
# author: Andreas van Hameren <hamerenREMOVETHIS@ifj.edu.pl>           #
#   date: 18-02-2015                                                   #
#                                                                      #
# Please cite                                                          #
#    A. van Hameren,                                                   #
#      Comput.Phys.Commun. 182 (2011) 2427-2438, arXiv:1007.4716       #
#    A. van Hameren, C.G. Papadopoulos and R. Pittau,                  #
#      JHEP 0909:106,2009, arXiv:0903.4665                             #
# in publications with results obtained with the help of this program. #
#                                                                      #
########################################################################
 PASSED   1.0000000000000001E-005
 MU_R    =    325.00000000000000     
 ALPHA_S =   0.11799999999999999     
 BORN                    2.3500248976764502E-008
 SINGLE POLE (MadFKS)   -2.9451112735755147E-009
 DOUBLE POLE (MadFKS)   -2.3538204429226371E-009
 SINGLE POLE (MadLoop)  -2.9451112735742144E-009
 DOUBLE POLE (MadLoop)  -2.3538204429216399E-009
 FINITE PART (MadLoop)   6.3582190149497610E-010
   325.00000000000000        0.0000000000000000        0.0000000000000000        325.00000000000000        0.0000000000000000     
   325.00000000000000        0.0000000000000000        0.0000000000000000       -325.00000000000000        0.0000000000000000     
   170.58209020794851       -146.10258958303280        23.930597378149798        84.713939803136583        1.7769999999999999     
   105.80167688298867       -89.821568890859879        55.578443193053005       -5.8274794271142696        1.7769999999999999     
   220.93962830385831        157.76388227337537        29.480446756618708       -151.84129894106474        0.0000000000000000     
   152.67660460520457        78.160276200517288       -108.98948732782166        72.954838565042465        0.0000000000000000     

 PASSED   1.0000000000000001E-005
 MU_R    =    325.00000000000000     
 ALPHA_S =   0.11799999999999999     
 BORN                    3.9153890731191093E-010
 SINGLE POLE (MadFKS)   -6.2348842341856713E-011
 DOUBLE POLE (MadFKS)   -3.9217128513897747E-011
 SINGLE POLE (MadLoop)  -6.2348842341858018E-011
 DOUBLE POLE (MadLoop)  -3.9217128513898458E-011
 FINITE PART (MadLoop)   3.9308264311153497E-011
   325.00000000000000        0.0000000000000000        0.0000000000000000        325.00000000000000        0.0000000000000000     
   325.00000000000000        0.0000000000000000        0.0000000000000000       -325.00000000000000        0.0000000000000000     
   210.74175185867631       -69.255435810945201       -91.969653723370399        176.50551167627393        1.7769999999999999     
   65.649134054048545        2.6414099120713144        31.418580261218583        57.554729094073679        1.7769999999999999     
   249.98417312500132        29.493629056242746        167.11237542680249       -183.56379446202018        0.0000000000000000     
   123.62494096227381        37.120396842631152       -106.56130196465068       -50.496446308327478        0.0000000000000000     

 PASSED   1.0000000000000001E-005
 MU_R    =    325.00000000000000     
 ALPHA_S =   0.11799999999999999     
 BORN                    8.8940640172223566E-011
 SINGLE POLE (MadFKS)   -2.0940344649979809E-011
 DOUBLE POLE (MadFKS)   -8.9084288958384196E-012
 SINGLE POLE (MadLoop)  -2.0940344649979884E-011
 DOUBLE POLE (MadLoop)  -8.9084288958384616E-012
 FINITE PART (MadLoop)   3.3776304642158124E-012
   325.00000000000000        0.0000000000000000        0.0000000000000000        325.00000000000000        0.0000000000000000     
   325.00000000000000        0.0000000000000000        0.0000000000000000       -325.00000000000000        0.0000000000000000     
   213.49862738422479        178.53281602953709       -4.4909845200910121       -116.98021552618130        1.7769999999999999     
   221.76244152719372       -172.79604505143328       -138.56021543382599       -10.863528736869819        1.7769999999999999     
   160.10149557312928        35.507937809880346        117.96322948300707        102.25630409506212        0.0000000000000000     
   54.637435515453006       -41.244708787984138        25.087970470909983        25.587440167989055        0.0000000000000000     

 PASSED   1.0000000000000001E-005
 MU_R    =    325.00000000000000     
 ALPHA_S =   0.11799999999999999     
 BORN                    1.4941337593753567E-011
 SINGLE POLE (MadFKS)   -2.7258280475473525E-012
 DOUBLE POLE (MadFKS)   -1.4965469475476062E-012
 SINGLE POLE (MadLoop)  -2.7258280475474034E-012
 DOUBLE POLE (MadLoop)  -1.4965469475476098E-012
 FINITE PART (MadLoop)   1.6213816629500980E-012
   325.00000000000000        0.0000000000000000        0.0000000000000000        325.00000000000000        0.0000000000000000     
   325.00000000000000        0.0000000000000000        0.0000000000000000       -325.00000000000000        0.0000000000000000     
   228.12105867538361        101.19859469828783        173.02385263403445       -108.89283967711289        1.7769999999999999     
   143.17199655043629       -100.78862832978004       -47.824655757914357        89.719103697465698        1.7769999999999999     
   145.98211831772662        122.08795443442334       -74.909178301011139        28.176679307828714        0.0000000000000000     
   132.72482645645636       -122.49792080293116       -50.290018575108952       -9.0029433281815834        0.0000000000000000     

 PASSED   1.0000000000000001E-005
 MU_R    =    325.00000000000000     
 ALPHA_S =   0.11799999999999999     
 BORN                    1.1977030165578855E-009
 SINGLE POLE (MadFKS)   -1.5589885540314673E-010
 DOUBLE POLE (MadFKS)   -1.1996374369103399E-010
 SINGLE POLE (MadLoop)  -1.5589885540314582E-010
 DOUBLE POLE (MadLoop)  -1.1996374369103399E-010
 FINITE PART (MadLoop)  -5.9119037225423989E-011
   325.00000000000000        0.0000000000000000        0.0000000000000000        325.00000000000000        0.0000000000000000     
   325.00000000000000        0.0000000000000000        0.0000000000000000       -325.00000000000000        0.0000000000000000     
   89.233453031089738        31.186718911883180       -73.370426668063303        40.045230239183702        1.7769999999999999     
   14.062147677596055       -1.8637769885632951        13.276375341633091       -3.8536296437902120        1.7769999999999999     
   289.14999458555366       -266.60924321840889        96.190492651349984        57.224294865237255        0.0000000000000000     
   257.55440470576048        237.28630129508903       -36.096441324919809       -93.415895460630750        0.0000000000000000     

 PASSED   1.0000000000000001E-005
 MU_R    =    325.00000000000000     
 ALPHA_S =   0.11799999999999999     
 BORN                    3.8382402933850953E-011
 SINGLE POLE (MadFKS)   -5.4608197327861004E-012
 DOUBLE POLE (MadFKS)   -3.8444394680039199E-012
 SINGLE POLE (MadLoop)  -5.4608197327858670E-012
 DOUBLE POLE (MadLoop)  -3.8444394680038189E-012
 FINITE PART (MadLoop)  -3.3931736505369301E-012
   325.00000000000000        0.0000000000000000        0.0000000000000000        325.00000000000000        0.0000000000000000     
   325.00000000000000        0.0000000000000000        0.0000000000000000       -325.00000000000000        0.0000000000000000     
   96.586591804414411       -3.4134612406462570       -23.164345424366260        93.688704606328187        1.7769999999999999     
   157.25878776304839       -23.205165615732572       -155.12583777874664        11.165273928207895        1.7769999999999999     
   286.78683649427001        73.305080474925816        188.61708569047750       -203.21577140711054        0.0000000000000000     
   109.36778393826722       -46.686453618546956       -10.326902487364611        98.361792872574441        0.0000000000000000     

 PASSED   1.0000000000000001E-005
 MU_R    =    325.00000000000000     
 ALPHA_S =   0.11799999999999999     
 BORN                    1.7978993993911996E-011
 SINGLE POLE (MadFKS)   -4.6607425478237230E-012
 DOUBLE POLE (MadFKS)   -1.8008032020382391E-012
 SINGLE POLE (MadLoop)  -4.6607425478235469E-012
 DOUBLE POLE (MadLoop)  -1.8008032020382467E-012
 FINITE PART (MadLoop)  -5.1424896242428596E-012
   325.00000000000000        0.0000000000000000        0.0000000000000000        325.00000000000000        0.0000000000000000     
   325.00000000000000        0.0000000000000000        0.0000000000000000       -325.00000000000000        0.0000000000000000     
   101.28346061987916       -63.490142477916933        46.716636175683888        63.574675608304958        1.7769999999999999     
   260.50061393038345       -111.22259255581699        76.000666086945913       -222.95929177455230        1.7769999999999999     
   269.42113335883136        186.66947350891039       -128.20717726494630        145.96292151782251        0.0000000000000000     
   18.794792090905997       -11.956738475176550        5.4898750023164888        13.421694648424838        0.0000000000000000     

 PASSED   1.0000000000000001E-005
 MU_R    =    325.00000000000000     
 ALPHA_S =   0.11799999999999999     
 BORN                    1.5336410247398530E-010
 SINGLE POLE (MadFKS)   -3.1664504557250020E-011
 DOUBLE POLE (MadFKS)   -1.5361180214331917E-011
 SINGLE POLE (MadLoop)  -3.1664504557248378E-011
 DOUBLE POLE (MadLoop)  -1.5361180214331174E-011
 FINITE PART (MadLoop)   1.2073196978802376E-011
   325.00000000000000        0.0000000000000000        0.0000000000000000        325.00000000000000        0.0000000000000000     
   325.00000000000000        0.0000000000000000        0.0000000000000000       -325.00000000000000        0.0000000000000000     
   165.87086927144350        154.66182541809917       -41.035771257038277        43.655157536604499        1.7769999999999999     
   283.17128694483148       -221.67581842799891       -129.01633498550933       -119.98931974211634        1.7769999999999999     
   153.02937867293460        59.737150553762021        132.78736226764147        47.084817114901639        0.0000000000000000     
   47.928465110791457        7.2768424561377136        37.264743974906153        29.249345090610174        0.0000000000000000     

 PASSED   1.0000000000000001E-005
 MU_R    =    325.00000000000000     
 ALPHA_S =   0.11799999999999999     
 BORN                    2.7290079470233089E-011
 SINGLE POLE (MadFKS)   -6.2730448731779882E-012
 DOUBLE POLE (MadFKS)   -2.7334155910233243E-012
 SINGLE POLE (MadLoop)  -6.2730448731781925E-012
 DOUBLE POLE (MadLoop)  -2.7334155910233897E-012
 FINITE PART (MadLoop)   4.9469354081065304E-012
   325.00000000000000        0.0000000000000000        0.0000000000000000        325.00000000000000        0.0000000000000000     
   325.00000000000000        0.0000000000000000        0.0000000000000000       -325.00000000000000        0.0000000000000000     
   132.71087455072498       -41.142107850663102        49.884923905181175       -115.87855635792562        1.7769999999999999     
   192.67307411499092        65.954426498286693       -155.02141791242843       -93.477961967637597        1.7769999999999999     
   243.20979398488046        49.195346509155094        136.07790977954883        195.48305359299331        0.0000000000000000     
   81.406257349408776       -74.007665156778700       -30.941415772301571        13.873464732569877        0.0000000000000000     

 PASSED   1.0000000000000001E-005
 MU_R    =    325.00000000000000     
 ALPHA_S =   0.11799999999999999     
 BORN                    1.8154204172310778E-010
 SINGLE POLE (MadFKS)   -3.9517859355282695E-011
 DOUBLE POLE (MadFKS)   -1.8183525182233971E-011
 SINGLE POLE (MadLoop)  -3.9517859355284201E-011
 DOUBLE POLE (MadLoop)  -1.8183525182234172E-011
 FINITE PART (MadLoop)  -2.7263390784204259E-012
   325.00000000000000        0.0000000000000000        0.0000000000000000        325.00000000000000        0.0000000000000000     
   325.00000000000000        0.0000000000000000        0.0000000000000000       -325.00000000000000        0.0000000000000000     
   22.916469440111516        20.433443060177090        7.6241447210335167       -6.8083525598196024        1.7769999999999999     
   240.69542666936283       -63.064839892495883       -169.87406869736944        158.41956143128866        1.7769999999999999     
   238.19827053747019        24.786800648010523        235.67279039298870       -24.132270284000093        0.0000000000000000     
   148.18983335305552        17.844596184308326       -73.422866416652752       -127.47893858746899        0.0000000000000000     

 PASSED   1.0000000000000001E-005
 MU_R    =    325.00000000000000     
 ALPHA_S =   0.11799999999999999     
 BORN                    3.6268941221687439E-011
 SINGLE POLE (MadFKS)   -6.4247760773981353E-012
 DOUBLE POLE (MadFKS)   -3.6327519497847115E-012
 SINGLE POLE (MadLoop)  -6.4247760773980020E-012
 DOUBLE POLE (MadLoop)  -3.6327519497846888E-012
 FINITE PART (MadLoop)   2.8772927045433607E-012
   325.00000000000000        0.0000000000000000        0.0000000000000000        325.00000000000000        0.0000000000000000     
   325.00000000000000        0.0000000000000000        0.0000000000000000       -325.00000000000000        0.0000000000000000     
   112.90405595345251       -65.492125969118206       -56.513188495320520       -72.534192515515386        1.7769999999999999     
   256.55361458481360       -101.77738724668409        146.56262954499587        184.32948351695629        1.7769999999999999     
   223.78672060693037        130.75931941894146       -94.633783786517782       -155.00626978076122        0.0000000000000000     
   56.755608854808791        36.510193796860797        4.5843427368423919        43.210978779320385        0.0000000000000000     

 PASSED   1.0000000000000001E-005
 MU_R    =    325.00000000000000     
 ALPHA_S =   0.11799999999999999     
 BORN                    6.6304750966905183E-010
 SINGLE POLE (MadFKS)   -1.4016137345460840E-010
 DOUBLE POLE (MadFKS)   -6.6411840335439480E-011
 SINGLE POLE (MadLoop)  -1.4016137345464369E-010
 DOUBLE POLE (MadLoop)  -6.6411840335444947E-011
 FINITE PART (MadLoop)  -1.4399960764744443E-010
   325.00000000000000        0.0000000000000000        0.0000000000000000        325.00000000000000        0.0000000000000000     
   325.00000000000000        0.0000000000000000        0.0000000000000000       -325.00000000000000        0.0000000000000000     
   309.57021729311822        122.24454002894790        281.26291200756032       -42.166437696901923        1.7769999999999999     
   77.986784399280126       -69.422349448668811       -32.175251455460888       -14.969014755306317        1.7769999999999999     
   22.080361571908263       -9.6067736981076379       -19.862690201663465      -0.85194143712609960        0.0000000000000000     
   240.36263673569346       -43.215416882171503       -229.22497035043597        57.987393889334363        0.0000000000000000     

 PASSED   1.0000000000000001E-005
 MU_R    =    325.00000000000000     
 ALPHA_S =   0.11799999999999999     
 BORN                    2.5539286783465330E-011
 SINGLE POLE (MadFKS)   -4.6301779823654080E-012
 DOUBLE POLE (MadFKS)   -2.5580535503271584E-012
 SINGLE POLE (MadLoop)  -4.6301779823654581E-012
 DOUBLE POLE (MadLoop)  -2.5580535503271407E-012
 FINITE PART (MadLoop)   2.5712755969097415E-012
   325.00000000000000        0.0000000000000000        0.0000000000000000        325.00000000000000        0.0000000000000000     
   325.00000000000000        0.0000000000000000        0.0000000000000000       -325.00000000000000        0.0000000000000000     
   266.46042933775391        42.521155700075333       -211.82728993039044       -155.94599460241486        1.7769999999999999     
   88.453158298111873       -29.427331987169062        81.768545149912299       -16.393310833828803        1.7769999999999999     
   150.03582763931865       -57.226399430956661        134.40213463036307        34.233828158500060        0.0000000000000000     
   145.05058472481556        44.132575718050497       -4.3433898498850079        138.10547727774377        0.0000000000000000     

 PASSED   1.0000000000000001E-005
 MU_R    =    325.00000000000000     
 ALPHA_S =   0.11799999999999999     
 BORN                    1.1969029016482887E-011
 SINGLE POLE (MadFKS)   -1.9236298419743159E-012
 DOUBLE POLE (MadFKS)   -1.1988360297283317E-012
 SINGLE POLE (MadLoop)  -1.9236298419744407E-012
 DOUBLE POLE (MadLoop)  -1.1988360297283323E-012
 FINITE PART (MadLoop)   6.6108017760587646E-013
   325.00000000000000        0.0000000000000000        0.0000000000000000        325.00000000000000        0.0000000000000000     
   325.00000000000000        0.0000000000000000        0.0000000000000000       -325.00000000000000        0.0000000000000000     
Thanks for using LHAPDF 6.2.1. Please make sure to cite the paper:
  Eur.Phys.J. C75 (2015) 3, 132  (http://arxiv.org/abs/1412.7420)
   146.59819152033830        134.02921538562336       -4.2566505004409256       -59.210829901843745        1.7769999999999999     
   173.93884683399389       -46.325855800751576        125.87530479359242        110.72889160642680        1.7769999999999999     
   93.852111536222466        45.548988766675663        72.277809199345072       -38.851341797727791        0.0000000000000000     
   235.61085010945024       -133.25234835154762       -193.89646349249651       -12.666719906855162        0.0000000000000000     

 PASSED   1.0000000000000001E-005
 MU_R    =    325.00000000000000     
 ALPHA_S =   0.11799999999999999     
 BORN                    1.1954308054780447E-010
 SINGLE POLE (MadFKS)   -3.0277967970777584E-011
 DOUBLE POLE (MadFKS)   -1.1973615559630135E-011
 SINGLE POLE (MadLoop)  -3.0277967970779949E-011
 DOUBLE POLE (MadLoop)  -1.1973615559630429E-011
 FINITE PART (MadLoop)  -1.3129103264093072E-011
   325.00000000000000        0.0000000000000000        0.0000000000000000        325.00000000000000        0.0000000000000000     
   325.00000000000000        0.0000000000000000        0.0000000000000000       -325.00000000000000        0.0000000000000000     
   133.25487851198872        6.8775027640261674        22.170069050482098       -131.20553689639982        1.7769999999999999     
   194.77799316264046       -110.78654858691270       -113.93798532470356       -112.60455161232544        1.7769999999999999     
   273.82188285408955        77.418437570366464        129.04714012766726        228.76110831780872        0.0000000000000000     
   48.145245471286259        26.490608252520140       -37.279223853445814        15.048980190916549        0.0000000000000000     

 PASSED   1.0000000000000001E-005
 MU_R    =    325.00000000000000     
 ALPHA_S =   0.11799999999999999     
 BORN                    3.9713634758003093E-011
 SINGLE POLE (MadFKS)   -6.5593218723760908E-012
 DOUBLE POLE (MadFKS)   -3.9777776588059268E-012
 SINGLE POLE (MadLoop)  -6.5593218723761127E-012
 DOUBLE POLE (MadLoop)  -3.9777776588058848E-012
 FINITE PART (MadLoop)  -5.9373036144847365E-013
   325.00000000000000        0.0000000000000000        0.0000000000000000        325.00000000000000        0.0000000000000000     
   325.00000000000000        0.0000000000000000        0.0000000000000000       -325.00000000000000        0.0000000000000000     
   78.082568688738561        5.8891779626500922       -77.566488458521945       -6.5182248480546328        1.7769999999999999     
   171.88765206625007        52.458306114567186        7.8301314086499687       -163.49012926033757        1.7769999999999999     
   242.04754781758820        30.493448472881717        196.41965182258335        138.11765051083978        0.0000000000000000     
   157.98223142742313       -88.840932550098970       -126.68329477271145        31.890703597552335        0.0000000000000000     

 PASSED   1.0000000000000001E-005
 MU_R    =    325.00000000000000     
 ALPHA_S =   0.11799999999999999     
 BORN                    2.9377944427626633E-011
 SINGLE POLE (MadFKS)   -3.5353259500814718E-012
 DOUBLE POLE (MadFKS)   -2.9425392996118513E-012
 SINGLE POLE (MadLoop)  -3.5353259500815699E-012
 DOUBLE POLE (MadLoop)  -2.9425392996118872E-012
 FINITE PART (MadLoop)  -6.9155260946189790E-013
   325.00000000000000        0.0000000000000000        0.0000000000000000        325.00000000000000        0.0000000000000000     
   325.00000000000000        0.0000000000000000        0.0000000000000000       -325.00000000000000        0.0000000000000000     
   113.26972656519588       -67.857142098529849        76.374329982806287        48.879885567087683        1.7769999999999999     
   137.72645600588581        105.34721990351807        88.690139095215983       -1.2006001883437070        1.7769999999999999     
   209.10971475349777       -136.43539201140510       -41.756314893444703       -152.86813525880046        0.0000000000000000     
   189.89410267542056        98.945314206416853       -123.30815418457755        105.18884988005648        0.0000000000000000     

 PASSED   1.0000000000000001E-005
 MU_R    =    325.00000000000000     
 ALPHA_S =   0.11799999999999999     
 BORN                    2.4195078886995261E-011
 SINGLE POLE (MadFKS)   -4.6962949745092218E-012
 DOUBLE POLE (MadFKS)   -2.4234156565168565E-012
 SINGLE POLE (MadLoop)  -4.6962949745092767E-012
 DOUBLE POLE (MadLoop)  -2.4234156565168541E-012
 FINITE PART (MadLoop)  -1.1864317705440574E-012
   325.00000000000000        0.0000000000000000        0.0000000000000000        325.00000000000000        0.0000000000000000     
   325.00000000000000        0.0000000000000000        0.0000000000000000       -325.00000000000000        0.0000000000000000     
   282.42467995762229        113.15488774698102       -213.61629394846381        146.02942326413890        1.7769999999999999     
   56.752806595441399        1.0769671235581448       -25.163720226182939       -50.826672659665057        1.7769999999999999     
   48.743602050182233       -46.369620072869033       -1.3089011271260893       -14.969430615882427        0.0000000000000000     
   262.07891139675405       -67.862234797670155        240.08891530177286       -80.233319988591418        0.0000000000000000     

 PASSED   1.0000000000000001E-005
 MU_R    =    325.00000000000000     
 ALPHA_S =   0.11799999999999999     
 BORN                    1.4029202277918936E-010
 SINGLE POLE (MadFKS)   -2.2853689933294212E-011
 DOUBLE POLE (MadFKS)   -1.4051860962116877E-011
 SINGLE POLE (MadLoop)  -2.2853689933293956E-011
 DOUBLE POLE (MadLoop)  -1.4051860962116945E-011
 FINITE PART (MadLoop)  -8.0510561631861294E-012
   325.00000000000000        0.0000000000000000        0.0000000000000000        325.00000000000000        0.0000000000000000     
   325.00000000000000        0.0000000000000000        0.0000000000000000       -325.00000000000000        0.0000000000000000     
   184.40943310194311        149.25159060297483       -77.503689735001871       -75.636116161015309        1.7769999999999999     
   128.32432191725454        30.742720789112056       -123.33454811728704       -17.534201598888931        1.7769999999999999     
   56.530474583136311       -40.820330341669127       -4.1079763834894205       -38.891126461242031        0.0000000000000000     
   280.73577039767218       -139.17398105041778        204.94621423577834        132.06144422114630        0.0000000000000000     

 PASSED   1.0000000000000001E-005
 MU_R    =    325.00000000000000     
 ALPHA_S =   0.11799999999999999     
 BORN                    9.7098387602416818E-010
 SINGLE POLE (MadFKS)   -1.3890379821636280E-010
 DOUBLE POLE (MadFKS)   -9.7255212035996726E-011
 SINGLE POLE (MadLoop)  -1.3890379821660137E-010
 DOUBLE POLE (MadLoop)  -9.7255212036107207E-011
 FINITE PART (MadLoop)  -7.6183277022182115E-011
   325.00000000000000        0.0000000000000000        0.0000000000000000        325.00000000000000        0.0000000000000000     
   325.00000000000000        0.0000000000000000        0.0000000000000000       -325.00000000000000        0.0000000000000000     
   190.62224150145343        169.21292610642936        87.738538965055355       -1.6172955252333348        1.7769999999999999     
   69.855610827017557        33.026672770895175        49.024610696925031        37.181649596472774        1.7769999999999999     
   274.58124540968720       -168.81885780733322       -163.22909006745297       -142.30712468149122        0.0000000000000000     
   114.94090226184186       -33.420741069991571        26.465940405472789        106.74277061025171        0.0000000000000000     

 NUMBER OF POINTS PASSING THE CHECK          20
 NUMBER OF POINTS FAILING THE CHECK           0
 TOLERANCE    1.0000000000000001E-005
