==== LHAPDF6 USING DEFAULT-TYPE LHAGLUE INTERFACE ====
LHAPDF 6.2.1 loading /cvmfs/cms.cern.ch/slc6_amd64_gcc481/external/lhapdf/6.2.1/share/LHAPDF/NNPDF31_nnlo_hessian_pdfas/NNPDF31_nnlo_hessian_pdfas_0000.dat
NNPDF31_nnlo_hessian_pdfas PDF set, member #0, version 1; LHAPDF ID = 306000
 A PDF is used, so alpha_s(MZ) is going to be modified
 Old value of alpha_s from param_card:   0.11799999999999999     
 New value of alpha_s from PDF lhapdf :  0.11800208008122040     
 using LHAPDF
 *****************************************************
 *               MadGraph/MadEvent                   *
 *        --------------------------------           *
 *          http://madgraph.hep.uiuc.edu             *
 *          http://madgraph.phys.ucl.ac.be           *
 *          http://madgraph.roma2.infn.it            *
 *        --------------------------------           *
 *                                                   *
 *          PARAMETER AND COUPLING VALUES            *
 *                                                   *
 *****************************************************

  External Params
  ---------------------------------
  
 MU_R =    91.188000000000002     
 aEWM1 =    132.50700000000001     
 mdl_Gf =    1.1663900000000000E-005
 aS =   0.11799999999999999     
 mdl_lamWS =   0.22530000000000000     
 mdl_AWS =   0.80800000000000005     
 mdl_rhoWS =   0.13200000000000001     
 mdl_etaWS =   0.34100000000000003     
 mdl_ymt =    173.00000000000000     
 mdl_ymtau =    1.7769999999999999     
 mdl_MT =    173.00000000000000     
 mdl_MZ =    91.188000000000002     
 mdl_MH =    125.00000000000000     
 mdl_MTA =    1.7769999999999999     
 mdl_WT =    1.4915000000000000     
 mdl_WZ =    2.4414039999999999     
 mdl_WW =    2.0476000000000001     
 mdl_WH =    6.3823389999999999E-003
  Internal Params
  ---------------------------------
  
 mdl_CKM33 =    1.0000000000000000     
 mdl_conjg__CKM3x3 =    1.0000000000000000     
 mdl_I4x33 =    0.0000000000000000     
 mdl_I1x33 =    0.0000000000000000     
 mdl_lhv =    1.0000000000000000     
 mdl_CKM3x3 =    1.0000000000000000     
 mdl_conjg__CKM33 =    1.0000000000000000     
 mdl_Ncol =    3.0000000000000000     
 mdl_CA =    3.0000000000000000     
 mdl_TF =   0.50000000000000000     
 mdl_CF =    1.3333333333333333     
 mdl_lamWS__exp__2 =    5.0760090000000001E-002
 mdl_CKM11 =  ( 0.97461995499999998     ,  0.0000000000000000     )
 mdl_CKM12 =  ( 0.22530000000000000     ,  0.0000000000000000     )
 mdl_complexi =  (  0.0000000000000000     ,  1.0000000000000000     )
 mdl_lamWS__exp__3 =    1.1436248277000001E-002
 mdl_CKM13 =  (  1.2197444962317122E-003, -3.1510066152652563E-003)
 mdl_CKM21 =  (-0.22530000000000000     ,  0.0000000000000000     )
 mdl_CKM22 =  ( 0.97461995499999998     ,  0.0000000000000000     )
 mdl_CKM23 =  (  4.1014152720000002E-002,  0.0000000000000000     )
 mdl_CKM31 =  (  8.0207441115842885E-003, -3.1510066152652563E-003)
 mdl_CKM32 =  ( -4.1014152720000002E-002,  0.0000000000000000     )
 mdl_MZ__exp__2 =    8315.2513440000002     
 mdl_MZ__exp__4 =    69143404.913893804     
 mdl_sqrt__2 =    1.4142135623730951     
 mdl_MH__exp__2 =    15625.000000000000     
 mdl_CKM1x1 =  ( 0.97461995499999998     ,  0.0000000000000000     )
 mdl_CKM1x2 =  ( 0.22530000000000000     ,  0.0000000000000000     )
 mdl_CKM1x3 =  (  1.2197444962317122E-003, -3.1510066152652563E-003)
 mdl_CKM2x1 =  (-0.22530000000000000     ,  0.0000000000000000     )
 mdl_CKM2x2 =  ( 0.97461995499999998     ,  0.0000000000000000     )
 mdl_CKM2x3 =  (  4.1014152720000002E-002,  0.0000000000000000     )
 mdl_CKM3x1 =  (  8.0207441115842885E-003, -3.1510066152652563E-003)
 mdl_CKM3x2 =  ( -4.1014152720000002E-002,  0.0000000000000000     )
 mdl_conjg__CKM1x3 =  (  1.2197444962317122E-003,  3.1510066152652563E-003)
 mdl_conjg__CKM2x3 =  (  4.1014152720000002E-002, -0.0000000000000000     )
 mdl_conjg__CKM2x1 =  (-0.22530000000000000     , -0.0000000000000000     )
 mdl_conjg__CKM3x1 =  (  8.0207441115842885E-003,  3.1510066152652563E-003)
 mdl_conjg__CKM2x2 =  ( 0.97461995499999998     , -0.0000000000000000     )
 mdl_conjg__CKM3x2 =  ( -4.1014152720000002E-002, -0.0000000000000000     )
 mdl_Ncol__exp__2 =    9.0000000000000000     
 mdl_MT__exp__2 =    29929.000000000000     
 mdl_conjg__CKM11 =  ( 0.97461995499999998     , -0.0000000000000000     )
 mdl_conjg__CKM12 =  ( 0.22530000000000000     , -0.0000000000000000     )
 mdl_conjg__CKM13 =  (  1.2197444962317122E-003,  3.1510066152652563E-003)
 mdl_conjg__CKM21 =  (-0.22530000000000000     , -0.0000000000000000     )
 mdl_conjg__CKM22 =  ( 0.97461995499999998     , -0.0000000000000000     )
 mdl_conjg__CKM23 =  (  4.1014152720000002E-002, -0.0000000000000000     )
 mdl_conjg__CKM31 =  (  8.0207441115842885E-003,  3.1510066152652563E-003)
 mdl_conjg__CKM32 =  ( -4.1014152720000002E-002, -0.0000000000000000     )
 mdl_aEW =    7.5467711139788835E-003
 mdl_MW =    80.419002445756163     
 mdl_sqrt__aEW =    8.6872153846781555E-002
 mdl_ee =   0.30795376724436879     
 mdl_MW__exp__2 =    6467.2159543705357     
 mdl_sw2 =   0.22224648578577766     
 mdl_cw =   0.88190334743339216     
 mdl_sqrt__sw2 =   0.47143025548407230     
 mdl_sw =   0.47143025548407230     
 mdl_g1 =   0.34919219678733299     
 mdl_gw =   0.65323293034757990     
 mdl_v =    246.21845810181637     
 mdl_v__exp__2 =    60623.529110035903     
 mdl_lam =   0.12886910601690263     
 mdl_yt =   0.99366614581500623     
 mdl_ytau =    1.0206617000654717E-002
 mdl_muH =    88.388347648318430     
 mdl_AxialZUp =  -0.18517701861793787     
 mdl_AxialZDown =   0.18517701861793787     
 mdl_VectorZUp =    7.5430507588273299E-002
 mdl_VectorZDown =  -0.13030376310310560     
 mdl_VectorAUp =   0.20530251149624587     
 mdl_VectorADown =  -0.10265125574812294     
 mdl_VectorWmDxU =   0.23095271737156670     
 mdl_AxialWmDxU =  -0.23095271737156670     
 mdl_VectorWpUxD =   0.23095271737156670     
 mdl_AxialWpUxD =  -0.23095271737156670     
 mdl_I2x13 =  (  7.9699418879263656E-003,  3.1310485988282153E-003)
 mdl_I2x23 =  ( -4.0754375057150453E-002, -0.0000000000000000     )
 mdl_I2x33 =  ( 0.99366614581500623     ,  0.0000000000000000     )
 mdl_I3x31 =  (  7.9699418879263656E-003, -3.1310485988282153E-003)
 mdl_I3x32 =  ( -4.0754375057150453E-002,  0.0000000000000000     )
 mdl_I3x33 =  ( 0.99366614581500623     ,  0.0000000000000000     )
 mdl_Vector_tdGp =  ( -7.9699418879263656E-003, -3.1310485988282153E-003)
 mdl_Vector_tsGp =  (  4.0754375057150453E-002,  0.0000000000000000     )
 mdl_Vector_tbGp =  (-0.99366614581500623     ,  0.0000000000000000     )
 mdl_Axial_tdGp =  ( -7.9699418879263656E-003, -3.1310485988282153E-003)
 mdl_Axial_tsGp =  (  4.0754375057150453E-002,  0.0000000000000000     )
 mdl_Axial_tbGp =  (-0.99366614581500623     , -0.0000000000000000     )
 mdl_Vector_tdGm =  (  7.9699418879263656E-003, -3.1310485988282153E-003)
 mdl_Vector_tsGm =  ( -4.0754375057150453E-002,  0.0000000000000000     )
 mdl_Vector_tbGm =  ( 0.99366614581500623     ,  0.0000000000000000     )
 mdl_Axial_tdGm =  ( -7.9699418879263656E-003,  3.1310485988282153E-003)
 mdl_Axial_tsGm =  (  4.0754375057150453E-002, -0.0000000000000000     )
 mdl_Axial_tbGm =  (-0.99366614581500623     ,  0.0000000000000000     )
 mdl_gw__exp__2 =   0.42671326129048615     
 mdl_cw__exp__2 =   0.77775351421422245     
 mdl_ee__exp__2 =    9.4835522759998875E-002
 mdl_sw__exp__2 =   0.22224648578577769     
 mdl_yt__exp__2 =   0.98737240933884918     
  Internal Params evaluated point by point
  ----------------------------------------
  
 mdl_sqrt__aS =   0.34351128074635334     
 mdl_G__exp__4 =    2.1987899468922913     
 mdl_G__exp__2 =    1.4828317324943823     
 mdl_R2MixedFactor_FIN_ =   -2.5040377713124864E-002
 mdl_G_UVg_1EPS_ =   -5.1645779033320030E-002
 mdl_G_UVq_1EPS_ =    3.1300472141406080E-003
 mdl_G_UVb_1EPS_ =    3.1300472141406080E-003
 mdl_GWcft_UV_t_1EPS_ =   -3.1300472141406080E-003
 mdl_tWcft_UV_1EPS_ =   -1.8780283284843650E-002
 mdl_G__exp__3 =    1.8056676068262196     
 mdl_MU_R__exp__2 =    8315.2513440000002     
 mdl_G_UVt_FIN_ =   -4.0087659331150384E-003
 mdl_GWcft_UV_t_FIN_ =    4.0087659331150384E-003
 mdl_tWcft_UV_FIN_ =   -9.8778211443463623E-004
  Couplings of loop_sm-ckm_no_b_mass
  ---------------------------------
  
       UV_3Gt =   0.48815E-02   0.00000E+00
      UV_GQQt =   0.00000E+00  -0.48815E-02
   UVWfct_G_2 =   0.40088E-02   0.00000E+00
       R2_DDA =   0.00000E+00   0.25704E-02
       R2_UUA =  -0.00000E+00  -0.51409E-02
    R2_DDZ_V2 =   0.00000E+00   0.72127E-02
    R2_UUZ_V2 =  -0.00000E+00  -0.72127E-02
    R2_UUZ_V5 =   0.00000E+00   0.68702E-03
      R2_GGHt =   0.00000E+00  -0.45657E+01
     R2_GGZup =  -0.46369E-02   0.00000E+00
   R2_GGZdown =   0.46369E-02   0.00000E+00
 R2_GGGZvecUp =   0.00000E+00   0.28750E-03
 R2_GGGZvecDown  -0.00000E+00  -0.49665E-03
 R2_GGGZaxialUp  -0.00000E+00  -0.63522E-02
 R2_GGGZaxialDow  0.00000E+00   0.63522E-02
 R2_GGGAvecUp =   0.00000E+00   0.78251E-03
 R2_GGGAvecDown  -0.00000E+00  -0.39126E-03
         GC_4 =  -0.12177E+01   0.00000E+00
         GC_5 =   0.00000E+00   0.12177E+01
         GC_6 =   0.00000E+00   0.14828E+01
       R2_3Gq =   0.76230E-02   0.00000E+00
       R2_3Gg =   0.31445E-01   0.00000E+00
       R2_GQQ =  -0.00000E+00  -0.30492E-01
       R2_GGq =   0.00000E+00   0.62601E-02
       R2_GGt =  -0.00000E+00  -0.11242E+04
     R2_GGg_1 =   0.00000E+00   0.28170E-01
     R2_GGg_2 =  -0.00000E+00  -0.18780E-01
       R2_QQq =   0.00000E+00   0.12520E-01
  UV_3Gg_1eps =   0.62890E-01   0.00000E+00
  UV_3Gb_1eps =  -0.38115E-02   0.00000E+00
 UV_GQQg_1eps =   0.00000E+00  -0.62890E-01
 UV_GQQq_1eps =   0.00000E+00   0.38115E-02
 UVWfct_G_2_1eps -0.31300E-02   0.00000E+00
         GC_1 =  -0.00000E+00  -0.10265E+00
         GC_2 =   0.00000E+00   0.20530E+00
        GC_21 =  -0.00000E+00  -0.28804E+00
        GC_22 =   0.00000E+00   0.28804E+00
        GC_23 =  -0.00000E+00  -0.27437E-01
        GC_24 =   0.00000E+00   0.82310E-01
        GC_37 =  -0.00000E+00  -0.70263E+00
        GC_38 =  -0.00000E+00  -0.72172E-02
      GC_1003 =  -0.00000E+00  -0.30795E+00

 Collider parameters:
 --------------------

 Running at P P   machine @    13000.000000000000       GeV
 PDF set = lhapdf 
 alpha_s(Mz)= 0.1180 running at 3 loops.
 alpha_s(Mz)= 0.1180 running at 3 loops.
 Renormalization scale set on event-by-event basis
 Factorization   scale set on event-by-event basis


 ===============================================================
 INFO: MadFKS read these parameters from FKS_params.dat
 ===============================================================
  > IRPoleCheckThreshold      =    1.0000000000000001E-005
  > PrecisionVirtualAtRunTime =    1.0000000000000000E-003
  > NHelForMCoverHels         =            4
  > VirtualFraction           =    1.0000000000000000     
  > MinVirtualFraction        =    5.0000000000000001E-003
 ===============================================================
  Insert the number of points to test
 Insert the relative tolerance
  A negative number will mean use the default one:    1.0000000000000001E-005
Using random seed offsets:     0 ,     99 ,      0
  with seed                   32
 Ranmar initialization seeds       10729        9505
  ========================================================================================== 
 {                                                                                          }
 {       [32m                                                                            [0m       }
 {       [32m                               ,,                                           [0m       }
 {       [32m`7MMM.     ,MMF'             `7MM  `7MMF'                                   [0m       }
 {       [32m  MMMb    dPMM                 MM    MM                                     [0m       }
 {       [32m  M YM   ,M MM   ,6"Yb.   ,M""bMM    MM         ,pW"Wq.   ,pW"Wq.`7MMpdMAo. [0m       }
 {       [32m  M  Mb  M' MM  8)   MM ,AP    MM    MM        6W'   `Wb 6W'   `Wb MM   `Wb [0m       }
 {       [32m  M  YM.P'  MM   ,pm9MM 8MI    MM    MM      , 8M     M8 8M     M8 MM    M8 [0m       }
 {       [32m  M  `YM'   MM  8M   MM `Mb    MM    MM     ,M YA.   ,A9 YA.   ,A9 MM   ,AP [0m       }
 {       [32m.JML. `'  .JMML.`Moo9^Yo.`Wbmd"MML..JMMmmmmMMM  `Ybmd9'   `Ybmd9'  MMbmmd'  [0m       }
 {       [32m                                                                   MM       [0m       }
 {       [32m                                                                 .JMML.     [0m       }
 {       [32m[0mv2.4.2 (2016-06-10), Ref: arXiv:1103.0621v2, arXiv:1405.0301[32m                [0m       }
 {       [32m                                                                            [0m       }
 {                                                                                          }
  ========================================================================================== 
 ===============================================================
 INFO: MadLoop read these parameters from ./MadLoop5_resources/MadLoopParams.dat                                                                                                                                                                                                                                                                                                                                                                                                                                                                                          
 ===============================================================
  > MLReductionLib            = 6|1|2
  > IREGIMODE                 =            2
  > IREGIRECY                 =  T
  > CTModeRun                 =           -1
  > MLStabThres               =    1.0000000000000000E-003
  > NRotations_DP             =            1
  > NRotations_QP             =            0
  > CTStabThres               =    1.0000000000000000E-002
  > CTLoopLibrary             =            2
  > CTModeInit                =            1
  > CheckCycle                =            3
  > MaxAttempts               =           10
  > UseLoopFilter             =  F
  > HelicityFilterLevel       =            2
  > ImprovePSPoint            =            2
  > DoubleCheckHelicityFilter =  T
  > LoopInitStartOver         =  F
  > HelInitStartOver          =  F
  > ZeroThres                 =    1.0000000000000001E-009
  > OSThres                   =    1.0000000000000000E-008
  > WriteOutFilters           =  T
  > UseQPIntegrandForNinja    =  F
  > UseQPIntegrandForCutTools =  T
 ===============================================================
  
------------------------------------------------------------------------
|              You are using CutTools - Version 1.9.3                  |
|              Authors: G. Ossola, C. Papadopoulos, R. Pittau          |
|              Published in JHEP 0803:042,2008                         |
|              http://www.ugr.es/~pittau/CutTools                      |
|                                                                      |
|              Compiler with  34  significant digits detetected        |
 ---------------------------------------------------------------------- 
   
########################################################################
#                                                                      #
#                      You are using OneLOop-3.6                       #
#                                                                      #
# for the evaluation of 1-loop scalar 1-, 2-, 3- and 4-point functions #
#                                                                      #
# author: Andreas van Hameren <hamerenREMOVETHIS@ifj.edu.pl>           #
#   date: 18-02-2015                                                   #
#                                                                      #
# Please cite                                                          #
#    A. van Hameren,                                                   #
#      Comput.Phys.Commun. 182 (2011) 2427-2438, arXiv:1007.4716       #
#    A. van Hameren, C.G. Papadopoulos and R. Pittau,                  #
#      JHEP 0909:106,2009, arXiv:0903.4665                             #
# in publications with results obtained with the help of this program. #
#                                                                      #
########################################################################
 PASSED   1.0000000000000001E-005
 MU_R    =    325.00000000000000     
 ALPHA_S =   0.11799999999999999     
 BORN                    8.1939757634630514E-010
 SINGLE POLE (MadFKS)   -4.9256067718353607E-011
 DOUBLE POLE (MadFKS)   -8.2072099235722199E-011
 SINGLE POLE (MadLoop)  -4.9256067718346764E-011
 DOUBLE POLE (MadLoop)  -8.2072099235722678E-011
 FINITE PART (MadLoop)   7.8893991901742071E-010
   325.00000000000000        0.0000000000000000        0.0000000000000000        325.00000000000000        0.0000000000000000     
   325.00000000000000        0.0000000000000000        0.0000000000000000       -325.00000000000000        0.0000000000000000     
   170.36695112210876        14.009890756278264        9.1473571910843408        169.54334800297792        0.0000000000000000     
   153.76958297886196       -148.19088746991639       -5.3194902326608320       -40.697033602417676        0.0000000000000000     
   109.88420917061404        76.085317644751314       -4.1570006162265862        79.172490233825840        0.0000000000000000     
   215.97925672841527        58.095679068886845       0.32913365780306519       -208.01880463438616        0.0000000000000000     

 PASSED   1.0000000000000001E-005
 MU_R    =    325.00000000000000     
 ALPHA_S =   0.11799999999999999     
 BORN                    6.6101190395226577E-012
 SINGLE POLE (MadFKS)   -7.0423448390286050E-013
 DOUBLE POLE (MadFKS)   -6.6207950991346203E-013
 SINGLE POLE (MadLoop)  -7.0423448390282627E-013
 DOUBLE POLE (MadLoop)  -6.6207950991346283E-013
 FINITE PART (MadLoop)   3.9719201336333903E-012
   325.00000000000000        0.0000000000000000        0.0000000000000000        325.00000000000000        0.0000000000000000     
   325.00000000000000        0.0000000000000000        0.0000000000000000       -325.00000000000000        0.0000000000000000     
   184.78032784174138        30.434887186338958       -176.78036009495594        44.341757790529400        0.0000000000000000     
   195.91891541687065       -10.215990032566326        169.74776178806184       -97.291070164331344        0.0000000000000000     
   116.53266927267967        27.437404136164421        93.890081350493404       -63.338017699342785        0.0000000000000000     
   152.76808746870827       -47.656301289937055       -86.857483043599288        116.28733007314473        0.0000000000000000     

 PASSED   1.0000000000000001E-005
 MU_R    =    325.00000000000000     
 ALPHA_S =   0.11799999999999999     
 BORN                    2.8558129035976067E-011
 SINGLE POLE (MadFKS)   -4.9529189413189895E-012
 DOUBLE POLE (MadFKS)   -2.8604253513639969E-012
 SINGLE POLE (MadLoop)  -4.9529189413190962E-012
 DOUBLE POLE (MadLoop)  -2.8604253513640058E-012
 FINITE PART (MadLoop)   2.0657897823846558E-012
   325.00000000000000        0.0000000000000000        0.0000000000000000        325.00000000000000        0.0000000000000000     
   325.00000000000000        0.0000000000000000        0.0000000000000000       -325.00000000000000        0.0000000000000000     
   153.91627764948274        111.60034268371811        52.298235236463952       -92.198040269307413        0.0000000000000000     
   209.83423430912072        129.51634210123305       -39.027325448655688        160.41443477797142        0.0000000000000000     
   255.78449629586729       -242.68938215442464        15.030119534428559       -79.383045051289173        0.0000000000000000     
   30.464991745529229        1.5726973694734747       -28.301029322236786        11.166650542625145        0.0000000000000000     

 PASSED   1.0000000000000001E-005
 MU_R    =    325.00000000000000     
 ALPHA_S =   0.11799999999999999     
 BORN                    1.2931487990559695E-011
 SINGLE POLE (MadFKS)   -1.7097436585078919E-012
 DOUBLE POLE (MadFKS)   -1.2952373747054114E-012
 SINGLE POLE (MadLoop)  -1.7097436585078790E-012
 DOUBLE POLE (MadLoop)  -1.2952373747054108E-012
 FINITE PART (MadLoop)   5.7127063013166248E-012
   325.00000000000000        0.0000000000000000        0.0000000000000000        325.00000000000000        0.0000000000000000     
   325.00000000000000        0.0000000000000000        0.0000000000000000       -325.00000000000000        0.0000000000000000     
   99.409278805093962        74.735059194396726       -63.143560123483276       -17.600183370947526        0.0000000000000000     
   251.58007074480730       -141.23635635978633        207.84735570831097        12.012508615461421        0.0000000000000000     
   216.84651782656871        38.307872226545605       -210.62113470671525       -34.549339123038543        0.0000000000000000     
   82.164132623530023        28.193424938844011        65.917339121887480        40.137013878524620        0.0000000000000000     

 PASSED   1.0000000000000001E-005
 MU_R    =    325.00000000000000     
 ALPHA_S =   0.11799999999999999     
 BORN                    4.1371448677171716E-011
 SINGLE POLE (MadFKS)   -4.1614957208203718E-012
 DOUBLE POLE (MadFKS)   -4.1438268056621590E-012
 SINGLE POLE (MadLoop)  -4.1614957208205067E-012
 DOUBLE POLE (MadLoop)  -4.1438268056621687E-012
 FINITE PART (MadLoop)   2.1315601235666142E-011
   325.00000000000000        0.0000000000000000        0.0000000000000000        325.00000000000000        0.0000000000000000     
   325.00000000000000        0.0000000000000000        0.0000000000000000       -325.00000000000000        0.0000000000000000     
   148.06248406927762        34.990607288561456       -45.239301985343140       -136.57072214139345        0.0000000000000000     
   211.72655197821666       -160.17679666444602        11.834573990522482        137.95459209958904        0.0000000000000000     
   92.390717681362290       -47.677544178326201       -24.882187515222864        75.125050677242314        0.0000000000000000     
   197.82024627114350        172.86373355421074        58.286915510043549       -76.508920635437889        0.0000000000000000     

 PASSED   1.0000000000000001E-005
 MU_R    =    325.00000000000000     
 ALPHA_S =   0.11799999999999999     
 BORN                    1.1854653955542567E-011
 SINGLE POLE (MadFKS)   -2.3866291233222517E-012
 DOUBLE POLE (MadFKS)   -1.1873800508207025E-012
 SINGLE POLE (MadLoop)  -2.3866291233223495E-012
 DOUBLE POLE (MadLoop)  -1.1873800508207003E-012
 FINITE PART (MadLoop)   1.8137488305810990E-012
   325.00000000000000        0.0000000000000000        0.0000000000000000        325.00000000000000        0.0000000000000000     
   325.00000000000000        0.0000000000000000        0.0000000000000000       -325.00000000000000        0.0000000000000000     
   167.50250850448265       -144.32269522696546        34.171563982672922        77.848276876863551        0.0000000000000000     
   215.44253108473421        20.408183682205816       -212.53548744070824       -28.769025310749324        0.0000000000000000     
   231.01608665108324        97.450606351752739        201.99990359182934       -55.388180708055110        0.0000000000000000     
   36.038873759700017        26.463905193006912       -23.635980133794014        6.3089291419408822        0.0000000000000000     

 PASSED   1.0000000000000001E-005
 MU_R    =    325.00000000000000     
 ALPHA_S =   0.11799999999999999     
 BORN                    1.3533241970761771E-011
 SINGLE POLE (MadFKS)   -3.0706848038249041E-012
 DOUBLE POLE (MadFKS)   -1.3555099625239563E-012
 SINGLE POLE (MadLoop)  -3.0706848038247975E-012
 DOUBLE POLE (MadLoop)  -1.3555099625239573E-012
 FINITE PART (MadLoop)   2.9750921007177896E-012
   325.00000000000000        0.0000000000000000        0.0000000000000000        325.00000000000000        0.0000000000000000     
   325.00000000000000        0.0000000000000000        0.0000000000000000       -325.00000000000000        0.0000000000000000     
   268.35076179985458       -150.24706403380199        174.18753445825044       -138.19064348623817        0.0000000000000000     
   244.76380025608577        26.978730388969215       -193.59140489195798        147.32221140872923        0.0000000000000000     
   38.420676106504125        26.984590848873651        7.8505846604345875       -26.198254325224241        0.0000000000000000     
   98.464761837555642        96.283742795959085        11.553285773272931        17.066686402733190        0.0000000000000000     

 PASSED   1.0000000000000001E-005
 MU_R    =    325.00000000000000     
 ALPHA_S =   0.11799999999999999     
 BORN                    2.5819417814208447E-011
 SINGLE POLE (MadFKS)   -3.7036811095482682E-012
 DOUBLE POLE (MadFKS)   -2.5861118976030572E-012
 SINGLE POLE (MadLoop)  -3.7036811095481923E-012
 DOUBLE POLE (MadLoop)  -2.5861118976030661E-012
 FINITE PART (MadLoop)   1.3223250922275733E-011
   325.00000000000000        0.0000000000000000        0.0000000000000000        325.00000000000000        0.0000000000000000     
   325.00000000000000        0.0000000000000000        0.0000000000000000       -325.00000000000000        0.0000000000000000     
   154.92515375474426        124.05723213243364       -29.817915083781600       -87.877746680413892        0.0000000000000000     
   173.46361683067224       -133.40827049401301        106.99966783669105       -29.033270752919222        0.0000000000000000     
   181.34061951085860       -70.754908756242401       -162.26948965418964        39.329071929638026        0.0000000000000000     
   140.27060990372519        80.105947117821799        85.087736901280067        77.581945503695053        0.0000000000000000     

 PASSED   1.0000000000000001E-005
 MU_R    =    325.00000000000000     
 ALPHA_S =   0.11799999999999999     
 BORN                    4.0244751664242831E-011
 SINGLE POLE (MadFKS)   -3.4691117442648880E-012
 DOUBLE POLE (MadFKS)   -4.0309751305742040E-012
 SINGLE POLE (MadLoop)  -3.4691117442646687E-012
 DOUBLE POLE (MadLoop)  -4.0309751305741967E-012
 FINITE PART (MadLoop)   1.9280242645791531E-011
   325.00000000000000        0.0000000000000000        0.0000000000000000        325.00000000000000        0.0000000000000000     
   325.00000000000000        0.0000000000000000        0.0000000000000000       -325.00000000000000        0.0000000000000000     
   123.58912137614544       -103.15190075147531       -61.429172546457409        29.332798266496415        0.0000000000000000     
   179.05113149940175       -67.644865703392298        146.77038142943562       -77.083947552289089        0.0000000000000000     
   102.26222816796869       -36.686747694654841       -53.796295889354973       -78.851787564083764        0.0000000000000000     
   245.09751895648429        207.48351414952245       -31.544912993623281        126.60293684987646        0.0000000000000000     

 PASSED   1.0000000000000001E-005
 MU_R    =    325.00000000000000     
 ALPHA_S =   0.11799999999999999     
 BORN                    1.5233513327012527E-011
 SINGLE POLE (MadFKS)   -2.6137414785977988E-012
 DOUBLE POLE (MadFKS)   -1.5258117104252603E-012
 SINGLE POLE (MadLoop)  -2.6137414785976470E-012
 DOUBLE POLE (MadLoop)  -1.5258117104252453E-012
 FINITE PART (MadLoop)   5.9271803578782774E-012
   325.00000000000000        0.0000000000000000        0.0000000000000000        325.00000000000000        0.0000000000000000     
   325.00000000000000        0.0000000000000000        0.0000000000000000       -325.00000000000000        0.0000000000000000     
   79.736009258165410       -61.821194404960359        48.064413018563009       -15.026087180078740        0.0000000000000000     
   297.40145115070129        45.778627806863469       -274.10325369423890        105.92141755516354        0.0000000000000000     
   208.92471860064961       -23.523333246791250        202.28916017777362       -46.639966872759061        0.0000000000000000     
   63.937820990483729        39.565899844888158        23.749680497902212       -44.255363502325736        0.0000000000000000     

 PASSED   1.0000000000000001E-005
 MU_R    =    325.00000000000000     
 ALPHA_S =   0.11799999999999999     
 BORN                    2.7285847818624570E-011
 SINGLE POLE (MadFKS)   -2.2598765565773108E-012
 DOUBLE POLE (MadFKS)   -2.7329917424048137E-012
 SINGLE POLE (MadLoop)  -2.2598765565773528E-012
 DOUBLE POLE (MadLoop)  -2.7329917424048020E-012
 FINITE PART (MadLoop)   1.6133855829353861E-011
   325.00000000000000        0.0000000000000000        0.0000000000000000        325.00000000000000        0.0000000000000000     
   325.00000000000000        0.0000000000000000        0.0000000000000000       -325.00000000000000        0.0000000000000000     
   201.03934235441326       -84.398733047540560       -163.97327389074914       -80.040217914585583        0.0000000000000000     
   143.85894592258200        127.68970419924793       -3.7244940939852840        66.157871090361070        0.0000000000000000     
   164.78857698052937        30.825757839308860        110.43557899289739        118.35975096883091        0.0000000000000000     
   140.31313474247526       -74.116728991016188        57.262188991837036       -104.47740414460641        0.0000000000000000     

 PASSED   1.0000000000000001E-005
 MU_R    =    325.00000000000000     
 ALPHA_S =   0.11799999999999999     
 BORN                    5.4935729827936829E-010
 SINGLE POLE (MadFKS)   -5.9741207832781915E-011
 DOUBLE POLE (MadFKS)   -5.5024456993508728E-011
 SINGLE POLE (MadLoop)  -5.9741207832798149E-011
 DOUBLE POLE (MadLoop)  -5.5024456993511752E-011
 FINITE PART (MadLoop)   4.0850334830124484E-010
   325.00000000000000        0.0000000000000000        0.0000000000000000        325.00000000000000        0.0000000000000000     
   325.00000000000000        0.0000000000000000        0.0000000000000000       -325.00000000000000        0.0000000000000000     
   232.54370989955473       -72.172001365442725       -97.777166477343854        198.26095164811605        0.0000000000000000     
   146.48243681384949       -70.779582887275907        100.08407573792056       -80.190602472564336        0.0000000000000000     
   124.95210782953106      -0.10568576335618786       -31.440734750896038       -120.93179184931473        0.0000000000000000     
   146.02174545706453        143.05727001607480        29.133825490319389        2.8614426737629781        0.0000000000000000     

 PASSED   1.0000000000000001E-005
 MU_R    =    325.00000000000000     
 ALPHA_S =   0.11799999999999999     
 BORN                    8.6358739951134595E-012
 SINGLE POLE (MadFKS)   -8.8977803665939704E-013
 DOUBLE POLE (MadFKS)   -8.6498218688237464E-013
 SINGLE POLE (MadLoop)  -8.8977803665938795E-013
 DOUBLE POLE (MadLoop)  -8.6498218688237322E-013
 FINITE PART (MadLoop)   4.6956066458315971E-012
   325.00000000000000        0.0000000000000000        0.0000000000000000        325.00000000000000        0.0000000000000000     
   325.00000000000000        0.0000000000000000        0.0000000000000000       -325.00000000000000        0.0000000000000000     
   168.91248642900106       -54.722194592565963       -156.08132124158399        34.286012455260405        0.0000000000000000     
   204.19630453719250        122.31038986229433        143.94948549874570       -77.555431421827876        0.0000000000000000     
   160.14037180312707       -79.932100396262939       -80.863894171449942        112.76891693598046        0.0000000000000000     
   116.75083723067929        12.343905126534590        92.995729914288248       -69.499497969412985        0.0000000000000000     

 PASSED   1.0000000000000001E-005
 MU_R    =    325.00000000000000     
 ALPHA_S =   0.11799999999999999     
 BORN                    1.7237137105088649E-011
 SINGLE POLE (MadFKS)   -2.5710235189467877E-012
 DOUBLE POLE (MadFKS)   -1.7264976952173579E-012
 SINGLE POLE (MadLoop)  -2.5710235189466883E-012
 DOUBLE POLE (MadLoop)  -1.7264976952173627E-012
 FINITE PART (MadLoop)   7.6670514458029374E-012
   325.00000000000000        0.0000000000000000        0.0000000000000000        325.00000000000000        0.0000000000000000     
   325.00000000000000        0.0000000000000000        0.0000000000000000       -325.00000000000000        0.0000000000000000     
Thanks for using LHAPDF 6.2.1. Please make sure to cite the paper:
  Eur.Phys.J. C75 (2015) 3, 132  (http://arxiv.org/abs/1412.7420)
   85.162870567110232        45.999774238786244       -69.071455050631172       -19.127712628532006        0.0000000000000000     
   215.68684669831021        100.77786038397345        112.25703361570415        154.15251246376548        0.0000000000000000     
   121.87576090521161        37.017306067951957       -114.07672454384094       -21.677662813239593        0.0000000000000000     
   227.27452182936793       -183.79494069071160        70.891145978767952       -113.34713702199383        0.0000000000000000     

 PASSED   1.0000000000000001E-005
 MU_R    =    325.00000000000000     
 ALPHA_S =   0.11799999999999999     
 BORN                    2.5853707724465113E-010
 SINGLE POLE (MadFKS)   -2.8707336776439881E-011
 DOUBLE POLE (MadFKS)   -2.5895464268213615E-011
 SINGLE POLE (MadLoop)  -2.8707336776441306E-011
 DOUBLE POLE (MadLoop)  -2.5895464268213628E-011
 FINITE PART (MadLoop)   1.7195873694184567E-010
   325.00000000000000        0.0000000000000000        0.0000000000000000        325.00000000000000        0.0000000000000000     
   325.00000000000000        0.0000000000000000        0.0000000000000000       -325.00000000000000        0.0000000000000000     
   56.934463102764610        33.960318858620944       -28.150044293299707       -35.997289316087780        0.0000000000000000     
   240.39883130058575        158.31076938146003        134.07511277543998       -121.46259721737688        0.0000000000000000     
   200.15875119803786       -196.09795212477556       -32.087469226335841        24.073079825318789        0.0000000000000000     
   152.50795439861167        3.8268638846945549       -73.837599255804363        133.38680670814588        0.0000000000000000     

 PASSED   1.0000000000000001E-005
 MU_R    =    325.00000000000000     
 ALPHA_S =   0.11799999999999999     
 BORN                    5.8860559793391905E-012
 SINGLE POLE (MadFKS)   -1.0718394529199018E-012
 DOUBLE POLE (MadFKS)   -5.8955625985300167E-013
 SINGLE POLE (MadLoop)  -1.0718394529199026E-012
 DOUBLE POLE (MadLoop)  -5.8955625985299278E-013
 FINITE PART (MadLoop)   1.5126712199672314E-012
   325.00000000000000        0.0000000000000000        0.0000000000000000        325.00000000000000        0.0000000000000000     
   325.00000000000000        0.0000000000000000        0.0000000000000000       -325.00000000000000        0.0000000000000000     
   190.28981066073558        2.0313274240126553       -190.26964459987846        1.8836385085742828        0.0000000000000000     
   184.51876014717115        181.72008681288901        14.896107898054508       -28.338822566487458        0.0000000000000000     
   59.427952536367052       -6.4116355338843087        52.475192616744550        27.146392620031232        0.0000000000000000     
   215.76347665572615       -177.33977870301732        122.89834408507943      -0.69120856211804893        0.0000000000000000     

 PASSED   1.0000000000000001E-005
 MU_R    =    325.00000000000000     
 ALPHA_S =   0.11799999999999999     
 BORN                    1.2323513433277567E-010
 SINGLE POLE (MadFKS)   -2.8086513466532118E-011
 DOUBLE POLE (MadFKS)   -1.2343417244881538E-011
 SINGLE POLE (MadLoop)  -2.8086513466529129E-011
 DOUBLE POLE (MadLoop)  -1.2343417244881513E-011
 FINITE PART (MadLoop)   6.3673703390327529E-011
   325.00000000000000        0.0000000000000000        0.0000000000000000        325.00000000000000        0.0000000000000000     
   325.00000000000000        0.0000000000000000        0.0000000000000000       -325.00000000000000        0.0000000000000000     
   118.30660412282663       -32.459580462946192        109.10299034709190        32.239195284112014        0.0000000000000000     
   284.24481808956199        92.598916297001850       -199.67894812772758        179.85793000586133        0.0000000000000000     
   116.72734250018080       -16.695055110217673        72.205669862054094       -90.182530801665592        0.0000000000000000     
   130.72123528743040       -43.444280723837963        18.370287918581610       -121.91459448830778        0.0000000000000000     

 PASSED   1.0000000000000001E-005
 MU_R    =    325.00000000000000     
 ALPHA_S =   0.11799999999999999     
 BORN                    1.4417820419697651E-009
 SINGLE POLE (MadFKS)   -1.3251426068745483E-010
 DOUBLE POLE (MadFKS)   -1.4441106764369347E-010
 SINGLE POLE (MadLoop)  -1.3251426068745788E-010
 DOUBLE POLE (MadLoop)  -1.4441106764368936E-010
 FINITE PART (MadLoop)   7.6305211740310307E-010
   325.00000000000000        0.0000000000000000        0.0000000000000000        325.00000000000000        0.0000000000000000     
   325.00000000000000        0.0000000000000000        0.0000000000000000       -325.00000000000000        0.0000000000000000     
   43.653136215834614       -17.364903036316072       -34.582551485020815        20.201573621959167        0.0000000000000000     
   172.30829052784875       -168.61161641812330        23.410822392976833        26.687135259927977        0.0000000000000000     
   224.31454230819725        83.877847312225725        190.77392567540085       -82.986926100438083        0.0000000000000000     
   209.72403094811926        102.09867214221364       -179.60219658335694        36.098217218551021        0.0000000000000000     

 PASSED   1.0000000000000001E-005
 MU_R    =    325.00000000000000     
 ALPHA_S =   0.11799999999999999     
 BORN                    5.3287668459971111E-010
 SINGLE POLE (MadFKS)   -2.7256628049722095E-011
 DOUBLE POLE (MadFKS)   -5.3373733827577894E-011
 SINGLE POLE (MadLoop)  -2.7256628049723142E-011
 DOUBLE POLE (MadLoop)  -5.3373733827578210E-011
 FINITE PART (MadLoop)   4.6703239254279930E-010
   325.00000000000000        0.0000000000000000        0.0000000000000000        325.00000000000000        0.0000000000000000     
   325.00000000000000        0.0000000000000000        0.0000000000000000       -325.00000000000000        0.0000000000000000     
   188.10865387173195        70.154125083109847       -156.30893258432431        77.658109619070558        0.0000000000000000     
   86.388201547659889       -53.784630423043389        49.116699138599650        46.450885488050986        0.0000000000000000     
   236.94490511580926       -80.989934814476584        31.417797038912276       -220.44600370228616        0.0000000000000000     
   138.55823946479902        64.620440154410133        75.774436406812384        96.337008595164647        0.0000000000000000     

 PASSED   1.0000000000000001E-005
 MU_R    =    325.00000000000000     
 ALPHA_S =   0.11799999999999999     
 BORN                    3.8630652783875033E-009
 SINGLE POLE (MadFKS)   -1.9698795350622612E-010
 DOUBLE POLE (MadFKS)   -3.8693045480512378E-010
 SINGLE POLE (MadLoop)  -1.9698795350621888E-010
 DOUBLE POLE (MadLoop)  -3.8693045480512792E-010
 FINITE PART (MadLoop)   2.7524645444955572E-009
   325.00000000000000        0.0000000000000000        0.0000000000000000        325.00000000000000        0.0000000000000000     
   325.00000000000000        0.0000000000000000        0.0000000000000000       -325.00000000000000        0.0000000000000000     
   143.87695316801975       -57.184777518495729       -126.53031616866424       -37.690290040414226        0.0000000000000000     
   51.493703355685220       -19.089620975081814        12.459254855198854       -46.173096330701377        0.0000000000000000     
   218.01387444712347        72.878777260303011       -103.10160025458919        177.73236424869879        0.0000000000000000     
   236.61546902917158        3.3956212332744893        217.17266156805459       -93.868977877583220        0.0000000000000000     

 NUMBER OF POINTS PASSING THE CHECK          20
 NUMBER OF POINTS FAILING THE CHECK           0
 TOLERANCE    1.0000000000000001E-005
