==== LHAPDF6 USING DEFAULT-TYPE LHAGLUE INTERFACE ====
LHAPDF 6.2.1 loading /cvmfs/cms.cern.ch/slc6_amd64_gcc481/external/lhapdf/6.2.1/share/LHAPDF/NNPDF31_nnlo_hessian_pdfas/NNPDF31_nnlo_hessian_pdfas_0000.dat
NNPDF31_nnlo_hessian_pdfas PDF set, member #0, version 1; LHAPDF ID = 306000
 A PDF is used, so alpha_s(MZ) is going to be modified
 Old value of alpha_s from param_card:   0.11799999999999999     
 New value of alpha_s from PDF lhapdf :  0.11800208008122040     
 using LHAPDF
 *****************************************************
 *               MadGraph/MadEvent                   *
 *        --------------------------------           *
 *          http://madgraph.hep.uiuc.edu             *
 *          http://madgraph.phys.ucl.ac.be           *
 *          http://madgraph.roma2.infn.it            *
 *        --------------------------------           *
 *                                                   *
 *          PARAMETER AND COUPLING VALUES            *
 *                                                   *
 *****************************************************

  External Params
  ---------------------------------
  
 MU_R =    91.188000000000002     
 aEWM1 =    132.50700000000001     
 mdl_Gf =    1.1663900000000000E-005
 aS =   0.11799999999999999     
 mdl_lamWS =   0.22530000000000000     
 mdl_AWS =   0.80800000000000005     
 mdl_rhoWS =   0.13200000000000001     
 mdl_etaWS =   0.34100000000000003     
 mdl_ymt =    173.00000000000000     
 mdl_ymtau =    1.7769999999999999     
 mdl_MT =    173.00000000000000     
 mdl_MZ =    91.188000000000002     
 mdl_MH =    125.00000000000000     
 mdl_MTA =    1.7769999999999999     
 mdl_WT =    1.4915000000000000     
 mdl_WZ =    2.4414039999999999     
 mdl_WW =    2.0476000000000001     
 mdl_WH =    6.3823389999999999E-003
  Internal Params
  ---------------------------------
  
 mdl_CKM33 =    1.0000000000000000     
 mdl_conjg__CKM3x3 =    1.0000000000000000     
 mdl_I4x33 =    0.0000000000000000     
 mdl_I1x33 =    0.0000000000000000     
 mdl_lhv =    1.0000000000000000     
 mdl_CKM3x3 =    1.0000000000000000     
 mdl_conjg__CKM33 =    1.0000000000000000     
 mdl_Ncol =    3.0000000000000000     
 mdl_CA =    3.0000000000000000     
 mdl_TF =   0.50000000000000000     
 mdl_CF =    1.3333333333333333     
 mdl_lamWS__exp__2 =    5.0760090000000001E-002
 mdl_CKM11 =  ( 0.97461995499999998     ,  0.0000000000000000     )
 mdl_CKM12 =  ( 0.22530000000000000     ,  0.0000000000000000     )
 mdl_complexi =  (  0.0000000000000000     ,  1.0000000000000000     )
 mdl_lamWS__exp__3 =    1.1436248277000001E-002
 mdl_CKM13 =  (  1.2197444962317122E-003, -3.1510066152652563E-003)
 mdl_CKM21 =  (-0.22530000000000000     ,  0.0000000000000000     )
 mdl_CKM22 =  ( 0.97461995499999998     ,  0.0000000000000000     )
 mdl_CKM23 =  (  4.1014152720000002E-002,  0.0000000000000000     )
 mdl_CKM31 =  (  8.0207441115842885E-003, -3.1510066152652563E-003)
 mdl_CKM32 =  ( -4.1014152720000002E-002,  0.0000000000000000     )
 mdl_MZ__exp__2 =    8315.2513440000002     
 mdl_MZ__exp__4 =    69143404.913893804     
 mdl_sqrt__2 =    1.4142135623730951     
 mdl_MH__exp__2 =    15625.000000000000     
 mdl_CKM1x1 =  ( 0.97461995499999998     ,  0.0000000000000000     )
 mdl_CKM1x2 =  ( 0.22530000000000000     ,  0.0000000000000000     )
 mdl_CKM1x3 =  (  1.2197444962317122E-003, -3.1510066152652563E-003)
 mdl_CKM2x1 =  (-0.22530000000000000     ,  0.0000000000000000     )
 mdl_CKM2x2 =  ( 0.97461995499999998     ,  0.0000000000000000     )
 mdl_CKM2x3 =  (  4.1014152720000002E-002,  0.0000000000000000     )
 mdl_CKM3x1 =  (  8.0207441115842885E-003, -3.1510066152652563E-003)
 mdl_CKM3x2 =  ( -4.1014152720000002E-002,  0.0000000000000000     )
 mdl_conjg__CKM1x3 =  (  1.2197444962317122E-003,  3.1510066152652563E-003)
 mdl_conjg__CKM2x3 =  (  4.1014152720000002E-002, -0.0000000000000000     )
 mdl_conjg__CKM2x1 =  (-0.22530000000000000     , -0.0000000000000000     )
 mdl_conjg__CKM3x1 =  (  8.0207441115842885E-003,  3.1510066152652563E-003)
 mdl_conjg__CKM2x2 =  ( 0.97461995499999998     , -0.0000000000000000     )
 mdl_conjg__CKM3x2 =  ( -4.1014152720000002E-002, -0.0000000000000000     )
 mdl_Ncol__exp__2 =    9.0000000000000000     
 mdl_MT__exp__2 =    29929.000000000000     
 mdl_conjg__CKM11 =  ( 0.97461995499999998     , -0.0000000000000000     )
 mdl_conjg__CKM12 =  ( 0.22530000000000000     , -0.0000000000000000     )
 mdl_conjg__CKM13 =  (  1.2197444962317122E-003,  3.1510066152652563E-003)
 mdl_conjg__CKM21 =  (-0.22530000000000000     , -0.0000000000000000     )
 mdl_conjg__CKM22 =  ( 0.97461995499999998     , -0.0000000000000000     )
 mdl_conjg__CKM23 =  (  4.1014152720000002E-002, -0.0000000000000000     )
 mdl_conjg__CKM31 =  (  8.0207441115842885E-003,  3.1510066152652563E-003)
 mdl_conjg__CKM32 =  ( -4.1014152720000002E-002, -0.0000000000000000     )
 mdl_aEW =    7.5467711139788835E-003
 mdl_MW =    80.419002445756163     
 mdl_sqrt__aEW =    8.6872153846781555E-002
 mdl_ee =   0.30795376724436879     
 mdl_MW__exp__2 =    6467.2159543705357     
 mdl_sw2 =   0.22224648578577766     
 mdl_cw =   0.88190334743339216     
 mdl_sqrt__sw2 =   0.47143025548407230     
 mdl_sw =   0.47143025548407230     
 mdl_g1 =   0.34919219678733299     
 mdl_gw =   0.65323293034757990     
 mdl_v =    246.21845810181637     
 mdl_v__exp__2 =    60623.529110035903     
 mdl_lam =   0.12886910601690263     
 mdl_yt =   0.99366614581500623     
 mdl_ytau =    1.0206617000654717E-002
 mdl_muH =    88.388347648318430     
 mdl_AxialZUp =  -0.18517701861793787     
 mdl_AxialZDown =   0.18517701861793787     
 mdl_VectorZUp =    7.5430507588273299E-002
 mdl_VectorZDown =  -0.13030376310310560     
 mdl_VectorAUp =   0.20530251149624587     
 mdl_VectorADown =  -0.10265125574812294     
 mdl_VectorWmDxU =   0.23095271737156670     
 mdl_AxialWmDxU =  -0.23095271737156670     
 mdl_VectorWpUxD =   0.23095271737156670     
 mdl_AxialWpUxD =  -0.23095271737156670     
 mdl_I2x13 =  (  7.9699418879263656E-003,  3.1310485988282153E-003)
 mdl_I2x23 =  ( -4.0754375057150453E-002, -0.0000000000000000     )
 mdl_I2x33 =  ( 0.99366614581500623     ,  0.0000000000000000     )
 mdl_I3x31 =  (  7.9699418879263656E-003, -3.1310485988282153E-003)
 mdl_I3x32 =  ( -4.0754375057150453E-002,  0.0000000000000000     )
 mdl_I3x33 =  ( 0.99366614581500623     ,  0.0000000000000000     )
 mdl_Vector_tdGp =  ( -7.9699418879263656E-003, -3.1310485988282153E-003)
 mdl_Vector_tsGp =  (  4.0754375057150453E-002,  0.0000000000000000     )
 mdl_Vector_tbGp =  (-0.99366614581500623     ,  0.0000000000000000     )
 mdl_Axial_tdGp =  ( -7.9699418879263656E-003, -3.1310485988282153E-003)
 mdl_Axial_tsGp =  (  4.0754375057150453E-002,  0.0000000000000000     )
 mdl_Axial_tbGp =  (-0.99366614581500623     , -0.0000000000000000     )
 mdl_Vector_tdGm =  (  7.9699418879263656E-003, -3.1310485988282153E-003)
 mdl_Vector_tsGm =  ( -4.0754375057150453E-002,  0.0000000000000000     )
 mdl_Vector_tbGm =  ( 0.99366614581500623     ,  0.0000000000000000     )
 mdl_Axial_tdGm =  ( -7.9699418879263656E-003,  3.1310485988282153E-003)
 mdl_Axial_tsGm =  (  4.0754375057150453E-002, -0.0000000000000000     )
 mdl_Axial_tbGm =  (-0.99366614581500623     ,  0.0000000000000000     )
 mdl_gw__exp__2 =   0.42671326129048615     
 mdl_cw__exp__2 =   0.77775351421422245     
 mdl_ee__exp__2 =    9.4835522759998875E-002
 mdl_sw__exp__2 =   0.22224648578577769     
 mdl_yt__exp__2 =   0.98737240933884918     
  Internal Params evaluated point by point
  ----------------------------------------
  
 mdl_sqrt__aS =   0.34351128074635334     
 mdl_G__exp__4 =    2.1987899468922913     
 mdl_G__exp__2 =    1.4828317324943823     
 mdl_R2MixedFactor_FIN_ =   -2.5040377713124864E-002
 mdl_G_UVg_1EPS_ =   -5.1645779033320030E-002
 mdl_G_UVq_1EPS_ =    3.1300472141406080E-003
 mdl_G_UVb_1EPS_ =    3.1300472141406080E-003
 mdl_GWcft_UV_t_1EPS_ =   -3.1300472141406080E-003
 mdl_tWcft_UV_1EPS_ =   -1.8780283284843650E-002
 mdl_G__exp__3 =    1.8056676068262196     
 mdl_MU_R__exp__2 =    8315.2513440000002     
 mdl_G_UVt_FIN_ =   -4.0087659331150384E-003
 mdl_GWcft_UV_t_FIN_ =    4.0087659331150384E-003
 mdl_tWcft_UV_FIN_ =   -9.8778211443463623E-004
  Couplings of loop_sm-ckm_no_b_mass
  ---------------------------------
  
       UV_3Gt =   0.48815E-02   0.00000E+00
      UV_GQQt =   0.00000E+00  -0.48815E-02
   UVWfct_G_2 =   0.40088E-02   0.00000E+00
       R2_DDA =   0.00000E+00   0.25704E-02
       R2_UUA =  -0.00000E+00  -0.51409E-02
    R2_DDZ_V2 =   0.00000E+00   0.72127E-02
    R2_UUZ_V2 =  -0.00000E+00  -0.72127E-02
    R2_UUZ_V5 =   0.00000E+00   0.68702E-03
      R2_GGHt =   0.00000E+00  -0.45657E+01
     R2_GGZup =  -0.46369E-02   0.00000E+00
   R2_GGZdown =   0.46369E-02   0.00000E+00
 R2_GGGZvecUp =   0.00000E+00   0.28750E-03
 R2_GGGZvecDown  -0.00000E+00  -0.49665E-03
 R2_GGGZaxialUp  -0.00000E+00  -0.63522E-02
 R2_GGGZaxialDow  0.00000E+00   0.63522E-02
 R2_GGGAvecUp =   0.00000E+00   0.78251E-03
 R2_GGGAvecDown  -0.00000E+00  -0.39126E-03
         GC_4 =  -0.12177E+01   0.00000E+00
         GC_5 =   0.00000E+00   0.12177E+01
         GC_6 =   0.00000E+00   0.14828E+01
       R2_3Gq =   0.76230E-02   0.00000E+00
       R2_3Gg =   0.31445E-01   0.00000E+00
       R2_GQQ =  -0.00000E+00  -0.30492E-01
       R2_GGq =   0.00000E+00   0.62601E-02
       R2_GGt =  -0.00000E+00  -0.11242E+04
     R2_GGg_1 =   0.00000E+00   0.28170E-01
     R2_GGg_2 =  -0.00000E+00  -0.18780E-01
       R2_QQq =   0.00000E+00   0.12520E-01
  UV_3Gg_1eps =   0.62890E-01   0.00000E+00
  UV_3Gb_1eps =  -0.38115E-02   0.00000E+00
 UV_GQQg_1eps =   0.00000E+00  -0.62890E-01
 UV_GQQq_1eps =   0.00000E+00   0.38115E-02
 UVWfct_G_2_1eps -0.31300E-02   0.00000E+00
         GC_1 =  -0.00000E+00  -0.10265E+00
         GC_2 =   0.00000E+00   0.20530E+00
        GC_21 =  -0.00000E+00  -0.28804E+00
        GC_22 =   0.00000E+00   0.28804E+00
        GC_23 =  -0.00000E+00  -0.27437E-01
        GC_24 =   0.00000E+00   0.82310E-01
        GC_37 =  -0.00000E+00  -0.70263E+00
        GC_38 =  -0.00000E+00  -0.72172E-02
      GC_1003 =  -0.00000E+00  -0.30795E+00

 Collider parameters:
 --------------------

 Running at P P   machine @    13000.000000000000       GeV
 PDF set = lhapdf 
 alpha_s(Mz)= 0.1180 running at 3 loops.
 alpha_s(Mz)= 0.1180 running at 3 loops.
 Renormalization scale set on event-by-event basis
 Factorization   scale set on event-by-event basis


 ===============================================================
 INFO: MadFKS read these parameters from FKS_params.dat
 ===============================================================
  > IRPoleCheckThreshold      =    1.0000000000000001E-005
  > PrecisionVirtualAtRunTime =    1.0000000000000000E-003
  > NHelForMCoverHels         =            4
  > VirtualFraction           =    1.0000000000000000     
  > MinVirtualFraction        =    5.0000000000000001E-003
 ===============================================================
  Insert the number of points to test
 Insert the relative tolerance
  A negative number will mean use the default one:    1.0000000000000001E-005
Using random seed offsets:     0 ,     32 ,      0
  with seed                   32
 Ranmar initialization seeds       10729        9438
  ========================================================================================== 
 {                                                                                          }
 {       [32m                                                                            [0m       }
 {       [32m                               ,,                                           [0m       }
 {       [32m`7MMM.     ,MMF'             `7MM  `7MMF'                                   [0m       }
 {       [32m  MMMb    dPMM                 MM    MM                                     [0m       }
 {       [32m  M YM   ,M MM   ,6"Yb.   ,M""bMM    MM         ,pW"Wq.   ,pW"Wq.`7MMpdMAo. [0m       }
 {       [32m  M  Mb  M' MM  8)   MM ,AP    MM    MM        6W'   `Wb 6W'   `Wb MM   `Wb [0m       }
 {       [32m  M  YM.P'  MM   ,pm9MM 8MI    MM    MM      , 8M     M8 8M     M8 MM    M8 [0m       }
 {       [32m  M  `YM'   MM  8M   MM `Mb    MM    MM     ,M YA.   ,A9 YA.   ,A9 MM   ,AP [0m       }
 {       [32m.JML. `'  .JMML.`Moo9^Yo.`Wbmd"MML..JMMmmmmMMM  `Ybmd9'   `Ybmd9'  MMbmmd'  [0m       }
 {       [32m                                                                   MM       [0m       }
 {       [32m                                                                 .JMML.     [0m       }
 {       [32m[0mv2.4.2 (2016-06-10), Ref: arXiv:1103.0621v2, arXiv:1405.0301[32m                [0m       }
 {       [32m                                                                            [0m       }
 {                                                                                          }
  ========================================================================================== 
 ===============================================================
 INFO: MadLoop read these parameters from ./MadLoop5_resources/MadLoopParams.dat                                                                                                                                                                                                                                                                                                                                                                                                                                                                                          
 ===============================================================
  > MLReductionLib            = 6|1|2
  > IREGIMODE                 =            2
  > IREGIRECY                 =  T
  > CTModeRun                 =           -1
  > MLStabThres               =    1.0000000000000000E-003
  > NRotations_DP             =            1
  > NRotations_QP             =            0
  > CTStabThres               =    1.0000000000000000E-002
  > CTLoopLibrary             =            2
  > CTModeInit                =            1
  > CheckCycle                =            3
  > MaxAttempts               =           10
  > UseLoopFilter             =  F
  > HelicityFilterLevel       =            2
  > ImprovePSPoint            =            2
  > DoubleCheckHelicityFilter =  T
  > LoopInitStartOver         =  F
  > HelInitStartOver          =  F
  > ZeroThres                 =    1.0000000000000001E-009
  > OSThres                   =    1.0000000000000000E-008
  > WriteOutFilters           =  T
  > UseQPIntegrandForNinja    =  F
  > UseQPIntegrandForCutTools =  T
 ===============================================================
  
------------------------------------------------------------------------
|              You are using CutTools - Version 1.9.3                  |
|              Authors: G. Ossola, C. Papadopoulos, R. Pittau          |
|              Published in JHEP 0803:042,2008                         |
|              http://www.ugr.es/~pittau/CutTools                      |
|                                                                      |
|              Compiler with  34  significant digits detetected        |
 ---------------------------------------------------------------------- 
   
########################################################################
#                                                                      #
#                      You are using OneLOop-3.6                       #
#                                                                      #
# for the evaluation of 1-loop scalar 1-, 2-, 3- and 4-point functions #
#                                                                      #
# author: Andreas van Hameren <hamerenREMOVETHIS@ifj.edu.pl>           #
#   date: 18-02-2015                                                   #
#                                                                      #
# Please cite                                                          #
#    A. van Hameren,                                                   #
#      Comput.Phys.Commun. 182 (2011) 2427-2438, arXiv:1007.4716       #
#    A. van Hameren, C.G. Papadopoulos and R. Pittau,                  #
#      JHEP 0909:106,2009, arXiv:0903.4665                             #
# in publications with results obtained with the help of this program. #
#                                                                      #
########################################################################
 PASSED   1.0000000000000001E-005
 MU_R    =    325.00000000000000     
 ALPHA_S =   0.11799999999999999     
 BORN                    6.4246988441812247E-007
 SINGLE POLE (MadFKS)   -1.1414736811667873E-007
 DOUBLE POLE (MadFKS)   -6.8372676444334216E-008
 SINGLE POLE (MadLoop)  -1.1414736811668004E-007
 DOUBLE POLE (MadLoop)  -6.8372676444334838E-008
 FINITE PART (MadLoop)   9.4254145988395905E-008
   325.00000000000000        0.0000000000000000        0.0000000000000000        325.00000000000000        0.0000000000000000     
   325.00000000000000        0.0000000000000000        0.0000000000000000       -325.00000000000000        0.0000000000000000     
   251.57366987523218       -180.71947307617870        166.90209652402348        52.633790215470206        1.7769999999999999     
   185.65801343149533        142.29305862347778       -38.715668619605118        112.78086137834619        1.7769999999999999     
   212.76831669327336        38.426414452700925       -128.18642790441842       -165.41465159381636        0.0000000000000000     

 PASSED   1.0000000000000001E-005
 MU_R    =    325.00000000000000     
 ALPHA_S =   0.11799999999999999     
 BORN                    1.8116570870393093E-007
 SINGLE POLE (MadFKS)   -2.6249114965200676E-008
 DOUBLE POLE (MadFKS)   -1.9279945542102628E-008
 SINGLE POLE (MadLoop)  -2.6249114965200776E-008
 DOUBLE POLE (MadLoop)  -1.9279945542102678E-008
 FINITE PART (MadLoop)   2.3933958968782678E-008
   325.00000000000000        0.0000000000000000        0.0000000000000000        325.00000000000000        0.0000000000000000     
   325.00000000000000        0.0000000000000000        0.0000000000000000       -325.00000000000000        0.0000000000000000     
   180.67135948374434        47.168141482593803        68.698074400148727       -160.29573734661204        1.7769999999999999     
   265.52384414407322       -84.278401716066540       -243.81428441454059        62.860956082904778        1.7769999999999999     
   203.80479637218332        37.110260233472850        175.11621001439187        97.434781263706981        0.0000000000000000     

 PASSED   1.0000000000000001E-005
 MU_R    =    325.00000000000000     
 ALPHA_S =   0.11799999999999999     
 BORN                    1.5076220083065556E-006
 SINGLE POLE (MadFKS)   -1.2765349584873078E-007
 DOUBLE POLE (MadFKS)   -1.6044355428061813E-007
 SINGLE POLE (MadLoop)  -1.2765349584873970E-007
 DOUBLE POLE (MadLoop)  -1.6044355428062861E-007
 FINITE PART (MadLoop)   5.1853945274770521E-008
   325.00000000000000        0.0000000000000000        0.0000000000000000        325.00000000000000        0.0000000000000000     
   325.00000000000000        0.0000000000000000        0.0000000000000000       -325.00000000000000        0.0000000000000000     
   222.28574138581612       -55.432104673674083        211.50113635751347        40.029291592148418        1.7769999999999999     
   119.61073574677459       -42.245234875871184        77.921893398768304       -80.293767107529604        1.7769999999999999     
   308.10352286741465        97.677339549545223       -289.42302975628172        40.264475515381100        0.0000000000000000     

 PASSED   1.0000000000000001E-005
 MU_R    =    325.00000000000000     
 ALPHA_S =   0.11799999999999999     
 BORN                    5.1835622618340933E-007
 SINGLE POLE (MadFKS)   -9.8013727482453128E-008
 DOUBLE POLE (MadFKS)   -5.5164301697725851E-008
 SINGLE POLE (MadLoop)  -9.8013727482453962E-008
 DOUBLE POLE (MadLoop)  -5.5164301697725983E-008
 FINITE PART (MadLoop)   6.8486957425863191E-008
   325.00000000000000        0.0000000000000000        0.0000000000000000        325.00000000000000        0.0000000000000000     
   325.00000000000000        0.0000000000000000        0.0000000000000000       -325.00000000000000        0.0000000000000000     
   209.49569334104112       -24.427772331266880        206.40811254874231       -26.158417621122542        1.7769999999999999     
   319.57126876580014       -22.717266160370503       -317.76800967523224        25.100915059489235        1.7769999999999999     
   120.93303789315905        47.145038491637415        111.35989712648988        1.0575025616333193        0.0000000000000000     

 PASSED   1.0000000000000001E-005
 MU_R    =    325.00000000000000     
 ALPHA_S =   0.11799999999999999     
 BORN                    6.8639299931254851E-007
 SINGLE POLE (MadFKS)   -9.4634544210275493E-008
 DOUBLE POLE (MadFKS)   -7.3047044840331189E-008
 SINGLE POLE (MadLoop)  -9.4634544210278616E-008
 DOUBLE POLE (MadLoop)  -7.3047044840331997E-008
 FINITE PART (MadLoop)   1.1062539221816119E-007
   325.00000000000000        0.0000000000000000        0.0000000000000000        325.00000000000000        0.0000000000000000     
   325.00000000000000        0.0000000000000000        0.0000000000000000       -325.00000000000000        0.0000000000000000     
   127.92927904001010        97.670527973514254        37.764121184161723       -73.464833922494392        1.7769999999999999     
   267.56587204991160       -229.06684363000576        100.17922260271152       -95.293455519949134        1.7769999999999999     
   254.50484891008148        131.39631565649151       -137.94334378687324        168.75828944244350        0.0000000000000000     

 PASSED   1.0000000000000001E-005
 MU_R    =    325.00000000000000     
 ALPHA_S =   0.11799999999999999     
 BORN                    5.4421231244210630E-007
 SINGLE POLE (MadFKS)   -7.6529665804615642E-008
 DOUBLE POLE (MadFKS)   -5.7915947903654724E-008
 SINGLE POLE (MadLoop)  -7.6529665804562265E-008
 DOUBLE POLE (MadLoop)  -5.7915947903654777E-008
 FINITE PART (MadLoop)   1.0181854333842257E-007
   325.00000000000000        0.0000000000000000        0.0000000000000000        325.00000000000000        0.0000000000000000     
   325.00000000000000        0.0000000000000000        0.0000000000000000       -325.00000000000000        0.0000000000000000     
   230.35004035256785       -29.985292923465867        201.01181927651544        108.41178017572234        1.7769999999999999     
   188.09083305575606        168.84123907652534       -77.391567785623835        29.634185890540437        1.7769999999999999     
   231.55912659167723       -138.85594615305951       -123.62025149089162       -138.04596606626276        0.0000000000000000     

 PASSED   1.0000000000000001E-005
 MU_R    =    325.00000000000000     
 ALPHA_S =   0.11799999999999999     
 BORN                    6.5329049158284610E-007
 SINGLE POLE (MadFKS)   -1.4520929801432132E-007
 DOUBLE POLE (MadFKS)   -6.9524222828916824E-008
 SINGLE POLE (MadLoop)  -1.4520929801432170E-007
 DOUBLE POLE (MadLoop)  -6.9524222828916784E-008
 FINITE PART (MadLoop)   4.6952476428283842E-008
   325.00000000000000        0.0000000000000000        0.0000000000000000        325.00000000000000        0.0000000000000000     
   325.00000000000000        0.0000000000000000        0.0000000000000000       -325.00000000000000        0.0000000000000000     
   314.70809108542142       -202.10545750654811        232.49529265611955       -64.322218590811019        1.7769999999999999     
   243.03951053369954        174.43265197844735       -146.77389346300902        84.236097208592184        1.7769999999999999     
   92.252398380879129        27.672805528100756       -85.721399193110599       -19.913878617781183        0.0000000000000000     

 PASSED   1.0000000000000001E-005
 MU_R    =    325.00000000000000     
 ALPHA_S =   0.11799999999999999     
 BORN                    6.4410045505332386E-007
 SINGLE POLE (MadFKS)   -6.8544959122363603E-008
 DOUBLE POLE (MadFKS)   -6.8546204388856040E-008
 SINGLE POLE (MadLoop)  -6.8544959122364212E-008
 DOUBLE POLE (MadLoop)  -6.8546204388856742E-008
 FINITE PART (MadLoop)   6.9132269763459948E-008
   325.00000000000000        0.0000000000000000        0.0000000000000000        325.00000000000000        0.0000000000000000     
   325.00000000000000        0.0000000000000000        0.0000000000000000       -325.00000000000000        0.0000000000000000     
   188.22011002944927        56.130717060813275       -87.132571616714401        157.10159024082176        1.7769999999999999     
   208.57672181192524       -16.244325575415459       -161.53607684781426       -130.93245936751595        1.7769999999999999     
   253.20316815862702       -39.886391485397809        248.66864846452864       -26.169130873305853        0.0000000000000000     

 PASSED   1.0000000000000001E-005
 MU_R    =    325.00000000000000     
 ALPHA_S =   0.11799999999999999     
 BORN                    4.8918776435358828E-007
 SINGLE POLE (MadFKS)   -1.0478832415702888E-007
 DOUBLE POLE (MadFKS)   -5.2060147166225122E-008
 SINGLE POLE (MadLoop)  -1.0478832415702946E-007
 DOUBLE POLE (MadLoop)  -5.2060147166225632E-008
 FINITE PART (MadLoop)   6.6285289806479568E-008
   325.00000000000000        0.0000000000000000        0.0000000000000000        325.00000000000000        0.0000000000000000     
   325.00000000000000        0.0000000000000000        0.0000000000000000       -325.00000000000000        0.0000000000000000     
   308.78583046875957       -223.10712407888988        12.868904915375834       -213.08011132155781        1.7769999999999999     
   129.95822727438664        126.40897921082444       -16.350632327480518        25.286555808769904        1.7769999999999999     
   211.25594225685614        96.698144868065555        3.4817274121046853        187.79355551278786        0.0000000000000000     

 PASSED   1.0000000000000001E-005
 MU_R    =    325.00000000000000     
 ALPHA_S =   0.11799999999999999     
 BORN                    7.1781483352674814E-007
 SINGLE POLE (MadFKS)   -7.5946288122848692E-008
 DOUBLE POLE (MadFKS)   -7.6391006878272880E-008
 SINGLE POLE (MadLoop)  -7.5946288122848758E-008
 DOUBLE POLE (MadLoop)  -7.6391006878274468E-008
 FINITE PART (MadLoop)   5.5016706107604433E-008
   325.00000000000000        0.0000000000000000        0.0000000000000000        325.00000000000000        0.0000000000000000     
   325.00000000000000        0.0000000000000000        0.0000000000000000       -325.00000000000000        0.0000000000000000     
   109.93727588976360       -104.96641769217419       -14.662649650562960       -29.156556092221606        1.7769999999999999     
   255.99004777638933       -19.868934698985264        234.98575682827010       -99.572417633251590        1.7769999999999999     
   284.07267633385288        124.83535239115945       -220.32310717770716        128.72897372547320        0.0000000000000000     

 PASSED   1.0000000000000001E-005
 MU_R    =    325.00000000000000     
 ALPHA_S =   0.11799999999999999     
 BORN                    1.3535064480876570E-007
 SINGLE POLE (MadFKS)   -1.4968984404321322E-008
 DOUBLE POLE (MadFKS)   -1.4404232896337609E-008
 SINGLE POLE (MadLoop)  -1.4968984404321173E-008
 DOUBLE POLE (MadLoop)  -1.4404232896337569E-008
 FINITE PART (MadLoop)   2.1488853870679716E-008
   325.00000000000000        0.0000000000000000        0.0000000000000000        325.00000000000000        0.0000000000000000     
   325.00000000000000        0.0000000000000000        0.0000000000000000       -325.00000000000000        0.0000000000000000     
   90.118217443207215       -62.051204157474523       -5.0160138513729224       -65.135420884426864        1.7769999999999999     
   286.91793563314860       -54.380741414207897       -207.91831080452562        190.08275843542839        1.7769999999999999     
   272.96384692364421        116.43194557168242        212.93432465589848       -124.94733755100150        0.0000000000000000     

 PASSED   1.0000000000000001E-005
 MU_R    =    325.00000000000000     
 ALPHA_S =   0.11799999999999999     
 BORN                    4.4419977229808036E-007
 SINGLE POLE (MadFKS)   -5.9862480234441334E-008
 DOUBLE POLE (MadFKS)   -4.7272452833318961E-008
 SINGLE POLE (MadLoop)  -5.9862480234441334E-008
 DOUBLE POLE (MadLoop)  -4.7272452833319126E-008
 FINITE PART (MadLoop)   5.0345802201761663E-008
   325.00000000000000        0.0000000000000000        0.0000000000000000        325.00000000000000        0.0000000000000000     
   325.00000000000000        0.0000000000000000        0.0000000000000000       -325.00000000000000        0.0000000000000000     
   127.51633352827163        1.2223769577640120       -127.35518883927335        6.0348370135046885        1.7769999999999999     
   230.40804469725643       -76.495373545969755       -53.435640025802670        210.66038909417290        1.7769999999999999     
   292.07562177447608        75.272996588205800        180.79082886507604       -216.69522610767771        0.0000000000000000     

 PASSED   1.0000000000000001E-005
 MU_R    =    325.00000000000000     
 ALPHA_S =   0.11799999999999999     
 BORN                    5.7583703897499535E-006
 SINGLE POLE (MadFKS)   -1.4051699602172409E-006
 DOUBLE POLE (MadFKS)   -6.1281502067850478E-007
 SINGLE POLE (MadLoop)  -1.4051699602172436E-006
 DOUBLE POLE (MadLoop)  -6.1281502067850827E-007
 FINITE PART (MadLoop)   4.5367164001816614E-007
   325.00000000000000        0.0000000000000000        0.0000000000000000        325.00000000000000        0.0000000000000000     
   325.00000000000000        0.0000000000000000        0.0000000000000000       -325.00000000000000        0.0000000000000000     
   147.18474187906824       -50.124487544508312       -116.67157915646501       -74.400731707054419        1.7769999999999999     
   250.04777041928193        119.91603802818021        142.06196946902750       -167.21025810894218        1.7769999999999999     
   252.76748770165202       -69.791550483671926       -25.390390312562506        241.61098981599662        0.0000000000000000     

 PASSED   1.0000000000000001E-005
 MU_R    =    325.00000000000000     
 ALPHA_S =   0.11799999999999999     
 BORN                    1.1059588193756500E-005
 SINGLE POLE (MadFKS)   -3.3411693466502696E-006
 DOUBLE POLE (MadFKS)   -1.1769791293239364E-006
 SINGLE POLE (MadLoop)  -3.3411693466503001E-006
 DOUBLE POLE (MadLoop)  -1.1769791293239396E-006
 FINITE PART (MadLoop)  -1.7207859015753985E-006
   325.00000000000000        0.0000000000000000        0.0000000000000000        325.00000000000000        0.0000000000000000     
   325.00000000000000        0.0000000000000000        0.0000000000000000       -325.00000000000000        0.0000000000000000     
   296.85758795588362       -74.004398591078186        219.16484520967589        186.04136478583695        1.7769999999999999     
   293.61017831923868        53.054696749041476       -180.07078299242397       -225.75094982971348        1.7769999999999999     
   59.532233724877656        20.949701842036681       -39.094062217251917        39.709585043876515        0.0000000000000000     

 PASSED   1.0000000000000001E-005
 MU_R    =    325.00000000000000     
 ALPHA_S =   0.11799999999999999     
 BORN                    2.4585492648544900E-007
 SINGLE POLE (MadFKS)   -2.4803638902248728E-008
 DOUBLE POLE (MadFKS)   -2.6164275942769806E-008
 SINGLE POLE (MadLoop)  -2.4803638902249204E-008
 DOUBLE POLE (MadLoop)  -2.6164275942770289E-008
 FINITE PART (MadLoop)   4.4901100914746864E-008
   325.00000000000000        0.0000000000000000        0.0000000000000000        325.00000000000000        0.0000000000000000     
   325.00000000000000        0.0000000000000000        0.0000000000000000       -325.00000000000000        0.0000000000000000     
   124.49505403289837        85.096883718704234       -81.401026633004932       -40.351629386091183        1.7769999999999999     
   259.01414271027579        142.56271223014372        216.09466850103681        8.0084781295434695        1.7769999999999999     
   266.49080325682945       -227.65959594884788       -134.69364186803188        32.343151256547650        0.0000000000000000     

 PASSED   1.0000000000000001E-005
 MU_R    =    325.00000000000000     
 ALPHA_S =   0.11799999999999999     
 BORN                    2.1796759491145510E-006
 SINGLE POLE (MadFKS)   -3.1655418012587755E-007
 DOUBLE POLE (MadFKS)   -2.3196461349667974E-007
 SINGLE POLE (MadLoop)  -3.1655418012587554E-007
 DOUBLE POLE (MadLoop)  -2.3196461349667757E-007
Thanks for using LHAPDF 6.2.1. Please make sure to cite the paper:
  Eur.Phys.J. C75 (2015) 3, 132  (http://arxiv.org/abs/1412.7420)
 FINITE PART (MadLoop)   3.2873936093929545E-007
   325.00000000000000        0.0000000000000000        0.0000000000000000        325.00000000000000        0.0000000000000000     
   325.00000000000000        0.0000000000000000        0.0000000000000000       -325.00000000000000        0.0000000000000000     
   101.26491749930743       -23.309815597640227        61.880921387754803        76.673527714251321        1.7769999999999999     
   241.20455709305699        157.82545238706132        55.403793420797463        173.77579488197676        1.7769999999999999     
   307.53052540763559       -134.51563678942105       -117.28471480855224       -250.44932259622809        0.0000000000000000     

 PASSED   1.0000000000000001E-005
 MU_R    =    325.00000000000000     
 ALPHA_S =   0.11799999999999999     
 BORN                    2.2593720507148624E-007
 SINGLE POLE (MadFKS)   -2.3533717302780986E-008
 DOUBLE POLE (MadFKS)   -2.4044600056360506E-008
 SINGLE POLE (MadLoop)  -2.3533717302781102E-008
 DOUBLE POLE (MadLoop)  -2.4044600056361228E-008
 FINITE PART (MadLoop)   3.5389931260171559E-008
   325.00000000000000        0.0000000000000000        0.0000000000000000        325.00000000000000        0.0000000000000000     
   325.00000000000000        0.0000000000000000        0.0000000000000000       -325.00000000000000        0.0000000000000000     
   276.44053333645292       -168.33372054825151       -209.37060670745853       -65.145362963732197        1.7769999999999999     
   107.10694872516464       -58.842265481980618        89.315765503068505       -5.3872592070582801        1.7769999999999999     
   266.45251793838798        227.17598603023214        120.05484120439004        70.532622170790461        0.0000000000000000     

 PASSED   1.0000000000000001E-005
 MU_R    =    325.00000000000000     
 ALPHA_S =   0.11799999999999999     
 BORN                    2.5625951170313527E-006
 SINGLE POLE (MadFKS)   -4.6181245006269883E-007
 DOUBLE POLE (MadFKS)   -2.7271548603916660E-007
 SINGLE POLE (MadLoop)  -4.6181245006270937E-007
 DOUBLE POLE (MadLoop)  -2.7271548603917105E-007
 FINITE PART (MadLoop)   3.3680184801809054E-007
   325.00000000000000        0.0000000000000000        0.0000000000000000        325.00000000000000        0.0000000000000000     
   325.00000000000000        0.0000000000000000        0.0000000000000000       -325.00000000000000        0.0000000000000000     
   320.80200661925170        135.66082575642807       -75.793967791960341        280.64601284068465        1.7769999999999999     
   117.26025312806053       -16.132199290302982        22.588186880062043       -113.91371820016309        1.7769999999999999     
   211.93774025269099       -119.52862646612510        53.205780911898309       -166.73229464052167        0.0000000000000000     

 PASSED   1.0000000000000001E-005
 MU_R    =    325.00000000000000     
 ALPHA_S =   0.11799999999999999     
 BORN                    7.2533197242174480E-008
 SINGLE POLE (MadFKS)   -8.4005457547711863E-009
 DOUBLE POLE (MadFKS)   -7.7190992866597023E-009
 SINGLE POLE (MadLoop)  -8.4005457547709662E-009
 DOUBLE POLE (MadLoop)  -7.7190992866597387E-009
 FINITE PART (MadLoop)   1.0403924955287646E-008
   325.00000000000000        0.0000000000000000        0.0000000000000000        325.00000000000000        0.0000000000000000     
   325.00000000000000        0.0000000000000000        0.0000000000000000       -325.00000000000000        0.0000000000000000     
   242.00005761842817        185.77486377050948        12.426321502369039       -154.57734854528641        1.7769999999999999     
   175.56128036222540        10.642444041689634        110.47047225790011        136.02065496592766        1.7769999999999999     
   232.43866201934765       -196.41730781219906       -122.89679376026923        18.556693579358740        0.0000000000000000     

 PASSED   1.0000000000000001E-005
 MU_R    =    325.00000000000000     
 ALPHA_S =   0.11799999999999999     
 BORN                    1.3456990936349596E-007
 SINGLE POLE (MadFKS)   -1.9852104656907301E-008
 DOUBLE POLE (MadFKS)   -1.4321145776952397E-008
 SINGLE POLE (MadLoop)  -1.9852104656907652E-008
 DOUBLE POLE (MadLoop)  -1.4321145776952572E-008
 FINITE PART (MadLoop)   1.8183888980707759E-008
   325.00000000000000        0.0000000000000000        0.0000000000000000        325.00000000000000        0.0000000000000000     
   325.00000000000000        0.0000000000000000        0.0000000000000000       -325.00000000000000        0.0000000000000000     
   292.99897908459343        8.1735380880127764       -136.88978772329702       -258.92010989455508        1.7769999999999999     
   121.28766136926549        63.401163173006104       -22.663203641463973        100.86729291718405        1.7769999999999999     
   235.71335954614435       -71.574701261018888        159.55299136476094        158.05281697737101        0.0000000000000000     

 NUMBER OF POINTS PASSING THE CHECK          20
 NUMBER OF POINTS FAILING THE CHECK           0
 TOLERANCE    1.0000000000000001E-005
