==== LHAPDF6 USING DEFAULT-TYPE LHAGLUE INTERFACE ====
LHAPDF 6.2.1 loading /cvmfs/cms.cern.ch/slc6_amd64_gcc481/external/lhapdf/6.2.1/share/LHAPDF/NNPDF31_nnlo_hessian_pdfas/NNPDF31_nnlo_hessian_pdfas_0000.dat
NNPDF31_nnlo_hessian_pdfas PDF set, member #0, version 1; LHAPDF ID = 306000
 A PDF is used, so alpha_s(MZ) is going to be modified
 Old value of alpha_s from param_card:   0.11799999999999999     
 New value of alpha_s from PDF lhapdf :  0.11800208008122040     
 using LHAPDF
 *****************************************************
 *               MadGraph/MadEvent                   *
 *        --------------------------------           *
 *          http://madgraph.hep.uiuc.edu             *
 *          http://madgraph.phys.ucl.ac.be           *
 *          http://madgraph.roma2.infn.it            *
 *        --------------------------------           *
 *                                                   *
 *          PARAMETER AND COUPLING VALUES            *
 *                                                   *
 *****************************************************

  External Params
  ---------------------------------
  
 MU_R =    91.188000000000002     
 aEWM1 =    132.50700000000001     
 mdl_Gf =    1.1663900000000000E-005
 aS =   0.11799999999999999     
 mdl_lamWS =   0.22530000000000000     
 mdl_AWS =   0.80800000000000005     
 mdl_rhoWS =   0.13200000000000001     
 mdl_etaWS =   0.34100000000000003     
 mdl_ymt =    173.00000000000000     
 mdl_ymtau =    1.7769999999999999     
 mdl_MT =    173.00000000000000     
 mdl_MZ =    91.188000000000002     
 mdl_MH =    125.00000000000000     
 mdl_MTA =    1.7769999999999999     
 mdl_WT =    1.4915000000000000     
 mdl_WZ =    2.4414039999999999     
 mdl_WW =    2.0476000000000001     
 mdl_WH =    6.3823389999999999E-003
  Internal Params
  ---------------------------------
  
 mdl_CKM33 =    1.0000000000000000     
 mdl_conjg__CKM3x3 =    1.0000000000000000     
 mdl_I4x33 =    0.0000000000000000     
 mdl_I1x33 =    0.0000000000000000     
 mdl_lhv =    1.0000000000000000     
 mdl_CKM3x3 =    1.0000000000000000     
 mdl_conjg__CKM33 =    1.0000000000000000     
 mdl_Ncol =    3.0000000000000000     
 mdl_CA =    3.0000000000000000     
 mdl_TF =   0.50000000000000000     
 mdl_CF =    1.3333333333333333     
 mdl_lamWS__exp__2 =    5.0760090000000001E-002
 mdl_CKM11 =  ( 0.97461995499999998     ,  0.0000000000000000     )
 mdl_CKM12 =  ( 0.22530000000000000     ,  0.0000000000000000     )
 mdl_complexi =  (  0.0000000000000000     ,  1.0000000000000000     )
 mdl_lamWS__exp__3 =    1.1436248277000001E-002
 mdl_CKM13 =  (  1.2197444962317122E-003, -3.1510066152652563E-003)
 mdl_CKM21 =  (-0.22530000000000000     ,  0.0000000000000000     )
 mdl_CKM22 =  ( 0.97461995499999998     ,  0.0000000000000000     )
 mdl_CKM23 =  (  4.1014152720000002E-002,  0.0000000000000000     )
 mdl_CKM31 =  (  8.0207441115842885E-003, -3.1510066152652563E-003)
 mdl_CKM32 =  ( -4.1014152720000002E-002,  0.0000000000000000     )
 mdl_MZ__exp__2 =    8315.2513440000002     
 mdl_MZ__exp__4 =    69143404.913893804     
 mdl_sqrt__2 =    1.4142135623730951     
 mdl_MH__exp__2 =    15625.000000000000     
 mdl_CKM1x1 =  ( 0.97461995499999998     ,  0.0000000000000000     )
 mdl_CKM1x2 =  ( 0.22530000000000000     ,  0.0000000000000000     )
 mdl_CKM1x3 =  (  1.2197444962317122E-003, -3.1510066152652563E-003)
 mdl_CKM2x1 =  (-0.22530000000000000     ,  0.0000000000000000     )
 mdl_CKM2x2 =  ( 0.97461995499999998     ,  0.0000000000000000     )
 mdl_CKM2x3 =  (  4.1014152720000002E-002,  0.0000000000000000     )
 mdl_CKM3x1 =  (  8.0207441115842885E-003, -3.1510066152652563E-003)
 mdl_CKM3x2 =  ( -4.1014152720000002E-002,  0.0000000000000000     )
 mdl_conjg__CKM1x3 =  (  1.2197444962317122E-003,  3.1510066152652563E-003)
 mdl_conjg__CKM2x3 =  (  4.1014152720000002E-002, -0.0000000000000000     )
 mdl_conjg__CKM2x1 =  (-0.22530000000000000     , -0.0000000000000000     )
 mdl_conjg__CKM3x1 =  (  8.0207441115842885E-003,  3.1510066152652563E-003)
 mdl_conjg__CKM2x2 =  ( 0.97461995499999998     , -0.0000000000000000     )
 mdl_conjg__CKM3x2 =  ( -4.1014152720000002E-002, -0.0000000000000000     )
 mdl_Ncol__exp__2 =    9.0000000000000000     
 mdl_MT__exp__2 =    29929.000000000000     
 mdl_conjg__CKM11 =  ( 0.97461995499999998     , -0.0000000000000000     )
 mdl_conjg__CKM12 =  ( 0.22530000000000000     , -0.0000000000000000     )
 mdl_conjg__CKM13 =  (  1.2197444962317122E-003,  3.1510066152652563E-003)
 mdl_conjg__CKM21 =  (-0.22530000000000000     , -0.0000000000000000     )
 mdl_conjg__CKM22 =  ( 0.97461995499999998     , -0.0000000000000000     )
 mdl_conjg__CKM23 =  (  4.1014152720000002E-002, -0.0000000000000000     )
 mdl_conjg__CKM31 =  (  8.0207441115842885E-003,  3.1510066152652563E-003)
 mdl_conjg__CKM32 =  ( -4.1014152720000002E-002, -0.0000000000000000     )
 mdl_aEW =    7.5467711139788835E-003
 mdl_MW =    80.419002445756163     
 mdl_sqrt__aEW =    8.6872153846781555E-002
 mdl_ee =   0.30795376724436879     
 mdl_MW__exp__2 =    6467.2159543705357     
 mdl_sw2 =   0.22224648578577766     
 mdl_cw =   0.88190334743339216     
 mdl_sqrt__sw2 =   0.47143025548407230     
 mdl_sw =   0.47143025548407230     
 mdl_g1 =   0.34919219678733299     
 mdl_gw =   0.65323293034757990     
 mdl_v =    246.21845810181637     
 mdl_v__exp__2 =    60623.529110035903     
 mdl_lam =   0.12886910601690263     
 mdl_yt =   0.99366614581500623     
 mdl_ytau =    1.0206617000654717E-002
 mdl_muH =    88.388347648318430     
 mdl_AxialZUp =  -0.18517701861793787     
 mdl_AxialZDown =   0.18517701861793787     
 mdl_VectorZUp =    7.5430507588273299E-002
 mdl_VectorZDown =  -0.13030376310310560     
 mdl_VectorAUp =   0.20530251149624587     
 mdl_VectorADown =  -0.10265125574812294     
 mdl_VectorWmDxU =   0.23095271737156670     
 mdl_AxialWmDxU =  -0.23095271737156670     
 mdl_VectorWpUxD =   0.23095271737156670     
 mdl_AxialWpUxD =  -0.23095271737156670     
 mdl_I2x13 =  (  7.9699418879263656E-003,  3.1310485988282153E-003)
 mdl_I2x23 =  ( -4.0754375057150453E-002, -0.0000000000000000     )
 mdl_I2x33 =  ( 0.99366614581500623     ,  0.0000000000000000     )
 mdl_I3x31 =  (  7.9699418879263656E-003, -3.1310485988282153E-003)
 mdl_I3x32 =  ( -4.0754375057150453E-002,  0.0000000000000000     )
 mdl_I3x33 =  ( 0.99366614581500623     ,  0.0000000000000000     )
 mdl_Vector_tdGp =  ( -7.9699418879263656E-003, -3.1310485988282153E-003)
 mdl_Vector_tsGp =  (  4.0754375057150453E-002,  0.0000000000000000     )
 mdl_Vector_tbGp =  (-0.99366614581500623     ,  0.0000000000000000     )
 mdl_Axial_tdGp =  ( -7.9699418879263656E-003, -3.1310485988282153E-003)
 mdl_Axial_tsGp =  (  4.0754375057150453E-002,  0.0000000000000000     )
 mdl_Axial_tbGp =  (-0.99366614581500623     , -0.0000000000000000     )
 mdl_Vector_tdGm =  (  7.9699418879263656E-003, -3.1310485988282153E-003)
 mdl_Vector_tsGm =  ( -4.0754375057150453E-002,  0.0000000000000000     )
 mdl_Vector_tbGm =  ( 0.99366614581500623     ,  0.0000000000000000     )
 mdl_Axial_tdGm =  ( -7.9699418879263656E-003,  3.1310485988282153E-003)
 mdl_Axial_tsGm =  (  4.0754375057150453E-002, -0.0000000000000000     )
 mdl_Axial_tbGm =  (-0.99366614581500623     ,  0.0000000000000000     )
 mdl_gw__exp__2 =   0.42671326129048615     
 mdl_cw__exp__2 =   0.77775351421422245     
 mdl_ee__exp__2 =    9.4835522759998875E-002
 mdl_sw__exp__2 =   0.22224648578577769     
 mdl_yt__exp__2 =   0.98737240933884918     
  Internal Params evaluated point by point
  ----------------------------------------
  
 mdl_sqrt__aS =   0.34351128074635334     
 mdl_G__exp__4 =    2.1987899468922913     
 mdl_G__exp__2 =    1.4828317324943823     
 mdl_R2MixedFactor_FIN_ =   -2.5040377713124864E-002
 mdl_G_UVg_1EPS_ =   -5.1645779033320030E-002
 mdl_G_UVq_1EPS_ =    3.1300472141406080E-003
 mdl_G_UVb_1EPS_ =    3.1300472141406080E-003
 mdl_GWcft_UV_t_1EPS_ =   -3.1300472141406080E-003
 mdl_tWcft_UV_1EPS_ =   -1.8780283284843650E-002
 mdl_G__exp__3 =    1.8056676068262196     
 mdl_MU_R__exp__2 =    8315.2513440000002     
 mdl_G_UVt_FIN_ =   -4.0087659331150384E-003
 mdl_GWcft_UV_t_FIN_ =    4.0087659331150384E-003
 mdl_tWcft_UV_FIN_ =   -9.8778211443463623E-004
  Couplings of loop_sm-ckm_no_b_mass
  ---------------------------------
  
       UV_3Gt =   0.48815E-02   0.00000E+00
      UV_GQQt =   0.00000E+00  -0.48815E-02
   UVWfct_G_2 =   0.40088E-02   0.00000E+00
       R2_DDA =   0.00000E+00   0.25704E-02
       R2_UUA =  -0.00000E+00  -0.51409E-02
    R2_DDZ_V2 =   0.00000E+00   0.72127E-02
    R2_UUZ_V2 =  -0.00000E+00  -0.72127E-02
    R2_UUZ_V5 =   0.00000E+00   0.68702E-03
      R2_GGHt =   0.00000E+00  -0.45657E+01
     R2_GGZup =  -0.46369E-02   0.00000E+00
   R2_GGZdown =   0.46369E-02   0.00000E+00
 R2_GGGZvecUp =   0.00000E+00   0.28750E-03
 R2_GGGZvecDown  -0.00000E+00  -0.49665E-03
 R2_GGGZaxialUp  -0.00000E+00  -0.63522E-02
 R2_GGGZaxialDow  0.00000E+00   0.63522E-02
 R2_GGGAvecUp =   0.00000E+00   0.78251E-03
 R2_GGGAvecDown  -0.00000E+00  -0.39126E-03
         GC_4 =  -0.12177E+01   0.00000E+00
         GC_5 =   0.00000E+00   0.12177E+01
         GC_6 =   0.00000E+00   0.14828E+01
       R2_3Gq =   0.76230E-02   0.00000E+00
       R2_3Gg =   0.31445E-01   0.00000E+00
       R2_GQQ =  -0.00000E+00  -0.30492E-01
       R2_GGq =   0.00000E+00   0.62601E-02
       R2_GGt =  -0.00000E+00  -0.11242E+04
     R2_GGg_1 =   0.00000E+00   0.28170E-01
     R2_GGg_2 =  -0.00000E+00  -0.18780E-01
       R2_QQq =   0.00000E+00   0.12520E-01
  UV_3Gg_1eps =   0.62890E-01   0.00000E+00
  UV_3Gb_1eps =  -0.38115E-02   0.00000E+00
 UV_GQQg_1eps =   0.00000E+00  -0.62890E-01
 UV_GQQq_1eps =   0.00000E+00   0.38115E-02
 UVWfct_G_2_1eps -0.31300E-02   0.00000E+00
         GC_1 =  -0.00000E+00  -0.10265E+00
         GC_2 =   0.00000E+00   0.20530E+00
        GC_21 =  -0.00000E+00  -0.28804E+00
        GC_22 =   0.00000E+00   0.28804E+00
        GC_23 =  -0.00000E+00  -0.27437E-01
        GC_24 =   0.00000E+00   0.82310E-01
        GC_37 =  -0.00000E+00  -0.70263E+00
        GC_38 =  -0.00000E+00  -0.72172E-02
      GC_1003 =  -0.00000E+00  -0.30795E+00

 Collider parameters:
 --------------------

 Running at P P   machine @    13000.000000000000       GeV
 PDF set = lhapdf 
 alpha_s(Mz)= 0.1180 running at 3 loops.
 alpha_s(Mz)= 0.1180 running at 3 loops.
 Renormalization scale set on event-by-event basis
 Factorization   scale set on event-by-event basis


 ===============================================================
 INFO: MadFKS read these parameters from FKS_params.dat
 ===============================================================
  > IRPoleCheckThreshold      =    1.0000000000000001E-005
  > PrecisionVirtualAtRunTime =    1.0000000000000000E-003
  > NHelForMCoverHels         =            4
  > VirtualFraction           =    1.0000000000000000     
  > MinVirtualFraction        =    5.0000000000000001E-003
 ===============================================================
  Insert the number of points to test
 Insert the relative tolerance
  A negative number will mean use the default one:    1.0000000000000001E-005
Using random seed offsets:     0 ,     21 ,      0
  with seed                   32
 Ranmar initialization seeds       10729        9427
  ========================================================================================== 
 {                                                                                          }
 {       [32m                                                                            [0m       }
 {       [32m                               ,,                                           [0m       }
 {       [32m`7MMM.     ,MMF'             `7MM  `7MMF'                                   [0m       }
 {       [32m  MMMb    dPMM                 MM    MM                                     [0m       }
 {       [32m  M YM   ,M MM   ,6"Yb.   ,M""bMM    MM         ,pW"Wq.   ,pW"Wq.`7MMpdMAo. [0m       }
 {       [32m  M  Mb  M' MM  8)   MM ,AP    MM    MM        6W'   `Wb 6W'   `Wb MM   `Wb [0m       }
 {       [32m  M  YM.P'  MM   ,pm9MM 8MI    MM    MM      , 8M     M8 8M     M8 MM    M8 [0m       }
 {       [32m  M  `YM'   MM  8M   MM `Mb    MM    MM     ,M YA.   ,A9 YA.   ,A9 MM   ,AP [0m       }
 {       [32m.JML. `'  .JMML.`Moo9^Yo.`Wbmd"MML..JMMmmmmMMM  `Ybmd9'   `Ybmd9'  MMbmmd'  [0m       }
 {       [32m                                                                   MM       [0m       }
 {       [32m                                                                 .JMML.     [0m       }
 {       [32m[0mv2.4.2 (2016-06-10), Ref: arXiv:1103.0621v2, arXiv:1405.0301[32m                [0m       }
 {       [32m                                                                            [0m       }
 {                                                                                          }
  ========================================================================================== 
 ===============================================================
 INFO: MadLoop read these parameters from ./MadLoop5_resources/MadLoopParams.dat                                                                                                                                                                                                                                                                                                                                                                                                                                                                                          
 ===============================================================
  > MLReductionLib            = 6|1|2
  > IREGIMODE                 =            2
  > IREGIRECY                 =  T
  > CTModeRun                 =           -1
  > MLStabThres               =    1.0000000000000000E-003
  > NRotations_DP             =            1
  > NRotations_QP             =            0
  > CTStabThres               =    1.0000000000000000E-002
  > CTLoopLibrary             =            2
  > CTModeInit                =            1
  > CheckCycle                =            3
  > MaxAttempts               =           10
  > UseLoopFilter             =  F
  > HelicityFilterLevel       =            2
  > ImprovePSPoint            =            2
  > DoubleCheckHelicityFilter =  T
  > LoopInitStartOver         =  F
  > HelInitStartOver          =  F
  > ZeroThres                 =    1.0000000000000001E-009
  > OSThres                   =    1.0000000000000000E-008
  > WriteOutFilters           =  T
  > UseQPIntegrandForNinja    =  F
  > UseQPIntegrandForCutTools =  T
 ===============================================================
  
------------------------------------------------------------------------
|              You are using CutTools - Version 1.9.3                  |
|              Authors: G. Ossola, C. Papadopoulos, R. Pittau          |
|              Published in JHEP 0803:042,2008                         |
|              http://www.ugr.es/~pittau/CutTools                      |
|                                                                      |
|              Compiler with  34  significant digits detetected        |
 ---------------------------------------------------------------------- 
   
########################################################################
#                                                                      #
#                      You are using OneLOop-3.6                       #
#                                                                      #
# for the evaluation of 1-loop scalar 1-, 2-, 3- and 4-point functions #
#                                                                      #
# author: Andreas van Hameren <hamerenREMOVETHIS@ifj.edu.pl>           #
#   date: 18-02-2015                                                   #
#                                                                      #
# Please cite                                                          #
#    A. van Hameren,                                                   #
#      Comput.Phys.Commun. 182 (2011) 2427-2438, arXiv:1007.4716       #
#    A. van Hameren, C.G. Papadopoulos and R. Pittau,                  #
#      JHEP 0909:106,2009, arXiv:0903.4665                             #
# in publications with results obtained with the help of this program. #
#                                                                      #
########################################################################
 PASSED   1.0000000000000001E-005
 MU_R    =    325.00000000000000     
 ALPHA_S =   0.11799999999999999     
 BORN                    1.3341263485250038E-008
 SINGLE POLE (MadFKS)   -8.1585466494794690E-010
 DOUBLE POLE (MadFKS)   -1.4197986765741716E-009
 SINGLE POLE (MadLoop)  -8.1585466494803572E-010
 DOUBLE POLE (MadLoop)  -1.4197986765741731E-009
 FINITE PART (MadLoop)   1.8749018155273753E-009
   325.00000000000000        0.0000000000000000        0.0000000000000000        325.00000000000000        0.0000000000000000     
   325.00000000000000        0.0000000000000000        0.0000000000000000       -325.00000000000000        0.0000000000000000     
   264.44603261972225        61.760469648032306        251.31502178576616        54.388494941352114        0.0000000000000000     
   296.49959366744849       -2.6125089884997004       -272.16139496431975       -117.61530058977281        0.0000000000000000     
   89.054373712829502       -59.147960659532593        20.846373178553527        63.226805648420701        0.0000000000000000     

 PASSED   1.0000000000000001E-005
 MU_R    =    325.00000000000000     
 ALPHA_S =   0.11799999999999999     
 BORN                    1.2336809386859207E-007
 SINGLE POLE (MadFKS)   -3.7478513157471800E-009
 DOUBLE POLE (MadFKS)   -1.3129030589925605E-008
 SINGLE POLE (MadLoop)  -3.7478513157470924E-009
 DOUBLE POLE (MadLoop)  -1.3129030589925583E-008
 FINITE PART (MadLoop)   1.1069162193356741E-008
   325.00000000000000        0.0000000000000000        0.0000000000000000        325.00000000000000        0.0000000000000000     
   325.00000000000000        0.0000000000000000        0.0000000000000000       -325.00000000000000        0.0000000000000000     
   287.23221025165634        266.10311404865547       -30.456928324512607       -103.74897983448078        0.0000000000000000     
   73.757030777324900        7.9932750855114945       -47.615350746054943        55.758277554321573        0.0000000000000000     
   289.01075897101845       -274.09638913416700        78.072279070567589        47.990702280159219        0.0000000000000000     

 PASSED   1.0000000000000001E-005
 MU_R    =    325.00000000000000     
 ALPHA_S =   0.11799999999999999     
 BORN                    6.8242199410333799E-007
 SINGLE POLE (MadFKS)   -1.6845537278380907E-008
 DOUBLE POLE (MadFKS)   -7.2624444091388673E-008
 SINGLE POLE (MadLoop)  -1.6845537278379984E-008
 DOUBLE POLE (MadLoop)  -7.2624444091384001E-008
 FINITE PART (MadLoop)   7.8964221794949685E-008
   325.00000000000000        0.0000000000000000        0.0000000000000000        325.00000000000000        0.0000000000000000     
   325.00000000000000        0.0000000000000000        0.0000000000000000       -325.00000000000000        0.0000000000000000     
   275.21444879335377       -168.91467664731437        211.73131087482355       -48.792180039343911        0.0000000000000000     
   61.927325816666404       -60.078602675152474       -7.6826864866350393       -12.904708898414043        0.0000000000000000     
   312.85822538997968        228.99327932246680       -204.04862438818847        61.696888937758004        0.0000000000000000     

 PASSED   1.0000000000000001E-005
 MU_R    =    325.00000000000000     
 ALPHA_S =   0.11799999999999999     
 BORN                    5.2099981769913973E-008
 SINGLE POLE (MadFKS)   -1.4397326792203729E-009
 DOUBLE POLE (MadFKS)   -5.5445636950536536E-009
 SINGLE POLE (MadLoop)  -1.4397326792203768E-009
 DOUBLE POLE (MadLoop)  -5.5445636950536403E-009
 FINITE PART (MadLoop)   5.2242211442515724E-009
   325.00000000000000        0.0000000000000000        0.0000000000000000        325.00000000000000        0.0000000000000000     
   325.00000000000000        0.0000000000000000        0.0000000000000000       -325.00000000000000        0.0000000000000000     
   232.99424567931220        71.818095474904339       -49.639858245528288       -216.01936060314847        0.0000000000000000     
   190.33245200513156        127.72079953868790        83.324019896724494        113.89006699328198        0.0000000000000000     
   226.67330231555641       -199.53889501359222       -33.684161651196227        102.12929360986651        0.0000000000000000     

 PASSED   1.0000000000000001E-005
 MU_R    =    325.00000000000000     
 ALPHA_S =   0.11799999999999999     
 BORN                    1.4062600676022541E-007
 SINGLE POLE (MadFKS)   -1.7691240051262824E-008
 DOUBLE POLE (MadFKS)   -1.4965645383649104E-008
 SINGLE POLE (MadLoop)  -1.7691240051262748E-008
 DOUBLE POLE (MadLoop)  -1.4965645383649087E-008
 FINITE PART (MadLoop)   1.6221254243550006E-008
   325.00000000000000        0.0000000000000000        0.0000000000000000        325.00000000000000        0.0000000000000000     
   325.00000000000000        0.0000000000000000        0.0000000000000000       -325.00000000000000        0.0000000000000000     
   200.59610178294812        175.84241046927897       -89.497869306479913       -36.171454497555310        0.0000000000000000     
   216.94830775489274       -14.731649072361728        74.841138337446466        203.09689994107652        0.0000000000000000     
   232.45559046215902       -161.11076139691718        14.656730969033452       -166.92544544352123        0.0000000000000000     

 PASSED   1.0000000000000001E-005
 MU_R    =    325.00000000000000     
 ALPHA_S =   0.11799999999999999     
 BORN                    2.2149545907470155E-008
 SINGLE POLE (MadFKS)   -4.3465348717312425E-010
 DOUBLE POLE (MadFKS)   -2.3571902317133200E-009
 SINGLE POLE (MadLoop)  -4.3465348717315464E-010
 DOUBLE POLE (MadLoop)  -2.3571902317133096E-009
 FINITE PART (MadLoop)   2.9168825864256249E-009
   325.00000000000000        0.0000000000000000        0.0000000000000000        325.00000000000000        0.0000000000000000     
   325.00000000000000        0.0000000000000000        0.0000000000000000       -325.00000000000000        0.0000000000000000     
   234.03651010497924       -138.11313671657231       -188.91714721305351        2.8567494305445815        0.0000000000000000     
   177.88687477020503       -40.871820989682462        106.51876379107371       -136.48072180685224        0.0000000000000000     
   238.07661512481579        178.98495770625479        82.398383421979872        133.62397237630765        0.0000000000000000     

 PASSED   1.0000000000000001E-005
 MU_R    =    325.00000000000000     
 ALPHA_S =   0.11799999999999999     
 BORN                    5.1187473296700007E-008
 SINGLE POLE (MadFKS)   -3.1464638346139235E-009
 DOUBLE POLE (MadFKS)   -5.4474530785019096E-009
 SINGLE POLE (MadLoop)  -3.1464638346139061E-009
 DOUBLE POLE (MadLoop)  -5.4474530785018360E-009
 FINITE PART (MadLoop)   3.3858311627158348E-009
   325.00000000000000        0.0000000000000000        0.0000000000000000        325.00000000000000        0.0000000000000000     
   325.00000000000000        0.0000000000000000        0.0000000000000000       -325.00000000000000        0.0000000000000000     
   143.12652841069286        37.645871684407226        137.79899669453729       -8.9122382147774122        0.0000000000000000     
   294.29963404139693       -248.64907092651930       -154.88252380192384        28.236818960810904        0.0000000000000000     
   212.57383754791007        211.00319924211226        17.083527107386555       -19.324580746033664        0.0000000000000000     

 PASSED   1.0000000000000001E-005
 MU_R    =    325.00000000000000     
 ALPHA_S =   0.11799999999999999     
 BORN                    6.8679698183713102E-008
 SINGLE POLE (MadFKS)   -3.7425921552564762E-009
 DOUBLE POLE (MadFKS)   -7.3090037309102653E-009
 SINGLE POLE (MadLoop)  -3.7425921552565697E-009
 DOUBLE POLE (MadLoop)  -7.3090037309102893E-009
 FINITE PART (MadLoop)   9.2148995519622382E-009
   325.00000000000000        0.0000000000000000        0.0000000000000000        325.00000000000000        0.0000000000000000     
   325.00000000000000        0.0000000000000000        0.0000000000000000       -325.00000000000000        0.0000000000000000     
   295.47145655267173       -274.16036007168708       -108.58553951118496        18.672418477130854        0.0000000000000000     
   79.072703175820294        53.911654842540926       -49.585318573753405        29.787951282515149        0.0000000000000000     
   275.45584027150824        220.24870522914617        158.17085808493835       -48.460369759646007        0.0000000000000000     

 PASSED   1.0000000000000001E-005
 MU_R    =    325.00000000000000     
 ALPHA_S =   0.11799999999999999     
 BORN                    4.1127238131204045E-008
 SINGLE POLE (MadFKS)   -1.9684414938166900E-009
 DOUBLE POLE (MadFKS)   -4.3768267026876689E-009
 SINGLE POLE (MadLoop)  -1.9684414938167918E-009
 DOUBLE POLE (MadLoop)  -4.3768267026876863E-009
 FINITE PART (MadLoop)   7.1567531751393538E-009
   325.00000000000000        0.0000000000000000        0.0000000000000000        325.00000000000000        0.0000000000000000     
   325.00000000000000        0.0000000000000000        0.0000000000000000       -325.00000000000000        0.0000000000000000     
   293.75462042584275       -197.36416283109293       -75.280469271477386       -204.13724598362444        0.0000000000000000     
   258.37886874559490        190.19296781959059        126.32619728329345        120.94613134024542        0.0000000000000000     
   97.866510828562411        7.1711950115023502       -51.045728011816045        83.191114643378967        0.0000000000000000     

 PASSED   1.0000000000000001E-005
 MU_R    =    325.00000000000000     
 ALPHA_S =   0.11799999999999999     
 BORN                    1.3277064673662516E-008
 SINGLE POLE (MadFKS)   -4.5932531263174212E-010
 DOUBLE POLE (MadFKS)   -1.4129665359879094E-009
 SINGLE POLE (MadLoop)  -4.5932531263177293E-010
 DOUBLE POLE (MadLoop)  -1.4129665359879098E-009
 FINITE PART (MadLoop)   1.5209114899126943E-009
   325.00000000000000        0.0000000000000000        0.0000000000000000        325.00000000000000        0.0000000000000000     
   325.00000000000000        0.0000000000000000        0.0000000000000000       -325.00000000000000        0.0000000000000000     
   265.72679819033908       -235.37307517417941       -109.83241104156247        56.098914823163526        0.0000000000000000     
   190.42617247782536        120.09679052647643       -16.893038847546059       -146.81114844687184        0.0000000000000000     
   193.84702933183539        115.27628464770297        126.72544988910857        90.712233623708343        0.0000000000000000     

 PASSED   1.0000000000000001E-005
 MU_R    =    325.00000000000000     
 ALPHA_S =   0.11799999999999999     
 BORN                    2.1404884249848714E-007
 SINGLE POLE (MadFKS)   -1.0568568988329215E-008
 DOUBLE POLE (MadFKS)   -2.2779421427181989E-008
 SINGLE POLE (MadLoop)  -1.0568568988329453E-008
 DOUBLE POLE (MadLoop)  -2.2779421427181982E-008
 FINITE PART (MadLoop)   2.9446975416229377E-008
   325.00000000000000        0.0000000000000000        0.0000000000000000        325.00000000000000        0.0000000000000000     
   325.00000000000000        0.0000000000000000        0.0000000000000000       -325.00000000000000        0.0000000000000000     
   124.68966624572234       -121.61662750040715       -21.280733407530160        17.436719001419750        0.0000000000000000     
   229.73912093363475       -109.24655549551994        200.13686637129052        28.115627661564634        0.0000000000000000     
   295.57121282064310        230.86318299592708       -178.85613296376022       -45.552346662984320        0.0000000000000000     

 PASSED   1.0000000000000001E-005
 MU_R    =    325.00000000000000     
 ALPHA_S =   0.11799999999999999     
 BORN                    1.4104116656910097E-007
 SINGLE POLE (MadFKS)   -3.5601102018911095E-009
 DOUBLE POLE (MadFKS)   -1.5009827356957701E-008
 SINGLE POLE (MadLoop)  -3.5601102018911174E-009
 DOUBLE POLE (MadLoop)  -1.5009827356957731E-008
 FINITE PART (MadLoop)   6.2416364318283686E-009
   325.00000000000000        0.0000000000000000        0.0000000000000000        325.00000000000000        0.0000000000000000     
   325.00000000000000        0.0000000000000000        0.0000000000000000       -325.00000000000000        0.0000000000000000     
   153.06289527289456        51.552149715095261       -68.630503311294191       -126.72994825340980        0.0000000000000000     
   205.25448949638766        153.71007975882534       -125.15304170989347        53.285391897967244        0.0000000000000000     
   291.68261523071772       -205.26222947392057        193.78354502118768        73.444556355442586        0.0000000000000000     

 PASSED   1.0000000000000001E-005
 MU_R    =    325.00000000000000     
 ALPHA_S =   0.11799999999999999     
 BORN                    1.4315982174856670E-007
 SINGLE POLE (MadFKS)   -6.9230167949941814E-009
 DOUBLE POLE (MadFKS)   -1.5235298042192884E-008
 SINGLE POLE (MadLoop)  -6.9230167949945810E-009
 DOUBLE POLE (MadLoop)  -1.5235298042192917E-008
 FINITE PART (MadLoop)   1.1357547588335684E-008
   325.00000000000000        0.0000000000000000        0.0000000000000000        325.00000000000000        0.0000000000000000     
   325.00000000000000        0.0000000000000000        0.0000000000000000       -325.00000000000000        0.0000000000000000     
   71.939827134924641        16.220126897324061        59.380865250471551       -37.231157029333382        0.0000000000000000     
   310.00063568771719       -271.62899159546623       -138.65385604897710        55.616483656992003        0.0000000000000000     
   268.05953717735832        255.40886469814214        79.272990798505504       -18.385326627658632        0.0000000000000000     

 PASSED   1.0000000000000001E-005
 MU_R    =    325.00000000000000     
 ALPHA_S =   0.11799999999999999     
 BORN                    1.5168882952253234E-007
 SINGLE POLE (MadFKS)   -1.3272727440846031E-008
 DOUBLE POLE (MadFKS)   -1.6142968740950568E-008
 SINGLE POLE (MadLoop)  -1.3272727440846185E-008
 DOUBLE POLE (MadLoop)  -1.6142968740950595E-008
 FINITE PART (MadLoop)   1.8171290579464915E-008
   325.00000000000000        0.0000000000000000        0.0000000000000000        325.00000000000000        0.0000000000000000     
   325.00000000000000        0.0000000000000000        0.0000000000000000       -325.00000000000000        0.0000000000000000     
   98.896120326654469       -78.734514122033943       -52.034880768548000       -29.558249018410152        0.0000000000000000     
   307.78110464212193        57.980010545637725        265.17801969976955        145.07978708269849        0.0000000000000000     
   243.32277503122367        20.754503576396196       -213.14313893122156       -115.52153806428835        0.0000000000000000     

 PASSED   1.0000000000000001E-005
 MU_R    =    325.00000000000000     
 ALPHA_S =   0.11799999999999999     
 BORN                    2.5467997405665312E-007
 SINGLE POLE (MadFKS)   -2.5335142417849410E-008
 DOUBLE POLE (MadFKS)   -2.7103451671976601E-008
 SINGLE POLE (MadLoop)  -2.5335142417849281E-008
 DOUBLE POLE (MadLoop)  -2.7103451671976525E-008
 FINITE PART (MadLoop)   1.9651573809525226E-008
   325.00000000000000        0.0000000000000000        0.0000000000000000        325.00000000000000        0.0000000000000000     
   325.00000000000000        0.0000000000000000        0.0000000000000000       -325.00000000000000        0.0000000000000000     
   83.743060911342056       -51.940474908214028        65.405819758994852        6.0963971953786871        0.0000000000000000     
   306.91735717222872        5.9513113144751397       -268.65944638815472        148.27322041971647        0.0000000000000000     
   259.33958191642921        45.989163593738866        203.25362662915987       -154.36961761509511        0.0000000000000000     

 PASSED   1.0000000000000001E-005
 MU_R    =    325.00000000000000     
 ALPHA_S =   0.11799999999999999     
 BORN                    2.3959345342929728E-007
 SINGLE POLE (MadFKS)   -3.0081331043207825E-008
 DOUBLE POLE (MadFKS)   -2.5497919928711780E-008
 SINGLE POLE (MadLoop)  -3.0081331043207322E-008
 DOUBLE POLE (MadLoop)  -2.5497919928711764E-008
Thanks for using LHAPDF 6.2.1. Please make sure to cite the paper:
  Eur.Phys.J. C75 (2015) 3, 132  (http://arxiv.org/abs/1412.7420)
 FINITE PART (MadLoop)   3.1371711136808336E-008
   325.00000000000000        0.0000000000000000        0.0000000000000000        325.00000000000000        0.0000000000000000     
   325.00000000000000        0.0000000000000000        0.0000000000000000       -325.00000000000000        0.0000000000000000     
   219.66829351554816        60.433582177572873        44.068391091891911        206.54277578214069        0.0000000000000000     
   136.82023592762155        127.13846813359157       -46.766048566619482        19.196968026184070        0.0000000000000000     
   293.51147055683032       -187.57205031116442        2.6976574747275670       -225.73974380832476        0.0000000000000000     

 PASSED   1.0000000000000001E-005
 MU_R    =    325.00000000000000     
 ALPHA_S =   0.11799999999999999     
 BORN                    2.6257449561962382E-007
 SINGLE POLE (MadFKS)   -4.0508696399699070E-008
 DOUBLE POLE (MadFKS)   -2.7943599329631679E-008
 SINGLE POLE (MadLoop)  -4.0508696399698666E-008
 DOUBLE POLE (MadLoop)  -2.7943599329631543E-008
 FINITE PART (MadLoop)   4.8301335770637525E-008
   325.00000000000000        0.0000000000000000        0.0000000000000000        325.00000000000000        0.0000000000000000     
   325.00000000000000        0.0000000000000000        0.0000000000000000       -325.00000000000000        0.0000000000000000     
   228.78645509071660       -36.399324397372396        182.33980199038052        133.30614324366368        0.0000000000000000     
   139.20213350119545        77.111318147373410       -42.123415991302778        107.96618178894191        0.0000000000000000     
   282.01141140808789       -40.711993750001035       -140.21638599907780       -241.27232503260561        0.0000000000000000     

 PASSED   1.0000000000000001E-005
 MU_R    =    325.00000000000000     
 ALPHA_S =   0.11799999999999999     
 BORN                    1.3525910637194807E-007
 SINGLE POLE (MadFKS)   -4.5663258684551338E-009
 DOUBLE POLE (MadFKS)   -1.4394491228946584E-008
 SINGLE POLE (MadLoop)  -4.5663258684550395E-009
 DOUBLE POLE (MadLoop)  -1.4394491228946574E-008
 FINITE PART (MadLoop)   1.6154239761792336E-008
   325.00000000000000        0.0000000000000000        0.0000000000000000        325.00000000000000        0.0000000000000000     
   325.00000000000000        0.0000000000000000        0.0000000000000000       -325.00000000000000        0.0000000000000000     
   59.999413623292938       -20.673173558603928       -27.155173694870282        49.347199229097654        0.0000000000000000     
   317.22383549014961        182.86226721876997        242.23392940703303       -92.277172013024028        0.0000000000000000     
   272.77675088655735       -162.18909366016607       -215.07875571216272        42.929972783926445        0.0000000000000000     

 PASSED   1.0000000000000001E-005
 MU_R    =    325.00000000000000     
 ALPHA_S =   0.11799999999999999     
 BORN                    1.5440826713735614E-007
 SINGLE POLE (MadFKS)   -1.1354887768773654E-008
 DOUBLE POLE (MadFKS)   -1.6432375657381054E-008
 SINGLE POLE (MadLoop)  -1.1354887768773682E-008
 DOUBLE POLE (MadLoop)  -1.6432375657381021E-008
 FINITE PART (MadLoop)   1.5020318542155356E-008
   325.00000000000000        0.0000000000000000        0.0000000000000000        325.00000000000000        0.0000000000000000     
   325.00000000000000        0.0000000000000000        0.0000000000000000       -325.00000000000000        0.0000000000000000     
   185.21551353466731        135.21943521957823       -120.95383681225331       -37.291556057687103        0.0000000000000000     
   181.51170502019511        6.1294690020888378       -94.581732004411720        154.80059638172068        0.0000000000000000     
   283.27278144513753       -141.34890422166708        215.53556881666503       -117.50904032403358        0.0000000000000000     

 PASSED   1.0000000000000001E-005
 MU_R    =    325.00000000000000     
 ALPHA_S =   0.11799999999999999     
 BORN                    1.2139306560615950E-008
 SINGLE POLE (MadFKS)   -1.1372316413245481E-009
 DOUBLE POLE (MadFKS)   -1.2918844911762618E-009
 SINGLE POLE (MadLoop)  -1.1372316413246151E-009
 DOUBLE POLE (MadLoop)  -1.2918844911762742E-009
 FINITE PART (MadLoop)   1.6895107640957200E-009
   325.00000000000000        0.0000000000000000        0.0000000000000000        325.00000000000000        0.0000000000000000     
   325.00000000000000        0.0000000000000000        0.0000000000000000       -325.00000000000000        0.0000000000000000     
   306.96322927351991        267.58706632288943       -23.102074924132083        148.62664699486737        0.0000000000000000     
   233.29887281847988       -171.00766118492129        74.506869872912262       -140.11948549783264        0.0000000000000000     
   109.73789790799994       -96.579405137968251       -51.404794948780228       -8.5071614970348257        0.0000000000000000     

 NUMBER OF POINTS PASSING THE CHECK          20
 NUMBER OF POINTS FAILING THE CHECK           0
 TOLERANCE    1.0000000000000001E-005
