==== LHAPDF6 USING DEFAULT-TYPE LHAGLUE INTERFACE ====
LHAPDF 6.2.1 loading /cvmfs/cms.cern.ch/slc6_amd64_gcc481/external/lhapdf/6.2.1/share/LHAPDF/NNPDF31_nnlo_hessian_pdfas/NNPDF31_nnlo_hessian_pdfas_0000.dat
NNPDF31_nnlo_hessian_pdfas PDF set, member #0, version 1; LHAPDF ID = 306000
 A PDF is used, so alpha_s(MZ) is going to be modified
 Old value of alpha_s from param_card:   0.11799999999999999     
 New value of alpha_s from PDF lhapdf :  0.11800208008122040     
 using LHAPDF
 *****************************************************
 *               MadGraph/MadEvent                   *
 *        --------------------------------           *
 *          http://madgraph.hep.uiuc.edu             *
 *          http://madgraph.phys.ucl.ac.be           *
 *          http://madgraph.roma2.infn.it            *
 *        --------------------------------           *
 *                                                   *
 *          PARAMETER AND COUPLING VALUES            *
 *                                                   *
 *****************************************************

  External Params
  ---------------------------------
  
 MU_R =    91.188000000000002     
 aEWM1 =    132.50700000000001     
 mdl_Gf =    1.1663900000000000E-005
 aS =   0.11799999999999999     
 mdl_lamWS =   0.22530000000000000     
 mdl_AWS =   0.80800000000000005     
 mdl_rhoWS =   0.13200000000000001     
 mdl_etaWS =   0.34100000000000003     
 mdl_ymt =    173.00000000000000     
 mdl_ymtau =    1.7769999999999999     
 mdl_MT =    173.00000000000000     
 mdl_MZ =    91.188000000000002     
 mdl_MH =    125.00000000000000     
 mdl_MTA =    1.7769999999999999     
 mdl_WT =    1.4915000000000000     
 mdl_WZ =    2.4414039999999999     
 mdl_WW =    2.0476000000000001     
 mdl_WH =    6.3823389999999999E-003
  Internal Params
  ---------------------------------
  
 mdl_CKM33 =    1.0000000000000000     
 mdl_conjg__CKM3x3 =    1.0000000000000000     
 mdl_I4x33 =    0.0000000000000000     
 mdl_I1x33 =    0.0000000000000000     
 mdl_lhv =    1.0000000000000000     
 mdl_CKM3x3 =    1.0000000000000000     
 mdl_conjg__CKM33 =    1.0000000000000000     
 mdl_Ncol =    3.0000000000000000     
 mdl_CA =    3.0000000000000000     
 mdl_TF =   0.50000000000000000     
 mdl_CF =    1.3333333333333333     
 mdl_lamWS__exp__2 =    5.0760090000000001E-002
 mdl_CKM11 =  ( 0.97461995499999998     ,  0.0000000000000000     )
 mdl_CKM12 =  ( 0.22530000000000000     ,  0.0000000000000000     )
 mdl_complexi =  (  0.0000000000000000     ,  1.0000000000000000     )
 mdl_lamWS__exp__3 =    1.1436248277000001E-002
 mdl_CKM13 =  (  1.2197444962317122E-003, -3.1510066152652563E-003)
 mdl_CKM21 =  (-0.22530000000000000     ,  0.0000000000000000     )
 mdl_CKM22 =  ( 0.97461995499999998     ,  0.0000000000000000     )
 mdl_CKM23 =  (  4.1014152720000002E-002,  0.0000000000000000     )
 mdl_CKM31 =  (  8.0207441115842885E-003, -3.1510066152652563E-003)
 mdl_CKM32 =  ( -4.1014152720000002E-002,  0.0000000000000000     )
 mdl_MZ__exp__2 =    8315.2513440000002     
 mdl_MZ__exp__4 =    69143404.913893804     
 mdl_sqrt__2 =    1.4142135623730951     
 mdl_MH__exp__2 =    15625.000000000000     
 mdl_CKM1x1 =  ( 0.97461995499999998     ,  0.0000000000000000     )
 mdl_CKM1x2 =  ( 0.22530000000000000     ,  0.0000000000000000     )
 mdl_CKM1x3 =  (  1.2197444962317122E-003, -3.1510066152652563E-003)
 mdl_CKM2x1 =  (-0.22530000000000000     ,  0.0000000000000000     )
 mdl_CKM2x2 =  ( 0.97461995499999998     ,  0.0000000000000000     )
 mdl_CKM2x3 =  (  4.1014152720000002E-002,  0.0000000000000000     )
 mdl_CKM3x1 =  (  8.0207441115842885E-003, -3.1510066152652563E-003)
 mdl_CKM3x2 =  ( -4.1014152720000002E-002,  0.0000000000000000     )
 mdl_conjg__CKM1x3 =  (  1.2197444962317122E-003,  3.1510066152652563E-003)
 mdl_conjg__CKM2x3 =  (  4.1014152720000002E-002, -0.0000000000000000     )
 mdl_conjg__CKM2x1 =  (-0.22530000000000000     , -0.0000000000000000     )
 mdl_conjg__CKM3x1 =  (  8.0207441115842885E-003,  3.1510066152652563E-003)
 mdl_conjg__CKM2x2 =  ( 0.97461995499999998     , -0.0000000000000000     )
 mdl_conjg__CKM3x2 =  ( -4.1014152720000002E-002, -0.0000000000000000     )
 mdl_Ncol__exp__2 =    9.0000000000000000     
 mdl_MT__exp__2 =    29929.000000000000     
 mdl_conjg__CKM11 =  ( 0.97461995499999998     , -0.0000000000000000     )
 mdl_conjg__CKM12 =  ( 0.22530000000000000     , -0.0000000000000000     )
 mdl_conjg__CKM13 =  (  1.2197444962317122E-003,  3.1510066152652563E-003)
 mdl_conjg__CKM21 =  (-0.22530000000000000     , -0.0000000000000000     )
 mdl_conjg__CKM22 =  ( 0.97461995499999998     , -0.0000000000000000     )
 mdl_conjg__CKM23 =  (  4.1014152720000002E-002, -0.0000000000000000     )
 mdl_conjg__CKM31 =  (  8.0207441115842885E-003,  3.1510066152652563E-003)
 mdl_conjg__CKM32 =  ( -4.1014152720000002E-002, -0.0000000000000000     )
 mdl_aEW =    7.5467711139788835E-003
 mdl_MW =    80.419002445756163     
 mdl_sqrt__aEW =    8.6872153846781555E-002
 mdl_ee =   0.30795376724436879     
 mdl_MW__exp__2 =    6467.2159543705357     
 mdl_sw2 =   0.22224648578577766     
 mdl_cw =   0.88190334743339216     
 mdl_sqrt__sw2 =   0.47143025548407230     
 mdl_sw =   0.47143025548407230     
 mdl_g1 =   0.34919219678733299     
 mdl_gw =   0.65323293034757990     
 mdl_v =    246.21845810181637     
 mdl_v__exp__2 =    60623.529110035903     
 mdl_lam =   0.12886910601690263     
 mdl_yt =   0.99366614581500623     
 mdl_ytau =    1.0206617000654717E-002
 mdl_muH =    88.388347648318430     
 mdl_AxialZUp =  -0.18517701861793787     
 mdl_AxialZDown =   0.18517701861793787     
 mdl_VectorZUp =    7.5430507588273299E-002
 mdl_VectorZDown =  -0.13030376310310560     
 mdl_VectorAUp =   0.20530251149624587     
 mdl_VectorADown =  -0.10265125574812294     
 mdl_VectorWmDxU =   0.23095271737156670     
 mdl_AxialWmDxU =  -0.23095271737156670     
 mdl_VectorWpUxD =   0.23095271737156670     
 mdl_AxialWpUxD =  -0.23095271737156670     
 mdl_I2x13 =  (  7.9699418879263656E-003,  3.1310485988282153E-003)
 mdl_I2x23 =  ( -4.0754375057150453E-002, -0.0000000000000000     )
 mdl_I2x33 =  ( 0.99366614581500623     ,  0.0000000000000000     )
 mdl_I3x31 =  (  7.9699418879263656E-003, -3.1310485988282153E-003)
 mdl_I3x32 =  ( -4.0754375057150453E-002,  0.0000000000000000     )
 mdl_I3x33 =  ( 0.99366614581500623     ,  0.0000000000000000     )
 mdl_Vector_tdGp =  ( -7.9699418879263656E-003, -3.1310485988282153E-003)
 mdl_Vector_tsGp =  (  4.0754375057150453E-002,  0.0000000000000000     )
 mdl_Vector_tbGp =  (-0.99366614581500623     ,  0.0000000000000000     )
 mdl_Axial_tdGp =  ( -7.9699418879263656E-003, -3.1310485988282153E-003)
 mdl_Axial_tsGp =  (  4.0754375057150453E-002,  0.0000000000000000     )
 mdl_Axial_tbGp =  (-0.99366614581500623     , -0.0000000000000000     )
 mdl_Vector_tdGm =  (  7.9699418879263656E-003, -3.1310485988282153E-003)
 mdl_Vector_tsGm =  ( -4.0754375057150453E-002,  0.0000000000000000     )
 mdl_Vector_tbGm =  ( 0.99366614581500623     ,  0.0000000000000000     )
 mdl_Axial_tdGm =  ( -7.9699418879263656E-003,  3.1310485988282153E-003)
 mdl_Axial_tsGm =  (  4.0754375057150453E-002, -0.0000000000000000     )
 mdl_Axial_tbGm =  (-0.99366614581500623     ,  0.0000000000000000     )
 mdl_gw__exp__2 =   0.42671326129048615     
 mdl_cw__exp__2 =   0.77775351421422245     
 mdl_ee__exp__2 =    9.4835522759998875E-002
 mdl_sw__exp__2 =   0.22224648578577769     
 mdl_yt__exp__2 =   0.98737240933884918     
  Internal Params evaluated point by point
  ----------------------------------------
  
 mdl_sqrt__aS =   0.34351128074635334     
 mdl_G__exp__4 =    2.1987899468922913     
 mdl_G__exp__2 =    1.4828317324943823     
 mdl_R2MixedFactor_FIN_ =   -2.5040377713124864E-002
 mdl_G_UVg_1EPS_ =   -5.1645779033320030E-002
 mdl_G_UVq_1EPS_ =    3.1300472141406080E-003
 mdl_G_UVb_1EPS_ =    3.1300472141406080E-003
 mdl_GWcft_UV_t_1EPS_ =   -3.1300472141406080E-003
 mdl_tWcft_UV_1EPS_ =   -1.8780283284843650E-002
 mdl_G__exp__3 =    1.8056676068262196     
 mdl_MU_R__exp__2 =    8315.2513440000002     
 mdl_G_UVt_FIN_ =   -4.0087659331150384E-003
 mdl_GWcft_UV_t_FIN_ =    4.0087659331150384E-003
 mdl_tWcft_UV_FIN_ =   -9.8778211443463623E-004
  Couplings of loop_sm-ckm_no_b_mass
  ---------------------------------
  
       UV_3Gt =   0.48815E-02   0.00000E+00
      UV_GQQt =   0.00000E+00  -0.48815E-02
   UVWfct_G_2 =   0.40088E-02   0.00000E+00
       R2_DDA =   0.00000E+00   0.25704E-02
       R2_UUA =  -0.00000E+00  -0.51409E-02
    R2_DDZ_V2 =   0.00000E+00   0.72127E-02
    R2_UUZ_V2 =  -0.00000E+00  -0.72127E-02
    R2_UUZ_V5 =   0.00000E+00   0.68702E-03
      R2_GGHt =   0.00000E+00  -0.45657E+01
     R2_GGZup =  -0.46369E-02   0.00000E+00
   R2_GGZdown =   0.46369E-02   0.00000E+00
 R2_GGGZvecUp =   0.00000E+00   0.28750E-03
 R2_GGGZvecDown  -0.00000E+00  -0.49665E-03
 R2_GGGZaxialUp  -0.00000E+00  -0.63522E-02
 R2_GGGZaxialDow  0.00000E+00   0.63522E-02
 R2_GGGAvecUp =   0.00000E+00   0.78251E-03
 R2_GGGAvecDown  -0.00000E+00  -0.39126E-03
         GC_4 =  -0.12177E+01   0.00000E+00
         GC_5 =   0.00000E+00   0.12177E+01
         GC_6 =   0.00000E+00   0.14828E+01
       R2_3Gq =   0.76230E-02   0.00000E+00
       R2_3Gg =   0.31445E-01   0.00000E+00
       R2_GQQ =  -0.00000E+00  -0.30492E-01
       R2_GGq =   0.00000E+00   0.62601E-02
       R2_GGt =  -0.00000E+00  -0.11242E+04
     R2_GGg_1 =   0.00000E+00   0.28170E-01
     R2_GGg_2 =  -0.00000E+00  -0.18780E-01
       R2_QQq =   0.00000E+00   0.12520E-01
  UV_3Gg_1eps =   0.62890E-01   0.00000E+00
  UV_3Gb_1eps =  -0.38115E-02   0.00000E+00
 UV_GQQg_1eps =   0.00000E+00  -0.62890E-01
 UV_GQQq_1eps =   0.00000E+00   0.38115E-02
 UVWfct_G_2_1eps -0.31300E-02   0.00000E+00
         GC_1 =  -0.00000E+00  -0.10265E+00
         GC_2 =   0.00000E+00   0.20530E+00
        GC_21 =  -0.00000E+00  -0.28804E+00
        GC_22 =   0.00000E+00   0.28804E+00
        GC_23 =  -0.00000E+00  -0.27437E-01
        GC_24 =   0.00000E+00   0.82310E-01
        GC_37 =  -0.00000E+00  -0.70263E+00
        GC_38 =  -0.00000E+00  -0.72172E-02
      GC_1003 =  -0.00000E+00  -0.30795E+00

 Collider parameters:
 --------------------

 Running at P P   machine @    13000.000000000000       GeV
 PDF set = lhapdf 
 alpha_s(Mz)= 0.1180 running at 3 loops.
 alpha_s(Mz)= 0.1180 running at 3 loops.
 Renormalization scale set on event-by-event basis
 Factorization   scale set on event-by-event basis


 ===============================================================
 INFO: MadFKS read these parameters from FKS_params.dat
 ===============================================================
  > IRPoleCheckThreshold      =    1.0000000000000001E-005
  > PrecisionVirtualAtRunTime =    1.0000000000000000E-003
  > NHelForMCoverHels         =            4
  > VirtualFraction           =    1.0000000000000000     
  > MinVirtualFraction        =    5.0000000000000001E-003
 ===============================================================
  Insert the number of points to test
 Insert the relative tolerance
  A negative number will mean use the default one:    1.0000000000000001E-005
Using random seed offsets:     0 ,     78 ,      0
  with seed                   32
 Ranmar initialization seeds       10729        9484
  ========================================================================================== 
 {                                                                                          }
 {       [32m                                                                            [0m       }
 {       [32m                               ,,                                           [0m       }
 {       [32m`7MMM.     ,MMF'             `7MM  `7MMF'                                   [0m       }
 {       [32m  MMMb    dPMM                 MM    MM                                     [0m       }
 {       [32m  M YM   ,M MM   ,6"Yb.   ,M""bMM    MM         ,pW"Wq.   ,pW"Wq.`7MMpdMAo. [0m       }
 {       [32m  M  Mb  M' MM  8)   MM ,AP    MM    MM        6W'   `Wb 6W'   `Wb MM   `Wb [0m       }
 {       [32m  M  YM.P'  MM   ,pm9MM 8MI    MM    MM      , 8M     M8 8M     M8 MM    M8 [0m       }
 {       [32m  M  `YM'   MM  8M   MM `Mb    MM    MM     ,M YA.   ,A9 YA.   ,A9 MM   ,AP [0m       }
 {       [32m.JML. `'  .JMML.`Moo9^Yo.`Wbmd"MML..JMMmmmmMMM  `Ybmd9'   `Ybmd9'  MMbmmd'  [0m       }
 {       [32m                                                                   MM       [0m       }
 {       [32m                                                                 .JMML.     [0m       }
 {       [32m[0mv2.4.2 (2016-06-10), Ref: arXiv:1103.0621v2, arXiv:1405.0301[32m                [0m       }
 {       [32m                                                                            [0m       }
 {                                                                                          }
  ========================================================================================== 
 ===============================================================
 INFO: MadLoop read these parameters from ./MadLoop5_resources/MadLoopParams.dat                                                                                                                                                                                                                                                                                                                                                                                                                                                                                          
 ===============================================================
  > MLReductionLib            = 6|1|2
  > IREGIMODE                 =            2
  > IREGIRECY                 =  T
  > CTModeRun                 =           -1
  > MLStabThres               =    1.0000000000000000E-003
  > NRotations_DP             =            1
  > NRotations_QP             =            0
  > CTStabThres               =    1.0000000000000000E-002
  > CTLoopLibrary             =            2
  > CTModeInit                =            1
  > CheckCycle                =            3
  > MaxAttempts               =           10
  > UseLoopFilter             =  F
  > HelicityFilterLevel       =            2
  > ImprovePSPoint            =            2
  > DoubleCheckHelicityFilter =  T
  > LoopInitStartOver         =  F
  > HelInitStartOver          =  F
  > ZeroThres                 =    1.0000000000000001E-009
  > OSThres                   =    1.0000000000000000E-008
  > WriteOutFilters           =  T
  > UseQPIntegrandForNinja    =  F
  > UseQPIntegrandForCutTools =  T
 ===============================================================
  
------------------------------------------------------------------------
|              You are using CutTools - Version 1.9.3                  |
|              Authors: G. Ossola, C. Papadopoulos, R. Pittau          |
|              Published in JHEP 0803:042,2008                         |
|              http://www.ugr.es/~pittau/CutTools                      |
|                                                                      |
|              Compiler with  34  significant digits detetected        |
 ---------------------------------------------------------------------- 
   
########################################################################
#                                                                      #
#                      You are using OneLOop-3.6                       #
#                                                                      #
# for the evaluation of 1-loop scalar 1-, 2-, 3- and 4-point functions #
#                                                                      #
# author: Andreas van Hameren <hamerenREMOVETHIS@ifj.edu.pl>           #
#   date: 18-02-2015                                                   #
#                                                                      #
# Please cite                                                          #
#    A. van Hameren,                                                   #
#      Comput.Phys.Commun. 182 (2011) 2427-2438, arXiv:1007.4716       #
#    A. van Hameren, C.G. Papadopoulos and R. Pittau,                  #
#      JHEP 0909:106,2009, arXiv:0903.4665                             #
# in publications with results obtained with the help of this program. #
#                                                                      #
########################################################################
 PASSED   1.0000000000000001E-005
 MU_R    =    325.00000000000000     
 ALPHA_S =   0.11799999999999999     
 BORN                    6.0981535007963701E-011
 SINGLE POLE (MadFKS)   -1.3576080366383804E-011
 DOUBLE POLE (MadFKS)   -6.1080026805022327E-012
 SINGLE POLE (MadLoop)  -1.3576080366383027E-011
 DOUBLE POLE (MadLoop)  -6.1080026805022578E-012
 FINITE PART (MadLoop)  -7.6010317950244523E-013
   325.00000000000000        0.0000000000000000        0.0000000000000000        325.00000000000000        0.0000000000000000     
   325.00000000000000        0.0000000000000000        0.0000000000000000       -325.00000000000000        0.0000000000000000     
   119.01462399830419        52.869229266436037        56.672528988459348       -90.319155112761010        0.0000000000000000     
   301.99005850603163       -169.49406262213344       -197.20301096788623        153.56018571726349        0.0000000000000000     
   35.852040682620370       -20.426973514751705        9.0714333081827139       -28.032421798180259        0.0000000000000000     
   193.14327681304380        137.05180687044910        131.45904867124415       -35.208608806322211        0.0000000000000000     

 PASSED   1.0000000000000001E-005
 MU_R    =    325.00000000000000     
 ALPHA_S =   0.11799999999999999     
 BORN                    6.8628831435983625E-012
 SINGLE POLE (MadFKS)   -1.7442699533383953E-012
 DOUBLE POLE (MadFKS)   -6.8739674446696305E-013
 SINGLE POLE (MadLoop)  -1.7442699533384187E-012
 DOUBLE POLE (MadLoop)  -6.8739674446696427E-013
 FINITE PART (MadLoop)   9.6130868642316606E-013
   325.00000000000000        0.0000000000000000        0.0000000000000000        325.00000000000000        0.0000000000000000     
   325.00000000000000        0.0000000000000000        0.0000000000000000       -325.00000000000000        0.0000000000000000     
   166.63026874646496        92.648548365124725       -138.30504714660520        7.3216720856369228        0.0000000000000000     
   156.85469181788440       -42.213571149372257        94.886377916899264       -117.54992148832659        0.0000000000000000     
   192.79674590505851       -63.347874482270662       -78.112344740518282        164.48736616924901        0.0000000000000000     
   133.71829353059221        12.912897266518186        121.53101397022422       -54.259116766559359        0.0000000000000000     

 PASSED   1.0000000000000001E-005
 MU_R    =    325.00000000000000     
 ALPHA_S =   0.11799999999999999     
 BORN                    5.3237073199436398E-011
 SINGLE POLE (MadFKS)   -7.0013226093290094E-012
 DOUBLE POLE (MadFKS)   -5.3323056850206564E-012
 SINGLE POLE (MadLoop)  -7.0013226093285457E-012
 DOUBLE POLE (MadLoop)  -5.3323056850206677E-012
 FINITE PART (MadLoop)  -3.4520414206057935E-012
   325.00000000000000        0.0000000000000000        0.0000000000000000        325.00000000000000        0.0000000000000000     
   325.00000000000000        0.0000000000000000        0.0000000000000000       -325.00000000000000        0.0000000000000000     
   55.768839066035639        36.639289731198389       -26.686288698086379        32.489503755660373        0.0000000000000000     
   100.01692776415456        93.516020579593686       0.82776146441614318        35.460605540446629        0.0000000000000000     
   287.88485949279635       -198.31155370461445        208.68511925826826      -0.86080927693917120        0.0000000000000000     
   206.32937367701351        68.156243393822379       -182.82659202459803       -67.089300019167865        0.0000000000000000     

 PASSED   1.0000000000000001E-005
 MU_R    =    325.00000000000000     
 ALPHA_S =   0.11799999999999999     
 BORN                    6.9083753990384870E-011
 SINGLE POLE (MadFKS)   -1.3732059334654684E-011
 DOUBLE POLE (MadFKS)   -6.9195331750393378E-012
 SINGLE POLE (MadLoop)  -1.3732059334654587E-011
 DOUBLE POLE (MadLoop)  -6.9195331750393370E-012
 FINITE PART (MadLoop)   4.2147131096738701E-012
   325.00000000000000        0.0000000000000000        0.0000000000000000        325.00000000000000        0.0000000000000000     
   325.00000000000000        0.0000000000000000        0.0000000000000000       -325.00000000000000        0.0000000000000000     
   281.12713673247220        167.88391482472835       -16.767395725748205       -224.86954571728393        0.0000000000000000     
   107.33813282854673       -38.288144061131405        56.179483841521424        83.062376433455270        0.0000000000000000     
   39.888860574138135        10.200980831493821       -24.756357619316312       -29.566601857552826        0.0000000000000000     
   221.64586986484289       -139.79675159509074       -14.655730496456925        171.37377114138144        0.0000000000000000     

 PASSED   1.0000000000000001E-005
 MU_R    =    325.00000000000000     
 ALPHA_S =   0.11799999999999999     
 BORN                    1.4381312350186376E-008
 SINGLE POLE (MadFKS)   -1.7215496208950294E-009
 DOUBLE POLE (MadFKS)   -1.4404539730363774E-009
 SINGLE POLE (MadLoop)  -1.7215496208951538E-009
 DOUBLE POLE (MadLoop)  -1.4404539730364274E-009
 FINITE PART (MadLoop)   4.5858512292635890E-011
   325.00000000000000        0.0000000000000000        0.0000000000000000        325.00000000000000        0.0000000000000000     
   325.00000000000000        0.0000000000000000        0.0000000000000000       -325.00000000000000        0.0000000000000000     
   66.888231773788704       -41.202609274415344        49.784059311316526        17.260590293824148        0.0000000000000000     
   177.61619487547719       -167.81836316213608        30.786291998514898       -49.363082284304951        0.0000000000000000     
   224.24064893458279        98.610025687913179       -193.03598299594529       -57.419863612002970        0.0000000000000000     
   181.25492441615148        110.41094674863824        112.46563168611384        89.522355602483771        0.0000000000000000     

 PASSED   1.0000000000000001E-005
 MU_R    =    325.00000000000000     
 ALPHA_S =   0.11799999999999999     
 BORN                    4.6568603867555475E-011
 SINGLE POLE (MadFKS)   -8.3520948794404790E-012
 DOUBLE POLE (MadFKS)   -4.6643817216659057E-012
 SINGLE POLE (MadLoop)  -8.3520948794403998E-012
 DOUBLE POLE (MadLoop)  -4.6643817216659001E-012
 FINITE PART (MadLoop)   6.3666767153864938E-012
   325.00000000000000        0.0000000000000000        0.0000000000000000        325.00000000000000        0.0000000000000000     
   325.00000000000000        0.0000000000000000        0.0000000000000000       -325.00000000000000        0.0000000000000000     
   135.43130855942019       -110.19988340112951       -36.000427457040288       -70.011386641065187        0.0000000000000000     
   138.22686830018768       -19.380469818188153        87.347048940229584       -105.36392907981777        0.0000000000000000     
   219.26457762624682        127.92435483132773        102.83279376582043        145.38820780558930        0.0000000000000000     
   157.07724551414518        1.6559983879899265       -154.17941524900962        29.987107915293684        0.0000000000000000     

 PASSED   1.0000000000000001E-005
 MU_R    =    325.00000000000000     
 ALPHA_S =   0.11799999999999999     
 BORN                    2.0439335384290797E-011
 SINGLE POLE (MadFKS)   -3.9788289504367567E-012
 DOUBLE POLE (MadFKS)   -2.0472347129115190E-012
 SINGLE POLE (MadLoop)  -3.9788289504367252E-012
 DOUBLE POLE (MadLoop)  -2.0472347129114883E-012
 FINITE PART (MadLoop)   1.1593825014921970E-012
   325.00000000000000        0.0000000000000000        0.0000000000000000        325.00000000000000        0.0000000000000000     
   325.00000000000000        0.0000000000000000        0.0000000000000000       -325.00000000000000        0.0000000000000000     
   295.73002207356222       -235.14630509167017       -162.76871048036227        75.291487207550972        0.0000000000000000     
   115.85562068896351        48.995589245709461        104.09610604358804       -13.636633978105159        0.0000000000000000     
   174.84959351442649        167.25475458223161       -1.0691406371155006       -50.961596914694518        0.0000000000000000     
   63.564763723048067        18.895961263728804        59.741745073889717       -10.693256314751421        0.0000000000000000     

 PASSED   1.0000000000000001E-005
 MU_R    =    325.00000000000000     
 ALPHA_S =   0.11799999999999999     
 BORN                    1.2393968821375625E-010
 SINGLE POLE (MadFKS)   -4.3208595003756785E-011
 DOUBLE POLE (MadFKS)   -1.2413986426077547E-011
 SINGLE POLE (MadLoop)  -4.3208595003756391E-011
 DOUBLE POLE (MadLoop)  -1.2413986426077508E-011
 FINITE PART (MadLoop)  -2.5421982676820874E-012
   325.00000000000000        0.0000000000000000        0.0000000000000000        325.00000000000000        0.0000000000000000     
   325.00000000000000        0.0000000000000000        0.0000000000000000       -325.00000000000000        0.0000000000000000     
   160.23315606951127        2.2150230461581089       -94.547451145670152        129.34657884443044        0.0000000000000000     
   127.23530396304218       -88.641112349105896        26.904464663768017        87.222276725828365        0.0000000000000000     
   65.962425274935313       -23.701577209555399        26.271928007093315        55.669224754086670        0.0000000000000000     
   296.56911469251128        110.12766651250315        41.371058474808819       -272.23808032434545        0.0000000000000000     

 PASSED   1.0000000000000001E-005
 MU_R    =    325.00000000000000     
 ALPHA_S =   0.11799999999999999     
 BORN                    3.7933756150373168E-010
 SINGLE POLE (MadFKS)   -1.0461968257361748E-010
 DOUBLE POLE (MadFKS)   -3.7995023283316708E-011
 SINGLE POLE (MadLoop)  -1.0461968257361546E-010
 DOUBLE POLE (MadLoop)  -3.7995023283316921E-011
 FINITE PART (MadLoop)  -4.7299019345823092E-011
   325.00000000000000        0.0000000000000000        0.0000000000000000        325.00000000000000        0.0000000000000000     
   325.00000000000000        0.0000000000000000        0.0000000000000000       -325.00000000000000        0.0000000000000000     
   43.081308636666449        12.091021168895335       -40.508870535015127        8.2968529526814585        0.0000000000000000     
   39.199402543289054        5.2441823504664473       -34.415559696381457        18.018350701733951        0.0000000000000000     
   278.79939252973833        96.482206319515868        111.22104186721276        236.74916047293843        0.0000000000000000     
   288.91989629030627       -113.81740983887762       -36.296611635816177       -263.06436412735383        0.0000000000000000     

 PASSED   1.0000000000000001E-005
 MU_R    =    325.00000000000000     
 ALPHA_S =   0.11799999999999999     
 BORN                    4.9667063842160379E-012
 SINGLE POLE (MadFKS)   -7.6041134715042545E-013
 DOUBLE POLE (MadFKS)   -4.9747281540383310E-013
 SINGLE POLE (MadLoop)  -7.6041134715012909E-013
 DOUBLE POLE (MadLoop)  -4.9747281540382987E-013
 FINITE PART (MadLoop)   3.0352072860845871E-013
   325.00000000000000        0.0000000000000000        0.0000000000000000        325.00000000000000        0.0000000000000000     
   325.00000000000000        0.0000000000000000        0.0000000000000000       -325.00000000000000        0.0000000000000000     
   148.53922456662590        59.982877495299434        76.977532430278885       -111.98399503136056        0.0000000000000000     
   184.94794108067202       -118.12746484627820       -119.41897195755189        77.399948937789972        0.0000000000000000     
   123.81653682842555       -26.769618169085923       -59.086354102519394       -105.46433090926003        0.0000000000000000     
   192.69629752427647        84.914205520064712        101.52779362979236        140.04837700283065        0.0000000000000000     

 PASSED   1.0000000000000001E-005
 MU_R    =    325.00000000000000     
 ALPHA_S =   0.11799999999999999     
 BORN                    3.0383050562158276E-011
 SINGLE POLE (MadFKS)   -7.4626290342543827E-012
 DOUBLE POLE (MadFKS)   -3.0432122486136562E-012
 SINGLE POLE (MadLoop)  -7.4626290342541711E-012
 DOUBLE POLE (MadLoop)  -3.0432122486135593E-012
 FINITE PART (MadLoop)   4.4136593402845553E-012
   325.00000000000000        0.0000000000000000        0.0000000000000000        325.00000000000000        0.0000000000000000     
   325.00000000000000        0.0000000000000000        0.0000000000000000       -325.00000000000000        0.0000000000000000     
   191.38295940805003        132.24714856292874        113.78663556040520        78.681194809188938        0.0000000000000000     
   295.10663065978861       -251.83984617548907       -93.070313984629522       -122.48482351900316        0.0000000000000000     
   85.355100064061318        49.577968328757606       -55.396400094738908        41.937537122275572        0.0000000000000000     
   78.155309868099920        70.014729283802765        34.680078518963228        1.8660915875386488        0.0000000000000000     

 PASSED   1.0000000000000001E-005
 MU_R    =    325.00000000000000     
 ALPHA_S =   0.11799999999999999     
 BORN                    1.5017875927125354E-011
 SINGLE POLE (MadFKS)   -5.8995552417895987E-012
 DOUBLE POLE (MadFKS)   -1.5042131426562565E-012
 SINGLE POLE (MadLoop)  -5.8995552417898209E-012
 DOUBLE POLE (MadLoop)  -1.5042131426562496E-012
 FINITE PART (MadLoop)  -5.0237353608559970E-012
   325.00000000000000        0.0000000000000000        0.0000000000000000        325.00000000000000        0.0000000000000000     
   325.00000000000000        0.0000000000000000        0.0000000000000000       -325.00000000000000        0.0000000000000000     
   232.33044826469242        116.28136710485751       -191.47567458457033        61.588528943967972        0.0000000000000000     
   300.85860622085431       -133.09688779546713        252.61377413016953       -94.801901436772212        0.0000000000000000     
   69.300104558840758       -2.1909539856864879       -29.199492401723536        62.809982136445129        0.0000000000000000     
   47.510840955613176        19.006474676296254       -31.938607143875711       -29.596609643640697        0.0000000000000000     

 PASSED   1.0000000000000001E-005
 MU_R    =    325.00000000000000     
 ALPHA_S =   0.11799999999999999     
 BORN                    9.5693089685880868E-012
 SINGLE POLE (MadFKS)   -2.1314802480918990E-012
 DOUBLE POLE (MadFKS)   -9.5847644410815622E-013
 SINGLE POLE (MadLoop)  -2.1314802480919688E-012
 DOUBLE POLE (MadLoop)  -9.5847644410815501E-013
 FINITE PART (MadLoop)   1.5019524283799247E-013
   325.00000000000000        0.0000000000000000        0.0000000000000000        325.00000000000000        0.0000000000000000     
   325.00000000000000        0.0000000000000000        0.0000000000000000       -325.00000000000000        0.0000000000000000     
   247.40843888175792       -114.58002504131427        218.34517168591898       -20.192560335106410        0.0000000000000000     
   85.376652213817252       -22.313670929573117        4.8912391277080474        82.263896167646990        0.0000000000000000     
   183.48998712087047        99.178820201430995       -148.49518284560384        42.205659202530178        0.0000000000000000     
   133.72492178355427        37.714875769456384       -74.741227968023168       -104.27699503507075        0.0000000000000000     

 PASSED   1.0000000000000001E-005
 MU_R    =    325.00000000000000     
 ALPHA_S =   0.11799999999999999     
 BORN                    6.0628749018291493E-011
 SINGLE POLE (MadFKS)   -1.1181227678300366E-011
 DOUBLE POLE (MadFKS)   -6.0726671027690692E-012
 SINGLE POLE (MadLoop)  -1.1181227678300072E-011
 DOUBLE POLE (MadLoop)  -6.0726671027690757E-012
 FINITE PART (MadLoop)   6.6751650210673278E-012
   325.00000000000000        0.0000000000000000        0.0000000000000000        325.00000000000000        0.0000000000000000     
   325.00000000000000        0.0000000000000000        0.0000000000000000       -325.00000000000000        0.0000000000000000     
Thanks for using LHAPDF 6.2.1. Please make sure to cite the paper:
  Eur.Phys.J. C75 (2015) 3, 132  (http://arxiv.org/abs/1412.7420)
   96.557910380430656       -69.901449549857801       -33.606013926771418       -57.513939491375567        0.0000000000000000     
   217.78651594776284        96.778837790206524       -99.901321639315483       -167.58445339398307        0.0000000000000000     
   192.36644382816371       -50.751291808948501        163.83468127579297        87.105409143613798        0.0000000000000000     
   143.28912984364268        23.873903568599768       -30.327345709706044        137.99298374174484        0.0000000000000000     

 PASSED   1.0000000000000001E-005
 MU_R    =    325.00000000000000     
 ALPHA_S =   0.11799999999999999     
 BORN                    8.3255546753120011E-011
 SINGLE POLE (MadFKS)   -2.2373246782578710E-011
 DOUBLE POLE (MadFKS)   -8.3390013496434067E-012
 SINGLE POLE (MadLoop)  -2.2373246782580736E-011
 DOUBLE POLE (MadLoop)  -8.3390013496433017E-012
 FINITE PART (MadLoop)  -4.7173773336142798E-012
   325.00000000000000        0.0000000000000000        0.0000000000000000        325.00000000000000        0.0000000000000000     
   325.00000000000000        0.0000000000000000        0.0000000000000000       -325.00000000000000        0.0000000000000000     
   197.83143169526375        130.60133099780882       -96.436384009407760       -113.05127839785200        0.0000000000000000     
   240.30241119126677       -219.21768199826144        93.564473437155598       -30.570345664934415        0.0000000000000000     
   171.71610596957339        108.07109374741552        34.733295336622191        128.84354054685886        0.0000000000000000     
   40.150051143895986       -19.454742746962907       -31.861384764369987        14.778083515927548        0.0000000000000000     

 PASSED   1.0000000000000001E-005
 MU_R    =    325.00000000000000     
 ALPHA_S =   0.11799999999999999     
 BORN                    5.7280537779960976E-012
 SINGLE POLE (MadFKS)   -8.6417995246803061E-013
 DOUBLE POLE (MadFKS)   -5.7373052064845667E-013
 SINGLE POLE (MadLoop)  -8.6417995246813431E-013
 DOUBLE POLE (MadLoop)  -5.7373052064845616E-013
 FINITE PART (MadLoop)   4.7928622918052650E-013
   325.00000000000000        0.0000000000000000        0.0000000000000000        325.00000000000000        0.0000000000000000     
   325.00000000000000        0.0000000000000000        0.0000000000000000       -325.00000000000000        0.0000000000000000     
   175.24181467746456        98.925126612852040       -110.70922037544400        93.096624320881787        0.0000000000000000     
   179.44618977374355       -68.771557305967320        115.37100917126241       -118.99974022169515        0.0000000000000000     
   140.07949403703563        17.452665464235100       -126.36276752969144       -57.880222011517446        0.0000000000000000     
   155.23250151175620       -47.606234771119851        121.70097873387304        83.783337912330779        0.0000000000000000     

 PASSED   1.0000000000000001E-005
 MU_R    =    325.00000000000000     
 ALPHA_S =   0.11799999999999999     
 BORN                    3.6661492325180229E-012
 SINGLE POLE (MadFKS)   -5.7948376626404511E-013
 DOUBLE POLE (MadFKS)   -3.6720704613973652E-013
 SINGLE POLE (MadLoop)  -5.7948376626402229E-013
 DOUBLE POLE (MadLoop)  -3.6720704613974036E-013
 FINITE PART (MadLoop)  -1.0856974833680980E-013
   325.00000000000000        0.0000000000000000        0.0000000000000000        325.00000000000000        0.0000000000000000     
   325.00000000000000        0.0000000000000000        0.0000000000000000       -325.00000000000000        0.0000000000000000     
   234.80787549372067       -51.609915010919082       -117.18919190401154        196.81932925229953        0.0000000000000000     
   97.783557640244069       -31.618302882243125       -71.641392428101526       -58.561232556977764        0.0000000000000000     
   142.28868841977044        62.324437575573761        15.328243711960377       -126.99126063557944        0.0000000000000000     
   175.11987844626495        20.903780317588254        173.50234062015272       -11.266836059742293        0.0000000000000000     

 PASSED   1.0000000000000001E-005
 MU_R    =    325.00000000000000     
 ALPHA_S =   0.11799999999999999     
 BORN                    2.1906274699439414E-011
 SINGLE POLE (MadFKS)   -2.7185671747373930E-012
 DOUBLE POLE (MadFKS)   -2.1941655710457350E-012
 SINGLE POLE (MadLoop)  -2.7185671747372722E-012
 DOUBLE POLE (MadLoop)  -2.1941655710455153E-012
 FINITE PART (MadLoop)  -1.6983524114721450E-012
   325.00000000000000        0.0000000000000000        0.0000000000000000        325.00000000000000        0.0000000000000000     
   325.00000000000000        0.0000000000000000        0.0000000000000000       -325.00000000000000        0.0000000000000000     
   184.28304553558013       -94.141996084447442       -153.94291355569194        37.404609489865550        0.0000000000000000     
   68.766978752623714       -3.8799533804675188       -2.3311690284059816       -68.617847383098535        0.0000000000000000     
   145.41068654121835        87.119177086270412       -57.181075290468371       -101.41420695753290        0.0000000000000000     
   251.53928917057760        10.902772378644569        213.45515787456634        132.62744485076587        0.0000000000000000     

 PASSED   1.0000000000000001E-005
 MU_R    =    325.00000000000000     
 ALPHA_S =   0.11799999999999999     
 BORN                    3.6264729178548164E-012
 SINGLE POLE (MadFKS)   -1.1073353976085923E-012
 DOUBLE POLE (MadFKS)   -3.6323300651801058E-013
 SINGLE POLE (MadLoop)  -1.1073353976085257E-012
 DOUBLE POLE (MadLoop)  -3.6323300651801053E-013
 FINITE PART (MadLoop)  -3.8770256440656439E-013
   325.00000000000000        0.0000000000000000        0.0000000000000000        325.00000000000000        0.0000000000000000     
   325.00000000000000        0.0000000000000000        0.0000000000000000       -325.00000000000000        0.0000000000000000     
   188.54694507959502        107.19477850050622       -28.711555533602969        152.42990697338914        0.0000000000000000     
   116.87015485738415        43.151446500983276        92.712809470811735       -56.576680012976169        0.0000000000000000     
   114.13907832579305       -24.764559663928818       -54.580569895837996        97.136024087661596        0.0000000000000000     
   230.44382173722772       -125.58166533756066       -9.4206840413707749       -192.98925104807461        0.0000000000000000     

 PASSED   1.0000000000000001E-005
 MU_R    =    325.00000000000000     
 ALPHA_S =   0.11799999999999999     
 BORN                    9.9405984046266503E-012
 SINGLE POLE (MadFKS)   -1.3021933550053154E-012
 DOUBLE POLE (MadFKS)   -9.9566535498535119E-013
 SINGLE POLE (MadLoop)  -1.3021933550051643E-012
 DOUBLE POLE (MadLoop)  -9.9566535498534776E-013
 FINITE PART (MadLoop)  -4.2378187440981129E-013
   325.00000000000000        0.0000000000000000        0.0000000000000000        325.00000000000000        0.0000000000000000     
   325.00000000000000        0.0000000000000000        0.0000000000000000       -325.00000000000000        0.0000000000000000     
   147.45653224218964        99.490760380519404       -12.508230295568854        108.11365165727688        0.0000000000000000     
   132.53355398956708       -109.81089704313635       -59.197128920762353       -44.748293277239561        0.0000000000000000     
   232.28241959550778       -4.1742488432831566        184.49771838989906       -141.06129876284066        0.0000000000000000     
   137.72749417273556        14.494385505900143       -112.79235917356785        77.695940382803300        0.0000000000000000     

 NUMBER OF POINTS PASSING THE CHECK          20
 NUMBER OF POINTS FAILING THE CHECK           0
 TOLERANCE    1.0000000000000001E-005
