==== LHAPDF6 USING DEFAULT-TYPE LHAGLUE INTERFACE ====
LHAPDF 6.2.1 loading /cvmfs/cms.cern.ch/slc6_amd64_gcc481/external/lhapdf/6.2.1/share/LHAPDF/NNPDF31_nnlo_hessian_pdfas/NNPDF31_nnlo_hessian_pdfas_0000.dat
NNPDF31_nnlo_hessian_pdfas PDF set, member #0, version 1; LHAPDF ID = 306000
 A PDF is used, so alpha_s(MZ) is going to be modified
 Old value of alpha_s from param_card:   0.11799999999999999     
 New value of alpha_s from PDF lhapdf :  0.11800208008122040     
 using LHAPDF
 *****************************************************
 *               MadGraph/MadEvent                   *
 *        --------------------------------           *
 *          http://madgraph.hep.uiuc.edu             *
 *          http://madgraph.phys.ucl.ac.be           *
 *          http://madgraph.roma2.infn.it            *
 *        --------------------------------           *
 *                                                   *
 *          PARAMETER AND COUPLING VALUES            *
 *                                                   *
 *****************************************************

  External Params
  ---------------------------------
  
 MU_R =    91.188000000000002     
 aEWM1 =    132.50700000000001     
 mdl_Gf =    1.1663900000000000E-005
 aS =   0.11799999999999999     
 mdl_lamWS =   0.22530000000000000     
 mdl_AWS =   0.80800000000000005     
 mdl_rhoWS =   0.13200000000000001     
 mdl_etaWS =   0.34100000000000003     
 mdl_ymt =    173.00000000000000     
 mdl_ymtau =    1.7769999999999999     
 mdl_MT =    173.00000000000000     
 mdl_MZ =    91.188000000000002     
 mdl_MH =    125.00000000000000     
 mdl_MTA =    1.7769999999999999     
 mdl_WT =    1.4915000000000000     
 mdl_WZ =    2.4414039999999999     
 mdl_WW =    2.0476000000000001     
 mdl_WH =    6.3823389999999999E-003
  Internal Params
  ---------------------------------
  
 mdl_CKM33 =    1.0000000000000000     
 mdl_conjg__CKM3x3 =    1.0000000000000000     
 mdl_I4x33 =    0.0000000000000000     
 mdl_I1x33 =    0.0000000000000000     
 mdl_lhv =    1.0000000000000000     
 mdl_CKM3x3 =    1.0000000000000000     
 mdl_conjg__CKM33 =    1.0000000000000000     
 mdl_Ncol =    3.0000000000000000     
 mdl_CA =    3.0000000000000000     
 mdl_TF =   0.50000000000000000     
 mdl_CF =    1.3333333333333333     
 mdl_lamWS__exp__2 =    5.0760090000000001E-002
 mdl_CKM11 =  ( 0.97461995499999998     ,  0.0000000000000000     )
 mdl_CKM12 =  ( 0.22530000000000000     ,  0.0000000000000000     )
 mdl_complexi =  (  0.0000000000000000     ,  1.0000000000000000     )
 mdl_lamWS__exp__3 =    1.1436248277000001E-002
 mdl_CKM13 =  (  1.2197444962317122E-003, -3.1510066152652563E-003)
 mdl_CKM21 =  (-0.22530000000000000     ,  0.0000000000000000     )
 mdl_CKM22 =  ( 0.97461995499999998     ,  0.0000000000000000     )
 mdl_CKM23 =  (  4.1014152720000002E-002,  0.0000000000000000     )
 mdl_CKM31 =  (  8.0207441115842885E-003, -3.1510066152652563E-003)
 mdl_CKM32 =  ( -4.1014152720000002E-002,  0.0000000000000000     )
 mdl_MZ__exp__2 =    8315.2513440000002     
 mdl_MZ__exp__4 =    69143404.913893804     
 mdl_sqrt__2 =    1.4142135623730951     
 mdl_MH__exp__2 =    15625.000000000000     
 mdl_CKM1x1 =  ( 0.97461995499999998     ,  0.0000000000000000     )
 mdl_CKM1x2 =  ( 0.22530000000000000     ,  0.0000000000000000     )
 mdl_CKM1x3 =  (  1.2197444962317122E-003, -3.1510066152652563E-003)
 mdl_CKM2x1 =  (-0.22530000000000000     ,  0.0000000000000000     )
 mdl_CKM2x2 =  ( 0.97461995499999998     ,  0.0000000000000000     )
 mdl_CKM2x3 =  (  4.1014152720000002E-002,  0.0000000000000000     )
 mdl_CKM3x1 =  (  8.0207441115842885E-003, -3.1510066152652563E-003)
 mdl_CKM3x2 =  ( -4.1014152720000002E-002,  0.0000000000000000     )
 mdl_conjg__CKM1x3 =  (  1.2197444962317122E-003,  3.1510066152652563E-003)
 mdl_conjg__CKM2x3 =  (  4.1014152720000002E-002, -0.0000000000000000     )
 mdl_conjg__CKM2x1 =  (-0.22530000000000000     , -0.0000000000000000     )
 mdl_conjg__CKM3x1 =  (  8.0207441115842885E-003,  3.1510066152652563E-003)
 mdl_conjg__CKM2x2 =  ( 0.97461995499999998     , -0.0000000000000000     )
 mdl_conjg__CKM3x2 =  ( -4.1014152720000002E-002, -0.0000000000000000     )
 mdl_Ncol__exp__2 =    9.0000000000000000     
 mdl_MT__exp__2 =    29929.000000000000     
 mdl_conjg__CKM11 =  ( 0.97461995499999998     , -0.0000000000000000     )
 mdl_conjg__CKM12 =  ( 0.22530000000000000     , -0.0000000000000000     )
 mdl_conjg__CKM13 =  (  1.2197444962317122E-003,  3.1510066152652563E-003)
 mdl_conjg__CKM21 =  (-0.22530000000000000     , -0.0000000000000000     )
 mdl_conjg__CKM22 =  ( 0.97461995499999998     , -0.0000000000000000     )
 mdl_conjg__CKM23 =  (  4.1014152720000002E-002, -0.0000000000000000     )
 mdl_conjg__CKM31 =  (  8.0207441115842885E-003,  3.1510066152652563E-003)
 mdl_conjg__CKM32 =  ( -4.1014152720000002E-002, -0.0000000000000000     )
 mdl_aEW =    7.5467711139788835E-003
 mdl_MW =    80.419002445756163     
 mdl_sqrt__aEW =    8.6872153846781555E-002
 mdl_ee =   0.30795376724436879     
 mdl_MW__exp__2 =    6467.2159543705357     
 mdl_sw2 =   0.22224648578577766     
 mdl_cw =   0.88190334743339216     
 mdl_sqrt__sw2 =   0.47143025548407230     
 mdl_sw =   0.47143025548407230     
 mdl_g1 =   0.34919219678733299     
 mdl_gw =   0.65323293034757990     
 mdl_v =    246.21845810181637     
 mdl_v__exp__2 =    60623.529110035903     
 mdl_lam =   0.12886910601690263     
 mdl_yt =   0.99366614581500623     
 mdl_ytau =    1.0206617000654717E-002
 mdl_muH =    88.388347648318430     
 mdl_AxialZUp =  -0.18517701861793787     
 mdl_AxialZDown =   0.18517701861793787     
 mdl_VectorZUp =    7.5430507588273299E-002
 mdl_VectorZDown =  -0.13030376310310560     
 mdl_VectorAUp =   0.20530251149624587     
 mdl_VectorADown =  -0.10265125574812294     
 mdl_VectorWmDxU =   0.23095271737156670     
 mdl_AxialWmDxU =  -0.23095271737156670     
 mdl_VectorWpUxD =   0.23095271737156670     
 mdl_AxialWpUxD =  -0.23095271737156670     
 mdl_I2x13 =  (  7.9699418879263656E-003,  3.1310485988282153E-003)
 mdl_I2x23 =  ( -4.0754375057150453E-002, -0.0000000000000000     )
 mdl_I2x33 =  ( 0.99366614581500623     ,  0.0000000000000000     )
 mdl_I3x31 =  (  7.9699418879263656E-003, -3.1310485988282153E-003)
 mdl_I3x32 =  ( -4.0754375057150453E-002,  0.0000000000000000     )
 mdl_I3x33 =  ( 0.99366614581500623     ,  0.0000000000000000     )
 mdl_Vector_tdGp =  ( -7.9699418879263656E-003, -3.1310485988282153E-003)
 mdl_Vector_tsGp =  (  4.0754375057150453E-002,  0.0000000000000000     )
 mdl_Vector_tbGp =  (-0.99366614581500623     ,  0.0000000000000000     )
 mdl_Axial_tdGp =  ( -7.9699418879263656E-003, -3.1310485988282153E-003)
 mdl_Axial_tsGp =  (  4.0754375057150453E-002,  0.0000000000000000     )
 mdl_Axial_tbGp =  (-0.99366614581500623     , -0.0000000000000000     )
 mdl_Vector_tdGm =  (  7.9699418879263656E-003, -3.1310485988282153E-003)
 mdl_Vector_tsGm =  ( -4.0754375057150453E-002,  0.0000000000000000     )
 mdl_Vector_tbGm =  ( 0.99366614581500623     ,  0.0000000000000000     )
 mdl_Axial_tdGm =  ( -7.9699418879263656E-003,  3.1310485988282153E-003)
 mdl_Axial_tsGm =  (  4.0754375057150453E-002, -0.0000000000000000     )
 mdl_Axial_tbGm =  (-0.99366614581500623     ,  0.0000000000000000     )
 mdl_gw__exp__2 =   0.42671326129048615     
 mdl_cw__exp__2 =   0.77775351421422245     
 mdl_ee__exp__2 =    9.4835522759998875E-002
 mdl_sw__exp__2 =   0.22224648578577769     
 mdl_yt__exp__2 =   0.98737240933884918     
  Internal Params evaluated point by point
  ----------------------------------------
  
 mdl_sqrt__aS =   0.34351128074635334     
 mdl_G__exp__4 =    2.1987899468922913     
 mdl_G__exp__2 =    1.4828317324943823     
 mdl_R2MixedFactor_FIN_ =   -2.5040377713124864E-002
 mdl_G_UVg_1EPS_ =   -5.1645779033320030E-002
 mdl_G_UVq_1EPS_ =    3.1300472141406080E-003
 mdl_G_UVb_1EPS_ =    3.1300472141406080E-003
 mdl_GWcft_UV_t_1EPS_ =   -3.1300472141406080E-003
 mdl_tWcft_UV_1EPS_ =   -1.8780283284843650E-002
 mdl_G__exp__3 =    1.8056676068262196     
 mdl_MU_R__exp__2 =    8315.2513440000002     
 mdl_G_UVt_FIN_ =   -4.0087659331150384E-003
 mdl_GWcft_UV_t_FIN_ =    4.0087659331150384E-003
 mdl_tWcft_UV_FIN_ =   -9.8778211443463623E-004
  Couplings of loop_sm-ckm_no_b_mass
  ---------------------------------
  
       UV_3Gt =   0.48815E-02   0.00000E+00
      UV_GQQt =   0.00000E+00  -0.48815E-02
   UVWfct_G_2 =   0.40088E-02   0.00000E+00
       R2_DDA =   0.00000E+00   0.25704E-02
       R2_UUA =  -0.00000E+00  -0.51409E-02
    R2_DDZ_V2 =   0.00000E+00   0.72127E-02
    R2_UUZ_V2 =  -0.00000E+00  -0.72127E-02
    R2_UUZ_V5 =   0.00000E+00   0.68702E-03
      R2_GGHt =   0.00000E+00  -0.45657E+01
     R2_GGZup =  -0.46369E-02   0.00000E+00
   R2_GGZdown =   0.46369E-02   0.00000E+00
 R2_GGGZvecUp =   0.00000E+00   0.28750E-03
 R2_GGGZvecDown  -0.00000E+00  -0.49665E-03
 R2_GGGZaxialUp  -0.00000E+00  -0.63522E-02
 R2_GGGZaxialDow  0.00000E+00   0.63522E-02
 R2_GGGAvecUp =   0.00000E+00   0.78251E-03
 R2_GGGAvecDown  -0.00000E+00  -0.39126E-03
         GC_4 =  -0.12177E+01   0.00000E+00
         GC_5 =   0.00000E+00   0.12177E+01
         GC_6 =   0.00000E+00   0.14828E+01
       R2_3Gq =   0.76230E-02   0.00000E+00
       R2_3Gg =   0.31445E-01   0.00000E+00
       R2_GQQ =  -0.00000E+00  -0.30492E-01
       R2_GGq =   0.00000E+00   0.62601E-02
       R2_GGt =  -0.00000E+00  -0.11242E+04
     R2_GGg_1 =   0.00000E+00   0.28170E-01
     R2_GGg_2 =  -0.00000E+00  -0.18780E-01
       R2_QQq =   0.00000E+00   0.12520E-01
  UV_3Gg_1eps =   0.62890E-01   0.00000E+00
  UV_3Gb_1eps =  -0.38115E-02   0.00000E+00
 UV_GQQg_1eps =   0.00000E+00  -0.62890E-01
 UV_GQQq_1eps =   0.00000E+00   0.38115E-02
 UVWfct_G_2_1eps -0.31300E-02   0.00000E+00
         GC_1 =  -0.00000E+00  -0.10265E+00
         GC_2 =   0.00000E+00   0.20530E+00
        GC_21 =  -0.00000E+00  -0.28804E+00
        GC_22 =   0.00000E+00   0.28804E+00
        GC_23 =  -0.00000E+00  -0.27437E-01
        GC_24 =   0.00000E+00   0.82310E-01
        GC_37 =  -0.00000E+00  -0.70263E+00
        GC_38 =  -0.00000E+00  -0.72172E-02
      GC_1003 =  -0.00000E+00  -0.30795E+00

 Collider parameters:
 --------------------

 Running at P P   machine @    13000.000000000000       GeV
 PDF set = lhapdf 
 alpha_s(Mz)= 0.1180 running at 3 loops.
 alpha_s(Mz)= 0.1180 running at 3 loops.
 Renormalization scale set on event-by-event basis
 Factorization   scale set on event-by-event basis


 ===============================================================
 INFO: MadFKS read these parameters from FKS_params.dat
 ===============================================================
  > IRPoleCheckThreshold      =    1.0000000000000001E-005
  > PrecisionVirtualAtRunTime =    1.0000000000000000E-003
  > NHelForMCoverHels         =            4
  > VirtualFraction           =    1.0000000000000000     
  > MinVirtualFraction        =    5.0000000000000001E-003
 ===============================================================
  Insert the number of points to test
 Insert the relative tolerance
  A negative number will mean use the default one:    1.0000000000000001E-005
Using random seed offsets:     0 ,     45 ,      0
  with seed                   32
 Ranmar initialization seeds       10729        9451
  ========================================================================================== 
 {                                                                                          }
 {       [32m                                                                            [0m       }
 {       [32m                               ,,                                           [0m       }
 {       [32m`7MMM.     ,MMF'             `7MM  `7MMF'                                   [0m       }
 {       [32m  MMMb    dPMM                 MM    MM                                     [0m       }
 {       [32m  M YM   ,M MM   ,6"Yb.   ,M""bMM    MM         ,pW"Wq.   ,pW"Wq.`7MMpdMAo. [0m       }
 {       [32m  M  Mb  M' MM  8)   MM ,AP    MM    MM        6W'   `Wb 6W'   `Wb MM   `Wb [0m       }
 {       [32m  M  YM.P'  MM   ,pm9MM 8MI    MM    MM      , 8M     M8 8M     M8 MM    M8 [0m       }
 {       [32m  M  `YM'   MM  8M   MM `Mb    MM    MM     ,M YA.   ,A9 YA.   ,A9 MM   ,AP [0m       }
 {       [32m.JML. `'  .JMML.`Moo9^Yo.`Wbmd"MML..JMMmmmmMMM  `Ybmd9'   `Ybmd9'  MMbmmd'  [0m       }
 {       [32m                                                                   MM       [0m       }
 {       [32m                                                                 .JMML.     [0m       }
 {       [32m[0mv2.4.2 (2016-06-10), Ref: arXiv:1103.0621v2, arXiv:1405.0301[32m                [0m       }
 {       [32m                                                                            [0m       }
 {                                                                                          }
  ========================================================================================== 
 ===============================================================
 INFO: MadLoop read these parameters from ./MadLoop5_resources/MadLoopParams.dat                                                                                                                                                                                                                                                                                                                                                                                                                                                                                          
 ===============================================================
  > MLReductionLib            = 6|1|2
  > IREGIMODE                 =            2
  > IREGIRECY                 =  T
  > CTModeRun                 =           -1
  > MLStabThres               =    1.0000000000000000E-003
  > NRotations_DP             =            1
  > NRotations_QP             =            0
  > CTStabThres               =    1.0000000000000000E-002
  > CTLoopLibrary             =            2
  > CTModeInit                =            1
  > CheckCycle                =            3
  > MaxAttempts               =           10
  > UseLoopFilter             =  F
  > HelicityFilterLevel       =            2
  > ImprovePSPoint            =            2
  > DoubleCheckHelicityFilter =  T
  > LoopInitStartOver         =  F
  > HelInitStartOver          =  F
  > ZeroThres                 =    1.0000000000000001E-009
  > OSThres                   =    1.0000000000000000E-008
  > WriteOutFilters           =  T
  > UseQPIntegrandForNinja    =  F
  > UseQPIntegrandForCutTools =  T
 ===============================================================
  
------------------------------------------------------------------------
|              You are using CutTools - Version 1.9.3                  |
|              Authors: G. Ossola, C. Papadopoulos, R. Pittau          |
|              Published in JHEP 0803:042,2008                         |
|              http://www.ugr.es/~pittau/CutTools                      |
|                                                                      |
|              Compiler with  34  significant digits detetected        |
 ---------------------------------------------------------------------- 
   
########################################################################
#                                                                      #
#                      You are using OneLOop-3.6                       #
#                                                                      #
# for the evaluation of 1-loop scalar 1-, 2-, 3- and 4-point functions #
#                                                                      #
# author: Andreas van Hameren <hamerenREMOVETHIS@ifj.edu.pl>           #
#   date: 18-02-2015                                                   #
#                                                                      #
# Please cite                                                          #
#    A. van Hameren,                                                   #
#      Comput.Phys.Commun. 182 (2011) 2427-2438, arXiv:1007.4716       #
#    A. van Hameren, C.G. Papadopoulos and R. Pittau,                  #
#      JHEP 0909:106,2009, arXiv:0903.4665                             #
# in publications with results obtained with the help of this program. #
#                                                                      #
########################################################################
 PASSED   1.0000000000000001E-005
 MU_R    =    325.00000000000000     
 ALPHA_S =   0.11799999999999999     
 BORN                    1.9992699620785182E-008
 SINGLE POLE (MadFKS)   -5.4707108635262934E-009
 DOUBLE POLE (MadFKS)   -3.2540608750618099E-009
 SINGLE POLE (MadLoop)  -5.4707108635125424E-009
 DOUBLE POLE (MadLoop)  -3.2540608750528218E-009
 FINITE PART (MadLoop)   1.7831967073690344E-009
   325.00000000000000        0.0000000000000000        0.0000000000000000        325.00000000000000        0.0000000000000000     
   325.00000000000000        0.0000000000000000        0.0000000000000000       -325.00000000000000        0.0000000000000000     
   67.283656939680640       -4.3887502678947854       -51.459775469171881       -43.124481109053399        0.0000000000000000     
   162.21756269019895       -93.741195358067941       -132.38984050910244      -0.23678674704976588        0.0000000000000000     
   281.62470268414847        70.363251605188069        264.53394353823154       -66.206334301120449        0.0000000000000000     
   138.87407768597208        27.766694020774690       -80.684327559957211        109.56760215722356        0.0000000000000000     

 PASSED   1.0000000000000001E-005
 MU_R    =    325.00000000000000     
 ALPHA_S =   0.11799999999999999     
 BORN                    1.8672062411886643E-009
 SINGLE POLE (MadFKS)   -8.7910747698491066E-010
 DOUBLE POLE (MadFKS)   -3.0391107205984387E-010
 SINGLE POLE (MadLoop)  -8.7910747698483942E-010
 DOUBLE POLE (MadLoop)  -3.0391107205983291E-010
 FINITE PART (MadLoop)  -6.8276900111877460E-010
   325.00000000000000        0.0000000000000000        0.0000000000000000        325.00000000000000        0.0000000000000000     
   325.00000000000000        0.0000000000000000        0.0000000000000000       -325.00000000000000        0.0000000000000000     
   267.58183487723824        34.031858720155348        223.30746512618026       -143.44213804611516        0.0000000000000000     
   205.07580725372273        61.507427813132537       -176.46839131705235        84.450162288476335        0.0000000000000000     
   91.228709692235000       -70.773598318205998       -52.648604755789989       -23.278738592800227        0.0000000000000000     
   86.113648176804176       -24.765688215081905        5.8095309466620950        82.270714350439064        0.0000000000000000     

 PASSED   1.0000000000000001E-005
 MU_R    =    325.00000000000000     
 ALPHA_S =   0.11799999999999999     
 BORN                    1.3163707003775518E-010
 SINGLE POLE (MadFKS)   -3.5917607397639995E-011
 DOUBLE POLE (MadFKS)   -2.1425572706164002E-011
 SINGLE POLE (MadLoop)  -3.5917607397639381E-011
 DOUBLE POLE (MadLoop)  -2.1425572706163902E-011
 FINITE PART (MadLoop)   2.2301313131359301E-011
   325.00000000000000        0.0000000000000000        0.0000000000000000        325.00000000000000        0.0000000000000000     
   325.00000000000000        0.0000000000000000        0.0000000000000000       -325.00000000000000        0.0000000000000000     
   188.05935785157348        70.027731796499552       -172.12739951568162       -28.889395821869538        0.0000000000000000     
   159.40918228194462       -130.21626648390748       -91.064053609689978       -12.741643495317311        0.0000000000000000     
   58.500203023184888       0.72018057350986298        41.495843022206337       -41.229238479164273        0.0000000000000000     
   244.03125684329686        59.468354113898052        221.69561010316531        82.860277796351099        0.0000000000000000     

 PASSED   1.0000000000000001E-005
 MU_R    =    325.00000000000000     
 ALPHA_S =   0.11799999999999999     
 BORN                    2.1596051974500229E-009
 SINGLE POLE (MadFKS)   -8.4200070713443971E-010
 DOUBLE POLE (MadFKS)   -3.5150264405994519E-010
 SINGLE POLE (MadLoop)  -8.4200071466359885E-010
 DOUBLE POLE (MadLoop)  -3.5150264405993143E-010
 FINITE PART (MadLoop)  -7.4009188817606377E-010
   325.00000000000000        0.0000000000000000        0.0000000000000000        325.00000000000000        0.0000000000000000     
   325.00000000000000        0.0000000000000000        0.0000000000000000       -325.00000000000000        0.0000000000000000     
   289.71874061947040       -62.054279385098511       -243.42277004239196       -144.33145915224748        0.0000000000000000     
   121.89070283746955        13.664961997252712        68.829482063358128        99.665012169345474        0.0000000000000000     
   212.46356136231324        53.780795454951011        198.78740569201580        52.268138337117527        0.0000000000000000     
   25.926995180746545       -5.3914780671050213       -24.194117712981914       -7.6016913542155118        0.0000000000000000     

 PASSED   1.0000000000000001E-005
 MU_R    =    325.00000000000000     
 ALPHA_S =   0.11799999999999999     
 BORN                    1.3937558003599566E-009
 SINGLE POLE (MadFKS)   -5.3927034436251592E-010
 DOUBLE POLE (MadFKS)   -2.2685111592566779E-010
 SINGLE POLE (MadLoop)  -5.3927034436249596E-010
 DOUBLE POLE (MadLoop)  -2.2685111592566712E-010
 FINITE PART (MadLoop)  -3.5232413386294357E-010
   325.00000000000000        0.0000000000000000        0.0000000000000000        325.00000000000000        0.0000000000000000     
   325.00000000000000        0.0000000000000000        0.0000000000000000       -325.00000000000000        0.0000000000000000     
   188.70045208178826       -186.68903869429542       -3.9579387795082495       -27.191876873228082        0.0000000000000000     
   134.49963179509635       -30.606838865494055        79.849469524928722       -103.81442377755447        0.0000000000000000     
   201.08215274296174        191.79440479881094       -59.737234066849496        8.9666775148925026        0.0000000000000000     
   125.71776338015371        25.501472760978512       -16.154296678570983        122.03962313589010        0.0000000000000000     

 PASSED   1.0000000000000001E-005
 MU_R    =    325.00000000000000     
 ALPHA_S =   0.11799999999999999     
 BORN                    1.1042628186412692E-009
 SINGLE POLE (MadFKS)   -4.4365638615010176E-010
 DOUBLE POLE (MadFKS)   -1.7973252747669235E-010
 SINGLE POLE (MadLoop)  -4.4365638640099241E-010
 DOUBLE POLE (MadLoop)  -1.7973252747669201E-010
 FINITE PART (MadLoop)  -3.1131840972170053E-010
   325.00000000000000        0.0000000000000000        0.0000000000000000        325.00000000000000        0.0000000000000000     
   325.00000000000000        0.0000000000000000        0.0000000000000000       -325.00000000000000        0.0000000000000000     
   273.85683030469693       -264.11677633468668       -67.089547858938744       -27.182430560783768        0.0000000000000000     
   140.85103983738892        104.99554700037135       -87.781973902897988        33.305789152600411        0.0000000000000000     
   199.99982074134311        141.08798807887567        138.21434855664111       -31.478592241200154        0.0000000000000000     
   35.292309116571097        18.033241255439719        16.657173205195644        25.355233649383468        0.0000000000000000     

 PASSED   1.0000000000000001E-005
 MU_R    =    325.00000000000000     
 ALPHA_S =   0.11799999999999999     
 BORN                    6.0403608328261935E-010
 SINGLE POLE (MadFKS)   -2.4972407414739971E-010
 DOUBLE POLE (MadFKS)   -9.8314395905396696E-011
 SINGLE POLE (MadLoop)  -2.4972407414742194E-010
 DOUBLE POLE (MadLoop)  -9.8314395905397239E-011
 FINITE PART (MadLoop)  -1.2671639794493206E-010
   325.00000000000000        0.0000000000000000        0.0000000000000000        325.00000000000000        0.0000000000000000     
   325.00000000000000        0.0000000000000000        0.0000000000000000       -325.00000000000000        0.0000000000000000     
   256.07238569518540       -185.70129958218990       -125.73587239522368        123.60657119312710        0.0000000000000000     
   162.00138418093096       -10.196752140950913        158.62878841088028       -31.263112602710848        0.0000000000000000     
   166.83591572427665        160.19020509710484       -3.5973213973279679       -46.479890762239947        0.0000000000000000     
   65.090314399607010        35.707846626035959       -29.295594618328643       -45.863567828176343        0.0000000000000000     

 PASSED   1.0000000000000001E-005
 MU_R    =    325.00000000000000     
 ALPHA_S =   0.11799999999999999     
 BORN                    3.2692547344186228E-006
 SINGLE POLE (MadFKS)   -2.1040565987325770E-006
 DOUBLE POLE (MadFKS)   -5.3211192703671625E-007
 SINGLE POLE (MadLoop)  -2.1040565987328997E-006
 DOUBLE POLE (MadLoop)  -5.3211192703674526E-007
 FINITE PART (MadLoop)  -2.9797424470720808E-006
   325.00000000000000        0.0000000000000000        0.0000000000000000        325.00000000000000        0.0000000000000000     
   325.00000000000000        0.0000000000000000        0.0000000000000000       -325.00000000000000        0.0000000000000000     
   211.01801722051420        69.583495210636258        52.506060762079457        192.17141923084557        0.0000000000000000     
   116.93512100679264       -11.852226616377834        35.135806458200129        110.90005569718696        0.0000000000000000     
   230.59656471143506       -41.074414277546481       -75.525395368016063       -213.97098589055580        0.0000000000000000     
   91.450297061258254       -16.656854316711883       -12.116471852263640       -89.100489037476791        0.0000000000000000     

 PASSED   1.0000000000000001E-005
 MU_R    =    325.00000000000000     
 ALPHA_S =   0.11799999999999999     
 BORN                    1.2762555373945414E-009
 SINGLE POLE (MadFKS)   -3.3312463591995905E-010
 DOUBLE POLE (MadFKS)   -2.0772648464637206E-010
 SINGLE POLE (MadLoop)  -3.3312463591994504E-010
 DOUBLE POLE (MadLoop)  -2.0772648464637142E-010
 FINITE PART (MadLoop)   1.5001867584179226E-011
   325.00000000000000        0.0000000000000000        0.0000000000000000        325.00000000000000        0.0000000000000000     
   325.00000000000000        0.0000000000000000        0.0000000000000000       -325.00000000000000        0.0000000000000000     
   58.995658463815261        48.345101960280722        27.483089408603512       -19.695650042278519        0.0000000000000000     
   246.39692661028786        28.364304730233055       -81.490278424137813       -230.79481402865741        0.0000000000000000     
   186.46736414484300       -83.587110466447186        125.55677637470291        109.63014531317671        0.0000000000000000     
   158.14005078105396        6.8777037759333579       -71.549587359168697        140.86031875775913        0.0000000000000000     

 PASSED   1.0000000000000001E-005
 MU_R    =    325.00000000000000     
 ALPHA_S =   0.11799999999999999     
 BORN                    7.1579559357113113E-011
 SINGLE POLE (MadFKS)   -1.3382304944006935E-011
 DOUBLE POLE (MadFKS)   -1.1650464818467499E-011
 SINGLE POLE (MadLoop)  -1.3382304944005756E-011
 DOUBLE POLE (MadLoop)  -1.1650464818467463E-011
 FINITE PART (MadLoop)   1.5928491326683090E-011
   325.00000000000000        0.0000000000000000        0.0000000000000000        325.00000000000000        0.0000000000000000     
   325.00000000000000        0.0000000000000000        0.0000000000000000       -325.00000000000000        0.0000000000000000     
   172.75990438538571        89.449016392118892        137.86207887329860       -53.281377970755230        0.0000000000000000     
   111.26797749802230        27.739049260366464       -87.045497060296242       -63.515269063094806        0.0000000000000000     
   181.58960555932151       -135.52100875802219        114.79198054286259        37.837048450494954        0.0000000000000000     
   184.38251255727005        18.332943105536859       -165.60856235586499        78.959598583355131        0.0000000000000000     

 PASSED   1.0000000000000001E-005
 MU_R    =    325.00000000000000     
 ALPHA_S =   0.11799999999999999     
 BORN                    5.4780914052283239E-008
 SINGLE POLE (MadFKS)   -7.9687930258385005E-009
 DOUBLE POLE (MadFKS)   -8.9162760657061131E-009
 SINGLE POLE (MadLoop)  -7.9687930258389753E-009
 DOUBLE POLE (MadLoop)  -8.9162760657063679E-009
 FINITE PART (MadLoop)   1.5495535961252610E-008
   325.00000000000000        0.0000000000000000        0.0000000000000000        325.00000000000000        0.0000000000000000     
   325.00000000000000        0.0000000000000000        0.0000000000000000       -325.00000000000000        0.0000000000000000     
   174.19054947207977        52.820035937179320        159.82299228118163       -44.821897185076089        0.0000000000000000     
   19.861496508560126        10.053624856988236      -0.84842704647470057        17.108005212218774        0.0000000000000000     
   245.66451263144447       -208.54398785583490       -41.124409504391302        123.16347201400906        0.0000000000000000     
   210.28344138791576        145.67032706166736       -117.85015573031563       -95.449580041151776        0.0000000000000000     

 PASSED   1.0000000000000001E-005
 MU_R    =    325.00000000000000     
 ALPHA_S =   0.11799999999999999     
 BORN                    1.0891386711027282E-010
 SINGLE POLE (MadFKS)   -3.0865669895340327E-011
 DOUBLE POLE (MadFKS)   -1.7727088409149072E-011
 SINGLE POLE (MadLoop)  -3.0865669895338867E-011
 DOUBLE POLE (MadLoop)  -1.7727088409148759E-011
 FINITE PART (MadLoop)   1.5283912141270623E-011
   325.00000000000000        0.0000000000000000        0.0000000000000000        325.00000000000000        0.0000000000000000     
   325.00000000000000        0.0000000000000000        0.0000000000000000       -325.00000000000000        0.0000000000000000     
   275.70640907851390        17.167364839878513       -274.78127195818189        14.647804356524922        0.0000000000000000     
   121.88592352510958       -99.140330278740208        47.681021144974174       -52.477552232966154        0.0000000000000000     
   47.084291432313563       0.63266805641484802        38.916890366093057        26.495393468430006        0.0000000000000000     
   205.32337596406296        81.340297382446835        188.18336044711467        11.334354408011203        0.0000000000000000     

 PASSED   1.0000000000000001E-005
 MU_R    =    325.00000000000000     
 ALPHA_S =   0.11799999999999999     
 BORN                    5.3063433838049633E-009
 SINGLE POLE (MadFKS)   -2.5582698344054924E-009
 DOUBLE POLE (MadFKS)   -8.6367347693911303E-010
 SINGLE POLE (MadLoop)  -2.5582698344052454E-009
 DOUBLE POLE (MadLoop)  -8.6367347693901935E-010
 FINITE PART (MadLoop)  -3.9594974499971789E-010
   325.00000000000000        0.0000000000000000        0.0000000000000000        325.00000000000000        0.0000000000000000     
   325.00000000000000        0.0000000000000000        0.0000000000000000       -325.00000000000000        0.0000000000000000     
   102.92898912015153       -7.9529470181814386       -1.0035779617407374       -102.61637426013932        0.0000000000000000     
   257.29176437677683        6.2283669764748204        26.597415234432084        255.83752063324962        0.0000000000000000     
   213.08684003047188       -55.035696094070367       -45.677483041050301       -200.72528762626698        0.0000000000000000     
   76.692406472599586        56.760276135776984        20.083645768358981        47.504141253156661        0.0000000000000000     

 PASSED   1.0000000000000001E-005
 MU_R    =    325.00000000000000     
 ALPHA_S =   0.11799999999999999     
 BORN                    8.0156435267134958E-008
 SINGLE POLE (MadFKS)   -2.3130166358630523E-008
 DOUBLE POLE (MadFKS)   -1.3046458198973563E-008
 SINGLE POLE (MadLoop)  -2.3130166358645740E-008
 DOUBLE POLE (MadLoop)  -1.3046458198982254E-008
 FINITE PART (MadLoop)   7.0280886495796296E-009
   325.00000000000000        0.0000000000000000        0.0000000000000000        325.00000000000000        0.0000000000000000     
   325.00000000000000        0.0000000000000000        0.0000000000000000       -325.00000000000000        0.0000000000000000     
Thanks for using LHAPDF 6.2.1. Please make sure to cite the paper:
  Eur.Phys.J. C75 (2015) 3, 132  (http://arxiv.org/abs/1412.7420)
   161.76386407829204        151.89779760664709       -14.535338878970347       -53.696654713899164        0.0000000000000000     
   168.48903313347512        152.93717835382125        69.852722097988291       -10.925702674241309        0.0000000000000000     
   37.538954982670205       -37.202914528278299        4.6625739619684152       -1.8375787987823156        0.0000000000000000     
   282.20814780556282       -267.63206143219008       -59.979957180986389        66.459936186922860        0.0000000000000000     

 PASSED   1.0000000000000001E-005
 MU_R    =    325.00000000000000     
 ALPHA_S =   0.11799999999999999     
 BORN                    2.1732615736835628E-010
 SINGLE POLE (MadFKS)   -3.8210940285532915E-011
 DOUBLE POLE (MadFKS)   -3.5372538938396766E-011
 SINGLE POLE (MadLoop)  -3.8210940285535092E-011
 DOUBLE POLE (MadLoop)  -3.5372538938396650E-011
 FINITE PART (MadLoop)   4.2407803440811822E-011
   325.00000000000000        0.0000000000000000        0.0000000000000000        325.00000000000000        0.0000000000000000     
   325.00000000000000        0.0000000000000000        0.0000000000000000       -325.00000000000000        0.0000000000000000     
   209.71591917673379       -25.983247553280140        39.174726476154525       -204.37949605634560        0.0000000000000000     
   54.619257840175052        41.275565497760141       -35.558797969599368       -3.8939577307479976        0.0000000000000000     
   194.58071013226098       -165.24798479832299       -38.717513632267810        95.161496487830220        0.0000000000000000     
   191.08411285083014        149.95566685384301        35.101585125712710        113.11195729926338        0.0000000000000000     

 PASSED   1.0000000000000001E-005
 MU_R    =    325.00000000000000     
 ALPHA_S =   0.11799999999999999     
 BORN                    1.6344959684046078E-010
 SINGLE POLE (MadFKS)   -3.9136706134842885E-011
 DOUBLE POLE (MadFKS)   -2.6603457672630270E-011
 SINGLE POLE (MadLoop)  -3.9136706134840965E-011
 DOUBLE POLE (MadLoop)  -2.6603457672630225E-011
 FINITE PART (MadLoop)   4.0381765079310069E-011
   325.00000000000000        0.0000000000000000        0.0000000000000000        325.00000000000000        0.0000000000000000     
   325.00000000000000        0.0000000000000000        0.0000000000000000       -325.00000000000000        0.0000000000000000     
   252.52555722968131       -79.641258968626573        145.52722601294346       -190.38974082925500        0.0000000000000000     
   189.31427058903594        71.216714353183207       -52.014107507011829        167.51896986802672        0.0000000000000000     
   80.574664940432143       -49.521635149420540        13.138206688751424        62.187392672423776        0.0000000000000000     
   127.58550724085077        57.946179764863921       -106.65132519468300       -39.316621711195459        0.0000000000000000     

 PASSED   1.0000000000000001E-005
 MU_R    =    325.00000000000000     
 ALPHA_S =   0.11799999999999999     
 BORN                    1.0900412948564703E-010
 SINGLE POLE (MadFKS)   -2.8105415655549980E-011
 DOUBLE POLE (MadFKS)   -1.7741779734971324E-011
 SINGLE POLE (MadLoop)  -2.8105415655547725E-011
 DOUBLE POLE (MadLoop)  -1.7741779734971372E-011
 FINITE PART (MadLoop)   1.9690062455108507E-011
   325.00000000000000        0.0000000000000000        0.0000000000000000        325.00000000000000        0.0000000000000000     
   325.00000000000000        0.0000000000000000        0.0000000000000000       -325.00000000000000        0.0000000000000000     
   236.81764751945363       -27.491849306478766        141.30168994504049       -188.04422037657440        0.0000000000000000     
   145.27674534628756       -68.851365056427156       -28.394854839403635        124.73393478490891        0.0000000000000000     
   60.998397873776064        10.146768682520065        58.413032218394100       -14.344521446314326        0.0000000000000000     
   206.90720926048274        86.196445680385807       -171.31986732403101        77.654807037979793        0.0000000000000000     

 PASSED   1.0000000000000001E-005
 MU_R    =    325.00000000000000     
 ALPHA_S =   0.11799999999999999     
 BORN                    1.3856674167509156E-010
 SINGLE POLE (MadFKS)   -2.8718407886976307E-011
 DOUBLE POLE (MadFKS)   -2.2553463075138406E-011
 SINGLE POLE (MadLoop)  -2.8718407886976950E-011
 DOUBLE POLE (MadLoop)  -2.2553463075138409E-011
 FINITE PART (MadLoop)   2.2001787196103475E-011
   325.00000000000000        0.0000000000000000        0.0000000000000000        325.00000000000000        0.0000000000000000     
   325.00000000000000        0.0000000000000000        0.0000000000000000       -325.00000000000000        0.0000000000000000     
   113.86693360672167       -89.749370742699114        47.434333297741873        51.582100043385772        0.0000000000000000     
   205.53921503256291       -137.05494119182453       -141.10989127684920       -59.584482836921993        0.0000000000000000     
   74.625754431070959       -26.126768322013906        66.777305142284305       -20.668495818239101        0.0000000000000000     
   255.96809692964442        252.93108025653754        26.898252836823019        28.670878611775318        0.0000000000000000     

 PASSED   1.0000000000000001E-005
 MU_R    =    325.00000000000000     
 ALPHA_S =   0.11799999999999999     
 BORN                    4.1485123203831274E-011
 SINGLE POLE (MadFKS)   -8.5557069897762972E-012
 DOUBLE POLE (MadFKS)   -6.7522205042464625E-012
 SINGLE POLE (MadLoop)  -8.5557069897765557E-012
 DOUBLE POLE (MadLoop)  -6.7522205042464286E-012
 FINITE PART (MadLoop)   1.3891329969079121E-011
   325.00000000000000        0.0000000000000000        0.0000000000000000        325.00000000000000        0.0000000000000000     
   325.00000000000000        0.0000000000000000        0.0000000000000000       -325.00000000000000        0.0000000000000000     
   185.76456982556431        60.431395245544671       -109.86582509189351        137.06211127817630        0.0000000000000000     
   112.28678251828485       -28.432825771426959       -93.795937696817859       -54.792499655837418        0.0000000000000000     
   169.24172350461339       -142.33117024531049        58.511994813727604       -70.433979117544780        0.0000000000000000     
   182.70692415153727        110.33260077119280        145.14976797498389       -11.835632504794187        0.0000000000000000     

 PASSED   1.0000000000000001E-005
 MU_R    =    325.00000000000000     
 ALPHA_S =   0.11799999999999999     
 BORN                    5.8801878784485070E-010
 SINGLE POLE (MadFKS)   -2.2549992878168349E-010
 DOUBLE POLE (MadFKS)   -9.5707381575317834E-011
 SINGLE POLE (MadLoop)  -2.2549992878169215E-010
 DOUBLE POLE (MadLoop)  -9.5707381575319476E-011
 FINITE PART (MadLoop)  -3.2214741974990874E-011
   325.00000000000000        0.0000000000000000        0.0000000000000000        325.00000000000000        0.0000000000000000     
   325.00000000000000        0.0000000000000000        0.0000000000000000       -325.00000000000000        0.0000000000000000     
   221.92663273825991        158.63348097779414       -29.344769452040406       -152.39991317982074        0.0000000000000000     
   199.29026026462390       -49.370201514978724       -127.96766247983093        144.58031815624136        0.0000000000000000     
   42.473088586761442        8.0841934316548496        19.646079403489367       -36.778263073862853        0.0000000000000000     
   186.31001841035490       -117.34747289447033        137.66635252838196        44.597858097442256        0.0000000000000000     

 NUMBER OF POINTS PASSING THE CHECK          20
 NUMBER OF POINTS FAILING THE CHECK           0
 TOLERANCE    1.0000000000000001E-005
