==== LHAPDF6 USING DEFAULT-TYPE LHAGLUE INTERFACE ====
LHAPDF 6.2.1 loading /cvmfs/cms.cern.ch/slc6_amd64_gcc481/external/lhapdf/6.2.1/share/LHAPDF/NNPDF31_nnlo_hessian_pdfas/NNPDF31_nnlo_hessian_pdfas_0000.dat
NNPDF31_nnlo_hessian_pdfas PDF set, member #0, version 1; LHAPDF ID = 306000
 A PDF is used, so alpha_s(MZ) is going to be modified
 Old value of alpha_s from param_card:   0.11799999999999999     
 New value of alpha_s from PDF lhapdf :  0.11800208008122040     
 using LHAPDF
 *****************************************************
 *               MadGraph/MadEvent                   *
 *        --------------------------------           *
 *          http://madgraph.hep.uiuc.edu             *
 *          http://madgraph.phys.ucl.ac.be           *
 *          http://madgraph.roma2.infn.it            *
 *        --------------------------------           *
 *                                                   *
 *          PARAMETER AND COUPLING VALUES            *
 *                                                   *
 *****************************************************

  External Params
  ---------------------------------
  
 MU_R =    91.188000000000002     
 aEWM1 =    132.50700000000001     
 mdl_Gf =    1.1663900000000000E-005
 aS =   0.11799999999999999     
 mdl_lamWS =   0.22530000000000000     
 mdl_AWS =   0.80800000000000005     
 mdl_rhoWS =   0.13200000000000001     
 mdl_etaWS =   0.34100000000000003     
 mdl_ymt =    173.00000000000000     
 mdl_ymtau =    1.7769999999999999     
 mdl_MT =    173.00000000000000     
 mdl_MZ =    91.188000000000002     
 mdl_MH =    125.00000000000000     
 mdl_MTA =    1.7769999999999999     
 mdl_WT =    1.4915000000000000     
 mdl_WZ =    2.4414039999999999     
 mdl_WW =    2.0476000000000001     
 mdl_WH =    6.3823389999999999E-003
  Internal Params
  ---------------------------------
  
 mdl_CKM33 =    1.0000000000000000     
 mdl_conjg__CKM3x3 =    1.0000000000000000     
 mdl_I4x33 =    0.0000000000000000     
 mdl_I1x33 =    0.0000000000000000     
 mdl_lhv =    1.0000000000000000     
 mdl_CKM3x3 =    1.0000000000000000     
 mdl_conjg__CKM33 =    1.0000000000000000     
 mdl_Ncol =    3.0000000000000000     
 mdl_CA =    3.0000000000000000     
 mdl_TF =   0.50000000000000000     
 mdl_CF =    1.3333333333333333     
 mdl_lamWS__exp__2 =    5.0760090000000001E-002
 mdl_CKM11 =  ( 0.97461995499999998     ,  0.0000000000000000     )
 mdl_CKM12 =  ( 0.22530000000000000     ,  0.0000000000000000     )
 mdl_complexi =  (  0.0000000000000000     ,  1.0000000000000000     )
 mdl_lamWS__exp__3 =    1.1436248277000001E-002
 mdl_CKM13 =  (  1.2197444962317122E-003, -3.1510066152652563E-003)
 mdl_CKM21 =  (-0.22530000000000000     ,  0.0000000000000000     )
 mdl_CKM22 =  ( 0.97461995499999998     ,  0.0000000000000000     )
 mdl_CKM23 =  (  4.1014152720000002E-002,  0.0000000000000000     )
 mdl_CKM31 =  (  8.0207441115842885E-003, -3.1510066152652563E-003)
 mdl_CKM32 =  ( -4.1014152720000002E-002,  0.0000000000000000     )
 mdl_MZ__exp__2 =    8315.2513440000002     
 mdl_MZ__exp__4 =    69143404.913893804     
 mdl_sqrt__2 =    1.4142135623730951     
 mdl_MH__exp__2 =    15625.000000000000     
 mdl_CKM1x1 =  ( 0.97461995499999998     ,  0.0000000000000000     )
 mdl_CKM1x2 =  ( 0.22530000000000000     ,  0.0000000000000000     )
 mdl_CKM1x3 =  (  1.2197444962317122E-003, -3.1510066152652563E-003)
 mdl_CKM2x1 =  (-0.22530000000000000     ,  0.0000000000000000     )
 mdl_CKM2x2 =  ( 0.97461995499999998     ,  0.0000000000000000     )
 mdl_CKM2x3 =  (  4.1014152720000002E-002,  0.0000000000000000     )
 mdl_CKM3x1 =  (  8.0207441115842885E-003, -3.1510066152652563E-003)
 mdl_CKM3x2 =  ( -4.1014152720000002E-002,  0.0000000000000000     )
 mdl_conjg__CKM1x3 =  (  1.2197444962317122E-003,  3.1510066152652563E-003)
 mdl_conjg__CKM2x3 =  (  4.1014152720000002E-002, -0.0000000000000000     )
 mdl_conjg__CKM2x1 =  (-0.22530000000000000     , -0.0000000000000000     )
 mdl_conjg__CKM3x1 =  (  8.0207441115842885E-003,  3.1510066152652563E-003)
 mdl_conjg__CKM2x2 =  ( 0.97461995499999998     , -0.0000000000000000     )
 mdl_conjg__CKM3x2 =  ( -4.1014152720000002E-002, -0.0000000000000000     )
 mdl_Ncol__exp__2 =    9.0000000000000000     
 mdl_MT__exp__2 =    29929.000000000000     
 mdl_conjg__CKM11 =  ( 0.97461995499999998     , -0.0000000000000000     )
 mdl_conjg__CKM12 =  ( 0.22530000000000000     , -0.0000000000000000     )
 mdl_conjg__CKM13 =  (  1.2197444962317122E-003,  3.1510066152652563E-003)
 mdl_conjg__CKM21 =  (-0.22530000000000000     , -0.0000000000000000     )
 mdl_conjg__CKM22 =  ( 0.97461995499999998     , -0.0000000000000000     )
 mdl_conjg__CKM23 =  (  4.1014152720000002E-002, -0.0000000000000000     )
 mdl_conjg__CKM31 =  (  8.0207441115842885E-003,  3.1510066152652563E-003)
 mdl_conjg__CKM32 =  ( -4.1014152720000002E-002, -0.0000000000000000     )
 mdl_aEW =    7.5467711139788835E-003
 mdl_MW =    80.419002445756163     
 mdl_sqrt__aEW =    8.6872153846781555E-002
 mdl_ee =   0.30795376724436879     
 mdl_MW__exp__2 =    6467.2159543705357     
 mdl_sw2 =   0.22224648578577766     
 mdl_cw =   0.88190334743339216     
 mdl_sqrt__sw2 =   0.47143025548407230     
 mdl_sw =   0.47143025548407230     
 mdl_g1 =   0.34919219678733299     
 mdl_gw =   0.65323293034757990     
 mdl_v =    246.21845810181637     
 mdl_v__exp__2 =    60623.529110035903     
 mdl_lam =   0.12886910601690263     
 mdl_yt =   0.99366614581500623     
 mdl_ytau =    1.0206617000654717E-002
 mdl_muH =    88.388347648318430     
 mdl_AxialZUp =  -0.18517701861793787     
 mdl_AxialZDown =   0.18517701861793787     
 mdl_VectorZUp =    7.5430507588273299E-002
 mdl_VectorZDown =  -0.13030376310310560     
 mdl_VectorAUp =   0.20530251149624587     
 mdl_VectorADown =  -0.10265125574812294     
 mdl_VectorWmDxU =   0.23095271737156670     
 mdl_AxialWmDxU =  -0.23095271737156670     
 mdl_VectorWpUxD =   0.23095271737156670     
 mdl_AxialWpUxD =  -0.23095271737156670     
 mdl_I2x13 =  (  7.9699418879263656E-003,  3.1310485988282153E-003)
 mdl_I2x23 =  ( -4.0754375057150453E-002, -0.0000000000000000     )
 mdl_I2x33 =  ( 0.99366614581500623     ,  0.0000000000000000     )
 mdl_I3x31 =  (  7.9699418879263656E-003, -3.1310485988282153E-003)
 mdl_I3x32 =  ( -4.0754375057150453E-002,  0.0000000000000000     )
 mdl_I3x33 =  ( 0.99366614581500623     ,  0.0000000000000000     )
 mdl_Vector_tdGp =  ( -7.9699418879263656E-003, -3.1310485988282153E-003)
 mdl_Vector_tsGp =  (  4.0754375057150453E-002,  0.0000000000000000     )
 mdl_Vector_tbGp =  (-0.99366614581500623     ,  0.0000000000000000     )
 mdl_Axial_tdGp =  ( -7.9699418879263656E-003, -3.1310485988282153E-003)
 mdl_Axial_tsGp =  (  4.0754375057150453E-002,  0.0000000000000000     )
 mdl_Axial_tbGp =  (-0.99366614581500623     , -0.0000000000000000     )
 mdl_Vector_tdGm =  (  7.9699418879263656E-003, -3.1310485988282153E-003)
 mdl_Vector_tsGm =  ( -4.0754375057150453E-002,  0.0000000000000000     )
 mdl_Vector_tbGm =  ( 0.99366614581500623     ,  0.0000000000000000     )
 mdl_Axial_tdGm =  ( -7.9699418879263656E-003,  3.1310485988282153E-003)
 mdl_Axial_tsGm =  (  4.0754375057150453E-002, -0.0000000000000000     )
 mdl_Axial_tbGm =  (-0.99366614581500623     ,  0.0000000000000000     )
 mdl_gw__exp__2 =   0.42671326129048615     
 mdl_cw__exp__2 =   0.77775351421422245     
 mdl_ee__exp__2 =    9.4835522759998875E-002
 mdl_sw__exp__2 =   0.22224648578577769     
 mdl_yt__exp__2 =   0.98737240933884918     
  Internal Params evaluated point by point
  ----------------------------------------
  
 mdl_sqrt__aS =   0.34351128074635334     
 mdl_G__exp__4 =    2.1987899468922913     
 mdl_G__exp__2 =    1.4828317324943823     
 mdl_R2MixedFactor_FIN_ =   -2.5040377713124864E-002
 mdl_G_UVg_1EPS_ =   -5.1645779033320030E-002
 mdl_G_UVq_1EPS_ =    3.1300472141406080E-003
 mdl_G_UVb_1EPS_ =    3.1300472141406080E-003
 mdl_GWcft_UV_t_1EPS_ =   -3.1300472141406080E-003
 mdl_tWcft_UV_1EPS_ =   -1.8780283284843650E-002
 mdl_G__exp__3 =    1.8056676068262196     
 mdl_MU_R__exp__2 =    8315.2513440000002     
 mdl_G_UVt_FIN_ =   -4.0087659331150384E-003
 mdl_GWcft_UV_t_FIN_ =    4.0087659331150384E-003
 mdl_tWcft_UV_FIN_ =   -9.8778211443463623E-004
  Couplings of loop_sm-ckm_no_b_mass
  ---------------------------------
  
       UV_3Gt =   0.48815E-02   0.00000E+00
      UV_GQQt =   0.00000E+00  -0.48815E-02
   UVWfct_G_2 =   0.40088E-02   0.00000E+00
       R2_DDA =   0.00000E+00   0.25704E-02
       R2_UUA =  -0.00000E+00  -0.51409E-02
    R2_DDZ_V2 =   0.00000E+00   0.72127E-02
    R2_UUZ_V2 =  -0.00000E+00  -0.72127E-02
    R2_UUZ_V5 =   0.00000E+00   0.68702E-03
      R2_GGHt =   0.00000E+00  -0.45657E+01
     R2_GGZup =  -0.46369E-02   0.00000E+00
   R2_GGZdown =   0.46369E-02   0.00000E+00
 R2_GGGZvecUp =   0.00000E+00   0.28750E-03
 R2_GGGZvecDown  -0.00000E+00  -0.49665E-03
 R2_GGGZaxialUp  -0.00000E+00  -0.63522E-02
 R2_GGGZaxialDow  0.00000E+00   0.63522E-02
 R2_GGGAvecUp =   0.00000E+00   0.78251E-03
 R2_GGGAvecDown  -0.00000E+00  -0.39126E-03
         GC_4 =  -0.12177E+01   0.00000E+00
         GC_5 =   0.00000E+00   0.12177E+01
         GC_6 =   0.00000E+00   0.14828E+01
       R2_3Gq =   0.76230E-02   0.00000E+00
       R2_3Gg =   0.31445E-01   0.00000E+00
       R2_GQQ =  -0.00000E+00  -0.30492E-01
       R2_GGq =   0.00000E+00   0.62601E-02
       R2_GGt =  -0.00000E+00  -0.11242E+04
     R2_GGg_1 =   0.00000E+00   0.28170E-01
     R2_GGg_2 =  -0.00000E+00  -0.18780E-01
       R2_QQq =   0.00000E+00   0.12520E-01
  UV_3Gg_1eps =   0.62890E-01   0.00000E+00
  UV_3Gb_1eps =  -0.38115E-02   0.00000E+00
 UV_GQQg_1eps =   0.00000E+00  -0.62890E-01
 UV_GQQq_1eps =   0.00000E+00   0.38115E-02
 UVWfct_G_2_1eps -0.31300E-02   0.00000E+00
         GC_1 =  -0.00000E+00  -0.10265E+00
         GC_2 =   0.00000E+00   0.20530E+00
        GC_21 =  -0.00000E+00  -0.28804E+00
        GC_22 =   0.00000E+00   0.28804E+00
        GC_23 =  -0.00000E+00  -0.27437E-01
        GC_24 =   0.00000E+00   0.82310E-01
        GC_37 =  -0.00000E+00  -0.70263E+00
        GC_38 =  -0.00000E+00  -0.72172E-02
      GC_1003 =  -0.00000E+00  -0.30795E+00

 Collider parameters:
 --------------------

 Running at P P   machine @    13000.000000000000       GeV
 PDF set = lhapdf 
 alpha_s(Mz)= 0.1180 running at 3 loops.
 alpha_s(Mz)= 0.1180 running at 3 loops.
 Renormalization scale set on event-by-event basis
 Factorization   scale set on event-by-event basis


 ===============================================================
 INFO: MadFKS read these parameters from FKS_params.dat
 ===============================================================
  > IRPoleCheckThreshold      =    1.0000000000000001E-005
  > PrecisionVirtualAtRunTime =    1.0000000000000000E-003
  > NHelForMCoverHels         =            4
  > VirtualFraction           =    1.0000000000000000     
  > MinVirtualFraction        =    5.0000000000000001E-003
 ===============================================================
  Insert the number of points to test
 Insert the relative tolerance
  A negative number will mean use the default one:    1.0000000000000001E-005
Using random seed offsets:     0 ,     98 ,      0
  with seed                   32
 Ranmar initialization seeds       10729        9504
  ========================================================================================== 
 {                                                                                          }
 {       [32m                                                                            [0m       }
 {       [32m                               ,,                                           [0m       }
 {       [32m`7MMM.     ,MMF'             `7MM  `7MMF'                                   [0m       }
 {       [32m  MMMb    dPMM                 MM    MM                                     [0m       }
 {       [32m  M YM   ,M MM   ,6"Yb.   ,M""bMM    MM         ,pW"Wq.   ,pW"Wq.`7MMpdMAo. [0m       }
 {       [32m  M  Mb  M' MM  8)   MM ,AP    MM    MM        6W'   `Wb 6W'   `Wb MM   `Wb [0m       }
 {       [32m  M  YM.P'  MM   ,pm9MM 8MI    MM    MM      , 8M     M8 8M     M8 MM    M8 [0m       }
 {       [32m  M  `YM'   MM  8M   MM `Mb    MM    MM     ,M YA.   ,A9 YA.   ,A9 MM   ,AP [0m       }
 {       [32m.JML. `'  .JMML.`Moo9^Yo.`Wbmd"MML..JMMmmmmMMM  `Ybmd9'   `Ybmd9'  MMbmmd'  [0m       }
 {       [32m                                                                   MM       [0m       }
 {       [32m                                                                 .JMML.     [0m       }
 {       [32m[0mv2.4.2 (2016-06-10), Ref: arXiv:1103.0621v2, arXiv:1405.0301[32m                [0m       }
 {       [32m                                                                            [0m       }
 {                                                                                          }
  ========================================================================================== 
 ===============================================================
 INFO: MadLoop read these parameters from ./MadLoop5_resources/MadLoopParams.dat                                                                                                                                                                                                                                                                                                                                                                                                                                                                                          
 ===============================================================
  > MLReductionLib            = 6|1|2
  > IREGIMODE                 =            2
  > IREGIRECY                 =  T
  > CTModeRun                 =           -1
  > MLStabThres               =    1.0000000000000000E-003
  > NRotations_DP             =            1
  > NRotations_QP             =            0
  > CTStabThres               =    1.0000000000000000E-002
  > CTLoopLibrary             =            2
  > CTModeInit                =            1
  > CheckCycle                =            3
  > MaxAttempts               =           10
  > UseLoopFilter             =  F
  > HelicityFilterLevel       =            2
  > ImprovePSPoint            =            2
  > DoubleCheckHelicityFilter =  T
  > LoopInitStartOver         =  F
  > HelInitStartOver          =  F
  > ZeroThres                 =    1.0000000000000001E-009
  > OSThres                   =    1.0000000000000000E-008
  > WriteOutFilters           =  T
  > UseQPIntegrandForNinja    =  F
  > UseQPIntegrandForCutTools =  T
 ===============================================================
  
------------------------------------------------------------------------
|              You are using CutTools - Version 1.9.3                  |
|              Authors: G. Ossola, C. Papadopoulos, R. Pittau          |
|              Published in JHEP 0803:042,2008                         |
|              http://www.ugr.es/~pittau/CutTools                      |
|                                                                      |
|              Compiler with  34  significant digits detetected        |
 ---------------------------------------------------------------------- 
   
########################################################################
#                                                                      #
#                      You are using OneLOop-3.6                       #
#                                                                      #
# for the evaluation of 1-loop scalar 1-, 2-, 3- and 4-point functions #
#                                                                      #
# author: Andreas van Hameren <hamerenREMOVETHIS@ifj.edu.pl>           #
#   date: 18-02-2015                                                   #
#                                                                      #
# Please cite                                                          #
#    A. van Hameren,                                                   #
#      Comput.Phys.Commun. 182 (2011) 2427-2438, arXiv:1007.4716       #
#    A. van Hameren, C.G. Papadopoulos and R. Pittau,                  #
#      JHEP 0909:106,2009, arXiv:0903.4665                             #
# in publications with results obtained with the help of this program. #
#                                                                      #
########################################################################
 PASSED   1.0000000000000001E-005
 MU_R    =    325.00000000000000     
 ALPHA_S =   0.11799999999999999     
 BORN                    2.4616004058715643E-011
 SINGLE POLE (MadFKS)   -3.7569835558875174E-012
 DOUBLE POLE (MadFKS)   -2.4655761576722176E-012
 SINGLE POLE (MadLoop)  -3.7569835558877178E-012
 DOUBLE POLE (MadLoop)  -2.4655761576722604E-012
 FINITE PART (MadLoop)   1.5156979926001580E-011
   325.00000000000000        0.0000000000000000        0.0000000000000000        325.00000000000000        0.0000000000000000     
   325.00000000000000        0.0000000000000000        0.0000000000000000       -325.00000000000000        0.0000000000000000     
   106.04382765381087       -105.07700568973846       -14.156665530374660       0.73983160983919460        1.7769999999999999     
   204.15085639549420        62.075258794725400        92.727863931842947       -170.94624866963056        1.7769999999999999     
   79.309815911819499       -55.436484121616296        3.4035689873213513       -56.615005487494443        0.0000000000000000     
   260.49550003887555        98.438231016629317       -81.974767388789630        226.82142254728578        0.0000000000000000     

 PASSED   1.0000000000000001E-005
 MU_R    =    325.00000000000000     
 ALPHA_S =   0.11799999999999999     
 BORN                    1.1653461338131830E-010
 SINGLE POLE (MadFKS)   -1.5449193858107983E-011
 DOUBLE POLE (MadFKS)   -1.1672282942884742E-011
 SINGLE POLE (MadLoop)  -1.5449193858108148E-011
 DOUBLE POLE (MadLoop)  -1.1672282942884597E-011
 FINITE PART (MadLoop)   6.7157528679787366E-011
   325.00000000000000        0.0000000000000000        0.0000000000000000        325.00000000000000        0.0000000000000000     
   325.00000000000000        0.0000000000000000        0.0000000000000000       -325.00000000000000        0.0000000000000000     
   221.63729500370266        13.542852950710946       -61.165096648457926        212.59199160245558        1.7769999999999999     
   142.21110349321950       -124.98550517646117       -23.857355662766185       -63.484567450083951        1.7769999999999999     
   178.96226413359690        157.47897844548655        13.436860499597758       -83.948282361842402        0.0000000000000000     
   107.18933736948404       -46.036326219736331        71.585591811626344       -65.159141790529233        0.0000000000000000     

 PASSED   1.0000000000000001E-005
 MU_R    =    325.00000000000000     
 ALPHA_S =   0.11799999999999999     
 BORN                    2.4189184163570355E-009
 SINGLE POLE (MadFKS)   -8.3738308946089253E-011
 DOUBLE POLE (MadFKS)   -2.4228252321125604E-010
 SINGLE POLE (MadLoop)  -8.3738308945755447E-011
 DOUBLE POLE (MadLoop)  -2.4228252321125532E-010
 FINITE PART (MadLoop)   1.1315382383200080E-009
   325.00000000000000        0.0000000000000000        0.0000000000000000        325.00000000000000        0.0000000000000000     
   325.00000000000000        0.0000000000000000        0.0000000000000000       -325.00000000000000        0.0000000000000000     
   14.125793010178707        7.4214617991558516        1.9769053521009550       -11.721520769888125        1.7769999999999999     
   83.631678906993088       -51.003782896227541       -64.078510376351758        16.842168091568862        1.7769999999999999     
   313.64179431935628        160.94487611386808        268.66104152701172        17.004904062602645        0.0000000000000000     
   238.60073376347199       -117.36255501679636       -206.55943650276086       -22.125551384283376        0.0000000000000000     

 PASSED   1.0000000000000001E-005
 MU_R    =    325.00000000000000     
 ALPHA_S =   0.11799999999999999     
 BORN                    5.9459676760087774E-011
 SINGLE POLE (MadFKS)   -7.7063874537357338E-012
 DOUBLE POLE (MadFKS)   -5.9555710590916411E-012
 SINGLE POLE (MadLoop)  -7.7063874537352653E-012
 DOUBLE POLE (MadLoop)  -5.9555710590915652E-012
 FINITE PART (MadLoop)   2.7769300915714252E-011
   325.00000000000000        0.0000000000000000        0.0000000000000000        325.00000000000000        0.0000000000000000     
   325.00000000000000        0.0000000000000000        0.0000000000000000       -325.00000000000000        0.0000000000000000     
   219.31011853808144       -82.303575502467538        183.45286729799639        87.549627662490863        1.7769999999999999     
   106.59628319396373       -45.765728796826473       -73.349352265334659        62.329611355429527        1.7769999999999999     
   150.94718561466760        101.98717393952103        52.972887889851755       -97.864918869981210        0.0000000000000000     
   173.14641265328720        26.082130359773060       -163.07640292251338       -52.014320147939102        0.0000000000000000     

 PASSED   1.0000000000000001E-005
 MU_R    =    325.00000000000000     
 ALPHA_S =   0.11799999999999999     
 BORN                    5.7302411640305327E-011
 SINGLE POLE (MadFKS)   -8.4792437725044073E-012
 DOUBLE POLE (MadFKS)   -5.7394961253848338E-012
 SINGLE POLE (MadLoop)  -8.4792437725040034E-012
 DOUBLE POLE (MadLoop)  -5.7394961253847700E-012
 FINITE PART (MadLoop)   4.0125086202645694E-011
   325.00000000000000        0.0000000000000000        0.0000000000000000        325.00000000000000        0.0000000000000000     
   325.00000000000000        0.0000000000000000        0.0000000000000000       -325.00000000000000        0.0000000000000000     
   177.52971635237617       -168.20067684798659       -41.892309046405394       -38.304167003014250        1.7769999999999999     
   259.18173925927761        144.92581427290759        139.66330132711809        163.28713009974024        1.7769999999999999     
   91.901237941554314       -25.292759554188219       -87.197301275508067       -14.238837719156738        0.0000000000000000     
   121.38730644679293        48.567622129267257       -10.573691005204589       -110.74412537756928        0.0000000000000000     

 PASSED   1.0000000000000001E-005
 MU_R    =    325.00000000000000     
 ALPHA_S =   0.11799999999999999     
 BORN                    1.0224025569510056E-009
 SINGLE POLE (MadFKS)   -3.2537626614852500E-010
 DOUBLE POLE (MadFKS)   -1.0240538480367135E-010
 SINGLE POLE (MadLoop)  -3.2537626614849988E-010
 DOUBLE POLE (MadLoop)  -1.0240538480367061E-010
 FINITE PART (MadLoop)  -3.0164295084842940E-010
   325.00000000000000        0.0000000000000000        0.0000000000000000        325.00000000000000        0.0000000000000000     
   325.00000000000000        0.0000000000000000        0.0000000000000000       -325.00000000000000        0.0000000000000000     
   63.610977429026917        8.4189527513310196       -10.690198624833704       -62.113119454819120        1.7769999999999999     
   263.81757358059673        81.032443192832147       -150.71776465513685       -200.78459345406159        1.7769999999999999     
   37.528461898914145       -10.809019085043014        26.189064404782890        24.610637222948135        0.0000000000000000     
   285.04298709146224       -78.642376859120276        135.21889887518756        238.28707568593262        0.0000000000000000     

 PASSED   1.0000000000000001E-005
 MU_R    =    325.00000000000000     
 ALPHA_S =   0.11799999999999999     
 BORN                    1.0947016773265253E-010
 SINGLE POLE (MadFKS)   -2.0867077454104990E-011
 DOUBLE POLE (MadFKS)   -1.0964697393379013E-011
 SINGLE POLE (MadLoop)  -2.0867077454104208E-011
 DOUBLE POLE (MadLoop)  -1.0964697393378658E-011
 FINITE PART (MadLoop)   3.4732511469859417E-011
   325.00000000000000        0.0000000000000000        0.0000000000000000        325.00000000000000        0.0000000000000000     
   325.00000000000000        0.0000000000000000        0.0000000000000000       -325.00000000000000        0.0000000000000000     
   148.74353750844111       -126.03528781232566        69.218483873936918        38.018284256168116        1.7769999999999999     
   175.06417443680618       -35.835788680483986        144.24487631159508        92.485238550488887        1.7769999999999999     
   140.02421782610497        45.966401968174374       -68.839318115440477       -112.93812354255716        0.0000000000000000     
   186.16807022865234        115.90467452463528       -144.62404207009138       -17.565399264099828        0.0000000000000000     

 PASSED   1.0000000000000001E-005
 MU_R    =    325.00000000000000     
 ALPHA_S =   0.11799999999999999     
 BORN                    4.2019019117420638E-012
 SINGLE POLE (MadFKS)   -4.3182454526921304E-013
 DOUBLE POLE (MadFKS)   -4.2086884393409100E-013
 SINGLE POLE (MadLoop)  -4.3182454526922591E-013
 DOUBLE POLE (MadLoop)  -4.2086884393408489E-013
 FINITE PART (MadLoop)   1.6211021335670180E-012
   325.00000000000000        0.0000000000000000        0.0000000000000000        325.00000000000000        0.0000000000000000     
   325.00000000000000        0.0000000000000000        0.0000000000000000       -325.00000000000000        0.0000000000000000     
   160.26498812892942       -78.289549626707597        29.900617435765213        136.59578392898220        1.7769999999999999     
   201.77760934637951        99.840800276899458       -20.224115678157290       -174.16614380999809        1.7769999999999999     
   152.69815947798480       -66.136377617220845       -136.16652540150488        20.034590680065609        0.0000000000000000     
   135.25924304670897        44.585126967028870        126.49002364389696        17.535769200950245        0.0000000000000000     

 PASSED   1.0000000000000001E-005
 MU_R    =    325.00000000000000     
 ALPHA_S =   0.11799999999999999     
 BORN                    5.1422033719444084E-010
 SINGLE POLE (MadFKS)   -8.8186424242842119E-011
 DOUBLE POLE (MadFKS)   -5.1505085884476917E-011
 SINGLE POLE (MadLoop)  -8.8186424242841692E-011
 DOUBLE POLE (MadLoop)  -5.1505085884475082E-011
 FINITE PART (MadLoop)   3.4468697824632893E-010
   325.00000000000000        0.0000000000000000        0.0000000000000000        325.00000000000000        0.0000000000000000     
   325.00000000000000        0.0000000000000000        0.0000000000000000       -325.00000000000000        0.0000000000000000     
   250.74740576184678        15.563273479750825        104.65583216252044        227.32365710647244        1.7769999999999999     
   126.62293474539513        97.623953594390670       -78.380452643001320       -18.875333178915664        1.7769999999999999     
   126.83307987601984       -45.755800995798900       -77.193747412727532       -89.633488085925208        0.0000000000000000     
   145.79657961674192       -67.431426078342582        50.918367893208398       -118.81483584163159        0.0000000000000000     

 PASSED   1.0000000000000001E-005
 MU_R    =    325.00000000000000     
 ALPHA_S =   0.11799999999999999     
 BORN                    8.4805619765013893E-012
 SINGLE POLE (MadFKS)   -2.1392851173389075E-012
 DOUBLE POLE (MadFKS)   -8.4942590044463816E-013
 SINGLE POLE (MadLoop)  -2.1392851173388703E-012
 DOUBLE POLE (MadLoop)  -8.4942590044463018E-013
 FINITE PART (MadLoop)   1.0911293676007326E-012
   325.00000000000000        0.0000000000000000        0.0000000000000000        325.00000000000000        0.0000000000000000     
   325.00000000000000        0.0000000000000000        0.0000000000000000       -325.00000000000000        0.0000000000000000     
   278.17844589238632       -219.55354667959318       -122.15992000955360        119.38711870957641        1.7769999999999999     
   163.14902216777207        142.71084780377205       -51.399704322449551       -60.051061772407934        1.7769999999999999     
   133.82853275254038        52.926178312194864        103.05478014392627       -66.997075439533504        0.0000000000000000     
   74.843999187302458        23.916520563626278        70.504844188076859        7.6610185023649988        0.0000000000000000     

 PASSED   1.0000000000000001E-005
 MU_R    =    325.00000000000000     
 ALPHA_S =   0.11799999999999999     
 BORN                    4.3184332689260517E-011
 SINGLE POLE (MadFKS)   -3.1473709534314060E-012
 DOUBLE POLE (MadFKS)   -4.3254080073133145E-012
 SINGLE POLE (MadLoop)  -3.1473709534312852E-012
 DOUBLE POLE (MadLoop)  -4.3254080073132636E-012
 FINITE PART (MadLoop)   2.2849179890587957E-011
   325.00000000000000        0.0000000000000000        0.0000000000000000        325.00000000000000        0.0000000000000000     
   325.00000000000000        0.0000000000000000        0.0000000000000000       -325.00000000000000        0.0000000000000000     
   216.74322013696695       -190.72841067468647        99.459829874221043       -26.549601677631316        1.7769999999999999     
   125.08064295444319        88.191112341457739       -88.040567861799872       -10.639343374715223        1.7769999999999999     
   184.28699209537464        112.34852281335733        75.152459579227383        125.26616740528868        0.0000000000000000     
   123.88914481322003       -9.8112244801285886       -86.571721591648569       -88.077222352942144        0.0000000000000000     

 PASSED   1.0000000000000001E-005
 MU_R    =    325.00000000000000     
 ALPHA_S =   0.11799999999999999     
 BORN                    1.1273397747892638E-009
 SINGLE POLE (MadFKS)   -5.0787546371063431E-011
 DOUBLE POLE (MadFKS)   -1.1291605508700915E-010
 SINGLE POLE (MadLoop)  -5.0787546371063392E-011
 DOUBLE POLE (MadLoop)  -1.1291605508700901E-010
 FINITE PART (MadLoop)   6.0188703075034875E-010
   325.00000000000000        0.0000000000000000        0.0000000000000000        325.00000000000000        0.0000000000000000     
   325.00000000000000        0.0000000000000000        0.0000000000000000       -325.00000000000000        0.0000000000000000     
   68.859003970400209       -47.484733610624112       -42.922831938832111        25.322623700446844        1.7769999999999999     
   36.549980373314533       -21.183208758298967        15.280857805778577        25.505105130376919        1.7769999999999999     
   277.31367256627027        140.75196282464469       -229.18650535868383       -67.567031270260671        0.0000000000000000     
   267.27734309001499       -72.084020455721600        256.82847949173737        16.739302439436912        0.0000000000000000     

 PASSED   1.0000000000000001E-005
 MU_R    =    325.00000000000000     
 ALPHA_S =   0.11799999999999999     
 BORN                    2.9983691430012279E-011
 SINGLE POLE (MadFKS)   -4.1619407027252038E-012
 DOUBLE POLE (MadFKS)   -3.0032118345651700E-012
 SINGLE POLE (MadLoop)  -4.1619407027253347E-012
 DOUBLE POLE (MadLoop)  -3.0032118345651647E-012
 FINITE PART (MadLoop)   1.2848334972410088E-011
   325.00000000000000        0.0000000000000000        0.0000000000000000        325.00000000000000        0.0000000000000000     
   325.00000000000000        0.0000000000000000        0.0000000000000000       -325.00000000000000        0.0000000000000000     
   163.45904500677972       -86.020139659854522        131.73745092212656        44.288613242772172        1.7769999999999999     
   168.48226155832140       -123.15970219921999        13.891950172325640       -114.11317279532499        1.7769999999999999     
   123.00988358752605        18.432868846436154       -112.58960252977107        45.991762398226989        0.0000000000000000     
   195.04880984737673        190.74697301263836       -33.039798564681163        23.832797154325839        0.0000000000000000     

 PASSED   1.0000000000000001E-005
 MU_R    =    325.00000000000000     
 ALPHA_S =   0.11799999999999999     
 BORN                    7.6330758350264977E-010
 SINGLE POLE (MadFKS)   -3.3435989354060238E-011
 DOUBLE POLE (MadFKS)   -7.6454040808795784E-011
 SINGLE POLE (MadLoop)  -3.3435989354059030E-011
 DOUBLE POLE (MadLoop)  -7.6454040808795655E-011
 FINITE PART (MadLoop)   3.5549141866858404E-010
   325.00000000000000        0.0000000000000000        0.0000000000000000        325.00000000000000        0.0000000000000000     
   325.00000000000000        0.0000000000000000        0.0000000000000000       -325.00000000000000        0.0000000000000000     
Thanks for using LHAPDF 6.2.1. Please make sure to cite the paper:
  Eur.Phys.J. C75 (2015) 3, 132  (http://arxiv.org/abs/1412.7420)
   66.705811197972196        30.063443535064959       -57.296578611054052       -16.118280331995063        1.7769999999999999     
   94.028655647368268        76.233759226951193       -40.753642259727435       -36.956527847523120        1.7769999999999999     
   217.47602421552963        163.01869149621066        116.35056093363590        84.754199317114640        0.0000000000000000     
   271.78950893912992       -269.31589425822682       -18.300340062854410       -31.679391137596451        0.0000000000000000     

 PASSED   1.0000000000000001E-005
 MU_R    =    325.00000000000000     
 ALPHA_S =   0.11799999999999999     
 BORN                    2.1694247881713500E-011
 SINGLE POLE (MadFKS)   -4.2867583322953186E-012
 DOUBLE POLE (MadFKS)   -2.1729286446410605E-012
 SINGLE POLE (MadLoop)  -4.2867583322951781E-012
 DOUBLE POLE (MadLoop)  -2.1729286446410273E-012
 FINITE PART (MadLoop)   5.5949847852263471E-012
   325.00000000000000        0.0000000000000000        0.0000000000000000        325.00000000000000        0.0000000000000000     
   325.00000000000000        0.0000000000000000        0.0000000000000000       -325.00000000000000        0.0000000000000000     
   311.60119366084450       -103.41583265781645       -266.86932518545802       -123.19933032533864        1.7769999999999999     
   122.30207754363821        14.715062941146416        117.46463493912989        30.662141212660639        1.7769999999999999     
   55.609874876846881        31.402234573413523        7.1187168664634042        45.339626352562831        0.0000000000000000     
   160.48685391867335        57.298535143256402        142.28597337986483        47.197562760115048        0.0000000000000000     

 PASSED   1.0000000000000001E-005
 MU_R    =    325.00000000000000     
 ALPHA_S =   0.11799999999999999     
 BORN                    1.8474133514724755E-011
 SINGLE POLE (MadFKS)   -3.0547802987102047E-012
 DOUBLE POLE (MadFKS)   -1.8503971245256275E-012
 SINGLE POLE (MadLoop)  -3.0547802987103150E-012
 DOUBLE POLE (MadLoop)  -1.8503971245256283E-012
 FINITE PART (MadLoop)   6.0306808220583943E-012
   325.00000000000000        0.0000000000000000        0.0000000000000000        325.00000000000000        0.0000000000000000     
   325.00000000000000        0.0000000000000000        0.0000000000000000       -325.00000000000000        0.0000000000000000     
   204.12971542237554        86.148228836941797        114.66123816673559        145.24829127996335        1.7769999999999999     
   286.30114450372758       -125.50677935261319       -195.96856199352149       -166.76198206386891        1.7769999999999999     
   115.63729530196572        10.152395088552694        107.57700003418512        41.183758963514791        0.0000000000000000     
   43.931844771931502        29.206155427118691       -26.269676207399193       -19.670068179609235        0.0000000000000000     

 PASSED   1.0000000000000001E-005
 MU_R    =    325.00000000000000     
 ALPHA_S =   0.11799999999999999     
 BORN                    1.0748420596706583E-010
 SINGLE POLE (MadFKS)   -7.8062333075047094E-012
 DOUBLE POLE (MadFKS)   -1.0765780462442552E-011
 SINGLE POLE (MadLoop)  -7.8062333075021827E-012
 DOUBLE POLE (MadLoop)  -1.0765780462441896E-011
 FINITE PART (MadLoop)   8.3108552250962878E-011
   325.00000000000000        0.0000000000000000        0.0000000000000000        325.00000000000000        0.0000000000000000     
   325.00000000000000        0.0000000000000000        0.0000000000000000       -325.00000000000000        0.0000000000000000     
   182.77275190728218       -127.97887273292963       -87.749861902777369       -96.561332741491611        1.7769999999999999     
   180.96264230960318        180.43419934196086        8.3126247651493124        10.895878120314485        1.7769999999999999     
   151.59047920196164        35.721390196706160       -1.5660487175206890        147.31328235603669        0.0000000000000000     
   134.67412658115543       -88.176716805737470        81.003285855148704       -61.647827734859582        0.0000000000000000     

 PASSED   1.0000000000000001E-005
 MU_R    =    325.00000000000000     
 ALPHA_S =   0.11799999999999999     
 BORN                    1.3372681497336404E-011
 SINGLE POLE (MadFKS)   -1.4442027635163047E-012
 DOUBLE POLE (MadFKS)   -1.3394279829224789E-012
 SINGLE POLE (MadLoop)  -1.4442027635163192E-012
 DOUBLE POLE (MadLoop)  -1.3394279829224804E-012
 FINITE PART (MadLoop)   5.8612405496777115E-012
   325.00000000000000        0.0000000000000000        0.0000000000000000        325.00000000000000        0.0000000000000000     
   325.00000000000000        0.0000000000000000        0.0000000000000000       -325.00000000000000        0.0000000000000000     
   198.23876609971938       -32.410960334891477        175.19979739274970        86.890801005910888        1.7769999999999999     
   149.16071558877857       -43.135863901297178       -39.603808209101224       -137.17360156670810        1.7769999999999999     
   219.77686625933245        157.96486777815070       -143.20528942846738        53.303063423341307        0.0000000000000000     
   82.823652052173003       -82.418043541962078        7.6093002448188631       -3.0202628625438748        0.0000000000000000     

 PASSED   1.0000000000000001E-005
 MU_R    =    325.00000000000000     
 ALPHA_S =   0.11799999999999999     
 BORN                    3.1096927796274841E-012
 SINGLE POLE (MadFKS)   -4.7893118151747503E-013
 DOUBLE POLE (MadFKS)   -3.1147152709459747E-013
 SINGLE POLE (MadLoop)  -4.7893118151760033E-013
 DOUBLE POLE (MadLoop)  -3.1147152709459711E-013
 FINITE PART (MadLoop)   1.3447821613636799E-012
   325.00000000000000        0.0000000000000000        0.0000000000000000        325.00000000000000        0.0000000000000000     
   325.00000000000000        0.0000000000000000        0.0000000000000000       -325.00000000000000        0.0000000000000000     
   255.65331939511580       -201.78318309969069        80.058516875577425       -135.01719476637288        1.7769999999999999     
   146.99199567150640        115.63368689510702        51.359068453602923        74.796962539361544        1.7769999999999999     
   43.895635061609063       -41.280090331330115        14.890463701887189       -1.0271370122673544        0.0000000000000000     
   203.45904987177084        127.42958653591380       -146.30804903106753        61.247369239278669        0.0000000000000000     

 PASSED   1.0000000000000001E-005
 MU_R    =    325.00000000000000     
 ALPHA_S =   0.11799999999999999     
 BORN                    1.1677652928715654E-012
 SINGLE POLE (MadFKS)   -1.5344116991491215E-013
 DOUBLE POLE (MadFKS)   -1.1696513605512752E-013
 SINGLE POLE (MadLoop)  -1.5344116991491887E-013
 DOUBLE POLE (MadLoop)  -1.1696513605512683E-013
 FINITE PART (MadLoop)   5.1600985319718237E-013
   325.00000000000000        0.0000000000000000        0.0000000000000000        325.00000000000000        0.0000000000000000     
   325.00000000000000        0.0000000000000000        0.0000000000000000       -325.00000000000000        0.0000000000000000     
   201.95424006903670        126.53653258248744        1.3318647833528772       -157.38198566247047        1.7769999999999999     
   174.02947912446851       -75.682508320226503       -113.97476555896466        107.54074867449879        1.7769999999999999     
   90.668888625699239        87.389486008853396        14.204849056285889       -19.548589796095460        0.0000000000000000     
   183.34739218079761       -138.24351027111430        98.438051719325870        69.389826784067168        0.0000000000000000     

 NUMBER OF POINTS PASSING THE CHECK          20
 NUMBER OF POINTS FAILING THE CHECK           0
 TOLERANCE    1.0000000000000001E-005
