==== LHAPDF6 USING DEFAULT-TYPE LHAGLUE INTERFACE ====
LHAPDF 6.2.1 loading /cvmfs/cms.cern.ch/slc6_amd64_gcc481/external/lhapdf/6.2.1/share/LHAPDF/NNPDF31_nnlo_hessian_pdfas/NNPDF31_nnlo_hessian_pdfas_0000.dat
NNPDF31_nnlo_hessian_pdfas PDF set, member #0, version 1; LHAPDF ID = 306000
 A PDF is used, so alpha_s(MZ) is going to be modified
 Old value of alpha_s from param_card:   0.11799999999999999     
 New value of alpha_s from PDF lhapdf :  0.11800208008122040     
 using LHAPDF
 *****************************************************
 *               MadGraph/MadEvent                   *
 *        --------------------------------           *
 *          http://madgraph.hep.uiuc.edu             *
 *          http://madgraph.phys.ucl.ac.be           *
 *          http://madgraph.roma2.infn.it            *
 *        --------------------------------           *
 *                                                   *
 *          PARAMETER AND COUPLING VALUES            *
 *                                                   *
 *****************************************************

  External Params
  ---------------------------------
  
 MU_R =    91.188000000000002     
 aEWM1 =    132.50700000000001     
 mdl_Gf =    1.1663900000000000E-005
 aS =   0.11799999999999999     
 mdl_lamWS =   0.22530000000000000     
 mdl_AWS =   0.80800000000000005     
 mdl_rhoWS =   0.13200000000000001     
 mdl_etaWS =   0.34100000000000003     
 mdl_ymt =    173.00000000000000     
 mdl_ymtau =    1.7769999999999999     
 mdl_MT =    173.00000000000000     
 mdl_MZ =    91.188000000000002     
 mdl_MH =    125.00000000000000     
 mdl_MTA =    1.7769999999999999     
 mdl_WT =    1.4915000000000000     
 mdl_WZ =    2.4414039999999999     
 mdl_WW =    2.0476000000000001     
 mdl_WH =    6.3823389999999999E-003
  Internal Params
  ---------------------------------
  
 mdl_CKM33 =    1.0000000000000000     
 mdl_conjg__CKM3x3 =    1.0000000000000000     
 mdl_I4x33 =    0.0000000000000000     
 mdl_I1x33 =    0.0000000000000000     
 mdl_lhv =    1.0000000000000000     
 mdl_CKM3x3 =    1.0000000000000000     
 mdl_conjg__CKM33 =    1.0000000000000000     
 mdl_Ncol =    3.0000000000000000     
 mdl_CA =    3.0000000000000000     
 mdl_TF =   0.50000000000000000     
 mdl_CF =    1.3333333333333333     
 mdl_lamWS__exp__2 =    5.0760090000000001E-002
 mdl_CKM11 =  ( 0.97461995499999998     ,  0.0000000000000000     )
 mdl_CKM12 =  ( 0.22530000000000000     ,  0.0000000000000000     )
 mdl_complexi =  (  0.0000000000000000     ,  1.0000000000000000     )
 mdl_lamWS__exp__3 =    1.1436248277000001E-002
 mdl_CKM13 =  (  1.2197444962317122E-003, -3.1510066152652563E-003)
 mdl_CKM21 =  (-0.22530000000000000     ,  0.0000000000000000     )
 mdl_CKM22 =  ( 0.97461995499999998     ,  0.0000000000000000     )
 mdl_CKM23 =  (  4.1014152720000002E-002,  0.0000000000000000     )
 mdl_CKM31 =  (  8.0207441115842885E-003, -3.1510066152652563E-003)
 mdl_CKM32 =  ( -4.1014152720000002E-002,  0.0000000000000000     )
 mdl_MZ__exp__2 =    8315.2513440000002     
 mdl_MZ__exp__4 =    69143404.913893804     
 mdl_sqrt__2 =    1.4142135623730951     
 mdl_MH__exp__2 =    15625.000000000000     
 mdl_CKM1x1 =  ( 0.97461995499999998     ,  0.0000000000000000     )
 mdl_CKM1x2 =  ( 0.22530000000000000     ,  0.0000000000000000     )
 mdl_CKM1x3 =  (  1.2197444962317122E-003, -3.1510066152652563E-003)
 mdl_CKM2x1 =  (-0.22530000000000000     ,  0.0000000000000000     )
 mdl_CKM2x2 =  ( 0.97461995499999998     ,  0.0000000000000000     )
 mdl_CKM2x3 =  (  4.1014152720000002E-002,  0.0000000000000000     )
 mdl_CKM3x1 =  (  8.0207441115842885E-003, -3.1510066152652563E-003)
 mdl_CKM3x2 =  ( -4.1014152720000002E-002,  0.0000000000000000     )
 mdl_conjg__CKM1x3 =  (  1.2197444962317122E-003,  3.1510066152652563E-003)
 mdl_conjg__CKM2x3 =  (  4.1014152720000002E-002, -0.0000000000000000     )
 mdl_conjg__CKM2x1 =  (-0.22530000000000000     , -0.0000000000000000     )
 mdl_conjg__CKM3x1 =  (  8.0207441115842885E-003,  3.1510066152652563E-003)
 mdl_conjg__CKM2x2 =  ( 0.97461995499999998     , -0.0000000000000000     )
 mdl_conjg__CKM3x2 =  ( -4.1014152720000002E-002, -0.0000000000000000     )
 mdl_Ncol__exp__2 =    9.0000000000000000     
 mdl_MT__exp__2 =    29929.000000000000     
 mdl_conjg__CKM11 =  ( 0.97461995499999998     , -0.0000000000000000     )
 mdl_conjg__CKM12 =  ( 0.22530000000000000     , -0.0000000000000000     )
 mdl_conjg__CKM13 =  (  1.2197444962317122E-003,  3.1510066152652563E-003)
 mdl_conjg__CKM21 =  (-0.22530000000000000     , -0.0000000000000000     )
 mdl_conjg__CKM22 =  ( 0.97461995499999998     , -0.0000000000000000     )
 mdl_conjg__CKM23 =  (  4.1014152720000002E-002, -0.0000000000000000     )
 mdl_conjg__CKM31 =  (  8.0207441115842885E-003,  3.1510066152652563E-003)
 mdl_conjg__CKM32 =  ( -4.1014152720000002E-002, -0.0000000000000000     )
 mdl_aEW =    7.5467711139788835E-003
 mdl_MW =    80.419002445756163     
 mdl_sqrt__aEW =    8.6872153846781555E-002
 mdl_ee =   0.30795376724436879     
 mdl_MW__exp__2 =    6467.2159543705357     
 mdl_sw2 =   0.22224648578577766     
 mdl_cw =   0.88190334743339216     
 mdl_sqrt__sw2 =   0.47143025548407230     
 mdl_sw =   0.47143025548407230     
 mdl_g1 =   0.34919219678733299     
 mdl_gw =   0.65323293034757990     
 mdl_v =    246.21845810181637     
 mdl_v__exp__2 =    60623.529110035903     
 mdl_lam =   0.12886910601690263     
 mdl_yt =   0.99366614581500623     
 mdl_ytau =    1.0206617000654717E-002
 mdl_muH =    88.388347648318430     
 mdl_AxialZUp =  -0.18517701861793787     
 mdl_AxialZDown =   0.18517701861793787     
 mdl_VectorZUp =    7.5430507588273299E-002
 mdl_VectorZDown =  -0.13030376310310560     
 mdl_VectorAUp =   0.20530251149624587     
 mdl_VectorADown =  -0.10265125574812294     
 mdl_VectorWmDxU =   0.23095271737156670     
 mdl_AxialWmDxU =  -0.23095271737156670     
 mdl_VectorWpUxD =   0.23095271737156670     
 mdl_AxialWpUxD =  -0.23095271737156670     
 mdl_I2x13 =  (  7.9699418879263656E-003,  3.1310485988282153E-003)
 mdl_I2x23 =  ( -4.0754375057150453E-002, -0.0000000000000000     )
 mdl_I2x33 =  ( 0.99366614581500623     ,  0.0000000000000000     )
 mdl_I3x31 =  (  7.9699418879263656E-003, -3.1310485988282153E-003)
 mdl_I3x32 =  ( -4.0754375057150453E-002,  0.0000000000000000     )
 mdl_I3x33 =  ( 0.99366614581500623     ,  0.0000000000000000     )
 mdl_Vector_tdGp =  ( -7.9699418879263656E-003, -3.1310485988282153E-003)
 mdl_Vector_tsGp =  (  4.0754375057150453E-002,  0.0000000000000000     )
 mdl_Vector_tbGp =  (-0.99366614581500623     ,  0.0000000000000000     )
 mdl_Axial_tdGp =  ( -7.9699418879263656E-003, -3.1310485988282153E-003)
 mdl_Axial_tsGp =  (  4.0754375057150453E-002,  0.0000000000000000     )
 mdl_Axial_tbGp =  (-0.99366614581500623     , -0.0000000000000000     )
 mdl_Vector_tdGm =  (  7.9699418879263656E-003, -3.1310485988282153E-003)
 mdl_Vector_tsGm =  ( -4.0754375057150453E-002,  0.0000000000000000     )
 mdl_Vector_tbGm =  ( 0.99366614581500623     ,  0.0000000000000000     )
 mdl_Axial_tdGm =  ( -7.9699418879263656E-003,  3.1310485988282153E-003)
 mdl_Axial_tsGm =  (  4.0754375057150453E-002, -0.0000000000000000     )
 mdl_Axial_tbGm =  (-0.99366614581500623     ,  0.0000000000000000     )
 mdl_gw__exp__2 =   0.42671326129048615     
 mdl_cw__exp__2 =   0.77775351421422245     
 mdl_ee__exp__2 =    9.4835522759998875E-002
 mdl_sw__exp__2 =   0.22224648578577769     
 mdl_yt__exp__2 =   0.98737240933884918     
  Internal Params evaluated point by point
  ----------------------------------------
  
 mdl_sqrt__aS =   0.34351128074635334     
 mdl_G__exp__4 =    2.1987899468922913     
 mdl_G__exp__2 =    1.4828317324943823     
 mdl_R2MixedFactor_FIN_ =   -2.5040377713124864E-002
 mdl_G_UVg_1EPS_ =   -5.1645779033320030E-002
 mdl_G_UVq_1EPS_ =    3.1300472141406080E-003
 mdl_G_UVb_1EPS_ =    3.1300472141406080E-003
 mdl_GWcft_UV_t_1EPS_ =   -3.1300472141406080E-003
 mdl_tWcft_UV_1EPS_ =   -1.8780283284843650E-002
 mdl_G__exp__3 =    1.8056676068262196     
 mdl_MU_R__exp__2 =    8315.2513440000002     
 mdl_G_UVt_FIN_ =   -4.0087659331150384E-003
 mdl_GWcft_UV_t_FIN_ =    4.0087659331150384E-003
 mdl_tWcft_UV_FIN_ =   -9.8778211443463623E-004
  Couplings of loop_sm-ckm_no_b_mass
  ---------------------------------
  
       UV_3Gt =   0.48815E-02   0.00000E+00
      UV_GQQt =   0.00000E+00  -0.48815E-02
   UVWfct_G_2 =   0.40088E-02   0.00000E+00
       R2_DDA =   0.00000E+00   0.25704E-02
       R2_UUA =  -0.00000E+00  -0.51409E-02
    R2_DDZ_V2 =   0.00000E+00   0.72127E-02
    R2_UUZ_V2 =  -0.00000E+00  -0.72127E-02
    R2_UUZ_V5 =   0.00000E+00   0.68702E-03
      R2_GGHt =   0.00000E+00  -0.45657E+01
     R2_GGZup =  -0.46369E-02   0.00000E+00
   R2_GGZdown =   0.46369E-02   0.00000E+00
 R2_GGGZvecUp =   0.00000E+00   0.28750E-03
 R2_GGGZvecDown  -0.00000E+00  -0.49665E-03
 R2_GGGZaxialUp  -0.00000E+00  -0.63522E-02
 R2_GGGZaxialDow  0.00000E+00   0.63522E-02
 R2_GGGAvecUp =   0.00000E+00   0.78251E-03
 R2_GGGAvecDown  -0.00000E+00  -0.39126E-03
         GC_4 =  -0.12177E+01   0.00000E+00
         GC_5 =   0.00000E+00   0.12177E+01
         GC_6 =   0.00000E+00   0.14828E+01
       R2_3Gq =   0.76230E-02   0.00000E+00
       R2_3Gg =   0.31445E-01   0.00000E+00
       R2_GQQ =  -0.00000E+00  -0.30492E-01
       R2_GGq =   0.00000E+00   0.62601E-02
       R2_GGt =  -0.00000E+00  -0.11242E+04
     R2_GGg_1 =   0.00000E+00   0.28170E-01
     R2_GGg_2 =  -0.00000E+00  -0.18780E-01
       R2_QQq =   0.00000E+00   0.12520E-01
  UV_3Gg_1eps =   0.62890E-01   0.00000E+00
  UV_3Gb_1eps =  -0.38115E-02   0.00000E+00
 UV_GQQg_1eps =   0.00000E+00  -0.62890E-01
 UV_GQQq_1eps =   0.00000E+00   0.38115E-02
 UVWfct_G_2_1eps -0.31300E-02   0.00000E+00
         GC_1 =  -0.00000E+00  -0.10265E+00
         GC_2 =   0.00000E+00   0.20530E+00
        GC_21 =  -0.00000E+00  -0.28804E+00
        GC_22 =   0.00000E+00   0.28804E+00
        GC_23 =  -0.00000E+00  -0.27437E-01
        GC_24 =   0.00000E+00   0.82310E-01
        GC_37 =  -0.00000E+00  -0.70263E+00
        GC_38 =  -0.00000E+00  -0.72172E-02
      GC_1003 =  -0.00000E+00  -0.30795E+00

 Collider parameters:
 --------------------

 Running at P P   machine @    13000.000000000000       GeV
 PDF set = lhapdf 
 alpha_s(Mz)= 0.1180 running at 3 loops.
 alpha_s(Mz)= 0.1180 running at 3 loops.
 Renormalization scale set on event-by-event basis
 Factorization   scale set on event-by-event basis


 ===============================================================
 INFO: MadFKS read these parameters from FKS_params.dat
 ===============================================================
  > IRPoleCheckThreshold      =    1.0000000000000001E-005
  > PrecisionVirtualAtRunTime =    1.0000000000000000E-003
  > NHelForMCoverHels         =            4
  > VirtualFraction           =    1.0000000000000000     
  > MinVirtualFraction        =    5.0000000000000001E-003
 ===============================================================
  Insert the number of points to test
 Insert the relative tolerance
  A negative number will mean use the default one:    1.0000000000000001E-005
Using random seed offsets:     0 ,     16 ,      0
  with seed                   32
 Ranmar initialization seeds       10729        9422
  ========================================================================================== 
 {                                                                                          }
 {       [32m                                                                            [0m       }
 {       [32m                               ,,                                           [0m       }
 {       [32m`7MMM.     ,MMF'             `7MM  `7MMF'                                   [0m       }
 {       [32m  MMMb    dPMM                 MM    MM                                     [0m       }
 {       [32m  M YM   ,M MM   ,6"Yb.   ,M""bMM    MM         ,pW"Wq.   ,pW"Wq.`7MMpdMAo. [0m       }
 {       [32m  M  Mb  M' MM  8)   MM ,AP    MM    MM        6W'   `Wb 6W'   `Wb MM   `Wb [0m       }
 {       [32m  M  YM.P'  MM   ,pm9MM 8MI    MM    MM      , 8M     M8 8M     M8 MM    M8 [0m       }
 {       [32m  M  `YM'   MM  8M   MM `Mb    MM    MM     ,M YA.   ,A9 YA.   ,A9 MM   ,AP [0m       }
 {       [32m.JML. `'  .JMML.`Moo9^Yo.`Wbmd"MML..JMMmmmmMMM  `Ybmd9'   `Ybmd9'  MMbmmd'  [0m       }
 {       [32m                                                                   MM       [0m       }
 {       [32m                                                                 .JMML.     [0m       }
 {       [32m[0mv2.4.2 (2016-06-10), Ref: arXiv:1103.0621v2, arXiv:1405.0301[32m                [0m       }
 {       [32m                                                                            [0m       }
 {                                                                                          }
  ========================================================================================== 
 ===============================================================
 INFO: MadLoop read these parameters from ./MadLoop5_resources/MadLoopParams.dat                                                                                                                                                                                                                                                                                                                                                                                                                                                                                          
 ===============================================================
  > MLReductionLib            = 6|1|2
  > IREGIMODE                 =            2
  > IREGIRECY                 =  T
  > CTModeRun                 =           -1
  > MLStabThres               =    1.0000000000000000E-003
  > NRotations_DP             =            1
  > NRotations_QP             =            0
  > CTStabThres               =    1.0000000000000000E-002
  > CTLoopLibrary             =            2
  > CTModeInit                =            1
  > CheckCycle                =            3
  > MaxAttempts               =           10
  > UseLoopFilter             =  F
  > HelicityFilterLevel       =            2
  > ImprovePSPoint            =            2
  > DoubleCheckHelicityFilter =  T
  > LoopInitStartOver         =  F
  > HelInitStartOver          =  F
  > ZeroThres                 =    1.0000000000000001E-009
  > OSThres                   =    1.0000000000000000E-008
  > WriteOutFilters           =  T
  > UseQPIntegrandForNinja    =  F
  > UseQPIntegrandForCutTools =  T
 ===============================================================
  
------------------------------------------------------------------------
|              You are using CutTools - Version 1.9.3                  |
|              Authors: G. Ossola, C. Papadopoulos, R. Pittau          |
|              Published in JHEP 0803:042,2008                         |
|              http://www.ugr.es/~pittau/CutTools                      |
|                                                                      |
|              Compiler with  34  significant digits detetected        |
 ---------------------------------------------------------------------- 
   
########################################################################
#                                                                      #
#                      You are using OneLOop-3.6                       #
#                                                                      #
# for the evaluation of 1-loop scalar 1-, 2-, 3- and 4-point functions #
#                                                                      #
# author: Andreas van Hameren <hamerenREMOVETHIS@ifj.edu.pl>           #
#   date: 18-02-2015                                                   #
#                                                                      #
# Please cite                                                          #
#    A. van Hameren,                                                   #
#      Comput.Phys.Commun. 182 (2011) 2427-2438, arXiv:1007.4716       #
#    A. van Hameren, C.G. Papadopoulos and R. Pittau,                  #
#      JHEP 0909:106,2009, arXiv:0903.4665                             #
# in publications with results obtained with the help of this program. #
#                                                                      #
########################################################################
 PASSED   1.0000000000000001E-005
 MU_R    =    325.00000000000000     
 ALPHA_S =   0.11799999999999999     
 BORN                    5.1081237554913358E-008
 SINGLE POLE (MadFKS)   -3.2641862508673937E-009
 DOUBLE POLE (MadFKS)   -5.4361473003227796E-009
 SINGLE POLE (MadLoop)  -3.2641862508673197E-009
 DOUBLE POLE (MadLoop)  -5.4361473003227663E-009
 FINITE PART (MadLoop)   6.0456727578250962E-009
   325.00000000000000        0.0000000000000000        0.0000000000000000        325.00000000000000        0.0000000000000000     
   325.00000000000000        0.0000000000000000        0.0000000000000000       -325.00000000000000        0.0000000000000000     
   306.59419221734993        63.019668884572773       -298.96241127296383        25.433028760714709        1.7769999999999999     
   135.13179332001084        40.101350038905139        119.50579205009076       -48.658927530513807        1.7769999999999999     
   208.27401446264125       -103.12101892347791        179.45661922287306        23.225898769799134        0.0000000000000000     

 PASSED   1.0000000000000001E-005
 MU_R    =    325.00000000000000     
 ALPHA_S =   0.11799999999999999     
 BORN                    4.9095654804069769E-008
 SINGLE POLE (MadFKS)   -5.0628143132100098E-009
 DOUBLE POLE (MadFKS)   -5.2248383965601763E-009
 SINGLE POLE (MadLoop)  -5.0628143132101860E-009
 DOUBLE POLE (MadLoop)  -5.2248383965604244E-009
 FINITE PART (MadLoop)   8.6239396687575725E-009
   325.00000000000000        0.0000000000000000        0.0000000000000000        325.00000000000000        0.0000000000000000     
   325.00000000000000        0.0000000000000000        0.0000000000000000       -325.00000000000000        0.0000000000000000     
   125.90972709419336        68.939266246967975       -105.34232907342245      -0.68769371865707118        1.7769999999999999     
   260.56314159730158        130.77867325746851        154.49994270839329       -164.06309564973745        1.7769999999999999     
   263.52713130850861       -199.71793950443652       -49.157613634970822        164.75078936839446        0.0000000000000000     

 PASSED   1.0000000000000001E-005
 MU_R    =    325.00000000000000     
 ALPHA_S =   0.11799999999999999     
 BORN                    1.8419726364315129E-007
 SINGLE POLE (MadFKS)    4.2306434519698997E-009
 DOUBLE POLE (MadFKS)   -1.9602568485231339E-008
 SINGLE POLE (MadLoop)   4.2306434519712182E-009
 DOUBLE POLE (MadLoop)  -1.9602568485231200E-008
 FINITE PART (MadLoop)   1.8570785857761872E-008
   325.00000000000000        0.0000000000000000        0.0000000000000000        325.00000000000000        0.0000000000000000     
   325.00000000000000        0.0000000000000000        0.0000000000000000       -325.00000000000000        0.0000000000000000     
   174.86568675132384        7.9226818997465296       -97.125036763196491        145.18542977611520        1.7769999999999999     
   170.89415820063650        53.908661775627657        60.509196098530694        150.44649863381582        1.7769999999999999     
   304.24015504804282       -61.831343675374221        36.615840664665903       -295.63192840993122        0.0000000000000000     

 PASSED   1.0000000000000001E-005
 MU_R    =    325.00000000000000     
 ALPHA_S =   0.11799999999999999     
 BORN                    3.7493051465265606E-008
 SINGLE POLE (MadFKS)   -3.7659400292285265E-009
 DOUBLE POLE (MadFKS)   -3.9900707238084913E-009
 SINGLE POLE (MadLoop)  -3.7659400292284074E-009
 DOUBLE POLE (MadLoop)  -3.9900707238084896E-009
 FINITE PART (MadLoop)   3.3024883077876827E-009
   325.00000000000000        0.0000000000000000        0.0000000000000000        325.00000000000000        0.0000000000000000     
   325.00000000000000        0.0000000000000000        0.0000000000000000       -325.00000000000000        0.0000000000000000     
   323.01687561455373       -44.772410852897295       -319.02687894474269       -23.537755627586161        1.7769999999999999     
   203.02858229394968        18.560039607846512        202.01742579593034       -7.8696952820333390        1.7769999999999999     
   123.95454209149679        26.212371245050829        117.00945314881238        31.407450909619552        0.0000000000000000     

 PASSED   1.0000000000000001E-005
 MU_R    =    325.00000000000000     
 ALPHA_S =   0.11799999999999999     
 BORN                    3.2397131006876446E-008
 SINGLE POLE (MadFKS)   -2.2676577853143435E-009
 DOUBLE POLE (MadFKS)   -3.4477546882435455E-009
 SINGLE POLE (MadLoop)  -2.2676577853143563E-009
 DOUBLE POLE (MadLoop)  -3.4477546882435492E-009
 FINITE PART (MadLoop)   4.1054581996826429E-009
   325.00000000000000        0.0000000000000000        0.0000000000000000        325.00000000000000        0.0000000000000000     
   325.00000000000000        0.0000000000000000        0.0000000000000000       -325.00000000000000        0.0000000000000000     
   306.08275798625976        276.51224439070285        120.02050283980691       -53.099478411481442        1.7769999999999999     
   202.17085833599398       -190.61875646685215       -8.1039619817419695        66.848438385215246        1.7769999999999999     
   141.74638367774656       -85.893487923850699       -111.91654085806496       -13.748959973733786        0.0000000000000000     

 PASSED   1.0000000000000001E-005
 MU_R    =    325.00000000000000     
 ALPHA_S =   0.11799999999999999     
 BORN                    1.5055424658923572E-007
 SINGLE POLE (MadFKS)   -7.8156665330753576E-009
 DOUBLE POLE (MadFKS)   -1.6022224603864963E-008
 SINGLE POLE (MadLoop)  -7.8156665330752997E-009
 DOUBLE POLE (MadLoop)  -1.6022224603864897E-008
 FINITE PART (MadLoop)   2.0939009298480520E-008
   325.00000000000000        0.0000000000000000        0.0000000000000000        325.00000000000000        0.0000000000000000     
   325.00000000000000        0.0000000000000000        0.0000000000000000       -325.00000000000000        0.0000000000000000     
   233.86122103844068       -176.89229073305458       -138.37727529786628        65.182514042812372        1.7769999999999999     
   128.61194524837762       -52.078217466030750       -28.517858047422401       -114.07219542692937        1.7769999999999999     
   287.52683371318551        228.97050819908571        166.89513334528871        48.889681384116969        0.0000000000000000     

 PASSED   1.0000000000000001E-005
 MU_R    =    325.00000000000000     
 ALPHA_S =   0.11799999999999999     
 BORN                    5.1524448334541376E-008
 SINGLE POLE (MadFKS)   -1.8228493259762455E-009
 DOUBLE POLE (MadFKS)   -5.4833145029685398E-009
 SINGLE POLE (MadLoop)  -1.8228493259761653E-009
 DOUBLE POLE (MadLoop)  -5.4833145029685340E-009
 FINITE PART (MadLoop)   8.6111980045935626E-009
   325.00000000000000        0.0000000000000000        0.0000000000000000        325.00000000000000        0.0000000000000000     
   325.00000000000000        0.0000000000000000        0.0000000000000000       -325.00000000000000        0.0000000000000000     
   200.67391997850180        140.81792721593828       -106.44974478190021        95.423412436430752        1.7769999999999999     
   178.03966955470366        128.02771956140867        108.63496367565212       -59.180350600880494        1.7769999999999999     
   271.28641046679655       -268.84564677734704       -2.1852188937519168       -36.243061835550201        0.0000000000000000     

 PASSED   1.0000000000000001E-005
 MU_R    =    325.00000000000000     
 ALPHA_S =   0.11799999999999999     
 BORN                    2.6323167666707937E-007
 SINGLE POLE (MadFKS)   -2.5161782796919226E-008
 DOUBLE POLE (MadFKS)   -2.8013537591662003E-008
 SINGLE POLE (MadLoop)  -2.5161782796918885E-008
 DOUBLE POLE (MadLoop)  -2.8013537591661927E-008
 FINITE PART (MadLoop)   2.6774764320386967E-008
   325.00000000000000        0.0000000000000000        0.0000000000000000        325.00000000000000        0.0000000000000000     
   325.00000000000000        0.0000000000000000        0.0000000000000000       -325.00000000000000        0.0000000000000000     
   308.28355943904882       -267.83873719522984        99.689402627889635       -115.58559232347554        1.7769999999999999     
   78.352681938597243        65.186757101568276       -25.326570669800248       -35.287909468538082        1.7769999999999999     
   263.36375862235394        202.65198009366173       -74.362831958089330        150.87350179201366        0.0000000000000000     

 PASSED   1.0000000000000001E-005
 MU_R    =    325.00000000000000     
 ALPHA_S =   0.11799999999999999     
 BORN                    9.2269847469611996E-009
 SINGLE POLE (MadFKS)   -1.0081576226690504E-009
 DOUBLE POLE (MadFKS)   -9.8195052867288878E-010
 SINGLE POLE (MadLoop)  -1.0081576226689397E-009
 DOUBLE POLE (MadLoop)  -9.8195052867288961E-010
 FINITE PART (MadLoop)   1.1514968712979840E-009
   325.00000000000000        0.0000000000000000        0.0000000000000000        325.00000000000000        0.0000000000000000     
   325.00000000000000        0.0000000000000000        0.0000000000000000       -325.00000000000000        0.0000000000000000     
   244.81521148684843        40.654649041187334       -94.417695925127987        222.17972061796797        1.7769999999999999     
   302.16616466226242        22.692369577909549        171.54285573331089       -247.70817174146987        1.7769999999999999     
   103.01862385088920       -63.347018619096865       -77.125159808182971        25.528451123501846        0.0000000000000000     

 PASSED   1.0000000000000001E-005
 MU_R    =    325.00000000000000     
 ALPHA_S =   0.11799999999999999     
 BORN                    4.9542601862226258E-007
 SINGLE POLE (MadFKS)   -5.9117918892492095E-008
 DOUBLE POLE (MadFKS)   -5.2724032199647121E-008
 SINGLE POLE (MadLoop)  -5.9117918892491142E-008
 DOUBLE POLE (MadLoop)  -5.2724032199647095E-008
 FINITE PART (MadLoop)   3.5224714872834280E-008
   325.00000000000000        0.0000000000000000        0.0000000000000000        325.00000000000000        0.0000000000000000     
   325.00000000000000        0.0000000000000000        0.0000000000000000       -325.00000000000000        0.0000000000000000     
   308.36589965800653       -169.63195698514346        129.12724339369603       -222.79480363291103        1.7769999999999999     
   70.942859984027223        61.406889277613793        23.139916039564429        26.897395573588156        1.7769999999999999     
   270.69124035796625        108.22506770752967       -152.26715943326050        195.89740805932286        0.0000000000000000     

 PASSED   1.0000000000000001E-005
 MU_R    =    325.00000000000000     
 ALPHA_S =   0.11799999999999999     
 BORN                    4.1227414056857823E-008
 SINGLE POLE (MadFKS)   -7.5325244809414424E-010
 DOUBLE POLE (MadFKS)   -4.3874875855062321E-009
 SINGLE POLE (MadLoop)  -7.5325244809407249E-010
 DOUBLE POLE (MadLoop)  -4.3874875855062453E-009
 FINITE PART (MadLoop)   6.2763927750681499E-009
   325.00000000000000        0.0000000000000000        0.0000000000000000        325.00000000000000        0.0000000000000000     
   325.00000000000000        0.0000000000000000        0.0000000000000000       -325.00000000000000        0.0000000000000000     
   202.10687292922924        153.85180789571760       -75.736901257617873       -106.94659111605509        1.7769999999999999     
   272.82435138648287       -64.002036580858089        65.928751037929587        256.87955948369319        1.7769999999999999     
   175.06877568428840       -89.849771314859453        9.8081502196882386       -149.93296836763804        0.0000000000000000     

 PASSED   1.0000000000000001E-005
 MU_R    =    325.00000000000000     
 ALPHA_S =   0.11799999999999999     
 BORN                    6.5500375845825735E-008
 SINGLE POLE (MadFKS)   -1.0754465470503893E-008
 DOUBLE POLE (MadFKS)   -6.9706551440072478E-009
 SINGLE POLE (MadLoop)  -1.0754465470503950E-008
 DOUBLE POLE (MadLoop)  -6.9706551440072453E-009
 FINITE PART (MadLoop)   2.7672285739238621E-009
   325.00000000000000        0.0000000000000000        0.0000000000000000        325.00000000000000        0.0000000000000000     
   325.00000000000000        0.0000000000000000        0.0000000000000000       -325.00000000000000        0.0000000000000000     
   298.19121252228200       -82.065986021450087        286.44577530854826       -11.350473237737447        1.7769999999999999     
   241.15875215903350        94.181002402889447       -211.08454366455308       -68.757837562102338        1.7769999999999999     
   110.65003531868464       -12.115016381439393       -75.361231643995168        80.108310799839757        0.0000000000000000     

 PASSED   1.0000000000000001E-005
 MU_R    =    325.00000000000000     
 ALPHA_S =   0.11799999999999999     
 BORN                    1.3876938578275705E-007
 SINGLE POLE (MadFKS)   -4.4319462709501331E-009
 DOUBLE POLE (MadFKS)   -1.4768060798828949E-008
 SINGLE POLE (MadLoop)  -4.4319462709501678E-009
 DOUBLE POLE (MadLoop)  -1.4768060798829096E-008
 FINITE PART (MadLoop)   7.7317618038703545E-009
   325.00000000000000        0.0000000000000000        0.0000000000000000        325.00000000000000        0.0000000000000000     
   325.00000000000000        0.0000000000000000        0.0000000000000000       -325.00000000000000        0.0000000000000000     
   144.33819017862101        104.99165180645355        59.318888631741281       -79.299293297527427        1.7769999999999999     
   212.60298378875981        177.80143558037054        8.0973835026708425        116.26673158239929        1.7769999999999999     
   293.05882603262239       -282.79308738682414       -67.416272134412139       -36.967438284871861        0.0000000000000000     

 PASSED   1.0000000000000001E-005
 MU_R    =    325.00000000000000     
 ALPHA_S =   0.11799999999999999     
 BORN                    2.9866941399556005E-005
 SINGLE POLE (MadFKS)   -1.0866913835389720E-006
 DOUBLE POLE (MadFKS)   -3.1784878485677561E-006
 SINGLE POLE (MadLoop)  -1.0866913835389428E-006
 DOUBLE POLE (MadLoop)  -3.1784878485677710E-006
 FINITE PART (MadLoop)   4.4833200125388113E-006
   325.00000000000000        0.0000000000000000        0.0000000000000000        325.00000000000000        0.0000000000000000     
   325.00000000000000        0.0000000000000000        0.0000000000000000       -325.00000000000000        0.0000000000000000     
   266.40058570717071        200.68068140144499        172.04408144841841        33.078882794697229        1.7769999999999999     
   65.815997094837044        44.737446423298216        29.778844948489176       -37.952193950336515        1.7769999999999999     
   317.78341719799232       -245.41812782474318       -201.82292639690755        4.8733111556393638        0.0000000000000000     

 PASSED   1.0000000000000001E-005
 MU_R    =    325.00000000000000     
 ALPHA_S =   0.11799999999999999     
 BORN                    1.3158813634142013E-008
 SINGLE POLE (MadFKS)   -5.7912256470875365E-010
 DOUBLE POLE (MadFKS)   -1.4003820705360163E-009
 SINGLE POLE (MadLoop)  -5.7912256470873638E-010
 DOUBLE POLE (MadLoop)  -1.4003820705360163E-009
 FINITE PART (MadLoop)   7.8509166658378390E-010
   325.00000000000000        0.0000000000000000        0.0000000000000000        325.00000000000000        0.0000000000000000     
   325.00000000000000        0.0000000000000000        0.0000000000000000       -325.00000000000000        0.0000000000000000     
   315.53431139316649       -74.585322459768250        88.195370816967184        293.62791110074971        1.7769999999999999     
   207.35174863477368        30.043971440705310       -8.7361639887950258       -204.96982497853026        1.7769999999999999     
   127.11393997206012        44.541351019062937       -79.459206828172199       -88.658086122219444        0.0000000000000000     

 PASSED   1.0000000000000001E-005
 MU_R    =    325.00000000000000     
 ALPHA_S =   0.11799999999999999     
 BORN                    1.9066797805538430E-007
 SINGLE POLE (MadFKS)   -2.9647983083853565E-008
 DOUBLE POLE (MadFKS)   -2.0291192300294658E-008
 SINGLE POLE (MadLoop)  -2.9647983083853340E-008
 DOUBLE POLE (MadLoop)  -2.0291192300294661E-008
Thanks for using LHAPDF 6.2.1. Please make sure to cite the paper:
  Eur.Phys.J. C75 (2015) 3, 132  (http://arxiv.org/abs/1412.7420)
 FINITE PART (MadLoop)   2.2060071442585710E-008
   325.00000000000000        0.0000000000000000        0.0000000000000000        325.00000000000000        0.0000000000000000     
   325.00000000000000        0.0000000000000000        0.0000000000000000       -325.00000000000000        0.0000000000000000     
   282.05815995982886       -93.592056684811951       -60.404351918849748       -259.12446635872715        1.7769999999999999     
   266.59839540380796        169.48487618582828        71.641846302894294        192.90896636878247        1.7769999999999999     
   101.34344463636330       -75.892819501016305       -11.237494384044494        66.215499989944647        0.0000000000000000     

 PASSED   1.0000000000000001E-005
 MU_R    =    325.00000000000000     
 ALPHA_S =   0.11799999999999999     
 BORN                    2.2929557494976715E-008
 SINGLE POLE (MadFKS)   -2.8999852179255769E-009
 DOUBLE POLE (MadFKS)   -2.4402003169933781E-009
 SINGLE POLE (MadLoop)  -2.8999852179255140E-009
 DOUBLE POLE (MadLoop)  -2.4402003169933818E-009
 FINITE PART (MadLoop)   3.2483715278238293E-009
   325.00000000000000        0.0000000000000000        0.0000000000000000        325.00000000000000        0.0000000000000000     
   325.00000000000000        0.0000000000000000        0.0000000000000000       -325.00000000000000        0.0000000000000000     
   211.92844122404193        70.573134023648819        177.21294739485265        92.333691036162406        1.7769999999999999     
   324.94141251408928       -109.78996208156131       -268.36163033979318       -146.66957225392426        1.7769999999999999     
   113.13014626186899        39.216828057912210        91.148682944940560        54.335881217761795        0.0000000000000000     

 PASSED   1.0000000000000001E-005
 MU_R    =    325.00000000000000     
 ALPHA_S =   0.11799999999999999     
 BORN                    3.4314546036748585E-008
 SINGLE POLE (MadFKS)   -1.6002072611643977E-009
 DOUBLE POLE (MadFKS)   -3.6518090737120349E-009
 SINGLE POLE (MadLoop)  -1.6002072611643278E-009
 DOUBLE POLE (MadLoop)  -3.6518090737120444E-009
 FINITE PART (MadLoop)   6.0812610570323732E-009
   325.00000000000000        0.0000000000000000        0.0000000000000000        325.00000000000000        0.0000000000000000     
   325.00000000000000        0.0000000000000000        0.0000000000000000       -325.00000000000000        0.0000000000000000     
   258.76957347020976        193.73167561916679       -153.71443869800316       -76.147512254190005        1.7769999999999999     
   293.37510241869381       -158.32222396483829        187.33703441736412        160.94937690067016        1.7769999999999999     
   97.855324111096564       -35.409451654328521       -33.622595719360980       -84.801864646480112        0.0000000000000000     

 PASSED   1.0000000000000001E-005
 MU_R    =    325.00000000000000     
 ALPHA_S =   0.11799999999999999     
 BORN                    3.4776761424459427E-008
 SINGLE POLE (MadFKS)   -6.6282939023962662E-009
 DOUBLE POLE (MadFKS)   -3.7009987772577009E-009
 SINGLE POLE (MadLoop)  -6.6282939023959279E-009
 DOUBLE POLE (MadLoop)  -3.7009987772577104E-009
 FINITE PART (MadLoop)   2.1267795485482366E-009
   325.00000000000000        0.0000000000000000        0.0000000000000000        325.00000000000000        0.0000000000000000     
   325.00000000000000        0.0000000000000000        0.0000000000000000       -325.00000000000000        0.0000000000000000     
   217.14809399365745       -35.449165013872708        172.75289681731127        126.68831965546357        1.7769999999999999     
   313.49999738767508        97.299556535569238       -193.52411211907210       -226.62812040781412        1.7769999999999999     
   119.35190861866762       -61.850391521696508        20.771215301760837        99.939800752350578        0.0000000000000000     

 PASSED   1.0000000000000001E-005
 MU_R    =    325.00000000000000     
 ALPHA_S =   0.11799999999999999     
 BORN                    4.0141836746919817E-008
 SINGLE POLE (MadFKS)   -2.5370805255374108E-009
 DOUBLE POLE (MadFKS)   -4.2719587055262375E-009
 SINGLE POLE (MadLoop)  -2.5370805255374158E-009
 DOUBLE POLE (MadLoop)  -4.2719587055262351E-009
 FINITE PART (MadLoop)   2.9667321639120827E-009
   325.00000000000000        0.0000000000000000        0.0000000000000000        325.00000000000000        0.0000000000000000     
   325.00000000000000        0.0000000000000000        0.0000000000000000       -325.00000000000000        0.0000000000000000     
   271.06573727636834       0.90173677341453151       -257.12770289280007        85.778828810170680        1.7769999999999999     
   162.59259966272336       -96.391208212875156        65.010884988993979       -113.64644978305557        1.7769999999999999     
   216.34166306090955        95.489471439460615        192.11681790380607        27.867620972884893        0.0000000000000000     

 NUMBER OF POINTS PASSING THE CHECK          20
 NUMBER OF POINTS FAILING THE CHECK           0
 TOLERANCE    1.0000000000000001E-005
