==== LHAPDF6 USING DEFAULT-TYPE LHAGLUE INTERFACE ====
LHAPDF 6.2.1 loading /cvmfs/cms.cern.ch/slc6_amd64_gcc481/external/lhapdf/6.2.1/share/LHAPDF/NNPDF31_nnlo_hessian_pdfas/NNPDF31_nnlo_hessian_pdfas_0000.dat
NNPDF31_nnlo_hessian_pdfas PDF set, member #0, version 1; LHAPDF ID = 306000
 A PDF is used, so alpha_s(MZ) is going to be modified
 Old value of alpha_s from param_card:   0.11799999999999999     
 New value of alpha_s from PDF lhapdf :  0.11800208008122040     
 using LHAPDF
 *****************************************************
 *               MadGraph/MadEvent                   *
 *        --------------------------------           *
 *          http://madgraph.hep.uiuc.edu             *
 *          http://madgraph.phys.ucl.ac.be           *
 *          http://madgraph.roma2.infn.it            *
 *        --------------------------------           *
 *                                                   *
 *          PARAMETER AND COUPLING VALUES            *
 *                                                   *
 *****************************************************

  External Params
  ---------------------------------
  
 MU_R =    91.188000000000002     
 aEWM1 =    132.50700000000001     
 mdl_Gf =    1.1663900000000000E-005
 aS =   0.11799999999999999     
 mdl_lamWS =   0.22530000000000000     
 mdl_AWS =   0.80800000000000005     
 mdl_rhoWS =   0.13200000000000001     
 mdl_etaWS =   0.34100000000000003     
 mdl_ymt =    173.00000000000000     
 mdl_ymtau =    1.7769999999999999     
 mdl_MT =    173.00000000000000     
 mdl_MZ =    91.188000000000002     
 mdl_MH =    125.00000000000000     
 mdl_MTA =    1.7769999999999999     
 mdl_WT =    1.4915000000000000     
 mdl_WZ =    2.4414039999999999     
 mdl_WW =    2.0476000000000001     
 mdl_WH =    6.3823389999999999E-003
  Internal Params
  ---------------------------------
  
 mdl_CKM33 =    1.0000000000000000     
 mdl_conjg__CKM3x3 =    1.0000000000000000     
 mdl_I4x33 =    0.0000000000000000     
 mdl_I1x33 =    0.0000000000000000     
 mdl_lhv =    1.0000000000000000     
 mdl_CKM3x3 =    1.0000000000000000     
 mdl_conjg__CKM33 =    1.0000000000000000     
 mdl_Ncol =    3.0000000000000000     
 mdl_CA =    3.0000000000000000     
 mdl_TF =   0.50000000000000000     
 mdl_CF =    1.3333333333333333     
 mdl_lamWS__exp__2 =    5.0760090000000001E-002
 mdl_CKM11 =  ( 0.97461995499999998     ,  0.0000000000000000     )
 mdl_CKM12 =  ( 0.22530000000000000     ,  0.0000000000000000     )
 mdl_complexi =  (  0.0000000000000000     ,  1.0000000000000000     )
 mdl_lamWS__exp__3 =    1.1436248277000001E-002
 mdl_CKM13 =  (  1.2197444962317122E-003, -3.1510066152652563E-003)
 mdl_CKM21 =  (-0.22530000000000000     ,  0.0000000000000000     )
 mdl_CKM22 =  ( 0.97461995499999998     ,  0.0000000000000000     )
 mdl_CKM23 =  (  4.1014152720000002E-002,  0.0000000000000000     )
 mdl_CKM31 =  (  8.0207441115842885E-003, -3.1510066152652563E-003)
 mdl_CKM32 =  ( -4.1014152720000002E-002,  0.0000000000000000     )
 mdl_MZ__exp__2 =    8315.2513440000002     
 mdl_MZ__exp__4 =    69143404.913893804     
 mdl_sqrt__2 =    1.4142135623730951     
 mdl_MH__exp__2 =    15625.000000000000     
 mdl_CKM1x1 =  ( 0.97461995499999998     ,  0.0000000000000000     )
 mdl_CKM1x2 =  ( 0.22530000000000000     ,  0.0000000000000000     )
 mdl_CKM1x3 =  (  1.2197444962317122E-003, -3.1510066152652563E-003)
 mdl_CKM2x1 =  (-0.22530000000000000     ,  0.0000000000000000     )
 mdl_CKM2x2 =  ( 0.97461995499999998     ,  0.0000000000000000     )
 mdl_CKM2x3 =  (  4.1014152720000002E-002,  0.0000000000000000     )
 mdl_CKM3x1 =  (  8.0207441115842885E-003, -3.1510066152652563E-003)
 mdl_CKM3x2 =  ( -4.1014152720000002E-002,  0.0000000000000000     )
 mdl_conjg__CKM1x3 =  (  1.2197444962317122E-003,  3.1510066152652563E-003)
 mdl_conjg__CKM2x3 =  (  4.1014152720000002E-002, -0.0000000000000000     )
 mdl_conjg__CKM2x1 =  (-0.22530000000000000     , -0.0000000000000000     )
 mdl_conjg__CKM3x1 =  (  8.0207441115842885E-003,  3.1510066152652563E-003)
 mdl_conjg__CKM2x2 =  ( 0.97461995499999998     , -0.0000000000000000     )
 mdl_conjg__CKM3x2 =  ( -4.1014152720000002E-002, -0.0000000000000000     )
 mdl_Ncol__exp__2 =    9.0000000000000000     
 mdl_MT__exp__2 =    29929.000000000000     
 mdl_conjg__CKM11 =  ( 0.97461995499999998     , -0.0000000000000000     )
 mdl_conjg__CKM12 =  ( 0.22530000000000000     , -0.0000000000000000     )
 mdl_conjg__CKM13 =  (  1.2197444962317122E-003,  3.1510066152652563E-003)
 mdl_conjg__CKM21 =  (-0.22530000000000000     , -0.0000000000000000     )
 mdl_conjg__CKM22 =  ( 0.97461995499999998     , -0.0000000000000000     )
 mdl_conjg__CKM23 =  (  4.1014152720000002E-002, -0.0000000000000000     )
 mdl_conjg__CKM31 =  (  8.0207441115842885E-003,  3.1510066152652563E-003)
 mdl_conjg__CKM32 =  ( -4.1014152720000002E-002, -0.0000000000000000     )
 mdl_aEW =    7.5467711139788835E-003
 mdl_MW =    80.419002445756163     
 mdl_sqrt__aEW =    8.6872153846781555E-002
 mdl_ee =   0.30795376724436879     
 mdl_MW__exp__2 =    6467.2159543705357     
 mdl_sw2 =   0.22224648578577766     
 mdl_cw =   0.88190334743339216     
 mdl_sqrt__sw2 =   0.47143025548407230     
 mdl_sw =   0.47143025548407230     
 mdl_g1 =   0.34919219678733299     
 mdl_gw =   0.65323293034757990     
 mdl_v =    246.21845810181637     
 mdl_v__exp__2 =    60623.529110035903     
 mdl_lam =   0.12886910601690263     
 mdl_yt =   0.99366614581500623     
 mdl_ytau =    1.0206617000654717E-002
 mdl_muH =    88.388347648318430     
 mdl_AxialZUp =  -0.18517701861793787     
 mdl_AxialZDown =   0.18517701861793787     
 mdl_VectorZUp =    7.5430507588273299E-002
 mdl_VectorZDown =  -0.13030376310310560     
 mdl_VectorAUp =   0.20530251149624587     
 mdl_VectorADown =  -0.10265125574812294     
 mdl_VectorWmDxU =   0.23095271737156670     
 mdl_AxialWmDxU =  -0.23095271737156670     
 mdl_VectorWpUxD =   0.23095271737156670     
 mdl_AxialWpUxD =  -0.23095271737156670     
 mdl_I2x13 =  (  7.9699418879263656E-003,  3.1310485988282153E-003)
 mdl_I2x23 =  ( -4.0754375057150453E-002, -0.0000000000000000     )
 mdl_I2x33 =  ( 0.99366614581500623     ,  0.0000000000000000     )
 mdl_I3x31 =  (  7.9699418879263656E-003, -3.1310485988282153E-003)
 mdl_I3x32 =  ( -4.0754375057150453E-002,  0.0000000000000000     )
 mdl_I3x33 =  ( 0.99366614581500623     ,  0.0000000000000000     )
 mdl_Vector_tdGp =  ( -7.9699418879263656E-003, -3.1310485988282153E-003)
 mdl_Vector_tsGp =  (  4.0754375057150453E-002,  0.0000000000000000     )
 mdl_Vector_tbGp =  (-0.99366614581500623     ,  0.0000000000000000     )
 mdl_Axial_tdGp =  ( -7.9699418879263656E-003, -3.1310485988282153E-003)
 mdl_Axial_tsGp =  (  4.0754375057150453E-002,  0.0000000000000000     )
 mdl_Axial_tbGp =  (-0.99366614581500623     , -0.0000000000000000     )
 mdl_Vector_tdGm =  (  7.9699418879263656E-003, -3.1310485988282153E-003)
 mdl_Vector_tsGm =  ( -4.0754375057150453E-002,  0.0000000000000000     )
 mdl_Vector_tbGm =  ( 0.99366614581500623     ,  0.0000000000000000     )
 mdl_Axial_tdGm =  ( -7.9699418879263656E-003,  3.1310485988282153E-003)
 mdl_Axial_tsGm =  (  4.0754375057150453E-002, -0.0000000000000000     )
 mdl_Axial_tbGm =  (-0.99366614581500623     ,  0.0000000000000000     )
 mdl_gw__exp__2 =   0.42671326129048615     
 mdl_cw__exp__2 =   0.77775351421422245     
 mdl_ee__exp__2 =    9.4835522759998875E-002
 mdl_sw__exp__2 =   0.22224648578577769     
 mdl_yt__exp__2 =   0.98737240933884918     
  Internal Params evaluated point by point
  ----------------------------------------
  
 mdl_sqrt__aS =   0.34351128074635334     
 mdl_G__exp__4 =    2.1987899468922913     
 mdl_G__exp__2 =    1.4828317324943823     
 mdl_R2MixedFactor_FIN_ =   -2.5040377713124864E-002
 mdl_G_UVg_1EPS_ =   -5.1645779033320030E-002
 mdl_G_UVq_1EPS_ =    3.1300472141406080E-003
 mdl_G_UVb_1EPS_ =    3.1300472141406080E-003
 mdl_GWcft_UV_t_1EPS_ =   -3.1300472141406080E-003
 mdl_tWcft_UV_1EPS_ =   -1.8780283284843650E-002
 mdl_G__exp__3 =    1.8056676068262196     
 mdl_MU_R__exp__2 =    8315.2513440000002     
 mdl_G_UVt_FIN_ =   -4.0087659331150384E-003
 mdl_GWcft_UV_t_FIN_ =    4.0087659331150384E-003
 mdl_tWcft_UV_FIN_ =   -9.8778211443463623E-004
  Couplings of loop_sm-ckm_no_b_mass
  ---------------------------------
  
       UV_3Gt =   0.48815E-02   0.00000E+00
      UV_GQQt =   0.00000E+00  -0.48815E-02
   UVWfct_G_2 =   0.40088E-02   0.00000E+00
       R2_DDA =   0.00000E+00   0.25704E-02
       R2_UUA =  -0.00000E+00  -0.51409E-02
    R2_DDZ_V2 =   0.00000E+00   0.72127E-02
    R2_UUZ_V2 =  -0.00000E+00  -0.72127E-02
    R2_UUZ_V5 =   0.00000E+00   0.68702E-03
      R2_GGHt =   0.00000E+00  -0.45657E+01
     R2_GGZup =  -0.46369E-02   0.00000E+00
   R2_GGZdown =   0.46369E-02   0.00000E+00
 R2_GGGZvecUp =   0.00000E+00   0.28750E-03
 R2_GGGZvecDown  -0.00000E+00  -0.49665E-03
 R2_GGGZaxialUp  -0.00000E+00  -0.63522E-02
 R2_GGGZaxialDow  0.00000E+00   0.63522E-02
 R2_GGGAvecUp =   0.00000E+00   0.78251E-03
 R2_GGGAvecDown  -0.00000E+00  -0.39126E-03
         GC_4 =  -0.12177E+01   0.00000E+00
         GC_5 =   0.00000E+00   0.12177E+01
         GC_6 =   0.00000E+00   0.14828E+01
       R2_3Gq =   0.76230E-02   0.00000E+00
       R2_3Gg =   0.31445E-01   0.00000E+00
       R2_GQQ =  -0.00000E+00  -0.30492E-01
       R2_GGq =   0.00000E+00   0.62601E-02
       R2_GGt =  -0.00000E+00  -0.11242E+04
     R2_GGg_1 =   0.00000E+00   0.28170E-01
     R2_GGg_2 =  -0.00000E+00  -0.18780E-01
       R2_QQq =   0.00000E+00   0.12520E-01
  UV_3Gg_1eps =   0.62890E-01   0.00000E+00
  UV_3Gb_1eps =  -0.38115E-02   0.00000E+00
 UV_GQQg_1eps =   0.00000E+00  -0.62890E-01
 UV_GQQq_1eps =   0.00000E+00   0.38115E-02
 UVWfct_G_2_1eps -0.31300E-02   0.00000E+00
         GC_1 =  -0.00000E+00  -0.10265E+00
         GC_2 =   0.00000E+00   0.20530E+00
        GC_21 =  -0.00000E+00  -0.28804E+00
        GC_22 =   0.00000E+00   0.28804E+00
        GC_23 =  -0.00000E+00  -0.27437E-01
        GC_24 =   0.00000E+00   0.82310E-01
        GC_37 =  -0.00000E+00  -0.70263E+00
        GC_38 =  -0.00000E+00  -0.72172E-02
      GC_1003 =  -0.00000E+00  -0.30795E+00

 Collider parameters:
 --------------------

 Running at P P   machine @    13000.000000000000       GeV
 PDF set = lhapdf 
 alpha_s(Mz)= 0.1180 running at 3 loops.
 alpha_s(Mz)= 0.1180 running at 3 loops.
 Renormalization scale set on event-by-event basis
 Factorization   scale set on event-by-event basis


 ===============================================================
 INFO: MadFKS read these parameters from FKS_params.dat
 ===============================================================
  > IRPoleCheckThreshold      =    1.0000000000000001E-005
  > PrecisionVirtualAtRunTime =    1.0000000000000000E-003
  > NHelForMCoverHels         =            4
  > VirtualFraction           =    1.0000000000000000     
  > MinVirtualFraction        =    5.0000000000000001E-003
 ===============================================================
  Insert the number of points to test
 Insert the relative tolerance
  A negative number will mean use the default one:    1.0000000000000001E-005
Using random seed offsets:     0 ,     34 ,      0
  with seed                   32
 Ranmar initialization seeds       10729        9440
  ========================================================================================== 
 {                                                                                          }
 {       [32m                                                                            [0m       }
 {       [32m                               ,,                                           [0m       }
 {       [32m`7MMM.     ,MMF'             `7MM  `7MMF'                                   [0m       }
 {       [32m  MMMb    dPMM                 MM    MM                                     [0m       }
 {       [32m  M YM   ,M MM   ,6"Yb.   ,M""bMM    MM         ,pW"Wq.   ,pW"Wq.`7MMpdMAo. [0m       }
 {       [32m  M  Mb  M' MM  8)   MM ,AP    MM    MM        6W'   `Wb 6W'   `Wb MM   `Wb [0m       }
 {       [32m  M  YM.P'  MM   ,pm9MM 8MI    MM    MM      , 8M     M8 8M     M8 MM    M8 [0m       }
 {       [32m  M  `YM'   MM  8M   MM `Mb    MM    MM     ,M YA.   ,A9 YA.   ,A9 MM   ,AP [0m       }
 {       [32m.JML. `'  .JMML.`Moo9^Yo.`Wbmd"MML..JMMmmmmMMM  `Ybmd9'   `Ybmd9'  MMbmmd'  [0m       }
 {       [32m                                                                   MM       [0m       }
 {       [32m                                                                 .JMML.     [0m       }
 {       [32m[0mv2.4.2 (2016-06-10), Ref: arXiv:1103.0621v2, arXiv:1405.0301[32m                [0m       }
 {       [32m                                                                            [0m       }
 {                                                                                          }
  ========================================================================================== 
 ===============================================================
 INFO: MadLoop read these parameters from ./MadLoop5_resources/MadLoopParams.dat                                                                                                                                                                                                                                                                                                                                                                                                                                                                                          
 ===============================================================
  > MLReductionLib            = 6|1|2
  > IREGIMODE                 =            2
  > IREGIRECY                 =  T
  > CTModeRun                 =           -1
  > MLStabThres               =    1.0000000000000000E-003
  > NRotations_DP             =            1
  > NRotations_QP             =            0
  > CTStabThres               =    1.0000000000000000E-002
  > CTLoopLibrary             =            2
  > CTModeInit                =            1
  > CheckCycle                =            3
  > MaxAttempts               =           10
  > UseLoopFilter             =  F
  > HelicityFilterLevel       =            2
  > ImprovePSPoint            =            2
  > DoubleCheckHelicityFilter =  T
  > LoopInitStartOver         =  F
  > HelInitStartOver          =  F
  > ZeroThres                 =    1.0000000000000001E-009
  > OSThres                   =    1.0000000000000000E-008
  > WriteOutFilters           =  T
  > UseQPIntegrandForNinja    =  F
  > UseQPIntegrandForCutTools =  T
 ===============================================================
  
------------------------------------------------------------------------
|              You are using CutTools - Version 1.9.3                  |
|              Authors: G. Ossola, C. Papadopoulos, R. Pittau          |
|              Published in JHEP 0803:042,2008                         |
|              http://www.ugr.es/~pittau/CutTools                      |
|                                                                      |
|              Compiler with  34  significant digits detetected        |
 ---------------------------------------------------------------------- 
   
########################################################################
#                                                                      #
#                      You are using OneLOop-3.6                       #
#                                                                      #
# for the evaluation of 1-loop scalar 1-, 2-, 3- and 4-point functions #
#                                                                      #
# author: Andreas van Hameren <hamerenREMOVETHIS@ifj.edu.pl>           #
#   date: 18-02-2015                                                   #
#                                                                      #
# Please cite                                                          #
#    A. van Hameren,                                                   #
#      Comput.Phys.Commun. 182 (2011) 2427-2438, arXiv:1007.4716       #
#    A. van Hameren, C.G. Papadopoulos and R. Pittau,                  #
#      JHEP 0909:106,2009, arXiv:0903.4665                             #
# in publications with results obtained with the help of this program. #
#                                                                      #
########################################################################
 PASSED   1.0000000000000001E-005
 MU_R    =    325.00000000000000     
 ALPHA_S =   0.11799999999999999     
 BORN                    2.6729007070045400E-012
 SINGLE POLE (MadFKS)   -5.5279087359851200E-013
 DOUBLE POLE (MadFKS)   -4.3504788140496918E-013
 SINGLE POLE (MadLoop)  -5.5279087359882461E-013
 DOUBLE POLE (MadLoop)  -4.3504788140496867E-013
 FINITE PART (MadLoop)   4.1773992149213846E-013
   325.00000000000000        0.0000000000000000        0.0000000000000000        325.00000000000000        0.0000000000000000     
   325.00000000000000        0.0000000000000000        0.0000000000000000       -325.00000000000000        0.0000000000000000     
   219.85186353181368       -177.71940555402514        117.13770436089661       -55.040103606319242        0.0000000000000000     
   230.93701947560001        131.65036543962745       -146.01773661750411        121.15654681851656        0.0000000000000000     
   130.33731664442826        64.864204513104852        94.966810986265827       -61.333154933126714        0.0000000000000000     
   68.873800348158056       -18.795164398707154       -66.086778729658278       -4.7832882790706064        0.0000000000000000     

 PASSED   1.0000000000000001E-005
 MU_R    =    325.00000000000000     
 ALPHA_S =   0.11799999999999999     
 BORN                    3.4283649140704332E-012
 SINGLE POLE (MadFKS)   -7.6782672869310890E-013
 DOUBLE POLE (MadFKS)   -5.5800909051386542E-013
 SINGLE POLE (MadLoop)  -7.6782672869300409E-013
 DOUBLE POLE (MadLoop)  -5.5800909051386451E-013
 FINITE PART (MadLoop)   5.4853714543598551E-013
   325.00000000000000        0.0000000000000000        0.0000000000000000        325.00000000000000        0.0000000000000000     
   325.00000000000000        0.0000000000000000        0.0000000000000000       -325.00000000000000        0.0000000000000000     
   217.82430355345392       -26.673865930373474       -215.94875366692295       -10.102865166789336        0.0000000000000000     
   164.88201025897777       -124.96338011179809        74.437995425105669        77.648024927668786        0.0000000000000000     
   164.78106713382599        59.398613347024401        114.14817324934714       -102.93104178065141        0.0000000000000000     
   102.51261905374209        92.238632695147174        27.362584992470175        35.385882019771906        0.0000000000000000     

 PASSED   1.0000000000000001E-005
 MU_R    =    325.00000000000000     
 ALPHA_S =   0.11799999999999999     
 BORN                    8.7698554864673750E-012
 SINGLE POLE (MadFKS)   -2.3667662152050610E-012
 DOUBLE POLE (MadFKS)   -1.4274032101593125E-012
 SINGLE POLE (MadLoop)  -2.3667662152051143E-012
 DOUBLE POLE (MadLoop)  -1.4274032101593117E-012
 FINITE PART (MadLoop)   1.5301577826688839E-012
   325.00000000000000        0.0000000000000000        0.0000000000000000        325.00000000000000        0.0000000000000000     
   325.00000000000000        0.0000000000000000        0.0000000000000000       -325.00000000000000        0.0000000000000000     
   133.46410299882601       -97.865895500103591        81.052828355034194        40.808973313395313        0.0000000000000000     
   167.06442698119852       -42.371711673061839       -122.23336561206688       -105.70792375029374        0.0000000000000000     
   189.46333943865824        78.216677700239174       -75.448367076046154        155.19681770688260        0.0000000000000000     
   160.00813058131712        62.020929472926262        116.62890433307881       -90.297867269984152        0.0000000000000000     

 PASSED   1.0000000000000001E-005
 MU_R    =    325.00000000000000     
 ALPHA_S =   0.11799999999999999     
 BORN                    2.3677508845065691E-011
 SINGLE POLE (MadFKS)   -7.5006010673717230E-012
 DOUBLE POLE (MadFKS)   -3.8538094711109484E-012
 SINGLE POLE (MadLoop)  -7.5006010673721334E-012
 DOUBLE POLE (MadLoop)  -3.8538094711109645E-012
 FINITE PART (MadLoop)   2.0642013029205606E-012
   325.00000000000000        0.0000000000000000        0.0000000000000000        325.00000000000000        0.0000000000000000     
   325.00000000000000        0.0000000000000000        0.0000000000000000       -325.00000000000000        0.0000000000000000     
   136.72863478474423        24.818907343910293        131.90545223188334       -26.070924031508497        0.0000000000000000     
   158.98970894981505      -0.97966898309743689       -128.25926419360553        93.948544156603873        0.0000000000000000     
   209.33636534195446       -89.967264607220415        63.385868537868760       -178.07256055713523        0.0000000000000000     
   144.94529092348643        66.128026246407529       -67.032056576146630        110.19494043203990        0.0000000000000000     

 PASSED   1.0000000000000001E-005
 MU_R    =    325.00000000000000     
 ALPHA_S =   0.11799999999999999     
 BORN                    3.9893179825530863E-008
 SINGLE POLE (MadFKS)   -1.0248159533650556E-008
 DOUBLE POLE (MadFKS)   -6.4931118915578856E-009
 SINGLE POLE (MadLoop)  -1.0248159533634383E-008
 DOUBLE POLE (MadLoop)  -6.4931118915577582E-009
 FINITE PART (MadLoop)  -4.1725109140323289E-011
   325.00000000000000        0.0000000000000000        0.0000000000000000        325.00000000000000        0.0000000000000000     
   325.00000000000000        0.0000000000000000        0.0000000000000000       -325.00000000000000        0.0000000000000000     
   12.040691808571477       -4.3131630307013680       -10.517225732794934       -3.9702451794602491        0.0000000000000000     
   27.330217400264981       -23.509355617641774        9.1470575189357142       -10.515812870828537        0.0000000000000000     
   318.41823002322792        169.06239388931016        94.509643636660897        252.73702428257801        0.0000000000000000     
   292.21086076793580       -141.23987524096685       -93.139475422801510       -238.25096623228922        0.0000000000000000     

 PASSED   1.0000000000000001E-005
 MU_R    =    325.00000000000000     
 ALPHA_S =   0.11799999999999999     
 BORN                    6.1333651109971374E-012
 SINGLE POLE (MadFKS)   -8.2478503094208477E-013
 DOUBLE POLE (MadFKS)   -9.9828156370715717E-013
 SINGLE POLE (MadLoop)  -8.2478503094191957E-013
 DOUBLE POLE (MadLoop)  -9.9828156370715757E-013
 FINITE PART (MadLoop)   8.5277393031322205E-013
   325.00000000000000        0.0000000000000000        0.0000000000000000        325.00000000000000        0.0000000000000000     
   325.00000000000000        0.0000000000000000        0.0000000000000000       -325.00000000000000        0.0000000000000000     
   242.13711122429578        181.90110132383236        136.78529787386128        82.656834289627184        0.0000000000000000     
   60.575348877955172        20.547311143663478       -54.245659191849612        17.452488512907543        0.0000000000000000     
   186.92081929565870       -174.01466240419353        60.046129378175564       -32.446144627894689        0.0000000000000000     
   160.36672060209051       -28.433750063302185       -142.58576806018723       -67.663178174640038        0.0000000000000000     

 PASSED   1.0000000000000001E-005
 MU_R    =    325.00000000000000     
 ALPHA_S =   0.11799999999999999     
 BORN                    1.5842827237529828E-011
 SINGLE POLE (MadFKS)   -4.0568239435773742E-012
 DOUBLE POLE (MadFKS)   -2.5786174574649418E-012
 SINGLE POLE (MadLoop)  -4.0568239435769203E-012
 DOUBLE POLE (MadLoop)  -2.5786174574649297E-012
 FINITE PART (MadLoop)   1.7869574307444725E-012
   325.00000000000000        0.0000000000000000        0.0000000000000000        325.00000000000000        0.0000000000000000     
   325.00000000000000        0.0000000000000000        0.0000000000000000       -325.00000000000000        0.0000000000000000     
   209.14772086071596       -59.938692370089889       -29.992035883053703       -198.11764202560389        0.0000000000000000     
   120.79628378091840        115.54308065203207       -30.155620731977265       -18.225729806713534        0.0000000000000000     
   261.88447178341733       -47.535518581979112        116.15010299553649        229.85431170319191        0.0000000000000000     
   58.171523574948289       -8.0688696999630523       -56.002446380505532       -13.510939870874459        0.0000000000000000     

 PASSED   1.0000000000000001E-005
 MU_R    =    325.00000000000000     
 ALPHA_S =   0.11799999999999999     
 BORN                    6.0873990384124036E-012
 SINGLE POLE (MadFKS)   -1.4462474876133997E-012
 DOUBLE POLE (MadFKS)   -9.9080001288033808E-013
 SINGLE POLE (MadLoop)  -1.4462474876127764E-012
 DOUBLE POLE (MadLoop)  -9.9080001288033666E-013
 FINITE PART (MadLoop)   6.3218728842963227E-013
   325.00000000000000        0.0000000000000000        0.0000000000000000        325.00000000000000        0.0000000000000000     
   325.00000000000000        0.0000000000000000        0.0000000000000000       -325.00000000000000        0.0000000000000000     
   260.34125784450021       -184.43985392048305        120.74282967862638       -138.49433166395522        0.0000000000000000     
   222.71354160829722        215.91833170705544       -50.319166909554902        21.179638572956723        0.0000000000000000     
   129.93338079136345       -5.4471730654254102       -86.688599548637981        96.633837022880542        0.0000000000000000     
   37.011819755838999       -26.031304721147048        16.264936779566469        20.680856068117869        0.0000000000000000     

 PASSED   1.0000000000000001E-005
 MU_R    =    325.00000000000000     
 ALPHA_S =   0.11799999999999999     
 BORN                    6.1244116885480523E-012
 SINGLE POLE (MadFKS)   -8.0755096168529281E-013
 DOUBLE POLE (MadFKS)   -9.9682428268748060E-013
 SINGLE POLE (MadLoop)  -8.0755096168558240E-013
 DOUBLE POLE (MadLoop)  -9.9682428268745132E-013
 FINITE PART (MadLoop)   1.0762287487659984E-012
   325.00000000000000        0.0000000000000000        0.0000000000000000        325.00000000000000        0.0000000000000000     
   325.00000000000000        0.0000000000000000        0.0000000000000000       -325.00000000000000        0.0000000000000000     
   129.91785287234632       -118.98294788856860        28.414767668415617       -43.752800882420729        0.0000000000000000     
   119.63800977202187        50.697130176957920        49.481156785739969       -96.408866278864636        0.0000000000000000     
   263.76407051700977        201.36326542459372       -107.93184844110068        131.81440105441388        0.0000000000000000     
   136.68006683862205       -133.07744771298300        30.035923986945104        8.3472661068714924        0.0000000000000000     

 PASSED   1.0000000000000001E-005
 MU_R    =    325.00000000000000     
 ALPHA_S =   0.11799999999999999     
 BORN                    3.0033518225725272E-011
 SINGLE POLE (MadFKS)   -7.5154400976546568E-012
 DOUBLE POLE (MadFKS)   -4.8883291627701730E-012
 SINGLE POLE (MadLoop)  -7.5154400976545243E-012
 DOUBLE POLE (MadLoop)  -4.8883291627701649E-012
 FINITE PART (MadLoop)   3.3760379674628069E-012
   325.00000000000000        0.0000000000000000        0.0000000000000000        325.00000000000000        0.0000000000000000     
   325.00000000000000        0.0000000000000000        0.0000000000000000       -325.00000000000000        0.0000000000000000     
   169.29335601150339        45.888516252331911       0.56931245190458180       -162.95447324062388        0.0000000000000000     
   105.54296563861773        98.541078397379565        36.080545645208936        11.276865256795880        0.0000000000000000     
   166.62078999442284       -151.85628716829339        60.178642511039740       -32.873799466366101        0.0000000000000000     
   208.54288835545620        7.4266925185818939       -96.828500608153263        184.55140745019409        0.0000000000000000     

 PASSED   1.0000000000000001E-005
 MU_R    =    325.00000000000000     
 ALPHA_S =   0.11799999999999999     
 BORN                    4.7097180147046560E-012
 SINGLE POLE (MadFKS)   -1.0834579201553186E-012
 DOUBLE POLE (MadFKS)   -7.6656526706833548E-013
 SINGLE POLE (MadLoop)  -1.0834579201553521E-012
 DOUBLE POLE (MadLoop)  -7.6656526706833568E-013
 FINITE PART (MadLoop)   8.2023716148389397E-013
   325.00000000000000        0.0000000000000000        0.0000000000000000        325.00000000000000        0.0000000000000000     
   325.00000000000000        0.0000000000000000        0.0000000000000000       -325.00000000000000        0.0000000000000000     
   176.86120071156137        169.38901434178047        18.930715996988770       -47.210953488535210        0.0000000000000000     
   129.28660765049153       -97.321459092497420       0.96936369634348696        85.103588948432190        0.0000000000000000     
   194.47706676782749       -116.93749562662606        93.558039866282229       -124.07193393983182        0.0000000000000000     
   149.37512487011946        44.869940377343070       -113.45811955961446        86.179298479934843        0.0000000000000000     

 PASSED   1.0000000000000001E-005
 MU_R    =    325.00000000000000     
 ALPHA_S =   0.11799999999999999     
 BORN                    5.8838589987905832E-011
 SINGLE POLE (MadFKS)   -2.2187360016120911E-011
 DOUBLE POLE (MadFKS)   -9.5767133631315199E-012
 SINGLE POLE (MadLoop)  -2.2187360016121780E-011
 DOUBLE POLE (MadLoop)  -9.5767133631315474E-012
 FINITE PART (MadLoop)   1.3337993564406242E-012
   325.00000000000000        0.0000000000000000        0.0000000000000000        325.00000000000000        0.0000000000000000     
   325.00000000000000        0.0000000000000000        0.0000000000000000       -325.00000000000000        0.0000000000000000     
   103.73358767993896       -60.352232396077454        5.5750834614803395       -84.185412644703305        0.0000000000000000     
   237.92162268211757        179.89268117112897        82.148689740957224        132.27590322730126        0.0000000000000000     
   177.66319513665124       -68.937875971358025       -40.086973445256817       -158.76024289072103        0.0000000000000000     
   130.68159450129221       -50.602572803693448       -47.636799757180725        110.66975230812317        0.0000000000000000     

 PASSED   1.0000000000000001E-005
 MU_R    =    325.00000000000000     
 ALPHA_S =   0.11799999999999999     
 BORN                    2.9536150448252006E-012
 SINGLE POLE (MadFKS)   -5.3696030239139232E-013
 DOUBLE POLE (MadFKS)   -4.8073763622034309E-013
 SINGLE POLE (MadLoop)  -5.3696030239140736E-013
 DOUBLE POLE (MadLoop)  -4.8073763622034319E-013
 FINITE PART (MadLoop)   5.4542499648380029E-013
   325.00000000000000        0.0000000000000000        0.0000000000000000        325.00000000000000        0.0000000000000000     
   325.00000000000000        0.0000000000000000        0.0000000000000000       -325.00000000000000        0.0000000000000000     
   193.12230653020964        122.93779439366469        5.3464767727249072        148.84199399123887        0.0000000000000000     
   265.74683255618481       -86.907310941538043        121.79098038487108       -219.62571665323645        0.0000000000000000     
   69.999668353173050       -64.275723785728758       -24.352609065277488        13.248974793873044        0.0000000000000000     
   121.13119256043259        28.245240333602126       -102.78484809231848        57.534747868124526        0.0000000000000000     

 PASSED   1.0000000000000001E-005
 MU_R    =    325.00000000000000     
 ALPHA_S =   0.11799999999999999     
 BORN                    1.7786724631592467E-011
 SINGLE POLE (MadFKS)   -4.8054641650762904E-012
 DOUBLE POLE (MadFKS)   -2.8950109698537111E-012
 SINGLE POLE (MadLoop)  -4.8054641650781951E-012
 DOUBLE POLE (MadLoop)  -2.8950109698536998E-012
 FINITE PART (MadLoop)   1.3468744980618555E-012
   325.00000000000000        0.0000000000000000        0.0000000000000000        325.00000000000000        0.0000000000000000     
   325.00000000000000        0.0000000000000000        0.0000000000000000       -325.00000000000000        0.0000000000000000     
Thanks for using LHAPDF 6.2.1. Please make sure to cite the paper:
  Eur.Phys.J. C75 (2015) 3, 132  (http://arxiv.org/abs/1412.7420)
   231.13670474678315       -98.749551093907201        99.571351803604358        183.73417847519920        0.0000000000000000     
   154.68854963311958        148.13047522292345       -13.309952799217699        42.529458664690090        0.0000000000000000     
   112.70702527668351       -1.0328736445412685       -76.159676983069147       -83.075329193376973        0.0000000000000000     
   151.46772034341339       -48.348050484474925       -10.101722021317480       -143.18830794651214        0.0000000000000000     

 PASSED   1.0000000000000001E-005
 MU_R    =    325.00000000000000     
 ALPHA_S =   0.11799999999999999     
 BORN                    1.2586971881061304E-009
 SINGLE POLE (MadFKS)   -1.8408756738245585E-010
 DOUBLE POLE (MadFKS)   -2.0486864460806694E-010
 SINGLE POLE (MadLoop)  -1.8408756738250055E-010
 DOUBLE POLE (MadLoop)  -2.0486864460808880E-010
 FINITE PART (MadLoop)   1.4314118409802175E-010
   325.00000000000000        0.0000000000000000        0.0000000000000000        325.00000000000000        0.0000000000000000     
   325.00000000000000        0.0000000000000000        0.0000000000000000       -325.00000000000000        0.0000000000000000     
   173.74835797756162       -1.4371817604849961       -78.970253284724308        154.75828089195346        0.0000000000000000     
   28.847451645735458        25.749477711194675        5.2484351671590250        11.899318986810259        0.0000000000000000     
   227.94523036883567       -127.81465468968879        188.42982922822299       -10.800071827535156        0.0000000000000000     
   219.45896000786703        103.50235873897907       -114.70801111065771       -155.85752805122854        0.0000000000000000     

 PASSED   1.0000000000000001E-005
 MU_R    =    325.00000000000000     
 ALPHA_S =   0.11799999999999999     
 BORN                    1.0078781424958146E-011
 SINGLE POLE (MadFKS)   -2.4027460699860712E-012
 DOUBLE POLE (MadFKS)   -1.6404472094983624E-012
 SINGLE POLE (MadLoop)  -2.4027460699860049E-012
 DOUBLE POLE (MadLoop)  -1.6404472094983635E-012
 FINITE PART (MadLoop)   1.0175898207714557E-012
   325.00000000000000        0.0000000000000000        0.0000000000000000        325.00000000000000        0.0000000000000000     
   325.00000000000000        0.0000000000000000        0.0000000000000000       -325.00000000000000        0.0000000000000000     
   265.15291034675562       -215.74482204900622       -83.930825875358551       -129.28980660623444        0.0000000000000000     
   65.669903835294647        39.472179713866403        50.362349518621713       -14.768786319033278        0.0000000000000000     
   243.60446752074313        162.61085692017997       -32.305283937389234        178.48589422549392        0.0000000000000000     
   75.572718297206620        13.661785414959869        65.873760294126072       -34.427301300226233        0.0000000000000000     

 PASSED   1.0000000000000001E-005
 MU_R    =    325.00000000000000     
 ALPHA_S =   0.11799999999999999     
 BORN                    5.1026124207924948E-011
 SINGLE POLE (MadFKS)   -4.7319981666033326E-012
 DOUBLE POLE (MadFKS)   -8.3051372521212230E-012
 SINGLE POLE (MadLoop)  -4.7319981666034481E-012
 DOUBLE POLE (MadLoop)  -8.3051372521212472E-012
 FINITE PART (MadLoop)   1.8777640385638316E-012
   325.00000000000000        0.0000000000000000        0.0000000000000000        325.00000000000000        0.0000000000000000     
   325.00000000000000        0.0000000000000000        0.0000000000000000       -325.00000000000000        0.0000000000000000     
   120.28396116704837       -36.780023410557135       -114.23690380543205       -8.0864702375845265        0.0000000000000000     
   48.909784498238238       -33.433512015020078       -33.673047989412531        11.852979925248134        0.0000000000000000     
   302.49301843816164        244.00256326194307        177.26549577171804        23.274864859722317        0.0000000000000000     
   178.31323589655176       -173.78902783636585       -29.355543976873498       -27.041374547385885        0.0000000000000000     

 PASSED   1.0000000000000001E-005
 MU_R    =    325.00000000000000     
 ALPHA_S =   0.11799999999999999     
 BORN                    2.5411829979803462E-010
 SINGLE POLE (MadFKS)   -2.2989871537916696E-011
 DOUBLE POLE (MadFKS)   -4.1360918369939274E-011
 SINGLE POLE (MadLoop)  -2.2989871537906437E-011
 DOUBLE POLE (MadLoop)  -4.1360918369938880E-011
 FINITE PART (MadLoop)   4.0309965149975007E-012
   325.00000000000000        0.0000000000000000        0.0000000000000000        325.00000000000000        0.0000000000000000     
   325.00000000000000        0.0000000000000000        0.0000000000000000       -325.00000000000000        0.0000000000000000     
   13.477419064233713        3.2668866945462356        11.901357456748730       -5.4153454778673611        0.0000000000000000     
   119.11194025869915        36.009026757112942       -113.38084566358380        5.9823190159026725        0.0000000000000000     
   311.08114888312292       -158.50621175660467        264.27919309071484        42.470814971398205        0.0000000000000000     
   206.32949179394444        119.23029830494552       -162.79970488387974       -43.037788509433618        0.0000000000000000     

 PASSED   1.0000000000000001E-005
 MU_R    =    325.00000000000000     
 ALPHA_S =   0.11799999999999999     
 BORN                    5.8712942039654782E-011
 SINGLE POLE (MadFKS)   -1.7330683386248791E-011
 DOUBLE POLE (MadFKS)   -9.5562625945914632E-012
 SINGLE POLE (MadLoop)  -1.7330683386248833E-011
 DOUBLE POLE (MadLoop)  -9.5562625945914971E-012
 FINITE PART (MadLoop)   9.8080980664162816E-012
   325.00000000000000        0.0000000000000000        0.0000000000000000        325.00000000000000        0.0000000000000000     
   325.00000000000000        0.0000000000000000        0.0000000000000000       -325.00000000000000        0.0000000000000000     
   112.70899248864718       -84.442823863661673       -39.876407169285926        63.107833404466220        0.0000000000000000     
   147.36136579538962       -97.629897981561058       -80.494528989579734       -75.527517845738274        0.0000000000000000     
   181.21939710450192        98.944916789069765        19.867015905778889       -150.51802220173744        0.0000000000000000     
   208.71024461146129        83.127805056152965        100.50392025308678        162.93770664300953        0.0000000000000000     

 PASSED   1.0000000000000001E-005
 MU_R    =    325.00000000000000     
 ALPHA_S =   0.11799999999999999     
 BORN                    4.6067529812508403E-011
 SINGLE POLE (MadFKS)   -1.3691558933595430E-011
 DOUBLE POLE (MadFKS)   -7.4980642543030296E-012
 SINGLE POLE (MadLoop)  -1.3691558933596146E-011
 DOUBLE POLE (MadLoop)  -7.4980642543030570E-012
 FINITE PART (MadLoop)  -5.5920725512094171E-013
   325.00000000000000        0.0000000000000000        0.0000000000000000        325.00000000000000        0.0000000000000000     
   325.00000000000000        0.0000000000000000        0.0000000000000000       -325.00000000000000        0.0000000000000000     
   226.80545109554174        155.57590742646002        55.270028053364044       -155.50586379318969        0.0000000000000000     
   97.464936023579526       -73.574488118308281       -20.302080530051278       -60.613810129051245        0.0000000000000000     
   187.12199176231147        26.050476066175211        43.978899662345547        180.00519126488970        0.0000000000000000     
   138.60762111856732       -108.05189537432693       -78.946847185658328        36.114482657351253        0.0000000000000000     

 NUMBER OF POINTS PASSING THE CHECK          20
 NUMBER OF POINTS FAILING THE CHECK           0
 TOLERANCE    1.0000000000000001E-005
