==== LHAPDF6 USING DEFAULT-TYPE LHAGLUE INTERFACE ====
LHAPDF 6.2.1 loading /cvmfs/cms.cern.ch/slc6_amd64_gcc481/external/lhapdf/6.2.1/share/LHAPDF/NNPDF31_nnlo_hessian_pdfas/NNPDF31_nnlo_hessian_pdfas_0000.dat
NNPDF31_nnlo_hessian_pdfas PDF set, member #0, version 1; LHAPDF ID = 306000
 A PDF is used, so alpha_s(MZ) is going to be modified
 Old value of alpha_s from param_card:   0.11799999999999999     
 New value of alpha_s from PDF lhapdf :  0.11800208008122040     
 using LHAPDF
 *****************************************************
 *               MadGraph/MadEvent                   *
 *        --------------------------------           *
 *          http://madgraph.hep.uiuc.edu             *
 *          http://madgraph.phys.ucl.ac.be           *
 *          http://madgraph.roma2.infn.it            *
 *        --------------------------------           *
 *                                                   *
 *          PARAMETER AND COUPLING VALUES            *
 *                                                   *
 *****************************************************

  External Params
  ---------------------------------
  
 MU_R =    91.188000000000002     
 aEWM1 =    132.50700000000001     
 mdl_Gf =    1.1663900000000000E-005
 aS =   0.11799999999999999     
 mdl_lamWS =   0.22530000000000000     
 mdl_AWS =   0.80800000000000005     
 mdl_rhoWS =   0.13200000000000001     
 mdl_etaWS =   0.34100000000000003     
 mdl_ymt =    173.00000000000000     
 mdl_ymtau =    1.7769999999999999     
 mdl_MT =    173.00000000000000     
 mdl_MZ =    91.188000000000002     
 mdl_MH =    125.00000000000000     
 mdl_MTA =    1.7769999999999999     
 mdl_WT =    1.4915000000000000     
 mdl_WZ =    2.4414039999999999     
 mdl_WW =    2.0476000000000001     
 mdl_WH =    6.3823389999999999E-003
  Internal Params
  ---------------------------------
  
 mdl_CKM33 =    1.0000000000000000     
 mdl_conjg__CKM3x3 =    1.0000000000000000     
 mdl_I4x33 =    0.0000000000000000     
 mdl_I1x33 =    0.0000000000000000     
 mdl_lhv =    1.0000000000000000     
 mdl_CKM3x3 =    1.0000000000000000     
 mdl_conjg__CKM33 =    1.0000000000000000     
 mdl_Ncol =    3.0000000000000000     
 mdl_CA =    3.0000000000000000     
 mdl_TF =   0.50000000000000000     
 mdl_CF =    1.3333333333333333     
 mdl_lamWS__exp__2 =    5.0760090000000001E-002
 mdl_CKM11 =  ( 0.97461995499999998     ,  0.0000000000000000     )
 mdl_CKM12 =  ( 0.22530000000000000     ,  0.0000000000000000     )
 mdl_complexi =  (  0.0000000000000000     ,  1.0000000000000000     )
 mdl_lamWS__exp__3 =    1.1436248277000001E-002
 mdl_CKM13 =  (  1.2197444962317122E-003, -3.1510066152652563E-003)
 mdl_CKM21 =  (-0.22530000000000000     ,  0.0000000000000000     )
 mdl_CKM22 =  ( 0.97461995499999998     ,  0.0000000000000000     )
 mdl_CKM23 =  (  4.1014152720000002E-002,  0.0000000000000000     )
 mdl_CKM31 =  (  8.0207441115842885E-003, -3.1510066152652563E-003)
 mdl_CKM32 =  ( -4.1014152720000002E-002,  0.0000000000000000     )
 mdl_MZ__exp__2 =    8315.2513440000002     
 mdl_MZ__exp__4 =    69143404.913893804     
 mdl_sqrt__2 =    1.4142135623730951     
 mdl_MH__exp__2 =    15625.000000000000     
 mdl_CKM1x1 =  ( 0.97461995499999998     ,  0.0000000000000000     )
 mdl_CKM1x2 =  ( 0.22530000000000000     ,  0.0000000000000000     )
 mdl_CKM1x3 =  (  1.2197444962317122E-003, -3.1510066152652563E-003)
 mdl_CKM2x1 =  (-0.22530000000000000     ,  0.0000000000000000     )
 mdl_CKM2x2 =  ( 0.97461995499999998     ,  0.0000000000000000     )
 mdl_CKM2x3 =  (  4.1014152720000002E-002,  0.0000000000000000     )
 mdl_CKM3x1 =  (  8.0207441115842885E-003, -3.1510066152652563E-003)
 mdl_CKM3x2 =  ( -4.1014152720000002E-002,  0.0000000000000000     )
 mdl_conjg__CKM1x3 =  (  1.2197444962317122E-003,  3.1510066152652563E-003)
 mdl_conjg__CKM2x3 =  (  4.1014152720000002E-002, -0.0000000000000000     )
 mdl_conjg__CKM2x1 =  (-0.22530000000000000     , -0.0000000000000000     )
 mdl_conjg__CKM3x1 =  (  8.0207441115842885E-003,  3.1510066152652563E-003)
 mdl_conjg__CKM2x2 =  ( 0.97461995499999998     , -0.0000000000000000     )
 mdl_conjg__CKM3x2 =  ( -4.1014152720000002E-002, -0.0000000000000000     )
 mdl_Ncol__exp__2 =    9.0000000000000000     
 mdl_MT__exp__2 =    29929.000000000000     
 mdl_conjg__CKM11 =  ( 0.97461995499999998     , -0.0000000000000000     )
 mdl_conjg__CKM12 =  ( 0.22530000000000000     , -0.0000000000000000     )
 mdl_conjg__CKM13 =  (  1.2197444962317122E-003,  3.1510066152652563E-003)
 mdl_conjg__CKM21 =  (-0.22530000000000000     , -0.0000000000000000     )
 mdl_conjg__CKM22 =  ( 0.97461995499999998     , -0.0000000000000000     )
 mdl_conjg__CKM23 =  (  4.1014152720000002E-002, -0.0000000000000000     )
 mdl_conjg__CKM31 =  (  8.0207441115842885E-003,  3.1510066152652563E-003)
 mdl_conjg__CKM32 =  ( -4.1014152720000002E-002, -0.0000000000000000     )
 mdl_aEW =    7.5467711139788835E-003
 mdl_MW =    80.419002445756163     
 mdl_sqrt__aEW =    8.6872153846781555E-002
 mdl_ee =   0.30795376724436879     
 mdl_MW__exp__2 =    6467.2159543705357     
 mdl_sw2 =   0.22224648578577766     
 mdl_cw =   0.88190334743339216     
 mdl_sqrt__sw2 =   0.47143025548407230     
 mdl_sw =   0.47143025548407230     
 mdl_g1 =   0.34919219678733299     
 mdl_gw =   0.65323293034757990     
 mdl_v =    246.21845810181637     
 mdl_v__exp__2 =    60623.529110035903     
 mdl_lam =   0.12886910601690263     
 mdl_yt =   0.99366614581500623     
 mdl_ytau =    1.0206617000654717E-002
 mdl_muH =    88.388347648318430     
 mdl_AxialZUp =  -0.18517701861793787     
 mdl_AxialZDown =   0.18517701861793787     
 mdl_VectorZUp =    7.5430507588273299E-002
 mdl_VectorZDown =  -0.13030376310310560     
 mdl_VectorAUp =   0.20530251149624587     
 mdl_VectorADown =  -0.10265125574812294     
 mdl_VectorWmDxU =   0.23095271737156670     
 mdl_AxialWmDxU =  -0.23095271737156670     
 mdl_VectorWpUxD =   0.23095271737156670     
 mdl_AxialWpUxD =  -0.23095271737156670     
 mdl_I2x13 =  (  7.9699418879263656E-003,  3.1310485988282153E-003)
 mdl_I2x23 =  ( -4.0754375057150453E-002, -0.0000000000000000     )
 mdl_I2x33 =  ( 0.99366614581500623     ,  0.0000000000000000     )
 mdl_I3x31 =  (  7.9699418879263656E-003, -3.1310485988282153E-003)
 mdl_I3x32 =  ( -4.0754375057150453E-002,  0.0000000000000000     )
 mdl_I3x33 =  ( 0.99366614581500623     ,  0.0000000000000000     )
 mdl_Vector_tdGp =  ( -7.9699418879263656E-003, -3.1310485988282153E-003)
 mdl_Vector_tsGp =  (  4.0754375057150453E-002,  0.0000000000000000     )
 mdl_Vector_tbGp =  (-0.99366614581500623     ,  0.0000000000000000     )
 mdl_Axial_tdGp =  ( -7.9699418879263656E-003, -3.1310485988282153E-003)
 mdl_Axial_tsGp =  (  4.0754375057150453E-002,  0.0000000000000000     )
 mdl_Axial_tbGp =  (-0.99366614581500623     , -0.0000000000000000     )
 mdl_Vector_tdGm =  (  7.9699418879263656E-003, -3.1310485988282153E-003)
 mdl_Vector_tsGm =  ( -4.0754375057150453E-002,  0.0000000000000000     )
 mdl_Vector_tbGm =  ( 0.99366614581500623     ,  0.0000000000000000     )
 mdl_Axial_tdGm =  ( -7.9699418879263656E-003,  3.1310485988282153E-003)
 mdl_Axial_tsGm =  (  4.0754375057150453E-002, -0.0000000000000000     )
 mdl_Axial_tbGm =  (-0.99366614581500623     ,  0.0000000000000000     )
 mdl_gw__exp__2 =   0.42671326129048615     
 mdl_cw__exp__2 =   0.77775351421422245     
 mdl_ee__exp__2 =    9.4835522759998875E-002
 mdl_sw__exp__2 =   0.22224648578577769     
 mdl_yt__exp__2 =   0.98737240933884918     
  Internal Params evaluated point by point
  ----------------------------------------
  
 mdl_sqrt__aS =   0.34351128074635334     
 mdl_G__exp__4 =    2.1987899468922913     
 mdl_G__exp__2 =    1.4828317324943823     
 mdl_R2MixedFactor_FIN_ =   -2.5040377713124864E-002
 mdl_G_UVg_1EPS_ =   -5.1645779033320030E-002
 mdl_G_UVq_1EPS_ =    3.1300472141406080E-003
 mdl_G_UVb_1EPS_ =    3.1300472141406080E-003
 mdl_GWcft_UV_t_1EPS_ =   -3.1300472141406080E-003
 mdl_tWcft_UV_1EPS_ =   -1.8780283284843650E-002
 mdl_G__exp__3 =    1.8056676068262196     
 mdl_MU_R__exp__2 =    8315.2513440000002     
 mdl_G_UVt_FIN_ =   -4.0087659331150384E-003
 mdl_GWcft_UV_t_FIN_ =    4.0087659331150384E-003
 mdl_tWcft_UV_FIN_ =   -9.8778211443463623E-004
  Couplings of loop_sm-ckm_no_b_mass
  ---------------------------------
  
       UV_3Gt =   0.48815E-02   0.00000E+00
      UV_GQQt =   0.00000E+00  -0.48815E-02
   UVWfct_G_2 =   0.40088E-02   0.00000E+00
       R2_DDA =   0.00000E+00   0.25704E-02
       R2_UUA =  -0.00000E+00  -0.51409E-02
    R2_DDZ_V2 =   0.00000E+00   0.72127E-02
    R2_UUZ_V2 =  -0.00000E+00  -0.72127E-02
    R2_UUZ_V5 =   0.00000E+00   0.68702E-03
      R2_GGHt =   0.00000E+00  -0.45657E+01
     R2_GGZup =  -0.46369E-02   0.00000E+00
   R2_GGZdown =   0.46369E-02   0.00000E+00
 R2_GGGZvecUp =   0.00000E+00   0.28750E-03
 R2_GGGZvecDown  -0.00000E+00  -0.49665E-03
 R2_GGGZaxialUp  -0.00000E+00  -0.63522E-02
 R2_GGGZaxialDow  0.00000E+00   0.63522E-02
 R2_GGGAvecUp =   0.00000E+00   0.78251E-03
 R2_GGGAvecDown  -0.00000E+00  -0.39126E-03
         GC_4 =  -0.12177E+01   0.00000E+00
         GC_5 =   0.00000E+00   0.12177E+01
         GC_6 =   0.00000E+00   0.14828E+01
       R2_3Gq =   0.76230E-02   0.00000E+00
       R2_3Gg =   0.31445E-01   0.00000E+00
       R2_GQQ =  -0.00000E+00  -0.30492E-01
       R2_GGq =   0.00000E+00   0.62601E-02
       R2_GGt =  -0.00000E+00  -0.11242E+04
     R2_GGg_1 =   0.00000E+00   0.28170E-01
     R2_GGg_2 =  -0.00000E+00  -0.18780E-01
       R2_QQq =   0.00000E+00   0.12520E-01
  UV_3Gg_1eps =   0.62890E-01   0.00000E+00
  UV_3Gb_1eps =  -0.38115E-02   0.00000E+00
 UV_GQQg_1eps =   0.00000E+00  -0.62890E-01
 UV_GQQq_1eps =   0.00000E+00   0.38115E-02
 UVWfct_G_2_1eps -0.31300E-02   0.00000E+00
         GC_1 =  -0.00000E+00  -0.10265E+00
         GC_2 =   0.00000E+00   0.20530E+00
        GC_21 =  -0.00000E+00  -0.28804E+00
        GC_22 =   0.00000E+00   0.28804E+00
        GC_23 =  -0.00000E+00  -0.27437E-01
        GC_24 =   0.00000E+00   0.82310E-01
        GC_37 =  -0.00000E+00  -0.70263E+00
        GC_38 =  -0.00000E+00  -0.72172E-02
      GC_1003 =  -0.00000E+00  -0.30795E+00

 Collider parameters:
 --------------------

 Running at P P   machine @    13000.000000000000       GeV
 PDF set = lhapdf 
 alpha_s(Mz)= 0.1180 running at 3 loops.
 alpha_s(Mz)= 0.1180 running at 3 loops.
 Renormalization scale set on event-by-event basis
 Factorization   scale set on event-by-event basis


 ===============================================================
 INFO: MadFKS read these parameters from FKS_params.dat
 ===============================================================
  > IRPoleCheckThreshold      =    1.0000000000000001E-005
  > PrecisionVirtualAtRunTime =    1.0000000000000000E-003
  > NHelForMCoverHels         =            4
  > VirtualFraction           =    1.0000000000000000     
  > MinVirtualFraction        =    5.0000000000000001E-003
 ===============================================================
  Insert the number of points to test
 Insert the relative tolerance
  A negative number will mean use the default one:    1.0000000000000001E-005
Using random seed offsets:     0 ,     30 ,      0
  with seed                   32
 Ranmar initialization seeds       10729        9436
  ========================================================================================== 
 {                                                                                          }
 {       [32m                                                                            [0m       }
 {       [32m                               ,,                                           [0m       }
 {       [32m`7MMM.     ,MMF'             `7MM  `7MMF'                                   [0m       }
 {       [32m  MMMb    dPMM                 MM    MM                                     [0m       }
 {       [32m  M YM   ,M MM   ,6"Yb.   ,M""bMM    MM         ,pW"Wq.   ,pW"Wq.`7MMpdMAo. [0m       }
 {       [32m  M  Mb  M' MM  8)   MM ,AP    MM    MM        6W'   `Wb 6W'   `Wb MM   `Wb [0m       }
 {       [32m  M  YM.P'  MM   ,pm9MM 8MI    MM    MM      , 8M     M8 8M     M8 MM    M8 [0m       }
 {       [32m  M  `YM'   MM  8M   MM `Mb    MM    MM     ,M YA.   ,A9 YA.   ,A9 MM   ,AP [0m       }
 {       [32m.JML. `'  .JMML.`Moo9^Yo.`Wbmd"MML..JMMmmmmMMM  `Ybmd9'   `Ybmd9'  MMbmmd'  [0m       }
 {       [32m                                                                   MM       [0m       }
 {       [32m                                                                 .JMML.     [0m       }
 {       [32m[0mv2.4.2 (2016-06-10), Ref: arXiv:1103.0621v2, arXiv:1405.0301[32m                [0m       }
 {       [32m                                                                            [0m       }
 {                                                                                          }
  ========================================================================================== 
 ===============================================================
 INFO: MadLoop read these parameters from ./MadLoop5_resources/MadLoopParams.dat                                                                                                                                                                                                                                                                                                                                                                                                                                                                                          
 ===============================================================
  > MLReductionLib            = 6|1|2
  > IREGIMODE                 =            2
  > IREGIRECY                 =  T
  > CTModeRun                 =           -1
  > MLStabThres               =    1.0000000000000000E-003
  > NRotations_DP             =            1
  > NRotations_QP             =            0
  > CTStabThres               =    1.0000000000000000E-002
  > CTLoopLibrary             =            2
  > CTModeInit                =            1
  > CheckCycle                =            3
  > MaxAttempts               =           10
  > UseLoopFilter             =  F
  > HelicityFilterLevel       =            2
  > ImprovePSPoint            =            2
  > DoubleCheckHelicityFilter =  T
  > LoopInitStartOver         =  F
  > HelInitStartOver          =  F
  > ZeroThres                 =    1.0000000000000001E-009
  > OSThres                   =    1.0000000000000000E-008
  > WriteOutFilters           =  T
  > UseQPIntegrandForNinja    =  F
  > UseQPIntegrandForCutTools =  T
 ===============================================================
  
------------------------------------------------------------------------
|              You are using CutTools - Version 1.9.3                  |
|              Authors: G. Ossola, C. Papadopoulos, R. Pittau          |
|              Published in JHEP 0803:042,2008                         |
|              http://www.ugr.es/~pittau/CutTools                      |
|                                                                      |
|              Compiler with  34  significant digits detetected        |
 ---------------------------------------------------------------------- 
   
########################################################################
#                                                                      #
#                      You are using OneLOop-3.6                       #
#                                                                      #
# for the evaluation of 1-loop scalar 1-, 2-, 3- and 4-point functions #
#                                                                      #
# author: Andreas van Hameren <hamerenREMOVETHIS@ifj.edu.pl>           #
#   date: 18-02-2015                                                   #
#                                                                      #
# Please cite                                                          #
#    A. van Hameren,                                                   #
#      Comput.Phys.Commun. 182 (2011) 2427-2438, arXiv:1007.4716       #
#    A. van Hameren, C.G. Papadopoulos and R. Pittau,                  #
#      JHEP 0909:106,2009, arXiv:0903.4665                             #
# in publications with results obtained with the help of this program. #
#                                                                      #
########################################################################
 PASSED   1.0000000000000001E-005
 MU_R    =    325.00000000000000     
 ALPHA_S =   0.11799999999999999     
 BORN                    7.2558976986996492E-007
 SINGLE POLE (MadFKS)   -1.3464642061718451E-007
 DOUBLE POLE (MadFKS)   -7.7218428084873894E-008
 SINGLE POLE (MadLoop)  -1.3464642061718292E-007
 DOUBLE POLE (MadLoop)  -7.7218428084873523E-008
 FINITE PART (MadLoop)   6.7936102166916028E-008
   325.00000000000000        0.0000000000000000        0.0000000000000000        325.00000000000000        0.0000000000000000     
   325.00000000000000        0.0000000000000000        0.0000000000000000       -325.00000000000000        0.0000000000000000     
   319.30807741832342       -54.814799485095939        75.124852415516372        305.46044732917818        1.7769999999999999     
   105.02106333700542       -19.714705660793001       -9.9944962939383704       -102.65333136325410        1.7769999999999999     
   225.67085924467614        74.529505145888891       -65.130356121577975       -202.80711596592408        0.0000000000000000     

 PASSED   1.0000000000000001E-005
 MU_R    =    325.00000000000000     
 ALPHA_S =   0.11799999999999999     
 BORN                    3.7212002209462306E-007
 SINGLE POLE (MadFKS)   -4.9397095813536159E-008
 DOUBLE POLE (MadFKS)   -3.9601610108429357E-008
 SINGLE POLE (MadLoop)  -4.9397095813536079E-008
 DOUBLE POLE (MadLoop)  -3.9601610108429363E-008
 FINITE PART (MadLoop)   3.0648737085401221E-008
   325.00000000000000        0.0000000000000000        0.0000000000000000        325.00000000000000        0.0000000000000000     
   325.00000000000000        0.0000000000000000        0.0000000000000000       -325.00000000000000        0.0000000000000000     
   216.05136457736648        117.28150549527389       -163.33523690706122        79.004324312143311        1.7769999999999999     
   152.90126328588016        15.642221681186669        52.853472342061309        142.60950160379087        1.7769999999999999     
   281.04737213675600       -132.92372717646057        110.48176456499991       -221.61382591593420        0.0000000000000000     

 PASSED   1.0000000000000001E-005
 MU_R    =    325.00000000000000     
 ALPHA_S =   0.11799999999999999     
 BORN                    5.3642958299892821E-008
 SINGLE POLE (MadFKS)   -2.8196509871841688E-009
 DOUBLE POLE (MadFKS)   -5.7087697342845712E-009
 SINGLE POLE (MadLoop)  -2.8196509871841493E-009
 DOUBLE POLE (MadLoop)  -5.7087697342845778E-009
 FINITE PART (MadLoop)   8.6636336792166914E-009
   325.00000000000000        0.0000000000000000        0.0000000000000000        325.00000000000000        0.0000000000000000     
   325.00000000000000        0.0000000000000000        0.0000000000000000       -325.00000000000000        0.0000000000000000     
   235.87623058376266        40.532181600215090       -150.29057784483160        177.21264879008538        1.7769999999999999     
   309.77319775153035       -112.02714358180803        140.11022266486805       -252.53776137819614        1.7769999999999999     
   104.35057166470726        71.494961981592979        10.180355179963552        75.325112588110798        0.0000000000000000     

 PASSED   1.0000000000000001E-005
 MU_R    =    325.00000000000000     
 ALPHA_S =   0.11799999999999999     
 BORN                    2.3824977316284772E-008
 SINGLE POLE (MadFKS)   -5.0707036887284439E-010
 DOUBLE POLE (MadFKS)   -2.5354923317772113E-009
 SINGLE POLE (MadLoop)  -5.0707036887284046E-010
 DOUBLE POLE (MadLoop)  -2.5354923317772076E-009
 FINITE PART (MadLoop)   3.4991214202943662E-009
   325.00000000000000        0.0000000000000000        0.0000000000000000        325.00000000000000        0.0000000000000000     
   325.00000000000000        0.0000000000000000        0.0000000000000000       -325.00000000000000        0.0000000000000000     
   218.49199196042287        205.46718990227336       -72.265382428127438       -17.220371599158202        1.7769999999999999     
   269.93070760723765       -187.51424302284940        149.98912250327356       -123.29274502017472        1.7769999999999999     
   161.57730043233980       -17.952946879424040       -77.723740075146139        140.51311661933303        0.0000000000000000     

 PASSED   1.0000000000000001E-005
 MU_R    =    325.00000000000000     
 ALPHA_S =   0.11799999999999999     
 BORN                    2.3412655801999834E-008
 SINGLE POLE (MadFKS)   -1.0469729103688676E-009
 DOUBLE POLE (MadFKS)   -2.4916124143352056E-009
 SINGLE POLE (MadLoop)  -1.0469729103688670E-009
 DOUBLE POLE (MadLoop)  -2.4916124143352069E-009
 FINITE PART (MadLoop)   1.6411983586867162E-009
   325.00000000000000        0.0000000000000000        0.0000000000000000        325.00000000000000        0.0000000000000000     
   325.00000000000000        0.0000000000000000        0.0000000000000000       -325.00000000000000        0.0000000000000000     
   309.21082888114842        111.15783066325798        209.99780165358729       -197.87126863510494        1.7769999999999999     
   164.87060196592040       -83.078902996558114       -48.561663441656179        133.86119073231328        1.7769999999999999     
   175.91856915293206       -28.078927666699879       -161.43613821193111        64.010077902791608        0.0000000000000000     

 PASSED   1.0000000000000001E-005
 MU_R    =    325.00000000000000     
 ALPHA_S =   0.11799999999999999     
 BORN                    1.0220113127751871E-007
 SINGLE POLE (MadFKS)   -1.0881608465369333E-008
 DOUBLE POLE (MadFKS)   -1.0876408452065344E-008
 SINGLE POLE (MadLoop)  -1.0881608465369502E-008
 DOUBLE POLE (MadLoop)  -1.0876408452065397E-008
 FINITE PART (MadLoop)   1.4639931841445223E-008
   325.00000000000000        0.0000000000000000        0.0000000000000000        325.00000000000000        0.0000000000000000     
   325.00000000000000        0.0000000000000000        0.0000000000000000       -325.00000000000000        0.0000000000000000     
   281.24929713418612        6.8210970331749694        80.884941480437789        269.27515348885021        1.7769999999999999     
   264.03264898238513        86.999978074514985       -40.645828011153242       -245.94512087044339        1.7769999999999999     
   104.71805388342884       -93.821075107689936       -40.239113469284568       -23.330032618406797        0.0000000000000000     

 PASSED   1.0000000000000001E-005
 MU_R    =    325.00000000000000     
 ALPHA_S =   0.11799999999999999     
 BORN                    9.2232503849111195E-007
 SINGLE POLE (MadFKS)   -3.7786555848670315E-008
 DOUBLE POLE (MadFKS)   -9.8155311186881962E-008
 SINGLE POLE (MadLoop)  -3.7786555848668237E-008
 DOUBLE POLE (MadLoop)  -9.8155311186880321E-008
 FINITE PART (MadLoop)   1.0394813758388135E-007
   325.00000000000000        0.0000000000000000        0.0000000000000000        325.00000000000000        0.0000000000000000     
   325.00000000000000        0.0000000000000000        0.0000000000000000       -325.00000000000000        0.0000000000000000     
   31.488402325011279       -9.8685655775282726        14.544552081956477       -26.065862160286493        1.7769999999999999     
   304.75638227613786        67.771574409246611        292.89824294999107        49.909195424686210        1.7769999999999999     
   313.75521539885102       -57.903008831718324       -307.44279503194758       -23.843333264399696        0.0000000000000000     

 PASSED   1.0000000000000001E-005
 MU_R    =    325.00000000000000     
 ALPHA_S =   0.11799999999999999     
 BORN                    5.6625400641908548E-008
 SINGLE POLE (MadFKS)   -5.2763336461536946E-009
 DOUBLE POLE (MadFKS)   -6.0261660359792560E-009
 SINGLE POLE (MadLoop)  -5.2763336461535639E-009
 DOUBLE POLE (MadLoop)  -6.0261660359792643E-009
 FINITE PART (MadLoop)   7.2457024174451136E-009
   325.00000000000000        0.0000000000000000        0.0000000000000000        325.00000000000000        0.0000000000000000     
   325.00000000000000        0.0000000000000000        0.0000000000000000       -325.00000000000000        0.0000000000000000     
   55.660835602623905       -7.9756584136352897       -39.862701317028417       -37.977951597745701        1.7769999999999999     
   316.02414892334878       -180.63858699115860        167.26066871743959        198.14558931189828        1.7769999999999999     
   278.31501547402740        188.61424540479399       -127.39796740041119       -160.16763771415256        0.0000000000000000     

 PASSED   1.0000000000000001E-005
 MU_R    =    325.00000000000000     
 ALPHA_S =   0.11799999999999999     
 BORN                    4.1390828123477956E-008
 SINGLE POLE (MadFKS)    5.6111201325970298E-011
 DOUBLE POLE (MadFKS)   -4.4048783728014070E-009
 SINGLE POLE (MadLoop)   5.6111201325962200E-011
 DOUBLE POLE (MadLoop)  -4.4048783728013912E-009
 FINITE PART (MadLoop)   2.2907241873105293E-009
   325.00000000000000        0.0000000000000000        0.0000000000000000        325.00000000000000        0.0000000000000000     
   325.00000000000000        0.0000000000000000        0.0000000000000000       -325.00000000000000        0.0000000000000000     
   257.90145211710097       -21.076263685020798        72.826744913219912       -246.49960975533733        1.7769999999999999     
   133.40067491123770       -111.98949672959671       -68.124495110163068        24.697937687400589        1.7769999999999999     
   258.69787297166420        133.06576041461759       -4.7022498030568034        221.80167206793675        0.0000000000000000     

 PASSED   1.0000000000000001E-005
 MU_R    =    325.00000000000000     
 ALPHA_S =   0.11799999999999999     
 BORN                    1.1167008632509858E-007
 SINGLE POLE (MadFKS)   -1.6422908551579972E-008
 DOUBLE POLE (MadFKS)   -1.1884109848560345E-008
 SINGLE POLE (MadLoop)  -1.6422908551580094E-008
 DOUBLE POLE (MadLoop)  -1.1884109848560420E-008
 FINITE PART (MadLoop)   1.8298970844231049E-008
   325.00000000000000        0.0000000000000000        0.0000000000000000        325.00000000000000        0.0000000000000000     
   325.00000000000000        0.0000000000000000        0.0000000000000000       -325.00000000000000        0.0000000000000000     
   229.05098230971811       -51.478477967178982       -204.17326498138362        90.135669637891354        1.7769999999999999     
   203.77398888384445       -76.181536959657763        170.16090388647285        82.233332850104034        1.7769999999999999     
   217.17502880643829        127.66001492683668        34.012361094910766       -172.36900248799529        0.0000000000000000     

 PASSED   1.0000000000000001E-005
 MU_R    =    325.00000000000000     
 ALPHA_S =   0.11799999999999999     
 BORN                    3.2728502962859569E-008
 SINGLE POLE (MadFKS)   -5.6641204154125565E-010
 DOUBLE POLE (MadFKS)   -3.4830198237443016E-009
 SINGLE POLE (MadLoop)  -5.6641204154125017E-010
 DOUBLE POLE (MadLoop)  -3.4830198237442941E-009
 FINITE PART (MadLoop)   2.3200269123662333E-009
   325.00000000000000        0.0000000000000000        0.0000000000000000        325.00000000000000        0.0000000000000000     
   325.00000000000000        0.0000000000000000        0.0000000000000000       -325.00000000000000        0.0000000000000000     
   227.54651244528247        101.69090881533774        188.06648014917093       -77.873074330112814        1.7769999999999999     
   183.58166790520937       -170.83363201831375       -10.640340562971669       -66.345492582344562        1.7769999999999999     
   238.87181964950940        69.142723202976043       -177.42613958619924        144.21856691245739        0.0000000000000000     

 PASSED   1.0000000000000001E-005
 MU_R    =    325.00000000000000     
 ALPHA_S =   0.11799999999999999     
 BORN                    1.7157656622775647E-008
 SINGLE POLE (MadFKS)   -1.9684940802190871E-009
 DOUBLE POLE (MadFKS)   -1.8259453606522022E-009
 SINGLE POLE (MadLoop)  -1.9684940802186268E-009
 DOUBLE POLE (MadLoop)  -1.8259453606521987E-009
 FINITE PART (MadLoop)   2.3268737514360627E-009
   325.00000000000000        0.0000000000000000        0.0000000000000000        325.00000000000000        0.0000000000000000     
   325.00000000000000        0.0000000000000000        0.0000000000000000       -325.00000000000000        0.0000000000000000     
   244.82036112313523       -149.37236997913971        151.77892274646311       -120.76798080700236        1.7769999999999999     
   313.47994304567607        141.48003833421120       -240.37288145590787        143.07618102414699        1.7769999999999999     
   91.699695831188833        7.8923316449285394        88.593958709444735       -22.308200217144712        0.0000000000000000     

 PASSED   1.0000000000000001E-005
 MU_R    =    325.00000000000000     
 ALPHA_S =   0.11799999999999999     
 BORN                    8.4223614272567463E-008
 SINGLE POLE (MadFKS)   -8.2990206651032753E-009
 DOUBLE POLE (MadFKS)   -8.9632122334358997E-009
 SINGLE POLE (MadLoop)  -8.2990206651032108E-009
 DOUBLE POLE (MadLoop)  -8.9632122334358385E-009
 FINITE PART (MadLoop)   1.1380839818559041E-008
   325.00000000000000        0.0000000000000000        0.0000000000000000        325.00000000000000        0.0000000000000000     
   325.00000000000000        0.0000000000000000        0.0000000000000000       -325.00000000000000        0.0000000000000000     
   269.51686453959934        93.813889157380189        250.16404543118364        35.398970563114744        1.7769999999999999     
   154.91044511233852        45.869270867487515       -120.73649490086402        85.514893819974716        1.7769999999999999     
   225.57269034806365       -139.68316002486768       -129.42755053031962       -120.91386438308963        0.0000000000000000     

 PASSED   1.0000000000000001E-005
 MU_R    =    325.00000000000000     
 ALPHA_S =   0.11799999999999999     
 BORN                    1.2610575452056282E-007
 SINGLE POLE (MadFKS)   -1.2404394824120411E-008
 DOUBLE POLE (MadFKS)   -1.3420376831222360E-008
 SINGLE POLE (MadLoop)  -1.2404394824120906E-008
 DOUBLE POLE (MadLoop)  -1.3420376831222390E-008
 FINITE PART (MadLoop)   1.5541632468351188E-008
   325.00000000000000        0.0000000000000000        0.0000000000000000        325.00000000000000        0.0000000000000000     
   325.00000000000000        0.0000000000000000        0.0000000000000000       -325.00000000000000        0.0000000000000000     
   43.233504851171062       -3.1161932014325209       -30.260306266282491       -30.668899838735040        1.7769999999999999     
   309.42889705258426        198.97723151417674       -90.459650562714160        219.01643217166176        1.7769999999999999     
   297.33759809624473       -195.86103831274423        120.71995682899669       -188.34753233292670        0.0000000000000000     

 PASSED   1.0000000000000001E-005
 MU_R    =    325.00000000000000     
 ALPHA_S =   0.11799999999999999     
 BORN                    1.1811867481038804E-004
 SINGLE POLE (MadFKS)   -4.1498306582628738E-005
 DOUBLE POLE (MadFKS)   -1.2570378986960006E-005
 SINGLE POLE (MadLoop)  -4.1498306582630642E-005
 DOUBLE POLE (MadLoop)  -1.2570378986960741E-005
 FINITE PART (MadLoop)  -3.2186039541708704E-006
   325.00000000000000        0.0000000000000000        0.0000000000000000        325.00000000000000        0.0000000000000000     
   325.00000000000000        0.0000000000000000        0.0000000000000000       -325.00000000000000        0.0000000000000000     
   174.07651954818229        78.704930384390522       -5.5868303562059989        155.15733366092599        1.7769999999999999     
   163.99671763591539       -51.968211643262606       -2.6569961513341855        155.51209283013020        1.7769999999999999     
   311.92676281590582       -26.736718741127916        8.2438265075401898       -310.66942649105613        0.0000000000000000     

 PASSED   1.0000000000000001E-005
 MU_R    =    325.00000000000000     
 ALPHA_S =   0.11799999999999999     
 BORN                    2.3932690905818658E-007
 SINGLE POLE (MadFKS)   -4.4560957018438803E-008
 DOUBLE POLE (MadFKS)   -2.5469553848859626E-008
 SINGLE POLE (MadLoop)  -4.4560957018438525E-008
 DOUBLE POLE (MadLoop)  -2.5469553848859553E-008
Thanks for using LHAPDF 6.2.1. Please make sure to cite the paper:
  Eur.Phys.J. C75 (2015) 3, 132  (http://arxiv.org/abs/1412.7420)
 FINITE PART (MadLoop)   1.3022545316078481E-008
   325.00000000000000        0.0000000000000000        0.0000000000000000        325.00000000000000        0.0000000000000000     
   325.00000000000000        0.0000000000000000        0.0000000000000000       -325.00000000000000        0.0000000000000000     
   298.70091507504293        59.815396425816957        254.32532738311741        144.77508466431840        1.7769999999999999     
   178.12927837864501       -29.906653188006501       -175.47249357136309        6.4713353828284301        1.7769999999999999     
   173.16980654631277       -29.908743237810416       -78.852833811754309       -151.24642004714684        0.0000000000000000     

 PASSED   1.0000000000000001E-005
 MU_R    =    325.00000000000000     
 ALPHA_S =   0.11799999999999999     
 BORN                    6.1388790305748626E-008
 SINGLE POLE (MadFKS)   -2.7374355418363348E-009
 DOUBLE POLE (MadFKS)   -6.5330936105829956E-009
 SINGLE POLE (MadLoop)  -2.7374355418362723E-009
 DOUBLE POLE (MadLoop)  -6.5330936105829766E-009
 FINITE PART (MadLoop)   6.6285084654048242E-009
   325.00000000000000        0.0000000000000000        0.0000000000000000        325.00000000000000        0.0000000000000000     
   325.00000000000000        0.0000000000000000        0.0000000000000000       -325.00000000000000        0.0000000000000000     
   190.27161875817421       -114.06513779482398        134.36137860889446       -71.667952768452466        1.7769999999999999     
   183.00548846882074       -152.37992949750097       -60.287408757372710        81.447139374994691        1.7769999999999999     
   276.72289277300717        266.44506729232495       -74.073969851521667       -9.7791866065422379        0.0000000000000000     

 PASSED   1.0000000000000001E-005
 MU_R    =    325.00000000000000     
 ALPHA_S =   0.11799999999999999     
 BORN                    1.0727350623124999E-007
 SINGLE POLE (MadFKS)   -8.0808644553793114E-009
 DOUBLE POLE (MadFKS)   -1.1416218737227452E-008
 SINGLE POLE (MadLoop)  -8.0808644553792932E-009
 DOUBLE POLE (MadLoop)  -1.1416218737227536E-008
 FINITE PART (MadLoop)   5.7465999999564092E-009
   325.00000000000000        0.0000000000000000        0.0000000000000000        325.00000000000000        0.0000000000000000     
   325.00000000000000        0.0000000000000000        0.0000000000000000       -325.00000000000000        0.0000000000000000     
   190.39283175687336       -127.31008332191362        112.38385381918515        86.071393277420853        1.7769999999999999     
   183.81020540662794       -122.12444460828500       -134.14271788187494        29.570004244307949        1.7769999999999999     
   275.79696283650071        249.43452793019853        21.758864062689710       -115.64139752172885        0.0000000000000000     

 PASSED   1.0000000000000001E-005
 MU_R    =    325.00000000000000     
 ALPHA_S =   0.11799999999999999     
 BORN                    2.7790125031254556E-008
 SINGLE POLE (MadFKS)   -5.6267787548641220E-010
 DOUBLE POLE (MadFKS)   -2.9574697167797149E-009
 SINGLE POLE (MadLoop)  -5.6267787548644042E-010
 DOUBLE POLE (MadLoop)  -2.9574697167797248E-009
 FINITE PART (MadLoop)   3.8700784682359380E-009
   325.00000000000000        0.0000000000000000        0.0000000000000000        325.00000000000000        0.0000000000000000     
   325.00000000000000        0.0000000000000000        0.0000000000000000       -325.00000000000000        0.0000000000000000     
   237.15469192281779        234.74844114204501        29.106184658831530        16.887556602196486        1.7769999999999999     
   236.73668075600861       -151.08300516513773       -83.521239875230137       -161.98526576929007        1.7769999999999999     
   176.10862732117408       -83.665435976907034        54.415055216398642        145.09770916709331        0.0000000000000000     

 PASSED   1.0000000000000001E-005
 MU_R    =    325.00000000000000     
 ALPHA_S =   0.11799999999999999     
 BORN                    1.4486825783076645E-007
 SINGLE POLE (MadFKS)    2.9244146824617843E-010
 DOUBLE POLE (MadFKS)   -1.5417112552580192E-008
 SINGLE POLE (MadLoop)   2.9244146824586560E-010
 DOUBLE POLE (MadLoop)  -1.5417112552580169E-008
 FINITE PART (MadLoop)   3.1871639559498514E-009
   325.00000000000000        0.0000000000000000        0.0000000000000000        325.00000000000000        0.0000000000000000     
   325.00000000000000        0.0000000000000000        0.0000000000000000       -325.00000000000000        0.0000000000000000     
   58.228064462350709       -37.380226317245949       -42.398436193949976        13.872312381527980        1.7769999999999999     
   302.41495468923432       -108.47180534091451        148.02665937750356       -240.36144168795246        1.7769999999999999     
   289.35698084841488        145.85203165816046       -105.62822318355360        226.48912930642450        0.0000000000000000     

 NUMBER OF POINTS PASSING THE CHECK          20
 NUMBER OF POINTS FAILING THE CHECK           0
 TOLERANCE    1.0000000000000001E-005
