==== LHAPDF6 USING DEFAULT-TYPE LHAGLUE INTERFACE ====
LHAPDF 6.2.1 loading /cvmfs/cms.cern.ch/slc6_amd64_gcc481/external/lhapdf/6.2.1/share/LHAPDF/NNPDF31_nnlo_hessian_pdfas/NNPDF31_nnlo_hessian_pdfas_0000.dat
NNPDF31_nnlo_hessian_pdfas PDF set, member #0, version 1; LHAPDF ID = 306000
 A PDF is used, so alpha_s(MZ) is going to be modified
 Old value of alpha_s from param_card:   0.11799999999999999     
 New value of alpha_s from PDF lhapdf :  0.11800208008122040     
 using LHAPDF
 *****************************************************
 *               MadGraph/MadEvent                   *
 *        --------------------------------           *
 *          http://madgraph.hep.uiuc.edu             *
 *          http://madgraph.phys.ucl.ac.be           *
 *          http://madgraph.roma2.infn.it            *
 *        --------------------------------           *
 *                                                   *
 *          PARAMETER AND COUPLING VALUES            *
 *                                                   *
 *****************************************************

  External Params
  ---------------------------------
  
 MU_R =    91.188000000000002     
 aEWM1 =    132.50700000000001     
 mdl_Gf =    1.1663900000000000E-005
 aS =   0.11799999999999999     
 mdl_lamWS =   0.22530000000000000     
 mdl_AWS =   0.80800000000000005     
 mdl_rhoWS =   0.13200000000000001     
 mdl_etaWS =   0.34100000000000003     
 mdl_ymt =    173.00000000000000     
 mdl_ymtau =    1.7769999999999999     
 mdl_MT =    173.00000000000000     
 mdl_MZ =    91.188000000000002     
 mdl_MH =    125.00000000000000     
 mdl_MTA =    1.7769999999999999     
 mdl_WT =    1.4915000000000000     
 mdl_WZ =    2.4414039999999999     
 mdl_WW =    2.0476000000000001     
 mdl_WH =    6.3823389999999999E-003
  Internal Params
  ---------------------------------
  
 mdl_CKM33 =    1.0000000000000000     
 mdl_conjg__CKM3x3 =    1.0000000000000000     
 mdl_I4x33 =    0.0000000000000000     
 mdl_I1x33 =    0.0000000000000000     
 mdl_lhv =    1.0000000000000000     
 mdl_CKM3x3 =    1.0000000000000000     
 mdl_conjg__CKM33 =    1.0000000000000000     
 mdl_Ncol =    3.0000000000000000     
 mdl_CA =    3.0000000000000000     
 mdl_TF =   0.50000000000000000     
 mdl_CF =    1.3333333333333333     
 mdl_lamWS__exp__2 =    5.0760090000000001E-002
 mdl_CKM11 =  ( 0.97461995499999998     ,  0.0000000000000000     )
 mdl_CKM12 =  ( 0.22530000000000000     ,  0.0000000000000000     )
 mdl_complexi =  (  0.0000000000000000     ,  1.0000000000000000     )
 mdl_lamWS__exp__3 =    1.1436248277000001E-002
 mdl_CKM13 =  (  1.2197444962317122E-003, -3.1510066152652563E-003)
 mdl_CKM21 =  (-0.22530000000000000     ,  0.0000000000000000     )
 mdl_CKM22 =  ( 0.97461995499999998     ,  0.0000000000000000     )
 mdl_CKM23 =  (  4.1014152720000002E-002,  0.0000000000000000     )
 mdl_CKM31 =  (  8.0207441115842885E-003, -3.1510066152652563E-003)
 mdl_CKM32 =  ( -4.1014152720000002E-002,  0.0000000000000000     )
 mdl_MZ__exp__2 =    8315.2513440000002     
 mdl_MZ__exp__4 =    69143404.913893804     
 mdl_sqrt__2 =    1.4142135623730951     
 mdl_MH__exp__2 =    15625.000000000000     
 mdl_CKM1x1 =  ( 0.97461995499999998     ,  0.0000000000000000     )
 mdl_CKM1x2 =  ( 0.22530000000000000     ,  0.0000000000000000     )
 mdl_CKM1x3 =  (  1.2197444962317122E-003, -3.1510066152652563E-003)
 mdl_CKM2x1 =  (-0.22530000000000000     ,  0.0000000000000000     )
 mdl_CKM2x2 =  ( 0.97461995499999998     ,  0.0000000000000000     )
 mdl_CKM2x3 =  (  4.1014152720000002E-002,  0.0000000000000000     )
 mdl_CKM3x1 =  (  8.0207441115842885E-003, -3.1510066152652563E-003)
 mdl_CKM3x2 =  ( -4.1014152720000002E-002,  0.0000000000000000     )
 mdl_conjg__CKM1x3 =  (  1.2197444962317122E-003,  3.1510066152652563E-003)
 mdl_conjg__CKM2x3 =  (  4.1014152720000002E-002, -0.0000000000000000     )
 mdl_conjg__CKM2x1 =  (-0.22530000000000000     , -0.0000000000000000     )
 mdl_conjg__CKM3x1 =  (  8.0207441115842885E-003,  3.1510066152652563E-003)
 mdl_conjg__CKM2x2 =  ( 0.97461995499999998     , -0.0000000000000000     )
 mdl_conjg__CKM3x2 =  ( -4.1014152720000002E-002, -0.0000000000000000     )
 mdl_Ncol__exp__2 =    9.0000000000000000     
 mdl_MT__exp__2 =    29929.000000000000     
 mdl_conjg__CKM11 =  ( 0.97461995499999998     , -0.0000000000000000     )
 mdl_conjg__CKM12 =  ( 0.22530000000000000     , -0.0000000000000000     )
 mdl_conjg__CKM13 =  (  1.2197444962317122E-003,  3.1510066152652563E-003)
 mdl_conjg__CKM21 =  (-0.22530000000000000     , -0.0000000000000000     )
 mdl_conjg__CKM22 =  ( 0.97461995499999998     , -0.0000000000000000     )
 mdl_conjg__CKM23 =  (  4.1014152720000002E-002, -0.0000000000000000     )
 mdl_conjg__CKM31 =  (  8.0207441115842885E-003,  3.1510066152652563E-003)
 mdl_conjg__CKM32 =  ( -4.1014152720000002E-002, -0.0000000000000000     )
 mdl_aEW =    7.5467711139788835E-003
 mdl_MW =    80.419002445756163     
 mdl_sqrt__aEW =    8.6872153846781555E-002
 mdl_ee =   0.30795376724436879     
 mdl_MW__exp__2 =    6467.2159543705357     
 mdl_sw2 =   0.22224648578577766     
 mdl_cw =   0.88190334743339216     
 mdl_sqrt__sw2 =   0.47143025548407230     
 mdl_sw =   0.47143025548407230     
 mdl_g1 =   0.34919219678733299     
 mdl_gw =   0.65323293034757990     
 mdl_v =    246.21845810181637     
 mdl_v__exp__2 =    60623.529110035903     
 mdl_lam =   0.12886910601690263     
 mdl_yt =   0.99366614581500623     
 mdl_ytau =    1.0206617000654717E-002
 mdl_muH =    88.388347648318430     
 mdl_AxialZUp =  -0.18517701861793787     
 mdl_AxialZDown =   0.18517701861793787     
 mdl_VectorZUp =    7.5430507588273299E-002
 mdl_VectorZDown =  -0.13030376310310560     
 mdl_VectorAUp =   0.20530251149624587     
 mdl_VectorADown =  -0.10265125574812294     
 mdl_VectorWmDxU =   0.23095271737156670     
 mdl_AxialWmDxU =  -0.23095271737156670     
 mdl_VectorWpUxD =   0.23095271737156670     
 mdl_AxialWpUxD =  -0.23095271737156670     
 mdl_I2x13 =  (  7.9699418879263656E-003,  3.1310485988282153E-003)
 mdl_I2x23 =  ( -4.0754375057150453E-002, -0.0000000000000000     )
 mdl_I2x33 =  ( 0.99366614581500623     ,  0.0000000000000000     )
 mdl_I3x31 =  (  7.9699418879263656E-003, -3.1310485988282153E-003)
 mdl_I3x32 =  ( -4.0754375057150453E-002,  0.0000000000000000     )
 mdl_I3x33 =  ( 0.99366614581500623     ,  0.0000000000000000     )
 mdl_Vector_tdGp =  ( -7.9699418879263656E-003, -3.1310485988282153E-003)
 mdl_Vector_tsGp =  (  4.0754375057150453E-002,  0.0000000000000000     )
 mdl_Vector_tbGp =  (-0.99366614581500623     ,  0.0000000000000000     )
 mdl_Axial_tdGp =  ( -7.9699418879263656E-003, -3.1310485988282153E-003)
 mdl_Axial_tsGp =  (  4.0754375057150453E-002,  0.0000000000000000     )
 mdl_Axial_tbGp =  (-0.99366614581500623     , -0.0000000000000000     )
 mdl_Vector_tdGm =  (  7.9699418879263656E-003, -3.1310485988282153E-003)
 mdl_Vector_tsGm =  ( -4.0754375057150453E-002,  0.0000000000000000     )
 mdl_Vector_tbGm =  ( 0.99366614581500623     ,  0.0000000000000000     )
 mdl_Axial_tdGm =  ( -7.9699418879263656E-003,  3.1310485988282153E-003)
 mdl_Axial_tsGm =  (  4.0754375057150453E-002, -0.0000000000000000     )
 mdl_Axial_tbGm =  (-0.99366614581500623     ,  0.0000000000000000     )
 mdl_gw__exp__2 =   0.42671326129048615     
 mdl_cw__exp__2 =   0.77775351421422245     
 mdl_ee__exp__2 =    9.4835522759998875E-002
 mdl_sw__exp__2 =   0.22224648578577769     
 mdl_yt__exp__2 =   0.98737240933884918     
  Internal Params evaluated point by point
  ----------------------------------------
  
 mdl_sqrt__aS =   0.34351128074635334     
 mdl_G__exp__4 =    2.1987899468922913     
 mdl_G__exp__2 =    1.4828317324943823     
 mdl_R2MixedFactor_FIN_ =   -2.5040377713124864E-002
 mdl_G_UVg_1EPS_ =   -5.1645779033320030E-002
 mdl_G_UVq_1EPS_ =    3.1300472141406080E-003
 mdl_G_UVb_1EPS_ =    3.1300472141406080E-003
 mdl_GWcft_UV_t_1EPS_ =   -3.1300472141406080E-003
 mdl_tWcft_UV_1EPS_ =   -1.8780283284843650E-002
 mdl_G__exp__3 =    1.8056676068262196     
 mdl_MU_R__exp__2 =    8315.2513440000002     
 mdl_G_UVt_FIN_ =   -4.0087659331150384E-003
 mdl_GWcft_UV_t_FIN_ =    4.0087659331150384E-003
 mdl_tWcft_UV_FIN_ =   -9.8778211443463623E-004
  Couplings of loop_sm-ckm_no_b_mass
  ---------------------------------
  
       UV_3Gt =   0.48815E-02   0.00000E+00
      UV_GQQt =   0.00000E+00  -0.48815E-02
   UVWfct_G_2 =   0.40088E-02   0.00000E+00
       R2_DDA =   0.00000E+00   0.25704E-02
       R2_UUA =  -0.00000E+00  -0.51409E-02
    R2_DDZ_V2 =   0.00000E+00   0.72127E-02
    R2_UUZ_V2 =  -0.00000E+00  -0.72127E-02
    R2_UUZ_V5 =   0.00000E+00   0.68702E-03
      R2_GGHt =   0.00000E+00  -0.45657E+01
     R2_GGZup =  -0.46369E-02   0.00000E+00
   R2_GGZdown =   0.46369E-02   0.00000E+00
 R2_GGGZvecUp =   0.00000E+00   0.28750E-03
 R2_GGGZvecDown  -0.00000E+00  -0.49665E-03
 R2_GGGZaxialUp  -0.00000E+00  -0.63522E-02
 R2_GGGZaxialDow  0.00000E+00   0.63522E-02
 R2_GGGAvecUp =   0.00000E+00   0.78251E-03
 R2_GGGAvecDown  -0.00000E+00  -0.39126E-03
         GC_4 =  -0.12177E+01   0.00000E+00
         GC_5 =   0.00000E+00   0.12177E+01
         GC_6 =   0.00000E+00   0.14828E+01
       R2_3Gq =   0.76230E-02   0.00000E+00
       R2_3Gg =   0.31445E-01   0.00000E+00
       R2_GQQ =  -0.00000E+00  -0.30492E-01
       R2_GGq =   0.00000E+00   0.62601E-02
       R2_GGt =  -0.00000E+00  -0.11242E+04
     R2_GGg_1 =   0.00000E+00   0.28170E-01
     R2_GGg_2 =  -0.00000E+00  -0.18780E-01
       R2_QQq =   0.00000E+00   0.12520E-01
  UV_3Gg_1eps =   0.62890E-01   0.00000E+00
  UV_3Gb_1eps =  -0.38115E-02   0.00000E+00
 UV_GQQg_1eps =   0.00000E+00  -0.62890E-01
 UV_GQQq_1eps =   0.00000E+00   0.38115E-02
 UVWfct_G_2_1eps -0.31300E-02   0.00000E+00
         GC_1 =  -0.00000E+00  -0.10265E+00
         GC_2 =   0.00000E+00   0.20530E+00
        GC_21 =  -0.00000E+00  -0.28804E+00
        GC_22 =   0.00000E+00   0.28804E+00
        GC_23 =  -0.00000E+00  -0.27437E-01
        GC_24 =   0.00000E+00   0.82310E-01
        GC_37 =  -0.00000E+00  -0.70263E+00
        GC_38 =  -0.00000E+00  -0.72172E-02
      GC_1003 =  -0.00000E+00  -0.30795E+00

 Collider parameters:
 --------------------

 Running at P P   machine @    13000.000000000000       GeV
 PDF set = lhapdf 
 alpha_s(Mz)= 0.1180 running at 3 loops.
 alpha_s(Mz)= 0.1180 running at 3 loops.
 Renormalization scale set on event-by-event basis
 Factorization   scale set on event-by-event basis


 ===============================================================
 INFO: MadFKS read these parameters from FKS_params.dat
 ===============================================================
  > IRPoleCheckThreshold      =    1.0000000000000001E-005
  > PrecisionVirtualAtRunTime =    1.0000000000000000E-003
  > NHelForMCoverHels         =            4
  > VirtualFraction           =    1.0000000000000000     
  > MinVirtualFraction        =    5.0000000000000001E-003
 ===============================================================
  Insert the number of points to test
 Insert the relative tolerance
  A negative number will mean use the default one:    1.0000000000000001E-005
Using random seed offsets:     0 ,     58 ,      0
  with seed                   32
 Ranmar initialization seeds       10729        9464
  ========================================================================================== 
 {                                                                                          }
 {       [32m                                                                            [0m       }
 {       [32m                               ,,                                           [0m       }
 {       [32m`7MMM.     ,MMF'             `7MM  `7MMF'                                   [0m       }
 {       [32m  MMMb    dPMM                 MM    MM                                     [0m       }
 {       [32m  M YM   ,M MM   ,6"Yb.   ,M""bMM    MM         ,pW"Wq.   ,pW"Wq.`7MMpdMAo. [0m       }
 {       [32m  M  Mb  M' MM  8)   MM ,AP    MM    MM        6W'   `Wb 6W'   `Wb MM   `Wb [0m       }
 {       [32m  M  YM.P'  MM   ,pm9MM 8MI    MM    MM      , 8M     M8 8M     M8 MM    M8 [0m       }
 {       [32m  M  `YM'   MM  8M   MM `Mb    MM    MM     ,M YA.   ,A9 YA.   ,A9 MM   ,AP [0m       }
 {       [32m.JML. `'  .JMML.`Moo9^Yo.`Wbmd"MML..JMMmmmmMMM  `Ybmd9'   `Ybmd9'  MMbmmd'  [0m       }
 {       [32m                                                                   MM       [0m       }
 {       [32m                                                                 .JMML.     [0m       }
 {       [32m[0mv2.4.2 (2016-06-10), Ref: arXiv:1103.0621v2, arXiv:1405.0301[32m                [0m       }
 {       [32m                                                                            [0m       }
 {                                                                                          }
  ========================================================================================== 
 ===============================================================
 INFO: MadLoop read these parameters from ./MadLoop5_resources/MadLoopParams.dat                                                                                                                                                                                                                                                                                                                                                                                                                                                                                          
 ===============================================================
  > MLReductionLib            = 6|1|2
  > IREGIMODE                 =            2
  > IREGIRECY                 =  T
  > CTModeRun                 =           -1
  > MLStabThres               =    1.0000000000000000E-003
  > NRotations_DP             =            1
  > NRotations_QP             =            0
  > CTStabThres               =    1.0000000000000000E-002
  > CTLoopLibrary             =            2
  > CTModeInit                =            1
  > CheckCycle                =            3
  > MaxAttempts               =           10
  > UseLoopFilter             =  F
  > HelicityFilterLevel       =            2
  > ImprovePSPoint            =            2
  > DoubleCheckHelicityFilter =  T
  > LoopInitStartOver         =  F
  > HelInitStartOver          =  F
  > ZeroThres                 =    1.0000000000000001E-009
  > OSThres                   =    1.0000000000000000E-008
  > WriteOutFilters           =  T
  > UseQPIntegrandForNinja    =  F
  > UseQPIntegrandForCutTools =  T
 ===============================================================
  
------------------------------------------------------------------------
|              You are using CutTools - Version 1.9.3                  |
|              Authors: G. Ossola, C. Papadopoulos, R. Pittau          |
|              Published in JHEP 0803:042,2008                         |
|              http://www.ugr.es/~pittau/CutTools                      |
|                                                                      |
|              Compiler with  34  significant digits detetected        |
 ---------------------------------------------------------------------- 
   
########################################################################
#                                                                      #
#                      You are using OneLOop-3.6                       #
#                                                                      #
# for the evaluation of 1-loop scalar 1-, 2-, 3- and 4-point functions #
#                                                                      #
# author: Andreas van Hameren <hamerenREMOVETHIS@ifj.edu.pl>           #
#   date: 18-02-2015                                                   #
#                                                                      #
# Please cite                                                          #
#    A. van Hameren,                                                   #
#      Comput.Phys.Commun. 182 (2011) 2427-2438, arXiv:1007.4716       #
#    A. van Hameren, C.G. Papadopoulos and R. Pittau,                  #
#      JHEP 0909:106,2009, arXiv:0903.4665                             #
# in publications with results obtained with the help of this program. #
#                                                                      #
########################################################################
 PASSED   1.0000000000000001E-005
 MU_R    =    325.00000000000000     
 ALPHA_S =   0.11799999999999999     
 BORN                    8.1877891738809996E-010
 SINGLE POLE (MadFKS)   -1.0725140230923474E-010
 DOUBLE POLE (MadFKS)   -8.2010133419765936E-011
 SINGLE POLE (MadLoop)  -1.0725140230922406E-010
 DOUBLE POLE (MadLoop)  -8.2010133419764669E-011
 FINITE PART (MadLoop)   5.5922427829322354E-010
   325.00000000000000        0.0000000000000000        0.0000000000000000        325.00000000000000        0.0000000000000000     
   325.00000000000000        0.0000000000000000        0.0000000000000000       -325.00000000000000        0.0000000000000000     
   141.86822683386094       -3.5754076280003519        61.809942783046985        127.63300313568550        1.7769999999999999     
   200.14437680471497       -86.725245498201716       -166.85251262668984        68.509741358325599        1.7769999999999999     
   200.07081280091069        93.060562490806205        148.05131871817241       -97.205292394611647        0.0000000000000000     
   107.91658356051734       -2.7599093646040203       -43.008748874529559       -98.937452099399422        0.0000000000000000     

 PASSED   1.0000000000000001E-005
 MU_R    =    325.00000000000000     
 ALPHA_S =   0.11799999999999999     
 BORN                    5.8705800363883009E-011
 SINGLE POLE (MadFKS)   -6.3399067512145026E-012
 DOUBLE POLE (MadFKS)   -5.8800616602517357E-012
 SINGLE POLE (MadLoop)  -6.3399067512199415E-012
 DOUBLE POLE (MadLoop)  -5.8800616602516864E-012
 FINITE PART (MadLoop)   2.5478571034393408E-011
   325.00000000000000        0.0000000000000000        0.0000000000000000        325.00000000000000        0.0000000000000000     
   325.00000000000000        0.0000000000000000        0.0000000000000000       -325.00000000000000        0.0000000000000000     
   168.56218512663943        9.9510541819412701        30.994077098103730        165.37955203462232        1.7769999999999999     
   220.22585182204639       -61.216082787650684        89.389725132184466       -191.72463673371232        1.7769999999999999     
   171.78584540857742        104.01946949517152       -98.240700607949648        95.074136297638532        0.0000000000000000     
   89.426117642738561       -52.754440889462160       -22.143101622338591       -68.729051598548537        0.0000000000000000     

 PASSED   1.0000000000000001E-005
 MU_R    =    325.00000000000000     
 ALPHA_S =   0.11799999999999999     
 BORN                    2.7132918940512149E-009
 SINGLE POLE (MadFKS)   -4.3706894221836978E-010
 DOUBLE POLE (MadFKS)   -2.7176741549200956E-010
 SINGLE POLE (MadLoop)  -4.3706894221822409E-010
 DOUBLE POLE (MadLoop)  -2.7176741549198304E-010
 FINITE PART (MadLoop)   1.8747388053049447E-009
   325.00000000000000        0.0000000000000000        0.0000000000000000        325.00000000000000        0.0000000000000000     
   325.00000000000000        0.0000000000000000        0.0000000000000000       -325.00000000000000        0.0000000000000000     
   190.26131471716948        178.45656303588459       -32.805941804885954       -57.212196607188744        1.7769999999999999     
   273.13038181072807       -181.84554736063922        57.606542072672582        195.47565309933887        1.7769999999999999     
   41.620960665368386        36.683623043322967       -19.469510336767947        2.7485149390195192        0.0000000000000000     
   144.98734280673466       -33.294638718568336       -5.3310899310186146       -141.01197143116966        0.0000000000000000     

 PASSED   1.0000000000000001E-005
 MU_R    =    325.00000000000000     
 ALPHA_S =   0.11799999999999999     
 BORN                    1.2089699663935883E-010
 SINGLE POLE (MadFKS)   -1.3096109257432480E-011
 DOUBLE POLE (MadFKS)   -1.2109225840927730E-011
 SINGLE POLE (MadLoop)  -1.3096109257428948E-011
 DOUBLE POLE (MadLoop)  -1.2109225840927552E-011
 FINITE PART (MadLoop)   4.4458272413845723E-011
   325.00000000000000        0.0000000000000000        0.0000000000000000        325.00000000000000        0.0000000000000000     
   325.00000000000000        0.0000000000000000        0.0000000000000000       -325.00000000000000        0.0000000000000000     
   123.26347166281755        9.9338084722217985        121.71082442844697       -16.688929970347878        1.7769999999999999     
   191.82419964476497       -129.91839796183467       -136.09808360538187        37.308006517736658        1.7769999999999999     
   106.72551051183405       -98.420532536757975       -16.274220391239567        37.932612879287987        0.0000000000000000     
   228.18681818058982        218.40512202637086        30.661479568174485       -58.551689426676795        0.0000000000000000     

 PASSED   1.0000000000000001E-005
 MU_R    =    325.00000000000000     
 ALPHA_S =   0.11799999999999999     
 BORN                    1.1137395933486504E-009
 SINGLE POLE (MadFKS)   -1.2530707991122736E-010
 DOUBLE POLE (MadFKS)   -1.1155384036604919E-010
 SINGLE POLE (MadLoop)  -1.2530707991121857E-010
 DOUBLE POLE (MadLoop)  -1.1155384036604692E-010
 FINITE PART (MadLoop)   4.0990143521995129E-010
   325.00000000000000        0.0000000000000000        0.0000000000000000        325.00000000000000        0.0000000000000000     
   325.00000000000000        0.0000000000000000        0.0000000000000000       -325.00000000000000        0.0000000000000000     
   237.83300819775542        88.381363419092821       -147.41476743326427       -164.37458137489651        1.7769999999999999     
   12.439671376847826        8.4102325982956021       -7.7709223521320228        4.5242069364329556        1.7769999999999999     
   177.72703682077901        69.191705746616250        163.21608629255465        12.645815446603709        0.0000000000000000     
   222.00028360461783       -165.98330176400472       -8.0303965071583860        147.20455899185981        0.0000000000000000     

 PASSED   1.0000000000000001E-005
 MU_R    =    325.00000000000000     
 ALPHA_S =   0.11799999999999999     
 BORN                    4.0944379019536750E-011
 SINGLE POLE (MadFKS)   -9.9379113478019642E-012
 DOUBLE POLE (MadFKS)   -4.1010508635141819E-012
 SINGLE POLE (MadLoop)  -9.9379113478016879E-012
 DOUBLE POLE (MadLoop)  -4.1010508635141374E-012
 FINITE PART (MadLoop)   6.8065644743457185E-013
   325.00000000000000        0.0000000000000000        0.0000000000000000        325.00000000000000        0.0000000000000000     
   325.00000000000000        0.0000000000000000        0.0000000000000000       -325.00000000000000        0.0000000000000000     
   264.42739368999855        204.24222980199900       -30.519736696465891        165.14341053209276        1.7769999999999999     
   159.79138281404860       -95.239585225123449       -114.18454235338967       -58.493076396435484        1.7769999999999999     
   48.027202799530890       -25.470705588808162        39.524630256925583        9.7805403025010431        0.0000000000000000     
   177.75402069642328       -83.531938988067381        105.17964879292995       -116.43087443815830        0.0000000000000000     

 PASSED   1.0000000000000001E-005
 MU_R    =    325.00000000000000     
 ALPHA_S =   0.11799999999999999     
 BORN                    9.0608561082770805E-010
 SINGLE POLE (MadFKS)   -9.0164634405311070E-011
 DOUBLE POLE (MadFKS)   -9.0754903742213088E-011
 SINGLE POLE (MadLoop)  -9.0164634405310644E-011
 DOUBLE POLE (MadLoop)  -9.0754903742212029E-011
 FINITE PART (MadLoop)   2.7740657585966428E-010
   325.00000000000000        0.0000000000000000        0.0000000000000000        325.00000000000000        0.0000000000000000     
   325.00000000000000        0.0000000000000000        0.0000000000000000       -325.00000000000000        0.0000000000000000     
   64.060240229741126        43.286634182351797       -41.837504581645405        21.827669615334550        1.7769999999999999     
   155.66462479982422        23.117914691952230       -151.61041270346249        26.611322125205717        1.7769999999999999     
   261.59893603668218        88.900934688841289        220.94129117244609       -108.23850055330105        0.0000000000000000     
   168.67619893375249       -155.30548356314534       -27.493373887338176        59.799508812760855        0.0000000000000000     

 PASSED   1.0000000000000001E-005
 MU_R    =    325.00000000000000     
 ALPHA_S =   0.11799999999999999     
 BORN                    6.7664116779433098E-011
 SINGLE POLE (MadFKS)   -8.4410504464747623E-012
 DOUBLE POLE (MadFKS)   -6.7773401671279790E-012
 SINGLE POLE (MadLoop)  -8.4410504464747947E-012
 DOUBLE POLE (MadLoop)  -6.7773401671281769E-012
 FINITE PART (MadLoop)   2.1485432111982685E-011
   325.00000000000000        0.0000000000000000        0.0000000000000000        325.00000000000000        0.0000000000000000     
   325.00000000000000        0.0000000000000000        0.0000000000000000       -325.00000000000000        0.0000000000000000     
   122.02406480693452        83.538476316370421       -34.832819666102381        81.821221647290045        1.7769999999999999     
   185.80705100235758       -100.37986137218701        156.32682646200109       -2.6285418795683761        1.7769999999999999     
   127.36785493958816        64.370807629547301        87.590611327428874       -66.384142717361996        0.0000000000000000     
   214.80102925111976       -47.529422573730734       -209.08461812332760       -12.808537050359707        0.0000000000000000     

 PASSED   1.0000000000000001E-005
 MU_R    =    325.00000000000000     
 ALPHA_S =   0.11799999999999999     
 BORN                    4.3068387461569882E-010
 SINGLE POLE (MadFKS)   -1.1961538212888705E-010
 DOUBLE POLE (MadFKS)   -4.3137947581316830E-011
 SINGLE POLE (MadLoop)  -1.1961538212889100E-010
 DOUBLE POLE (MadLoop)  -4.3137947581316953E-011
 FINITE PART (MadLoop)   2.8508992179926362E-011
   325.00000000000000        0.0000000000000000        0.0000000000000000        325.00000000000000        0.0000000000000000     
   325.00000000000000        0.0000000000000000        0.0000000000000000       -325.00000000000000        0.0000000000000000     
   274.47063965206667        227.67628507968845        133.93721757756003        74.533920210253271        1.7769999999999999     
   261.73096662237106       -249.46155756207480       -77.416718976413122       -16.598918088583360        1.7769999999999999     
   42.177576488404448        36.002015863080047        3.5865841071778179       -21.678081711071208        0.0000000000000000     
   71.620817237157965       -14.216743380693755       -60.107082708324860       -36.256920410598696        0.0000000000000000     

 PASSED   1.0000000000000001E-005
 MU_R    =    325.00000000000000     
 ALPHA_S =   0.11799999999999999     
 BORN                    1.9015012571285893E-010
 SINGLE POLE (MadFKS)   -2.5239396253756570E-011
 DOUBLE POLE (MadFKS)   -1.9045723880192655E-011
 SINGLE POLE (MadLoop)  -2.5239396253755323E-011
 DOUBLE POLE (MadLoop)  -1.9045723880192603E-011
 FINITE PART (MadLoop)   5.8826840822082004E-011
   325.00000000000000        0.0000000000000000        0.0000000000000000        325.00000000000000        0.0000000000000000     
   325.00000000000000        0.0000000000000000        0.0000000000000000       -325.00000000000000        0.0000000000000000     
   124.89091749136246        79.437015771179802        9.3819775847787703       -95.897458594075047        1.7769999999999999     
   133.54413617125368       -8.6671407761365487       -122.98176236670149       -51.295666217265847        1.7769999999999999     
   119.69619122986026       -83.408034287531606       -46.559907543955099       -72.128032142320251        0.0000000000000000     
   271.86875510752355        12.638159292488346        160.15969232587778        219.32115695366116        0.0000000000000000     

 PASSED   1.0000000000000001E-005
 MU_R    =    325.00000000000000     
 ALPHA_S =   0.11799999999999999     
 BORN                    2.1783696576739305E-010
 SINGLE POLE (MadFKS)   -3.1410133715724336E-011
 DOUBLE POLE (MadFKS)   -2.1818879610786294E-011
 SINGLE POLE (MadLoop)  -3.1410133715726081E-011
 DOUBLE POLE (MadLoop)  -2.1818879610786411E-011
 FINITE PART (MadLoop)   5.2231750517082297E-011
   325.00000000000000        0.0000000000000000        0.0000000000000000        325.00000000000000        0.0000000000000000     
   325.00000000000000        0.0000000000000000        0.0000000000000000       -325.00000000000000        0.0000000000000000     
   81.068128504526584       -52.647540206946751       -60.582825313980337        11.262393944455388        1.7769999999999999     
   226.76403778590520        196.41497525399311       -48.672412626176595        102.32753710066474        1.7769999999999999     
   90.161856745691097        65.289721700771139       -20.342802454444790       -58.758684807999238        0.0000000000000000     
   252.00597696387715       -209.05715674781752        129.59804039460164       -54.831246237120823        0.0000000000000000     

 PASSED   1.0000000000000001E-005
 MU_R    =    325.00000000000000     
 ALPHA_S =   0.11799999999999999     
 BORN                    7.7499828897341124E-011
 SINGLE POLE (MadFKS)   -9.9962319720044394E-012
 DOUBLE POLE (MadFKS)   -7.7624999531678849E-012
 SINGLE POLE (MadLoop)  -9.9962319720039531E-012
 DOUBLE POLE (MadLoop)  -7.7624999531677605E-012
 FINITE PART (MadLoop)   2.3611899440060171E-011
   325.00000000000000        0.0000000000000000        0.0000000000000000        325.00000000000000        0.0000000000000000     
   325.00000000000000        0.0000000000000000        0.0000000000000000       -325.00000000000000        0.0000000000000000     
   163.50944924452165       -93.153613243761157        63.543482385354885       -118.39261991028262        1.7769999999999999     
   142.41890729504323       -20.010047951334236       -79.414405157858241        116.50295129533390        1.7769999999999999     
   161.90116628903124        48.171761020518751       -145.48211529074609       -52.215162706445902        0.0000000000000000     
   182.17047717140994        64.991900174576642        161.35303806324941        54.104831321394784        0.0000000000000000     

 PASSED   1.0000000000000001E-005
 MU_R    =    325.00000000000000     
 ALPHA_S =   0.11799999999999999     
 BORN                    2.1870991112899812E-011
 SINGLE POLE (MadFKS)   -4.0178204543027704E-012
 DOUBLE POLE (MadFKS)   -2.1906315137096337E-012
 SINGLE POLE (MadLoop)  -4.0178204543027793E-012
 DOUBLE POLE (MadLoop)  -2.1906315137096147E-012
 FINITE PART (MadLoop)   3.0146535099525352E-012
   325.00000000000000        0.0000000000000000        0.0000000000000000        325.00000000000000        0.0000000000000000     
   325.00000000000000        0.0000000000000000        0.0000000000000000       -325.00000000000000        0.0000000000000000     
   220.54882112076325       -49.740272293929465        201.27460304319135        75.186862221334636        1.7769999999999999     
   154.45601324499412       -21.871242418339168       -93.967818687546881       -120.60348297093400        1.7769999999999999     
   88.160838385759533        20.999743602234890        17.846649603468350       -83.742708885319885        0.0000000000000000     
   186.83432724848552        50.611771110033750       -125.15343395911282        129.15932963491926        0.0000000000000000     

 PASSED   1.0000000000000001E-005
 MU_R    =    325.00000000000000     
 ALPHA_S =   0.11799999999999999     
 BORN                    5.2982928151451191E-011
 SINGLE POLE (MadFKS)   -6.8675162481091100E-012
 DOUBLE POLE (MadFKS)   -5.3068501330387777E-012
 SINGLE POLE (MadLoop)  -6.8675162481088927E-012
 DOUBLE POLE (MadLoop)  -5.3068501330385919E-012
 FINITE PART (MadLoop)   1.8543630075971411E-011
   325.00000000000000        0.0000000000000000        0.0000000000000000        325.00000000000000        0.0000000000000000     
   325.00000000000000        0.0000000000000000        0.0000000000000000       -325.00000000000000        0.0000000000000000     
Thanks for using LHAPDF 6.2.1. Please make sure to cite the paper:
  Eur.Phys.J. C75 (2015) 3, 132  (http://arxiv.org/abs/1412.7420)
   113.35391273836726        18.543130697380800       -14.041090368465792        110.92768765868065        1.7769999999999999     
   257.02582463013442        63.645005748702800       -175.23248966988155       -176.92372538792830        1.7769999999999999     
   115.36171652475409       -52.211111368044499        30.994641498297504        98.090048871653593        0.0000000000000000     
   164.25854610674938       -29.977025078039127        158.27893854004986       -32.094011142405904        0.0000000000000000     

 PASSED   1.0000000000000001E-005
 MU_R    =    325.00000000000000     
 ALPHA_S =   0.11799999999999999     
 BORN                    1.2593691516306192E-010
 SINGLE POLE (MadFKS)   -2.4714051733981058E-011
 DOUBLE POLE (MadFKS)   -1.2614031694835331E-011
 SINGLE POLE (MadLoop)  -2.4714051733982613E-011
 DOUBLE POLE (MadLoop)  -1.2614031694835441E-011
 FINITE PART (MadLoop)   5.8521071659747081E-011
   325.00000000000000        0.0000000000000000        0.0000000000000000        325.00000000000000        0.0000000000000000     
   325.00000000000000        0.0000000000000000        0.0000000000000000       -325.00000000000000        0.0000000000000000     
   247.37557447710378       -43.411983778591768       -18.976640018592480       -242.78962893189882        1.7769999999999999     
   57.694088410141440        23.313873202297806       -27.966092016956690        44.719247780832667        1.7769999999999999     
   98.319252955790276        48.339238688197135        72.470908153713083       -45.584657245681434        0.0000000000000000     
   246.61108415696447       -28.241128111903205       -25.528176118163991        243.65503839674744        0.0000000000000000     

 PASSED   1.0000000000000001E-005
 MU_R    =    325.00000000000000     
 ALPHA_S =   0.11799999999999999     
 BORN                    2.3138489820636394E-010
 SINGLE POLE (MadFKS)   -5.8120336253303327E-011
 DOUBLE POLE (MadFKS)   -2.3175860992801205E-011
 SINGLE POLE (MadLoop)  -5.8120336253301304E-011
 DOUBLE POLE (MadLoop)  -2.3175860992801796E-011
 FINITE PART (MadLoop)   4.2756146410949740E-011
   325.00000000000000        0.0000000000000000        0.0000000000000000        325.00000000000000        0.0000000000000000     
   325.00000000000000        0.0000000000000000        0.0000000000000000       -325.00000000000000        0.0000000000000000     
   272.53228839966340        80.757315728168123        247.84763445267291        79.501550575775141        1.7769999999999999     
   191.44250166113881       -52.397513048039507       -171.41397735622647        67.222189093889966        1.7769999999999999     
   138.38388087840656        8.7088739769489738       -53.725601802772402       -127.23133934668992        0.0000000000000000     
   47.641329060791811       -37.068676657077482       -22.708055293673958       -19.492400322975353        0.0000000000000000     

 PASSED   1.0000000000000001E-005
 MU_R    =    325.00000000000000     
 ALPHA_S =   0.11799999999999999     
 BORN                    1.3260051427796630E-010
 SINGLE POLE (MadFKS)   -1.3839478876662445E-011
 DOUBLE POLE (MadFKS)   -1.3281467849899531E-011
 SINGLE POLE (MadLoop)  -1.3839478876662896E-011
 DOUBLE POLE (MadLoop)  -1.3281467849899678E-011
 FINITE PART (MadLoop)   5.9840919377299868E-011
   325.00000000000000        0.0000000000000000        0.0000000000000000        325.00000000000000        0.0000000000000000     
   325.00000000000000        0.0000000000000000        0.0000000000000000       -325.00000000000000        0.0000000000000000     
   167.42480523727070        80.526759569798074        140.58010143432790       -42.196963796463422        1.7769999999999999     
   143.68880637509807        81.998286787165569       -65.979500229070609        97.807473446522692        1.7769999999999999     
   136.29894679188521       -21.599802451320027       -102.47398274152374        87.234937334367274        0.0000000000000000     
   202.58744159575156       -140.92524390564358        27.873381536266425       -142.84544698442653        0.0000000000000000     

 PASSED   1.0000000000000001E-005
 MU_R    =    325.00000000000000     
 ALPHA_S =   0.11799999999999999     
 BORN                    2.0367055070527511E-007
 SINGLE POLE (MadFKS)   -7.4957504507503442E-009
 DOUBLE POLE (MadFKS)   -2.0399950074800955E-008
 SINGLE POLE (MadLoop)  -7.4957504507462762E-009
 DOUBLE POLE (MadLoop)  -2.0399950074800938E-008
 FINITE PART (MadLoop)   9.3608447173945727E-008
   325.00000000000000        0.0000000000000000        0.0000000000000000        325.00000000000000        0.0000000000000000     
   325.00000000000000        0.0000000000000000        0.0000000000000000       -325.00000000000000        0.0000000000000000     
   49.631956063799663       -30.578013495959173        22.777382695010935       -31.723008399659918        1.7769999999999999     
   58.006131978680941        48.356758396066390        24.116608435823117        21.013489312957983        1.7769999999999999     
   278.03873804057270        198.67218506958542       -156.20648293931703        115.90702057511200        0.0000000000000000     
   264.32317391694676       -216.45092996969262        109.31249180848299       -105.19750148841004        0.0000000000000000     

 PASSED   1.0000000000000001E-005
 MU_R    =    325.00000000000000     
 ALPHA_S =   0.11799999999999999     
 BORN                    2.3907515299129274E-008
 SINGLE POLE (MadFKS)   -2.4611170683752856E-009
 DOUBLE POLE (MadFKS)   -2.3946128530900336E-009
 SINGLE POLE (MadLoop)  -2.4611170683750784E-009
 DOUBLE POLE (MadLoop)  -2.3946128530898789E-009
 FINITE PART (MadLoop)   9.7512871869958486E-009
   325.00000000000000        0.0000000000000000        0.0000000000000000        325.00000000000000        0.0000000000000000     
   325.00000000000000        0.0000000000000000        0.0000000000000000       -325.00000000000000        0.0000000000000000     
   64.830474979948463       -6.9096858564070143       -23.829829467059838        59.868424282440735        1.7769999999999999     
   195.19384049906697       -63.403102844757456       -105.83686785379989        151.24841021422219        1.7769999999999999     
   102.09855691188243        16.883737722255539       -93.521706727406396       -37.319500195045045        0.0000000000000000     
   287.87712760910216        53.429050978908968        223.18840404826614       -173.79733430161789        0.0000000000000000     

 PASSED   1.0000000000000001E-005
 MU_R    =    325.00000000000000     
 ALPHA_S =   0.11799999999999999     
 BORN                    4.0323261333070871E-010
 SINGLE POLE (MadFKS)   -4.4030814738610656E-011
 DOUBLE POLE (MadFKS)   -4.0388387776205506E-011
 SINGLE POLE (MadLoop)  -4.4030814738611599E-011
 DOUBLE POLE (MadLoop)  -4.0388387776205525E-011
 FINITE PART (MadLoop)   1.9325539435545554E-010
   325.00000000000000        0.0000000000000000        0.0000000000000000        325.00000000000000        0.0000000000000000     
   325.00000000000000        0.0000000000000000        0.0000000000000000       -325.00000000000000        0.0000000000000000     
   52.525540411202464       -20.326516560526731       -5.8782461234075827       -48.042206584587042        1.7769999999999999     
   242.16955354256092        105.99446169655883        110.06306594347207        187.86758778134913        1.7769999999999999     
   188.45959289710731       -179.08335905204609        7.4118374754633098       -58.234296860326872        0.0000000000000000     
   166.84531314912928        93.415413916014003       -111.59665729552782       -81.591084336435216        0.0000000000000000     

 NUMBER OF POINTS PASSING THE CHECK          20
 NUMBER OF POINTS FAILING THE CHECK           0
 TOLERANCE    1.0000000000000001E-005
