==== LHAPDF6 USING DEFAULT-TYPE LHAGLUE INTERFACE ====
LHAPDF 6.2.1 loading /cvmfs/cms.cern.ch/slc6_amd64_gcc481/external/lhapdf/6.2.1/share/LHAPDF/NNPDF31_nnlo_hessian_pdfas/NNPDF31_nnlo_hessian_pdfas_0000.dat
NNPDF31_nnlo_hessian_pdfas PDF set, member #0, version 1; LHAPDF ID = 306000
 A PDF is used, so alpha_s(MZ) is going to be modified
 Old value of alpha_s from param_card:   0.11799999999999999     
 New value of alpha_s from PDF lhapdf :  0.11800208008122040     
 using LHAPDF
 *****************************************************
 *               MadGraph/MadEvent                   *
 *        --------------------------------           *
 *          http://madgraph.hep.uiuc.edu             *
 *          http://madgraph.phys.ucl.ac.be           *
 *          http://madgraph.roma2.infn.it            *
 *        --------------------------------           *
 *                                                   *
 *          PARAMETER AND COUPLING VALUES            *
 *                                                   *
 *****************************************************

  External Params
  ---------------------------------
  
 MU_R =    91.188000000000002     
 aEWM1 =    132.50700000000001     
 mdl_Gf =    1.1663900000000000E-005
 aS =   0.11799999999999999     
 mdl_lamWS =   0.22530000000000000     
 mdl_AWS =   0.80800000000000005     
 mdl_rhoWS =   0.13200000000000001     
 mdl_etaWS =   0.34100000000000003     
 mdl_ymt =    173.00000000000000     
 mdl_ymtau =    1.7769999999999999     
 mdl_MT =    173.00000000000000     
 mdl_MZ =    91.188000000000002     
 mdl_MH =    125.00000000000000     
 mdl_MTA =    1.7769999999999999     
 mdl_WT =    1.4915000000000000     
 mdl_WZ =    2.4414039999999999     
 mdl_WW =    2.0476000000000001     
 mdl_WH =    6.3823389999999999E-003
  Internal Params
  ---------------------------------
  
 mdl_CKM33 =    1.0000000000000000     
 mdl_conjg__CKM3x3 =    1.0000000000000000     
 mdl_I4x33 =    0.0000000000000000     
 mdl_I1x33 =    0.0000000000000000     
 mdl_lhv =    1.0000000000000000     
 mdl_CKM3x3 =    1.0000000000000000     
 mdl_conjg__CKM33 =    1.0000000000000000     
 mdl_Ncol =    3.0000000000000000     
 mdl_CA =    3.0000000000000000     
 mdl_TF =   0.50000000000000000     
 mdl_CF =    1.3333333333333333     
 mdl_lamWS__exp__2 =    5.0760090000000001E-002
 mdl_CKM11 =  ( 0.97461995499999998     ,  0.0000000000000000     )
 mdl_CKM12 =  ( 0.22530000000000000     ,  0.0000000000000000     )
 mdl_complexi =  (  0.0000000000000000     ,  1.0000000000000000     )
 mdl_lamWS__exp__3 =    1.1436248277000001E-002
 mdl_CKM13 =  (  1.2197444962317122E-003, -3.1510066152652563E-003)
 mdl_CKM21 =  (-0.22530000000000000     ,  0.0000000000000000     )
 mdl_CKM22 =  ( 0.97461995499999998     ,  0.0000000000000000     )
 mdl_CKM23 =  (  4.1014152720000002E-002,  0.0000000000000000     )
 mdl_CKM31 =  (  8.0207441115842885E-003, -3.1510066152652563E-003)
 mdl_CKM32 =  ( -4.1014152720000002E-002,  0.0000000000000000     )
 mdl_MZ__exp__2 =    8315.2513440000002     
 mdl_MZ__exp__4 =    69143404.913893804     
 mdl_sqrt__2 =    1.4142135623730951     
 mdl_MH__exp__2 =    15625.000000000000     
 mdl_CKM1x1 =  ( 0.97461995499999998     ,  0.0000000000000000     )
 mdl_CKM1x2 =  ( 0.22530000000000000     ,  0.0000000000000000     )
 mdl_CKM1x3 =  (  1.2197444962317122E-003, -3.1510066152652563E-003)
 mdl_CKM2x1 =  (-0.22530000000000000     ,  0.0000000000000000     )
 mdl_CKM2x2 =  ( 0.97461995499999998     ,  0.0000000000000000     )
 mdl_CKM2x3 =  (  4.1014152720000002E-002,  0.0000000000000000     )
 mdl_CKM3x1 =  (  8.0207441115842885E-003, -3.1510066152652563E-003)
 mdl_CKM3x2 =  ( -4.1014152720000002E-002,  0.0000000000000000     )
 mdl_conjg__CKM1x3 =  (  1.2197444962317122E-003,  3.1510066152652563E-003)
 mdl_conjg__CKM2x3 =  (  4.1014152720000002E-002, -0.0000000000000000     )
 mdl_conjg__CKM2x1 =  (-0.22530000000000000     , -0.0000000000000000     )
 mdl_conjg__CKM3x1 =  (  8.0207441115842885E-003,  3.1510066152652563E-003)
 mdl_conjg__CKM2x2 =  ( 0.97461995499999998     , -0.0000000000000000     )
 mdl_conjg__CKM3x2 =  ( -4.1014152720000002E-002, -0.0000000000000000     )
 mdl_Ncol__exp__2 =    9.0000000000000000     
 mdl_MT__exp__2 =    29929.000000000000     
 mdl_conjg__CKM11 =  ( 0.97461995499999998     , -0.0000000000000000     )
 mdl_conjg__CKM12 =  ( 0.22530000000000000     , -0.0000000000000000     )
 mdl_conjg__CKM13 =  (  1.2197444962317122E-003,  3.1510066152652563E-003)
 mdl_conjg__CKM21 =  (-0.22530000000000000     , -0.0000000000000000     )
 mdl_conjg__CKM22 =  ( 0.97461995499999998     , -0.0000000000000000     )
 mdl_conjg__CKM23 =  (  4.1014152720000002E-002, -0.0000000000000000     )
 mdl_conjg__CKM31 =  (  8.0207441115842885E-003,  3.1510066152652563E-003)
 mdl_conjg__CKM32 =  ( -4.1014152720000002E-002, -0.0000000000000000     )
 mdl_aEW =    7.5467711139788835E-003
 mdl_MW =    80.419002445756163     
 mdl_sqrt__aEW =    8.6872153846781555E-002
 mdl_ee =   0.30795376724436879     
 mdl_MW__exp__2 =    6467.2159543705357     
 mdl_sw2 =   0.22224648578577766     
 mdl_cw =   0.88190334743339216     
 mdl_sqrt__sw2 =   0.47143025548407230     
 mdl_sw =   0.47143025548407230     
 mdl_g1 =   0.34919219678733299     
 mdl_gw =   0.65323293034757990     
 mdl_v =    246.21845810181637     
 mdl_v__exp__2 =    60623.529110035903     
 mdl_lam =   0.12886910601690263     
 mdl_yt =   0.99366614581500623     
 mdl_ytau =    1.0206617000654717E-002
 mdl_muH =    88.388347648318430     
 mdl_AxialZUp =  -0.18517701861793787     
 mdl_AxialZDown =   0.18517701861793787     
 mdl_VectorZUp =    7.5430507588273299E-002
 mdl_VectorZDown =  -0.13030376310310560     
 mdl_VectorAUp =   0.20530251149624587     
 mdl_VectorADown =  -0.10265125574812294     
 mdl_VectorWmDxU =   0.23095271737156670     
 mdl_AxialWmDxU =  -0.23095271737156670     
 mdl_VectorWpUxD =   0.23095271737156670     
 mdl_AxialWpUxD =  -0.23095271737156670     
 mdl_I2x13 =  (  7.9699418879263656E-003,  3.1310485988282153E-003)
 mdl_I2x23 =  ( -4.0754375057150453E-002, -0.0000000000000000     )
 mdl_I2x33 =  ( 0.99366614581500623     ,  0.0000000000000000     )
 mdl_I3x31 =  (  7.9699418879263656E-003, -3.1310485988282153E-003)
 mdl_I3x32 =  ( -4.0754375057150453E-002,  0.0000000000000000     )
 mdl_I3x33 =  ( 0.99366614581500623     ,  0.0000000000000000     )
 mdl_Vector_tdGp =  ( -7.9699418879263656E-003, -3.1310485988282153E-003)
 mdl_Vector_tsGp =  (  4.0754375057150453E-002,  0.0000000000000000     )
 mdl_Vector_tbGp =  (-0.99366614581500623     ,  0.0000000000000000     )
 mdl_Axial_tdGp =  ( -7.9699418879263656E-003, -3.1310485988282153E-003)
 mdl_Axial_tsGp =  (  4.0754375057150453E-002,  0.0000000000000000     )
 mdl_Axial_tbGp =  (-0.99366614581500623     , -0.0000000000000000     )
 mdl_Vector_tdGm =  (  7.9699418879263656E-003, -3.1310485988282153E-003)
 mdl_Vector_tsGm =  ( -4.0754375057150453E-002,  0.0000000000000000     )
 mdl_Vector_tbGm =  ( 0.99366614581500623     ,  0.0000000000000000     )
 mdl_Axial_tdGm =  ( -7.9699418879263656E-003,  3.1310485988282153E-003)
 mdl_Axial_tsGm =  (  4.0754375057150453E-002, -0.0000000000000000     )
 mdl_Axial_tbGm =  (-0.99366614581500623     ,  0.0000000000000000     )
 mdl_gw__exp__2 =   0.42671326129048615     
 mdl_cw__exp__2 =   0.77775351421422245     
 mdl_ee__exp__2 =    9.4835522759998875E-002
 mdl_sw__exp__2 =   0.22224648578577769     
 mdl_yt__exp__2 =   0.98737240933884918     
  Internal Params evaluated point by point
  ----------------------------------------
  
 mdl_sqrt__aS =   0.34351128074635334     
 mdl_G__exp__4 =    2.1987899468922913     
 mdl_G__exp__2 =    1.4828317324943823     
 mdl_R2MixedFactor_FIN_ =   -2.5040377713124864E-002
 mdl_G_UVg_1EPS_ =   -5.1645779033320030E-002
 mdl_G_UVq_1EPS_ =    3.1300472141406080E-003
 mdl_G_UVb_1EPS_ =    3.1300472141406080E-003
 mdl_GWcft_UV_t_1EPS_ =   -3.1300472141406080E-003
 mdl_tWcft_UV_1EPS_ =   -1.8780283284843650E-002
 mdl_G__exp__3 =    1.8056676068262196     
 mdl_MU_R__exp__2 =    8315.2513440000002     
 mdl_G_UVt_FIN_ =   -4.0087659331150384E-003
 mdl_GWcft_UV_t_FIN_ =    4.0087659331150384E-003
 mdl_tWcft_UV_FIN_ =   -9.8778211443463623E-004
  Couplings of loop_sm-ckm_no_b_mass
  ---------------------------------
  
       UV_3Gt =   0.48815E-02   0.00000E+00
      UV_GQQt =   0.00000E+00  -0.48815E-02
   UVWfct_G_2 =   0.40088E-02   0.00000E+00
       R2_DDA =   0.00000E+00   0.25704E-02
       R2_UUA =  -0.00000E+00  -0.51409E-02
    R2_DDZ_V2 =   0.00000E+00   0.72127E-02
    R2_UUZ_V2 =  -0.00000E+00  -0.72127E-02
    R2_UUZ_V5 =   0.00000E+00   0.68702E-03
      R2_GGHt =   0.00000E+00  -0.45657E+01
     R2_GGZup =  -0.46369E-02   0.00000E+00
   R2_GGZdown =   0.46369E-02   0.00000E+00
 R2_GGGZvecUp =   0.00000E+00   0.28750E-03
 R2_GGGZvecDown  -0.00000E+00  -0.49665E-03
 R2_GGGZaxialUp  -0.00000E+00  -0.63522E-02
 R2_GGGZaxialDow  0.00000E+00   0.63522E-02
 R2_GGGAvecUp =   0.00000E+00   0.78251E-03
 R2_GGGAvecDown  -0.00000E+00  -0.39126E-03
         GC_4 =  -0.12177E+01   0.00000E+00
         GC_5 =   0.00000E+00   0.12177E+01
         GC_6 =   0.00000E+00   0.14828E+01
       R2_3Gq =   0.76230E-02   0.00000E+00
       R2_3Gg =   0.31445E-01   0.00000E+00
       R2_GQQ =  -0.00000E+00  -0.30492E-01
       R2_GGq =   0.00000E+00   0.62601E-02
       R2_GGt =  -0.00000E+00  -0.11242E+04
     R2_GGg_1 =   0.00000E+00   0.28170E-01
     R2_GGg_2 =  -0.00000E+00  -0.18780E-01
       R2_QQq =   0.00000E+00   0.12520E-01
  UV_3Gg_1eps =   0.62890E-01   0.00000E+00
  UV_3Gb_1eps =  -0.38115E-02   0.00000E+00
 UV_GQQg_1eps =   0.00000E+00  -0.62890E-01
 UV_GQQq_1eps =   0.00000E+00   0.38115E-02
 UVWfct_G_2_1eps -0.31300E-02   0.00000E+00
         GC_1 =  -0.00000E+00  -0.10265E+00
         GC_2 =   0.00000E+00   0.20530E+00
        GC_21 =  -0.00000E+00  -0.28804E+00
        GC_22 =   0.00000E+00   0.28804E+00
        GC_23 =  -0.00000E+00  -0.27437E-01
        GC_24 =   0.00000E+00   0.82310E-01
        GC_37 =  -0.00000E+00  -0.70263E+00
        GC_38 =  -0.00000E+00  -0.72172E-02
      GC_1003 =  -0.00000E+00  -0.30795E+00

 Collider parameters:
 --------------------

 Running at P P   machine @    13000.000000000000       GeV
 PDF set = lhapdf 
 alpha_s(Mz)= 0.1180 running at 3 loops.
 alpha_s(Mz)= 0.1180 running at 3 loops.
 Renormalization scale set on event-by-event basis
 Factorization   scale set on event-by-event basis


 ===============================================================
 INFO: MadFKS read these parameters from FKS_params.dat
 ===============================================================
  > IRPoleCheckThreshold      =    1.0000000000000001E-005
  > PrecisionVirtualAtRunTime =    1.0000000000000000E-003
  > NHelForMCoverHels         =            4
  > VirtualFraction           =    1.0000000000000000     
  > MinVirtualFraction        =    5.0000000000000001E-003
 ===============================================================
  Insert the number of points to test
 Insert the relative tolerance
  A negative number will mean use the default one:    1.0000000000000001E-005
Using random seed offsets:     0 ,     71 ,      0
  with seed                   32
 Ranmar initialization seeds       10729        9477
  ========================================================================================== 
 {                                                                                          }
 {       [32m                                                                            [0m       }
 {       [32m                               ,,                                           [0m       }
 {       [32m`7MMM.     ,MMF'             `7MM  `7MMF'                                   [0m       }
 {       [32m  MMMb    dPMM                 MM    MM                                     [0m       }
 {       [32m  M YM   ,M MM   ,6"Yb.   ,M""bMM    MM         ,pW"Wq.   ,pW"Wq.`7MMpdMAo. [0m       }
 {       [32m  M  Mb  M' MM  8)   MM ,AP    MM    MM        6W'   `Wb 6W'   `Wb MM   `Wb [0m       }
 {       [32m  M  YM.P'  MM   ,pm9MM 8MI    MM    MM      , 8M     M8 8M     M8 MM    M8 [0m       }
 {       [32m  M  `YM'   MM  8M   MM `Mb    MM    MM     ,M YA.   ,A9 YA.   ,A9 MM   ,AP [0m       }
 {       [32m.JML. `'  .JMML.`Moo9^Yo.`Wbmd"MML..JMMmmmmMMM  `Ybmd9'   `Ybmd9'  MMbmmd'  [0m       }
 {       [32m                                                                   MM       [0m       }
 {       [32m                                                                 .JMML.     [0m       }
 {       [32m[0mv2.4.2 (2016-06-10), Ref: arXiv:1103.0621v2, arXiv:1405.0301[32m                [0m       }
 {       [32m                                                                            [0m       }
 {                                                                                          }
  ========================================================================================== 
 ===============================================================
 INFO: MadLoop read these parameters from ./MadLoop5_resources/MadLoopParams.dat                                                                                                                                                                                                                                                                                                                                                                                                                                                                                          
 ===============================================================
  > MLReductionLib            = 6|1|2
  > IREGIMODE                 =            2
  > IREGIRECY                 =  T
  > CTModeRun                 =           -1
  > MLStabThres               =    1.0000000000000000E-003
  > NRotations_DP             =            1
  > NRotations_QP             =            0
  > CTStabThres               =    1.0000000000000000E-002
  > CTLoopLibrary             =            2
  > CTModeInit                =            1
  > CheckCycle                =            3
  > MaxAttempts               =           10
  > UseLoopFilter             =  F
  > HelicityFilterLevel       =            2
  > ImprovePSPoint            =            2
  > DoubleCheckHelicityFilter =  T
  > LoopInitStartOver         =  F
  > HelInitStartOver          =  F
  > ZeroThres                 =    1.0000000000000001E-009
  > OSThres                   =    1.0000000000000000E-008
  > WriteOutFilters           =  T
  > UseQPIntegrandForNinja    =  F
  > UseQPIntegrandForCutTools =  T
 ===============================================================
  
------------------------------------------------------------------------
|              You are using CutTools - Version 1.9.3                  |
|              Authors: G. Ossola, C. Papadopoulos, R. Pittau          |
|              Published in JHEP 0803:042,2008                         |
|              http://www.ugr.es/~pittau/CutTools                      |
|                                                                      |
|              Compiler with  34  significant digits detetected        |
 ---------------------------------------------------------------------- 
   
########################################################################
#                                                                      #
#                      You are using OneLOop-3.6                       #
#                                                                      #
# for the evaluation of 1-loop scalar 1-, 2-, 3- and 4-point functions #
#                                                                      #
# author: Andreas van Hameren <hamerenREMOVETHIS@ifj.edu.pl>           #
#   date: 18-02-2015                                                   #
#                                                                      #
# Please cite                                                          #
#    A. van Hameren,                                                   #
#      Comput.Phys.Commun. 182 (2011) 2427-2438, arXiv:1007.4716       #
#    A. van Hameren, C.G. Papadopoulos and R. Pittau,                  #
#      JHEP 0909:106,2009, arXiv:0903.4665                             #
# in publications with results obtained with the help of this program. #
#                                                                      #
########################################################################
 PASSED   1.0000000000000001E-005
 MU_R    =    325.00000000000000     
 ALPHA_S =   0.11799999999999999     
 BORN                    7.8276666841007203E-012
 SINGLE POLE (MadFKS)   -1.0336426421632339E-012
 DOUBLE POLE (MadFKS)   -7.8403092152930279E-013
 SINGLE POLE (MadLoop)  -1.0336426421632520E-012
 DOUBLE POLE (MadLoop)  -7.8403092152930461E-013
 FINITE PART (MadLoop)   2.6862194291194599E-012
   325.00000000000000        0.0000000000000000        0.0000000000000000        325.00000000000000        0.0000000000000000     
   325.00000000000000        0.0000000000000000        0.0000000000000000       -325.00000000000000        0.0000000000000000     
   218.15204925110683        200.71849415673177       -44.562383932212555        72.914995948634825        0.0000000000000000     
   156.90078763266300       -48.533452991752981        101.00970310929328       -109.81530393446860        0.0000000000000000     
   196.88616092557069       -135.41520189782463       -127.42698278428395        64.724396617310390        0.0000000000000000     
   78.061002190659735       -16.769839267154190        70.979663607203221       -27.824088631476592        0.0000000000000000     

 PASSED   1.0000000000000001E-005
 MU_R    =    325.00000000000000     
 ALPHA_S =   0.11799999999999999     
 BORN                    1.6422533842663031E-012
 SINGLE POLE (MadFKS)   -3.4420194647886324E-013
 DOUBLE POLE (MadFKS)   -1.6449058017074329E-013
 SINGLE POLE (MadLoop)  -3.4420194647887510E-013
 DOUBLE POLE (MadLoop)  -1.6449058017074652E-013
 FINITE PART (MadLoop)   9.8246168977799805E-013
   325.00000000000000        0.0000000000000000        0.0000000000000000        325.00000000000000        0.0000000000000000     
   325.00000000000000        0.0000000000000000        0.0000000000000000       -325.00000000000000        0.0000000000000000     
   198.77215633638380       -178.09134435953658        87.181069554262393        13.903392039485668        0.0000000000000000     
   200.62974049245747       -14.888687400130449       -190.60120277336057       -60.842429758519053        0.0000000000000000     
   108.76159797821627        108.11477068803678        5.3861408918551579       -10.548508906071650        0.0000000000000000     
   141.83650519294227        84.865261071630314        98.033992327242998        57.487546625105018        0.0000000000000000     

 PASSED   1.0000000000000001E-005
 MU_R    =    325.00000000000000     
 ALPHA_S =   0.11799999999999999     
 BORN                    1.6528087572740406E-011
 SINGLE POLE (MadFKS)   -4.4176502734969716E-012
 DOUBLE POLE (MadFKS)   -1.6554782227880998E-012
 SINGLE POLE (MadLoop)  -4.4176502734971881E-012
 DOUBLE POLE (MadLoop)  -1.6554782227880879E-012
 FINITE PART (MadLoop)   6.7979239879055504E-012
   325.00000000000000        0.0000000000000000        0.0000000000000000        325.00000000000000        0.0000000000000000     
   325.00000000000000        0.0000000000000000        0.0000000000000000       -325.00000000000000        0.0000000000000000     
   186.81643152934893        61.163301301318128       -135.29470570183722       -113.37888812445355        0.0000000000000000     
   174.48456342829923       -134.81966240757035        87.621368285285385       -67.757046296952183        0.0000000000000000     
   118.83353061187179        116.57070422211213        3.6245015781036076        22.793461851018726        0.0000000000000000     
   169.86547443048005       -42.914343115859900        44.048835838448234        158.34247257038700        0.0000000000000000     

 PASSED   1.0000000000000001E-005
 MU_R    =    325.00000000000000     
 ALPHA_S =   0.11799999999999999     
 BORN                    4.6863798607003762E-009
 SINGLE POLE (MadFKS)   -6.9785062259771004E-010
 DOUBLE POLE (MadFKS)   -4.6939488727647561E-010
 SINGLE POLE (MadLoop)  -6.9785062259775564E-010
 DOUBLE POLE (MadLoop)  -4.6939488727650622E-010
 FINITE PART (MadLoop)   2.6692923292367040E-009
   325.00000000000000        0.0000000000000000        0.0000000000000000        325.00000000000000        0.0000000000000000     
   325.00000000000000        0.0000000000000000        0.0000000000000000       -325.00000000000000        0.0000000000000000     
   115.30543895863053       -1.2267894453523198        100.47266760766527       -56.560430557933856        0.0000000000000000     
   135.72948680897036       -79.390513719155308        68.572060937522494       -86.124981158870384        0.0000000000000000     
   200.46300496040016       -83.590155690358202       -179.43520977591450        31.640286378107369        0.0000000000000000     
   198.50206927199883        164.20745885486579        10.390481230726786        111.04512533869688        0.0000000000000000     

 PASSED   1.0000000000000001E-005
 MU_R    =    325.00000000000000     
 ALPHA_S =   0.11799999999999999     
 BORN                    1.4045007594131279E-011
 SINGLE POLE (MadFKS)   -3.1208177778728309E-012
 DOUBLE POLE (MadFKS)   -1.4067691805630174E-012
 SINGLE POLE (MadLoop)  -3.1208177778731084E-012
 DOUBLE POLE (MadLoop)  -1.4067691805630253E-012
 FINITE PART (MadLoop)   1.6880634746643424E-012
   325.00000000000000        0.0000000000000000        0.0000000000000000        325.00000000000000        0.0000000000000000     
   325.00000000000000        0.0000000000000000        0.0000000000000000       -325.00000000000000        0.0000000000000000     
   120.24396142998708        100.42886741166146       -34.657158484787537        56.316376095656700        0.0000000000000000     
   245.03083804044300        89.430399769886463       -116.85555092966345       -195.92624991237108        0.0000000000000000     
   93.459192103798159       -61.489173973334800        64.826954550160551        27.407444910517171        0.0000000000000000     
   191.26600842577204       -128.37009320821329        86.685754864290615        112.20242890619726        0.0000000000000000     

 PASSED   1.0000000000000001E-005
 MU_R    =    325.00000000000000     
 ALPHA_S =   0.11799999999999999     
 BORN                    7.0163454627634925E-013
 SINGLE POLE (MadFKS)   -2.0291189307941353E-013
 DOUBLE POLE (MadFKS)   -7.0276776221347092E-014
 SINGLE POLE (MadLoop)  -2.0291189307938639E-013
 DOUBLE POLE (MadLoop)  -7.0276776221348543E-014
 FINITE PART (MadLoop)   2.7581854575016644E-013
   325.00000000000000        0.0000000000000000        0.0000000000000000        325.00000000000000        0.0000000000000000     
   325.00000000000000        0.0000000000000000        0.0000000000000000       -325.00000000000000        0.0000000000000000     
   209.54333708987869        197.02631503049554        70.406289255254137        11.488939793206777        0.0000000000000000     
   278.81438582015642       -260.53867705375819       -97.072998620324086        20.830084930387095        0.0000000000000000     
   61.610413869368109       -34.496399038731873        15.206411514071636       -48.729935351692312        0.0000000000000000     
   100.03186322059692        98.008761061994733        11.460297850998332        16.410910628098403        0.0000000000000000     

 PASSED   1.0000000000000001E-005
 MU_R    =    325.00000000000000     
 ALPHA_S =   0.11799999999999999     
 BORN                    5.3265924572326423E-010
 SINGLE POLE (MadFKS)   -5.0553180559393953E-011
 DOUBLE POLE (MadFKS)   -5.3351954821194906E-011
 SINGLE POLE (MadLoop)  -5.0553180559395814E-011
 DOUBLE POLE (MadLoop)  -5.3351954821195126E-011
 FINITE PART (MadLoop)   2.7878975288535109E-010
   325.00000000000000        0.0000000000000000        0.0000000000000000        325.00000000000000        0.0000000000000000     
   325.00000000000000        0.0000000000000000        0.0000000000000000       -325.00000000000000        0.0000000000000000     
   155.18032176428633       -132.05064100791793        53.831548651407125        61.202327096742032        0.0000000000000000     
   101.75011492090137        17.739077634250680        17.114834858413911        98.719265793825073        0.0000000000000000     
   157.67178203751101        111.85129973541484        110.66239414042535       -10.174090696073545        0.0000000000000000     
   235.39778127730119        2.4602636382524428       -181.60877765024634       -149.74750219449359        0.0000000000000000     

 PASSED   1.0000000000000001E-005
 MU_R    =    325.00000000000000     
 ALPHA_S =   0.11799999999999999     
 BORN                    5.2997986588965366E-009
 SINGLE POLE (MadFKS)   -6.8102294446741695E-010
 DOUBLE POLE (MadFKS)   -5.3083584088912752E-010
 SINGLE POLE (MadLoop)  -6.8102294446753379E-010
 DOUBLE POLE (MadLoop)  -5.3083584088913321E-010
 FINITE PART (MadLoop)   5.3325207172166808E-009
   325.00000000000000        0.0000000000000000        0.0000000000000000        325.00000000000000        0.0000000000000000     
   325.00000000000000        0.0000000000000000        0.0000000000000000       -325.00000000000000        0.0000000000000000     
   137.33630224029764        96.980035542615980       -85.560744095573284       -46.211380513929200        0.0000000000000000     
   261.25619225365915       -60.107668719539674        78.696834713899932        241.76160645974394        0.0000000000000000     
   38.443772933351283       0.26301103063993159        36.507143877194288        12.045038334462513        0.0000000000000000     
   212.96373257269153       -37.135377853716250       -29.643234495520815       -207.59526428027735        0.0000000000000000     

 PASSED   1.0000000000000001E-005
 MU_R    =    325.00000000000000     
 ALPHA_S =   0.11799999999999999     
 BORN                    8.4135841299520061E-011
 SINGLE POLE (MadFKS)   -5.7691871669581670E-012
 DOUBLE POLE (MadFKS)   -8.4271729814060510E-012
 SINGLE POLE (MadLoop)  -5.7691871669615573E-012
 DOUBLE POLE (MadLoop)  -8.4271729814063951E-012
 FINITE PART (MadLoop)   4.9738811799938278E-011
   325.00000000000000        0.0000000000000000        0.0000000000000000        325.00000000000000        0.0000000000000000     
   325.00000000000000        0.0000000000000000        0.0000000000000000       -325.00000000000000        0.0000000000000000     
   145.54124825906723        106.06417019374241        78.263862459890404        61.704250897159767        0.0000000000000000     
   176.05696970526779       -142.79098029468202        102.51553798513592       -9.8669650806852527        0.0000000000000000     
   99.005991992535442        32.554373851407426       -3.3004039318413230        93.442530613503180        0.0000000000000000     
   229.39579004312952        4.1724362495321783       -177.47899651318502       -145.27981642997773        0.0000000000000000     

 PASSED   1.0000000000000001E-005
 MU_R    =    325.00000000000000     
 ALPHA_S =   0.11799999999999999     
 BORN                    2.6722480476639133E-011
 SINGLE POLE (MadFKS)   -3.2529155312425868E-012
 DOUBLE POLE (MadFKS)   -2.6765640182665955E-012
 SINGLE POLE (MadLoop)  -3.2529155312424571E-012
 DOUBLE POLE (MadLoop)  -2.6765640182666028E-012
 FINITE PART (MadLoop)   1.1269657944063493E-011
   325.00000000000000        0.0000000000000000        0.0000000000000000        325.00000000000000        0.0000000000000000     
   325.00000000000000        0.0000000000000000        0.0000000000000000       -325.00000000000000        0.0000000000000000     
   108.48012643224351        28.752180862960230        20.876860373222389       -102.49588590444075        0.0000000000000000     
   251.43791343240258        50.163233609465166       -161.01441629106301        186.49137259275784        0.0000000000000000     
   121.65922087447699       -120.80300964074337        8.1538281661395864        11.879140194488869        0.0000000000000000     
   168.42273926087677        41.887595168318029        131.98372775170105       -95.874626882805828        0.0000000000000000     

 PASSED   1.0000000000000001E-005
 MU_R    =    325.00000000000000     
 ALPHA_S =   0.11799999999999999     
 BORN                    8.1523568678472859E-010
 SINGLE POLE (MadFKS)   -3.6534162775259139E-011
 DOUBLE POLE (MadFKS)   -8.1655238089233436E-011
 SINGLE POLE (MadLoop)  -3.6534162775268025E-011
 DOUBLE POLE (MadLoop)  -8.1655238089235530E-011
 FINITE PART (MadLoop)   6.8748671111124343E-010
   325.00000000000000        0.0000000000000000        0.0000000000000000        325.00000000000000        0.0000000000000000     
   325.00000000000000        0.0000000000000000        0.0000000000000000       -325.00000000000000        0.0000000000000000     
   105.33651718166929        39.934466076232191        52.352696271589124        82.220529457460373        0.0000000000000000     
   164.16845128515010       -115.50284081498047        116.66200332329834       0.59257204516303086        0.0000000000000000     
   166.16052737935263        20.928662721887374       -115.65506232750356        117.45304803911792        0.0000000000000000     
   214.33450415382808        54.639712016860905       -53.359637267383881       -200.26614954174127        0.0000000000000000     

 PASSED   1.0000000000000001E-005
 MU_R    =    325.00000000000000     
 ALPHA_S =   0.11799999999999999     
 BORN                    3.7805273984229093E-011
 SINGLE POLE (MadFKS)   -7.6848701526149455E-012
 DOUBLE POLE (MadFKS)   -3.7866333604530781E-012
 SINGLE POLE (MadLoop)  -7.6848701526151943E-012
 DOUBLE POLE (MadLoop)  -3.7866333604530692E-012
 FINITE PART (MadLoop)   1.2260782070016148E-011
   325.00000000000000        0.0000000000000000        0.0000000000000000        325.00000000000000        0.0000000000000000     
   325.00000000000000        0.0000000000000000        0.0000000000000000       -325.00000000000000        0.0000000000000000     
   99.737803326725981        47.899847574440834        84.400457661955159       -23.017314379365082        0.0000000000000000     
   276.80477552114655       -191.79817909365045       -109.43185097745165        166.91019213733213        0.0000000000000000     
   211.62734884366714        147.73383406136026        84.104919870994053       -126.04448224981260        0.0000000000000000     
   61.830072308460295       -3.8355025421506226       -59.073526555497601       -17.848395508154439        0.0000000000000000     

 PASSED   1.0000000000000001E-005
 MU_R    =    325.00000000000000     
 ALPHA_S =   0.11799999999999999     
 BORN                    9.3478177116228115E-011
 SINGLE POLE (MadFKS)   -1.1319949034300122E-011
 DOUBLE POLE (MadFKS)   -9.3629154516989483E-012
 SINGLE POLE (MadLoop)  -1.1319949034300365E-011
 DOUBLE POLE (MadLoop)  -9.3629154516991017E-012
 FINITE PART (MadLoop)   6.4155059640201720E-011
   325.00000000000000        0.0000000000000000        0.0000000000000000        325.00000000000000        0.0000000000000000     
   325.00000000000000        0.0000000000000000        0.0000000000000000       -325.00000000000000        0.0000000000000000     
   259.26352218946982       -206.77262771542874        38.438966277538810       -151.60837785973649        0.0000000000000000     
   130.86810850859337        121.40468664066660       -45.233966980498728       -18.473010515496469        0.0000000000000000     
   220.73337006772334        97.715067891755623        34.408219459843494        194.91295647536444        0.0000000000000000     
   39.134999234213595       -12.347126816993459       -27.613218756883555       -24.831568100131570        0.0000000000000000     

 PASSED   1.0000000000000001E-005
 MU_R    =    325.00000000000000     
 ALPHA_S =   0.11799999999999999     
 BORN                    2.3689721870799132E-012
 SINGLE POLE (MadFKS)   -4.7344871864177084E-013
 DOUBLE POLE (MadFKS)   -2.3727983342547413E-013
 SINGLE POLE (MadLoop)  -4.7344871815042415E-013
 DOUBLE POLE (MadLoop)  -2.3727983342544329E-013
 FINITE PART (MadLoop)   5.9728104502992705E-013
   325.00000000000000        0.0000000000000000        0.0000000000000000        325.00000000000000        0.0000000000000000     
   325.00000000000000        0.0000000000000000        0.0000000000000000       -325.00000000000000        0.0000000000000000     
Thanks for using LHAPDF 6.2.1. Please make sure to cite the paper:
  Eur.Phys.J. C75 (2015) 3, 132  (http://arxiv.org/abs/1412.7420)
   251.03859983547159        1.3914617191488661       -100.84987573908620       -229.88637411784336        0.0000000000000000     
   131.22188197036630       -26.445631421781219       -38.870477016780541        122.51080320949647        0.0000000000000000     
   54.208195023467788       -38.004861649100313       -37.983091280273555        7.1724246618189360        0.0000000000000000     
   213.53132317069438        63.059031351732685        177.70344403614027        100.20314624652799        0.0000000000000000     

 PASSED   1.0000000000000001E-005
 MU_R    =    325.00000000000000     
 ALPHA_S =   0.11799999999999999     
 BORN                    1.9209456888558457E-012
 SINGLE POLE (MadFKS)   -6.8617949667093834E-013
 DOUBLE POLE (MadFKS)   -1.9240482246139684E-013
 SINGLE POLE (MadLoop)  -6.8617949667093673E-013
 DOUBLE POLE (MadLoop)  -1.9240482246139459E-013
 FINITE PART (MadLoop)   4.8399382674925781E-013
   325.00000000000000        0.0000000000000000        0.0000000000000000        325.00000000000000        0.0000000000000000     
   325.00000000000000        0.0000000000000000        0.0000000000000000       -325.00000000000000        0.0000000000000000     
   223.78890273454996       -140.69812397295317        16.434825530704945        173.24955240173247        0.0000000000000000     
   273.73898067680869        154.07212418437095        20.974356328746307       -225.28845169668327        0.0000000000000000     
   49.744935951709444        34.244629211368668       -9.8469694990026309       -34.711687004541595        0.0000000000000000     
   102.72718063693178       -47.618629422786462       -27.562212360448594        86.750586299492397        0.0000000000000000     

 PASSED   1.0000000000000001E-005
 MU_R    =    325.00000000000000     
 ALPHA_S =   0.11799999999999999     
 BORN                    2.1501578444830026E-011
 SINGLE POLE (MadFKS)   -3.1931577762598090E-012
 DOUBLE POLE (MadFKS)   -2.1536305827477112E-012
 SINGLE POLE (MadLoop)  -3.1931577762599132E-012
 DOUBLE POLE (MadLoop)  -2.1536305827477104E-012
 FINITE PART (MadLoop)   9.2269916566880721E-012
   325.00000000000000        0.0000000000000000        0.0000000000000000        325.00000000000000        0.0000000000000000     
   325.00000000000000        0.0000000000000000        0.0000000000000000       -325.00000000000000        0.0000000000000000     
   109.77899207852991       -93.239447170689473        46.596753145696404        34.446700703567537        0.0000000000000000     
   244.10564427570046        113.92833426000870       -187.22618919039519       -107.49071727938598        0.0000000000000000     
   85.111903943559255       -46.047036968432245       -64.563125109095566        30.908080747156792        0.0000000000000000     
   211.00345970221045        25.358149879113043        205.19256115379437        42.135935828661601        0.0000000000000000     

 PASSED   1.0000000000000001E-005
 MU_R    =    325.00000000000000     
 ALPHA_S =   0.11799999999999999     
 BORN                    3.8715321401396430E-012
 SINGLE POLE (MadFKS)   -1.0728084693098356E-012
 DOUBLE POLE (MadFKS)   -3.8777850847039736E-013
 SINGLE POLE (MadLoop)  -1.0728084693100322E-012
 DOUBLE POLE (MadLoop)  -3.8777850847039605E-013
 FINITE PART (MadLoop)   1.2961091673066425E-012
   325.00000000000000        0.0000000000000000        0.0000000000000000        325.00000000000000        0.0000000000000000     
   325.00000000000000        0.0000000000000000        0.0000000000000000       -325.00000000000000        0.0000000000000000     
   104.08800105426123       -90.064644419678018       -3.7207306291375710        52.046401918040772        0.0000000000000000     
   76.599153163985847       -5.5913402253296125        29.158872412305712       -70.611099266101590        0.0000000000000000     
   216.52956278007994        27.131770632944292        97.353239127619247       -191.49742925536751        0.0000000000000000     
   252.78328300167297        68.524214012063325       -122.79138091078740        210.06212660342834        0.0000000000000000     

 PASSED   1.0000000000000001E-005
 MU_R    =    325.00000000000000     
 ALPHA_S =   0.11799999999999999     
 BORN                    1.2102495404899399E-011
 SINGLE POLE (MadFKS)   -4.0360116529429289E-012
 DOUBLE POLE (MadFKS)   -1.2122042248401559E-012
 SINGLE POLE (MadLoop)  -4.0360116529433845E-012
 DOUBLE POLE (MadLoop)  -1.2122042248401870E-012
 FINITE PART (MadLoop)   9.2325566888441770E-014
   325.00000000000000        0.0000000000000000        0.0000000000000000        325.00000000000000        0.0000000000000000     
   325.00000000000000        0.0000000000000000        0.0000000000000000       -325.00000000000000        0.0000000000000000     
   194.33992415178056        183.21255397974531       -58.391668480876298        28.135017959087563        0.0000000000000000     
   164.97698321361466       -31.785019125232594        6.1013124972554102        161.77110846898691        0.0000000000000000     
   148.03607138214662       -25.875455230206338       0.95383890801944415       -145.75400316364261        0.0000000000000000     
   142.64702125245822       -125.55207962430634        51.336517075601435       -44.152123264431857        0.0000000000000000     

 PASSED   1.0000000000000001E-005
 MU_R    =    325.00000000000000     
 ALPHA_S =   0.11799999999999999     
 BORN                    5.6846234823529095E-011
 SINGLE POLE (MadFKS)   -6.1115783967316466E-012
 DOUBLE POLE (MadFKS)   -5.6938047662006426E-012
 SINGLE POLE (MadLoop)  -6.1115783967316143E-012
 DOUBLE POLE (MadLoop)  -5.6938047662006176E-012
 FINITE PART (MadLoop)   2.3778217789614165E-011
   325.00000000000000        0.0000000000000000        0.0000000000000000        325.00000000000000        0.0000000000000000     
   325.00000000000000        0.0000000000000000        0.0000000000000000       -325.00000000000000        0.0000000000000000     
   81.089801593572957       -49.587466803834630        33.366068709269818       -54.802778372559850        0.0000000000000000     
   154.47145023929150       -89.651461386340316       -115.42533405163601        50.010365619456024        0.0000000000000000     
   145.09767784067219       -129.32991880449961        64.155651583020401        14.531365618383123        0.0000000000000000     
   269.34107032646335        268.56884699467457        17.903613759345809       -9.7389528652792965        0.0000000000000000     

 PASSED   1.0000000000000001E-005
 MU_R    =    325.00000000000000     
 ALPHA_S =   0.11799999999999999     
 BORN                    1.4977554750309089E-011
 SINGLE POLE (MadFKS)   -3.2111484760050435E-012
 DOUBLE POLE (MadFKS)   -1.5001745126669887E-012
 SINGLE POLE (MadLoop)  -3.2111484760052353E-012
 DOUBLE POLE (MadLoop)  -1.5001745126669839E-012
 FINITE PART (MadLoop)  -6.0570958506991261E-013
   325.00000000000000        0.0000000000000000        0.0000000000000000        325.00000000000000        0.0000000000000000     
   325.00000000000000        0.0000000000000000        0.0000000000000000       -325.00000000000000        0.0000000000000000     
   247.66922222126320        176.07095305855452       -37.575367071977368       -170.07984864217133        0.0000000000000000     
   111.16336951272572       -19.364270861765302       -106.60120847103754        24.869702208297159        0.0000000000000000     
   265.75688770922000       -158.67241981454379        166.47220493231140        133.17954625265347        0.0000000000000000     
   25.410520556791059        1.9657376177545838       -22.295629389296462        12.030600181220615        0.0000000000000000     

 NUMBER OF POINTS PASSING THE CHECK          20
 NUMBER OF POINTS FAILING THE CHECK           0
 TOLERANCE    1.0000000000000001E-005
