==== LHAPDF6 USING DEFAULT-TYPE LHAGLUE INTERFACE ====
LHAPDF 6.2.1 loading /cvmfs/cms.cern.ch/slc6_amd64_gcc481/external/lhapdf/6.2.1/share/LHAPDF/NNPDF31_nnlo_hessian_pdfas/NNPDF31_nnlo_hessian_pdfas_0000.dat
NNPDF31_nnlo_hessian_pdfas PDF set, member #0, version 1; LHAPDF ID = 306000
 A PDF is used, so alpha_s(MZ) is going to be modified
 Old value of alpha_s from param_card:   0.11799999999999999     
 New value of alpha_s from PDF lhapdf :  0.11800208008122040     
 using LHAPDF
 *****************************************************
 *               MadGraph/MadEvent                   *
 *        --------------------------------           *
 *          http://madgraph.hep.uiuc.edu             *
 *          http://madgraph.phys.ucl.ac.be           *
 *          http://madgraph.roma2.infn.it            *
 *        --------------------------------           *
 *                                                   *
 *          PARAMETER AND COUPLING VALUES            *
 *                                                   *
 *****************************************************

  External Params
  ---------------------------------
  
 MU_R =    91.188000000000002     
 aEWM1 =    132.50700000000001     
 mdl_Gf =    1.1663900000000000E-005
 aS =   0.11799999999999999     
 mdl_lamWS =   0.22530000000000000     
 mdl_AWS =   0.80800000000000005     
 mdl_rhoWS =   0.13200000000000001     
 mdl_etaWS =   0.34100000000000003     
 mdl_ymt =    173.00000000000000     
 mdl_ymtau =    1.7769999999999999     
 mdl_MT =    173.00000000000000     
 mdl_MZ =    91.188000000000002     
 mdl_MH =    125.00000000000000     
 mdl_MTA =    1.7769999999999999     
 mdl_WT =    1.4915000000000000     
 mdl_WZ =    2.4414039999999999     
 mdl_WW =    2.0476000000000001     
 mdl_WH =    6.3823389999999999E-003
  Internal Params
  ---------------------------------
  
 mdl_CKM33 =    1.0000000000000000     
 mdl_conjg__CKM3x3 =    1.0000000000000000     
 mdl_I4x33 =    0.0000000000000000     
 mdl_I1x33 =    0.0000000000000000     
 mdl_lhv =    1.0000000000000000     
 mdl_CKM3x3 =    1.0000000000000000     
 mdl_conjg__CKM33 =    1.0000000000000000     
 mdl_Ncol =    3.0000000000000000     
 mdl_CA =    3.0000000000000000     
 mdl_TF =   0.50000000000000000     
 mdl_CF =    1.3333333333333333     
 mdl_lamWS__exp__2 =    5.0760090000000001E-002
 mdl_CKM11 =  ( 0.97461995499999998     ,  0.0000000000000000     )
 mdl_CKM12 =  ( 0.22530000000000000     ,  0.0000000000000000     )
 mdl_complexi =  (  0.0000000000000000     ,  1.0000000000000000     )
 mdl_lamWS__exp__3 =    1.1436248277000001E-002
 mdl_CKM13 =  (  1.2197444962317122E-003, -3.1510066152652563E-003)
 mdl_CKM21 =  (-0.22530000000000000     ,  0.0000000000000000     )
 mdl_CKM22 =  ( 0.97461995499999998     ,  0.0000000000000000     )
 mdl_CKM23 =  (  4.1014152720000002E-002,  0.0000000000000000     )
 mdl_CKM31 =  (  8.0207441115842885E-003, -3.1510066152652563E-003)
 mdl_CKM32 =  ( -4.1014152720000002E-002,  0.0000000000000000     )
 mdl_MZ__exp__2 =    8315.2513440000002     
 mdl_MZ__exp__4 =    69143404.913893804     
 mdl_sqrt__2 =    1.4142135623730951     
 mdl_MH__exp__2 =    15625.000000000000     
 mdl_CKM1x1 =  ( 0.97461995499999998     ,  0.0000000000000000     )
 mdl_CKM1x2 =  ( 0.22530000000000000     ,  0.0000000000000000     )
 mdl_CKM1x3 =  (  1.2197444962317122E-003, -3.1510066152652563E-003)
 mdl_CKM2x1 =  (-0.22530000000000000     ,  0.0000000000000000     )
 mdl_CKM2x2 =  ( 0.97461995499999998     ,  0.0000000000000000     )
 mdl_CKM2x3 =  (  4.1014152720000002E-002,  0.0000000000000000     )
 mdl_CKM3x1 =  (  8.0207441115842885E-003, -3.1510066152652563E-003)
 mdl_CKM3x2 =  ( -4.1014152720000002E-002,  0.0000000000000000     )
 mdl_conjg__CKM1x3 =  (  1.2197444962317122E-003,  3.1510066152652563E-003)
 mdl_conjg__CKM2x3 =  (  4.1014152720000002E-002, -0.0000000000000000     )
 mdl_conjg__CKM2x1 =  (-0.22530000000000000     , -0.0000000000000000     )
 mdl_conjg__CKM3x1 =  (  8.0207441115842885E-003,  3.1510066152652563E-003)
 mdl_conjg__CKM2x2 =  ( 0.97461995499999998     , -0.0000000000000000     )
 mdl_conjg__CKM3x2 =  ( -4.1014152720000002E-002, -0.0000000000000000     )
 mdl_Ncol__exp__2 =    9.0000000000000000     
 mdl_MT__exp__2 =    29929.000000000000     
 mdl_conjg__CKM11 =  ( 0.97461995499999998     , -0.0000000000000000     )
 mdl_conjg__CKM12 =  ( 0.22530000000000000     , -0.0000000000000000     )
 mdl_conjg__CKM13 =  (  1.2197444962317122E-003,  3.1510066152652563E-003)
 mdl_conjg__CKM21 =  (-0.22530000000000000     , -0.0000000000000000     )
 mdl_conjg__CKM22 =  ( 0.97461995499999998     , -0.0000000000000000     )
 mdl_conjg__CKM23 =  (  4.1014152720000002E-002, -0.0000000000000000     )
 mdl_conjg__CKM31 =  (  8.0207441115842885E-003,  3.1510066152652563E-003)
 mdl_conjg__CKM32 =  ( -4.1014152720000002E-002, -0.0000000000000000     )
 mdl_aEW =    7.5467711139788835E-003
 mdl_MW =    80.419002445756163     
 mdl_sqrt__aEW =    8.6872153846781555E-002
 mdl_ee =   0.30795376724436879     
 mdl_MW__exp__2 =    6467.2159543705357     
 mdl_sw2 =   0.22224648578577766     
 mdl_cw =   0.88190334743339216     
 mdl_sqrt__sw2 =   0.47143025548407230     
 mdl_sw =   0.47143025548407230     
 mdl_g1 =   0.34919219678733299     
 mdl_gw =   0.65323293034757990     
 mdl_v =    246.21845810181637     
 mdl_v__exp__2 =    60623.529110035903     
 mdl_lam =   0.12886910601690263     
 mdl_yt =   0.99366614581500623     
 mdl_ytau =    1.0206617000654717E-002
 mdl_muH =    88.388347648318430     
 mdl_AxialZUp =  -0.18517701861793787     
 mdl_AxialZDown =   0.18517701861793787     
 mdl_VectorZUp =    7.5430507588273299E-002
 mdl_VectorZDown =  -0.13030376310310560     
 mdl_VectorAUp =   0.20530251149624587     
 mdl_VectorADown =  -0.10265125574812294     
 mdl_VectorWmDxU =   0.23095271737156670     
 mdl_AxialWmDxU =  -0.23095271737156670     
 mdl_VectorWpUxD =   0.23095271737156670     
 mdl_AxialWpUxD =  -0.23095271737156670     
 mdl_I2x13 =  (  7.9699418879263656E-003,  3.1310485988282153E-003)
 mdl_I2x23 =  ( -4.0754375057150453E-002, -0.0000000000000000     )
 mdl_I2x33 =  ( 0.99366614581500623     ,  0.0000000000000000     )
 mdl_I3x31 =  (  7.9699418879263656E-003, -3.1310485988282153E-003)
 mdl_I3x32 =  ( -4.0754375057150453E-002,  0.0000000000000000     )
 mdl_I3x33 =  ( 0.99366614581500623     ,  0.0000000000000000     )
 mdl_Vector_tdGp =  ( -7.9699418879263656E-003, -3.1310485988282153E-003)
 mdl_Vector_tsGp =  (  4.0754375057150453E-002,  0.0000000000000000     )
 mdl_Vector_tbGp =  (-0.99366614581500623     ,  0.0000000000000000     )
 mdl_Axial_tdGp =  ( -7.9699418879263656E-003, -3.1310485988282153E-003)
 mdl_Axial_tsGp =  (  4.0754375057150453E-002,  0.0000000000000000     )
 mdl_Axial_tbGp =  (-0.99366614581500623     , -0.0000000000000000     )
 mdl_Vector_tdGm =  (  7.9699418879263656E-003, -3.1310485988282153E-003)
 mdl_Vector_tsGm =  ( -4.0754375057150453E-002,  0.0000000000000000     )
 mdl_Vector_tbGm =  ( 0.99366614581500623     ,  0.0000000000000000     )
 mdl_Axial_tdGm =  ( -7.9699418879263656E-003,  3.1310485988282153E-003)
 mdl_Axial_tsGm =  (  4.0754375057150453E-002, -0.0000000000000000     )
 mdl_Axial_tbGm =  (-0.99366614581500623     ,  0.0000000000000000     )
 mdl_gw__exp__2 =   0.42671326129048615     
 mdl_cw__exp__2 =   0.77775351421422245     
 mdl_ee__exp__2 =    9.4835522759998875E-002
 mdl_sw__exp__2 =   0.22224648578577769     
 mdl_yt__exp__2 =   0.98737240933884918     
  Internal Params evaluated point by point
  ----------------------------------------
  
 mdl_sqrt__aS =   0.34351128074635334     
 mdl_G__exp__4 =    2.1987899468922913     
 mdl_G__exp__2 =    1.4828317324943823     
 mdl_R2MixedFactor_FIN_ =   -2.5040377713124864E-002
 mdl_G_UVg_1EPS_ =   -5.1645779033320030E-002
 mdl_G_UVq_1EPS_ =    3.1300472141406080E-003
 mdl_G_UVb_1EPS_ =    3.1300472141406080E-003
 mdl_GWcft_UV_t_1EPS_ =   -3.1300472141406080E-003
 mdl_tWcft_UV_1EPS_ =   -1.8780283284843650E-002
 mdl_G__exp__3 =    1.8056676068262196     
 mdl_MU_R__exp__2 =    8315.2513440000002     
 mdl_G_UVt_FIN_ =   -4.0087659331150384E-003
 mdl_GWcft_UV_t_FIN_ =    4.0087659331150384E-003
 mdl_tWcft_UV_FIN_ =   -9.8778211443463623E-004
  Couplings of loop_sm-ckm_no_b_mass
  ---------------------------------
  
       UV_3Gt =   0.48815E-02   0.00000E+00
      UV_GQQt =   0.00000E+00  -0.48815E-02
   UVWfct_G_2 =   0.40088E-02   0.00000E+00
       R2_DDA =   0.00000E+00   0.25704E-02
       R2_UUA =  -0.00000E+00  -0.51409E-02
    R2_DDZ_V2 =   0.00000E+00   0.72127E-02
    R2_UUZ_V2 =  -0.00000E+00  -0.72127E-02
    R2_UUZ_V5 =   0.00000E+00   0.68702E-03
      R2_GGHt =   0.00000E+00  -0.45657E+01
     R2_GGZup =  -0.46369E-02   0.00000E+00
   R2_GGZdown =   0.46369E-02   0.00000E+00
 R2_GGGZvecUp =   0.00000E+00   0.28750E-03
 R2_GGGZvecDown  -0.00000E+00  -0.49665E-03
 R2_GGGZaxialUp  -0.00000E+00  -0.63522E-02
 R2_GGGZaxialDow  0.00000E+00   0.63522E-02
 R2_GGGAvecUp =   0.00000E+00   0.78251E-03
 R2_GGGAvecDown  -0.00000E+00  -0.39126E-03
         GC_4 =  -0.12177E+01   0.00000E+00
         GC_5 =   0.00000E+00   0.12177E+01
         GC_6 =   0.00000E+00   0.14828E+01
       R2_3Gq =   0.76230E-02   0.00000E+00
       R2_3Gg =   0.31445E-01   0.00000E+00
       R2_GQQ =  -0.00000E+00  -0.30492E-01
       R2_GGq =   0.00000E+00   0.62601E-02
       R2_GGt =  -0.00000E+00  -0.11242E+04
     R2_GGg_1 =   0.00000E+00   0.28170E-01
     R2_GGg_2 =  -0.00000E+00  -0.18780E-01
       R2_QQq =   0.00000E+00   0.12520E-01
  UV_3Gg_1eps =   0.62890E-01   0.00000E+00
  UV_3Gb_1eps =  -0.38115E-02   0.00000E+00
 UV_GQQg_1eps =   0.00000E+00  -0.62890E-01
 UV_GQQq_1eps =   0.00000E+00   0.38115E-02
 UVWfct_G_2_1eps -0.31300E-02   0.00000E+00
         GC_1 =  -0.00000E+00  -0.10265E+00
         GC_2 =   0.00000E+00   0.20530E+00
        GC_21 =  -0.00000E+00  -0.28804E+00
        GC_22 =   0.00000E+00   0.28804E+00
        GC_23 =  -0.00000E+00  -0.27437E-01
        GC_24 =   0.00000E+00   0.82310E-01
        GC_37 =  -0.00000E+00  -0.70263E+00
        GC_38 =  -0.00000E+00  -0.72172E-02
      GC_1003 =  -0.00000E+00  -0.30795E+00

 Collider parameters:
 --------------------

 Running at P P   machine @    13000.000000000000       GeV
 PDF set = lhapdf 
 alpha_s(Mz)= 0.1180 running at 3 loops.
 alpha_s(Mz)= 0.1180 running at 3 loops.
 Renormalization scale set on event-by-event basis
 Factorization   scale set on event-by-event basis


 ===============================================================
 INFO: MadFKS read these parameters from FKS_params.dat
 ===============================================================
  > IRPoleCheckThreshold      =    1.0000000000000001E-005
  > PrecisionVirtualAtRunTime =    1.0000000000000000E-003
  > NHelForMCoverHels         =            4
  > VirtualFraction           =    1.0000000000000000     
  > MinVirtualFraction        =    5.0000000000000001E-003
 ===============================================================
  Insert the number of points to test
 Insert the relative tolerance
  A negative number will mean use the default one:    1.0000000000000001E-005
Using random seed offsets:     0 ,     10 ,      0
  with seed                   32
 Ranmar initialization seeds       10729        9416
  ========================================================================================== 
 {                                                                                          }
 {       [32m                                                                            [0m       }
 {       [32m                               ,,                                           [0m       }
 {       [32m`7MMM.     ,MMF'             `7MM  `7MMF'                                   [0m       }
 {       [32m  MMMb    dPMM                 MM    MM                                     [0m       }
 {       [32m  M YM   ,M MM   ,6"Yb.   ,M""bMM    MM         ,pW"Wq.   ,pW"Wq.`7MMpdMAo. [0m       }
 {       [32m  M  Mb  M' MM  8)   MM ,AP    MM    MM        6W'   `Wb 6W'   `Wb MM   `Wb [0m       }
 {       [32m  M  YM.P'  MM   ,pm9MM 8MI    MM    MM      , 8M     M8 8M     M8 MM    M8 [0m       }
 {       [32m  M  `YM'   MM  8M   MM `Mb    MM    MM     ,M YA.   ,A9 YA.   ,A9 MM   ,AP [0m       }
 {       [32m.JML. `'  .JMML.`Moo9^Yo.`Wbmd"MML..JMMmmmmMMM  `Ybmd9'   `Ybmd9'  MMbmmd'  [0m       }
 {       [32m                                                                   MM       [0m       }
 {       [32m                                                                 .JMML.     [0m       }
 {       [32m[0mv2.4.2 (2016-06-10), Ref: arXiv:1103.0621v2, arXiv:1405.0301[32m                [0m       }
 {       [32m                                                                            [0m       }
 {                                                                                          }
  ========================================================================================== 
 ===============================================================
 INFO: MadLoop read these parameters from ./MadLoop5_resources/MadLoopParams.dat                                                                                                                                                                                                                                                                                                                                                                                                                                                                                          
 ===============================================================
  > MLReductionLib            = 6|1|2
  > IREGIMODE                 =            2
  > IREGIRECY                 =  T
  > CTModeRun                 =           -1
  > MLStabThres               =    1.0000000000000000E-003
  > NRotations_DP             =            1
  > NRotations_QP             =            0
  > CTStabThres               =    1.0000000000000000E-002
  > CTLoopLibrary             =            2
  > CTModeInit                =            1
  > CheckCycle                =            3
  > MaxAttempts               =           10
  > UseLoopFilter             =  F
  > HelicityFilterLevel       =            2
  > ImprovePSPoint            =            2
  > DoubleCheckHelicityFilter =  T
  > LoopInitStartOver         =  F
  > HelInitStartOver          =  F
  > ZeroThres                 =    1.0000000000000001E-009
  > OSThres                   =    1.0000000000000000E-008
  > WriteOutFilters           =  T
  > UseQPIntegrandForNinja    =  F
  > UseQPIntegrandForCutTools =  T
 ===============================================================
  
------------------------------------------------------------------------
|              You are using CutTools - Version 1.9.3                  |
|              Authors: G. Ossola, C. Papadopoulos, R. Pittau          |
|              Published in JHEP 0803:042,2008                         |
|              http://www.ugr.es/~pittau/CutTools                      |
|                                                                      |
|              Compiler with  34  significant digits detetected        |
 ---------------------------------------------------------------------- 
   
########################################################################
#                                                                      #
#                      You are using OneLOop-3.6                       #
#                                                                      #
# for the evaluation of 1-loop scalar 1-, 2-, 3- and 4-point functions #
#                                                                      #
# author: Andreas van Hameren <hamerenREMOVETHIS@ifj.edu.pl>           #
#   date: 18-02-2015                                                   #
#                                                                      #
# Please cite                                                          #
#    A. van Hameren,                                                   #
#      Comput.Phys.Commun. 182 (2011) 2427-2438, arXiv:1007.4716       #
#    A. van Hameren, C.G. Papadopoulos and R. Pittau,                  #
#      JHEP 0909:106,2009, arXiv:0903.4665                             #
# in publications with results obtained with the help of this program. #
#                                                                      #
########################################################################
 PASSED   1.0000000000000001E-005
 MU_R    =    325.00000000000000     
 ALPHA_S =   0.11799999999999999     
 BORN                    3.4348048446084144E-008
 SINGLE POLE (MadFKS)   -2.2885022755351420E-009
 DOUBLE POLE (MadFKS)   -3.6553744538942990E-009
 SINGLE POLE (MadLoop)  -2.2885022755352020E-009
 DOUBLE POLE (MadLoop)  -3.6553744538943015E-009
 FINITE PART (MadLoop)   5.1316023161205961E-009
   325.00000000000000        0.0000000000000000        0.0000000000000000        325.00000000000000        0.0000000000000000     
   325.00000000000000        0.0000000000000000        0.0000000000000000       -325.00000000000000        0.0000000000000000     
   316.25789213405631        48.854406078342443        286.97315473520416       -123.59430438387268        1.7769999999999999     
   122.21881790901479       -4.0890242091912832       -83.064805965962805        89.542166675430096        1.7769999999999999     
   211.52328995693176       -44.765381869151256       -203.90834876924134        34.052137708442579        0.0000000000000000     

 PASSED   1.0000000000000001E-005
 MU_R    =    325.00000000000000     
 ALPHA_S =   0.11799999999999999     
 BORN                    3.1051237905415039E-007
 SINGLE POLE (MadFKS)   -3.0586418344405543E-008
 DOUBLE POLE (MadFKS)   -3.3045225838496944E-008
 SINGLE POLE (MadLoop)  -3.0586418344405053E-008
 DOUBLE POLE (MadLoop)  -3.3045225838497030E-008
 FINITE PART (MadLoop)   3.5989284297675730E-008
   325.00000000000000        0.0000000000000000        0.0000000000000000        325.00000000000000        0.0000000000000000     
   325.00000000000000        0.0000000000000000        0.0000000000000000       -325.00000000000000        0.0000000000000000     
   126.79355842423666       -12.720210157339592        87.219179103237352        91.128808721451151        1.7769999999999999     
   277.29414744704366       -149.62292655236615        33.346711352209383       -231.06246595083425        1.7769999999999999     
   245.91229412872286        162.34313670970576       -120.56589045544673        139.93365722938313        0.0000000000000000     

 PASSED   1.0000000000000001E-005
 MU_R    =    325.00000000000000     
 ALPHA_S =   0.11799999999999999     
 BORN                    1.1919310180726987E-007
 SINGLE POLE (MadFKS)   -4.3162201225267488E-009
 DOUBLE POLE (MadFKS)   -1.2684721232725180E-008
 SINGLE POLE (MadLoop)  -4.3162201225267737E-009
 DOUBLE POLE (MadLoop)  -1.2684721232725205E-008
 FINITE PART (MadLoop)   1.2970279426976827E-008
   325.00000000000000        0.0000000000000000        0.0000000000000000        325.00000000000000        0.0000000000000000     
   325.00000000000000        0.0000000000000000        0.0000000000000000       -325.00000000000000        0.0000000000000000     
   238.84282634663478       -226.21350943859127       -76.523836959281795       -3.7800122690763289        1.7769999999999999     
   122.44885204729347       -60.562401886327606        103.94700235342839        22.754775722807434        1.7769999999999999     
   288.70832160607620        286.77591132491892       -27.423165394146583       -18.974763453731104        0.0000000000000000     

 PASSED   1.0000000000000001E-005
 MU_R    =    325.00000000000000     
 ALPHA_S =   0.11799999999999999     
 BORN                    1.3285412897963436E-007
 SINGLE POLE (MadFKS)   -1.1544362951687359E-008
 DOUBLE POLE (MadFKS)   -1.4138549674192574E-008
 SINGLE POLE (MadLoop)  -1.1544362951687435E-008
 DOUBLE POLE (MadLoop)  -1.4138549674192576E-008
 FINITE PART (MadLoop)   1.8732746087894953E-008
   325.00000000000000        0.0000000000000000        0.0000000000000000        325.00000000000000        0.0000000000000000     
   325.00000000000000        0.0000000000000000        0.0000000000000000       -325.00000000000000        0.0000000000000000     
   238.71220421422171       -112.64166915789652        31.716649251589445        208.05352013697572        1.7769999999999999     
   263.82451495079556       -3.9888979470546890       -117.45260762309186       -236.19735522593510        1.7769999999999999     
   147.46328083498295        116.63056710495118        85.735958371502406        28.143835088959378        0.0000000000000000     

 PASSED   1.0000000000000001E-005
 MU_R    =    325.00000000000000     
 ALPHA_S =   0.11799999999999999     
 BORN                    1.5910330984844490E-007
 SINGLE POLE (MadFKS)   -2.5283915018149152E-009
 DOUBLE POLE (MadFKS)   -1.6932029639556947E-008
 SINGLE POLE (MadLoop)  -2.5283915018145988E-009
 DOUBLE POLE (MadLoop)  -1.6932029639556894E-008
 FINITE PART (MadLoop)   7.4815516825510466E-009
   325.00000000000000        0.0000000000000000        0.0000000000000000        325.00000000000000        0.0000000000000000     
   325.00000000000000        0.0000000000000000        0.0000000000000000       -325.00000000000000        0.0000000000000000     
   148.59609326152375        106.24630579494699        102.52505790227210       -16.672618590066353        1.7769999999999999     
   208.72864023857215        148.87864232504583       -33.507259467444683        142.39698363826278        1.7769999999999999     
   292.67526649990720       -255.12494811999281       -69.017798434827426       -125.72436504819642        0.0000000000000000     

 PASSED   1.0000000000000001E-005
 MU_R    =    325.00000000000000     
 ALPHA_S =   0.11799999999999999     
 BORN                    4.7221103641254789E-007
 SINGLE POLE (MadFKS)   -1.0693055919723167E-008
 DOUBLE POLE (MadFKS)   -5.0253456526324522E-008
 SINGLE POLE (MadLoop)  -1.0693055919722841E-008
 DOUBLE POLE (MadLoop)  -5.0253456526324469E-008
 FINITE PART (MadLoop)   3.3355970944917261E-008
   325.00000000000000        0.0000000000000000        0.0000000000000000        325.00000000000000        0.0000000000000000     
   325.00000000000000        0.0000000000000000        0.0000000000000000       -325.00000000000000        0.0000000000000000     
   33.203601580730997        26.011245041494366        18.797357370183413       -8.3304211310634262        1.7769999999999999     
   320.22231113322766       -303.31350691004388        43.737921043481364        92.882084425526457        1.7769999999999999     
   296.57408728604133        277.30226186854958       -62.535278413664798       -84.551663294463040        0.0000000000000000     

 PASSED   1.0000000000000001E-005
 MU_R    =    325.00000000000000     
 ALPHA_S =   0.11799999999999999     
 BORN                    1.9868267124793886E-007
 SINGLE POLE (MadFKS)   -1.1051475613225915E-008
 DOUBLE POLE (MadFKS)   -2.1144128815679260E-008
 SINGLE POLE (MadLoop)  -1.1051475613225758E-008
 DOUBLE POLE (MadLoop)  -2.1144128815679250E-008
 FINITE PART (MadLoop)   1.6791730082715066E-008
   325.00000000000000        0.0000000000000000        0.0000000000000000        325.00000000000000        0.0000000000000000     
   325.00000000000000        0.0000000000000000        0.0000000000000000       -325.00000000000000        0.0000000000000000     
   82.760009062357526        48.680650377622079       -35.463991743671123        56.732362364157289        1.7769999999999999     
   317.73872466967862       -283.91355823141384        112.80233201834807       -87.312454834999059        1.7769999999999999     
   249.50126626796393        235.23290785379180       -77.338340274676966        30.580092470841805        0.0000000000000000     

 PASSED   1.0000000000000001E-005
 MU_R    =    325.00000000000000     
 ALPHA_S =   0.11799999999999999     
 BORN                    1.8927208160290117E-007
 SINGLE POLE (MadFKS)   -2.5097236423484457E-008
 DOUBLE POLE (MadFKS)   -2.0142638759015660E-008
 SINGLE POLE (MadLoop)  -2.5097236423484689E-008
 DOUBLE POLE (MadLoop)  -2.0142638759015657E-008
 FINITE PART (MadLoop)   2.1559380220586732E-008
   325.00000000000000        0.0000000000000000        0.0000000000000000        325.00000000000000        0.0000000000000000     
   325.00000000000000        0.0000000000000000        0.0000000000000000       -325.00000000000000        0.0000000000000000     
   258.50556432330853       -100.65532067789643        182.46097469735511        152.96557844441080        1.7769999999999999     
   301.80245204300644        176.11545596565401       -152.99289268791591       -191.46300762070166        1.7769999999999999     
   89.691983633685098       -75.460135287757552       -29.468082009439147        38.497429176290879        0.0000000000000000     

 PASSED   1.0000000000000001E-005
 MU_R    =    325.00000000000000     
 ALPHA_S =   0.11799999999999999     
 BORN                    6.8707515427217329E-008
 SINGLE POLE (MadFKS)   -6.0057412865637128E-009
 DOUBLE POLE (MadFKS)   -7.3119640866184715E-009
 SINGLE POLE (MadLoop)  -6.0057412865635838E-009
 DOUBLE POLE (MadLoop)  -7.3119640866185451E-009
 FINITE PART (MadLoop)   1.1007359301442819E-008
   325.00000000000000        0.0000000000000000        0.0000000000000000        325.00000000000000        0.0000000000000000     
   325.00000000000000        0.0000000000000000        0.0000000000000000       -325.00000000000000        0.0000000000000000     
   315.17479762372602       -213.17414767755017        207.13613166617378       -104.80172254538645        1.7769999999999999     
   99.525603334999616        92.591283505788113       -36.321855281805163       -3.1249060520373586        1.7769999999999999     
   235.29959904128049        120.58286417176208       -170.81427638436861        107.92662859742383        0.0000000000000000     

 PASSED   1.0000000000000001E-005
 MU_R    =    325.00000000000000     
 ALPHA_S =   0.11799999999999999     
 BORN                    4.9926064878233969E-008
 SINGLE POLE (MadFKS)   -1.4734928596676647E-010
 DOUBLE POLE (MadFKS)   -5.3132119696940627E-009
 SINGLE POLE (MadLoop)  -1.4734928596666077E-010
 DOUBLE POLE (MadLoop)  -5.3132119696940834E-009
 FINITE PART (MadLoop)   8.8079986140413178E-009
   325.00000000000000        0.0000000000000000        0.0000000000000000        325.00000000000000        0.0000000000000000     
   325.00000000000000        0.0000000000000000        0.0000000000000000       -325.00000000000000        0.0000000000000000     
   129.91049744020611       -105.89098025647641        59.373381508303339       -46.211270105394753        1.7769999999999999     
   308.60564950424953        186.46857980742709       -47.035182595647555        241.35337064092343        1.7769999999999999     
   211.48385305554663       -80.577599550950694       -12.338198912655759       -195.14210053552864        0.0000000000000000     

 PASSED   1.0000000000000001E-005
 MU_R    =    325.00000000000000     
 ALPHA_S =   0.11799999999999999     
 BORN                    4.8177650637842086E-007
 SINGLE POLE (MadFKS)   -6.7440395249966666E-008
 DOUBLE POLE (MadFKS)   -5.1271429195357817E-008
 SINGLE POLE (MadLoop)  -6.7440395249966004E-008
 DOUBLE POLE (MadLoop)  -5.1271429195357850E-008
 FINITE PART (MadLoop)   5.2611949468616182E-008
   325.00000000000000        0.0000000000000000        0.0000000000000000        325.00000000000000        0.0000000000000000     
   325.00000000000000        0.0000000000000000        0.0000000000000000       -325.00000000000000        0.0000000000000000     
   140.68026925403510       -24.491694643607481        118.94447534072536        70.994007548466158        1.7769999999999999     
   276.64985467020040        112.96291630818152       -3.3550471556333545       -252.50763861273032        1.7769999999999999     
   232.66987607576658       -88.471221664574060       -115.58942818509200        181.51363106426416        0.0000000000000000     

 PASSED   1.0000000000000001E-005
 MU_R    =    325.00000000000000     
 ALPHA_S =   0.11799999999999999     
 BORN                    6.0188451996434184E-008
 SINGLE POLE (MadFKS)   -2.6719798116790582E-009
 DOUBLE POLE (MadFKS)   -6.4053516808257339E-009
 SINGLE POLE (MadLoop)  -2.6719798116790020E-009
 DOUBLE POLE (MadLoop)  -6.4053516808258133E-009
 FINITE PART (MadLoop)   9.3009850302899911E-009
   325.00000000000000        0.0000000000000000        0.0000000000000000        325.00000000000000        0.0000000000000000     
   325.00000000000000        0.0000000000000000        0.0000000000000000       -325.00000000000000        0.0000000000000000     
   296.55206882539568       -278.77805030704116        100.32679385026348       -12.542124953687535        1.7769999999999999     
   109.51020939616991        35.441811308985187       -99.273859852455644        29.629495340391237        1.7769999999999999     
   243.93772177843914        243.33623899805596       -1.0529339978078323       -17.087370386703700        0.0000000000000000     

 PASSED   1.0000000000000001E-005
 MU_R    =    325.00000000000000     
 ALPHA_S =   0.11799999999999999     
 BORN                    1.2226114627374190E-007
 SINGLE POLE (MadFKS)   -9.0062518683203116E-009
 DOUBLE POLE (MadFKS)   -1.3011227449919949E-008
 SINGLE POLE (MadLoop)  -9.0062518683203993E-009
 DOUBLE POLE (MadLoop)  -1.3011227449919954E-008
 FINITE PART (MadLoop)   1.7093559952586543E-008
   325.00000000000000        0.0000000000000000        0.0000000000000000        325.00000000000000        0.0000000000000000     
   325.00000000000000        0.0000000000000000        0.0000000000000000       -325.00000000000000        0.0000000000000000     
   250.07161912509380        102.32360602134186        118.05578884841610        195.25718253885927        1.7769999999999999     
   221.91989753191001        29.522294167252571       -1.0320987482926747       -219.93783692409409        1.7769999999999999     
   178.00848334299667       -131.84590018859444       -117.02369010012336        24.680654385234856        0.0000000000000000     

 PASSED   1.0000000000000001E-005
 MU_R    =    325.00000000000000     
 ALPHA_S =   0.11799999999999999     
 BORN                    2.6027128390962401E-007
 SINGLE POLE (MadFKS)   -6.5380279405846652E-008
 DOUBLE POLE (MadFKS)   -2.7698487842152010E-008
 SINGLE POLE (MadLoop)  -6.5380279405844614E-008
 DOUBLE POLE (MadLoop)  -2.7698487842151610E-008
 FINITE PART (MadLoop)   8.9068188759165890E-010
   325.00000000000000        0.0000000000000000        0.0000000000000000        325.00000000000000        0.0000000000000000     
   325.00000000000000        0.0000000000000000        0.0000000000000000       -325.00000000000000        0.0000000000000000     
   294.29732651628035        141.03423479184042        42.202208169207736       -254.82558134526647        1.7769999999999999     
   162.50063358635160       -146.98953507924287        9.1198869664815447        68.660049707761843        1.7769999999999999     
   193.20203989736908        5.9553002874024283       -51.322095135689295        186.16553163750461        0.0000000000000000     

 PASSED   1.0000000000000001E-005
 MU_R    =    325.00000000000000     
 ALPHA_S =   0.11799999999999999     
 BORN                    7.5710169269255838E-008
 SINGLE POLE (MadFKS)   -9.7075651381468851E-009
 DOUBLE POLE (MadFKS)   -8.0571977497138352E-009
 SINGLE POLE (MadLoop)  -9.7075651381467412E-009
 DOUBLE POLE (MadLoop)  -8.0571977497137740E-009
 FINITE PART (MadLoop)   1.3188639322576319E-008
   325.00000000000000        0.0000000000000000        0.0000000000000000        325.00000000000000        0.0000000000000000     
   325.00000000000000        0.0000000000000000        0.0000000000000000       -325.00000000000000        0.0000000000000000     
   271.88033648113412       -75.504534013410890       -188.52366969957089       -180.75854320756051        1.7769999999999999     
   139.64248414770913        134.23913550822977        38.059456950419111        5.3101680374075588        1.7769999999999999     
   238.47717937115897       -58.734601494818911        150.46421274915181        175.44837517015287        0.0000000000000000     

 PASSED   1.0000000000000001E-005
 MU_R    =    325.00000000000000     
 ALPHA_S =   0.11799999999999999     
 BORN                    2.9028424522147005E-008
 SINGLE POLE (MadFKS)   -1.1034842998506655E-009
 DOUBLE POLE (MadFKS)   -3.0892515364188631E-009
 SINGLE POLE (MadLoop)  -1.1034842998507528E-009
 DOUBLE POLE (MadLoop)  -3.0892515364188668E-009
Thanks for using LHAPDF 6.2.1. Please make sure to cite the paper:
  Eur.Phys.J. C75 (2015) 3, 132  (http://arxiv.org/abs/1412.7420)
 FINITE PART (MadLoop)   3.6988735837519625E-009
   325.00000000000000        0.0000000000000000        0.0000000000000000        325.00000000000000        0.0000000000000000     
   325.00000000000000        0.0000000000000000        0.0000000000000000       -325.00000000000000        0.0000000000000000     
   214.28136603266529        69.101100840020138        202.68040037095423       -7.6837014512640707        1.7769999999999999     
   307.91776479066908       -117.70816274368316       -262.57843583798928        109.57894688791066        1.7769999999999999     
   127.80086917666584        48.607061903663165        59.898035467035349       -101.89524543664677        0.0000000000000000     

 PASSED   1.0000000000000001E-005
 MU_R    =    325.00000000000000     
 ALPHA_S =   0.11799999999999999     
 BORN                    1.2868304853642880E-007
 SINGLE POLE (MadFKS)   -4.0975541977695346E-009
 DOUBLE POLE (MadFKS)   -1.3694656597671367E-008
 SINGLE POLE (MadLoop)  -4.0975541977695446E-009
 DOUBLE POLE (MadLoop)  -1.3694656597671388E-008
 FINITE PART (MadLoop)   1.8733629238257979E-008
   325.00000000000000        0.0000000000000000        0.0000000000000000        325.00000000000000        0.0000000000000000     
   325.00000000000000        0.0000000000000000        0.0000000000000000       -325.00000000000000        0.0000000000000000     
   322.62571287562929        219.62150824193787       -227.97305095129531        62.280607230521341        1.7769999999999999     
   55.523788136552277       -20.389806643633264        50.774536586384748       -9.2701423670767191        1.7769999999999999     
   271.85049898781836       -199.23170159830460        177.19851436491055       -53.010464863444660        0.0000000000000000     

 PASSED   1.0000000000000001E-005
 MU_R    =    325.00000000000000     
 ALPHA_S =   0.11799999999999999     
 BORN                    1.2847369445811051E-007
 SINGLE POLE (MadFKS)   -2.1865305062422391E-009
 DOUBLE POLE (MadFKS)   -1.3672376800584657E-008
 SINGLE POLE (MadLoop)  -2.1865305062421552E-009
 DOUBLE POLE (MadLoop)  -1.3672376800584563E-008
 FINITE PART (MadLoop)   1.0744098135310249E-008
   325.00000000000000        0.0000000000000000        0.0000000000000000        325.00000000000000        0.0000000000000000     
   325.00000000000000        0.0000000000000000        0.0000000000000000       -325.00000000000000        0.0000000000000000     
   104.57513126326633        21.374875045432049        50.023116187090523        89.295032971909265        1.7769999999999999     
   281.20059334992180       -12.399156737646688       -277.25479552039241        45.239973966492151        1.7769999999999999     
   264.22427538681774       -8.9757183077851437        227.23167933330183       -134.53500693840130        0.0000000000000000     

 PASSED   1.0000000000000001E-005
 MU_R    =    325.00000000000000     
 ALPHA_S =   0.11799999999999999     
 BORN                    5.3710246127897040E-008
 SINGLE POLE (MadFKS)   -4.5912701847939715E-009
 DOUBLE POLE (MadFKS)   -5.7159306129566377E-009
 SINGLE POLE (MadLoop)  -4.5912701847939509E-009
 DOUBLE POLE (MadLoop)  -5.7159306129566667E-009
 FINITE PART (MadLoop)   4.8701976404813499E-009
   325.00000000000000        0.0000000000000000        0.0000000000000000        325.00000000000000        0.0000000000000000     
   325.00000000000000        0.0000000000000000        0.0000000000000000       -325.00000000000000        0.0000000000000000     
   189.22450108246014       -121.98814943078843        78.434675561813734       -121.53043712943099        1.7769999999999999     
   308.17659181645530        256.58018460324689       -143.91066232592269        91.793159617065669        1.7769999999999999     
   152.59890710108508       -134.59203517245857        65.475986764108939        29.737277512365328        0.0000000000000000     

 PASSED   1.0000000000000001E-005
 MU_R    =    325.00000000000000     
 ALPHA_S =   0.11799999999999999     
 BORN                    2.9542852775789866E-007
 SINGLE POLE (MadFKS)   -5.9902999593404607E-010
 DOUBLE POLE (MadFKS)   -3.1439978169733248E-008
 SINGLE POLE (MadLoop)  -5.9902999594038300E-010
 DOUBLE POLE (MadLoop)  -3.1439978169733136E-008
 FINITE PART (MadLoop)   2.2487921982558289E-008
   325.00000000000000        0.0000000000000000        0.0000000000000000        325.00000000000000        0.0000000000000000     
   325.00000000000000        0.0000000000000000        0.0000000000000000       -325.00000000000000        0.0000000000000000     
   141.84147901682243        111.58095877880116        22.498748027568837        84.612903365120005        1.7769999999999999     
   203.89925450506314        78.719211173011033       -146.69368236139024        117.71150158873564        1.7769999999999999     
   304.25926647811815       -190.30016995181171        124.19493433382205       -202.32440495385595        0.0000000000000000     

 NUMBER OF POINTS PASSING THE CHECK          20
 NUMBER OF POINTS FAILING THE CHECK           0
 TOLERANCE    1.0000000000000001E-005
