==== LHAPDF6 USING DEFAULT-TYPE LHAGLUE INTERFACE ====
LHAPDF 6.2.1 loading /cvmfs/cms.cern.ch/slc6_amd64_gcc481/external/lhapdf/6.2.1/share/LHAPDF/NNPDF31_nnlo_hessian_pdfas/NNPDF31_nnlo_hessian_pdfas_0000.dat
NNPDF31_nnlo_hessian_pdfas PDF set, member #0, version 1; LHAPDF ID = 306000
 A PDF is used, so alpha_s(MZ) is going to be modified
 Old value of alpha_s from param_card:   0.11799999999999999     
 New value of alpha_s from PDF lhapdf :  0.11800208008122040     
 using LHAPDF
 *****************************************************
 *               MadGraph/MadEvent                   *
 *        --------------------------------           *
 *          http://madgraph.hep.uiuc.edu             *
 *          http://madgraph.phys.ucl.ac.be           *
 *          http://madgraph.roma2.infn.it            *
 *        --------------------------------           *
 *                                                   *
 *          PARAMETER AND COUPLING VALUES            *
 *                                                   *
 *****************************************************

  External Params
  ---------------------------------
  
 MU_R =    91.188000000000002     
 aEWM1 =    132.50700000000001     
 mdl_Gf =    1.1663900000000000E-005
 aS =   0.11799999999999999     
 mdl_lamWS =   0.22530000000000000     
 mdl_AWS =   0.80800000000000005     
 mdl_rhoWS =   0.13200000000000001     
 mdl_etaWS =   0.34100000000000003     
 mdl_ymt =    173.00000000000000     
 mdl_ymtau =    1.7769999999999999     
 mdl_MT =    173.00000000000000     
 mdl_MZ =    91.188000000000002     
 mdl_MH =    125.00000000000000     
 mdl_MTA =    1.7769999999999999     
 mdl_WT =    1.4915000000000000     
 mdl_WZ =    2.4414039999999999     
 mdl_WW =    2.0476000000000001     
 mdl_WH =    6.3823389999999999E-003
  Internal Params
  ---------------------------------
  
 mdl_CKM33 =    1.0000000000000000     
 mdl_conjg__CKM3x3 =    1.0000000000000000     
 mdl_I4x33 =    0.0000000000000000     
 mdl_I1x33 =    0.0000000000000000     
 mdl_lhv =    1.0000000000000000     
 mdl_CKM3x3 =    1.0000000000000000     
 mdl_conjg__CKM33 =    1.0000000000000000     
 mdl_Ncol =    3.0000000000000000     
 mdl_CA =    3.0000000000000000     
 mdl_TF =   0.50000000000000000     
 mdl_CF =    1.3333333333333333     
 mdl_lamWS__exp__2 =    5.0760090000000001E-002
 mdl_CKM11 =  ( 0.97461995499999998     ,  0.0000000000000000     )
 mdl_CKM12 =  ( 0.22530000000000000     ,  0.0000000000000000     )
 mdl_complexi =  (  0.0000000000000000     ,  1.0000000000000000     )
 mdl_lamWS__exp__3 =    1.1436248277000001E-002
 mdl_CKM13 =  (  1.2197444962317122E-003, -3.1510066152652563E-003)
 mdl_CKM21 =  (-0.22530000000000000     ,  0.0000000000000000     )
 mdl_CKM22 =  ( 0.97461995499999998     ,  0.0000000000000000     )
 mdl_CKM23 =  (  4.1014152720000002E-002,  0.0000000000000000     )
 mdl_CKM31 =  (  8.0207441115842885E-003, -3.1510066152652563E-003)
 mdl_CKM32 =  ( -4.1014152720000002E-002,  0.0000000000000000     )
 mdl_MZ__exp__2 =    8315.2513440000002     
 mdl_MZ__exp__4 =    69143404.913893804     
 mdl_sqrt__2 =    1.4142135623730951     
 mdl_MH__exp__2 =    15625.000000000000     
 mdl_CKM1x1 =  ( 0.97461995499999998     ,  0.0000000000000000     )
 mdl_CKM1x2 =  ( 0.22530000000000000     ,  0.0000000000000000     )
 mdl_CKM1x3 =  (  1.2197444962317122E-003, -3.1510066152652563E-003)
 mdl_CKM2x1 =  (-0.22530000000000000     ,  0.0000000000000000     )
 mdl_CKM2x2 =  ( 0.97461995499999998     ,  0.0000000000000000     )
 mdl_CKM2x3 =  (  4.1014152720000002E-002,  0.0000000000000000     )
 mdl_CKM3x1 =  (  8.0207441115842885E-003, -3.1510066152652563E-003)
 mdl_CKM3x2 =  ( -4.1014152720000002E-002,  0.0000000000000000     )
 mdl_conjg__CKM1x3 =  (  1.2197444962317122E-003,  3.1510066152652563E-003)
 mdl_conjg__CKM2x3 =  (  4.1014152720000002E-002, -0.0000000000000000     )
 mdl_conjg__CKM2x1 =  (-0.22530000000000000     , -0.0000000000000000     )
 mdl_conjg__CKM3x1 =  (  8.0207441115842885E-003,  3.1510066152652563E-003)
 mdl_conjg__CKM2x2 =  ( 0.97461995499999998     , -0.0000000000000000     )
 mdl_conjg__CKM3x2 =  ( -4.1014152720000002E-002, -0.0000000000000000     )
 mdl_Ncol__exp__2 =    9.0000000000000000     
 mdl_MT__exp__2 =    29929.000000000000     
 mdl_conjg__CKM11 =  ( 0.97461995499999998     , -0.0000000000000000     )
 mdl_conjg__CKM12 =  ( 0.22530000000000000     , -0.0000000000000000     )
 mdl_conjg__CKM13 =  (  1.2197444962317122E-003,  3.1510066152652563E-003)
 mdl_conjg__CKM21 =  (-0.22530000000000000     , -0.0000000000000000     )
 mdl_conjg__CKM22 =  ( 0.97461995499999998     , -0.0000000000000000     )
 mdl_conjg__CKM23 =  (  4.1014152720000002E-002, -0.0000000000000000     )
 mdl_conjg__CKM31 =  (  8.0207441115842885E-003,  3.1510066152652563E-003)
 mdl_conjg__CKM32 =  ( -4.1014152720000002E-002, -0.0000000000000000     )
 mdl_aEW =    7.5467711139788835E-003
 mdl_MW =    80.419002445756163     
 mdl_sqrt__aEW =    8.6872153846781555E-002
 mdl_ee =   0.30795376724436879     
 mdl_MW__exp__2 =    6467.2159543705357     
 mdl_sw2 =   0.22224648578577766     
 mdl_cw =   0.88190334743339216     
 mdl_sqrt__sw2 =   0.47143025548407230     
 mdl_sw =   0.47143025548407230     
 mdl_g1 =   0.34919219678733299     
 mdl_gw =   0.65323293034757990     
 mdl_v =    246.21845810181637     
 mdl_v__exp__2 =    60623.529110035903     
 mdl_lam =   0.12886910601690263     
 mdl_yt =   0.99366614581500623     
 mdl_ytau =    1.0206617000654717E-002
 mdl_muH =    88.388347648318430     
 mdl_AxialZUp =  -0.18517701861793787     
 mdl_AxialZDown =   0.18517701861793787     
 mdl_VectorZUp =    7.5430507588273299E-002
 mdl_VectorZDown =  -0.13030376310310560     
 mdl_VectorAUp =   0.20530251149624587     
 mdl_VectorADown =  -0.10265125574812294     
 mdl_VectorWmDxU =   0.23095271737156670     
 mdl_AxialWmDxU =  -0.23095271737156670     
 mdl_VectorWpUxD =   0.23095271737156670     
 mdl_AxialWpUxD =  -0.23095271737156670     
 mdl_I2x13 =  (  7.9699418879263656E-003,  3.1310485988282153E-003)
 mdl_I2x23 =  ( -4.0754375057150453E-002, -0.0000000000000000     )
 mdl_I2x33 =  ( 0.99366614581500623     ,  0.0000000000000000     )
 mdl_I3x31 =  (  7.9699418879263656E-003, -3.1310485988282153E-003)
 mdl_I3x32 =  ( -4.0754375057150453E-002,  0.0000000000000000     )
 mdl_I3x33 =  ( 0.99366614581500623     ,  0.0000000000000000     )
 mdl_Vector_tdGp =  ( -7.9699418879263656E-003, -3.1310485988282153E-003)
 mdl_Vector_tsGp =  (  4.0754375057150453E-002,  0.0000000000000000     )
 mdl_Vector_tbGp =  (-0.99366614581500623     ,  0.0000000000000000     )
 mdl_Axial_tdGp =  ( -7.9699418879263656E-003, -3.1310485988282153E-003)
 mdl_Axial_tsGp =  (  4.0754375057150453E-002,  0.0000000000000000     )
 mdl_Axial_tbGp =  (-0.99366614581500623     , -0.0000000000000000     )
 mdl_Vector_tdGm =  (  7.9699418879263656E-003, -3.1310485988282153E-003)
 mdl_Vector_tsGm =  ( -4.0754375057150453E-002,  0.0000000000000000     )
 mdl_Vector_tbGm =  ( 0.99366614581500623     ,  0.0000000000000000     )
 mdl_Axial_tdGm =  ( -7.9699418879263656E-003,  3.1310485988282153E-003)
 mdl_Axial_tsGm =  (  4.0754375057150453E-002, -0.0000000000000000     )
 mdl_Axial_tbGm =  (-0.99366614581500623     ,  0.0000000000000000     )
 mdl_gw__exp__2 =   0.42671326129048615     
 mdl_cw__exp__2 =   0.77775351421422245     
 mdl_ee__exp__2 =    9.4835522759998875E-002
 mdl_sw__exp__2 =   0.22224648578577769     
 mdl_yt__exp__2 =   0.98737240933884918     
  Internal Params evaluated point by point
  ----------------------------------------
  
 mdl_sqrt__aS =   0.34351128074635334     
 mdl_G__exp__4 =    2.1987899468922913     
 mdl_G__exp__2 =    1.4828317324943823     
 mdl_R2MixedFactor_FIN_ =   -2.5040377713124864E-002
 mdl_G_UVg_1EPS_ =   -5.1645779033320030E-002
 mdl_G_UVq_1EPS_ =    3.1300472141406080E-003
 mdl_G_UVb_1EPS_ =    3.1300472141406080E-003
 mdl_GWcft_UV_t_1EPS_ =   -3.1300472141406080E-003
 mdl_tWcft_UV_1EPS_ =   -1.8780283284843650E-002
 mdl_G__exp__3 =    1.8056676068262196     
 mdl_MU_R__exp__2 =    8315.2513440000002     
 mdl_G_UVt_FIN_ =   -4.0087659331150384E-003
 mdl_GWcft_UV_t_FIN_ =    4.0087659331150384E-003
 mdl_tWcft_UV_FIN_ =   -9.8778211443463623E-004
  Couplings of loop_sm-ckm_no_b_mass
  ---------------------------------
  
       UV_3Gt =   0.48815E-02   0.00000E+00
      UV_GQQt =   0.00000E+00  -0.48815E-02
   UVWfct_G_2 =   0.40088E-02   0.00000E+00
       R2_DDA =   0.00000E+00   0.25704E-02
       R2_UUA =  -0.00000E+00  -0.51409E-02
    R2_DDZ_V2 =   0.00000E+00   0.72127E-02
    R2_UUZ_V2 =  -0.00000E+00  -0.72127E-02
    R2_UUZ_V5 =   0.00000E+00   0.68702E-03
      R2_GGHt =   0.00000E+00  -0.45657E+01
     R2_GGZup =  -0.46369E-02   0.00000E+00
   R2_GGZdown =   0.46369E-02   0.00000E+00
 R2_GGGZvecUp =   0.00000E+00   0.28750E-03
 R2_GGGZvecDown  -0.00000E+00  -0.49665E-03
 R2_GGGZaxialUp  -0.00000E+00  -0.63522E-02
 R2_GGGZaxialDow  0.00000E+00   0.63522E-02
 R2_GGGAvecUp =   0.00000E+00   0.78251E-03
 R2_GGGAvecDown  -0.00000E+00  -0.39126E-03
         GC_4 =  -0.12177E+01   0.00000E+00
         GC_5 =   0.00000E+00   0.12177E+01
         GC_6 =   0.00000E+00   0.14828E+01
       R2_3Gq =   0.76230E-02   0.00000E+00
       R2_3Gg =   0.31445E-01   0.00000E+00
       R2_GQQ =  -0.00000E+00  -0.30492E-01
       R2_GGq =   0.00000E+00   0.62601E-02
       R2_GGt =  -0.00000E+00  -0.11242E+04
     R2_GGg_1 =   0.00000E+00   0.28170E-01
     R2_GGg_2 =  -0.00000E+00  -0.18780E-01
       R2_QQq =   0.00000E+00   0.12520E-01
  UV_3Gg_1eps =   0.62890E-01   0.00000E+00
  UV_3Gb_1eps =  -0.38115E-02   0.00000E+00
 UV_GQQg_1eps =   0.00000E+00  -0.62890E-01
 UV_GQQq_1eps =   0.00000E+00   0.38115E-02
 UVWfct_G_2_1eps -0.31300E-02   0.00000E+00
         GC_1 =  -0.00000E+00  -0.10265E+00
         GC_2 =   0.00000E+00   0.20530E+00
        GC_21 =  -0.00000E+00  -0.28804E+00
        GC_22 =   0.00000E+00   0.28804E+00
        GC_23 =  -0.00000E+00  -0.27437E-01
        GC_24 =   0.00000E+00   0.82310E-01
        GC_37 =  -0.00000E+00  -0.70263E+00
        GC_38 =  -0.00000E+00  -0.72172E-02
      GC_1003 =  -0.00000E+00  -0.30795E+00

 Collider parameters:
 --------------------

 Running at P P   machine @    13000.000000000000       GeV
 PDF set = lhapdf 
 alpha_s(Mz)= 0.1180 running at 3 loops.
 alpha_s(Mz)= 0.1180 running at 3 loops.
 Renormalization scale set on event-by-event basis
 Factorization   scale set on event-by-event basis


 ===============================================================
 INFO: MadFKS read these parameters from FKS_params.dat
 ===============================================================
  > IRPoleCheckThreshold      =    1.0000000000000001E-005
  > PrecisionVirtualAtRunTime =    1.0000000000000000E-003
  > NHelForMCoverHels         =            4
  > VirtualFraction           =    1.0000000000000000     
  > MinVirtualFraction        =    5.0000000000000001E-003
 ===============================================================
  Insert the number of points to test
 Insert the relative tolerance
  A negative number will mean use the default one:    1.0000000000000001E-005
Using random seed offsets:     0 ,     53 ,      0
  with seed                   32
 Ranmar initialization seeds       10729        9459
  ========================================================================================== 
 {                                                                                          }
 {       [32m                                                                            [0m       }
 {       [32m                               ,,                                           [0m       }
 {       [32m`7MMM.     ,MMF'             `7MM  `7MMF'                                   [0m       }
 {       [32m  MMMb    dPMM                 MM    MM                                     [0m       }
 {       [32m  M YM   ,M MM   ,6"Yb.   ,M""bMM    MM         ,pW"Wq.   ,pW"Wq.`7MMpdMAo. [0m       }
 {       [32m  M  Mb  M' MM  8)   MM ,AP    MM    MM        6W'   `Wb 6W'   `Wb MM   `Wb [0m       }
 {       [32m  M  YM.P'  MM   ,pm9MM 8MI    MM    MM      , 8M     M8 8M     M8 MM    M8 [0m       }
 {       [32m  M  `YM'   MM  8M   MM `Mb    MM    MM     ,M YA.   ,A9 YA.   ,A9 MM   ,AP [0m       }
 {       [32m.JML. `'  .JMML.`Moo9^Yo.`Wbmd"MML..JMMmmmmMMM  `Ybmd9'   `Ybmd9'  MMbmmd'  [0m       }
 {       [32m                                                                   MM       [0m       }
 {       [32m                                                                 .JMML.     [0m       }
 {       [32m[0mv2.4.2 (2016-06-10), Ref: arXiv:1103.0621v2, arXiv:1405.0301[32m                [0m       }
 {       [32m                                                                            [0m       }
 {                                                                                          }
  ========================================================================================== 
 ===============================================================
 INFO: MadLoop read these parameters from ./MadLoop5_resources/MadLoopParams.dat                                                                                                                                                                                                                                                                                                                                                                                                                                                                                          
 ===============================================================
  > MLReductionLib            = 6|1|2
  > IREGIMODE                 =            2
  > IREGIRECY                 =  T
  > CTModeRun                 =           -1
  > MLStabThres               =    1.0000000000000000E-003
  > NRotations_DP             =            1
  > NRotations_QP             =            0
  > CTStabThres               =    1.0000000000000000E-002
  > CTLoopLibrary             =            2
  > CTModeInit                =            1
  > CheckCycle                =            3
  > MaxAttempts               =           10
  > UseLoopFilter             =  F
  > HelicityFilterLevel       =            2
  > ImprovePSPoint            =            2
  > DoubleCheckHelicityFilter =  T
  > LoopInitStartOver         =  F
  > HelInitStartOver          =  F
  > ZeroThres                 =    1.0000000000000001E-009
  > OSThres                   =    1.0000000000000000E-008
  > WriteOutFilters           =  T
  > UseQPIntegrandForNinja    =  F
  > UseQPIntegrandForCutTools =  T
 ===============================================================
  
------------------------------------------------------------------------
|              You are using CutTools - Version 1.9.3                  |
|              Authors: G. Ossola, C. Papadopoulos, R. Pittau          |
|              Published in JHEP 0803:042,2008                         |
|              http://www.ugr.es/~pittau/CutTools                      |
|                                                                      |
|              Compiler with  34  significant digits detetected        |
 ---------------------------------------------------------------------- 
   
########################################################################
#                                                                      #
#                      You are using OneLOop-3.6                       #
#                                                                      #
# for the evaluation of 1-loop scalar 1-, 2-, 3- and 4-point functions #
#                                                                      #
# author: Andreas van Hameren <hamerenREMOVETHIS@ifj.edu.pl>           #
#   date: 18-02-2015                                                   #
#                                                                      #
# Please cite                                                          #
#    A. van Hameren,                                                   #
#      Comput.Phys.Commun. 182 (2011) 2427-2438, arXiv:1007.4716       #
#    A. van Hameren, C.G. Papadopoulos and R. Pittau,                  #
#      JHEP 0909:106,2009, arXiv:0903.4665                             #
# in publications with results obtained with the help of this program. #
#                                                                      #
########################################################################
 PASSED   1.0000000000000001E-005
 MU_R    =    325.00000000000000     
 ALPHA_S =   0.11799999999999999     
 BORN                    5.1304848562443345E-010
 SINGLE POLE (MadFKS)   -1.0877169717986540E-010
 DOUBLE POLE (MadFKS)   -8.3505031123686416E-011
 SINGLE POLE (MadLoop)  -1.0877169717986005E-010
 DOUBLE POLE (MadLoop)  -8.3505031123686597E-011
 FINITE PART (MadLoop)   1.5306516294404340E-010
   325.00000000000000        0.0000000000000000        0.0000000000000000        325.00000000000000        0.0000000000000000     
   325.00000000000000        0.0000000000000000        0.0000000000000000       -325.00000000000000        0.0000000000000000     
   197.12328669300265        1.3646047279304199        188.10654073641018       -58.920771742820328        0.0000000000000000     
   55.895869520630761        16.710237582570802        49.729820176180525        19.288887335618135        0.0000000000000000     
   178.19739640103936        144.53073666383060       -91.787616403582390        49.398499151982620        0.0000000000000000     
   218.78344738532712       -162.60557897433182       -146.04874450900829       -9.7666147447803819        0.0000000000000000     

 PASSED   1.0000000000000001E-005
 MU_R    =    325.00000000000000     
 ALPHA_S =   0.11799999999999999     
 BORN                    7.0650015606093892E-010
 SINGLE POLE (MadFKS)   -1.8593335457046235E-010
 DOUBLE POLE (MadFKS)   -1.1499169995395924E-010
 SINGLE POLE (MadLoop)  -1.8593335457044307E-010
 DOUBLE POLE (MadLoop)  -1.1499169995395906E-010
 FINITE PART (MadLoop)   1.6486183327521672E-010
   325.00000000000000        0.0000000000000000        0.0000000000000000        325.00000000000000        0.0000000000000000     
   325.00000000000000        0.0000000000000000        0.0000000000000000       -325.00000000000000        0.0000000000000000     
   118.17535733802836       -109.59969786297195        13.438471707728453       -42.103785916192095        0.0000000000000000     
   110.64942040984941        28.722573788309624       -93.046418261320724       -52.542097795482782        0.0000000000000000     
   277.93908128919014        202.10578914916130        85.167649312612625        170.73328442584850        0.0000000000000000     
   143.23614096293196       -121.22866507449893       -5.5597027590203538       -76.087400714173626        0.0000000000000000     

 PASSED   1.0000000000000001E-005
 MU_R    =    325.00000000000000     
 ALPHA_S =   0.11799999999999999     
 BORN                    2.9671943046040258E-009
 SINGLE POLE (MadFKS)   -1.2408753921294277E-009
 DOUBLE POLE (MadFKS)   -4.8294782988086492E-010
 SINGLE POLE (MadLoop)  -1.2408753921294378E-009
 DOUBLE POLE (MadLoop)  -4.8294782988086616E-010
 FINITE PART (MadLoop)   2.8539510537941780E-010
   325.00000000000000        0.0000000000000000        0.0000000000000000        325.00000000000000        0.0000000000000000     
   325.00000000000000        0.0000000000000000        0.0000000000000000       -325.00000000000000        0.0000000000000000     
   219.92750374346957       -117.70703156837747       -124.69282676036420       -137.71296444672382        0.0000000000000000     
   237.14504447415428        60.334516231939112        148.87481885462316        174.45287782295136        0.0000000000000000     
   104.24985225572223        98.046535142408587        26.176561853514055        23.868310611300380        0.0000000000000000     
   88.677599526653779       -40.674019805970225       -50.358553947773011       -60.608223987528014        0.0000000000000000     

 PASSED   1.0000000000000001E-005
 MU_R    =    325.00000000000000     
 ALPHA_S =   0.11799999999999999     
 BORN                    8.9726461707769837E-005
 SINGLE POLE (MadFKS)   -9.1233671283360481E-005
 DOUBLE POLE (MadFKS)   -1.4604099198161144E-005
 SINGLE POLE (MadLoop)  -9.1233671283293870E-005
 DOUBLE POLE (MadLoop)  -1.4604099198150016E-005
 FINITE PART (MadLoop)  -2.5321647919882093E-004
   325.00000000000000        0.0000000000000000        0.0000000000000000        325.00000000000000        0.0000000000000000     
   325.00000000000000        0.0000000000000000        0.0000000000000000       -325.00000000000000        0.0000000000000000     
   294.25963212063050       -79.471038675601349        56.682758171754422       -277.59710018952376        0.0000000000000000     
   275.48344284663222        72.362349994083473       -48.289680174323955        261.38654206869376        0.0000000000000000     
   47.898822505323430      -0.62362207592222663       -5.8892670608419921        47.531303647059609        0.0000000000000000     
   32.358102527413784        7.7323107574397278       -2.5038109365884735       -31.320745526229597        0.0000000000000000     

 PASSED   1.0000000000000001E-005
 MU_R    =    325.00000000000000     
 ALPHA_S =   0.11799999999999999     
 BORN                    5.2638155174018352E-009
 SINGLE POLE (MadFKS)   -2.3679826057671205E-009
 DOUBLE POLE (MadFKS)   -8.5675153699167346E-010
 SINGLE POLE (MadLoop)  -2.3679826057671689E-009
 DOUBLE POLE (MadLoop)  -8.5675153699166633E-010
 FINITE PART (MadLoop)   5.2899764427241140E-010
   325.00000000000000        0.0000000000000000        0.0000000000000000        325.00000000000000        0.0000000000000000     
   325.00000000000000        0.0000000000000000        0.0000000000000000       -325.00000000000000        0.0000000000000000     
   148.14036495665226        127.68160858547333       -65.670217940165998        36.474608074757988        0.0000000000000000     
   172.46907735949975       -108.78535572222258        21.883180940110218        132.03202421219260        0.0000000000000000     
   218.39046032159354       -21.728569059239568       -59.526580535511009       -208.99485318032282        0.0000000000000000     
   111.00009736225441        2.8323161959888417        103.31361753556682        40.488220893372301        0.0000000000000000     

 PASSED   1.0000000000000001E-005
 MU_R    =    325.00000000000000     
 ALPHA_S =   0.11799999999999999     
 BORN                    1.2416188311288007E-008
 SINGLE POLE (MadFKS)   -7.9067459465227612E-009
 DOUBLE POLE (MadFKS)   -2.0208892929675948E-009
 SINGLE POLE (MadLoop)  -7.9067459465228274E-009
 DOUBLE POLE (MadLoop)  -2.0208892929675758E-009
 FINITE PART (MadLoop)  -1.4201076183562932E-008
   325.00000000000000        0.0000000000000000        0.0000000000000000        325.00000000000000        0.0000000000000000     
   325.00000000000000        0.0000000000000000        0.0000000000000000       -325.00000000000000        0.0000000000000000     
   256.07963533924698        131.71776861252090        2.7171304937844840        219.59013244929719        0.0000000000000000     
   198.76074590341779       -31.837993679293128        130.48266120975342       -146.51433852760277        0.0000000000000000     
   163.99046704882707       -90.351936190846004       -129.72350764415273       -43.602895247393398        0.0000000000000000     
   31.169151708508149       -9.5278387423817819       -3.4762840593851827       -29.472898674301263        0.0000000000000000     

 PASSED   1.0000000000000001E-005
 MU_R    =    325.00000000000000     
 ALPHA_S =   0.11799999999999999     
 BORN                    1.3307776107936282E-009
 SINGLE POLE (MadFKS)   -5.8721279265431816E-010
 DOUBLE POLE (MadFKS)   -2.1660063117187512E-010
 SINGLE POLE (MadLoop)  -5.8721279265428290E-010
 DOUBLE POLE (MadLoop)  -2.1660063117187359E-010
 FINITE PART (MadLoop)  -3.0433166791968545E-010
   325.00000000000000        0.0000000000000000        0.0000000000000000        325.00000000000000        0.0000000000000000     
   325.00000000000000        0.0000000000000000        0.0000000000000000       -325.00000000000000        0.0000000000000000     
   213.46263322206042        64.598233909454194       -193.86483395936756        61.723497241992057        0.0000000000000000     
   161.10491942793587        145.57588411787748        67.118302082839392       -16.049627805551815        0.0000000000000000     
   215.34725821283979       -181.98207402447281        84.680463933016270       -78.014007598814743        0.0000000000000000     
   60.085189137163894       -28.192044002858864        42.066067943511868        32.340138162374501        0.0000000000000000     

 PASSED   1.0000000000000001E-005
 MU_R    =    325.00000000000000     
 ALPHA_S =   0.11799999999999999     
 BORN                    5.2006064288157726E-010
 SINGLE POLE (MadFKS)   -1.9433157526841168E-010
 DOUBLE POLE (MadFKS)   -8.4646347054654037E-011
 SINGLE POLE (MadLoop)  -1.9433157526841396E-010
 DOUBLE POLE (MadLoop)  -8.4646347054654154E-011
 FINITE PART (MadLoop)   4.9958010661894561E-011
   325.00000000000000        0.0000000000000000        0.0000000000000000        325.00000000000000        0.0000000000000000     
   325.00000000000000        0.0000000000000000        0.0000000000000000       -325.00000000000000        0.0000000000000000     
   219.99393874169732       -18.423672519868134        31.505261541776964        216.94543062519330        0.0000000000000000     
   85.733168965525877        47.905234600577558       -68.690992540419415       -18.352446772762466        0.0000000000000000     
   92.311123033712221       -31.059947351002180       -84.021425330796390        22.294016948040863        0.0000000000000000     
   251.96176925906457        1.5783852702927528        121.20715632943890       -220.88700080047167        0.0000000000000000     

 PASSED   1.0000000000000001E-005
 MU_R    =    325.00000000000000     
 ALPHA_S =   0.11799999999999999     
 BORN                    2.2607087546036166E-008
 SINGLE POLE (MadFKS)   -1.1393345515952184E-008
 DOUBLE POLE (MadFKS)   -3.6795850724517740E-009
 SINGLE POLE (MadLoop)  -1.1393345515952138E-008
 DOUBLE POLE (MadLoop)  -3.6795850724517607E-009
 FINITE PART (MadLoop)  -1.5564395056743170E-008
   325.00000000000000        0.0000000000000000        0.0000000000000000        325.00000000000000        0.0000000000000000     
   325.00000000000000        0.0000000000000000        0.0000000000000000       -325.00000000000000        0.0000000000000000     
   291.16462406418799        89.382669691813177        274.11957506555194       -40.571359739172927        0.0000000000000000     
   72.721110180615213       -62.755427536359619        3.0616114536604644        36.616153756732963        0.0000000000000000     
   26.758217591826146       -15.697302841552840       -18.503733489567381       -11.278685168899505        0.0000000000000000     
   259.35604816337064       -10.929939313900707       -258.67745302964505        15.233891151339469        0.0000000000000000     

 PASSED   1.0000000000000001E-005
 MU_R    =    325.00000000000000     
 ALPHA_S =   0.11799999999999999     
 BORN                    1.4410912595866467E-009
 SINGLE POLE (MadFKS)   -5.4113331468653572E-010
 DOUBLE POLE (MadFKS)   -2.3455555148436133E-010
 SINGLE POLE (MadLoop)  -5.4113331468212757E-010
 DOUBLE POLE (MadLoop)  -2.3455555148436154E-010
 FINITE PART (MadLoop)  -2.6301313127129538E-011
   325.00000000000000        0.0000000000000000        0.0000000000000000        325.00000000000000        0.0000000000000000     
   325.00000000000000        0.0000000000000000        0.0000000000000000       -325.00000000000000        0.0000000000000000     
   77.729865734777661        34.444715175749756        37.757814997454680       -58.564844661503393        0.0000000000000000     
   252.68395593035365       -172.16467027695668        179.74000854476316        43.612351706462327        0.0000000000000000     
   135.93908851462925        26.271060279308934       -106.68300829696274       -80.050002615236025        0.0000000000000000     
   183.64708982023930        111.44889482189799       -110.81481524525509        95.002495570277190        0.0000000000000000     

 PASSED   1.0000000000000001E-005
 MU_R    =    325.00000000000000     
 ALPHA_S =   0.11799999999999999     
 BORN                    1.6639883773390691E-009
 SINGLE POLE (MadFKS)   -4.7755799108280899E-010
 DOUBLE POLE (MadFKS)   -2.7083483361233025E-010
 SINGLE POLE (MadLoop)  -4.7755799108287382E-010
 DOUBLE POLE (MadLoop)  -2.7083483361233020E-010
 FINITE PART (MadLoop)   2.7904447467555844E-010
   325.00000000000000        0.0000000000000000        0.0000000000000000        325.00000000000000        0.0000000000000000     
   325.00000000000000        0.0000000000000000        0.0000000000000000       -325.00000000000000        0.0000000000000000     
   45.731694378835620        33.438768055496560       -17.655756359975740       -25.719854763336123        0.0000000000000000     
   266.27550987508641        98.061957780015192        223.23929987025150        107.00801179831197        0.0000000000000000     
   275.11902217762798       -90.006842414619612       -250.92136818727155       -68.027286213339949        0.0000000000000000     
   62.873773568449913       -41.493883420892168        45.337824676995773       -13.260870821635935        0.0000000000000000     

 PASSED   1.0000000000000001E-005
 MU_R    =    325.00000000000000     
 ALPHA_S =   0.11799999999999999     
 BORN                    2.0260583883949751E-009
 SINGLE POLE (MadFKS)   -8.1045492377461241E-010
 DOUBLE POLE (MadFKS)   -3.2976623754265892E-010
 SINGLE POLE (MadLoop)  -8.1045492377460838E-010
 DOUBLE POLE (MadLoop)  -3.2976623754265763E-010
 FINITE PART (MadLoop)   1.9884823414003247E-010
   325.00000000000000        0.0000000000000000        0.0000000000000000        325.00000000000000        0.0000000000000000     
   325.00000000000000        0.0000000000000000        0.0000000000000000       -325.00000000000000        0.0000000000000000     
   160.42112728983946       -100.72608402001282       -2.2005105045808460       -124.83730144654450        0.0000000000000000     
   263.99072969720362        175.44239690611514       -123.03849816265316        154.18365251795635        0.0000000000000000     
   67.311077671544979       -56.253117556660804       -19.832092193823627        31.193846535445765        0.0000000000000000     
   158.27706534141217       -18.463195329441511        145.07110086105772       -60.540197606857603        0.0000000000000000     

 PASSED   1.0000000000000001E-005
 MU_R    =    325.00000000000000     
 ALPHA_S =   0.11799999999999999     
 BORN                    8.8145883541455567E-008
 SINGLE POLE (MadFKS)   -4.7773502791691469E-008
 DOUBLE POLE (MadFKS)   -1.4346840415278567E-008
 SINGLE POLE (MadLoop)  -4.7773502791688074E-008
 DOUBLE POLE (MadLoop)  -1.4346840415278388E-008
 FINITE PART (MadLoop)  -2.6476742890533188E-008
   325.00000000000000        0.0000000000000000        0.0000000000000000        325.00000000000000        0.0000000000000000     
   325.00000000000000        0.0000000000000000        0.0000000000000000       -325.00000000000000        0.0000000000000000     
   208.47764255116559        78.147433107133452        82.317635686220783        174.87056069415544        0.0000000000000000     
   116.77339030407983       -31.433486912666876       -6.1679522288845909        112.29388651624082        0.0000000000000000     
   286.40919939363749       -11.030773238142709       -81.701519792207904       -274.28709995680902        0.0000000000000000     
   38.339767751117023       -35.683172956323837        5.5518363348717044       -12.877347253587221        0.0000000000000000     

 PASSED   1.0000000000000001E-005
 MU_R    =    325.00000000000000     
 ALPHA_S =   0.11799999999999999     
 BORN                    9.6356816822626434E-010
 SINGLE POLE (MadFKS)   -3.9828302695259171E-010
 DOUBLE POLE (MadFKS)   -1.5683272075074177E-010
 SINGLE POLE (MadLoop)  -3.9828302695258902E-010
 DOUBLE POLE (MadLoop)  -1.5683272075074197E-010
 FINITE PART (MadLoop)   9.5620895603916999E-011
   325.00000000000000        0.0000000000000000        0.0000000000000000        325.00000000000000        0.0000000000000000     
   325.00000000000000        0.0000000000000000        0.0000000000000000       -325.00000000000000        0.0000000000000000     
Thanks for using LHAPDF 6.2.1. Please make sure to cite the paper:
  Eur.Phys.J. C75 (2015) 3, 132  (http://arxiv.org/abs/1412.7420)
   210.79397630539674       -174.63623549615974        107.85036406981382       -48.006089909287688        0.0000000000000000     
   203.54876470619953        199.45818386344658        11.068201939140380       -39.064400790870117        0.0000000000000000     
   104.60778249478962       -83.330031634295281       -61.402827795847649       -15.119084793003987        0.0000000000000000     
   131.04947649361438        58.508083267008409       -57.515738213106403        102.18957549316174        0.0000000000000000     

 PASSED   1.0000000000000001E-005
 MU_R    =    325.00000000000000     
 ALPHA_S =   0.11799999999999999     
 BORN                    3.7735829605939564E-007
 SINGLE POLE (MadFKS)   -2.5459565397323416E-007
 DOUBLE POLE (MadFKS)   -6.1419762732305022E-008
 SINGLE POLE (MadLoop)  -2.5459565397306914E-007
 DOUBLE POLE (MadLoop)  -6.1419762732286506E-008
 FINITE PART (MadLoop)  -6.5361786588934943E-007
   325.00000000000000        0.0000000000000000        0.0000000000000000        325.00000000000000        0.0000000000000000     
   325.00000000000000        0.0000000000000000        0.0000000000000000       -325.00000000000000        0.0000000000000000     
   303.92106542566148       -177.17831087794136       -177.89380720540811       -171.25902464359024        0.0000000000000000     
   75.248354962577636      -0.25815080082336600        64.256912555100598        39.157342499514364        0.0000000000000000     
   258.46224634989613        181.18478242944411        115.35704348571252        143.76216443301348        0.0000000000000000     
   12.368333261864690       -3.7483207506795169       -1.7201488354049992       -11.660482288937645        0.0000000000000000     

 PASSED   1.0000000000000001E-005
 MU_R    =    325.00000000000000     
 ALPHA_S =   0.11799999999999999     
 BORN                    3.5382856315169902E-008
 SINGLE POLE (MadFKS)   -1.9084152182209012E-008
 DOUBLE POLE (MadFKS)   -5.7590005635570186E-009
 SINGLE POLE (MadLoop)  -1.9084152182207795E-008
 DOUBLE POLE (MadLoop)  -5.7590005635566530E-009
 FINITE PART (MadLoop)  -2.6610951412735422E-008
   325.00000000000000        0.0000000000000000        0.0000000000000000        325.00000000000000        0.0000000000000000     
   325.00000000000000        0.0000000000000000        0.0000000000000000       -325.00000000000000        0.0000000000000000     
   123.11898623627845        57.862397523254110       -108.63176620501096        3.0605711704975933        0.0000000000000000     
   254.72705370095355       -209.49813406573693       -72.049371018089886        125.71909897084308        0.0000000000000000     
   53.410265448463491        18.908795029634309        32.348284135171404       -38.061823909434871        0.0000000000000000     
   218.74369461430436        132.72694151284853        148.33285308792944       -90.717846231905853        0.0000000000000000     

 PASSED   1.0000000000000001E-005
 MU_R    =    325.00000000000000     
 ALPHA_S =   0.11799999999999999     
 BORN                    6.2196841201819586E-009
 SINGLE POLE (MadFKS)   -2.9677542516108055E-009
 DOUBLE POLE (MadFKS)   -1.0123310575669261E-009
 SINGLE POLE (MadLoop)  -2.9677542516108428E-009
 DOUBLE POLE (MadLoop)  -1.0123310575669249E-009
 FINITE PART (MadLoop)  -1.8227296709276536E-009
   325.00000000000000        0.0000000000000000        0.0000000000000000        325.00000000000000        0.0000000000000000     
   325.00000000000000        0.0000000000000000        0.0000000000000000       -325.00000000000000        0.0000000000000000     
   184.40406014451577       -175.73381015857348       -13.215092807953297       -54.294075984492494        0.0000000000000000     
   165.79124054477955        8.5875732474883524       -99.456939320382659       -132.36807110522437        0.0000000000000000     
   265.28543702219611        134.43504148071656        120.61611577590183        194.30732187251675        0.0000000000000000     
   34.519262288508415        32.711195430368413       -7.9440836475658942       -7.6451747827999341        0.0000000000000000     

 PASSED   1.0000000000000001E-005
 MU_R    =    325.00000000000000     
 ALPHA_S =   0.11799999999999999     
 BORN                    8.0155588855462509E-010
 SINGLE POLE (MadFKS)   -3.0931374649282756E-010
 DOUBLE POLE (MadFKS)   -1.3046320434931700E-010
 SINGLE POLE (MadLoop)  -3.0931374649284876E-010
 DOUBLE POLE (MadLoop)  -1.3046320434931739E-010
 FINITE PART (MadLoop)   2.6187621238927629E-011
   325.00000000000000        0.0000000000000000        0.0000000000000000        325.00000000000000        0.0000000000000000     
   325.00000000000000        0.0000000000000000        0.0000000000000000       -325.00000000000000        0.0000000000000000     
   100.76060081769758       -83.712927273636254        25.242531799533371        50.076532156009321        0.0000000000000000     
   282.04228167687802        212.74870857583875        184.19622831655565       -18.909921384490051        0.0000000000000000     
   125.39368641274103       -17.515805469611713       -122.68970940292594       -19.079003054487558        0.0000000000000000     
   141.80343109268350       -111.51997583259082       -86.749050713163157       -12.087607717031714        0.0000000000000000     

 PASSED   1.0000000000000001E-005
 MU_R    =    325.00000000000000     
 ALPHA_S =   0.11799999999999999     
 BORN                    4.1302058259962880E-009
 SINGLE POLE (MadFKS)   -1.7937158614817961E-009
 DOUBLE POLE (MadFKS)   -6.7224244045332347E-010
 SINGLE POLE (MadLoop)  -1.7937158614818710E-009
 DOUBLE POLE (MadLoop)  -6.7224244045334343E-010
 FINITE PART (MadLoop)  -1.2390527877729204E-009
   325.00000000000000        0.0000000000000000        0.0000000000000000        325.00000000000000        0.0000000000000000     
   325.00000000000000        0.0000000000000000        0.0000000000000000       -325.00000000000000        0.0000000000000000     
   272.87256311486919       -80.627097827260002        222.38851350834111        136.02226235577075        0.0000000000000000     
   63.843739004974054       -12.787786659455895        47.494386291058767       -40.703547674903952        0.0000000000000000     
   274.85742458063430        59.440893289092195       -253.59634508302446       -87.762621956191623        0.0000000000000000     
   38.426273299522471        33.973991197623704       -16.286554716375392       -7.5560927246752332        0.0000000000000000     

 PASSED   1.0000000000000001E-005
 MU_R    =    325.00000000000000     
 ALPHA_S =   0.11799999999999999     
 BORN                    6.6027866105061418E-008
 SINGLE POLE (MadFKS)   -3.5856204290710323E-008
 DOUBLE POLE (MadFKS)   -1.0746857594605422E-008
 SINGLE POLE (MadLoop)  -3.5856204290710587E-008
 DOUBLE POLE (MadLoop)  -1.0746857594605453E-008
 FINITE PART (MadLoop)  -7.7629379481591003E-009
   325.00000000000000        0.0000000000000000        0.0000000000000000        325.00000000000000        0.0000000000000000     
   325.00000000000000        0.0000000000000000        0.0000000000000000       -325.00000000000000        0.0000000000000000     
   297.77308365678243        99.455743665891859       -81.731710254178566       -268.50938892571446        0.0000000000000000     
   67.807422913744844       -60.384849765300793        30.027156620455479        7.0630295423523357        0.0000000000000000     
   193.84735036097214        13.582194892518938        45.034530690474490        188.05374303469694        0.0000000000000000     
   90.572143068500566       -52.653088793109966        6.6700229432484255        73.392616348665186        0.0000000000000000     

 NUMBER OF POINTS PASSING THE CHECK          20
 NUMBER OF POINTS FAILING THE CHECK           0
 TOLERANCE    1.0000000000000001E-005
