==== LHAPDF6 USING DEFAULT-TYPE LHAGLUE INTERFACE ====
LHAPDF 6.2.1 loading /cvmfs/cms.cern.ch/slc6_amd64_gcc481/external/lhapdf/6.2.1/share/LHAPDF/NNPDF31_nnlo_hessian_pdfas/NNPDF31_nnlo_hessian_pdfas_0000.dat
NNPDF31_nnlo_hessian_pdfas PDF set, member #0, version 1; LHAPDF ID = 306000
 A PDF is used, so alpha_s(MZ) is going to be modified
 Old value of alpha_s from param_card:   0.11799999999999999     
 New value of alpha_s from PDF lhapdf :  0.11800208008122040     
 using LHAPDF
 *****************************************************
 *               MadGraph/MadEvent                   *
 *        --------------------------------           *
 *          http://madgraph.hep.uiuc.edu             *
 *          http://madgraph.phys.ucl.ac.be           *
 *          http://madgraph.roma2.infn.it            *
 *        --------------------------------           *
 *                                                   *
 *          PARAMETER AND COUPLING VALUES            *
 *                                                   *
 *****************************************************

  External Params
  ---------------------------------
  
 MU_R =    91.188000000000002     
 aEWM1 =    132.50700000000001     
 mdl_Gf =    1.1663900000000000E-005
 aS =   0.11799999999999999     
 mdl_lamWS =   0.22530000000000000     
 mdl_AWS =   0.80800000000000005     
 mdl_rhoWS =   0.13200000000000001     
 mdl_etaWS =   0.34100000000000003     
 mdl_ymt =    173.00000000000000     
 mdl_ymtau =    1.7769999999999999     
 mdl_MT =    173.00000000000000     
 mdl_MZ =    91.188000000000002     
 mdl_MH =    125.00000000000000     
 mdl_MTA =    1.7769999999999999     
 mdl_WT =    1.4915000000000000     
 mdl_WZ =    2.4414039999999999     
 mdl_WW =    2.0476000000000001     
 mdl_WH =    6.3823389999999999E-003
  Internal Params
  ---------------------------------
  
 mdl_CKM33 =    1.0000000000000000     
 mdl_conjg__CKM3x3 =    1.0000000000000000     
 mdl_I4x33 =    0.0000000000000000     
 mdl_I1x33 =    0.0000000000000000     
 mdl_lhv =    1.0000000000000000     
 mdl_CKM3x3 =    1.0000000000000000     
 mdl_conjg__CKM33 =    1.0000000000000000     
 mdl_Ncol =    3.0000000000000000     
 mdl_CA =    3.0000000000000000     
 mdl_TF =   0.50000000000000000     
 mdl_CF =    1.3333333333333333     
 mdl_lamWS__exp__2 =    5.0760090000000001E-002
 mdl_CKM11 =  ( 0.97461995499999998     ,  0.0000000000000000     )
 mdl_CKM12 =  ( 0.22530000000000000     ,  0.0000000000000000     )
 mdl_complexi =  (  0.0000000000000000     ,  1.0000000000000000     )
 mdl_lamWS__exp__3 =    1.1436248277000001E-002
 mdl_CKM13 =  (  1.2197444962317122E-003, -3.1510066152652563E-003)
 mdl_CKM21 =  (-0.22530000000000000     ,  0.0000000000000000     )
 mdl_CKM22 =  ( 0.97461995499999998     ,  0.0000000000000000     )
 mdl_CKM23 =  (  4.1014152720000002E-002,  0.0000000000000000     )
 mdl_CKM31 =  (  8.0207441115842885E-003, -3.1510066152652563E-003)
 mdl_CKM32 =  ( -4.1014152720000002E-002,  0.0000000000000000     )
 mdl_MZ__exp__2 =    8315.2513440000002     
 mdl_MZ__exp__4 =    69143404.913893804     
 mdl_sqrt__2 =    1.4142135623730951     
 mdl_MH__exp__2 =    15625.000000000000     
 mdl_CKM1x1 =  ( 0.97461995499999998     ,  0.0000000000000000     )
 mdl_CKM1x2 =  ( 0.22530000000000000     ,  0.0000000000000000     )
 mdl_CKM1x3 =  (  1.2197444962317122E-003, -3.1510066152652563E-003)
 mdl_CKM2x1 =  (-0.22530000000000000     ,  0.0000000000000000     )
 mdl_CKM2x2 =  ( 0.97461995499999998     ,  0.0000000000000000     )
 mdl_CKM2x3 =  (  4.1014152720000002E-002,  0.0000000000000000     )
 mdl_CKM3x1 =  (  8.0207441115842885E-003, -3.1510066152652563E-003)
 mdl_CKM3x2 =  ( -4.1014152720000002E-002,  0.0000000000000000     )
 mdl_conjg__CKM1x3 =  (  1.2197444962317122E-003,  3.1510066152652563E-003)
 mdl_conjg__CKM2x3 =  (  4.1014152720000002E-002, -0.0000000000000000     )
 mdl_conjg__CKM2x1 =  (-0.22530000000000000     , -0.0000000000000000     )
 mdl_conjg__CKM3x1 =  (  8.0207441115842885E-003,  3.1510066152652563E-003)
 mdl_conjg__CKM2x2 =  ( 0.97461995499999998     , -0.0000000000000000     )
 mdl_conjg__CKM3x2 =  ( -4.1014152720000002E-002, -0.0000000000000000     )
 mdl_Ncol__exp__2 =    9.0000000000000000     
 mdl_MT__exp__2 =    29929.000000000000     
 mdl_conjg__CKM11 =  ( 0.97461995499999998     , -0.0000000000000000     )
 mdl_conjg__CKM12 =  ( 0.22530000000000000     , -0.0000000000000000     )
 mdl_conjg__CKM13 =  (  1.2197444962317122E-003,  3.1510066152652563E-003)
 mdl_conjg__CKM21 =  (-0.22530000000000000     , -0.0000000000000000     )
 mdl_conjg__CKM22 =  ( 0.97461995499999998     , -0.0000000000000000     )
 mdl_conjg__CKM23 =  (  4.1014152720000002E-002, -0.0000000000000000     )
 mdl_conjg__CKM31 =  (  8.0207441115842885E-003,  3.1510066152652563E-003)
 mdl_conjg__CKM32 =  ( -4.1014152720000002E-002, -0.0000000000000000     )
 mdl_aEW =    7.5467711139788835E-003
 mdl_MW =    80.419002445756163     
 mdl_sqrt__aEW =    8.6872153846781555E-002
 mdl_ee =   0.30795376724436879     
 mdl_MW__exp__2 =    6467.2159543705357     
 mdl_sw2 =   0.22224648578577766     
 mdl_cw =   0.88190334743339216     
 mdl_sqrt__sw2 =   0.47143025548407230     
 mdl_sw =   0.47143025548407230     
 mdl_g1 =   0.34919219678733299     
 mdl_gw =   0.65323293034757990     
 mdl_v =    246.21845810181637     
 mdl_v__exp__2 =    60623.529110035903     
 mdl_lam =   0.12886910601690263     
 mdl_yt =   0.99366614581500623     
 mdl_ytau =    1.0206617000654717E-002
 mdl_muH =    88.388347648318430     
 mdl_AxialZUp =  -0.18517701861793787     
 mdl_AxialZDown =   0.18517701861793787     
 mdl_VectorZUp =    7.5430507588273299E-002
 mdl_VectorZDown =  -0.13030376310310560     
 mdl_VectorAUp =   0.20530251149624587     
 mdl_VectorADown =  -0.10265125574812294     
 mdl_VectorWmDxU =   0.23095271737156670     
 mdl_AxialWmDxU =  -0.23095271737156670     
 mdl_VectorWpUxD =   0.23095271737156670     
 mdl_AxialWpUxD =  -0.23095271737156670     
 mdl_I2x13 =  (  7.9699418879263656E-003,  3.1310485988282153E-003)
 mdl_I2x23 =  ( -4.0754375057150453E-002, -0.0000000000000000     )
 mdl_I2x33 =  ( 0.99366614581500623     ,  0.0000000000000000     )
 mdl_I3x31 =  (  7.9699418879263656E-003, -3.1310485988282153E-003)
 mdl_I3x32 =  ( -4.0754375057150453E-002,  0.0000000000000000     )
 mdl_I3x33 =  ( 0.99366614581500623     ,  0.0000000000000000     )
 mdl_Vector_tdGp =  ( -7.9699418879263656E-003, -3.1310485988282153E-003)
 mdl_Vector_tsGp =  (  4.0754375057150453E-002,  0.0000000000000000     )
 mdl_Vector_tbGp =  (-0.99366614581500623     ,  0.0000000000000000     )
 mdl_Axial_tdGp =  ( -7.9699418879263656E-003, -3.1310485988282153E-003)
 mdl_Axial_tsGp =  (  4.0754375057150453E-002,  0.0000000000000000     )
 mdl_Axial_tbGp =  (-0.99366614581500623     , -0.0000000000000000     )
 mdl_Vector_tdGm =  (  7.9699418879263656E-003, -3.1310485988282153E-003)
 mdl_Vector_tsGm =  ( -4.0754375057150453E-002,  0.0000000000000000     )
 mdl_Vector_tbGm =  ( 0.99366614581500623     ,  0.0000000000000000     )
 mdl_Axial_tdGm =  ( -7.9699418879263656E-003,  3.1310485988282153E-003)
 mdl_Axial_tsGm =  (  4.0754375057150453E-002, -0.0000000000000000     )
 mdl_Axial_tbGm =  (-0.99366614581500623     ,  0.0000000000000000     )
 mdl_gw__exp__2 =   0.42671326129048615     
 mdl_cw__exp__2 =   0.77775351421422245     
 mdl_ee__exp__2 =    9.4835522759998875E-002
 mdl_sw__exp__2 =   0.22224648578577769     
 mdl_yt__exp__2 =   0.98737240933884918     
  Internal Params evaluated point by point
  ----------------------------------------
  
 mdl_sqrt__aS =   0.34351128074635334     
 mdl_G__exp__4 =    2.1987899468922913     
 mdl_G__exp__2 =    1.4828317324943823     
 mdl_R2MixedFactor_FIN_ =   -2.5040377713124864E-002
 mdl_G_UVg_1EPS_ =   -5.1645779033320030E-002
 mdl_G_UVq_1EPS_ =    3.1300472141406080E-003
 mdl_G_UVb_1EPS_ =    3.1300472141406080E-003
 mdl_GWcft_UV_t_1EPS_ =   -3.1300472141406080E-003
 mdl_tWcft_UV_1EPS_ =   -1.8780283284843650E-002
 mdl_G__exp__3 =    1.8056676068262196     
 mdl_MU_R__exp__2 =    8315.2513440000002     
 mdl_G_UVt_FIN_ =   -4.0087659331150384E-003
 mdl_GWcft_UV_t_FIN_ =    4.0087659331150384E-003
 mdl_tWcft_UV_FIN_ =   -9.8778211443463623E-004
  Couplings of loop_sm-ckm_no_b_mass
  ---------------------------------
  
       UV_3Gt =   0.48815E-02   0.00000E+00
      UV_GQQt =   0.00000E+00  -0.48815E-02
   UVWfct_G_2 =   0.40088E-02   0.00000E+00
       R2_DDA =   0.00000E+00   0.25704E-02
       R2_UUA =  -0.00000E+00  -0.51409E-02
    R2_DDZ_V2 =   0.00000E+00   0.72127E-02
    R2_UUZ_V2 =  -0.00000E+00  -0.72127E-02
    R2_UUZ_V5 =   0.00000E+00   0.68702E-03
      R2_GGHt =   0.00000E+00  -0.45657E+01
     R2_GGZup =  -0.46369E-02   0.00000E+00
   R2_GGZdown =   0.46369E-02   0.00000E+00
 R2_GGGZvecUp =   0.00000E+00   0.28750E-03
 R2_GGGZvecDown  -0.00000E+00  -0.49665E-03
 R2_GGGZaxialUp  -0.00000E+00  -0.63522E-02
 R2_GGGZaxialDow  0.00000E+00   0.63522E-02
 R2_GGGAvecUp =   0.00000E+00   0.78251E-03
 R2_GGGAvecDown  -0.00000E+00  -0.39126E-03
         GC_4 =  -0.12177E+01   0.00000E+00
         GC_5 =   0.00000E+00   0.12177E+01
         GC_6 =   0.00000E+00   0.14828E+01
       R2_3Gq =   0.76230E-02   0.00000E+00
       R2_3Gg =   0.31445E-01   0.00000E+00
       R2_GQQ =  -0.00000E+00  -0.30492E-01
       R2_GGq =   0.00000E+00   0.62601E-02
       R2_GGt =  -0.00000E+00  -0.11242E+04
     R2_GGg_1 =   0.00000E+00   0.28170E-01
     R2_GGg_2 =  -0.00000E+00  -0.18780E-01
       R2_QQq =   0.00000E+00   0.12520E-01
  UV_3Gg_1eps =   0.62890E-01   0.00000E+00
  UV_3Gb_1eps =  -0.38115E-02   0.00000E+00
 UV_GQQg_1eps =   0.00000E+00  -0.62890E-01
 UV_GQQq_1eps =   0.00000E+00   0.38115E-02
 UVWfct_G_2_1eps -0.31300E-02   0.00000E+00
         GC_1 =  -0.00000E+00  -0.10265E+00
         GC_2 =   0.00000E+00   0.20530E+00
        GC_21 =  -0.00000E+00  -0.28804E+00
        GC_22 =   0.00000E+00   0.28804E+00
        GC_23 =  -0.00000E+00  -0.27437E-01
        GC_24 =   0.00000E+00   0.82310E-01
        GC_37 =  -0.00000E+00  -0.70263E+00
        GC_38 =  -0.00000E+00  -0.72172E-02
      GC_1003 =  -0.00000E+00  -0.30795E+00

 Collider parameters:
 --------------------

 Running at P P   machine @    13000.000000000000       GeV
 PDF set = lhapdf 
 alpha_s(Mz)= 0.1180 running at 3 loops.
 alpha_s(Mz)= 0.1180 running at 3 loops.
 Renormalization scale set on event-by-event basis
 Factorization   scale set on event-by-event basis


 ===============================================================
 INFO: MadFKS read these parameters from FKS_params.dat
 ===============================================================
  > IRPoleCheckThreshold      =    1.0000000000000001E-005
  > PrecisionVirtualAtRunTime =    1.0000000000000000E-003
  > NHelForMCoverHels         =            4
  > VirtualFraction           =    1.0000000000000000     
  > MinVirtualFraction        =    5.0000000000000001E-003
 ===============================================================
  Insert the number of points to test
 Insert the relative tolerance
  A negative number will mean use the default one:    1.0000000000000001E-005
Using random seed offsets:     0 ,    116 ,      0
  with seed                   32
 Ranmar initialization seeds       10729        9522
  ========================================================================================== 
 {                                                                                          }
 {       [32m                                                                            [0m       }
 {       [32m                               ,,                                           [0m       }
 {       [32m`7MMM.     ,MMF'             `7MM  `7MMF'                                   [0m       }
 {       [32m  MMMb    dPMM                 MM    MM                                     [0m       }
 {       [32m  M YM   ,M MM   ,6"Yb.   ,M""bMM    MM         ,pW"Wq.   ,pW"Wq.`7MMpdMAo. [0m       }
 {       [32m  M  Mb  M' MM  8)   MM ,AP    MM    MM        6W'   `Wb 6W'   `Wb MM   `Wb [0m       }
 {       [32m  M  YM.P'  MM   ,pm9MM 8MI    MM    MM      , 8M     M8 8M     M8 MM    M8 [0m       }
 {       [32m  M  `YM'   MM  8M   MM `Mb    MM    MM     ,M YA.   ,A9 YA.   ,A9 MM   ,AP [0m       }
 {       [32m.JML. `'  .JMML.`Moo9^Yo.`Wbmd"MML..JMMmmmmMMM  `Ybmd9'   `Ybmd9'  MMbmmd'  [0m       }
 {       [32m                                                                   MM       [0m       }
 {       [32m                                                                 .JMML.     [0m       }
 {       [32m[0mv2.4.2 (2016-06-10), Ref: arXiv:1103.0621v2, arXiv:1405.0301[32m                [0m       }
 {       [32m                                                                            [0m       }
 {                                                                                          }
  ========================================================================================== 
 ===============================================================
 INFO: MadLoop read these parameters from ./MadLoop5_resources/MadLoopParams.dat                                                                                                                                                                                                                                                                                                                                                                                                                                                                                          
 ===============================================================
  > MLReductionLib            = 6|1|2
  > IREGIMODE                 =            2
  > IREGIRECY                 =  T
  > CTModeRun                 =           -1
  > MLStabThres               =    1.0000000000000000E-003
  > NRotations_DP             =            1
  > NRotations_QP             =            0
  > CTStabThres               =    1.0000000000000000E-002
  > CTLoopLibrary             =            2
  > CTModeInit                =            1
  > CheckCycle                =            3
  > MaxAttempts               =           10
  > UseLoopFilter             =  F
  > HelicityFilterLevel       =            2
  > ImprovePSPoint            =            2
  > DoubleCheckHelicityFilter =  T
  > LoopInitStartOver         =  F
  > HelInitStartOver          =  F
  > ZeroThres                 =    1.0000000000000001E-009
  > OSThres                   =    1.0000000000000000E-008
  > WriteOutFilters           =  T
  > UseQPIntegrandForNinja    =  F
  > UseQPIntegrandForCutTools =  T
 ===============================================================
  
------------------------------------------------------------------------
|              You are using CutTools - Version 1.9.3                  |
|              Authors: G. Ossola, C. Papadopoulos, R. Pittau          |
|              Published in JHEP 0803:042,2008                         |
|              http://www.ugr.es/~pittau/CutTools                      |
|                                                                      |
|              Compiler with  34  significant digits detetected        |
 ---------------------------------------------------------------------- 
   
########################################################################
#                                                                      #
#                      You are using OneLOop-3.6                       #
#                                                                      #
# for the evaluation of 1-loop scalar 1-, 2-, 3- and 4-point functions #
#                                                                      #
# author: Andreas van Hameren <hamerenREMOVETHIS@ifj.edu.pl>           #
#   date: 18-02-2015                                                   #
#                                                                      #
# Please cite                                                          #
#    A. van Hameren,                                                   #
#      Comput.Phys.Commun. 182 (2011) 2427-2438, arXiv:1007.4716       #
#    A. van Hameren, C.G. Papadopoulos and R. Pittau,                  #
#      JHEP 0909:106,2009, arXiv:0903.4665                             #
# in publications with results obtained with the help of this program. #
#                                                                      #
########################################################################
 PASSED   1.0000000000000001E-005
 MU_R    =    325.00000000000000     
 ALPHA_S =   0.11799999999999999     
 BORN                    3.8522676609995735E-011
 SINGLE POLE (MadFKS)   -1.1154893586502948E-011
 DOUBLE POLE (MadFKS)   -3.8584894913394155E-012
 SINGLE POLE (MadLoop)  -1.1154893586503278E-011
 DOUBLE POLE (MadLoop)  -3.8584894913395666E-012
 FINITE PART (MadLoop)  -1.0708076970304330E-011
   325.00000000000000        0.0000000000000000        0.0000000000000000        325.00000000000000        0.0000000000000000     
   325.00000000000000        0.0000000000000000        0.0000000000000000       -325.00000000000000        0.0000000000000000     
   269.84552919088401       -114.97733470881018       -108.80656579779568        218.52870666769715        1.7769999999999999     
   106.87385160342458        33.025373893559795       -48.972860026566664       -89.049683253561895        1.7769999999999999     
   79.040416072462534       -26.098326671755778        6.0681562773646522       -74.360219184963384        0.0000000000000000     
   194.24020313323462        108.05028748700610        151.71126954699764       -55.118804229171872        0.0000000000000000     

 PASSED   1.0000000000000001E-005
 MU_R    =    325.00000000000000     
 ALPHA_S =   0.11799999999999999     
 BORN                    2.2171002040620807E-011
 SINGLE POLE (MadFKS)   -4.1274531392147357E-012
 DOUBLE POLE (MadFKS)   -2.2206810615024287E-012
 SINGLE POLE (MadLoop)  -4.1274531392143447E-012
 DOUBLE POLE (MadLoop)  -2.2206810615024343E-012
 FINITE PART (MadLoop)   8.5170035143632673E-013
   325.00000000000000        0.0000000000000000        0.0000000000000000        325.00000000000000        0.0000000000000000     
   325.00000000000000        0.0000000000000000        0.0000000000000000       -325.00000000000000        0.0000000000000000     
   129.96044029676528       -116.63270633118947       -56.375068781051667       -10.257765201217588        1.7769999999999999     
   251.54693618659186        20.232818436706804        239.50609525198664       -74.163109233060439        1.7769999999999999     
   67.402772349857187        54.249764251190058        8.2090548792687823        39.149817587392718        0.0000000000000000     
   201.08985116678900        42.150123643292609       -191.34008135020372        45.271056846885315        0.0000000000000000     

 PASSED   1.0000000000000001E-005
 MU_R    =    325.00000000000000     
 ALPHA_S =   0.11799999999999999     
 BORN                    1.7001246730377803E-009
 SINGLE POLE (MadFKS)   -5.0809437440604379E-010
 DOUBLE POLE (MadFKS)   -1.7028705588907572E-010
 SINGLE POLE (MadLoop)  -5.0809437440603469E-010
 DOUBLE POLE (MadLoop)  -1.7028705588907590E-010
 FINITE PART (MadLoop)   9.4793989530776724E-011
   325.00000000000000        0.0000000000000000        0.0000000000000000        325.00000000000000        0.0000000000000000     
   325.00000000000000        0.0000000000000000        0.0000000000000000       -325.00000000000000        0.0000000000000000     
   261.06349362986720        160.70164256433605       -173.07615055267300        111.22328067551567        1.7769999999999999     
   258.72106093159465       -213.94045692865987        145.37325714363547       -5.4338418431651068        1.7769999999999999     
   72.222707540671848        42.059094513067926       -4.0570732725951864       -58.572111193869652        0.0000000000000000     
   57.992737897866540        11.179719851256024        31.759966681632744       -47.217327638480945        0.0000000000000000     

 PASSED   1.0000000000000001E-005
 MU_R    =    325.00000000000000     
 ALPHA_S =   0.11799999999999999     
 BORN                    8.9988509653368320E-012
 SINGLE POLE (MadFKS)   -1.3607584356201988E-012
 DOUBLE POLE (MadFKS)   -9.0133850862461039E-013
 SINGLE POLE (MadLoop)  -1.3607584356195190E-012
 DOUBLE POLE (MadLoop)  -9.0133850862467279E-013
 FINITE PART (MadLoop)   3.5638374369175009E-013
   325.00000000000000        0.0000000000000000        0.0000000000000000        325.00000000000000        0.0000000000000000     
   325.00000000000000        0.0000000000000000        0.0000000000000000       -325.00000000000000        0.0000000000000000     
   215.42177083401560       -40.004929786940359       -209.21347186397645       -32.135811855719808        1.7769999999999999     
   113.68719524496963       -24.984160640198418        27.301419535881774       -107.48043934641488        1.7769999999999999     
   206.87413599002960        58.768373621502661        76.634237530227452        182.94911872339097        0.0000000000000000     
   114.01689793098519        6.2207168056360675        105.27781479786721       -43.332867521256276        0.0000000000000000     

 PASSED   1.0000000000000001E-005
 MU_R    =    325.00000000000000     
 ALPHA_S =   0.11799999999999999     
 BORN                    3.9829143704086543E-011
 SINGLE POLE (MadFKS)   -4.3894340059150329E-012
 DOUBLE POLE (MadFKS)   -3.9893472093626249E-012
 SINGLE POLE (MadLoop)  -4.3894340059148278E-012
 DOUBLE POLE (MadLoop)  -3.9893472093626208E-012
 FINITE PART (MadLoop)  -3.7366336156569800E-013
   325.00000000000000        0.0000000000000000        0.0000000000000000        325.00000000000000        0.0000000000000000     
   325.00000000000000        0.0000000000000000        0.0000000000000000       -325.00000000000000        0.0000000000000000     
   73.694874834792387        73.368287490821814        1.5131522968832356       -6.5254585054441874        1.7769999999999999     
   125.78871403364221       -65.272402583527693       -105.67828063811756       -19.780225266224239        1.7769999999999999     
   197.89146462922042       -133.86098102887277       -99.857325462375016        106.16394907211716        0.0000000000000000     
   252.62494650234504        125.76509612157871        204.02245380360938       -79.858265300448750        0.0000000000000000     

 PASSED   1.0000000000000001E-005
 MU_R    =    325.00000000000000     
 ALPHA_S =   0.11799999999999999     
 BORN                    3.6846166004540683E-010
 SINGLE POLE (MadFKS)   -4.2048199085616981E-011
 DOUBLE POLE (MadFKS)   -3.6905676561367981E-011
 SINGLE POLE (MadLoop)  -4.2048199085618331E-011
 DOUBLE POLE (MadLoop)  -3.6905676561367961E-011
 FINITE PART (MadLoop)  -5.8848389833479843E-012
   325.00000000000000        0.0000000000000000        0.0000000000000000        325.00000000000000        0.0000000000000000     
   325.00000000000000        0.0000000000000000        0.0000000000000000       -325.00000000000000        0.0000000000000000     
   50.321655825355883       -38.904668022726121       -15.296938785572110        27.956068855214696        1.7769999999999999     
   75.578453475799591       -5.8757244911650144       -26.628680316879748        70.465127169962216        1.7769999999999999     
   261.02110581510766       -164.29435036894895        195.40806424827386       -54.360578956898109        0.0000000000000000     
   263.07878488373677        209.07474288284007       -153.48244514582200       -44.060617068278795        0.0000000000000000     

 PASSED   1.0000000000000001E-005
 MU_R    =    325.00000000000000     
 ALPHA_S =   0.11799999999999999     
 BORN                    1.7211252869130720E-010
 SINGLE POLE (MadFKS)   -2.4641130537594814E-011
 DOUBLE POLE (MadFKS)   -1.7239050910365492E-011
 SINGLE POLE (MadLoop)  -2.4641130537594265E-011
 DOUBLE POLE (MadLoop)  -1.7239050910365350E-011
 FINITE PART (MadLoop)   4.7627115386491179E-012
   325.00000000000000        0.0000000000000000        0.0000000000000000        325.00000000000000        0.0000000000000000     
   325.00000000000000        0.0000000000000000        0.0000000000000000       -325.00000000000000        0.0000000000000000     
   183.74364433311956        84.873153545083312        131.86783539457528       -95.739181631544497        1.7769999999999999     
   51.074957111528697        1.4091545906042771       -14.525338288526752       -48.913416829006458        1.7769999999999999     
   290.68520055487528       -157.81839308911654       -215.00518959322233        115.60280737239756        0.0000000000000000     
   124.49619800047650        71.536084953428926        97.662692487173871        29.049791088153327        0.0000000000000000     

 PASSED   1.0000000000000001E-005
 MU_R    =    325.00000000000000     
 ALPHA_S =   0.11799999999999999     
 BORN                    1.9583178543828386E-011
 SINGLE POLE (MadFKS)   -3.2483328348668125E-012
 DOUBLE POLE (MadFKS)   -1.9614807502441018E-012
 SINGLE POLE (MadLoop)  -3.2483328348668145E-012
 DOUBLE POLE (MadLoop)  -1.9614807502441005E-012
 FINITE PART (MadLoop)   1.4973845991594252E-012
   325.00000000000000        0.0000000000000000        0.0000000000000000        325.00000000000000        0.0000000000000000     
   325.00000000000000        0.0000000000000000        0.0000000000000000       -325.00000000000000        0.0000000000000000     
   156.64969142202932       -13.675555912079247        27.354518292496621        153.62512031923052        1.7769999999999999     
   184.70606489619135       -57.072013766008077       -112.48756778731537       -134.91665952884676        1.7769999999999999     
   102.30910474266840       -15.233482467585567       -101.10532723980175        3.5786490312210346        0.0000000000000000     
   206.33513893911436        85.981052145672905        186.23837673462049       -22.287109821604790        0.0000000000000000     

 PASSED   1.0000000000000001E-005
 MU_R    =    325.00000000000000     
 ALPHA_S =   0.11799999999999999     
 BORN                    4.0317420518460775E-009
 SINGLE POLE (MadFKS)   -6.0561649737601853E-010
 DOUBLE POLE (MadFKS)   -4.0382537528045938E-010
 SINGLE POLE (MadLoop)  -6.0561649737601967E-010
 DOUBLE POLE (MadLoop)  -4.0382537528048672E-010
 FINITE PART (MadLoop)   3.4745989029358479E-010
   325.00000000000000        0.0000000000000000        0.0000000000000000        325.00000000000000        0.0000000000000000     
   325.00000000000000        0.0000000000000000        0.0000000000000000       -325.00000000000000        0.0000000000000000     
   180.27678918183321       -143.61983350077949       -13.023804832597902        108.16786455136258        1.7769999999999999     
   141.33082287904492       -114.44731458167676        60.764564777847383        56.397904385442111        1.7769999999999999     
   173.71094514705121        163.10639442240534        12.606769884600372       -58.419739091177988        0.0000000000000000     
   154.68144279207559        94.960753660050884       -60.347529829849840       -106.14602984562670        0.0000000000000000     

 PASSED   1.0000000000000001E-005
 MU_R    =    325.00000000000000     
 ALPHA_S =   0.11799999999999999     
 BORN                    1.1553392293343536E-010
 SINGLE POLE (MadFKS)   -2.4425162762201787E-011
 DOUBLE POLE (MadFKS)   -1.1572052275729124E-011
 SINGLE POLE (MadLoop)  -2.4425162762201716E-011
 DOUBLE POLE (MadLoop)  -1.1572052275729080E-011
 FINITE PART (MadLoop)   1.1935087398317372E-011
   325.00000000000000        0.0000000000000000        0.0000000000000000        325.00000000000000        0.0000000000000000     
   325.00000000000000        0.0000000000000000        0.0000000000000000       -325.00000000000000        0.0000000000000000     
   232.72634691723093        99.214238869679761        15.939202449998657       -209.90681611421633        1.7769999999999999     
   58.358434648469938       -13.760463580834958       -51.352932934025539       -24.001564255975623        1.7769999999999999     
   113.91882963340316       -40.690371072230178       -100.47364391329518        35.026280502401512        0.0000000000000000     
   244.99638880089597       -44.763404216614624        135.88737439732208        198.88209986779046        0.0000000000000000     

 PASSED   1.0000000000000001E-005
 MU_R    =    325.00000000000000     
 ALPHA_S =   0.11799999999999999     
 BORN                    5.6163771381104677E-011
 SINGLE POLE (MadFKS)   -1.0991340758413541E-011
 DOUBLE POLE (MadFKS)   -5.6254481967058148E-012
 SINGLE POLE (MadLoop)  -1.0991340758413570E-011
 DOUBLE POLE (MadLoop)  -5.6254481967058261E-012
 FINITE PART (MadLoop)   2.6202705562939535E-012
   325.00000000000000        0.0000000000000000        0.0000000000000000        325.00000000000000        0.0000000000000000     
   325.00000000000000        0.0000000000000000        0.0000000000000000       -325.00000000000000        0.0000000000000000     
   199.72800239061417       -63.788947867985520        17.855122712475843        188.41518498455198        1.7769999999999999     
   157.85577917983915        41.637862687869593        149.90820770725335       -26.629062023646771        1.7769999999999999     
   217.85266994029249       -17.859811716533830       -190.96958533356420       -103.30261566432139        0.0000000000000000     
   74.563548489257130        40.010896896649690        23.206254913834989       -58.483507296583880        0.0000000000000000     

 PASSED   1.0000000000000001E-005
 MU_R    =    325.00000000000000     
 ALPHA_S =   0.11799999999999999     
 BORN                    2.9440344953569618E-011
 SINGLE POLE (MadFKS)   -5.2843834876942979E-012
 DOUBLE POLE (MadFKS)   -2.9487894305682908E-012
 SINGLE POLE (MadLoop)  -5.2843834876945871E-012
 DOUBLE POLE (MadLoop)  -2.9487894305683824E-012
 FINITE PART (MadLoop)   5.4393015032336862E-013
   325.00000000000000        0.0000000000000000        0.0000000000000000        325.00000000000000        0.0000000000000000     
   325.00000000000000        0.0000000000000000        0.0000000000000000       -325.00000000000000        0.0000000000000000     
   112.41198392408398        26.532214412916680       -5.7946209597772880       -109.06768708938519        1.7769999999999999     
   238.08652686061498       -93.098553608097106        215.19642282027610       -41.294012459284673        1.7769999999999999     
   134.76391968661702       -33.812949012116320       -116.66622840553669        58.369424170811570        0.0000000000000000     
   164.73756952868990        100.37928820729672       -92.735573454962150        91.992275377858320        0.0000000000000000     

 PASSED   1.0000000000000001E-005
 MU_R    =    325.00000000000000     
 ALPHA_S =   0.11799999999999999     
 BORN                    5.6608154220043820E-011
 SINGLE POLE (MadFKS)   -1.1037071094144442E-011
 DOUBLE POLE (MadFKS)   -5.6699582532508820E-012
 SINGLE POLE (MadLoop)  -1.1037071094144289E-011
 DOUBLE POLE (MadLoop)  -5.6699582532509071E-012
 FINITE PART (MadLoop)   8.0981603332590431E-012
   325.00000000000000        0.0000000000000000        0.0000000000000000        325.00000000000000        0.0000000000000000     
   325.00000000000000        0.0000000000000000        0.0000000000000000       -325.00000000000000        0.0000000000000000     
   166.53363510235127        109.23296277047446        72.809530351065973        102.45597115758763        1.7769999999999999     
   131.49591843982387       -63.833213021385866        69.569361601424021        91.506522603962438        1.7769999999999999     
   204.69744840229214       -132.41959942852353       -30.841769493616908       -153.01921553877153        0.0000000000000000     
   147.27299805553275        87.019849679434927       -111.53712245887304       -40.943278222778574        0.0000000000000000     

 PASSED   1.0000000000000001E-005
 MU_R    =    325.00000000000000     
 ALPHA_S =   0.11799999999999999     
 BORN                    1.7255476820882310E-011
 SINGLE POLE (MadFKS)   -5.5443800040520907E-012
 DOUBLE POLE (MadFKS)   -1.7283346288598566E-012
 SINGLE POLE (MadLoop)  -5.5443800040398308E-012
 DOUBLE POLE (MadLoop)  -1.7283346288598909E-012
 FINITE PART (MadLoop)  -1.0026085683022181E-012
   325.00000000000000        0.0000000000000000        0.0000000000000000        325.00000000000000        0.0000000000000000     
   325.00000000000000        0.0000000000000000        0.0000000000000000       -325.00000000000000        0.0000000000000000     
Thanks for using LHAPDF 6.2.1. Please make sure to cite the paper:
  Eur.Phys.J. C75 (2015) 3, 132  (http://arxiv.org/abs/1412.7420)
   243.33907337541063      -0.14080279000588819        123.10395181351602       -209.89555527612609        1.7769999999999999     
   275.47110661711332        26.552167199561715       -105.15454028015198        253.21666202549446        1.7769999999999999     
   91.081547824946355       -59.618997474293536       -31.676840294543702       -61.139195965453602        0.0000000000000000     
   40.108272182529824        33.207633064737649        13.727428761179667        17.818089216085301        0.0000000000000000     

 PASSED   1.0000000000000001E-005
 MU_R    =    325.00000000000000     
 ALPHA_S =   0.11799999999999999     
 BORN                    1.2571647423184022E-010
 SINGLE POLE (MadFKS)   -2.9497946626514453E-011
 DOUBLE POLE (MadFKS)   -1.2591951998110433E-011
 SINGLE POLE (MadLoop)  -2.9497946626513761E-011
 DOUBLE POLE (MadLoop)  -1.2591951998110352E-011
 FINITE PART (MadLoop)   2.7250776740118927E-011
   325.00000000000000        0.0000000000000000        0.0000000000000000        325.00000000000000        0.0000000000000000     
   325.00000000000000        0.0000000000000000        0.0000000000000000       -325.00000000000000        0.0000000000000000     
   259.69823740503529        104.59593531098702        45.159178166525287       -233.36742644599298        1.7769999999999999     
   80.240593538471202       -74.072668680330864       -4.1185629605732013       -30.523307751943793        1.7769999999999999     
   129.67649781475984       -62.499186892706987        40.456915961378833        106.17477889850230        0.0000000000000000     
   180.38467124173366        31.975920262050838       -81.497531167330905        157.71595529943454        0.0000000000000000     

 PASSED   1.0000000000000001E-005
 MU_R    =    325.00000000000000     
 ALPHA_S =   0.11799999999999999     
 BORN                    4.8280802437206083E-010
 SINGLE POLE (MadFKS)   -8.4248080520574573E-011
 DOUBLE POLE (MadFKS)   -4.8358781172815991E-011
 SINGLE POLE (MadLoop)  -8.4248080520575207E-011
 DOUBLE POLE (MadLoop)  -4.8358781172815998E-011
 FINITE PART (MadLoop)   8.6103446095024005E-011
   325.00000000000000        0.0000000000000000        0.0000000000000000        325.00000000000000        0.0000000000000000     
   325.00000000000000        0.0000000000000000        0.0000000000000000       -325.00000000000000        0.0000000000000000     
   149.56683284619263       -11.777732310318376       -100.16309992499714        110.43422564441899        1.7769999999999999     
   153.38547952994637       -44.602468827149231        30.226457127602451        143.59989089713122        1.7769999999999999     
   75.538369692706851        45.990378277172717       -58.063860617251386       -14.816156450814665        0.0000000000000000     
   271.50931793116024        10.389822860294892        128.00050341464609       -239.21796009073555        0.0000000000000000     

 PASSED   1.0000000000000001E-005
 MU_R    =    325.00000000000000     
 ALPHA_S =   0.11799999999999999     
 BORN                    1.9222637212487542E-011
 SINGLE POLE (MadFKS)   -4.1019907334585700E-012
 DOUBLE POLE (MadFKS)   -1.9253683857722311E-012
 SINGLE POLE (MadLoop)  -4.1019907334625104E-012
 DOUBLE POLE (MadLoop)  -1.9253683857726011E-012
 FINITE PART (MadLoop)  -6.9928743779047214E-012
   325.00000000000000        0.0000000000000000        0.0000000000000000        325.00000000000000        0.0000000000000000     
   325.00000000000000        0.0000000000000000        0.0000000000000000       -325.00000000000000        0.0000000000000000     
   125.86420801948184       -71.830652323663699       -96.639540911615285        36.603246447829953        1.7769999999999999     
   206.67996214060287       -153.16198537950993        127.48622101326637       -54.791593404503672        1.7769999999999999     
   244.72252959859199        225.80069247919349       -25.853576306096929        90.745558355410708        0.0000000000000000     
   72.733300241328550      -0.80805477601978859       -4.9931037955541919       -72.557211398737039        0.0000000000000000     

 PASSED   1.0000000000000001E-005
 MU_R    =    325.00000000000000     
 ALPHA_S =   0.11799999999999999     
 BORN                    2.8433663185521831E-010
 SINGLE POLE (MadFKS)   -7.0475388145320252E-011
 DOUBLE POLE (MadFKS)   -2.8479586637329593E-011
 SINGLE POLE (MadLoop)  -7.0475388145316400E-011
 DOUBLE POLE (MadLoop)  -2.8479586637330156E-011
 FINITE PART (MadLoop)  -1.0308314614981124E-010
   325.00000000000000        0.0000000000000000        0.0000000000000000        325.00000000000000        0.0000000000000000     
   325.00000000000000        0.0000000000000000        0.0000000000000000       -325.00000000000000        0.0000000000000000     
   201.19278876612989        92.903472611981186       -110.70511424025865        139.95964768524783        1.7769999999999999     
   43.378355872799055        29.438195874969622       -27.584060837228492        15.844123219105514        1.7769999999999999     
   320.94075346066296       -133.01854456917258        196.61340506998087       -215.99121042159254        0.0000000000000000     
   84.488101900408154        10.676876082221737       -58.324229992493748        60.187439517239213        0.0000000000000000     

 PASSED   1.0000000000000001E-005
 MU_R    =    325.00000000000000     
 ALPHA_S =   0.11799999999999999     
 BORN                    1.1191670544082040E-010
 SINGLE POLE (MadFKS)   -2.1770507796182870E-011
 DOUBLE POLE (MadFKS)   -1.1209746306586718E-011
 SINGLE POLE (MadLoop)  -2.1770507796180983E-011
 DOUBLE POLE (MadLoop)  -1.1209746306586185E-011
 FINITE PART (MadLoop)   7.4051499680885823E-012
   325.00000000000000        0.0000000000000000        0.0000000000000000        325.00000000000000        0.0000000000000000     
   325.00000000000000        0.0000000000000000        0.0000000000000000       -325.00000000000000        0.0000000000000000     
   173.86849866477706       -62.135219961576958        11.701119699129347        161.95491760689674        1.7769999999999999     
   154.62679081342486        20.321786505179581        141.39371431728821        59.170340991561545        1.7769999999999999     
   218.76198485040268        7.5760704785807729       -177.66031793050666       -127.42142914213063        0.0000000000000000     
   102.74272567139958        34.237362977816197        24.565483914088166       -93.703829456327000        0.0000000000000000     

 PASSED   1.0000000000000001E-005
 MU_R    =    325.00000000000000     
 ALPHA_S =   0.11799999999999999     
 BORN                    1.6486057655459928E-011
 SINGLE POLE (MadFKS)   -2.8030304377926655E-012
 DOUBLE POLE (MadFKS)   -1.6512684427722816E-012
 SINGLE POLE (MadLoop)  -2.8030304377926485E-012
 DOUBLE POLE (MadLoop)  -1.6512684427722881E-012
 FINITE PART (MadLoop)   1.9512531751596346E-012
   325.00000000000000        0.0000000000000000        0.0000000000000000        325.00000000000000        0.0000000000000000     
   325.00000000000000        0.0000000000000000        0.0000000000000000       -325.00000000000000        0.0000000000000000     
   199.75137383778508        149.12953248820835        109.30083374694796        75.572242941128934        1.7769999999999999     
   168.96521199660475       -134.76971285119058        96.730318045525436        32.038339608611452        1.7769999999999999     
   109.23219419602175       -80.280776384706812       -68.777475814075586       -27.501418374155861        0.0000000000000000     
   172.05121996959062        65.920956747689047       -137.25367597839784       -80.109164175584510        0.0000000000000000     

 NUMBER OF POINTS PASSING THE CHECK          20
 NUMBER OF POINTS FAILING THE CHECK           0
 TOLERANCE    1.0000000000000001E-005
